label_name_list  [u'PriA-SSB AS Activity']
train files  ['../datasets/keck_pria/fold_0.csv' '../datasets/keck_pria/fold_1.csv'
 '../datasets/keck_pria/fold_2.csv' '../datasets/keck_pria/fold_3.csv'
 '../datasets/keck_pria/fold_6.csv' '../datasets/keck_pria/fold_7.csv']
val files  ['../datasets/keck_pria/fold_4.csv']
test files  ['../datasets/keck_pria/fold_5.csv']
done data preparation
X_train	 (256387, 1024)
y_train	 (256387, 1)
[22:22:46] src/tree/updater_prune.cc:74: tree pruning end, 1 roots, 0 extra nodes, 0 pruned nodes, max_depth=0
[0]	validation_0-error:0.001287	validation_0-AUC[PR]:0.998713
Multiple eval metrics have been passed: 'validation_0-AUC[PR]' will be used for early stopping.

Will train until validation_0-AUC[PR] hasn't improved in 1000 rounds.
[22:22:53] src/tree/updater_prune.cc:74: tree pruning end, 1 roots, 22 extra nodes, 0 pruned nodes, max_depth=9
[1]	validation_0-error:0.001287	validation_0-AUC[PR]:0.949948
[22:22:56] src/tree/updater_prune.cc:74: tree pruning end, 1 roots, 18 extra nodes, 0 pruned nodes, max_depth=8
[2]	validation_0-error:0.001287	validation_0-AUC[PR]:0.940459
[22:22:59] src/tree/updater_prune.cc:74: tree pruning end, 1 roots, 18 extra nodes, 0 pruned nodes, max_depth=7
[3]	validation_0-error:0.001287	validation_0-AUC[PR]:0.934471
[22:23:04] src/tree/updater_prune.cc:74: tree pruning end, 1 roots, 32 extra nodes, 0 pruned nodes, max_depth=8
[4]	validation_0-error:0.001287	validation_0-AUC[PR]:0.901703
[22:23:09] src/tree/updater_prune.cc:74: tree pruning end, 1 roots, 26 extra nodes, 0 pruned nodes, max_depth=10
[5]	validation_0-error:0.001287	validation_0-AUC[PR]:0.883641
[22:23:13] src/tree/updater_prune.cc:74: tree pruning end, 1 roots, 44 extra nodes, 0 pruned nodes, max_depth=10
[6]	validation_0-error:0.001287	validation_0-AUC[PR]:0.88673
[22:23:17] src/tree/updater_prune.cc:74: tree pruning end, 1 roots, 32 extra nodes, 0 pruned nodes, max_depth=7
[7]	validation_0-error:0.001287	validation_0-AUC[PR]:0.876301
[22:23:22] src/tree/updater_prune.cc:74: tree pruning end, 1 roots, 44 extra nodes, 0 pruned nodes, max_depth=9
[8]	validation_0-error:0.001287	validation_0-AUC[PR]:0.886525
[22:23:26] src/tree/updater_prune.cc:74: tree pruning end, 1 roots, 48 extra nodes, 0 pruned nodes, max_depth=8
[9]	validation_0-error:0.001287	validation_0-AUC[PR]:0.893209
[22:23:33] src/tree/updater_prune.cc:74: tree pruning end, 1 roots, 58 extra nodes, 0 pruned nodes, max_depth=11
[10]	validation_0-error:0.001287	validation_0-AUC[PR]:0.906962
[22:23:38] src/tree/updater_prune.cc:74: tree pruning end, 1 roots, 54 extra nodes, 0 pruned nodes, max_depth=8
[11]	validation_0-error:0.001287	validation_0-AUC[PR]:0.90375
[22:23:44] src/tree/updater_prune.cc:74: tree pruning end, 1 roots, 70 extra nodes, 0 pruned nodes, max_depth=12
[12]	validation_0-error:0.001287	validation_0-AUC[PR]:0.906688
[22:23:52] src/tree/updater_prune.cc:74: tree pruning end, 1 roots, 84 extra nodes, 0 pruned nodes, max_depth=13
[13]	validation_0-error:0.001287	validation_0-AUC[PR]:0.903323
[22:23:56] src/tree/updater_prune.cc:74: tree pruning end, 1 roots, 68 extra nodes, 0 pruned nodes, max_depth=9
[14]	validation_0-error:0.001287	validation_0-AUC[PR]:0.903046
[22:24:02] src/tree/updater_prune.cc:74: tree pruning end, 1 roots, 68 extra nodes, 0 pruned nodes, max_depth=8
[15]	validation_0-error:0.001287	validation_0-AUC[PR]:0.90214
[22:24:09] src/tree/updater_prune.cc:74: tree pruning end, 1 roots, 84 extra nodes, 0 pruned nodes, max_depth=12
[16]	validation_0-error:0.001287	validation_0-AUC[PR]:0.903644
[22:24:16] src/tree/updater_prune.cc:74: tree pruning end, 1 roots, 76 extra nodes, 0 pruned nodes, max_depth=11
[17]	validation_0-error:0.001287	validation_0-AUC[PR]:0.907628
[22:24:26] src/tree/updater_prune.cc:74: tree pruning end, 1 roots, 80 extra nodes, 0 pruned nodes, max_depth=17
[18]	validation_0-error:0.001287	validation_0-AUC[PR]:0.907841
[22:24:34] src/tree/updater_prune.cc:74: tree pruning end, 1 roots, 70 extra nodes, 0 pruned nodes, max_depth=12
[19]	validation_0-error:0.001334	validation_0-AUC[PR]:0.915104
[22:24:41] src/tree/updater_prune.cc:74: tree pruning end, 1 roots, 88 extra nodes, 0 pruned nodes, max_depth=15
[20]	validation_0-error:0.001357	validation_0-AUC[PR]:0.908497
[22:24:48] src/tree/updater_prune.cc:74: tree pruning end, 1 roots, 74 extra nodes, 0 pruned nodes, max_depth=16
[21]	validation_0-error:0.001357	validation_0-AUC[PR]:0.91472
[22:24:54] src/tree/updater_prune.cc:74: tree pruning end, 1 roots, 70 extra nodes, 0 pruned nodes, max_depth=11
[22]	validation_0-error:0.001357	validation_0-AUC[PR]:0.914055
[22:25:01] src/tree/updater_prune.cc:74: tree pruning end, 1 roots, 64 extra nodes, 0 pruned nodes, max_depth=16
[23]	validation_0-error:0.001357	validation_0-AUC[PR]:0.915524
[22:25:07] src/tree/updater_prune.cc:74: tree pruning end, 1 roots, 60 extra nodes, 0 pruned nodes, max_depth=11
[24]	validation_0-error:0.001334	validation_0-AUC[PR]:0.916847
[22:25:17] src/tree/updater_prune.cc:74: tree pruning end, 1 roots, 68 extra nodes, 0 pruned nodes, max_depth=13
[25]	validation_0-error:0.001334	validation_0-AUC[PR]:0.905594
[22:25:28] src/tree/updater_prune.cc:74: tree pruning end, 1 roots, 68 extra nodes, 0 pruned nodes, max_depth=26
[26]	validation_0-error:0.001357	validation_0-AUC[PR]:0.905025
[22:25:43] src/tree/updater_prune.cc:74: tree pruning end, 1 roots, 72 extra nodes, 0 pruned nodes, max_depth=27
[27]	validation_0-error:0.001334	validation_0-AUC[PR]:0.914139
[22:25:51] src/tree/updater_prune.cc:74: tree pruning end, 1 roots, 70 extra nodes, 0 pruned nodes, max_depth=14
[28]	validation_0-error:0.001334	validation_0-AUC[PR]:0.912549
[22:26:01] src/tree/updater_prune.cc:74: tree pruning end, 1 roots, 62 extra nodes, 0 pruned nodes, max_depth=19
[29]	validation_0-error:0.001357	validation_0-AUC[PR]:0.90515
[22:26:12] src/tree/updater_prune.cc:74: tree pruning end, 1 roots, 74 extra nodes, 0 pruned nodes, max_depth=21
[30]	validation_0-error:0.001404	validation_0-AUC[PR]:0.904319
[22:26:26] src/tree/updater_prune.cc:74: tree pruning end, 1 roots, 76 extra nodes, 0 pruned nodes, max_depth=27
[31]	validation_0-error:0.001381	validation_0-AUC[PR]:0.918985
[22:26:37] src/tree/updater_prune.cc:74: tree pruning end, 1 roots, 78 extra nodes, 0 pruned nodes, max_depth=17
[32]	validation_0-error:0.001428	validation_0-AUC[PR]:0.90206
[22:26:47] src/tree/updater_prune.cc:74: tree pruning end, 1 roots, 66 extra nodes, 0 pruned nodes, max_depth=16
[33]	validation_0-error:0.001428	validation_0-AUC[PR]:0.899557
[22:26:58] src/tree/updater_prune.cc:74: tree pruning end, 1 roots, 66 extra nodes, 0 pruned nodes, max_depth=19
[34]	validation_0-error:0.001404	validation_0-AUC[PR]:0.898119
[22:27:11] src/tree/updater_prune.cc:74: tree pruning end, 1 roots, 62 extra nodes, 0 pruned nodes, max_depth=24
[35]	validation_0-error:0.001381	validation_0-AUC[PR]:0.897779
[22:27:22] src/tree/updater_prune.cc:74: tree pruning end, 1 roots, 66 extra nodes, 0 pruned nodes, max_depth=21
[36]	validation_0-error:0.001404	validation_0-AUC[PR]:0.897208
[22:27:36] src/tree/updater_prune.cc:74: tree pruning end, 1 roots, 72 extra nodes, 0 pruned nodes, max_depth=30
[37]	validation_0-error:0.001404	validation_0-AUC[PR]:0.898154
[22:27:48] src/tree/updater_prune.cc:74: tree pruning end, 1 roots, 66 extra nodes, 0 pruned nodes, max_depth=23
[38]	validation_0-error:0.001404	validation_0-AUC[PR]:0.897103
[22:28:04] src/tree/updater_prune.cc:74: tree pruning end, 1 roots, 72 extra nodes, 0 pruned nodes, max_depth=29
[39]	validation_0-error:0.001404	validation_0-AUC[PR]:0.895861
[22:28:15] src/tree/updater_prune.cc:74: tree pruning end, 1 roots, 68 extra nodes, 0 pruned nodes, max_depth=23
[40]	validation_0-error:0.001404	validation_0-AUC[PR]:0.897111
[22:28:25] src/tree/updater_prune.cc:74: tree pruning end, 1 roots, 78 extra nodes, 0 pruned nodes, max_depth=26
[41]	validation_0-error:0.001428	validation_0-AUC[PR]:0.897253
[22:28:34] src/tree/updater_prune.cc:74: tree pruning end, 1 roots, 76 extra nodes, 0 pruned nodes, max_depth=16
[42]	validation_0-error:0.001428	validation_0-AUC[PR]:0.895254
[22:28:46] src/tree/updater_prune.cc:74: tree pruning end, 1 roots, 68 extra nodes, 0 pruned nodes, max_depth=24
[43]	validation_0-error:0.001428	validation_0-AUC[PR]:0.896073
[22:28:52] src/tree/updater_prune.cc:74: tree pruning end, 1 roots, 62 extra nodes, 0 pruned nodes, max_depth=18
[44]	validation_0-error:0.001404	validation_0-AUC[PR]:0.894166
[22:29:00] src/tree/updater_prune.cc:74: tree pruning end, 1 roots, 74 extra nodes, 0 pruned nodes, max_depth=17
[45]	validation_0-error:0.001428	validation_0-AUC[PR]:0.895368
[22:29:10] src/tree/updater_prune.cc:74: tree pruning end, 1 roots, 72 extra nodes, 0 pruned nodes, max_depth=20
[46]	validation_0-error:0.001428	validation_0-AUC[PR]:0.894122
[22:29:18] src/tree/updater_prune.cc:74: tree pruning end, 1 roots, 76 extra nodes, 0 pruned nodes, max_depth=24
[47]	validation_0-error:0.001428	validation_0-AUC[PR]:0.894146
[22:29:28] src/tree/updater_prune.cc:74: tree pruning end, 1 roots, 72 extra nodes, 0 pruned nodes, max_depth=24
[48]	validation_0-error:0.001428	validation_0-AUC[PR]:0.894654
[22:29:42] src/tree/updater_prune.cc:74: tree pruning end, 1 roots, 80 extra nodes, 0 pruned nodes, max_depth=24
[49]	validation_0-error:0.001428	validation_0-AUC[PR]:0.897119
[22:29:52] src/tree/updater_prune.cc:74: tree pruning end, 1 roots, 66 extra nodes, 0 pruned nodes, max_depth=19
[50]	validation_0-error:0.001428	validation_0-AUC[PR]:0.895686
[22:30:03] src/tree/updater_prune.cc:74: tree pruning end, 1 roots, 58 extra nodes, 0 pruned nodes, max_depth=22
[51]	validation_0-error:0.001428	validation_0-AUC[PR]:0.896227
[22:30:14] src/tree/updater_prune.cc:74: tree pruning end, 1 roots, 70 extra nodes, 0 pruned nodes, max_depth=26
[52]	validation_0-error:0.001428	validation_0-AUC[PR]:0.897672
[22:30:21] src/tree/updater_prune.cc:74: tree pruning end, 1 roots, 60 extra nodes, 0 pruned nodes, max_depth=18
[53]	validation_0-error:0.001451	validation_0-AUC[PR]:0.896015
[22:30:34] src/tree/updater_prune.cc:74: tree pruning end, 1 roots, 72 extra nodes, 0 pruned nodes, max_depth=22
[54]	validation_0-error:0.001451	validation_0-AUC[PR]:0.896367
[22:30:46] src/tree/updater_prune.cc:74: tree pruning end, 1 roots, 70 extra nodes, 0 pruned nodes, max_depth=20
[55]	validation_0-error:0.001451	validation_0-AUC[PR]:0.89509
[22:30:56] src/tree/updater_prune.cc:74: tree pruning end, 1 roots, 72 extra nodes, 0 pruned nodes, max_depth=19
[56]	validation_0-error:0.001428	validation_0-AUC[PR]:0.896631
[22:31:11] src/tree/updater_prune.cc:74: tree pruning end, 1 roots, 68 extra nodes, 0 pruned nodes, max_depth=29
[57]	validation_0-error:0.001451	validation_0-AUC[PR]:0.896734
[22:31:22] src/tree/updater_prune.cc:74: tree pruning end, 1 roots, 62 extra nodes, 0 pruned nodes, max_depth=21
[58]	validation_0-error:0.001451	validation_0-AUC[PR]:0.898076
[22:31:35] src/tree/updater_prune.cc:74: tree pruning end, 1 roots, 72 extra nodes, 0 pruned nodes, max_depth=30
[59]	validation_0-error:0.001428	validation_0-AUC[PR]:0.897891
[22:31:47] src/tree/updater_prune.cc:74: tree pruning end, 1 roots, 72 extra nodes, 0 pruned nodes, max_depth=23
[60]	validation_0-error:0.001404	validation_0-AUC[PR]:0.896961
[22:31:58] src/tree/updater_prune.cc:74: tree pruning end, 1 roots, 64 extra nodes, 0 pruned nodes, max_depth=18
[61]	validation_0-error:0.001428	validation_0-AUC[PR]:0.894524
[22:32:07] src/tree/updater_prune.cc:74: tree pruning end, 1 roots, 64 extra nodes, 0 pruned nodes, max_depth=18
[62]	validation_0-error:0.001428	validation_0-AUC[PR]:0.894397
[22:32:17] src/tree/updater_prune.cc:74: tree pruning end, 1 roots, 62 extra nodes, 0 pruned nodes, max_depth=18
[63]	validation_0-error:0.001451	validation_0-AUC[PR]:0.894067
[22:32:27] src/tree/updater_prune.cc:74: tree pruning end, 1 roots, 60 extra nodes, 0 pruned nodes, max_depth=17
[64]	validation_0-error:0.001428	validation_0-AUC[PR]:0.894348
[22:32:37] src/tree/updater_prune.cc:74: tree pruning end, 1 roots, 66 extra nodes, 0 pruned nodes, max_depth=23
[65]	validation_0-error:0.001404	validation_0-AUC[PR]:0.895875
[22:32:47] src/tree/updater_prune.cc:74: tree pruning end, 1 roots, 66 extra nodes, 0 pruned nodes, max_depth=20
[66]	validation_0-error:0.001404	validation_0-AUC[PR]:0.895834
[22:32:55] src/tree/updater_prune.cc:74: tree pruning end, 1 roots, 64 extra nodes, 0 pruned nodes, max_depth=17
[67]	validation_0-error:0.001428	validation_0-AUC[PR]:0.898921
[22:33:06] src/tree/updater_prune.cc:74: tree pruning end, 1 roots, 64 extra nodes, 0 pruned nodes, max_depth=23
[68]	validation_0-error:0.001404	validation_0-AUC[PR]:0.898494
[22:33:16] src/tree/updater_prune.cc:74: tree pruning end, 1 roots, 62 extra nodes, 0 pruned nodes, max_depth=20
[69]	validation_0-error:0.001404	validation_0-AUC[PR]:0.899419
[22:33:26] src/tree/updater_prune.cc:74: tree pruning end, 1 roots, 56 extra nodes, 0 pruned nodes, max_depth=20
[70]	validation_0-error:0.001428	validation_0-AUC[PR]:0.898462
[22:33:34] src/tree/updater_prune.cc:74: tree pruning end, 1 roots, 60 extra nodes, 0 pruned nodes, max_depth=14
[71]	validation_0-error:0.001428	validation_0-AUC[PR]:0.899733
[22:33:45] src/tree/updater_prune.cc:74: tree pruning end, 1 roots, 64 extra nodes, 0 pruned nodes, max_depth=24
[72]	validation_0-error:0.001404	validation_0-AUC[PR]:0.899526
[22:33:54] src/tree/updater_prune.cc:74: tree pruning end, 1 roots, 64 extra nodes, 0 pruned nodes, max_depth=21
[73]	validation_0-error:0.001428	validation_0-AUC[PR]:0.899253
[22:34:05] src/tree/updater_prune.cc:74: tree pruning end, 1 roots, 66 extra nodes, 0 pruned nodes, max_depth=20
[74]	validation_0-error:0.001428	validation_0-AUC[PR]:0.898188
[22:34:17] src/tree/updater_prune.cc:74: tree pruning end, 1 roots, 70 extra nodes, 0 pruned nodes, max_depth=23
[75]	validation_0-error:0.001428	validation_0-AUC[PR]:0.895651
[22:34:25] src/tree/updater_prune.cc:74: tree pruning end, 1 roots, 60 extra nodes, 0 pruned nodes, max_depth=18
[76]	validation_0-error:0.001428	validation_0-AUC[PR]:0.897524
[22:34:32] src/tree/updater_prune.cc:74: tree pruning end, 1 roots, 68 extra nodes, 0 pruned nodes, max_depth=12
[77]	validation_0-error:0.001428	validation_0-AUC[PR]:0.899852
[22:34:40] src/tree/updater_prune.cc:74: tree pruning end, 1 roots, 60 extra nodes, 0 pruned nodes, max_depth=21
[78]	validation_0-error:0.001428	validation_0-AUC[PR]:0.898002
[22:34:50] src/tree/updater_prune.cc:74: tree pruning end, 1 roots, 60 extra nodes, 0 pruned nodes, max_depth=17
[79]	validation_0-error:0.001428	validation_0-AUC[PR]:0.895652
[22:35:00] src/tree/updater_prune.cc:74: tree pruning end, 1 roots, 56 extra nodes, 0 pruned nodes, max_depth=23
[80]	validation_0-error:0.001428	validation_0-AUC[PR]:0.894932
[22:35:09] src/tree/updater_prune.cc:74: tree pruning end, 1 roots, 58 extra nodes, 0 pruned nodes, max_depth=22
[81]	validation_0-error:0.001404	validation_0-AUC[PR]:0.897491
[22:35:20] src/tree/updater_prune.cc:74: tree pruning end, 1 roots, 60 extra nodes, 0 pruned nodes, max_depth=18
[82]	validation_0-error:0.001404	validation_0-AUC[PR]:0.895983
[22:35:32] src/tree/updater_prune.cc:74: tree pruning end, 1 roots, 66 extra nodes, 0 pruned nodes, max_depth=19
[83]	validation_0-error:0.001404	validation_0-AUC[PR]:0.895138
[22:35:42] src/tree/updater_prune.cc:74: tree pruning end, 1 roots, 50 extra nodes, 0 pruned nodes, max_depth=17
[84]	validation_0-error:0.001428	validation_0-AUC[PR]:0.897803
[22:35:53] src/tree/updater_prune.cc:74: tree pruning end, 1 roots, 58 extra nodes, 0 pruned nodes, max_depth=17
[85]	validation_0-error:0.001428	validation_0-AUC[PR]:0.8953
[22:36:00] src/tree/updater_prune.cc:74: tree pruning end, 1 roots, 48 extra nodes, 0 pruned nodes, max_depth=16
[86]	validation_0-error:0.001428	validation_0-AUC[PR]:0.897863
[22:36:08] src/tree/updater_prune.cc:74: tree pruning end, 1 roots, 58 extra nodes, 0 pruned nodes, max_depth=17
[87]	validation_0-error:0.001404	validation_0-AUC[PR]:0.89749
[22:36:18] src/tree/updater_prune.cc:74: tree pruning end, 1 roots, 58 extra nodes, 0 pruned nodes, max_depth=16
[88]	validation_0-error:0.001381	validation_0-AUC[PR]:0.898742
[22:36:27] src/tree/updater_prune.cc:74: tree pruning end, 1 roots, 58 extra nodes, 0 pruned nodes, max_depth=16
[89]	validation_0-error:0.001381	validation_0-AUC[PR]:0.896792
[22:36:34] src/tree/updater_prune.cc:74: tree pruning end, 1 roots, 50 extra nodes, 0 pruned nodes, max_depth=13
[90]	validation_0-error:0.001428	validation_0-AUC[PR]:0.896894
[22:36:41] src/tree/updater_prune.cc:74: tree pruning end, 1 roots, 60 extra nodes, 0 pruned nodes, max_depth=18
[91]	validation_0-error:0.001428	validation_0-AUC[PR]:0.896689
[22:36:49] src/tree/updater_prune.cc:74: tree pruning end, 1 roots, 58 extra nodes, 0 pruned nodes, max_depth=19
[92]	validation_0-error:0.001428	validation_0-AUC[PR]:0.895657
[22:36:58] src/tree/updater_prune.cc:74: tree pruning end, 1 roots, 62 extra nodes, 0 pruned nodes, max_depth=19
[93]	validation_0-error:0.001428	validation_0-AUC[PR]:0.895379
[22:37:04] src/tree/updater_prune.cc:74: tree pruning end, 1 roots, 58 extra nodes, 0 pruned nodes, max_depth=12
[94]	validation_0-error:0.001428	validation_0-AUC[PR]:0.895417
[22:37:10] src/tree/updater_prune.cc:74: tree pruning end, 1 roots, 58 extra nodes, 0 pruned nodes, max_depth=19
[95]	validation_0-error:0.001404	validation_0-AUC[PR]:0.89489
[22:37:20] src/tree/updater_prune.cc:74: tree pruning end, 1 roots, 54 extra nodes, 0 pruned nodes, max_depth=15
[96]	validation_0-error:0.001428	validation_0-AUC[PR]:0.893617
[22:37:27] src/tree/updater_prune.cc:74: tree pruning end, 1 roots, 56 extra nodes, 0 pruned nodes, max_depth=19
[97]	validation_0-error:0.001404	validation_0-AUC[PR]:0.893393
[22:37:36] src/tree/updater_prune.cc:74: tree pruning end, 1 roots, 54 extra nodes, 0 pruned nodes, max_depth=19
[98]	validation_0-error:0.001404	validation_0-AUC[PR]:0.897726
[22:37:42] src/tree/updater_prune.cc:74: tree pruning end, 1 roots, 50 extra nodes, 0 pruned nodes, max_depth=15
[99]	validation_0-error:0.001404	validation_0-AUC[PR]:0.898132
train precision: 0.169687764114
train roc: 0.785590907674
train hit in top 2563: 155.0 out of 334.0

val precision: 0.123699172215
val roc: 0.71717058103
val hit in top 427: 19.0 out of 55.0

test precision: 0.104315022177
test roc: 0.75697955323
test hit in top 427: 22.0 out of 55.0

ratio: 0.02, EF: 25.4545454545,	active: 55.0
ratio: 0.02, NEF: 0.509090909091
ratio: 0.01, EF: 40.0,	active: 55.0
ratio: 0.01, NEF: 0.4
ratio: 0.0015, EF: 181.818181818,	active: 55.0
ratio: 0.0015, NEF: 0.272727272727
ratio: 0.001, EF: 200.0,	active: 55.0
ratio: 0.001, NEF: 0.261904761905

