label_name_list  [u'PriA-SSB AS Activity']
train files  ['../datasets/keck_pria/fold_0.csv' '../datasets/keck_pria/fold_1.csv'
 '../datasets/keck_pria/fold_2.csv' '../datasets/keck_pria/fold_3.csv'
 '../datasets/keck_pria/fold_6.csv' '../datasets/keck_pria/fold_7.csv']
val files  ['../datasets/keck_pria/fold_4.csv']
test files  ['../datasets/keck_pria/fold_5.csv']
done data preparation
X_train	 (256387, 1024)
y_train	 (256387, 1)
[05:08:00] src/tree/updater_prune.cc:74: tree pruning end, 1 roots, 120 extra nodes, 0 pruned nodes, max_depth=14
[0]	validation_0-error:0.001381	validation_0-AUC[ROC]:0.306686
Multiple eval metrics have been passed: 'validation_0-AUC[ROC]' will be used for early stopping.

Will train until validation_0-AUC[ROC] hasn't improved in 100 rounds.
[05:08:08] src/tree/updater_prune.cc:74: tree pruning end, 1 roots, 66 extra nodes, 0 pruned nodes, max_depth=15
[1]	validation_0-error:0.001334	validation_0-AUC[ROC]:0.300231
[05:08:17] src/tree/updater_prune.cc:74: tree pruning end, 1 roots, 96 extra nodes, 0 pruned nodes, max_depth=13
[2]	validation_0-error:0.001311	validation_0-AUC[ROC]:0.303352
[05:08:25] src/tree/updater_prune.cc:74: tree pruning end, 1 roots, 114 extra nodes, 0 pruned nodes, max_depth=13
[3]	validation_0-error:0.001334	validation_0-AUC[ROC]:0.303311
[05:08:33] src/tree/updater_prune.cc:74: tree pruning end, 1 roots, 124 extra nodes, 0 pruned nodes, max_depth=18
[4]	validation_0-error:0.001311	validation_0-AUC[ROC]:0.303325
[05:08:41] src/tree/updater_prune.cc:74: tree pruning end, 1 roots, 96 extra nodes, 0 pruned nodes, max_depth=12
[5]	validation_0-error:0.001287	validation_0-AUC[ROC]:0.303267
[05:08:50] src/tree/updater_prune.cc:74: tree pruning end, 1 roots, 152 extra nodes, 0 pruned nodes, max_depth=15
[6]	validation_0-error:0.001264	validation_0-AUC[ROC]:0.302796
[05:08:57] src/tree/updater_prune.cc:74: tree pruning end, 1 roots, 76 extra nodes, 0 pruned nodes, max_depth=16
[7]	validation_0-error:0.001311	validation_0-AUC[ROC]:0.302737
[05:09:05] src/tree/updater_prune.cc:74: tree pruning end, 1 roots, 134 extra nodes, 0 pruned nodes, max_depth=16
[8]	validation_0-error:0.001311	validation_0-AUC[ROC]:0.302406
[05:09:13] src/tree/updater_prune.cc:74: tree pruning end, 1 roots, 126 extra nodes, 0 pruned nodes, max_depth=13
[9]	validation_0-error:0.001287	validation_0-AUC[ROC]:0.302284
[05:09:22] src/tree/updater_prune.cc:74: tree pruning end, 1 roots, 160 extra nodes, 0 pruned nodes, max_depth=16
[10]	validation_0-error:0.001311	validation_0-AUC[ROC]:0.302352
[05:09:33] src/tree/updater_prune.cc:74: tree pruning end, 1 roots, 120 extra nodes, 0 pruned nodes, max_depth=18
[11]	validation_0-error:0.001311	validation_0-AUC[ROC]:0.287222
[05:09:42] src/tree/updater_prune.cc:74: tree pruning end, 1 roots, 166 extra nodes, 0 pruned nodes, max_depth=15
[12]	validation_0-error:0.001287	validation_0-AUC[ROC]:0.287238
[05:09:52] src/tree/updater_prune.cc:74: tree pruning end, 1 roots, 156 extra nodes, 0 pruned nodes, max_depth=15
[13]	validation_0-error:0.001311	validation_0-AUC[ROC]:0.2872
[05:10:02] src/tree/updater_prune.cc:74: tree pruning end, 1 roots, 172 extra nodes, 0 pruned nodes, max_depth=16
[14]	validation_0-error:0.001311	validation_0-AUC[ROC]:0.2872
[05:10:11] src/tree/updater_prune.cc:74: tree pruning end, 1 roots, 162 extra nodes, 0 pruned nodes, max_depth=15
[15]	validation_0-error:0.001311	validation_0-AUC[ROC]:0.287279
[05:10:21] src/tree/updater_prune.cc:74: tree pruning end, 1 roots, 176 extra nodes, 0 pruned nodes, max_depth=13
[16]	validation_0-error:0.001311	validation_0-AUC[ROC]:0.287355
[05:10:30] src/tree/updater_prune.cc:74: tree pruning end, 1 roots, 154 extra nodes, 0 pruned nodes, max_depth=16
[17]	validation_0-error:0.001311	validation_0-AUC[ROC]:0.287681
[05:10:39] src/tree/updater_prune.cc:74: tree pruning end, 1 roots, 148 extra nodes, 0 pruned nodes, max_depth=14
[18]	validation_0-error:0.001311	validation_0-AUC[ROC]:0.287859
[05:10:52] src/tree/updater_prune.cc:74: tree pruning end, 1 roots, 198 extra nodes, 0 pruned nodes, max_depth=16
[19]	validation_0-error:0.001311	validation_0-AUC[ROC]:0.294039
[05:11:07] src/tree/updater_prune.cc:74: tree pruning end, 1 roots, 198 extra nodes, 0 pruned nodes, max_depth=19
[20]	validation_0-error:0.001311	validation_0-AUC[ROC]:0.281739
[05:11:17] src/tree/updater_prune.cc:74: tree pruning end, 1 roots, 214 extra nodes, 0 pruned nodes, max_depth=13
[21]	validation_0-error:0.001311	validation_0-AUC[ROC]:0.294138
[05:11:27] src/tree/updater_prune.cc:74: tree pruning end, 1 roots, 238 extra nodes, 0 pruned nodes, max_depth=14
[22]	validation_0-error:0.001311	validation_0-AUC[ROC]:0.224095
[05:11:37] src/tree/updater_prune.cc:74: tree pruning end, 1 roots, 246 extra nodes, 0 pruned nodes, max_depth=14
[23]	validation_0-error:0.001311	validation_0-AUC[ROC]:0.231542
[05:11:51] src/tree/updater_prune.cc:74: tree pruning end, 1 roots, 284 extra nodes, 0 pruned nodes, max_depth=22
[24]	validation_0-error:0.001311	validation_0-AUC[ROC]:0.216197
[05:12:04] src/tree/updater_prune.cc:74: tree pruning end, 1 roots, 300 extra nodes, 0 pruned nodes, max_depth=15
[25]	validation_0-error:0.001311	validation_0-AUC[ROC]:0.21441
[05:12:19] src/tree/updater_prune.cc:74: tree pruning end, 1 roots, 298 extra nodes, 0 pruned nodes, max_depth=22
[26]	validation_0-error:0.001311	validation_0-AUC[ROC]:0.210246
[05:12:34] src/tree/updater_prune.cc:74: tree pruning end, 1 roots, 320 extra nodes, 0 pruned nodes, max_depth=14
[27]	validation_0-error:0.001311	validation_0-AUC[ROC]:0.202998
[05:12:47] src/tree/updater_prune.cc:74: tree pruning end, 1 roots, 318 extra nodes, 0 pruned nodes, max_depth=17
[28]	validation_0-error:0.001311	validation_0-AUC[ROC]:0.19891
[05:13:04] src/tree/updater_prune.cc:74: tree pruning end, 1 roots, 278 extra nodes, 0 pruned nodes, max_depth=20
[29]	validation_0-error:0.001311	validation_0-AUC[ROC]:0.19751
[05:13:19] src/tree/updater_prune.cc:74: tree pruning end, 1 roots, 336 extra nodes, 0 pruned nodes, max_depth=18
[30]	validation_0-error:0.001311	validation_0-AUC[ROC]:0.162836
[05:13:34] src/tree/updater_prune.cc:74: tree pruning end, 1 roots, 322 extra nodes, 0 pruned nodes, max_depth=17
[31]	validation_0-error:0.001311	validation_0-AUC[ROC]:0.15865
[05:13:49] src/tree/updater_prune.cc:74: tree pruning end, 1 roots, 348 extra nodes, 0 pruned nodes, max_depth=22
[32]	validation_0-error:0.001311	validation_0-AUC[ROC]:0.161665
[05:14:05] src/tree/updater_prune.cc:74: tree pruning end, 1 roots, 330 extra nodes, 0 pruned nodes, max_depth=18
[33]	validation_0-error:0.001334	validation_0-AUC[ROC]:0.15999
[05:14:18] src/tree/updater_prune.cc:74: tree pruning end, 1 roots, 354 extra nodes, 0 pruned nodes, max_depth=21
[34]	validation_0-error:0.001334	validation_0-AUC[ROC]:0.155418
[05:14:33] src/tree/updater_prune.cc:74: tree pruning end, 1 roots, 302 extra nodes, 0 pruned nodes, max_depth=23
[35]	validation_0-error:0.001334	validation_0-AUC[ROC]:0.155932
[05:14:48] src/tree/updater_prune.cc:74: tree pruning end, 1 roots, 344 extra nodes, 0 pruned nodes, max_depth=19
[36]	validation_0-error:0.001311	validation_0-AUC[ROC]:0.158344
[05:15:02] src/tree/updater_prune.cc:74: tree pruning end, 1 roots, 336 extra nodes, 0 pruned nodes, max_depth=19
[37]	validation_0-error:0.001334	validation_0-AUC[ROC]:0.15599
[05:15:21] src/tree/updater_prune.cc:74: tree pruning end, 1 roots, 356 extra nodes, 0 pruned nodes, max_depth=30
[38]	validation_0-error:0.001334	validation_0-AUC[ROC]:0.15611
[05:15:39] src/tree/updater_prune.cc:74: tree pruning end, 1 roots, 360 extra nodes, 0 pruned nodes, max_depth=24
[39]	validation_0-error:0.001334	validation_0-AUC[ROC]:0.156706
[05:15:53] src/tree/updater_prune.cc:74: tree pruning end, 1 roots, 328 extra nodes, 0 pruned nodes, max_depth=19
[40]	validation_0-error:0.001334	validation_0-AUC[ROC]:0.158542
[05:16:09] src/tree/updater_prune.cc:74: tree pruning end, 1 roots, 346 extra nodes, 0 pruned nodes, max_depth=24
[41]	validation_0-error:0.001357	validation_0-AUC[ROC]:0.152054
[05:16:23] src/tree/updater_prune.cc:74: tree pruning end, 1 roots, 356 extra nodes, 0 pruned nodes, max_depth=25
[42]	validation_0-error:0.001357	validation_0-AUC[ROC]:0.156508
[05:16:37] src/tree/updater_prune.cc:74: tree pruning end, 1 roots, 318 extra nodes, 0 pruned nodes, max_depth=19
[43]	validation_0-error:0.001357	validation_0-AUC[ROC]:0.145102
[05:16:58] src/tree/updater_prune.cc:74: tree pruning end, 1 roots, 350 extra nodes, 0 pruned nodes, max_depth=24
[44]	validation_0-error:0.001357	validation_0-AUC[ROC]:0.14706
[05:17:18] src/tree/updater_prune.cc:74: tree pruning end, 1 roots, 316 extra nodes, 0 pruned nodes, max_depth=23
[45]	validation_0-error:0.001357	validation_0-AUC[ROC]:0.142978
[05:17:35] src/tree/updater_prune.cc:74: tree pruning end, 1 roots, 352 extra nodes, 0 pruned nodes, max_depth=22
[46]	validation_0-error:0.001357	validation_0-AUC[ROC]:0.135845
[05:17:51] src/tree/updater_prune.cc:74: tree pruning end, 1 roots, 330 extra nodes, 0 pruned nodes, max_depth=20
[47]	validation_0-error:0.001357	validation_0-AUC[ROC]:0.125515
[05:18:07] src/tree/updater_prune.cc:74: tree pruning end, 1 roots, 358 extra nodes, 0 pruned nodes, max_depth=20
[48]	validation_0-error:0.001357	validation_0-AUC[ROC]:0.132236
[05:18:24] src/tree/updater_prune.cc:74: tree pruning end, 1 roots, 344 extra nodes, 0 pruned nodes, max_depth=20
[49]	validation_0-error:0.001357	validation_0-AUC[ROC]:0.126739
[05:18:44] src/tree/updater_prune.cc:74: tree pruning end, 1 roots, 324 extra nodes, 0 pruned nodes, max_depth=24
[50]	validation_0-error:0.001357	validation_0-AUC[ROC]:0.131796
[05:18:58] src/tree/updater_prune.cc:74: tree pruning end, 1 roots, 326 extra nodes, 0 pruned nodes, max_depth=19
[51]	validation_0-error:0.001357	validation_0-AUC[ROC]:0.125894
[05:19:19] src/tree/updater_prune.cc:74: tree pruning end, 1 roots, 336 extra nodes, 0 pruned nodes, max_depth=27
[52]	validation_0-error:0.001357	validation_0-AUC[ROC]:0.124129
[05:19:41] src/tree/updater_prune.cc:74: tree pruning end, 1 roots, 352 extra nodes, 0 pruned nodes, max_depth=27
[53]	validation_0-error:0.001334	validation_0-AUC[ROC]:0.126309
[05:20:01] src/tree/updater_prune.cc:74: tree pruning end, 1 roots, 346 extra nodes, 0 pruned nodes, max_depth=28
[54]	validation_0-error:0.001357	validation_0-AUC[ROC]:0.113289
[05:20:21] src/tree/updater_prune.cc:74: tree pruning end, 1 roots, 334 extra nodes, 0 pruned nodes, max_depth=23
[55]	validation_0-error:0.001357	validation_0-AUC[ROC]:0.11311
[05:20:43] src/tree/updater_prune.cc:74: tree pruning end, 1 roots, 312 extra nodes, 0 pruned nodes, max_depth=26
[56]	validation_0-error:0.001357	validation_0-AUC[ROC]:0.115444
[05:21:05] src/tree/updater_prune.cc:74: tree pruning end, 1 roots, 332 extra nodes, 0 pruned nodes, max_depth=26
[57]	validation_0-error:0.001357	validation_0-AUC[ROC]:0.119516
[05:21:23] src/tree/updater_prune.cc:74: tree pruning end, 1 roots, 322 extra nodes, 0 pruned nodes, max_depth=22
[58]	validation_0-error:0.001381	validation_0-AUC[ROC]:0.122602
[05:21:41] src/tree/updater_prune.cc:74: tree pruning end, 1 roots, 320 extra nodes, 0 pruned nodes, max_depth=23
[59]	validation_0-error:0.001381	validation_0-AUC[ROC]:0.123986
[05:21:59] src/tree/updater_prune.cc:74: tree pruning end, 1 roots, 300 extra nodes, 0 pruned nodes, max_depth=21
[60]	validation_0-error:0.001381	validation_0-AUC[ROC]:0.1198
[05:22:23] src/tree/updater_prune.cc:74: tree pruning end, 1 roots, 314 extra nodes, 0 pruned nodes, max_depth=29
[61]	validation_0-error:0.001381	validation_0-AUC[ROC]:0.116716
[05:22:40] src/tree/updater_prune.cc:74: tree pruning end, 1 roots, 292 extra nodes, 0 pruned nodes, max_depth=19
[62]	validation_0-error:0.001381	validation_0-AUC[ROC]:0.120285
[05:23:09] src/tree/updater_prune.cc:74: tree pruning end, 1 roots, 328 extra nodes, 0 pruned nodes, max_depth=32
[63]	validation_0-error:0.001381	validation_0-AUC[ROC]:0.123674
[05:23:30] src/tree/updater_prune.cc:74: tree pruning end, 1 roots, 282 extra nodes, 0 pruned nodes, max_depth=27
[64]	validation_0-error:0.001381	validation_0-AUC[ROC]:0.125397
[05:23:53] src/tree/updater_prune.cc:74: tree pruning end, 1 roots, 308 extra nodes, 0 pruned nodes, max_depth=29
[65]	validation_0-error:0.001381	validation_0-AUC[ROC]:0.130661
[05:24:17] src/tree/updater_prune.cc:74: tree pruning end, 1 roots, 292 extra nodes, 0 pruned nodes, max_depth=33
[66]	validation_0-error:0.001404	validation_0-AUC[ROC]:0.133906
[05:24:44] src/tree/updater_prune.cc:74: tree pruning end, 1 roots, 276 extra nodes, 0 pruned nodes, max_depth=31
[67]	validation_0-error:0.001404	validation_0-AUC[ROC]:0.13731
[05:25:06] src/tree/updater_prune.cc:74: tree pruning end, 1 roots, 266 extra nodes, 0 pruned nodes, max_depth=32
[68]	validation_0-error:0.001404	validation_0-AUC[ROC]:0.138091
[05:25:23] src/tree/updater_prune.cc:74: tree pruning end, 1 roots, 268 extra nodes, 0 pruned nodes, max_depth=22
[69]	validation_0-error:0.001404	validation_0-AUC[ROC]:0.131364
[05:25:46] src/tree/updater_prune.cc:74: tree pruning end, 1 roots, 288 extra nodes, 0 pruned nodes, max_depth=30
[70]	validation_0-error:0.001404	validation_0-AUC[ROC]:0.126475
[05:26:03] src/tree/updater_prune.cc:74: tree pruning end, 1 roots, 266 extra nodes, 0 pruned nodes, max_depth=22
[71]	validation_0-error:0.001404	validation_0-AUC[ROC]:0.129462
[05:26:25] src/tree/updater_prune.cc:74: tree pruning end, 1 roots, 266 extra nodes, 0 pruned nodes, max_depth=27
[72]	validation_0-error:0.001404	validation_0-AUC[ROC]:0.133008
[05:26:45] src/tree/updater_prune.cc:74: tree pruning end, 1 roots, 250 extra nodes, 0 pruned nodes, max_depth=26
[73]	validation_0-error:0.001404	validation_0-AUC[ROC]:0.130238
[05:27:04] src/tree/updater_prune.cc:74: tree pruning end, 1 roots, 268 extra nodes, 0 pruned nodes, max_depth=21
[74]	validation_0-error:0.001404	validation_0-AUC[ROC]:0.127224
[05:27:27] src/tree/updater_prune.cc:74: tree pruning end, 1 roots, 262 extra nodes, 0 pruned nodes, max_depth=35
[75]	validation_0-error:0.001404	validation_0-AUC[ROC]:0.127007
[05:27:50] src/tree/updater_prune.cc:74: tree pruning end, 1 roots, 248 extra nodes, 0 pruned nodes, max_depth=27
[76]	validation_0-error:0.001404	validation_0-AUC[ROC]:0.125888
[05:28:08] src/tree/updater_prune.cc:74: tree pruning end, 1 roots, 256 extra nodes, 0 pruned nodes, max_depth=22
[77]	validation_0-error:0.001404	validation_0-AUC[ROC]:0.126867
[05:28:31] src/tree/updater_prune.cc:74: tree pruning end, 1 roots, 256 extra nodes, 0 pruned nodes, max_depth=32
[78]	validation_0-error:0.001404	validation_0-AUC[ROC]:0.126512
[05:28:49] src/tree/updater_prune.cc:74: tree pruning end, 1 roots, 252 extra nodes, 0 pruned nodes, max_depth=19
[79]	validation_0-error:0.001404	validation_0-AUC[ROC]:0.125767
[05:29:12] src/tree/updater_prune.cc:74: tree pruning end, 1 roots, 244 extra nodes, 0 pruned nodes, max_depth=36
[80]	validation_0-error:0.001404	validation_0-AUC[ROC]:0.120657
[05:29:29] src/tree/updater_prune.cc:74: tree pruning end, 1 roots, 254 extra nodes, 0 pruned nodes, max_depth=22
[81]	validation_0-error:0.001404	validation_0-AUC[ROC]:0.121428
[05:29:48] src/tree/updater_prune.cc:74: tree pruning end, 1 roots, 236 extra nodes, 0 pruned nodes, max_depth=31
[82]	validation_0-error:0.001404	validation_0-AUC[ROC]:0.125034
[05:30:13] src/tree/updater_prune.cc:74: tree pruning end, 1 roots, 238 extra nodes, 0 pruned nodes, max_depth=42
[83]	validation_0-error:0.001404	validation_0-AUC[ROC]:0.127455
[05:30:30] src/tree/updater_prune.cc:74: tree pruning end, 1 roots, 248 extra nodes, 0 pruned nodes, max_depth=23
[84]	validation_0-error:0.001428	validation_0-AUC[ROC]:0.125652
[05:30:49] src/tree/updater_prune.cc:74: tree pruning end, 1 roots, 232 extra nodes, 0 pruned nodes, max_depth=31
[85]	validation_0-error:0.001404	validation_0-AUC[ROC]:0.123365
[05:31:08] src/tree/updater_prune.cc:74: tree pruning end, 1 roots, 236 extra nodes, 0 pruned nodes, max_depth=33
[86]	validation_0-error:0.001404	validation_0-AUC[ROC]:0.122721
[05:31:27] src/tree/updater_prune.cc:74: tree pruning end, 1 roots, 240 extra nodes, 0 pruned nodes, max_depth=33
[87]	validation_0-error:0.001404	validation_0-AUC[ROC]:0.119447
[05:31:50] src/tree/updater_prune.cc:74: tree pruning end, 1 roots, 234 extra nodes, 0 pruned nodes, max_depth=43
[88]	validation_0-error:0.001381	validation_0-AUC[ROC]:0.116471
[05:32:13] src/tree/updater_prune.cc:74: tree pruning end, 1 roots, 246 extra nodes, 0 pruned nodes, max_depth=40
[89]	validation_0-error:0.001381	validation_0-AUC[ROC]:0.11725
[05:32:33] src/tree/updater_prune.cc:74: tree pruning end, 1 roots, 232 extra nodes, 0 pruned nodes, max_depth=26
[90]	validation_0-error:0.001381	validation_0-AUC[ROC]:0.118371
[05:33:01] src/tree/updater_prune.cc:74: tree pruning end, 1 roots, 236 extra nodes, 0 pruned nodes, max_depth=46
[91]	validation_0-error:0.001381	validation_0-AUC[ROC]:0.119691
[05:33:27] src/tree/updater_prune.cc:74: tree pruning end, 1 roots, 232 extra nodes, 0 pruned nodes, max_depth=45
[92]	validation_0-error:0.001381	validation_0-AUC[ROC]:0.122393
[05:33:49] src/tree/updater_prune.cc:74: tree pruning end, 1 roots, 232 extra nodes, 0 pruned nodes, max_depth=34
[93]	validation_0-error:0.001404	validation_0-AUC[ROC]:0.123472
[05:34:17] src/tree/updater_prune.cc:74: tree pruning end, 1 roots, 234 extra nodes, 0 pruned nodes, max_depth=54
[94]	validation_0-error:0.001428	validation_0-AUC[ROC]:0.122402
[05:34:39] src/tree/updater_prune.cc:74: tree pruning end, 1 roots, 232 extra nodes, 0 pruned nodes, max_depth=36
[95]	validation_0-error:0.001404	validation_0-AUC[ROC]:0.123133
[05:34:59] src/tree/updater_prune.cc:74: tree pruning end, 1 roots, 228 extra nodes, 0 pruned nodes, max_depth=35
[96]	validation_0-error:0.001404	validation_0-AUC[ROC]:0.123158
[05:35:23] src/tree/updater_prune.cc:74: tree pruning end, 1 roots, 228 extra nodes, 0 pruned nodes, max_depth=45
[97]	validation_0-error:0.001404	validation_0-AUC[ROC]:0.124324
[05:35:50] src/tree/updater_prune.cc:74: tree pruning end, 1 roots, 228 extra nodes, 0 pruned nodes, max_depth=46
[98]	validation_0-error:0.001404	validation_0-AUC[ROC]:0.122329
[05:36:16] src/tree/updater_prune.cc:74: tree pruning end, 1 roots, 222 extra nodes, 0 pruned nodes, max_depth=45
[99]	validation_0-error:0.001381	validation_0-AUC[ROC]:0.124356
[05:36:51] src/tree/updater_prune.cc:74: tree pruning end, 1 roots, 222 extra nodes, 0 pruned nodes, max_depth=58
[100]	validation_0-error:0.001381	validation_0-AUC[ROC]:0.125921
[05:37:16] src/tree/updater_prune.cc:74: tree pruning end, 1 roots, 218 extra nodes, 0 pruned nodes, max_depth=36
[101]	validation_0-error:0.001381	validation_0-AUC[ROC]:0.122868
[05:37:41] src/tree/updater_prune.cc:74: tree pruning end, 1 roots, 222 extra nodes, 0 pruned nodes, max_depth=42
[102]	validation_0-error:0.001381	validation_0-AUC[ROC]:0.124517
[05:38:09] src/tree/updater_prune.cc:74: tree pruning end, 1 roots, 224 extra nodes, 0 pruned nodes, max_depth=55
[103]	validation_0-error:0.001381	validation_0-AUC[ROC]:0.125246
[05:38:30] src/tree/updater_prune.cc:74: tree pruning end, 1 roots, 204 extra nodes, 0 pruned nodes, max_depth=39
[104]	validation_0-error:0.001404	validation_0-AUC[ROC]:0.126391
[05:38:53] src/tree/updater_prune.cc:74: tree pruning end, 1 roots, 212 extra nodes, 0 pruned nodes, max_depth=39
[105]	validation_0-error:0.001381	validation_0-AUC[ROC]:0.127036
[05:39:15] src/tree/updater_prune.cc:74: tree pruning end, 1 roots, 212 extra nodes, 0 pruned nodes, max_depth=45
[106]	validation_0-error:0.001381	validation_0-AUC[ROC]:0.126606
[05:39:39] src/tree/updater_prune.cc:74: tree pruning end, 1 roots, 198 extra nodes, 0 pruned nodes, max_depth=47
[107]	validation_0-error:0.001381	validation_0-AUC[ROC]:0.12872
[05:40:04] src/tree/updater_prune.cc:74: tree pruning end, 1 roots, 204 extra nodes, 0 pruned nodes, max_depth=45
[108]	validation_0-error:0.001381	validation_0-AUC[ROC]:0.127452
[05:40:24] src/tree/updater_prune.cc:74: tree pruning end, 1 roots, 208 extra nodes, 0 pruned nodes, max_depth=32
[109]	validation_0-error:0.001381	validation_0-AUC[ROC]:0.127708
[05:40:45] src/tree/updater_prune.cc:74: tree pruning end, 1 roots, 202 extra nodes, 0 pruned nodes, max_depth=36
[110]	validation_0-error:0.001381	validation_0-AUC[ROC]:0.12837
[05:41:09] src/tree/updater_prune.cc:74: tree pruning end, 1 roots, 190 extra nodes, 0 pruned nodes, max_depth=41
[111]	validation_0-error:0.001381	validation_0-AUC[ROC]:0.127683
[05:41:33] src/tree/updater_prune.cc:74: tree pruning end, 1 roots, 196 extra nodes, 0 pruned nodes, max_depth=43
[112]	validation_0-error:0.001381	validation_0-AUC[ROC]:0.128385
[05:41:53] src/tree/updater_prune.cc:74: tree pruning end, 1 roots, 192 extra nodes, 0 pruned nodes, max_depth=34
[113]	validation_0-error:0.001381	validation_0-AUC[ROC]:0.130472
[05:42:17] src/tree/updater_prune.cc:74: tree pruning end, 1 roots, 190 extra nodes, 0 pruned nodes, max_depth=43
[114]	validation_0-error:0.001381	validation_0-AUC[ROC]:0.129214
[05:42:37] src/tree/updater_prune.cc:74: tree pruning end, 1 roots, 186 extra nodes, 0 pruned nodes, max_depth=38
[115]	validation_0-error:0.001381	validation_0-AUC[ROC]:0.129049
[05:43:01] src/tree/updater_prune.cc:74: tree pruning end, 1 roots, 198 extra nodes, 0 pruned nodes, max_depth=43
[116]	validation_0-error:0.001381	validation_0-AUC[ROC]:0.129955
[05:43:29] src/tree/updater_prune.cc:74: tree pruning end, 1 roots, 186 extra nodes, 0 pruned nodes, max_depth=48
[117]	validation_0-error:0.001381	validation_0-AUC[ROC]:0.129949
[05:43:57] src/tree/updater_prune.cc:74: tree pruning end, 1 roots, 182 extra nodes, 0 pruned nodes, max_depth=51
[118]	validation_0-error:0.001381	validation_0-AUC[ROC]:0.129869
[05:44:21] src/tree/updater_prune.cc:74: tree pruning end, 1 roots, 184 extra nodes, 0 pruned nodes, max_depth=40
[119]	validation_0-error:0.001404	validation_0-AUC[ROC]:0.130481
[05:44:42] src/tree/updater_prune.cc:74: tree pruning end, 1 roots, 186 extra nodes, 0 pruned nodes, max_depth=42
[120]	validation_0-error:0.001428	validation_0-AUC[ROC]:0.130446
[05:45:05] src/tree/updater_prune.cc:74: tree pruning end, 1 roots, 172 extra nodes, 0 pruned nodes, max_depth=41
[121]	validation_0-error:0.001428	validation_0-AUC[ROC]:0.128845
[05:45:26] src/tree/updater_prune.cc:74: tree pruning end, 1 roots, 182 extra nodes, 0 pruned nodes, max_depth=53
[122]	validation_0-error:0.001428	validation_0-AUC[ROC]:0.129281
[05:45:40] src/tree/updater_prune.cc:74: tree pruning end, 1 roots, 172 extra nodes, 0 pruned nodes, max_depth=31
[123]	validation_0-error:0.001404	validation_0-AUC[ROC]:0.128791
[05:45:57] src/tree/updater_prune.cc:74: tree pruning end, 1 roots, 172 extra nodes, 0 pruned nodes, max_depth=32
[124]	validation_0-error:0.001428	validation_0-AUC[ROC]:0.129047
[05:46:09] src/tree/updater_prune.cc:74: tree pruning end, 1 roots, 170 extra nodes, 0 pruned nodes, max_depth=32
[125]	validation_0-error:0.001404	validation_0-AUC[ROC]:0.127543
[05:46:27] src/tree/updater_prune.cc:74: tree pruning end, 1 roots, 180 extra nodes, 0 pruned nodes, max_depth=32
[126]	validation_0-error:0.001428	validation_0-AUC[ROC]:0.127814
[05:46:37] src/tree/updater_prune.cc:74: tree pruning end, 1 roots, 166 extra nodes, 0 pruned nodes, max_depth=29
[127]	validation_0-error:0.001404	validation_0-AUC[ROC]:0.126493
[05:46:53] src/tree/updater_prune.cc:74: tree pruning end, 1 roots, 174 extra nodes, 0 pruned nodes, max_depth=38
[128]	validation_0-error:0.001404	validation_0-AUC[ROC]:0.126621
[05:47:11] src/tree/updater_prune.cc:74: tree pruning end, 1 roots, 166 extra nodes, 0 pruned nodes, max_depth=28
[129]	validation_0-error:0.001404	validation_0-AUC[ROC]:0.126394
[05:47:37] src/tree/updater_prune.cc:74: tree pruning end, 1 roots, 176 extra nodes, 0 pruned nodes, max_depth=40
[130]	validation_0-error:0.001404	validation_0-AUC[ROC]:0.125681
[05:48:04] src/tree/updater_prune.cc:74: tree pruning end, 1 roots, 170 extra nodes, 0 pruned nodes, max_depth=40
[131]	validation_0-error:0.001404	validation_0-AUC[ROC]:0.125311
[05:48:30] src/tree/updater_prune.cc:74: tree pruning end, 1 roots, 150 extra nodes, 0 pruned nodes, max_depth=41
[132]	validation_0-error:0.001404	validation_0-AUC[ROC]:0.126306
[05:48:52] src/tree/updater_prune.cc:74: tree pruning end, 1 roots, 164 extra nodes, 0 pruned nodes, max_depth=35
[133]	validation_0-error:0.001404	validation_0-AUC[ROC]:0.126906
[05:49:20] src/tree/updater_prune.cc:74: tree pruning end, 1 roots, 170 extra nodes, 0 pruned nodes, max_depth=43
[134]	validation_0-error:0.001404	validation_0-AUC[ROC]:0.125946
[05:49:46] src/tree/updater_prune.cc:74: tree pruning end, 1 roots, 160 extra nodes, 0 pruned nodes, max_depth=37
[135]	validation_0-error:0.001404	validation_0-AUC[ROC]:0.127029
[05:50:10] src/tree/updater_prune.cc:74: tree pruning end, 1 roots, 158 extra nodes, 0 pruned nodes, max_depth=37
[136]	validation_0-error:0.001404	validation_0-AUC[ROC]:0.127439
[05:50:31] src/tree/updater_prune.cc:74: tree pruning end, 1 roots, 144 extra nodes, 0 pruned nodes, max_depth=33
[137]	validation_0-error:0.001404	validation_0-AUC[ROC]:0.128006
[05:50:54] src/tree/updater_prune.cc:74: tree pruning end, 1 roots, 154 extra nodes, 0 pruned nodes, max_depth=35
[138]	validation_0-error:0.001404	validation_0-AUC[ROC]:0.129785
[05:51:20] src/tree/updater_prune.cc:74: tree pruning end, 1 roots, 152 extra nodes, 0 pruned nodes, max_depth=38
[139]	validation_0-error:0.001404	validation_0-AUC[ROC]:0.128968
[05:51:40] src/tree/updater_prune.cc:74: tree pruning end, 1 roots, 156 extra nodes, 0 pruned nodes, max_depth=29
[140]	validation_0-error:0.001404	validation_0-AUC[ROC]:0.129378
[05:52:02] src/tree/updater_prune.cc:74: tree pruning end, 1 roots, 150 extra nodes, 0 pruned nodes, max_depth=39
[141]	validation_0-error:0.001404	validation_0-AUC[ROC]:0.129972
[05:52:19] src/tree/updater_prune.cc:74: tree pruning end, 1 roots, 152 extra nodes, 0 pruned nodes, max_depth=22
[142]	validation_0-error:0.001428	validation_0-AUC[ROC]:0.130582
[05:52:38] src/tree/updater_prune.cc:74: tree pruning end, 1 roots, 142 extra nodes, 0 pruned nodes, max_depth=25
[143]	validation_0-error:0.001428	validation_0-AUC[ROC]:0.129475
[05:53:06] src/tree/updater_prune.cc:74: tree pruning end, 1 roots, 138 extra nodes, 0 pruned nodes, max_depth=38
[144]	validation_0-error:0.001428	validation_0-AUC[ROC]:0.129014
[05:53:30] src/tree/updater_prune.cc:74: tree pruning end, 1 roots, 150 extra nodes, 0 pruned nodes, max_depth=31
[145]	validation_0-error:0.001428	validation_0-AUC[ROC]:0.127716
[05:53:46] src/tree/updater_prune.cc:74: tree pruning end, 1 roots, 146 extra nodes, 0 pruned nodes, max_depth=34
[146]	validation_0-error:0.001428	validation_0-AUC[ROC]:0.127009
[05:53:59] src/tree/updater_prune.cc:74: tree pruning end, 1 roots, 142 extra nodes, 0 pruned nodes, max_depth=30
[147]	validation_0-error:0.001404	validation_0-AUC[ROC]:0.126212
[05:54:11] src/tree/updater_prune.cc:74: tree pruning end, 1 roots, 146 extra nodes, 0 pruned nodes, max_depth=27
[148]	validation_0-error:0.001428	validation_0-AUC[ROC]:0.127485
[05:54:26] src/tree/updater_prune.cc:74: tree pruning end, 1 roots, 140 extra nodes, 0 pruned nodes, max_depth=33
[149]	validation_0-error:0.001404	validation_0-AUC[ROC]:0.127153
[05:54:44] src/tree/updater_prune.cc:74: tree pruning end, 1 roots, 154 extra nodes, 0 pruned nodes, max_depth=28
[150]	validation_0-error:0.001404	validation_0-AUC[ROC]:0.12801
[05:55:05] src/tree/updater_prune.cc:74: tree pruning end, 1 roots, 134 extra nodes, 0 pruned nodes, max_depth=33
[151]	validation_0-error:0.001404	validation_0-AUC[ROC]:0.128047
[05:55:26] src/tree/updater_prune.cc:74: tree pruning end, 1 roots, 140 extra nodes, 0 pruned nodes, max_depth=31
[152]	validation_0-error:0.001404	validation_0-AUC[ROC]:0.129697
[05:55:45] src/tree/updater_prune.cc:74: tree pruning end, 1 roots, 134 extra nodes, 0 pruned nodes, max_depth=28
[153]	validation_0-error:0.001404	validation_0-AUC[ROC]:0.129412
[05:56:05] src/tree/updater_prune.cc:74: tree pruning end, 1 roots, 138 extra nodes, 0 pruned nodes, max_depth=31
[154]	validation_0-error:0.001404	validation_0-AUC[ROC]:0.129585
[05:56:26] src/tree/updater_prune.cc:74: tree pruning end, 1 roots, 140 extra nodes, 0 pruned nodes, max_depth=32
[155]	validation_0-error:0.001428	validation_0-AUC[ROC]:0.130552
Stopping. Best iteration:
[55]	validation_0-error:0.001357	validation_0-AUC[ROC]:0.11311

train precision: 0.744854268791
train roc: 0.998464921804
train hit in top 2563: 320.0 out of 334.0

val precision: 0.126549111957
val roc: 0.88689034457
val hit in top 427: 28.0 out of 55.0

test precision: 0.257955206873
test roc: 0.949194953708
test hit in top 427: 34.0 out of 55.0

ratio: 0.02, EF: 35.4545454545,	active: 55.0
ratio: 0.02, NEF: 0.709090909091
ratio: 0.01, EF: 61.8181818182,	active: 55.0
ratio: 0.01, NEF: 0.618181818182
ratio: 0.0015, EF: 278.787878788,	active: 55.0
ratio: 0.0015, NEF: 0.418181818182
ratio: 0.001, EF: 327.272727273,	active: 55.0
ratio: 0.001, NEF: 0.428571428571

