label_name_list  [u'PriA-SSB AS Activity']
train files  ['../datasets/keck_pria/fold_0.csv' '../datasets/keck_pria/fold_1.csv'
 '../datasets/keck_pria/fold_2.csv' '../datasets/keck_pria/fold_3.csv'
 '../datasets/keck_pria/fold_6.csv' '../datasets/keck_pria/fold_7.csv']
val files  ['../datasets/keck_pria/fold_4.csv']
test files  ['../datasets/keck_pria/fold_5.csv']
done data preparation
X_train	 (256387, 1024)
y_train	 (256387, 1)
[01:47:17] src/tree/updater_prune.cc:74: tree pruning end, 1 roots, 86 extra nodes, 0 pruned nodes, max_depth=12
[0]	validation_0-error:0.001451	validation_0-AUC[ROC]:0.30687
Multiple eval metrics have been passed: 'validation_0-AUC[ROC]' will be used for early stopping.

Will train until validation_0-AUC[ROC] hasn't improved in 1000 rounds.
[01:47:23] src/tree/updater_prune.cc:74: tree pruning end, 1 roots, 36 extra nodes, 0 pruned nodes, max_depth=9
[1]	validation_0-error:0.001334	validation_0-AUC[ROC]:0.300152
[01:47:30] src/tree/updater_prune.cc:74: tree pruning end, 1 roots, 86 extra nodes, 0 pruned nodes, max_depth=14
[2]	validation_0-error:0.001334	validation_0-AUC[ROC]:0.300163
[01:47:35] src/tree/updater_prune.cc:74: tree pruning end, 1 roots, 46 extra nodes, 0 pruned nodes, max_depth=9
[3]	validation_0-error:0.001311	validation_0-AUC[ROC]:0.300394
[01:47:39] src/tree/updater_prune.cc:74: tree pruning end, 1 roots, 48 extra nodes, 0 pruned nodes, max_depth=10
[4]	validation_0-error:0.001287	validation_0-AUC[ROC]:0.304671
[01:47:43] src/tree/updater_prune.cc:74: tree pruning end, 1 roots, 38 extra nodes, 0 pruned nodes, max_depth=8
[5]	validation_0-error:0.001287	validation_0-AUC[ROC]:0.303078
[01:47:52] src/tree/updater_prune.cc:74: tree pruning end, 1 roots, 60 extra nodes, 0 pruned nodes, max_depth=14
[6]	validation_0-error:0.001287	validation_0-AUC[ROC]:0.303082
[01:47:56] src/tree/updater_prune.cc:74: tree pruning end, 1 roots, 96 extra nodes, 0 pruned nodes, max_depth=11
[7]	validation_0-error:0.001287	validation_0-AUC[ROC]:0.303395
[01:48:01] src/tree/updater_prune.cc:74: tree pruning end, 1 roots, 60 extra nodes, 0 pruned nodes, max_depth=14
[8]	validation_0-error:0.001287	validation_0-AUC[ROC]:0.303365
[01:48:05] src/tree/updater_prune.cc:74: tree pruning end, 1 roots, 74 extra nodes, 0 pruned nodes, max_depth=11
[9]	validation_0-error:0.001287	validation_0-AUC[ROC]:0.307925
[01:48:09] src/tree/updater_prune.cc:74: tree pruning end, 1 roots, 102 extra nodes, 0 pruned nodes, max_depth=12
[10]	validation_0-error:0.001287	validation_0-AUC[ROC]:0.308034
[01:48:17] src/tree/updater_prune.cc:74: tree pruning end, 1 roots, 98 extra nodes, 0 pruned nodes, max_depth=13
[11]	validation_0-error:0.001287	validation_0-AUC[ROC]:0.307903
[01:48:24] src/tree/updater_prune.cc:74: tree pruning end, 1 roots, 128 extra nodes, 0 pruned nodes, max_depth=14
[12]	validation_0-error:0.001287	validation_0-AUC[ROC]:0.306832
[01:48:31] src/tree/updater_prune.cc:74: tree pruning end, 1 roots, 128 extra nodes, 0 pruned nodes, max_depth=13
[13]	validation_0-error:0.001287	validation_0-AUC[ROC]:0.306888
[01:48:42] src/tree/updater_prune.cc:74: tree pruning end, 1 roots, 142 extra nodes, 0 pruned nodes, max_depth=13
[14]	validation_0-error:0.001287	validation_0-AUC[ROC]:0.306925
[01:48:55] src/tree/updater_prune.cc:74: tree pruning end, 1 roots, 128 extra nodes, 0 pruned nodes, max_depth=15
[15]	validation_0-error:0.001287	validation_0-AUC[ROC]:0.306983
[01:49:08] src/tree/updater_prune.cc:74: tree pruning end, 1 roots, 152 extra nodes, 0 pruned nodes, max_depth=15
[16]	validation_0-error:0.001287	validation_0-AUC[ROC]:0.307064
[01:49:21] src/tree/updater_prune.cc:74: tree pruning end, 1 roots, 138 extra nodes, 0 pruned nodes, max_depth=15
[17]	validation_0-error:0.001287	validation_0-AUC[ROC]:0.291566
[01:49:34] src/tree/updater_prune.cc:74: tree pruning end, 1 roots, 144 extra nodes, 0 pruned nodes, max_depth=14
[18]	validation_0-error:0.001311	validation_0-AUC[ROC]:0.291635
[01:49:46] src/tree/updater_prune.cc:74: tree pruning end, 1 roots, 142 extra nodes, 0 pruned nodes, max_depth=14
[19]	validation_0-error:0.001311	validation_0-AUC[ROC]:0.291674
[01:49:59] src/tree/updater_prune.cc:74: tree pruning end, 1 roots, 168 extra nodes, 0 pruned nodes, max_depth=14
[20]	validation_0-error:0.001311	validation_0-AUC[ROC]:0.290919
[01:50:11] src/tree/updater_prune.cc:74: tree pruning end, 1 roots, 154 extra nodes, 0 pruned nodes, max_depth=12
[21]	validation_0-error:0.001311	validation_0-AUC[ROC]:0.290993
[01:50:24] src/tree/updater_prune.cc:74: tree pruning end, 1 roots, 146 extra nodes, 0 pruned nodes, max_depth=14
[22]	validation_0-error:0.001311	validation_0-AUC[ROC]:0.290899
[01:50:34] src/tree/updater_prune.cc:74: tree pruning end, 1 roots, 172 extra nodes, 0 pruned nodes, max_depth=15
[23]	validation_0-error:0.001311	validation_0-AUC[ROC]:0.285253
[01:50:44] src/tree/updater_prune.cc:74: tree pruning end, 1 roots, 144 extra nodes, 0 pruned nodes, max_depth=13
[24]	validation_0-error:0.001311	validation_0-AUC[ROC]:0.285326
[01:50:54] src/tree/updater_prune.cc:74: tree pruning end, 1 roots, 166 extra nodes, 0 pruned nodes, max_depth=14
[25]	validation_0-error:0.001311	validation_0-AUC[ROC]:0.275986
[01:51:00] src/tree/updater_prune.cc:74: tree pruning end, 1 roots, 178 extra nodes, 0 pruned nodes, max_depth=13
[26]	validation_0-error:0.001311	validation_0-AUC[ROC]:0.27364
[01:51:07] src/tree/updater_prune.cc:74: tree pruning end, 1 roots, 166 extra nodes, 0 pruned nodes, max_depth=14
[27]	validation_0-error:0.001311	validation_0-AUC[ROC]:0.269702
[01:51:14] src/tree/updater_prune.cc:74: tree pruning end, 1 roots, 158 extra nodes, 0 pruned nodes, max_depth=16
[28]	validation_0-error:0.001334	validation_0-AUC[ROC]:0.269911
[01:51:27] src/tree/updater_prune.cc:74: tree pruning end, 1 roots, 220 extra nodes, 0 pruned nodes, max_depth=17
[29]	validation_0-error:0.001357	validation_0-AUC[ROC]:0.269994
[01:51:42] src/tree/updater_prune.cc:74: tree pruning end, 1 roots, 226 extra nodes, 0 pruned nodes, max_depth=13
[30]	validation_0-error:0.001334	validation_0-AUC[ROC]:0.217934
[01:52:02] src/tree/updater_prune.cc:74: tree pruning end, 1 roots, 238 extra nodes, 0 pruned nodes, max_depth=18
[31]	validation_0-error:0.001357	validation_0-AUC[ROC]:0.203802
[01:52:22] src/tree/updater_prune.cc:74: tree pruning end, 1 roots, 250 extra nodes, 0 pruned nodes, max_depth=20
[32]	validation_0-error:0.001334	validation_0-AUC[ROC]:0.196702
[01:52:31] src/tree/updater_prune.cc:74: tree pruning end, 1 roots, 222 extra nodes, 0 pruned nodes, max_depth=16
[33]	validation_0-error:0.001357	validation_0-AUC[ROC]:0.189456
[01:52:46] src/tree/updater_prune.cc:74: tree pruning end, 1 roots, 236 extra nodes, 0 pruned nodes, max_depth=16
[34]	validation_0-error:0.001311	validation_0-AUC[ROC]:0.187355
[01:53:06] src/tree/updater_prune.cc:74: tree pruning end, 1 roots, 268 extra nodes, 0 pruned nodes, max_depth=17
[35]	validation_0-error:0.001311	validation_0-AUC[ROC]:0.176507
[01:53:27] src/tree/updater_prune.cc:74: tree pruning end, 1 roots, 258 extra nodes, 0 pruned nodes, max_depth=20
[36]	validation_0-error:0.001287	validation_0-AUC[ROC]:0.178571
[01:53:49] src/tree/updater_prune.cc:74: tree pruning end, 1 roots, 254 extra nodes, 0 pruned nodes, max_depth=20
[37]	validation_0-error:0.001334	validation_0-AUC[ROC]:0.161257
[01:54:09] src/tree/updater_prune.cc:74: tree pruning end, 1 roots, 254 extra nodes, 0 pruned nodes, max_depth=19
[38]	validation_0-error:0.001311	validation_0-AUC[ROC]:0.153692
[01:54:34] src/tree/updater_prune.cc:74: tree pruning end, 1 roots, 282 extra nodes, 0 pruned nodes, max_depth=22
[39]	validation_0-error:0.001311	validation_0-AUC[ROC]:0.157349
[01:54:57] src/tree/updater_prune.cc:74: tree pruning end, 1 roots, 250 extra nodes, 0 pruned nodes, max_depth=23
[40]	validation_0-error:0.001311	validation_0-AUC[ROC]:0.156375
[01:55:18] src/tree/updater_prune.cc:74: tree pruning end, 1 roots, 274 extra nodes, 0 pruned nodes, max_depth=19
[41]	validation_0-error:0.001334	validation_0-AUC[ROC]:0.154965
[01:55:41] src/tree/updater_prune.cc:74: tree pruning end, 1 roots, 274 extra nodes, 0 pruned nodes, max_depth=21
[42]	validation_0-error:0.001334	validation_0-AUC[ROC]:0.148889
[01:56:05] src/tree/updater_prune.cc:74: tree pruning end, 1 roots, 266 extra nodes, 0 pruned nodes, max_depth=22
[43]	validation_0-error:0.001334	validation_0-AUC[ROC]:0.153898
[01:56:21] src/tree/updater_prune.cc:74: tree pruning end, 1 roots, 234 extra nodes, 0 pruned nodes, max_depth=14
[44]	validation_0-error:0.001311	validation_0-AUC[ROC]:0.15713
[01:56:40] src/tree/updater_prune.cc:74: tree pruning end, 1 roots, 256 extra nodes, 0 pruned nodes, max_depth=17
[45]	validation_0-error:0.001334	validation_0-AUC[ROC]:0.1575
[01:57:02] src/tree/updater_prune.cc:74: tree pruning end, 1 roots, 276 extra nodes, 0 pruned nodes, max_depth=18
[46]	validation_0-error:0.001334	validation_0-AUC[ROC]:0.13732
[01:57:25] src/tree/updater_prune.cc:74: tree pruning end, 1 roots, 276 extra nodes, 0 pruned nodes, max_depth=20
[47]	validation_0-error:0.001287	validation_0-AUC[ROC]:0.136097
[01:57:45] src/tree/updater_prune.cc:74: tree pruning end, 1 roots, 258 extra nodes, 0 pruned nodes, max_depth=18
[48]	validation_0-error:0.001357	validation_0-AUC[ROC]:0.129832
[01:58:06] src/tree/updater_prune.cc:74: tree pruning end, 1 roots, 274 extra nodes, 0 pruned nodes, max_depth=18
[49]	validation_0-error:0.001357	validation_0-AUC[ROC]:0.130678
[01:58:27] src/tree/updater_prune.cc:74: tree pruning end, 1 roots, 274 extra nodes, 0 pruned nodes, max_depth=20
[50]	validation_0-error:0.001404	validation_0-AUC[ROC]:0.129368
[01:58:41] src/tree/updater_prune.cc:74: tree pruning end, 1 roots, 270 extra nodes, 0 pruned nodes, max_depth=19
[51]	validation_0-error:0.001404	validation_0-AUC[ROC]:0.126308
[01:59:00] src/tree/updater_prune.cc:74: tree pruning end, 1 roots, 270 extra nodes, 0 pruned nodes, max_depth=18
[52]	validation_0-error:0.001404	validation_0-AUC[ROC]:0.131486
[01:59:23] src/tree/updater_prune.cc:74: tree pruning end, 1 roots, 274 extra nodes, 0 pruned nodes, max_depth=22
[53]	validation_0-error:0.001357	validation_0-AUC[ROC]:0.126012
[01:59:42] src/tree/updater_prune.cc:74: tree pruning end, 1 roots, 280 extra nodes, 0 pruned nodes, max_depth=21
[54]	validation_0-error:0.001357	validation_0-AUC[ROC]:0.127732
[02:00:03] src/tree/updater_prune.cc:74: tree pruning end, 1 roots, 268 extra nodes, 0 pruned nodes, max_depth=21
[55]	validation_0-error:0.001381	validation_0-AUC[ROC]:0.127506
[02:00:29] src/tree/updater_prune.cc:74: tree pruning end, 1 roots, 256 extra nodes, 0 pruned nodes, max_depth=27
[56]	validation_0-error:0.001404	validation_0-AUC[ROC]:0.131234
[02:00:55] src/tree/updater_prune.cc:74: tree pruning end, 1 roots, 270 extra nodes, 0 pruned nodes, max_depth=24
[57]	validation_0-error:0.001381	validation_0-AUC[ROC]:0.135097
[02:01:21] src/tree/updater_prune.cc:74: tree pruning end, 1 roots, 274 extra nodes, 0 pruned nodes, max_depth=24
[58]	validation_0-error:0.001334	validation_0-AUC[ROC]:0.139303
[02:01:50] src/tree/updater_prune.cc:74: tree pruning end, 1 roots, 274 extra nodes, 0 pruned nodes, max_depth=22
[59]	validation_0-error:0.001357	validation_0-AUC[ROC]:0.140032
[02:02:16] src/tree/updater_prune.cc:74: tree pruning end, 1 roots, 278 extra nodes, 0 pruned nodes, max_depth=24
[60]	validation_0-error:0.001381	validation_0-AUC[ROC]:0.143864
[02:02:40] src/tree/updater_prune.cc:74: tree pruning end, 1 roots, 260 extra nodes, 0 pruned nodes, max_depth=21
[61]	validation_0-error:0.001381	validation_0-AUC[ROC]:0.142127
[02:03:03] src/tree/updater_prune.cc:74: tree pruning end, 1 roots, 244 extra nodes, 0 pruned nodes, max_depth=18
[62]	validation_0-error:0.001357	validation_0-AUC[ROC]:0.148319
[02:03:30] src/tree/updater_prune.cc:74: tree pruning end, 1 roots, 246 extra nodes, 0 pruned nodes, max_depth=27
[63]	validation_0-error:0.001381	validation_0-AUC[ROC]:0.147897
[02:03:47] src/tree/updater_prune.cc:74: tree pruning end, 1 roots, 258 extra nodes, 0 pruned nodes, max_depth=18
[64]	validation_0-error:0.001357	validation_0-AUC[ROC]:0.155091
[02:03:57] src/tree/updater_prune.cc:74: tree pruning end, 1 roots, 250 extra nodes, 0 pruned nodes, max_depth=26
[65]	validation_0-error:0.001381	validation_0-AUC[ROC]:0.15946
[02:04:13] src/tree/updater_prune.cc:74: tree pruning end, 1 roots, 254 extra nodes, 0 pruned nodes, max_depth=25
[66]	validation_0-error:0.001357	validation_0-AUC[ROC]:0.161102
[02:04:40] src/tree/updater_prune.cc:74: tree pruning end, 1 roots, 258 extra nodes, 0 pruned nodes, max_depth=24
[67]	validation_0-error:0.001357	validation_0-AUC[ROC]:0.159703
[02:05:11] src/tree/updater_prune.cc:74: tree pruning end, 1 roots, 252 extra nodes, 0 pruned nodes, max_depth=26
[68]	validation_0-error:0.001381	validation_0-AUC[ROC]:0.163574
[02:05:42] src/tree/updater_prune.cc:74: tree pruning end, 1 roots, 238 extra nodes, 0 pruned nodes, max_depth=29
[69]	validation_0-error:0.001381	validation_0-AUC[ROC]:0.165836
[02:06:07] src/tree/updater_prune.cc:74: tree pruning end, 1 roots, 252 extra nodes, 0 pruned nodes, max_depth=21
[70]	validation_0-error:0.001404	validation_0-AUC[ROC]:0.166887
[02:06:38] src/tree/updater_prune.cc:74: tree pruning end, 1 roots, 228 extra nodes, 0 pruned nodes, max_depth=32
[71]	validation_0-error:0.001428	validation_0-AUC[ROC]:0.166655
[02:07:09] src/tree/updater_prune.cc:74: tree pruning end, 1 roots, 252 extra nodes, 0 pruned nodes, max_depth=31
[72]	validation_0-error:0.001428	validation_0-AUC[ROC]:0.161326
[02:07:37] src/tree/updater_prune.cc:74: tree pruning end, 1 roots, 236 extra nodes, 0 pruned nodes, max_depth=21
[73]	validation_0-error:0.001428	validation_0-AUC[ROC]:0.159786
[02:08:09] src/tree/updater_prune.cc:74: tree pruning end, 1 roots, 240 extra nodes, 0 pruned nodes, max_depth=32
[74]	validation_0-error:0.001428	validation_0-AUC[ROC]:0.156508
[02:08:32] src/tree/updater_prune.cc:74: tree pruning end, 1 roots, 218 extra nodes, 0 pruned nodes, max_depth=23
[75]	validation_0-error:0.001404	validation_0-AUC[ROC]:0.154414
[02:08:43] src/tree/updater_prune.cc:74: tree pruning end, 1 roots, 220 extra nodes, 0 pruned nodes, max_depth=16
[76]	validation_0-error:0.001404	validation_0-AUC[ROC]:0.155165
[02:09:06] src/tree/updater_prune.cc:74: tree pruning end, 1 roots, 208 extra nodes, 0 pruned nodes, max_depth=20
[77]	validation_0-error:0.001404	validation_0-AUC[ROC]:0.153657
[02:09:31] src/tree/updater_prune.cc:74: tree pruning end, 1 roots, 214 extra nodes, 0 pruned nodes, max_depth=21
[78]	validation_0-error:0.001428	validation_0-AUC[ROC]:0.156788
[02:09:50] src/tree/updater_prune.cc:74: tree pruning end, 1 roots, 230 extra nodes, 0 pruned nodes, max_depth=21
[79]	validation_0-error:0.001428	validation_0-AUC[ROC]:0.156097
[02:10:24] src/tree/updater_prune.cc:74: tree pruning end, 1 roots, 204 extra nodes, 0 pruned nodes, max_depth=31
[80]	validation_0-error:0.001428	validation_0-AUC[ROC]:0.154824
[02:10:59] src/tree/updater_prune.cc:74: tree pruning end, 1 roots, 214 extra nodes, 0 pruned nodes, max_depth=32
[81]	validation_0-error:0.001428	validation_0-AUC[ROC]:0.154268
[02:11:34] src/tree/updater_prune.cc:74: tree pruning end, 1 roots, 200 extra nodes, 0 pruned nodes, max_depth=33
[82]	validation_0-error:0.001451	validation_0-AUC[ROC]:0.148793
[02:12:04] src/tree/updater_prune.cc:74: tree pruning end, 1 roots, 198 extra nodes, 0 pruned nodes, max_depth=27
[83]	validation_0-error:0.001451	validation_0-AUC[ROC]:0.148442
[02:12:36] src/tree/updater_prune.cc:74: tree pruning end, 1 roots, 210 extra nodes, 0 pruned nodes, max_depth=28
[84]	validation_0-error:0.001451	validation_0-AUC[ROC]:0.14319
[02:13:09] src/tree/updater_prune.cc:74: tree pruning end, 1 roots, 192 extra nodes, 0 pruned nodes, max_depth=31
[85]	validation_0-error:0.001451	validation_0-AUC[ROC]:0.140354
[02:13:39] src/tree/updater_prune.cc:74: tree pruning end, 1 roots, 216 extra nodes, 0 pruned nodes, max_depth=42
[86]	validation_0-error:0.001451	validation_0-AUC[ROC]:0.142816
[02:14:01] src/tree/updater_prune.cc:74: tree pruning end, 1 roots, 202 extra nodes, 0 pruned nodes, max_depth=30
[87]	validation_0-error:0.001451	validation_0-AUC[ROC]:0.139356
[02:14:26] src/tree/updater_prune.cc:74: tree pruning end, 1 roots, 198 extra nodes, 0 pruned nodes, max_depth=35
[88]	validation_0-error:0.001451	validation_0-AUC[ROC]:0.138009
[02:14:51] src/tree/updater_prune.cc:74: tree pruning end, 1 roots, 202 extra nodes, 0 pruned nodes, max_depth=24
[89]	validation_0-error:0.001451	validation_0-AUC[ROC]:0.137139
[02:15:25] src/tree/updater_prune.cc:74: tree pruning end, 1 roots, 198 extra nodes, 0 pruned nodes, max_depth=39
[90]	validation_0-error:0.001451	validation_0-AUC[ROC]:0.136299
[02:16:05] src/tree/updater_prune.cc:74: tree pruning end, 1 roots, 202 extra nodes, 0 pruned nodes, max_depth=41
[91]	validation_0-error:0.001451	validation_0-AUC[ROC]:0.13787
[02:16:28] src/tree/updater_prune.cc:74: tree pruning end, 1 roots, 202 extra nodes, 0 pruned nodes, max_depth=37
[92]	validation_0-error:0.001451	validation_0-AUC[ROC]:0.138667
[02:17:07] src/tree/updater_prune.cc:74: tree pruning end, 1 roots, 208 extra nodes, 0 pruned nodes, max_depth=35
[93]	validation_0-error:0.001451	validation_0-AUC[ROC]:0.140409
[02:17:43] src/tree/updater_prune.cc:74: tree pruning end, 1 roots, 194 extra nodes, 0 pruned nodes, max_depth=41
[94]	validation_0-error:0.001451	validation_0-AUC[ROC]:0.140317
[02:18:19] src/tree/updater_prune.cc:74: tree pruning end, 1 roots, 186 extra nodes, 0 pruned nodes, max_depth=30
[95]	validation_0-error:0.001451	validation_0-AUC[ROC]:0.138861
[02:18:55] src/tree/updater_prune.cc:74: tree pruning end, 1 roots, 202 extra nodes, 0 pruned nodes, max_depth=40
[96]	validation_0-error:0.001451	validation_0-AUC[ROC]:0.139075
[02:19:34] src/tree/updater_prune.cc:74: tree pruning end, 1 roots, 206 extra nodes, 0 pruned nodes, max_depth=35
[97]	validation_0-error:0.001451	validation_0-AUC[ROC]:0.142538
[02:20:16] src/tree/updater_prune.cc:74: tree pruning end, 1 roots, 198 extra nodes, 0 pruned nodes, max_depth=37
[98]	validation_0-error:0.001451	validation_0-AUC[ROC]:0.140648
[02:20:52] src/tree/updater_prune.cc:74: tree pruning end, 1 roots, 176 extra nodes, 0 pruned nodes, max_depth=32
[99]	validation_0-error:0.001451	validation_0-AUC[ROC]:0.140752
[02:21:28] src/tree/updater_prune.cc:74: tree pruning end, 1 roots, 188 extra nodes, 0 pruned nodes, max_depth=35
[100]	validation_0-error:0.001451	validation_0-AUC[ROC]:0.142381
[02:22:10] src/tree/updater_prune.cc:74: tree pruning end, 1 roots, 176 extra nodes, 0 pruned nodes, max_depth=41
[101]	validation_0-error:0.001451	validation_0-AUC[ROC]:0.142133
[02:22:48] src/tree/updater_prune.cc:74: tree pruning end, 1 roots, 198 extra nodes, 0 pruned nodes, max_depth=34
[102]	validation_0-error:0.001451	validation_0-AUC[ROC]:0.140557
[02:23:41] src/tree/updater_prune.cc:74: tree pruning end, 1 roots, 192 extra nodes, 0 pruned nodes, max_depth=50
[103]	validation_0-error:0.001451	validation_0-AUC[ROC]:0.139308
[02:24:15] src/tree/updater_prune.cc:74: tree pruning end, 1 roots, 176 extra nodes, 0 pruned nodes, max_depth=42
[104]	validation_0-error:0.001451	validation_0-AUC[ROC]:0.140003
[02:25:06] src/tree/updater_prune.cc:74: tree pruning end, 1 roots, 188 extra nodes, 0 pruned nodes, max_depth=47
[105]	validation_0-error:0.001451	validation_0-AUC[ROC]:0.143321
[02:25:50] src/tree/updater_prune.cc:74: tree pruning end, 1 roots, 190 extra nodes, 0 pruned nodes, max_depth=40
[106]	validation_0-error:0.001451	validation_0-AUC[ROC]:0.143603
[02:26:27] src/tree/updater_prune.cc:74: tree pruning end, 1 roots, 180 extra nodes, 0 pruned nodes, max_depth=45
[107]	validation_0-error:0.001451	validation_0-AUC[ROC]:0.143516
[02:27:14] src/tree/updater_prune.cc:74: tree pruning end, 1 roots, 194 extra nodes, 0 pruned nodes, max_depth=44
[108]	validation_0-error:0.001451	validation_0-AUC[ROC]:0.144232
[02:28:02] src/tree/updater_prune.cc:74: tree pruning end, 1 roots, 190 extra nodes, 0 pruned nodes, max_depth=45
[109]	validation_0-error:0.001451	validation_0-AUC[ROC]:0.14349
[02:28:48] src/tree/updater_prune.cc:74: tree pruning end, 1 roots, 182 extra nodes, 0 pruned nodes, max_depth=41
[110]	validation_0-error:0.001451	validation_0-AUC[ROC]:0.142409
[02:29:33] src/tree/updater_prune.cc:74: tree pruning end, 1 roots, 180 extra nodes, 0 pruned nodes, max_depth=44
[111]	validation_0-error:0.001428	validation_0-AUC[ROC]:0.141818
[02:30:12] src/tree/updater_prune.cc:74: tree pruning end, 1 roots, 180 extra nodes, 0 pruned nodes, max_depth=35
[112]	validation_0-error:0.001428	validation_0-AUC[ROC]:0.142856
[02:30:39] src/tree/updater_prune.cc:74: tree pruning end, 1 roots, 162 extra nodes, 0 pruned nodes, max_depth=23
[113]	validation_0-error:0.001428	validation_0-AUC[ROC]:0.144051
[02:30:57] src/tree/updater_prune.cc:74: tree pruning end, 1 roots, 156 extra nodes, 0 pruned nodes, max_depth=35
[114]	validation_0-error:0.001428	validation_0-AUC[ROC]:0.142077
[02:31:35] src/tree/updater_prune.cc:74: tree pruning end, 1 roots, 166 extra nodes, 0 pruned nodes, max_depth=38
[115]	validation_0-error:0.001428	validation_0-AUC[ROC]:0.141535
[02:32:05] src/tree/updater_prune.cc:74: tree pruning end, 1 roots, 174 extra nodes, 0 pruned nodes, max_depth=27
[116]	validation_0-error:0.001428	validation_0-AUC[ROC]:0.14064
[02:32:39] src/tree/updater_prune.cc:74: tree pruning end, 1 roots, 164 extra nodes, 0 pruned nodes, max_depth=29
[117]	validation_0-error:0.001428	validation_0-AUC[ROC]:0.139043
[02:33:08] src/tree/updater_prune.cc:74: tree pruning end, 1 roots, 176 extra nodes, 0 pruned nodes, max_depth=25
[118]	validation_0-error:0.001428	validation_0-AUC[ROC]:0.138427
[02:33:39] src/tree/updater_prune.cc:74: tree pruning end, 1 roots, 160 extra nodes, 0 pruned nodes, max_depth=26
[119]	validation_0-error:0.001428	validation_0-AUC[ROC]:0.13933
[02:34:16] src/tree/updater_prune.cc:74: tree pruning end, 1 roots, 174 extra nodes, 0 pruned nodes, max_depth=35
[120]	validation_0-error:0.001428	validation_0-AUC[ROC]:0.140026
[02:34:47] src/tree/updater_prune.cc:74: tree pruning end, 1 roots, 156 extra nodes, 0 pruned nodes, max_depth=29
[121]	validation_0-error:0.001451	validation_0-AUC[ROC]:0.138434
[02:35:32] src/tree/updater_prune.cc:74: tree pruning end, 1 roots, 168 extra nodes, 0 pruned nodes, max_depth=42
[122]	validation_0-error:0.001428	validation_0-AUC[ROC]:0.139519
[02:36:09] src/tree/updater_prune.cc:74: tree pruning end, 1 roots, 160 extra nodes, 0 pruned nodes, max_depth=37
[123]	validation_0-error:0.001451	validation_0-AUC[ROC]:0.140511
[02:36:38] src/tree/updater_prune.cc:74: tree pruning end, 1 roots, 154 extra nodes, 0 pruned nodes, max_depth=27
[124]	validation_0-error:0.001451	validation_0-AUC[ROC]:0.139486
[02:37:09] src/tree/updater_prune.cc:74: tree pruning end, 1 roots, 142 extra nodes, 0 pruned nodes, max_depth=35
[125]	validation_0-error:0.001451	validation_0-AUC[ROC]:0.1388
[02:37:44] src/tree/updater_prune.cc:74: tree pruning end, 1 roots, 154 extra nodes, 0 pruned nodes, max_depth=37
[126]	validation_0-error:0.001428	validation_0-AUC[ROC]:0.13914
[02:38:18] src/tree/updater_prune.cc:74: tree pruning end, 1 roots, 160 extra nodes, 0 pruned nodes, max_depth=30
[127]	validation_0-error:0.001428	validation_0-AUC[ROC]:0.139556
[02:38:45] src/tree/updater_prune.cc:74: tree pruning end, 1 roots, 154 extra nodes, 0 pruned nodes, max_depth=27
[128]	validation_0-error:0.001428	validation_0-AUC[ROC]:0.140337
[02:39:14] src/tree/updater_prune.cc:74: tree pruning end, 1 roots, 148 extra nodes, 0 pruned nodes, max_depth=31
[129]	validation_0-error:0.001428	validation_0-AUC[ROC]:0.1395
[02:39:37] src/tree/updater_prune.cc:74: tree pruning end, 1 roots, 150 extra nodes, 0 pruned nodes, max_depth=26
[130]	validation_0-error:0.001451	validation_0-AUC[ROC]:0.140764
[02:39:45] src/tree/updater_prune.cc:74: tree pruning end, 1 roots, 154 extra nodes, 0 pruned nodes, max_depth=25
[131]	validation_0-error:0.001451	validation_0-AUC[ROC]:0.140963
[02:39:55] src/tree/updater_prune.cc:74: tree pruning end, 1 roots, 148 extra nodes, 0 pruned nodes, max_depth=27
[132]	validation_0-error:0.001451	validation_0-AUC[ROC]:0.141194
[02:40:08] src/tree/updater_prune.cc:74: tree pruning end, 1 roots, 146 extra nodes, 0 pruned nodes, max_depth=27
[133]	validation_0-error:0.001451	validation_0-AUC[ROC]:0.140578
[02:40:34] src/tree/updater_prune.cc:74: tree pruning end, 1 roots, 148 extra nodes, 0 pruned nodes, max_depth=36
[134]	validation_0-error:0.001451	validation_0-AUC[ROC]:0.139853
[02:41:04] src/tree/updater_prune.cc:74: tree pruning end, 1 roots, 134 extra nodes, 0 pruned nodes, max_depth=33
[135]	validation_0-error:0.001451	validation_0-AUC[ROC]:0.138753
[02:41:28] src/tree/updater_prune.cc:74: tree pruning end, 1 roots, 140 extra nodes, 0 pruned nodes, max_depth=28
[136]	validation_0-error:0.001451	validation_0-AUC[ROC]:0.138983
[02:41:50] src/tree/updater_prune.cc:74: tree pruning end, 1 roots, 138 extra nodes, 0 pruned nodes, max_depth=28
[137]	validation_0-error:0.001451	validation_0-AUC[ROC]:0.139844
[02:42:02] src/tree/updater_prune.cc:74: tree pruning end, 1 roots, 134 extra nodes, 0 pruned nodes, max_depth=24
[138]	validation_0-error:0.001428	validation_0-AUC[ROC]:0.139819
[02:42:16] src/tree/updater_prune.cc:74: tree pruning end, 1 roots, 140 extra nodes, 0 pruned nodes, max_depth=37
[139]	validation_0-error:0.001428	validation_0-AUC[ROC]:0.14028
[02:42:29] src/tree/updater_prune.cc:74: tree pruning end, 1 roots, 140 extra nodes, 0 pruned nodes, max_depth=30
[140]	validation_0-error:0.001451	validation_0-AUC[ROC]:0.139915
[02:42:45] src/tree/updater_prune.cc:74: tree pruning end, 1 roots, 132 extra nodes, 0 pruned nodes, max_depth=31
[141]	validation_0-error:0.001428	validation_0-AUC[ROC]:0.140802
[02:43:16] src/tree/updater_prune.cc:74: tree pruning end, 1 roots, 134 extra nodes, 0 pruned nodes, max_depth=25
[142]	validation_0-error:0.001404	validation_0-AUC[ROC]:0.141575
[02:43:32] src/tree/updater_prune.cc:74: tree pruning end, 1 roots, 136 extra nodes, 0 pruned nodes, max_depth=20
[143]	validation_0-error:0.001404	validation_0-AUC[ROC]:0.141138
[02:43:58] src/tree/updater_prune.cc:74: tree pruning end, 1 roots, 146 extra nodes, 0 pruned nodes, max_depth=22
[144]	validation_0-error:0.001428	validation_0-AUC[ROC]:0.142306
[02:44:26] src/tree/updater_prune.cc:74: tree pruning end, 1 roots, 130 extra nodes, 0 pruned nodes, max_depth=24
[145]	validation_0-error:0.001404	validation_0-AUC[ROC]:0.142311
[02:45:04] src/tree/updater_prune.cc:74: tree pruning end, 1 roots, 124 extra nodes, 0 pruned nodes, max_depth=32
[146]	validation_0-error:0.001404	validation_0-AUC[ROC]:0.142395
[02:45:27] src/tree/updater_prune.cc:74: tree pruning end, 1 roots, 108 extra nodes, 0 pruned nodes, max_depth=19
[147]	validation_0-error:0.001404	validation_0-AUC[ROC]:0.14313
[02:46:02] src/tree/updater_prune.cc:74: tree pruning end, 1 roots, 128 extra nodes, 0 pruned nodes, max_depth=29
[148]	validation_0-error:0.001404	validation_0-AUC[ROC]:0.142914
[02:46:36] src/tree/updater_prune.cc:74: tree pruning end, 1 roots, 136 extra nodes, 0 pruned nodes, max_depth=29
[149]	validation_0-error:0.001404	validation_0-AUC[ROC]:0.143005
[02:47:09] src/tree/updater_prune.cc:74: tree pruning end, 1 roots, 132 extra nodes, 0 pruned nodes, max_depth=28
[150]	validation_0-error:0.001404	validation_0-AUC[ROC]:0.143205
[02:47:40] src/tree/updater_prune.cc:74: tree pruning end, 1 roots, 132 extra nodes, 0 pruned nodes, max_depth=25
[151]	validation_0-error:0.001404	validation_0-AUC[ROC]:0.144227
[02:48:18] src/tree/updater_prune.cc:74: tree pruning end, 1 roots, 126 extra nodes, 0 pruned nodes, max_depth=34
[152]	validation_0-error:0.001404	validation_0-AUC[ROC]:0.143718
[02:48:51] src/tree/updater_prune.cc:74: tree pruning end, 1 roots, 124 extra nodes, 0 pruned nodes, max_depth=28
[153]	validation_0-error:0.001404	validation_0-AUC[ROC]:0.143528
[02:49:23] src/tree/updater_prune.cc:74: tree pruning end, 1 roots, 116 extra nodes, 0 pruned nodes, max_depth=28
[154]	validation_0-error:0.001428	validation_0-AUC[ROC]:0.144111
[02:49:53] src/tree/updater_prune.cc:74: tree pruning end, 1 roots, 118 extra nodes, 0 pruned nodes, max_depth=26
[155]	validation_0-error:0.001428	validation_0-AUC[ROC]:0.142984
[02:50:14] src/tree/updater_prune.cc:74: tree pruning end, 1 roots, 138 extra nodes, 0 pruned nodes, max_depth=23
[156]	validation_0-error:0.001428	validation_0-AUC[ROC]:0.143142
[02:50:35] src/tree/updater_prune.cc:74: tree pruning end, 1 roots, 124 extra nodes, 0 pruned nodes, max_depth=24
[157]	validation_0-error:0.001428	validation_0-AUC[ROC]:0.143343
[02:51:02] src/tree/updater_prune.cc:74: tree pruning end, 1 roots, 122 extra nodes, 0 pruned nodes, max_depth=23
[158]	validation_0-error:0.001474	validation_0-AUC[ROC]:0.14418
[02:51:37] src/tree/updater_prune.cc:74: tree pruning end, 1 roots, 126 extra nodes, 0 pruned nodes, max_depth=33
[159]	validation_0-error:0.001474	validation_0-AUC[ROC]:0.14467
[02:52:13] src/tree/updater_prune.cc:74: tree pruning end, 1 roots, 124 extra nodes, 0 pruned nodes, max_depth=35
[160]	validation_0-error:0.001451	validation_0-AUC[ROC]:0.144931
[02:52:36] src/tree/updater_prune.cc:74: tree pruning end, 1 roots, 108 extra nodes, 0 pruned nodes, max_depth=20
[161]	validation_0-error:0.001474	validation_0-AUC[ROC]:0.145351
[02:53:07] src/tree/updater_prune.cc:74: tree pruning end, 1 roots, 108 extra nodes, 0 pruned nodes, max_depth=27
[162]	validation_0-error:0.001474	validation_0-AUC[ROC]:0.145747
[02:53:22] src/tree/updater_prune.cc:74: tree pruning end, 1 roots, 114 extra nodes, 0 pruned nodes, max_depth=23
[163]	validation_0-error:0.001474	validation_0-AUC[ROC]:0.146397
[02:53:55] src/tree/updater_prune.cc:74: tree pruning end, 1 roots, 132 extra nodes, 0 pruned nodes, max_depth=30
[164]	validation_0-error:0.001451	validation_0-AUC[ROC]:0.146719
[02:54:17] src/tree/updater_prune.cc:74: tree pruning end, 1 roots, 102 extra nodes, 0 pruned nodes, max_depth=20
[165]	validation_0-error:0.001498	validation_0-AUC[ROC]:0.146871
[02:54:54] src/tree/updater_prune.cc:74: tree pruning end, 1 roots, 120 extra nodes, 0 pruned nodes, max_depth=37
[166]	validation_0-error:0.001498	validation_0-AUC[ROC]:0.147441
[02:55:24] src/tree/updater_prune.cc:74: tree pruning end, 1 roots, 98 extra nodes, 0 pruned nodes, max_depth=28
[167]	validation_0-error:0.001498	validation_0-AUC[ROC]:0.147295
[02:55:54] src/tree/updater_prune.cc:74: tree pruning end, 1 roots, 118 extra nodes, 0 pruned nodes, max_depth=30
[168]	validation_0-error:0.001498	validation_0-AUC[ROC]:0.147146
[02:56:17] src/tree/updater_prune.cc:74: tree pruning end, 1 roots, 108 extra nodes, 0 pruned nodes, max_depth=20
[169]	validation_0-error:0.001474	validation_0-AUC[ROC]:0.147441
[02:56:46] src/tree/updater_prune.cc:74: tree pruning end, 1 roots, 92 extra nodes, 0 pruned nodes, max_depth=26
[170]	validation_0-error:0.001474	validation_0-AUC[ROC]:0.146227
[02:57:21] src/tree/updater_prune.cc:74: tree pruning end, 1 roots, 100 extra nodes, 0 pruned nodes, max_depth=33
[171]	validation_0-error:0.001451	validation_0-AUC[ROC]:0.146155
[02:57:53] src/tree/updater_prune.cc:74: tree pruning end, 1 roots, 122 extra nodes, 0 pruned nodes, max_depth=28
[172]	validation_0-error:0.001451	validation_0-AUC[ROC]:0.146548
[02:58:23] src/tree/updater_prune.cc:74: tree pruning end, 1 roots, 104 extra nodes, 0 pruned nodes, max_depth=27
[173]	validation_0-error:0.001451	validation_0-AUC[ROC]:0.146526
[02:58:47] src/tree/updater_prune.cc:74: tree pruning end, 1 roots, 108 extra nodes, 0 pruned nodes, max_depth=21
[174]	validation_0-error:0.001451	validation_0-AUC[ROC]:0.145963
[02:59:09] src/tree/updater_prune.cc:74: tree pruning end, 1 roots, 98 extra nodes, 0 pruned nodes, max_depth=22
[175]	validation_0-error:0.001451	validation_0-AUC[ROC]:0.145692
[02:59:32] src/tree/updater_prune.cc:74: tree pruning end, 1 roots, 106 extra nodes, 0 pruned nodes, max_depth=26
[176]	validation_0-error:0.001451	validation_0-AUC[ROC]:0.146572
[02:59:46] src/tree/updater_prune.cc:74: tree pruning end, 1 roots, 108 extra nodes, 0 pruned nodes, max_depth=15
[177]	validation_0-error:0.001428	validation_0-AUC[ROC]:0.14833
[03:00:13] src/tree/updater_prune.cc:74: tree pruning end, 1 roots, 106 extra nodes, 0 pruned nodes, max_depth=28
[178]	validation_0-error:0.001428	validation_0-AUC[ROC]:0.147552
[03:00:41] src/tree/updater_prune.cc:74: tree pruning end, 1 roots, 104 extra nodes, 0 pruned nodes, max_depth=25
[179]	validation_0-error:0.001451	validation_0-AUC[ROC]:0.147903
[03:01:02] src/tree/updater_prune.cc:74: tree pruning end, 1 roots, 102 extra nodes, 0 pruned nodes, max_depth=17
[180]	validation_0-error:0.001451	validation_0-AUC[ROC]:0.148443
[03:01:24] src/tree/updater_prune.cc:74: tree pruning end, 1 roots, 90 extra nodes, 0 pruned nodes, max_depth=21
[181]	validation_0-error:0.001451	validation_0-AUC[ROC]:0.149463
[03:01:54] src/tree/updater_prune.cc:74: tree pruning end, 1 roots, 102 extra nodes, 0 pruned nodes, max_depth=29
[182]	validation_0-error:0.001474	validation_0-AUC[ROC]:0.14874
[03:02:14] src/tree/updater_prune.cc:74: tree pruning end, 1 roots, 104 extra nodes, 0 pruned nodes, max_depth=16
[183]	validation_0-error:0.001474	validation_0-AUC[ROC]:0.148414
[03:02:31] src/tree/updater_prune.cc:74: tree pruning end, 1 roots, 92 extra nodes, 0 pruned nodes, max_depth=14
[184]	validation_0-error:0.001498	validation_0-AUC[ROC]:0.147705
[03:02:55] src/tree/updater_prune.cc:74: tree pruning end, 1 roots, 100 extra nodes, 0 pruned nodes, max_depth=22
[185]	validation_0-error:0.001498	validation_0-AUC[ROC]:0.147617
[03:03:27] src/tree/updater_prune.cc:74: tree pruning end, 1 roots, 108 extra nodes, 0 pruned nodes, max_depth=30
[186]	validation_0-error:0.001474	validation_0-AUC[ROC]:0.147958
[03:03:53] src/tree/updater_prune.cc:74: tree pruning end, 1 roots, 98 extra nodes, 0 pruned nodes, max_depth=28
[187]	validation_0-error:0.001474	validation_0-AUC[ROC]:0.14801
[03:04:09] src/tree/updater_prune.cc:74: tree pruning end, 1 roots, 104 extra nodes, 0 pruned nodes, max_depth=16
[188]	validation_0-error:0.001474	validation_0-AUC[ROC]:0.147994
[03:04:33] src/tree/updater_prune.cc:74: tree pruning end, 1 roots, 96 extra nodes, 0 pruned nodes, max_depth=22
[189]	validation_0-error:0.001498	validation_0-AUC[ROC]:0.147072
[03:04:57] src/tree/updater_prune.cc:74: tree pruning end, 1 roots, 86 extra nodes, 0 pruned nodes, max_depth=22
[190]	validation_0-error:0.001498	validation_0-AUC[ROC]:0.147423
[03:05:12] src/tree/updater_prune.cc:74: tree pruning end, 1 roots, 86 extra nodes, 0 pruned nodes, max_depth=14
[191]	validation_0-error:0.001498	validation_0-AUC[ROC]:0.146683
[03:05:28] src/tree/updater_prune.cc:74: tree pruning end, 1 roots, 100 extra nodes, 0 pruned nodes, max_depth=21
[192]	validation_0-error:0.001498	validation_0-AUC[ROC]:0.14638
[03:05:37] src/tree/updater_prune.cc:74: tree pruning end, 1 roots, 94 extra nodes, 0 pruned nodes, max_depth=19
[193]	validation_0-error:0.001498	validation_0-AUC[ROC]:0.146524
[03:05:48] src/tree/updater_prune.cc:74: tree pruning end, 1 roots, 94 extra nodes, 0 pruned nodes, max_depth=25
[194]	validation_0-error:0.001498	validation_0-AUC[ROC]:0.146628
[03:05:54] src/tree/updater_prune.cc:74: tree pruning end, 1 roots, 88 extra nodes, 0 pruned nodes, max_depth=18
[195]	validation_0-error:0.001498	validation_0-AUC[ROC]:0.146355
[03:06:00] src/tree/updater_prune.cc:74: tree pruning end, 1 roots, 84 extra nodes, 0 pruned nodes, max_depth=27
[196]	validation_0-error:0.001498	validation_0-AUC[ROC]:0.146926
[03:06:04] src/tree/updater_prune.cc:74: tree pruning end, 1 roots, 90 extra nodes, 0 pruned nodes, max_depth=18
[197]	validation_0-error:0.001498	validation_0-AUC[ROC]:0.146891
[03:06:10] src/tree/updater_prune.cc:74: tree pruning end, 1 roots, 90 extra nodes, 0 pruned nodes, max_depth=21
[198]	validation_0-error:0.001498	validation_0-AUC[ROC]:0.146627
[03:06:15] src/tree/updater_prune.cc:74: tree pruning end, 1 roots, 98 extra nodes, 0 pruned nodes, max_depth=24
[199]	validation_0-error:0.001498	validation_0-AUC[ROC]:0.146717
[03:06:21] src/tree/updater_prune.cc:74: tree pruning end, 1 roots, 100 extra nodes, 0 pruned nodes, max_depth=27
[200]	validation_0-error:0.001498	validation_0-AUC[ROC]:0.146326
[03:06:27] src/tree/updater_prune.cc:74: tree pruning end, 1 roots, 94 extra nodes, 0 pruned nodes, max_depth=26
[201]	validation_0-error:0.001498	validation_0-AUC[ROC]:0.146132
[03:06:41] src/tree/updater_prune.cc:74: tree pruning end, 1 roots, 94 extra nodes, 0 pruned nodes, max_depth=19
[202]	validation_0-error:0.001498	validation_0-AUC[ROC]:0.14615
[03:07:11] src/tree/updater_prune.cc:74: tree pruning end, 1 roots, 82 extra nodes, 0 pruned nodes, max_depth=24
[203]	validation_0-error:0.001498	validation_0-AUC[ROC]:0.146238
[03:07:41] src/tree/updater_prune.cc:74: tree pruning end, 1 roots, 96 extra nodes, 0 pruned nodes, max_depth=27
[204]	validation_0-error:0.001498	validation_0-AUC[ROC]:0.146551
[03:08:11] src/tree/updater_prune.cc:74: tree pruning end, 1 roots, 86 extra nodes, 0 pruned nodes, max_depth=25
[205]	validation_0-error:0.001498	validation_0-AUC[ROC]:0.147095
[03:08:34] src/tree/updater_prune.cc:74: tree pruning end, 1 roots, 82 extra nodes, 0 pruned nodes, max_depth=22
[206]	validation_0-error:0.001498	validation_0-AUC[ROC]:0.146919
[03:08:47] src/tree/updater_prune.cc:74: tree pruning end, 1 roots, 88 extra nodes, 0 pruned nodes, max_depth=17
[207]	validation_0-error:0.001498	validation_0-AUC[ROC]:0.146731
[03:09:17] src/tree/updater_prune.cc:74: tree pruning end, 1 roots, 88 extra nodes, 0 pruned nodes, max_depth=29
[208]	validation_0-error:0.001498	validation_0-AUC[ROC]:0.146845
[03:09:37] src/tree/updater_prune.cc:74: tree pruning end, 1 roots, 80 extra nodes, 0 pruned nodes, max_depth=21
[209]	validation_0-error:0.001498	validation_0-AUC[ROC]:0.146859
[03:09:56] src/tree/updater_prune.cc:74: tree pruning end, 1 roots, 84 extra nodes, 0 pruned nodes, max_depth=16
[210]	validation_0-error:0.001498	validation_0-AUC[ROC]:0.146749
[03:10:26] src/tree/updater_prune.cc:74: tree pruning end, 1 roots, 96 extra nodes, 0 pruned nodes, max_depth=27
[211]	validation_0-error:0.001498	validation_0-AUC[ROC]:0.146832
[03:10:53] src/tree/updater_prune.cc:74: tree pruning end, 1 roots, 74 extra nodes, 0 pruned nodes, max_depth=22
[212]	validation_0-error:0.001498	validation_0-AUC[ROC]:0.14608
[03:11:21] src/tree/updater_prune.cc:74: tree pruning end, 1 roots, 92 extra nodes, 0 pruned nodes, max_depth=24
[213]	validation_0-error:0.001498	validation_0-AUC[ROC]:0.146264
[03:11:52] src/tree/updater_prune.cc:74: tree pruning end, 1 roots, 84 extra nodes, 0 pruned nodes, max_depth=25
[214]	validation_0-error:0.001498	validation_0-AUC[ROC]:0.146547
[03:12:07] src/tree/updater_prune.cc:74: tree pruning end, 1 roots, 68 extra nodes, 0 pruned nodes, max_depth=12
[215]	validation_0-error:0.001498	validation_0-AUC[ROC]:0.146091
[03:12:40] src/tree/updater_prune.cc:74: tree pruning end, 1 roots, 82 extra nodes, 0 pruned nodes, max_depth=27
[216]	validation_0-error:0.001474	validation_0-AUC[ROC]:0.146445
[03:13:08] src/tree/updater_prune.cc:74: tree pruning end, 1 roots, 76 extra nodes, 0 pruned nodes, max_depth=24
[217]	validation_0-error:0.001474	validation_0-AUC[ROC]:0.146348
[03:13:34] src/tree/updater_prune.cc:74: tree pruning end, 1 roots, 84 extra nodes, 0 pruned nodes, max_depth=21
[218]	validation_0-error:0.001474	validation_0-AUC[ROC]:0.145906
[03:14:00] src/tree/updater_prune.cc:74: tree pruning end, 1 roots, 72 extra nodes, 0 pruned nodes, max_depth=21
[219]	validation_0-error:0.001474	validation_0-AUC[ROC]:0.145662
[03:14:20] src/tree/updater_prune.cc:74: tree pruning end, 1 roots, 72 extra nodes, 0 pruned nodes, max_depth=16
[220]	validation_0-error:0.001474	validation_0-AUC[ROC]:0.145552
[03:14:47] src/tree/updater_prune.cc:74: tree pruning end, 1 roots, 76 extra nodes, 0 pruned nodes, max_depth=23
[221]	validation_0-error:0.001474	validation_0-AUC[ROC]:0.145707
[03:15:04] src/tree/updater_prune.cc:74: tree pruning end, 1 roots, 84 extra nodes, 0 pruned nodes, max_depth=13
[222]	validation_0-error:0.001498	validation_0-AUC[ROC]:0.145735
[03:15:23] src/tree/updater_prune.cc:74: tree pruning end, 1 roots, 72 extra nodes, 0 pruned nodes, max_depth=14
[223]	validation_0-error:0.001498	validation_0-AUC[ROC]:0.145988
[03:15:37] src/tree/updater_prune.cc:74: tree pruning end, 1 roots, 78 extra nodes, 0 pruned nodes, max_depth=15
[224]	validation_0-error:0.001498	validation_0-AUC[ROC]:0.145704
[03:15:52] src/tree/updater_prune.cc:74: tree pruning end, 1 roots, 76 extra nodes, 0 pruned nodes, max_depth=17
[225]	validation_0-error:0.001498	validation_0-AUC[ROC]:0.145789
[03:16:18] src/tree/updater_prune.cc:74: tree pruning end, 1 roots, 76 extra nodes, 0 pruned nodes, max_depth=21
[226]	validation_0-error:0.001498	validation_0-AUC[ROC]:0.14674
[03:16:37] src/tree/updater_prune.cc:74: tree pruning end, 1 roots, 72 extra nodes, 0 pruned nodes, max_depth=16
[227]	validation_0-error:0.001498	validation_0-AUC[ROC]:0.146994
[03:16:53] src/tree/updater_prune.cc:74: tree pruning end, 1 roots, 80 extra nodes, 0 pruned nodes, max_depth=14
[228]	validation_0-error:0.001498	validation_0-AUC[ROC]:0.146862
[03:17:14] src/tree/updater_prune.cc:74: tree pruning end, 1 roots, 72 extra nodes, 0 pruned nodes, max_depth=18
[229]	validation_0-error:0.001498	validation_0-AUC[ROC]:0.1479
[03:17:32] src/tree/updater_prune.cc:74: tree pruning end, 1 roots, 76 extra nodes, 0 pruned nodes, max_depth=14
[230]	validation_0-error:0.001498	validation_0-AUC[ROC]:0.14799
[03:17:59] src/tree/updater_prune.cc:74: tree pruning end, 1 roots, 90 extra nodes, 0 pruned nodes, max_depth=25
[231]	validation_0-error:0.001498	validation_0-AUC[ROC]:0.147983
[03:18:18] src/tree/updater_prune.cc:74: tree pruning end, 1 roots, 80 extra nodes, 0 pruned nodes, max_depth=16
[232]	validation_0-error:0.001498	validation_0-AUC[ROC]:0.147816
[03:18:35] src/tree/updater_prune.cc:74: tree pruning end, 1 roots, 82 extra nodes, 0 pruned nodes, max_depth=14
[233]	validation_0-error:0.001498	validation_0-AUC[ROC]:0.14857
[03:18:58] src/tree/updater_prune.cc:74: tree pruning end, 1 roots, 74 extra nodes, 0 pruned nodes, max_depth=21
[234]	validation_0-error:0.001498	validation_0-AUC[ROC]:0.149445
[03:19:18] src/tree/updater_prune.cc:74: tree pruning end, 1 roots, 78 extra nodes, 0 pruned nodes, max_depth=16
[235]	validation_0-error:0.001498	validation_0-AUC[ROC]:0.149756
[03:19:40] src/tree/updater_prune.cc:74: tree pruning end, 1 roots, 74 extra nodes, 0 pruned nodes, max_depth=20
[236]	validation_0-error:0.001498	validation_0-AUC[ROC]:0.149434
[03:19:58] src/tree/updater_prune.cc:74: tree pruning end, 1 roots, 68 extra nodes, 0 pruned nodes, max_depth=16
[237]	validation_0-error:0.001498	validation_0-AUC[ROC]:0.149595
[03:20:12] src/tree/updater_prune.cc:74: tree pruning end, 1 roots, 64 extra nodes, 0 pruned nodes, max_depth=11
[238]	validation_0-error:0.001498	validation_0-AUC[ROC]:0.149854
[03:20:33] src/tree/updater_prune.cc:74: tree pruning end, 1 roots, 68 extra nodes, 0 pruned nodes, max_depth=18
[239]	validation_0-error:0.001498	validation_0-AUC[ROC]:0.150222
[03:20:47] src/tree/updater_prune.cc:74: tree pruning end, 1 roots, 74 extra nodes, 0 pruned nodes, max_depth=12
[240]	validation_0-error:0.001498	validation_0-AUC[ROC]:0.149425
[03:21:05] src/tree/updater_prune.cc:74: tree pruning end, 1 roots, 86 extra nodes, 0 pruned nodes, max_depth=16
[241]	validation_0-error:0.001498	validation_0-AUC[ROC]:0.148798
[03:21:30] src/tree/updater_prune.cc:74: tree pruning end, 1 roots, 82 extra nodes, 0 pruned nodes, max_depth=23
[242]	validation_0-error:0.001498	validation_0-AUC[ROC]:0.148768
[03:21:47] src/tree/updater_prune.cc:74: tree pruning end, 1 roots, 76 extra nodes, 0 pruned nodes, max_depth=21
[243]	validation_0-error:0.001498	validation_0-AUC[ROC]:0.148479
[03:22:04] src/tree/updater_prune.cc:74: tree pruning end, 1 roots, 70 extra nodes, 0 pruned nodes, max_depth=18
[244]	validation_0-error:0.001498	validation_0-AUC[ROC]:0.148792
[03:22:23] src/tree/updater_prune.cc:74: tree pruning end, 1 roots, 76 extra nodes, 0 pruned nodes, max_depth=18
[245]	validation_0-error:0.001498	validation_0-AUC[ROC]:0.148597
[03:22:38] src/tree/updater_prune.cc:74: tree pruning end, 1 roots, 70 extra nodes, 0 pruned nodes, max_depth=12
[246]	validation_0-error:0.001498	validation_0-AUC[ROC]:0.148509
[03:23:03] src/tree/updater_prune.cc:74: tree pruning end, 1 roots, 66 extra nodes, 0 pruned nodes, max_depth=22
[247]	validation_0-error:0.001498	validation_0-AUC[ROC]:0.148591
[03:23:21] src/tree/updater_prune.cc:74: tree pruning end, 1 roots, 78 extra nodes, 0 pruned nodes, max_depth=15
[248]	validation_0-error:0.001498	validation_0-AUC[ROC]:0.148495
[03:23:43] src/tree/updater_prune.cc:74: tree pruning end, 1 roots, 72 extra nodes, 0 pruned nodes, max_depth=19
[249]	validation_0-error:0.001498	validation_0-AUC[ROC]:0.148495
[03:24:03] src/tree/updater_prune.cc:74: tree pruning end, 1 roots, 82 extra nodes, 0 pruned nodes, max_depth=17
[250]	validation_0-error:0.001498	validation_0-AUC[ROC]:0.14861
[03:24:25] src/tree/updater_prune.cc:74: tree pruning end, 1 roots, 76 extra nodes, 0 pruned nodes, max_depth=20
[251]	validation_0-error:0.001498	validation_0-AUC[ROC]:0.148646
[03:24:42] src/tree/updater_prune.cc:74: tree pruning end, 1 roots, 70 extra nodes, 0 pruned nodes, max_depth=14
[252]	validation_0-error:0.001498	validation_0-AUC[ROC]:0.148344
[03:25:00] src/tree/updater_prune.cc:74: tree pruning end, 1 roots, 72 extra nodes, 0 pruned nodes, max_depth=15
[253]	validation_0-error:0.001498	validation_0-AUC[ROC]:0.148016
[03:25:26] src/tree/updater_prune.cc:74: tree pruning end, 1 roots, 74 extra nodes, 0 pruned nodes, max_depth=23
[254]	validation_0-error:0.001498	validation_0-AUC[ROC]:0.148111
[03:25:46] src/tree/updater_prune.cc:74: tree pruning end, 1 roots, 64 extra nodes, 0 pruned nodes, max_depth=19
[255]	validation_0-error:0.001498	validation_0-AUC[ROC]:0.148156
[03:26:08] src/tree/updater_prune.cc:74: tree pruning end, 1 roots, 70 extra nodes, 0 pruned nodes, max_depth=18
[256]	validation_0-error:0.001474	validation_0-AUC[ROC]:0.147625
[03:26:30] src/tree/updater_prune.cc:74: tree pruning end, 1 roots, 52 extra nodes, 0 pruned nodes, max_depth=19
[257]	validation_0-error:0.001474	validation_0-AUC[ROC]:0.14734
[03:26:43] src/tree/updater_prune.cc:74: tree pruning end, 1 roots, 64 extra nodes, 0 pruned nodes, max_depth=12
[258]	validation_0-error:0.001498	validation_0-AUC[ROC]:0.147667
[03:26:58] src/tree/updater_prune.cc:74: tree pruning end, 1 roots, 78 extra nodes, 0 pruned nodes, max_depth=26
[259]	validation_0-error:0.001498	validation_0-AUC[ROC]:0.147012
[03:27:07] src/tree/updater_prune.cc:74: tree pruning end, 1 roots, 76 extra nodes, 0 pruned nodes, max_depth=15
[260]	validation_0-error:0.001498	validation_0-AUC[ROC]:0.147472
[03:27:16] src/tree/updater_prune.cc:74: tree pruning end, 1 roots, 68 extra nodes, 0 pruned nodes, max_depth=15
[261]	validation_0-error:0.001474	validation_0-AUC[ROC]:0.147421
[03:27:26] src/tree/updater_prune.cc:74: tree pruning end, 1 roots, 70 extra nodes, 0 pruned nodes, max_depth=16
[262]	validation_0-error:0.001498	validation_0-AUC[ROC]:0.14758
[03:27:32] src/tree/updater_prune.cc:74: tree pruning end, 1 roots, 70 extra nodes, 0 pruned nodes, max_depth=17
[263]	validation_0-error:0.001498	validation_0-AUC[ROC]:0.146724
[03:27:38] src/tree/updater_prune.cc:74: tree pruning end, 1 roots, 66 extra nodes, 0 pruned nodes, max_depth=19
[264]	validation_0-error:0.001498	validation_0-AUC[ROC]:0.146792
[03:27:44] src/tree/updater_prune.cc:74: tree pruning end, 1 roots, 62 extra nodes, 0 pruned nodes, max_depth=18
[265]	validation_0-error:0.001498	validation_0-AUC[ROC]:0.146799
[03:27:50] src/tree/updater_prune.cc:74: tree pruning end, 1 roots, 76 extra nodes, 0 pruned nodes, max_depth=17
[266]	validation_0-error:0.001498	validation_0-AUC[ROC]:0.146872
[03:27:55] src/tree/updater_prune.cc:74: tree pruning end, 1 roots, 70 extra nodes, 0 pruned nodes, max_depth=20
[267]	validation_0-error:0.001498	validation_0-AUC[ROC]:0.146623
[03:28:01] src/tree/updater_prune.cc:74: tree pruning end, 1 roots, 62 extra nodes, 0 pruned nodes, max_depth=19
[268]	validation_0-error:0.001498	validation_0-AUC[ROC]:0.146484
[03:28:07] src/tree/updater_prune.cc:74: tree pruning end, 1 roots, 72 extra nodes, 0 pruned nodes, max_depth=22
[269]	validation_0-error:0.001498	validation_0-AUC[ROC]:0.146337
[03:28:15] src/tree/updater_prune.cc:74: tree pruning end, 1 roots, 66 extra nodes, 0 pruned nodes, max_depth=25
[270]	validation_0-error:0.001498	validation_0-AUC[ROC]:0.146537
[03:28:22] src/tree/updater_prune.cc:74: tree pruning end, 1 roots, 76 extra nodes, 0 pruned nodes, max_depth=19
[271]	validation_0-error:0.001498	validation_0-AUC[ROC]:0.146434
[03:28:27] src/tree/updater_prune.cc:74: tree pruning end, 1 roots, 60 extra nodes, 0 pruned nodes, max_depth=14
[272]	validation_0-error:0.001474	validation_0-AUC[ROC]:0.146331
[03:28:32] src/tree/updater_prune.cc:74: tree pruning end, 1 roots, 58 extra nodes, 0 pruned nodes, max_depth=18
[273]	validation_0-error:0.001498	validation_0-AUC[ROC]:0.146195
[03:28:36] src/tree/updater_prune.cc:74: tree pruning end, 1 roots, 74 extra nodes, 0 pruned nodes, max_depth=14
[274]	validation_0-error:0.001498	validation_0-AUC[ROC]:0.14625
[03:28:41] src/tree/updater_prune.cc:74: tree pruning end, 1 roots, 64 extra nodes, 0 pruned nodes, max_depth=15
[275]	validation_0-error:0.001498	validation_0-AUC[ROC]:0.146488
[03:28:45] src/tree/updater_prune.cc:74: tree pruning end, 1 roots, 62 extra nodes, 0 pruned nodes, max_depth=13
[276]	validation_0-error:0.001498	validation_0-AUC[ROC]:0.14673
[03:28:50] src/tree/updater_prune.cc:74: tree pruning end, 1 roots, 70 extra nodes, 0 pruned nodes, max_depth=16
[277]	validation_0-error:0.001498	validation_0-AUC[ROC]:0.146435
[03:28:55] src/tree/updater_prune.cc:74: tree pruning end, 1 roots, 64 extra nodes, 0 pruned nodes, max_depth=12
[278]	validation_0-error:0.001498	validation_0-AUC[ROC]:0.146506
[03:29:02] src/tree/updater_prune.cc:74: tree pruning end, 1 roots, 60 extra nodes, 0 pruned nodes, max_depth=23
[279]	validation_0-error:0.001498	validation_0-AUC[ROC]:0.146629
[03:29:08] src/tree/updater_prune.cc:74: tree pruning end, 1 roots, 66 extra nodes, 0 pruned nodes, max_depth=20
[280]	validation_0-error:0.001498	validation_0-AUC[ROC]:0.146897
[03:29:13] src/tree/updater_prune.cc:74: tree pruning end, 1 roots, 66 extra nodes, 0 pruned nodes, max_depth=17
[281]	validation_0-error:0.001498	validation_0-AUC[ROC]:0.145969
[03:29:17] src/tree/updater_prune.cc:74: tree pruning end, 1 roots, 64 extra nodes, 0 pruned nodes, max_depth=13
[282]	validation_0-error:0.001498	validation_0-AUC[ROC]:0.145786
[03:29:22] src/tree/updater_prune.cc:74: tree pruning end, 1 roots, 64 extra nodes, 0 pruned nodes, max_depth=16
[283]	validation_0-error:0.001498	validation_0-AUC[ROC]:0.145862
[03:29:26] src/tree/updater_prune.cc:74: tree pruning end, 1 roots, 68 extra nodes, 0 pruned nodes, max_depth=18
[284]	validation_0-error:0.001498	validation_0-AUC[ROC]:0.145925
[03:29:31] src/tree/updater_prune.cc:74: tree pruning end, 1 roots, 78 extra nodes, 0 pruned nodes, max_depth=17
[285]	validation_0-error:0.001498	validation_0-AUC[ROC]:0.145662
[03:29:36] src/tree/updater_prune.cc:74: tree pruning end, 1 roots, 68 extra nodes, 0 pruned nodes, max_depth=19
[286]	validation_0-error:0.001498	validation_0-AUC[ROC]:0.145699
[03:29:40] src/tree/updater_prune.cc:74: tree pruning end, 1 roots, 58 extra nodes, 0 pruned nodes, max_depth=15
[287]	validation_0-error:0.001498	validation_0-AUC[ROC]:0.145931
[03:29:44] src/tree/updater_prune.cc:74: tree pruning end, 1 roots, 62 extra nodes, 0 pruned nodes, max_depth=13
[288]	validation_0-error:0.001498	validation_0-AUC[ROC]:0.146132
[03:29:48] src/tree/updater_prune.cc:74: tree pruning end, 1 roots, 58 extra nodes, 0 pruned nodes, max_depth=15
[289]	validation_0-error:0.001498	validation_0-AUC[ROC]:0.146158
[03:29:52] src/tree/updater_prune.cc:74: tree pruning end, 1 roots, 60 extra nodes, 0 pruned nodes, max_depth=13
[290]	validation_0-error:0.001474	validation_0-AUC[ROC]:0.146113
[03:29:57] src/tree/updater_prune.cc:74: tree pruning end, 1 roots, 64 extra nodes, 0 pruned nodes, max_depth=20
[291]	validation_0-error:0.001474	validation_0-AUC[ROC]:0.146099
[03:30:02] src/tree/updater_prune.cc:74: tree pruning end, 1 roots, 64 extra nodes, 0 pruned nodes, max_depth=16
[292]	validation_0-error:0.001498	validation_0-AUC[ROC]:0.146354
[03:30:06] src/tree/updater_prune.cc:74: tree pruning end, 1 roots, 66 extra nodes, 0 pruned nodes, max_depth=17
[293]	validation_0-error:0.001498	validation_0-AUC[ROC]:0.146466
[03:30:12] src/tree/updater_prune.cc:74: tree pruning end, 1 roots, 58 extra nodes, 0 pruned nodes, max_depth=13
[294]	validation_0-error:0.001474	validation_0-AUC[ROC]:0.146595
[03:30:18] src/tree/updater_prune.cc:74: tree pruning end, 1 roots, 72 extra nodes, 0 pruned nodes, max_depth=21
[295]	validation_0-error:0.001474	validation_0-AUC[ROC]:0.146584
[03:30:23] src/tree/updater_prune.cc:74: tree pruning end, 1 roots, 70 extra nodes, 0 pruned nodes, max_depth=15
[296]	validation_0-error:0.001474	validation_0-AUC[ROC]:0.146605
[03:30:28] src/tree/updater_prune.cc:74: tree pruning end, 1 roots, 50 extra nodes, 0 pruned nodes, max_depth=16
[297]	validation_0-error:0.001474	validation_0-AUC[ROC]:0.146641
[03:30:33] src/tree/updater_prune.cc:74: tree pruning end, 1 roots, 60 extra nodes, 0 pruned nodes, max_depth=13
[298]	validation_0-error:0.001474	validation_0-AUC[ROC]:0.146904
[03:30:42] src/tree/updater_prune.cc:74: tree pruning end, 1 roots, 58 extra nodes, 0 pruned nodes, max_depth=22
[299]	validation_0-error:0.001474	validation_0-AUC[ROC]:0.146969
train precision: 0.662488730905
train roc: 0.991945804587
train hit in top 2563: 300.0 out of 334.0

val precision: 0.121265383604
val roc: 0.873988177025
val hit in top 427: 28.0 out of 55.0

test precision: 0.222621972946
test roc: 0.914279932
test hit in top 427: 35.0 out of 55.0

ratio: 0.02, EF: 33.6363636364,	active: 55.0
ratio: 0.02, NEF: 0.672727272727
ratio: 0.01, EF: 63.6363636364,	active: 55.0
ratio: 0.01, NEF: 0.636363636364
ratio: 0.0015, EF: 242.424242424,	active: 55.0
ratio: 0.0015, NEF: 0.363636363636
ratio: 0.001, EF: 272.727272727,	active: 55.0
ratio: 0.001, NEF: 0.357142857143

