label_name_list  [u'PriA-SSB AS Activity']
train files  ['../datasets/keck_pria/fold_0.csv' '../datasets/keck_pria/fold_1.csv'
 '../datasets/keck_pria/fold_2.csv' '../datasets/keck_pria/fold_3.csv'
 '../datasets/keck_pria/fold_4.csv' '../datasets/keck_pria/fold_5.csv']
val files  ['../datasets/keck_pria/fold_6.csv']
test files  ['../datasets/keck_pria/fold_7.csv']
done data preparation
X_train	 (256389, 1024)
y_train	 (256389, 1)
[22:20:55] src/tree/updater_prune.cc:74: tree pruning end, 1 roots, 0 extra nodes, 0 pruned nodes, max_depth=0
[0]	validation_0-error:0.001287	validation_0-AUC[PR]:0.998713
Multiple eval metrics have been passed: 'validation_0-AUC[PR]' will be used for early stopping.

Will train until validation_0-AUC[PR] hasn't improved in 100 rounds.
[22:20:57] src/tree/updater_prune.cc:74: tree pruning end, 1 roots, 0 extra nodes, 0 pruned nodes, max_depth=0
[1]	validation_0-error:0.001287	validation_0-AUC[PR]:0.998713
[22:20:58] src/tree/updater_prune.cc:74: tree pruning end, 1 roots, 0 extra nodes, 0 pruned nodes, max_depth=0
[2]	validation_0-error:0.001287	validation_0-AUC[PR]:0.998713
[22:20:59] src/tree/updater_prune.cc:74: tree pruning end, 1 roots, 0 extra nodes, 0 pruned nodes, max_depth=0
[3]	validation_0-error:0.001287	validation_0-AUC[PR]:0.998713
[22:21:00] src/tree/updater_prune.cc:74: tree pruning end, 1 roots, 0 extra nodes, 0 pruned nodes, max_depth=0
[4]	validation_0-error:0.001287	validation_0-AUC[PR]:0.998713
[22:21:01] src/tree/updater_prune.cc:74: tree pruning end, 1 roots, 0 extra nodes, 0 pruned nodes, max_depth=0
[5]	validation_0-error:0.001287	validation_0-AUC[PR]:0.998713
[22:21:03] src/tree/updater_prune.cc:74: tree pruning end, 1 roots, 18 extra nodes, 0 pruned nodes, max_depth=7
[6]	validation_0-error:0.001287	validation_0-AUC[PR]:0.987902
[22:21:04] src/tree/updater_prune.cc:74: tree pruning end, 1 roots, 0 extra nodes, 0 pruned nodes, max_depth=0
[7]	validation_0-error:0.001287	validation_0-AUC[PR]:0.987902
[22:21:05] src/tree/updater_prune.cc:74: tree pruning end, 1 roots, 2 extra nodes, 0 pruned nodes, max_depth=1
[8]	validation_0-error:0.001287	validation_0-AUC[PR]:0.985551
[22:21:06] src/tree/updater_prune.cc:74: tree pruning end, 1 roots, 0 extra nodes, 0 pruned nodes, max_depth=0
[9]	validation_0-error:0.001287	validation_0-AUC[PR]:0.985551
[22:21:08] src/tree/updater_prune.cc:74: tree pruning end, 1 roots, 32 extra nodes, 0 pruned nodes, max_depth=10
[10]	validation_0-error:0.001287	validation_0-AUC[PR]:0.91672
[22:21:09] src/tree/updater_prune.cc:74: tree pruning end, 1 roots, 8 extra nodes, 0 pruned nodes, max_depth=4
[11]	validation_0-error:0.001287	validation_0-AUC[PR]:0.929212
[22:21:11] src/tree/updater_prune.cc:74: tree pruning end, 1 roots, 0 extra nodes, 0 pruned nodes, max_depth=0
[12]	validation_0-error:0.001287	validation_0-AUC[PR]:0.929212
[22:21:12] src/tree/updater_prune.cc:74: tree pruning end, 1 roots, 8 extra nodes, 0 pruned nodes, max_depth=4
[13]	validation_0-error:0.001287	validation_0-AUC[PR]:0.930178
[22:21:13] src/tree/updater_prune.cc:74: tree pruning end, 1 roots, 0 extra nodes, 0 pruned nodes, max_depth=0
[14]	validation_0-error:0.001287	validation_0-AUC[PR]:0.930178
[22:21:14] src/tree/updater_prune.cc:74: tree pruning end, 1 roots, 0 extra nodes, 0 pruned nodes, max_depth=0
[15]	validation_0-error:0.001287	validation_0-AUC[PR]:0.930178
[22:21:15] src/tree/updater_prune.cc:74: tree pruning end, 1 roots, 18 extra nodes, 0 pruned nodes, max_depth=6
[16]	validation_0-error:0.001287	validation_0-AUC[PR]:0.908717
[22:21:16] src/tree/updater_prune.cc:74: tree pruning end, 1 roots, 0 extra nodes, 0 pruned nodes, max_depth=0
[17]	validation_0-error:0.001287	validation_0-AUC[PR]:0.908717
[22:21:18] src/tree/updater_prune.cc:74: tree pruning end, 1 roots, 16 extra nodes, 0 pruned nodes, max_depth=6
[18]	validation_0-error:0.001287	validation_0-AUC[PR]:0.90461
[22:21:19] src/tree/updater_prune.cc:74: tree pruning end, 1 roots, 2 extra nodes, 0 pruned nodes, max_depth=1
[19]	validation_0-error:0.001287	validation_0-AUC[PR]:0.902522
[22:21:21] src/tree/updater_prune.cc:74: tree pruning end, 1 roots, 60 extra nodes, 0 pruned nodes, max_depth=10
[20]	validation_0-error:0.001287	validation_0-AUC[PR]:0.870599
[22:21:22] src/tree/updater_prune.cc:74: tree pruning end, 1 roots, 6 extra nodes, 0 pruned nodes, max_depth=3
[21]	validation_0-error:0.001287	validation_0-AUC[PR]:0.871196
[22:21:24] src/tree/updater_prune.cc:74: tree pruning end, 1 roots, 60 extra nodes, 0 pruned nodes, max_depth=10
[22]	validation_0-error:0.001287	validation_0-AUC[PR]:0.898955
[22:21:26] src/tree/updater_prune.cc:74: tree pruning end, 1 roots, 30 extra nodes, 0 pruned nodes, max_depth=10
[23]	validation_0-error:0.001287	validation_0-AUC[PR]:0.886202
[22:21:27] src/tree/updater_prune.cc:74: tree pruning end, 1 roots, 4 extra nodes, 0 pruned nodes, max_depth=2
[24]	validation_0-error:0.001287	validation_0-AUC[PR]:0.885998
[22:21:29] src/tree/updater_prune.cc:74: tree pruning end, 1 roots, 28 extra nodes, 0 pruned nodes, max_depth=10
[25]	validation_0-error:0.001287	validation_0-AUC[PR]:0.896288
[22:21:31] src/tree/updater_prune.cc:74: tree pruning end, 1 roots, 74 extra nodes, 0 pruned nodes, max_depth=10
[26]	validation_0-error:0.001287	validation_0-AUC[PR]:0.889354
[22:21:33] src/tree/updater_prune.cc:74: tree pruning end, 1 roots, 48 extra nodes, 0 pruned nodes, max_depth=10
[27]	validation_0-error:0.001287	validation_0-AUC[PR]:0.898801
[22:21:34] src/tree/updater_prune.cc:74: tree pruning end, 1 roots, 0 extra nodes, 0 pruned nodes, max_depth=0
[28]	validation_0-error:0.001287	validation_0-AUC[PR]:0.898801
[22:21:35] src/tree/updater_prune.cc:74: tree pruning end, 1 roots, 24 extra nodes, 0 pruned nodes, max_depth=10
[29]	validation_0-error:0.001287	validation_0-AUC[PR]:0.896779
[22:21:37] src/tree/updater_prune.cc:74: tree pruning end, 1 roots, 12 extra nodes, 0 pruned nodes, max_depth=4
[30]	validation_0-error:0.001287	validation_0-AUC[PR]:0.895821
[22:21:39] src/tree/updater_prune.cc:74: tree pruning end, 1 roots, 76 extra nodes, 0 pruned nodes, max_depth=10
[31]	validation_0-error:0.001287	validation_0-AUC[PR]:0.893167
[22:21:41] src/tree/updater_prune.cc:74: tree pruning end, 1 roots, 44 extra nodes, 0 pruned nodes, max_depth=10
[32]	validation_0-error:0.001287	validation_0-AUC[PR]:0.901037
[22:21:43] src/tree/updater_prune.cc:74: tree pruning end, 1 roots, 96 extra nodes, 0 pruned nodes, max_depth=10
[33]	validation_0-error:0.001287	validation_0-AUC[PR]:0.901401
[22:21:45] src/tree/updater_prune.cc:74: tree pruning end, 1 roots, 62 extra nodes, 0 pruned nodes, max_depth=10
[34]	validation_0-error:0.001287	validation_0-AUC[PR]:0.897695
[22:21:47] src/tree/updater_prune.cc:74: tree pruning end, 1 roots, 112 extra nodes, 0 pruned nodes, max_depth=10
[35]	validation_0-error:0.001287	validation_0-AUC[PR]:0.898917
[22:21:49] src/tree/updater_prune.cc:74: tree pruning end, 1 roots, 74 extra nodes, 0 pruned nodes, max_depth=10
[36]	validation_0-error:0.001287	validation_0-AUC[PR]:0.901332
[22:21:51] src/tree/updater_prune.cc:74: tree pruning end, 1 roots, 62 extra nodes, 0 pruned nodes, max_depth=10
[37]	validation_0-error:0.001287	validation_0-AUC[PR]:0.89408
[22:21:53] src/tree/updater_prune.cc:74: tree pruning end, 1 roots, 78 extra nodes, 0 pruned nodes, max_depth=10
[38]	validation_0-error:0.001287	validation_0-AUC[PR]:0.889025
[22:21:56] src/tree/updater_prune.cc:74: tree pruning end, 1 roots, 92 extra nodes, 0 pruned nodes, max_depth=10
[39]	validation_0-error:0.001287	validation_0-AUC[PR]:0.887305
[22:21:58] src/tree/updater_prune.cc:74: tree pruning end, 1 roots, 88 extra nodes, 0 pruned nodes, max_depth=10
[40]	validation_0-error:0.001287	validation_0-AUC[PR]:0.885475
[22:22:00] src/tree/updater_prune.cc:74: tree pruning end, 1 roots, 102 extra nodes, 0 pruned nodes, max_depth=10
[41]	validation_0-error:0.001287	validation_0-AUC[PR]:0.882561
[22:22:02] src/tree/updater_prune.cc:74: tree pruning end, 1 roots, 114 extra nodes, 0 pruned nodes, max_depth=10
[42]	validation_0-error:0.001287	validation_0-AUC[PR]:0.880296
[22:22:04] src/tree/updater_prune.cc:74: tree pruning end, 1 roots, 44 extra nodes, 0 pruned nodes, max_depth=10
[43]	validation_0-error:0.001287	validation_0-AUC[PR]:0.880868
[22:22:06] src/tree/updater_prune.cc:74: tree pruning end, 1 roots, 100 extra nodes, 0 pruned nodes, max_depth=10
[44]	validation_0-error:0.001287	validation_0-AUC[PR]:0.876598
[22:22:09] src/tree/updater_prune.cc:74: tree pruning end, 1 roots, 96 extra nodes, 0 pruned nodes, max_depth=10
[45]	validation_0-error:0.001287	validation_0-AUC[PR]:0.874163
[22:22:11] src/tree/updater_prune.cc:74: tree pruning end, 1 roots, 112 extra nodes, 0 pruned nodes, max_depth=10
[46]	validation_0-error:0.001287	validation_0-AUC[PR]:0.87382
[22:22:13] src/tree/updater_prune.cc:74: tree pruning end, 1 roots, 86 extra nodes, 0 pruned nodes, max_depth=10
[47]	validation_0-error:0.001287	validation_0-AUC[PR]:0.873846
[22:22:15] src/tree/updater_prune.cc:74: tree pruning end, 1 roots, 122 extra nodes, 0 pruned nodes, max_depth=10
[48]	validation_0-error:0.001287	validation_0-AUC[PR]:0.875007
[22:22:18] src/tree/updater_prune.cc:74: tree pruning end, 1 roots, 124 extra nodes, 0 pruned nodes, max_depth=10
[49]	validation_0-error:0.001287	validation_0-AUC[PR]:0.866888
[22:22:20] src/tree/updater_prune.cc:74: tree pruning end, 1 roots, 114 extra nodes, 0 pruned nodes, max_depth=10
[50]	validation_0-error:0.001287	validation_0-AUC[PR]:0.869033
[22:22:22] src/tree/updater_prune.cc:74: tree pruning end, 1 roots, 100 extra nodes, 0 pruned nodes, max_depth=10
[51]	validation_0-error:0.001287	validation_0-AUC[PR]:0.869469
[22:22:24] src/tree/updater_prune.cc:74: tree pruning end, 1 roots, 108 extra nodes, 0 pruned nodes, max_depth=10
[52]	validation_0-error:0.001287	validation_0-AUC[PR]:0.872635
[22:22:26] src/tree/updater_prune.cc:74: tree pruning end, 1 roots, 146 extra nodes, 0 pruned nodes, max_depth=10
[53]	validation_0-error:0.001287	validation_0-AUC[PR]:0.868163
[22:22:29] src/tree/updater_prune.cc:74: tree pruning end, 1 roots, 110 extra nodes, 0 pruned nodes, max_depth=10
[54]	validation_0-error:0.001287	validation_0-AUC[PR]:0.871038
[22:22:31] src/tree/updater_prune.cc:74: tree pruning end, 1 roots, 128 extra nodes, 0 pruned nodes, max_depth=10
[55]	validation_0-error:0.001287	validation_0-AUC[PR]:0.873046
[22:22:33] src/tree/updater_prune.cc:74: tree pruning end, 1 roots, 134 extra nodes, 0 pruned nodes, max_depth=10
[56]	validation_0-error:0.001287	validation_0-AUC[PR]:0.870801
[22:22:35] src/tree/updater_prune.cc:74: tree pruning end, 1 roots, 110 extra nodes, 0 pruned nodes, max_depth=10
[57]	validation_0-error:0.001287	validation_0-AUC[PR]:0.873641
[22:22:38] src/tree/updater_prune.cc:74: tree pruning end, 1 roots, 104 extra nodes, 0 pruned nodes, max_depth=10
[58]	validation_0-error:0.001287	validation_0-AUC[PR]:0.869172
[22:22:40] src/tree/updater_prune.cc:74: tree pruning end, 1 roots, 88 extra nodes, 0 pruned nodes, max_depth=10
[59]	validation_0-error:0.001287	validation_0-AUC[PR]:0.865583
[22:22:42] src/tree/updater_prune.cc:74: tree pruning end, 1 roots, 104 extra nodes, 0 pruned nodes, max_depth=10
[60]	validation_0-error:0.001287	validation_0-AUC[PR]:0.864303
[22:22:44] src/tree/updater_prune.cc:74: tree pruning end, 1 roots, 80 extra nodes, 0 pruned nodes, max_depth=10
[61]	validation_0-error:0.001287	validation_0-AUC[PR]:0.867105
[22:22:46] src/tree/updater_prune.cc:74: tree pruning end, 1 roots, 70 extra nodes, 0 pruned nodes, max_depth=10
[62]	validation_0-error:0.001287	validation_0-AUC[PR]:0.864962
[22:22:49] src/tree/updater_prune.cc:74: tree pruning end, 1 roots, 88 extra nodes, 0 pruned nodes, max_depth=10
[63]	validation_0-error:0.001287	validation_0-AUC[PR]:0.864286
[22:22:51] src/tree/updater_prune.cc:74: tree pruning end, 1 roots, 140 extra nodes, 0 pruned nodes, max_depth=10
[64]	validation_0-error:0.001287	validation_0-AUC[PR]:0.862615
[22:22:53] src/tree/updater_prune.cc:74: tree pruning end, 1 roots, 136 extra nodes, 0 pruned nodes, max_depth=10
[65]	validation_0-error:0.001287	validation_0-AUC[PR]:0.860202
[22:22:55] src/tree/updater_prune.cc:74: tree pruning end, 1 roots, 98 extra nodes, 0 pruned nodes, max_depth=10
[66]	validation_0-error:0.001287	validation_0-AUC[PR]:0.858153
[22:22:57] src/tree/updater_prune.cc:74: tree pruning end, 1 roots, 110 extra nodes, 0 pruned nodes, max_depth=10
[67]	validation_0-error:0.001287	validation_0-AUC[PR]:0.855427
[22:23:00] src/tree/updater_prune.cc:74: tree pruning end, 1 roots, 104 extra nodes, 0 pruned nodes, max_depth=10
[68]	validation_0-error:0.001287	validation_0-AUC[PR]:0.85678
[22:23:02] src/tree/updater_prune.cc:74: tree pruning end, 1 roots, 52 extra nodes, 0 pruned nodes, max_depth=10
[69]	validation_0-error:0.001287	validation_0-AUC[PR]:0.855717
[22:23:04] src/tree/updater_prune.cc:74: tree pruning end, 1 roots, 74 extra nodes, 0 pruned nodes, max_depth=10
[70]	validation_0-error:0.001287	validation_0-AUC[PR]:0.857713
[22:23:06] src/tree/updater_prune.cc:74: tree pruning end, 1 roots, 76 extra nodes, 0 pruned nodes, max_depth=10
[71]	validation_0-error:0.001287	validation_0-AUC[PR]:0.859991
[22:23:08] src/tree/updater_prune.cc:74: tree pruning end, 1 roots, 78 extra nodes, 0 pruned nodes, max_depth=10
[72]	validation_0-error:0.001287	validation_0-AUC[PR]:0.858991
[22:23:11] src/tree/updater_prune.cc:74: tree pruning end, 1 roots, 96 extra nodes, 0 pruned nodes, max_depth=10
[73]	validation_0-error:0.001287	validation_0-AUC[PR]:0.860071
[22:23:13] src/tree/updater_prune.cc:74: tree pruning end, 1 roots, 70 extra nodes, 0 pruned nodes, max_depth=10
[74]	validation_0-error:0.001287	validation_0-AUC[PR]:0.860576
[22:23:15] src/tree/updater_prune.cc:74: tree pruning end, 1 roots, 110 extra nodes, 0 pruned nodes, max_depth=10
[75]	validation_0-error:0.001287	validation_0-AUC[PR]:0.858367
[22:23:17] src/tree/updater_prune.cc:74: tree pruning end, 1 roots, 68 extra nodes, 0 pruned nodes, max_depth=10
[76]	validation_0-error:0.001287	validation_0-AUC[PR]:0.856335
[22:23:20] src/tree/updater_prune.cc:74: tree pruning end, 1 roots, 108 extra nodes, 0 pruned nodes, max_depth=10
[77]	validation_0-error:0.001287	validation_0-AUC[PR]:0.854411
[22:23:22] src/tree/updater_prune.cc:74: tree pruning end, 1 roots, 78 extra nodes, 0 pruned nodes, max_depth=10
[78]	validation_0-error:0.001287	validation_0-AUC[PR]:0.851373
[22:23:24] src/tree/updater_prune.cc:74: tree pruning end, 1 roots, 100 extra nodes, 0 pruned nodes, max_depth=10
[79]	validation_0-error:0.001287	validation_0-AUC[PR]:0.848206
[22:23:26] src/tree/updater_prune.cc:74: tree pruning end, 1 roots, 62 extra nodes, 0 pruned nodes, max_depth=10
[80]	validation_0-error:0.001287	validation_0-AUC[PR]:0.84904
[22:23:28] src/tree/updater_prune.cc:74: tree pruning end, 1 roots, 102 extra nodes, 0 pruned nodes, max_depth=10
[81]	validation_0-error:0.001287	validation_0-AUC[PR]:0.850806
[22:23:30] src/tree/updater_prune.cc:74: tree pruning end, 1 roots, 60 extra nodes, 0 pruned nodes, max_depth=10
[82]	validation_0-error:0.001287	validation_0-AUC[PR]:0.852544
[22:23:33] src/tree/updater_prune.cc:74: tree pruning end, 1 roots, 74 extra nodes, 0 pruned nodes, max_depth=10
[83]	validation_0-error:0.001287	validation_0-AUC[PR]:0.853004
[22:23:35] src/tree/updater_prune.cc:74: tree pruning end, 1 roots, 66 extra nodes, 0 pruned nodes, max_depth=10
[84]	validation_0-error:0.001287	validation_0-AUC[PR]:0.851013
[22:23:37] src/tree/updater_prune.cc:74: tree pruning end, 1 roots, 54 extra nodes, 0 pruned nodes, max_depth=10
[85]	validation_0-error:0.001287	validation_0-AUC[PR]:0.850414
[22:23:39] src/tree/updater_prune.cc:74: tree pruning end, 1 roots, 66 extra nodes, 0 pruned nodes, max_depth=10
[86]	validation_0-error:0.001287	validation_0-AUC[PR]:0.851808
[22:23:41] src/tree/updater_prune.cc:74: tree pruning end, 1 roots, 60 extra nodes, 0 pruned nodes, max_depth=10
[87]	validation_0-error:0.001287	validation_0-AUC[PR]:0.852255
[22:23:43] src/tree/updater_prune.cc:74: tree pruning end, 1 roots, 86 extra nodes, 0 pruned nodes, max_depth=10
[88]	validation_0-error:0.001287	validation_0-AUC[PR]:0.854356
[22:23:46] src/tree/updater_prune.cc:74: tree pruning end, 1 roots, 68 extra nodes, 0 pruned nodes, max_depth=10
[89]	validation_0-error:0.001311	validation_0-AUC[PR]:0.854146
[22:23:48] src/tree/updater_prune.cc:74: tree pruning end, 1 roots, 60 extra nodes, 0 pruned nodes, max_depth=10
[90]	validation_0-error:0.001311	validation_0-AUC[PR]:0.854313
[22:23:50] src/tree/updater_prune.cc:74: tree pruning end, 1 roots, 54 extra nodes, 0 pruned nodes, max_depth=10
[91]	validation_0-error:0.001311	validation_0-AUC[PR]:0.853726
[22:23:52] src/tree/updater_prune.cc:74: tree pruning end, 1 roots, 52 extra nodes, 0 pruned nodes, max_depth=10
[92]	validation_0-error:0.001357	validation_0-AUC[PR]:0.853792
[22:23:54] src/tree/updater_prune.cc:74: tree pruning end, 1 roots, 74 extra nodes, 0 pruned nodes, max_depth=10
[93]	validation_0-error:0.001357	validation_0-AUC[PR]:0.854243
[22:23:57] src/tree/updater_prune.cc:74: tree pruning end, 1 roots, 56 extra nodes, 0 pruned nodes, max_depth=10
[94]	validation_0-error:0.001357	validation_0-AUC[PR]:0.854133
[22:23:59] src/tree/updater_prune.cc:74: tree pruning end, 1 roots, 64 extra nodes, 0 pruned nodes, max_depth=10
[95]	validation_0-error:0.001357	validation_0-AUC[PR]:0.841809
[22:24:01] src/tree/updater_prune.cc:74: tree pruning end, 1 roots, 40 extra nodes, 0 pruned nodes, max_depth=10
[96]	validation_0-error:0.001357	validation_0-AUC[PR]:0.842819
[22:24:03] src/tree/updater_prune.cc:74: tree pruning end, 1 roots, 62 extra nodes, 0 pruned nodes, max_depth=10
[97]	validation_0-error:0.001357	validation_0-AUC[PR]:0.849564
[22:24:05] src/tree/updater_prune.cc:74: tree pruning end, 1 roots, 78 extra nodes, 0 pruned nodes, max_depth=10
[98]	validation_0-error:0.001357	validation_0-AUC[PR]:0.85027
[22:24:07] src/tree/updater_prune.cc:74: tree pruning end, 1 roots, 86 extra nodes, 0 pruned nodes, max_depth=10
[99]	validation_0-error:0.001311	validation_0-AUC[PR]:0.850929
[22:24:10] src/tree/updater_prune.cc:74: tree pruning end, 1 roots, 46 extra nodes, 0 pruned nodes, max_depth=10
[100]	validation_0-error:0.001311	validation_0-AUC[PR]:0.85093
[22:24:12] src/tree/updater_prune.cc:74: tree pruning end, 1 roots, 52 extra nodes, 0 pruned nodes, max_depth=10
[101]	validation_0-error:0.001311	validation_0-AUC[PR]:0.850364
[22:24:14] src/tree/updater_prune.cc:74: tree pruning end, 1 roots, 48 extra nodes, 0 pruned nodes, max_depth=10
[102]	validation_0-error:0.001311	validation_0-AUC[PR]:0.844814
[22:24:16] src/tree/updater_prune.cc:74: tree pruning end, 1 roots, 40 extra nodes, 0 pruned nodes, max_depth=10
[103]	validation_0-error:0.001311	validation_0-AUC[PR]:0.845324
[22:24:18] src/tree/updater_prune.cc:74: tree pruning end, 1 roots, 62 extra nodes, 0 pruned nodes, max_depth=10
[104]	validation_0-error:0.001311	validation_0-AUC[PR]:0.841812
[22:24:20] src/tree/updater_prune.cc:74: tree pruning end, 1 roots, 52 extra nodes, 0 pruned nodes, max_depth=10
[105]	validation_0-error:0.001334	validation_0-AUC[PR]:0.842092
[22:24:22] src/tree/updater_prune.cc:74: tree pruning end, 1 roots, 66 extra nodes, 0 pruned nodes, max_depth=10
[106]	validation_0-error:0.001334	validation_0-AUC[PR]:0.826644
[22:24:25] src/tree/updater_prune.cc:74: tree pruning end, 1 roots, 52 extra nodes, 0 pruned nodes, max_depth=10
[107]	validation_0-error:0.001334	validation_0-AUC[PR]:0.826425
[22:24:27] src/tree/updater_prune.cc:74: tree pruning end, 1 roots, 42 extra nodes, 0 pruned nodes, max_depth=10
[108]	validation_0-error:0.001334	validation_0-AUC[PR]:0.826036
[22:24:29] src/tree/updater_prune.cc:74: tree pruning end, 1 roots, 32 extra nodes, 0 pruned nodes, max_depth=10
[109]	validation_0-error:0.001334	validation_0-AUC[PR]:0.826357
[22:24:31] src/tree/updater_prune.cc:74: tree pruning end, 1 roots, 54 extra nodes, 0 pruned nodes, max_depth=10
[110]	validation_0-error:0.001334	validation_0-AUC[PR]:0.825482
[22:24:33] src/tree/updater_prune.cc:74: tree pruning end, 1 roots, 56 extra nodes, 0 pruned nodes, max_depth=10
[111]	validation_0-error:0.001357	validation_0-AUC[PR]:0.825046
[22:24:35] src/tree/updater_prune.cc:74: tree pruning end, 1 roots, 28 extra nodes, 0 pruned nodes, max_depth=10
[112]	validation_0-error:0.001357	validation_0-AUC[PR]:0.824851
[22:24:37] src/tree/updater_prune.cc:74: tree pruning end, 1 roots, 38 extra nodes, 0 pruned nodes, max_depth=10
[113]	validation_0-error:0.001357	validation_0-AUC[PR]:0.824299
[22:24:40] src/tree/updater_prune.cc:74: tree pruning end, 1 roots, 34 extra nodes, 0 pruned nodes, max_depth=10
[114]	validation_0-error:0.001334	validation_0-AUC[PR]:0.824264
[22:24:42] src/tree/updater_prune.cc:74: tree pruning end, 1 roots, 32 extra nodes, 0 pruned nodes, max_depth=10
[115]	validation_0-error:0.001357	validation_0-AUC[PR]:0.824872
[22:24:44] src/tree/updater_prune.cc:74: tree pruning end, 1 roots, 82 extra nodes, 0 pruned nodes, max_depth=10
[116]	validation_0-error:0.001357	validation_0-AUC[PR]:0.826512
[22:24:46] src/tree/updater_prune.cc:74: tree pruning end, 1 roots, 26 extra nodes, 0 pruned nodes, max_depth=10
[117]	validation_0-error:0.001357	validation_0-AUC[PR]:0.826748
[22:24:48] src/tree/updater_prune.cc:74: tree pruning end, 1 roots, 44 extra nodes, 0 pruned nodes, max_depth=10
[118]	validation_0-error:0.001334	validation_0-AUC[PR]:0.825702
[22:24:50] src/tree/updater_prune.cc:74: tree pruning end, 1 roots, 40 extra nodes, 0 pruned nodes, max_depth=10
[119]	validation_0-error:0.001334	validation_0-AUC[PR]:0.824672
[22:24:52] src/tree/updater_prune.cc:74: tree pruning end, 1 roots, 50 extra nodes, 0 pruned nodes, max_depth=10
[120]	validation_0-error:0.001334	validation_0-AUC[PR]:0.824095
[22:24:55] src/tree/updater_prune.cc:74: tree pruning end, 1 roots, 66 extra nodes, 0 pruned nodes, max_depth=10
[121]	validation_0-error:0.001334	validation_0-AUC[PR]:0.825409
[22:24:57] src/tree/updater_prune.cc:74: tree pruning end, 1 roots, 40 extra nodes, 0 pruned nodes, max_depth=10
[122]	validation_0-error:0.001334	validation_0-AUC[PR]:0.823634
[22:24:59] src/tree/updater_prune.cc:74: tree pruning end, 1 roots, 34 extra nodes, 0 pruned nodes, max_depth=10
[123]	validation_0-error:0.001357	validation_0-AUC[PR]:0.823873
[22:25:01] src/tree/updater_prune.cc:74: tree pruning end, 1 roots, 28 extra nodes, 0 pruned nodes, max_depth=10
[124]	validation_0-error:0.001357	validation_0-AUC[PR]:0.823787
[22:25:03] src/tree/updater_prune.cc:74: tree pruning end, 1 roots, 30 extra nodes, 0 pruned nodes, max_depth=10
[125]	validation_0-error:0.001357	validation_0-AUC[PR]:0.823808
[22:25:05] src/tree/updater_prune.cc:74: tree pruning end, 1 roots, 56 extra nodes, 0 pruned nodes, max_depth=10
[126]	validation_0-error:0.001357	validation_0-AUC[PR]:0.823517
[22:25:08] src/tree/updater_prune.cc:74: tree pruning end, 1 roots, 36 extra nodes, 0 pruned nodes, max_depth=10
[127]	validation_0-error:0.001357	validation_0-AUC[PR]:0.823126
[22:25:10] src/tree/updater_prune.cc:74: tree pruning end, 1 roots, 40 extra nodes, 0 pruned nodes, max_depth=10
[128]	validation_0-error:0.001357	validation_0-AUC[PR]:0.824625
[22:25:12] src/tree/updater_prune.cc:74: tree pruning end, 1 roots, 36 extra nodes, 0 pruned nodes, max_depth=10
[129]	validation_0-error:0.001357	validation_0-AUC[PR]:0.82388
[22:25:14] src/tree/updater_prune.cc:74: tree pruning end, 1 roots, 30 extra nodes, 0 pruned nodes, max_depth=10
[130]	validation_0-error:0.001357	validation_0-AUC[PR]:0.824676
[22:25:16] src/tree/updater_prune.cc:74: tree pruning end, 1 roots, 38 extra nodes, 0 pruned nodes, max_depth=10
[131]	validation_0-error:0.001357	validation_0-AUC[PR]:0.825708
[22:25:18] src/tree/updater_prune.cc:74: tree pruning end, 1 roots, 62 extra nodes, 0 pruned nodes, max_depth=10
[132]	validation_0-error:0.001357	validation_0-AUC[PR]:0.825408
[22:25:20] src/tree/updater_prune.cc:74: tree pruning end, 1 roots, 26 extra nodes, 0 pruned nodes, max_depth=10
[133]	validation_0-error:0.001357	validation_0-AUC[PR]:0.8253
[22:25:23] src/tree/updater_prune.cc:74: tree pruning end, 1 roots, 58 extra nodes, 0 pruned nodes, max_depth=10
[134]	validation_0-error:0.001334	validation_0-AUC[PR]:0.825722
[22:25:25] src/tree/updater_prune.cc:74: tree pruning end, 1 roots, 42 extra nodes, 0 pruned nodes, max_depth=10
[135]	validation_0-error:0.001334	validation_0-AUC[PR]:0.825809
[22:25:27] src/tree/updater_prune.cc:74: tree pruning end, 1 roots, 30 extra nodes, 0 pruned nodes, max_depth=10
[136]	validation_0-error:0.001334	validation_0-AUC[PR]:0.826269
[22:25:29] src/tree/updater_prune.cc:74: tree pruning end, 1 roots, 42 extra nodes, 0 pruned nodes, max_depth=10
[137]	validation_0-error:0.001334	validation_0-AUC[PR]:0.825493
[22:25:31] src/tree/updater_prune.cc:74: tree pruning end, 1 roots, 38 extra nodes, 0 pruned nodes, max_depth=10
[138]	validation_0-error:0.001357	validation_0-AUC[PR]:0.814877
[22:25:33] src/tree/updater_prune.cc:74: tree pruning end, 1 roots, 32 extra nodes, 0 pruned nodes, max_depth=10
[139]	validation_0-error:0.001357	validation_0-AUC[PR]:0.816498
[22:25:35] src/tree/updater_prune.cc:74: tree pruning end, 1 roots, 70 extra nodes, 0 pruned nodes, max_depth=10
[140]	validation_0-error:0.001357	validation_0-AUC[PR]:0.816236
[22:25:37] src/tree/updater_prune.cc:74: tree pruning end, 1 roots, 48 extra nodes, 0 pruned nodes, max_depth=10
[141]	validation_0-error:0.001357	validation_0-AUC[PR]:0.816303
[22:25:40] src/tree/updater_prune.cc:74: tree pruning end, 1 roots, 26 extra nodes, 0 pruned nodes, max_depth=10
[142]	validation_0-error:0.001357	validation_0-AUC[PR]:0.817247
[22:25:42] src/tree/updater_prune.cc:74: tree pruning end, 1 roots, 34 extra nodes, 0 pruned nodes, max_depth=10
[143]	validation_0-error:0.001357	validation_0-AUC[PR]:0.816014
[22:25:44] src/tree/updater_prune.cc:74: tree pruning end, 1 roots, 58 extra nodes, 0 pruned nodes, max_depth=10
[144]	validation_0-error:0.001357	validation_0-AUC[PR]:0.816619
[22:25:46] src/tree/updater_prune.cc:74: tree pruning end, 1 roots, 68 extra nodes, 0 pruned nodes, max_depth=10
[145]	validation_0-error:0.001357	validation_0-AUC[PR]:0.816283
[22:25:48] src/tree/updater_prune.cc:74: tree pruning end, 1 roots, 28 extra nodes, 0 pruned nodes, max_depth=10
[146]	validation_0-error:0.001357	validation_0-AUC[PR]:0.816567
[22:25:50] src/tree/updater_prune.cc:74: tree pruning end, 1 roots, 50 extra nodes, 0 pruned nodes, max_depth=10
[147]	validation_0-error:0.001357	validation_0-AUC[PR]:0.817313
[22:25:53] src/tree/updater_prune.cc:74: tree pruning end, 1 roots, 36 extra nodes, 0 pruned nodes, max_depth=10
[148]	validation_0-error:0.001357	validation_0-AUC[PR]:0.818407
[22:25:55] src/tree/updater_prune.cc:74: tree pruning end, 1 roots, 42 extra nodes, 0 pruned nodes, max_depth=10
[149]	validation_0-error:0.001357	validation_0-AUC[PR]:0.82236
[22:25:57] src/tree/updater_prune.cc:74: tree pruning end, 1 roots, 26 extra nodes, 0 pruned nodes, max_depth=10
[150]	validation_0-error:0.001357	validation_0-AUC[PR]:0.822409
[22:25:59] src/tree/updater_prune.cc:74: tree pruning end, 1 roots, 42 extra nodes, 0 pruned nodes, max_depth=10
[151]	validation_0-error:0.001381	validation_0-AUC[PR]:0.823305
[22:26:01] src/tree/updater_prune.cc:74: tree pruning end, 1 roots, 50 extra nodes, 0 pruned nodes, max_depth=10
[152]	validation_0-error:0.001381	validation_0-AUC[PR]:0.822816
[22:26:03] src/tree/updater_prune.cc:74: tree pruning end, 1 roots, 48 extra nodes, 0 pruned nodes, max_depth=10
[153]	validation_0-error:0.001381	validation_0-AUC[PR]:0.826427
[22:26:05] src/tree/updater_prune.cc:74: tree pruning end, 1 roots, 24 extra nodes, 0 pruned nodes, max_depth=10
[154]	validation_0-error:0.001381	validation_0-AUC[PR]:0.825723
[22:26:08] src/tree/updater_prune.cc:74: tree pruning end, 1 roots, 38 extra nodes, 0 pruned nodes, max_depth=10
[155]	validation_0-error:0.001404	validation_0-AUC[PR]:0.82562
[22:26:10] src/tree/updater_prune.cc:74: tree pruning end, 1 roots, 36 extra nodes, 0 pruned nodes, max_depth=10
[156]	validation_0-error:0.001404	validation_0-AUC[PR]:0.823099
[22:26:12] src/tree/updater_prune.cc:74: tree pruning end, 1 roots, 22 extra nodes, 0 pruned nodes, max_depth=10
[157]	validation_0-error:0.001404	validation_0-AUC[PR]:0.823195
[22:26:14] src/tree/updater_prune.cc:74: tree pruning end, 1 roots, 28 extra nodes, 0 pruned nodes, max_depth=10
[158]	validation_0-error:0.001381	validation_0-AUC[PR]:0.823581
[22:26:16] src/tree/updater_prune.cc:74: tree pruning end, 1 roots, 36 extra nodes, 0 pruned nodes, max_depth=10
[159]	validation_0-error:0.001381	validation_0-AUC[PR]:0.823511
[22:26:18] src/tree/updater_prune.cc:74: tree pruning end, 1 roots, 52 extra nodes, 0 pruned nodes, max_depth=10
[160]	validation_0-error:0.001381	validation_0-AUC[PR]:0.82199
[22:26:20] src/tree/updater_prune.cc:74: tree pruning end, 1 roots, 64 extra nodes, 0 pruned nodes, max_depth=10
[161]	validation_0-error:0.001381	validation_0-AUC[PR]:0.822346
[22:26:22] src/tree/updater_prune.cc:74: tree pruning end, 1 roots, 36 extra nodes, 0 pruned nodes, max_depth=10
[162]	validation_0-error:0.001381	validation_0-AUC[PR]:0.82901
[22:26:25] src/tree/updater_prune.cc:74: tree pruning end, 1 roots, 38 extra nodes, 0 pruned nodes, max_depth=10
[163]	validation_0-error:0.001381	validation_0-AUC[PR]:0.829444
[22:26:27] src/tree/updater_prune.cc:74: tree pruning end, 1 roots, 54 extra nodes, 0 pruned nodes, max_depth=10
[164]	validation_0-error:0.001381	validation_0-AUC[PR]:0.828983
[22:26:29] src/tree/updater_prune.cc:74: tree pruning end, 1 roots, 30 extra nodes, 0 pruned nodes, max_depth=10
[165]	validation_0-error:0.001381	validation_0-AUC[PR]:0.82845
[22:26:31] src/tree/updater_prune.cc:74: tree pruning end, 1 roots, 40 extra nodes, 0 pruned nodes, max_depth=10
[166]	validation_0-error:0.001381	validation_0-AUC[PR]:0.82855
[22:26:33] src/tree/updater_prune.cc:74: tree pruning end, 1 roots, 26 extra nodes, 0 pruned nodes, max_depth=10
[167]	validation_0-error:0.001381	validation_0-AUC[PR]:0.828533
[22:26:35] src/tree/updater_prune.cc:74: tree pruning end, 1 roots, 28 extra nodes, 0 pruned nodes, max_depth=10
[168]	validation_0-error:0.001381	validation_0-AUC[PR]:0.828488
[22:26:37] src/tree/updater_prune.cc:74: tree pruning end, 1 roots, 52 extra nodes, 0 pruned nodes, max_depth=10
[169]	validation_0-error:0.001381	validation_0-AUC[PR]:0.827831
[22:26:40] src/tree/updater_prune.cc:74: tree pruning end, 1 roots, 32 extra nodes, 0 pruned nodes, max_depth=10
[170]	validation_0-error:0.001381	validation_0-AUC[PR]:0.827526
[22:26:42] src/tree/updater_prune.cc:74: tree pruning end, 1 roots, 40 extra nodes, 0 pruned nodes, max_depth=10
[171]	validation_0-error:0.001381	validation_0-AUC[PR]:0.828861
[22:26:44] src/tree/updater_prune.cc:74: tree pruning end, 1 roots, 54 extra nodes, 0 pruned nodes, max_depth=10
[172]	validation_0-error:0.001381	validation_0-AUC[PR]:0.828993
[22:26:46] src/tree/updater_prune.cc:74: tree pruning end, 1 roots, 22 extra nodes, 0 pruned nodes, max_depth=10
[173]	validation_0-error:0.001381	validation_0-AUC[PR]:0.829241
[22:26:48] src/tree/updater_prune.cc:74: tree pruning end, 1 roots, 36 extra nodes, 0 pruned nodes, max_depth=10
[174]	validation_0-error:0.001381	validation_0-AUC[PR]:0.82912
[22:26:50] src/tree/updater_prune.cc:74: tree pruning end, 1 roots, 34 extra nodes, 0 pruned nodes, max_depth=10
[175]	validation_0-error:0.001381	validation_0-AUC[PR]:0.828677
[22:26:52] src/tree/updater_prune.cc:74: tree pruning end, 1 roots, 22 extra nodes, 0 pruned nodes, max_depth=10
[176]	validation_0-error:0.001381	validation_0-AUC[PR]:0.828683
[22:26:54] src/tree/updater_prune.cc:74: tree pruning end, 1 roots, 28 extra nodes, 0 pruned nodes, max_depth=10
[177]	validation_0-error:0.001381	validation_0-AUC[PR]:0.829161
[22:26:57] src/tree/updater_prune.cc:74: tree pruning end, 1 roots, 62 extra nodes, 0 pruned nodes, max_depth=10
[178]	validation_0-error:0.001381	validation_0-AUC[PR]:0.828209
[22:26:59] src/tree/updater_prune.cc:74: tree pruning end, 1 roots, 30 extra nodes, 0 pruned nodes, max_depth=10
[179]	validation_0-error:0.001381	validation_0-AUC[PR]:0.828913
[22:27:01] src/tree/updater_prune.cc:74: tree pruning end, 1 roots, 48 extra nodes, 0 pruned nodes, max_depth=10
[180]	validation_0-error:0.001381	validation_0-AUC[PR]:0.822492
[22:27:03] src/tree/updater_prune.cc:74: tree pruning end, 1 roots, 38 extra nodes, 0 pruned nodes, max_depth=10
[181]	validation_0-error:0.001381	validation_0-AUC[PR]:0.822968
[22:27:05] src/tree/updater_prune.cc:74: tree pruning end, 1 roots, 30 extra nodes, 0 pruned nodes, max_depth=10
[182]	validation_0-error:0.001381	validation_0-AUC[PR]:0.822906
[22:27:07] src/tree/updater_prune.cc:74: tree pruning end, 1 roots, 34 extra nodes, 0 pruned nodes, max_depth=10
[183]	validation_0-error:0.001381	validation_0-AUC[PR]:0.822704
[22:27:09] src/tree/updater_prune.cc:74: tree pruning end, 1 roots, 38 extra nodes, 0 pruned nodes, max_depth=10
[184]	validation_0-error:0.001381	validation_0-AUC[PR]:0.823014
[22:27:11] src/tree/updater_prune.cc:74: tree pruning end, 1 roots, 32 extra nodes, 0 pruned nodes, max_depth=10
[185]	validation_0-error:0.001381	validation_0-AUC[PR]:0.823275
[22:27:14] src/tree/updater_prune.cc:74: tree pruning end, 1 roots, 46 extra nodes, 0 pruned nodes, max_depth=10
[186]	validation_0-error:0.001381	validation_0-AUC[PR]:0.82311
[22:27:16] src/tree/updater_prune.cc:74: tree pruning end, 1 roots, 30 extra nodes, 0 pruned nodes, max_depth=10
[187]	validation_0-error:0.001381	validation_0-AUC[PR]:0.823073
[22:27:18] src/tree/updater_prune.cc:74: tree pruning end, 1 roots, 56 extra nodes, 0 pruned nodes, max_depth=10
[188]	validation_0-error:0.001357	validation_0-AUC[PR]:0.827965
[22:27:20] src/tree/updater_prune.cc:74: tree pruning end, 1 roots, 30 extra nodes, 0 pruned nodes, max_depth=10
[189]	validation_0-error:0.001357	validation_0-AUC[PR]:0.828718
[22:27:22] src/tree/updater_prune.cc:74: tree pruning end, 1 roots, 28 extra nodes, 0 pruned nodes, max_depth=10
[190]	validation_0-error:0.001381	validation_0-AUC[PR]:0.829052
[22:27:24] src/tree/updater_prune.cc:74: tree pruning end, 1 roots, 26 extra nodes, 0 pruned nodes, max_depth=10
[191]	validation_0-error:0.001381	validation_0-AUC[PR]:0.828711
[22:27:26] src/tree/updater_prune.cc:74: tree pruning end, 1 roots, 46 extra nodes, 0 pruned nodes, max_depth=10
[192]	validation_0-error:0.001381	validation_0-AUC[PR]:0.821807
[22:27:28] src/tree/updater_prune.cc:74: tree pruning end, 1 roots, 30 extra nodes, 0 pruned nodes, max_depth=10
[193]	validation_0-error:0.001381	validation_0-AUC[PR]:0.821894
[22:27:31] src/tree/updater_prune.cc:74: tree pruning end, 1 roots, 32 extra nodes, 0 pruned nodes, max_depth=10
[194]	validation_0-error:0.001381	validation_0-AUC[PR]:0.821804
[22:27:33] src/tree/updater_prune.cc:74: tree pruning end, 1 roots, 34 extra nodes, 0 pruned nodes, max_depth=10
[195]	validation_0-error:0.001381	validation_0-AUC[PR]:0.821254
[22:27:35] src/tree/updater_prune.cc:74: tree pruning end, 1 roots, 22 extra nodes, 0 pruned nodes, max_depth=10
[196]	validation_0-error:0.001381	validation_0-AUC[PR]:0.821062
[22:27:37] src/tree/updater_prune.cc:74: tree pruning end, 1 roots, 26 extra nodes, 0 pruned nodes, max_depth=10
[197]	validation_0-error:0.001357	validation_0-AUC[PR]:0.821313
[22:27:39] src/tree/updater_prune.cc:74: tree pruning end, 1 roots, 50 extra nodes, 0 pruned nodes, max_depth=10
[198]	validation_0-error:0.001357	validation_0-AUC[PR]:0.820957
[22:27:41] src/tree/updater_prune.cc:74: tree pruning end, 1 roots, 36 extra nodes, 0 pruned nodes, max_depth=10
[199]	validation_0-error:0.001357	validation_0-AUC[PR]:0.821196
[22:27:43] src/tree/updater_prune.cc:74: tree pruning end, 1 roots, 40 extra nodes, 0 pruned nodes, max_depth=10
[200]	validation_0-error:0.001381	validation_0-AUC[PR]:0.820101
[22:27:46] src/tree/updater_prune.cc:74: tree pruning end, 1 roots, 40 extra nodes, 0 pruned nodes, max_depth=10
[201]	validation_0-error:0.001381	validation_0-AUC[PR]:0.820296
[22:27:48] src/tree/updater_prune.cc:74: tree pruning end, 1 roots, 32 extra nodes, 0 pruned nodes, max_depth=10
[202]	validation_0-error:0.001381	validation_0-AUC[PR]:0.820686
[22:27:50] src/tree/updater_prune.cc:74: tree pruning end, 1 roots, 48 extra nodes, 0 pruned nodes, max_depth=10
[203]	validation_0-error:0.001381	validation_0-AUC[PR]:0.820802
[22:27:52] src/tree/updater_prune.cc:74: tree pruning end, 1 roots, 28 extra nodes, 0 pruned nodes, max_depth=10
[204]	validation_0-error:0.001381	validation_0-AUC[PR]:0.821501
[22:27:54] src/tree/updater_prune.cc:74: tree pruning end, 1 roots, 34 extra nodes, 0 pruned nodes, max_depth=10
[205]	validation_0-error:0.001381	validation_0-AUC[PR]:0.821926
[22:27:56] src/tree/updater_prune.cc:74: tree pruning end, 1 roots, 36 extra nodes, 0 pruned nodes, max_depth=10
[206]	validation_0-error:0.001381	validation_0-AUC[PR]:0.822274
[22:27:58] src/tree/updater_prune.cc:74: tree pruning end, 1 roots, 38 extra nodes, 0 pruned nodes, max_depth=10
[207]	validation_0-error:0.001381	validation_0-AUC[PR]:0.821671
[22:28:00] src/tree/updater_prune.cc:74: tree pruning end, 1 roots, 58 extra nodes, 0 pruned nodes, max_depth=10
[208]	validation_0-error:0.001381	validation_0-AUC[PR]:0.821393
[22:28:03] src/tree/updater_prune.cc:74: tree pruning end, 1 roots, 56 extra nodes, 0 pruned nodes, max_depth=10
[209]	validation_0-error:0.001381	validation_0-AUC[PR]:0.823427
[22:28:05] src/tree/updater_prune.cc:74: tree pruning end, 1 roots, 26 extra nodes, 0 pruned nodes, max_depth=10
[210]	validation_0-error:0.001381	validation_0-AUC[PR]:0.823358
[22:28:07] src/tree/updater_prune.cc:74: tree pruning end, 1 roots, 28 extra nodes, 0 pruned nodes, max_depth=10
[211]	validation_0-error:0.001381	validation_0-AUC[PR]:0.821151
[22:28:09] src/tree/updater_prune.cc:74: tree pruning end, 1 roots, 36 extra nodes, 0 pruned nodes, max_depth=10
[212]	validation_0-error:0.001381	validation_0-AUC[PR]:0.823822
[22:28:11] src/tree/updater_prune.cc:74: tree pruning end, 1 roots, 32 extra nodes, 0 pruned nodes, max_depth=10
[213]	validation_0-error:0.001381	validation_0-AUC[PR]:0.823818
[22:28:13] src/tree/updater_prune.cc:74: tree pruning end, 1 roots, 26 extra nodes, 0 pruned nodes, max_depth=10
[214]	validation_0-error:0.001381	validation_0-AUC[PR]:0.824124
[22:28:15] src/tree/updater_prune.cc:74: tree pruning end, 1 roots, 28 extra nodes, 0 pruned nodes, max_depth=10
[215]	validation_0-error:0.001381	validation_0-AUC[PR]:0.823973
[22:28:18] src/tree/updater_prune.cc:74: tree pruning end, 1 roots, 32 extra nodes, 0 pruned nodes, max_depth=10
[216]	validation_0-error:0.001381	validation_0-AUC[PR]:0.823558
[22:28:20] src/tree/updater_prune.cc:74: tree pruning end, 1 roots, 28 extra nodes, 0 pruned nodes, max_depth=10
[217]	validation_0-error:0.001381	validation_0-AUC[PR]:0.8235
[22:28:22] src/tree/updater_prune.cc:74: tree pruning end, 1 roots, 26 extra nodes, 0 pruned nodes, max_depth=10
[218]	validation_0-error:0.001381	validation_0-AUC[PR]:0.82357
[22:28:24] src/tree/updater_prune.cc:74: tree pruning end, 1 roots, 34 extra nodes, 0 pruned nodes, max_depth=10
[219]	validation_0-error:0.001381	validation_0-AUC[PR]:0.82297
[22:28:26] src/tree/updater_prune.cc:74: tree pruning end, 1 roots, 36 extra nodes, 0 pruned nodes, max_depth=10
[220]	validation_0-error:0.001381	validation_0-AUC[PR]:0.823197
[22:28:28] src/tree/updater_prune.cc:74: tree pruning end, 1 roots, 48 extra nodes, 0 pruned nodes, max_depth=10
[221]	validation_0-error:0.001381	validation_0-AUC[PR]:0.824139
[22:28:30] src/tree/updater_prune.cc:74: tree pruning end, 1 roots, 26 extra nodes, 0 pruned nodes, max_depth=10
[222]	validation_0-error:0.001381	validation_0-AUC[PR]:0.825063
[22:28:32] src/tree/updater_prune.cc:74: tree pruning end, 1 roots, 20 extra nodes, 0 pruned nodes, max_depth=10
[223]	validation_0-error:0.001381	validation_0-AUC[PR]:0.824991
[22:28:34] src/tree/updater_prune.cc:74: tree pruning end, 1 roots, 26 extra nodes, 0 pruned nodes, max_depth=10
[224]	validation_0-error:0.001381	validation_0-AUC[PR]:0.824971
[22:28:37] src/tree/updater_prune.cc:74: tree pruning end, 1 roots, 26 extra nodes, 0 pruned nodes, max_depth=10
[225]	validation_0-error:0.001381	validation_0-AUC[PR]:0.824989
[22:28:39] src/tree/updater_prune.cc:74: tree pruning end, 1 roots, 24 extra nodes, 0 pruned nodes, max_depth=10
[226]	validation_0-error:0.001381	validation_0-AUC[PR]:0.824895
[22:28:41] src/tree/updater_prune.cc:74: tree pruning end, 1 roots, 22 extra nodes, 0 pruned nodes, max_depth=10
[227]	validation_0-error:0.001381	validation_0-AUC[PR]:0.824783
[22:28:43] src/tree/updater_prune.cc:74: tree pruning end, 1 roots, 28 extra nodes, 0 pruned nodes, max_depth=10
[228]	validation_0-error:0.001381	validation_0-AUC[PR]:0.825056
[22:28:45] src/tree/updater_prune.cc:74: tree pruning end, 1 roots, 50 extra nodes, 0 pruned nodes, max_depth=10
[229]	validation_0-error:0.001381	validation_0-AUC[PR]:0.824063
[22:28:47] src/tree/updater_prune.cc:74: tree pruning end, 1 roots, 20 extra nodes, 0 pruned nodes, max_depth=10
[230]	validation_0-error:0.001381	validation_0-AUC[PR]:0.823979
[22:28:49] src/tree/updater_prune.cc:74: tree pruning end, 1 roots, 62 extra nodes, 0 pruned nodes, max_depth=10
[231]	validation_0-error:0.001381	validation_0-AUC[PR]:0.82371
[22:28:51] src/tree/updater_prune.cc:74: tree pruning end, 1 roots, 46 extra nodes, 0 pruned nodes, max_depth=10
[232]	validation_0-error:0.001381	validation_0-AUC[PR]:0.823178
[22:28:54] src/tree/updater_prune.cc:74: tree pruning end, 1 roots, 64 extra nodes, 0 pruned nodes, max_depth=10
[233]	validation_0-error:0.001381	validation_0-AUC[PR]:0.823223
[22:28:56] src/tree/updater_prune.cc:74: tree pruning end, 1 roots, 66 extra nodes, 0 pruned nodes, max_depth=10
[234]	validation_0-error:0.001381	validation_0-AUC[PR]:0.822158
[22:28:58] src/tree/updater_prune.cc:74: tree pruning end, 1 roots, 46 extra nodes, 0 pruned nodes, max_depth=10
[235]	validation_0-error:0.001381	validation_0-AUC[PR]:0.821097
[22:29:00] src/tree/updater_prune.cc:74: tree pruning end, 1 roots, 24 extra nodes, 0 pruned nodes, max_depth=10
[236]	validation_0-error:0.001381	validation_0-AUC[PR]:0.821523
[22:29:02] src/tree/updater_prune.cc:74: tree pruning end, 1 roots, 26 extra nodes, 0 pruned nodes, max_depth=10
[237]	validation_0-error:0.001381	validation_0-AUC[PR]:0.821193
[22:29:04] src/tree/updater_prune.cc:74: tree pruning end, 1 roots, 36 extra nodes, 0 pruned nodes, max_depth=10
[238]	validation_0-error:0.001381	validation_0-AUC[PR]:0.821543
Stopping. Best iteration:
[138]	validation_0-error:0.001357	validation_0-AUC[PR]:0.814877

train precision: 0.496671557334
train roc: 0.990505899217
train hit in top 2563: 275.0 out of 334.0

val precision: 0.185122801599
val roc: 0.927104436278
val hit in top 427: 30.0 out of 55.0

test precision: 0.258953242457
test roc: 0.91951886696
test hit in top 427: 35.0 out of 55.0

ratio: 0.02, EF: 32.7272727273,	active: 55.0
ratio: 0.02, NEF: 0.654545454545
ratio: 0.01, EF: 63.6363636364,	active: 55.0
ratio: 0.01, NEF: 0.636363636364
ratio: 0.0015, EF: 290.909090909,	active: 55.0
ratio: 0.0015, NEF: 0.436363636364
ratio: 0.001, EF: 345.454545455,	active: 55.0
ratio: 0.001, NEF: 0.452380952381

