label_name_list  [u'PriA-SSB AS Activity']
train files  ['../datasets/keck_pria/fold_0.csv' '../datasets/keck_pria/fold_1.csv'
 '../datasets/keck_pria/fold_2.csv' '../datasets/keck_pria/fold_3.csv'
 '../datasets/keck_pria/fold_4.csv' '../datasets/keck_pria/fold_5.csv']
val files  ['../datasets/keck_pria/fold_6.csv']
test files  ['../datasets/keck_pria/fold_7.csv']
done data preparation
X_train	 (256389, 1024)
y_train	 (256389, 1)
[02:31:25] src/tree/updater_prune.cc:74: tree pruning end, 1 roots, 0 extra nodes, 0 pruned nodes, max_depth=0
[0]	validation_0-error:0.001287	validation_0-AUC[ROC]:0.5
Multiple eval metrics have been passed: 'validation_0-AUC[ROC]' will be used for early stopping.

Will train until validation_0-AUC[ROC] hasn't improved in 100 rounds.
[02:31:34] src/tree/updater_prune.cc:74: tree pruning end, 1 roots, 18 extra nodes, 0 pruned nodes, max_depth=6
[1]	validation_0-error:0.001287	validation_0-AUC[ROC]:0.405093
[02:31:41] src/tree/updater_prune.cc:74: tree pruning end, 1 roots, 16 extra nodes, 0 pruned nodes, max_depth=6
[2]	validation_0-error:0.001287	validation_0-AUC[ROC]:0.241977
[02:31:44] src/tree/updater_prune.cc:74: tree pruning end, 1 roots, 0 extra nodes, 0 pruned nodes, max_depth=0
[3]	validation_0-error:0.001287	validation_0-AUC[ROC]:0.241977
[02:31:46] src/tree/updater_prune.cc:74: tree pruning end, 1 roots, 0 extra nodes, 0 pruned nodes, max_depth=0
[4]	validation_0-error:0.001287	validation_0-AUC[ROC]:0.241977
[02:31:49] src/tree/updater_prune.cc:74: tree pruning end, 1 roots, 0 extra nodes, 0 pruned nodes, max_depth=0
[5]	validation_0-error:0.001287	validation_0-AUC[ROC]:0.241977
[02:31:58] src/tree/updater_prune.cc:74: tree pruning end, 1 roots, 26 extra nodes, 0 pruned nodes, max_depth=10
[6]	validation_0-error:0.001287	validation_0-AUC[ROC]:0.241904
[02:32:05] src/tree/updater_prune.cc:74: tree pruning end, 1 roots, 16 extra nodes, 0 pruned nodes, max_depth=6
[7]	validation_0-error:0.001287	validation_0-AUC[ROC]:0.244418
[02:32:08] src/tree/updater_prune.cc:74: tree pruning end, 1 roots, 0 extra nodes, 0 pruned nodes, max_depth=0
[8]	validation_0-error:0.001287	validation_0-AUC[ROC]:0.244418
[02:32:18] src/tree/updater_prune.cc:74: tree pruning end, 1 roots, 34 extra nodes, 0 pruned nodes, max_depth=11
[9]	validation_0-error:0.001287	validation_0-AUC[ROC]:0.247172
[02:32:30] src/tree/updater_prune.cc:74: tree pruning end, 1 roots, 46 extra nodes, 0 pruned nodes, max_depth=12
[10]	validation_0-error:0.001287	validation_0-AUC[ROC]:0.23966
[02:32:33] src/tree/updater_prune.cc:74: tree pruning end, 1 roots, 0 extra nodes, 0 pruned nodes, max_depth=0
[11]	validation_0-error:0.001287	validation_0-AUC[ROC]:0.23966
[02:32:47] src/tree/updater_prune.cc:74: tree pruning end, 1 roots, 56 extra nodes, 0 pruned nodes, max_depth=13
[12]	validation_0-error:0.001287	validation_0-AUC[ROC]:0.238454
[02:32:53] src/tree/updater_prune.cc:74: tree pruning end, 1 roots, 10 extra nodes, 0 pruned nodes, max_depth=4
[13]	validation_0-error:0.001287	validation_0-AUC[ROC]:0.215007
[02:33:02] src/tree/updater_prune.cc:74: tree pruning end, 1 roots, 64 extra nodes, 0 pruned nodes, max_depth=11
[14]	validation_0-error:0.001287	validation_0-AUC[ROC]:0.214778
[02:33:11] src/tree/updater_prune.cc:74: tree pruning end, 1 roots, 38 extra nodes, 0 pruned nodes, max_depth=10
[15]	validation_0-error:0.001287	validation_0-AUC[ROC]:0.214974
[02:33:22] src/tree/updater_prune.cc:74: tree pruning end, 1 roots, 64 extra nodes, 0 pruned nodes, max_depth=12
[16]	validation_0-error:0.001287	validation_0-AUC[ROC]:0.214738
[02:33:36] src/tree/updater_prune.cc:74: tree pruning end, 1 roots, 76 extra nodes, 0 pruned nodes, max_depth=16
[17]	validation_0-error:0.001287	validation_0-AUC[ROC]:0.214467
[02:33:39] src/tree/updater_prune.cc:74: tree pruning end, 1 roots, 0 extra nodes, 0 pruned nodes, max_depth=0
[18]	validation_0-error:0.001287	validation_0-AUC[ROC]:0.214467
[02:33:49] src/tree/updater_prune.cc:74: tree pruning end, 1 roots, 70 extra nodes, 0 pruned nodes, max_depth=11
[19]	validation_0-error:0.001287	validation_0-AUC[ROC]:0.214718
[02:34:03] src/tree/updater_prune.cc:74: tree pruning end, 1 roots, 72 extra nodes, 0 pruned nodes, max_depth=15
[20]	validation_0-error:0.001287	validation_0-AUC[ROC]:0.212035
[02:34:13] src/tree/updater_prune.cc:74: tree pruning end, 1 roots, 62 extra nodes, 0 pruned nodes, max_depth=10
[21]	validation_0-error:0.001287	validation_0-AUC[ROC]:0.212141
[02:34:20] src/tree/updater_prune.cc:74: tree pruning end, 1 roots, 24 extra nodes, 0 pruned nodes, max_depth=6
[22]	validation_0-error:0.001287	validation_0-AUC[ROC]:0.215657
[02:34:31] src/tree/updater_prune.cc:74: tree pruning end, 1 roots, 64 extra nodes, 0 pruned nodes, max_depth=13
[23]	validation_0-error:0.001287	validation_0-AUC[ROC]:0.216117
[02:34:48] src/tree/updater_prune.cc:74: tree pruning end, 1 roots, 106 extra nodes, 0 pruned nodes, max_depth=23
[24]	validation_0-error:0.001287	validation_0-AUC[ROC]:0.214378
[02:35:01] src/tree/updater_prune.cc:74: tree pruning end, 1 roots, 106 extra nodes, 0 pruned nodes, max_depth=16
[25]	validation_0-error:0.001287	validation_0-AUC[ROC]:0.193021
[02:35:14] src/tree/updater_prune.cc:74: tree pruning end, 1 roots, 80 extra nodes, 0 pruned nodes, max_depth=14
[26]	validation_0-error:0.001287	validation_0-AUC[ROC]:0.198926
[02:35:28] src/tree/updater_prune.cc:74: tree pruning end, 1 roots, 62 extra nodes, 0 pruned nodes, max_depth=19
[27]	validation_0-error:0.001287	validation_0-AUC[ROC]:0.163079
[02:35:42] src/tree/updater_prune.cc:74: tree pruning end, 1 roots, 76 extra nodes, 0 pruned nodes, max_depth=16
[28]	validation_0-error:0.001287	validation_0-AUC[ROC]:0.163197
[02:35:52] src/tree/updater_prune.cc:74: tree pruning end, 1 roots, 104 extra nodes, 0 pruned nodes, max_depth=14
[29]	validation_0-error:0.001287	validation_0-AUC[ROC]:0.132739
[02:36:04] src/tree/updater_prune.cc:74: tree pruning end, 1 roots, 122 extra nodes, 0 pruned nodes, max_depth=12
[30]	validation_0-error:0.001287	validation_0-AUC[ROC]:0.142569
[02:36:16] src/tree/updater_prune.cc:74: tree pruning end, 1 roots, 84 extra nodes, 0 pruned nodes, max_depth=11
[31]	validation_0-error:0.001287	validation_0-AUC[ROC]:0.146648
[02:36:29] src/tree/updater_prune.cc:74: tree pruning end, 1 roots, 90 extra nodes, 0 pruned nodes, max_depth=12
[32]	validation_0-error:0.001287	validation_0-AUC[ROC]:0.149261
[02:36:44] src/tree/updater_prune.cc:74: tree pruning end, 1 roots, 136 extra nodes, 0 pruned nodes, max_depth=15
[33]	validation_0-error:0.001287	validation_0-AUC[ROC]:0.147795
[02:36:59] src/tree/updater_prune.cc:74: tree pruning end, 1 roots, 122 extra nodes, 0 pruned nodes, max_depth=14
[34]	validation_0-error:0.001287	validation_0-AUC[ROC]:0.132078
[02:37:10] src/tree/updater_prune.cc:74: tree pruning end, 1 roots, 92 extra nodes, 0 pruned nodes, max_depth=13
[35]	validation_0-error:0.001287	validation_0-AUC[ROC]:0.127998
[02:37:23] src/tree/updater_prune.cc:74: tree pruning end, 1 roots, 96 extra nodes, 0 pruned nodes, max_depth=19
[36]	validation_0-error:0.001287	validation_0-AUC[ROC]:0.131721
[02:37:40] src/tree/updater_prune.cc:74: tree pruning end, 1 roots, 132 extra nodes, 0 pruned nodes, max_depth=15
[37]	validation_0-error:0.001287	validation_0-AUC[ROC]:0.121848
[02:37:57] src/tree/updater_prune.cc:74: tree pruning end, 1 roots, 126 extra nodes, 0 pruned nodes, max_depth=18
[38]	validation_0-error:0.001287	validation_0-AUC[ROC]:0.116287
[02:38:14] src/tree/updater_prune.cc:74: tree pruning end, 1 roots, 152 extra nodes, 0 pruned nodes, max_depth=17
[39]	validation_0-error:0.001287	validation_0-AUC[ROC]:0.11684
[02:38:34] src/tree/updater_prune.cc:74: tree pruning end, 1 roots, 188 extra nodes, 0 pruned nodes, max_depth=20
[40]	validation_0-error:0.001287	validation_0-AUC[ROC]:0.078929
[02:38:47] src/tree/updater_prune.cc:74: tree pruning end, 1 roots, 154 extra nodes, 0 pruned nodes, max_depth=15
[41]	validation_0-error:0.001287	validation_0-AUC[ROC]:0.079845
[02:39:03] src/tree/updater_prune.cc:74: tree pruning end, 1 roots, 120 extra nodes, 0 pruned nodes, max_depth=15
[42]	validation_0-error:0.001287	validation_0-AUC[ROC]:0.074302
[02:39:25] src/tree/updater_prune.cc:74: tree pruning end, 1 roots, 176 extra nodes, 0 pruned nodes, max_depth=21
[43]	validation_0-error:0.001287	validation_0-AUC[ROC]:0.072276
[02:39:37] src/tree/updater_prune.cc:74: tree pruning end, 1 roots, 136 extra nodes, 0 pruned nodes, max_depth=12
[44]	validation_0-error:0.001287	validation_0-AUC[ROC]:0.06955
[02:40:00] src/tree/updater_prune.cc:74: tree pruning end, 1 roots, 156 extra nodes, 0 pruned nodes, max_depth=25
[45]	validation_0-error:0.001287	validation_0-AUC[ROC]:0.070977
[02:40:19] src/tree/updater_prune.cc:74: tree pruning end, 1 roots, 160 extra nodes, 0 pruned nodes, max_depth=17
[46]	validation_0-error:0.001264	validation_0-AUC[ROC]:0.067901
[02:40:39] src/tree/updater_prune.cc:74: tree pruning end, 1 roots, 172 extra nodes, 0 pruned nodes, max_depth=18
[47]	validation_0-error:0.001264	validation_0-AUC[ROC]:0.065102
[02:41:00] src/tree/updater_prune.cc:74: tree pruning end, 1 roots, 166 extra nodes, 0 pruned nodes, max_depth=19
[48]	validation_0-error:0.001264	validation_0-AUC[ROC]:0.063098
[02:41:13] src/tree/updater_prune.cc:74: tree pruning end, 1 roots, 126 extra nodes, 0 pruned nodes, max_depth=13
[49]	validation_0-error:0.001264	validation_0-AUC[ROC]:0.0616
[02:41:30] src/tree/updater_prune.cc:74: tree pruning end, 1 roots, 152 extra nodes, 0 pruned nodes, max_depth=14
[50]	validation_0-error:0.001264	validation_0-AUC[ROC]:0.059858
[02:41:52] src/tree/updater_prune.cc:74: tree pruning end, 1 roots, 170 extra nodes, 0 pruned nodes, max_depth=19
[51]	validation_0-error:0.001264	validation_0-AUC[ROC]:0.059765
[02:42:18] src/tree/updater_prune.cc:74: tree pruning end, 1 roots, 160 extra nodes, 0 pruned nodes, max_depth=23
[52]	validation_0-error:0.001264	validation_0-AUC[ROC]:0.060978
[02:42:43] src/tree/updater_prune.cc:74: tree pruning end, 1 roots, 172 extra nodes, 0 pruned nodes, max_depth=24
[53]	validation_0-error:0.001264	validation_0-AUC[ROC]:0.059428
[02:43:07] src/tree/updater_prune.cc:74: tree pruning end, 1 roots, 168 extra nodes, 0 pruned nodes, max_depth=21
[54]	validation_0-error:0.001264	validation_0-AUC[ROC]:0.060496
[02:43:28] src/tree/updater_prune.cc:74: tree pruning end, 1 roots, 180 extra nodes, 0 pruned nodes, max_depth=18
[55]	validation_0-error:0.001264	validation_0-AUC[ROC]:0.062201
[02:43:57] src/tree/updater_prune.cc:74: tree pruning end, 1 roots, 208 extra nodes, 0 pruned nodes, max_depth=29
[56]	validation_0-error:0.001264	validation_0-AUC[ROC]:0.062807
[02:44:18] src/tree/updater_prune.cc:74: tree pruning end, 1 roots, 156 extra nodes, 0 pruned nodes, max_depth=19
[57]	validation_0-error:0.001264	validation_0-AUC[ROC]:0.060171
[02:44:41] src/tree/updater_prune.cc:74: tree pruning end, 1 roots, 154 extra nodes, 0 pruned nodes, max_depth=23
[58]	validation_0-error:0.001264	validation_0-AUC[ROC]:0.062317
[02:45:01] src/tree/updater_prune.cc:74: tree pruning end, 1 roots, 140 extra nodes, 0 pruned nodes, max_depth=17
[59]	validation_0-error:0.001264	validation_0-AUC[ROC]:0.062546
[02:45:32] src/tree/updater_prune.cc:74: tree pruning end, 1 roots, 164 extra nodes, 0 pruned nodes, max_depth=33
[60]	validation_0-error:0.001264	validation_0-AUC[ROC]:0.064768
[02:45:56] src/tree/updater_prune.cc:74: tree pruning end, 1 roots, 162 extra nodes, 0 pruned nodes, max_depth=26
[61]	validation_0-error:0.001264	validation_0-AUC[ROC]:0.063249
[02:46:24] src/tree/updater_prune.cc:74: tree pruning end, 1 roots, 156 extra nodes, 0 pruned nodes, max_depth=28
[62]	validation_0-error:0.001264	validation_0-AUC[ROC]:0.065136
[02:46:42] src/tree/updater_prune.cc:74: tree pruning end, 1 roots, 138 extra nodes, 0 pruned nodes, max_depth=17
[63]	validation_0-error:0.001264	validation_0-AUC[ROC]:0.065485
[02:47:04] src/tree/updater_prune.cc:74: tree pruning end, 1 roots, 168 extra nodes, 0 pruned nodes, max_depth=22
[64]	validation_0-error:0.001264	validation_0-AUC[ROC]:0.064784
[02:47:30] src/tree/updater_prune.cc:74: tree pruning end, 1 roots, 146 extra nodes, 0 pruned nodes, max_depth=26
[65]	validation_0-error:0.00124	validation_0-AUC[ROC]:0.064955
[02:47:55] src/tree/updater_prune.cc:74: tree pruning end, 1 roots, 162 extra nodes, 0 pruned nodes, max_depth=24
[66]	validation_0-error:0.001264	validation_0-AUC[ROC]:0.059124
[02:48:20] src/tree/updater_prune.cc:74: tree pruning end, 1 roots, 152 extra nodes, 0 pruned nodes, max_depth=23
[67]	validation_0-error:0.001287	validation_0-AUC[ROC]:0.062
[02:48:44] src/tree/updater_prune.cc:74: tree pruning end, 1 roots, 152 extra nodes, 0 pruned nodes, max_depth=28
[68]	validation_0-error:0.001287	validation_0-AUC[ROC]:0.063146
[02:49:07] src/tree/updater_prune.cc:74: tree pruning end, 1 roots, 172 extra nodes, 0 pruned nodes, max_depth=23
[69]	validation_0-error:0.001287	validation_0-AUC[ROC]:0.060215
[02:49:35] src/tree/updater_prune.cc:74: tree pruning end, 1 roots, 146 extra nodes, 0 pruned nodes, max_depth=31
[70]	validation_0-error:0.001264	validation_0-AUC[ROC]:0.057811
[02:49:48] src/tree/updater_prune.cc:74: tree pruning end, 1 roots, 132 extra nodes, 0 pruned nodes, max_depth=19
[71]	validation_0-error:0.001264	validation_0-AUC[ROC]:0.057501
[02:50:17] src/tree/updater_prune.cc:74: tree pruning end, 1 roots, 136 extra nodes, 0 pruned nodes, max_depth=33
[72]	validation_0-error:0.001264	validation_0-AUC[ROC]:0.0588
[02:50:40] src/tree/updater_prune.cc:74: tree pruning end, 1 roots, 140 extra nodes, 0 pruned nodes, max_depth=21
[73]	validation_0-error:0.001264	validation_0-AUC[ROC]:0.057981
[02:51:01] src/tree/updater_prune.cc:74: tree pruning end, 1 roots, 136 extra nodes, 0 pruned nodes, max_depth=19
[74]	validation_0-error:0.001264	validation_0-AUC[ROC]:0.060044
[02:51:22] src/tree/updater_prune.cc:74: tree pruning end, 1 roots, 142 extra nodes, 0 pruned nodes, max_depth=22
[75]	validation_0-error:0.001264	validation_0-AUC[ROC]:0.060825
[02:51:44] src/tree/updater_prune.cc:74: tree pruning end, 1 roots, 150 extra nodes, 0 pruned nodes, max_depth=23
[76]	validation_0-error:0.001264	validation_0-AUC[ROC]:0.06169
[02:52:06] src/tree/updater_prune.cc:74: tree pruning end, 1 roots, 128 extra nodes, 0 pruned nodes, max_depth=24
[77]	validation_0-error:0.001264	validation_0-AUC[ROC]:0.06352
[02:52:29] src/tree/updater_prune.cc:74: tree pruning end, 1 roots, 114 extra nodes, 0 pruned nodes, max_depth=25
[78]	validation_0-error:0.001287	validation_0-AUC[ROC]:0.064887
[02:52:50] src/tree/updater_prune.cc:74: tree pruning end, 1 roots, 146 extra nodes, 0 pruned nodes, max_depth=28
[79]	validation_0-error:0.001287	validation_0-AUC[ROC]:0.067198
[02:53:07] src/tree/updater_prune.cc:74: tree pruning end, 1 roots, 136 extra nodes, 0 pruned nodes, max_depth=17
[80]	validation_0-error:0.001287	validation_0-AUC[ROC]:0.061899
[02:53:26] src/tree/updater_prune.cc:74: tree pruning end, 1 roots, 120 extra nodes, 0 pruned nodes, max_depth=20
[81]	validation_0-error:0.001264	validation_0-AUC[ROC]:0.064081
[02:53:41] src/tree/updater_prune.cc:74: tree pruning end, 1 roots, 118 extra nodes, 0 pruned nodes, max_depth=12
[82]	validation_0-error:0.001287	validation_0-AUC[ROC]:0.064075
[02:54:06] src/tree/updater_prune.cc:74: tree pruning end, 1 roots, 134 extra nodes, 0 pruned nodes, max_depth=27
[83]	validation_0-error:0.001287	validation_0-AUC[ROC]:0.066378
[02:54:27] src/tree/updater_prune.cc:74: tree pruning end, 1 roots, 130 extra nodes, 0 pruned nodes, max_depth=20
[84]	validation_0-error:0.001287	validation_0-AUC[ROC]:0.06939
[02:54:49] src/tree/updater_prune.cc:74: tree pruning end, 1 roots, 126 extra nodes, 0 pruned nodes, max_depth=22
[85]	validation_0-error:0.001287	validation_0-AUC[ROC]:0.072632
[02:55:06] src/tree/updater_prune.cc:74: tree pruning end, 1 roots, 124 extra nodes, 0 pruned nodes, max_depth=18
[86]	validation_0-error:0.001287	validation_0-AUC[ROC]:0.073977
[02:55:29] src/tree/updater_prune.cc:74: tree pruning end, 1 roots, 144 extra nodes, 0 pruned nodes, max_depth=22
[87]	validation_0-error:0.001287	validation_0-AUC[ROC]:0.0751
[02:55:51] src/tree/updater_prune.cc:74: tree pruning end, 1 roots, 128 extra nodes, 0 pruned nodes, max_depth=22
[88]	validation_0-error:0.001287	validation_0-AUC[ROC]:0.074811
[02:56:03] src/tree/updater_prune.cc:74: tree pruning end, 1 roots, 140 extra nodes, 0 pruned nodes, max_depth=20
[89]	validation_0-error:0.001287	validation_0-AUC[ROC]:0.075179
[02:56:15] src/tree/updater_prune.cc:74: tree pruning end, 1 roots, 120 extra nodes, 0 pruned nodes, max_depth=24
[90]	validation_0-error:0.001287	validation_0-AUC[ROC]:0.077216
[02:56:28] src/tree/updater_prune.cc:74: tree pruning end, 1 roots, 134 extra nodes, 0 pruned nodes, max_depth=25
[91]	validation_0-error:0.001287	validation_0-AUC[ROC]:0.07965
[02:56:38] src/tree/updater_prune.cc:74: tree pruning end, 1 roots, 124 extra nodes, 0 pruned nodes, max_depth=17
[92]	validation_0-error:0.001287	validation_0-AUC[ROC]:0.082641
[02:56:50] src/tree/updater_prune.cc:74: tree pruning end, 1 roots, 118 extra nodes, 0 pruned nodes, max_depth=22
[93]	validation_0-error:0.001287	validation_0-AUC[ROC]:0.082467
[02:57:09] src/tree/updater_prune.cc:74: tree pruning end, 1 roots, 134 extra nodes, 0 pruned nodes, max_depth=25
[94]	validation_0-error:0.001264	validation_0-AUC[ROC]:0.085468
[02:57:20] src/tree/updater_prune.cc:74: tree pruning end, 1 roots, 106 extra nodes, 0 pruned nodes, max_depth=15
[95]	validation_0-error:0.001287	validation_0-AUC[ROC]:0.086263
[02:57:39] src/tree/updater_prune.cc:74: tree pruning end, 1 roots, 126 extra nodes, 0 pruned nodes, max_depth=22
[96]	validation_0-error:0.00124	validation_0-AUC[ROC]:0.083799
[02:57:58] src/tree/updater_prune.cc:74: tree pruning end, 1 roots, 122 extra nodes, 0 pruned nodes, max_depth=19
[97]	validation_0-error:0.001264	validation_0-AUC[ROC]:0.084943
[02:58:12] src/tree/updater_prune.cc:74: tree pruning end, 1 roots, 106 extra nodes, 0 pruned nodes, max_depth=15
[98]	validation_0-error:0.001264	validation_0-AUC[ROC]:0.085711
[02:58:29] src/tree/updater_prune.cc:74: tree pruning end, 1 roots, 122 extra nodes, 0 pruned nodes, max_depth=24
[99]	validation_0-error:0.00124	validation_0-AUC[ROC]:0.084973
[02:58:49] src/tree/updater_prune.cc:74: tree pruning end, 1 roots, 114 extra nodes, 0 pruned nodes, max_depth=22
[100]	validation_0-error:0.00124	validation_0-AUC[ROC]:0.085097
[02:59:03] src/tree/updater_prune.cc:74: tree pruning end, 1 roots, 140 extra nodes, 0 pruned nodes, max_depth=30
[101]	validation_0-error:0.001217	validation_0-AUC[ROC]:0.085086
[02:59:20] src/tree/updater_prune.cc:74: tree pruning end, 1 roots, 132 extra nodes, 0 pruned nodes, max_depth=21
[102]	validation_0-error:0.001264	validation_0-AUC[ROC]:0.084347
[02:59:36] src/tree/updater_prune.cc:74: tree pruning end, 1 roots, 122 extra nodes, 0 pruned nodes, max_depth=15
[103]	validation_0-error:0.001264	validation_0-AUC[ROC]:0.086291
[02:59:53] src/tree/updater_prune.cc:74: tree pruning end, 1 roots, 116 extra nodes, 0 pruned nodes, max_depth=18
[104]	validation_0-error:0.00124	validation_0-AUC[ROC]:0.08562
[03:00:13] src/tree/updater_prune.cc:74: tree pruning end, 1 roots, 114 extra nodes, 0 pruned nodes, max_depth=21
[105]	validation_0-error:0.001264	validation_0-AUC[ROC]:0.087884
[03:00:41] src/tree/updater_prune.cc:74: tree pruning end, 1 roots, 130 extra nodes, 0 pruned nodes, max_depth=32
[106]	validation_0-error:0.001264	validation_0-AUC[ROC]:0.088844
[03:01:08] src/tree/updater_prune.cc:74: tree pruning end, 1 roots, 130 extra nodes, 0 pruned nodes, max_depth=32
[107]	validation_0-error:0.001287	validation_0-AUC[ROC]:0.089235
[03:01:29] src/tree/updater_prune.cc:74: tree pruning end, 1 roots, 132 extra nodes, 0 pruned nodes, max_depth=21
[108]	validation_0-error:0.001311	validation_0-AUC[ROC]:0.088236
[03:01:44] src/tree/updater_prune.cc:74: tree pruning end, 1 roots, 122 extra nodes, 0 pruned nodes, max_depth=19
[109]	validation_0-error:0.001264	validation_0-AUC[ROC]:0.092346
[03:02:04] src/tree/updater_prune.cc:74: tree pruning end, 1 roots, 126 extra nodes, 0 pruned nodes, max_depth=25
[110]	validation_0-error:0.001287	validation_0-AUC[ROC]:0.093155
[03:02:24] src/tree/updater_prune.cc:74: tree pruning end, 1 roots, 120 extra nodes, 0 pruned nodes, max_depth=23
[111]	validation_0-error:0.001287	validation_0-AUC[ROC]:0.0947
[03:02:47] src/tree/updater_prune.cc:74: tree pruning end, 1 roots, 116 extra nodes, 0 pruned nodes, max_depth=25
[112]	validation_0-error:0.001287	validation_0-AUC[ROC]:0.09654
[03:03:06] src/tree/updater_prune.cc:74: tree pruning end, 1 roots, 112 extra nodes, 0 pruned nodes, max_depth=21
[113]	validation_0-error:0.001287	validation_0-AUC[ROC]:0.09591
[03:03:28] src/tree/updater_prune.cc:74: tree pruning end, 1 roots, 116 extra nodes, 0 pruned nodes, max_depth=25
[114]	validation_0-error:0.001264	validation_0-AUC[ROC]:0.095054
[03:03:53] src/tree/updater_prune.cc:74: tree pruning end, 1 roots, 124 extra nodes, 0 pruned nodes, max_depth=27
[115]	validation_0-error:0.001334	validation_0-AUC[ROC]:0.093623
[03:04:11] src/tree/updater_prune.cc:74: tree pruning end, 1 roots, 106 extra nodes, 0 pruned nodes, max_depth=19
[116]	validation_0-error:0.001311	validation_0-AUC[ROC]:0.092569
[03:04:30] src/tree/updater_prune.cc:74: tree pruning end, 1 roots, 106 extra nodes, 0 pruned nodes, max_depth=23
[117]	validation_0-error:0.001311	validation_0-AUC[ROC]:0.092008
[03:04:52] src/tree/updater_prune.cc:74: tree pruning end, 1 roots, 124 extra nodes, 0 pruned nodes, max_depth=25
[118]	validation_0-error:0.001287	validation_0-AUC[ROC]:0.087191
[03:05:16] src/tree/updater_prune.cc:74: tree pruning end, 1 roots, 134 extra nodes, 0 pruned nodes, max_depth=28
[119]	validation_0-error:0.001287	validation_0-AUC[ROC]:0.085759
[03:05:37] src/tree/updater_prune.cc:74: tree pruning end, 1 roots, 138 extra nodes, 0 pruned nodes, max_depth=21
[120]	validation_0-error:0.001287	validation_0-AUC[ROC]:0.086771
[03:06:03] src/tree/updater_prune.cc:74: tree pruning end, 1 roots, 118 extra nodes, 0 pruned nodes, max_depth=33
[121]	validation_0-error:0.001287	validation_0-AUC[ROC]:0.088501
[03:06:28] src/tree/updater_prune.cc:74: tree pruning end, 1 roots, 104 extra nodes, 0 pruned nodes, max_depth=27
[122]	validation_0-error:0.001287	validation_0-AUC[ROC]:0.088787
[03:06:45] src/tree/updater_prune.cc:74: tree pruning end, 1 roots, 108 extra nodes, 0 pruned nodes, max_depth=16
[123]	validation_0-error:0.001287	validation_0-AUC[ROC]:0.088433
[03:07:06] src/tree/updater_prune.cc:74: tree pruning end, 1 roots, 104 extra nodes, 0 pruned nodes, max_depth=22
[124]	validation_0-error:0.001287	validation_0-AUC[ROC]:0.089112
[03:07:24] src/tree/updater_prune.cc:74: tree pruning end, 1 roots, 128 extra nodes, 0 pruned nodes, max_depth=23
[125]	validation_0-error:0.001287	validation_0-AUC[ROC]:0.090062
[03:07:46] src/tree/updater_prune.cc:74: tree pruning end, 1 roots, 106 extra nodes, 0 pruned nodes, max_depth=22
[126]	validation_0-error:0.001287	validation_0-AUC[ROC]:0.088625
[03:08:05] src/tree/updater_prune.cc:74: tree pruning end, 1 roots, 108 extra nodes, 0 pruned nodes, max_depth=29
[127]	validation_0-error:0.001287	validation_0-AUC[ROC]:0.090508
[03:08:22] src/tree/updater_prune.cc:74: tree pruning end, 1 roots, 122 extra nodes, 0 pruned nodes, max_depth=20
[128]	validation_0-error:0.001287	validation_0-AUC[ROC]:0.086094
[03:08:45] src/tree/updater_prune.cc:74: tree pruning end, 1 roots, 116 extra nodes, 0 pruned nodes, max_depth=26
[129]	validation_0-error:0.001287	validation_0-AUC[ROC]:0.086202
[03:09:11] src/tree/updater_prune.cc:74: tree pruning end, 1 roots, 116 extra nodes, 0 pruned nodes, max_depth=32
[130]	validation_0-error:0.001287	validation_0-AUC[ROC]:0.088011
[03:09:36] src/tree/updater_prune.cc:74: tree pruning end, 1 roots, 124 extra nodes, 0 pruned nodes, max_depth=27
[131]	validation_0-error:0.001287	validation_0-AUC[ROC]:0.088736
[03:09:58] src/tree/updater_prune.cc:74: tree pruning end, 1 roots, 138 extra nodes, 0 pruned nodes, max_depth=23
[132]	validation_0-error:0.001287	validation_0-AUC[ROC]:0.089011
[03:10:27] src/tree/updater_prune.cc:74: tree pruning end, 1 roots, 146 extra nodes, 0 pruned nodes, max_depth=34
[133]	validation_0-error:0.001287	validation_0-AUC[ROC]:0.089242
[03:10:47] src/tree/updater_prune.cc:74: tree pruning end, 1 roots, 132 extra nodes, 0 pruned nodes, max_depth=22
[134]	validation_0-error:0.001287	validation_0-AUC[ROC]:0.088679
[03:11:10] src/tree/updater_prune.cc:74: tree pruning end, 1 roots, 112 extra nodes, 0 pruned nodes, max_depth=28
[135]	validation_0-error:0.001311	validation_0-AUC[ROC]:0.085936
[03:11:32] src/tree/updater_prune.cc:74: tree pruning end, 1 roots, 130 extra nodes, 0 pruned nodes, max_depth=23
[136]	validation_0-error:0.001311	validation_0-AUC[ROC]:0.084877
[03:11:51] src/tree/updater_prune.cc:74: tree pruning end, 1 roots, 104 extra nodes, 0 pruned nodes, max_depth=22
[137]	validation_0-error:0.001311	validation_0-AUC[ROC]:0.084291
[03:12:15] src/tree/updater_prune.cc:74: tree pruning end, 1 roots, 122 extra nodes, 0 pruned nodes, max_depth=28
[138]	validation_0-error:0.001311	validation_0-AUC[ROC]:0.084596
[03:12:41] src/tree/updater_prune.cc:74: tree pruning end, 1 roots, 116 extra nodes, 0 pruned nodes, max_depth=30
[139]	validation_0-error:0.001311	validation_0-AUC[ROC]:0.08433
[03:13:02] src/tree/updater_prune.cc:74: tree pruning end, 1 roots, 112 extra nodes, 0 pruned nodes, max_depth=21
[140]	validation_0-error:0.001311	validation_0-AUC[ROC]:0.083146
[03:13:20] src/tree/updater_prune.cc:74: tree pruning end, 1 roots, 122 extra nodes, 0 pruned nodes, max_depth=19
[141]	validation_0-error:0.001311	validation_0-AUC[ROC]:0.083819
[03:13:42] src/tree/updater_prune.cc:74: tree pruning end, 1 roots, 124 extra nodes, 0 pruned nodes, max_depth=22
[142]	validation_0-error:0.001334	validation_0-AUC[ROC]:0.082863
[03:14:04] src/tree/updater_prune.cc:74: tree pruning end, 1 roots, 104 extra nodes, 0 pruned nodes, max_depth=25
[143]	validation_0-error:0.001334	validation_0-AUC[ROC]:0.084261
[03:14:27] src/tree/updater_prune.cc:74: tree pruning end, 1 roots, 128 extra nodes, 0 pruned nodes, max_depth=27
[144]	validation_0-error:0.001311	validation_0-AUC[ROC]:0.083022
[03:14:44] src/tree/updater_prune.cc:74: tree pruning end, 1 roots, 112 extra nodes, 0 pruned nodes, max_depth=17
[145]	validation_0-error:0.001311	validation_0-AUC[ROC]:0.082886
[03:15:01] src/tree/updater_prune.cc:74: tree pruning end, 1 roots, 108 extra nodes, 0 pruned nodes, max_depth=15
[146]	validation_0-error:0.001287	validation_0-AUC[ROC]:0.082107
[03:15:21] src/tree/updater_prune.cc:74: tree pruning end, 1 roots, 98 extra nodes, 0 pruned nodes, max_depth=21
[147]	validation_0-error:0.001311	validation_0-AUC[ROC]:0.080031
[03:15:46] src/tree/updater_prune.cc:74: tree pruning end, 1 roots, 98 extra nodes, 0 pruned nodes, max_depth=28
[148]	validation_0-error:0.001311	validation_0-AUC[ROC]:0.079171
[03:16:10] src/tree/updater_prune.cc:74: tree pruning end, 1 roots, 142 extra nodes, 0 pruned nodes, max_depth=30
[149]	validation_0-error:0.001311	validation_0-AUC[ROC]:0.0791
[03:16:29] src/tree/updater_prune.cc:74: tree pruning end, 1 roots, 120 extra nodes, 0 pruned nodes, max_depth=22
[150]	validation_0-error:0.001311	validation_0-AUC[ROC]:0.079647
[03:16:49] src/tree/updater_prune.cc:74: tree pruning end, 1 roots, 110 extra nodes, 0 pruned nodes, max_depth=27
[151]	validation_0-error:0.001311	validation_0-AUC[ROC]:0.079919
[03:17:05] src/tree/updater_prune.cc:74: tree pruning end, 1 roots, 126 extra nodes, 0 pruned nodes, max_depth=22
[152]	validation_0-error:0.001311	validation_0-AUC[ROC]:0.08053
[03:17:35] src/tree/updater_prune.cc:74: tree pruning end, 1 roots, 122 extra nodes, 0 pruned nodes, max_depth=34
[153]	validation_0-error:0.001311	validation_0-AUC[ROC]:0.080384
[03:17:58] src/tree/updater_prune.cc:74: tree pruning end, 1 roots, 132 extra nodes, 0 pruned nodes, max_depth=25
[154]	validation_0-error:0.001311	validation_0-AUC[ROC]:0.079382
[03:18:17] src/tree/updater_prune.cc:74: tree pruning end, 1 roots, 132 extra nodes, 0 pruned nodes, max_depth=19
[155]	validation_0-error:0.001311	validation_0-AUC[ROC]:0.079798
[03:18:46] src/tree/updater_prune.cc:74: tree pruning end, 1 roots, 124 extra nodes, 0 pruned nodes, max_depth=33
[156]	validation_0-error:0.001311	validation_0-AUC[ROC]:0.079296
[03:19:14] src/tree/updater_prune.cc:74: tree pruning end, 1 roots, 124 extra nodes, 0 pruned nodes, max_depth=33
[157]	validation_0-error:0.001287	validation_0-AUC[ROC]:0.080215
[03:19:41] src/tree/updater_prune.cc:74: tree pruning end, 1 roots, 126 extra nodes, 0 pruned nodes, max_depth=31
[158]	validation_0-error:0.001311	validation_0-AUC[ROC]:0.079533
[03:20:04] src/tree/updater_prune.cc:74: tree pruning end, 1 roots, 106 extra nodes, 0 pruned nodes, max_depth=25
[159]	validation_0-error:0.001311	validation_0-AUC[ROC]:0.080266
[03:20:25] src/tree/updater_prune.cc:74: tree pruning end, 1 roots, 94 extra nodes, 0 pruned nodes, max_depth=24
[160]	validation_0-error:0.001311	validation_0-AUC[ROC]:0.079646
[03:20:43] src/tree/updater_prune.cc:74: tree pruning end, 1 roots, 104 extra nodes, 0 pruned nodes, max_depth=19
[161]	validation_0-error:0.001311	validation_0-AUC[ROC]:0.08106
[03:21:03] src/tree/updater_prune.cc:74: tree pruning end, 1 roots, 112 extra nodes, 0 pruned nodes, max_depth=22
[162]	validation_0-error:0.001287	validation_0-AUC[ROC]:0.082419
[03:21:26] src/tree/updater_prune.cc:74: tree pruning end, 1 roots, 110 extra nodes, 0 pruned nodes, max_depth=28
[163]	validation_0-error:0.001311	validation_0-AUC[ROC]:0.082889
[03:21:48] src/tree/updater_prune.cc:74: tree pruning end, 1 roots, 106 extra nodes, 0 pruned nodes, max_depth=27
[164]	validation_0-error:0.001311	validation_0-AUC[ROC]:0.082509
[03:22:09] src/tree/updater_prune.cc:74: tree pruning end, 1 roots, 106 extra nodes, 0 pruned nodes, max_depth=31
[165]	validation_0-error:0.001287	validation_0-AUC[ROC]:0.083661
[03:22:37] src/tree/updater_prune.cc:74: tree pruning end, 1 roots, 108 extra nodes, 0 pruned nodes, max_depth=36
[166]	validation_0-error:0.001287	validation_0-AUC[ROC]:0.084686
[03:22:49] src/tree/updater_prune.cc:74: tree pruning end, 1 roots, 100 extra nodes, 0 pruned nodes, max_depth=15
[167]	validation_0-error:0.001311	validation_0-AUC[ROC]:0.083244
[03:23:04] src/tree/updater_prune.cc:74: tree pruning end, 1 roots, 98 extra nodes, 0 pruned nodes, max_depth=24
[168]	validation_0-error:0.001334	validation_0-AUC[ROC]:0.084299
[03:23:23] src/tree/updater_prune.cc:74: tree pruning end, 1 roots, 110 extra nodes, 0 pruned nodes, max_depth=21
[169]	validation_0-error:0.001311	validation_0-AUC[ROC]:0.084879
[03:23:43] src/tree/updater_prune.cc:74: tree pruning end, 1 roots, 112 extra nodes, 0 pruned nodes, max_depth=21
[170]	validation_0-error:0.001311	validation_0-AUC[ROC]:0.08621
[03:23:58] src/tree/updater_prune.cc:74: tree pruning end, 1 roots, 94 extra nodes, 0 pruned nodes, max_depth=17
[171]	validation_0-error:0.001311	validation_0-AUC[ROC]:0.08718
Stopping. Best iteration:
[71]	validation_0-error:0.001264	validation_0-AUC[ROC]:0.057501

train precision: 0.401762370796
train roc: 0.987485303553
train hit in top 2563: 243.0 out of 334.0

val precision: 0.205112058794
val roc: 0.942498588699
val hit in top 427: 29.0 out of 55.0

test precision: 0.219526646737
test roc: 0.911016591676
test hit in top 427: 33.0 out of 55.0

ratio: 0.02, EF: 33.6363636364,	active: 55.0
ratio: 0.02, NEF: 0.672727272727
ratio: 0.01, EF: 60.0,	active: 55.0
ratio: 0.01, NEF: 0.6
ratio: 0.0015, EF: 278.787878788,	active: 55.0
ratio: 0.0015, NEF: 0.418181818182
ratio: 0.001, EF: 345.454545455,	active: 55.0
ratio: 0.001, NEF: 0.452380952381

