label_name_list  [u'PriA-SSB AS Activity']
train files  ['../datasets/keck_pria/fold_0.csv' '../datasets/keck_pria/fold_1.csv'
 '../datasets/keck_pria/fold_4.csv' '../datasets/keck_pria/fold_5.csv'
 '../datasets/keck_pria/fold_6.csv' '../datasets/keck_pria/fold_7.csv']
val files  ['../datasets/keck_pria/fold_2.csv']
test files  ['../datasets/keck_pria/fold_3.csv']
done data preparation
X_train	 (256375, 1024)
y_train	 (256375, 1)
[23:39:55] src/tree/updater_prune.cc:74: tree pruning end, 1 roots, 14 extra nodes, 0 pruned nodes, max_depth=4
[0]	validation_0-error:0.00131	validation_0-AUC[ROC]:0.388242
Multiple eval metrics have been passed: 'validation_0-AUC[ROC]' will be used for early stopping.

Will train until validation_0-AUC[ROC] hasn't improved in 100 rounds.
[23:40:08] src/tree/updater_prune.cc:74: tree pruning end, 1 roots, 34 extra nodes, 0 pruned nodes, max_depth=9
[1]	validation_0-error:0.00131	validation_0-AUC[ROC]:0.241471
[23:40:26] src/tree/updater_prune.cc:74: tree pruning end, 1 roots, 36 extra nodes, 0 pruned nodes, max_depth=9
[2]	validation_0-error:0.00131	validation_0-AUC[ROC]:0.241388
[23:40:40] src/tree/updater_prune.cc:74: tree pruning end, 1 roots, 44 extra nodes, 0 pruned nodes, max_depth=8
[3]	validation_0-error:0.001404	validation_0-AUC[ROC]:0.24125
[23:40:54] src/tree/updater_prune.cc:74: tree pruning end, 1 roots, 46 extra nodes, 0 pruned nodes, max_depth=8
[4]	validation_0-error:0.001357	validation_0-AUC[ROC]:0.240671
[23:41:09] src/tree/updater_prune.cc:74: tree pruning end, 1 roots, 44 extra nodes, 0 pruned nodes, max_depth=8
[5]	validation_0-error:0.001404	validation_0-AUC[ROC]:0.239838
[23:41:22] src/tree/updater_prune.cc:74: tree pruning end, 1 roots, 40 extra nodes, 0 pruned nodes, max_depth=10
[6]	validation_0-error:0.001404	validation_0-AUC[ROC]:0.239903
[23:41:37] src/tree/updater_prune.cc:74: tree pruning end, 1 roots, 40 extra nodes, 0 pruned nodes, max_depth=10
[7]	validation_0-error:0.001404	validation_0-AUC[ROC]:0.23996
[23:41:53] src/tree/updater_prune.cc:74: tree pruning end, 1 roots, 44 extra nodes, 0 pruned nodes, max_depth=10
[8]	validation_0-error:0.001404	validation_0-AUC[ROC]:0.239605
[23:42:09] src/tree/updater_prune.cc:74: tree pruning end, 1 roots, 70 extra nodes, 0 pruned nodes, max_depth=9
[9]	validation_0-error:0.001404	validation_0-AUC[ROC]:0.161096
[23:42:27] src/tree/updater_prune.cc:74: tree pruning end, 1 roots, 64 extra nodes, 0 pruned nodes, max_depth=8
[10]	validation_0-error:0.001334	validation_0-AUC[ROC]:0.142323
[23:42:47] src/tree/updater_prune.cc:74: tree pruning end, 1 roots, 82 extra nodes, 0 pruned nodes, max_depth=9
[11]	validation_0-error:0.001357	validation_0-AUC[ROC]:0.139597
[23:43:06] src/tree/updater_prune.cc:74: tree pruning end, 1 roots, 82 extra nodes, 0 pruned nodes, max_depth=9
[12]	validation_0-error:0.001334	validation_0-AUC[ROC]:0.117367
[23:43:26] src/tree/updater_prune.cc:74: tree pruning end, 1 roots, 88 extra nodes, 0 pruned nodes, max_depth=10
[13]	validation_0-error:0.00131	validation_0-AUC[ROC]:0.114052
[23:43:45] src/tree/updater_prune.cc:74: tree pruning end, 1 roots, 96 extra nodes, 0 pruned nodes, max_depth=10
[14]	validation_0-error:0.001264	validation_0-AUC[ROC]:0.124195
[23:43:58] src/tree/updater_prune.cc:74: tree pruning end, 1 roots, 86 extra nodes, 0 pruned nodes, max_depth=10
[15]	validation_0-error:0.001264	validation_0-AUC[ROC]:0.104487
[23:44:14] src/tree/updater_prune.cc:74: tree pruning end, 1 roots, 78 extra nodes, 0 pruned nodes, max_depth=10
[16]	validation_0-error:0.00131	validation_0-AUC[ROC]:0.108363
[23:44:36] src/tree/updater_prune.cc:74: tree pruning end, 1 roots, 78 extra nodes, 0 pruned nodes, max_depth=10
[17]	validation_0-error:0.001334	validation_0-AUC[ROC]:0.091269
[23:44:56] src/tree/updater_prune.cc:74: tree pruning end, 1 roots, 80 extra nodes, 0 pruned nodes, max_depth=10
[18]	validation_0-error:0.001381	validation_0-AUC[ROC]:0.090368
[23:45:15] src/tree/updater_prune.cc:74: tree pruning end, 1 roots, 76 extra nodes, 0 pruned nodes, max_depth=10
[19]	validation_0-error:0.001404	validation_0-AUC[ROC]:0.084647
[23:45:30] src/tree/updater_prune.cc:74: tree pruning end, 1 roots, 72 extra nodes, 0 pruned nodes, max_depth=10
[20]	validation_0-error:0.001357	validation_0-AUC[ROC]:0.095238
[23:45:45] src/tree/updater_prune.cc:74: tree pruning end, 1 roots, 66 extra nodes, 0 pruned nodes, max_depth=10
[21]	validation_0-error:0.001357	validation_0-AUC[ROC]:0.080323
[23:46:02] src/tree/updater_prune.cc:74: tree pruning end, 1 roots, 68 extra nodes, 0 pruned nodes, max_depth=10
[22]	validation_0-error:0.001357	validation_0-AUC[ROC]:0.084974
[23:46:21] src/tree/updater_prune.cc:74: tree pruning end, 1 roots, 66 extra nodes, 0 pruned nodes, max_depth=10
[23]	validation_0-error:0.001334	validation_0-AUC[ROC]:0.084502
[23:46:42] src/tree/updater_prune.cc:74: tree pruning end, 1 roots, 46 extra nodes, 0 pruned nodes, max_depth=10
[24]	validation_0-error:0.001334	validation_0-AUC[ROC]:0.082002
[23:47:03] src/tree/updater_prune.cc:74: tree pruning end, 1 roots, 74 extra nodes, 0 pruned nodes, max_depth=10
[25]	validation_0-error:0.001334	validation_0-AUC[ROC]:0.073761
[23:47:20] src/tree/updater_prune.cc:74: tree pruning end, 1 roots, 42 extra nodes, 0 pruned nodes, max_depth=10
[26]	validation_0-error:0.001357	validation_0-AUC[ROC]:0.072814
[23:47:41] src/tree/updater_prune.cc:74: tree pruning end, 1 roots, 40 extra nodes, 0 pruned nodes, max_depth=10
[27]	validation_0-error:0.001334	validation_0-AUC[ROC]:0.076251
[23:48:01] src/tree/updater_prune.cc:74: tree pruning end, 1 roots, 48 extra nodes, 0 pruned nodes, max_depth=10
[28]	validation_0-error:0.001334	validation_0-AUC[ROC]:0.075158
[23:48:21] src/tree/updater_prune.cc:74: tree pruning end, 1 roots, 52 extra nodes, 0 pruned nodes, max_depth=10
[29]	validation_0-error:0.001334	validation_0-AUC[ROC]:0.078852
[23:48:39] src/tree/updater_prune.cc:74: tree pruning end, 1 roots, 36 extra nodes, 0 pruned nodes, max_depth=10
[30]	validation_0-error:0.001334	validation_0-AUC[ROC]:0.07637
[23:49:02] src/tree/updater_prune.cc:74: tree pruning end, 1 roots, 34 extra nodes, 0 pruned nodes, max_depth=10
[31]	validation_0-error:0.001287	validation_0-AUC[ROC]:0.078335
[23:49:19] src/tree/updater_prune.cc:74: tree pruning end, 1 roots, 32 extra nodes, 0 pruned nodes, max_depth=10
[32]	validation_0-error:0.00131	validation_0-AUC[ROC]:0.07978
[23:49:39] src/tree/updater_prune.cc:74: tree pruning end, 1 roots, 26 extra nodes, 0 pruned nodes, max_depth=10
[33]	validation_0-error:0.00131	validation_0-AUC[ROC]:0.080908
[23:49:55] src/tree/updater_prune.cc:74: tree pruning end, 1 roots, 22 extra nodes, 0 pruned nodes, max_depth=10
[34]	validation_0-error:0.001334	validation_0-AUC[ROC]:0.081179
[23:50:15] src/tree/updater_prune.cc:74: tree pruning end, 1 roots, 32 extra nodes, 0 pruned nodes, max_depth=10
[35]	validation_0-error:0.00131	validation_0-AUC[ROC]:0.07978
[23:50:35] src/tree/updater_prune.cc:74: tree pruning end, 1 roots, 28 extra nodes, 0 pruned nodes, max_depth=10
[36]	validation_0-error:0.00131	validation_0-AUC[ROC]:0.076703
[23:50:54] src/tree/updater_prune.cc:74: tree pruning end, 1 roots, 32 extra nodes, 0 pruned nodes, max_depth=10
[37]	validation_0-error:0.001287	validation_0-AUC[ROC]:0.081648
[23:51:10] src/tree/updater_prune.cc:74: tree pruning end, 1 roots, 40 extra nodes, 0 pruned nodes, max_depth=10
[38]	validation_0-error:0.001287	validation_0-AUC[ROC]:0.081733
[23:51:31] src/tree/updater_prune.cc:74: tree pruning end, 1 roots, 40 extra nodes, 0 pruned nodes, max_depth=10
[39]	validation_0-error:0.00131	validation_0-AUC[ROC]:0.085045
[23:51:51] src/tree/updater_prune.cc:74: tree pruning end, 1 roots, 20 extra nodes, 0 pruned nodes, max_depth=10
[40]	validation_0-error:0.00131	validation_0-AUC[ROC]:0.086608
[23:52:07] src/tree/updater_prune.cc:74: tree pruning end, 1 roots, 28 extra nodes, 0 pruned nodes, max_depth=10
[41]	validation_0-error:0.001287	validation_0-AUC[ROC]:0.089274
[23:52:22] src/tree/updater_prune.cc:74: tree pruning end, 1 roots, 26 extra nodes, 0 pruned nodes, max_depth=10
[42]	validation_0-error:0.001287	validation_0-AUC[ROC]:0.092376
[23:52:42] src/tree/updater_prune.cc:74: tree pruning end, 1 roots, 26 extra nodes, 0 pruned nodes, max_depth=10
[43]	validation_0-error:0.001287	validation_0-AUC[ROC]:0.092539
[23:53:04] src/tree/updater_prune.cc:74: tree pruning end, 1 roots, 36 extra nodes, 0 pruned nodes, max_depth=10
[44]	validation_0-error:0.001287	validation_0-AUC[ROC]:0.093756
[23:53:23] src/tree/updater_prune.cc:74: tree pruning end, 1 roots, 38 extra nodes, 0 pruned nodes, max_depth=10
[45]	validation_0-error:0.00131	validation_0-AUC[ROC]:0.097951
[23:53:44] src/tree/updater_prune.cc:74: tree pruning end, 1 roots, 28 extra nodes, 0 pruned nodes, max_depth=10
[46]	validation_0-error:0.00131	validation_0-AUC[ROC]:0.098832
[23:54:02] src/tree/updater_prune.cc:74: tree pruning end, 1 roots, 34 extra nodes, 0 pruned nodes, max_depth=10
[47]	validation_0-error:0.00131	validation_0-AUC[ROC]:0.098288
[23:54:16] src/tree/updater_prune.cc:74: tree pruning end, 1 roots, 24 extra nodes, 0 pruned nodes, max_depth=10
[48]	validation_0-error:0.001287	validation_0-AUC[ROC]:0.099278
[23:54:37] src/tree/updater_prune.cc:74: tree pruning end, 1 roots, 24 extra nodes, 0 pruned nodes, max_depth=10
[49]	validation_0-error:0.00131	validation_0-AUC[ROC]:0.098887
[23:54:55] src/tree/updater_prune.cc:74: tree pruning end, 1 roots, 22 extra nodes, 0 pruned nodes, max_depth=10
[50]	validation_0-error:0.00131	validation_0-AUC[ROC]:0.099491
[23:55:14] src/tree/updater_prune.cc:74: tree pruning end, 1 roots, 38 extra nodes, 0 pruned nodes, max_depth=10
[51]	validation_0-error:0.001334	validation_0-AUC[ROC]:0.100479
[23:55:33] src/tree/updater_prune.cc:74: tree pruning end, 1 roots, 36 extra nodes, 0 pruned nodes, max_depth=10
[52]	validation_0-error:0.00131	validation_0-AUC[ROC]:0.101295
[23:55:54] src/tree/updater_prune.cc:74: tree pruning end, 1 roots, 26 extra nodes, 0 pruned nodes, max_depth=10
[53]	validation_0-error:0.001334	validation_0-AUC[ROC]:0.101712
[23:56:14] src/tree/updater_prune.cc:74: tree pruning end, 1 roots, 42 extra nodes, 0 pruned nodes, max_depth=10
[54]	validation_0-error:0.001357	validation_0-AUC[ROC]:0.103092
[23:56:33] src/tree/updater_prune.cc:74: tree pruning end, 1 roots, 48 extra nodes, 0 pruned nodes, max_depth=10
[55]	validation_0-error:0.001334	validation_0-AUC[ROC]:0.103474
[23:56:47] src/tree/updater_prune.cc:74: tree pruning end, 1 roots, 34 extra nodes, 0 pruned nodes, max_depth=10
[56]	validation_0-error:0.001334	validation_0-AUC[ROC]:0.103599
[23:57:06] src/tree/updater_prune.cc:74: tree pruning end, 1 roots, 28 extra nodes, 0 pruned nodes, max_depth=10
[57]	validation_0-error:0.001287	validation_0-AUC[ROC]:0.104791
[23:57:23] src/tree/updater_prune.cc:74: tree pruning end, 1 roots, 36 extra nodes, 0 pruned nodes, max_depth=10
[58]	validation_0-error:0.001287	validation_0-AUC[ROC]:0.106417
[23:57:42] src/tree/updater_prune.cc:74: tree pruning end, 1 roots, 38 extra nodes, 0 pruned nodes, max_depth=10
[59]	validation_0-error:0.001287	validation_0-AUC[ROC]:0.10653
[23:58:00] src/tree/updater_prune.cc:74: tree pruning end, 1 roots, 30 extra nodes, 0 pruned nodes, max_depth=10
[60]	validation_0-error:0.001287	validation_0-AUC[ROC]:0.104751
[23:58:22] src/tree/updater_prune.cc:74: tree pruning end, 1 roots, 38 extra nodes, 0 pruned nodes, max_depth=10
[61]	validation_0-error:0.00131	validation_0-AUC[ROC]:0.10127
[23:58:39] src/tree/updater_prune.cc:74: tree pruning end, 1 roots, 24 extra nodes, 0 pruned nodes, max_depth=10
[62]	validation_0-error:0.00131	validation_0-AUC[ROC]:0.100468
[23:58:59] src/tree/updater_prune.cc:74: tree pruning end, 1 roots, 24 extra nodes, 0 pruned nodes, max_depth=10
[63]	validation_0-error:0.00131	validation_0-AUC[ROC]:0.100673
[23:59:16] src/tree/updater_prune.cc:74: tree pruning end, 1 roots, 28 extra nodes, 0 pruned nodes, max_depth=10
[64]	validation_0-error:0.00131	validation_0-AUC[ROC]:0.101124
[23:59:30] src/tree/updater_prune.cc:74: tree pruning end, 1 roots, 26 extra nodes, 0 pruned nodes, max_depth=10
[65]	validation_0-error:0.00131	validation_0-AUC[ROC]:0.102292
[23:59:49] src/tree/updater_prune.cc:74: tree pruning end, 1 roots, 24 extra nodes, 0 pruned nodes, max_depth=10
[66]	validation_0-error:0.00131	validation_0-AUC[ROC]:0.103084
[00:00:06] src/tree/updater_prune.cc:74: tree pruning end, 1 roots, 32 extra nodes, 0 pruned nodes, max_depth=10
[67]	validation_0-error:0.001264	validation_0-AUC[ROC]:0.104811
[00:00:30] src/tree/updater_prune.cc:74: tree pruning end, 1 roots, 30 extra nodes, 0 pruned nodes, max_depth=10
[68]	validation_0-error:0.001264	validation_0-AUC[ROC]:0.102802
[00:00:50] src/tree/updater_prune.cc:74: tree pruning end, 1 roots, 38 extra nodes, 0 pruned nodes, max_depth=10
[69]	validation_0-error:0.001264	validation_0-AUC[ROC]:0.102548
[00:01:08] src/tree/updater_prune.cc:74: tree pruning end, 1 roots, 38 extra nodes, 0 pruned nodes, max_depth=10
[70]	validation_0-error:0.001217	validation_0-AUC[ROC]:0.103346
[00:01:28] src/tree/updater_prune.cc:74: tree pruning end, 1 roots, 40 extra nodes, 0 pruned nodes, max_depth=10
[71]	validation_0-error:0.001217	validation_0-AUC[ROC]:0.103354
[00:01:47] src/tree/updater_prune.cc:74: tree pruning end, 1 roots, 30 extra nodes, 0 pruned nodes, max_depth=10
[72]	validation_0-error:0.001217	validation_0-AUC[ROC]:0.104825
[00:02:06] src/tree/updater_prune.cc:74: tree pruning end, 1 roots, 30 extra nodes, 0 pruned nodes, max_depth=10
[73]	validation_0-error:0.00124	validation_0-AUC[ROC]:0.105084
[00:02:20] src/tree/updater_prune.cc:74: tree pruning end, 1 roots, 26 extra nodes, 0 pruned nodes, max_depth=10
[74]	validation_0-error:0.00124	validation_0-AUC[ROC]:0.105473
[00:02:37] src/tree/updater_prune.cc:74: tree pruning end, 1 roots, 30 extra nodes, 0 pruned nodes, max_depth=10
[75]	validation_0-error:0.00124	validation_0-AUC[ROC]:0.103376
[00:02:55] src/tree/updater_prune.cc:74: tree pruning end, 1 roots, 24 extra nodes, 0 pruned nodes, max_depth=10
[76]	validation_0-error:0.00124	validation_0-AUC[ROC]:0.105141
[00:03:09] src/tree/updater_prune.cc:74: tree pruning end, 1 roots, 24 extra nodes, 0 pruned nodes, max_depth=10
[77]	validation_0-error:0.001264	validation_0-AUC[ROC]:0.105347
[00:03:23] src/tree/updater_prune.cc:74: tree pruning end, 1 roots, 48 extra nodes, 0 pruned nodes, max_depth=10
[78]	validation_0-error:0.001264	validation_0-AUC[ROC]:0.105436
[00:03:38] src/tree/updater_prune.cc:74: tree pruning end, 1 roots, 42 extra nodes, 0 pruned nodes, max_depth=10
[79]	validation_0-error:0.001264	validation_0-AUC[ROC]:0.1037
[00:03:53] src/tree/updater_prune.cc:74: tree pruning end, 1 roots, 28 extra nodes, 0 pruned nodes, max_depth=10
[80]	validation_0-error:0.001264	validation_0-AUC[ROC]:0.102193
[00:04:12] src/tree/updater_prune.cc:74: tree pruning end, 1 roots, 34 extra nodes, 0 pruned nodes, max_depth=10
[81]	validation_0-error:0.001264	validation_0-AUC[ROC]:0.103658
[00:04:30] src/tree/updater_prune.cc:74: tree pruning end, 1 roots, 30 extra nodes, 0 pruned nodes, max_depth=10
[82]	validation_0-error:0.001264	validation_0-AUC[ROC]:0.103707
[00:04:51] src/tree/updater_prune.cc:74: tree pruning end, 1 roots, 42 extra nodes, 0 pruned nodes, max_depth=10
[83]	validation_0-error:0.00124	validation_0-AUC[ROC]:0.102618
[00:05:12] src/tree/updater_prune.cc:74: tree pruning end, 1 roots, 64 extra nodes, 0 pruned nodes, max_depth=10
[84]	validation_0-error:0.001217	validation_0-AUC[ROC]:0.101922
[00:05:27] src/tree/updater_prune.cc:74: tree pruning end, 1 roots, 36 extra nodes, 0 pruned nodes, max_depth=10
[85]	validation_0-error:0.001217	validation_0-AUC[ROC]:0.100655
[00:05:43] src/tree/updater_prune.cc:74: tree pruning end, 1 roots, 32 extra nodes, 0 pruned nodes, max_depth=10
[86]	validation_0-error:0.001217	validation_0-AUC[ROC]:0.101383
[00:06:01] src/tree/updater_prune.cc:74: tree pruning end, 1 roots, 34 extra nodes, 0 pruned nodes, max_depth=10
[87]	validation_0-error:0.00124	validation_0-AUC[ROC]:0.101692
[00:06:19] src/tree/updater_prune.cc:74: tree pruning end, 1 roots, 30 extra nodes, 0 pruned nodes, max_depth=10
[88]	validation_0-error:0.001217	validation_0-AUC[ROC]:0.104362
[00:06:36] src/tree/updater_prune.cc:74: tree pruning end, 1 roots, 32 extra nodes, 0 pruned nodes, max_depth=10
[89]	validation_0-error:0.00124	validation_0-AUC[ROC]:0.104046
[00:06:53] src/tree/updater_prune.cc:74: tree pruning end, 1 roots, 48 extra nodes, 0 pruned nodes, max_depth=10
[90]	validation_0-error:0.00124	validation_0-AUC[ROC]:0.102366
[00:07:15] src/tree/updater_prune.cc:74: tree pruning end, 1 roots, 28 extra nodes, 0 pruned nodes, max_depth=10
[91]	validation_0-error:0.00124	validation_0-AUC[ROC]:0.101002
[00:07:35] src/tree/updater_prune.cc:74: tree pruning end, 1 roots, 34 extra nodes, 0 pruned nodes, max_depth=10
[92]	validation_0-error:0.001264	validation_0-AUC[ROC]:0.100955
[00:07:56] src/tree/updater_prune.cc:74: tree pruning end, 1 roots, 40 extra nodes, 0 pruned nodes, max_depth=10
[93]	validation_0-error:0.001264	validation_0-AUC[ROC]:0.101966
[00:08:18] src/tree/updater_prune.cc:74: tree pruning end, 1 roots, 30 extra nodes, 0 pruned nodes, max_depth=10
[94]	validation_0-error:0.00124	validation_0-AUC[ROC]:0.102303
[00:08:37] src/tree/updater_prune.cc:74: tree pruning end, 1 roots, 32 extra nodes, 0 pruned nodes, max_depth=10
[95]	validation_0-error:0.00124	validation_0-AUC[ROC]:0.103554
[00:08:53] src/tree/updater_prune.cc:74: tree pruning end, 1 roots, 36 extra nodes, 0 pruned nodes, max_depth=10
[96]	validation_0-error:0.001217	validation_0-AUC[ROC]:0.101912
[00:09:12] src/tree/updater_prune.cc:74: tree pruning end, 1 roots, 40 extra nodes, 0 pruned nodes, max_depth=10
[97]	validation_0-error:0.001217	validation_0-AUC[ROC]:0.101522
[00:09:30] src/tree/updater_prune.cc:74: tree pruning end, 1 roots, 48 extra nodes, 0 pruned nodes, max_depth=10
[98]	validation_0-error:0.00117	validation_0-AUC[ROC]:0.101775
[00:09:48] src/tree/updater_prune.cc:74: tree pruning end, 1 roots, 34 extra nodes, 0 pruned nodes, max_depth=10
[99]	validation_0-error:0.00117	validation_0-AUC[ROC]:0.102641
[00:10:07] src/tree/updater_prune.cc:74: tree pruning end, 1 roots, 66 extra nodes, 0 pruned nodes, max_depth=10
[100]	validation_0-error:0.001193	validation_0-AUC[ROC]:0.102254
[00:10:25] src/tree/updater_prune.cc:74: tree pruning end, 1 roots, 20 extra nodes, 0 pruned nodes, max_depth=10
[101]	validation_0-error:0.00117	validation_0-AUC[ROC]:0.101819
[00:10:41] src/tree/updater_prune.cc:74: tree pruning end, 1 roots, 44 extra nodes, 0 pruned nodes, max_depth=10
[102]	validation_0-error:0.001193	validation_0-AUC[ROC]:0.100743
[00:10:58] src/tree/updater_prune.cc:74: tree pruning end, 1 roots, 22 extra nodes, 0 pruned nodes, max_depth=10
[103]	validation_0-error:0.001193	validation_0-AUC[ROC]:0.101538
[00:11:13] src/tree/updater_prune.cc:74: tree pruning end, 1 roots, 40 extra nodes, 0 pruned nodes, max_depth=10
[104]	validation_0-error:0.001193	validation_0-AUC[ROC]:0.099411
[00:11:26] src/tree/updater_prune.cc:74: tree pruning end, 1 roots, 38 extra nodes, 0 pruned nodes, max_depth=10
[105]	validation_0-error:0.001193	validation_0-AUC[ROC]:0.099258
[00:11:36] src/tree/updater_prune.cc:74: tree pruning end, 1 roots, 38 extra nodes, 0 pruned nodes, max_depth=10
[106]	validation_0-error:0.001217	validation_0-AUC[ROC]:0.100506
[00:11:49] src/tree/updater_prune.cc:74: tree pruning end, 1 roots, 44 extra nodes, 0 pruned nodes, max_depth=10
[107]	validation_0-error:0.001193	validation_0-AUC[ROC]:0.099666
[00:12:30] src/tree/updater_prune.cc:74: tree pruning end, 1 roots, 30 extra nodes, 0 pruned nodes, max_depth=10
[108]	validation_0-error:0.001193	validation_0-AUC[ROC]:0.10009
[00:13:14] src/tree/updater_prune.cc:74: tree pruning end, 1 roots, 30 extra nodes, 0 pruned nodes, max_depth=10
[109]	validation_0-error:0.001193	validation_0-AUC[ROC]:0.099619
[00:14:03] src/tree/updater_prune.cc:74: tree pruning end, 1 roots, 34 extra nodes, 0 pruned nodes, max_depth=10
[110]	validation_0-error:0.001193	validation_0-AUC[ROC]:0.101343
[00:14:52] src/tree/updater_prune.cc:74: tree pruning end, 1 roots, 32 extra nodes, 0 pruned nodes, max_depth=10
[111]	validation_0-error:0.001193	validation_0-AUC[ROC]:0.101884
[00:15:36] src/tree/updater_prune.cc:74: tree pruning end, 1 roots, 38 extra nodes, 0 pruned nodes, max_depth=10
[112]	validation_0-error:0.00117	validation_0-AUC[ROC]:0.103176
[00:16:12] src/tree/updater_prune.cc:74: tree pruning end, 1 roots, 30 extra nodes, 0 pruned nodes, max_depth=10
[113]	validation_0-error:0.00117	validation_0-AUC[ROC]:0.10145
[00:16:48] src/tree/updater_prune.cc:74: tree pruning end, 1 roots, 28 extra nodes, 0 pruned nodes, max_depth=10
[114]	validation_0-error:0.00117	validation_0-AUC[ROC]:0.102354
[00:17:33] src/tree/updater_prune.cc:74: tree pruning end, 1 roots, 38 extra nodes, 0 pruned nodes, max_depth=10
[115]	validation_0-error:0.00117	validation_0-AUC[ROC]:0.100889
[00:18:17] src/tree/updater_prune.cc:74: tree pruning end, 1 roots, 32 extra nodes, 0 pruned nodes, max_depth=10
[116]	validation_0-error:0.001193	validation_0-AUC[ROC]:0.102627
[00:18:58] src/tree/updater_prune.cc:74: tree pruning end, 1 roots, 44 extra nodes, 0 pruned nodes, max_depth=10
[117]	validation_0-error:0.001193	validation_0-AUC[ROC]:0.102653
[00:19:45] src/tree/updater_prune.cc:74: tree pruning end, 1 roots, 26 extra nodes, 0 pruned nodes, max_depth=10
[118]	validation_0-error:0.001193	validation_0-AUC[ROC]:0.10301
[00:20:31] src/tree/updater_prune.cc:74: tree pruning end, 1 roots, 30 extra nodes, 0 pruned nodes, max_depth=10
[119]	validation_0-error:0.001217	validation_0-AUC[ROC]:0.103064
[00:21:14] src/tree/updater_prune.cc:74: tree pruning end, 1 roots, 30 extra nodes, 0 pruned nodes, max_depth=10
[120]	validation_0-error:0.001217	validation_0-AUC[ROC]:0.102747
[00:21:55] src/tree/updater_prune.cc:74: tree pruning end, 1 roots, 22 extra nodes, 0 pruned nodes, max_depth=10
[121]	validation_0-error:0.001217	validation_0-AUC[ROC]:0.1028
[00:22:33] src/tree/updater_prune.cc:74: tree pruning end, 1 roots, 28 extra nodes, 0 pruned nodes, max_depth=10
[122]	validation_0-error:0.001217	validation_0-AUC[ROC]:0.103052
[00:23:16] src/tree/updater_prune.cc:74: tree pruning end, 1 roots, 38 extra nodes, 0 pruned nodes, max_depth=10
[123]	validation_0-error:0.001217	validation_0-AUC[ROC]:0.102329
[00:23:52] src/tree/updater_prune.cc:74: tree pruning end, 1 roots, 40 extra nodes, 0 pruned nodes, max_depth=10
[124]	validation_0-error:0.001217	validation_0-AUC[ROC]:0.102972
[00:24:29] src/tree/updater_prune.cc:74: tree pruning end, 1 roots, 32 extra nodes, 0 pruned nodes, max_depth=10
[125]	validation_0-error:0.001193	validation_0-AUC[ROC]:0.103601
[00:25:08] src/tree/updater_prune.cc:74: tree pruning end, 1 roots, 28 extra nodes, 0 pruned nodes, max_depth=10
[126]	validation_0-error:0.001193	validation_0-AUC[ROC]:0.103281
Stopping. Best iteration:
[26]	validation_0-error:0.001357	validation_0-AUC[ROC]:0.072814

train precision: 0.391938236939
train roc: 0.971174851843
train hit in top 2563: 234.0 out of 332.0

val precision: 0.202685211766
val roc: 0.927185942557
val hit in top 427: 34.0 out of 56.0

test precision: 0.151468577411
test roc: 0.90087566026
test hit in top 427: 29.0 out of 56.0

ratio: 0.02, EF: 30.3571428571,	active: 56.0
ratio: 0.02, NEF: 0.607142857143
ratio: 0.01, EF: 51.7857142857,	active: 56.0
ratio: 0.01, NEF: 0.517857142857
ratio: 0.0015, EF: 178.571428571,	active: 56.0
ratio: 0.0015, NEF: 0.267857142857
ratio: 0.001, EF: 178.571428571,	active: 56.0
ratio: 0.001, NEF: 0.238095238095

