../datasets/keck_pria/fold_0.csv
Loading xgboost_classification ......
Pick up top 2 out of 21
process num: 140
(42729, 1)
process num: 967
(42729, 1)
Loading single_deep_regression ......
Pick up top 1 out of 21
process num: 199
(42729, 1)
Loading xgboost_regression ......
Pick up top 1 out of 21
process num: 187
(42729, 1)
Loading single_deep_classification ......
Pick up top 2 out of 21
process num: 356
(42729, 1)
process num: 404
(42729, 1)
Loading random_forest_classification ......
Pick up top 2 out of 21
process num: 139
(42729, 1)
process num: 69
(42729, 1)
Current round 0 shape (42729, 8)

../datasets/keck_pria/fold_1.csv
Loading xgboost_classification ......
Pick up top 2 out of 21
process num: 140
(42730, 1)
process num: 967
(42730, 1)
Loading single_deep_regression ......
Pick up top 1 out of 21
process num: 199
(42730, 1)
Loading xgboost_regression ......
Pick up top 1 out of 21
process num: 187
(42730, 1)
Loading single_deep_classification ......
Pick up top 2 out of 21
process num: 356
(42730, 1)
process num: 404
(42730, 1)
Loading random_forest_classification ......
Pick up top 2 out of 21
process num: 139
(42730, 1)
process num: 69
(42730, 1)
Current round 1 shape (42730, 8)

../datasets/keck_pria/fold_2.csv
Loading xgboost_classification ......
Pick up top 2 out of 21
process num: 140
(42737, 1)
process num: 967
(42737, 1)
Loading single_deep_regression ......
Pick up top 1 out of 21
process num: 199
(42737, 1)
Loading xgboost_regression ......
Pick up top 1 out of 21
process num: 187
(42737, 1)
Loading single_deep_classification ......
Pick up top 2 out of 21
process num: 356
(42737, 1)
process num: 404
(42737, 1)
Loading random_forest_classification ......
Pick up top 2 out of 21
process num: 139
(42737, 1)
process num: 69
(42737, 1)
Current round 2 shape (42737, 8)

../datasets/keck_pria/fold_3.csv
Loading xgboost_classification ......
Pick up top 2 out of 21
process num: 140
(42734, 1)
process num: 967
(42734, 1)
Loading single_deep_regression ......
Pick up top 1 out of 21
process num: 199
(42734, 1)
Loading xgboost_regression ......
Pick up top 1 out of 21
process num: 187
(42734, 1)
Loading single_deep_classification ......
Pick up top 2 out of 21
process num: 356
(42734, 1)
process num: 404
(42734, 1)
Loading random_forest_classification ......
Pick up top 2 out of 21
process num: 139
(42734, 1)
process num: 69
(42734, 1)
Current round 3 shape (42734, 8)

../datasets/keck_pria/fold_4.csv
Loading xgboost_classification ......
Pick up top 2 out of 21
process num: 140
(42730, 1)
process num: 967
(42730, 1)
Loading single_deep_regression ......
Pick up top 1 out of 21
process num: 199
(42730, 1)
Loading xgboost_regression ......
Pick up top 1 out of 21
process num: 187
(42730, 1)
Loading single_deep_classification ......
Pick up top 2 out of 21
process num: 356
(42730, 1)
process num: 404
(42730, 1)
Loading random_forest_classification ......
Pick up top 2 out of 21
process num: 139
(42730, 1)
process num: 69
(42730, 1)
Current round 4 shape (42730, 8)

../datasets/keck_pria/fold_5.csv
Loading xgboost_classification ......
Pick up top 2 out of 21
process num: 140
(42729, 1)
process num: 967
(42729, 1)
Loading single_deep_regression ......
Pick up top 1 out of 21
process num: 199
(42729, 1)
Loading xgboost_regression ......
Pick up top 1 out of 21
process num: 187
(42729, 1)
Loading single_deep_classification ......
Pick up top 2 out of 21
process num: 356
(42729, 1)
process num: 404
(42729, 1)
Loading random_forest_classification ......
Pick up top 2 out of 21
process num: 139
(42729, 1)
process num: 69
(42729, 1)
Current round 5 shape (42729, 8)

../datasets/keck_pria/fold_6.csv
Loading xgboost_classification ......
Pick up top 2 out of 21
process num: 140
(42730, 1)
process num: 967
(42730, 1)
Loading single_deep_regression ......
Pick up top 1 out of 21
process num: 199
(42730, 1)
Loading xgboost_regression ......
Pick up top 1 out of 21
process num: 187
(42730, 1)
Loading single_deep_classification ......
Pick up top 2 out of 21
process num: 356
(42730, 1)
process num: 404
(42730, 1)
Loading random_forest_classification ......
Pick up top 2 out of 21
process num: 139
(42730, 1)
process num: 69
(42730, 1)
Current round 6 shape (42730, 8)

../datasets/keck_pria/fold_7.csv
Loading xgboost_classification ......
Pick up top 2 out of 21
process num: 140
(42727, 1)
process num: 967
(42727, 1)
Loading single_deep_regression ......
Pick up top 1 out of 21
process num: 199
(42727, 1)
Loading xgboost_regression ......
Pick up top 1 out of 21
process num: 187
(42727, 1)
Loading single_deep_classification ......
Pick up top 2 out of 21
process num: 356
(42727, 1)
process num: 404
(42727, 1)
Loading random_forest_classification ......
Pick up top 2 out of 21
process num: 139
(42727, 1)
process num: 69
(42727, 1)
Current round 7 shape (42727, 8)

Consructed data: (341846, 8), (341846, 1)
Loading xgboost_classification ......
Pick up top 2 out of 21
(42727, 1)
(42727, 1)
Loading single_deep_regression ......
Pick up top 1 out of 21
(42727, 1)
Loading xgboost_regression ......
Pick up top 1 out of 21
(42727, 1)
Loading single_deep_classification ......
Pick up top 2 out of 21
(42727, 1)
(42727, 1)
Loading random_forest_classification ......
Pick up top 2 out of 21
(42727, 1)
(42727, 1)
Test data (42727, 8), (42727, 1)
train precision: 0.294233462548
train roc: 0.997395705103
train hit in top 3418: 425.0 out of 444.0

test precision: 0.0718823452325
test roc: 0.922825697924
test hit in top 427: 24.0 out of 55.0

ratio: 0.02, EF: 31.8181818182,	active: 55.0
ratio: 0.02, NEF: 0.636363636364
ratio: 0.01, EF: 43.6363636364,	active: 55.0
ratio: 0.01, NEF: 0.436363636364
ratio: 0.0015, EF: 96.9696969697,	active: 55.0
ratio: 0.0015, NEF: 0.145454545455
ratio: 0.001, EF: 90.9090909091,	active: 55.0
ratio: 0.001, NEF: 0.119047619048

