Loading xgboost_classification ......
Pick up top 0 out of 21
Loading single_deep_regression ......
Pick up top 0 out of 21
Loading xgboost_regression ......
Pick up top 0 out of 21
Loading single_deep_classification ......
Pick up top 0 out of 21
Loading random_forest_classification ......
Pick up top 1 out of 21
(42727, 1)
Test data (42727, 1), (42727, 1)
test precision: 0.173999279527
test roc: 0.93451507482
test hit in top 427: 34.0 out of 55.0

ratio: 0.02, EF: 31.8181818182,	active: 55.0
ratio: 0.02, NEF: 0.636363636364
ratio: 0.01, EF: 61.8181818182,	active: 55.0
ratio: 0.01, NEF: 0.618181818182
ratio: 0.0015, EF: 206.060606061,	active: 55.0
ratio: 0.0015, NEF: 0.309090909091
ratio: 0.001, EF: 218.181818182,	active: 55.0
ratio: 0.001, NEF: 0.285714285714

