Loading xgboost_classification ......
Pick up top 1 out of 21
(42727, 1)
Loading single_deep_regression ......
Pick up top 0 out of 21
Loading xgboost_regression ......
Pick up top 0 out of 21
Loading single_deep_classification ......
Pick up top 0 out of 21
Loading random_forest_classification ......
Pick up top 0 out of 21
Test data (42727, 1), (42727, 1)
test precision: 0.171148095886
test roc: 0.923255615775
test hit in top 427: 32.0 out of 55.0

ratio: 0.02, EF: 33.6363636364,	active: 55.0
ratio: 0.02, NEF: 0.672727272727
ratio: 0.01, EF: 58.1818181818,	active: 55.0
ratio: 0.01, NEF: 0.581818181818
ratio: 0.0015, EF: 193.939393939,	active: 55.0
ratio: 0.0015, NEF: 0.290909090909
ratio: 0.001, EF: 236.363636364,	active: 55.0
ratio: 0.001, NEF: 0.309523809524

