Loading xgboost_classification ......
Pick up top 5 out of 21
(42727, 1)
(42727, 1)
(42727, 1)
(42727, 1)
(42727, 1)
Loading single_deep_regression ......
Pick up top 10 out of 21
(42727, 1)
(42727, 1)
(42727, 1)
(42727, 1)
(42727, 1)
(42727, 1)
(42727, 1)
(42727, 1)
(42727, 1)
(42727, 1)
Loading xgboost_regression ......
Pick up top 10 out of 21
(42727, 1)
(42727, 1)
(42727, 1)
(42727, 1)
(42727, 1)
(42727, 1)
(42727, 1)
(42727, 1)
(42727, 1)
(42727, 1)
Loading single_deep_classification ......
Pick up top 5 out of 21
(42727, 1)
(42727, 1)
(42727, 1)
(42727, 1)
(42727, 1)
Loading random_forest_classification ......
Pick up top 5 out of 21
(42727, 1)
(42727, 1)
(42727, 1)
(42727, 1)
(42727, 1)
Test data (42727, 35), (42727, 1)
test precision: 0.0669498210859
test roc: 0.925475934826
test hit in top 427: 24.0 out of 55.0

ratio: 0.02, EF: 28.1818181818,	active: 55.0
ratio: 0.02, NEF: 0.563636363636
ratio: 0.01, EF: 43.6363636364,	active: 55.0
ratio: 0.01, NEF: 0.436363636364
ratio: 0.0015, EF: 96.9696969697,	active: 55.0
ratio: 0.0015, NEF: 0.145454545455
ratio: 0.001, EF: 72.7272727273,	active: 55.0
ratio: 0.001, NEF: 0.0952380952381

