Loading xgboost_classification ......
Pick up top 0 out of 21
Loading single_deep_regression ......
Pick up top 0 out of 21
Loading xgboost_regression ......
Pick up top 0 out of 21
Loading single_deep_classification ......
Pick up top 1 out of 21
(42727, 1)
Loading random_forest_classification ......
Pick up top 0 out of 21
Test data (42727, 1), (42727, 1)
test precision: 0.157134234721
test roc: 0.814814483417
test hit in top 427: 30.0 out of 55.0

ratio: 0.02, EF: 30.0,	active: 55.0
ratio: 0.02, NEF: 0.6
ratio: 0.01, EF: 54.5454545455,	active: 55.0
ratio: 0.01, NEF: 0.545454545455
ratio: 0.0015, EF: 169.696969697,	active: 55.0
ratio: 0.0015, NEF: 0.254545454545
ratio: 0.001, EF: 200.0,	active: 55.0
ratio: 0.001, NEF: 0.261904761905

