Loading xgboost_classification ......
Pick up top 2 out of 21
(42727, 1)
(42727, 1)
Loading single_deep_regression ......
Pick up top 2 out of 21
(42727, 1)
(42727, 1)
Loading xgboost_regression ......
Pick up top 2 out of 21
(42727, 1)
(42727, 1)
Loading single_deep_classification ......
Pick up top 2 out of 21
(42727, 1)
(42727, 1)
Loading random_forest_classification ......
Pick up top 2 out of 21
(42727, 1)
(42727, 1)
Test data (42727, 10), (42727, 1)
test precision: 0.0722818961163
test roc: 0.927094198452
test hit in top 427: 24.0 out of 55.0

ratio: 0.02, EF: 32.7272727273,	active: 55.0
ratio: 0.02, NEF: 0.654545454545
ratio: 0.01, EF: 43.6363636364,	active: 55.0
ratio: 0.01, NEF: 0.436363636364
ratio: 0.0015, EF: 109.090909091,	active: 55.0
ratio: 0.0015, NEF: 0.163636363636
ratio: 0.001, EF: 90.9090909091,	active: 55.0
ratio: 0.001, NEF: 0.119047619048

