label_name_list  [u'PriA-SSB AS Activity']
train files  ['../datasets/keck_pria/fold_0.csv' '../datasets/keck_pria/fold_1.csv'
 '../datasets/keck_pria/fold_2.csv' '../datasets/keck_pria/fold_3.csv'
 '../datasets/keck_pria/fold_4.csv' '../datasets/keck_pria/fold_5.csv'
 '../datasets/keck_pria/fold_6.csv']
test files  ['../datasets/keck_pria/fold_7.csv']
train precision: 0.995800210502
train roc: 0.999995899522
train hit in top 2991: 389.0 out of 389.0

test precision: 0.344374083299
test roc: 0.937335958005
test hit in top 427: 37.0 out of 55.0

ratio: 0.02, EF: 39.0909090909,	active: 55.0
ratio: 0.02, NEF: 0.781818181818
ratio: 0.01, EF: 67.2727272727,	active: 55.0
ratio: 0.01, NEF: 0.672727272727
ratio: 0.0015, EF: 303.03030303,	active: 55.0
ratio: 0.0015, NEF: 0.454545454545
ratio: 0.001, EF: 345.454545455,	active: 55.0
ratio: 0.001, NEF: 0.452380952381

train precision: 0.995800210502
train roc: 0.999995899522
train hit in top 2991: 389.0 out of 389.0

test precision: 0.344374083299
test roc: 0.937335958005
test hit in top 427: 37.0 out of 55.0

ratio: 0.02, EF: 39.0909090909,	active: 55.0
ratio: 0.02, NEF: 0.781818181818
ratio: 0.01, EF: 67.2727272727,	active: 55.0
ratio: 0.01, NEF: 0.672727272727
ratio: 0.0015, EF: 303.03030303,	active: 55.0
ratio: 0.0015, NEF: 0.454545454545
ratio: 0.001, EF: 345.454545455,	active: 55.0
ratio: 0.001, NEF: 0.452380952381

