label_name_list  [u'PriA-SSB AS Activity']
train files  ['../datasets/keck_pria/fold_0.csv' '../datasets/keck_pria/fold_1.csv'
 '../datasets/keck_pria/fold_2.csv' '../datasets/keck_pria/fold_4.csv'
 '../datasets/keck_pria/fold_5.csv' '../datasets/keck_pria/fold_6.csv'
 '../datasets/keck_pria/fold_7.csv']
test files  ['../datasets/keck_pria/fold_3.csv']
train precision: 0.995783622003
train roc: 0.999995634352
train hit in top 2991: 388.0 out of 388.0

test precision: 0.135304433848
test roc: 0.91279820483
test hit in top 427: 36.0 out of 56.0

ratio: 0.02, EF: 33.0357142857,	active: 56.0
ratio: 0.02, NEF: 0.660714285714
ratio: 0.01, EF: 64.2857142857,	active: 56.0
ratio: 0.01, NEF: 0.642857142857
ratio: 0.0015, EF: 154.761904762,	active: 56.0
ratio: 0.0015, NEF: 0.232142857143
ratio: 0.001, EF: 178.571428571,	active: 56.0
ratio: 0.001, NEF: 0.238095238095

train precision: 0.995783622003
train roc: 0.999995634352
train hit in top 2991: 388.0 out of 388.0

test precision: 0.135304433848
test roc: 0.91279820483
test hit in top 427: 36.0 out of 56.0

ratio: 0.02, EF: 33.0357142857,	active: 56.0
ratio: 0.02, NEF: 0.660714285714
ratio: 0.01, EF: 64.2857142857,	active: 56.0
ratio: 0.01, NEF: 0.642857142857
ratio: 0.0015, EF: 154.761904762,	active: 56.0
ratio: 0.0015, NEF: 0.232142857143
ratio: 0.001, EF: 178.571428571,	active: 56.0
ratio: 0.001, NEF: 0.238095238095

