label_name_list  [u'PriA-SSB AS Activity']
train files  ['../datasets/keck_pria/fold_0.csv' '../datasets/keck_pria/fold_2.csv'
 '../datasets/keck_pria/fold_3.csv' '../datasets/keck_pria/fold_4.csv'
 '../datasets/keck_pria/fold_5.csv' '../datasets/keck_pria/fold_6.csv'
 '../datasets/keck_pria/fold_7.csv']
test files  ['../datasets/keck_pria/fold_1.csv']
train precision: 0.998973847005
train roc: 0.999998839582
train hit in top 2991: 388.0 out of 388.0

test precision: 0.27998925866
test roc: 0.958239459959
test hit in top 427: 39.0 out of 56.0

ratio: 0.02, EF: 36.6071428571,	active: 56.0
ratio: 0.02, NEF: 0.732142857143
ratio: 0.01, EF: 69.6428571429,	active: 56.0
ratio: 0.01, NEF: 0.696428571429
ratio: 0.0015, EF: 285.714285714,	active: 56.0
ratio: 0.0015, NEF: 0.428571428571
ratio: 0.001, EF: 375.0,	active: 56.0
ratio: 0.001, NEF: 0.5

train precision: 0.998973847005
train roc: 0.999998839582
train hit in top 2991: 388.0 out of 388.0

test precision: 0.27998925866
test roc: 0.958239459959
test hit in top 427: 39.0 out of 56.0

ratio: 0.02, EF: 36.6071428571,	active: 56.0
ratio: 0.02, NEF: 0.732142857143
ratio: 0.01, EF: 69.6428571429,	active: 56.0
ratio: 0.01, NEF: 0.696428571429
ratio: 0.0015, EF: 285.714285714,	active: 56.0
ratio: 0.0015, NEF: 0.428571428571
ratio: 0.001, EF: 375.0,	active: 56.0
ratio: 0.001, NEF: 0.5

