label_name_list  [u'PriA-SSB AS Activity']
train files  ['../datasets/keck_pria/fold_0.csv' '../datasets/keck_pria/fold_1.csv'
 '../datasets/keck_pria/fold_2.csv' '../datasets/keck_pria/fold_3.csv'
 '../datasets/keck_pria/fold_4.csv' '../datasets/keck_pria/fold_5.csv'
 '../datasets/keck_pria/fold_6.csv']
test files  ['../datasets/keck_pria/fold_7.csv']
train precision: 0.995865703467
train roc: 0.999995951155
train hit in top 2991: 389.0 out of 389.0

test precision: 0.34022999842
test roc: 0.926276544977
test hit in top 427: 40.0 out of 55.0

ratio: 0.02, EF: 39.0909090909,	active: 55.0
ratio: 0.02, NEF: 0.781818181818
ratio: 0.01, EF: 72.7272727273,	active: 55.0
ratio: 0.01, NEF: 0.727272727273
ratio: 0.0015, EF: 290.909090909,	active: 55.0
ratio: 0.0015, NEF: 0.436363636364
ratio: 0.001, EF: 327.272727273,	active: 55.0
ratio: 0.001, NEF: 0.428571428571

train precision: 0.995865703467
train roc: 0.999995951155
train hit in top 2991: 389.0 out of 389.0

test precision: 0.34022999842
test roc: 0.926276544977
test hit in top 427: 40.0 out of 55.0

ratio: 0.02, EF: 39.0909090909,	active: 55.0
ratio: 0.02, NEF: 0.781818181818
ratio: 0.01, EF: 72.7272727273,	active: 55.0
ratio: 0.01, NEF: 0.727272727273
ratio: 0.0015, EF: 290.909090909,	active: 55.0
ratio: 0.0015, NEF: 0.436363636364
ratio: 0.001, EF: 327.272727273,	active: 55.0
ratio: 0.001, NEF: 0.428571428571

