label_name_list  [u'PriA-SSB AS Activity']
train files  ['../datasets/keck_pria/fold_0.csv' '../datasets/keck_pria/fold_1.csv'
 '../datasets/keck_pria/fold_2.csv' '../datasets/keck_pria/fold_3.csv'
 '../datasets/keck_pria/fold_4.csv' '../datasets/keck_pria/fold_6.csv'
 '../datasets/keck_pria/fold_7.csv']
test files  ['../datasets/keck_pria/fold_5.csv']
train precision: 0.9961572255
train roc: 0.999995951128
train hit in top 2991: 389.0 out of 389.0

test precision: 0.286883432434
test roc: 0.97194864235
test hit in top 427: 41.0 out of 55.0

ratio: 0.02, EF: 40.9090909091,	active: 55.0
ratio: 0.02, NEF: 0.818181818182
ratio: 0.01, EF: 74.5454545455,	active: 55.0
ratio: 0.01, NEF: 0.745454545455
ratio: 0.0015, EF: 254.545454545,	active: 55.0
ratio: 0.0015, NEF: 0.381818181818
ratio: 0.001, EF: 290.909090909,	active: 55.0
ratio: 0.001, NEF: 0.380952380952

train precision: 0.9961572255
train roc: 0.999995951128
train hit in top 2991: 389.0 out of 389.0

test precision: 0.286883432434
test roc: 0.97194864235
test hit in top 427: 41.0 out of 55.0

ratio: 0.02, EF: 40.9090909091,	active: 55.0
ratio: 0.02, NEF: 0.818181818182
ratio: 0.01, EF: 74.5454545455,	active: 55.0
ratio: 0.01, NEF: 0.745454545455
ratio: 0.0015, EF: 254.545454545,	active: 55.0
ratio: 0.0015, NEF: 0.381818181818
ratio: 0.001, EF: 290.909090909,	active: 55.0
ratio: 0.001, NEF: 0.380952380952

