label_name_list  [u'PriA-SSB AS Activity']
train files  ['../datasets/keck_pria/fold_0.csv' '../datasets/keck_pria/fold_2.csv'
 '../datasets/keck_pria/fold_3.csv' '../datasets/keck_pria/fold_4.csv'
 '../datasets/keck_pria/fold_5.csv' '../datasets/keck_pria/fold_6.csv'
 '../datasets/keck_pria/fold_7.csv']
test files  ['../datasets/keck_pria/fold_1.csv']
train precision: 0.999236008224
train roc: 0.999999072528
train hit in top 2991: 388.0 out of 388.0

test precision: 0.278865543495
test roc: 0.919010153389
test hit in top 427: 38.0 out of 56.0

ratio: 0.02, EF: 35.7142857143,	active: 56.0
ratio: 0.02, NEF: 0.714285714286
ratio: 0.01, EF: 67.8571428571,	active: 56.0
ratio: 0.01, NEF: 0.678571428571
ratio: 0.0015, EF: 297.619047619,	active: 56.0
ratio: 0.0015, NEF: 0.446428571429
ratio: 0.001, EF: 392.857142857,	active: 56.0
ratio: 0.001, NEF: 0.52380952381

train precision: 0.999236008224
train roc: 0.999999072528
train hit in top 2991: 388.0 out of 388.0

test precision: 0.278865543495
test roc: 0.919010153389
test hit in top 427: 38.0 out of 56.0

ratio: 0.02, EF: 35.7142857143,	active: 56.0
ratio: 0.02, NEF: 0.714285714286
ratio: 0.01, EF: 67.8571428571,	active: 56.0
ratio: 0.01, NEF: 0.678571428571
ratio: 0.0015, EF: 297.619047619,	active: 56.0
ratio: 0.0015, NEF: 0.446428571429
ratio: 0.001, EF: 392.857142857,	active: 56.0
ratio: 0.001, NEF: 0.52380952381

