label_name_list  [u'PriA-SSB AS Activity']
train files  ['../datasets/keck_pria/fold_0.csv' '../datasets/keck_pria/fold_1.csv'
 '../datasets/keck_pria/fold_2.csv' '../datasets/keck_pria/fold_3.csv'
 '../datasets/keck_pria/fold_4.csv' '../datasets/keck_pria/fold_5.csv'
 '../datasets/keck_pria/fold_6.csv' '../datasets/keck_pria/fold_7.csv']
test files  ['../datasets/keck_pria/fold_9.csv']
train precision: 0.999924305805
train roc: 0.999999917537
train hit in top 3418: 444.0 out of 444.0

test precision: 0.169426384455
test roc: 0.888998534274
test hit in top 427: 32.0 out of 55.0

ratio: 0.02, EF: 30.9090909091,	active: 55.0
ratio: 0.02, NEF: 0.618181818182
ratio: 0.01, EF: 58.1818181818,	active: 55.0
ratio: 0.01, NEF: 0.581818181818
ratio: 0.0015, EF: 181.818181818,	active: 55.0
ratio: 0.0015, NEF: 0.272727272727
ratio: 0.001, EF: 181.818181818,	active: 55.0
ratio: 0.001, NEF: 0.238095238095

train precision: 0.999924305805
train roc: 0.999999917537
train hit in top 3418: 444.0 out of 444.0

test precision: 0.169426384455
test roc: 0.888998534274
test hit in top 427: 32.0 out of 55.0

ratio: 0.02, EF: 30.9090909091,	active: 55.0
ratio: 0.02, NEF: 0.618181818182
ratio: 0.01, EF: 58.1818181818,	active: 55.0
ratio: 0.01, NEF: 0.581818181818
ratio: 0.0015, EF: 181.818181818,	active: 55.0
ratio: 0.0015, NEF: 0.272727272727
ratio: 0.001, EF: 181.818181818,	active: 55.0
ratio: 0.001, NEF: 0.238095238095

