label_name_list  [u'PriA-SSB AS Activity']
train files  ['../datasets/keck_pria/fold_0.csv' '../datasets/keck_pria/fold_1.csv'
 '../datasets/keck_pria/fold_2.csv' '../datasets/keck_pria/fold_3.csv'
 '../datasets/keck_pria/fold_4.csv' '../datasets/keck_pria/fold_5.csv'
 '../datasets/keck_pria/fold_6.csv' '../datasets/keck_pria/fold_7.csv']
test files  ['../datasets/keck_pria/fold_9.csv']
train precision: 0.997130647108
train roc: 0.999996988438
train hit in top 3418: 444.0 out of 444.0

test precision: 0.190029697735
test roc: 0.929869064662
test hit in top 427: 34.0 out of 55.0

ratio: 0.02, EF: 32.7272727273,	active: 55.0
ratio: 0.02, NEF: 0.654545454545
ratio: 0.01, EF: 61.8181818182,	active: 55.0
ratio: 0.01, NEF: 0.618181818182
ratio: 0.0015, EF: 230.303030303,	active: 55.0
ratio: 0.0015, NEF: 0.345454545455
ratio: 0.001, EF: 272.727272727,	active: 55.0
ratio: 0.001, NEF: 0.357142857143

train precision: 0.997130647108
train roc: 0.999996988438
train hit in top 3418: 444.0 out of 444.0

test precision: 0.190029697735
test roc: 0.929869064662
test hit in top 427: 34.0 out of 55.0

ratio: 0.02, EF: 32.7272727273,	active: 55.0
ratio: 0.02, NEF: 0.654545454545
ratio: 0.01, EF: 61.8181818182,	active: 55.0
ratio: 0.01, NEF: 0.618181818182
ratio: 0.0015, EF: 230.303030303,	active: 55.0
ratio: 0.0015, NEF: 0.345454545455
ratio: 0.001, EF: 272.727272727,	active: 55.0
ratio: 0.001, NEF: 0.357142857143

