label_name_list  [u'PriA-SSB AS Activity', u'PriA-SSB AS % inhibition (Primary Median)']
train files  ['../datasets/keck_pria/fold_2.csv' '../datasets/keck_pria/fold_3.csv'
 '../datasets/keck_pria/fold_4.csv' '../datasets/keck_pria/fold_5.csv'
 '../datasets/keck_pria/fold_6.csv' '../datasets/keck_pria/fold_7.csv']
val files  ['../datasets/keck_pria/fold_0.csv']
test files  ['../datasets/keck_pria/fold_1.csv']
done data preparation
[21:34:31] src/tree/updater_prune.cc:74: tree pruning end, 1 roots, 8238 extra nodes, 0 pruned nodes, max_depth=50
[0]	validation_0-rmse:1.76708	validation_0-AUC[PR]:0.984898
Multiple eval metrics have been passed: 'validation_0-AUC[PR]' will be used for early stopping.

Will train until validation_0-AUC[PR] hasn't improved in 100 rounds.
[21:34:47] src/tree/updater_prune.cc:74: tree pruning end, 1 roots, 8298 extra nodes, 0 pruned nodes, max_depth=50
[1]	validation_0-rmse:2.95328	validation_0-AUC[PR]:0.981729
[21:35:03] src/tree/updater_prune.cc:74: tree pruning end, 1 roots, 8194 extra nodes, 0 pruned nodes, max_depth=50
[2]	validation_0-rmse:3.84409	validation_0-AUC[PR]:0.973491
[21:35:19] src/tree/updater_prune.cc:74: tree pruning end, 1 roots, 7816 extra nodes, 0 pruned nodes, max_depth=50
[3]	validation_0-rmse:4.52792	validation_0-AUC[PR]:0.963126
[21:35:36] src/tree/updater_prune.cc:74: tree pruning end, 1 roots, 7052 extra nodes, 0 pruned nodes, max_depth=50
[4]	validation_0-rmse:5.0209	validation_0-AUC[PR]:0.956231
[21:35:53] src/tree/updater_prune.cc:74: tree pruning end, 1 roots, 6746 extra nodes, 0 pruned nodes, max_depth=50
[5]	validation_0-rmse:5.3971	validation_0-AUC[PR]:0.954911
[21:36:10] src/tree/updater_prune.cc:74: tree pruning end, 1 roots, 6556 extra nodes, 0 pruned nodes, max_depth=50
[6]	validation_0-rmse:5.70355	validation_0-AUC[PR]:0.947188
[21:36:27] src/tree/updater_prune.cc:74: tree pruning end, 1 roots, 6670 extra nodes, 0 pruned nodes, max_depth=50
[7]	validation_0-rmse:5.95802	validation_0-AUC[PR]:0.945268
[21:36:45] src/tree/updater_prune.cc:74: tree pruning end, 1 roots, 5576 extra nodes, 0 pruned nodes, max_depth=50
[8]	validation_0-rmse:6.14898	validation_0-AUC[PR]:0.939241
[21:37:03] src/tree/updater_prune.cc:74: tree pruning end, 1 roots, 5856 extra nodes, 0 pruned nodes, max_depth=50
[9]	validation_0-rmse:6.30381	validation_0-AUC[PR]:0.935802
[21:37:20] src/tree/updater_prune.cc:74: tree pruning end, 1 roots, 6252 extra nodes, 0 pruned nodes, max_depth=50
[10]	validation_0-rmse:6.45732	validation_0-AUC[PR]:0.938673
[21:37:37] src/tree/updater_prune.cc:74: tree pruning end, 1 roots, 5982 extra nodes, 0 pruned nodes, max_depth=50
[11]	validation_0-rmse:6.5813	validation_0-AUC[PR]:0.937845
[21:37:54] src/tree/updater_prune.cc:74: tree pruning end, 1 roots, 5688 extra nodes, 0 pruned nodes, max_depth=50
[12]	validation_0-rmse:6.67855	validation_0-AUC[PR]:0.935319
[21:38:12] src/tree/updater_prune.cc:74: tree pruning end, 1 roots, 5520 extra nodes, 0 pruned nodes, max_depth=50
[13]	validation_0-rmse:6.77898	validation_0-AUC[PR]:0.933097
[21:38:29] src/tree/updater_prune.cc:74: tree pruning end, 1 roots, 4392 extra nodes, 0 pruned nodes, max_depth=50
[14]	validation_0-rmse:6.85685	validation_0-AUC[PR]:0.933282
[21:38:46] src/tree/updater_prune.cc:74: tree pruning end, 1 roots, 6100 extra nodes, 0 pruned nodes, max_depth=50
[15]	validation_0-rmse:6.9289	validation_0-AUC[PR]:0.9356
[21:39:03] src/tree/updater_prune.cc:74: tree pruning end, 1 roots, 6214 extra nodes, 0 pruned nodes, max_depth=50
[16]	validation_0-rmse:7.02061	validation_0-AUC[PR]:0.926783
[21:39:20] src/tree/updater_prune.cc:74: tree pruning end, 1 roots, 5196 extra nodes, 0 pruned nodes, max_depth=50
[17]	validation_0-rmse:7.09012	validation_0-AUC[PR]:0.927377
[21:39:38] src/tree/updater_prune.cc:74: tree pruning end, 1 roots, 4928 extra nodes, 0 pruned nodes, max_depth=50
[18]	validation_0-rmse:7.14735	validation_0-AUC[PR]:0.932437
[21:39:55] src/tree/updater_prune.cc:74: tree pruning end, 1 roots, 5040 extra nodes, 0 pruned nodes, max_depth=50
[19]	validation_0-rmse:7.20676	validation_0-AUC[PR]:0.929637
[21:40:13] src/tree/updater_prune.cc:74: tree pruning end, 1 roots, 5466 extra nodes, 0 pruned nodes, max_depth=50
[20]	validation_0-rmse:7.26891	validation_0-AUC[PR]:0.933498
[21:40:30] src/tree/updater_prune.cc:74: tree pruning end, 1 roots, 5226 extra nodes, 0 pruned nodes, max_depth=50
[21]	validation_0-rmse:7.31717	validation_0-AUC[PR]:0.92795
[21:40:48] src/tree/updater_prune.cc:74: tree pruning end, 1 roots, 4454 extra nodes, 0 pruned nodes, max_depth=50
[22]	validation_0-rmse:7.36226	validation_0-AUC[PR]:0.930924
[21:41:06] src/tree/updater_prune.cc:74: tree pruning end, 1 roots, 4382 extra nodes, 0 pruned nodes, max_depth=50
[23]	validation_0-rmse:7.41769	validation_0-AUC[PR]:0.928454
[21:41:23] src/tree/updater_prune.cc:74: tree pruning end, 1 roots, 5328 extra nodes, 0 pruned nodes, max_depth=50
[24]	validation_0-rmse:7.45444	validation_0-AUC[PR]:0.9273
[21:41:41] src/tree/updater_prune.cc:74: tree pruning end, 1 roots, 5802 extra nodes, 0 pruned nodes, max_depth=50
[25]	validation_0-rmse:7.48774	validation_0-AUC[PR]:0.925432
[21:41:58] src/tree/updater_prune.cc:74: tree pruning end, 1 roots, 4774 extra nodes, 0 pruned nodes, max_depth=50
[26]	validation_0-rmse:7.5202	validation_0-AUC[PR]:0.925931
[21:42:16] src/tree/updater_prune.cc:74: tree pruning end, 1 roots, 5358 extra nodes, 0 pruned nodes, max_depth=50
[27]	validation_0-rmse:7.54554	validation_0-AUC[PR]:0.925769
[21:42:33] src/tree/updater_prune.cc:74: tree pruning end, 1 roots, 5854 extra nodes, 0 pruned nodes, max_depth=50
[28]	validation_0-rmse:7.59155	validation_0-AUC[PR]:0.92327
[21:42:50] src/tree/updater_prune.cc:74: tree pruning end, 1 roots, 5326 extra nodes, 0 pruned nodes, max_depth=50
[29]	validation_0-rmse:7.62757	validation_0-AUC[PR]:0.924929
[21:43:07] src/tree/updater_prune.cc:74: tree pruning end, 1 roots, 5126 extra nodes, 0 pruned nodes, max_depth=50
[30]	validation_0-rmse:7.65654	validation_0-AUC[PR]:0.926442
[21:43:25] src/tree/updater_prune.cc:74: tree pruning end, 1 roots, 4796 extra nodes, 0 pruned nodes, max_depth=50
[31]	validation_0-rmse:7.69416	validation_0-AUC[PR]:0.92413
[21:43:42] src/tree/updater_prune.cc:74: tree pruning end, 1 roots, 5608 extra nodes, 0 pruned nodes, max_depth=50
[32]	validation_0-rmse:7.73587	validation_0-AUC[PR]:0.92293
[21:43:59] src/tree/updater_prune.cc:74: tree pruning end, 1 roots, 4402 extra nodes, 0 pruned nodes, max_depth=50
[33]	validation_0-rmse:7.76363	validation_0-AUC[PR]:0.920061
[21:44:17] src/tree/updater_prune.cc:74: tree pruning end, 1 roots, 4356 extra nodes, 0 pruned nodes, max_depth=50
[34]	validation_0-rmse:7.79639	validation_0-AUC[PR]:0.919256
[21:44:34] src/tree/updater_prune.cc:74: tree pruning end, 1 roots, 4810 extra nodes, 0 pruned nodes, max_depth=50
[35]	validation_0-rmse:7.82561	validation_0-AUC[PR]:0.918721
[21:44:52] src/tree/updater_prune.cc:74: tree pruning end, 1 roots, 5012 extra nodes, 0 pruned nodes, max_depth=50
[36]	validation_0-rmse:7.85794	validation_0-AUC[PR]:0.917591
[21:45:09] src/tree/updater_prune.cc:74: tree pruning end, 1 roots, 4442 extra nodes, 0 pruned nodes, max_depth=50
[37]	validation_0-rmse:7.88627	validation_0-AUC[PR]:0.916173
[21:45:27] src/tree/updater_prune.cc:74: tree pruning end, 1 roots, 5536 extra nodes, 0 pruned nodes, max_depth=50
[38]	validation_0-rmse:7.91079	validation_0-AUC[PR]:0.915817
[21:45:44] src/tree/updater_prune.cc:74: tree pruning end, 1 roots, 4872 extra nodes, 0 pruned nodes, max_depth=50
[39]	validation_0-rmse:7.94327	validation_0-AUC[PR]:0.915311
[21:46:01] src/tree/updater_prune.cc:74: tree pruning end, 1 roots, 5842 extra nodes, 0 pruned nodes, max_depth=50
[40]	validation_0-rmse:7.965	validation_0-AUC[PR]:0.915223
[21:46:18] src/tree/updater_prune.cc:74: tree pruning end, 1 roots, 5136 extra nodes, 0 pruned nodes, max_depth=50
[41]	validation_0-rmse:7.98563	validation_0-AUC[PR]:0.916504
[21:46:37] src/tree/updater_prune.cc:74: tree pruning end, 1 roots, 4680 extra nodes, 0 pruned nodes, max_depth=50
[42]	validation_0-rmse:8.01025	validation_0-AUC[PR]:0.917574
[21:46:55] src/tree/updater_prune.cc:74: tree pruning end, 1 roots, 5338 extra nodes, 0 pruned nodes, max_depth=50
[43]	validation_0-rmse:8.03441	validation_0-AUC[PR]:0.917887
[21:47:12] src/tree/updater_prune.cc:74: tree pruning end, 1 roots, 4980 extra nodes, 0 pruned nodes, max_depth=50
[44]	validation_0-rmse:8.06184	validation_0-AUC[PR]:0.918956
[21:47:30] src/tree/updater_prune.cc:74: tree pruning end, 1 roots, 5362 extra nodes, 0 pruned nodes, max_depth=50
[45]	validation_0-rmse:8.08395	validation_0-AUC[PR]:0.917659
[21:47:47] src/tree/updater_prune.cc:74: tree pruning end, 1 roots, 4772 extra nodes, 0 pruned nodes, max_depth=50
[46]	validation_0-rmse:8.10257	validation_0-AUC[PR]:0.91632
[21:48:05] src/tree/updater_prune.cc:74: tree pruning end, 1 roots, 4502 extra nodes, 0 pruned nodes, max_depth=50
[47]	validation_0-rmse:8.12104	validation_0-AUC[PR]:0.915398
[21:48:22] src/tree/updater_prune.cc:74: tree pruning end, 1 roots, 5014 extra nodes, 0 pruned nodes, max_depth=50
[48]	validation_0-rmse:8.1455	validation_0-AUC[PR]:0.914811
[21:48:40] src/tree/updater_prune.cc:74: tree pruning end, 1 roots, 4942 extra nodes, 0 pruned nodes, max_depth=50
[49]	validation_0-rmse:8.17401	validation_0-AUC[PR]:0.915047
[21:48:57] src/tree/updater_prune.cc:74: tree pruning end, 1 roots, 4962 extra nodes, 0 pruned nodes, max_depth=50
[50]	validation_0-rmse:8.19705	validation_0-AUC[PR]:0.918118
[21:49:15] src/tree/updater_prune.cc:74: tree pruning end, 1 roots, 5218 extra nodes, 0 pruned nodes, max_depth=50
[51]	validation_0-rmse:8.21301	validation_0-AUC[PR]:0.918149
[21:49:32] src/tree/updater_prune.cc:74: tree pruning end, 1 roots, 5260 extra nodes, 0 pruned nodes, max_depth=50
[52]	validation_0-rmse:8.24103	validation_0-AUC[PR]:0.918824
[21:49:49] src/tree/updater_prune.cc:74: tree pruning end, 1 roots, 5558 extra nodes, 0 pruned nodes, max_depth=50
[53]	validation_0-rmse:8.26221	validation_0-AUC[PR]:0.916661
[21:50:06] src/tree/updater_prune.cc:74: tree pruning end, 1 roots, 5158 extra nodes, 0 pruned nodes, max_depth=50
[54]	validation_0-rmse:8.28269	validation_0-AUC[PR]:0.913003
[21:50:24] src/tree/updater_prune.cc:74: tree pruning end, 1 roots, 4872 extra nodes, 0 pruned nodes, max_depth=50
[55]	validation_0-rmse:8.30373	validation_0-AUC[PR]:0.914023
[21:50:41] src/tree/updater_prune.cc:74: tree pruning end, 1 roots, 5278 extra nodes, 0 pruned nodes, max_depth=50
[56]	validation_0-rmse:8.32901	validation_0-AUC[PR]:0.913371
[21:50:59] src/tree/updater_prune.cc:74: tree pruning end, 1 roots, 4698 extra nodes, 0 pruned nodes, max_depth=50
[57]	validation_0-rmse:8.34756	validation_0-AUC[PR]:0.914854
[21:51:16] src/tree/updater_prune.cc:74: tree pruning end, 1 roots, 5480 extra nodes, 0 pruned nodes, max_depth=50
[58]	validation_0-rmse:8.36906	validation_0-AUC[PR]:0.915397
[21:51:34] src/tree/updater_prune.cc:74: tree pruning end, 1 roots, 5864 extra nodes, 0 pruned nodes, max_depth=50
[59]	validation_0-rmse:8.39156	validation_0-AUC[PR]:0.915288
[21:51:51] src/tree/updater_prune.cc:74: tree pruning end, 1 roots, 5576 extra nodes, 0 pruned nodes, max_depth=50
[60]	validation_0-rmse:8.41486	validation_0-AUC[PR]:0.912714
[21:52:09] src/tree/updater_prune.cc:74: tree pruning end, 1 roots, 5554 extra nodes, 0 pruned nodes, max_depth=50
[61]	validation_0-rmse:8.42826	validation_0-AUC[PR]:0.912637
[21:52:26] src/tree/updater_prune.cc:74: tree pruning end, 1 roots, 5302 extra nodes, 0 pruned nodes, max_depth=50
[62]	validation_0-rmse:8.44451	validation_0-AUC[PR]:0.909929
[21:52:43] src/tree/updater_prune.cc:74: tree pruning end, 1 roots, 5548 extra nodes, 0 pruned nodes, max_depth=50
[63]	validation_0-rmse:8.45764	validation_0-AUC[PR]:0.911173
[21:53:01] src/tree/updater_prune.cc:74: tree pruning end, 1 roots, 5288 extra nodes, 0 pruned nodes, max_depth=50
[64]	validation_0-rmse:8.48014	validation_0-AUC[PR]:0.910737
[21:53:18] src/tree/updater_prune.cc:74: tree pruning end, 1 roots, 5586 extra nodes, 0 pruned nodes, max_depth=50
[65]	validation_0-rmse:8.50274	validation_0-AUC[PR]:0.910215
[21:53:36] src/tree/updater_prune.cc:74: tree pruning end, 1 roots, 5660 extra nodes, 0 pruned nodes, max_depth=50
[66]	validation_0-rmse:8.52272	validation_0-AUC[PR]:0.911352
[21:53:53] src/tree/updater_prune.cc:74: tree pruning end, 1 roots, 5262 extra nodes, 0 pruned nodes, max_depth=50
[67]	validation_0-rmse:8.54231	validation_0-AUC[PR]:0.91228
[21:54:10] src/tree/updater_prune.cc:74: tree pruning end, 1 roots, 6244 extra nodes, 0 pruned nodes, max_depth=50
[68]	validation_0-rmse:8.55864	validation_0-AUC[PR]:0.91404
[21:54:27] src/tree/updater_prune.cc:74: tree pruning end, 1 roots, 5032 extra nodes, 0 pruned nodes, max_depth=50
[69]	validation_0-rmse:8.57737	validation_0-AUC[PR]:0.915481
[21:54:45] src/tree/updater_prune.cc:74: tree pruning end, 1 roots, 4738 extra nodes, 0 pruned nodes, max_depth=50
[70]	validation_0-rmse:8.59209	validation_0-AUC[PR]:0.915428
[21:55:02] src/tree/updater_prune.cc:74: tree pruning end, 1 roots, 5972 extra nodes, 0 pruned nodes, max_depth=50
[71]	validation_0-rmse:8.60926	validation_0-AUC[PR]:0.915587
[21:55:19] src/tree/updater_prune.cc:74: tree pruning end, 1 roots, 5682 extra nodes, 0 pruned nodes, max_depth=50
[72]	validation_0-rmse:8.61945	validation_0-AUC[PR]:0.916563
[21:55:37] src/tree/updater_prune.cc:74: tree pruning end, 1 roots, 5512 extra nodes, 0 pruned nodes, max_depth=50
[73]	validation_0-rmse:8.63541	validation_0-AUC[PR]:0.915489
[21:55:54] src/tree/updater_prune.cc:74: tree pruning end, 1 roots, 5426 extra nodes, 0 pruned nodes, max_depth=50
[74]	validation_0-rmse:8.64783	validation_0-AUC[PR]:0.912224
[21:56:11] src/tree/updater_prune.cc:74: tree pruning end, 1 roots, 5202 extra nodes, 0 pruned nodes, max_depth=50
[75]	validation_0-rmse:8.6604	validation_0-AUC[PR]:0.911335
[21:56:29] src/tree/updater_prune.cc:74: tree pruning end, 1 roots, 4768 extra nodes, 0 pruned nodes, max_depth=50
[76]	validation_0-rmse:8.67129	validation_0-AUC[PR]:0.913777
[21:56:47] src/tree/updater_prune.cc:74: tree pruning end, 1 roots, 5432 extra nodes, 0 pruned nodes, max_depth=50
[77]	validation_0-rmse:8.68539	validation_0-AUC[PR]:0.913839
[21:57:05] src/tree/updater_prune.cc:74: tree pruning end, 1 roots, 5544 extra nodes, 0 pruned nodes, max_depth=50
[78]	validation_0-rmse:8.69659	validation_0-AUC[PR]:0.91203
[21:57:22] src/tree/updater_prune.cc:74: tree pruning end, 1 roots, 5714 extra nodes, 0 pruned nodes, max_depth=50
[79]	validation_0-rmse:8.71781	validation_0-AUC[PR]:0.913644
[21:57:39] src/tree/updater_prune.cc:74: tree pruning end, 1 roots, 5492 extra nodes, 0 pruned nodes, max_depth=50
[80]	validation_0-rmse:8.72912	validation_0-AUC[PR]:0.915631
[21:57:57] src/tree/updater_prune.cc:74: tree pruning end, 1 roots, 5106 extra nodes, 0 pruned nodes, max_depth=50
[81]	validation_0-rmse:8.74215	validation_0-AUC[PR]:0.914571
[21:58:14] src/tree/updater_prune.cc:74: tree pruning end, 1 roots, 6412 extra nodes, 0 pruned nodes, max_depth=50
[82]	validation_0-rmse:8.75726	validation_0-AUC[PR]:0.914427
[21:58:32] src/tree/updater_prune.cc:74: tree pruning end, 1 roots, 4914 extra nodes, 0 pruned nodes, max_depth=50
[83]	validation_0-rmse:8.76703	validation_0-AUC[PR]:0.914683
[21:58:49] src/tree/updater_prune.cc:74: tree pruning end, 1 roots, 6128 extra nodes, 0 pruned nodes, max_depth=50
[84]	validation_0-rmse:8.77969	validation_0-AUC[PR]:0.916893
[21:59:06] src/tree/updater_prune.cc:74: tree pruning end, 1 roots, 4834 extra nodes, 0 pruned nodes, max_depth=50
[85]	validation_0-rmse:8.78964	validation_0-AUC[PR]:0.916599
[21:59:23] src/tree/updater_prune.cc:74: tree pruning end, 1 roots, 6338 extra nodes, 0 pruned nodes, max_depth=50
[86]	validation_0-rmse:8.80665	validation_0-AUC[PR]:0.917785
[21:59:40] src/tree/updater_prune.cc:74: tree pruning end, 1 roots, 6148 extra nodes, 0 pruned nodes, max_depth=50
[87]	validation_0-rmse:8.8225	validation_0-AUC[PR]:0.917478
[21:59:58] src/tree/updater_prune.cc:74: tree pruning end, 1 roots, 5600 extra nodes, 0 pruned nodes, max_depth=50
[88]	validation_0-rmse:8.83399	validation_0-AUC[PR]:0.919314
[22:00:15] src/tree/updater_prune.cc:74: tree pruning end, 1 roots, 5178 extra nodes, 0 pruned nodes, max_depth=50
[89]	validation_0-rmse:8.8409	validation_0-AUC[PR]:0.916706
[22:00:32] src/tree/updater_prune.cc:74: tree pruning end, 1 roots, 5194 extra nodes, 0 pruned nodes, max_depth=50
[90]	validation_0-rmse:8.85282	validation_0-AUC[PR]:0.916221
[22:00:49] src/tree/updater_prune.cc:74: tree pruning end, 1 roots, 5662 extra nodes, 0 pruned nodes, max_depth=50
[91]	validation_0-rmse:8.86865	validation_0-AUC[PR]:0.917581
[22:01:07] src/tree/updater_prune.cc:74: tree pruning end, 1 roots, 5468 extra nodes, 0 pruned nodes, max_depth=50
[92]	validation_0-rmse:8.87548	validation_0-AUC[PR]:0.918325
[22:01:24] src/tree/updater_prune.cc:74: tree pruning end, 1 roots, 4762 extra nodes, 0 pruned nodes, max_depth=50
[93]	validation_0-rmse:8.88032	validation_0-AUC[PR]:0.918612
[22:01:42] src/tree/updater_prune.cc:74: tree pruning end, 1 roots, 5250 extra nodes, 0 pruned nodes, max_depth=50
[94]	validation_0-rmse:8.89294	validation_0-AUC[PR]:0.917118
[22:01:59] src/tree/updater_prune.cc:74: tree pruning end, 1 roots, 5392 extra nodes, 0 pruned nodes, max_depth=50
[95]	validation_0-rmse:8.90813	validation_0-AUC[PR]:0.917604
[22:02:17] src/tree/updater_prune.cc:74: tree pruning end, 1 roots, 5038 extra nodes, 0 pruned nodes, max_depth=50
[96]	validation_0-rmse:8.91651	validation_0-AUC[PR]:0.9168
[22:02:34] src/tree/updater_prune.cc:74: tree pruning end, 1 roots, 4276 extra nodes, 0 pruned nodes, max_depth=50
[97]	validation_0-rmse:8.92625	validation_0-AUC[PR]:0.917468
[22:02:52] src/tree/updater_prune.cc:74: tree pruning end, 1 roots, 4480 extra nodes, 0 pruned nodes, max_depth=50
[98]	validation_0-rmse:8.9387	validation_0-AUC[PR]:0.917309
[22:03:09] src/tree/updater_prune.cc:74: tree pruning end, 1 roots, 4840 extra nodes, 0 pruned nodes, max_depth=50
[99]	validation_0-rmse:8.94779	validation_0-AUC[PR]:0.917272
[22:03:26] src/tree/updater_prune.cc:74: tree pruning end, 1 roots, 5900 extra nodes, 0 pruned nodes, max_depth=50
[100]	validation_0-rmse:8.9527	validation_0-AUC[PR]:0.918116
[22:03:43] src/tree/updater_prune.cc:74: tree pruning end, 1 roots, 6052 extra nodes, 0 pruned nodes, max_depth=50
[101]	validation_0-rmse:8.96277	validation_0-AUC[PR]:0.917113
[22:04:00] src/tree/updater_prune.cc:74: tree pruning end, 1 roots, 5438 extra nodes, 0 pruned nodes, max_depth=50
[102]	validation_0-rmse:8.97648	validation_0-AUC[PR]:0.91599
[22:04:18] src/tree/updater_prune.cc:74: tree pruning end, 1 roots, 4412 extra nodes, 0 pruned nodes, max_depth=50
[103]	validation_0-rmse:8.98638	validation_0-AUC[PR]:0.917312
[22:04:35] src/tree/updater_prune.cc:74: tree pruning end, 1 roots, 5878 extra nodes, 0 pruned nodes, max_depth=50
[104]	validation_0-rmse:8.9949	validation_0-AUC[PR]:0.91786
[22:04:52] src/tree/updater_prune.cc:74: tree pruning end, 1 roots, 5106 extra nodes, 0 pruned nodes, max_depth=50
[105]	validation_0-rmse:8.99974	validation_0-AUC[PR]:0.918538
[22:05:09] src/tree/updater_prune.cc:74: tree pruning end, 1 roots, 5160 extra nodes, 0 pruned nodes, max_depth=50
[106]	validation_0-rmse:9.01195	validation_0-AUC[PR]:0.918614
[22:05:27] src/tree/updater_prune.cc:74: tree pruning end, 1 roots, 4782 extra nodes, 0 pruned nodes, max_depth=50
[107]	validation_0-rmse:9.0153	validation_0-AUC[PR]:0.91875
[22:05:44] src/tree/updater_prune.cc:74: tree pruning end, 1 roots, 6410 extra nodes, 0 pruned nodes, max_depth=50
[108]	validation_0-rmse:9.02502	validation_0-AUC[PR]:0.918984
[22:06:01] src/tree/updater_prune.cc:74: tree pruning end, 1 roots, 5106 extra nodes, 0 pruned nodes, max_depth=50
[109]	validation_0-rmse:9.03304	validation_0-AUC[PR]:0.917953
[22:06:18] src/tree/updater_prune.cc:74: tree pruning end, 1 roots, 5360 extra nodes, 0 pruned nodes, max_depth=50
[110]	validation_0-rmse:9.03803	validation_0-AUC[PR]:0.91782
[22:06:36] src/tree/updater_prune.cc:74: tree pruning end, 1 roots, 5872 extra nodes, 0 pruned nodes, max_depth=50
[111]	validation_0-rmse:9.04655	validation_0-AUC[PR]:0.919052
[22:06:54] src/tree/updater_prune.cc:74: tree pruning end, 1 roots, 5564 extra nodes, 0 pruned nodes, max_depth=50
[112]	validation_0-rmse:9.0544	validation_0-AUC[PR]:0.92002
[22:07:11] src/tree/updater_prune.cc:74: tree pruning end, 1 roots, 5412 extra nodes, 0 pruned nodes, max_depth=50
[113]	validation_0-rmse:9.06713	validation_0-AUC[PR]:0.91792
[22:07:29] src/tree/updater_prune.cc:74: tree pruning end, 1 roots, 5916 extra nodes, 0 pruned nodes, max_depth=50
[114]	validation_0-rmse:9.07741	validation_0-AUC[PR]:0.916911
[22:07:46] src/tree/updater_prune.cc:74: tree pruning end, 1 roots, 5086 extra nodes, 0 pruned nodes, max_depth=50
[115]	validation_0-rmse:9.08624	validation_0-AUC[PR]:0.916712
[22:08:04] src/tree/updater_prune.cc:74: tree pruning end, 1 roots, 5704 extra nodes, 0 pruned nodes, max_depth=50
[116]	validation_0-rmse:9.09517	validation_0-AUC[PR]:0.917025
[22:08:21] src/tree/updater_prune.cc:74: tree pruning end, 1 roots, 5190 extra nodes, 0 pruned nodes, max_depth=50
[117]	validation_0-rmse:9.10717	validation_0-AUC[PR]:0.917701
[22:08:38] src/tree/updater_prune.cc:74: tree pruning end, 1 roots, 5816 extra nodes, 0 pruned nodes, max_depth=50
[118]	validation_0-rmse:9.11786	validation_0-AUC[PR]:0.917787
[22:08:55] src/tree/updater_prune.cc:74: tree pruning end, 1 roots, 5254 extra nodes, 0 pruned nodes, max_depth=50
[119]	validation_0-rmse:9.12502	validation_0-AUC[PR]:0.917059
[22:09:13] src/tree/updater_prune.cc:74: tree pruning end, 1 roots, 5162 extra nodes, 0 pruned nodes, max_depth=50
[120]	validation_0-rmse:9.1294	validation_0-AUC[PR]:0.917952
[22:09:29] src/tree/updater_prune.cc:74: tree pruning end, 1 roots, 6520 extra nodes, 0 pruned nodes, max_depth=50
[121]	validation_0-rmse:9.14045	validation_0-AUC[PR]:0.916921
[22:09:47] src/tree/updater_prune.cc:74: tree pruning end, 1 roots, 5798 extra nodes, 0 pruned nodes, max_depth=50
[122]	validation_0-rmse:9.14465	validation_0-AUC[PR]:0.919419
[22:10:04] src/tree/updater_prune.cc:74: tree pruning end, 1 roots, 4900 extra nodes, 0 pruned nodes, max_depth=50
[123]	validation_0-rmse:9.15082	validation_0-AUC[PR]:0.919432
[22:10:22] src/tree/updater_prune.cc:74: tree pruning end, 1 roots, 5586 extra nodes, 0 pruned nodes, max_depth=50
[124]	validation_0-rmse:9.15771	validation_0-AUC[PR]:0.91992
[22:10:39] src/tree/updater_prune.cc:74: tree pruning end, 1 roots, 5956 extra nodes, 0 pruned nodes, max_depth=50
[125]	validation_0-rmse:9.1624	validation_0-AUC[PR]:0.918428
[22:10:56] src/tree/updater_prune.cc:74: tree pruning end, 1 roots, 6024 extra nodes, 0 pruned nodes, max_depth=50
[126]	validation_0-rmse:9.16886	validation_0-AUC[PR]:0.919499
[22:11:13] src/tree/updater_prune.cc:74: tree pruning end, 1 roots, 5572 extra nodes, 0 pruned nodes, max_depth=50
[127]	validation_0-rmse:9.17552	validation_0-AUC[PR]:0.916851
[22:11:31] src/tree/updater_prune.cc:74: tree pruning end, 1 roots, 5164 extra nodes, 0 pruned nodes, max_depth=50
[128]	validation_0-rmse:9.18285	validation_0-AUC[PR]:0.920032
[22:11:49] src/tree/updater_prune.cc:74: tree pruning end, 1 roots, 5596 extra nodes, 0 pruned nodes, max_depth=50
[129]	validation_0-rmse:9.19066	validation_0-AUC[PR]:0.921848
[22:12:06] src/tree/updater_prune.cc:74: tree pruning end, 1 roots, 5622 extra nodes, 0 pruned nodes, max_depth=50
[130]	validation_0-rmse:9.19832	validation_0-AUC[PR]:0.917852
[22:12:23] src/tree/updater_prune.cc:74: tree pruning end, 1 roots, 5120 extra nodes, 0 pruned nodes, max_depth=50
[131]	validation_0-rmse:9.20499	validation_0-AUC[PR]:0.918038
[22:12:41] src/tree/updater_prune.cc:74: tree pruning end, 1 roots, 5224 extra nodes, 0 pruned nodes, max_depth=50
[132]	validation_0-rmse:9.21087	validation_0-AUC[PR]:0.916596
[22:12:58] src/tree/updater_prune.cc:74: tree pruning end, 1 roots, 5856 extra nodes, 0 pruned nodes, max_depth=50
[133]	validation_0-rmse:9.21905	validation_0-AUC[PR]:0.917466
[22:13:15] src/tree/updater_prune.cc:74: tree pruning end, 1 roots, 5498 extra nodes, 0 pruned nodes, max_depth=50
[134]	validation_0-rmse:9.22606	validation_0-AUC[PR]:0.918092
[22:13:33] src/tree/updater_prune.cc:74: tree pruning end, 1 roots, 4384 extra nodes, 0 pruned nodes, max_depth=50
[135]	validation_0-rmse:9.23209	validation_0-AUC[PR]:0.91764
[22:13:50] src/tree/updater_prune.cc:74: tree pruning end, 1 roots, 5634 extra nodes, 0 pruned nodes, max_depth=50
[136]	validation_0-rmse:9.23913	validation_0-AUC[PR]:0.916696
[22:14:07] src/tree/updater_prune.cc:74: tree pruning end, 1 roots, 6064 extra nodes, 0 pruned nodes, max_depth=50
[137]	validation_0-rmse:9.24441	validation_0-AUC[PR]:0.916821
[22:14:24] src/tree/updater_prune.cc:74: tree pruning end, 1 roots, 5878 extra nodes, 0 pruned nodes, max_depth=50
[138]	validation_0-rmse:9.25173	validation_0-AUC[PR]:0.916914
[22:14:42] src/tree/updater_prune.cc:74: tree pruning end, 1 roots, 5216 extra nodes, 0 pruned nodes, max_depth=50
[139]	validation_0-rmse:9.2529	validation_0-AUC[PR]:0.915519
[22:14:59] src/tree/updater_prune.cc:74: tree pruning end, 1 roots, 5486 extra nodes, 0 pruned nodes, max_depth=50
[140]	validation_0-rmse:9.26129	validation_0-AUC[PR]:0.916366
[22:15:16] src/tree/updater_prune.cc:74: tree pruning end, 1 roots, 6162 extra nodes, 0 pruned nodes, max_depth=50
[141]	validation_0-rmse:9.26711	validation_0-AUC[PR]:0.917108
[22:15:33] src/tree/updater_prune.cc:74: tree pruning end, 1 roots, 5164 extra nodes, 0 pruned nodes, max_depth=50
[142]	validation_0-rmse:9.27394	validation_0-AUC[PR]:0.916768
[22:15:51] src/tree/updater_prune.cc:74: tree pruning end, 1 roots, 6072 extra nodes, 0 pruned nodes, max_depth=50
[143]	validation_0-rmse:9.28385	validation_0-AUC[PR]:0.916627
[22:16:08] src/tree/updater_prune.cc:74: tree pruning end, 1 roots, 5536 extra nodes, 0 pruned nodes, max_depth=50
[144]	validation_0-rmse:9.28865	validation_0-AUC[PR]:0.917117
[22:16:25] src/tree/updater_prune.cc:74: tree pruning end, 1 roots, 5342 extra nodes, 0 pruned nodes, max_depth=50
[145]	validation_0-rmse:9.29462	validation_0-AUC[PR]:0.916531
[22:16:43] src/tree/updater_prune.cc:74: tree pruning end, 1 roots, 6038 extra nodes, 0 pruned nodes, max_depth=50
[146]	validation_0-rmse:9.30146	validation_0-AUC[PR]:0.916686
[22:17:01] src/tree/updater_prune.cc:74: tree pruning end, 1 roots, 5162 extra nodes, 0 pruned nodes, max_depth=50
[147]	validation_0-rmse:9.30768	validation_0-AUC[PR]:0.917661
[22:17:18] src/tree/updater_prune.cc:74: tree pruning end, 1 roots, 4960 extra nodes, 0 pruned nodes, max_depth=50
[148]	validation_0-rmse:9.31311	validation_0-AUC[PR]:0.917179
[22:17:35] src/tree/updater_prune.cc:74: tree pruning end, 1 roots, 6234 extra nodes, 0 pruned nodes, max_depth=50
[149]	validation_0-rmse:9.32083	validation_0-AUC[PR]:0.916899
[22:17:52] src/tree/updater_prune.cc:74: tree pruning end, 1 roots, 6026 extra nodes, 0 pruned nodes, max_depth=50
[150]	validation_0-rmse:9.32737	validation_0-AUC[PR]:0.917896
[22:18:10] src/tree/updater_prune.cc:74: tree pruning end, 1 roots, 4760 extra nodes, 0 pruned nodes, max_depth=50
[151]	validation_0-rmse:9.33346	validation_0-AUC[PR]:0.916847
[22:18:27] src/tree/updater_prune.cc:74: tree pruning end, 1 roots, 5292 extra nodes, 0 pruned nodes, max_depth=50
[152]	validation_0-rmse:9.34138	validation_0-AUC[PR]:0.917451
[22:18:45] src/tree/updater_prune.cc:74: tree pruning end, 1 roots, 5838 extra nodes, 0 pruned nodes, max_depth=50
[153]	validation_0-rmse:9.34706	validation_0-AUC[PR]:0.918339
[22:19:02] src/tree/updater_prune.cc:74: tree pruning end, 1 roots, 5168 extra nodes, 0 pruned nodes, max_depth=50
[154]	validation_0-rmse:9.35034	validation_0-AUC[PR]:0.918402
[22:19:19] src/tree/updater_prune.cc:74: tree pruning end, 1 roots, 5198 extra nodes, 0 pruned nodes, max_depth=50
[155]	validation_0-rmse:9.35672	validation_0-AUC[PR]:0.918482
[22:19:36] src/tree/updater_prune.cc:74: tree pruning end, 1 roots, 5726 extra nodes, 0 pruned nodes, max_depth=50
[156]	validation_0-rmse:9.3607	validation_0-AUC[PR]:0.91867
[22:19:54] src/tree/updater_prune.cc:74: tree pruning end, 1 roots, 5178 extra nodes, 0 pruned nodes, max_depth=50
[157]	validation_0-rmse:9.36968	validation_0-AUC[PR]:0.917859
[22:20:11] src/tree/updater_prune.cc:74: tree pruning end, 1 roots, 5414 extra nodes, 0 pruned nodes, max_depth=50
[158]	validation_0-rmse:9.37593	validation_0-AUC[PR]:0.917487
[22:20:28] src/tree/updater_prune.cc:74: tree pruning end, 1 roots, 5758 extra nodes, 0 pruned nodes, max_depth=50
[159]	validation_0-rmse:9.37937	validation_0-AUC[PR]:0.917596
[22:20:45] src/tree/updater_prune.cc:74: tree pruning end, 1 roots, 5742 extra nodes, 0 pruned nodes, max_depth=50
[160]	validation_0-rmse:9.38428	validation_0-AUC[PR]:0.918
[22:21:03] src/tree/updater_prune.cc:74: tree pruning end, 1 roots, 5012 extra nodes, 0 pruned nodes, max_depth=50
[161]	validation_0-rmse:9.38791	validation_0-AUC[PR]:0.918247
[22:21:20] src/tree/updater_prune.cc:74: tree pruning end, 1 roots, 5996 extra nodes, 0 pruned nodes, max_depth=50
[162]	validation_0-rmse:9.39605	validation_0-AUC[PR]:0.917658
Stopping. Best iteration:
[62]	validation_0-rmse:8.44451	validation_0-AUC[PR]:0.909929

train precision: 0.266733955797
train roc: 0.996441335434
train hit: 296.0 out of 332.0

val precision: 0.0900712192297
val roc: 0.918521162595
val hit: 23.0 out of 56.0

test precision: 0.105048042158
test roc: 0.898827238399
test hit: 34.0 out of 56.0

ratio: 0.02, EF: 32.1428571429,	active: 56.0
ratio: 0.02, NEF: 0.642857142857
ratio: 0.01, EF: 60.7142857143,	active: 56.0
ratio: 0.01, NEF: 0.607142857143
ratio: 0.0015, EF: 142.857142857,	active: 56.0
ratio: 0.0015, NEF: 0.214285714286
ratio: 0.001, EF: 142.857142857,	active: 56.0
ratio: 0.001, NEF: 0.190476190476

