label_name_list  [u'PriA-SSB AS Activity', u'PriA-SSB AS % inhibition (Primary Median)']
train files  ['../datasets/keck_pria/fold_2.csv' '../datasets/keck_pria/fold_3.csv'
 '../datasets/keck_pria/fold_4.csv' '../datasets/keck_pria/fold_5.csv'
 '../datasets/keck_pria/fold_6.csv' '../datasets/keck_pria/fold_7.csv']
val files  ['../datasets/keck_pria/fold_0.csv']
test files  ['../datasets/keck_pria/fold_1.csv']
done data preparation
[00:58:59] src/tree/updater_prune.cc:74: tree pruning end, 1 roots, 33604 extra nodes, 0 pruned nodes, max_depth=100
[0]	validation_0-rmse:1.72433	validation_0-AUC[ROC]:0.2512
Multiple eval metrics have been passed: 'validation_0-AUC[ROC]' will be used for early stopping.

Will train until validation_0-AUC[ROC] hasn't improved in 300 rounds.
[00:59:11] src/tree/updater_prune.cc:74: tree pruning end, 1 roots, 33790 extra nodes, 0 pruned nodes, max_depth=100
[1]	validation_0-rmse:2.84992	validation_0-AUC[ROC]:0.178404
[00:59:20] src/tree/updater_prune.cc:74: tree pruning end, 1 roots, 40320 extra nodes, 0 pruned nodes, max_depth=100
[2]	validation_0-rmse:3.73445	validation_0-AUC[ROC]:0.134478
[00:59:25] src/tree/updater_prune.cc:74: tree pruning end, 1 roots, 37690 extra nodes, 0 pruned nodes, max_depth=100
[3]	validation_0-rmse:4.38643	validation_0-AUC[ROC]:0.111039
[00:59:30] src/tree/updater_prune.cc:74: tree pruning end, 1 roots, 38446 extra nodes, 0 pruned nodes, max_depth=100
[4]	validation_0-rmse:4.87973	validation_0-AUC[ROC]:0.105459
[00:59:34] src/tree/updater_prune.cc:74: tree pruning end, 1 roots, 41156 extra nodes, 0 pruned nodes, max_depth=100
[5]	validation_0-rmse:5.28522	validation_0-AUC[ROC]:0.100994
[00:59:39] src/tree/updater_prune.cc:74: tree pruning end, 1 roots, 46400 extra nodes, 0 pruned nodes, max_depth=100
[6]	validation_0-rmse:5.6349	validation_0-AUC[ROC]:0.100367
[00:59:43] src/tree/updater_prune.cc:74: tree pruning end, 1 roots, 41462 extra nodes, 0 pruned nodes, max_depth=100
[7]	validation_0-rmse:5.90703	validation_0-AUC[ROC]:0.096862
[00:59:48] src/tree/updater_prune.cc:74: tree pruning end, 1 roots, 41906 extra nodes, 0 pruned nodes, max_depth=100
[8]	validation_0-rmse:6.12582	validation_0-AUC[ROC]:0.096278
[00:59:54] src/tree/updater_prune.cc:74: tree pruning end, 1 roots, 42984 extra nodes, 0 pruned nodes, max_depth=100
[9]	validation_0-rmse:6.30389	validation_0-AUC[ROC]:0.106659
[00:59:59] src/tree/updater_prune.cc:74: tree pruning end, 1 roots, 41284 extra nodes, 0 pruned nodes, max_depth=100
[10]	validation_0-rmse:6.45392	validation_0-AUC[ROC]:0.107384
[01:00:09] src/tree/updater_prune.cc:74: tree pruning end, 1 roots, 40364 extra nodes, 0 pruned nodes, max_depth=100
[11]	validation_0-rmse:6.58606	validation_0-AUC[ROC]:0.100118
[01:00:14] src/tree/updater_prune.cc:74: tree pruning end, 1 roots, 37528 extra nodes, 0 pruned nodes, max_depth=100
[12]	validation_0-rmse:6.71988	validation_0-AUC[ROC]:0.100439
[01:00:20] src/tree/updater_prune.cc:74: tree pruning end, 1 roots, 44768 extra nodes, 0 pruned nodes, max_depth=100
[13]	validation_0-rmse:6.84074	validation_0-AUC[ROC]:0.099904
[01:00:26] src/tree/updater_prune.cc:74: tree pruning end, 1 roots, 44030 extra nodes, 0 pruned nodes, max_depth=100
[14]	validation_0-rmse:6.93466	validation_0-AUC[ROC]:0.089521
[01:00:35] src/tree/updater_prune.cc:74: tree pruning end, 1 roots, 35728 extra nodes, 0 pruned nodes, max_depth=100
[15]	validation_0-rmse:7.00387	validation_0-AUC[ROC]:0.085335
[01:00:40] src/tree/updater_prune.cc:74: tree pruning end, 1 roots, 33338 extra nodes, 0 pruned nodes, max_depth=100
[16]	validation_0-rmse:7.06356	validation_0-AUC[ROC]:0.082386
[01:00:44] src/tree/updater_prune.cc:74: tree pruning end, 1 roots, 40650 extra nodes, 0 pruned nodes, max_depth=100
[17]	validation_0-rmse:7.12369	validation_0-AUC[ROC]:0.084099
[01:00:49] src/tree/updater_prune.cc:74: tree pruning end, 1 roots, 39964 extra nodes, 0 pruned nodes, max_depth=100
[18]	validation_0-rmse:7.18008	validation_0-AUC[ROC]:0.085661
[01:00:54] src/tree/updater_prune.cc:74: tree pruning end, 1 roots, 39306 extra nodes, 0 pruned nodes, max_depth=100
[19]	validation_0-rmse:7.2304	validation_0-AUC[ROC]:0.08426
[01:00:59] src/tree/updater_prune.cc:74: tree pruning end, 1 roots, 35160 extra nodes, 0 pruned nodes, max_depth=100
[20]	validation_0-rmse:7.27941	validation_0-AUC[ROC]:0.082764
[01:01:15] src/tree/updater_prune.cc:74: tree pruning end, 1 roots, 33426 extra nodes, 0 pruned nodes, max_depth=100
[21]	validation_0-rmse:7.31863	validation_0-AUC[ROC]:0.084602
[01:01:22] src/tree/updater_prune.cc:74: tree pruning end, 1 roots, 38682 extra nodes, 0 pruned nodes, max_depth=100
[22]	validation_0-rmse:7.3585	validation_0-AUC[ROC]:0.084611
[01:01:34] src/tree/updater_prune.cc:74: tree pruning end, 1 roots, 36722 extra nodes, 0 pruned nodes, max_depth=100
[23]	validation_0-rmse:7.3957	validation_0-AUC[ROC]:0.08477
[01:01:56] src/tree/updater_prune.cc:74: tree pruning end, 1 roots, 38654 extra nodes, 0 pruned nodes, max_depth=100
[24]	validation_0-rmse:7.43797	validation_0-AUC[ROC]:0.082151
[01:02:10] src/tree/updater_prune.cc:74: tree pruning end, 1 roots, 32386 extra nodes, 0 pruned nodes, max_depth=100
[25]	validation_0-rmse:7.46364	validation_0-AUC[ROC]:0.086293
[01:02:17] src/tree/updater_prune.cc:74: tree pruning end, 1 roots, 31166 extra nodes, 0 pruned nodes, max_depth=100
[26]	validation_0-rmse:7.49036	validation_0-AUC[ROC]:0.086908
[01:02:24] src/tree/updater_prune.cc:74: tree pruning end, 1 roots, 39174 extra nodes, 0 pruned nodes, max_depth=100
[27]	validation_0-rmse:7.52265	validation_0-AUC[ROC]:0.089762
[01:02:35] src/tree/updater_prune.cc:74: tree pruning end, 1 roots, 38956 extra nodes, 0 pruned nodes, max_depth=100
[28]	validation_0-rmse:7.55281	validation_0-AUC[ROC]:0.0928
[01:02:49] src/tree/updater_prune.cc:74: tree pruning end, 1 roots, 35396 extra nodes, 0 pruned nodes, max_depth=100
[29]	validation_0-rmse:7.58009	validation_0-AUC[ROC]:0.09292
[01:03:07] src/tree/updater_prune.cc:74: tree pruning end, 1 roots, 40472 extra nodes, 0 pruned nodes, max_depth=100
[30]	validation_0-rmse:7.6092	validation_0-AUC[ROC]:0.090226
[01:03:16] src/tree/updater_prune.cc:74: tree pruning end, 1 roots, 36724 extra nodes, 0 pruned nodes, max_depth=100
[31]	validation_0-rmse:7.63523	validation_0-AUC[ROC]:0.089069
[01:03:28] src/tree/updater_prune.cc:74: tree pruning end, 1 roots, 32306 extra nodes, 0 pruned nodes, max_depth=100
[32]	validation_0-rmse:7.65757	validation_0-AUC[ROC]:0.090852
[01:03:38] src/tree/updater_prune.cc:74: tree pruning end, 1 roots, 39274 extra nodes, 0 pruned nodes, max_depth=100
[33]	validation_0-rmse:7.68251	validation_0-AUC[ROC]:0.094052
[01:03:46] src/tree/updater_prune.cc:74: tree pruning end, 1 roots, 44676 extra nodes, 0 pruned nodes, max_depth=100
[34]	validation_0-rmse:7.70627	validation_0-AUC[ROC]:0.095951
[01:03:59] src/tree/updater_prune.cc:74: tree pruning end, 1 roots, 37526 extra nodes, 0 pruned nodes, max_depth=100
[35]	validation_0-rmse:7.72747	validation_0-AUC[ROC]:0.095553
[01:04:05] src/tree/updater_prune.cc:74: tree pruning end, 1 roots, 34796 extra nodes, 0 pruned nodes, max_depth=100
[36]	validation_0-rmse:7.74814	validation_0-AUC[ROC]:0.095214
[01:04:17] src/tree/updater_prune.cc:74: tree pruning end, 1 roots, 33342 extra nodes, 0 pruned nodes, max_depth=100
[37]	validation_0-rmse:7.76441	validation_0-AUC[ROC]:0.095362
[01:04:23] src/tree/updater_prune.cc:74: tree pruning end, 1 roots, 32034 extra nodes, 0 pruned nodes, max_depth=100
[38]	validation_0-rmse:7.78128	validation_0-AUC[ROC]:0.094451
[01:04:31] src/tree/updater_prune.cc:74: tree pruning end, 1 roots, 38372 extra nodes, 0 pruned nodes, max_depth=100
[39]	validation_0-rmse:7.80044	validation_0-AUC[ROC]:0.0969
[01:04:39] src/tree/updater_prune.cc:74: tree pruning end, 1 roots, 38146 extra nodes, 0 pruned nodes, max_depth=100
[40]	validation_0-rmse:7.81553	validation_0-AUC[ROC]:0.095971
[01:04:48] src/tree/updater_prune.cc:74: tree pruning end, 1 roots, 35468 extra nodes, 0 pruned nodes, max_depth=100
[41]	validation_0-rmse:7.83028	validation_0-AUC[ROC]:0.095582
[01:05:04] src/tree/updater_prune.cc:74: tree pruning end, 1 roots, 35690 extra nodes, 0 pruned nodes, max_depth=100
[42]	validation_0-rmse:7.84293	validation_0-AUC[ROC]:0.096277
[01:05:28] src/tree/updater_prune.cc:74: tree pruning end, 1 roots, 33190 extra nodes, 0 pruned nodes, max_depth=100
[43]	validation_0-rmse:7.85569	validation_0-AUC[ROC]:0.097498
[01:05:54] src/tree/updater_prune.cc:74: tree pruning end, 1 roots, 41048 extra nodes, 0 pruned nodes, max_depth=100
[44]	validation_0-rmse:7.87077	validation_0-AUC[ROC]:0.097034
[01:06:20] src/tree/updater_prune.cc:74: tree pruning end, 1 roots, 37874 extra nodes, 0 pruned nodes, max_depth=100
[45]	validation_0-rmse:7.88609	validation_0-AUC[ROC]:0.098398
[01:06:49] src/tree/updater_prune.cc:74: tree pruning end, 1 roots, 41336 extra nodes, 0 pruned nodes, max_depth=100
[46]	validation_0-rmse:7.90086	validation_0-AUC[ROC]:0.096695
[01:07:19] src/tree/updater_prune.cc:74: tree pruning end, 1 roots, 35460 extra nodes, 0 pruned nodes, max_depth=100
[47]	validation_0-rmse:7.91015	validation_0-AUC[ROC]:0.095538
[01:07:44] src/tree/updater_prune.cc:74: tree pruning end, 1 roots, 40792 extra nodes, 0 pruned nodes, max_depth=100
[48]	validation_0-rmse:7.92459	validation_0-AUC[ROC]:0.095371
[01:08:11] src/tree/updater_prune.cc:74: tree pruning end, 1 roots, 36756 extra nodes, 0 pruned nodes, max_depth=100
[49]	validation_0-rmse:7.93863	validation_0-AUC[ROC]:0.095206
[01:08:36] src/tree/updater_prune.cc:74: tree pruning end, 1 roots, 37508 extra nodes, 0 pruned nodes, max_depth=100
[50]	validation_0-rmse:7.95048	validation_0-AUC[ROC]:0.096666
[01:09:08] src/tree/updater_prune.cc:74: tree pruning end, 1 roots, 39854 extra nodes, 0 pruned nodes, max_depth=100
[51]	validation_0-rmse:7.96194	validation_0-AUC[ROC]:0.097331
[01:09:33] src/tree/updater_prune.cc:74: tree pruning end, 1 roots, 35846 extra nodes, 0 pruned nodes, max_depth=100
[52]	validation_0-rmse:7.97379	validation_0-AUC[ROC]:0.09666
[01:10:01] src/tree/updater_prune.cc:74: tree pruning end, 1 roots, 36130 extra nodes, 0 pruned nodes, max_depth=100
[53]	validation_0-rmse:7.98216	validation_0-AUC[ROC]:0.095133
[01:10:42] src/tree/updater_prune.cc:74: tree pruning end, 1 roots, 35568 extra nodes, 0 pruned nodes, max_depth=100
[54]	validation_0-rmse:7.98981	validation_0-AUC[ROC]:0.095974
[01:11:11] src/tree/updater_prune.cc:74: tree pruning end, 1 roots, 39642 extra nodes, 0 pruned nodes, max_depth=100
[55]	validation_0-rmse:7.99995	validation_0-AUC[ROC]:0.096367
[01:11:45] src/tree/updater_prune.cc:74: tree pruning end, 1 roots, 36978 extra nodes, 0 pruned nodes, max_depth=100
[56]	validation_0-rmse:8.00817	validation_0-AUC[ROC]:0.096558
[01:12:15] src/tree/updater_prune.cc:74: tree pruning end, 1 roots, 31458 extra nodes, 0 pruned nodes, max_depth=100
[57]	validation_0-rmse:8.01528	validation_0-AUC[ROC]:0.096228
[01:12:46] src/tree/updater_prune.cc:74: tree pruning end, 1 roots, 37300 extra nodes, 0 pruned nodes, max_depth=100
[58]	validation_0-rmse:8.02274	validation_0-AUC[ROC]:0.09686
[01:13:13] src/tree/updater_prune.cc:74: tree pruning end, 1 roots, 36188 extra nodes, 0 pruned nodes, max_depth=100
[59]	validation_0-rmse:8.02999	validation_0-AUC[ROC]:0.097337
[01:13:38] src/tree/updater_prune.cc:74: tree pruning end, 1 roots, 33994 extra nodes, 0 pruned nodes, max_depth=100
[60]	validation_0-rmse:8.03784	validation_0-AUC[ROC]:0.09785
[01:14:06] src/tree/updater_prune.cc:74: tree pruning end, 1 roots, 31392 extra nodes, 0 pruned nodes, max_depth=100
[61]	validation_0-rmse:8.0459	validation_0-AUC[ROC]:0.097474
[01:14:32] src/tree/updater_prune.cc:74: tree pruning end, 1 roots, 38828 extra nodes, 0 pruned nodes, max_depth=100
[62]	validation_0-rmse:8.0545	validation_0-AUC[ROC]:0.097857
[01:14:53] src/tree/updater_prune.cc:74: tree pruning end, 1 roots, 38380 extra nodes, 0 pruned nodes, max_depth=100
[63]	validation_0-rmse:8.06053	validation_0-AUC[ROC]:0.097491
[01:15:06] src/tree/updater_prune.cc:74: tree pruning end, 1 roots, 37540 extra nodes, 0 pruned nodes, max_depth=100
[64]	validation_0-rmse:8.06694	validation_0-AUC[ROC]:0.097454
[01:15:20] src/tree/updater_prune.cc:74: tree pruning end, 1 roots, 32956 extra nodes, 0 pruned nodes, max_depth=100
[65]	validation_0-rmse:8.07137	validation_0-AUC[ROC]:0.097602
[01:15:38] src/tree/updater_prune.cc:74: tree pruning end, 1 roots, 42254 extra nodes, 0 pruned nodes, max_depth=100
[66]	validation_0-rmse:8.0777	validation_0-AUC[ROC]:0.096593
[01:15:45] src/tree/updater_prune.cc:74: tree pruning end, 1 roots, 37626 extra nodes, 0 pruned nodes, max_depth=100
[67]	validation_0-rmse:8.08345	validation_0-AUC[ROC]:0.098008
[01:15:55] src/tree/updater_prune.cc:74: tree pruning end, 1 roots, 38026 extra nodes, 0 pruned nodes, max_depth=100
[68]	validation_0-rmse:8.08992	validation_0-AUC[ROC]:0.100012
[01:16:04] src/tree/updater_prune.cc:74: tree pruning end, 1 roots, 37562 extra nodes, 0 pruned nodes, max_depth=100
[69]	validation_0-rmse:8.09561	validation_0-AUC[ROC]:0.10037
[01:16:13] src/tree/updater_prune.cc:74: tree pruning end, 1 roots, 30868 extra nodes, 0 pruned nodes, max_depth=100
[70]	validation_0-rmse:8.1004	validation_0-AUC[ROC]:0.100292
[01:16:22] src/tree/updater_prune.cc:74: tree pruning end, 1 roots, 37882 extra nodes, 0 pruned nodes, max_depth=100
[71]	validation_0-rmse:8.10508	validation_0-AUC[ROC]:0.100256
[01:16:33] src/tree/updater_prune.cc:74: tree pruning end, 1 roots, 39140 extra nodes, 0 pruned nodes, max_depth=100
[72]	validation_0-rmse:8.11031	validation_0-AUC[ROC]:0.099804
[01:16:42] src/tree/updater_prune.cc:74: tree pruning end, 1 roots, 39956 extra nodes, 0 pruned nodes, max_depth=100
[73]	validation_0-rmse:8.11547	validation_0-AUC[ROC]:0.100258
[01:16:55] src/tree/updater_prune.cc:74: tree pruning end, 1 roots, 35972 extra nodes, 0 pruned nodes, max_depth=100
[74]	validation_0-rmse:8.11919	validation_0-AUC[ROC]:0.100391
[01:17:16] src/tree/updater_prune.cc:74: tree pruning end, 1 roots, 34050 extra nodes, 0 pruned nodes, max_depth=100
[75]	validation_0-rmse:8.1233	validation_0-AUC[ROC]:0.100834
[01:17:42] src/tree/updater_prune.cc:74: tree pruning end, 1 roots, 28492 extra nodes, 0 pruned nodes, max_depth=100
[76]	validation_0-rmse:8.127	validation_0-AUC[ROC]:0.100988
[01:18:05] src/tree/updater_prune.cc:74: tree pruning end, 1 roots, 36080 extra nodes, 0 pruned nodes, max_depth=100
[77]	validation_0-rmse:8.13164	validation_0-AUC[ROC]:0.101692
[01:18:26] src/tree/updater_prune.cc:74: tree pruning end, 1 roots, 35010 extra nodes, 0 pruned nodes, max_depth=100
[78]	validation_0-rmse:8.13475	validation_0-AUC[ROC]:0.102302
[01:19:01] src/tree/updater_prune.cc:74: tree pruning end, 1 roots, 38128 extra nodes, 0 pruned nodes, max_depth=100
[79]	validation_0-rmse:8.13874	validation_0-AUC[ROC]:0.101602
[01:19:30] src/tree/updater_prune.cc:74: tree pruning end, 1 roots, 37236 extra nodes, 0 pruned nodes, max_depth=100
[80]	validation_0-rmse:8.14326	validation_0-AUC[ROC]:0.101956
[01:20:10] src/tree/updater_prune.cc:74: tree pruning end, 1 roots, 32772 extra nodes, 0 pruned nodes, max_depth=100
[81]	validation_0-rmse:8.14592	validation_0-AUC[ROC]:0.102181
[01:20:55] src/tree/updater_prune.cc:74: tree pruning end, 1 roots, 32992 extra nodes, 0 pruned nodes, max_depth=100
[82]	validation_0-rmse:8.14946	validation_0-AUC[ROC]:0.101786
[01:21:31] src/tree/updater_prune.cc:74: tree pruning end, 1 roots, 29004 extra nodes, 0 pruned nodes, max_depth=100
[83]	validation_0-rmse:8.15178	validation_0-AUC[ROC]:0.101312
[01:22:05] src/tree/updater_prune.cc:74: tree pruning end, 1 roots, 33692 extra nodes, 0 pruned nodes, max_depth=100
[84]	validation_0-rmse:8.15497	validation_0-AUC[ROC]:0.101596
[01:22:36] src/tree/updater_prune.cc:74: tree pruning end, 1 roots, 32864 extra nodes, 0 pruned nodes, max_depth=100
[85]	validation_0-rmse:8.1586	validation_0-AUC[ROC]:0.10122
[01:23:06] src/tree/updater_prune.cc:74: tree pruning end, 1 roots, 37378 extra nodes, 0 pruned nodes, max_depth=100
[86]	validation_0-rmse:8.16191	validation_0-AUC[ROC]:0.101183
[01:23:29] src/tree/updater_prune.cc:74: tree pruning end, 1 roots, 30774 extra nodes, 0 pruned nodes, max_depth=100
[87]	validation_0-rmse:8.16422	validation_0-AUC[ROC]:0.101311
[01:23:46] src/tree/updater_prune.cc:74: tree pruning end, 1 roots, 33808 extra nodes, 0 pruned nodes, max_depth=100
[88]	validation_0-rmse:8.1671	validation_0-AUC[ROC]:0.101196
[01:24:30] src/tree/updater_prune.cc:74: tree pruning end, 1 roots, 35264 extra nodes, 0 pruned nodes, max_depth=100
[89]	validation_0-rmse:8.1702	validation_0-AUC[ROC]:0.100854
[01:25:25] src/tree/updater_prune.cc:74: tree pruning end, 1 roots, 35522 extra nodes, 0 pruned nodes, max_depth=100
[90]	validation_0-rmse:8.17298	validation_0-AUC[ROC]:0.100399
[01:26:28] src/tree/updater_prune.cc:74: tree pruning end, 1 roots, 33144 extra nodes, 0 pruned nodes, max_depth=100
[91]	validation_0-rmse:8.17541	validation_0-AUC[ROC]:0.100147
[01:27:36] src/tree/updater_prune.cc:74: tree pruning end, 1 roots, 33868 extra nodes, 0 pruned nodes, max_depth=100
[92]	validation_0-rmse:8.17806	validation_0-AUC[ROC]:0.099763
[01:28:38] src/tree/updater_prune.cc:74: tree pruning end, 1 roots, 33012 extra nodes, 0 pruned nodes, max_depth=100
[93]	validation_0-rmse:8.18039	validation_0-AUC[ROC]:0.099544
[01:29:46] src/tree/updater_prune.cc:74: tree pruning end, 1 roots, 36576 extra nodes, 0 pruned nodes, max_depth=100
[94]	validation_0-rmse:8.18323	validation_0-AUC[ROC]:0.099558
[01:30:42] src/tree/updater_prune.cc:74: tree pruning end, 1 roots, 31552 extra nodes, 0 pruned nodes, max_depth=100
[95]	validation_0-rmse:8.1854	validation_0-AUC[ROC]:0.099536
[01:31:49] src/tree/updater_prune.cc:74: tree pruning end, 1 roots, 31574 extra nodes, 0 pruned nodes, max_depth=100
[96]	validation_0-rmse:8.18773	validation_0-AUC[ROC]:0.100208
[01:32:52] src/tree/updater_prune.cc:74: tree pruning end, 1 roots, 32198 extra nodes, 0 pruned nodes, max_depth=100
[97]	validation_0-rmse:8.18982	validation_0-AUC[ROC]:0.100139
[01:34:02] src/tree/updater_prune.cc:74: tree pruning end, 1 roots, 38902 extra nodes, 0 pruned nodes, max_depth=100
[98]	validation_0-rmse:8.19243	validation_0-AUC[ROC]:0.100183
[01:35:03] src/tree/updater_prune.cc:74: tree pruning end, 1 roots, 31486 extra nodes, 0 pruned nodes, max_depth=100
[99]	validation_0-rmse:8.19576	validation_0-AUC[ROC]:0.100314
train precision: 0.284222783223
train roc: 0.997764052245
train hit: 324.0 out of 332.0

val precision: 0.0942638099671
val roc: 0.917849108335
val hit: 21.0 out of 56.0

test precision: 0.0983262755573
test roc: 0.925457287475
test hit: 31.0 out of 56.0

ratio: 0.02, EF: 32.1428571429,	active: 56.0
ratio: 0.02, NEF: 0.642857142857
ratio: 0.01, EF: 55.3571428571,	active: 56.0
ratio: 0.01, NEF: 0.553571428571
ratio: 0.0015, EF: 130.952380952,	active: 56.0
ratio: 0.0015, NEF: 0.196428571429
ratio: 0.001, EF: 142.857142857,	active: 56.0
ratio: 0.001, NEF: 0.190476190476

