label_name_list  [u'PriA-SSB AS Activity', u'PriA-SSB AS % inhibition (Primary Median)']
train files  ['../datasets/keck_pria/fold_0.csv' '../datasets/keck_pria/fold_1.csv'
 '../datasets/keck_pria/fold_4.csv' '../datasets/keck_pria/fold_5.csv'
 '../datasets/keck_pria/fold_6.csv' '../datasets/keck_pria/fold_7.csv']
val files  ['../datasets/keck_pria/fold_2.csv']
test files  ['../datasets/keck_pria/fold_3.csv']
done data preparation
[16:45:17] src/tree/updater_prune.cc:74: tree pruning end, 1 roots, 8722 extra nodes, 0 pruned nodes, max_depth=94
[0]	validation_0-rmse:1.71778	validation_0-AUC[PR]:0.953753
Multiple eval metrics have been passed: 'validation_0-AUC[PR]' will be used for early stopping.

Will train until validation_0-AUC[PR] hasn't improved in 300 rounds.
[16:45:26] src/tree/updater_prune.cc:74: tree pruning end, 1 roots, 9066 extra nodes, 0 pruned nodes, max_depth=81
[1]	validation_0-rmse:2.8772	validation_0-AUC[PR]:0.964744
[16:45:36] src/tree/updater_prune.cc:74: tree pruning end, 1 roots, 9102 extra nodes, 0 pruned nodes, max_depth=100
[2]	validation_0-rmse:3.74413	validation_0-AUC[PR]:0.949204
[16:45:46] src/tree/updater_prune.cc:74: tree pruning end, 1 roots, 9176 extra nodes, 0 pruned nodes, max_depth=91
[3]	validation_0-rmse:4.3832	validation_0-AUC[PR]:0.947092
[16:45:57] src/tree/updater_prune.cc:74: tree pruning end, 1 roots, 9106 extra nodes, 0 pruned nodes, max_depth=100
[4]	validation_0-rmse:4.89879	validation_0-AUC[PR]:0.93259
[16:46:08] src/tree/updater_prune.cc:74: tree pruning end, 1 roots, 9226 extra nodes, 0 pruned nodes, max_depth=100
[5]	validation_0-rmse:5.30027	validation_0-AUC[PR]:0.936216
[16:46:19] src/tree/updater_prune.cc:74: tree pruning end, 1 roots, 9068 extra nodes, 0 pruned nodes, max_depth=100
[6]	validation_0-rmse:5.59461	validation_0-AUC[PR]:0.933947
[16:46:31] src/tree/updater_prune.cc:74: tree pruning end, 1 roots, 9202 extra nodes, 0 pruned nodes, max_depth=100
[7]	validation_0-rmse:5.84421	validation_0-AUC[PR]:0.939996
[16:46:43] src/tree/updater_prune.cc:74: tree pruning end, 1 roots, 8720 extra nodes, 0 pruned nodes, max_depth=100
[8]	validation_0-rmse:6.05304	validation_0-AUC[PR]:0.932175
[16:46:55] src/tree/updater_prune.cc:74: tree pruning end, 1 roots, 9212 extra nodes, 0 pruned nodes, max_depth=100
[9]	validation_0-rmse:6.24083	validation_0-AUC[PR]:0.926091
[16:47:07] src/tree/updater_prune.cc:74: tree pruning end, 1 roots, 8834 extra nodes, 0 pruned nodes, max_depth=100
[10]	validation_0-rmse:6.40672	validation_0-AUC[PR]:0.917279
[16:47:19] src/tree/updater_prune.cc:74: tree pruning end, 1 roots, 8966 extra nodes, 0 pruned nodes, max_depth=100
[11]	validation_0-rmse:6.53024	validation_0-AUC[PR]:0.909191
[16:47:31] src/tree/updater_prune.cc:74: tree pruning end, 1 roots, 8714 extra nodes, 0 pruned nodes, max_depth=100
[12]	validation_0-rmse:6.65781	validation_0-AUC[PR]:0.909962
[16:47:43] src/tree/updater_prune.cc:74: tree pruning end, 1 roots, 9116 extra nodes, 0 pruned nodes, max_depth=100
[13]	validation_0-rmse:6.76455	validation_0-AUC[PR]:0.909247
[16:47:57] src/tree/updater_prune.cc:74: tree pruning end, 1 roots, 8780 extra nodes, 0 pruned nodes, max_depth=100
[14]	validation_0-rmse:6.8605	validation_0-AUC[PR]:0.911538
[16:48:08] src/tree/updater_prune.cc:74: tree pruning end, 1 roots, 9102 extra nodes, 0 pruned nodes, max_depth=100
[15]	validation_0-rmse:6.94384	validation_0-AUC[PR]:0.906791
[16:48:21] src/tree/updater_prune.cc:74: tree pruning end, 1 roots, 8824 extra nodes, 0 pruned nodes, max_depth=100
[16]	validation_0-rmse:7.0378	validation_0-AUC[PR]:0.898446
[16:48:33] src/tree/updater_prune.cc:74: tree pruning end, 1 roots, 8476 extra nodes, 0 pruned nodes, max_depth=100
[17]	validation_0-rmse:7.1047	validation_0-AUC[PR]:0.903008
[16:48:45] src/tree/updater_prune.cc:74: tree pruning end, 1 roots, 8404 extra nodes, 0 pruned nodes, max_depth=100
[18]	validation_0-rmse:7.17266	validation_0-AUC[PR]:0.89803
[16:48:59] src/tree/updater_prune.cc:74: tree pruning end, 1 roots, 8814 extra nodes, 0 pruned nodes, max_depth=100
[19]	validation_0-rmse:7.26128	validation_0-AUC[PR]:0.899086
[16:49:11] src/tree/updater_prune.cc:74: tree pruning end, 1 roots, 8824 extra nodes, 0 pruned nodes, max_depth=100
[20]	validation_0-rmse:7.32318	validation_0-AUC[PR]:0.899922
[16:49:24] src/tree/updater_prune.cc:74: tree pruning end, 1 roots, 8346 extra nodes, 0 pruned nodes, max_depth=100
[21]	validation_0-rmse:7.38844	validation_0-AUC[PR]:0.89729
[16:49:35] src/tree/updater_prune.cc:74: tree pruning end, 1 roots, 8974 extra nodes, 0 pruned nodes, max_depth=100
[22]	validation_0-rmse:7.44063	validation_0-AUC[PR]:0.898997
[16:49:47] src/tree/updater_prune.cc:74: tree pruning end, 1 roots, 8988 extra nodes, 0 pruned nodes, max_depth=100
[23]	validation_0-rmse:7.49062	validation_0-AUC[PR]:0.894699
[16:50:00] src/tree/updater_prune.cc:74: tree pruning end, 1 roots, 8634 extra nodes, 0 pruned nodes, max_depth=100
[24]	validation_0-rmse:7.53601	validation_0-AUC[PR]:0.894298
[16:50:13] src/tree/updater_prune.cc:74: tree pruning end, 1 roots, 8456 extra nodes, 0 pruned nodes, max_depth=100
[25]	validation_0-rmse:7.58742	validation_0-AUC[PR]:0.892597
[16:50:24] src/tree/updater_prune.cc:74: tree pruning end, 1 roots, 9192 extra nodes, 0 pruned nodes, max_depth=100
[26]	validation_0-rmse:7.64492	validation_0-AUC[PR]:0.885449
[16:50:36] src/tree/updater_prune.cc:74: tree pruning end, 1 roots, 8904 extra nodes, 0 pruned nodes, max_depth=100
[27]	validation_0-rmse:7.69512	validation_0-AUC[PR]:0.886245
[16:50:48] src/tree/updater_prune.cc:74: tree pruning end, 1 roots, 8676 extra nodes, 0 pruned nodes, max_depth=100
[28]	validation_0-rmse:7.74688	validation_0-AUC[PR]:0.877941
[16:51:01] src/tree/updater_prune.cc:74: tree pruning end, 1 roots, 8772 extra nodes, 0 pruned nodes, max_depth=100
[29]	validation_0-rmse:7.7826	validation_0-AUC[PR]:0.877717
[16:51:13] src/tree/updater_prune.cc:74: tree pruning end, 1 roots, 9272 extra nodes, 0 pruned nodes, max_depth=100
[30]	validation_0-rmse:7.8212	validation_0-AUC[PR]:0.8789
[16:51:25] src/tree/updater_prune.cc:74: tree pruning end, 1 roots, 8872 extra nodes, 0 pruned nodes, max_depth=100
[31]	validation_0-rmse:7.86026	validation_0-AUC[PR]:0.881663
[16:51:37] src/tree/updater_prune.cc:74: tree pruning end, 1 roots, 8836 extra nodes, 0 pruned nodes, max_depth=100
[32]	validation_0-rmse:7.8987	validation_0-AUC[PR]:0.879652
[16:51:50] src/tree/updater_prune.cc:74: tree pruning end, 1 roots, 8926 extra nodes, 0 pruned nodes, max_depth=100
[33]	validation_0-rmse:7.93412	validation_0-AUC[PR]:0.882858
[16:52:02] src/tree/updater_prune.cc:74: tree pruning end, 1 roots, 8702 extra nodes, 0 pruned nodes, max_depth=100
[34]	validation_0-rmse:7.97572	validation_0-AUC[PR]:0.879081
[16:52:14] src/tree/updater_prune.cc:74: tree pruning end, 1 roots, 8322 extra nodes, 0 pruned nodes, max_depth=100
[35]	validation_0-rmse:8.01446	validation_0-AUC[PR]:0.87529
[16:52:27] src/tree/updater_prune.cc:74: tree pruning end, 1 roots, 8654 extra nodes, 0 pruned nodes, max_depth=100
[36]	validation_0-rmse:8.06217	validation_0-AUC[PR]:0.875965
[16:52:39] src/tree/updater_prune.cc:74: tree pruning end, 1 roots, 8604 extra nodes, 0 pruned nodes, max_depth=100
[37]	validation_0-rmse:8.09403	validation_0-AUC[PR]:0.872275
[16:52:52] src/tree/updater_prune.cc:74: tree pruning end, 1 roots, 8738 extra nodes, 0 pruned nodes, max_depth=100
[38]	validation_0-rmse:8.13028	validation_0-AUC[PR]:0.868234
[16:53:04] src/tree/updater_prune.cc:74: tree pruning end, 1 roots, 8834 extra nodes, 0 pruned nodes, max_depth=100
[39]	validation_0-rmse:8.16779	validation_0-AUC[PR]:0.870776
[16:53:16] src/tree/updater_prune.cc:74: tree pruning end, 1 roots, 8918 extra nodes, 0 pruned nodes, max_depth=100
[40]	validation_0-rmse:8.20032	validation_0-AUC[PR]:0.871741
[16:53:29] src/tree/updater_prune.cc:74: tree pruning end, 1 roots, 8578 extra nodes, 0 pruned nodes, max_depth=100
[41]	validation_0-rmse:8.23102	validation_0-AUC[PR]:0.873046
[16:53:42] src/tree/updater_prune.cc:74: tree pruning end, 1 roots, 8244 extra nodes, 0 pruned nodes, max_depth=100
[42]	validation_0-rmse:8.25849	validation_0-AUC[PR]:0.872576
[16:53:55] src/tree/updater_prune.cc:74: tree pruning end, 1 roots, 8266 extra nodes, 0 pruned nodes, max_depth=100
[43]	validation_0-rmse:8.28875	validation_0-AUC[PR]:0.871215
[16:54:08] src/tree/updater_prune.cc:74: tree pruning end, 1 roots, 8402 extra nodes, 0 pruned nodes, max_depth=100
[44]	validation_0-rmse:8.3093	validation_0-AUC[PR]:0.868222
[16:54:20] src/tree/updater_prune.cc:74: tree pruning end, 1 roots, 8538 extra nodes, 0 pruned nodes, max_depth=100
[45]	validation_0-rmse:8.33593	validation_0-AUC[PR]:0.867772
[16:54:33] src/tree/updater_prune.cc:74: tree pruning end, 1 roots, 8824 extra nodes, 0 pruned nodes, max_depth=100
[46]	validation_0-rmse:8.36801	validation_0-AUC[PR]:0.865111
[16:54:45] src/tree/updater_prune.cc:74: tree pruning end, 1 roots, 8696 extra nodes, 0 pruned nodes, max_depth=100
[47]	validation_0-rmse:8.39141	validation_0-AUC[PR]:0.861807
[16:54:57] src/tree/updater_prune.cc:74: tree pruning end, 1 roots, 8610 extra nodes, 0 pruned nodes, max_depth=100
[48]	validation_0-rmse:8.42371	validation_0-AUC[PR]:0.859803
[16:55:09] src/tree/updater_prune.cc:74: tree pruning end, 1 roots, 8980 extra nodes, 0 pruned nodes, max_depth=100
[49]	validation_0-rmse:8.45025	validation_0-AUC[PR]:0.856074
[16:55:21] src/tree/updater_prune.cc:74: tree pruning end, 1 roots, 8618 extra nodes, 0 pruned nodes, max_depth=100
[50]	validation_0-rmse:8.4787	validation_0-AUC[PR]:0.858049
[16:55:34] src/tree/updater_prune.cc:74: tree pruning end, 1 roots, 8392 extra nodes, 0 pruned nodes, max_depth=100
[51]	validation_0-rmse:8.49645	validation_0-AUC[PR]:0.860204
[16:55:47] src/tree/updater_prune.cc:74: tree pruning end, 1 roots, 8564 extra nodes, 0 pruned nodes, max_depth=100
[52]	validation_0-rmse:8.51751	validation_0-AUC[PR]:0.861859
[16:55:58] src/tree/updater_prune.cc:74: tree pruning end, 1 roots, 8902 extra nodes, 0 pruned nodes, max_depth=100
[53]	validation_0-rmse:8.53999	validation_0-AUC[PR]:0.861011
[16:56:11] src/tree/updater_prune.cc:74: tree pruning end, 1 roots, 8788 extra nodes, 0 pruned nodes, max_depth=100
[54]	validation_0-rmse:8.56467	validation_0-AUC[PR]:0.864275
[16:56:24] src/tree/updater_prune.cc:74: tree pruning end, 1 roots, 8546 extra nodes, 0 pruned nodes, max_depth=100
[55]	validation_0-rmse:8.58317	validation_0-AUC[PR]:0.861332
[16:56:36] src/tree/updater_prune.cc:74: tree pruning end, 1 roots, 8376 extra nodes, 0 pruned nodes, max_depth=100
[56]	validation_0-rmse:8.60235	validation_0-AUC[PR]:0.865498
[16:56:49] src/tree/updater_prune.cc:74: tree pruning end, 1 roots, 8854 extra nodes, 0 pruned nodes, max_depth=100
[57]	validation_0-rmse:8.62179	validation_0-AUC[PR]:0.864338
[16:57:01] src/tree/updater_prune.cc:74: tree pruning end, 1 roots, 8932 extra nodes, 0 pruned nodes, max_depth=100
[58]	validation_0-rmse:8.64603	validation_0-AUC[PR]:0.862687
[16:57:12] src/tree/updater_prune.cc:74: tree pruning end, 1 roots, 8932 extra nodes, 0 pruned nodes, max_depth=100
[59]	validation_0-rmse:8.66964	validation_0-AUC[PR]:0.86617
[16:57:24] src/tree/updater_prune.cc:74: tree pruning end, 1 roots, 9156 extra nodes, 0 pruned nodes, max_depth=100
[60]	validation_0-rmse:8.6978	validation_0-AUC[PR]:0.863479
[16:57:36] src/tree/updater_prune.cc:74: tree pruning end, 1 roots, 8876 extra nodes, 0 pruned nodes, max_depth=100
[61]	validation_0-rmse:8.71257	validation_0-AUC[PR]:0.862628
[16:57:48] src/tree/updater_prune.cc:74: tree pruning end, 1 roots, 9174 extra nodes, 0 pruned nodes, max_depth=100
[62]	validation_0-rmse:8.73098	validation_0-AUC[PR]:0.86115
[16:58:00] src/tree/updater_prune.cc:74: tree pruning end, 1 roots, 8770 extra nodes, 0 pruned nodes, max_depth=100
[63]	validation_0-rmse:8.74344	validation_0-AUC[PR]:0.858194
[16:58:11] src/tree/updater_prune.cc:74: tree pruning end, 1 roots, 8908 extra nodes, 0 pruned nodes, max_depth=100
[64]	validation_0-rmse:8.75662	validation_0-AUC[PR]:0.857536
[16:58:24] src/tree/updater_prune.cc:74: tree pruning end, 1 roots, 8620 extra nodes, 0 pruned nodes, max_depth=100
[65]	validation_0-rmse:8.77124	validation_0-AUC[PR]:0.86249
[16:58:37] src/tree/updater_prune.cc:74: tree pruning end, 1 roots, 8500 extra nodes, 0 pruned nodes, max_depth=100
[66]	validation_0-rmse:8.78875	validation_0-AUC[PR]:0.85479
[16:58:50] src/tree/updater_prune.cc:74: tree pruning end, 1 roots, 8666 extra nodes, 0 pruned nodes, max_depth=100
[67]	validation_0-rmse:8.80677	validation_0-AUC[PR]:0.856226
[16:59:02] src/tree/updater_prune.cc:74: tree pruning end, 1 roots, 8756 extra nodes, 0 pruned nodes, max_depth=100
[68]	validation_0-rmse:8.82738	validation_0-AUC[PR]:0.853977
[16:59:14] src/tree/updater_prune.cc:74: tree pruning end, 1 roots, 8912 extra nodes, 0 pruned nodes, max_depth=100
[69]	validation_0-rmse:8.84961	validation_0-AUC[PR]:0.853127
[16:59:27] src/tree/updater_prune.cc:74: tree pruning end, 1 roots, 8970 extra nodes, 0 pruned nodes, max_depth=100
[70]	validation_0-rmse:8.86547	validation_0-AUC[PR]:0.852425
[16:59:38] src/tree/updater_prune.cc:74: tree pruning end, 1 roots, 9078 extra nodes, 0 pruned nodes, max_depth=100
[71]	validation_0-rmse:8.87759	validation_0-AUC[PR]:0.856704
[16:59:50] src/tree/updater_prune.cc:74: tree pruning end, 1 roots, 8992 extra nodes, 0 pruned nodes, max_depth=100
[72]	validation_0-rmse:8.89403	validation_0-AUC[PR]:0.854758
[17:00:02] src/tree/updater_prune.cc:74: tree pruning end, 1 roots, 8738 extra nodes, 0 pruned nodes, max_depth=100
[73]	validation_0-rmse:8.91357	validation_0-AUC[PR]:0.853154
[17:00:14] src/tree/updater_prune.cc:74: tree pruning end, 1 roots, 8908 extra nodes, 0 pruned nodes, max_depth=100
[74]	validation_0-rmse:8.92649	validation_0-AUC[PR]:0.851527
[17:00:26] src/tree/updater_prune.cc:74: tree pruning end, 1 roots, 8934 extra nodes, 0 pruned nodes, max_depth=100
[75]	validation_0-rmse:8.94045	validation_0-AUC[PR]:0.852073
[17:00:38] src/tree/updater_prune.cc:74: tree pruning end, 1 roots, 8918 extra nodes, 0 pruned nodes, max_depth=100
[76]	validation_0-rmse:8.95875	validation_0-AUC[PR]:0.84846
[17:00:50] src/tree/updater_prune.cc:74: tree pruning end, 1 roots, 8552 extra nodes, 0 pruned nodes, max_depth=100
[77]	validation_0-rmse:8.9762	validation_0-AUC[PR]:0.846432
[17:01:02] src/tree/updater_prune.cc:74: tree pruning end, 1 roots, 8796 extra nodes, 0 pruned nodes, max_depth=100
[78]	validation_0-rmse:8.99403	validation_0-AUC[PR]:0.846977
[17:01:14] src/tree/updater_prune.cc:74: tree pruning end, 1 roots, 8660 extra nodes, 0 pruned nodes, max_depth=100
[79]	validation_0-rmse:9.01573	validation_0-AUC[PR]:0.849792
[17:01:26] src/tree/updater_prune.cc:74: tree pruning end, 1 roots, 8990 extra nodes, 0 pruned nodes, max_depth=100
[80]	validation_0-rmse:9.0244	validation_0-AUC[PR]:0.846922
[17:01:38] src/tree/updater_prune.cc:74: tree pruning end, 1 roots, 8458 extra nodes, 0 pruned nodes, max_depth=100
[81]	validation_0-rmse:9.03427	validation_0-AUC[PR]:0.84283
[17:01:51] src/tree/updater_prune.cc:74: tree pruning end, 1 roots, 8310 extra nodes, 0 pruned nodes, max_depth=100
[82]	validation_0-rmse:9.04972	validation_0-AUC[PR]:0.84841
[17:02:03] src/tree/updater_prune.cc:74: tree pruning end, 1 roots, 8880 extra nodes, 0 pruned nodes, max_depth=100
[83]	validation_0-rmse:9.0639	validation_0-AUC[PR]:0.850381
[17:02:15] src/tree/updater_prune.cc:74: tree pruning end, 1 roots, 8660 extra nodes, 0 pruned nodes, max_depth=100
[84]	validation_0-rmse:9.08088	validation_0-AUC[PR]:0.851022
[17:02:29] src/tree/updater_prune.cc:74: tree pruning end, 1 roots, 8926 extra nodes, 0 pruned nodes, max_depth=100
[85]	validation_0-rmse:9.09279	validation_0-AUC[PR]:0.850392
[17:02:42] src/tree/updater_prune.cc:74: tree pruning end, 1 roots, 8288 extra nodes, 0 pruned nodes, max_depth=100
[86]	validation_0-rmse:9.09727	validation_0-AUC[PR]:0.85034
[17:02:54] src/tree/updater_prune.cc:74: tree pruning end, 1 roots, 8422 extra nodes, 0 pruned nodes, max_depth=100
[87]	validation_0-rmse:9.10773	validation_0-AUC[PR]:0.851198
[17:03:06] src/tree/updater_prune.cc:74: tree pruning end, 1 roots, 8824 extra nodes, 0 pruned nodes, max_depth=100
[88]	validation_0-rmse:9.12	validation_0-AUC[PR]:0.847471
[17:03:20] src/tree/updater_prune.cc:74: tree pruning end, 1 roots, 8770 extra nodes, 0 pruned nodes, max_depth=100
[89]	validation_0-rmse:9.13307	validation_0-AUC[PR]:0.844591
[17:03:32] src/tree/updater_prune.cc:74: tree pruning end, 1 roots, 8772 extra nodes, 0 pruned nodes, max_depth=100
[90]	validation_0-rmse:9.14332	validation_0-AUC[PR]:0.844937
[17:03:44] src/tree/updater_prune.cc:74: tree pruning end, 1 roots, 8812 extra nodes, 0 pruned nodes, max_depth=100
[91]	validation_0-rmse:9.15603	validation_0-AUC[PR]:0.842233
[17:03:57] src/tree/updater_prune.cc:74: tree pruning end, 1 roots, 8580 extra nodes, 0 pruned nodes, max_depth=100
[92]	validation_0-rmse:9.16601	validation_0-AUC[PR]:0.845088
[17:04:09] src/tree/updater_prune.cc:74: tree pruning end, 1 roots, 8356 extra nodes, 0 pruned nodes, max_depth=100
[93]	validation_0-rmse:9.17577	validation_0-AUC[PR]:0.845763
[17:04:21] src/tree/updater_prune.cc:74: tree pruning end, 1 roots, 8826 extra nodes, 0 pruned nodes, max_depth=100
[94]	validation_0-rmse:9.18834	validation_0-AUC[PR]:0.84112
[17:04:33] src/tree/updater_prune.cc:74: tree pruning end, 1 roots, 8806 extra nodes, 0 pruned nodes, max_depth=100
[95]	validation_0-rmse:9.20128	validation_0-AUC[PR]:0.836943
[17:04:45] src/tree/updater_prune.cc:74: tree pruning end, 1 roots, 8700 extra nodes, 0 pruned nodes, max_depth=100
[96]	validation_0-rmse:9.2075	validation_0-AUC[PR]:0.838527
[17:04:58] src/tree/updater_prune.cc:74: tree pruning end, 1 roots, 8936 extra nodes, 0 pruned nodes, max_depth=100
[97]	validation_0-rmse:9.21612	validation_0-AUC[PR]:0.838972
[17:05:10] src/tree/updater_prune.cc:74: tree pruning end, 1 roots, 8698 extra nodes, 0 pruned nodes, max_depth=100
[98]	validation_0-rmse:9.2236	validation_0-AUC[PR]:0.840077
[17:05:22] src/tree/updater_prune.cc:74: tree pruning end, 1 roots, 8712 extra nodes, 0 pruned nodes, max_depth=100
[99]	validation_0-rmse:9.23584	validation_0-AUC[PR]:0.840901
[17:05:34] src/tree/updater_prune.cc:74: tree pruning end, 1 roots, 8708 extra nodes, 0 pruned nodes, max_depth=100
[100]	validation_0-rmse:9.24126	validation_0-AUC[PR]:0.840266
[17:05:45] src/tree/updater_prune.cc:74: tree pruning end, 1 roots, 8890 extra nodes, 0 pruned nodes, max_depth=100
[101]	validation_0-rmse:9.25314	validation_0-AUC[PR]:0.839489
[17:05:57] src/tree/updater_prune.cc:74: tree pruning end, 1 roots, 8944 extra nodes, 0 pruned nodes, max_depth=100
[102]	validation_0-rmse:9.26254	validation_0-AUC[PR]:0.840284
[17:06:10] src/tree/updater_prune.cc:74: tree pruning end, 1 roots, 8880 extra nodes, 0 pruned nodes, max_depth=100
[103]	validation_0-rmse:9.27058	validation_0-AUC[PR]:0.845053
[17:06:22] src/tree/updater_prune.cc:74: tree pruning end, 1 roots, 8702 extra nodes, 0 pruned nodes, max_depth=100
[104]	validation_0-rmse:9.27928	validation_0-AUC[PR]:0.84647
[17:06:34] src/tree/updater_prune.cc:74: tree pruning end, 1 roots, 8628 extra nodes, 0 pruned nodes, max_depth=100
[105]	validation_0-rmse:9.28496	validation_0-AUC[PR]:0.845964
[17:06:46] src/tree/updater_prune.cc:74: tree pruning end, 1 roots, 9252 extra nodes, 0 pruned nodes, max_depth=100
[106]	validation_0-rmse:9.29647	validation_0-AUC[PR]:0.848454
[17:06:58] src/tree/updater_prune.cc:74: tree pruning end, 1 roots, 8948 extra nodes, 0 pruned nodes, max_depth=100
[107]	validation_0-rmse:9.30424	validation_0-AUC[PR]:0.848747
[17:07:10] src/tree/updater_prune.cc:74: tree pruning end, 1 roots, 8774 extra nodes, 0 pruned nodes, max_depth=100
[108]	validation_0-rmse:9.31198	validation_0-AUC[PR]:0.844483
[17:07:22] src/tree/updater_prune.cc:74: tree pruning end, 1 roots, 8494 extra nodes, 0 pruned nodes, max_depth=100
[109]	validation_0-rmse:9.32143	validation_0-AUC[PR]:0.845241
[17:07:34] src/tree/updater_prune.cc:74: tree pruning end, 1 roots, 9146 extra nodes, 0 pruned nodes, max_depth=100
[110]	validation_0-rmse:9.33139	validation_0-AUC[PR]:0.845296
[17:07:46] src/tree/updater_prune.cc:74: tree pruning end, 1 roots, 8846 extra nodes, 0 pruned nodes, max_depth=100
[111]	validation_0-rmse:9.33614	validation_0-AUC[PR]:0.84636
[17:07:58] src/tree/updater_prune.cc:74: tree pruning end, 1 roots, 8988 extra nodes, 0 pruned nodes, max_depth=100
[112]	validation_0-rmse:9.34538	validation_0-AUC[PR]:0.844924
[17:08:10] src/tree/updater_prune.cc:74: tree pruning end, 1 roots, 9012 extra nodes, 0 pruned nodes, max_depth=100
[113]	validation_0-rmse:9.35264	validation_0-AUC[PR]:0.842158
[17:08:22] src/tree/updater_prune.cc:74: tree pruning end, 1 roots, 8558 extra nodes, 0 pruned nodes, max_depth=100
[114]	validation_0-rmse:9.35668	validation_0-AUC[PR]:0.841321
[17:08:34] src/tree/updater_prune.cc:74: tree pruning end, 1 roots, 8810 extra nodes, 0 pruned nodes, max_depth=100
[115]	validation_0-rmse:9.36374	validation_0-AUC[PR]:0.841418
[17:08:46] src/tree/updater_prune.cc:74: tree pruning end, 1 roots, 8474 extra nodes, 0 pruned nodes, max_depth=100
[116]	validation_0-rmse:9.37259	validation_0-AUC[PR]:0.842264
[17:08:58] src/tree/updater_prune.cc:74: tree pruning end, 1 roots, 8470 extra nodes, 0 pruned nodes, max_depth=100
[117]	validation_0-rmse:9.3768	validation_0-AUC[PR]:0.84126
[17:09:11] src/tree/updater_prune.cc:74: tree pruning end, 1 roots, 8506 extra nodes, 0 pruned nodes, max_depth=100
[118]	validation_0-rmse:9.37976	validation_0-AUC[PR]:0.842656
[17:09:22] src/tree/updater_prune.cc:74: tree pruning end, 1 roots, 9070 extra nodes, 0 pruned nodes, max_depth=100
[119]	validation_0-rmse:9.3849	validation_0-AUC[PR]:0.846572
[17:09:34] src/tree/updater_prune.cc:74: tree pruning end, 1 roots, 8952 extra nodes, 0 pruned nodes, max_depth=100
[120]	validation_0-rmse:9.39293	validation_0-AUC[PR]:0.848237
[17:09:45] src/tree/updater_prune.cc:74: tree pruning end, 1 roots, 9096 extra nodes, 0 pruned nodes, max_depth=100
[121]	validation_0-rmse:9.40446	validation_0-AUC[PR]:0.847444
[17:09:58] src/tree/updater_prune.cc:74: tree pruning end, 1 roots, 8196 extra nodes, 0 pruned nodes, max_depth=100
[122]	validation_0-rmse:9.40926	validation_0-AUC[PR]:0.84589
[17:10:10] src/tree/updater_prune.cc:74: tree pruning end, 1 roots, 8974 extra nodes, 0 pruned nodes, max_depth=100
[123]	validation_0-rmse:9.41668	validation_0-AUC[PR]:0.849368
[17:10:24] src/tree/updater_prune.cc:74: tree pruning end, 1 roots, 8158 extra nodes, 0 pruned nodes, max_depth=100
[124]	validation_0-rmse:9.42239	validation_0-AUC[PR]:0.84949
[17:10:35] src/tree/updater_prune.cc:74: tree pruning end, 1 roots, 9070 extra nodes, 0 pruned nodes, max_depth=100
[125]	validation_0-rmse:9.43247	validation_0-AUC[PR]:0.849907
[17:10:47] src/tree/updater_prune.cc:74: tree pruning end, 1 roots, 9130 extra nodes, 0 pruned nodes, max_depth=100
[126]	validation_0-rmse:9.43651	validation_0-AUC[PR]:0.848843
[17:10:59] src/tree/updater_prune.cc:74: tree pruning end, 1 roots, 8978 extra nodes, 0 pruned nodes, max_depth=100
[127]	validation_0-rmse:9.44473	validation_0-AUC[PR]:0.846999
[17:11:11] src/tree/updater_prune.cc:74: tree pruning end, 1 roots, 8560 extra nodes, 0 pruned nodes, max_depth=100
[128]	validation_0-rmse:9.45074	validation_0-AUC[PR]:0.844322
[17:11:23] src/tree/updater_prune.cc:74: tree pruning end, 1 roots, 8722 extra nodes, 0 pruned nodes, max_depth=100
[129]	validation_0-rmse:9.45692	validation_0-AUC[PR]:0.843103
[17:11:36] src/tree/updater_prune.cc:74: tree pruning end, 1 roots, 8862 extra nodes, 0 pruned nodes, max_depth=100
[130]	validation_0-rmse:9.46382	validation_0-AUC[PR]:0.843219
[17:11:49] src/tree/updater_prune.cc:74: tree pruning end, 1 roots, 8570 extra nodes, 0 pruned nodes, max_depth=100
[131]	validation_0-rmse:9.47877	validation_0-AUC[PR]:0.844883
[17:12:01] src/tree/updater_prune.cc:74: tree pruning end, 1 roots, 8134 extra nodes, 0 pruned nodes, max_depth=100
[132]	validation_0-rmse:9.48109	validation_0-AUC[PR]:0.844931
[17:12:13] src/tree/updater_prune.cc:74: tree pruning end, 1 roots, 8530 extra nodes, 0 pruned nodes, max_depth=100
[133]	validation_0-rmse:9.48869	validation_0-AUC[PR]:0.84313
[17:12:25] src/tree/updater_prune.cc:74: tree pruning end, 1 roots, 9118 extra nodes, 0 pruned nodes, max_depth=100
[134]	validation_0-rmse:9.49236	validation_0-AUC[PR]:0.842847
[17:12:36] src/tree/updater_prune.cc:74: tree pruning end, 1 roots, 8790 extra nodes, 0 pruned nodes, max_depth=100
[135]	validation_0-rmse:9.49821	validation_0-AUC[PR]:0.839325
[17:12:48] src/tree/updater_prune.cc:74: tree pruning end, 1 roots, 9110 extra nodes, 0 pruned nodes, max_depth=100
[136]	validation_0-rmse:9.50333	validation_0-AUC[PR]:0.839371
[17:13:03] src/tree/updater_prune.cc:74: tree pruning end, 1 roots, 8698 extra nodes, 0 pruned nodes, max_depth=100
[137]	validation_0-rmse:9.50768	validation_0-AUC[PR]:0.839313
[17:13:14] src/tree/updater_prune.cc:74: tree pruning end, 1 roots, 8828 extra nodes, 0 pruned nodes, max_depth=100
[138]	validation_0-rmse:9.51464	validation_0-AUC[PR]:0.841913
[17:13:26] src/tree/updater_prune.cc:74: tree pruning end, 1 roots, 8748 extra nodes, 0 pruned nodes, max_depth=100
[139]	validation_0-rmse:9.51578	validation_0-AUC[PR]:0.843616
[17:13:38] src/tree/updater_prune.cc:74: tree pruning end, 1 roots, 8938 extra nodes, 0 pruned nodes, max_depth=100
[140]	validation_0-rmse:9.52018	validation_0-AUC[PR]:0.842228
[17:13:50] src/tree/updater_prune.cc:74: tree pruning end, 1 roots, 8632 extra nodes, 0 pruned nodes, max_depth=100
[141]	validation_0-rmse:9.52698	validation_0-AUC[PR]:0.842617
[17:14:03] src/tree/updater_prune.cc:74: tree pruning end, 1 roots, 8802 extra nodes, 0 pruned nodes, max_depth=100
[142]	validation_0-rmse:9.53222	validation_0-AUC[PR]:0.844912
[17:14:15] src/tree/updater_prune.cc:74: tree pruning end, 1 roots, 8804 extra nodes, 0 pruned nodes, max_depth=100
[143]	validation_0-rmse:9.5401	validation_0-AUC[PR]:0.845614
[17:14:27] src/tree/updater_prune.cc:74: tree pruning end, 1 roots, 8674 extra nodes, 0 pruned nodes, max_depth=100
[144]	validation_0-rmse:9.5439	validation_0-AUC[PR]:0.84625
[17:14:40] src/tree/updater_prune.cc:74: tree pruning end, 1 roots, 8472 extra nodes, 0 pruned nodes, max_depth=100
[145]	validation_0-rmse:9.54853	validation_0-AUC[PR]:0.845968
[17:14:51] src/tree/updater_prune.cc:74: tree pruning end, 1 roots, 8780 extra nodes, 0 pruned nodes, max_depth=100
[146]	validation_0-rmse:9.55442	validation_0-AUC[PR]:0.847659
[17:15:03] src/tree/updater_prune.cc:74: tree pruning end, 1 roots, 8530 extra nodes, 0 pruned nodes, max_depth=100
[147]	validation_0-rmse:9.55586	validation_0-AUC[PR]:0.846728
[17:15:15] src/tree/updater_prune.cc:74: tree pruning end, 1 roots, 8892 extra nodes, 0 pruned nodes, max_depth=100
[148]	validation_0-rmse:9.55724	validation_0-AUC[PR]:0.846797
[17:15:27] src/tree/updater_prune.cc:74: tree pruning end, 1 roots, 8882 extra nodes, 0 pruned nodes, max_depth=100
[149]	validation_0-rmse:9.55935	validation_0-AUC[PR]:0.845582
[17:15:38] src/tree/updater_prune.cc:74: tree pruning end, 1 roots, 8974 extra nodes, 0 pruned nodes, max_depth=100
[150]	validation_0-rmse:9.56791	validation_0-AUC[PR]:0.8442
[17:15:50] src/tree/updater_prune.cc:74: tree pruning end, 1 roots, 8776 extra nodes, 0 pruned nodes, max_depth=100
[151]	validation_0-rmse:9.57068	validation_0-AUC[PR]:0.843414
[17:16:02] src/tree/updater_prune.cc:74: tree pruning end, 1 roots, 8758 extra nodes, 0 pruned nodes, max_depth=100
[152]	validation_0-rmse:9.57921	validation_0-AUC[PR]:0.844943
[17:16:14] src/tree/updater_prune.cc:74: tree pruning end, 1 roots, 8376 extra nodes, 0 pruned nodes, max_depth=100
[153]	validation_0-rmse:9.58348	validation_0-AUC[PR]:0.843547
[17:16:26] src/tree/updater_prune.cc:74: tree pruning end, 1 roots, 8928 extra nodes, 0 pruned nodes, max_depth=100
[154]	validation_0-rmse:9.58897	validation_0-AUC[PR]:0.843584
[17:16:38] src/tree/updater_prune.cc:74: tree pruning end, 1 roots, 8948 extra nodes, 0 pruned nodes, max_depth=100
[155]	validation_0-rmse:9.58813	validation_0-AUC[PR]:0.843684
[17:16:50] src/tree/updater_prune.cc:74: tree pruning end, 1 roots, 8790 extra nodes, 0 pruned nodes, max_depth=100
[156]	validation_0-rmse:9.59114	validation_0-AUC[PR]:0.841739
[17:17:04] src/tree/updater_prune.cc:74: tree pruning end, 1 roots, 8976 extra nodes, 0 pruned nodes, max_depth=100
[157]	validation_0-rmse:9.59843	validation_0-AUC[PR]:0.839017
[17:17:17] src/tree/updater_prune.cc:74: tree pruning end, 1 roots, 8650 extra nodes, 0 pruned nodes, max_depth=100
[158]	validation_0-rmse:9.60453	validation_0-AUC[PR]:0.83994
[17:17:29] src/tree/updater_prune.cc:74: tree pruning end, 1 roots, 8158 extra nodes, 0 pruned nodes, max_depth=100
[159]	validation_0-rmse:9.60816	validation_0-AUC[PR]:0.842261
[17:17:42] src/tree/updater_prune.cc:74: tree pruning end, 1 roots, 8788 extra nodes, 0 pruned nodes, max_depth=100
[160]	validation_0-rmse:9.61512	validation_0-AUC[PR]:0.835671
[17:17:54] src/tree/updater_prune.cc:74: tree pruning end, 1 roots, 8856 extra nodes, 0 pruned nodes, max_depth=100
[161]	validation_0-rmse:9.6185	validation_0-AUC[PR]:0.837539
[17:18:06] src/tree/updater_prune.cc:74: tree pruning end, 1 roots, 8698 extra nodes, 0 pruned nodes, max_depth=100
[162]	validation_0-rmse:9.62277	validation_0-AUC[PR]:0.836997
[17:18:17] src/tree/updater_prune.cc:74: tree pruning end, 1 roots, 8980 extra nodes, 0 pruned nodes, max_depth=100
[163]	validation_0-rmse:9.62744	validation_0-AUC[PR]:0.835753
[17:18:29] src/tree/updater_prune.cc:74: tree pruning end, 1 roots, 8882 extra nodes, 0 pruned nodes, max_depth=100
[164]	validation_0-rmse:9.63022	validation_0-AUC[PR]:0.836503
[17:18:41] src/tree/updater_prune.cc:74: tree pruning end, 1 roots, 8112 extra nodes, 0 pruned nodes, max_depth=100
[165]	validation_0-rmse:9.63266	validation_0-AUC[PR]:0.837461
[17:18:54] src/tree/updater_prune.cc:74: tree pruning end, 1 roots, 8508 extra nodes, 0 pruned nodes, max_depth=100
[166]	validation_0-rmse:9.64072	validation_0-AUC[PR]:0.839757
[17:19:06] src/tree/updater_prune.cc:74: tree pruning end, 1 roots, 8988 extra nodes, 0 pruned nodes, max_depth=100
[167]	validation_0-rmse:9.64433	validation_0-AUC[PR]:0.836643
[17:19:18] src/tree/updater_prune.cc:74: tree pruning end, 1 roots, 8952 extra nodes, 0 pruned nodes, max_depth=100
[168]	validation_0-rmse:9.65015	validation_0-AUC[PR]:0.83705
[17:19:30] src/tree/updater_prune.cc:74: tree pruning end, 1 roots, 9066 extra nodes, 0 pruned nodes, max_depth=100
[169]	validation_0-rmse:9.6559	validation_0-AUC[PR]:0.83519
[17:19:41] src/tree/updater_prune.cc:74: tree pruning end, 1 roots, 8686 extra nodes, 0 pruned nodes, max_depth=100
[170]	validation_0-rmse:9.65978	validation_0-AUC[PR]:0.835283
[17:19:53] src/tree/updater_prune.cc:74: tree pruning end, 1 roots, 8552 extra nodes, 0 pruned nodes, max_depth=100
[171]	validation_0-rmse:9.66367	validation_0-AUC[PR]:0.837684
[17:20:06] src/tree/updater_prune.cc:74: tree pruning end, 1 roots, 8584 extra nodes, 0 pruned nodes, max_depth=100
[172]	validation_0-rmse:9.66765	validation_0-AUC[PR]:0.838419
[17:20:18] src/tree/updater_prune.cc:74: tree pruning end, 1 roots, 8634 extra nodes, 0 pruned nodes, max_depth=100
[173]	validation_0-rmse:9.66795	validation_0-AUC[PR]:0.837812
[17:20:29] src/tree/updater_prune.cc:74: tree pruning end, 1 roots, 8990 extra nodes, 0 pruned nodes, max_depth=100
[174]	validation_0-rmse:9.6696	validation_0-AUC[PR]:0.837788
[17:20:41] src/tree/updater_prune.cc:74: tree pruning end, 1 roots, 8770 extra nodes, 0 pruned nodes, max_depth=100
[175]	validation_0-rmse:9.673	validation_0-AUC[PR]:0.838349
[17:20:54] src/tree/updater_prune.cc:74: tree pruning end, 1 roots, 8390 extra nodes, 0 pruned nodes, max_depth=100
[176]	validation_0-rmse:9.6746	validation_0-AUC[PR]:0.838258
[17:21:06] src/tree/updater_prune.cc:74: tree pruning end, 1 roots, 8738 extra nodes, 0 pruned nodes, max_depth=100
[177]	validation_0-rmse:9.67678	validation_0-AUC[PR]:0.837908
[17:21:18] src/tree/updater_prune.cc:74: tree pruning end, 1 roots, 8928 extra nodes, 0 pruned nodes, max_depth=100
[178]	validation_0-rmse:9.6781	validation_0-AUC[PR]:0.839315
[17:21:31] src/tree/updater_prune.cc:74: tree pruning end, 1 roots, 8444 extra nodes, 0 pruned nodes, max_depth=100
[179]	validation_0-rmse:9.67971	validation_0-AUC[PR]:0.837833
[17:21:44] src/tree/updater_prune.cc:74: tree pruning end, 1 roots, 8372 extra nodes, 0 pruned nodes, max_depth=100
[180]	validation_0-rmse:9.68384	validation_0-AUC[PR]:0.839874
[17:21:56] src/tree/updater_prune.cc:74: tree pruning end, 1 roots, 8418 extra nodes, 0 pruned nodes, max_depth=100
[181]	validation_0-rmse:9.68833	validation_0-AUC[PR]:0.841876
[17:22:08] src/tree/updater_prune.cc:74: tree pruning end, 1 roots, 9036 extra nodes, 0 pruned nodes, max_depth=100
[182]	validation_0-rmse:9.69318	validation_0-AUC[PR]:0.84116
[17:22:21] src/tree/updater_prune.cc:74: tree pruning end, 1 roots, 8418 extra nodes, 0 pruned nodes, max_depth=100
[183]	validation_0-rmse:9.69586	validation_0-AUC[PR]:0.83989
[17:22:33] src/tree/updater_prune.cc:74: tree pruning end, 1 roots, 8666 extra nodes, 0 pruned nodes, max_depth=100
[184]	validation_0-rmse:9.69914	validation_0-AUC[PR]:0.836701
[17:22:45] src/tree/updater_prune.cc:74: tree pruning end, 1 roots, 9054 extra nodes, 0 pruned nodes, max_depth=100
[185]	validation_0-rmse:9.70012	validation_0-AUC[PR]:0.83851
[17:22:57] src/tree/updater_prune.cc:74: tree pruning end, 1 roots, 8210 extra nodes, 0 pruned nodes, max_depth=100
[186]	validation_0-rmse:9.70489	validation_0-AUC[PR]:0.838655
[17:23:09] src/tree/updater_prune.cc:74: tree pruning end, 1 roots, 8830 extra nodes, 0 pruned nodes, max_depth=100
[187]	validation_0-rmse:9.71026	validation_0-AUC[PR]:0.838648
[17:23:22] src/tree/updater_prune.cc:74: tree pruning end, 1 roots, 8270 extra nodes, 0 pruned nodes, max_depth=100
[188]	validation_0-rmse:9.71047	validation_0-AUC[PR]:0.840827
[17:23:34] src/tree/updater_prune.cc:74: tree pruning end, 1 roots, 8886 extra nodes, 0 pruned nodes, max_depth=100
[189]	validation_0-rmse:9.71286	validation_0-AUC[PR]:0.844288
[17:23:46] src/tree/updater_prune.cc:74: tree pruning end, 1 roots, 9276 extra nodes, 0 pruned nodes, max_depth=100
[190]	validation_0-rmse:9.7161	validation_0-AUC[PR]:0.841884
[17:23:58] src/tree/updater_prune.cc:74: tree pruning end, 1 roots, 8748 extra nodes, 0 pruned nodes, max_depth=100
[191]	validation_0-rmse:9.71929	validation_0-AUC[PR]:0.839955
[17:24:10] src/tree/updater_prune.cc:74: tree pruning end, 1 roots, 9192 extra nodes, 0 pruned nodes, max_depth=100
[192]	validation_0-rmse:9.72366	validation_0-AUC[PR]:0.8378
[17:24:21] src/tree/updater_prune.cc:74: tree pruning end, 1 roots, 8772 extra nodes, 0 pruned nodes, max_depth=100
[193]	validation_0-rmse:9.72579	validation_0-AUC[PR]:0.83898
[17:24:34] src/tree/updater_prune.cc:74: tree pruning end, 1 roots, 8608 extra nodes, 0 pruned nodes, max_depth=100
[194]	validation_0-rmse:9.72914	validation_0-AUC[PR]:0.842266
[17:24:47] src/tree/updater_prune.cc:74: tree pruning end, 1 roots, 8534 extra nodes, 0 pruned nodes, max_depth=100
[195]	validation_0-rmse:9.73145	validation_0-AUC[PR]:0.843055
[17:24:58] src/tree/updater_prune.cc:74: tree pruning end, 1 roots, 8116 extra nodes, 0 pruned nodes, max_depth=100
[196]	validation_0-rmse:9.73415	validation_0-AUC[PR]:0.8423
[17:25:10] src/tree/updater_prune.cc:74: tree pruning end, 1 roots, 8690 extra nodes, 0 pruned nodes, max_depth=100
[197]	validation_0-rmse:9.73645	validation_0-AUC[PR]:0.841293
[17:25:21] src/tree/updater_prune.cc:74: tree pruning end, 1 roots, 8798 extra nodes, 0 pruned nodes, max_depth=100
[198]	validation_0-rmse:9.73957	validation_0-AUC[PR]:0.840275
[17:25:33] src/tree/updater_prune.cc:74: tree pruning end, 1 roots, 8630 extra nodes, 0 pruned nodes, max_depth=100
[199]	validation_0-rmse:9.74096	validation_0-AUC[PR]:0.840019
[17:25:46] src/tree/updater_prune.cc:74: tree pruning end, 1 roots, 8892 extra nodes, 0 pruned nodes, max_depth=100
[200]	validation_0-rmse:9.74149	validation_0-AUC[PR]:0.83877
[17:25:58] src/tree/updater_prune.cc:74: tree pruning end, 1 roots, 8862 extra nodes, 0 pruned nodes, max_depth=100
[201]	validation_0-rmse:9.74523	validation_0-AUC[PR]:0.838559
[17:26:10] src/tree/updater_prune.cc:74: tree pruning end, 1 roots, 8680 extra nodes, 0 pruned nodes, max_depth=100
[202]	validation_0-rmse:9.75014	validation_0-AUC[PR]:0.837365
[17:26:23] src/tree/updater_prune.cc:74: tree pruning end, 1 roots, 8536 extra nodes, 0 pruned nodes, max_depth=100
[203]	validation_0-rmse:9.75417	validation_0-AUC[PR]:0.839054
[17:26:35] src/tree/updater_prune.cc:74: tree pruning end, 1 roots, 8410 extra nodes, 0 pruned nodes, max_depth=100
[204]	validation_0-rmse:9.75854	validation_0-AUC[PR]:0.837794
[17:26:47] src/tree/updater_prune.cc:74: tree pruning end, 1 roots, 9004 extra nodes, 0 pruned nodes, max_depth=100
[205]	validation_0-rmse:9.75788	validation_0-AUC[PR]:0.837137
[17:26:59] src/tree/updater_prune.cc:74: tree pruning end, 1 roots, 8798 extra nodes, 0 pruned nodes, max_depth=100
[206]	validation_0-rmse:9.76089	validation_0-AUC[PR]:0.8374
[17:27:10] src/tree/updater_prune.cc:74: tree pruning end, 1 roots, 9132 extra nodes, 0 pruned nodes, max_depth=100
[207]	validation_0-rmse:9.7616	validation_0-AUC[PR]:0.837599
[17:27:22] src/tree/updater_prune.cc:74: tree pruning end, 1 roots, 8270 extra nodes, 0 pruned nodes, max_depth=100
[208]	validation_0-rmse:9.76456	validation_0-AUC[PR]:0.83584
[17:27:35] src/tree/updater_prune.cc:74: tree pruning end, 1 roots, 8600 extra nodes, 0 pruned nodes, max_depth=100
[209]	validation_0-rmse:9.76408	validation_0-AUC[PR]:0.83708
[17:27:47] src/tree/updater_prune.cc:74: tree pruning end, 1 roots, 8532 extra nodes, 0 pruned nodes, max_depth=100
[210]	validation_0-rmse:9.76683	validation_0-AUC[PR]:0.83753
[17:27:59] src/tree/updater_prune.cc:74: tree pruning end, 1 roots, 8932 extra nodes, 0 pruned nodes, max_depth=100
[211]	validation_0-rmse:9.76725	validation_0-AUC[PR]:0.838084
[17:28:11] src/tree/updater_prune.cc:74: tree pruning end, 1 roots, 8770 extra nodes, 0 pruned nodes, max_depth=100
[212]	validation_0-rmse:9.76905	validation_0-AUC[PR]:0.83765
[17:28:24] src/tree/updater_prune.cc:74: tree pruning end, 1 roots, 8660 extra nodes, 0 pruned nodes, max_depth=100
[213]	validation_0-rmse:9.77239	validation_0-AUC[PR]:0.837819
[17:28:35] src/tree/updater_prune.cc:74: tree pruning end, 1 roots, 8762 extra nodes, 0 pruned nodes, max_depth=100
[214]	validation_0-rmse:9.77675	validation_0-AUC[PR]:0.838562
[17:28:47] src/tree/updater_prune.cc:74: tree pruning end, 1 roots, 8980 extra nodes, 0 pruned nodes, max_depth=100
[215]	validation_0-rmse:9.77847	validation_0-AUC[PR]:0.838817
[17:29:00] src/tree/updater_prune.cc:74: tree pruning end, 1 roots, 8926 extra nodes, 0 pruned nodes, max_depth=100
[216]	validation_0-rmse:9.78337	validation_0-AUC[PR]:0.839648
[17:29:12] src/tree/updater_prune.cc:74: tree pruning end, 1 roots, 9054 extra nodes, 0 pruned nodes, max_depth=100
[217]	validation_0-rmse:9.78659	validation_0-AUC[PR]:0.840578
[17:29:25] src/tree/updater_prune.cc:74: tree pruning end, 1 roots, 8788 extra nodes, 0 pruned nodes, max_depth=100
[218]	validation_0-rmse:9.78852	validation_0-AUC[PR]:0.840519
[17:29:36] src/tree/updater_prune.cc:74: tree pruning end, 1 roots, 8590 extra nodes, 0 pruned nodes, max_depth=100
[219]	validation_0-rmse:9.79358	validation_0-AUC[PR]:0.840614
[17:29:48] src/tree/updater_prune.cc:74: tree pruning end, 1 roots, 9052 extra nodes, 0 pruned nodes, max_depth=100
[220]	validation_0-rmse:9.79314	validation_0-AUC[PR]:0.841018
[17:30:00] src/tree/updater_prune.cc:74: tree pruning end, 1 roots, 8758 extra nodes, 0 pruned nodes, max_depth=100
[221]	validation_0-rmse:9.79485	validation_0-AUC[PR]:0.842012
[17:30:12] src/tree/updater_prune.cc:74: tree pruning end, 1 roots, 8920 extra nodes, 0 pruned nodes, max_depth=100
[222]	validation_0-rmse:9.79641	validation_0-AUC[PR]:0.840558
[17:30:24] src/tree/updater_prune.cc:74: tree pruning end, 1 roots, 8534 extra nodes, 0 pruned nodes, max_depth=100
[223]	validation_0-rmse:9.79748	validation_0-AUC[PR]:0.839681
[17:30:36] src/tree/updater_prune.cc:74: tree pruning end, 1 roots, 8964 extra nodes, 0 pruned nodes, max_depth=100
[224]	validation_0-rmse:9.80019	validation_0-AUC[PR]:0.838405
[17:30:48] src/tree/updater_prune.cc:74: tree pruning end, 1 roots, 8852 extra nodes, 0 pruned nodes, max_depth=100
[225]	validation_0-rmse:9.80114	validation_0-AUC[PR]:0.838051
[17:31:01] src/tree/updater_prune.cc:74: tree pruning end, 1 roots, 8208 extra nodes, 0 pruned nodes, max_depth=100
[226]	validation_0-rmse:9.8033	validation_0-AUC[PR]:0.838211
[17:31:13] src/tree/updater_prune.cc:74: tree pruning end, 1 roots, 9092 extra nodes, 0 pruned nodes, max_depth=100
[227]	validation_0-rmse:9.80565	validation_0-AUC[PR]:0.837814
[17:31:26] src/tree/updater_prune.cc:74: tree pruning end, 1 roots, 8902 extra nodes, 0 pruned nodes, max_depth=100
[228]	validation_0-rmse:9.80481	validation_0-AUC[PR]:0.838824
[17:31:37] src/tree/updater_prune.cc:74: tree pruning end, 1 roots, 8814 extra nodes, 0 pruned nodes, max_depth=100
[229]	validation_0-rmse:9.80716	validation_0-AUC[PR]:0.840031
[17:31:50] src/tree/updater_prune.cc:74: tree pruning end, 1 roots, 8890 extra nodes, 0 pruned nodes, max_depth=100
[230]	validation_0-rmse:9.80843	validation_0-AUC[PR]:0.840927
[17:32:02] src/tree/updater_prune.cc:74: tree pruning end, 1 roots, 9068 extra nodes, 0 pruned nodes, max_depth=100
[231]	validation_0-rmse:9.81159	validation_0-AUC[PR]:0.839653
[17:32:13] src/tree/updater_prune.cc:74: tree pruning end, 1 roots, 8892 extra nodes, 0 pruned nodes, max_depth=100
[232]	validation_0-rmse:9.81396	validation_0-AUC[PR]:0.840084
[17:32:26] src/tree/updater_prune.cc:74: tree pruning end, 1 roots, 8208 extra nodes, 0 pruned nodes, max_depth=100
[233]	validation_0-rmse:9.81429	validation_0-AUC[PR]:0.841557
[17:32:38] src/tree/updater_prune.cc:74: tree pruning end, 1 roots, 8376 extra nodes, 0 pruned nodes, max_depth=100
[234]	validation_0-rmse:9.81702	validation_0-AUC[PR]:0.840675
[17:32:51] src/tree/updater_prune.cc:74: tree pruning end, 1 roots, 8812 extra nodes, 0 pruned nodes, max_depth=100
[235]	validation_0-rmse:9.82309	validation_0-AUC[PR]:0.84132
[17:33:02] src/tree/updater_prune.cc:74: tree pruning end, 1 roots, 8720 extra nodes, 0 pruned nodes, max_depth=100
[236]	validation_0-rmse:9.82449	validation_0-AUC[PR]:0.839874
[17:33:15] src/tree/updater_prune.cc:74: tree pruning end, 1 roots, 8512 extra nodes, 0 pruned nodes, max_depth=100
[237]	validation_0-rmse:9.82553	validation_0-AUC[PR]:0.839359
[17:33:27] src/tree/updater_prune.cc:74: tree pruning end, 1 roots, 8850 extra nodes, 0 pruned nodes, max_depth=100
[238]	validation_0-rmse:9.82669	validation_0-AUC[PR]:0.838195
[17:33:43] src/tree/updater_prune.cc:74: tree pruning end, 1 roots, 8638 extra nodes, 0 pruned nodes, max_depth=100
[239]	validation_0-rmse:9.82825	validation_0-AUC[PR]:0.837669
[17:33:56] src/tree/updater_prune.cc:74: tree pruning end, 1 roots, 8534 extra nodes, 0 pruned nodes, max_depth=100
[240]	validation_0-rmse:9.83117	validation_0-AUC[PR]:0.835887
[17:34:09] src/tree/updater_prune.cc:74: tree pruning end, 1 roots, 8470 extra nodes, 0 pruned nodes, max_depth=100
[241]	validation_0-rmse:9.83277	validation_0-AUC[PR]:0.834687
[17:34:22] src/tree/updater_prune.cc:74: tree pruning end, 1 roots, 8692 extra nodes, 0 pruned nodes, max_depth=100
[242]	validation_0-rmse:9.83484	validation_0-AUC[PR]:0.835901
[17:34:34] src/tree/updater_prune.cc:74: tree pruning end, 1 roots, 9004 extra nodes, 0 pruned nodes, max_depth=100
[243]	validation_0-rmse:9.83529	validation_0-AUC[PR]:0.835038
[17:34:46] src/tree/updater_prune.cc:74: tree pruning end, 1 roots, 9050 extra nodes, 0 pruned nodes, max_depth=100
[244]	validation_0-rmse:9.83605	validation_0-AUC[PR]:0.833853
[17:34:59] src/tree/updater_prune.cc:74: tree pruning end, 1 roots, 8848 extra nodes, 0 pruned nodes, max_depth=100
[245]	validation_0-rmse:9.83609	validation_0-AUC[PR]:0.833926
[17:35:11] src/tree/updater_prune.cc:74: tree pruning end, 1 roots, 8758 extra nodes, 0 pruned nodes, max_depth=100
[246]	validation_0-rmse:9.83884	validation_0-AUC[PR]:0.833719
[17:35:22] src/tree/updater_prune.cc:74: tree pruning end, 1 roots, 8920 extra nodes, 0 pruned nodes, max_depth=100
[247]	validation_0-rmse:9.8414	validation_0-AUC[PR]:0.834948
[17:35:34] src/tree/updater_prune.cc:74: tree pruning end, 1 roots, 8974 extra nodes, 0 pruned nodes, max_depth=100
[248]	validation_0-rmse:9.84346	validation_0-AUC[PR]:0.834214
[17:35:46] src/tree/updater_prune.cc:74: tree pruning end, 1 roots, 8884 extra nodes, 0 pruned nodes, max_depth=100
[249]	validation_0-rmse:9.84828	validation_0-AUC[PR]:0.83409
[17:35:59] src/tree/updater_prune.cc:74: tree pruning end, 1 roots, 8740 extra nodes, 0 pruned nodes, max_depth=100
[250]	validation_0-rmse:9.85045	validation_0-AUC[PR]:0.833889
[17:36:11] src/tree/updater_prune.cc:74: tree pruning end, 1 roots, 9004 extra nodes, 0 pruned nodes, max_depth=100
[251]	validation_0-rmse:9.8516	validation_0-AUC[PR]:0.834532
[17:36:23] src/tree/updater_prune.cc:74: tree pruning end, 1 roots, 8810 extra nodes, 0 pruned nodes, max_depth=100
[252]	validation_0-rmse:9.85476	validation_0-AUC[PR]:0.836695
[17:36:35] src/tree/updater_prune.cc:74: tree pruning end, 1 roots, 8800 extra nodes, 0 pruned nodes, max_depth=100
[253]	validation_0-rmse:9.85657	validation_0-AUC[PR]:0.834475
[17:36:47] src/tree/updater_prune.cc:74: tree pruning end, 1 roots, 8666 extra nodes, 0 pruned nodes, max_depth=100
[254]	validation_0-rmse:9.85701	validation_0-AUC[PR]:0.835943
[17:36:59] src/tree/updater_prune.cc:74: tree pruning end, 1 roots, 8396 extra nodes, 0 pruned nodes, max_depth=100
[255]	validation_0-rmse:9.85819	validation_0-AUC[PR]:0.836453
[17:37:11] src/tree/updater_prune.cc:74: tree pruning end, 1 roots, 8702 extra nodes, 0 pruned nodes, max_depth=100
[256]	validation_0-rmse:9.85906	validation_0-AUC[PR]:0.837315
[17:37:24] src/tree/updater_prune.cc:74: tree pruning end, 1 roots, 8856 extra nodes, 0 pruned nodes, max_depth=100
[257]	validation_0-rmse:9.8584	validation_0-AUC[PR]:0.836371
[17:37:37] src/tree/updater_prune.cc:74: tree pruning end, 1 roots, 8802 extra nodes, 0 pruned nodes, max_depth=100
[258]	validation_0-rmse:9.85992	validation_0-AUC[PR]:0.836533
[17:37:50] src/tree/updater_prune.cc:74: tree pruning end, 1 roots, 8624 extra nodes, 0 pruned nodes, max_depth=100
[259]	validation_0-rmse:9.8608	validation_0-AUC[PR]:0.836745
[17:38:01] src/tree/updater_prune.cc:74: tree pruning end, 1 roots, 8432 extra nodes, 0 pruned nodes, max_depth=100
[260]	validation_0-rmse:9.86255	validation_0-AUC[PR]:0.836997
[17:38:15] src/tree/updater_prune.cc:74: tree pruning end, 1 roots, 8966 extra nodes, 0 pruned nodes, max_depth=100
[261]	validation_0-rmse:9.86725	validation_0-AUC[PR]:0.837011
[17:38:27] src/tree/updater_prune.cc:74: tree pruning end, 1 roots, 8726 extra nodes, 0 pruned nodes, max_depth=100
[262]	validation_0-rmse:9.86829	validation_0-AUC[PR]:0.837361
[17:38:39] src/tree/updater_prune.cc:74: tree pruning end, 1 roots, 8838 extra nodes, 0 pruned nodes, max_depth=100
[263]	validation_0-rmse:9.87055	validation_0-AUC[PR]:0.838115
[17:38:51] src/tree/updater_prune.cc:74: tree pruning end, 1 roots, 8562 extra nodes, 0 pruned nodes, max_depth=100
[264]	validation_0-rmse:9.87163	validation_0-AUC[PR]:0.838508
[17:39:04] src/tree/updater_prune.cc:74: tree pruning end, 1 roots, 8542 extra nodes, 0 pruned nodes, max_depth=100
[265]	validation_0-rmse:9.87299	validation_0-AUC[PR]:0.838006
[17:39:17] src/tree/updater_prune.cc:74: tree pruning end, 1 roots, 8624 extra nodes, 0 pruned nodes, max_depth=100
[266]	validation_0-rmse:9.87436	validation_0-AUC[PR]:0.837817
[17:39:29] src/tree/updater_prune.cc:74: tree pruning end, 1 roots, 8680 extra nodes, 0 pruned nodes, max_depth=100
[267]	validation_0-rmse:9.87695	validation_0-AUC[PR]:0.835655
[17:39:41] src/tree/updater_prune.cc:74: tree pruning end, 1 roots, 8276 extra nodes, 0 pruned nodes, max_depth=100
[268]	validation_0-rmse:9.87666	validation_0-AUC[PR]:0.836922
[17:39:53] src/tree/updater_prune.cc:74: tree pruning end, 1 roots, 8328 extra nodes, 0 pruned nodes, max_depth=100
[269]	validation_0-rmse:9.87834	validation_0-AUC[PR]:0.836694
[17:40:05] src/tree/updater_prune.cc:74: tree pruning end, 1 roots, 8868 extra nodes, 0 pruned nodes, max_depth=100
[270]	validation_0-rmse:9.87876	validation_0-AUC[PR]:0.836738
[17:40:17] src/tree/updater_prune.cc:74: tree pruning end, 1 roots, 8628 extra nodes, 0 pruned nodes, max_depth=100
[271]	validation_0-rmse:9.87916	validation_0-AUC[PR]:0.835582
[17:40:34] src/tree/updater_prune.cc:74: tree pruning end, 1 roots, 8558 extra nodes, 0 pruned nodes, max_depth=100
[272]	validation_0-rmse:9.87923	validation_0-AUC[PR]:0.835393
[17:40:46] src/tree/updater_prune.cc:74: tree pruning end, 1 roots, 9008 extra nodes, 0 pruned nodes, max_depth=100
[273]	validation_0-rmse:9.88044	validation_0-AUC[PR]:0.835042
[17:40:59] src/tree/updater_prune.cc:74: tree pruning end, 1 roots, 8318 extra nodes, 0 pruned nodes, max_depth=100
[274]	validation_0-rmse:9.88139	validation_0-AUC[PR]:0.835436
[17:41:12] src/tree/updater_prune.cc:74: tree pruning end, 1 roots, 8570 extra nodes, 0 pruned nodes, max_depth=100
[275]	validation_0-rmse:9.88209	validation_0-AUC[PR]:0.835711
[17:41:24] src/tree/updater_prune.cc:74: tree pruning end, 1 roots, 8734 extra nodes, 0 pruned nodes, max_depth=100
[276]	validation_0-rmse:9.88344	validation_0-AUC[PR]:0.836557
[17:41:36] src/tree/updater_prune.cc:74: tree pruning end, 1 roots, 8620 extra nodes, 0 pruned nodes, max_depth=100
[277]	validation_0-rmse:9.88443	validation_0-AUC[PR]:0.835782
[17:41:48] src/tree/updater_prune.cc:74: tree pruning end, 1 roots, 8618 extra nodes, 0 pruned nodes, max_depth=100
[278]	validation_0-rmse:9.88678	validation_0-AUC[PR]:0.835783
[17:42:01] src/tree/updater_prune.cc:74: tree pruning end, 1 roots, 8014 extra nodes, 0 pruned nodes, max_depth=100
[279]	validation_0-rmse:9.8874	validation_0-AUC[PR]:0.835849
[17:42:13] src/tree/updater_prune.cc:74: tree pruning end, 1 roots, 8556 extra nodes, 0 pruned nodes, max_depth=100
[280]	validation_0-rmse:9.89014	validation_0-AUC[PR]:0.836753
[17:42:25] src/tree/updater_prune.cc:74: tree pruning end, 1 roots, 8562 extra nodes, 0 pruned nodes, max_depth=100
[281]	validation_0-rmse:9.89031	validation_0-AUC[PR]:0.836513
[17:42:37] src/tree/updater_prune.cc:74: tree pruning end, 1 roots, 8926 extra nodes, 0 pruned nodes, max_depth=100
[282]	validation_0-rmse:9.89185	validation_0-AUC[PR]:0.836925
[17:42:49] src/tree/updater_prune.cc:74: tree pruning end, 1 roots, 8552 extra nodes, 0 pruned nodes, max_depth=100
[283]	validation_0-rmse:9.89196	validation_0-AUC[PR]:0.836509
[17:43:01] src/tree/updater_prune.cc:74: tree pruning end, 1 roots, 8552 extra nodes, 0 pruned nodes, max_depth=100
[284]	validation_0-rmse:9.89159	validation_0-AUC[PR]:0.836201
[17:43:13] src/tree/updater_prune.cc:74: tree pruning end, 1 roots, 8752 extra nodes, 0 pruned nodes, max_depth=100
[285]	validation_0-rmse:9.89153	validation_0-AUC[PR]:0.836836
[17:43:26] src/tree/updater_prune.cc:74: tree pruning end, 1 roots, 8652 extra nodes, 0 pruned nodes, max_depth=100
[286]	validation_0-rmse:9.89208	validation_0-AUC[PR]:0.836358
[17:43:38] src/tree/updater_prune.cc:74: tree pruning end, 1 roots, 8510 extra nodes, 0 pruned nodes, max_depth=100
[287]	validation_0-rmse:9.89216	validation_0-AUC[PR]:0.836223
[17:43:50] src/tree/updater_prune.cc:74: tree pruning end, 1 roots, 8964 extra nodes, 0 pruned nodes, max_depth=100
[288]	validation_0-rmse:9.89398	validation_0-AUC[PR]:0.835851
[17:44:02] src/tree/updater_prune.cc:74: tree pruning end, 1 roots, 8524 extra nodes, 0 pruned nodes, max_depth=100
[289]	validation_0-rmse:9.89604	validation_0-AUC[PR]:0.83652
[17:44:15] src/tree/updater_prune.cc:74: tree pruning end, 1 roots, 8880 extra nodes, 0 pruned nodes, max_depth=100
[290]	validation_0-rmse:9.89675	validation_0-AUC[PR]:0.837021
[17:44:26] src/tree/updater_prune.cc:74: tree pruning end, 1 roots, 8778 extra nodes, 0 pruned nodes, max_depth=100
[291]	validation_0-rmse:9.89886	validation_0-AUC[PR]:0.837264
[17:44:39] src/tree/updater_prune.cc:74: tree pruning end, 1 roots, 8744 extra nodes, 0 pruned nodes, max_depth=100
[292]	validation_0-rmse:9.90009	validation_0-AUC[PR]:0.837224
[17:44:51] src/tree/updater_prune.cc:74: tree pruning end, 1 roots, 8436 extra nodes, 0 pruned nodes, max_depth=100
[293]	validation_0-rmse:9.90081	validation_0-AUC[PR]:0.837105
[17:45:03] src/tree/updater_prune.cc:74: tree pruning end, 1 roots, 8086 extra nodes, 0 pruned nodes, max_depth=100
[294]	validation_0-rmse:9.9017	validation_0-AUC[PR]:0.836706
[17:45:15] src/tree/updater_prune.cc:74: tree pruning end, 1 roots, 8790 extra nodes, 0 pruned nodes, max_depth=100
[295]	validation_0-rmse:9.90189	validation_0-AUC[PR]:0.836181
[17:45:27] src/tree/updater_prune.cc:74: tree pruning end, 1 roots, 8652 extra nodes, 0 pruned nodes, max_depth=100
[296]	validation_0-rmse:9.90279	validation_0-AUC[PR]:0.83573
[17:45:40] src/tree/updater_prune.cc:74: tree pruning end, 1 roots, 8248 extra nodes, 0 pruned nodes, max_depth=100
[297]	validation_0-rmse:9.90325	validation_0-AUC[PR]:0.836778
[17:45:52] src/tree/updater_prune.cc:74: tree pruning end, 1 roots, 8732 extra nodes, 0 pruned nodes, max_depth=100
[298]	validation_0-rmse:9.90557	validation_0-AUC[PR]:0.836695
[17:46:04] src/tree/updater_prune.cc:74: tree pruning end, 1 roots, 8322 extra nodes, 0 pruned nodes, max_depth=100
[299]	validation_0-rmse:9.90656	validation_0-AUC[PR]:0.83596
[17:46:16] src/tree/updater_prune.cc:74: tree pruning end, 1 roots, 8774 extra nodes, 0 pruned nodes, max_depth=100
[300]	validation_0-rmse:9.90673	validation_0-AUC[PR]:0.835284
[17:46:28] src/tree/updater_prune.cc:74: tree pruning end, 1 roots, 8622 extra nodes, 0 pruned nodes, max_depth=100
[301]	validation_0-rmse:9.9086	validation_0-AUC[PR]:0.835911
[17:46:41] src/tree/updater_prune.cc:74: tree pruning end, 1 roots, 8120 extra nodes, 0 pruned nodes, max_depth=100
[302]	validation_0-rmse:9.90898	validation_0-AUC[PR]:0.836294
[17:46:54] src/tree/updater_prune.cc:74: tree pruning end, 1 roots, 8606 extra nodes, 0 pruned nodes, max_depth=100
[303]	validation_0-rmse:9.91075	validation_0-AUC[PR]:0.836005
[17:47:06] src/tree/updater_prune.cc:74: tree pruning end, 1 roots, 8464 extra nodes, 0 pruned nodes, max_depth=100
[304]	validation_0-rmse:9.91226	validation_0-AUC[PR]:0.836413
[17:47:17] src/tree/updater_prune.cc:74: tree pruning end, 1 roots, 8908 extra nodes, 0 pruned nodes, max_depth=100
[305]	validation_0-rmse:9.913	validation_0-AUC[PR]:0.835893
[17:47:29] src/tree/updater_prune.cc:74: tree pruning end, 1 roots, 8910 extra nodes, 0 pruned nodes, max_depth=100
[306]	validation_0-rmse:9.91414	validation_0-AUC[PR]:0.836015
[17:47:41] src/tree/updater_prune.cc:74: tree pruning end, 1 roots, 8048 extra nodes, 0 pruned nodes, max_depth=100
[307]	validation_0-rmse:9.91434	validation_0-AUC[PR]:0.835323
[17:47:54] src/tree/updater_prune.cc:74: tree pruning end, 1 roots, 8170 extra nodes, 0 pruned nodes, max_depth=100
[308]	validation_0-rmse:9.91559	validation_0-AUC[PR]:0.835783
[17:48:07] src/tree/updater_prune.cc:74: tree pruning end, 1 roots, 8368 extra nodes, 0 pruned nodes, max_depth=100
[309]	validation_0-rmse:9.9156	validation_0-AUC[PR]:0.8359
[17:48:19] src/tree/updater_prune.cc:74: tree pruning end, 1 roots, 8806 extra nodes, 0 pruned nodes, max_depth=100
[310]	validation_0-rmse:9.91629	validation_0-AUC[PR]:0.836119
[17:48:31] src/tree/updater_prune.cc:74: tree pruning end, 1 roots, 8092 extra nodes, 0 pruned nodes, max_depth=100
[311]	validation_0-rmse:9.9181	validation_0-AUC[PR]:0.836546
[17:48:44] src/tree/updater_prune.cc:74: tree pruning end, 1 roots, 8204 extra nodes, 0 pruned nodes, max_depth=100
[312]	validation_0-rmse:9.91746	validation_0-AUC[PR]:0.837255
[17:48:56] src/tree/updater_prune.cc:74: tree pruning end, 1 roots, 8246 extra nodes, 0 pruned nodes, max_depth=100
[313]	validation_0-rmse:9.91758	validation_0-AUC[PR]:0.837101
[17:49:08] src/tree/updater_prune.cc:74: tree pruning end, 1 roots, 8386 extra nodes, 0 pruned nodes, max_depth=100
[314]	validation_0-rmse:9.91894	validation_0-AUC[PR]:0.837481
[17:49:21] src/tree/updater_prune.cc:74: tree pruning end, 1 roots, 8440 extra nodes, 0 pruned nodes, max_depth=100
[315]	validation_0-rmse:9.91926	validation_0-AUC[PR]:0.837863
[17:49:33] src/tree/updater_prune.cc:74: tree pruning end, 1 roots, 8162 extra nodes, 0 pruned nodes, max_depth=100
[316]	validation_0-rmse:9.92101	validation_0-AUC[PR]:0.837744
[17:49:45] src/tree/updater_prune.cc:74: tree pruning end, 1 roots, 8178 extra nodes, 0 pruned nodes, max_depth=100
[317]	validation_0-rmse:9.92088	validation_0-AUC[PR]:0.837197
[17:49:57] src/tree/updater_prune.cc:74: tree pruning end, 1 roots, 8600 extra nodes, 0 pruned nodes, max_depth=100
[318]	validation_0-rmse:9.92258	validation_0-AUC[PR]:0.83682
[17:50:09] src/tree/updater_prune.cc:74: tree pruning end, 1 roots, 8796 extra nodes, 0 pruned nodes, max_depth=100
[319]	validation_0-rmse:9.92428	validation_0-AUC[PR]:0.83709
[17:50:21] src/tree/updater_prune.cc:74: tree pruning end, 1 roots, 8510 extra nodes, 0 pruned nodes, max_depth=100
[320]	validation_0-rmse:9.92679	validation_0-AUC[PR]:0.836486
[17:50:32] src/tree/updater_prune.cc:74: tree pruning end, 1 roots, 8926 extra nodes, 0 pruned nodes, max_depth=100
[321]	validation_0-rmse:9.9283	validation_0-AUC[PR]:0.836602
[17:50:45] src/tree/updater_prune.cc:74: tree pruning end, 1 roots, 8618 extra nodes, 0 pruned nodes, max_depth=100
[322]	validation_0-rmse:9.92846	validation_0-AUC[PR]:0.836149
[17:50:57] src/tree/updater_prune.cc:74: tree pruning end, 1 roots, 8932 extra nodes, 0 pruned nodes, max_depth=100
[323]	validation_0-rmse:9.92939	validation_0-AUC[PR]:0.83589
[17:51:10] src/tree/updater_prune.cc:74: tree pruning end, 1 roots, 8468 extra nodes, 0 pruned nodes, max_depth=100
[324]	validation_0-rmse:9.93057	validation_0-AUC[PR]:0.836069
[17:51:21] src/tree/updater_prune.cc:74: tree pruning end, 1 roots, 9130 extra nodes, 0 pruned nodes, max_depth=100
[325]	validation_0-rmse:9.93248	validation_0-AUC[PR]:0.838093
[17:51:34] src/tree/updater_prune.cc:74: tree pruning end, 1 roots, 8158 extra nodes, 0 pruned nodes, max_depth=100
[326]	validation_0-rmse:9.93391	validation_0-AUC[PR]:0.838097
[17:51:47] src/tree/updater_prune.cc:74: tree pruning end, 1 roots, 8412 extra nodes, 0 pruned nodes, max_depth=100
[327]	validation_0-rmse:9.93515	validation_0-AUC[PR]:0.838306
[17:52:00] src/tree/updater_prune.cc:74: tree pruning end, 1 roots, 8634 extra nodes, 0 pruned nodes, max_depth=100
[328]	validation_0-rmse:9.93448	validation_0-AUC[PR]:0.839191
[17:52:12] src/tree/updater_prune.cc:74: tree pruning end, 1 roots, 8734 extra nodes, 0 pruned nodes, max_depth=100
[329]	validation_0-rmse:9.93511	validation_0-AUC[PR]:0.840425
[17:52:24] src/tree/updater_prune.cc:74: tree pruning end, 1 roots, 8440 extra nodes, 0 pruned nodes, max_depth=100
[330]	validation_0-rmse:9.9358	validation_0-AUC[PR]:0.839873
[17:52:36] src/tree/updater_prune.cc:74: tree pruning end, 1 roots, 8780 extra nodes, 0 pruned nodes, max_depth=100
[331]	validation_0-rmse:9.93693	validation_0-AUC[PR]:0.840002
[17:52:48] src/tree/updater_prune.cc:74: tree pruning end, 1 roots, 8766 extra nodes, 0 pruned nodes, max_depth=100
[332]	validation_0-rmse:9.93818	validation_0-AUC[PR]:0.839796
[17:53:00] src/tree/updater_prune.cc:74: tree pruning end, 1 roots, 9038 extra nodes, 0 pruned nodes, max_depth=100
[333]	validation_0-rmse:9.93766	validation_0-AUC[PR]:0.839678
[17:53:12] src/tree/updater_prune.cc:74: tree pruning end, 1 roots, 8430 extra nodes, 0 pruned nodes, max_depth=100
[334]	validation_0-rmse:9.93797	validation_0-AUC[PR]:0.839454
[17:53:24] src/tree/updater_prune.cc:74: tree pruning end, 1 roots, 8188 extra nodes, 0 pruned nodes, max_depth=100
[335]	validation_0-rmse:9.93826	validation_0-AUC[PR]:0.838858
[17:53:35] src/tree/updater_prune.cc:74: tree pruning end, 1 roots, 8576 extra nodes, 0 pruned nodes, max_depth=100
[336]	validation_0-rmse:9.93892	validation_0-AUC[PR]:0.839248
[17:53:48] src/tree/updater_prune.cc:74: tree pruning end, 1 roots, 8836 extra nodes, 0 pruned nodes, max_depth=100
[337]	validation_0-rmse:9.93917	validation_0-AUC[PR]:0.839208
[17:54:00] src/tree/updater_prune.cc:74: tree pruning end, 1 roots, 8406 extra nodes, 0 pruned nodes, max_depth=100
[338]	validation_0-rmse:9.94133	validation_0-AUC[PR]:0.839048
[17:54:11] src/tree/updater_prune.cc:74: tree pruning end, 1 roots, 8776 extra nodes, 0 pruned nodes, max_depth=100
[339]	validation_0-rmse:9.94149	validation_0-AUC[PR]:0.838709
[17:54:24] src/tree/updater_prune.cc:74: tree pruning end, 1 roots, 8734 extra nodes, 0 pruned nodes, max_depth=100
[340]	validation_0-rmse:9.94116	validation_0-AUC[PR]:0.839041
[17:54:36] src/tree/updater_prune.cc:74: tree pruning end, 1 roots, 8498 extra nodes, 0 pruned nodes, max_depth=100
[341]	validation_0-rmse:9.94251	validation_0-AUC[PR]:0.839079
[17:54:47] src/tree/updater_prune.cc:74: tree pruning end, 1 roots, 9010 extra nodes, 0 pruned nodes, max_depth=100
[342]	validation_0-rmse:9.94359	validation_0-AUC[PR]:0.839639
[17:54:59] src/tree/updater_prune.cc:74: tree pruning end, 1 roots, 8864 extra nodes, 0 pruned nodes, max_depth=100
[343]	validation_0-rmse:9.94468	validation_0-AUC[PR]:0.838893
[17:55:11] src/tree/updater_prune.cc:74: tree pruning end, 1 roots, 8820 extra nodes, 0 pruned nodes, max_depth=100
[344]	validation_0-rmse:9.94485	validation_0-AUC[PR]:0.83936
[17:55:23] src/tree/updater_prune.cc:74: tree pruning end, 1 roots, 8772 extra nodes, 0 pruned nodes, max_depth=100
[345]	validation_0-rmse:9.94501	validation_0-AUC[PR]:0.838706
[17:55:34] src/tree/updater_prune.cc:74: tree pruning end, 1 roots, 8662 extra nodes, 0 pruned nodes, max_depth=100
[346]	validation_0-rmse:9.94597	validation_0-AUC[PR]:0.839164
[17:55:46] src/tree/updater_prune.cc:74: tree pruning end, 1 roots, 9068 extra nodes, 0 pruned nodes, max_depth=100
[347]	validation_0-rmse:9.947	validation_0-AUC[PR]:0.838953
[17:55:58] src/tree/updater_prune.cc:74: tree pruning end, 1 roots, 8314 extra nodes, 0 pruned nodes, max_depth=100
[348]	validation_0-rmse:9.94826	validation_0-AUC[PR]:0.839782
[17:56:10] src/tree/updater_prune.cc:74: tree pruning end, 1 roots, 8754 extra nodes, 0 pruned nodes, max_depth=100
[349]	validation_0-rmse:9.94941	validation_0-AUC[PR]:0.839722
[17:56:22] src/tree/updater_prune.cc:74: tree pruning end, 1 roots, 8664 extra nodes, 0 pruned nodes, max_depth=100
[350]	validation_0-rmse:9.9497	validation_0-AUC[PR]:0.840092
[17:56:35] src/tree/updater_prune.cc:74: tree pruning end, 1 roots, 8406 extra nodes, 0 pruned nodes, max_depth=100
[351]	validation_0-rmse:9.94988	validation_0-AUC[PR]:0.839381
[17:56:47] src/tree/updater_prune.cc:74: tree pruning end, 1 roots, 8476 extra nodes, 0 pruned nodes, max_depth=100
[352]	validation_0-rmse:9.95054	validation_0-AUC[PR]:0.839527
[17:57:00] src/tree/updater_prune.cc:74: tree pruning end, 1 roots, 8486 extra nodes, 0 pruned nodes, max_depth=100
[353]	validation_0-rmse:9.95231	validation_0-AUC[PR]:0.838933
[17:57:11] src/tree/updater_prune.cc:74: tree pruning end, 1 roots, 9076 extra nodes, 0 pruned nodes, max_depth=100
[354]	validation_0-rmse:9.95296	validation_0-AUC[PR]:0.838811
[17:57:24] src/tree/updater_prune.cc:74: tree pruning end, 1 roots, 8678 extra nodes, 0 pruned nodes, max_depth=100
[355]	validation_0-rmse:9.95326	validation_0-AUC[PR]:0.839106
[17:57:36] src/tree/updater_prune.cc:74: tree pruning end, 1 roots, 8354 extra nodes, 0 pruned nodes, max_depth=100
[356]	validation_0-rmse:9.95454	validation_0-AUC[PR]:0.839512
[17:57:48] src/tree/updater_prune.cc:74: tree pruning end, 1 roots, 8884 extra nodes, 0 pruned nodes, max_depth=100
[357]	validation_0-rmse:9.9555	validation_0-AUC[PR]:0.839881
[17:58:01] src/tree/updater_prune.cc:74: tree pruning end, 1 roots, 8088 extra nodes, 0 pruned nodes, max_depth=100
[358]	validation_0-rmse:9.95649	validation_0-AUC[PR]:0.839516
[17:58:13] src/tree/updater_prune.cc:74: tree pruning end, 1 roots, 8534 extra nodes, 0 pruned nodes, max_depth=100
[359]	validation_0-rmse:9.95714	validation_0-AUC[PR]:0.83904
[17:58:25] src/tree/updater_prune.cc:74: tree pruning end, 1 roots, 8676 extra nodes, 0 pruned nodes, max_depth=100
[360]	validation_0-rmse:9.95805	validation_0-AUC[PR]:0.839873
[17:58:38] src/tree/updater_prune.cc:74: tree pruning end, 1 roots, 8692 extra nodes, 0 pruned nodes, max_depth=100
[361]	validation_0-rmse:9.95837	validation_0-AUC[PR]:0.840388
[17:58:50] src/tree/updater_prune.cc:74: tree pruning end, 1 roots, 8854 extra nodes, 0 pruned nodes, max_depth=100
[362]	validation_0-rmse:9.95896	validation_0-AUC[PR]:0.840068
[17:59:03] src/tree/updater_prune.cc:74: tree pruning end, 1 roots, 8060 extra nodes, 0 pruned nodes, max_depth=100
[363]	validation_0-rmse:9.96011	validation_0-AUC[PR]:0.840465
[17:59:16] src/tree/updater_prune.cc:74: tree pruning end, 1 roots, 7942 extra nodes, 0 pruned nodes, max_depth=100
[364]	validation_0-rmse:9.96149	validation_0-AUC[PR]:0.840809
[17:59:28] src/tree/updater_prune.cc:74: tree pruning end, 1 roots, 8466 extra nodes, 0 pruned nodes, max_depth=100
[365]	validation_0-rmse:9.96267	validation_0-AUC[PR]:0.840316
[17:59:40] src/tree/updater_prune.cc:74: tree pruning end, 1 roots, 8304 extra nodes, 0 pruned nodes, max_depth=100
[366]	validation_0-rmse:9.96432	validation_0-AUC[PR]:0.840369
[17:59:52] src/tree/updater_prune.cc:74: tree pruning end, 1 roots, 8870 extra nodes, 0 pruned nodes, max_depth=100
[367]	validation_0-rmse:9.96524	validation_0-AUC[PR]:0.838962
[18:00:05] src/tree/updater_prune.cc:74: tree pruning end, 1 roots, 8596 extra nodes, 0 pruned nodes, max_depth=100
[368]	validation_0-rmse:9.96507	validation_0-AUC[PR]:0.840527
[18:00:17] src/tree/updater_prune.cc:74: tree pruning end, 1 roots, 8472 extra nodes, 0 pruned nodes, max_depth=100
[369]	validation_0-rmse:9.96518	validation_0-AUC[PR]:0.838456
[18:00:30] src/tree/updater_prune.cc:74: tree pruning end, 1 roots, 8362 extra nodes, 0 pruned nodes, max_depth=100
[370]	validation_0-rmse:9.96666	validation_0-AUC[PR]:0.838935
[18:00:42] src/tree/updater_prune.cc:74: tree pruning end, 1 roots, 8758 extra nodes, 0 pruned nodes, max_depth=100
[371]	validation_0-rmse:9.9673	validation_0-AUC[PR]:0.838374
[18:00:54] src/tree/updater_prune.cc:74: tree pruning end, 1 roots, 8670 extra nodes, 0 pruned nodes, max_depth=100
[372]	validation_0-rmse:9.96751	validation_0-AUC[PR]:0.838839
[18:01:07] src/tree/updater_prune.cc:74: tree pruning end, 1 roots, 8930 extra nodes, 0 pruned nodes, max_depth=100
[373]	validation_0-rmse:9.9675	validation_0-AUC[PR]:0.837359
[18:01:19] src/tree/updater_prune.cc:74: tree pruning end, 1 roots, 8634 extra nodes, 0 pruned nodes, max_depth=100
[374]	validation_0-rmse:9.96845	validation_0-AUC[PR]:0.837095
[18:01:32] src/tree/updater_prune.cc:74: tree pruning end, 1 roots, 8316 extra nodes, 0 pruned nodes, max_depth=100
[375]	validation_0-rmse:9.96826	validation_0-AUC[PR]:0.839045
[18:01:44] src/tree/updater_prune.cc:74: tree pruning end, 1 roots, 8712 extra nodes, 0 pruned nodes, max_depth=100
[376]	validation_0-rmse:9.96879	validation_0-AUC[PR]:0.838328
[18:01:56] src/tree/updater_prune.cc:74: tree pruning end, 1 roots, 8760 extra nodes, 0 pruned nodes, max_depth=100
[377]	validation_0-rmse:9.96895	validation_0-AUC[PR]:0.837336
[18:02:09] src/tree/updater_prune.cc:74: tree pruning end, 1 roots, 8506 extra nodes, 0 pruned nodes, max_depth=100
[378]	validation_0-rmse:9.96968	validation_0-AUC[PR]:0.837375
[18:02:21] src/tree/updater_prune.cc:74: tree pruning end, 1 roots, 8064 extra nodes, 0 pruned nodes, max_depth=100
[379]	validation_0-rmse:9.97048	validation_0-AUC[PR]:0.838517
[18:02:34] src/tree/updater_prune.cc:74: tree pruning end, 1 roots, 8306 extra nodes, 0 pruned nodes, max_depth=100
[380]	validation_0-rmse:9.971	validation_0-AUC[PR]:0.839133
[18:02:46] src/tree/updater_prune.cc:74: tree pruning end, 1 roots, 8428 extra nodes, 0 pruned nodes, max_depth=100
[381]	validation_0-rmse:9.97162	validation_0-AUC[PR]:0.838106
[18:02:58] src/tree/updater_prune.cc:74: tree pruning end, 1 roots, 8828 extra nodes, 0 pruned nodes, max_depth=100
[382]	validation_0-rmse:9.97156	validation_0-AUC[PR]:0.837443
[18:03:11] src/tree/updater_prune.cc:74: tree pruning end, 1 roots, 8664 extra nodes, 0 pruned nodes, max_depth=100
[383]	validation_0-rmse:9.97268	validation_0-AUC[PR]:0.837181
[18:03:23] src/tree/updater_prune.cc:74: tree pruning end, 1 roots, 8956 extra nodes, 0 pruned nodes, max_depth=100
[384]	validation_0-rmse:9.97243	validation_0-AUC[PR]:0.838
[18:03:35] src/tree/updater_prune.cc:74: tree pruning end, 1 roots, 8616 extra nodes, 0 pruned nodes, max_depth=100
[385]	validation_0-rmse:9.97265	validation_0-AUC[PR]:0.838043
[18:03:48] src/tree/updater_prune.cc:74: tree pruning end, 1 roots, 8324 extra nodes, 0 pruned nodes, max_depth=100
[386]	validation_0-rmse:9.97328	validation_0-AUC[PR]:0.839151
[18:04:01] src/tree/updater_prune.cc:74: tree pruning end, 1 roots, 8408 extra nodes, 0 pruned nodes, max_depth=100
[387]	validation_0-rmse:9.97376	validation_0-AUC[PR]:0.838006
[18:04:13] src/tree/updater_prune.cc:74: tree pruning end, 1 roots, 9114 extra nodes, 0 pruned nodes, max_depth=100
[388]	validation_0-rmse:9.97481	validation_0-AUC[PR]:0.837517
[18:04:24] src/tree/updater_prune.cc:74: tree pruning end, 1 roots, 8668 extra nodes, 0 pruned nodes, max_depth=100
[389]	validation_0-rmse:9.97533	validation_0-AUC[PR]:0.837064
[18:04:39] src/tree/updater_prune.cc:74: tree pruning end, 1 roots, 8294 extra nodes, 0 pruned nodes, max_depth=100
[390]	validation_0-rmse:9.97609	validation_0-AUC[PR]:0.838071
[18:04:51] src/tree/updater_prune.cc:74: tree pruning end, 1 roots, 8416 extra nodes, 0 pruned nodes, max_depth=100
[391]	validation_0-rmse:9.97598	validation_0-AUC[PR]:0.83785
[18:05:03] src/tree/updater_prune.cc:74: tree pruning end, 1 roots, 8490 extra nodes, 0 pruned nodes, max_depth=100
[392]	validation_0-rmse:9.9768	validation_0-AUC[PR]:0.838644
[18:05:16] src/tree/updater_prune.cc:74: tree pruning end, 1 roots, 8468 extra nodes, 0 pruned nodes, max_depth=100
[393]	validation_0-rmse:9.97759	validation_0-AUC[PR]:0.838632
[18:05:28] src/tree/updater_prune.cc:74: tree pruning end, 1 roots, 8572 extra nodes, 0 pruned nodes, max_depth=100
[394]	validation_0-rmse:9.97906	validation_0-AUC[PR]:0.838371
[18:05:40] src/tree/updater_prune.cc:74: tree pruning end, 1 roots, 8578 extra nodes, 0 pruned nodes, max_depth=100
[395]	validation_0-rmse:9.97907	validation_0-AUC[PR]:0.838793
[18:05:53] src/tree/updater_prune.cc:74: tree pruning end, 1 roots, 8264 extra nodes, 0 pruned nodes, max_depth=100
[396]	validation_0-rmse:9.97894	validation_0-AUC[PR]:0.840572
[18:06:04] src/tree/updater_prune.cc:74: tree pruning end, 1 roots, 8640 extra nodes, 0 pruned nodes, max_depth=100
[397]	validation_0-rmse:9.97953	validation_0-AUC[PR]:0.840302
[18:06:17] src/tree/updater_prune.cc:74: tree pruning end, 1 roots, 8738 extra nodes, 0 pruned nodes, max_depth=100
[398]	validation_0-rmse:9.98038	validation_0-AUC[PR]:0.842132
[18:06:30] src/tree/updater_prune.cc:74: tree pruning end, 1 roots, 8656 extra nodes, 0 pruned nodes, max_depth=100
[399]	validation_0-rmse:9.98087	validation_0-AUC[PR]:0.840394
[18:06:42] src/tree/updater_prune.cc:74: tree pruning end, 1 roots, 8644 extra nodes, 0 pruned nodes, max_depth=100
[400]	validation_0-rmse:9.97966	validation_0-AUC[PR]:0.840508
[18:06:55] src/tree/updater_prune.cc:74: tree pruning end, 1 roots, 8518 extra nodes, 0 pruned nodes, max_depth=100
[401]	validation_0-rmse:9.98001	validation_0-AUC[PR]:0.840418
[18:07:08] src/tree/updater_prune.cc:74: tree pruning end, 1 roots, 8568 extra nodes, 0 pruned nodes, max_depth=100
[402]	validation_0-rmse:9.97945	validation_0-AUC[PR]:0.83922
[18:07:20] src/tree/updater_prune.cc:74: tree pruning end, 1 roots, 8438 extra nodes, 0 pruned nodes, max_depth=100
[403]	validation_0-rmse:9.97978	validation_0-AUC[PR]:0.840441
[18:07:32] src/tree/updater_prune.cc:74: tree pruning end, 1 roots, 8668 extra nodes, 0 pruned nodes, max_depth=100
[404]	validation_0-rmse:9.98135	validation_0-AUC[PR]:0.84088
[18:07:44] src/tree/updater_prune.cc:74: tree pruning end, 1 roots, 8572 extra nodes, 0 pruned nodes, max_depth=100
[405]	validation_0-rmse:9.982	validation_0-AUC[PR]:0.840987
[18:07:56] src/tree/updater_prune.cc:74: tree pruning end, 1 roots, 8226 extra nodes, 0 pruned nodes, max_depth=100
[406]	validation_0-rmse:9.98211	validation_0-AUC[PR]:0.840798
[18:08:08] src/tree/updater_prune.cc:74: tree pruning end, 1 roots, 8586 extra nodes, 0 pruned nodes, max_depth=100
[407]	validation_0-rmse:9.98278	validation_0-AUC[PR]:0.840922
[18:08:21] src/tree/updater_prune.cc:74: tree pruning end, 1 roots, 8218 extra nodes, 0 pruned nodes, max_depth=100
[408]	validation_0-rmse:9.98272	validation_0-AUC[PR]:0.840717
[18:08:33] src/tree/updater_prune.cc:74: tree pruning end, 1 roots, 9084 extra nodes, 0 pruned nodes, max_depth=100
[409]	validation_0-rmse:9.98251	validation_0-AUC[PR]:0.84053
[18:08:45] src/tree/updater_prune.cc:74: tree pruning end, 1 roots, 8406 extra nodes, 0 pruned nodes, max_depth=100
[410]	validation_0-rmse:9.98342	validation_0-AUC[PR]:0.840133
[18:08:57] src/tree/updater_prune.cc:74: tree pruning end, 1 roots, 8632 extra nodes, 0 pruned nodes, max_depth=100
[411]	validation_0-rmse:9.98406	validation_0-AUC[PR]:0.840177
[18:09:09] src/tree/updater_prune.cc:74: tree pruning end, 1 roots, 8740 extra nodes, 0 pruned nodes, max_depth=100
[412]	validation_0-rmse:9.98388	validation_0-AUC[PR]:0.840293
[18:09:21] src/tree/updater_prune.cc:74: tree pruning end, 1 roots, 8434 extra nodes, 0 pruned nodes, max_depth=100
[413]	validation_0-rmse:9.98375	validation_0-AUC[PR]:0.840152
[18:09:33] src/tree/updater_prune.cc:74: tree pruning end, 1 roots, 8548 extra nodes, 0 pruned nodes, max_depth=100
[414]	validation_0-rmse:9.98455	validation_0-AUC[PR]:0.840054
[18:09:45] src/tree/updater_prune.cc:74: tree pruning end, 1 roots, 8672 extra nodes, 0 pruned nodes, max_depth=100
[415]	validation_0-rmse:9.98498	validation_0-AUC[PR]:0.840396
[18:09:57] src/tree/updater_prune.cc:74: tree pruning end, 1 roots, 8392 extra nodes, 0 pruned nodes, max_depth=100
[416]	validation_0-rmse:9.98554	validation_0-AUC[PR]:0.839876
[18:10:10] src/tree/updater_prune.cc:74: tree pruning end, 1 roots, 8312 extra nodes, 0 pruned nodes, max_depth=100
[417]	validation_0-rmse:9.98607	validation_0-AUC[PR]:0.839272
[18:10:22] src/tree/updater_prune.cc:74: tree pruning end, 1 roots, 8516 extra nodes, 0 pruned nodes, max_depth=100
[418]	validation_0-rmse:9.98639	validation_0-AUC[PR]:0.839332
[18:10:35] src/tree/updater_prune.cc:74: tree pruning end, 1 roots, 8724 extra nodes, 0 pruned nodes, max_depth=100
[419]	validation_0-rmse:9.98829	validation_0-AUC[PR]:0.839417
[18:10:47] src/tree/updater_prune.cc:74: tree pruning end, 1 roots, 8402 extra nodes, 0 pruned nodes, max_depth=100
[420]	validation_0-rmse:9.98856	validation_0-AUC[PR]:0.840233
[18:11:00] src/tree/updater_prune.cc:74: tree pruning end, 1 roots, 8172 extra nodes, 0 pruned nodes, max_depth=100
[421]	validation_0-rmse:9.98826	validation_0-AUC[PR]:0.840462
[18:11:12] src/tree/updater_prune.cc:74: tree pruning end, 1 roots, 8208 extra nodes, 0 pruned nodes, max_depth=100
[422]	validation_0-rmse:9.98834	validation_0-AUC[PR]:0.840145
[18:11:25] src/tree/updater_prune.cc:74: tree pruning end, 1 roots, 8438 extra nodes, 0 pruned nodes, max_depth=100
[423]	validation_0-rmse:9.98831	validation_0-AUC[PR]:0.840419
[18:11:37] src/tree/updater_prune.cc:74: tree pruning end, 1 roots, 8320 extra nodes, 0 pruned nodes, max_depth=100
[424]	validation_0-rmse:9.98932	validation_0-AUC[PR]:0.840536
[18:11:50] src/tree/updater_prune.cc:74: tree pruning end, 1 roots, 8644 extra nodes, 0 pruned nodes, max_depth=100
[425]	validation_0-rmse:9.99066	validation_0-AUC[PR]:0.840457
[18:12:03] src/tree/updater_prune.cc:74: tree pruning end, 1 roots, 8114 extra nodes, 0 pruned nodes, max_depth=100
[426]	validation_0-rmse:9.99041	validation_0-AUC[PR]:0.840577
[18:12:15] src/tree/updater_prune.cc:74: tree pruning end, 1 roots, 8500 extra nodes, 0 pruned nodes, max_depth=100
[427]	validation_0-rmse:9.99075	validation_0-AUC[PR]:0.840351
[18:12:27] src/tree/updater_prune.cc:74: tree pruning end, 1 roots, 8718 extra nodes, 0 pruned nodes, max_depth=100
[428]	validation_0-rmse:9.99156	validation_0-AUC[PR]:0.840231
[18:12:39] src/tree/updater_prune.cc:74: tree pruning end, 1 roots, 8606 extra nodes, 0 pruned nodes, max_depth=100
[429]	validation_0-rmse:9.99225	validation_0-AUC[PR]:0.840127
[18:12:52] src/tree/updater_prune.cc:74: tree pruning end, 1 roots, 7902 extra nodes, 0 pruned nodes, max_depth=100
[430]	validation_0-rmse:9.99254	validation_0-AUC[PR]:0.84047
[18:13:04] src/tree/updater_prune.cc:74: tree pruning end, 1 roots, 8508 extra nodes, 0 pruned nodes, max_depth=100
[431]	validation_0-rmse:9.99329	validation_0-AUC[PR]:0.840257
[18:13:18] src/tree/updater_prune.cc:74: tree pruning end, 1 roots, 8602 extra nodes, 0 pruned nodes, max_depth=100
[432]	validation_0-rmse:9.99373	validation_0-AUC[PR]:0.839509
[18:13:29] src/tree/updater_prune.cc:74: tree pruning end, 1 roots, 8900 extra nodes, 0 pruned nodes, max_depth=100
[433]	validation_0-rmse:9.99474	validation_0-AUC[PR]:0.840112
[18:13:42] src/tree/updater_prune.cc:74: tree pruning end, 1 roots, 8578 extra nodes, 0 pruned nodes, max_depth=100
[434]	validation_0-rmse:9.99487	validation_0-AUC[PR]:0.840203
[18:13:55] src/tree/updater_prune.cc:74: tree pruning end, 1 roots, 8624 extra nodes, 0 pruned nodes, max_depth=100
[435]	validation_0-rmse:9.99512	validation_0-AUC[PR]:0.839524
[18:14:07] src/tree/updater_prune.cc:74: tree pruning end, 1 roots, 8852 extra nodes, 0 pruned nodes, max_depth=100
[436]	validation_0-rmse:9.99514	validation_0-AUC[PR]:0.840387
[18:14:19] src/tree/updater_prune.cc:74: tree pruning end, 1 roots, 8134 extra nodes, 0 pruned nodes, max_depth=100
[437]	validation_0-rmse:9.99556	validation_0-AUC[PR]:0.840632
[18:14:32] src/tree/updater_prune.cc:74: tree pruning end, 1 roots, 8450 extra nodes, 0 pruned nodes, max_depth=100
[438]	validation_0-rmse:9.99584	validation_0-AUC[PR]:0.839969
[18:14:44] src/tree/updater_prune.cc:74: tree pruning end, 1 roots, 7592 extra nodes, 0 pruned nodes, max_depth=100
[439]	validation_0-rmse:9.99582	validation_0-AUC[PR]:0.840261
[18:14:56] src/tree/updater_prune.cc:74: tree pruning end, 1 roots, 8458 extra nodes, 0 pruned nodes, max_depth=100
[440]	validation_0-rmse:9.99602	validation_0-AUC[PR]:0.840278
[18:15:09] src/tree/updater_prune.cc:74: tree pruning end, 1 roots, 8188 extra nodes, 0 pruned nodes, max_depth=100
[441]	validation_0-rmse:9.99502	validation_0-AUC[PR]:0.840339
[18:15:21] src/tree/updater_prune.cc:74: tree pruning end, 1 roots, 8690 extra nodes, 0 pruned nodes, max_depth=100
[442]	validation_0-rmse:9.99605	validation_0-AUC[PR]:0.840462
[18:15:33] src/tree/updater_prune.cc:74: tree pruning end, 1 roots, 8960 extra nodes, 0 pruned nodes, max_depth=100
[443]	validation_0-rmse:9.99655	validation_0-AUC[PR]:0.840325
[18:15:45] src/tree/updater_prune.cc:74: tree pruning end, 1 roots, 8060 extra nodes, 0 pruned nodes, max_depth=100
[444]	validation_0-rmse:9.99657	validation_0-AUC[PR]:0.840438
[18:15:57] src/tree/updater_prune.cc:74: tree pruning end, 1 roots, 7954 extra nodes, 0 pruned nodes, max_depth=100
[445]	validation_0-rmse:9.99686	validation_0-AUC[PR]:0.839875
[18:16:10] src/tree/updater_prune.cc:74: tree pruning end, 1 roots, 7984 extra nodes, 0 pruned nodes, max_depth=100
[446]	validation_0-rmse:9.99669	validation_0-AUC[PR]:0.839584
[18:16:22] src/tree/updater_prune.cc:74: tree pruning end, 1 roots, 7996 extra nodes, 0 pruned nodes, max_depth=100
[447]	validation_0-rmse:9.9969	validation_0-AUC[PR]:0.839855
[18:16:35] src/tree/updater_prune.cc:74: tree pruning end, 1 roots, 8744 extra nodes, 0 pruned nodes, max_depth=100
[448]	validation_0-rmse:9.99646	validation_0-AUC[PR]:0.839677
[18:16:47] src/tree/updater_prune.cc:74: tree pruning end, 1 roots, 7898 extra nodes, 0 pruned nodes, max_depth=100
[449]	validation_0-rmse:9.99737	validation_0-AUC[PR]:0.839085
[18:17:00] src/tree/updater_prune.cc:74: tree pruning end, 1 roots, 8432 extra nodes, 0 pruned nodes, max_depth=100
[450]	validation_0-rmse:9.99758	validation_0-AUC[PR]:0.839078
[18:17:12] src/tree/updater_prune.cc:74: tree pruning end, 1 roots, 8430 extra nodes, 0 pruned nodes, max_depth=100
[451]	validation_0-rmse:9.99734	validation_0-AUC[PR]:0.838996
[18:17:25] src/tree/updater_prune.cc:74: tree pruning end, 1 roots, 8368 extra nodes, 0 pruned nodes, max_depth=100
[452]	validation_0-rmse:9.9971	validation_0-AUC[PR]:0.839059
[18:17:37] src/tree/updater_prune.cc:74: tree pruning end, 1 roots, 8434 extra nodes, 0 pruned nodes, max_depth=100
[453]	validation_0-rmse:9.99743	validation_0-AUC[PR]:0.839378
[18:17:49] src/tree/updater_prune.cc:74: tree pruning end, 1 roots, 8522 extra nodes, 0 pruned nodes, max_depth=100
[454]	validation_0-rmse:9.99816	validation_0-AUC[PR]:0.839481
[18:18:02] src/tree/updater_prune.cc:74: tree pruning end, 1 roots, 8436 extra nodes, 0 pruned nodes, max_depth=100
[455]	validation_0-rmse:9.99842	validation_0-AUC[PR]:0.839519
[18:18:14] src/tree/updater_prune.cc:74: tree pruning end, 1 roots, 8380 extra nodes, 0 pruned nodes, max_depth=100
[456]	validation_0-rmse:9.99847	validation_0-AUC[PR]:0.839186
[18:18:26] src/tree/updater_prune.cc:74: tree pruning end, 1 roots, 8984 extra nodes, 0 pruned nodes, max_depth=100
[457]	validation_0-rmse:9.99919	validation_0-AUC[PR]:0.838782
[18:18:38] src/tree/updater_prune.cc:74: tree pruning end, 1 roots, 8584 extra nodes, 0 pruned nodes, max_depth=100
[458]	validation_0-rmse:9.99993	validation_0-AUC[PR]:0.838827
[18:18:50] src/tree/updater_prune.cc:74: tree pruning end, 1 roots, 8678 extra nodes, 0 pruned nodes, max_depth=100
[459]	validation_0-rmse:9.9995	validation_0-AUC[PR]:0.839126
[18:19:03] src/tree/updater_prune.cc:74: tree pruning end, 1 roots, 7860 extra nodes, 0 pruned nodes, max_depth=100
[460]	validation_0-rmse:9.99956	validation_0-AUC[PR]:0.838973
[18:19:15] src/tree/updater_prune.cc:74: tree pruning end, 1 roots, 8470 extra nodes, 0 pruned nodes, max_depth=100
[461]	validation_0-rmse:9.99987	validation_0-AUC[PR]:0.839145
[18:19:27] src/tree/updater_prune.cc:74: tree pruning end, 1 roots, 8462 extra nodes, 0 pruned nodes, max_depth=100
[462]	validation_0-rmse:10.0001	validation_0-AUC[PR]:0.838909
[18:19:40] src/tree/updater_prune.cc:74: tree pruning end, 1 roots, 7734 extra nodes, 0 pruned nodes, max_depth=100
[463]	validation_0-rmse:10.001	validation_0-AUC[PR]:0.839479
[18:19:53] src/tree/updater_prune.cc:74: tree pruning end, 1 roots, 8218 extra nodes, 0 pruned nodes, max_depth=100
[464]	validation_0-rmse:10.0019	validation_0-AUC[PR]:0.839351
[18:20:06] src/tree/updater_prune.cc:74: tree pruning end, 1 roots, 8160 extra nodes, 0 pruned nodes, max_depth=100
[465]	validation_0-rmse:10.003	validation_0-AUC[PR]:0.839239
[18:20:18] src/tree/updater_prune.cc:74: tree pruning end, 1 roots, 8312 extra nodes, 0 pruned nodes, max_depth=100
[466]	validation_0-rmse:10.0033	validation_0-AUC[PR]:0.839256
[18:20:31] src/tree/updater_prune.cc:74: tree pruning end, 1 roots, 8374 extra nodes, 0 pruned nodes, max_depth=100
[467]	validation_0-rmse:10.0036	validation_0-AUC[PR]:0.839448
[18:20:44] src/tree/updater_prune.cc:74: tree pruning end, 1 roots, 8498 extra nodes, 0 pruned nodes, max_depth=100
[468]	validation_0-rmse:10.0049	validation_0-AUC[PR]:0.839573
[18:20:56] src/tree/updater_prune.cc:74: tree pruning end, 1 roots, 8824 extra nodes, 0 pruned nodes, max_depth=100
[469]	validation_0-rmse:10.0055	validation_0-AUC[PR]:0.839624
[18:21:09] src/tree/updater_prune.cc:74: tree pruning end, 1 roots, 8660 extra nodes, 0 pruned nodes, max_depth=100
[470]	validation_0-rmse:10.006	validation_0-AUC[PR]:0.839715
[18:21:22] src/tree/updater_prune.cc:74: tree pruning end, 1 roots, 8112 extra nodes, 0 pruned nodes, max_depth=100
[471]	validation_0-rmse:10.0067	validation_0-AUC[PR]:0.839985
[18:21:34] src/tree/updater_prune.cc:74: tree pruning end, 1 roots, 8674 extra nodes, 0 pruned nodes, max_depth=100
[472]	validation_0-rmse:10.0072	validation_0-AUC[PR]:0.839903
[18:21:47] src/tree/updater_prune.cc:74: tree pruning end, 1 roots, 8138 extra nodes, 0 pruned nodes, max_depth=100
[473]	validation_0-rmse:10.0072	validation_0-AUC[PR]:0.839633
[18:22:00] src/tree/updater_prune.cc:74: tree pruning end, 1 roots, 8624 extra nodes, 0 pruned nodes, max_depth=100
[474]	validation_0-rmse:10.0073	validation_0-AUC[PR]:0.84021
[18:22:13] src/tree/updater_prune.cc:74: tree pruning end, 1 roots, 8498 extra nodes, 0 pruned nodes, max_depth=100
[475]	validation_0-rmse:10.0073	validation_0-AUC[PR]:0.840696
[18:22:26] src/tree/updater_prune.cc:74: tree pruning end, 1 roots, 8122 extra nodes, 0 pruned nodes, max_depth=100
[476]	validation_0-rmse:10.0073	validation_0-AUC[PR]:0.839666
[18:22:39] src/tree/updater_prune.cc:74: tree pruning end, 1 roots, 8338 extra nodes, 0 pruned nodes, max_depth=100
[477]	validation_0-rmse:10.0083	validation_0-AUC[PR]:0.839559
[18:22:51] src/tree/updater_prune.cc:74: tree pruning end, 1 roots, 8042 extra nodes, 0 pruned nodes, max_depth=100
[478]	validation_0-rmse:10.0079	validation_0-AUC[PR]:0.839895
[18:23:04] src/tree/updater_prune.cc:74: tree pruning end, 1 roots, 8270 extra nodes, 0 pruned nodes, max_depth=100
[479]	validation_0-rmse:10.0087	validation_0-AUC[PR]:0.839603
[18:23:17] src/tree/updater_prune.cc:74: tree pruning end, 1 roots, 7726 extra nodes, 0 pruned nodes, max_depth=100
[480]	validation_0-rmse:10.0091	validation_0-AUC[PR]:0.839559
[18:23:28] src/tree/updater_prune.cc:74: tree pruning end, 1 roots, 8736 extra nodes, 0 pruned nodes, max_depth=100
[481]	validation_0-rmse:10.0097	validation_0-AUC[PR]:0.839506
[18:23:41] src/tree/updater_prune.cc:74: tree pruning end, 1 roots, 8738 extra nodes, 0 pruned nodes, max_depth=100
[482]	validation_0-rmse:10.0092	validation_0-AUC[PR]:0.839837
[18:23:53] src/tree/updater_prune.cc:74: tree pruning end, 1 roots, 8648 extra nodes, 0 pruned nodes, max_depth=100
[483]	validation_0-rmse:10.01	validation_0-AUC[PR]:0.839706
[18:24:05] src/tree/updater_prune.cc:74: tree pruning end, 1 roots, 8774 extra nodes, 0 pruned nodes, max_depth=100
[484]	validation_0-rmse:10.0105	validation_0-AUC[PR]:0.839778
[18:24:17] src/tree/updater_prune.cc:74: tree pruning end, 1 roots, 8592 extra nodes, 0 pruned nodes, max_depth=100
[485]	validation_0-rmse:10.0109	validation_0-AUC[PR]:0.839323
[18:24:28] src/tree/updater_prune.cc:74: tree pruning end, 1 roots, 8694 extra nodes, 0 pruned nodes, max_depth=100
[486]	validation_0-rmse:10.0108	validation_0-AUC[PR]:0.839325
[18:24:40] src/tree/updater_prune.cc:74: tree pruning end, 1 roots, 8686 extra nodes, 0 pruned nodes, max_depth=100
[487]	validation_0-rmse:10.0118	validation_0-AUC[PR]:0.839507
[18:24:52] src/tree/updater_prune.cc:74: tree pruning end, 1 roots, 8386 extra nodes, 0 pruned nodes, max_depth=100
[488]	validation_0-rmse:10.0118	validation_0-AUC[PR]:0.839484
[18:25:05] src/tree/updater_prune.cc:74: tree pruning end, 1 roots, 8278 extra nodes, 0 pruned nodes, max_depth=100
[489]	validation_0-rmse:10.0118	validation_0-AUC[PR]:0.839363
[18:25:18] src/tree/updater_prune.cc:74: tree pruning end, 1 roots, 8334 extra nodes, 0 pruned nodes, max_depth=100
[490]	validation_0-rmse:10.0122	validation_0-AUC[PR]:0.839443
[18:25:31] src/tree/updater_prune.cc:74: tree pruning end, 1 roots, 8528 extra nodes, 0 pruned nodes, max_depth=100
[491]	validation_0-rmse:10.012	validation_0-AUC[PR]:0.839626
[18:25:44] src/tree/updater_prune.cc:74: tree pruning end, 1 roots, 7824 extra nodes, 0 pruned nodes, max_depth=100
[492]	validation_0-rmse:10.013	validation_0-AUC[PR]:0.839239
[18:25:57] src/tree/updater_prune.cc:74: tree pruning end, 1 roots, 8204 extra nodes, 0 pruned nodes, max_depth=100
[493]	validation_0-rmse:10.0133	validation_0-AUC[PR]:0.839057
[18:26:09] src/tree/updater_prune.cc:74: tree pruning end, 1 roots, 8286 extra nodes, 0 pruned nodes, max_depth=100
[494]	validation_0-rmse:10.0133	validation_0-AUC[PR]:0.839485
[18:26:21] src/tree/updater_prune.cc:74: tree pruning end, 1 roots, 8776 extra nodes, 0 pruned nodes, max_depth=100
[495]	validation_0-rmse:10.0126	validation_0-AUC[PR]:0.839299
[18:26:34] src/tree/updater_prune.cc:74: tree pruning end, 1 roots, 8486 extra nodes, 0 pruned nodes, max_depth=100
[496]	validation_0-rmse:10.0131	validation_0-AUC[PR]:0.839659
[18:26:47] src/tree/updater_prune.cc:74: tree pruning end, 1 roots, 8214 extra nodes, 0 pruned nodes, max_depth=100
[497]	validation_0-rmse:10.0136	validation_0-AUC[PR]:0.839869
[18:26:59] src/tree/updater_prune.cc:74: tree pruning end, 1 roots, 8820 extra nodes, 0 pruned nodes, max_depth=100
[498]	validation_0-rmse:10.0136	validation_0-AUC[PR]:0.839879
[18:27:12] src/tree/updater_prune.cc:74: tree pruning end, 1 roots, 8604 extra nodes, 0 pruned nodes, max_depth=100
[499]	validation_0-rmse:10.0136	validation_0-AUC[PR]:0.839582
[18:27:24] src/tree/updater_prune.cc:74: tree pruning end, 1 roots, 8326 extra nodes, 0 pruned nodes, max_depth=100
[500]	validation_0-rmse:10.0137	validation_0-AUC[PR]:0.839819
[18:27:36] src/tree/updater_prune.cc:74: tree pruning end, 1 roots, 8710 extra nodes, 0 pruned nodes, max_depth=100
[501]	validation_0-rmse:10.0144	validation_0-AUC[PR]:0.839779
[18:27:48] src/tree/updater_prune.cc:74: tree pruning end, 1 roots, 8518 extra nodes, 0 pruned nodes, max_depth=100
[502]	validation_0-rmse:10.0145	validation_0-AUC[PR]:0.840063
[18:28:01] src/tree/updater_prune.cc:74: tree pruning end, 1 roots, 7842 extra nodes, 0 pruned nodes, max_depth=100
[503]	validation_0-rmse:10.0147	validation_0-AUC[PR]:0.83998
[18:28:13] src/tree/updater_prune.cc:74: tree pruning end, 1 roots, 8402 extra nodes, 0 pruned nodes, max_depth=100
[504]	validation_0-rmse:10.0148	validation_0-AUC[PR]:0.840188
[18:28:25] src/tree/updater_prune.cc:74: tree pruning end, 1 roots, 8422 extra nodes, 0 pruned nodes, max_depth=100
[505]	validation_0-rmse:10.0156	validation_0-AUC[PR]:0.840051
[18:28:39] src/tree/updater_prune.cc:74: tree pruning end, 1 roots, 8528 extra nodes, 0 pruned nodes, max_depth=100
[506]	validation_0-rmse:10.0161	validation_0-AUC[PR]:0.840187
[18:28:51] src/tree/updater_prune.cc:74: tree pruning end, 1 roots, 8244 extra nodes, 0 pruned nodes, max_depth=100
[507]	validation_0-rmse:10.0163	validation_0-AUC[PR]:0.839864
[18:29:04] src/tree/updater_prune.cc:74: tree pruning end, 1 roots, 8490 extra nodes, 0 pruned nodes, max_depth=100
[508]	validation_0-rmse:10.0165	validation_0-AUC[PR]:0.839995
[18:29:16] src/tree/updater_prune.cc:74: tree pruning end, 1 roots, 8746 extra nodes, 0 pruned nodes, max_depth=100
[509]	validation_0-rmse:10.0163	validation_0-AUC[PR]:0.839886
[18:29:28] src/tree/updater_prune.cc:74: tree pruning end, 1 roots, 7766 extra nodes, 0 pruned nodes, max_depth=100
[510]	validation_0-rmse:10.0162	validation_0-AUC[PR]:0.84003
[18:29:41] src/tree/updater_prune.cc:74: tree pruning end, 1 roots, 8016 extra nodes, 0 pruned nodes, max_depth=100
[511]	validation_0-rmse:10.0165	validation_0-AUC[PR]:0.83998
[18:29:53] src/tree/updater_prune.cc:74: tree pruning end, 1 roots, 8192 extra nodes, 0 pruned nodes, max_depth=100
[512]	validation_0-rmse:10.0173	validation_0-AUC[PR]:0.839857
[18:30:06] src/tree/updater_prune.cc:74: tree pruning end, 1 roots, 8154 extra nodes, 0 pruned nodes, max_depth=100
[513]	validation_0-rmse:10.0175	validation_0-AUC[PR]:0.840343
[18:30:18] src/tree/updater_prune.cc:74: tree pruning end, 1 roots, 8450 extra nodes, 0 pruned nodes, max_depth=100
[514]	validation_0-rmse:10.0181	validation_0-AUC[PR]:0.840048
[18:30:30] src/tree/updater_prune.cc:74: tree pruning end, 1 roots, 8810 extra nodes, 0 pruned nodes, max_depth=100
[515]	validation_0-rmse:10.0192	validation_0-AUC[PR]:0.839519
[18:30:42] src/tree/updater_prune.cc:74: tree pruning end, 1 roots, 8428 extra nodes, 0 pruned nodes, max_depth=100
[516]	validation_0-rmse:10.0195	validation_0-AUC[PR]:0.839501
[18:30:55] src/tree/updater_prune.cc:74: tree pruning end, 1 roots, 8428 extra nodes, 0 pruned nodes, max_depth=100
[517]	validation_0-rmse:10.0191	validation_0-AUC[PR]:0.840063
[18:31:09] src/tree/updater_prune.cc:74: tree pruning end, 1 roots, 8074 extra nodes, 0 pruned nodes, max_depth=100
[518]	validation_0-rmse:10.0196	validation_0-AUC[PR]:0.839958
[18:31:22] src/tree/updater_prune.cc:74: tree pruning end, 1 roots, 7932 extra nodes, 0 pruned nodes, max_depth=100
[519]	validation_0-rmse:10.0207	validation_0-AUC[PR]:0.839983
[18:31:34] src/tree/updater_prune.cc:74: tree pruning end, 1 roots, 8674 extra nodes, 0 pruned nodes, max_depth=100
[520]	validation_0-rmse:10.0206	validation_0-AUC[PR]:0.839785
[18:31:47] src/tree/updater_prune.cc:74: tree pruning end, 1 roots, 8640 extra nodes, 0 pruned nodes, max_depth=100
[521]	validation_0-rmse:10.0211	validation_0-AUC[PR]:0.839468
[18:32:00] src/tree/updater_prune.cc:74: tree pruning end, 1 roots, 8024 extra nodes, 0 pruned nodes, max_depth=100
[522]	validation_0-rmse:10.0214	validation_0-AUC[PR]:0.840056
[18:32:13] src/tree/updater_prune.cc:74: tree pruning end, 1 roots, 7848 extra nodes, 0 pruned nodes, max_depth=100
[523]	validation_0-rmse:10.0212	validation_0-AUC[PR]:0.840052
[18:32:26] src/tree/updater_prune.cc:74: tree pruning end, 1 roots, 8186 extra nodes, 0 pruned nodes, max_depth=100
[524]	validation_0-rmse:10.0218	validation_0-AUC[PR]:0.840041
[18:32:39] src/tree/updater_prune.cc:74: tree pruning end, 1 roots, 8270 extra nodes, 0 pruned nodes, max_depth=100
[525]	validation_0-rmse:10.0219	validation_0-AUC[PR]:0.840001
[18:32:51] src/tree/updater_prune.cc:74: tree pruning end, 1 roots, 8354 extra nodes, 0 pruned nodes, max_depth=100
[526]	validation_0-rmse:10.0213	validation_0-AUC[PR]:0.840089
[18:33:04] src/tree/updater_prune.cc:74: tree pruning end, 1 roots, 7944 extra nodes, 0 pruned nodes, max_depth=100
[527]	validation_0-rmse:10.0219	validation_0-AUC[PR]:0.840132
[18:33:16] src/tree/updater_prune.cc:74: tree pruning end, 1 roots, 8326 extra nodes, 0 pruned nodes, max_depth=100
[528]	validation_0-rmse:10.0223	validation_0-AUC[PR]:0.840325
[18:33:29] src/tree/updater_prune.cc:74: tree pruning end, 1 roots, 8436 extra nodes, 0 pruned nodes, max_depth=100
[529]	validation_0-rmse:10.0223	validation_0-AUC[PR]:0.840229
[18:33:41] src/tree/updater_prune.cc:74: tree pruning end, 1 roots, 8270 extra nodes, 0 pruned nodes, max_depth=100
[530]	validation_0-rmse:10.0231	validation_0-AUC[PR]:0.840147
[18:33:53] src/tree/updater_prune.cc:74: tree pruning end, 1 roots, 8476 extra nodes, 0 pruned nodes, max_depth=100
[531]	validation_0-rmse:10.0229	validation_0-AUC[PR]:0.84001
[18:34:05] src/tree/updater_prune.cc:74: tree pruning end, 1 roots, 8872 extra nodes, 0 pruned nodes, max_depth=100
[532]	validation_0-rmse:10.0232	validation_0-AUC[PR]:0.839587
[18:34:17] src/tree/updater_prune.cc:74: tree pruning end, 1 roots, 8376 extra nodes, 0 pruned nodes, max_depth=100
[533]	validation_0-rmse:10.0239	validation_0-AUC[PR]:0.839669
[18:34:29] src/tree/updater_prune.cc:74: tree pruning end, 1 roots, 8144 extra nodes, 0 pruned nodes, max_depth=100
[534]	validation_0-rmse:10.0244	validation_0-AUC[PR]:0.839835
[18:34:41] src/tree/updater_prune.cc:74: tree pruning end, 1 roots, 8268 extra nodes, 0 pruned nodes, max_depth=100
[535]	validation_0-rmse:10.0246	validation_0-AUC[PR]:0.839762
[18:34:53] src/tree/updater_prune.cc:74: tree pruning end, 1 roots, 8112 extra nodes, 0 pruned nodes, max_depth=100
[536]	validation_0-rmse:10.0248	validation_0-AUC[PR]:0.839729
[18:35:05] src/tree/updater_prune.cc:74: tree pruning end, 1 roots, 8592 extra nodes, 0 pruned nodes, max_depth=100
[537]	validation_0-rmse:10.0252	validation_0-AUC[PR]:0.840114
[18:35:17] src/tree/updater_prune.cc:74: tree pruning end, 1 roots, 8622 extra nodes, 0 pruned nodes, max_depth=100
[538]	validation_0-rmse:10.0256	validation_0-AUC[PR]:0.83982
[18:35:30] src/tree/updater_prune.cc:74: tree pruning end, 1 roots, 8430 extra nodes, 0 pruned nodes, max_depth=100
[539]	validation_0-rmse:10.0264	validation_0-AUC[PR]:0.839945
[18:35:42] src/tree/updater_prune.cc:74: tree pruning end, 1 roots, 8410 extra nodes, 0 pruned nodes, max_depth=100
[540]	validation_0-rmse:10.0273	validation_0-AUC[PR]:0.839867
[18:35:54] src/tree/updater_prune.cc:74: tree pruning end, 1 roots, 8384 extra nodes, 0 pruned nodes, max_depth=100
[541]	validation_0-rmse:10.027	validation_0-AUC[PR]:0.840109
[18:36:06] src/tree/updater_prune.cc:74: tree pruning end, 1 roots, 8284 extra nodes, 0 pruned nodes, max_depth=100
[542]	validation_0-rmse:10.0266	validation_0-AUC[PR]:0.840221
[18:36:19] src/tree/updater_prune.cc:74: tree pruning end, 1 roots, 8298 extra nodes, 0 pruned nodes, max_depth=100
[543]	validation_0-rmse:10.0269	validation_0-AUC[PR]:0.84031
[18:36:30] src/tree/updater_prune.cc:74: tree pruning end, 1 roots, 8412 extra nodes, 0 pruned nodes, max_depth=100
[544]	validation_0-rmse:10.027	validation_0-AUC[PR]:0.840261
[18:36:43] src/tree/updater_prune.cc:74: tree pruning end, 1 roots, 8112 extra nodes, 0 pruned nodes, max_depth=100
[545]	validation_0-rmse:10.0274	validation_0-AUC[PR]:0.84032
[18:36:55] src/tree/updater_prune.cc:74: tree pruning end, 1 roots, 8098 extra nodes, 0 pruned nodes, max_depth=100
[546]	validation_0-rmse:10.0278	validation_0-AUC[PR]:0.84047
Stopping. Best iteration:
[246]	validation_0-rmse:9.83884	validation_0-AUC[PR]:0.833719

train precision: 0.351748438897
train roc: 0.998352374594
train hit: 331.0 out of 332.0

val precision: 0.166281243803
val roc: 0.914736232583
val hit: 33.0 out of 56.0

test precision: 0.0961089184623
test roc: 0.924154214617
test hit: 28.0 out of 56.0

ratio: 0.02, EF: 29.4642857143,	active: 56.0
ratio: 0.02, NEF: 0.589285714286
ratio: 0.01, EF: 50.0,	active: 56.0
ratio: 0.01, NEF: 0.5
ratio: 0.0015, EF: 142.857142857,	active: 56.0
ratio: 0.0015, NEF: 0.214285714286
ratio: 0.001, EF: 125.0,	active: 56.0
ratio: 0.001, NEF: 0.166666666667

