label_name_list  [u'PriA-SSB AS Activity', u'PriA-SSB AS % inhibition (Primary Median)']
train files  ['../datasets/keck_pria/fold_0.csv' '../datasets/keck_pria/fold_1.csv'
 '../datasets/keck_pria/fold_2.csv' '../datasets/keck_pria/fold_3.csv'
 '../datasets/keck_pria/fold_6.csv' '../datasets/keck_pria/fold_7.csv']
val files  ['../datasets/keck_pria/fold_4.csv']
test files  ['../datasets/keck_pria/fold_5.csv']
done data preparation
[18:39:28] src/tree/updater_prune.cc:74: tree pruning end, 1 roots, 8816 extra nodes, 0 pruned nodes, max_depth=83
[0]	validation_0-rmse:1.71844	validation_0-AUC[PR]:0.965504
Multiple eval metrics have been passed: 'validation_0-AUC[PR]' will be used for early stopping.

Will train until validation_0-AUC[PR] hasn't improved in 300 rounds.
[18:39:38] src/tree/updater_prune.cc:74: tree pruning end, 1 roots, 9048 extra nodes, 0 pruned nodes, max_depth=100
[1]	validation_0-rmse:2.88749	validation_0-AUC[PR]:0.956021
[18:39:47] src/tree/updater_prune.cc:74: tree pruning end, 1 roots, 9240 extra nodes, 0 pruned nodes, max_depth=88
[2]	validation_0-rmse:3.76253	validation_0-AUC[PR]:0.948573
[18:39:57] src/tree/updater_prune.cc:74: tree pruning end, 1 roots, 9118 extra nodes, 0 pruned nodes, max_depth=100
[3]	validation_0-rmse:4.4099	validation_0-AUC[PR]:0.935674
[18:40:07] src/tree/updater_prune.cc:74: tree pruning end, 1 roots, 9226 extra nodes, 0 pruned nodes, max_depth=100
[4]	validation_0-rmse:4.91306	validation_0-AUC[PR]:0.936102
[18:40:18] src/tree/updater_prune.cc:74: tree pruning end, 1 roots, 9284 extra nodes, 0 pruned nodes, max_depth=100
[5]	validation_0-rmse:5.31085	validation_0-AUC[PR]:0.928707
[18:40:28] src/tree/updater_prune.cc:74: tree pruning end, 1 roots, 8918 extra nodes, 0 pruned nodes, max_depth=100
[6]	validation_0-rmse:5.63363	validation_0-AUC[PR]:0.922633
[18:40:39] src/tree/updater_prune.cc:74: tree pruning end, 1 roots, 9370 extra nodes, 0 pruned nodes, max_depth=97
[7]	validation_0-rmse:5.89675	validation_0-AUC[PR]:0.924933
[18:40:50] src/tree/updater_prune.cc:74: tree pruning end, 1 roots, 8808 extra nodes, 0 pruned nodes, max_depth=100
[8]	validation_0-rmse:6.09239	validation_0-AUC[PR]:0.921559
[18:41:02] src/tree/updater_prune.cc:74: tree pruning end, 1 roots, 8830 extra nodes, 0 pruned nodes, max_depth=100
[9]	validation_0-rmse:6.27047	validation_0-AUC[PR]:0.922313
[18:41:13] src/tree/updater_prune.cc:74: tree pruning end, 1 roots, 9182 extra nodes, 0 pruned nodes, max_depth=100
[10]	validation_0-rmse:6.43054	validation_0-AUC[PR]:0.921891
[18:41:25] src/tree/updater_prune.cc:74: tree pruning end, 1 roots, 8732 extra nodes, 0 pruned nodes, max_depth=100
[11]	validation_0-rmse:6.56914	validation_0-AUC[PR]:0.916036
[18:41:37] src/tree/updater_prune.cc:74: tree pruning end, 1 roots, 9018 extra nodes, 0 pruned nodes, max_depth=100
[12]	validation_0-rmse:6.68403	validation_0-AUC[PR]:0.915843
[18:41:48] src/tree/updater_prune.cc:74: tree pruning end, 1 roots, 8962 extra nodes, 0 pruned nodes, max_depth=100
[13]	validation_0-rmse:6.78758	validation_0-AUC[PR]:0.917111
[18:42:00] src/tree/updater_prune.cc:74: tree pruning end, 1 roots, 8784 extra nodes, 0 pruned nodes, max_depth=100
[14]	validation_0-rmse:6.88496	validation_0-AUC[PR]:0.911847
[18:42:12] src/tree/updater_prune.cc:74: tree pruning end, 1 roots, 9254 extra nodes, 0 pruned nodes, max_depth=100
[15]	validation_0-rmse:6.98513	validation_0-AUC[PR]:0.911967
[18:42:23] src/tree/updater_prune.cc:74: tree pruning end, 1 roots, 9030 extra nodes, 0 pruned nodes, max_depth=100
[16]	validation_0-rmse:7.07105	validation_0-AUC[PR]:0.911999
[18:42:35] src/tree/updater_prune.cc:74: tree pruning end, 1 roots, 8364 extra nodes, 0 pruned nodes, max_depth=100
[17]	validation_0-rmse:7.14895	validation_0-AUC[PR]:0.9096
[18:42:46] src/tree/updater_prune.cc:74: tree pruning end, 1 roots, 8716 extra nodes, 0 pruned nodes, max_depth=100
[18]	validation_0-rmse:7.23722	validation_0-AUC[PR]:0.91308
[18:42:58] src/tree/updater_prune.cc:74: tree pruning end, 1 roots, 8350 extra nodes, 0 pruned nodes, max_depth=100
[19]	validation_0-rmse:7.29129	validation_0-AUC[PR]:0.911365
[18:43:10] src/tree/updater_prune.cc:74: tree pruning end, 1 roots, 8478 extra nodes, 0 pruned nodes, max_depth=100
[20]	validation_0-rmse:7.35891	validation_0-AUC[PR]:0.910639
[18:43:22] src/tree/updater_prune.cc:74: tree pruning end, 1 roots, 8314 extra nodes, 0 pruned nodes, max_depth=100
[21]	validation_0-rmse:7.41742	validation_0-AUC[PR]:0.907455
[18:43:33] src/tree/updater_prune.cc:74: tree pruning end, 1 roots, 9276 extra nodes, 0 pruned nodes, max_depth=100
[22]	validation_0-rmse:7.47843	validation_0-AUC[PR]:0.906956
[18:43:45] src/tree/updater_prune.cc:74: tree pruning end, 1 roots, 8606 extra nodes, 0 pruned nodes, max_depth=100
[23]	validation_0-rmse:7.53977	validation_0-AUC[PR]:0.903042
[18:43:58] src/tree/updater_prune.cc:74: tree pruning end, 1 roots, 8766 extra nodes, 0 pruned nodes, max_depth=100
[24]	validation_0-rmse:7.58561	validation_0-AUC[PR]:0.903361
[18:44:10] src/tree/updater_prune.cc:74: tree pruning end, 1 roots, 9076 extra nodes, 0 pruned nodes, max_depth=100
[25]	validation_0-rmse:7.64241	validation_0-AUC[PR]:0.905561
[18:44:22] src/tree/updater_prune.cc:74: tree pruning end, 1 roots, 8124 extra nodes, 0 pruned nodes, max_depth=100
[26]	validation_0-rmse:7.68654	validation_0-AUC[PR]:0.903336
[18:44:34] src/tree/updater_prune.cc:74: tree pruning end, 1 roots, 8510 extra nodes, 0 pruned nodes, max_depth=100
[27]	validation_0-rmse:7.73533	validation_0-AUC[PR]:0.905456
[18:44:46] src/tree/updater_prune.cc:74: tree pruning end, 1 roots, 8468 extra nodes, 0 pruned nodes, max_depth=100
[28]	validation_0-rmse:7.76161	validation_0-AUC[PR]:0.90666
[18:44:58] src/tree/updater_prune.cc:74: tree pruning end, 1 roots, 8880 extra nodes, 0 pruned nodes, max_depth=100
[29]	validation_0-rmse:7.81931	validation_0-AUC[PR]:0.909184
[18:45:10] src/tree/updater_prune.cc:74: tree pruning end, 1 roots, 8656 extra nodes, 0 pruned nodes, max_depth=100
[30]	validation_0-rmse:7.86421	validation_0-AUC[PR]:0.909501
[18:45:21] src/tree/updater_prune.cc:74: tree pruning end, 1 roots, 8806 extra nodes, 0 pruned nodes, max_depth=100
[31]	validation_0-rmse:7.90414	validation_0-AUC[PR]:0.908545
[18:45:33] src/tree/updater_prune.cc:74: tree pruning end, 1 roots, 9000 extra nodes, 0 pruned nodes, max_depth=100
[32]	validation_0-rmse:7.94404	validation_0-AUC[PR]:0.910893
[18:45:44] src/tree/updater_prune.cc:74: tree pruning end, 1 roots, 8456 extra nodes, 0 pruned nodes, max_depth=100
[33]	validation_0-rmse:7.97538	validation_0-AUC[PR]:0.911532
[18:45:56] src/tree/updater_prune.cc:74: tree pruning end, 1 roots, 8636 extra nodes, 0 pruned nodes, max_depth=100
[34]	validation_0-rmse:8.01585	validation_0-AUC[PR]:0.913241
[18:46:07] src/tree/updater_prune.cc:74: tree pruning end, 1 roots, 8970 extra nodes, 0 pruned nodes, max_depth=100
[35]	validation_0-rmse:8.06002	validation_0-AUC[PR]:0.911995
[18:46:19] src/tree/updater_prune.cc:74: tree pruning end, 1 roots, 8814 extra nodes, 0 pruned nodes, max_depth=100
[36]	validation_0-rmse:8.09759	validation_0-AUC[PR]:0.914796
[18:46:30] src/tree/updater_prune.cc:74: tree pruning end, 1 roots, 8720 extra nodes, 0 pruned nodes, max_depth=100
[37]	validation_0-rmse:8.13205	validation_0-AUC[PR]:0.915743
[18:46:42] src/tree/updater_prune.cc:74: tree pruning end, 1 roots, 9144 extra nodes, 0 pruned nodes, max_depth=100
[38]	validation_0-rmse:8.14792	validation_0-AUC[PR]:0.914534
[18:46:54] src/tree/updater_prune.cc:74: tree pruning end, 1 roots, 8236 extra nodes, 0 pruned nodes, max_depth=100
[39]	validation_0-rmse:8.17765	validation_0-AUC[PR]:0.913175
[18:47:06] src/tree/updater_prune.cc:74: tree pruning end, 1 roots, 8984 extra nodes, 0 pruned nodes, max_depth=100
[40]	validation_0-rmse:8.20691	validation_0-AUC[PR]:0.914837
[18:47:18] src/tree/updater_prune.cc:74: tree pruning end, 1 roots, 8482 extra nodes, 0 pruned nodes, max_depth=100
[41]	validation_0-rmse:8.23156	validation_0-AUC[PR]:0.913507
[18:47:29] src/tree/updater_prune.cc:74: tree pruning end, 1 roots, 8632 extra nodes, 0 pruned nodes, max_depth=100
[42]	validation_0-rmse:8.25751	validation_0-AUC[PR]:0.913332
[18:47:41] src/tree/updater_prune.cc:74: tree pruning end, 1 roots, 8870 extra nodes, 0 pruned nodes, max_depth=100
[43]	validation_0-rmse:8.29177	validation_0-AUC[PR]:0.908166
[18:47:52] src/tree/updater_prune.cc:74: tree pruning end, 1 roots, 8926 extra nodes, 0 pruned nodes, max_depth=100
[44]	validation_0-rmse:8.32874	validation_0-AUC[PR]:0.910006
[18:48:05] src/tree/updater_prune.cc:74: tree pruning end, 1 roots, 8264 extra nodes, 0 pruned nodes, max_depth=100
[45]	validation_0-rmse:8.35808	validation_0-AUC[PR]:0.910449
[18:48:17] src/tree/updater_prune.cc:74: tree pruning end, 1 roots, 8050 extra nodes, 0 pruned nodes, max_depth=100
[46]	validation_0-rmse:8.37916	validation_0-AUC[PR]:0.910322
[18:48:29] src/tree/updater_prune.cc:74: tree pruning end, 1 roots, 8944 extra nodes, 0 pruned nodes, max_depth=100
[47]	validation_0-rmse:8.40407	validation_0-AUC[PR]:0.91056
[18:48:41] src/tree/updater_prune.cc:74: tree pruning end, 1 roots, 8586 extra nodes, 0 pruned nodes, max_depth=100
[48]	validation_0-rmse:8.42865	validation_0-AUC[PR]:0.908502
[18:48:52] src/tree/updater_prune.cc:74: tree pruning end, 1 roots, 8928 extra nodes, 0 pruned nodes, max_depth=100
[49]	validation_0-rmse:8.4558	validation_0-AUC[PR]:0.907434
[18:49:04] src/tree/updater_prune.cc:74: tree pruning end, 1 roots, 8792 extra nodes, 0 pruned nodes, max_depth=100
[50]	validation_0-rmse:8.48385	validation_0-AUC[PR]:0.90673
[18:49:15] src/tree/updater_prune.cc:74: tree pruning end, 1 roots, 9060 extra nodes, 0 pruned nodes, max_depth=100
[51]	validation_0-rmse:8.51237	validation_0-AUC[PR]:0.909503
[18:49:27] src/tree/updater_prune.cc:74: tree pruning end, 1 roots, 9088 extra nodes, 0 pruned nodes, max_depth=100
[52]	validation_0-rmse:8.52919	validation_0-AUC[PR]:0.909813
[18:49:39] src/tree/updater_prune.cc:74: tree pruning end, 1 roots, 9126 extra nodes, 0 pruned nodes, max_depth=100
[53]	validation_0-rmse:8.54718	validation_0-AUC[PR]:0.909736
[18:49:51] src/tree/updater_prune.cc:74: tree pruning end, 1 roots, 8428 extra nodes, 0 pruned nodes, max_depth=100
[54]	validation_0-rmse:8.57267	validation_0-AUC[PR]:0.912679
[18:50:03] src/tree/updater_prune.cc:74: tree pruning end, 1 roots, 8524 extra nodes, 0 pruned nodes, max_depth=100
[55]	validation_0-rmse:8.59355	validation_0-AUC[PR]:0.912275
[18:50:16] src/tree/updater_prune.cc:74: tree pruning end, 1 roots, 8416 extra nodes, 0 pruned nodes, max_depth=100
[56]	validation_0-rmse:8.61064	validation_0-AUC[PR]:0.913197
[18:50:27] src/tree/updater_prune.cc:74: tree pruning end, 1 roots, 8896 extra nodes, 0 pruned nodes, max_depth=100
[57]	validation_0-rmse:8.6328	validation_0-AUC[PR]:0.911625
[18:50:40] src/tree/updater_prune.cc:74: tree pruning end, 1 roots, 8718 extra nodes, 0 pruned nodes, max_depth=100
[58]	validation_0-rmse:8.65204	validation_0-AUC[PR]:0.909481
[18:50:52] src/tree/updater_prune.cc:74: tree pruning end, 1 roots, 8216 extra nodes, 0 pruned nodes, max_depth=100
[59]	validation_0-rmse:8.67073	validation_0-AUC[PR]:0.912231
[18:51:04] src/tree/updater_prune.cc:74: tree pruning end, 1 roots, 8808 extra nodes, 0 pruned nodes, max_depth=100
[60]	validation_0-rmse:8.69104	validation_0-AUC[PR]:0.910848
[18:51:17] src/tree/updater_prune.cc:74: tree pruning end, 1 roots, 8398 extra nodes, 0 pruned nodes, max_depth=100
[61]	validation_0-rmse:8.71739	validation_0-AUC[PR]:0.911536
[18:51:29] src/tree/updater_prune.cc:74: tree pruning end, 1 roots, 8002 extra nodes, 0 pruned nodes, max_depth=100
[62]	validation_0-rmse:8.7295	validation_0-AUC[PR]:0.912145
[18:51:41] src/tree/updater_prune.cc:74: tree pruning end, 1 roots, 8732 extra nodes, 0 pruned nodes, max_depth=100
[63]	validation_0-rmse:8.74505	validation_0-AUC[PR]:0.912734
[18:51:54] src/tree/updater_prune.cc:74: tree pruning end, 1 roots, 8328 extra nodes, 0 pruned nodes, max_depth=100
[64]	validation_0-rmse:8.76162	validation_0-AUC[PR]:0.912214
[18:52:05] src/tree/updater_prune.cc:74: tree pruning end, 1 roots, 9256 extra nodes, 0 pruned nodes, max_depth=100
[65]	validation_0-rmse:8.77863	validation_0-AUC[PR]:0.912206
[18:52:17] src/tree/updater_prune.cc:74: tree pruning end, 1 roots, 8870 extra nodes, 0 pruned nodes, max_depth=100
[66]	validation_0-rmse:8.80103	validation_0-AUC[PR]:0.91414
[18:52:28] src/tree/updater_prune.cc:74: tree pruning end, 1 roots, 8694 extra nodes, 0 pruned nodes, max_depth=100
[67]	validation_0-rmse:8.81705	validation_0-AUC[PR]:0.9165
[18:52:40] src/tree/updater_prune.cc:74: tree pruning end, 1 roots, 8620 extra nodes, 0 pruned nodes, max_depth=100
[68]	validation_0-rmse:8.83735	validation_0-AUC[PR]:0.91621
[18:52:52] src/tree/updater_prune.cc:74: tree pruning end, 1 roots, 8164 extra nodes, 0 pruned nodes, max_depth=100
[69]	validation_0-rmse:8.84599	validation_0-AUC[PR]:0.917774
[18:53:04] src/tree/updater_prune.cc:74: tree pruning end, 1 roots, 8376 extra nodes, 0 pruned nodes, max_depth=100
[70]	validation_0-rmse:8.85978	validation_0-AUC[PR]:0.915713
[18:53:16] src/tree/updater_prune.cc:74: tree pruning end, 1 roots, 8374 extra nodes, 0 pruned nodes, max_depth=100
[71]	validation_0-rmse:8.87486	validation_0-AUC[PR]:0.915144
[18:53:28] src/tree/updater_prune.cc:74: tree pruning end, 1 roots, 8736 extra nodes, 0 pruned nodes, max_depth=100
[72]	validation_0-rmse:8.88386	validation_0-AUC[PR]:0.915304
[18:53:40] src/tree/updater_prune.cc:74: tree pruning end, 1 roots, 8598 extra nodes, 0 pruned nodes, max_depth=100
[73]	validation_0-rmse:8.89682	validation_0-AUC[PR]:0.917239
[18:53:52] src/tree/updater_prune.cc:74: tree pruning end, 1 roots, 8780 extra nodes, 0 pruned nodes, max_depth=100
[74]	validation_0-rmse:8.91486	validation_0-AUC[PR]:0.91672
[18:54:04] src/tree/updater_prune.cc:74: tree pruning end, 1 roots, 9150 extra nodes, 0 pruned nodes, max_depth=100
[75]	validation_0-rmse:8.93708	validation_0-AUC[PR]:0.91623
[18:54:15] src/tree/updater_prune.cc:74: tree pruning end, 1 roots, 8652 extra nodes, 0 pruned nodes, max_depth=100
[76]	validation_0-rmse:8.94776	validation_0-AUC[PR]:0.916021
[18:54:27] src/tree/updater_prune.cc:74: tree pruning end, 1 roots, 8602 extra nodes, 0 pruned nodes, max_depth=100
[77]	validation_0-rmse:8.96218	validation_0-AUC[PR]:0.914342
[18:54:38] src/tree/updater_prune.cc:74: tree pruning end, 1 roots, 8736 extra nodes, 0 pruned nodes, max_depth=100
[78]	validation_0-rmse:8.97429	validation_0-AUC[PR]:0.915286
[18:54:51] src/tree/updater_prune.cc:74: tree pruning end, 1 roots, 8450 extra nodes, 0 pruned nodes, max_depth=100
[79]	validation_0-rmse:8.98694	validation_0-AUC[PR]:0.914175
[18:55:02] src/tree/updater_prune.cc:74: tree pruning end, 1 roots, 8992 extra nodes, 0 pruned nodes, max_depth=100
[80]	validation_0-rmse:9.00011	validation_0-AUC[PR]:0.915142
[18:55:14] src/tree/updater_prune.cc:74: tree pruning end, 1 roots, 8532 extra nodes, 0 pruned nodes, max_depth=100
[81]	validation_0-rmse:9.01105	validation_0-AUC[PR]:0.915515
[18:55:26] src/tree/updater_prune.cc:74: tree pruning end, 1 roots, 8842 extra nodes, 0 pruned nodes, max_depth=100
[82]	validation_0-rmse:9.02639	validation_0-AUC[PR]:0.915079
[18:55:38] src/tree/updater_prune.cc:74: tree pruning end, 1 roots, 8532 extra nodes, 0 pruned nodes, max_depth=100
[83]	validation_0-rmse:9.04062	validation_0-AUC[PR]:0.914131
[18:55:50] src/tree/updater_prune.cc:74: tree pruning end, 1 roots, 8892 extra nodes, 0 pruned nodes, max_depth=100
[84]	validation_0-rmse:9.05435	validation_0-AUC[PR]:0.912207
[18:56:01] src/tree/updater_prune.cc:74: tree pruning end, 1 roots, 9046 extra nodes, 0 pruned nodes, max_depth=100
[85]	validation_0-rmse:9.06857	validation_0-AUC[PR]:0.91328
[18:56:13] src/tree/updater_prune.cc:74: tree pruning end, 1 roots, 8488 extra nodes, 0 pruned nodes, max_depth=100
[86]	validation_0-rmse:9.09024	validation_0-AUC[PR]:0.912927
[18:56:25] src/tree/updater_prune.cc:74: tree pruning end, 1 roots, 8678 extra nodes, 0 pruned nodes, max_depth=100
[87]	validation_0-rmse:9.10306	validation_0-AUC[PR]:0.914071
[18:56:37] src/tree/updater_prune.cc:74: tree pruning end, 1 roots, 8424 extra nodes, 0 pruned nodes, max_depth=100
[88]	validation_0-rmse:9.10627	validation_0-AUC[PR]:0.91511
[18:56:48] src/tree/updater_prune.cc:74: tree pruning end, 1 roots, 8618 extra nodes, 0 pruned nodes, max_depth=100
[89]	validation_0-rmse:9.11892	validation_0-AUC[PR]:0.914369
[18:57:00] src/tree/updater_prune.cc:74: tree pruning end, 1 roots, 8672 extra nodes, 0 pruned nodes, max_depth=100
[90]	validation_0-rmse:9.13065	validation_0-AUC[PR]:0.914616
[18:57:12] src/tree/updater_prune.cc:74: tree pruning end, 1 roots, 8364 extra nodes, 0 pruned nodes, max_depth=100
[91]	validation_0-rmse:9.13701	validation_0-AUC[PR]:0.915655
[18:57:24] src/tree/updater_prune.cc:74: tree pruning end, 1 roots, 8572 extra nodes, 0 pruned nodes, max_depth=100
[92]	validation_0-rmse:9.14988	validation_0-AUC[PR]:0.913391
[18:57:36] src/tree/updater_prune.cc:74: tree pruning end, 1 roots, 8708 extra nodes, 0 pruned nodes, max_depth=100
[93]	validation_0-rmse:9.15716	validation_0-AUC[PR]:0.913143
[18:57:48] src/tree/updater_prune.cc:74: tree pruning end, 1 roots, 8718 extra nodes, 0 pruned nodes, max_depth=100
[94]	validation_0-rmse:9.17687	validation_0-AUC[PR]:0.914785
[18:58:00] src/tree/updater_prune.cc:74: tree pruning end, 1 roots, 8646 extra nodes, 0 pruned nodes, max_depth=100
[95]	validation_0-rmse:9.19011	validation_0-AUC[PR]:0.914833
[18:58:12] src/tree/updater_prune.cc:74: tree pruning end, 1 roots, 8532 extra nodes, 0 pruned nodes, max_depth=100
[96]	validation_0-rmse:9.19543	validation_0-AUC[PR]:0.915335
[18:58:24] src/tree/updater_prune.cc:74: tree pruning end, 1 roots, 8630 extra nodes, 0 pruned nodes, max_depth=100
[97]	validation_0-rmse:9.20724	validation_0-AUC[PR]:0.913831
[18:58:36] src/tree/updater_prune.cc:74: tree pruning end, 1 roots, 8790 extra nodes, 0 pruned nodes, max_depth=100
[98]	validation_0-rmse:9.21597	validation_0-AUC[PR]:0.915709
[18:58:47] src/tree/updater_prune.cc:74: tree pruning end, 1 roots, 8876 extra nodes, 0 pruned nodes, max_depth=100
[99]	validation_0-rmse:9.22278	validation_0-AUC[PR]:0.914767
[18:58:59] src/tree/updater_prune.cc:74: tree pruning end, 1 roots, 8870 extra nodes, 0 pruned nodes, max_depth=100
[100]	validation_0-rmse:9.23476	validation_0-AUC[PR]:0.916547
[18:59:11] src/tree/updater_prune.cc:74: tree pruning end, 1 roots, 8438 extra nodes, 0 pruned nodes, max_depth=100
[101]	validation_0-rmse:9.2399	validation_0-AUC[PR]:0.916721
[18:59:22] src/tree/updater_prune.cc:74: tree pruning end, 1 roots, 8924 extra nodes, 0 pruned nodes, max_depth=100
[102]	validation_0-rmse:9.2544	validation_0-AUC[PR]:0.917586
[18:59:34] src/tree/updater_prune.cc:74: tree pruning end, 1 roots, 8658 extra nodes, 0 pruned nodes, max_depth=100
[103]	validation_0-rmse:9.25765	validation_0-AUC[PR]:0.918217
[18:59:46] src/tree/updater_prune.cc:74: tree pruning end, 1 roots, 8730 extra nodes, 0 pruned nodes, max_depth=100
[104]	validation_0-rmse:9.2686	validation_0-AUC[PR]:0.917689
[18:59:58] src/tree/updater_prune.cc:74: tree pruning end, 1 roots, 8168 extra nodes, 0 pruned nodes, max_depth=100
[105]	validation_0-rmse:9.2748	validation_0-AUC[PR]:0.917097
[19:00:10] src/tree/updater_prune.cc:74: tree pruning end, 1 roots, 8670 extra nodes, 0 pruned nodes, max_depth=100
[106]	validation_0-rmse:9.28444	validation_0-AUC[PR]:0.916742
[19:00:22] src/tree/updater_prune.cc:74: tree pruning end, 1 roots, 9004 extra nodes, 0 pruned nodes, max_depth=100
[107]	validation_0-rmse:9.29042	validation_0-AUC[PR]:0.915888
[19:00:34] src/tree/updater_prune.cc:74: tree pruning end, 1 roots, 8790 extra nodes, 0 pruned nodes, max_depth=100
[108]	validation_0-rmse:9.30245	validation_0-AUC[PR]:0.915523
[19:00:45] src/tree/updater_prune.cc:74: tree pruning end, 1 roots, 8620 extra nodes, 0 pruned nodes, max_depth=100
[109]	validation_0-rmse:9.31415	validation_0-AUC[PR]:0.917291
[19:00:57] src/tree/updater_prune.cc:74: tree pruning end, 1 roots, 8754 extra nodes, 0 pruned nodes, max_depth=100
[110]	validation_0-rmse:9.31823	validation_0-AUC[PR]:0.916991
[19:01:10] src/tree/updater_prune.cc:74: tree pruning end, 1 roots, 8462 extra nodes, 0 pruned nodes, max_depth=100
[111]	validation_0-rmse:9.32901	validation_0-AUC[PR]:0.917388
[19:01:22] src/tree/updater_prune.cc:74: tree pruning end, 1 roots, 8312 extra nodes, 0 pruned nodes, max_depth=100
[112]	validation_0-rmse:9.33973	validation_0-AUC[PR]:0.916705
[19:01:34] src/tree/updater_prune.cc:74: tree pruning end, 1 roots, 8344 extra nodes, 0 pruned nodes, max_depth=100
[113]	validation_0-rmse:9.3481	validation_0-AUC[PR]:0.916782
[19:01:46] src/tree/updater_prune.cc:74: tree pruning end, 1 roots, 8556 extra nodes, 0 pruned nodes, max_depth=100
[114]	validation_0-rmse:9.35798	validation_0-AUC[PR]:0.915218
[19:01:58] src/tree/updater_prune.cc:74: tree pruning end, 1 roots, 8826 extra nodes, 0 pruned nodes, max_depth=100
[115]	validation_0-rmse:9.3654	validation_0-AUC[PR]:0.916068
[19:02:10] src/tree/updater_prune.cc:74: tree pruning end, 1 roots, 8536 extra nodes, 0 pruned nodes, max_depth=100
[116]	validation_0-rmse:9.36787	validation_0-AUC[PR]:0.917222
[19:02:21] src/tree/updater_prune.cc:74: tree pruning end, 1 roots, 9240 extra nodes, 0 pruned nodes, max_depth=100
[117]	validation_0-rmse:9.37677	validation_0-AUC[PR]:0.917303
[19:02:32] src/tree/updater_prune.cc:74: tree pruning end, 1 roots, 8764 extra nodes, 0 pruned nodes, max_depth=100
[118]	validation_0-rmse:9.38716	validation_0-AUC[PR]:0.917358
[19:02:44] src/tree/updater_prune.cc:74: tree pruning end, 1 roots, 9000 extra nodes, 0 pruned nodes, max_depth=100
[119]	validation_0-rmse:9.39062	validation_0-AUC[PR]:0.916224
[19:02:56] src/tree/updater_prune.cc:74: tree pruning end, 1 roots, 9210 extra nodes, 0 pruned nodes, max_depth=100
[120]	validation_0-rmse:9.39937	validation_0-AUC[PR]:0.916588
[19:03:07] src/tree/updater_prune.cc:74: tree pruning end, 1 roots, 9194 extra nodes, 0 pruned nodes, max_depth=100
[121]	validation_0-rmse:9.40741	validation_0-AUC[PR]:0.916461
[19:03:19] src/tree/updater_prune.cc:74: tree pruning end, 1 roots, 8718 extra nodes, 0 pruned nodes, max_depth=100
[122]	validation_0-rmse:9.41459	validation_0-AUC[PR]:0.916491
[19:03:31] src/tree/updater_prune.cc:74: tree pruning end, 1 roots, 8904 extra nodes, 0 pruned nodes, max_depth=100
[123]	validation_0-rmse:9.41953	validation_0-AUC[PR]:0.917573
[19:03:43] src/tree/updater_prune.cc:74: tree pruning end, 1 roots, 8684 extra nodes, 0 pruned nodes, max_depth=100
[124]	validation_0-rmse:9.42578	validation_0-AUC[PR]:0.917652
[19:03:54] src/tree/updater_prune.cc:74: tree pruning end, 1 roots, 9088 extra nodes, 0 pruned nodes, max_depth=100
[125]	validation_0-rmse:9.43334	validation_0-AUC[PR]:0.918986
[19:04:06] src/tree/updater_prune.cc:74: tree pruning end, 1 roots, 8616 extra nodes, 0 pruned nodes, max_depth=100
[126]	validation_0-rmse:9.44175	validation_0-AUC[PR]:0.917918
[19:04:18] src/tree/updater_prune.cc:74: tree pruning end, 1 roots, 8452 extra nodes, 0 pruned nodes, max_depth=100
[127]	validation_0-rmse:9.44926	validation_0-AUC[PR]:0.915696
[19:04:30] src/tree/updater_prune.cc:74: tree pruning end, 1 roots, 7836 extra nodes, 0 pruned nodes, max_depth=100
[128]	validation_0-rmse:9.45373	validation_0-AUC[PR]:0.91507
[19:04:42] src/tree/updater_prune.cc:74: tree pruning end, 1 roots, 8678 extra nodes, 0 pruned nodes, max_depth=100
[129]	validation_0-rmse:9.4604	validation_0-AUC[PR]:0.916886
[19:04:54] src/tree/updater_prune.cc:74: tree pruning end, 1 roots, 8834 extra nodes, 0 pruned nodes, max_depth=100
[130]	validation_0-rmse:9.46676	validation_0-AUC[PR]:0.916972
[19:05:06] src/tree/updater_prune.cc:74: tree pruning end, 1 roots, 8992 extra nodes, 0 pruned nodes, max_depth=100
[131]	validation_0-rmse:9.46986	validation_0-AUC[PR]:0.917762
[19:05:17] src/tree/updater_prune.cc:74: tree pruning end, 1 roots, 9148 extra nodes, 0 pruned nodes, max_depth=100
[132]	validation_0-rmse:9.47739	validation_0-AUC[PR]:0.917919
[19:05:29] src/tree/updater_prune.cc:74: tree pruning end, 1 roots, 8172 extra nodes, 0 pruned nodes, max_depth=100
[133]	validation_0-rmse:9.48492	validation_0-AUC[PR]:0.917799
[19:05:41] src/tree/updater_prune.cc:74: tree pruning end, 1 roots, 8512 extra nodes, 0 pruned nodes, max_depth=100
[134]	validation_0-rmse:9.49396	validation_0-AUC[PR]:0.918605
[19:05:53] src/tree/updater_prune.cc:74: tree pruning end, 1 roots, 8706 extra nodes, 0 pruned nodes, max_depth=100
[135]	validation_0-rmse:9.49758	validation_0-AUC[PR]:0.919476
[19:06:05] src/tree/updater_prune.cc:74: tree pruning end, 1 roots, 8828 extra nodes, 0 pruned nodes, max_depth=100
[136]	validation_0-rmse:9.50487	validation_0-AUC[PR]:0.919488
[19:06:16] src/tree/updater_prune.cc:74: tree pruning end, 1 roots, 9028 extra nodes, 0 pruned nodes, max_depth=100
[137]	validation_0-rmse:9.5166	validation_0-AUC[PR]:0.920168
[19:06:29] src/tree/updater_prune.cc:74: tree pruning end, 1 roots, 8518 extra nodes, 0 pruned nodes, max_depth=100
[138]	validation_0-rmse:9.51965	validation_0-AUC[PR]:0.919223
[19:06:41] src/tree/updater_prune.cc:74: tree pruning end, 1 roots, 8812 extra nodes, 0 pruned nodes, max_depth=100
[139]	validation_0-rmse:9.522	validation_0-AUC[PR]:0.919847
[19:06:53] src/tree/updater_prune.cc:74: tree pruning end, 1 roots, 8740 extra nodes, 0 pruned nodes, max_depth=100
[140]	validation_0-rmse:9.52588	validation_0-AUC[PR]:0.919629
[19:07:05] src/tree/updater_prune.cc:74: tree pruning end, 1 roots, 8466 extra nodes, 0 pruned nodes, max_depth=100
[141]	validation_0-rmse:9.53166	validation_0-AUC[PR]:0.920448
[19:07:16] src/tree/updater_prune.cc:74: tree pruning end, 1 roots, 8894 extra nodes, 0 pruned nodes, max_depth=100
[142]	validation_0-rmse:9.53355	validation_0-AUC[PR]:0.921034
[19:07:27] src/tree/updater_prune.cc:74: tree pruning end, 1 roots, 9044 extra nodes, 0 pruned nodes, max_depth=100
[143]	validation_0-rmse:9.53984	validation_0-AUC[PR]:0.922232
[19:07:39] src/tree/updater_prune.cc:74: tree pruning end, 1 roots, 8658 extra nodes, 0 pruned nodes, max_depth=100
[144]	validation_0-rmse:9.54472	validation_0-AUC[PR]:0.922358
[19:07:50] src/tree/updater_prune.cc:74: tree pruning end, 1 roots, 8880 extra nodes, 0 pruned nodes, max_depth=100
[145]	validation_0-rmse:9.54692	validation_0-AUC[PR]:0.921757
[19:08:02] src/tree/updater_prune.cc:74: tree pruning end, 1 roots, 8782 extra nodes, 0 pruned nodes, max_depth=100
[146]	validation_0-rmse:9.55262	validation_0-AUC[PR]:0.921584
[19:08:14] src/tree/updater_prune.cc:74: tree pruning end, 1 roots, 8960 extra nodes, 0 pruned nodes, max_depth=100
[147]	validation_0-rmse:9.55859	validation_0-AUC[PR]:0.92124
[19:08:26] src/tree/updater_prune.cc:74: tree pruning end, 1 roots, 8228 extra nodes, 0 pruned nodes, max_depth=100
[148]	validation_0-rmse:9.56187	validation_0-AUC[PR]:0.92104
[19:08:38] src/tree/updater_prune.cc:74: tree pruning end, 1 roots, 8750 extra nodes, 0 pruned nodes, max_depth=100
[149]	validation_0-rmse:9.57123	validation_0-AUC[PR]:0.920807
[19:08:50] src/tree/updater_prune.cc:74: tree pruning end, 1 roots, 8714 extra nodes, 0 pruned nodes, max_depth=100
[150]	validation_0-rmse:9.57503	validation_0-AUC[PR]:0.921147
[19:09:02] src/tree/updater_prune.cc:74: tree pruning end, 1 roots, 8968 extra nodes, 0 pruned nodes, max_depth=100
[151]	validation_0-rmse:9.57971	validation_0-AUC[PR]:0.922364
[19:09:14] src/tree/updater_prune.cc:74: tree pruning end, 1 roots, 8022 extra nodes, 0 pruned nodes, max_depth=100
[152]	validation_0-rmse:9.5856	validation_0-AUC[PR]:0.921806
[19:09:26] src/tree/updater_prune.cc:74: tree pruning end, 1 roots, 8512 extra nodes, 0 pruned nodes, max_depth=100
[153]	validation_0-rmse:9.58927	validation_0-AUC[PR]:0.921748
[19:09:38] src/tree/updater_prune.cc:74: tree pruning end, 1 roots, 8664 extra nodes, 0 pruned nodes, max_depth=100
[154]	validation_0-rmse:9.59833	validation_0-AUC[PR]:0.922521
[19:09:49] src/tree/updater_prune.cc:74: tree pruning end, 1 roots, 8736 extra nodes, 0 pruned nodes, max_depth=100
[155]	validation_0-rmse:9.59941	validation_0-AUC[PR]:0.922387
[19:10:00] src/tree/updater_prune.cc:74: tree pruning end, 1 roots, 8886 extra nodes, 0 pruned nodes, max_depth=100
[156]	validation_0-rmse:9.60673	validation_0-AUC[PR]:0.922678
[19:10:11] src/tree/updater_prune.cc:74: tree pruning end, 1 roots, 9080 extra nodes, 0 pruned nodes, max_depth=100
[157]	validation_0-rmse:9.60983	validation_0-AUC[PR]:0.922851
[19:10:23] src/tree/updater_prune.cc:74: tree pruning end, 1 roots, 8390 extra nodes, 0 pruned nodes, max_depth=100
[158]	validation_0-rmse:9.61284	validation_0-AUC[PR]:0.922974
[19:10:35] src/tree/updater_prune.cc:74: tree pruning end, 1 roots, 8852 extra nodes, 0 pruned nodes, max_depth=100
[159]	validation_0-rmse:9.61424	validation_0-AUC[PR]:0.921991
[19:10:46] src/tree/updater_prune.cc:74: tree pruning end, 1 roots, 9092 extra nodes, 0 pruned nodes, max_depth=100
[160]	validation_0-rmse:9.61645	validation_0-AUC[PR]:0.922316
[19:10:58] src/tree/updater_prune.cc:74: tree pruning end, 1 roots, 8802 extra nodes, 0 pruned nodes, max_depth=100
[161]	validation_0-rmse:9.61921	validation_0-AUC[PR]:0.922069
[19:11:10] src/tree/updater_prune.cc:74: tree pruning end, 1 roots, 8624 extra nodes, 0 pruned nodes, max_depth=100
[162]	validation_0-rmse:9.62261	validation_0-AUC[PR]:0.921344
[19:11:21] src/tree/updater_prune.cc:74: tree pruning end, 1 roots, 9046 extra nodes, 0 pruned nodes, max_depth=100
[163]	validation_0-rmse:9.62542	validation_0-AUC[PR]:0.920764
[19:11:33] src/tree/updater_prune.cc:74: tree pruning end, 1 roots, 8644 extra nodes, 0 pruned nodes, max_depth=100
[164]	validation_0-rmse:9.63065	validation_0-AUC[PR]:0.921194
[19:11:45] src/tree/updater_prune.cc:74: tree pruning end, 1 roots, 8834 extra nodes, 0 pruned nodes, max_depth=100
[165]	validation_0-rmse:9.63144	validation_0-AUC[PR]:0.922262
[19:11:57] src/tree/updater_prune.cc:74: tree pruning end, 1 roots, 9038 extra nodes, 0 pruned nodes, max_depth=100
[166]	validation_0-rmse:9.63421	validation_0-AUC[PR]:0.921601
[19:12:09] src/tree/updater_prune.cc:74: tree pruning end, 1 roots, 9064 extra nodes, 0 pruned nodes, max_depth=100
[167]	validation_0-rmse:9.63672	validation_0-AUC[PR]:0.921722
[19:12:21] src/tree/updater_prune.cc:74: tree pruning end, 1 roots, 8726 extra nodes, 0 pruned nodes, max_depth=100
[168]	validation_0-rmse:9.64023	validation_0-AUC[PR]:0.921927
[19:12:33] src/tree/updater_prune.cc:74: tree pruning end, 1 roots, 8466 extra nodes, 0 pruned nodes, max_depth=100
[169]	validation_0-rmse:9.64321	validation_0-AUC[PR]:0.922703
[19:12:45] src/tree/updater_prune.cc:74: tree pruning end, 1 roots, 8490 extra nodes, 0 pruned nodes, max_depth=100
[170]	validation_0-rmse:9.64697	validation_0-AUC[PR]:0.922907
[19:12:57] src/tree/updater_prune.cc:74: tree pruning end, 1 roots, 8752 extra nodes, 0 pruned nodes, max_depth=100
[171]	validation_0-rmse:9.65089	validation_0-AUC[PR]:0.922025
[19:13:10] src/tree/updater_prune.cc:74: tree pruning end, 1 roots, 8066 extra nodes, 0 pruned nodes, max_depth=100
[172]	validation_0-rmse:9.65444	validation_0-AUC[PR]:0.921816
[19:13:21] src/tree/updater_prune.cc:74: tree pruning end, 1 roots, 9132 extra nodes, 0 pruned nodes, max_depth=100
[173]	validation_0-rmse:9.6582	validation_0-AUC[PR]:0.921759
[19:13:32] src/tree/updater_prune.cc:74: tree pruning end, 1 roots, 8928 extra nodes, 0 pruned nodes, max_depth=100
[174]	validation_0-rmse:9.66242	validation_0-AUC[PR]:0.921634
[19:13:44] src/tree/updater_prune.cc:74: tree pruning end, 1 roots, 8812 extra nodes, 0 pruned nodes, max_depth=100
[175]	validation_0-rmse:9.66473	validation_0-AUC[PR]:0.921645
[19:13:56] src/tree/updater_prune.cc:74: tree pruning end, 1 roots, 8752 extra nodes, 0 pruned nodes, max_depth=100
[176]	validation_0-rmse:9.6695	validation_0-AUC[PR]:0.921719
[19:14:08] src/tree/updater_prune.cc:74: tree pruning end, 1 roots, 8882 extra nodes, 0 pruned nodes, max_depth=100
[177]	validation_0-rmse:9.67221	validation_0-AUC[PR]:0.922069
[19:14:18] src/tree/updater_prune.cc:74: tree pruning end, 1 roots, 8848 extra nodes, 0 pruned nodes, max_depth=100
[178]	validation_0-rmse:9.67613	validation_0-AUC[PR]:0.920995
[19:14:30] src/tree/updater_prune.cc:74: tree pruning end, 1 roots, 8746 extra nodes, 0 pruned nodes, max_depth=100
[179]	validation_0-rmse:9.67813	validation_0-AUC[PR]:0.921703
[19:14:42] src/tree/updater_prune.cc:74: tree pruning end, 1 roots, 8104 extra nodes, 0 pruned nodes, max_depth=100
[180]	validation_0-rmse:9.68496	validation_0-AUC[PR]:0.921994
[19:14:54] src/tree/updater_prune.cc:74: tree pruning end, 1 roots, 8608 extra nodes, 0 pruned nodes, max_depth=100
[181]	validation_0-rmse:9.68961	validation_0-AUC[PR]:0.921973
[19:15:06] src/tree/updater_prune.cc:74: tree pruning end, 1 roots, 8422 extra nodes, 0 pruned nodes, max_depth=100
[182]	validation_0-rmse:9.69587	validation_0-AUC[PR]:0.922067
[19:15:17] src/tree/updater_prune.cc:74: tree pruning end, 1 roots, 9184 extra nodes, 0 pruned nodes, max_depth=100
[183]	validation_0-rmse:9.69741	validation_0-AUC[PR]:0.922279
[19:15:29] src/tree/updater_prune.cc:74: tree pruning end, 1 roots, 8712 extra nodes, 0 pruned nodes, max_depth=100
[184]	validation_0-rmse:9.70045	validation_0-AUC[PR]:0.92162
[19:15:41] src/tree/updater_prune.cc:74: tree pruning end, 1 roots, 8674 extra nodes, 0 pruned nodes, max_depth=100
[185]	validation_0-rmse:9.70225	validation_0-AUC[PR]:0.921694
[19:15:52] src/tree/updater_prune.cc:74: tree pruning end, 1 roots, 8634 extra nodes, 0 pruned nodes, max_depth=100
[186]	validation_0-rmse:9.70464	validation_0-AUC[PR]:0.922288
[19:16:05] src/tree/updater_prune.cc:74: tree pruning end, 1 roots, 8262 extra nodes, 0 pruned nodes, max_depth=100
[187]	validation_0-rmse:9.70876	validation_0-AUC[PR]:0.921753
[19:16:16] src/tree/updater_prune.cc:74: tree pruning end, 1 roots, 8796 extra nodes, 0 pruned nodes, max_depth=100
[188]	validation_0-rmse:9.71049	validation_0-AUC[PR]:0.921773
[19:16:28] src/tree/updater_prune.cc:74: tree pruning end, 1 roots, 8858 extra nodes, 0 pruned nodes, max_depth=100
[189]	validation_0-rmse:9.71416	validation_0-AUC[PR]:0.922648
[19:16:39] src/tree/updater_prune.cc:74: tree pruning end, 1 roots, 8538 extra nodes, 0 pruned nodes, max_depth=100
[190]	validation_0-rmse:9.71525	validation_0-AUC[PR]:0.923014
[19:16:50] src/tree/updater_prune.cc:74: tree pruning end, 1 roots, 9248 extra nodes, 0 pruned nodes, max_depth=100
[191]	validation_0-rmse:9.7204	validation_0-AUC[PR]:0.923512
[19:17:02] src/tree/updater_prune.cc:74: tree pruning end, 1 roots, 8548 extra nodes, 0 pruned nodes, max_depth=100
[192]	validation_0-rmse:9.7225	validation_0-AUC[PR]:0.92363
[19:17:14] src/tree/updater_prune.cc:74: tree pruning end, 1 roots, 9038 extra nodes, 0 pruned nodes, max_depth=100
[193]	validation_0-rmse:9.72854	validation_0-AUC[PR]:0.923896
[19:17:25] src/tree/updater_prune.cc:74: tree pruning end, 1 roots, 8962 extra nodes, 0 pruned nodes, max_depth=100
[194]	validation_0-rmse:9.72784	validation_0-AUC[PR]:0.923435
[19:17:37] src/tree/updater_prune.cc:74: tree pruning end, 1 roots, 8722 extra nodes, 0 pruned nodes, max_depth=100
[195]	validation_0-rmse:9.73126	validation_0-AUC[PR]:0.923425
[19:17:48] src/tree/updater_prune.cc:74: tree pruning end, 1 roots, 8818 extra nodes, 0 pruned nodes, max_depth=100
[196]	validation_0-rmse:9.73528	validation_0-AUC[PR]:0.92293
[19:18:01] src/tree/updater_prune.cc:74: tree pruning end, 1 roots, 8536 extra nodes, 0 pruned nodes, max_depth=100
[197]	validation_0-rmse:9.73586	validation_0-AUC[PR]:0.923524
[19:18:13] src/tree/updater_prune.cc:74: tree pruning end, 1 roots, 8214 extra nodes, 0 pruned nodes, max_depth=100
[198]	validation_0-rmse:9.73851	validation_0-AUC[PR]:0.923518
[19:18:24] src/tree/updater_prune.cc:74: tree pruning end, 1 roots, 9032 extra nodes, 0 pruned nodes, max_depth=100
[199]	validation_0-rmse:9.74169	validation_0-AUC[PR]:0.923415
[19:18:36] src/tree/updater_prune.cc:74: tree pruning end, 1 roots, 8974 extra nodes, 0 pruned nodes, max_depth=100
[200]	validation_0-rmse:9.74642	validation_0-AUC[PR]:0.922785
[19:18:47] src/tree/updater_prune.cc:74: tree pruning end, 1 roots, 8782 extra nodes, 0 pruned nodes, max_depth=100
[201]	validation_0-rmse:9.74887	validation_0-AUC[PR]:0.921814
[19:18:58] src/tree/updater_prune.cc:74: tree pruning end, 1 roots, 8942 extra nodes, 0 pruned nodes, max_depth=100
[202]	validation_0-rmse:9.75209	validation_0-AUC[PR]:0.921907
[19:19:10] src/tree/updater_prune.cc:74: tree pruning end, 1 roots, 8676 extra nodes, 0 pruned nodes, max_depth=100
[203]	validation_0-rmse:9.75415	validation_0-AUC[PR]:0.921832
[19:19:22] src/tree/updater_prune.cc:74: tree pruning end, 1 roots, 8630 extra nodes, 0 pruned nodes, max_depth=100
[204]	validation_0-rmse:9.75474	validation_0-AUC[PR]:0.921707
[19:19:34] src/tree/updater_prune.cc:74: tree pruning end, 1 roots, 8918 extra nodes, 0 pruned nodes, max_depth=100
[205]	validation_0-rmse:9.7581	validation_0-AUC[PR]:0.922319
[19:19:45] src/tree/updater_prune.cc:74: tree pruning end, 1 roots, 8660 extra nodes, 0 pruned nodes, max_depth=100
[206]	validation_0-rmse:9.76051	validation_0-AUC[PR]:0.922396
[19:19:57] src/tree/updater_prune.cc:74: tree pruning end, 1 roots, 8096 extra nodes, 0 pruned nodes, max_depth=100
[207]	validation_0-rmse:9.76154	validation_0-AUC[PR]:0.922078
[19:20:09] src/tree/updater_prune.cc:74: tree pruning end, 1 roots, 9092 extra nodes, 0 pruned nodes, max_depth=100
[208]	validation_0-rmse:9.76417	validation_0-AUC[PR]:0.92202
[19:20:21] src/tree/updater_prune.cc:74: tree pruning end, 1 roots, 8634 extra nodes, 0 pruned nodes, max_depth=100
[209]	validation_0-rmse:9.76654	validation_0-AUC[PR]:0.921992
[19:20:33] src/tree/updater_prune.cc:74: tree pruning end, 1 roots, 8618 extra nodes, 0 pruned nodes, max_depth=100
[210]	validation_0-rmse:9.77127	validation_0-AUC[PR]:0.921625
[19:20:44] src/tree/updater_prune.cc:74: tree pruning end, 1 roots, 8774 extra nodes, 0 pruned nodes, max_depth=100
[211]	validation_0-rmse:9.77579	validation_0-AUC[PR]:0.92178
[19:20:56] src/tree/updater_prune.cc:74: tree pruning end, 1 roots, 8784 extra nodes, 0 pruned nodes, max_depth=100
[212]	validation_0-rmse:9.77777	validation_0-AUC[PR]:0.921552
[19:21:08] src/tree/updater_prune.cc:74: tree pruning end, 1 roots, 8724 extra nodes, 0 pruned nodes, max_depth=100
[213]	validation_0-rmse:9.77984	validation_0-AUC[PR]:0.922158
[19:21:19] src/tree/updater_prune.cc:74: tree pruning end, 1 roots, 8824 extra nodes, 0 pruned nodes, max_depth=100
[214]	validation_0-rmse:9.78371	validation_0-AUC[PR]:0.921681
[19:21:32] src/tree/updater_prune.cc:74: tree pruning end, 1 roots, 8344 extra nodes, 0 pruned nodes, max_depth=100
[215]	validation_0-rmse:9.78349	validation_0-AUC[PR]:0.921216
[19:21:44] src/tree/updater_prune.cc:74: tree pruning end, 1 roots, 8618 extra nodes, 0 pruned nodes, max_depth=100
[216]	validation_0-rmse:9.78375	validation_0-AUC[PR]:0.921335
[19:21:56] src/tree/updater_prune.cc:74: tree pruning end, 1 roots, 8334 extra nodes, 0 pruned nodes, max_depth=100
[217]	validation_0-rmse:9.78501	validation_0-AUC[PR]:0.92119
[19:22:08] src/tree/updater_prune.cc:74: tree pruning end, 1 roots, 8268 extra nodes, 0 pruned nodes, max_depth=100
[218]	validation_0-rmse:9.78669	validation_0-AUC[PR]:0.921538
[19:22:19] src/tree/updater_prune.cc:74: tree pruning end, 1 roots, 8572 extra nodes, 0 pruned nodes, max_depth=100
[219]	validation_0-rmse:9.79272	validation_0-AUC[PR]:0.922078
[19:22:31] src/tree/updater_prune.cc:74: tree pruning end, 1 roots, 8876 extra nodes, 0 pruned nodes, max_depth=100
[220]	validation_0-rmse:9.79617	validation_0-AUC[PR]:0.922421
[19:22:43] src/tree/updater_prune.cc:74: tree pruning end, 1 roots, 8486 extra nodes, 0 pruned nodes, max_depth=100
[221]	validation_0-rmse:9.79685	validation_0-AUC[PR]:0.922092
[19:22:54] src/tree/updater_prune.cc:74: tree pruning end, 1 roots, 8882 extra nodes, 0 pruned nodes, max_depth=100
[222]	validation_0-rmse:9.7993	validation_0-AUC[PR]:0.922607
[19:23:06] src/tree/updater_prune.cc:74: tree pruning end, 1 roots, 8980 extra nodes, 0 pruned nodes, max_depth=100
[223]	validation_0-rmse:9.80334	validation_0-AUC[PR]:0.92262
[19:23:17] src/tree/updater_prune.cc:74: tree pruning end, 1 roots, 8612 extra nodes, 0 pruned nodes, max_depth=100
[224]	validation_0-rmse:9.80384	validation_0-AUC[PR]:0.92301
[19:23:29] src/tree/updater_prune.cc:74: tree pruning end, 1 roots, 8618 extra nodes, 0 pruned nodes, max_depth=100
[225]	validation_0-rmse:9.80424	validation_0-AUC[PR]:0.923296
[19:23:40] src/tree/updater_prune.cc:74: tree pruning end, 1 roots, 8974 extra nodes, 0 pruned nodes, max_depth=100
[226]	validation_0-rmse:9.80538	validation_0-AUC[PR]:0.923202
[19:23:52] src/tree/updater_prune.cc:74: tree pruning end, 1 roots, 9034 extra nodes, 0 pruned nodes, max_depth=100
[227]	validation_0-rmse:9.80974	validation_0-AUC[PR]:0.92327
[19:24:04] src/tree/updater_prune.cc:74: tree pruning end, 1 roots, 8660 extra nodes, 0 pruned nodes, max_depth=100
[228]	validation_0-rmse:9.8095	validation_0-AUC[PR]:0.923266
[19:24:16] src/tree/updater_prune.cc:74: tree pruning end, 1 roots, 8860 extra nodes, 0 pruned nodes, max_depth=100
[229]	validation_0-rmse:9.80971	validation_0-AUC[PR]:0.92348
[19:24:27] src/tree/updater_prune.cc:74: tree pruning end, 1 roots, 8928 extra nodes, 0 pruned nodes, max_depth=100
[230]	validation_0-rmse:9.81177	validation_0-AUC[PR]:0.923562
[19:24:39] src/tree/updater_prune.cc:74: tree pruning end, 1 roots, 8600 extra nodes, 0 pruned nodes, max_depth=100
[231]	validation_0-rmse:9.81315	validation_0-AUC[PR]:0.923203
[19:24:50] src/tree/updater_prune.cc:74: tree pruning end, 1 roots, 9166 extra nodes, 0 pruned nodes, max_depth=100
[232]	validation_0-rmse:9.81615	validation_0-AUC[PR]:0.923485
[19:25:02] src/tree/updater_prune.cc:74: tree pruning end, 1 roots, 8696 extra nodes, 0 pruned nodes, max_depth=100
[233]	validation_0-rmse:9.81776	validation_0-AUC[PR]:0.924801
[19:25:14] src/tree/updater_prune.cc:74: tree pruning end, 1 roots, 8820 extra nodes, 0 pruned nodes, max_depth=100
[234]	validation_0-rmse:9.82013	validation_0-AUC[PR]:0.923175
[19:25:25] src/tree/updater_prune.cc:74: tree pruning end, 1 roots, 8826 extra nodes, 0 pruned nodes, max_depth=100
[235]	validation_0-rmse:9.82272	validation_0-AUC[PR]:0.923346
[19:25:37] src/tree/updater_prune.cc:74: tree pruning end, 1 roots, 8598 extra nodes, 0 pruned nodes, max_depth=100
[236]	validation_0-rmse:9.8245	validation_0-AUC[PR]:0.924515
[19:25:50] src/tree/updater_prune.cc:74: tree pruning end, 1 roots, 8142 extra nodes, 0 pruned nodes, max_depth=100
[237]	validation_0-rmse:9.82599	validation_0-AUC[PR]:0.924338
[19:26:02] src/tree/updater_prune.cc:74: tree pruning end, 1 roots, 8580 extra nodes, 0 pruned nodes, max_depth=100
[238]	validation_0-rmse:9.82803	validation_0-AUC[PR]:0.924036
[19:26:14] src/tree/updater_prune.cc:74: tree pruning end, 1 roots, 8450 extra nodes, 0 pruned nodes, max_depth=100
[239]	validation_0-rmse:9.82719	validation_0-AUC[PR]:0.924557
[19:26:26] src/tree/updater_prune.cc:74: tree pruning end, 1 roots, 8668 extra nodes, 0 pruned nodes, max_depth=100
[240]	validation_0-rmse:9.82831	validation_0-AUC[PR]:0.925118
[19:26:38] src/tree/updater_prune.cc:74: tree pruning end, 1 roots, 8776 extra nodes, 0 pruned nodes, max_depth=100
[241]	validation_0-rmse:9.82996	validation_0-AUC[PR]:0.925102
[19:26:51] src/tree/updater_prune.cc:74: tree pruning end, 1 roots, 8496 extra nodes, 0 pruned nodes, max_depth=100
[242]	validation_0-rmse:9.83206	validation_0-AUC[PR]:0.924835
[19:27:03] src/tree/updater_prune.cc:74: tree pruning end, 1 roots, 8936 extra nodes, 0 pruned nodes, max_depth=100
[243]	validation_0-rmse:9.83382	validation_0-AUC[PR]:0.92499
[19:27:15] src/tree/updater_prune.cc:74: tree pruning end, 1 roots, 8250 extra nodes, 0 pruned nodes, max_depth=100
[244]	validation_0-rmse:9.83689	validation_0-AUC[PR]:0.924954
[19:27:27] src/tree/updater_prune.cc:74: tree pruning end, 1 roots, 7986 extra nodes, 0 pruned nodes, max_depth=100
[245]	validation_0-rmse:9.84045	validation_0-AUC[PR]:0.924962
[19:27:39] src/tree/updater_prune.cc:74: tree pruning end, 1 roots, 8774 extra nodes, 0 pruned nodes, max_depth=100
[246]	validation_0-rmse:9.8422	validation_0-AUC[PR]:0.925227
[19:27:50] src/tree/updater_prune.cc:74: tree pruning end, 1 roots, 9130 extra nodes, 0 pruned nodes, max_depth=100
[247]	validation_0-rmse:9.84497	validation_0-AUC[PR]:0.925043
[19:28:02] src/tree/updater_prune.cc:74: tree pruning end, 1 roots, 8776 extra nodes, 0 pruned nodes, max_depth=100
[248]	validation_0-rmse:9.84521	validation_0-AUC[PR]:0.92487
[19:28:14] src/tree/updater_prune.cc:74: tree pruning end, 1 roots, 8726 extra nodes, 0 pruned nodes, max_depth=100
[249]	validation_0-rmse:9.84684	validation_0-AUC[PR]:0.925246
[19:28:25] src/tree/updater_prune.cc:74: tree pruning end, 1 roots, 8870 extra nodes, 0 pruned nodes, max_depth=100
[250]	validation_0-rmse:9.84904	validation_0-AUC[PR]:0.925475
[19:28:37] src/tree/updater_prune.cc:74: tree pruning end, 1 roots, 8522 extra nodes, 0 pruned nodes, max_depth=100
[251]	validation_0-rmse:9.85306	validation_0-AUC[PR]:0.924799
[19:28:49] src/tree/updater_prune.cc:74: tree pruning end, 1 roots, 8422 extra nodes, 0 pruned nodes, max_depth=100
[252]	validation_0-rmse:9.85444	validation_0-AUC[PR]:0.924524
[19:29:00] src/tree/updater_prune.cc:74: tree pruning end, 1 roots, 8726 extra nodes, 0 pruned nodes, max_depth=100
[253]	validation_0-rmse:9.85495	validation_0-AUC[PR]:0.924449
[19:29:12] src/tree/updater_prune.cc:74: tree pruning end, 1 roots, 8958 extra nodes, 0 pruned nodes, max_depth=100
[254]	validation_0-rmse:9.85543	validation_0-AUC[PR]:0.924321
[19:29:24] src/tree/updater_prune.cc:74: tree pruning end, 1 roots, 8446 extra nodes, 0 pruned nodes, max_depth=100
[255]	validation_0-rmse:9.85609	validation_0-AUC[PR]:0.923978
[19:29:36] src/tree/updater_prune.cc:74: tree pruning end, 1 roots, 8460 extra nodes, 0 pruned nodes, max_depth=100
[256]	validation_0-rmse:9.85656	validation_0-AUC[PR]:0.924198
[19:29:48] src/tree/updater_prune.cc:74: tree pruning end, 1 roots, 8682 extra nodes, 0 pruned nodes, max_depth=100
[257]	validation_0-rmse:9.85848	validation_0-AUC[PR]:0.924518
[19:29:59] src/tree/updater_prune.cc:74: tree pruning end, 1 roots, 8948 extra nodes, 0 pruned nodes, max_depth=100
[258]	validation_0-rmse:9.85934	validation_0-AUC[PR]:0.9244
[19:30:11] src/tree/updater_prune.cc:74: tree pruning end, 1 roots, 8656 extra nodes, 0 pruned nodes, max_depth=100
[259]	validation_0-rmse:9.86139	validation_0-AUC[PR]:0.924586
[19:30:23] src/tree/updater_prune.cc:74: tree pruning end, 1 roots, 8862 extra nodes, 0 pruned nodes, max_depth=100
[260]	validation_0-rmse:9.8625	validation_0-AUC[PR]:0.924495
[19:30:34] src/tree/updater_prune.cc:74: tree pruning end, 1 roots, 8912 extra nodes, 0 pruned nodes, max_depth=100
[261]	validation_0-rmse:9.86272	validation_0-AUC[PR]:0.924611
[19:30:46] src/tree/updater_prune.cc:74: tree pruning end, 1 roots, 8674 extra nodes, 0 pruned nodes, max_depth=100
[262]	validation_0-rmse:9.86382	validation_0-AUC[PR]:0.924501
[19:30:58] src/tree/updater_prune.cc:74: tree pruning end, 1 roots, 8900 extra nodes, 0 pruned nodes, max_depth=100
[263]	validation_0-rmse:9.86424	validation_0-AUC[PR]:0.924493
[19:31:10] src/tree/updater_prune.cc:74: tree pruning end, 1 roots, 9060 extra nodes, 0 pruned nodes, max_depth=100
[264]	validation_0-rmse:9.86546	validation_0-AUC[PR]:0.924706
[19:31:22] src/tree/updater_prune.cc:74: tree pruning end, 1 roots, 8776 extra nodes, 0 pruned nodes, max_depth=100
[265]	validation_0-rmse:9.86659	validation_0-AUC[PR]:0.92495
[19:31:33] src/tree/updater_prune.cc:74: tree pruning end, 1 roots, 8626 extra nodes, 0 pruned nodes, max_depth=100
[266]	validation_0-rmse:9.86854	validation_0-AUC[PR]:0.924764
[19:31:46] src/tree/updater_prune.cc:74: tree pruning end, 1 roots, 8658 extra nodes, 0 pruned nodes, max_depth=100
[267]	validation_0-rmse:9.8707	validation_0-AUC[PR]:0.925057
[19:31:57] src/tree/updater_prune.cc:74: tree pruning end, 1 roots, 8770 extra nodes, 0 pruned nodes, max_depth=100
[268]	validation_0-rmse:9.87165	validation_0-AUC[PR]:0.925155
[19:32:10] src/tree/updater_prune.cc:74: tree pruning end, 1 roots, 8268 extra nodes, 0 pruned nodes, max_depth=100
[269]	validation_0-rmse:9.87409	validation_0-AUC[PR]:0.925066
[19:32:22] src/tree/updater_prune.cc:74: tree pruning end, 1 roots, 8376 extra nodes, 0 pruned nodes, max_depth=100
[270]	validation_0-rmse:9.87724	validation_0-AUC[PR]:0.925084
[19:32:34] src/tree/updater_prune.cc:74: tree pruning end, 1 roots, 8558 extra nodes, 0 pruned nodes, max_depth=100
[271]	validation_0-rmse:9.8785	validation_0-AUC[PR]:0.924917
[19:32:46] src/tree/updater_prune.cc:74: tree pruning end, 1 roots, 8686 extra nodes, 0 pruned nodes, max_depth=100
[272]	validation_0-rmse:9.87853	validation_0-AUC[PR]:0.924855
[19:32:58] src/tree/updater_prune.cc:74: tree pruning end, 1 roots, 8364 extra nodes, 0 pruned nodes, max_depth=100
[273]	validation_0-rmse:9.88046	validation_0-AUC[PR]:0.924884
[19:33:10] src/tree/updater_prune.cc:74: tree pruning end, 1 roots, 8698 extra nodes, 0 pruned nodes, max_depth=100
[274]	validation_0-rmse:9.88137	validation_0-AUC[PR]:0.92563
[19:33:22] src/tree/updater_prune.cc:74: tree pruning end, 1 roots, 8346 extra nodes, 0 pruned nodes, max_depth=100
[275]	validation_0-rmse:9.88376	validation_0-AUC[PR]:0.925686
[19:33:33] src/tree/updater_prune.cc:74: tree pruning end, 1 roots, 8888 extra nodes, 0 pruned nodes, max_depth=100
[276]	validation_0-rmse:9.88578	validation_0-AUC[PR]:0.925457
[19:33:45] src/tree/updater_prune.cc:74: tree pruning end, 1 roots, 8428 extra nodes, 0 pruned nodes, max_depth=100
[277]	validation_0-rmse:9.88655	validation_0-AUC[PR]:0.925125
[19:33:56] src/tree/updater_prune.cc:74: tree pruning end, 1 roots, 9004 extra nodes, 0 pruned nodes, max_depth=100
[278]	validation_0-rmse:9.88943	validation_0-AUC[PR]:0.925355
[19:34:07] src/tree/updater_prune.cc:74: tree pruning end, 1 roots, 8760 extra nodes, 0 pruned nodes, max_depth=100
[279]	validation_0-rmse:9.88935	validation_0-AUC[PR]:0.925075
[19:34:19] src/tree/updater_prune.cc:74: tree pruning end, 1 roots, 8288 extra nodes, 0 pruned nodes, max_depth=100
[280]	validation_0-rmse:9.89135	validation_0-AUC[PR]:0.925309
[19:34:31] src/tree/updater_prune.cc:74: tree pruning end, 1 roots, 8722 extra nodes, 0 pruned nodes, max_depth=100
[281]	validation_0-rmse:9.89168	validation_0-AUC[PR]:0.92576
[19:34:42] src/tree/updater_prune.cc:74: tree pruning end, 1 roots, 8884 extra nodes, 0 pruned nodes, max_depth=100
[282]	validation_0-rmse:9.89192	validation_0-AUC[PR]:0.925519
[19:34:54] src/tree/updater_prune.cc:74: tree pruning end, 1 roots, 8514 extra nodes, 0 pruned nodes, max_depth=100
[283]	validation_0-rmse:9.89523	validation_0-AUC[PR]:0.925677
[19:35:06] src/tree/updater_prune.cc:74: tree pruning end, 1 roots, 8434 extra nodes, 0 pruned nodes, max_depth=100
[284]	validation_0-rmse:9.89704	validation_0-AUC[PR]:0.925309
[19:35:18] src/tree/updater_prune.cc:74: tree pruning end, 1 roots, 8796 extra nodes, 0 pruned nodes, max_depth=100
[285]	validation_0-rmse:9.89697	validation_0-AUC[PR]:0.925826
[19:35:30] src/tree/updater_prune.cc:74: tree pruning end, 1 roots, 8480 extra nodes, 0 pruned nodes, max_depth=100
[286]	validation_0-rmse:9.89668	validation_0-AUC[PR]:0.925752
[19:35:41] src/tree/updater_prune.cc:74: tree pruning end, 1 roots, 8452 extra nodes, 0 pruned nodes, max_depth=100
[287]	validation_0-rmse:9.89915	validation_0-AUC[PR]:0.925574
[19:35:53] src/tree/updater_prune.cc:74: tree pruning end, 1 roots, 8584 extra nodes, 0 pruned nodes, max_depth=100
[288]	validation_0-rmse:9.90081	validation_0-AUC[PR]:0.925498
[19:36:04] src/tree/updater_prune.cc:74: tree pruning end, 1 roots, 8640 extra nodes, 0 pruned nodes, max_depth=100
[289]	validation_0-rmse:9.90257	validation_0-AUC[PR]:0.925847
[19:36:16] src/tree/updater_prune.cc:74: tree pruning end, 1 roots, 8722 extra nodes, 0 pruned nodes, max_depth=100
[290]	validation_0-rmse:9.90487	validation_0-AUC[PR]:0.92523
[19:36:29] src/tree/updater_prune.cc:74: tree pruning end, 1 roots, 8190 extra nodes, 0 pruned nodes, max_depth=100
[291]	validation_0-rmse:9.90578	validation_0-AUC[PR]:0.925278
[19:36:40] src/tree/updater_prune.cc:74: tree pruning end, 1 roots, 8970 extra nodes, 0 pruned nodes, max_depth=100
[292]	validation_0-rmse:9.90758	validation_0-AUC[PR]:0.925398
[19:36:52] src/tree/updater_prune.cc:74: tree pruning end, 1 roots, 8846 extra nodes, 0 pruned nodes, max_depth=100
[293]	validation_0-rmse:9.90876	validation_0-AUC[PR]:0.925679
[19:37:04] src/tree/updater_prune.cc:74: tree pruning end, 1 roots, 8582 extra nodes, 0 pruned nodes, max_depth=100
[294]	validation_0-rmse:9.90943	validation_0-AUC[PR]:0.92569
[19:37:16] src/tree/updater_prune.cc:74: tree pruning end, 1 roots, 8398 extra nodes, 0 pruned nodes, max_depth=100
[295]	validation_0-rmse:9.91019	validation_0-AUC[PR]:0.926052
[19:37:28] src/tree/updater_prune.cc:74: tree pruning end, 1 roots, 8670 extra nodes, 0 pruned nodes, max_depth=100
[296]	validation_0-rmse:9.91014	validation_0-AUC[PR]:0.925658
[19:37:40] src/tree/updater_prune.cc:74: tree pruning end, 1 roots, 8968 extra nodes, 0 pruned nodes, max_depth=100
[297]	validation_0-rmse:9.91289	validation_0-AUC[PR]:0.925564
[19:37:52] src/tree/updater_prune.cc:74: tree pruning end, 1 roots, 8070 extra nodes, 0 pruned nodes, max_depth=100
[298]	validation_0-rmse:9.91557	validation_0-AUC[PR]:0.925555
[19:38:03] src/tree/updater_prune.cc:74: tree pruning end, 1 roots, 8712 extra nodes, 0 pruned nodes, max_depth=100
[299]	validation_0-rmse:9.91733	validation_0-AUC[PR]:0.925779
[19:38:15] src/tree/updater_prune.cc:74: tree pruning end, 1 roots, 8940 extra nodes, 0 pruned nodes, max_depth=100
[300]	validation_0-rmse:9.91913	validation_0-AUC[PR]:0.92564
[19:38:27] src/tree/updater_prune.cc:74: tree pruning end, 1 roots, 8694 extra nodes, 0 pruned nodes, max_depth=100
[301]	validation_0-rmse:9.92087	validation_0-AUC[PR]:0.925488
[19:38:39] src/tree/updater_prune.cc:74: tree pruning end, 1 roots, 8602 extra nodes, 0 pruned nodes, max_depth=100
[302]	validation_0-rmse:9.92018	validation_0-AUC[PR]:0.925365
[19:38:51] src/tree/updater_prune.cc:74: tree pruning end, 1 roots, 8510 extra nodes, 0 pruned nodes, max_depth=100
[303]	validation_0-rmse:9.92088	validation_0-AUC[PR]:0.925183
[19:39:03] src/tree/updater_prune.cc:74: tree pruning end, 1 roots, 8558 extra nodes, 0 pruned nodes, max_depth=100
[304]	validation_0-rmse:9.9228	validation_0-AUC[PR]:0.925085
[19:39:15] src/tree/updater_prune.cc:74: tree pruning end, 1 roots, 8518 extra nodes, 0 pruned nodes, max_depth=100
[305]	validation_0-rmse:9.92433	validation_0-AUC[PR]:0.925278
[19:39:26] src/tree/updater_prune.cc:74: tree pruning end, 1 roots, 9066 extra nodes, 0 pruned nodes, max_depth=100
[306]	validation_0-rmse:9.92518	validation_0-AUC[PR]:0.925326
[19:39:38] src/tree/updater_prune.cc:74: tree pruning end, 1 roots, 8394 extra nodes, 0 pruned nodes, max_depth=100
[307]	validation_0-rmse:9.92632	validation_0-AUC[PR]:0.925686
[19:39:50] src/tree/updater_prune.cc:74: tree pruning end, 1 roots, 8740 extra nodes, 0 pruned nodes, max_depth=100
[308]	validation_0-rmse:9.9289	validation_0-AUC[PR]:0.925827
[19:40:01] src/tree/updater_prune.cc:74: tree pruning end, 1 roots, 8528 extra nodes, 0 pruned nodes, max_depth=100
[309]	validation_0-rmse:9.92896	validation_0-AUC[PR]:0.92591
[19:40:13] src/tree/updater_prune.cc:74: tree pruning end, 1 roots, 8894 extra nodes, 0 pruned nodes, max_depth=100
[310]	validation_0-rmse:9.92977	validation_0-AUC[PR]:0.926118
[19:40:25] src/tree/updater_prune.cc:74: tree pruning end, 1 roots, 8344 extra nodes, 0 pruned nodes, max_depth=100
[311]	validation_0-rmse:9.93185	validation_0-AUC[PR]:0.925341
[19:40:37] src/tree/updater_prune.cc:74: tree pruning end, 1 roots, 8812 extra nodes, 0 pruned nodes, max_depth=100
[312]	validation_0-rmse:9.9331	validation_0-AUC[PR]:0.925409
[19:40:48] src/tree/updater_prune.cc:74: tree pruning end, 1 roots, 9136 extra nodes, 0 pruned nodes, max_depth=100
[313]	validation_0-rmse:9.9344	validation_0-AUC[PR]:0.92531
[19:41:00] src/tree/updater_prune.cc:74: tree pruning end, 1 roots, 8532 extra nodes, 0 pruned nodes, max_depth=100
[314]	validation_0-rmse:9.93556	validation_0-AUC[PR]:0.925907
[19:41:12] src/tree/updater_prune.cc:74: tree pruning end, 1 roots, 8738 extra nodes, 0 pruned nodes, max_depth=100
[315]	validation_0-rmse:9.93569	validation_0-AUC[PR]:0.925973
[19:41:24] src/tree/updater_prune.cc:74: tree pruning end, 1 roots, 8542 extra nodes, 0 pruned nodes, max_depth=100
[316]	validation_0-rmse:9.93545	validation_0-AUC[PR]:0.925931
[19:41:36] src/tree/updater_prune.cc:74: tree pruning end, 1 roots, 8846 extra nodes, 0 pruned nodes, max_depth=100
[317]	validation_0-rmse:9.93604	validation_0-AUC[PR]:0.926362
[19:41:48] src/tree/updater_prune.cc:74: tree pruning end, 1 roots, 8638 extra nodes, 0 pruned nodes, max_depth=100
[318]	validation_0-rmse:9.93657	validation_0-AUC[PR]:0.926481
[19:41:59] src/tree/updater_prune.cc:74: tree pruning end, 1 roots, 8486 extra nodes, 0 pruned nodes, max_depth=100
[319]	validation_0-rmse:9.93697	validation_0-AUC[PR]:0.926286
[19:42:11] src/tree/updater_prune.cc:74: tree pruning end, 1 roots, 8554 extra nodes, 0 pruned nodes, max_depth=100
[320]	validation_0-rmse:9.93801	validation_0-AUC[PR]:0.925935
[19:42:22] src/tree/updater_prune.cc:74: tree pruning end, 1 roots, 8816 extra nodes, 0 pruned nodes, max_depth=100
[321]	validation_0-rmse:9.93864	validation_0-AUC[PR]:0.925739
[19:42:33] src/tree/updater_prune.cc:74: tree pruning end, 1 roots, 8942 extra nodes, 0 pruned nodes, max_depth=100
[322]	validation_0-rmse:9.93952	validation_0-AUC[PR]:0.925632
[19:42:45] src/tree/updater_prune.cc:74: tree pruning end, 1 roots, 8526 extra nodes, 0 pruned nodes, max_depth=100
[323]	validation_0-rmse:9.93947	validation_0-AUC[PR]:0.92585
Stopping. Best iteration:
[23]	validation_0-rmse:7.53977	validation_0-AUC[PR]:0.903042

train precision: 0.184424860919
train roc: 0.990920713903
train hit: 253.0 out of 334.0

val precision: 0.0969577382709
val roc: 0.853728710657
val hit: 23.0 out of 55.0

test precision: 0.126230012574
test roc: 0.878811028218
test hit: 25.0 out of 55.0

ratio: 0.02, EF: 26.3636363636,	active: 55.0
ratio: 0.02, NEF: 0.527272727273
ratio: 0.01, EF: 45.4545454545,	active: 55.0
ratio: 0.01, NEF: 0.454545454545
ratio: 0.0015, EF: 169.696969697,	active: 55.0
ratio: 0.0015, NEF: 0.254545454545
ratio: 0.001, EF: 200.0,	active: 55.0
ratio: 0.001, NEF: 0.261904761905

