label_name_list  [u'PriA-SSB AS Activity', u'PriA-SSB AS % inhibition (Primary Median)']
train files  ['../datasets/keck_pria/fold_0.csv' '../datasets/keck_pria/fold_1.csv'
 '../datasets/keck_pria/fold_4.csv' '../datasets/keck_pria/fold_5.csv'
 '../datasets/keck_pria/fold_6.csv' '../datasets/keck_pria/fold_7.csv']
val files  ['../datasets/keck_pria/fold_2.csv']
test files  ['../datasets/keck_pria/fold_3.csv']
done data preparation
[01:55:42] src/tree/updater_prune.cc:74: tree pruning end, 1 roots, 33510 extra nodes, 0 pruned nodes, max_depth=100
[0]	validation_0-rmse:2.21123	validation_0-AUC[PR]:0.919882
Multiple eval metrics have been passed: 'validation_0-AUC[PR]' will be used for early stopping.

Will train until validation_0-AUC[PR] hasn't improved in 100 rounds.
[01:56:05] src/tree/updater_prune.cc:74: tree pruning end, 1 roots, 35128 extra nodes, 0 pruned nodes, max_depth=100
[1]	validation_0-rmse:3.49495	validation_0-AUC[PR]:0.958266
[01:56:29] src/tree/updater_prune.cc:74: tree pruning end, 1 roots, 35086 extra nodes, 0 pruned nodes, max_depth=100
[2]	validation_0-rmse:4.45907	validation_0-AUC[PR]:0.916364
[01:56:52] src/tree/updater_prune.cc:74: tree pruning end, 1 roots, 36840 extra nodes, 0 pruned nodes, max_depth=100
[3]	validation_0-rmse:5.17997	validation_0-AUC[PR]:0.908552
[01:57:15] src/tree/updater_prune.cc:74: tree pruning end, 1 roots, 37346 extra nodes, 0 pruned nodes, max_depth=100
[4]	validation_0-rmse:5.7763	validation_0-AUC[PR]:0.915255
[01:57:38] src/tree/updater_prune.cc:74: tree pruning end, 1 roots, 37472 extra nodes, 0 pruned nodes, max_depth=100
[5]	validation_0-rmse:6.22746	validation_0-AUC[PR]:0.915991
[01:58:03] src/tree/updater_prune.cc:74: tree pruning end, 1 roots, 36002 extra nodes, 0 pruned nodes, max_depth=100
[6]	validation_0-rmse:6.59271	validation_0-AUC[PR]:0.917901
[01:58:27] src/tree/updater_prune.cc:74: tree pruning end, 1 roots, 35296 extra nodes, 0 pruned nodes, max_depth=100
[7]	validation_0-rmse:6.89691	validation_0-AUC[PR]:0.911017
[01:58:52] src/tree/updater_prune.cc:74: tree pruning end, 1 roots, 36760 extra nodes, 0 pruned nodes, max_depth=100
[8]	validation_0-rmse:7.16434	validation_0-AUC[PR]:0.906505
[01:59:16] src/tree/updater_prune.cc:74: tree pruning end, 1 roots, 34554 extra nodes, 0 pruned nodes, max_depth=100
[9]	validation_0-rmse:7.37259	validation_0-AUC[PR]:0.898168
[01:59:41] src/tree/updater_prune.cc:74: tree pruning end, 1 roots, 35482 extra nodes, 0 pruned nodes, max_depth=100
[10]	validation_0-rmse:7.54341	validation_0-AUC[PR]:0.892272
[02:00:06] src/tree/updater_prune.cc:74: tree pruning end, 1 roots, 34456 extra nodes, 0 pruned nodes, max_depth=100
[11]	validation_0-rmse:7.6898	validation_0-AUC[PR]:0.883499
[02:00:32] src/tree/updater_prune.cc:74: tree pruning end, 1 roots, 35298 extra nodes, 0 pruned nodes, max_depth=100
[12]	validation_0-rmse:7.84179	validation_0-AUC[PR]:0.881703
[02:00:56] src/tree/updater_prune.cc:74: tree pruning end, 1 roots, 36710 extra nodes, 0 pruned nodes, max_depth=100
[13]	validation_0-rmse:7.96547	validation_0-AUC[PR]:0.876678
[02:01:21] src/tree/updater_prune.cc:74: tree pruning end, 1 roots, 35560 extra nodes, 0 pruned nodes, max_depth=100
[14]	validation_0-rmse:8.0679	validation_0-AUC[PR]:0.878381
[02:01:46] src/tree/updater_prune.cc:74: tree pruning end, 1 roots, 35278 extra nodes, 0 pruned nodes, max_depth=100
[15]	validation_0-rmse:8.16631	validation_0-AUC[PR]:0.880567
[02:02:11] src/tree/updater_prune.cc:74: tree pruning end, 1 roots, 34682 extra nodes, 0 pruned nodes, max_depth=100
[16]	validation_0-rmse:8.25734	validation_0-AUC[PR]:0.88123
[02:02:37] src/tree/updater_prune.cc:74: tree pruning end, 1 roots, 34492 extra nodes, 0 pruned nodes, max_depth=100
[17]	validation_0-rmse:8.32598	validation_0-AUC[PR]:0.872884
[02:03:02] src/tree/updater_prune.cc:74: tree pruning end, 1 roots, 33090 extra nodes, 0 pruned nodes, max_depth=100
[18]	validation_0-rmse:8.39231	validation_0-AUC[PR]:0.869056
[02:03:28] src/tree/updater_prune.cc:74: tree pruning end, 1 roots, 33146 extra nodes, 0 pruned nodes, max_depth=100
[19]	validation_0-rmse:8.47336	validation_0-AUC[PR]:0.867519
[02:03:54] src/tree/updater_prune.cc:74: tree pruning end, 1 roots, 35694 extra nodes, 0 pruned nodes, max_depth=100
[20]	validation_0-rmse:8.53811	validation_0-AUC[PR]:0.871467
[02:04:18] src/tree/updater_prune.cc:74: tree pruning end, 1 roots, 36036 extra nodes, 0 pruned nodes, max_depth=100
[21]	validation_0-rmse:8.59385	validation_0-AUC[PR]:0.86396
[02:04:44] src/tree/updater_prune.cc:74: tree pruning end, 1 roots, 34246 extra nodes, 0 pruned nodes, max_depth=100
[22]	validation_0-rmse:8.65073	validation_0-AUC[PR]:0.866945
[02:05:08] src/tree/updater_prune.cc:74: tree pruning end, 1 roots, 35286 extra nodes, 0 pruned nodes, max_depth=100
[23]	validation_0-rmse:8.69757	validation_0-AUC[PR]:0.864715
[02:05:35] src/tree/updater_prune.cc:74: tree pruning end, 1 roots, 33388 extra nodes, 0 pruned nodes, max_depth=100
[24]	validation_0-rmse:8.73784	validation_0-AUC[PR]:0.868778
[02:05:59] src/tree/updater_prune.cc:74: tree pruning end, 1 roots, 34994 extra nodes, 0 pruned nodes, max_depth=100
[25]	validation_0-rmse:8.7801	validation_0-AUC[PR]:0.865325
[02:06:25] src/tree/updater_prune.cc:74: tree pruning end, 1 roots, 35650 extra nodes, 0 pruned nodes, max_depth=100
[26]	validation_0-rmse:8.82632	validation_0-AUC[PR]:0.864065
[02:06:50] src/tree/updater_prune.cc:74: tree pruning end, 1 roots, 34310 extra nodes, 0 pruned nodes, max_depth=100
[27]	validation_0-rmse:8.85941	validation_0-AUC[PR]:0.864908
[02:07:15] src/tree/updater_prune.cc:74: tree pruning end, 1 roots, 35026 extra nodes, 0 pruned nodes, max_depth=100
[28]	validation_0-rmse:8.89476	validation_0-AUC[PR]:0.866042
[02:07:38] src/tree/updater_prune.cc:74: tree pruning end, 1 roots, 36818 extra nodes, 0 pruned nodes, max_depth=100
[29]	validation_0-rmse:8.92776	validation_0-AUC[PR]:0.865495
[02:08:03] src/tree/updater_prune.cc:74: tree pruning end, 1 roots, 36204 extra nodes, 0 pruned nodes, max_depth=100
[30]	validation_0-rmse:8.95669	validation_0-AUC[PR]:0.863051
[02:08:29] src/tree/updater_prune.cc:74: tree pruning end, 1 roots, 34452 extra nodes, 0 pruned nodes, max_depth=100
[31]	validation_0-rmse:8.97945	validation_0-AUC[PR]:0.865324
[02:08:53] src/tree/updater_prune.cc:74: tree pruning end, 1 roots, 35142 extra nodes, 0 pruned nodes, max_depth=100
[32]	validation_0-rmse:9.00633	validation_0-AUC[PR]:0.861647
[02:09:18] src/tree/updater_prune.cc:74: tree pruning end, 1 roots, 34874 extra nodes, 0 pruned nodes, max_depth=100
[33]	validation_0-rmse:9.03674	validation_0-AUC[PR]:0.858757
[02:09:43] src/tree/updater_prune.cc:74: tree pruning end, 1 roots, 34966 extra nodes, 0 pruned nodes, max_depth=100
[34]	validation_0-rmse:9.06408	validation_0-AUC[PR]:0.858892
[02:10:08] src/tree/updater_prune.cc:74: tree pruning end, 1 roots, 32922 extra nodes, 0 pruned nodes, max_depth=100
[35]	validation_0-rmse:9.08147	validation_0-AUC[PR]:0.857351
[02:10:32] src/tree/updater_prune.cc:74: tree pruning end, 1 roots, 37308 extra nodes, 0 pruned nodes, max_depth=100
[36]	validation_0-rmse:9.1029	validation_0-AUC[PR]:0.856488
[02:10:58] src/tree/updater_prune.cc:74: tree pruning end, 1 roots, 35404 extra nodes, 0 pruned nodes, max_depth=100
[37]	validation_0-rmse:9.12216	validation_0-AUC[PR]:0.858736
[02:11:23] src/tree/updater_prune.cc:74: tree pruning end, 1 roots, 36764 extra nodes, 0 pruned nodes, max_depth=100
[38]	validation_0-rmse:9.13724	validation_0-AUC[PR]:0.857604
[02:11:48] src/tree/updater_prune.cc:74: tree pruning end, 1 roots, 35326 extra nodes, 0 pruned nodes, max_depth=100
[39]	validation_0-rmse:9.15889	validation_0-AUC[PR]:0.859004
[02:12:14] src/tree/updater_prune.cc:74: tree pruning end, 1 roots, 34744 extra nodes, 0 pruned nodes, max_depth=100
[40]	validation_0-rmse:9.17668	validation_0-AUC[PR]:0.861124
[02:12:39] src/tree/updater_prune.cc:74: tree pruning end, 1 roots, 34908 extra nodes, 0 pruned nodes, max_depth=100
[41]	validation_0-rmse:9.19226	validation_0-AUC[PR]:0.858777
[02:13:03] src/tree/updater_prune.cc:74: tree pruning end, 1 roots, 35758 extra nodes, 0 pruned nodes, max_depth=100
[42]	validation_0-rmse:9.20848	validation_0-AUC[PR]:0.859442
[02:13:29] src/tree/updater_prune.cc:74: tree pruning end, 1 roots, 34634 extra nodes, 0 pruned nodes, max_depth=100
[43]	validation_0-rmse:9.21594	validation_0-AUC[PR]:0.85826
[02:13:55] src/tree/updater_prune.cc:74: tree pruning end, 1 roots, 34704 extra nodes, 0 pruned nodes, max_depth=100
[44]	validation_0-rmse:9.22826	validation_0-AUC[PR]:0.860852
[02:14:20] src/tree/updater_prune.cc:74: tree pruning end, 1 roots, 35364 extra nodes, 0 pruned nodes, max_depth=100
[45]	validation_0-rmse:9.24515	validation_0-AUC[PR]:0.860919
[02:14:45] src/tree/updater_prune.cc:74: tree pruning end, 1 roots, 35362 extra nodes, 0 pruned nodes, max_depth=100
[46]	validation_0-rmse:9.25793	validation_0-AUC[PR]:0.851321
[02:15:11] src/tree/updater_prune.cc:74: tree pruning end, 1 roots, 33344 extra nodes, 0 pruned nodes, max_depth=100
[47]	validation_0-rmse:9.27096	validation_0-AUC[PR]:0.860054
[02:15:35] src/tree/updater_prune.cc:74: tree pruning end, 1 roots, 36890 extra nodes, 0 pruned nodes, max_depth=100
[48]	validation_0-rmse:9.28596	validation_0-AUC[PR]:0.860257
[02:16:01] src/tree/updater_prune.cc:74: tree pruning end, 1 roots, 36410 extra nodes, 0 pruned nodes, max_depth=100
[49]	validation_0-rmse:9.29826	validation_0-AUC[PR]:0.860839
[02:16:26] src/tree/updater_prune.cc:74: tree pruning end, 1 roots, 35482 extra nodes, 0 pruned nodes, max_depth=100
[50]	validation_0-rmse:9.30973	validation_0-AUC[PR]:0.860775
[02:16:51] src/tree/updater_prune.cc:74: tree pruning end, 1 roots, 35240 extra nodes, 0 pruned nodes, max_depth=100
[51]	validation_0-rmse:9.3225	validation_0-AUC[PR]:0.861014
[02:17:17] src/tree/updater_prune.cc:74: tree pruning end, 1 roots, 33630 extra nodes, 0 pruned nodes, max_depth=100
[52]	validation_0-rmse:9.332	validation_0-AUC[PR]:0.85948
[02:17:42] src/tree/updater_prune.cc:74: tree pruning end, 1 roots, 33322 extra nodes, 0 pruned nodes, max_depth=100
[53]	validation_0-rmse:9.33804	validation_0-AUC[PR]:0.856901
[02:18:08] src/tree/updater_prune.cc:74: tree pruning end, 1 roots, 35136 extra nodes, 0 pruned nodes, max_depth=100
[54]	validation_0-rmse:9.34982	validation_0-AUC[PR]:0.855838
[02:18:33] src/tree/updater_prune.cc:74: tree pruning end, 1 roots, 36264 extra nodes, 0 pruned nodes, max_depth=100
[55]	validation_0-rmse:9.35874	validation_0-AUC[PR]:0.853442
[02:18:59] src/tree/updater_prune.cc:74: tree pruning end, 1 roots, 34558 extra nodes, 0 pruned nodes, max_depth=100
[56]	validation_0-rmse:9.36661	validation_0-AUC[PR]:0.856754
[02:19:24] src/tree/updater_prune.cc:74: tree pruning end, 1 roots, 35166 extra nodes, 0 pruned nodes, max_depth=100
[57]	validation_0-rmse:9.37436	validation_0-AUC[PR]:0.85837
[02:19:49] src/tree/updater_prune.cc:74: tree pruning end, 1 roots, 31996 extra nodes, 0 pruned nodes, max_depth=100
[58]	validation_0-rmse:9.37483	validation_0-AUC[PR]:0.856555
[02:20:14] src/tree/updater_prune.cc:74: tree pruning end, 1 roots, 34348 extra nodes, 0 pruned nodes, max_depth=100
[59]	validation_0-rmse:9.38383	validation_0-AUC[PR]:0.856126
[02:20:38] src/tree/updater_prune.cc:74: tree pruning end, 1 roots, 34826 extra nodes, 0 pruned nodes, max_depth=100
[60]	validation_0-rmse:9.39363	validation_0-AUC[PR]:0.858384
[02:21:03] src/tree/updater_prune.cc:74: tree pruning end, 1 roots, 34598 extra nodes, 0 pruned nodes, max_depth=100
[61]	validation_0-rmse:9.40039	validation_0-AUC[PR]:0.857482
[02:21:28] src/tree/updater_prune.cc:74: tree pruning end, 1 roots, 33626 extra nodes, 0 pruned nodes, max_depth=100
[62]	validation_0-rmse:9.40758	validation_0-AUC[PR]:0.847849
[02:21:52] src/tree/updater_prune.cc:74: tree pruning end, 1 roots, 34962 extra nodes, 0 pruned nodes, max_depth=100
[63]	validation_0-rmse:9.41107	validation_0-AUC[PR]:0.845603
[02:22:15] src/tree/updater_prune.cc:74: tree pruning end, 1 roots, 35124 extra nodes, 0 pruned nodes, max_depth=100
[64]	validation_0-rmse:9.41938	validation_0-AUC[PR]:0.84623
[02:22:38] src/tree/updater_prune.cc:74: tree pruning end, 1 roots, 34500 extra nodes, 0 pruned nodes, max_depth=100
[65]	validation_0-rmse:9.42822	validation_0-AUC[PR]:0.855195
[02:23:01] src/tree/updater_prune.cc:74: tree pruning end, 1 roots, 33200 extra nodes, 0 pruned nodes, max_depth=100
[66]	validation_0-rmse:9.4367	validation_0-AUC[PR]:0.85509
[02:23:24] src/tree/updater_prune.cc:74: tree pruning end, 1 roots, 33712 extra nodes, 0 pruned nodes, max_depth=100
[67]	validation_0-rmse:9.4411	validation_0-AUC[PR]:0.854684
[02:23:48] src/tree/updater_prune.cc:74: tree pruning end, 1 roots, 34550 extra nodes, 0 pruned nodes, max_depth=100
[68]	validation_0-rmse:9.44672	validation_0-AUC[PR]:0.854205
[02:24:12] src/tree/updater_prune.cc:74: tree pruning end, 1 roots, 35682 extra nodes, 0 pruned nodes, max_depth=100
[69]	validation_0-rmse:9.45018	validation_0-AUC[PR]:0.855015
[02:24:37] src/tree/updater_prune.cc:74: tree pruning end, 1 roots, 35452 extra nodes, 0 pruned nodes, max_depth=100
[70]	validation_0-rmse:9.45576	validation_0-AUC[PR]:0.855515
[02:25:01] src/tree/updater_prune.cc:74: tree pruning end, 1 roots, 34230 extra nodes, 0 pruned nodes, max_depth=100
[71]	validation_0-rmse:9.45892	validation_0-AUC[PR]:0.855813
[02:25:27] src/tree/updater_prune.cc:74: tree pruning end, 1 roots, 34378 extra nodes, 0 pruned nodes, max_depth=100
[72]	validation_0-rmse:9.46827	validation_0-AUC[PR]:0.855543
[02:25:50] src/tree/updater_prune.cc:74: tree pruning end, 1 roots, 35340 extra nodes, 0 pruned nodes, max_depth=100
[73]	validation_0-rmse:9.47219	validation_0-AUC[PR]:0.854584
[02:26:15] src/tree/updater_prune.cc:74: tree pruning end, 1 roots, 32980 extra nodes, 0 pruned nodes, max_depth=100
[74]	validation_0-rmse:9.47732	validation_0-AUC[PR]:0.854728
[02:26:40] src/tree/updater_prune.cc:74: tree pruning end, 1 roots, 33552 extra nodes, 0 pruned nodes, max_depth=100
[75]	validation_0-rmse:9.48213	validation_0-AUC[PR]:0.853238
[02:27:04] src/tree/updater_prune.cc:74: tree pruning end, 1 roots, 35622 extra nodes, 0 pruned nodes, max_depth=100
[76]	validation_0-rmse:9.48697	validation_0-AUC[PR]:0.85401
[02:27:28] src/tree/updater_prune.cc:74: tree pruning end, 1 roots, 34654 extra nodes, 0 pruned nodes, max_depth=100
[77]	validation_0-rmse:9.49166	validation_0-AUC[PR]:0.853721
[02:27:53] src/tree/updater_prune.cc:74: tree pruning end, 1 roots, 35442 extra nodes, 0 pruned nodes, max_depth=100
[78]	validation_0-rmse:9.4932	validation_0-AUC[PR]:0.85471
[02:28:18] src/tree/updater_prune.cc:74: tree pruning end, 1 roots, 35078 extra nodes, 0 pruned nodes, max_depth=100
[79]	validation_0-rmse:9.49515	validation_0-AUC[PR]:0.854257
[02:28:43] src/tree/updater_prune.cc:74: tree pruning end, 1 roots, 33122 extra nodes, 0 pruned nodes, max_depth=100
[80]	validation_0-rmse:9.4967	validation_0-AUC[PR]:0.854804
[02:29:08] src/tree/updater_prune.cc:74: tree pruning end, 1 roots, 34082 extra nodes, 0 pruned nodes, max_depth=100
[81]	validation_0-rmse:9.50121	validation_0-AUC[PR]:0.855976
[02:29:33] src/tree/updater_prune.cc:74: tree pruning end, 1 roots, 34438 extra nodes, 0 pruned nodes, max_depth=100
[82]	validation_0-rmse:9.50701	validation_0-AUC[PR]:0.856434
[02:29:57] src/tree/updater_prune.cc:74: tree pruning end, 1 roots, 32088 extra nodes, 0 pruned nodes, max_depth=100
[83]	validation_0-rmse:9.5105	validation_0-AUC[PR]:0.856157
[02:30:23] src/tree/updater_prune.cc:74: tree pruning end, 1 roots, 35304 extra nodes, 0 pruned nodes, max_depth=100
[84]	validation_0-rmse:9.51378	validation_0-AUC[PR]:0.855612
[02:30:48] src/tree/updater_prune.cc:74: tree pruning end, 1 roots, 34682 extra nodes, 0 pruned nodes, max_depth=100
[85]	validation_0-rmse:9.51604	validation_0-AUC[PR]:0.858475
[02:31:13] src/tree/updater_prune.cc:74: tree pruning end, 1 roots, 34218 extra nodes, 0 pruned nodes, max_depth=100
[86]	validation_0-rmse:9.51916	validation_0-AUC[PR]:0.858136
[02:31:37] src/tree/updater_prune.cc:74: tree pruning end, 1 roots, 34156 extra nodes, 0 pruned nodes, max_depth=100
[87]	validation_0-rmse:9.52108	validation_0-AUC[PR]:0.859374
[02:32:02] src/tree/updater_prune.cc:74: tree pruning end, 1 roots, 34658 extra nodes, 0 pruned nodes, max_depth=100
[88]	validation_0-rmse:9.52558	validation_0-AUC[PR]:0.859517
[02:32:28] src/tree/updater_prune.cc:74: tree pruning end, 1 roots, 31984 extra nodes, 0 pruned nodes, max_depth=100
[89]	validation_0-rmse:9.5276	validation_0-AUC[PR]:0.858677
[02:32:52] src/tree/updater_prune.cc:74: tree pruning end, 1 roots, 33284 extra nodes, 0 pruned nodes, max_depth=100
[90]	validation_0-rmse:9.53089	validation_0-AUC[PR]:0.857714
[02:33:17] src/tree/updater_prune.cc:74: tree pruning end, 1 roots, 35092 extra nodes, 0 pruned nodes, max_depth=100
[91]	validation_0-rmse:9.53609	validation_0-AUC[PR]:0.858473
[02:33:42] src/tree/updater_prune.cc:74: tree pruning end, 1 roots, 33654 extra nodes, 0 pruned nodes, max_depth=100
[92]	validation_0-rmse:9.53805	validation_0-AUC[PR]:0.856177
[02:34:07] src/tree/updater_prune.cc:74: tree pruning end, 1 roots, 35474 extra nodes, 0 pruned nodes, max_depth=100
[93]	validation_0-rmse:9.54125	validation_0-AUC[PR]:0.855625
[02:34:33] src/tree/updater_prune.cc:74: tree pruning end, 1 roots, 33572 extra nodes, 0 pruned nodes, max_depth=100
[94]	validation_0-rmse:9.54392	validation_0-AUC[PR]:0.856514
[02:34:58] src/tree/updater_prune.cc:74: tree pruning end, 1 roots, 35414 extra nodes, 0 pruned nodes, max_depth=100
[95]	validation_0-rmse:9.5467	validation_0-AUC[PR]:0.856423
[02:35:23] src/tree/updater_prune.cc:74: tree pruning end, 1 roots, 34694 extra nodes, 0 pruned nodes, max_depth=100
[96]	validation_0-rmse:9.54823	validation_0-AUC[PR]:0.856654
[02:35:48] src/tree/updater_prune.cc:74: tree pruning end, 1 roots, 35718 extra nodes, 0 pruned nodes, max_depth=100
[97]	validation_0-rmse:9.54925	validation_0-AUC[PR]:0.857028
[02:36:12] src/tree/updater_prune.cc:74: tree pruning end, 1 roots, 36270 extra nodes, 0 pruned nodes, max_depth=100
[98]	validation_0-rmse:9.54992	validation_0-AUC[PR]:0.856819
[02:36:37] src/tree/updater_prune.cc:74: tree pruning end, 1 roots, 33672 extra nodes, 0 pruned nodes, max_depth=100
[99]	validation_0-rmse:9.55278	validation_0-AUC[PR]:0.855875
[02:36:59] src/tree/updater_prune.cc:74: tree pruning end, 1 roots, 35732 extra nodes, 0 pruned nodes, max_depth=100
[100]	validation_0-rmse:9.55471	validation_0-AUC[PR]:0.857426
[02:37:22] src/tree/updater_prune.cc:74: tree pruning end, 1 roots, 34764 extra nodes, 0 pruned nodes, max_depth=100
[101]	validation_0-rmse:9.55715	validation_0-AUC[PR]:0.857088
[02:37:46] src/tree/updater_prune.cc:74: tree pruning end, 1 roots, 35856 extra nodes, 0 pruned nodes, max_depth=100
[102]	validation_0-rmse:9.55953	validation_0-AUC[PR]:0.858209
[02:38:11] src/tree/updater_prune.cc:74: tree pruning end, 1 roots, 36016 extra nodes, 0 pruned nodes, max_depth=100
[103]	validation_0-rmse:9.56127	validation_0-AUC[PR]:0.858354
[02:38:35] src/tree/updater_prune.cc:74: tree pruning end, 1 roots, 36092 extra nodes, 0 pruned nodes, max_depth=100
[104]	validation_0-rmse:9.56397	validation_0-AUC[PR]:0.858679
[02:39:00] src/tree/updater_prune.cc:74: tree pruning end, 1 roots, 36228 extra nodes, 0 pruned nodes, max_depth=100
[105]	validation_0-rmse:9.56503	validation_0-AUC[PR]:0.85847
[02:39:24] src/tree/updater_prune.cc:74: tree pruning end, 1 roots, 31500 extra nodes, 0 pruned nodes, max_depth=100
[106]	validation_0-rmse:9.56588	validation_0-AUC[PR]:0.858823
[02:39:48] src/tree/updater_prune.cc:74: tree pruning end, 1 roots, 36094 extra nodes, 0 pruned nodes, max_depth=100
[107]	validation_0-rmse:9.56842	validation_0-AUC[PR]:0.858643
[02:40:13] src/tree/updater_prune.cc:74: tree pruning end, 1 roots, 32916 extra nodes, 0 pruned nodes, max_depth=100
[108]	validation_0-rmse:9.56885	validation_0-AUC[PR]:0.858396
[02:40:38] src/tree/updater_prune.cc:74: tree pruning end, 1 roots, 35604 extra nodes, 0 pruned nodes, max_depth=100
[109]	validation_0-rmse:9.57104	validation_0-AUC[PR]:0.858895
[02:41:04] src/tree/updater_prune.cc:74: tree pruning end, 1 roots, 32908 extra nodes, 0 pruned nodes, max_depth=100
[110]	validation_0-rmse:9.57455	validation_0-AUC[PR]:0.859899
[02:41:29] src/tree/updater_prune.cc:74: tree pruning end, 1 roots, 32850 extra nodes, 0 pruned nodes, max_depth=100
[111]	validation_0-rmse:9.57535	validation_0-AUC[PR]:0.859738
[02:41:55] src/tree/updater_prune.cc:74: tree pruning end, 1 roots, 32238 extra nodes, 0 pruned nodes, max_depth=100
[112]	validation_0-rmse:9.57599	validation_0-AUC[PR]:0.859865
[02:42:22] src/tree/updater_prune.cc:74: tree pruning end, 1 roots, 31160 extra nodes, 0 pruned nodes, max_depth=100
[113]	validation_0-rmse:9.57786	validation_0-AUC[PR]:0.860716
[02:42:48] src/tree/updater_prune.cc:74: tree pruning end, 1 roots, 34290 extra nodes, 0 pruned nodes, max_depth=100
[114]	validation_0-rmse:9.57921	validation_0-AUC[PR]:0.859956
[02:43:13] src/tree/updater_prune.cc:74: tree pruning end, 1 roots, 34390 extra nodes, 0 pruned nodes, max_depth=100
[115]	validation_0-rmse:9.58009	validation_0-AUC[PR]:0.859577
[02:43:40] src/tree/updater_prune.cc:74: tree pruning end, 1 roots, 33250 extra nodes, 0 pruned nodes, max_depth=100
[116]	validation_0-rmse:9.58161	validation_0-AUC[PR]:0.859602
[02:44:06] src/tree/updater_prune.cc:74: tree pruning end, 1 roots, 33638 extra nodes, 0 pruned nodes, max_depth=100
[117]	validation_0-rmse:9.58303	validation_0-AUC[PR]:0.859297
[02:44:31] src/tree/updater_prune.cc:74: tree pruning end, 1 roots, 33400 extra nodes, 0 pruned nodes, max_depth=100
[118]	validation_0-rmse:9.58369	validation_0-AUC[PR]:0.859645
[02:44:57] src/tree/updater_prune.cc:74: tree pruning end, 1 roots, 36416 extra nodes, 0 pruned nodes, max_depth=100
[119]	validation_0-rmse:9.58434	validation_0-AUC[PR]:0.859559
[02:45:22] src/tree/updater_prune.cc:74: tree pruning end, 1 roots, 32998 extra nodes, 0 pruned nodes, max_depth=100
[120]	validation_0-rmse:9.58668	validation_0-AUC[PR]:0.859153
[02:45:48] src/tree/updater_prune.cc:74: tree pruning end, 1 roots, 35340 extra nodes, 0 pruned nodes, max_depth=100
[121]	validation_0-rmse:9.58933	validation_0-AUC[PR]:0.859507
[02:46:13] src/tree/updater_prune.cc:74: tree pruning end, 1 roots, 30398 extra nodes, 0 pruned nodes, max_depth=100
[122]	validation_0-rmse:9.59088	validation_0-AUC[PR]:0.85887
[02:46:38] src/tree/updater_prune.cc:74: tree pruning end, 1 roots, 34252 extra nodes, 0 pruned nodes, max_depth=100
[123]	validation_0-rmse:9.59231	validation_0-AUC[PR]:0.86002
[02:47:03] src/tree/updater_prune.cc:74: tree pruning end, 1 roots, 35870 extra nodes, 0 pruned nodes, max_depth=100
[124]	validation_0-rmse:9.59275	validation_0-AUC[PR]:0.859551
[02:47:27] src/tree/updater_prune.cc:74: tree pruning end, 1 roots, 34776 extra nodes, 0 pruned nodes, max_depth=100
[125]	validation_0-rmse:9.59295	validation_0-AUC[PR]:0.858782
[02:47:54] src/tree/updater_prune.cc:74: tree pruning end, 1 roots, 35126 extra nodes, 0 pruned nodes, max_depth=100
[126]	validation_0-rmse:9.59412	validation_0-AUC[PR]:0.850621
[02:48:14] src/tree/updater_prune.cc:74: tree pruning end, 1 roots, 35840 extra nodes, 0 pruned nodes, max_depth=100
[127]	validation_0-rmse:9.59461	validation_0-AUC[PR]:0.85062
[02:48:33] src/tree/updater_prune.cc:74: tree pruning end, 1 roots, 35276 extra nodes, 0 pruned nodes, max_depth=100
[128]	validation_0-rmse:9.59668	validation_0-AUC[PR]:0.850652
[02:48:52] src/tree/updater_prune.cc:74: tree pruning end, 1 roots, 35478 extra nodes, 0 pruned nodes, max_depth=100
[129]	validation_0-rmse:9.59816	validation_0-AUC[PR]:0.85955
[02:49:12] src/tree/updater_prune.cc:74: tree pruning end, 1 roots, 35270 extra nodes, 0 pruned nodes, max_depth=100
[130]	validation_0-rmse:9.59969	validation_0-AUC[PR]:0.859027
[02:49:31] src/tree/updater_prune.cc:74: tree pruning end, 1 roots, 33478 extra nodes, 0 pruned nodes, max_depth=100
[131]	validation_0-rmse:9.60072	validation_0-AUC[PR]:0.850242
[02:49:49] src/tree/updater_prune.cc:74: tree pruning end, 1 roots, 34666 extra nodes, 0 pruned nodes, max_depth=100
[132]	validation_0-rmse:9.60018	validation_0-AUC[PR]:0.859118
[02:50:08] src/tree/updater_prune.cc:74: tree pruning end, 1 roots, 32818 extra nodes, 0 pruned nodes, max_depth=100
[133]	validation_0-rmse:9.60029	validation_0-AUC[PR]:0.859138
[02:50:27] src/tree/updater_prune.cc:74: tree pruning end, 1 roots, 34248 extra nodes, 0 pruned nodes, max_depth=100
[134]	validation_0-rmse:9.60183	validation_0-AUC[PR]:0.859377
[02:50:45] src/tree/updater_prune.cc:74: tree pruning end, 1 roots, 33764 extra nodes, 0 pruned nodes, max_depth=100
[135]	validation_0-rmse:9.60327	validation_0-AUC[PR]:0.858766
[02:51:04] src/tree/updater_prune.cc:74: tree pruning end, 1 roots, 34450 extra nodes, 0 pruned nodes, max_depth=100
[136]	validation_0-rmse:9.60418	validation_0-AUC[PR]:0.859164
[02:51:22] src/tree/updater_prune.cc:74: tree pruning end, 1 roots, 31828 extra nodes, 0 pruned nodes, max_depth=100
[137]	validation_0-rmse:9.60629	validation_0-AUC[PR]:0.859616
[02:51:41] src/tree/updater_prune.cc:74: tree pruning end, 1 roots, 33828 extra nodes, 0 pruned nodes, max_depth=100
[138]	validation_0-rmse:9.60714	validation_0-AUC[PR]:0.859764
[02:51:59] src/tree/updater_prune.cc:74: tree pruning end, 1 roots, 34106 extra nodes, 0 pruned nodes, max_depth=100
[139]	validation_0-rmse:9.60848	validation_0-AUC[PR]:0.859482
[02:52:18] src/tree/updater_prune.cc:74: tree pruning end, 1 roots, 33468 extra nodes, 0 pruned nodes, max_depth=100
[140]	validation_0-rmse:9.60883	validation_0-AUC[PR]:0.859198
[02:52:36] src/tree/updater_prune.cc:74: tree pruning end, 1 roots, 33566 extra nodes, 0 pruned nodes, max_depth=100
[141]	validation_0-rmse:9.60982	validation_0-AUC[PR]:0.859766
[02:52:55] src/tree/updater_prune.cc:74: tree pruning end, 1 roots, 32650 extra nodes, 0 pruned nodes, max_depth=100
[142]	validation_0-rmse:9.60993	validation_0-AUC[PR]:0.859669
[02:53:13] src/tree/updater_prune.cc:74: tree pruning end, 1 roots, 34804 extra nodes, 0 pruned nodes, max_depth=100
[143]	validation_0-rmse:9.61033	validation_0-AUC[PR]:0.859553
[02:53:31] src/tree/updater_prune.cc:74: tree pruning end, 1 roots, 32932 extra nodes, 0 pruned nodes, max_depth=100
[144]	validation_0-rmse:9.61038	validation_0-AUC[PR]:0.859862
[02:53:50] src/tree/updater_prune.cc:74: tree pruning end, 1 roots, 33156 extra nodes, 0 pruned nodes, max_depth=100
[145]	validation_0-rmse:9.61139	validation_0-AUC[PR]:0.860126
[02:54:09] src/tree/updater_prune.cc:74: tree pruning end, 1 roots, 33876 extra nodes, 0 pruned nodes, max_depth=100
[146]	validation_0-rmse:9.61144	validation_0-AUC[PR]:0.859266
[02:54:28] src/tree/updater_prune.cc:74: tree pruning end, 1 roots, 32918 extra nodes, 0 pruned nodes, max_depth=100
[147]	validation_0-rmse:9.61206	validation_0-AUC[PR]:0.859831
[02:54:47] src/tree/updater_prune.cc:74: tree pruning end, 1 roots, 32284 extra nodes, 0 pruned nodes, max_depth=100
[148]	validation_0-rmse:9.61226	validation_0-AUC[PR]:0.859703
[02:55:05] src/tree/updater_prune.cc:74: tree pruning end, 1 roots, 34854 extra nodes, 0 pruned nodes, max_depth=100
[149]	validation_0-rmse:9.61397	validation_0-AUC[PR]:0.860041
[02:55:23] src/tree/updater_prune.cc:74: tree pruning end, 1 roots, 33920 extra nodes, 0 pruned nodes, max_depth=100
[150]	validation_0-rmse:9.61452	validation_0-AUC[PR]:0.859955
[02:55:42] src/tree/updater_prune.cc:74: tree pruning end, 1 roots, 33864 extra nodes, 0 pruned nodes, max_depth=100
[151]	validation_0-rmse:9.61389	validation_0-AUC[PR]:0.859608
[02:56:01] src/tree/updater_prune.cc:74: tree pruning end, 1 roots, 31078 extra nodes, 0 pruned nodes, max_depth=100
[152]	validation_0-rmse:9.61435	validation_0-AUC[PR]:0.859741
[02:56:19] src/tree/updater_prune.cc:74: tree pruning end, 1 roots, 31614 extra nodes, 0 pruned nodes, max_depth=100
[153]	validation_0-rmse:9.61548	validation_0-AUC[PR]:0.859916
[02:56:38] src/tree/updater_prune.cc:74: tree pruning end, 1 roots, 34478 extra nodes, 0 pruned nodes, max_depth=100
[154]	validation_0-rmse:9.61709	validation_0-AUC[PR]:0.859352
[02:56:56] src/tree/updater_prune.cc:74: tree pruning end, 1 roots, 32072 extra nodes, 0 pruned nodes, max_depth=100
[155]	validation_0-rmse:9.6168	validation_0-AUC[PR]:0.859409
[02:57:15] src/tree/updater_prune.cc:74: tree pruning end, 1 roots, 34282 extra nodes, 0 pruned nodes, max_depth=100
[156]	validation_0-rmse:9.61741	validation_0-AUC[PR]:0.859847
[02:57:34] src/tree/updater_prune.cc:74: tree pruning end, 1 roots, 34260 extra nodes, 0 pruned nodes, max_depth=100
[157]	validation_0-rmse:9.61718	validation_0-AUC[PR]:0.859806
[02:57:53] src/tree/updater_prune.cc:74: tree pruning end, 1 roots, 33460 extra nodes, 0 pruned nodes, max_depth=100
[158]	validation_0-rmse:9.61747	validation_0-AUC[PR]:0.859805
[02:58:12] src/tree/updater_prune.cc:74: tree pruning end, 1 roots, 32504 extra nodes, 0 pruned nodes, max_depth=100
[159]	validation_0-rmse:9.61897	validation_0-AUC[PR]:0.859474
[02:58:30] src/tree/updater_prune.cc:74: tree pruning end, 1 roots, 30480 extra nodes, 0 pruned nodes, max_depth=100
[160]	validation_0-rmse:9.61963	validation_0-AUC[PR]:0.859707
[02:58:49] src/tree/updater_prune.cc:74: tree pruning end, 1 roots, 33636 extra nodes, 0 pruned nodes, max_depth=100
[161]	validation_0-rmse:9.62032	validation_0-AUC[PR]:0.85999
[02:59:08] src/tree/updater_prune.cc:74: tree pruning end, 1 roots, 32010 extra nodes, 0 pruned nodes, max_depth=100
[162]	validation_0-rmse:9.6201	validation_0-AUC[PR]:0.859827
[02:59:27] src/tree/updater_prune.cc:74: tree pruning end, 1 roots, 35130 extra nodes, 0 pruned nodes, max_depth=100
[163]	validation_0-rmse:9.62073	validation_0-AUC[PR]:0.859781
Stopping. Best iteration:
[63]	validation_0-rmse:9.41107	validation_0-AUC[PR]:0.845603

train precision: 0.349672086128
train roc: 0.998299731422
train hit: 331.0 out of 332.0

val precision: 0.154396749751
val roc: 0.924667885007
val hit: 30.0 out of 56.0

test precision: 0.0761290652624
test roc: 0.859226985466
test hit: 25.0 out of 56.0

ratio: 0.02, EF: 25.8928571429,	active: 56.0
ratio: 0.02, NEF: 0.517857142857
ratio: 0.01, EF: 44.6428571429,	active: 56.0
ratio: 0.01, NEF: 0.446428571429
ratio: 0.0015, EF: 95.2380952381,	active: 56.0
ratio: 0.0015, NEF: 0.142857142857
ratio: 0.001, EF: 142.857142857,	active: 56.0
ratio: 0.001, NEF: 0.190476190476

