label_name_list  [u'PriA-SSB AS Activity', u'PriA-SSB AS % inhibition (Primary Median)']
train files  ['../datasets/keck_pria/fold_0.csv' '../datasets/keck_pria/fold_1.csv'
 '../datasets/keck_pria/fold_2.csv' '../datasets/keck_pria/fold_3.csv'
 '../datasets/keck_pria/fold_6.csv' '../datasets/keck_pria/fold_7.csv']
val files  ['../datasets/keck_pria/fold_4.csv']
test files  ['../datasets/keck_pria/fold_5.csv']
done data preparation
[20:29:27] src/tree/updater_prune.cc:74: tree pruning end, 1 roots, 14278 extra nodes, 0 pruned nodes, max_depth=100
[0]	validation_0-rmse:0.431919	validation_0-AUC[PR]:0.9584
Multiple eval metrics have been passed: 'validation_0-AUC[PR]' will be used for early stopping.

Will train until validation_0-AUC[PR] hasn't improved in 300 rounds.
[20:31:38] src/tree/updater_prune.cc:74: tree pruning end, 1 roots, 14384 extra nodes, 0 pruned nodes, max_depth=99
[1]	validation_0-rmse:0.724546	validation_0-AUC[PR]:0.95292
[20:33:47] src/tree/updater_prune.cc:74: tree pruning end, 1 roots, 15184 extra nodes, 0 pruned nodes, max_depth=100
[2]	validation_0-rmse:1.094	validation_0-AUC[PR]:0.950111
[20:36:19] src/tree/updater_prune.cc:74: tree pruning end, 1 roots, 13636 extra nodes, 0 pruned nodes, max_depth=100
[3]	validation_0-rmse:1.45121	validation_0-AUC[PR]:0.94531
[20:38:27] src/tree/updater_prune.cc:74: tree pruning end, 1 roots, 15104 extra nodes, 0 pruned nodes, max_depth=100
[4]	validation_0-rmse:1.79792	validation_0-AUC[PR]:0.945279
[20:40:51] src/tree/updater_prune.cc:74: tree pruning end, 1 roots, 14974 extra nodes, 0 pruned nodes, max_depth=100
[5]	validation_0-rmse:2.1034	validation_0-AUC[PR]:0.948481
[20:43:04] src/tree/updater_prune.cc:74: tree pruning end, 1 roots, 15214 extra nodes, 0 pruned nodes, max_depth=100
[6]	validation_0-rmse:2.3857	validation_0-AUC[PR]:0.9444
[20:45:11] src/tree/updater_prune.cc:74: tree pruning end, 1 roots, 15514 extra nodes, 0 pruned nodes, max_depth=100
[7]	validation_0-rmse:2.64766	validation_0-AUC[PR]:0.927587
[20:47:34] src/tree/updater_prune.cc:74: tree pruning end, 1 roots, 15716 extra nodes, 0 pruned nodes, max_depth=100
[8]	validation_0-rmse:2.8973	validation_0-AUC[PR]:0.925815
[20:50:01] src/tree/updater_prune.cc:74: tree pruning end, 1 roots, 15670 extra nodes, 0 pruned nodes, max_depth=100
[9]	validation_0-rmse:3.12422	validation_0-AUC[PR]:0.922026
[20:52:15] src/tree/updater_prune.cc:74: tree pruning end, 1 roots, 14138 extra nodes, 0 pruned nodes, max_depth=100
[10]	validation_0-rmse:3.32	validation_0-AUC[PR]:0.918015
[20:54:27] src/tree/updater_prune.cc:74: tree pruning end, 1 roots, 13900 extra nodes, 0 pruned nodes, max_depth=100
[11]	validation_0-rmse:3.50562	validation_0-AUC[PR]:0.908109
[20:56:39] src/tree/updater_prune.cc:74: tree pruning end, 1 roots, 13832 extra nodes, 0 pruned nodes, max_depth=100
[12]	validation_0-rmse:3.67451	validation_0-AUC[PR]:0.901974
[20:59:07] src/tree/updater_prune.cc:74: tree pruning end, 1 roots, 14804 extra nodes, 0 pruned nodes, max_depth=100
[13]	validation_0-rmse:3.84713	validation_0-AUC[PR]:0.898934
[21:01:23] src/tree/updater_prune.cc:74: tree pruning end, 1 roots, 15314 extra nodes, 0 pruned nodes, max_depth=100
[14]	validation_0-rmse:4.00888	validation_0-AUC[PR]:0.901407
[21:03:44] src/tree/updater_prune.cc:74: tree pruning end, 1 roots, 15918 extra nodes, 0 pruned nodes, max_depth=100
[15]	validation_0-rmse:4.15543	validation_0-AUC[PR]:0.901509
[21:06:05] src/tree/updater_prune.cc:74: tree pruning end, 1 roots, 15408 extra nodes, 0 pruned nodes, max_depth=100
[16]	validation_0-rmse:4.2912	validation_0-AUC[PR]:0.900803
[21:08:09] src/tree/updater_prune.cc:74: tree pruning end, 1 roots, 15558 extra nodes, 0 pruned nodes, max_depth=100
[17]	validation_0-rmse:4.41213	validation_0-AUC[PR]:0.899176
[21:10:31] src/tree/updater_prune.cc:74: tree pruning end, 1 roots, 15016 extra nodes, 0 pruned nodes, max_depth=100
[18]	validation_0-rmse:4.52791	validation_0-AUC[PR]:0.897035
[21:12:55] src/tree/updater_prune.cc:74: tree pruning end, 1 roots, 14404 extra nodes, 0 pruned nodes, max_depth=100
[19]	validation_0-rmse:4.62957	validation_0-AUC[PR]:0.897993
[21:15:18] src/tree/updater_prune.cc:74: tree pruning end, 1 roots, 14302 extra nodes, 0 pruned nodes, max_depth=100
[20]	validation_0-rmse:4.71673	validation_0-AUC[PR]:0.896876
[21:17:41] src/tree/updater_prune.cc:74: tree pruning end, 1 roots, 15438 extra nodes, 0 pruned nodes, max_depth=100
[21]	validation_0-rmse:4.80018	validation_0-AUC[PR]:0.898091
[21:20:16] src/tree/updater_prune.cc:74: tree pruning end, 1 roots, 16374 extra nodes, 0 pruned nodes, max_depth=100
[22]	validation_0-rmse:4.89254	validation_0-AUC[PR]:0.901323
[21:22:40] src/tree/updater_prune.cc:74: tree pruning end, 1 roots, 16060 extra nodes, 0 pruned nodes, max_depth=100
[23]	validation_0-rmse:4.97965	validation_0-AUC[PR]:0.899832
[21:25:05] src/tree/updater_prune.cc:74: tree pruning end, 1 roots, 14948 extra nodes, 0 pruned nodes, max_depth=100
[24]	validation_0-rmse:5.05105	validation_0-AUC[PR]:0.91065
[21:27:26] src/tree/updater_prune.cc:74: tree pruning end, 1 roots, 14270 extra nodes, 0 pruned nodes, max_depth=100
[25]	validation_0-rmse:5.12019	validation_0-AUC[PR]:0.910146
[21:29:43] src/tree/updater_prune.cc:74: tree pruning end, 1 roots, 15488 extra nodes, 0 pruned nodes, max_depth=100
[26]	validation_0-rmse:5.1871	validation_0-AUC[PR]:0.910277
[21:32:07] src/tree/updater_prune.cc:74: tree pruning end, 1 roots, 14266 extra nodes, 0 pruned nodes, max_depth=100
[27]	validation_0-rmse:5.2451	validation_0-AUC[PR]:0.909682
[21:34:26] src/tree/updater_prune.cc:74: tree pruning end, 1 roots, 16282 extra nodes, 0 pruned nodes, max_depth=100
[28]	validation_0-rmse:5.30539	validation_0-AUC[PR]:0.906422
[21:36:55] src/tree/updater_prune.cc:74: tree pruning end, 1 roots, 13810 extra nodes, 0 pruned nodes, max_depth=100
[29]	validation_0-rmse:5.36383	validation_0-AUC[PR]:0.904815
[21:39:16] src/tree/updater_prune.cc:74: tree pruning end, 1 roots, 15762 extra nodes, 0 pruned nodes, max_depth=100
[30]	validation_0-rmse:5.41688	validation_0-AUC[PR]:0.905921
[21:41:32] src/tree/updater_prune.cc:74: tree pruning end, 1 roots, 14680 extra nodes, 0 pruned nodes, max_depth=100
[31]	validation_0-rmse:5.47085	validation_0-AUC[PR]:0.906443
[21:43:54] src/tree/updater_prune.cc:74: tree pruning end, 1 roots, 13574 extra nodes, 0 pruned nodes, max_depth=100
[32]	validation_0-rmse:5.51786	validation_0-AUC[PR]:0.905947
[21:46:14] src/tree/updater_prune.cc:74: tree pruning end, 1 roots, 14016 extra nodes, 0 pruned nodes, max_depth=100
[33]	validation_0-rmse:5.55653	validation_0-AUC[PR]:0.909995
[21:48:27] src/tree/updater_prune.cc:74: tree pruning end, 1 roots, 15352 extra nodes, 0 pruned nodes, max_depth=100
[34]	validation_0-rmse:5.60616	validation_0-AUC[PR]:0.911598
[21:50:47] src/tree/updater_prune.cc:74: tree pruning end, 1 roots, 14960 extra nodes, 0 pruned nodes, max_depth=100
[35]	validation_0-rmse:5.6493	validation_0-AUC[PR]:0.911865
[21:53:08] src/tree/updater_prune.cc:74: tree pruning end, 1 roots, 15492 extra nodes, 0 pruned nodes, max_depth=100
[36]	validation_0-rmse:5.6885	validation_0-AUC[PR]:0.913341
[21:55:21] src/tree/updater_prune.cc:74: tree pruning end, 1 roots, 15198 extra nodes, 0 pruned nodes, max_depth=100
[37]	validation_0-rmse:5.72579	validation_0-AUC[PR]:0.915663
[21:57:38] src/tree/updater_prune.cc:74: tree pruning end, 1 roots, 16296 extra nodes, 0 pruned nodes, max_depth=100
[38]	validation_0-rmse:5.76974	validation_0-AUC[PR]:0.914673
[21:59:57] src/tree/updater_prune.cc:74: tree pruning end, 1 roots, 15116 extra nodes, 0 pruned nodes, max_depth=100
[39]	validation_0-rmse:5.80363	validation_0-AUC[PR]:0.916666
[22:02:20] src/tree/updater_prune.cc:74: tree pruning end, 1 roots, 14606 extra nodes, 0 pruned nodes, max_depth=100
[40]	validation_0-rmse:5.83782	validation_0-AUC[PR]:0.918727
[22:04:36] src/tree/updater_prune.cc:74: tree pruning end, 1 roots, 13302 extra nodes, 0 pruned nodes, max_depth=100
[41]	validation_0-rmse:5.86421	validation_0-AUC[PR]:0.917734
[22:07:05] src/tree/updater_prune.cc:74: tree pruning end, 1 roots, 16560 extra nodes, 0 pruned nodes, max_depth=100
[42]	validation_0-rmse:5.89958	validation_0-AUC[PR]:0.918551
[22:09:32] src/tree/updater_prune.cc:74: tree pruning end, 1 roots, 16118 extra nodes, 0 pruned nodes, max_depth=100
[43]	validation_0-rmse:5.93489	validation_0-AUC[PR]:0.916999
[22:11:56] src/tree/updater_prune.cc:74: tree pruning end, 1 roots, 13158 extra nodes, 0 pruned nodes, max_depth=100
[44]	validation_0-rmse:5.96119	validation_0-AUC[PR]:0.918368
[22:14:22] src/tree/updater_prune.cc:74: tree pruning end, 1 roots, 14522 extra nodes, 0 pruned nodes, max_depth=100
[45]	validation_0-rmse:5.98846	validation_0-AUC[PR]:0.914941
[22:16:45] src/tree/updater_prune.cc:74: tree pruning end, 1 roots, 15508 extra nodes, 0 pruned nodes, max_depth=100
[46]	validation_0-rmse:6.01708	validation_0-AUC[PR]:0.913345
[22:19:03] src/tree/updater_prune.cc:74: tree pruning end, 1 roots, 14744 extra nodes, 0 pruned nodes, max_depth=100
[47]	validation_0-rmse:6.04203	validation_0-AUC[PR]:0.913372
[22:21:24] src/tree/updater_prune.cc:74: tree pruning end, 1 roots, 17070 extra nodes, 0 pruned nodes, max_depth=100
[48]	validation_0-rmse:6.07299	validation_0-AUC[PR]:0.913342
[22:23:54] src/tree/updater_prune.cc:74: tree pruning end, 1 roots, 16184 extra nodes, 0 pruned nodes, max_depth=100
[49]	validation_0-rmse:6.0989	validation_0-AUC[PR]:0.913961
[22:26:13] src/tree/updater_prune.cc:74: tree pruning end, 1 roots, 16374 extra nodes, 0 pruned nodes, max_depth=100
[50]	validation_0-rmse:6.12235	validation_0-AUC[PR]:0.914023
[22:28:30] src/tree/updater_prune.cc:74: tree pruning end, 1 roots, 14706 extra nodes, 0 pruned nodes, max_depth=100
[51]	validation_0-rmse:6.14378	validation_0-AUC[PR]:0.912126
[22:30:43] src/tree/updater_prune.cc:74: tree pruning end, 1 roots, 14092 extra nodes, 0 pruned nodes, max_depth=100
[52]	validation_0-rmse:6.1662	validation_0-AUC[PR]:0.912814
[22:33:06] src/tree/updater_prune.cc:74: tree pruning end, 1 roots, 14792 extra nodes, 0 pruned nodes, max_depth=100
[53]	validation_0-rmse:6.18649	validation_0-AUC[PR]:0.913134
[22:35:29] src/tree/updater_prune.cc:74: tree pruning end, 1 roots, 13730 extra nodes, 0 pruned nodes, max_depth=100
[54]	validation_0-rmse:6.20714	validation_0-AUC[PR]:0.913468
[22:37:56] src/tree/updater_prune.cc:74: tree pruning end, 1 roots, 14652 extra nodes, 0 pruned nodes, max_depth=100
[55]	validation_0-rmse:6.22792	validation_0-AUC[PR]:0.913323
[22:40:26] src/tree/updater_prune.cc:74: tree pruning end, 1 roots, 15532 extra nodes, 0 pruned nodes, max_depth=100
[56]	validation_0-rmse:6.25078	validation_0-AUC[PR]:0.912379
[22:42:46] src/tree/updater_prune.cc:74: tree pruning end, 1 roots, 14996 extra nodes, 0 pruned nodes, max_depth=100
[57]	validation_0-rmse:6.27337	validation_0-AUC[PR]:0.913014
[22:45:03] src/tree/updater_prune.cc:74: tree pruning end, 1 roots, 15274 extra nodes, 0 pruned nodes, max_depth=100
[58]	validation_0-rmse:6.2911	validation_0-AUC[PR]:0.912817
[22:47:28] src/tree/updater_prune.cc:74: tree pruning end, 1 roots, 15374 extra nodes, 0 pruned nodes, max_depth=100
[59]	validation_0-rmse:6.30883	validation_0-AUC[PR]:0.911326
[22:49:55] src/tree/updater_prune.cc:74: tree pruning end, 1 roots, 13796 extra nodes, 0 pruned nodes, max_depth=100
[60]	validation_0-rmse:6.32379	validation_0-AUC[PR]:0.912704
[22:52:27] src/tree/updater_prune.cc:74: tree pruning end, 1 roots, 14358 extra nodes, 0 pruned nodes, max_depth=100
[61]	validation_0-rmse:6.3377	validation_0-AUC[PR]:0.913096
[22:54:55] src/tree/updater_prune.cc:74: tree pruning end, 1 roots, 16258 extra nodes, 0 pruned nodes, max_depth=100
[62]	validation_0-rmse:6.35596	validation_0-AUC[PR]:0.912397
[22:57:11] src/tree/updater_prune.cc:74: tree pruning end, 1 roots, 13352 extra nodes, 0 pruned nodes, max_depth=100
[63]	validation_0-rmse:6.37066	validation_0-AUC[PR]:0.913609
[22:59:34] src/tree/updater_prune.cc:74: tree pruning end, 1 roots, 14260 extra nodes, 0 pruned nodes, max_depth=100
[64]	validation_0-rmse:6.38753	validation_0-AUC[PR]:0.913801
[23:01:54] src/tree/updater_prune.cc:74: tree pruning end, 1 roots, 15004 extra nodes, 0 pruned nodes, max_depth=100
[65]	validation_0-rmse:6.40411	validation_0-AUC[PR]:0.914304
[23:04:11] src/tree/updater_prune.cc:74: tree pruning end, 1 roots, 15614 extra nodes, 0 pruned nodes, max_depth=100
[66]	validation_0-rmse:6.42075	validation_0-AUC[PR]:0.915149
[23:06:26] src/tree/updater_prune.cc:74: tree pruning end, 1 roots, 15132 extra nodes, 0 pruned nodes, max_depth=100
[67]	validation_0-rmse:6.43624	validation_0-AUC[PR]:0.91562
[23:08:31] src/tree/updater_prune.cc:74: tree pruning end, 1 roots, 14528 extra nodes, 0 pruned nodes, max_depth=100
[68]	validation_0-rmse:6.44927	validation_0-AUC[PR]:0.915932
[23:10:28] src/tree/updater_prune.cc:74: tree pruning end, 1 roots, 15766 extra nodes, 0 pruned nodes, max_depth=100
[69]	validation_0-rmse:6.46564	validation_0-AUC[PR]:0.915642
[23:12:19] src/tree/updater_prune.cc:74: tree pruning end, 1 roots, 16526 extra nodes, 0 pruned nodes, max_depth=100
[70]	validation_0-rmse:6.48135	validation_0-AUC[PR]:0.915743
[23:14:11] src/tree/updater_prune.cc:74: tree pruning end, 1 roots, 13474 extra nodes, 0 pruned nodes, max_depth=100
[71]	validation_0-rmse:6.497	validation_0-AUC[PR]:0.916265
[23:16:01] src/tree/updater_prune.cc:74: tree pruning end, 1 roots, 15002 extra nodes, 0 pruned nodes, max_depth=100
[72]	validation_0-rmse:6.51037	validation_0-AUC[PR]:0.914635
[23:18:00] src/tree/updater_prune.cc:74: tree pruning end, 1 roots, 16090 extra nodes, 0 pruned nodes, max_depth=100
[73]	validation_0-rmse:6.5247	validation_0-AUC[PR]:0.915834
[23:19:56] src/tree/updater_prune.cc:74: tree pruning end, 1 roots, 14328 extra nodes, 0 pruned nodes, max_depth=100
[74]	validation_0-rmse:6.53725	validation_0-AUC[PR]:0.915545
[23:21:47] src/tree/updater_prune.cc:74: tree pruning end, 1 roots, 15674 extra nodes, 0 pruned nodes, max_depth=100
[75]	validation_0-rmse:6.54988	validation_0-AUC[PR]:0.916705
[23:23:39] src/tree/updater_prune.cc:74: tree pruning end, 1 roots, 13978 extra nodes, 0 pruned nodes, max_depth=100
[76]	validation_0-rmse:6.56264	validation_0-AUC[PR]:0.915846
[23:25:29] src/tree/updater_prune.cc:74: tree pruning end, 1 roots, 14844 extra nodes, 0 pruned nodes, max_depth=100
[77]	validation_0-rmse:6.57403	validation_0-AUC[PR]:0.916962
[23:27:27] src/tree/updater_prune.cc:74: tree pruning end, 1 roots, 14704 extra nodes, 0 pruned nodes, max_depth=100
[78]	validation_0-rmse:6.58591	validation_0-AUC[PR]:0.916913
[23:29:19] src/tree/updater_prune.cc:74: tree pruning end, 1 roots, 14620 extra nodes, 0 pruned nodes, max_depth=100
[79]	validation_0-rmse:6.60088	validation_0-AUC[PR]:0.916273
[23:31:30] src/tree/updater_prune.cc:74: tree pruning end, 1 roots, 14246 extra nodes, 0 pruned nodes, max_depth=100
[80]	validation_0-rmse:6.61253	validation_0-AUC[PR]:0.916927
[23:33:51] src/tree/updater_prune.cc:74: tree pruning end, 1 roots, 16544 extra nodes, 0 pruned nodes, max_depth=100
[81]	validation_0-rmse:6.62456	validation_0-AUC[PR]:0.917583
[23:35:57] src/tree/updater_prune.cc:74: tree pruning end, 1 roots, 14224 extra nodes, 0 pruned nodes, max_depth=100
[82]	validation_0-rmse:6.63697	validation_0-AUC[PR]:0.917842
[23:37:52] src/tree/updater_prune.cc:74: tree pruning end, 1 roots, 14610 extra nodes, 0 pruned nodes, max_depth=100
[83]	validation_0-rmse:6.64853	validation_0-AUC[PR]:0.91775
[23:39:49] src/tree/updater_prune.cc:74: tree pruning end, 1 roots, 15636 extra nodes, 0 pruned nodes, max_depth=100
[84]	validation_0-rmse:6.66169	validation_0-AUC[PR]:0.918067
[23:41:44] src/tree/updater_prune.cc:74: tree pruning end, 1 roots, 14556 extra nodes, 0 pruned nodes, max_depth=100
[85]	validation_0-rmse:6.67219	validation_0-AUC[PR]:0.918092
[23:43:39] src/tree/updater_prune.cc:74: tree pruning end, 1 roots, 15392 extra nodes, 0 pruned nodes, max_depth=100
[86]	validation_0-rmse:6.68258	validation_0-AUC[PR]:0.919171
[23:45:34] src/tree/updater_prune.cc:74: tree pruning end, 1 roots, 13536 extra nodes, 0 pruned nodes, max_depth=100
[87]	validation_0-rmse:6.69272	validation_0-AUC[PR]:0.919066
[23:47:32] src/tree/updater_prune.cc:74: tree pruning end, 1 roots, 15188 extra nodes, 0 pruned nodes, max_depth=100
[88]	validation_0-rmse:6.70668	validation_0-AUC[PR]:0.918891
[23:49:33] src/tree/updater_prune.cc:74: tree pruning end, 1 roots, 16414 extra nodes, 0 pruned nodes, max_depth=100
[89]	validation_0-rmse:6.71793	validation_0-AUC[PR]:0.919439
[23:51:31] src/tree/updater_prune.cc:74: tree pruning end, 1 roots, 14306 extra nodes, 0 pruned nodes, max_depth=100
[90]	validation_0-rmse:6.72768	validation_0-AUC[PR]:0.919375
[23:53:23] src/tree/updater_prune.cc:74: tree pruning end, 1 roots, 11984 extra nodes, 0 pruned nodes, max_depth=100
[91]	validation_0-rmse:6.73568	validation_0-AUC[PR]:0.919124
[23:55:11] src/tree/updater_prune.cc:74: tree pruning end, 1 roots, 15910 extra nodes, 0 pruned nodes, max_depth=100
[92]	validation_0-rmse:6.74477	validation_0-AUC[PR]:0.919192
[23:57:02] src/tree/updater_prune.cc:74: tree pruning end, 1 roots, 15564 extra nodes, 0 pruned nodes, max_depth=100
[93]	validation_0-rmse:6.75436	validation_0-AUC[PR]:0.920377
[23:58:55] src/tree/updater_prune.cc:74: tree pruning end, 1 roots, 16080 extra nodes, 0 pruned nodes, max_depth=100
[94]	validation_0-rmse:6.76398	validation_0-AUC[PR]:0.920424
[00:00:55] src/tree/updater_prune.cc:74: tree pruning end, 1 roots, 16620 extra nodes, 0 pruned nodes, max_depth=100
[95]	validation_0-rmse:6.77554	validation_0-AUC[PR]:0.920285
[00:02:51] src/tree/updater_prune.cc:74: tree pruning end, 1 roots, 14548 extra nodes, 0 pruned nodes, max_depth=100
[96]	validation_0-rmse:6.7833	validation_0-AUC[PR]:0.920217
[00:04:45] src/tree/updater_prune.cc:74: tree pruning end, 1 roots, 15862 extra nodes, 0 pruned nodes, max_depth=100
[97]	validation_0-rmse:6.79376	validation_0-AUC[PR]:0.920414
[00:06:36] src/tree/updater_prune.cc:74: tree pruning end, 1 roots, 14130 extra nodes, 0 pruned nodes, max_depth=100
[98]	validation_0-rmse:6.80307	validation_0-AUC[PR]:0.920987
[00:08:25] src/tree/updater_prune.cc:74: tree pruning end, 1 roots, 14604 extra nodes, 0 pruned nodes, max_depth=100
[99]	validation_0-rmse:6.81217	validation_0-AUC[PR]:0.921277
[00:10:19] src/tree/updater_prune.cc:74: tree pruning end, 1 roots, 14272 extra nodes, 0 pruned nodes, max_depth=100
[100]	validation_0-rmse:6.82113	validation_0-AUC[PR]:0.920868
[00:13:48] src/tree/updater_prune.cc:74: tree pruning end, 1 roots, 14386 extra nodes, 0 pruned nodes, max_depth=100
[101]	validation_0-rmse:6.83021	validation_0-AUC[PR]:0.920663
[00:17:29] src/tree/updater_prune.cc:74: tree pruning end, 1 roots, 16272 extra nodes, 0 pruned nodes, max_depth=100
[102]	validation_0-rmse:6.83862	validation_0-AUC[PR]:0.920661
[00:21:01] src/tree/updater_prune.cc:74: tree pruning end, 1 roots, 15372 extra nodes, 0 pruned nodes, max_depth=100
[103]	validation_0-rmse:6.84737	validation_0-AUC[PR]:0.920723
[00:24:37] src/tree/updater_prune.cc:74: tree pruning end, 1 roots, 14682 extra nodes, 0 pruned nodes, max_depth=100
[104]	validation_0-rmse:6.85648	validation_0-AUC[PR]:0.918937
[00:28:27] src/tree/updater_prune.cc:74: tree pruning end, 1 roots, 14600 extra nodes, 0 pruned nodes, max_depth=100
[105]	validation_0-rmse:6.86448	validation_0-AUC[PR]:0.919068
[00:32:22] src/tree/updater_prune.cc:74: tree pruning end, 1 roots, 15268 extra nodes, 0 pruned nodes, max_depth=100
[106]	validation_0-rmse:6.87457	validation_0-AUC[PR]:0.918822
[00:36:20] src/tree/updater_prune.cc:74: tree pruning end, 1 roots, 15980 extra nodes, 0 pruned nodes, max_depth=100
[107]	validation_0-rmse:6.88519	validation_0-AUC[PR]:0.919042
[00:40:20] src/tree/updater_prune.cc:74: tree pruning end, 1 roots, 15936 extra nodes, 0 pruned nodes, max_depth=100
[108]	validation_0-rmse:6.89204	validation_0-AUC[PR]:0.918911
[00:44:25] src/tree/updater_prune.cc:74: tree pruning end, 1 roots, 15670 extra nodes, 0 pruned nodes, max_depth=100
[109]	validation_0-rmse:6.90241	validation_0-AUC[PR]:0.919015
[00:48:31] src/tree/updater_prune.cc:74: tree pruning end, 1 roots, 14710 extra nodes, 0 pruned nodes, max_depth=100
[110]	validation_0-rmse:6.90964	validation_0-AUC[PR]:0.919115
[00:52:27] src/tree/updater_prune.cc:74: tree pruning end, 1 roots, 13662 extra nodes, 0 pruned nodes, max_depth=100
[111]	validation_0-rmse:6.91595	validation_0-AUC[PR]:0.919006
[00:56:00] src/tree/updater_prune.cc:74: tree pruning end, 1 roots, 14280 extra nodes, 0 pruned nodes, max_depth=100
[112]	validation_0-rmse:6.92424	validation_0-AUC[PR]:0.919313
[00:59:11] src/tree/updater_prune.cc:74: tree pruning end, 1 roots, 14532 extra nodes, 0 pruned nodes, max_depth=100
[113]	validation_0-rmse:6.9333	validation_0-AUC[PR]:0.919237
[01:02:05] src/tree/updater_prune.cc:74: tree pruning end, 1 roots, 15828 extra nodes, 0 pruned nodes, max_depth=100
[114]	validation_0-rmse:6.94072	validation_0-AUC[PR]:0.919164
[01:05:08] src/tree/updater_prune.cc:74: tree pruning end, 1 roots, 16534 extra nodes, 0 pruned nodes, max_depth=100
[115]	validation_0-rmse:6.94864	validation_0-AUC[PR]:0.919232
[01:08:21] src/tree/updater_prune.cc:74: tree pruning end, 1 roots, 13868 extra nodes, 0 pruned nodes, max_depth=100
[116]	validation_0-rmse:6.95566	validation_0-AUC[PR]:0.918775
[01:11:24] src/tree/updater_prune.cc:74: tree pruning end, 1 roots, 14832 extra nodes, 0 pruned nodes, max_depth=100
[117]	validation_0-rmse:6.9623	validation_0-AUC[PR]:0.919724
[01:14:27] src/tree/updater_prune.cc:74: tree pruning end, 1 roots, 14932 extra nodes, 0 pruned nodes, max_depth=100
[118]	validation_0-rmse:6.96943	validation_0-AUC[PR]:0.919029
[01:17:15] src/tree/updater_prune.cc:74: tree pruning end, 1 roots, 14892 extra nodes, 0 pruned nodes, max_depth=100
[119]	validation_0-rmse:6.97628	validation_0-AUC[PR]:0.919293
[01:19:13] src/tree/updater_prune.cc:74: tree pruning end, 1 roots, 16564 extra nodes, 0 pruned nodes, max_depth=100
[120]	validation_0-rmse:6.98367	validation_0-AUC[PR]:0.918634
[01:21:01] src/tree/updater_prune.cc:74: tree pruning end, 1 roots, 12900 extra nodes, 0 pruned nodes, max_depth=100
[121]	validation_0-rmse:6.99086	validation_0-AUC[PR]:0.919683
[01:23:03] src/tree/updater_prune.cc:74: tree pruning end, 1 roots, 14208 extra nodes, 0 pruned nodes, max_depth=100
[122]	validation_0-rmse:6.99743	validation_0-AUC[PR]:0.919003
[01:25:01] src/tree/updater_prune.cc:74: tree pruning end, 1 roots, 14154 extra nodes, 0 pruned nodes, max_depth=100
[123]	validation_0-rmse:7.00423	validation_0-AUC[PR]:0.919108
[01:26:51] src/tree/updater_prune.cc:74: tree pruning end, 1 roots, 14908 extra nodes, 0 pruned nodes, max_depth=100
[124]	validation_0-rmse:7.01096	validation_0-AUC[PR]:0.918849
[01:28:40] src/tree/updater_prune.cc:74: tree pruning end, 1 roots, 15510 extra nodes, 0 pruned nodes, max_depth=100
[125]	validation_0-rmse:7.01677	validation_0-AUC[PR]:0.919039
[01:30:31] src/tree/updater_prune.cc:74: tree pruning end, 1 roots, 14618 extra nodes, 0 pruned nodes, max_depth=100
[126]	validation_0-rmse:7.02379	validation_0-AUC[PR]:0.919763
[01:32:27] src/tree/updater_prune.cc:74: tree pruning end, 1 roots, 16188 extra nodes, 0 pruned nodes, max_depth=100
[127]	validation_0-rmse:7.03092	validation_0-AUC[PR]:0.919345
[01:34:21] src/tree/updater_prune.cc:74: tree pruning end, 1 roots, 16574 extra nodes, 0 pruned nodes, max_depth=100
[128]	validation_0-rmse:7.03915	validation_0-AUC[PR]:0.919574
[01:36:13] src/tree/updater_prune.cc:74: tree pruning end, 1 roots, 14596 extra nodes, 0 pruned nodes, max_depth=100
[129]	validation_0-rmse:7.0454	validation_0-AUC[PR]:0.919747
[01:38:07] src/tree/updater_prune.cc:74: tree pruning end, 1 roots, 14530 extra nodes, 0 pruned nodes, max_depth=100
[130]	validation_0-rmse:7.0527	validation_0-AUC[PR]:0.919924
[01:39:55] src/tree/updater_prune.cc:74: tree pruning end, 1 roots, 14000 extra nodes, 0 pruned nodes, max_depth=100
[131]	validation_0-rmse:7.0604	validation_0-AUC[PR]:0.919575
[01:41:52] src/tree/updater_prune.cc:74: tree pruning end, 1 roots, 13872 extra nodes, 0 pruned nodes, max_depth=100
[132]	validation_0-rmse:7.06699	validation_0-AUC[PR]:0.919655
[01:43:48] src/tree/updater_prune.cc:74: tree pruning end, 1 roots, 13872 extra nodes, 0 pruned nodes, max_depth=100
[133]	validation_0-rmse:7.07297	validation_0-AUC[PR]:0.919545
[01:45:43] src/tree/updater_prune.cc:74: tree pruning end, 1 roots, 15968 extra nodes, 0 pruned nodes, max_depth=100
[134]	validation_0-rmse:7.08043	validation_0-AUC[PR]:0.919347
[01:47:21] src/tree/updater_prune.cc:74: tree pruning end, 1 roots, 13548 extra nodes, 0 pruned nodes, max_depth=100
[135]	validation_0-rmse:7.08312	validation_0-AUC[PR]:0.91919
[01:48:55] src/tree/updater_prune.cc:74: tree pruning end, 1 roots, 14500 extra nodes, 0 pruned nodes, max_depth=100
[136]	validation_0-rmse:7.0875	validation_0-AUC[PR]:0.919254
[01:50:27] src/tree/updater_prune.cc:74: tree pruning end, 1 roots, 15632 extra nodes, 0 pruned nodes, max_depth=100
[137]	validation_0-rmse:7.09331	validation_0-AUC[PR]:0.919447
[01:52:05] src/tree/updater_prune.cc:74: tree pruning end, 1 roots, 15796 extra nodes, 0 pruned nodes, max_depth=100
[138]	validation_0-rmse:7.0996	validation_0-AUC[PR]:0.919484
[01:53:35] src/tree/updater_prune.cc:74: tree pruning end, 1 roots, 16090 extra nodes, 0 pruned nodes, max_depth=100
[139]	validation_0-rmse:7.10564	validation_0-AUC[PR]:0.919311
[01:55:05] src/tree/updater_prune.cc:74: tree pruning end, 1 roots, 12602 extra nodes, 0 pruned nodes, max_depth=100
[140]	validation_0-rmse:7.11187	validation_0-AUC[PR]:0.918925
[01:56:34] src/tree/updater_prune.cc:74: tree pruning end, 1 roots, 15584 extra nodes, 0 pruned nodes, max_depth=100
[141]	validation_0-rmse:7.11796	validation_0-AUC[PR]:0.919655
[01:58:00] src/tree/updater_prune.cc:74: tree pruning end, 1 roots, 14966 extra nodes, 0 pruned nodes, max_depth=100
[142]	validation_0-rmse:7.12529	validation_0-AUC[PR]:0.919407
[01:59:27] src/tree/updater_prune.cc:74: tree pruning end, 1 roots, 16286 extra nodes, 0 pruned nodes, max_depth=100
[143]	validation_0-rmse:7.13259	validation_0-AUC[PR]:0.919352
[02:00:54] src/tree/updater_prune.cc:74: tree pruning end, 1 roots, 15208 extra nodes, 0 pruned nodes, max_depth=100
[144]	validation_0-rmse:7.13989	validation_0-AUC[PR]:0.919434
[02:02:37] src/tree/updater_prune.cc:74: tree pruning end, 1 roots, 14560 extra nodes, 0 pruned nodes, max_depth=100
[145]	validation_0-rmse:7.14608	validation_0-AUC[PR]:0.919661
[02:04:15] src/tree/updater_prune.cc:74: tree pruning end, 1 roots, 16242 extra nodes, 0 pruned nodes, max_depth=100
[146]	validation_0-rmse:7.15299	validation_0-AUC[PR]:0.919697
[02:05:57] src/tree/updater_prune.cc:74: tree pruning end, 1 roots, 13956 extra nodes, 0 pruned nodes, max_depth=100
[147]	validation_0-rmse:7.15773	validation_0-AUC[PR]:0.919443
[02:07:41] src/tree/updater_prune.cc:74: tree pruning end, 1 roots, 15576 extra nodes, 0 pruned nodes, max_depth=100
[148]	validation_0-rmse:7.16406	validation_0-AUC[PR]:0.9196
[02:08:55] src/tree/updater_prune.cc:74: tree pruning end, 1 roots, 16186 extra nodes, 0 pruned nodes, max_depth=100
[149]	validation_0-rmse:7.1693	validation_0-AUC[PR]:0.919726
[02:09:58] src/tree/updater_prune.cc:74: tree pruning end, 1 roots, 15930 extra nodes, 0 pruned nodes, max_depth=100
[150]	validation_0-rmse:7.17551	validation_0-AUC[PR]:0.919596
[02:10:40] src/tree/updater_prune.cc:74: tree pruning end, 1 roots, 15398 extra nodes, 0 pruned nodes, max_depth=100
[151]	validation_0-rmse:7.18131	validation_0-AUC[PR]:0.919725
[02:11:26] src/tree/updater_prune.cc:74: tree pruning end, 1 roots, 15406 extra nodes, 0 pruned nodes, max_depth=100
[152]	validation_0-rmse:7.18687	validation_0-AUC[PR]:0.919556
[02:12:11] src/tree/updater_prune.cc:74: tree pruning end, 1 roots, 15608 extra nodes, 0 pruned nodes, max_depth=100
[153]	validation_0-rmse:7.19179	validation_0-AUC[PR]:0.919833
[02:12:53] src/tree/updater_prune.cc:74: tree pruning end, 1 roots, 15758 extra nodes, 0 pruned nodes, max_depth=100
[154]	validation_0-rmse:7.19574	validation_0-AUC[PR]:0.919856
[02:13:28] src/tree/updater_prune.cc:74: tree pruning end, 1 roots, 15784 extra nodes, 0 pruned nodes, max_depth=100
[155]	validation_0-rmse:7.20233	validation_0-AUC[PR]:0.919272
[02:13:51] src/tree/updater_prune.cc:74: tree pruning end, 1 roots, 15470 extra nodes, 0 pruned nodes, max_depth=100
[156]	validation_0-rmse:7.20738	validation_0-AUC[PR]:0.920139
[02:14:12] src/tree/updater_prune.cc:74: tree pruning end, 1 roots, 15122 extra nodes, 0 pruned nodes, max_depth=100
[157]	validation_0-rmse:7.21238	validation_0-AUC[PR]:0.919734
[02:14:36] src/tree/updater_prune.cc:74: tree pruning end, 1 roots, 14994 extra nodes, 0 pruned nodes, max_depth=100
[158]	validation_0-rmse:7.21614	validation_0-AUC[PR]:0.920532
[02:15:02] src/tree/updater_prune.cc:74: tree pruning end, 1 roots, 15666 extra nodes, 0 pruned nodes, max_depth=100
[159]	validation_0-rmse:7.22083	validation_0-AUC[PR]:0.920971
[02:15:11] src/tree/updater_prune.cc:74: tree pruning end, 1 roots, 14748 extra nodes, 0 pruned nodes, max_depth=100
[160]	validation_0-rmse:7.22538	validation_0-AUC[PR]:0.920989
[02:15:25] src/tree/updater_prune.cc:74: tree pruning end, 1 roots, 15716 extra nodes, 0 pruned nodes, max_depth=100
[161]	validation_0-rmse:7.23206	validation_0-AUC[PR]:0.921681
[02:15:35] src/tree/updater_prune.cc:74: tree pruning end, 1 roots, 15254 extra nodes, 0 pruned nodes, max_depth=100
[162]	validation_0-rmse:7.23727	validation_0-AUC[PR]:0.921715
[02:15:46] src/tree/updater_prune.cc:74: tree pruning end, 1 roots, 15082 extra nodes, 0 pruned nodes, max_depth=100
[163]	validation_0-rmse:7.24246	validation_0-AUC[PR]:0.921363
[02:15:54] src/tree/updater_prune.cc:74: tree pruning end, 1 roots, 15602 extra nodes, 0 pruned nodes, max_depth=100
[164]	validation_0-rmse:7.24782	validation_0-AUC[PR]:0.921401
[02:16:05] src/tree/updater_prune.cc:74: tree pruning end, 1 roots, 15394 extra nodes, 0 pruned nodes, max_depth=100
[165]	validation_0-rmse:7.25098	validation_0-AUC[PR]:0.921847
[02:16:14] src/tree/updater_prune.cc:74: tree pruning end, 1 roots, 13152 extra nodes, 0 pruned nodes, max_depth=100
[166]	validation_0-rmse:7.25606	validation_0-AUC[PR]:0.921959
[02:16:24] src/tree/updater_prune.cc:74: tree pruning end, 1 roots, 15250 extra nodes, 0 pruned nodes, max_depth=100
[167]	validation_0-rmse:7.26204	validation_0-AUC[PR]:0.922059
[02:16:35] src/tree/updater_prune.cc:74: tree pruning end, 1 roots, 13868 extra nodes, 0 pruned nodes, max_depth=100
[168]	validation_0-rmse:7.26511	validation_0-AUC[PR]:0.92196
[02:16:46] src/tree/updater_prune.cc:74: tree pruning end, 1 roots, 13766 extra nodes, 0 pruned nodes, max_depth=100
[169]	validation_0-rmse:7.27067	validation_0-AUC[PR]:0.922395
[02:16:56] src/tree/updater_prune.cc:74: tree pruning end, 1 roots, 15732 extra nodes, 0 pruned nodes, max_depth=100
[170]	validation_0-rmse:7.27643	validation_0-AUC[PR]:0.922327
[02:17:06] src/tree/updater_prune.cc:74: tree pruning end, 1 roots, 15008 extra nodes, 0 pruned nodes, max_depth=100
[171]	validation_0-rmse:7.2807	validation_0-AUC[PR]:0.922198
[02:17:16] src/tree/updater_prune.cc:74: tree pruning end, 1 roots, 15814 extra nodes, 0 pruned nodes, max_depth=100
[172]	validation_0-rmse:7.28683	validation_0-AUC[PR]:0.922421
[02:17:26] src/tree/updater_prune.cc:74: tree pruning end, 1 roots, 14262 extra nodes, 0 pruned nodes, max_depth=100
[173]	validation_0-rmse:7.29155	validation_0-AUC[PR]:0.922688
[02:17:37] src/tree/updater_prune.cc:74: tree pruning end, 1 roots, 15260 extra nodes, 0 pruned nodes, max_depth=100
[174]	validation_0-rmse:7.29591	validation_0-AUC[PR]:0.922578
[02:17:47] src/tree/updater_prune.cc:74: tree pruning end, 1 roots, 13688 extra nodes, 0 pruned nodes, max_depth=100
[175]	validation_0-rmse:7.29945	validation_0-AUC[PR]:0.922194
[02:17:56] src/tree/updater_prune.cc:74: tree pruning end, 1 roots, 14728 extra nodes, 0 pruned nodes, max_depth=100
[176]	validation_0-rmse:7.3033	validation_0-AUC[PR]:0.922855
[02:18:05] src/tree/updater_prune.cc:74: tree pruning end, 1 roots, 14814 extra nodes, 0 pruned nodes, max_depth=100
[177]	validation_0-rmse:7.30783	validation_0-AUC[PR]:0.923274
[02:18:14] src/tree/updater_prune.cc:74: tree pruning end, 1 roots, 15408 extra nodes, 0 pruned nodes, max_depth=100
[178]	validation_0-rmse:7.31214	validation_0-AUC[PR]:0.923563
[02:18:22] src/tree/updater_prune.cc:74: tree pruning end, 1 roots, 15250 extra nodes, 0 pruned nodes, max_depth=100
[179]	validation_0-rmse:7.3168	validation_0-AUC[PR]:0.923601
[02:18:32] src/tree/updater_prune.cc:74: tree pruning end, 1 roots, 15704 extra nodes, 0 pruned nodes, max_depth=100
[180]	validation_0-rmse:7.32166	validation_0-AUC[PR]:0.923664
[02:18:41] src/tree/updater_prune.cc:74: tree pruning end, 1 roots, 16252 extra nodes, 0 pruned nodes, max_depth=100
[181]	validation_0-rmse:7.32593	validation_0-AUC[PR]:0.923568
[02:18:50] src/tree/updater_prune.cc:74: tree pruning end, 1 roots, 14954 extra nodes, 0 pruned nodes, max_depth=100
[182]	validation_0-rmse:7.32994	validation_0-AUC[PR]:0.92393
[02:18:59] src/tree/updater_prune.cc:74: tree pruning end, 1 roots, 15742 extra nodes, 0 pruned nodes, max_depth=100
[183]	validation_0-rmse:7.33408	validation_0-AUC[PR]:0.923486
[02:19:07] src/tree/updater_prune.cc:74: tree pruning end, 1 roots, 13810 extra nodes, 0 pruned nodes, max_depth=100
[184]	validation_0-rmse:7.33762	validation_0-AUC[PR]:0.923951
[02:19:16] src/tree/updater_prune.cc:74: tree pruning end, 1 roots, 15276 extra nodes, 0 pruned nodes, max_depth=100
[185]	validation_0-rmse:7.34178	validation_0-AUC[PR]:0.924067
[02:19:24] src/tree/updater_prune.cc:74: tree pruning end, 1 roots, 14996 extra nodes, 0 pruned nodes, max_depth=100
[186]	validation_0-rmse:7.34541	validation_0-AUC[PR]:0.923856
[02:19:34] src/tree/updater_prune.cc:74: tree pruning end, 1 roots, 15594 extra nodes, 0 pruned nodes, max_depth=100
[187]	validation_0-rmse:7.34997	validation_0-AUC[PR]:0.924178
[02:19:43] src/tree/updater_prune.cc:74: tree pruning end, 1 roots, 14464 extra nodes, 0 pruned nodes, max_depth=100
[188]	validation_0-rmse:7.35447	validation_0-AUC[PR]:0.924063
[02:19:52] src/tree/updater_prune.cc:74: tree pruning end, 1 roots, 16058 extra nodes, 0 pruned nodes, max_depth=100
[189]	validation_0-rmse:7.35873	validation_0-AUC[PR]:0.924401
[02:20:01] src/tree/updater_prune.cc:74: tree pruning end, 1 roots, 13624 extra nodes, 0 pruned nodes, max_depth=100
[190]	validation_0-rmse:7.36222	validation_0-AUC[PR]:0.924537
[02:20:10] src/tree/updater_prune.cc:74: tree pruning end, 1 roots, 16422 extra nodes, 0 pruned nodes, max_depth=100
[191]	validation_0-rmse:7.36709	validation_0-AUC[PR]:0.924491
[02:20:18] src/tree/updater_prune.cc:74: tree pruning end, 1 roots, 15476 extra nodes, 0 pruned nodes, max_depth=100
[192]	validation_0-rmse:7.37175	validation_0-AUC[PR]:0.924523
[02:20:28] src/tree/updater_prune.cc:74: tree pruning end, 1 roots, 14484 extra nodes, 0 pruned nodes, max_depth=100
[193]	validation_0-rmse:7.37634	validation_0-AUC[PR]:0.923992
[02:20:37] src/tree/updater_prune.cc:74: tree pruning end, 1 roots, 14952 extra nodes, 0 pruned nodes, max_depth=100
[194]	validation_0-rmse:7.3807	validation_0-AUC[PR]:0.925051
[02:20:47] src/tree/updater_prune.cc:74: tree pruning end, 1 roots, 13886 extra nodes, 0 pruned nodes, max_depth=100
[195]	validation_0-rmse:7.38372	validation_0-AUC[PR]:0.924742
[02:20:57] src/tree/updater_prune.cc:74: tree pruning end, 1 roots, 13136 extra nodes, 0 pruned nodes, max_depth=100
[196]	validation_0-rmse:7.38662	validation_0-AUC[PR]:0.92512
[02:21:06] src/tree/updater_prune.cc:74: tree pruning end, 1 roots, 15860 extra nodes, 0 pruned nodes, max_depth=100
[197]	validation_0-rmse:7.39075	validation_0-AUC[PR]:0.9251
[02:21:16] src/tree/updater_prune.cc:74: tree pruning end, 1 roots, 15870 extra nodes, 0 pruned nodes, max_depth=100
[198]	validation_0-rmse:7.39501	validation_0-AUC[PR]:0.925026
[02:21:25] src/tree/updater_prune.cc:74: tree pruning end, 1 roots, 14662 extra nodes, 0 pruned nodes, max_depth=100
[199]	validation_0-rmse:7.39782	validation_0-AUC[PR]:0.925391
[02:21:34] src/tree/updater_prune.cc:74: tree pruning end, 1 roots, 15320 extra nodes, 0 pruned nodes, max_depth=100
[200]	validation_0-rmse:7.40254	validation_0-AUC[PR]:0.925814
[02:21:43] src/tree/updater_prune.cc:74: tree pruning end, 1 roots, 15234 extra nodes, 0 pruned nodes, max_depth=100
[201]	validation_0-rmse:7.40616	validation_0-AUC[PR]:0.925784
[02:21:53] src/tree/updater_prune.cc:74: tree pruning end, 1 roots, 15564 extra nodes, 0 pruned nodes, max_depth=100
[202]	validation_0-rmse:7.41064	validation_0-AUC[PR]:0.925583
[02:22:02] src/tree/updater_prune.cc:74: tree pruning end, 1 roots, 15874 extra nodes, 0 pruned nodes, max_depth=100
[203]	validation_0-rmse:7.41454	validation_0-AUC[PR]:0.925406
[02:22:11] src/tree/updater_prune.cc:74: tree pruning end, 1 roots, 16504 extra nodes, 0 pruned nodes, max_depth=100
[204]	validation_0-rmse:7.41753	validation_0-AUC[PR]:0.924955
[02:22:20] src/tree/updater_prune.cc:74: tree pruning end, 1 roots, 15682 extra nodes, 0 pruned nodes, max_depth=100
[205]	validation_0-rmse:7.42079	validation_0-AUC[PR]:0.924514
[02:22:31] src/tree/updater_prune.cc:74: tree pruning end, 1 roots, 15316 extra nodes, 0 pruned nodes, max_depth=100
[206]	validation_0-rmse:7.42384	validation_0-AUC[PR]:0.924565
[02:22:40] src/tree/updater_prune.cc:74: tree pruning end, 1 roots, 13300 extra nodes, 0 pruned nodes, max_depth=100
[207]	validation_0-rmse:7.42809	validation_0-AUC[PR]:0.924527
[02:22:50] src/tree/updater_prune.cc:74: tree pruning end, 1 roots, 13992 extra nodes, 0 pruned nodes, max_depth=100
[208]	validation_0-rmse:7.43053	validation_0-AUC[PR]:0.924612
[02:23:00] src/tree/updater_prune.cc:74: tree pruning end, 1 roots, 13420 extra nodes, 0 pruned nodes, max_depth=100
[209]	validation_0-rmse:7.43414	validation_0-AUC[PR]:0.924351
[02:23:10] src/tree/updater_prune.cc:74: tree pruning end, 1 roots, 13708 extra nodes, 0 pruned nodes, max_depth=100
[210]	validation_0-rmse:7.43705	validation_0-AUC[PR]:0.92422
[02:23:20] src/tree/updater_prune.cc:74: tree pruning end, 1 roots, 14142 extra nodes, 0 pruned nodes, max_depth=100
[211]	validation_0-rmse:7.44037	validation_0-AUC[PR]:0.924255
[02:23:29] src/tree/updater_prune.cc:74: tree pruning end, 1 roots, 16024 extra nodes, 0 pruned nodes, max_depth=100
[212]	validation_0-rmse:7.44419	validation_0-AUC[PR]:0.924958
[02:23:39] src/tree/updater_prune.cc:74: tree pruning end, 1 roots, 13236 extra nodes, 0 pruned nodes, max_depth=100
[213]	validation_0-rmse:7.44782	validation_0-AUC[PR]:0.924926
[02:23:48] src/tree/updater_prune.cc:74: tree pruning end, 1 roots, 14626 extra nodes, 0 pruned nodes, max_depth=100
[214]	validation_0-rmse:7.45098	validation_0-AUC[PR]:0.924945
[02:23:58] src/tree/updater_prune.cc:74: tree pruning end, 1 roots, 13698 extra nodes, 0 pruned nodes, max_depth=100
[215]	validation_0-rmse:7.45415	validation_0-AUC[PR]:0.924618
[02:24:07] src/tree/updater_prune.cc:74: tree pruning end, 1 roots, 14572 extra nodes, 0 pruned nodes, max_depth=100
[216]	validation_0-rmse:7.45781	validation_0-AUC[PR]:0.924646
[02:24:16] src/tree/updater_prune.cc:74: tree pruning end, 1 roots, 15760 extra nodes, 0 pruned nodes, max_depth=100
[217]	validation_0-rmse:7.46021	validation_0-AUC[PR]:0.924289
[02:24:25] src/tree/updater_prune.cc:74: tree pruning end, 1 roots, 12978 extra nodes, 0 pruned nodes, max_depth=100
[218]	validation_0-rmse:7.46283	validation_0-AUC[PR]:0.924665
[02:24:35] src/tree/updater_prune.cc:74: tree pruning end, 1 roots, 15724 extra nodes, 0 pruned nodes, max_depth=100
[219]	validation_0-rmse:7.46556	validation_0-AUC[PR]:0.924216
[02:24:44] src/tree/updater_prune.cc:74: tree pruning end, 1 roots, 14944 extra nodes, 0 pruned nodes, max_depth=100
[220]	validation_0-rmse:7.46855	validation_0-AUC[PR]:0.924749
[02:24:54] src/tree/updater_prune.cc:74: tree pruning end, 1 roots, 15240 extra nodes, 0 pruned nodes, max_depth=100
[221]	validation_0-rmse:7.47181	validation_0-AUC[PR]:0.924416
[02:25:03] src/tree/updater_prune.cc:74: tree pruning end, 1 roots, 14438 extra nodes, 0 pruned nodes, max_depth=100
[222]	validation_0-rmse:7.47495	validation_0-AUC[PR]:0.924535
[02:25:12] src/tree/updater_prune.cc:74: tree pruning end, 1 roots, 12510 extra nodes, 0 pruned nodes, max_depth=100
[223]	validation_0-rmse:7.47865	validation_0-AUC[PR]:0.924523
[02:25:22] src/tree/updater_prune.cc:74: tree pruning end, 1 roots, 14686 extra nodes, 0 pruned nodes, max_depth=100
[224]	validation_0-rmse:7.48172	validation_0-AUC[PR]:0.924513
[02:25:31] src/tree/updater_prune.cc:74: tree pruning end, 1 roots, 13640 extra nodes, 0 pruned nodes, max_depth=100
[225]	validation_0-rmse:7.48455	validation_0-AUC[PR]:0.924345
[02:25:41] src/tree/updater_prune.cc:74: tree pruning end, 1 roots, 15244 extra nodes, 0 pruned nodes, max_depth=100
[226]	validation_0-rmse:7.48807	validation_0-AUC[PR]:0.924694
[02:25:50] src/tree/updater_prune.cc:74: tree pruning end, 1 roots, 16454 extra nodes, 0 pruned nodes, max_depth=100
[227]	validation_0-rmse:7.49161	validation_0-AUC[PR]:0.924252
[02:26:02] src/tree/updater_prune.cc:74: tree pruning end, 1 roots, 14626 extra nodes, 0 pruned nodes, max_depth=100
[228]	validation_0-rmse:7.49446	validation_0-AUC[PR]:0.923954
[02:26:14] src/tree/updater_prune.cc:74: tree pruning end, 1 roots, 14454 extra nodes, 0 pruned nodes, max_depth=100
[229]	validation_0-rmse:7.49691	validation_0-AUC[PR]:0.924269
[02:26:23] src/tree/updater_prune.cc:74: tree pruning end, 1 roots, 14618 extra nodes, 0 pruned nodes, max_depth=100
[230]	validation_0-rmse:7.49928	validation_0-AUC[PR]:0.924005
[02:26:33] src/tree/updater_prune.cc:74: tree pruning end, 1 roots, 14878 extra nodes, 0 pruned nodes, max_depth=100
[231]	validation_0-rmse:7.50217	validation_0-AUC[PR]:0.923717
[02:26:43] src/tree/updater_prune.cc:74: tree pruning end, 1 roots, 14682 extra nodes, 0 pruned nodes, max_depth=100
[232]	validation_0-rmse:7.50499	validation_0-AUC[PR]:0.923851
[02:26:53] src/tree/updater_prune.cc:74: tree pruning end, 1 roots, 15136 extra nodes, 0 pruned nodes, max_depth=100
[233]	validation_0-rmse:7.50764	validation_0-AUC[PR]:0.923732
[02:27:04] src/tree/updater_prune.cc:74: tree pruning end, 1 roots, 14802 extra nodes, 0 pruned nodes, max_depth=100
[234]	validation_0-rmse:7.51114	validation_0-AUC[PR]:0.925288
[02:27:15] src/tree/updater_prune.cc:74: tree pruning end, 1 roots, 15080 extra nodes, 0 pruned nodes, max_depth=100
[235]	validation_0-rmse:7.51439	validation_0-AUC[PR]:0.925433
[02:27:24] src/tree/updater_prune.cc:74: tree pruning end, 1 roots, 15854 extra nodes, 0 pruned nodes, max_depth=100
[236]	validation_0-rmse:7.51706	validation_0-AUC[PR]:0.925718
[02:27:33] src/tree/updater_prune.cc:74: tree pruning end, 1 roots, 15462 extra nodes, 0 pruned nodes, max_depth=100
[237]	validation_0-rmse:7.52082	validation_0-AUC[PR]:0.925359
[02:27:43] src/tree/updater_prune.cc:74: tree pruning end, 1 roots, 14856 extra nodes, 0 pruned nodes, max_depth=100
[238]	validation_0-rmse:7.52399	validation_0-AUC[PR]:0.925197
[02:27:52] src/tree/updater_prune.cc:74: tree pruning end, 1 roots, 16418 extra nodes, 0 pruned nodes, max_depth=100
[239]	validation_0-rmse:7.52738	validation_0-AUC[PR]:0.925347
[02:28:01] src/tree/updater_prune.cc:74: tree pruning end, 1 roots, 13178 extra nodes, 0 pruned nodes, max_depth=100
[240]	validation_0-rmse:7.52956	validation_0-AUC[PR]:0.925226
[02:28:14] src/tree/updater_prune.cc:74: tree pruning end, 1 roots, 13498 extra nodes, 0 pruned nodes, max_depth=100
[241]	validation_0-rmse:7.53229	validation_0-AUC[PR]:0.925268
[02:28:23] src/tree/updater_prune.cc:74: tree pruning end, 1 roots, 14524 extra nodes, 0 pruned nodes, max_depth=100
[242]	validation_0-rmse:7.53487	validation_0-AUC[PR]:0.925276
[02:28:33] src/tree/updater_prune.cc:74: tree pruning end, 1 roots, 15288 extra nodes, 0 pruned nodes, max_depth=100
[243]	validation_0-rmse:7.53777	validation_0-AUC[PR]:0.925742
[02:28:41] src/tree/updater_prune.cc:74: tree pruning end, 1 roots, 15024 extra nodes, 0 pruned nodes, max_depth=100
[244]	validation_0-rmse:7.54098	validation_0-AUC[PR]:0.925636
[02:28:50] src/tree/updater_prune.cc:74: tree pruning end, 1 roots, 13908 extra nodes, 0 pruned nodes, max_depth=100
[245]	validation_0-rmse:7.54338	validation_0-AUC[PR]:0.925554
[02:28:59] src/tree/updater_prune.cc:74: tree pruning end, 1 roots, 15600 extra nodes, 0 pruned nodes, max_depth=100
[246]	validation_0-rmse:7.5462	validation_0-AUC[PR]:0.925578
[02:29:08] src/tree/updater_prune.cc:74: tree pruning end, 1 roots, 14798 extra nodes, 0 pruned nodes, max_depth=100
[247]	validation_0-rmse:7.54893	validation_0-AUC[PR]:0.925471
[02:29:17] src/tree/updater_prune.cc:74: tree pruning end, 1 roots, 16550 extra nodes, 0 pruned nodes, max_depth=100
[248]	validation_0-rmse:7.55268	validation_0-AUC[PR]:0.925448
[02:29:25] src/tree/updater_prune.cc:74: tree pruning end, 1 roots, 15000 extra nodes, 0 pruned nodes, max_depth=100
[249]	validation_0-rmse:7.55566	validation_0-AUC[PR]:0.925525
[02:29:34] src/tree/updater_prune.cc:74: tree pruning end, 1 roots, 15842 extra nodes, 0 pruned nodes, max_depth=100
[250]	validation_0-rmse:7.55757	validation_0-AUC[PR]:0.925202
[02:29:43] src/tree/updater_prune.cc:74: tree pruning end, 1 roots, 14182 extra nodes, 0 pruned nodes, max_depth=100
[251]	validation_0-rmse:7.56034	validation_0-AUC[PR]:0.926019
[02:29:52] src/tree/updater_prune.cc:74: tree pruning end, 1 roots, 15114 extra nodes, 0 pruned nodes, max_depth=100
[252]	validation_0-rmse:7.56213	validation_0-AUC[PR]:0.926138
[02:30:00] src/tree/updater_prune.cc:74: tree pruning end, 1 roots, 14756 extra nodes, 0 pruned nodes, max_depth=100
[253]	validation_0-rmse:7.56458	validation_0-AUC[PR]:0.92607
[02:30:09] src/tree/updater_prune.cc:74: tree pruning end, 1 roots, 12916 extra nodes, 0 pruned nodes, max_depth=100
[254]	validation_0-rmse:7.56696	validation_0-AUC[PR]:0.925982
[02:30:19] src/tree/updater_prune.cc:74: tree pruning end, 1 roots, 11754 extra nodes, 0 pruned nodes, max_depth=100
[255]	validation_0-rmse:7.56916	validation_0-AUC[PR]:0.925982
[02:30:28] src/tree/updater_prune.cc:74: tree pruning end, 1 roots, 14626 extra nodes, 0 pruned nodes, max_depth=100
[256]	validation_0-rmse:7.57206	validation_0-AUC[PR]:0.925931
[02:30:37] src/tree/updater_prune.cc:74: tree pruning end, 1 roots, 16442 extra nodes, 0 pruned nodes, max_depth=100
[257]	validation_0-rmse:7.57439	validation_0-AUC[PR]:0.925866
[02:30:46] src/tree/updater_prune.cc:74: tree pruning end, 1 roots, 14900 extra nodes, 0 pruned nodes, max_depth=100
[258]	validation_0-rmse:7.57698	validation_0-AUC[PR]:0.926065
[02:30:55] src/tree/updater_prune.cc:74: tree pruning end, 1 roots, 15528 extra nodes, 0 pruned nodes, max_depth=100
[259]	validation_0-rmse:7.57937	validation_0-AUC[PR]:0.926243
[02:31:04] src/tree/updater_prune.cc:74: tree pruning end, 1 roots, 15222 extra nodes, 0 pruned nodes, max_depth=100
[260]	validation_0-rmse:7.5817	validation_0-AUC[PR]:0.926029
[02:31:12] src/tree/updater_prune.cc:74: tree pruning end, 1 roots, 13948 extra nodes, 0 pruned nodes, max_depth=100
[261]	validation_0-rmse:7.58452	validation_0-AUC[PR]:0.926135
[02:31:21] src/tree/updater_prune.cc:74: tree pruning end, 1 roots, 16434 extra nodes, 0 pruned nodes, max_depth=100
[262]	validation_0-rmse:7.58743	validation_0-AUC[PR]:0.926292
[02:31:30] src/tree/updater_prune.cc:74: tree pruning end, 1 roots, 12564 extra nodes, 0 pruned nodes, max_depth=100
[263]	validation_0-rmse:7.5897	validation_0-AUC[PR]:0.926287
[02:31:39] src/tree/updater_prune.cc:74: tree pruning end, 1 roots, 14744 extra nodes, 0 pruned nodes, max_depth=100
[264]	validation_0-rmse:7.59208	validation_0-AUC[PR]:0.926444
[02:31:48] src/tree/updater_prune.cc:74: tree pruning end, 1 roots, 15810 extra nodes, 0 pruned nodes, max_depth=100
[265]	validation_0-rmse:7.5952	validation_0-AUC[PR]:0.926321
[02:31:57] src/tree/updater_prune.cc:74: tree pruning end, 1 roots, 16598 extra nodes, 0 pruned nodes, max_depth=100
[266]	validation_0-rmse:7.59779	validation_0-AUC[PR]:0.926737
[02:32:06] src/tree/updater_prune.cc:74: tree pruning end, 1 roots, 16208 extra nodes, 0 pruned nodes, max_depth=100
[267]	validation_0-rmse:7.60042	validation_0-AUC[PR]:0.927165
[02:32:15] src/tree/updater_prune.cc:74: tree pruning end, 1 roots, 15542 extra nodes, 0 pruned nodes, max_depth=100
[268]	validation_0-rmse:7.60273	validation_0-AUC[PR]:0.926988
[02:32:24] src/tree/updater_prune.cc:74: tree pruning end, 1 roots, 16062 extra nodes, 0 pruned nodes, max_depth=100
[269]	validation_0-rmse:7.60523	validation_0-AUC[PR]:0.92686
[02:32:33] src/tree/updater_prune.cc:74: tree pruning end, 1 roots, 16474 extra nodes, 0 pruned nodes, max_depth=100
[270]	validation_0-rmse:7.60769	validation_0-AUC[PR]:0.927064
[02:32:42] src/tree/updater_prune.cc:74: tree pruning end, 1 roots, 16190 extra nodes, 0 pruned nodes, max_depth=100
[271]	validation_0-rmse:7.6098	validation_0-AUC[PR]:0.926713
[02:32:51] src/tree/updater_prune.cc:74: tree pruning end, 1 roots, 13028 extra nodes, 0 pruned nodes, max_depth=100
[272]	validation_0-rmse:7.61206	validation_0-AUC[PR]:0.926679
[02:33:00] src/tree/updater_prune.cc:74: tree pruning end, 1 roots, 16474 extra nodes, 0 pruned nodes, max_depth=100
[273]	validation_0-rmse:7.61436	validation_0-AUC[PR]:0.926551
[02:33:09] src/tree/updater_prune.cc:74: tree pruning end, 1 roots, 15344 extra nodes, 0 pruned nodes, max_depth=100
[274]	validation_0-rmse:7.6172	validation_0-AUC[PR]:0.926875
[02:33:18] src/tree/updater_prune.cc:74: tree pruning end, 1 roots, 13874 extra nodes, 0 pruned nodes, max_depth=100
[275]	validation_0-rmse:7.61939	validation_0-AUC[PR]:0.92636
[02:33:27] src/tree/updater_prune.cc:74: tree pruning end, 1 roots, 15562 extra nodes, 0 pruned nodes, max_depth=100
[276]	validation_0-rmse:7.62176	validation_0-AUC[PR]:0.926881
[02:33:37] src/tree/updater_prune.cc:74: tree pruning end, 1 roots, 14880 extra nodes, 0 pruned nodes, max_depth=100
[277]	validation_0-rmse:7.62418	validation_0-AUC[PR]:0.926761
[02:33:46] src/tree/updater_prune.cc:74: tree pruning end, 1 roots, 13674 extra nodes, 0 pruned nodes, max_depth=100
[278]	validation_0-rmse:7.62611	validation_0-AUC[PR]:0.926747
[02:33:56] src/tree/updater_prune.cc:74: tree pruning end, 1 roots, 14958 extra nodes, 0 pruned nodes, max_depth=100
[279]	validation_0-rmse:7.62827	validation_0-AUC[PR]:0.926884
[02:34:05] src/tree/updater_prune.cc:74: tree pruning end, 1 roots, 15414 extra nodes, 0 pruned nodes, max_depth=100
[280]	validation_0-rmse:7.63104	validation_0-AUC[PR]:0.927003
[02:34:14] src/tree/updater_prune.cc:74: tree pruning end, 1 roots, 15404 extra nodes, 0 pruned nodes, max_depth=100
[281]	validation_0-rmse:7.63333	validation_0-AUC[PR]:0.926938
[02:34:23] src/tree/updater_prune.cc:74: tree pruning end, 1 roots, 15690 extra nodes, 0 pruned nodes, max_depth=100
[282]	validation_0-rmse:7.63587	validation_0-AUC[PR]:0.926354
[02:34:32] src/tree/updater_prune.cc:74: tree pruning end, 1 roots, 13500 extra nodes, 0 pruned nodes, max_depth=100
[283]	validation_0-rmse:7.63812	validation_0-AUC[PR]:0.926945
[02:34:41] src/tree/updater_prune.cc:74: tree pruning end, 1 roots, 13904 extra nodes, 0 pruned nodes, max_depth=100
[284]	validation_0-rmse:7.64042	validation_0-AUC[PR]:0.926895
[02:34:50] src/tree/updater_prune.cc:74: tree pruning end, 1 roots, 14720 extra nodes, 0 pruned nodes, max_depth=100
[285]	validation_0-rmse:7.64284	validation_0-AUC[PR]:0.926938
[02:34:59] src/tree/updater_prune.cc:74: tree pruning end, 1 roots, 15738 extra nodes, 0 pruned nodes, max_depth=100
[286]	validation_0-rmse:7.64454	validation_0-AUC[PR]:0.926936
[02:35:08] src/tree/updater_prune.cc:74: tree pruning end, 1 roots, 15796 extra nodes, 0 pruned nodes, max_depth=100
[287]	validation_0-rmse:7.64654	validation_0-AUC[PR]:0.927026
[02:35:18] src/tree/updater_prune.cc:74: tree pruning end, 1 roots, 14770 extra nodes, 0 pruned nodes, max_depth=100
[288]	validation_0-rmse:7.64843	validation_0-AUC[PR]:0.927046
[02:35:27] src/tree/updater_prune.cc:74: tree pruning end, 1 roots, 15454 extra nodes, 0 pruned nodes, max_depth=100
[289]	validation_0-rmse:7.65033	validation_0-AUC[PR]:0.927097
[02:35:36] src/tree/updater_prune.cc:74: tree pruning end, 1 roots, 15250 extra nodes, 0 pruned nodes, max_depth=100
[290]	validation_0-rmse:7.65214	validation_0-AUC[PR]:0.926843
[02:35:45] src/tree/updater_prune.cc:74: tree pruning end, 1 roots, 14526 extra nodes, 0 pruned nodes, max_depth=100
[291]	validation_0-rmse:7.65336	validation_0-AUC[PR]:0.926887
[02:35:54] src/tree/updater_prune.cc:74: tree pruning end, 1 roots, 12668 extra nodes, 0 pruned nodes, max_depth=100
[292]	validation_0-rmse:7.65525	validation_0-AUC[PR]:0.927011
[02:36:03] src/tree/updater_prune.cc:74: tree pruning end, 1 roots, 15148 extra nodes, 0 pruned nodes, max_depth=100
[293]	validation_0-rmse:7.65702	validation_0-AUC[PR]:0.926932
[02:36:12] src/tree/updater_prune.cc:74: tree pruning end, 1 roots, 16890 extra nodes, 0 pruned nodes, max_depth=100
[294]	validation_0-rmse:7.65893	validation_0-AUC[PR]:0.927009
[02:36:22] src/tree/updater_prune.cc:74: tree pruning end, 1 roots, 15838 extra nodes, 0 pruned nodes, max_depth=100
[295]	validation_0-rmse:7.66178	validation_0-AUC[PR]:0.927167
[02:36:31] src/tree/updater_prune.cc:74: tree pruning end, 1 roots, 13976 extra nodes, 0 pruned nodes, max_depth=100
[296]	validation_0-rmse:7.66357	validation_0-AUC[PR]:0.927328
[02:36:42] src/tree/updater_prune.cc:74: tree pruning end, 1 roots, 15434 extra nodes, 0 pruned nodes, max_depth=100
[297]	validation_0-rmse:7.66572	validation_0-AUC[PR]:0.927349
[02:36:51] src/tree/updater_prune.cc:74: tree pruning end, 1 roots, 15558 extra nodes, 0 pruned nodes, max_depth=100
[298]	validation_0-rmse:7.66759	validation_0-AUC[PR]:0.92721
[02:37:00] src/tree/updater_prune.cc:74: tree pruning end, 1 roots, 15714 extra nodes, 0 pruned nodes, max_depth=100
[299]	validation_0-rmse:7.66928	validation_0-AUC[PR]:0.927291
train precision: 0.128827809513
train roc: 0.989319079501
train hit: 229.0 out of 334.0

val precision: 0.103124020971
val roc: 0.872303349843
val hit: 22.0 out of 55.0

test precision: 0.154327453611
test roc: 0.86297213121
test hit: 25.0 out of 55.0

ratio: 0.02, EF: 25.4545454545,	active: 55.0
ratio: 0.02, NEF: 0.509090909091
ratio: 0.01, EF: 45.4545454545,	active: 55.0
ratio: 0.01, NEF: 0.454545454545
ratio: 0.0015, EF: 145.454545455,	active: 55.0
ratio: 0.0015, NEF: 0.218181818182
ratio: 0.001, EF: 200.0,	active: 55.0
ratio: 0.001, NEF: 0.261904761905

