label_name_list  [u'PriA-SSB AS Activity', u'PriA-SSB AS % inhibition (Primary Median)']
train files  ['../datasets/keck_pria/fold_0.csv' '../datasets/keck_pria/fold_1.csv'
 '../datasets/keck_pria/fold_2.csv' '../datasets/keck_pria/fold_3.csv'
 '../datasets/keck_pria/fold_6.csv' '../datasets/keck_pria/fold_7.csv']
val files  ['../datasets/keck_pria/fold_4.csv']
test files  ['../datasets/keck_pria/fold_5.csv']
done data preparation
[23:29:14] src/tree/updater_prune.cc:74: tree pruning end, 1 roots, 8592 extra nodes, 0 pruned nodes, max_depth=50
[0]	validation_0-rmse:1.82167	validation_0-AUC[PR]:0.972009
Multiple eval metrics have been passed: 'validation_0-AUC[PR]' will be used for early stopping.

Will train until validation_0-AUC[PR] hasn't improved in 100 rounds.
[23:29:30] src/tree/updater_prune.cc:74: tree pruning end, 1 roots, 8368 extra nodes, 0 pruned nodes, max_depth=50
[1]	validation_0-rmse:3.02606	validation_0-AUC[PR]:0.971313
[23:29:46] src/tree/updater_prune.cc:74: tree pruning end, 1 roots, 7756 extra nodes, 0 pruned nodes, max_depth=50
[2]	validation_0-rmse:3.90387	validation_0-AUC[PR]:0.966029
[23:30:03] src/tree/updater_prune.cc:74: tree pruning end, 1 roots, 7586 extra nodes, 0 pruned nodes, max_depth=50
[3]	validation_0-rmse:4.57548	validation_0-AUC[PR]:0.965127
[23:30:19] src/tree/updater_prune.cc:74: tree pruning end, 1 roots, 7516 extra nodes, 0 pruned nodes, max_depth=50
[4]	validation_0-rmse:5.08278	validation_0-AUC[PR]:0.967834
[23:30:37] src/tree/updater_prune.cc:74: tree pruning end, 1 roots, 6998 extra nodes, 0 pruned nodes, max_depth=50
[5]	validation_0-rmse:5.46392	validation_0-AUC[PR]:0.958819
[23:30:54] src/tree/updater_prune.cc:74: tree pruning end, 1 roots, 6510 extra nodes, 0 pruned nodes, max_depth=50
[6]	validation_0-rmse:5.7681	validation_0-AUC[PR]:0.945209
[23:31:11] src/tree/updater_prune.cc:74: tree pruning end, 1 roots, 6828 extra nodes, 0 pruned nodes, max_depth=50
[7]	validation_0-rmse:6.01892	validation_0-AUC[PR]:0.950845
[23:31:28] src/tree/updater_prune.cc:74: tree pruning end, 1 roots, 5886 extra nodes, 0 pruned nodes, max_depth=50
[8]	validation_0-rmse:6.21355	validation_0-AUC[PR]:0.948806
[23:31:46] src/tree/updater_prune.cc:74: tree pruning end, 1 roots, 5302 extra nodes, 0 pruned nodes, max_depth=50
[9]	validation_0-rmse:6.36555	validation_0-AUC[PR]:0.946592
[23:32:03] src/tree/updater_prune.cc:74: tree pruning end, 1 roots, 5312 extra nodes, 0 pruned nodes, max_depth=50
[10]	validation_0-rmse:6.50124	validation_0-AUC[PR]:0.945187
[23:32:20] src/tree/updater_prune.cc:74: tree pruning end, 1 roots, 5820 extra nodes, 0 pruned nodes, max_depth=50
[11]	validation_0-rmse:6.62793	validation_0-AUC[PR]:0.938707
[23:32:37] src/tree/updater_prune.cc:74: tree pruning end, 1 roots, 5914 extra nodes, 0 pruned nodes, max_depth=50
[12]	validation_0-rmse:6.73857	validation_0-AUC[PR]:0.939929
[23:32:54] src/tree/updater_prune.cc:74: tree pruning end, 1 roots, 6106 extra nodes, 0 pruned nodes, max_depth=50
[13]	validation_0-rmse:6.84539	validation_0-AUC[PR]:0.929613
[23:33:12] src/tree/updater_prune.cc:74: tree pruning end, 1 roots, 5790 extra nodes, 0 pruned nodes, max_depth=50
[14]	validation_0-rmse:6.9383	validation_0-AUC[PR]:0.927742
[23:33:29] src/tree/updater_prune.cc:74: tree pruning end, 1 roots, 5518 extra nodes, 0 pruned nodes, max_depth=50
[15]	validation_0-rmse:7.01391	validation_0-AUC[PR]:0.929063
[23:33:46] src/tree/updater_prune.cc:74: tree pruning end, 1 roots, 5748 extra nodes, 0 pruned nodes, max_depth=50
[16]	validation_0-rmse:7.09676	validation_0-AUC[PR]:0.932105
[23:34:04] src/tree/updater_prune.cc:74: tree pruning end, 1 roots, 5092 extra nodes, 0 pruned nodes, max_depth=50
[17]	validation_0-rmse:7.16373	validation_0-AUC[PR]:0.932326
[23:34:21] src/tree/updater_prune.cc:74: tree pruning end, 1 roots, 4958 extra nodes, 0 pruned nodes, max_depth=50
[18]	validation_0-rmse:7.22138	validation_0-AUC[PR]:0.93668
[23:34:39] src/tree/updater_prune.cc:74: tree pruning end, 1 roots, 4218 extra nodes, 0 pruned nodes, max_depth=50
[19]	validation_0-rmse:7.26536	validation_0-AUC[PR]:0.938261
[23:34:56] src/tree/updater_prune.cc:74: tree pruning end, 1 roots, 5832 extra nodes, 0 pruned nodes, max_depth=50
[20]	validation_0-rmse:7.32383	validation_0-AUC[PR]:0.935294
[23:35:13] src/tree/updater_prune.cc:74: tree pruning end, 1 roots, 5118 extra nodes, 0 pruned nodes, max_depth=50
[21]	validation_0-rmse:7.37635	validation_0-AUC[PR]:0.937111
[23:35:30] src/tree/updater_prune.cc:74: tree pruning end, 1 roots, 4892 extra nodes, 0 pruned nodes, max_depth=50
[22]	validation_0-rmse:7.42103	validation_0-AUC[PR]:0.934261
[23:35:47] src/tree/updater_prune.cc:74: tree pruning end, 1 roots, 5532 extra nodes, 0 pruned nodes, max_depth=50
[23]	validation_0-rmse:7.47393	validation_0-AUC[PR]:0.933439
[23:36:05] src/tree/updater_prune.cc:74: tree pruning end, 1 roots, 5286 extra nodes, 0 pruned nodes, max_depth=50
[24]	validation_0-rmse:7.51198	validation_0-AUC[PR]:0.931343
[23:36:22] src/tree/updater_prune.cc:74: tree pruning end, 1 roots, 5008 extra nodes, 0 pruned nodes, max_depth=50
[25]	validation_0-rmse:7.55726	validation_0-AUC[PR]:0.936241
[23:36:40] src/tree/updater_prune.cc:74: tree pruning end, 1 roots, 5270 extra nodes, 0 pruned nodes, max_depth=50
[26]	validation_0-rmse:7.60187	validation_0-AUC[PR]:0.939679
[23:36:58] src/tree/updater_prune.cc:74: tree pruning end, 1 roots, 4790 extra nodes, 0 pruned nodes, max_depth=50
[27]	validation_0-rmse:7.62351	validation_0-AUC[PR]:0.941716
[23:37:16] src/tree/updater_prune.cc:74: tree pruning end, 1 roots, 4896 extra nodes, 0 pruned nodes, max_depth=50
[28]	validation_0-rmse:7.65528	validation_0-AUC[PR]:0.937186
[23:37:34] src/tree/updater_prune.cc:74: tree pruning end, 1 roots, 5030 extra nodes, 0 pruned nodes, max_depth=50
[29]	validation_0-rmse:7.69706	validation_0-AUC[PR]:0.934089
[23:37:51] src/tree/updater_prune.cc:74: tree pruning end, 1 roots, 4840 extra nodes, 0 pruned nodes, max_depth=50
[30]	validation_0-rmse:7.7213	validation_0-AUC[PR]:0.936477
[23:38:09] src/tree/updater_prune.cc:74: tree pruning end, 1 roots, 5386 extra nodes, 0 pruned nodes, max_depth=50
[31]	validation_0-rmse:7.76665	validation_0-AUC[PR]:0.935546
[23:38:26] src/tree/updater_prune.cc:74: tree pruning end, 1 roots, 5528 extra nodes, 0 pruned nodes, max_depth=50
[32]	validation_0-rmse:7.80744	validation_0-AUC[PR]:0.935218
[23:38:43] src/tree/updater_prune.cc:74: tree pruning end, 1 roots, 4600 extra nodes, 0 pruned nodes, max_depth=50
[33]	validation_0-rmse:7.84044	validation_0-AUC[PR]:0.931183
[23:39:00] src/tree/updater_prune.cc:74: tree pruning end, 1 roots, 5106 extra nodes, 0 pruned nodes, max_depth=50
[34]	validation_0-rmse:7.87288	validation_0-AUC[PR]:0.933771
[23:39:18] src/tree/updater_prune.cc:74: tree pruning end, 1 roots, 5036 extra nodes, 0 pruned nodes, max_depth=50
[35]	validation_0-rmse:7.90987	validation_0-AUC[PR]:0.931789
[23:39:35] src/tree/updater_prune.cc:74: tree pruning end, 1 roots, 5006 extra nodes, 0 pruned nodes, max_depth=50
[36]	validation_0-rmse:7.9425	validation_0-AUC[PR]:0.932914
[23:39:53] src/tree/updater_prune.cc:74: tree pruning end, 1 roots, 4780 extra nodes, 0 pruned nodes, max_depth=50
[37]	validation_0-rmse:7.96863	validation_0-AUC[PR]:0.934994
[23:40:10] src/tree/updater_prune.cc:74: tree pruning end, 1 roots, 5840 extra nodes, 0 pruned nodes, max_depth=50
[38]	validation_0-rmse:7.99288	validation_0-AUC[PR]:0.928585
[23:40:27] src/tree/updater_prune.cc:74: tree pruning end, 1 roots, 4888 extra nodes, 0 pruned nodes, max_depth=50
[39]	validation_0-rmse:8.01667	validation_0-AUC[PR]:0.929119
[23:40:45] src/tree/updater_prune.cc:74: tree pruning end, 1 roots, 5080 extra nodes, 0 pruned nodes, max_depth=50
[40]	validation_0-rmse:8.03622	validation_0-AUC[PR]:0.930224
[23:41:03] src/tree/updater_prune.cc:74: tree pruning end, 1 roots, 5432 extra nodes, 0 pruned nodes, max_depth=50
[41]	validation_0-rmse:8.07264	validation_0-AUC[PR]:0.930183
[23:41:20] src/tree/updater_prune.cc:74: tree pruning end, 1 roots, 5398 extra nodes, 0 pruned nodes, max_depth=50
[42]	validation_0-rmse:8.10085	validation_0-AUC[PR]:0.929839
[23:41:37] src/tree/updater_prune.cc:74: tree pruning end, 1 roots, 5462 extra nodes, 0 pruned nodes, max_depth=50
[43]	validation_0-rmse:8.12251	validation_0-AUC[PR]:0.93113
[23:41:55] src/tree/updater_prune.cc:74: tree pruning end, 1 roots, 5496 extra nodes, 0 pruned nodes, max_depth=50
[44]	validation_0-rmse:8.14289	validation_0-AUC[PR]:0.930453
[23:42:12] src/tree/updater_prune.cc:74: tree pruning end, 1 roots, 5470 extra nodes, 0 pruned nodes, max_depth=50
[45]	validation_0-rmse:8.17247	validation_0-AUC[PR]:0.930772
[23:42:30] src/tree/updater_prune.cc:74: tree pruning end, 1 roots, 5444 extra nodes, 0 pruned nodes, max_depth=50
[46]	validation_0-rmse:8.20163	validation_0-AUC[PR]:0.930195
[23:42:48] src/tree/updater_prune.cc:74: tree pruning end, 1 roots, 5318 extra nodes, 0 pruned nodes, max_depth=50
[47]	validation_0-rmse:8.22213	validation_0-AUC[PR]:0.930496
[23:43:05] src/tree/updater_prune.cc:74: tree pruning end, 1 roots, 5618 extra nodes, 0 pruned nodes, max_depth=50
[48]	validation_0-rmse:8.25708	validation_0-AUC[PR]:0.927295
[23:43:22] src/tree/updater_prune.cc:74: tree pruning end, 1 roots, 5240 extra nodes, 0 pruned nodes, max_depth=50
[49]	validation_0-rmse:8.27765	validation_0-AUC[PR]:0.929524
[23:43:40] src/tree/updater_prune.cc:74: tree pruning end, 1 roots, 5480 extra nodes, 0 pruned nodes, max_depth=50
[50]	validation_0-rmse:8.30872	validation_0-AUC[PR]:0.928466
[23:43:57] src/tree/updater_prune.cc:74: tree pruning end, 1 roots, 5422 extra nodes, 0 pruned nodes, max_depth=50
[51]	validation_0-rmse:8.33081	validation_0-AUC[PR]:0.929139
[23:44:15] src/tree/updater_prune.cc:74: tree pruning end, 1 roots, 5400 extra nodes, 0 pruned nodes, max_depth=50
[52]	validation_0-rmse:8.35482	validation_0-AUC[PR]:0.929747
[23:44:32] src/tree/updater_prune.cc:74: tree pruning end, 1 roots, 4932 extra nodes, 0 pruned nodes, max_depth=50
[53]	validation_0-rmse:8.37063	validation_0-AUC[PR]:0.930589
[23:44:50] src/tree/updater_prune.cc:74: tree pruning end, 1 roots, 4920 extra nodes, 0 pruned nodes, max_depth=50
[54]	validation_0-rmse:8.38392	validation_0-AUC[PR]:0.933436
[23:45:08] src/tree/updater_prune.cc:74: tree pruning end, 1 roots, 4612 extra nodes, 0 pruned nodes, max_depth=50
[55]	validation_0-rmse:8.39369	validation_0-AUC[PR]:0.934377
[23:45:25] src/tree/updater_prune.cc:74: tree pruning end, 1 roots, 5986 extra nodes, 0 pruned nodes, max_depth=50
[56]	validation_0-rmse:8.40908	validation_0-AUC[PR]:0.934328
[23:45:42] src/tree/updater_prune.cc:74: tree pruning end, 1 roots, 4750 extra nodes, 0 pruned nodes, max_depth=50
[57]	validation_0-rmse:8.43191	validation_0-AUC[PR]:0.929977
[23:46:00] src/tree/updater_prune.cc:74: tree pruning end, 1 roots, 5212 extra nodes, 0 pruned nodes, max_depth=50
[58]	validation_0-rmse:8.45123	validation_0-AUC[PR]:0.92883
[23:46:17] src/tree/updater_prune.cc:74: tree pruning end, 1 roots, 5786 extra nodes, 0 pruned nodes, max_depth=50
[59]	validation_0-rmse:8.47045	validation_0-AUC[PR]:0.931622
[23:46:34] src/tree/updater_prune.cc:74: tree pruning end, 1 roots, 5672 extra nodes, 0 pruned nodes, max_depth=50
[60]	validation_0-rmse:8.49345	validation_0-AUC[PR]:0.9327
[23:46:53] src/tree/updater_prune.cc:74: tree pruning end, 1 roots, 4776 extra nodes, 0 pruned nodes, max_depth=50
[61]	validation_0-rmse:8.51013	validation_0-AUC[PR]:0.931975
[23:47:10] src/tree/updater_prune.cc:74: tree pruning end, 1 roots, 5206 extra nodes, 0 pruned nodes, max_depth=50
[62]	validation_0-rmse:8.5321	validation_0-AUC[PR]:0.931549
[23:47:28] src/tree/updater_prune.cc:74: tree pruning end, 1 roots, 5360 extra nodes, 0 pruned nodes, max_depth=50
[63]	validation_0-rmse:8.54899	validation_0-AUC[PR]:0.928504
[23:47:45] src/tree/updater_prune.cc:74: tree pruning end, 1 roots, 5360 extra nodes, 0 pruned nodes, max_depth=50
[64]	validation_0-rmse:8.56914	validation_0-AUC[PR]:0.926281
[23:48:02] src/tree/updater_prune.cc:74: tree pruning end, 1 roots, 5262 extra nodes, 0 pruned nodes, max_depth=50
[65]	validation_0-rmse:8.59128	validation_0-AUC[PR]:0.926416
[23:48:20] src/tree/updater_prune.cc:74: tree pruning end, 1 roots, 5238 extra nodes, 0 pruned nodes, max_depth=50
[66]	validation_0-rmse:8.61354	validation_0-AUC[PR]:0.92641
[23:48:37] src/tree/updater_prune.cc:74: tree pruning end, 1 roots, 4818 extra nodes, 0 pruned nodes, max_depth=50
[67]	validation_0-rmse:8.62023	validation_0-AUC[PR]:0.927059
[23:48:54] src/tree/updater_prune.cc:74: tree pruning end, 1 roots, 5402 extra nodes, 0 pruned nodes, max_depth=50
[68]	validation_0-rmse:8.63763	validation_0-AUC[PR]:0.927946
[23:49:12] src/tree/updater_prune.cc:74: tree pruning end, 1 roots, 5128 extra nodes, 0 pruned nodes, max_depth=50
[69]	validation_0-rmse:8.64645	validation_0-AUC[PR]:0.9268
[23:49:29] src/tree/updater_prune.cc:74: tree pruning end, 1 roots, 5180 extra nodes, 0 pruned nodes, max_depth=50
[70]	validation_0-rmse:8.66375	validation_0-AUC[PR]:0.926526
[23:49:46] src/tree/updater_prune.cc:74: tree pruning end, 1 roots, 5558 extra nodes, 0 pruned nodes, max_depth=50
[71]	validation_0-rmse:8.68101	validation_0-AUC[PR]:0.924984
[23:50:03] src/tree/updater_prune.cc:74: tree pruning end, 1 roots, 5180 extra nodes, 0 pruned nodes, max_depth=50
[72]	validation_0-rmse:8.68501	validation_0-AUC[PR]:0.925129
[23:50:21] src/tree/updater_prune.cc:74: tree pruning end, 1 roots, 5420 extra nodes, 0 pruned nodes, max_depth=50
[73]	validation_0-rmse:8.70225	validation_0-AUC[PR]:0.924789
[23:50:38] src/tree/updater_prune.cc:74: tree pruning end, 1 roots, 6006 extra nodes, 0 pruned nodes, max_depth=50
[74]	validation_0-rmse:8.72215	validation_0-AUC[PR]:0.923439
[23:50:55] src/tree/updater_prune.cc:74: tree pruning end, 1 roots, 5246 extra nodes, 0 pruned nodes, max_depth=50
[75]	validation_0-rmse:8.7362	validation_0-AUC[PR]:0.924931
[23:51:13] src/tree/updater_prune.cc:74: tree pruning end, 1 roots, 4644 extra nodes, 0 pruned nodes, max_depth=50
[76]	validation_0-rmse:8.74623	validation_0-AUC[PR]:0.924143
[23:51:30] src/tree/updater_prune.cc:74: tree pruning end, 1 roots, 4956 extra nodes, 0 pruned nodes, max_depth=50
[77]	validation_0-rmse:8.75676	validation_0-AUC[PR]:0.92529
[23:51:48] src/tree/updater_prune.cc:74: tree pruning end, 1 roots, 5330 extra nodes, 0 pruned nodes, max_depth=50
[78]	validation_0-rmse:8.77239	validation_0-AUC[PR]:0.925147
[23:52:05] src/tree/updater_prune.cc:74: tree pruning end, 1 roots, 4916 extra nodes, 0 pruned nodes, max_depth=50
[79]	validation_0-rmse:8.78228	validation_0-AUC[PR]:0.924413
[23:52:22] src/tree/updater_prune.cc:74: tree pruning end, 1 roots, 4856 extra nodes, 0 pruned nodes, max_depth=50
[80]	validation_0-rmse:8.7907	validation_0-AUC[PR]:0.923028
[23:52:40] src/tree/updater_prune.cc:74: tree pruning end, 1 roots, 4892 extra nodes, 0 pruned nodes, max_depth=50
[81]	validation_0-rmse:8.80313	validation_0-AUC[PR]:0.923823
[23:52:57] src/tree/updater_prune.cc:74: tree pruning end, 1 roots, 5114 extra nodes, 0 pruned nodes, max_depth=50
[82]	validation_0-rmse:8.81698	validation_0-AUC[PR]:0.925381
[23:53:14] src/tree/updater_prune.cc:74: tree pruning end, 1 roots, 5062 extra nodes, 0 pruned nodes, max_depth=50
[83]	validation_0-rmse:8.83236	validation_0-AUC[PR]:0.926177
[23:53:31] src/tree/updater_prune.cc:74: tree pruning end, 1 roots, 6006 extra nodes, 0 pruned nodes, max_depth=50
[84]	validation_0-rmse:8.85141	validation_0-AUC[PR]:0.926614
[23:53:49] src/tree/updater_prune.cc:74: tree pruning end, 1 roots, 4442 extra nodes, 0 pruned nodes, max_depth=50
[85]	validation_0-rmse:8.85789	validation_0-AUC[PR]:0.929214
[23:54:06] src/tree/updater_prune.cc:74: tree pruning end, 1 roots, 4666 extra nodes, 0 pruned nodes, max_depth=50
[86]	validation_0-rmse:8.87507	validation_0-AUC[PR]:0.927912
[23:54:24] src/tree/updater_prune.cc:74: tree pruning end, 1 roots, 5236 extra nodes, 0 pruned nodes, max_depth=50
[87]	validation_0-rmse:8.88613	validation_0-AUC[PR]:0.926778
[23:54:41] src/tree/updater_prune.cc:74: tree pruning end, 1 roots, 5658 extra nodes, 0 pruned nodes, max_depth=50
[88]	validation_0-rmse:8.89558	validation_0-AUC[PR]:0.928367
[23:54:58] src/tree/updater_prune.cc:74: tree pruning end, 1 roots, 5528 extra nodes, 0 pruned nodes, max_depth=50
[89]	validation_0-rmse:8.90935	validation_0-AUC[PR]:0.929208
[23:55:15] src/tree/updater_prune.cc:74: tree pruning end, 1 roots, 5624 extra nodes, 0 pruned nodes, max_depth=50
[90]	validation_0-rmse:8.91882	validation_0-AUC[PR]:0.928006
[23:55:33] src/tree/updater_prune.cc:74: tree pruning end, 1 roots, 5226 extra nodes, 0 pruned nodes, max_depth=50
[91]	validation_0-rmse:8.93009	validation_0-AUC[PR]:0.927083
[23:55:50] src/tree/updater_prune.cc:74: tree pruning end, 1 roots, 5306 extra nodes, 0 pruned nodes, max_depth=50
[92]	validation_0-rmse:8.94612	validation_0-AUC[PR]:0.92569
[23:56:07] src/tree/updater_prune.cc:74: tree pruning end, 1 roots, 5498 extra nodes, 0 pruned nodes, max_depth=50
[93]	validation_0-rmse:8.9538	validation_0-AUC[PR]:0.926299
[23:56:24] src/tree/updater_prune.cc:74: tree pruning end, 1 roots, 6088 extra nodes, 0 pruned nodes, max_depth=50
[94]	validation_0-rmse:8.96908	validation_0-AUC[PR]:0.927404
[23:56:42] src/tree/updater_prune.cc:74: tree pruning end, 1 roots, 5088 extra nodes, 0 pruned nodes, max_depth=50
[95]	validation_0-rmse:8.98004	validation_0-AUC[PR]:0.92879
[23:57:00] src/tree/updater_prune.cc:74: tree pruning end, 1 roots, 5544 extra nodes, 0 pruned nodes, max_depth=50
[96]	validation_0-rmse:8.9897	validation_0-AUC[PR]:0.930207
[23:57:17] src/tree/updater_prune.cc:74: tree pruning end, 1 roots, 6144 extra nodes, 0 pruned nodes, max_depth=50
[97]	validation_0-rmse:9.00375	validation_0-AUC[PR]:0.929925
[23:57:35] src/tree/updater_prune.cc:74: tree pruning end, 1 roots, 5100 extra nodes, 0 pruned nodes, max_depth=50
[98]	validation_0-rmse:9.01531	validation_0-AUC[PR]:0.930649
[23:57:52] src/tree/updater_prune.cc:74: tree pruning end, 1 roots, 5566 extra nodes, 0 pruned nodes, max_depth=50
[99]	validation_0-rmse:9.02286	validation_0-AUC[PR]:0.92879
[23:58:10] src/tree/updater_prune.cc:74: tree pruning end, 1 roots, 5556 extra nodes, 0 pruned nodes, max_depth=50
[100]	validation_0-rmse:9.0265	validation_0-AUC[PR]:0.929435
[23:58:27] src/tree/updater_prune.cc:74: tree pruning end, 1 roots, 5518 extra nodes, 0 pruned nodes, max_depth=50
[101]	validation_0-rmse:9.03542	validation_0-AUC[PR]:0.929675
[23:58:44] src/tree/updater_prune.cc:74: tree pruning end, 1 roots, 4888 extra nodes, 0 pruned nodes, max_depth=50
[102]	validation_0-rmse:9.04528	validation_0-AUC[PR]:0.929696
[23:59:02] src/tree/updater_prune.cc:74: tree pruning end, 1 roots, 5628 extra nodes, 0 pruned nodes, max_depth=50
[103]	validation_0-rmse:9.05733	validation_0-AUC[PR]:0.928315
[23:59:19] src/tree/updater_prune.cc:74: tree pruning end, 1 roots, 5554 extra nodes, 0 pruned nodes, max_depth=50
[104]	validation_0-rmse:9.06786	validation_0-AUC[PR]:0.928911
[23:59:36] src/tree/updater_prune.cc:74: tree pruning end, 1 roots, 6002 extra nodes, 0 pruned nodes, max_depth=50
[105]	validation_0-rmse:9.08087	validation_0-AUC[PR]:0.927475
[23:59:53] src/tree/updater_prune.cc:74: tree pruning end, 1 roots, 5382 extra nodes, 0 pruned nodes, max_depth=50
[106]	validation_0-rmse:9.09077	validation_0-AUC[PR]:0.927552
[00:00:11] src/tree/updater_prune.cc:74: tree pruning end, 1 roots, 5754 extra nodes, 0 pruned nodes, max_depth=50
[107]	validation_0-rmse:9.1013	validation_0-AUC[PR]:0.92663
[00:00:28] src/tree/updater_prune.cc:74: tree pruning end, 1 roots, 5130 extra nodes, 0 pruned nodes, max_depth=50
[108]	validation_0-rmse:9.10771	validation_0-AUC[PR]:0.928007
[00:00:45] src/tree/updater_prune.cc:74: tree pruning end, 1 roots, 6050 extra nodes, 0 pruned nodes, max_depth=50
[109]	validation_0-rmse:9.11777	validation_0-AUC[PR]:0.930288
[00:01:03] src/tree/updater_prune.cc:74: tree pruning end, 1 roots, 5338 extra nodes, 0 pruned nodes, max_depth=50
[110]	validation_0-rmse:9.12622	validation_0-AUC[PR]:0.929502
[00:01:20] src/tree/updater_prune.cc:74: tree pruning end, 1 roots, 4750 extra nodes, 0 pruned nodes, max_depth=50
[111]	validation_0-rmse:9.13263	validation_0-AUC[PR]:0.929576
[00:01:37] src/tree/updater_prune.cc:74: tree pruning end, 1 roots, 5572 extra nodes, 0 pruned nodes, max_depth=50
[112]	validation_0-rmse:9.14609	validation_0-AUC[PR]:0.929364
[00:01:55] src/tree/updater_prune.cc:74: tree pruning end, 1 roots, 5176 extra nodes, 0 pruned nodes, max_depth=50
[113]	validation_0-rmse:9.15482	validation_0-AUC[PR]:0.929239
[00:02:12] src/tree/updater_prune.cc:74: tree pruning end, 1 roots, 5288 extra nodes, 0 pruned nodes, max_depth=50
[114]	validation_0-rmse:9.16031	validation_0-AUC[PR]:0.930914
[00:02:30] src/tree/updater_prune.cc:74: tree pruning end, 1 roots, 5266 extra nodes, 0 pruned nodes, max_depth=50
[115]	validation_0-rmse:9.17389	validation_0-AUC[PR]:0.930764
[00:02:47] src/tree/updater_prune.cc:74: tree pruning end, 1 roots, 5586 extra nodes, 0 pruned nodes, max_depth=50
[116]	validation_0-rmse:9.18183	validation_0-AUC[PR]:0.931674
[00:03:04] src/tree/updater_prune.cc:74: tree pruning end, 1 roots, 4840 extra nodes, 0 pruned nodes, max_depth=50
[117]	validation_0-rmse:9.18429	validation_0-AUC[PR]:0.929843
[00:03:22] src/tree/updater_prune.cc:74: tree pruning end, 1 roots, 5718 extra nodes, 0 pruned nodes, max_depth=50
[118]	validation_0-rmse:9.19454	validation_0-AUC[PR]:0.929933
[00:03:39] src/tree/updater_prune.cc:74: tree pruning end, 1 roots, 5664 extra nodes, 0 pruned nodes, max_depth=50
[119]	validation_0-rmse:9.2015	validation_0-AUC[PR]:0.929979
[00:03:56] src/tree/updater_prune.cc:74: tree pruning end, 1 roots, 5626 extra nodes, 0 pruned nodes, max_depth=50
[120]	validation_0-rmse:9.20468	validation_0-AUC[PR]:0.930086
[00:04:13] src/tree/updater_prune.cc:74: tree pruning end, 1 roots, 5160 extra nodes, 0 pruned nodes, max_depth=50
[121]	validation_0-rmse:9.21378	validation_0-AUC[PR]:0.930181
[00:04:31] src/tree/updater_prune.cc:74: tree pruning end, 1 roots, 5396 extra nodes, 0 pruned nodes, max_depth=50
[122]	validation_0-rmse:9.22197	validation_0-AUC[PR]:0.930139
[00:04:48] src/tree/updater_prune.cc:74: tree pruning end, 1 roots, 5328 extra nodes, 0 pruned nodes, max_depth=50
[123]	validation_0-rmse:9.22915	validation_0-AUC[PR]:0.931002
[00:05:05] src/tree/updater_prune.cc:74: tree pruning end, 1 roots, 5516 extra nodes, 0 pruned nodes, max_depth=50
[124]	validation_0-rmse:9.23356	validation_0-AUC[PR]:0.931597
[00:05:22] src/tree/updater_prune.cc:74: tree pruning end, 1 roots, 5802 extra nodes, 0 pruned nodes, max_depth=50
[125]	validation_0-rmse:9.24174	validation_0-AUC[PR]:0.930892
[00:05:40] src/tree/updater_prune.cc:74: tree pruning end, 1 roots, 4798 extra nodes, 0 pruned nodes, max_depth=50
[126]	validation_0-rmse:9.24574	validation_0-AUC[PR]:0.931772
[00:05:57] src/tree/updater_prune.cc:74: tree pruning end, 1 roots, 4944 extra nodes, 0 pruned nodes, max_depth=50
[127]	validation_0-rmse:9.25526	validation_0-AUC[PR]:0.93125
[00:06:15] src/tree/updater_prune.cc:74: tree pruning end, 1 roots, 5860 extra nodes, 0 pruned nodes, max_depth=50
[128]	validation_0-rmse:9.26429	validation_0-AUC[PR]:0.931768
[00:06:32] src/tree/updater_prune.cc:74: tree pruning end, 1 roots, 5662 extra nodes, 0 pruned nodes, max_depth=50
[129]	validation_0-rmse:9.2767	validation_0-AUC[PR]:0.929142
[00:06:49] src/tree/updater_prune.cc:74: tree pruning end, 1 roots, 6316 extra nodes, 0 pruned nodes, max_depth=50
[130]	validation_0-rmse:9.28667	validation_0-AUC[PR]:0.931156
[00:07:08] src/tree/updater_prune.cc:74: tree pruning end, 1 roots, 5018 extra nodes, 0 pruned nodes, max_depth=50
[131]	validation_0-rmse:9.29346	validation_0-AUC[PR]:0.931271
[00:07:25] src/tree/updater_prune.cc:74: tree pruning end, 1 roots, 6234 extra nodes, 0 pruned nodes, max_depth=50
[132]	validation_0-rmse:9.30222	validation_0-AUC[PR]:0.93174
[00:07:42] src/tree/updater_prune.cc:74: tree pruning end, 1 roots, 5310 extra nodes, 0 pruned nodes, max_depth=50
[133]	validation_0-rmse:9.31063	validation_0-AUC[PR]:0.932213
[00:07:59] src/tree/updater_prune.cc:74: tree pruning end, 1 roots, 5344 extra nodes, 0 pruned nodes, max_depth=50
[134]	validation_0-rmse:9.32049	validation_0-AUC[PR]:0.933423
[00:08:16] src/tree/updater_prune.cc:74: tree pruning end, 1 roots, 5304 extra nodes, 0 pruned nodes, max_depth=50
[135]	validation_0-rmse:9.32623	validation_0-AUC[PR]:0.93446
[00:08:34] src/tree/updater_prune.cc:74: tree pruning end, 1 roots, 4998 extra nodes, 0 pruned nodes, max_depth=50
[136]	validation_0-rmse:9.33199	validation_0-AUC[PR]:0.933804
[00:08:51] src/tree/updater_prune.cc:74: tree pruning end, 1 roots, 5150 extra nodes, 0 pruned nodes, max_depth=50
[137]	validation_0-rmse:9.3396	validation_0-AUC[PR]:0.93446
[00:09:09] src/tree/updater_prune.cc:74: tree pruning end, 1 roots, 5052 extra nodes, 0 pruned nodes, max_depth=50
[138]	validation_0-rmse:9.34104	validation_0-AUC[PR]:0.934987
[00:09:26] src/tree/updater_prune.cc:74: tree pruning end, 1 roots, 5414 extra nodes, 0 pruned nodes, max_depth=50
[139]	validation_0-rmse:9.34816	validation_0-AUC[PR]:0.934418
[00:09:43] src/tree/updater_prune.cc:74: tree pruning end, 1 roots, 5912 extra nodes, 0 pruned nodes, max_depth=50
[140]	validation_0-rmse:9.35528	validation_0-AUC[PR]:0.933937
[00:10:00] src/tree/updater_prune.cc:74: tree pruning end, 1 roots, 5268 extra nodes, 0 pruned nodes, max_depth=50
[141]	validation_0-rmse:9.36514	validation_0-AUC[PR]:0.934584
[00:10:17] src/tree/updater_prune.cc:74: tree pruning end, 1 roots, 5054 extra nodes, 0 pruned nodes, max_depth=50
[142]	validation_0-rmse:9.36831	validation_0-AUC[PR]:0.933666
[00:10:35] src/tree/updater_prune.cc:74: tree pruning end, 1 roots, 5614 extra nodes, 0 pruned nodes, max_depth=50
[143]	validation_0-rmse:9.37684	validation_0-AUC[PR]:0.933192
[00:10:52] src/tree/updater_prune.cc:74: tree pruning end, 1 roots, 6098 extra nodes, 0 pruned nodes, max_depth=50
[144]	validation_0-rmse:9.38416	validation_0-AUC[PR]:0.933562
[00:11:09] src/tree/updater_prune.cc:74: tree pruning end, 1 roots, 5966 extra nodes, 0 pruned nodes, max_depth=50
[145]	validation_0-rmse:9.39187	validation_0-AUC[PR]:0.933882
[00:11:26] src/tree/updater_prune.cc:74: tree pruning end, 1 roots, 4676 extra nodes, 0 pruned nodes, max_depth=50
[146]	validation_0-rmse:9.40237	validation_0-AUC[PR]:0.934915
[00:11:44] src/tree/updater_prune.cc:74: tree pruning end, 1 roots, 5306 extra nodes, 0 pruned nodes, max_depth=50
[147]	validation_0-rmse:9.40561	validation_0-AUC[PR]:0.934071
[00:12:01] src/tree/updater_prune.cc:74: tree pruning end, 1 roots, 5078 extra nodes, 0 pruned nodes, max_depth=50
[148]	validation_0-rmse:9.40791	validation_0-AUC[PR]:0.934784
[00:12:19] src/tree/updater_prune.cc:74: tree pruning end, 1 roots, 4862 extra nodes, 0 pruned nodes, max_depth=50
[149]	validation_0-rmse:9.41005	validation_0-AUC[PR]:0.934764
[00:12:37] src/tree/updater_prune.cc:74: tree pruning end, 1 roots, 5342 extra nodes, 0 pruned nodes, max_depth=50
[150]	validation_0-rmse:9.41845	validation_0-AUC[PR]:0.934705
[00:12:54] src/tree/updater_prune.cc:74: tree pruning end, 1 roots, 5198 extra nodes, 0 pruned nodes, max_depth=50
[151]	validation_0-rmse:9.42153	validation_0-AUC[PR]:0.934929
[00:13:12] src/tree/updater_prune.cc:74: tree pruning end, 1 roots, 5142 extra nodes, 0 pruned nodes, max_depth=50
[152]	validation_0-rmse:9.42825	validation_0-AUC[PR]:0.934937
[00:13:29] src/tree/updater_prune.cc:74: tree pruning end, 1 roots, 5926 extra nodes, 0 pruned nodes, max_depth=50
[153]	validation_0-rmse:9.43513	validation_0-AUC[PR]:0.934677
[00:13:46] src/tree/updater_prune.cc:74: tree pruning end, 1 roots, 5408 extra nodes, 0 pruned nodes, max_depth=50
[154]	validation_0-rmse:9.44286	validation_0-AUC[PR]:0.935173
[00:14:03] src/tree/updater_prune.cc:74: tree pruning end, 1 roots, 5926 extra nodes, 0 pruned nodes, max_depth=50
[155]	validation_0-rmse:9.44624	validation_0-AUC[PR]:0.935345
[00:14:21] src/tree/updater_prune.cc:74: tree pruning end, 1 roots, 4728 extra nodes, 0 pruned nodes, max_depth=50
[156]	validation_0-rmse:9.44864	validation_0-AUC[PR]:0.934779
[00:14:38] src/tree/updater_prune.cc:74: tree pruning end, 1 roots, 5534 extra nodes, 0 pruned nodes, max_depth=50
[157]	validation_0-rmse:9.45163	validation_0-AUC[PR]:0.934624
[00:14:55] src/tree/updater_prune.cc:74: tree pruning end, 1 roots, 5438 extra nodes, 0 pruned nodes, max_depth=50
[158]	validation_0-rmse:9.45729	validation_0-AUC[PR]:0.935029
[00:15:12] src/tree/updater_prune.cc:74: tree pruning end, 1 roots, 5824 extra nodes, 0 pruned nodes, max_depth=50
[159]	validation_0-rmse:9.46165	validation_0-AUC[PR]:0.935413
[00:15:30] src/tree/updater_prune.cc:74: tree pruning end, 1 roots, 5672 extra nodes, 0 pruned nodes, max_depth=50
[160]	validation_0-rmse:9.46852	validation_0-AUC[PR]:0.934461
[00:15:47] src/tree/updater_prune.cc:74: tree pruning end, 1 roots, 6270 extra nodes, 0 pruned nodes, max_depth=50
[161]	validation_0-rmse:9.47099	validation_0-AUC[PR]:0.93415
[00:16:05] src/tree/updater_prune.cc:74: tree pruning end, 1 roots, 4966 extra nodes, 0 pruned nodes, max_depth=50
[162]	validation_0-rmse:9.47405	validation_0-AUC[PR]:0.934542
[00:16:21] src/tree/updater_prune.cc:74: tree pruning end, 1 roots, 6632 extra nodes, 0 pruned nodes, max_depth=50
[163]	validation_0-rmse:9.48248	validation_0-AUC[PR]:0.934408
[00:16:39] src/tree/updater_prune.cc:74: tree pruning end, 1 roots, 5470 extra nodes, 0 pruned nodes, max_depth=50
[164]	validation_0-rmse:9.48735	validation_0-AUC[PR]:0.934004
[00:16:58] src/tree/updater_prune.cc:74: tree pruning end, 1 roots, 5350 extra nodes, 0 pruned nodes, max_depth=50
[165]	validation_0-rmse:9.49196	validation_0-AUC[PR]:0.93382
[00:17:15] src/tree/updater_prune.cc:74: tree pruning end, 1 roots, 5040 extra nodes, 0 pruned nodes, max_depth=50
[166]	validation_0-rmse:9.4965	validation_0-AUC[PR]:0.933975
[00:17:33] src/tree/updater_prune.cc:74: tree pruning end, 1 roots, 4980 extra nodes, 0 pruned nodes, max_depth=50
[167]	validation_0-rmse:9.49897	validation_0-AUC[PR]:0.932801
[00:17:50] src/tree/updater_prune.cc:74: tree pruning end, 1 roots, 6624 extra nodes, 0 pruned nodes, max_depth=50
[168]	validation_0-rmse:9.50549	validation_0-AUC[PR]:0.932698
[00:18:07] src/tree/updater_prune.cc:74: tree pruning end, 1 roots, 5184 extra nodes, 0 pruned nodes, max_depth=50
[169]	validation_0-rmse:9.51592	validation_0-AUC[PR]:0.9325
[00:18:24] src/tree/updater_prune.cc:74: tree pruning end, 1 roots, 5954 extra nodes, 0 pruned nodes, max_depth=50
[170]	validation_0-rmse:9.5225	validation_0-AUC[PR]:0.931806
[00:18:42] src/tree/updater_prune.cc:74: tree pruning end, 1 roots, 4780 extra nodes, 0 pruned nodes, max_depth=50
[171]	validation_0-rmse:9.52654	validation_0-AUC[PR]:0.931999
[00:18:59] src/tree/updater_prune.cc:74: tree pruning end, 1 roots, 5180 extra nodes, 0 pruned nodes, max_depth=50
[172]	validation_0-rmse:9.5298	validation_0-AUC[PR]:0.932411
[00:19:16] src/tree/updater_prune.cc:74: tree pruning end, 1 roots, 5484 extra nodes, 0 pruned nodes, max_depth=50
[173]	validation_0-rmse:9.53367	validation_0-AUC[PR]:0.932379
[00:19:34] src/tree/updater_prune.cc:74: tree pruning end, 1 roots, 5220 extra nodes, 0 pruned nodes, max_depth=50
[174]	validation_0-rmse:9.53795	validation_0-AUC[PR]:0.932235
[00:19:51] src/tree/updater_prune.cc:74: tree pruning end, 1 roots, 5248 extra nodes, 0 pruned nodes, max_depth=50
[175]	validation_0-rmse:9.54186	validation_0-AUC[PR]:0.934006
[00:20:10] src/tree/updater_prune.cc:74: tree pruning end, 1 roots, 4386 extra nodes, 0 pruned nodes, max_depth=50
[176]	validation_0-rmse:9.54866	validation_0-AUC[PR]:0.9346
[00:20:34] src/tree/updater_prune.cc:74: tree pruning end, 1 roots, 5410 extra nodes, 0 pruned nodes, max_depth=50
[177]	validation_0-rmse:9.55236	validation_0-AUC[PR]:0.934652
[00:20:59] src/tree/updater_prune.cc:74: tree pruning end, 1 roots, 4890 extra nodes, 0 pruned nodes, max_depth=50
[178]	validation_0-rmse:9.55702	validation_0-AUC[PR]:0.934766
[00:21:23] src/tree/updater_prune.cc:74: tree pruning end, 1 roots, 5234 extra nodes, 0 pruned nodes, max_depth=50
[179]	validation_0-rmse:9.56161	validation_0-AUC[PR]:0.933764
[00:21:47] src/tree/updater_prune.cc:74: tree pruning end, 1 roots, 5620 extra nodes, 0 pruned nodes, max_depth=50
[180]	validation_0-rmse:9.56595	validation_0-AUC[PR]:0.932993
Stopping. Best iteration:
[80]	validation_0-rmse:8.7907	validation_0-AUC[PR]:0.923028

train precision: 0.316809700682
train roc: 0.997408768829
train hit: 321.0 out of 334.0

val precision: 0.0769720763067
val roc: 0.801312243702
val hit: 24.0 out of 55.0

test precision: 0.153761885657
test roc: 0.864817836707
test hit: 25.0 out of 55.0

ratio: 0.02, EF: 24.5454545455,	active: 55.0
ratio: 0.02, NEF: 0.490909090909
ratio: 0.01, EF: 45.4545454545,	active: 55.0
ratio: 0.01, NEF: 0.454545454545
ratio: 0.0015, EF: 169.696969697,	active: 55.0
ratio: 0.0015, NEF: 0.254545454545
ratio: 0.001, EF: 200.0,	active: 55.0
ratio: 0.001, NEF: 0.261904761905

