label_name_list  [u'PriA-SSB AS Activity', u'PriA-SSB AS % inhibition (Primary Median)']
train files  ['../datasets/keck_pria/fold_0.csv' '../datasets/keck_pria/fold_1.csv'
 '../datasets/keck_pria/fold_4.csv' '../datasets/keck_pria/fold_5.csv'
 '../datasets/keck_pria/fold_6.csv' '../datasets/keck_pria/fold_7.csv']
val files  ['../datasets/keck_pria/fold_2.csv']
test files  ['../datasets/keck_pria/fold_3.csv']
done data preparation
[23:27:15] src/tree/updater_prune.cc:74: tree pruning end, 1 roots, 17662 extra nodes, 0 pruned nodes, max_depth=100
[0]	validation_0-rmse:1.74949	validation_0-AUC[PR]:0.96846
Multiple eval metrics have been passed: 'validation_0-AUC[PR]' will be used for early stopping.

Will train until validation_0-AUC[PR] hasn't improved in 100 rounds.
[23:30:38] src/tree/updater_prune.cc:74: tree pruning end, 1 roots, 17850 extra nodes, 0 pruned nodes, max_depth=100
[1]	validation_0-rmse:2.96576	validation_0-AUC[PR]:0.952445
[23:32:55] src/tree/updater_prune.cc:74: tree pruning end, 1 roots, 18188 extra nodes, 0 pruned nodes, max_depth=100
[2]	validation_0-rmse:3.85999	validation_0-AUC[PR]:0.953411
[23:34:38] src/tree/updater_prune.cc:74: tree pruning end, 1 roots, 18472 extra nodes, 0 pruned nodes, max_depth=100
[3]	validation_0-rmse:4.56176	validation_0-AUC[PR]:0.949026
[23:38:15] src/tree/updater_prune.cc:74: tree pruning end, 1 roots, 18550 extra nodes, 0 pruned nodes, max_depth=100
[4]	validation_0-rmse:5.08912	validation_0-AUC[PR]:0.94134
[23:42:16] src/tree/updater_prune.cc:74: tree pruning end, 1 roots, 18680 extra nodes, 0 pruned nodes, max_depth=100
[5]	validation_0-rmse:5.50914	validation_0-AUC[PR]:0.932393
[23:46:22] src/tree/updater_prune.cc:74: tree pruning end, 1 roots, 18134 extra nodes, 0 pruned nodes, max_depth=100
[6]	validation_0-rmse:5.84518	validation_0-AUC[PR]:0.922914
[23:50:19] src/tree/updater_prune.cc:74: tree pruning end, 1 roots, 17888 extra nodes, 0 pruned nodes, max_depth=100
[7]	validation_0-rmse:6.10518	validation_0-AUC[PR]:0.914011
[23:54:21] src/tree/updater_prune.cc:74: tree pruning end, 1 roots, 18062 extra nodes, 0 pruned nodes, max_depth=100
[8]	validation_0-rmse:6.32168	validation_0-AUC[PR]:0.911249
[23:58:22] src/tree/updater_prune.cc:74: tree pruning end, 1 roots, 18036 extra nodes, 0 pruned nodes, max_depth=100
[9]	validation_0-rmse:6.50942	validation_0-AUC[PR]:0.909209
[00:01:58] src/tree/updater_prune.cc:74: tree pruning end, 1 roots, 17570 extra nodes, 0 pruned nodes, max_depth=100
[10]	validation_0-rmse:6.66209	validation_0-AUC[PR]:0.906631
[00:05:51] src/tree/updater_prune.cc:74: tree pruning end, 1 roots, 16930 extra nodes, 0 pruned nodes, max_depth=100
[11]	validation_0-rmse:6.77598	validation_0-AUC[PR]:0.896667
[00:09:51] src/tree/updater_prune.cc:74: tree pruning end, 1 roots, 17086 extra nodes, 0 pruned nodes, max_depth=100
[12]	validation_0-rmse:6.88021	validation_0-AUC[PR]:0.894974
[00:13:37] src/tree/updater_prune.cc:74: tree pruning end, 1 roots, 16752 extra nodes, 0 pruned nodes, max_depth=100
[13]	validation_0-rmse:6.98566	validation_0-AUC[PR]:0.893025
[00:17:24] src/tree/updater_prune.cc:74: tree pruning end, 1 roots, 16832 extra nodes, 0 pruned nodes, max_depth=100
[14]	validation_0-rmse:7.06682	validation_0-AUC[PR]:0.892581
[00:20:54] src/tree/updater_prune.cc:74: tree pruning end, 1 roots, 17698 extra nodes, 0 pruned nodes, max_depth=100
[15]	validation_0-rmse:7.14912	validation_0-AUC[PR]:0.887656
[00:22:29] src/tree/updater_prune.cc:74: tree pruning end, 1 roots, 16250 extra nodes, 0 pruned nodes, max_depth=100
[16]	validation_0-rmse:7.21192	validation_0-AUC[PR]:0.883964
[00:24:02] src/tree/updater_prune.cc:74: tree pruning end, 1 roots, 16158 extra nodes, 0 pruned nodes, max_depth=100
[17]	validation_0-rmse:7.2668	validation_0-AUC[PR]:0.882543
[00:25:33] src/tree/updater_prune.cc:74: tree pruning end, 1 roots, 15908 extra nodes, 0 pruned nodes, max_depth=100
[18]	validation_0-rmse:7.3211	validation_0-AUC[PR]:0.884626
[00:27:06] src/tree/updater_prune.cc:74: tree pruning end, 1 roots, 17246 extra nodes, 0 pruned nodes, max_depth=100
[19]	validation_0-rmse:7.38333	validation_0-AUC[PR]:0.883806
[00:28:40] src/tree/updater_prune.cc:74: tree pruning end, 1 roots, 17166 extra nodes, 0 pruned nodes, max_depth=100
[20]	validation_0-rmse:7.42784	validation_0-AUC[PR]:0.886594
[00:30:17] src/tree/updater_prune.cc:74: tree pruning end, 1 roots, 16288 extra nodes, 0 pruned nodes, max_depth=100
[21]	validation_0-rmse:7.48246	validation_0-AUC[PR]:0.883522
[00:31:52] src/tree/updater_prune.cc:74: tree pruning end, 1 roots, 16332 extra nodes, 0 pruned nodes, max_depth=100
[22]	validation_0-rmse:7.53319	validation_0-AUC[PR]:0.881637
[00:33:34] src/tree/updater_prune.cc:74: tree pruning end, 1 roots, 17230 extra nodes, 0 pruned nodes, max_depth=100
[23]	validation_0-rmse:7.57616	validation_0-AUC[PR]:0.879342
[00:35:11] src/tree/updater_prune.cc:74: tree pruning end, 1 roots, 17330 extra nodes, 0 pruned nodes, max_depth=100
[24]	validation_0-rmse:7.61423	validation_0-AUC[PR]:0.877853
[00:36:46] src/tree/updater_prune.cc:74: tree pruning end, 1 roots, 16666 extra nodes, 0 pruned nodes, max_depth=100
[25]	validation_0-rmse:7.65632	validation_0-AUC[PR]:0.875814
[00:38:22] src/tree/updater_prune.cc:74: tree pruning end, 1 roots, 16860 extra nodes, 0 pruned nodes, max_depth=100
[26]	validation_0-rmse:7.69251	validation_0-AUC[PR]:0.871139
[00:39:55] src/tree/updater_prune.cc:74: tree pruning end, 1 roots, 16044 extra nodes, 0 pruned nodes, max_depth=100
[27]	validation_0-rmse:7.72467	validation_0-AUC[PR]:0.870853
[00:41:30] src/tree/updater_prune.cc:74: tree pruning end, 1 roots, 17352 extra nodes, 0 pruned nodes, max_depth=100
[28]	validation_0-rmse:7.76151	validation_0-AUC[PR]:0.869499
[00:43:06] src/tree/updater_prune.cc:74: tree pruning end, 1 roots, 16354 extra nodes, 0 pruned nodes, max_depth=100
[29]	validation_0-rmse:7.78937	validation_0-AUC[PR]:0.870161
train precision: 0.283946680941
train roc: 0.997287653208
train hit: 315.0 out of 332.0

val precision: 0.130501212688
val roc: 0.922249194188
val hit: 30.0 out of 56.0

test precision: 0.103101739755
test roc: 0.903244729637
test hit: 25.0 out of 56.0

ratio: 0.02, EF: 30.3571428571,	active: 56.0
ratio: 0.02, NEF: 0.607142857143
ratio: 0.01, EF: 44.6428571429,	active: 56.0
ratio: 0.01, NEF: 0.446428571429
ratio: 0.0015, EF: 83.3333333333,	active: 56.0
ratio: 0.0015, NEF: 0.125
ratio: 0.001, EF: 89.2857142857,	active: 56.0
ratio: 0.001, NEF: 0.119047619048

