label_name_list  [u'PriA-SSB AS Activity']
train files  ['../datasets/keck_pria/fold_0.csv' '../datasets/keck_pria/fold_1.csv'
 '../datasets/keck_pria/fold_2.csv' '../datasets/keck_pria/fold_3.csv'
 '../datasets/keck_pria/fold_6.csv' '../datasets/keck_pria/fold_7.csv']
val files  ['../datasets/keck_pria/fold_4.csv']
test files  ['../datasets/keck_pria/fold_5.csv']
Class Weight  [{0: 1.0, 1: 766.625748502994}]
Epoch 1/200
Epoch training duration: 5.37768793106
Train	AUC[ROC]: 0.937568	AUC[PR]: 0.123489
Val	AUC[ROC]: 0.820533	AUC[PR]: 0.034072
Epoch evaluation duration: 26.8479139805
Epoch duration: 32.2256019115

Epoch 2/200
Epoch training duration: 5.43995809555
Train	AUC[ROC]: 0.969661	AUC[PR]: 0.155139
Val	AUC[ROC]: 0.826266	AUC[PR]: 0.045284
Epoch evaluation duration: 26.5030589104
Epoch duration: 31.9430170059

Epoch 3/200
Epoch training duration: 5.20232415199
Train	AUC[ROC]: 0.986211	AUC[PR]: 0.190684
Val	AUC[ROC]: 0.823364	AUC[PR]: 0.056393
Epoch evaluation duration: 26.2980649471
Epoch duration: 31.5003890991

Epoch 4/200
Epoch training duration: 5.07934498787
Train	AUC[ROC]: 0.992045	AUC[PR]: 0.224815
Val	AUC[ROC]: 0.821276	AUC[PR]: 0.068370
Epoch evaluation duration: 26.6683340073
Epoch duration: 31.7476789951

Epoch 5/200
Epoch training duration: 5.24897694588
Train	AUC[ROC]: 0.994984	AUC[PR]: 0.259371
Val	AUC[ROC]: 0.817487	AUC[PR]: 0.069025
Epoch evaluation duration: 27.7056949139
Epoch duration: 32.9546718597

Epoch 6/200
Epoch training duration: 5.65700507164
Train	AUC[ROC]: 0.996816	AUC[PR]: 0.295780
Val	AUC[ROC]: 0.818691	AUC[PR]: 0.074004
Epoch evaluation duration: 27.1509239674
Epoch duration: 32.807929039

Epoch 7/200
Epoch training duration: 5.22601509094
Train	AUC[ROC]: 0.997808	AUC[PR]: 0.348424
Val	AUC[ROC]: 0.819926	AUC[PR]: 0.077455
Epoch evaluation duration: 25.7232899666
Epoch duration: 30.9493050575

Epoch 8/200
Epoch training duration: 5.40520906448
Train	AUC[ROC]: 0.998271	AUC[PR]: 0.387169
Val	AUC[ROC]: 0.813154	AUC[PR]: 0.081758
Epoch evaluation duration: 30.1950500011
Epoch duration: 35.6002590656

Epoch 9/200
Epoch training duration: 4.95227885246
Train	AUC[ROC]: 0.998655	AUC[PR]: 0.423759
Val	AUC[ROC]: 0.813107	AUC[PR]: 0.080666
Epoch evaluation duration: 22.5071861744
Epoch duration: 27.4594650269

Epoch 10/200
Epoch training duration: 4.97839999199
Train	AUC[ROC]: 0.999040	AUC[PR]: 0.479162
Val	AUC[ROC]: 0.820679	AUC[PR]: 0.083108
Epoch evaluation duration: 22.6615219116
Epoch duration: 27.6399219036

Epoch 11/200
Epoch training duration: 4.89043998718
Train	AUC[ROC]: 0.999215	AUC[PR]: 0.528043
Val	AUC[ROC]: 0.806016	AUC[PR]: 0.090559
Epoch evaluation duration: 23.0005581379
Epoch duration: 27.8909981251

Epoch 12/200
Epoch training duration: 4.88540482521
Train	AUC[ROC]: 0.999386	AUC[PR]: 0.577085
Val	AUC[ROC]: 0.804336	AUC[PR]: 0.096536
Epoch evaluation duration: 23.9230570793
Epoch duration: 28.8084619045

Epoch 13/200
Epoch training duration: 5.21299099922
Train	AUC[ROC]: 0.999425	AUC[PR]: 0.582420
Val	AUC[ROC]: 0.803646	AUC[PR]: 0.102867
Epoch evaluation duration: 25.0182321072
Epoch duration: 30.2312231064

Epoch 14/200
Epoch training duration: 5.47086191177
Train	AUC[ROC]: 0.999559	AUC[PR]: 0.637135
Val	AUC[ROC]: 0.810453	AUC[PR]: 0.099827
Epoch evaluation duration: 25.3910059929
Epoch duration: 30.8618679047

Epoch 15/200
Epoch training duration: 5.29315805435
Train	AUC[ROC]: 0.999595	AUC[PR]: 0.655311
Val	AUC[ROC]: 0.807111	AUC[PR]: 0.094950
Epoch evaluation duration: 25.9734499454
Epoch duration: 31.2666079998

Epoch 16/200
Epoch training duration: 5.10048699379
Train	AUC[ROC]: 0.999664	AUC[PR]: 0.689748
Val	AUC[ROC]: 0.797684	AUC[PR]: 0.102125
Epoch evaluation duration: 24.4371550083
Epoch duration: 29.5376420021

Epoch 17/200
Epoch training duration: 5.12890696526
Train	AUC[ROC]: 0.999733	AUC[PR]: 0.743215
Val	AUC[ROC]: 0.796137	AUC[PR]: 0.108761
Epoch evaluation duration: 24.9975190163
Epoch duration: 30.1264259815

Epoch 18/200
Epoch training duration: 5.21847009659
Train	AUC[ROC]: 0.999700	AUC[PR]: 0.726679
Val	AUC[ROC]: 0.802622	AUC[PR]: 0.107062
Epoch evaluation duration: 26.548003912
Epoch duration: 31.7664740086

Epoch 19/200
Epoch training duration: 5.17944002151
Train	AUC[ROC]: 0.999779	AUC[PR]: 0.777626
Val	AUC[ROC]: 0.791765	AUC[PR]: 0.105744
Epoch evaluation duration: 25.7922708988
Epoch duration: 30.9717109203

Epoch 20/200
Epoch training duration: 5.19253516197
Train	AUC[ROC]: 0.999809	AUC[PR]: 0.799167
Val	AUC[ROC]: 0.785674	AUC[PR]: 0.108358
Epoch evaluation duration: 24.8319759369
Epoch duration: 30.0245110989

Epoch 21/200
Epoch training duration: 5.11216688156
Train	AUC[ROC]: 0.999851	AUC[PR]: 0.832773
Val	AUC[ROC]: 0.786530	AUC[PR]: 0.109673
Epoch evaluation duration: 26.620249033
Epoch duration: 31.7324159145

Epoch 22/200
Epoch training duration: 5.11796712875
Train	AUC[ROC]: 0.999873	AUC[PR]: 0.845914
Val	AUC[ROC]: 0.788583	AUC[PR]: 0.118273
Epoch evaluation duration: 26.4102528095
Epoch duration: 31.5282199383

Epoch 23/200
Epoch training duration: 5.30674505234
Train	AUC[ROC]: 0.999875	AUC[PR]: 0.851553
Val	AUC[ROC]: 0.783883	AUC[PR]: 0.122040
Epoch evaluation duration: 26.6755399704
Epoch duration: 31.9822850227

Epoch 24/200
Epoch training duration: 5.29440712929
Train	AUC[ROC]: 0.999876	AUC[PR]: 0.849934
Val	AUC[ROC]: 0.787491	AUC[PR]: 0.126620
Epoch evaluation duration: 30.4014520645
Epoch duration: 35.6958591938

Epoch 25/200
Epoch training duration: 6.85577893257
Train	AUC[ROC]: 0.999891	AUC[PR]: 0.866516
Val	AUC[ROC]: 0.784493	AUC[PR]: 0.128760
Epoch evaluation duration: 29.1217138767
Epoch duration: 35.9774928093

Epoch 26/200
Epoch training duration: 5.47802400589
Train	AUC[ROC]: 0.999900	AUC[PR]: 0.882852
Val	AUC[ROC]: 0.784777	AUC[PR]: 0.118619
Epoch evaluation duration: 28.562734127
Epoch duration: 34.0407581329

Epoch 27/200
Epoch training duration: 5.43156003952
Train	AUC[ROC]: 0.999915	AUC[PR]: 0.893975
Val	AUC[ROC]: 0.788541	AUC[PR]: 0.112513
Epoch evaluation duration: 29.0661478043
Epoch duration: 34.4977078438

Epoch 28/200
Epoch training duration: 5.28345012665
Train	AUC[ROC]: 0.999925	AUC[PR]: 0.909758
Val	AUC[ROC]: 0.795091	AUC[PR]: 0.131187
Epoch evaluation duration: 30.2779209614
Epoch duration: 35.561371088

Epoch 29/200
Epoch training duration: 5.69307994843
Train	AUC[ROC]: 0.999938	AUC[PR]: 0.922937
Val	AUC[ROC]: 0.793441	AUC[PR]: 0.120333
Epoch evaluation duration: 29.1432671547
Epoch duration: 34.8363471031

Epoch 30/200
Epoch training duration: 5.60585284233
Train	AUC[ROC]: 0.999949	AUC[PR]: 0.942525
Val	AUC[ROC]: 0.783680	AUC[PR]: 0.115552
Epoch evaluation duration: 30.9235210419
Epoch duration: 36.5293738842

Epoch 31/200
Epoch training duration: 5.53435611725
Train	AUC[ROC]: 0.999952	AUC[PR]: 0.940083
Val	AUC[ROC]: 0.771592	AUC[PR]: 0.108957
Epoch evaluation duration: 30.9061658382
Epoch duration: 36.4405219555

Epoch 32/200
Epoch training duration: 5.56949710846
Train	AUC[ROC]: 0.999952	AUC[PR]: 0.943931
Val	AUC[ROC]: 0.763212	AUC[PR]: 0.113922
Epoch evaluation duration: 29.8581550121
Epoch duration: 35.4276521206

Epoch 33/200
Epoch training duration: 5.7246389389
Train	AUC[ROC]: 0.999962	AUC[PR]: 0.955919
Val	AUC[ROC]: 0.765368	AUC[PR]: 0.101479
Epoch evaluation duration: 31.778703928
Epoch duration: 37.5033428669

Epoch 34/200
Epoch training duration: 6.2841629982
Train	AUC[ROC]: 0.999959	AUC[PR]: 0.948724
Val	AUC[ROC]: 0.757419	AUC[PR]: 0.107052
Epoch evaluation duration: 50.0033462048
Epoch duration: 56.287509203

Epoch 35/200
Epoch training duration: 8.57825279236
Train	AUC[ROC]: 0.999960	AUC[PR]: 0.953346
Val	AUC[ROC]: 0.765764	AUC[PR]: 0.102966
Epoch evaluation duration: 48.3723220825
Epoch duration: 56.9505748749

Epoch 36/200
Epoch training duration: 6.68380403519
Train	AUC[ROC]: 0.999953	AUC[PR]: 0.946855
Val	AUC[ROC]: 0.765479	AUC[PR]: 0.103889
Epoch evaluation duration: 44.7438800335
Epoch duration: 51.4276840687

Epoch 37/200
Epoch training duration: 6.50970482826
Train	AUC[ROC]: 0.999960	AUC[PR]: 0.956651
Val	AUC[ROC]: 0.764814	AUC[PR]: 0.095118
Epoch evaluation duration: 44.5917432308
Epoch duration: 51.1014480591

Epoch 38/200
Epoch training duration: 8.2294459343
Train	AUC[ROC]: 0.999975	AUC[PR]: 0.974635
Val	AUC[ROC]: 0.756895	AUC[PR]: 0.103228
Epoch evaluation duration: 52.692456007
Epoch duration: 60.9219019413

Epoch 39/200
Epoch training duration: 7.88407087326
Train	AUC[ROC]: 0.999980	AUC[PR]: 0.979884
Val	AUC[ROC]: 0.755270	AUC[PR]: 0.101787
Epoch evaluation duration: 54.1631171703
Epoch duration: 62.0471880436

Epoch 40/200
Epoch training duration: 8.46914386749
Train	AUC[ROC]: 0.999983	AUC[PR]: 0.984135
Val	AUC[ROC]: 0.754307	AUC[PR]: 0.105884
Epoch evaluation duration: 56.6860511303
Epoch duration: 65.1551949978

Epoch 41/200
Epoch training duration: 8.18491387367
Train	AUC[ROC]: 0.999967	AUC[PR]: 0.949757
Val	AUC[ROC]: 0.743749	AUC[PR]: 0.119297
Epoch evaluation duration: 44.2901110649
Epoch duration: 52.4750249386

Epoch 42/200
Epoch training duration: 8.29785704613
Train	AUC[ROC]: 0.999962	AUC[PR]: 0.948531
Val	AUC[ROC]: 0.771707	AUC[PR]: 0.110875
Epoch evaluation duration: 51.0383028984
Epoch duration: 59.3361599445

Epoch 43/200
Epoch training duration: 6.56390500069
Train	AUC[ROC]: 0.999975	AUC[PR]: 0.967108
Val	AUC[ROC]: 0.754913	AUC[PR]: 0.109951
Epoch evaluation duration: 52.8942809105
Epoch duration: 59.4581859112

Epoch 44/200
Epoch training duration: 9.1693110466
Train	AUC[ROC]: 0.999947	AUC[PR]: 0.937138
Val	AUC[ROC]: 0.766661	AUC[PR]: 0.107182
Epoch evaluation duration: 56.8401429653
Epoch duration: 66.0094540119

Epoch 45/200
Epoch training duration: 8.72868704796
Train	AUC[ROC]: 0.999984	AUC[PR]: 0.979984
Val	AUC[ROC]: 0.737628	AUC[PR]: 0.100441
Epoch evaluation duration: 60.6158089638
Epoch duration: 69.3444960117

Epoch 46/200
Epoch training duration: 7.6651070118
Train	AUC[ROC]: 0.999989	AUC[PR]: 0.987384
Val	AUC[ROC]: 0.738727	AUC[PR]: 0.102905
Epoch evaluation duration: 51.8456330299
Epoch duration: 59.5107400417

Epoch 47/200
Epoch training duration: 7.27582812309
Train	AUC[ROC]: 0.999987	AUC[PR]: 0.985420
Val	AUC[ROC]: 0.732511	AUC[PR]: 0.101387
Epoch evaluation duration: 54.1823978424
Epoch duration: 61.4582259655

Epoch 48/200
Epoch training duration: 7.12065219879
Train	AUC[ROC]: 0.999987	AUC[PR]: 0.985756
Val	AUC[ROC]: 0.737902	AUC[PR]: 0.105463
Epoch evaluation duration: 54.7579958439
Epoch duration: 61.8786480427

Epoch 49/200
Epoch training duration: 7.27975106239
Train	AUC[ROC]: 0.999984	AUC[PR]: 0.981585
Val	AUC[ROC]: 0.736732	AUC[PR]: 0.099521
Epoch evaluation duration: 54.4272909164
Epoch duration: 61.7070419788

Epoch 50/200
Epoch training duration: 6.73782110214
Train	AUC[ROC]: 0.999987	AUC[PR]: 0.987359
Val	AUC[ROC]: 0.725700	AUC[PR]: 0.095878
Epoch evaluation duration: 63.8555338383
Epoch duration: 70.5933549404

Epoch 51/200
Epoch training duration: 7.28275418282
Train	AUC[ROC]: 0.999992	AUC[PR]: 0.992634
Val	AUC[ROC]: 0.727476	AUC[PR]: 0.110094
Epoch evaluation duration: 49.1974799633
Epoch duration: 56.4802341461

Epoch 52/200
Epoch training duration: 6.70394492149
Train	AUC[ROC]: 0.999989	AUC[PR]: 0.983314
Val	AUC[ROC]: 0.718330	AUC[PR]: 0.116731
Epoch evaluation duration: 56.0320920944
Epoch duration: 62.7360370159

Epoch 53/200
Epoch training duration: 6.91937994957
Train	AUC[ROC]: 0.999993	AUC[PR]: 0.991385
Val	AUC[ROC]: 0.722341	AUC[PR]: 0.109886
Epoch evaluation duration: 57.3953170776
Epoch duration: 64.3146970272

Epoch 54/200
Epoch training duration: 7.71772098541
Train	AUC[ROC]: 0.999994	AUC[PR]: 0.994865
Val	AUC[ROC]: 0.724878	AUC[PR]: 0.108705
Epoch evaluation duration: 49.725235939
Epoch duration: 57.4429569244

Epoch 55/200
Epoch training duration: 7.21167111397
Train	AUC[ROC]: 0.999994	AUC[PR]: 0.994178
Val	AUC[ROC]: 0.720255	AUC[PR]: 0.093474
Epoch evaluation duration: 54.1784939766
Epoch duration: 61.3901650906

Epoch 56/200
Epoch training duration: 8.70402503014
Train	AUC[ROC]: 0.999995	AUC[PR]: 0.995694
Val	AUC[ROC]: 0.734498	AUC[PR]: 0.096367
Epoch evaluation duration: 36.9815289974
Epoch duration: 45.6855540276

Epoch 57/200
Epoch training duration: 6.57625389099
Train	AUC[ROC]: 0.999995	AUC[PR]: 0.995300
Val	AUC[ROC]: 0.710343	AUC[PR]: 0.105845
Epoch evaluation duration: 53.2518398762
Epoch duration: 59.8280937672

Epoch 58/200
Epoch training duration: 8.4667031765
Train	AUC[ROC]: 0.999991	AUC[PR]: 0.988655
Val	AUC[ROC]: 0.717675	AUC[PR]: 0.097549
Epoch evaluation duration: 53.5076880455
Epoch duration: 61.974391222

Epoch 59/200
Epoch training duration: 7.93294692039
Train	AUC[ROC]: 0.999991	AUC[PR]: 0.988667
Val	AUC[ROC]: 0.721517	AUC[PR]: 0.095582
Epoch evaluation duration: 60.882874012
Epoch duration: 68.8158209324

Epoch 60/200
Epoch training duration: 7.31932401657
Train	AUC[ROC]: 0.999989	AUC[PR]: 0.981778
Val	AUC[ROC]: 0.730532	AUC[PR]: 0.085701
Epoch evaluation duration: 47.9013750553
Epoch duration: 55.2206990719

Epoch 61/200
Epoch training duration: 7.52944898605
Train	AUC[ROC]: 0.999992	AUC[PR]: 0.989725
Val	AUC[ROC]: 0.733449	AUC[PR]: 0.100677
Epoch evaluation duration: 52.6189038754
Epoch duration: 60.1483528614

Epoch 62/200
Epoch training duration: 6.56423091888
Train	AUC[ROC]: 0.999985	AUC[PR]: 0.979194
Val	AUC[ROC]: 0.711093	AUC[PR]: 0.084302
Epoch evaluation duration: 56.206236124
Epoch duration: 62.7704670429

Epoch 63/200
Epoch training duration: 7.86525893211
Train	AUC[ROC]: 0.999996	AUC[PR]: 0.996376
Val	AUC[ROC]: 0.709992	AUC[PR]: 0.087798
Epoch evaluation duration: 47.6817350388
Epoch duration: 55.5469939709

Epoch 64/200
Epoch training duration: 7.75336790085
Train	AUC[ROC]: 0.999998	AUC[PR]: 0.998203
Val	AUC[ROC]: 0.714204	AUC[PR]: 0.088399
Epoch evaluation duration: 58.825274229
Epoch duration: 66.5786421299

Epoch 65/200
Epoch training duration: 8.60113191605
Train	AUC[ROC]: 0.999997	AUC[PR]: 0.997386
Val	AUC[ROC]: 0.718481	AUC[PR]: 0.095386
Epoch evaluation duration: 43.730066061
Epoch duration: 52.3311979771

Epoch 66/200
Epoch training duration: 6.2399699688
Train	AUC[ROC]: 0.999997	AUC[PR]: 0.996178
Val	AUC[ROC]: 0.700480	AUC[PR]: 0.089521
Epoch evaluation duration: 58.9568610191
Epoch duration: 65.1968309879

Epoch 67/200
Epoch training duration: 6.7669479847
Train	AUC[ROC]: 0.999998	AUC[PR]: 0.998160
Val	AUC[ROC]: 0.722248	AUC[PR]: 0.095930
Epoch evaluation duration: 48.6424789429
Epoch duration: 55.4094269276

Epoch 68/200
Epoch training duration: 6.26436209679
Train	AUC[ROC]: 0.999999	AUC[PR]: 0.999274
Val	AUC[ROC]: 0.699941	AUC[PR]: 0.104410
Epoch evaluation duration: 50.9705479145
Epoch duration: 57.2349100113

Epoch 69/200
Epoch training duration: 6.0151219368
Train	AUC[ROC]: 0.999999	AUC[PR]: 0.999578
Val	AUC[ROC]: 0.721789	AUC[PR]: 0.102853
Epoch evaluation duration: 58.0843601227
Epoch duration: 64.0994820595

Epoch 70/200
Epoch training duration: 6.66677093506
Train	AUC[ROC]: 1.000000	AUC[PR]: 0.999633
Val	AUC[ROC]: 0.707298	AUC[PR]: 0.102568
Epoch evaluation duration: 50.9583389759
Epoch duration: 57.625109911

Epoch 71/200
Epoch training duration: 6.7367939949
Train	AUC[ROC]: 0.999996	AUC[PR]: 0.989167
Val	AUC[ROC]: 0.714916	AUC[PR]: 0.099903
Epoch evaluation duration: 57.7850170135
Epoch duration: 64.5218110085

Epoch 72/200
Epoch training duration: 7.4299800396
Train	AUC[ROC]: 0.999997	AUC[PR]: 0.994562
Val	AUC[ROC]: 0.707399	AUC[PR]: 0.108616
Epoch evaluation duration: 46.0887680054
Epoch duration: 53.518748045

Epoch 73/200
Epoch training duration: 8.02293896675
Train	AUC[ROC]: 0.999989	AUC[PR]: 0.978019
Val	AUC[ROC]: 0.698078	AUC[PR]: 0.090675
Epoch evaluation duration: 50.9450531006
Epoch duration: 58.9679920673

Epoch 74/200
Epoch training duration: 7.67534685135
Train	AUC[ROC]: 0.999984	AUC[PR]: 0.965280
Val	AUC[ROC]: 0.729949	AUC[PR]: 0.097357
Epoch evaluation duration: 44.281512022
Epoch duration: 51.9568588734

Epoch 75/200
Epoch training duration: 8.25030612946
Train	AUC[ROC]: 0.999987	AUC[PR]: 0.970992
Val	AUC[ROC]: 0.710433	AUC[PR]: 0.090386
Epoch evaluation duration: 57.8306667805
Epoch duration: 66.0809729099

Epoch 76/200
Epoch training duration: 6.49967122078
Train	AUC[ROC]: 0.999991	AUC[PR]: 0.975039
Val	AUC[ROC]: 0.709010	AUC[PR]: 0.096041
Epoch evaluation duration: 45.2377820015
Epoch duration: 51.7374532223

Epoch 77/200
Epoch training duration: 6.71532988548
Train	AUC[ROC]: 0.999991	AUC[PR]: 0.976426
Val	AUC[ROC]: 0.695584	AUC[PR]: 0.084674
Epoch evaluation duration: 47.7375910282
Epoch duration: 54.4529209137

Epoch 78/200
Epoch training duration: 6.68871998787
Train	AUC[ROC]: 0.999984	AUC[PR]: 0.968515
Val	AUC[ROC]: 0.680860	AUC[PR]: 0.089523
Epoch evaluation duration: 57.4324629307
Epoch duration: 64.1211829185

Epoch 79/200
Epoch training duration: 6.69219398499
Train	AUC[ROC]: 0.999990	AUC[PR]: 0.978529
Val	AUC[ROC]: 0.674985	AUC[PR]: 0.092346
Epoch evaluation duration: 42.6360030174
Epoch duration: 49.3281970024

train precision: 0.909758170689
train roc: 0.999924937181
train hit in top 2563: 334.0 out of 334.0

val precision: 0.131187174403
val roc: 0.795091015604
val hit in top 427: 27.0 out of 55.0

test precision: 0.243055414421
test roc: 0.924413843643
test hit in top 427: 39.0 out of 55.0

ratio: 0.02, EF: 40.0,	active: 55.0
ratio: 0.02, NEF: 0.8
ratio: 0.01, EF: 70.9090909091,	active: 55.0
ratio: 0.01, NEF: 0.709090909091
ratio: 0.0015, EF: 230.303030303,	active: 55.0
ratio: 0.0015, NEF: 0.345454545455
ratio: 0.001, EF: 218.181818182,	active: 55.0
ratio: 0.001, NEF: 0.285714285714

