label_name_list  [u'PriA-SSB AS Activity']
train files  ['../datasets/keck_pria/fold_0.csv' '../datasets/keck_pria/fold_1.csv'
 '../datasets/keck_pria/fold_2.csv' '../datasets/keck_pria/fold_3.csv'
 '../datasets/keck_pria/fold_4.csv' '../datasets/keck_pria/fold_5.csv'
 '../datasets/keck_pria/fold_6.csv' '../datasets/keck_pria/fold_7.csv']
val files  ['../datasets/keck_pria/fold_8.csv']
test files  ['../datasets/keck_pria/fold_9.csv']
Class Weight  [{0: 1.0, 1: 768.9234234234234}]
Epoch 1/1000
Epoch training duration: 12.50147295
Train	AUC[ROC]: 0.914240	AUC[PR]: 0.088723
Val	AUC[ROC]: 0.900736	AUC[PR]: 0.044224
Epoch evaluation duration: 108.165020943
Epoch duration: 120.666493893

Epoch 2/1000
Epoch training duration: 12.9707500935
Train	AUC[ROC]: 0.947561	AUC[PR]: 0.118885
Val	AUC[ROC]: 0.917959	AUC[PR]: 0.068873
Epoch evaluation duration: 119.040842056
Epoch duration: 132.01159215

Epoch 3/1000
Epoch training duration: 12.3014850616
Train	AUC[ROC]: 0.966873	AUC[PR]: 0.141601
Val	AUC[ROC]: 0.925979	AUC[PR]: 0.079670
Epoch evaluation duration: 109.040215969
Epoch duration: 121.341701031

Epoch 4/1000
Epoch training duration: 13.1804158688
Train	AUC[ROC]: 0.980117	AUC[PR]: 0.161096
Val	AUC[ROC]: 0.929289	AUC[PR]: 0.088998
Epoch evaluation duration: 105.311547995
Epoch duration: 118.491963863

Epoch 5/1000
Epoch training duration: 11.7656710148
Train	AUC[ROC]: 0.986932	AUC[PR]: 0.184763
Val	AUC[ROC]: 0.928075	AUC[PR]: 0.102606
Epoch evaluation duration: 106.247485161
Epoch duration: 118.013156176

Epoch 6/1000
Epoch training duration: 11.4995598793
Train	AUC[ROC]: 0.991268	AUC[PR]: 0.200674
Val	AUC[ROC]: 0.926081	AUC[PR]: 0.102185
Epoch evaluation duration: 105.897969961
Epoch duration: 117.39752984

Epoch 7/1000
Epoch training duration: 14.4318981171
Train	AUC[ROC]: 0.994114	AUC[PR]: 0.228821
Val	AUC[ROC]: 0.925435	AUC[PR]: 0.105253
Epoch evaluation duration: 97.5043308735
Epoch duration: 111.936228991

Epoch 8/1000
Epoch training duration: 11.3713531494
Train	AUC[ROC]: 0.995219	AUC[PR]: 0.246149
Val	AUC[ROC]: 0.922556	AUC[PR]: 0.117221
Epoch evaluation duration: 122.074471951
Epoch duration: 133.4458251

Epoch 9/1000
Epoch training duration: 12.8998188972
Train	AUC[ROC]: 0.996518	AUC[PR]: 0.276701
Val	AUC[ROC]: 0.921175	AUC[PR]: 0.122170
Epoch evaluation duration: 107.933125973
Epoch duration: 120.83294487

Epoch 10/1000
Epoch training duration: 11.2457671165
Train	AUC[ROC]: 0.997302	AUC[PR]: 0.298538
Val	AUC[ROC]: 0.922210	AUC[PR]: 0.122724
Epoch evaluation duration: 109.642392874
Epoch duration: 120.88815999

Epoch 11/1000
Epoch training duration: 11.4813439846
Train	AUC[ROC]: 0.997790	AUC[PR]: 0.323072
Val	AUC[ROC]: 0.921411	AUC[PR]: 0.128890
Epoch evaluation duration: 99.3142790794
Epoch duration: 110.795623064

Epoch 12/1000
Epoch training duration: 13.3787829876
Train	AUC[ROC]: 0.998191	AUC[PR]: 0.352793
Val	AUC[ROC]: 0.916400	AUC[PR]: 0.139351
Epoch evaluation duration: 102.338019133
Epoch duration: 115.71680212

Epoch 13/1000
Epoch training duration: 11.3555309772
Train	AUC[ROC]: 0.998494	AUC[PR]: 0.383048
Val	AUC[ROC]: 0.919945	AUC[PR]: 0.136911
Epoch evaluation duration: 112.494499922
Epoch duration: 123.850030899

Epoch 14/1000
Epoch training duration: 12.2476990223
Train	AUC[ROC]: 0.998754	AUC[PR]: 0.413951
Val	AUC[ROC]: 0.912730	AUC[PR]: 0.141754
Epoch evaluation duration: 108.12626791
Epoch duration: 120.373966932

Epoch 15/1000
Epoch training duration: 14.4604790211
Train	AUC[ROC]: 0.998943	AUC[PR]: 0.441560
Val	AUC[ROC]: 0.908469	AUC[PR]: 0.142121
Epoch evaluation duration: 110.385293007
Epoch duration: 124.845772028

Epoch 16/1000
Epoch training duration: 13.7120730877
Train	AUC[ROC]: 0.999106	AUC[PR]: 0.472750
Val	AUC[ROC]: 0.908035	AUC[PR]: 0.133302
Epoch evaluation duration: 106.218004942
Epoch duration: 119.93007803

Epoch 17/1000
Epoch training duration: 12.4258699417
Train	AUC[ROC]: 0.999204	AUC[PR]: 0.495240
Val	AUC[ROC]: 0.907304	AUC[PR]: 0.143538
Epoch evaluation duration: 112.125241041
Epoch duration: 124.551110983

Epoch 18/1000
Epoch training duration: 12.680742979
Train	AUC[ROC]: 0.999332	AUC[PR]: 0.526495
Val	AUC[ROC]: 0.899635	AUC[PR]: 0.149655
Epoch evaluation duration: 91.178153038
Epoch duration: 103.858896017

Epoch 19/1000
Epoch training duration: 11.4153280258
Train	AUC[ROC]: 0.999387	AUC[PR]: 0.544977
Val	AUC[ROC]: 0.895212	AUC[PR]: 0.152524
Epoch evaluation duration: 109.27294302
Epoch duration: 120.688271046

Epoch 20/1000
Epoch training duration: 10.347730875
Train	AUC[ROC]: 0.999465	AUC[PR]: 0.575226
Val	AUC[ROC]: 0.884754	AUC[PR]: 0.151430
Epoch evaluation duration: 100.742658138
Epoch duration: 111.090389013

Epoch 21/1000
Epoch training duration: 11.505603075
Train	AUC[ROC]: 0.999503	AUC[PR]: 0.584583
Val	AUC[ROC]: 0.888513	AUC[PR]: 0.143094
Epoch evaluation duration: 104.951721907
Epoch duration: 116.457324982

Epoch 22/1000
Epoch training duration: 11.6945910454
Train	AUC[ROC]: 0.999560	AUC[PR]: 0.611224
Val	AUC[ROC]: 0.885707	AUC[PR]: 0.147847
Epoch evaluation duration: 112.794539928
Epoch duration: 124.489130974

Epoch 23/1000
Epoch training duration: 11.6134660244
Train	AUC[ROC]: 0.999609	AUC[PR]: 0.638997
Val	AUC[ROC]: 0.877771	AUC[PR]: 0.146233
Epoch evaluation duration: 99.3979210854
Epoch duration: 111.01138711

Epoch 24/1000
Epoch training duration: 11.1566698551
Train	AUC[ROC]: 0.999645	AUC[PR]: 0.659078
Val	AUC[ROC]: 0.873786	AUC[PR]: 0.145110
Epoch evaluation duration: 105.902578115
Epoch duration: 117.059247971

Epoch 25/1000
Epoch training duration: 12.2500510216
Train	AUC[ROC]: 0.999697	AUC[PR]: 0.692819
Val	AUC[ROC]: 0.873416	AUC[PR]: 0.147295
Epoch evaluation duration: 110.066174984
Epoch duration: 122.316226006

Epoch 26/1000
Epoch training duration: 12.1084368229
Train	AUC[ROC]: 0.999738	AUC[PR]: 0.725732
Val	AUC[ROC]: 0.868586	AUC[PR]: 0.156759
Epoch evaluation duration: 103.288670063
Epoch duration: 115.397106886

Epoch 27/1000
Epoch training duration: 12.2040419579
Train	AUC[ROC]: 0.999703	AUC[PR]: 0.690983
Val	AUC[ROC]: 0.867458	AUC[PR]: 0.166906
Epoch evaluation duration: 112.732402086
Epoch duration: 124.936444044

Epoch 28/1000
Epoch training duration: 11.7825610638
Train	AUC[ROC]: 0.999767	AUC[PR]: 0.738848
Val	AUC[ROC]: 0.855322	AUC[PR]: 0.163047
Epoch evaluation duration: 99.8611228466
Epoch duration: 111.64368391

Epoch 29/1000
Epoch training duration: 10.9117751122
Train	AUC[ROC]: 0.999787	AUC[PR]: 0.760530
Val	AUC[ROC]: 0.857730	AUC[PR]: 0.168825
Epoch evaluation duration: 107.228116989
Epoch duration: 118.139892101

Epoch 30/1000
Epoch training duration: 13.0717270374
Train	AUC[ROC]: 0.999744	AUC[PR]: 0.725673
Val	AUC[ROC]: 0.873095	AUC[PR]: 0.175365
Epoch evaluation duration: 112.683845997
Epoch duration: 125.755573034

Epoch 31/1000
Epoch training duration: 11.0058450699
Train	AUC[ROC]: 0.999796	AUC[PR]: 0.765858
Val	AUC[ROC]: 0.847864	AUC[PR]: 0.178647
Epoch evaluation duration: 108.29950881
Epoch duration: 119.30535388

Epoch 32/1000
Epoch training duration: 14.476637125
Train	AUC[ROC]: 0.999777	AUC[PR]: 0.746406
Val	AUC[ROC]: 0.848685	AUC[PR]: 0.185826
Epoch evaluation duration: 112.564231873
Epoch duration: 127.040868998

Epoch 33/1000
Epoch training duration: 13.8260250092
Train	AUC[ROC]: 0.999806	AUC[PR]: 0.770546
Val	AUC[ROC]: 0.842330	AUC[PR]: 0.178718
Epoch evaluation duration: 109.805168152
Epoch duration: 123.631193161

Epoch 34/1000
Epoch training duration: 12.8413968086
Train	AUC[ROC]: 0.999825	AUC[PR]: 0.788493
Val	AUC[ROC]: 0.845377	AUC[PR]: 0.165322
Epoch evaluation duration: 97.3748311996
Epoch duration: 110.216228008

Epoch 35/1000
Epoch training duration: 11.0926299095
Train	AUC[ROC]: 0.999847	AUC[PR]: 0.813283
Val	AUC[ROC]: 0.834946	AUC[PR]: 0.168286
Epoch evaluation duration: 90.8190760612
Epoch duration: 101.911705971

Epoch 36/1000
Epoch training duration: 12.184648037
Train	AUC[ROC]: 0.999835	AUC[PR]: 0.799577
Val	AUC[ROC]: 0.845462	AUC[PR]: 0.168777
Epoch evaluation duration: 96.6603498459
Epoch duration: 108.844997883

Epoch 37/1000
Epoch training duration: 11.8316590786
Train	AUC[ROC]: 0.999859	AUC[PR]: 0.823889
Val	AUC[ROC]: 0.834579	AUC[PR]: 0.169328
Epoch evaluation duration: 103.798595905
Epoch duration: 115.630254984

Epoch 38/1000
Epoch training duration: 11.6557071209
Train	AUC[ROC]: 0.999865	AUC[PR]: 0.831439
Val	AUC[ROC]: 0.828400	AUC[PR]: 0.173559
Epoch evaluation duration: 100.207692862
Epoch duration: 111.863399982

Epoch 39/1000
Epoch training duration: 10.9573349953
Train	AUC[ROC]: 0.999854	AUC[PR]: 0.816419
Val	AUC[ROC]: 0.837731	AUC[PR]: 0.179288
Epoch evaluation duration: 87.0888111591
Epoch duration: 98.0461461544

Epoch 40/1000
Epoch training duration: 9.93043494225
Train	AUC[ROC]: 0.999881	AUC[PR]: 0.844561
Val	AUC[ROC]: 0.826179	AUC[PR]: 0.184882
Epoch evaluation duration: 113.232349873
Epoch duration: 123.162784815

Epoch 41/1000
Epoch training duration: 11.3865160942
Train	AUC[ROC]: 0.999891	AUC[PR]: 0.855618
Val	AUC[ROC]: 0.834432	AUC[PR]: 0.174917
Epoch evaluation duration: 115.779318094
Epoch duration: 127.165834188

Epoch 42/1000
Epoch training duration: 9.89055085182
Train	AUC[ROC]: 0.999913	AUC[PR]: 0.879741
Val	AUC[ROC]: 0.822397	AUC[PR]: 0.158486
Epoch evaluation duration: 120.206763983
Epoch duration: 130.097314835

Epoch 43/1000
Epoch training duration: 10.1893091202
Train	AUC[ROC]: 0.999917	AUC[PR]: 0.885939
Val	AUC[ROC]: 0.821154	AUC[PR]: 0.163071
Epoch evaluation duration: 112.45093298
Epoch duration: 122.6402421

Epoch 44/1000
Epoch training duration: 9.67751908302
Train	AUC[ROC]: 0.999919	AUC[PR]: 0.889331
Val	AUC[ROC]: 0.823776	AUC[PR]: 0.167359
Epoch evaluation duration: 102.887403965
Epoch duration: 112.564923048

Epoch 45/1000
Epoch training duration: 9.61171102524
Train	AUC[ROC]: 0.999932	AUC[PR]: 0.905346
Val	AUC[ROC]: 0.823680	AUC[PR]: 0.152879
Epoch evaluation duration: 110.546844959
Epoch duration: 120.158555984

Epoch 46/1000
Epoch training duration: 10.010532856
Train	AUC[ROC]: 0.999932	AUC[PR]: 0.903418
Val	AUC[ROC]: 0.828550	AUC[PR]: 0.166778
Epoch evaluation duration: 106.505068064
Epoch duration: 116.51560092

Epoch 47/1000
Epoch training duration: 12.3139369488
Train	AUC[ROC]: 0.999940	AUC[PR]: 0.912747
Val	AUC[ROC]: 0.820644	AUC[PR]: 0.162754
Epoch evaluation duration: 105.472460985
Epoch duration: 117.786397934

Epoch 48/1000
Epoch training duration: 10.9701941013
Train	AUC[ROC]: 0.999929	AUC[PR]: 0.905621
Val	AUC[ROC]: 0.826596	AUC[PR]: 0.164681
Epoch evaluation duration: 68.7418479919
Epoch duration: 79.7120420933

Epoch 49/1000
Epoch training duration: 13.2315840721
Train	AUC[ROC]: 0.999945	AUC[PR]: 0.925109
Val	AUC[ROC]: 0.827251	AUC[PR]: 0.166124
Epoch evaluation duration: 105.712602854
Epoch duration: 118.944186926

Epoch 50/1000
Epoch training duration: 11.7435832024
Train	AUC[ROC]: 0.999949	AUC[PR]: 0.924075
Val	AUC[ROC]: 0.822899	AUC[PR]: 0.166593
Epoch evaluation duration: 115.265583992
Epoch duration: 127.009167194

Epoch 51/1000
Epoch training duration: 10.8902649879
Train	AUC[ROC]: 0.999957	AUC[PR]: 0.942056
Val	AUC[ROC]: 0.812494	AUC[PR]: 0.160233
Epoch evaluation duration: 100.650075912
Epoch duration: 111.5403409

Epoch 52/1000
Epoch training duration: 11.8521170616
Train	AUC[ROC]: 0.999956	AUC[PR]: 0.934698
Val	AUC[ROC]: 0.818035	AUC[PR]: 0.162775
Epoch evaluation duration: 113.048218966
Epoch duration: 124.900336027

Epoch 53/1000
Epoch training duration: 11.2650289536
Train	AUC[ROC]: 0.999960	AUC[PR]: 0.944636
Val	AUC[ROC]: 0.821482	AUC[PR]: 0.164981
Epoch evaluation duration: 127.380026102
Epoch duration: 138.645055056

Epoch 54/1000
Epoch training duration: 10.3598229885
Train	AUC[ROC]: 0.999958	AUC[PR]: 0.942989
Val	AUC[ROC]: 0.810312	AUC[PR]: 0.161148
Epoch evaluation duration: 95.3728148937
Epoch duration: 105.732637882

Epoch 55/1000
Epoch training duration: 11.60435009
Train	AUC[ROC]: 0.999959	AUC[PR]: 0.941656
Val	AUC[ROC]: 0.812444	AUC[PR]: 0.156526
Epoch evaluation duration: 112.253602028
Epoch duration: 123.857952118

Epoch 56/1000
Epoch training duration: 6.98936080933
Train	AUC[ROC]: 0.999952	AUC[PR]: 0.937211
Val	AUC[ROC]: 0.815973	AUC[PR]: 0.164737
Epoch evaluation duration: 114.615020037
Epoch duration: 121.604380846

Epoch 57/1000
Epoch training duration: 10.0850939751
Train	AUC[ROC]: 0.999965	AUC[PR]: 0.955875
Val	AUC[ROC]: 0.808866	AUC[PR]: 0.155719
Epoch evaluation duration: 89.114814043
Epoch duration: 99.1999080181

Epoch 58/1000
Epoch training duration: 7.11169910431
Train	AUC[ROC]: 0.999945	AUC[PR]: 0.928911
Val	AUC[ROC]: 0.838556	AUC[PR]: 0.170583
Epoch evaluation duration: 98.3771178722
Epoch duration: 105.488816977

Epoch 59/1000
Epoch training duration: 10.0694761276
Train	AUC[ROC]: 0.999966	AUC[PR]: 0.956948
Val	AUC[ROC]: 0.814031	AUC[PR]: 0.160852
Epoch evaluation duration: 98.9767520428
Epoch duration: 109.04622817

Epoch 60/1000
Epoch training duration: 11.195098877
Train	AUC[ROC]: 0.999964	AUC[PR]: 0.951771
Val	AUC[ROC]: 0.813598	AUC[PR]: 0.162104
Epoch evaluation duration: 98.6922090054
Epoch duration: 109.887307882

Epoch 61/1000
Epoch training duration: 7.47520709038
Train	AUC[ROC]: 0.999965	AUC[PR]: 0.953606
Val	AUC[ROC]: 0.821996	AUC[PR]: 0.160054
Epoch evaluation duration: 115.497051954
Epoch duration: 122.972259045

Epoch 62/1000
Epoch training duration: 8.37296390533
Train	AUC[ROC]: 0.999968	AUC[PR]: 0.963238
Val	AUC[ROC]: 0.811488	AUC[PR]: 0.144221
Epoch evaluation duration: 96.8478181362
Epoch duration: 105.220782042

Epoch 63/1000
Epoch training duration: 9.95443201065
Train	AUC[ROC]: 0.999972	AUC[PR]: 0.961081
Val	AUC[ROC]: 0.809605	AUC[PR]: 0.149167
Epoch evaluation duration: 101.81339097
Epoch duration: 111.767822981

Epoch 64/1000
Epoch training duration: 10.5308580399
Train	AUC[ROC]: 0.999971	AUC[PR]: 0.957169
Val	AUC[ROC]: 0.812915	AUC[PR]: 0.141871
Epoch evaluation duration: 103.874840975
Epoch duration: 114.405699015

Epoch 65/1000
Epoch training duration: 9.48201203346
Train	AUC[ROC]: 0.999977	AUC[PR]: 0.965618
Val	AUC[ROC]: 0.809526	AUC[PR]: 0.141109
Epoch evaluation duration: 98.0197110176
Epoch duration: 107.501723051

Epoch 66/1000
Epoch training duration: 10.5903329849
Train	AUC[ROC]: 0.999976	AUC[PR]: 0.960206
Val	AUC[ROC]: 0.810356	AUC[PR]: 0.149886
Epoch evaluation duration: 116.280862808
Epoch duration: 126.871195793

Epoch 67/1000
Epoch training duration: 11.0184020996
Train	AUC[ROC]: 0.999970	AUC[PR]: 0.950195
Val	AUC[ROC]: 0.822145	AUC[PR]: 0.157774
Epoch evaluation duration: 92.5450749397
Epoch duration: 103.563477039

Epoch 68/1000
Epoch training duration: 8.82918405533
Train	AUC[ROC]: 0.999976	AUC[PR]: 0.958064
Val	AUC[ROC]: 0.801989	AUC[PR]: 0.151834
Epoch evaluation duration: 95.6450490952
Epoch duration: 104.47423315

Epoch 69/1000
Epoch training duration: 12.6196088791
Train	AUC[ROC]: 0.999980	AUC[PR]: 0.966030
Val	AUC[ROC]: 0.796435	AUC[PR]: 0.147290
Epoch evaluation duration: 119.047687054
Epoch duration: 131.667295933

Epoch 70/1000
Epoch training duration: 10.9266810417
Train	AUC[ROC]: 0.999978	AUC[PR]: 0.958516
Val	AUC[ROC]: 0.795456	AUC[PR]: 0.147634
Epoch evaluation duration: 118.925117016
Epoch duration: 129.851798058

Epoch 71/1000
Epoch training duration: 10.0886318684
Train	AUC[ROC]: 0.999977	AUC[PR]: 0.958473
Val	AUC[ROC]: 0.800356	AUC[PR]: 0.152583
Epoch evaluation duration: 111.628180027
Epoch duration: 121.716811895

Epoch 72/1000
Epoch training duration: 7.44583392143
Train	AUC[ROC]: 0.999977	AUC[PR]: 0.961358
Val	AUC[ROC]: 0.793986	AUC[PR]: 0.138310
Epoch evaluation duration: 93.1951861382
Epoch duration: 100.64102006

Epoch 73/1000
Epoch training duration: 9.72490286827
Train	AUC[ROC]: 0.999979	AUC[PR]: 0.969411
Val	AUC[ROC]: 0.799906	AUC[PR]: 0.138272
Epoch evaluation duration: 111.825896978
Epoch duration: 121.550799847

Epoch 74/1000
Epoch training duration: 8.74071311951
Train	AUC[ROC]: 0.999980	AUC[PR]: 0.974450
Val	AUC[ROC]: 0.804661	AUC[PR]: 0.140214
Epoch evaluation duration: 97.2677230835
Epoch duration: 106.008436203

Epoch 75/1000
Epoch training duration: 11.7019548416
Train	AUC[ROC]: 0.999985	AUC[PR]: 0.980325
Val	AUC[ROC]: 0.792907	AUC[PR]: 0.135384
Epoch evaluation duration: 115.433735132
Epoch duration: 127.135689974

Epoch 76/1000
Epoch training duration: 10.0602200031
Train	AUC[ROC]: 0.999976	AUC[PR]: 0.966461
Val	AUC[ROC]: 0.828141	AUC[PR]: 0.167813
Epoch evaluation duration: 103.810434818
Epoch duration: 113.870654821

Epoch 77/1000
Epoch training duration: 11.109757185
Train	AUC[ROC]: 0.999982	AUC[PR]: 0.966908
Val	AUC[ROC]: 0.798145	AUC[PR]: 0.145250
Epoch evaluation duration: 96.4027638435
Epoch duration: 107.512521029

Epoch 78/1000
Epoch training duration: 12.3590700626
Train	AUC[ROC]: 0.999980	AUC[PR]: 0.966306
Val	AUC[ROC]: 0.799824	AUC[PR]: 0.151774
Epoch evaluation duration: 104.470849037
Epoch duration: 116.8299191

Epoch 79/1000
Epoch training duration: 12.6220679283
Train	AUC[ROC]: 0.999976	AUC[PR]: 0.963984
Val	AUC[ROC]: 0.811128	AUC[PR]: 0.153441
Epoch evaluation duration: 91.1994049549
Epoch duration: 103.821472883

Epoch 80/1000
Epoch training duration: 11.5669050217
Train	AUC[ROC]: 0.999982	AUC[PR]: 0.969230
Val	AUC[ROC]: 0.804675	AUC[PR]: 0.154749
Epoch evaluation duration: 104.79135108
Epoch duration: 116.358256102

Epoch 81/1000
Epoch training duration: 10.4255359173
Train	AUC[ROC]: 0.999983	AUC[PR]: 0.975214
Val	AUC[ROC]: 0.799726	AUC[PR]: 0.154013
Epoch evaluation duration: 104.062659025
Epoch duration: 114.488194942

Epoch 82/1000
Epoch training duration: 10.4781589508
Train	AUC[ROC]: 0.999983	AUC[PR]: 0.978808
Val	AUC[ROC]: 0.811689	AUC[PR]: 0.155863
Epoch evaluation duration: 99.238931179
Epoch duration: 109.71709013

Epoch 83/1000
Epoch training duration: 13.0310988426
Train	AUC[ROC]: 0.999987	AUC[PR]: 0.983344
Val	AUC[ROC]: 0.796657	AUC[PR]: 0.152372
Epoch evaluation duration: 102.555129051
Epoch duration: 115.586227894

Epoch 84/1000
Epoch training duration: 9.66727805138
Train	AUC[ROC]: 0.999988	AUC[PR]: 0.986070
Val	AUC[ROC]: 0.815681	AUC[PR]: 0.152101
Epoch evaluation duration: 83.3686699867
Epoch duration: 93.0359480381

Epoch 85/1000
Epoch training duration: 6.77039694786
Train	AUC[ROC]: 0.999987	AUC[PR]: 0.984402
Val	AUC[ROC]: 0.803470	AUC[PR]: 0.149266
Epoch evaluation duration: 95.3106069565
Epoch duration: 102.081003904

Epoch 86/1000
Epoch training duration: 11.3210530281
Train	AUC[ROC]: 0.999989	AUC[PR]: 0.985871
Val	AUC[ROC]: 0.797184	AUC[PR]: 0.149828
Epoch evaluation duration: 107.088355064
Epoch duration: 118.409408092

Epoch 87/1000
Epoch training duration: 11.1580040455
Train	AUC[ROC]: 0.999989	AUC[PR]: 0.987487
Val	AUC[ROC]: 0.792566	AUC[PR]: 0.154171
Epoch evaluation duration: 110.199368
Epoch duration: 121.357372046

Epoch 88/1000
Epoch training duration: 11.1811280251
Train	AUC[ROC]: 0.999990	AUC[PR]: 0.990109
Val	AUC[ROC]: 0.776230	AUC[PR]: 0.143890
Epoch evaluation duration: 81.602973938
Epoch duration: 92.784101963

Epoch 89/1000
Epoch training duration: 6.7546210289
Train	AUC[ROC]: 0.999993	AUC[PR]: 0.992027
Val	AUC[ROC]: 0.803875	AUC[PR]: 0.150007
Epoch evaluation duration: 91.0145368576
Epoch duration: 97.7691578865

Epoch 90/1000
Epoch training duration: 8.73992705345
Train	AUC[ROC]: 0.999987	AUC[PR]: 0.978695
Val	AUC[ROC]: 0.807295	AUC[PR]: 0.154565
Epoch evaluation duration: 116.388751984
Epoch duration: 125.128679037

Epoch 91/1000
Epoch training duration: 7.77989697456
Train	AUC[ROC]: 0.999990	AUC[PR]: 0.985871
Val	AUC[ROC]: 0.794187	AUC[PR]: 0.143189
Epoch evaluation duration: 110.319658041
Epoch duration: 118.099555016

Epoch 92/1000
Epoch training duration: 9.92409014702
Train	AUC[ROC]: 0.999992	AUC[PR]: 0.991067
Val	AUC[ROC]: 0.784682	AUC[PR]: 0.140395
Epoch evaluation duration: 108.401299953
Epoch duration: 118.3253901

Epoch 93/1000
Epoch training duration: 11.9198510647
Train	AUC[ROC]: 0.999989	AUC[PR]: 0.981666
Val	AUC[ROC]: 0.786944	AUC[PR]: 0.137312
Epoch evaluation duration: 99.7231218815
Epoch duration: 111.642972946

Epoch 94/1000
Epoch training duration: 9.12018799782
Train	AUC[ROC]: 0.999991	AUC[PR]: 0.985934
Val	AUC[ROC]: 0.783416	AUC[PR]: 0.147540
Epoch evaluation duration: 105.552077055
Epoch duration: 114.672265053

Epoch 95/1000
Epoch training duration: 10.9109940529
Train	AUC[ROC]: 0.999990	AUC[PR]: 0.985100
Val	AUC[ROC]: 0.784272	AUC[PR]: 0.143195
Epoch evaluation duration: 100.94066596
Epoch duration: 111.851660013

Epoch 96/1000
Epoch training duration: 11.003693819
Train	AUC[ROC]: 0.999990	AUC[PR]: 0.986542
Val	AUC[ROC]: 0.780554	AUC[PR]: 0.139308
Epoch evaluation duration: 107.591618061
Epoch duration: 118.59531188

Epoch 97/1000
Epoch training duration: 9.78459715843
Train	AUC[ROC]: 0.999992	AUC[PR]: 0.989806
Val	AUC[ROC]: 0.781457	AUC[PR]: 0.140001
Epoch evaluation duration: 111.908903837
Epoch duration: 121.693500996

Epoch 98/1000
Epoch training duration: 8.45129394531
Train	AUC[ROC]: 0.999992	AUC[PR]: 0.990037
Val	AUC[ROC]: 0.788734	AUC[PR]: 0.142775
Epoch evaluation duration: 112.671087027
Epoch duration: 121.122380972

Epoch 99/1000
Epoch training duration: 10.3282980919
Train	AUC[ROC]: 0.999994	AUC[PR]: 0.992814
Val	AUC[ROC]: 0.783409	AUC[PR]: 0.148120
Epoch evaluation duration: 111.485671043
Epoch duration: 121.813969135

Epoch 100/1000
Epoch training duration: 12.0546228886
Train	AUC[ROC]: 0.999993	AUC[PR]: 0.991419
Val	AUC[ROC]: 0.770054	AUC[PR]: 0.141982
Epoch evaluation duration: 108.25002408
Epoch duration: 120.304646969

Epoch 101/1000
Epoch training duration: 9.13495087624
Train	AUC[ROC]: 0.999995	AUC[PR]: 0.994538
Val	AUC[ROC]: 0.770688	AUC[PR]: 0.128208
Epoch evaluation duration: 111.384446144
Epoch duration: 120.51939702

Epoch 102/1000
Epoch training duration: 12.0554800034
Train	AUC[ROC]: 0.999996	AUC[PR]: 0.996756
Val	AUC[ROC]: 0.765096	AUC[PR]: 0.145675
Epoch evaluation duration: 107.509291887
Epoch duration: 119.564771891

Epoch 103/1000
Epoch training duration: 9.81284713745
Train	AUC[ROC]: 0.999996	AUC[PR]: 0.995484
Val	AUC[ROC]: 0.769195	AUC[PR]: 0.143822
Epoch evaluation duration: 119.938905001
Epoch duration: 129.751752138

Epoch 104/1000
Epoch training duration: 10.4659190178
Train	AUC[ROC]: 0.999996	AUC[PR]: 0.995750
Val	AUC[ROC]: 0.777199	AUC[PR]: 0.137585
Epoch evaluation duration: 110.797976971
Epoch duration: 121.263895988

Epoch 105/1000
Epoch training duration: 9.07936000824
Train	AUC[ROC]: 0.999991	AUC[PR]: 0.989367
Val	AUC[ROC]: 0.778412	AUC[PR]: 0.131416
Epoch evaluation duration: 110.047241926
Epoch duration: 119.126601934

Epoch 106/1000
Epoch training duration: 9.46389102936
Train	AUC[ROC]: 0.999995	AUC[PR]: 0.995586
Val	AUC[ROC]: 0.784136	AUC[PR]: 0.142580
Epoch evaluation duration: 106.206701994
Epoch duration: 115.670593023

Epoch 107/1000
Epoch training duration: 9.23352503777
Train	AUC[ROC]: 0.999996	AUC[PR]: 0.996845
Val	AUC[ROC]: 0.775024	AUC[PR]: 0.144885
Epoch evaluation duration: 107.072371006
Epoch duration: 116.305896044

Epoch 108/1000
Epoch training duration: 8.94576597214
Train	AUC[ROC]: 0.999998	AUC[PR]: 0.998316
Val	AUC[ROC]: 0.758223	AUC[PR]: 0.136060
Epoch evaluation duration: 105.425618887
Epoch duration: 114.371384859

Epoch 109/1000
Epoch training duration: 8.40853714943
Train	AUC[ROC]: 0.999994	AUC[PR]: 0.990733
Val	AUC[ROC]: 0.787325	AUC[PR]: 0.143957
Epoch evaluation duration: 103.906386852
Epoch duration: 112.314924002

Epoch 110/1000
Epoch training duration: 10.2362689972
Train	AUC[ROC]: 0.999993	AUC[PR]: 0.985789
Val	AUC[ROC]: 0.768672	AUC[PR]: 0.153579
Epoch evaluation duration: 113.524676085
Epoch duration: 123.760945082

Epoch 111/1000
Epoch training duration: 8.43343901634
Train	AUC[ROC]: 0.999991	AUC[PR]: 0.980670
Val	AUC[ROC]: 0.757019	AUC[PR]: 0.148804
Epoch evaluation duration: 93.8387410641
Epoch duration: 102.27218008

Epoch 112/1000
Epoch training duration: 9.2142469883
Train	AUC[ROC]: 0.999992	AUC[PR]: 0.987608
Val	AUC[ROC]: 0.758686	AUC[PR]: 0.143285
Epoch evaluation duration: 101.870862961
Epoch duration: 111.085109949

Epoch 113/1000
Epoch training duration: 12.8429079056
Train	AUC[ROC]: 0.999991	AUC[PR]: 0.989981
Val	AUC[ROC]: 0.766347	AUC[PR]: 0.142557
Epoch evaluation duration: 111.815068007
Epoch duration: 124.657975912

Epoch 114/1000
Epoch training duration: 7.92219901085
Train	AUC[ROC]: 0.999993	AUC[PR]: 0.992587
Val	AUC[ROC]: 0.757675	AUC[PR]: 0.142622
Epoch evaluation duration: 118.12402606
Epoch duration: 126.046225071

Epoch 115/1000
Epoch training duration: 11.2412149906
Train	AUC[ROC]: 0.999995	AUC[PR]: 0.994710
Val	AUC[ROC]: 0.773329	AUC[PR]: 0.142398
Epoch evaluation duration: 101.721628904
Epoch duration: 112.962843895

Epoch 116/1000
Epoch training duration: 10.4305679798
Train	AUC[ROC]: 0.999997	AUC[PR]: 0.996600
Val	AUC[ROC]: 0.760790	AUC[PR]: 0.143669
Epoch evaluation duration: 98.5289800167
Epoch duration: 108.959547997

Epoch 117/1000
Epoch training duration: 11.280531168
Train	AUC[ROC]: 0.999996	AUC[PR]: 0.995423
Val	AUC[ROC]: 0.764755	AUC[PR]: 0.141140
Epoch evaluation duration: 108.5223279
Epoch duration: 119.802859068

Epoch 118/1000
Epoch training duration: 10.1857440472
Train	AUC[ROC]: 0.999996	AUC[PR]: 0.995144
Val	AUC[ROC]: 0.764336	AUC[PR]: 0.136444
Epoch evaluation duration: 94.654736042
Epoch duration: 104.840480089

Epoch 119/1000
Epoch training duration: 11.5566339493
Train	AUC[ROC]: 0.999995	AUC[PR]: 0.989622
Val	AUC[ROC]: 0.756343	AUC[PR]: 0.121032
Epoch evaluation duration: 104.644555092
Epoch duration: 116.201189041

Epoch 120/1000
Epoch training duration: 12.4695467949
Train	AUC[ROC]: 0.999994	AUC[PR]: 0.990866
Val	AUC[ROC]: 0.787142	AUC[PR]: 0.138463
Epoch evaluation duration: 90.5596971512
Epoch duration: 103.029243946

Epoch 121/1000
Epoch training duration: 9.55243992805
Train	AUC[ROC]: 0.999991	AUC[PR]: 0.980070
Val	AUC[ROC]: 0.746206	AUC[PR]: 0.114216
Epoch evaluation duration: 113.97863698
Epoch duration: 123.531076908

Epoch 122/1000
Epoch training duration: 10.1013300419
Train	AUC[ROC]: 0.999993	AUC[PR]: 0.990398
Val	AUC[ROC]: 0.759416	AUC[PR]: 0.120693
Epoch evaluation duration: 104.285650969
Epoch duration: 114.38698101

Epoch 123/1000
Epoch training duration: 7.72625207901
Train	AUC[ROC]: 0.999995	AUC[PR]: 0.993795
Val	AUC[ROC]: 0.762009	AUC[PR]: 0.132230
Epoch evaluation duration: 84.9820039272
Epoch duration: 92.7082560062

Epoch 124/1000
Epoch training duration: 10.4541630745
Train	AUC[ROC]: 0.999995	AUC[PR]: 0.993803
Val	AUC[ROC]: 0.771366	AUC[PR]: 0.131986
Epoch evaluation duration: 103.908012867
Epoch duration: 114.362175941

Epoch 125/1000
Epoch training duration: 10.9453921318
Train	AUC[ROC]: 0.999997	AUC[PR]: 0.997122
Val	AUC[ROC]: 0.756717	AUC[PR]: 0.123000
Epoch evaluation duration: 93.663189888
Epoch duration: 104.60858202

Epoch 126/1000
Epoch training duration: 10.4725191593
Train	AUC[ROC]: 0.999998	AUC[PR]: 0.998048
Val	AUC[ROC]: 0.774101	AUC[PR]: 0.130378
Epoch evaluation duration: 102.397519827
Epoch duration: 112.870038986

Epoch 127/1000
Epoch training duration: 10.7711160183
Train	AUC[ROC]: 0.999995	AUC[PR]: 0.990030
Val	AUC[ROC]: 0.763518	AUC[PR]: 0.130715
Epoch evaluation duration: 93.1500771046
Epoch duration: 103.921193123

Epoch 128/1000
Epoch training duration: 12.6609270573
Train	AUC[ROC]: 0.999987	AUC[PR]: 0.978436
Val	AUC[ROC]: 0.786229	AUC[PR]: 0.131380
Epoch evaluation duration: 106.241130829
Epoch duration: 118.902057886

Epoch 129/1000
Epoch training duration: 10.4934020042
Train	AUC[ROC]: 0.999985	AUC[PR]: 0.975546
Val	AUC[ROC]: 0.787859	AUC[PR]: 0.111158
Epoch evaluation duration: 107.825726032
Epoch duration: 118.319128036

Epoch 130/1000
Epoch training duration: 12.2462151051
Train	AUC[ROC]: 0.999986	AUC[PR]: 0.976040
Val	AUC[ROC]: 0.767622	AUC[PR]: 0.117287
Epoch evaluation duration: 105.974642038
Epoch duration: 118.220857143

Epoch 131/1000
Epoch training duration: 10.5112059116
Train	AUC[ROC]: 0.999988	AUC[PR]: 0.977238
Val	AUC[ROC]: 0.757182	AUC[PR]: 0.111739
Epoch evaluation duration: 118.125773907
Epoch duration: 128.636979818

Epoch 132/1000
Epoch training duration: 9.41531610489
Train	AUC[ROC]: 0.999990	AUC[PR]: 0.978294
Val	AUC[ROC]: 0.761593	AUC[PR]: 0.117544
Epoch evaluation duration: 115.75018692
Epoch duration: 125.165503025

Epoch 133/1000
Epoch training duration: 10.2127759457
Train	AUC[ROC]: 0.999990	AUC[PR]: 0.977380
Val	AUC[ROC]: 0.745443	AUC[PR]: 0.112592
Epoch evaluation duration: 104.178325176
Epoch duration: 114.391101122

Epoch 134/1000
Epoch training duration: 8.14100885391
Train	AUC[ROC]: 0.999991	AUC[PR]: 0.981645
Val	AUC[ROC]: 0.751737	AUC[PR]: 0.114525
Epoch evaluation duration: 109.57810998
Epoch duration: 117.719118834

Epoch 135/1000
Epoch training duration: 10.7937781811
Train	AUC[ROC]: 0.999991	AUC[PR]: 0.981963
Val	AUC[ROC]: 0.745469	AUC[PR]: 0.117497
Epoch evaluation duration: 86.0404398441
Epoch duration: 96.8342180252

Epoch 136/1000
Epoch training duration: 10.7076351643
Train	AUC[ROC]: 0.999992	AUC[PR]: 0.982602
Val	AUC[ROC]: 0.732495	AUC[PR]: 0.114846
Epoch evaluation duration: 101.695212841
Epoch duration: 112.402848005

Epoch 137/1000
Epoch training duration: 9.92531013489
Train	AUC[ROC]: 0.999990	AUC[PR]: 0.976961
Val	AUC[ROC]: 0.739820	AUC[PR]: 0.116767
Epoch evaluation duration: 75.8963558674
Epoch duration: 85.8216660023

Epoch 138/1000
Epoch training duration: 10.4395749569
Train	AUC[ROC]: 0.999991	AUC[PR]: 0.979750
Val	AUC[ROC]: 0.737997	AUC[PR]: 0.114955
Epoch evaluation duration: 85.8174321651
Epoch duration: 96.257007122

Epoch 139/1000
Epoch training duration: 10.8704118729
Train	AUC[ROC]: 0.999991	AUC[PR]: 0.979678
Val	AUC[ROC]: 0.740244	AUC[PR]: 0.115919
Epoch evaluation duration: 98.3601510525
Epoch duration: 109.230562925

Epoch 140/1000
Epoch training duration: 11.9295959473
Train	AUC[ROC]: 0.999991	AUC[PR]: 0.980291
Val	AUC[ROC]: 0.731491	AUC[PR]: 0.111888
Epoch evaluation duration: 93.2111270428
Epoch duration: 105.14072299

Epoch 141/1000
Epoch training duration: 11.5065889359
Train	AUC[ROC]: 0.999990	AUC[PR]: 0.979582
Val	AUC[ROC]: 0.738738	AUC[PR]: 0.117091
Epoch evaluation duration: 85.9673480988
Epoch duration: 97.4739370346

Epoch 142/1000
Epoch training duration: 9.73877501488
Train	AUC[ROC]: 0.999991	AUC[PR]: 0.983553
Val	AUC[ROC]: 0.735282	AUC[PR]: 0.116012
Epoch evaluation duration: 101.312752008
Epoch duration: 111.051527023

Epoch 143/1000
Epoch training duration: 11.4301578999
Train	AUC[ROC]: 0.999985	AUC[PR]: 0.971366
Val	AUC[ROC]: 0.777265	AUC[PR]: 0.121947
Epoch evaluation duration: 97.005808115
Epoch duration: 108.435966015

Epoch 144/1000
Epoch training duration: 9.30499100685
Train	AUC[ROC]: 0.999986	AUC[PR]: 0.971852
Val	AUC[ROC]: 0.764083	AUC[PR]: 0.119177
Epoch evaluation duration: 99.0472829342
Epoch duration: 108.352273941

Epoch 145/1000
Epoch training duration: 10.1423039436
Train	AUC[ROC]: 0.999987	AUC[PR]: 0.972509
Val	AUC[ROC]: 0.735659	AUC[PR]: 0.112782
Epoch evaluation duration: 89.3366920948
Epoch duration: 99.4789960384

Epoch 146/1000
Epoch training duration: 11.3212230206
Train	AUC[ROC]: 0.999987	AUC[PR]: 0.975733
Val	AUC[ROC]: 0.733994	AUC[PR]: 0.113369
Epoch evaluation duration: 99.4632070065
Epoch duration: 110.784430027

Epoch 147/1000
Epoch training duration: 11.0581049919
Train	AUC[ROC]: 0.999989	AUC[PR]: 0.980774
Val	AUC[ROC]: 0.745932	AUC[PR]: 0.123192
Epoch evaluation duration: 80.2508120537
Epoch duration: 91.3089170456

Epoch 148/1000
Epoch training duration: 10.8200368881
Train	AUC[ROC]: 0.999990	AUC[PR]: 0.981683
Val	AUC[ROC]: 0.731289	AUC[PR]: 0.115719
Epoch evaluation duration: 90.926789999
Epoch duration: 101.746826887

Epoch 149/1000
Epoch training duration: 10.9818050861
Train	AUC[ROC]: 0.999987	AUC[PR]: 0.977711
Val	AUC[ROC]: 0.776498	AUC[PR]: 0.120669
Epoch evaluation duration: 91.7666668892
Epoch duration: 102.748471975

Epoch 150/1000
Epoch training duration: 9.88412594795
Train	AUC[ROC]: 0.999984	AUC[PR]: 0.972480
Val	AUC[ROC]: 0.764970	AUC[PR]: 0.115292
Epoch evaluation duration: 68.4316110611
Epoch duration: 78.315737009

Epoch 151/1000
Epoch training duration: 8.41520810127
Train	AUC[ROC]: 0.999986	AUC[PR]: 0.977059
Val	AUC[ROC]: 0.759311	AUC[PR]: 0.110994
Epoch evaluation duration: 99.7018198967
Epoch duration: 108.117027998

Epoch 152/1000
Epoch training duration: 10.4531710148
Train	AUC[ROC]: 0.999987	AUC[PR]: 0.975372
Val	AUC[ROC]: 0.765744	AUC[PR]: 0.121344
Epoch evaluation duration: 103.649037123
Epoch duration: 114.102208138

Epoch 153/1000
Epoch training duration: 10.0021159649
Train	AUC[ROC]: 0.999987	AUC[PR]: 0.977804
Val	AUC[ROC]: 0.749659	AUC[PR]: 0.119248
Epoch evaluation duration: 90.4990139008
Epoch duration: 100.501129866

Epoch 154/1000
Epoch training duration: 9.16133713722
Train	AUC[ROC]: 0.999988	AUC[PR]: 0.978229
Val	AUC[ROC]: 0.738876	AUC[PR]: 0.114919
Epoch evaluation duration: 93.3957898617
Epoch duration: 102.557126999

Epoch 155/1000
Epoch training duration: 9.15731096268
Train	AUC[ROC]: 0.999989	AUC[PR]: 0.980220
Val	AUC[ROC]: 0.742478	AUC[PR]: 0.115958
Epoch evaluation duration: 62.9980170727
Epoch duration: 72.1553280354

Epoch 156/1000
Epoch training duration: 6.31468009949
Train	AUC[ROC]: 0.999989	AUC[PR]: 0.981579
Val	AUC[ROC]: 0.744799	AUC[PR]: 0.117299
Epoch evaluation duration: 40.7396450043
Epoch duration: 47.0543251038

Epoch 157/1000
Epoch training duration: 6.15533781052
Train	AUC[ROC]: 0.999990	AUC[PR]: 0.982521
Val	AUC[ROC]: 0.746391	AUC[PR]: 0.120923
Epoch evaluation duration: 46.3849821091
Epoch duration: 52.5403199196

Epoch 158/1000
Epoch training duration: 6.77012491226
Train	AUC[ROC]: 0.999989	AUC[PR]: 0.979327
Val	AUC[ROC]: 0.741322	AUC[PR]: 0.115863
Epoch evaluation duration: 43.2140820026
Epoch duration: 49.9842069149

Epoch 159/1000
Epoch training duration: 5.84092497826
Train	AUC[ROC]: 0.999990	AUC[PR]: 0.980664
Val	AUC[ROC]: 0.735979	AUC[PR]: 0.113532
Epoch evaluation duration: 41.2308030128
Epoch duration: 47.0717279911

Epoch 160/1000
Epoch training duration: 5.96685194969
Train	AUC[ROC]: 0.999992	AUC[PR]: 0.984897
Val	AUC[ROC]: 0.743589	AUC[PR]: 0.118835
Epoch evaluation duration: 45.1859660149
Epoch duration: 51.1528179646

Epoch 161/1000
Epoch training duration: 6.10119819641
Train	AUC[ROC]: 0.999991	AUC[PR]: 0.981785
Val	AUC[ROC]: 0.726153	AUC[PR]: 0.111662
Epoch evaluation duration: 45.7884368896
Epoch duration: 51.8896350861

Epoch 162/1000
Epoch training duration: 5.95868802071
Train	AUC[ROC]: 0.999990	AUC[PR]: 0.980054
Val	AUC[ROC]: 0.744156	AUC[PR]: 0.116880
Epoch evaluation duration: 41.8632249832
Epoch duration: 47.8219130039

Epoch 163/1000
Epoch training duration: 6.62835502625
Train	AUC[ROC]: 0.999990	AUC[PR]: 0.979146
Val	AUC[ROC]: 0.729008	AUC[PR]: 0.110307
Epoch evaluation duration: 46.0844120979
Epoch duration: 52.7127671242

Epoch 164/1000
Epoch training duration: 6.43081188202
Train	AUC[ROC]: 0.999988	AUC[PR]: 0.977714
Val	AUC[ROC]: 0.724000	AUC[PR]: 0.106395
Epoch evaluation duration: 40.2303841114
Epoch duration: 46.6611959934

Epoch 165/1000
Epoch training duration: 6.51563882828
Train	AUC[ROC]: 0.999989	AUC[PR]: 0.980242
Val	AUC[ROC]: 0.729444	AUC[PR]: 0.108731
Epoch evaluation duration: 51.9904379845
Epoch duration: 58.5060768127

Epoch 166/1000
Epoch training duration: 6.97572898865
Train	AUC[ROC]: 0.999988	AUC[PR]: 0.979581
Val	AUC[ROC]: 0.729490	AUC[PR]: 0.111045
Epoch evaluation duration: 45.3194360733
Epoch duration: 52.295165062

Epoch 167/1000
Epoch training duration: 6.63401412964
Train	AUC[ROC]: 0.999990	AUC[PR]: 0.983725
Val	AUC[ROC]: 0.731769	AUC[PR]: 0.111340
Epoch evaluation duration: 37.3910648823
Epoch duration: 44.0250790119

Epoch 168/1000
Epoch training duration: 5.55228900909
Train	AUC[ROC]: 0.999992	AUC[PR]: 0.986373
Val	AUC[ROC]: 0.723827	AUC[PR]: 0.110749
Epoch evaluation duration: 43.7839980125
Epoch duration: 49.3362870216

Epoch 169/1000
Epoch training duration: 6.75016403198
Train	AUC[ROC]: 0.999988	AUC[PR]: 0.979266
Val	AUC[ROC]: 0.741969	AUC[PR]: 0.115956
Epoch evaluation duration: 49.9863278866
Epoch duration: 56.7364919186

Epoch 170/1000
Epoch training duration: 7.0302491188
Train	AUC[ROC]: 0.999988	AUC[PR]: 0.977255
Val	AUC[ROC]: 0.721532	AUC[PR]: 0.108330
Epoch evaluation duration: 48.8284859657
Epoch duration: 55.8587350845

Epoch 171/1000
Epoch training duration: 5.0317440033
Train	AUC[ROC]: 0.999986	AUC[PR]: 0.976829
Val	AUC[ROC]: 0.775011	AUC[PR]: 0.121214
Epoch evaluation duration: 45.0673830509
Epoch duration: 50.0991270542

Epoch 172/1000
Epoch training duration: 6.88099384308
Train	AUC[ROC]: 0.999984	AUC[PR]: 0.970929
Val	AUC[ROC]: 0.753260	AUC[PR]: 0.111326
Epoch evaluation duration: 42.6509261131
Epoch duration: 49.5319199562

Epoch 173/1000
Epoch training duration: 5.79149603844
Train	AUC[ROC]: 0.999985	AUC[PR]: 0.972042
Val	AUC[ROC]: 0.749025	AUC[PR]: 0.110541
Epoch evaluation duration: 44.3391609192
Epoch duration: 50.1306569576

Epoch 174/1000
Epoch training duration: 6.40034294128
Train	AUC[ROC]: 0.999986	AUC[PR]: 0.974243
Val	AUC[ROC]: 0.747052	AUC[PR]: 0.113768
Epoch evaluation duration: 42.9581251144
Epoch duration: 49.3584680557

Epoch 175/1000
Epoch training duration: 6.22372198105
Train	AUC[ROC]: 0.999987	AUC[PR]: 0.971484
Val	AUC[ROC]: 0.729946	AUC[PR]: 0.107992
Epoch evaluation duration: 47.3689720631
Epoch duration: 53.5926940441

Epoch 176/1000
Epoch training duration: 7.52455592155
Train	AUC[ROC]: 0.999988	AUC[PR]: 0.976498
Val	AUC[ROC]: 0.729226	AUC[PR]: 0.107528
Epoch evaluation duration: 43.6357600689
Epoch duration: 51.1603159904

Epoch 177/1000
Epoch training duration: 6.9224319458
Train	AUC[ROC]: 0.999987	AUC[PR]: 0.977041
Val	AUC[ROC]: 0.748096	AUC[PR]: 0.113268
Epoch evaluation duration: 44.734251976
Epoch duration: 51.6566839218

Epoch 178/1000
Epoch training duration: 5.46259999275
Train	AUC[ROC]: 0.999988	AUC[PR]: 0.978954
Val	AUC[ROC]: 0.726436	AUC[PR]: 0.110358
Epoch evaluation duration: 44.8068199158
Epoch duration: 50.2694199085

Epoch 179/1000
Epoch training duration: 5.50122404099
Train	AUC[ROC]: 0.999990	AUC[PR]: 0.981681
Val	AUC[ROC]: 0.728804	AUC[PR]: 0.112088
Epoch evaluation duration: 46.7218911648
Epoch duration: 52.2231152058

Epoch 180/1000
Epoch training duration: 7.28976392746
Train	AUC[ROC]: 0.999989	AUC[PR]: 0.981748
Val	AUC[ROC]: 0.726712	AUC[PR]: 0.109238
Epoch evaluation duration: 44.8011820316
Epoch duration: 52.0909459591

Epoch 181/1000
Epoch training duration: 6.86203384399
Train	AUC[ROC]: 0.999991	AUC[PR]: 0.983155
Val	AUC[ROC]: 0.717562	AUC[PR]: 0.106010
Epoch evaluation duration: 42.7203490734
Epoch duration: 49.5823829174

Epoch 182/1000
Epoch training duration: 6.79826712608
Train	AUC[ROC]: 0.999990	AUC[PR]: 0.982337
Val	AUC[ROC]: 0.721290	AUC[PR]: 0.114130
Epoch evaluation duration: 40.5748817921
Epoch duration: 47.3731489182

Epoch 183/1000
Epoch training duration: 7.03677511215
Train	AUC[ROC]: 0.999988	AUC[PR]: 0.979375
Val	AUC[ROC]: 0.713486	AUC[PR]: 0.108687
Epoch evaluation duration: 42.3580150604
Epoch duration: 49.3947901726

Epoch 184/1000
Epoch training duration: 6.27494883537
Train	AUC[ROC]: 0.999987	AUC[PR]: 0.976530
Val	AUC[ROC]: 0.720322	AUC[PR]: 0.107425
Epoch evaluation duration: 47.4916601181
Epoch duration: 53.7666089535

Epoch 185/1000
Epoch training duration: 8.25702404976
Train	AUC[ROC]: 0.999989	AUC[PR]: 0.979094
Val	AUC[ROC]: 0.710778	AUC[PR]: 0.105598
Epoch evaluation duration: 89.4472119808
Epoch duration: 97.7042360306

Epoch 186/1000
Epoch training duration: 11.4167449474
Train	AUC[ROC]: 0.999991	AUC[PR]: 0.984742
Val	AUC[ROC]: 0.742234	AUC[PR]: 0.123033
Epoch evaluation duration: 104.07760191
Epoch duration: 115.494346857

Epoch 187/1000
Epoch training duration: 12.2723701
Train	AUC[ROC]: 0.999991	AUC[PR]: 0.984172
Val	AUC[ROC]: 0.718091	AUC[PR]: 0.114882
Epoch evaluation duration: 106.933836937
Epoch duration: 119.206207037

Epoch 188/1000
Epoch training duration: 10.4391541481
Train	AUC[ROC]: 0.999990	AUC[PR]: 0.981692
Val	AUC[ROC]: 0.730168	AUC[PR]: 0.109684
Epoch evaluation duration: 115.088557005
Epoch duration: 125.527711153

Epoch 189/1000
Epoch training duration: 11.2588078976
Train	AUC[ROC]: 0.999989	AUC[PR]: 0.979548
Val	AUC[ROC]: 0.716342	AUC[PR]: 0.107206
Epoch evaluation duration: 101.431513071
Epoch duration: 112.690320969

Epoch 190/1000
Epoch training duration: 10.8941888809
Train	AUC[ROC]: 0.999985	AUC[PR]: 0.973048
Val	AUC[ROC]: 0.743017	AUC[PR]: 0.108617
Epoch evaluation duration: 100.979494095
Epoch duration: 111.873682976

Epoch 191/1000
Epoch training duration: 8.10358285904
Train	AUC[ROC]: 0.999987	AUC[PR]: 0.974652
Val	AUC[ROC]: 0.730511	AUC[PR]: 0.101719
Epoch evaluation duration: 89.8248970509
Epoch duration: 97.9284799099

Epoch 192/1000
Epoch training duration: 10.7367780209
Train	AUC[ROC]: 0.999987	AUC[PR]: 0.974217
Val	AUC[ROC]: 0.725306	AUC[PR]: 0.105579
Epoch evaluation duration: 93.8357670307
Epoch duration: 104.572545052

Epoch 193/1000
Epoch training duration: 11.3891370296
Train	AUC[ROC]: 0.999987	AUC[PR]: 0.975003
Val	AUC[ROC]: 0.721187	AUC[PR]: 0.102692
Epoch evaluation duration: 99.6738140583
Epoch duration: 111.062951088

Epoch 194/1000
Epoch training duration: 9.62885594368
Train	AUC[ROC]: 0.999987	AUC[PR]: 0.975931
Val	AUC[ROC]: 0.724059	AUC[PR]: 0.107806
Epoch evaluation duration: 103.356178045
Epoch duration: 112.985033989

Epoch 195/1000
Epoch training duration: 10.9985649586
Train	AUC[ROC]: 0.999988	AUC[PR]: 0.977673
Val	AUC[ROC]: 0.721068	AUC[PR]: 0.105878
Epoch evaluation duration: 102.159008026
Epoch duration: 113.157572985

Epoch 196/1000
Epoch training duration: 10.9984250069
Train	AUC[ROC]: 0.999990	AUC[PR]: 0.982739
Val	AUC[ROC]: 0.736029	AUC[PR]: 0.112536
Epoch evaluation duration: 94.4126958847
Epoch duration: 105.411120892

Epoch 197/1000
Epoch training duration: 11.5663170815
Train	AUC[ROC]: 0.999990	AUC[PR]: 0.983272
Val	AUC[ROC]: 0.748028	AUC[PR]: 0.113269
Epoch evaluation duration: 100.220136881
Epoch duration: 111.786453962

Epoch 198/1000
Epoch training duration: 10.2996890545
Train	AUC[ROC]: 0.999990	AUC[PR]: 0.982679
Val	AUC[ROC]: 0.732733	AUC[PR]: 0.106091
Epoch evaluation duration: 102.279731035
Epoch duration: 112.57942009

Epoch 199/1000
Epoch training duration: 11.5622038841
Train	AUC[ROC]: 0.999988	AUC[PR]: 0.978854
Val	AUC[ROC]: 0.732459	AUC[PR]: 0.100846
Epoch evaluation duration: 101.723190069
Epoch duration: 113.285393953

Epoch 200/1000
Epoch training duration: 11.529143095
Train	AUC[ROC]: 0.999986	AUC[PR]: 0.976544
Val	AUC[ROC]: 0.734318	AUC[PR]: 0.104483
Epoch evaluation duration: 108.795342922
Epoch duration: 120.324486017

Epoch 201/1000
Epoch training duration: 11.6701209545
Train	AUC[ROC]: 0.999986	AUC[PR]: 0.973757
Val	AUC[ROC]: 0.722567	AUC[PR]: 0.098580
Epoch evaluation duration: 92.3517789841
Epoch duration: 104.021899939

Epoch 202/1000
Epoch training duration: 11.2385880947
Train	AUC[ROC]: 0.999986	AUC[PR]: 0.974874
Val	AUC[ROC]: 0.728640	AUC[PR]: 0.096603
Epoch evaluation duration: 95.4838728905
Epoch duration: 106.722460985

Epoch 203/1000
Epoch training duration: 9.90370297432
Train	AUC[ROC]: 0.999985	AUC[PR]: 0.973225
Val	AUC[ROC]: 0.717190	AUC[PR]: 0.098246
Epoch evaluation duration: 93.8730971813
Epoch duration: 103.776800156

Epoch 204/1000
Epoch training duration: 10.9953229427
Train	AUC[ROC]: 0.999987	AUC[PR]: 0.977354
Val	AUC[ROC]: 0.717321	AUC[PR]: 0.100123
Epoch evaluation duration: 97.484194994
Epoch duration: 108.479517937

Epoch 205/1000
Epoch training duration: 10.0067870617
Train	AUC[ROC]: 0.999987	AUC[PR]: 0.977399
Val	AUC[ROC]: 0.708831	AUC[PR]: 0.098939
Epoch evaluation duration: 105.849020004
Epoch duration: 115.855807066

Epoch 206/1000
Epoch training duration: 10.4647419453
Train	AUC[ROC]: 0.999987	AUC[PR]: 0.976067
Val	AUC[ROC]: 0.743519	AUC[PR]: 0.111753
Epoch evaluation duration: 100.126502037
Epoch duration: 110.591243982

Epoch 207/1000
Epoch training duration: 9.2045788765
Train	AUC[ROC]: 0.999986	AUC[PR]: 0.976162
Val	AUC[ROC]: 0.725910	AUC[PR]: 0.108251
Epoch evaluation duration: 98.1750311852
Epoch duration: 107.379610062

Epoch 208/1000
Epoch training duration: 9.95234179497
Train	AUC[ROC]: 0.999986	AUC[PR]: 0.976572
Val	AUC[ROC]: 0.715630	AUC[PR]: 0.104217
Epoch evaluation duration: 103.676229
Epoch duration: 113.628570795

Epoch 209/1000
Epoch training duration: 11.856949091
Train	AUC[ROC]: 0.999989	AUC[PR]: 0.981983
Val	AUC[ROC]: 0.709227	AUC[PR]: 0.103109
Epoch evaluation duration: 94.4741261005
Epoch duration: 106.331075191

Epoch 210/1000
Epoch training duration: 9.42100977898
Train	AUC[ROC]: 0.999991	AUC[PR]: 0.985138
Val	AUC[ROC]: 0.729072	AUC[PR]: 0.106228
Epoch evaluation duration: 94.8018991947
Epoch duration: 104.222908974

Epoch 211/1000
Epoch training duration: 9.95650696754
Train	AUC[ROC]: 0.999990	AUC[PR]: 0.983991
Val	AUC[ROC]: 0.716575	AUC[PR]: 0.103683
Epoch evaluation duration: 116.671160936
Epoch duration: 126.627667904

Epoch 212/1000
Epoch training duration: 8.2686650753
Train	AUC[ROC]: 0.999991	AUC[PR]: 0.985060
Val	AUC[ROC]: 0.718579	AUC[PR]: 0.103031
Epoch evaluation duration: 107.54676795
Epoch duration: 115.815433025

Epoch 213/1000
Epoch training duration: 8.82142210007
Train	AUC[ROC]: 0.999992	AUC[PR]: 0.986911
Val	AUC[ROC]: 0.708491	AUC[PR]: 0.099794
Epoch evaluation duration: 92.5921268463
Epoch duration: 101.413548946

Epoch 214/1000
Epoch training duration: 10.2015659809
Train	AUC[ROC]: 0.999993	AUC[PR]: 0.989737
Val	AUC[ROC]: 0.750132	AUC[PR]: 0.109757
Epoch evaluation duration: 119.43655014
Epoch duration: 129.638116121

Epoch 215/1000
Epoch training duration: 9.34485697746
Train	AUC[ROC]: 0.999988	AUC[PR]: 0.980898
Val	AUC[ROC]: 0.791262	AUC[PR]: 0.116845
Epoch evaluation duration: 108.69088006
Epoch duration: 118.035737038

Epoch 216/1000
Epoch training duration: 10.6427879333
Train	AUC[ROC]: 0.999990	AUC[PR]: 0.982750
Val	AUC[ROC]: 0.746217	AUC[PR]: 0.112939
Epoch evaluation duration: 120.781762838
Epoch duration: 131.424550772

Epoch 217/1000
Epoch training duration: 12.1433820724
Train	AUC[ROC]: 0.999990	AUC[PR]: 0.982696
Val	AUC[ROC]: 0.726049	AUC[PR]: 0.108338
Epoch evaluation duration: 108.046404123
Epoch duration: 120.189786196

Epoch 218/1000
Epoch training duration: 11.0235228539
Train	AUC[ROC]: 0.999990	AUC[PR]: 0.984524
Val	AUC[ROC]: 0.747854	AUC[PR]: 0.112984
Epoch evaluation duration: 101.447026014
Epoch duration: 112.470548868

Epoch 219/1000
Epoch training duration: 9.38396716118
Train	AUC[ROC]: 0.999990	AUC[PR]: 0.982569
Val	AUC[ROC]: 0.730723	AUC[PR]: 0.109148
Epoch evaluation duration: 98.8892858028
Epoch duration: 108.273252964

Epoch 220/1000
Epoch training duration: 7.9968380928
Train	AUC[ROC]: 0.999991	AUC[PR]: 0.984880
Val	AUC[ROC]: 0.732800	AUC[PR]: 0.108959
Epoch evaluation duration: 98.7290620804
Epoch duration: 106.725900173

Epoch 221/1000
Epoch training duration: 9.24506282806
Train	AUC[ROC]: 0.999993	AUC[PR]: 0.989302
Val	AUC[ROC]: 0.729821	AUC[PR]: 0.109598
Epoch evaluation duration: 116.056571007
Epoch duration: 125.301633835

Epoch 222/1000
Epoch training duration: 13.1354441643
Train	AUC[ROC]: 0.999993	AUC[PR]: 0.988651
Val	AUC[ROC]: 0.730221	AUC[PR]: 0.106335
Epoch evaluation duration: 104.697715998
Epoch duration: 117.833160162

Epoch 223/1000
Epoch training duration: 10.2940289974
Train	AUC[ROC]: 0.999993	AUC[PR]: 0.988388
Val	AUC[ROC]: 0.730301	AUC[PR]: 0.105533
Epoch evaluation duration: 107.593483925
Epoch duration: 117.887512922

Epoch 224/1000
Epoch training duration: 10.428894043
Train	AUC[ROC]: 0.999994	AUC[PR]: 0.989597
Val	AUC[ROC]: 0.721982	AUC[PR]: 0.103305
Epoch evaluation duration: 114.143247843
Epoch duration: 124.572141886

Epoch 225/1000
Epoch training duration: 11.8495709896
Train	AUC[ROC]: 0.998567	AUC[PR]: 0.956424
Val	AUC[ROC]: 0.750422	AUC[PR]: 0.060037
Epoch evaluation duration: 118.882055044
Epoch duration: 130.731626034

Epoch 226/1000
Epoch training duration: 11.0139319897
Train	AUC[ROC]: 0.985117	AUC[PR]: 0.420126
Val	AUC[ROC]: 0.809699	AUC[PR]: 0.037127
Epoch evaluation duration: 110.693089008
Epoch duration: 121.707020998

Epoch 227/1000
Epoch training duration: 7.22099018097
Train	AUC[ROC]: 0.994318	AUC[PR]: 0.654328
Val	AUC[ROC]: 0.799793	AUC[PR]: 0.048247
Epoch evaluation duration: 101.765753984
Epoch duration: 108.986744165

Epoch 228/1000
Epoch training duration: 8.6649479866
Train	AUC[ROC]: 0.995362	AUC[PR]: 0.756866
Val	AUC[ROC]: 0.790789	AUC[PR]: 0.052553
Epoch evaluation duration: 72.0624220371
Epoch duration: 80.7273700237

Epoch 229/1000
Epoch training duration: 7.21558690071
Train	AUC[ROC]: 0.995533	AUC[PR]: 0.813282
Val	AUC[ROC]: 0.787185	AUC[PR]: 0.059010
Epoch evaluation duration: 116.86331296
Epoch duration: 124.07889986

Epoch 230/1000
Epoch training duration: 9.69876194
Train	AUC[ROC]: 0.995667	AUC[PR]: 0.840799
Val	AUC[ROC]: 0.777614	AUC[PR]: 0.056494
Epoch evaluation duration: 103.040899992
Epoch duration: 112.739661932

Epoch 231/1000
Epoch training duration: 12.3279700279
Train	AUC[ROC]: 0.995706	AUC[PR]: 0.865680
Val	AUC[ROC]: 0.786396	AUC[PR]: 0.061558
Epoch evaluation duration: 81.1949269772
Epoch duration: 93.5228970051

Epoch 232/1000
Epoch training duration: 6.74539113045
Train	AUC[ROC]: 0.995741	AUC[PR]: 0.882963
Val	AUC[ROC]: 0.778510	AUC[PR]: 0.059717
Epoch evaluation duration: 43.0138659477
Epoch duration: 49.7592570782

Epoch 233/1000
Epoch training duration: 6.66294598579
Train	AUC[ROC]: 0.995790	AUC[PR]: 0.896241
Val	AUC[ROC]: 0.774536	AUC[PR]: 0.061128
Epoch evaluation duration: 43.5049619675
Epoch duration: 50.1679079533

train precision: 0.746405627956
train roc: 0.999776603482
train hit in top 3418: 444.0 out of 444.0

val precision: 0.185825865966
val roc: 0.848685107543
val hit in top 427: 34.0 out of 55.0

test precision: 0.130725428676
test roc: 0.827063946552
test hit in top 427: 32.0 out of 55.0

ratio: 0.02, EF: 32.7272727273,	active: 55.0
ratio: 0.02, NEF: 0.654545454545
ratio: 0.01, EF: 58.1818181818,	active: 55.0
ratio: 0.01, NEF: 0.581818181818
ratio: 0.0015, EF: 181.818181818,	active: 55.0
ratio: 0.0015, NEF: 0.272727272727
ratio: 0.001, EF: 181.818181818,	active: 55.0
ratio: 0.001, NEF: 0.238095238095

