label_name_list  [u'PriA-SSB AS Activity']
train files  ['../datasets/keck_pria/fold_2.csv' '../datasets/keck_pria/fold_3.csv'
 '../datasets/keck_pria/fold_4.csv' '../datasets/keck_pria/fold_5.csv'
 '../datasets/keck_pria/fold_6.csv' '../datasets/keck_pria/fold_7.csv']
val files  ['../datasets/keck_pria/fold_0.csv']
test files  ['../datasets/keck_pria/fold_1.csv']
Class Weight  [{0: 1.0, 1: 771.25}]
Epoch 1/1000
Epoch training duration: 14.4577131271
Train	AUC[ROC]: 0.974299	AUC[PR]: 0.144670
Val	AUC[ROC]: 0.881740	AUC[PR]: 0.084029
Epoch evaluation duration: 95.5947818756
Epoch duration: 110.052495003

Epoch 2/1000
Epoch training duration: 11.7612791061
Train	AUC[ROC]: 0.993402	AUC[PR]: 0.239739
Val	AUC[ROC]: 0.867260	AUC[PR]: 0.119312
Epoch evaluation duration: 98.88793993
Epoch duration: 110.649219036

Epoch 3/1000
Epoch training duration: 11.26415205
Train	AUC[ROC]: 0.997147	AUC[PR]: 0.318876
Val	AUC[ROC]: 0.879464	AUC[PR]: 0.125649
Epoch evaluation duration: 81.3469219208
Epoch duration: 92.6110739708

Epoch 4/1000
Epoch training duration: 11.2021760941
Train	AUC[ROC]: 0.998547	AUC[PR]: 0.415164
Val	AUC[ROC]: 0.892581	AUC[PR]: 0.164465
Epoch evaluation duration: 91.4254858494
Epoch duration: 102.627661943

Epoch 5/1000
Epoch training duration: 13.1830141544
Train	AUC[ROC]: 0.999282	AUC[PR]: 0.556971
Val	AUC[ROC]: 0.890568	AUC[PR]: 0.179447
Epoch evaluation duration: 90.4985079765
Epoch duration: 103.681522131

Epoch 6/1000
Epoch training duration: 13.0589969158
Train	AUC[ROC]: 0.999543	AUC[PR]: 0.650831
Val	AUC[ROC]: 0.902509	AUC[PR]: 0.183902
Epoch evaluation duration: 90.265059948
Epoch duration: 103.324056864

Epoch 7/1000
Epoch training duration: 13.0665299892
Train	AUC[ROC]: 0.999618	AUC[PR]: 0.666173
Val	AUC[ROC]: 0.893377	AUC[PR]: 0.205422
Epoch evaluation duration: 88.639988184
Epoch duration: 101.706518173

Epoch 8/1000
Epoch training duration: 12.2114470005
Train	AUC[ROC]: 0.999764	AUC[PR]: 0.766896
Val	AUC[ROC]: 0.891538	AUC[PR]: 0.205976
Epoch evaluation duration: 78.8737668991
Epoch duration: 91.0852138996

Epoch 9/1000
Epoch training duration: 12.3209440708
Train	AUC[ROC]: 0.999783	AUC[PR]: 0.783941
Val	AUC[ROC]: 0.899213	AUC[PR]: 0.213748
Epoch evaluation duration: 89.4729099274
Epoch duration: 101.793853998

Epoch 10/1000
Epoch training duration: 12.389343977
Train	AUC[ROC]: 0.999839	AUC[PR]: 0.821222
Val	AUC[ROC]: 0.887581	AUC[PR]: 0.216134
Epoch evaluation duration: 92.2834291458
Epoch duration: 104.672773123

Epoch 11/1000
Epoch training duration: 14.3150019646
Train	AUC[ROC]: 0.999845	AUC[PR]: 0.821517
Val	AUC[ROC]: 0.871554	AUC[PR]: 0.229943
Epoch evaluation duration: 95.1747529507
Epoch duration: 109.489754915

Epoch 12/1000
Epoch training duration: 13.0431730747
Train	AUC[ROC]: 0.999906	AUC[PR]: 0.898101
Val	AUC[ROC]: 0.860550	AUC[PR]: 0.242124
Epoch evaluation duration: 90.425536871
Epoch duration: 103.468709946

Epoch 13/1000
Epoch training duration: 11.6298949718
Train	AUC[ROC]: 0.999922	AUC[PR]: 0.909986
Val	AUC[ROC]: 0.863036	AUC[PR]: 0.259742
Epoch evaluation duration: 94.0455060005
Epoch duration: 105.675400972

Epoch 14/1000
Epoch training duration: 12.84136796
Train	AUC[ROC]: 0.999945	AUC[PR]: 0.939102
Val	AUC[ROC]: 0.869388	AUC[PR]: 0.259883
Epoch evaluation duration: 90.1392951012
Epoch duration: 102.980663061

Epoch 15/1000
Epoch training duration: 12.2146310806
Train	AUC[ROC]: 0.999823	AUC[PR]: 0.796038
Val	AUC[ROC]: 0.867032	AUC[PR]: 0.177312
Epoch evaluation duration: 87.8819129467
Epoch duration: 100.096544027

Epoch 16/1000
Epoch training duration: 10.7307140827
Train	AUC[ROC]: 0.999921	AUC[PR]: 0.890381
Val	AUC[ROC]: 0.870161	AUC[PR]: 0.215971
Epoch evaluation duration: 85.9463047981
Epoch duration: 96.6770188808

Epoch 17/1000
Epoch training duration: 11.0914320946
Train	AUC[ROC]: 0.999943	AUC[PR]: 0.927495
Val	AUC[ROC]: 0.870142	AUC[PR]: 0.230691
Epoch evaluation duration: 96.0999760628
Epoch duration: 107.191408157

Epoch 18/1000
Epoch training duration: 14.0908849239
Train	AUC[ROC]: 0.999965	AUC[PR]: 0.956058
Val	AUC[ROC]: 0.869142	AUC[PR]: 0.227318
Epoch evaluation duration: 88.7965641022
Epoch duration: 102.887449026

Epoch 19/1000
Epoch training duration: 13.3777668476
Train	AUC[ROC]: 0.999961	AUC[PR]: 0.951997
Val	AUC[ROC]: 0.868516	AUC[PR]: 0.252668
Epoch evaluation duration: 95.1150701046
Epoch duration: 108.492836952

Epoch 20/1000
Epoch training duration: 12.5438969135
Train	AUC[ROC]: 0.999967	AUC[PR]: 0.961631
Val	AUC[ROC]: 0.848217	AUC[PR]: 0.233874
Epoch evaluation duration: 89.2887909412
Epoch duration: 101.832687855

Epoch 21/1000
Epoch training duration: 10.979719162
Train	AUC[ROC]: 0.999962	AUC[PR]: 0.948318
Val	AUC[ROC]: 0.849076	AUC[PR]: 0.251840
Epoch evaluation duration: 90.8649299145
Epoch duration: 101.844649076

Epoch 22/1000
Epoch training duration: 12.542979002
Train	AUC[ROC]: 0.999980	AUC[PR]: 0.970325
Val	AUC[ROC]: 0.840715	AUC[PR]: 0.254438
Epoch evaluation duration: 90.4679031372
Epoch duration: 103.010882139

Epoch 23/1000
Epoch training duration: 12.517387867
Train	AUC[ROC]: 0.999979	AUC[PR]: 0.969920
Val	AUC[ROC]: 0.842957	AUC[PR]: 0.254813
Epoch evaluation duration: 80.5322289467
Epoch duration: 93.0496168137

Epoch 24/1000
Epoch training duration: 13.3392419815
Train	AUC[ROC]: 0.999979	AUC[PR]: 0.961422
Val	AUC[ROC]: 0.840888	AUC[PR]: 0.257892
Epoch evaluation duration: 85.4871850014
Epoch duration: 98.8264269829

Epoch 25/1000
Epoch training duration: 14.2740840912
Train	AUC[ROC]: 0.999973	AUC[PR]: 0.955121
Val	AUC[ROC]: 0.835386	AUC[PR]: 0.262292
Epoch evaluation duration: 90.4030818939
Epoch duration: 104.677165985

Epoch 26/1000
Epoch training duration: 11.0535750389
Train	AUC[ROC]: 0.999981	AUC[PR]: 0.969333
Val	AUC[ROC]: 0.812804	AUC[PR]: 0.249613
Epoch evaluation duration: 85.1418931484
Epoch duration: 96.1954681873

Epoch 27/1000
Epoch training duration: 12.9717810154
Train	AUC[ROC]: 0.999985	AUC[PR]: 0.975535
Val	AUC[ROC]: 0.811084	AUC[PR]: 0.217935
Epoch evaluation duration: 91.30458498
Epoch duration: 104.276365995

Epoch 28/1000
Epoch training duration: 12.949532032
Train	AUC[ROC]: 0.999981	AUC[PR]: 0.960599
Val	AUC[ROC]: 0.807800	AUC[PR]: 0.261923
Epoch evaluation duration: 90.9316599369
Epoch duration: 103.881191969

Epoch 29/1000
Epoch training duration: 12.32345891
Train	AUC[ROC]: 0.999985	AUC[PR]: 0.965797
Val	AUC[ROC]: 0.807706	AUC[PR]: 0.258558
Epoch evaluation duration: 93.5415270329
Epoch duration: 105.864985943

Epoch 30/1000
Epoch training duration: 14.0473999977
Train	AUC[ROC]: 0.999982	AUC[PR]: 0.962310
Val	AUC[ROC]: 0.827407	AUC[PR]: 0.260349
Epoch evaluation duration: 88.6286821365
Epoch duration: 102.676082134

Epoch 31/1000
Epoch training duration: 11.4905109406
Train	AUC[ROC]: 0.999936	AUC[PR]: 0.892820
Val	AUC[ROC]: 0.824231	AUC[PR]: 0.250817
Epoch evaluation duration: 86.4944169521
Epoch duration: 97.9849278927

Epoch 32/1000
Epoch training duration: 11.2749810219
Train	AUC[ROC]: 0.999968	AUC[PR]: 0.936001
Val	AUC[ROC]: 0.778006	AUC[PR]: 0.271041
Epoch evaluation duration: 93.4518549442
Epoch duration: 104.726835966

Epoch 33/1000
Epoch training duration: 11.9982969761
Train	AUC[ROC]: 0.999972	AUC[PR]: 0.952544
Val	AUC[ROC]: 0.812628	AUC[PR]: 0.267304
Epoch evaluation duration: 95.8744471073
Epoch duration: 107.872744083

Epoch 34/1000
Epoch training duration: 13.0450270176
Train	AUC[ROC]: 0.999981	AUC[PR]: 0.966843
Val	AUC[ROC]: 0.788674	AUC[PR]: 0.279857
Epoch evaluation duration: 84.7639129162
Epoch duration: 97.8089399338

Epoch 35/1000
Epoch training duration: 10.17831707
Train	AUC[ROC]: 0.999990	AUC[PR]: 0.979937
Val	AUC[ROC]: 0.765106	AUC[PR]: 0.263198
Epoch evaluation duration: 79.2822129726
Epoch duration: 89.4605300426

Epoch 36/1000
Epoch training duration: 13.7744650841
Train	AUC[ROC]: 0.999900	AUC[PR]: 0.844969
Val	AUC[ROC]: 0.772585	AUC[PR]: 0.190383
Epoch evaluation duration: 91.6796169281
Epoch duration: 105.454082012

Epoch 37/1000
Epoch training duration: 12.8688600063
Train	AUC[ROC]: 0.999941	AUC[PR]: 0.905338
Val	AUC[ROC]: 0.817818	AUC[PR]: 0.220728
Epoch evaluation duration: 92.0254428387
Epoch duration: 104.894302845

Epoch 38/1000
Epoch training duration: 13.8026170731
Train	AUC[ROC]: 0.999963	AUC[PR]: 0.932243
Val	AUC[ROC]: 0.776013	AUC[PR]: 0.241025
Epoch evaluation duration: 91.2529981136
Epoch duration: 105.055615187

Epoch 39/1000
Epoch training duration: 11.9168138504
Train	AUC[ROC]: 0.999978	AUC[PR]: 0.963506
Val	AUC[ROC]: 0.796812	AUC[PR]: 0.244732
Epoch evaluation duration: 87.8725671768
Epoch duration: 99.7893810272

Epoch 40/1000
Epoch training duration: 11.4664969444
Train	AUC[ROC]: 0.999986	AUC[PR]: 0.975149
Val	AUC[ROC]: 0.757517	AUC[PR]: 0.240651
Epoch evaluation duration: 88.4640738964
Epoch duration: 99.9305708408

Epoch 41/1000
Epoch training duration: 11.5740640163
Train	AUC[ROC]: 0.999983	AUC[PR]: 0.968842
Val	AUC[ROC]: 0.751442	AUC[PR]: 0.251607
Epoch evaluation duration: 88.9583489895
Epoch duration: 100.532413006

Epoch 42/1000
Epoch training duration: 11.4435720444
Train	AUC[ROC]: 0.999976	AUC[PR]: 0.960330
Val	AUC[ROC]: 0.753275	AUC[PR]: 0.177656
Epoch evaluation duration: 86.6597619057
Epoch duration: 98.10333395

Epoch 43/1000
Epoch training duration: 13.1855611801
Train	AUC[ROC]: 0.999991	AUC[PR]: 0.978474
Val	AUC[ROC]: 0.738840	AUC[PR]: 0.194765
Epoch evaluation duration: 88.361371994
Epoch duration: 101.546933174

Epoch 44/1000
Epoch training duration: 12.5563399792
Train	AUC[ROC]: 0.999972	AUC[PR]: 0.947198
Val	AUC[ROC]: 0.755632	AUC[PR]: 0.138176
Epoch evaluation duration: 86.4413819313
Epoch duration: 98.9977219105

Epoch 45/1000
Epoch training duration: 11.0432350636
Train	AUC[ROC]: 0.999988	AUC[PR]: 0.980081
Val	AUC[ROC]: 0.736432	AUC[PR]: 0.200194
Epoch evaluation duration: 93.1102030277
Epoch duration: 104.153438091

Epoch 46/1000
Epoch training duration: 14.1636099815
Train	AUC[ROC]: 0.999993	AUC[PR]: 0.987886
Val	AUC[ROC]: 0.719486	AUC[PR]: 0.202395
Epoch evaluation duration: 86.0076479912
Epoch duration: 100.171257973

Epoch 47/1000
Epoch training duration: 11.3712069988
Train	AUC[ROC]: 0.999996	AUC[PR]: 0.995193
Val	AUC[ROC]: 0.734513	AUC[PR]: 0.206182
Epoch evaluation duration: 90.5319299698
Epoch duration: 101.903136969

Epoch 48/1000
Epoch training duration: 12.2650940418
Train	AUC[ROC]: 0.999993	AUC[PR]: 0.986896
Val	AUC[ROC]: 0.716724	AUC[PR]: 0.218804
Epoch evaluation duration: 91.0746178627
Epoch duration: 103.339711905

Epoch 49/1000
Epoch training duration: 12.7506580353
Train	AUC[ROC]: 0.999985	AUC[PR]: 0.970606
Val	AUC[ROC]: 0.757893	AUC[PR]: 0.195550
Epoch evaluation duration: 82.1165709496
Epoch duration: 94.8672289848

Epoch 50/1000
Epoch training duration: 11.8821241856
Train	AUC[ROC]: 0.999978	AUC[PR]: 0.954637
Val	AUC[ROC]: 0.716504	AUC[PR]: 0.178644
Epoch evaluation duration: 85.7713308334
Epoch duration: 97.653455019

Epoch 51/1000
Epoch training duration: 11.4951369762
Train	AUC[ROC]: 0.999986	AUC[PR]: 0.972098
Val	AUC[ROC]: 0.738982	AUC[PR]: 0.213547
Epoch evaluation duration: 88.0219461918
Epoch duration: 99.517083168

Epoch 52/1000
Epoch training duration: 7.88817381859
Train	AUC[ROC]: 0.999988	AUC[PR]: 0.971906
Val	AUC[ROC]: 0.720879	AUC[PR]: 0.214861
Epoch evaluation duration: 64.706564188
Epoch duration: 72.5947380066

Epoch 53/1000
Epoch training duration: 10.4032919407
Train	AUC[ROC]: 0.999981	AUC[PR]: 0.958368
Val	AUC[ROC]: 0.736098	AUC[PR]: 0.213711
Epoch evaluation duration: 93.4299108982
Epoch duration: 103.833202839

Epoch 54/1000
Epoch training duration: 13.9839010239
Train	AUC[ROC]: 0.999982	AUC[PR]: 0.957869
Val	AUC[ROC]: 0.720283	AUC[PR]: 0.215443
Epoch evaluation duration: 102.961682081
Epoch duration: 116.945583105

Epoch 55/1000
Epoch training duration: 12.7891049385
Train	AUC[ROC]: 0.999983	AUC[PR]: 0.962651
Val	AUC[ROC]: 0.717625	AUC[PR]: 0.223552
Epoch evaluation duration: 82.1667180061
Epoch duration: 94.9558229446

Epoch 56/1000
Epoch training duration: 12.3426780701
Train	AUC[ROC]: 0.999984	AUC[PR]: 0.967818
Val	AUC[ROC]: 0.713294	AUC[PR]: 0.231935
Epoch evaluation duration: 93.3380830288
Epoch duration: 105.680761099

Epoch 57/1000
Epoch training duration: 13.6179759502
Train	AUC[ROC]: 0.999986	AUC[PR]: 0.972211
Val	AUC[ROC]: 0.725892	AUC[PR]: 0.220419
Epoch evaluation duration: 85.167650938
Epoch duration: 98.7856268883

Epoch 58/1000
Epoch training duration: 13.7442510128
Train	AUC[ROC]: 0.999988	AUC[PR]: 0.973569
Val	AUC[ROC]: 0.710072	AUC[PR]: 0.222426
Epoch evaluation duration: 92.2809400558
Epoch duration: 106.025191069

Epoch 59/1000
Epoch training duration: 14.1944489479
Train	AUC[ROC]: 0.999989	AUC[PR]: 0.978008
Val	AUC[ROC]: 0.747676	AUC[PR]: 0.202244
Epoch evaluation duration: 75.4390940666
Epoch duration: 89.6335430145

Epoch 60/1000
Epoch training duration: 11.8624238968
Train	AUC[ROC]: 0.999986	AUC[PR]: 0.969949
Val	AUC[ROC]: 0.718925	AUC[PR]: 0.218174
Epoch evaluation duration: 76.4723329544
Epoch duration: 88.3347568512

Epoch 61/1000
Epoch training duration: 12.1620550156
Train	AUC[ROC]: 0.999982	AUC[PR]: 0.959778
Val	AUC[ROC]: 0.698969	AUC[PR]: 0.213479
Epoch evaluation duration: 84.2560870647
Epoch duration: 96.4181420803

Epoch 62/1000
Epoch training duration: 10.2193360329
Train	AUC[ROC]: 0.999980	AUC[PR]: 0.965183
Val	AUC[ROC]: 0.749864	AUC[PR]: 0.187930
Epoch evaluation duration: 85.5322358608
Epoch duration: 95.7515718937

Epoch 63/1000
Epoch training duration: 13.7531540394
Train	AUC[ROC]: 0.999980	AUC[PR]: 0.958308
Val	AUC[ROC]: 0.698728	AUC[PR]: 0.205238
Epoch evaluation duration: 96.9827799797
Epoch duration: 110.735934019

Epoch 64/1000
Epoch training duration: 12.8067381382
Train	AUC[ROC]: 0.999983	AUC[PR]: 0.967984
Val	AUC[ROC]: 0.714618	AUC[PR]: 0.198555
Epoch evaluation duration: 89.3635668755
Epoch duration: 102.170305014

Epoch 65/1000
Epoch training duration: 14.3788921833
Train	AUC[ROC]: 0.999979	AUC[PR]: 0.957954
Val	AUC[ROC]: 0.701278	AUC[PR]: 0.199496
Epoch evaluation duration: 102.451073885
Epoch duration: 116.829966068

Epoch 66/1000
Epoch training duration: 12.8609781265
Train	AUC[ROC]: 0.999981	AUC[PR]: 0.961879
Val	AUC[ROC]: 0.706517	AUC[PR]: 0.205569
Epoch evaluation duration: 85.0363259315
Epoch duration: 97.8973040581

Epoch 67/1000
Epoch training duration: 12.3505299091
Train	AUC[ROC]: 0.999983	AUC[PR]: 0.968262
Val	AUC[ROC]: 0.692673	AUC[PR]: 0.207107
Epoch evaluation duration: 80.5303370953
Epoch duration: 92.8808670044

Epoch 68/1000
Epoch training duration: 12.2520918846
Train	AUC[ROC]: 0.999986	AUC[PR]: 0.969367
Val	AUC[ROC]: 0.678900	AUC[PR]: 0.209224
Epoch evaluation duration: 79.432338953
Epoch duration: 91.6844308376

Epoch 69/1000
Epoch training duration: 11.3693501949
Train	AUC[ROC]: 0.999986	AUC[PR]: 0.970916
Val	AUC[ROC]: 0.691452	AUC[PR]: 0.210619
Epoch evaluation duration: 87.6902580261
Epoch duration: 99.0596082211

Epoch 70/1000
Epoch training duration: 12.7400457859
Train	AUC[ROC]: 0.999986	AUC[PR]: 0.973098
Val	AUC[ROC]: 0.697689	AUC[PR]: 0.214229
Epoch evaluation duration: 87.7702701092
Epoch duration: 100.510315895

Epoch 71/1000
Epoch training duration: 12.252010107
Train	AUC[ROC]: 0.999969	AUC[PR]: 0.945045
Val	AUC[ROC]: 0.734160	AUC[PR]: 0.192507
Epoch evaluation duration: 97.298842907
Epoch duration: 109.550853014

Epoch 72/1000
Epoch training duration: 12.0142900944
Train	AUC[ROC]: 0.999983	AUC[PR]: 0.965234
Val	AUC[ROC]: 0.717392	AUC[PR]: 0.200023
Epoch evaluation duration: 93.938398838
Epoch duration: 105.952688932

Epoch 73/1000
Epoch training duration: 10.8650400639
Train	AUC[ROC]: 0.999983	AUC[PR]: 0.971760
Val	AUC[ROC]: 0.746694	AUC[PR]: 0.163255
Epoch evaluation duration: 84.6041650772
Epoch duration: 95.4692051411

Epoch 74/1000
Epoch training duration: 12.9297938347
Train	AUC[ROC]: 0.999986	AUC[PR]: 0.972461
Val	AUC[ROC]: 0.682403	AUC[PR]: 0.174765
Epoch evaluation duration: 92.0681550503
Epoch duration: 104.997948885

Epoch 75/1000
Epoch training duration: 12.7871689796
Train	AUC[ROC]: 0.999986	AUC[PR]: 0.971849
Val	AUC[ROC]: 0.675631	AUC[PR]: 0.191527
Epoch evaluation duration: 82.7122859955
Epoch duration: 95.4994549751

Epoch 76/1000
Epoch training duration: 12.4592559338
Train	AUC[ROC]: 0.999988	AUC[PR]: 0.978386
Val	AUC[ROC]: 0.676297	AUC[PR]: 0.187645
Epoch evaluation duration: 88.9450190067
Epoch duration: 101.40427494

Epoch 77/1000
Epoch training duration: 12.9175310135
Train	AUC[ROC]: 0.999987	AUC[PR]: 0.977818
Val	AUC[ROC]: 0.683118	AUC[PR]: 0.198738
Epoch evaluation duration: 88.878278017
Epoch duration: 101.795809031

Epoch 78/1000
Epoch training duration: 13.0614981651
Train	AUC[ROC]: 0.999988	AUC[PR]: 0.980271
Val	AUC[ROC]: 0.694161	AUC[PR]: 0.185407
Epoch evaluation duration: 87.2141098976
Epoch duration: 100.275608063

Epoch 79/1000
Epoch training duration: 12.7296230793
Train	AUC[ROC]: 0.999987	AUC[PR]: 0.974764
Val	AUC[ROC]: 0.668937	AUC[PR]: 0.196873
Epoch evaluation duration: 92.0524330139
Epoch duration: 104.782056093

Epoch 80/1000
Epoch training duration: 12.741822958
Train	AUC[ROC]: 0.999988	AUC[PR]: 0.979553
Val	AUC[ROC]: 0.677827	AUC[PR]: 0.198847
Epoch evaluation duration: 83.8253760338
Epoch duration: 96.5671989918

Epoch 81/1000
Epoch training duration: 13.7692639828
Train	AUC[ROC]: 0.999988	AUC[PR]: 0.979453
Val	AUC[ROC]: 0.684284	AUC[PR]: 0.202373
Epoch evaluation duration: 82.0440309048
Epoch duration: 95.8132948875

Epoch 82/1000
Epoch training duration: 10.9648039341
Train	AUC[ROC]: 0.999988	AUC[PR]: 0.980507
Val	AUC[ROC]: 0.693145	AUC[PR]: 0.194551
Epoch evaluation duration: 90.3150510788
Epoch duration: 101.279855013

Epoch 83/1000
Epoch training duration: 13.1675069332
Train	AUC[ROC]: 0.999988	AUC[PR]: 0.979187
Val	AUC[ROC]: 0.685978	AUC[PR]: 0.205539
Epoch evaluation duration: 82.4675531387
Epoch duration: 95.6350600719

Epoch 84/1000
Epoch training duration: 13.9336650372
Train	AUC[ROC]: 0.999988	AUC[PR]: 0.980147
Val	AUC[ROC]: 0.689198	AUC[PR]: 0.194188
Epoch evaluation duration: 89.689360857
Epoch duration: 103.623025894

Epoch 85/1000
Epoch training duration: 12.0495779514
Train	AUC[ROC]: 0.999992	AUC[PR]: 0.986631
Val	AUC[ROC]: 0.699422	AUC[PR]: 0.191738
Epoch evaluation duration: 81.0020940304
Epoch duration: 93.0516719818

Epoch 86/1000
Epoch training duration: 12.7377309799
Train	AUC[ROC]: 0.992096	AUC[PR]: 0.756028
Val	AUC[ROC]: 0.777198	AUC[PR]: 0.092834
Epoch evaluation duration: 82.9977622032
Epoch duration: 95.7354931831

Epoch 87/1000
Epoch training duration: 12.1344258785
Train	AUC[ROC]: 0.968289	AUC[PR]: 0.211754
Val	AUC[ROC]: 0.825673	AUC[PR]: 0.034233
Epoch evaluation duration: 88.5151200294
Epoch duration: 100.649545908

Epoch 88/1000
Epoch training duration: 9.49401903152
Train	AUC[ROC]: 0.998999	AUC[PR]: 0.503724
Val	AUC[ROC]: 0.856526	AUC[PR]: 0.051760
Epoch evaluation duration: 81.4592208862
Epoch duration: 90.9532399178

Epoch 89/1000
Epoch training duration: 10.2739150524
Train	AUC[ROC]: 0.999658	AUC[PR]: 0.690842
Val	AUC[ROC]: 0.855549	AUC[PR]: 0.093037
Epoch evaluation duration: 87.0366129875
Epoch duration: 97.3105280399

Epoch 90/1000
Epoch training duration: 11.410752058
Train	AUC[ROC]: 0.999782	AUC[PR]: 0.773742
Val	AUC[ROC]: 0.847182	AUC[PR]: 0.106420
Epoch evaluation duration: 70.9049799442
Epoch duration: 82.3157320023

Epoch 91/1000
Epoch training duration: 12.1041939259
Train	AUC[ROC]: 0.999810	AUC[PR]: 0.791555
Val	AUC[ROC]: 0.837545	AUC[PR]: 0.106679
Epoch evaluation duration: 94.3245480061
Epoch duration: 106.428741932

Epoch 92/1000
Epoch training duration: 12.1757771969
Train	AUC[ROC]: 0.999843	AUC[PR]: 0.815901
Val	AUC[ROC]: 0.823738	AUC[PR]: 0.112380
Epoch evaluation duration: 91.6403899193
Epoch duration: 103.816167116

Epoch 93/1000
Epoch training duration: 11.4729430676
Train	AUC[ROC]: 0.999866	AUC[PR]: 0.831852
Val	AUC[ROC]: 0.820166	AUC[PR]: 0.111106
Epoch evaluation duration: 90.2880589962
Epoch duration: 101.761002064

Epoch 94/1000
Epoch training duration: 13.5376930237
Train	AUC[ROC]: 0.999886	AUC[PR]: 0.852126
Val	AUC[ROC]: 0.817693	AUC[PR]: 0.112796
Epoch evaluation duration: 93.5178539753
Epoch duration: 107.055546999

Epoch 95/1000
Epoch training duration: 13.4202508926
Train	AUC[ROC]: 0.999896	AUC[PR]: 0.863993
Val	AUC[ROC]: 0.836334	AUC[PR]: 0.116608
Epoch evaluation duration: 91.271417141
Epoch duration: 104.691668034

Epoch 96/1000
Epoch training duration: 12.2171568871
Train	AUC[ROC]: 0.999905	AUC[PR]: 0.876118
Val	AUC[ROC]: 0.821221	AUC[PR]: 0.118788
Epoch evaluation duration: 83.6433739662
Epoch duration: 95.8605308533

Epoch 97/1000
Epoch training duration: 12.7373700142
Train	AUC[ROC]: 0.999908	AUC[PR]: 0.878767
Val	AUC[ROC]: 0.822524	AUC[PR]: 0.118022
Epoch evaluation duration: 89.0323739052
Epoch duration: 101.769743919

Epoch 98/1000
Epoch training duration: 10.287427187
Train	AUC[ROC]: 0.999916	AUC[PR]: 0.884035
Val	AUC[ROC]: 0.808846	AUC[PR]: 0.119513
Epoch evaluation duration: 86.0475230217
Epoch duration: 96.3349502087

Epoch 99/1000
Epoch training duration: 11.4646699429
Train	AUC[ROC]: 0.999750	AUC[PR]: 0.727917
Val	AUC[ROC]: 0.785962	AUC[PR]: 0.071638
Epoch evaluation duration: 71.1332900524
Epoch duration: 82.5979599953

Epoch 100/1000
Epoch training duration: 12.1110098362
Train	AUC[ROC]: 0.999925	AUC[PR]: 0.893234
Val	AUC[ROC]: 0.807013	AUC[PR]: 0.113824
Epoch evaluation duration: 85.779088974
Epoch duration: 97.8900988102

Epoch 101/1000
Epoch training duration: 13.7890291214
Train	AUC[ROC]: 0.999933	AUC[PR]: 0.898252
Val	AUC[ROC]: 0.800195	AUC[PR]: 0.118377
Epoch evaluation duration: 85.2549979687
Epoch duration: 99.0440270901

Epoch 102/1000
Epoch training duration: 12.9230060577
Train	AUC[ROC]: 0.999938	AUC[PR]: 0.903895
Val	AUC[ROC]: 0.804836	AUC[PR]: 0.123561
Epoch evaluation duration: 89.3114500046
Epoch duration: 102.234456062

Epoch 103/1000
Epoch training duration: 13.5339078903
Train	AUC[ROC]: 0.999938	AUC[PR]: 0.901971
Val	AUC[ROC]: 0.798130	AUC[PR]: 0.124656
Epoch evaluation duration: 91.4766960144
Epoch duration: 105.010603905

Epoch 104/1000
Epoch training duration: 9.11497306824
Train	AUC[ROC]: 0.999943	AUC[PR]: 0.909446
Val	AUC[ROC]: 0.804430	AUC[PR]: 0.127156
Epoch evaluation duration: 85.8742339611
Epoch duration: 94.9892070293

Epoch 105/1000
Epoch training duration: 11.5129830837
Train	AUC[ROC]: 0.999933	AUC[PR]: 0.897946
Val	AUC[ROC]: 0.805614	AUC[PR]: 0.135825
Epoch evaluation duration: 78.6818618774
Epoch duration: 90.1948449612

Epoch 106/1000
Epoch training duration: 12.7640659809
Train	AUC[ROC]: 0.999938	AUC[PR]: 0.905146
Val	AUC[ROC]: 0.796513	AUC[PR]: 0.137682
Epoch evaluation duration: 94.0874531269
Epoch duration: 106.851519108

Epoch 107/1000
Epoch training duration: 12.4707930088
Train	AUC[ROC]: 0.999943	AUC[PR]: 0.911496
Val	AUC[ROC]: 0.803783	AUC[PR]: 0.135878
Epoch evaluation duration: 90.3726220131
Epoch duration: 102.843415022

Epoch 108/1000
Epoch training duration: 13.7485949993
Train	AUC[ROC]: 0.999889	AUC[PR]: 0.849403
Val	AUC[ROC]: 0.823808	AUC[PR]: 0.097409
Epoch evaluation duration: 87.6623878479
Epoch duration: 101.410982847

Epoch 109/1000
Epoch training duration: 13.9155931473
Train	AUC[ROC]: 0.999936	AUC[PR]: 0.902088
Val	AUC[ROC]: 0.815220	AUC[PR]: 0.116506
Epoch evaluation duration: 87.9937779903
Epoch duration: 101.909371138

Epoch 110/1000
Epoch training duration: 12.9639549255
Train	AUC[ROC]: 0.999946	AUC[PR]: 0.911415
Val	AUC[ROC]: 0.798753	AUC[PR]: 0.120296
Epoch evaluation duration: 87.4023311138
Epoch duration: 100.366286039

Epoch 111/1000
Epoch training duration: 13.2191479206
Train	AUC[ROC]: 0.999954	AUC[PR]: 0.920179
Val	AUC[ROC]: 0.796482	AUC[PR]: 0.121609
Epoch evaluation duration: 76.3385140896
Epoch duration: 89.5576620102

Epoch 112/1000
Epoch training duration: 11.7946479321
Train	AUC[ROC]: 0.999956	AUC[PR]: 0.922246
Val	AUC[ROC]: 0.792822	AUC[PR]: 0.123995
Epoch evaluation duration: 86.0900440216
Epoch duration: 97.8846919537

Epoch 113/1000
Epoch training duration: 12.1272108555
Train	AUC[ROC]: 0.999957	AUC[PR]: 0.922989
Val	AUC[ROC]: 0.785453	AUC[PR]: 0.127054
Epoch evaluation duration: 87.639521122
Epoch duration: 99.7667319775

Epoch 114/1000
Epoch training duration: 12.1939299107
Train	AUC[ROC]: 0.999956	AUC[PR]: 0.918868
Val	AUC[ROC]: 0.765678	AUC[PR]: 0.125750
Epoch evaluation duration: 94.5769340992
Epoch duration: 106.77086401

Epoch 115/1000
Epoch training duration: 12.1633999348
Train	AUC[ROC]: 0.999956	AUC[PR]: 0.919702
Val	AUC[ROC]: 0.769429	AUC[PR]: 0.127672
Epoch evaluation duration: 93.2669489384
Epoch duration: 105.430348873

Epoch 116/1000
Epoch training duration: 11.6976571083
Train	AUC[ROC]: 0.999957	AUC[PR]: 0.921049
Val	AUC[ROC]: 0.761533	AUC[PR]: 0.126657
Epoch evaluation duration: 72.1699838638
Epoch duration: 83.8676409721

Epoch 117/1000
Epoch training duration: 11.8328940868
Train	AUC[ROC]: 0.999957	AUC[PR]: 0.921483
Val	AUC[ROC]: 0.757460	AUC[PR]: 0.129802
Epoch evaluation duration: 79.4082520008
Epoch duration: 91.2411460876

Epoch 118/1000
Epoch training duration: 8.9790289402
Train	AUC[ROC]: 0.999957	AUC[PR]: 0.923117
Val	AUC[ROC]: 0.766146	AUC[PR]: 0.133348
Epoch evaluation duration: 68.596047163
Epoch duration: 77.5750761032

Epoch 119/1000
Epoch training duration: 8.12142181396
Train	AUC[ROC]: 0.999958	AUC[PR]: 0.924483
Val	AUC[ROC]: 0.768107	AUC[PR]: 0.131768
Epoch evaluation duration: 76.7381391525
Epoch duration: 84.8595609665

Epoch 120/1000
Epoch training duration: 12.5026879311
Train	AUC[ROC]: 0.999960	AUC[PR]: 0.928005
Val	AUC[ROC]: 0.760155	AUC[PR]: 0.135140
Epoch evaluation duration: 87.6505169868
Epoch duration: 100.153204918

Epoch 121/1000
Epoch training duration: 11.6217529774
Train	AUC[ROC]: 0.999961	AUC[PR]: 0.929807
Val	AUC[ROC]: 0.761633	AUC[PR]: 0.134012
Epoch evaluation duration: 76.98163414
Epoch duration: 88.6033871174

Epoch 122/1000
Epoch training duration: 10.7400958538
Train	AUC[ROC]: 0.999962	AUC[PR]: 0.930249
Val	AUC[ROC]: 0.750859	AUC[PR]: 0.134735
Epoch evaluation duration: 84.3319320679
Epoch duration: 95.0720279217

Epoch 123/1000
Epoch training duration: 11.9135739803
Train	AUC[ROC]: 0.999963	AUC[PR]: 0.933206
Val	AUC[ROC]: 0.758491	AUC[PR]: 0.129244
Epoch evaluation duration: 83.4326410294
Epoch duration: 95.3462150097

Epoch 124/1000
Epoch training duration: 11.3181760311
Train	AUC[ROC]: 0.999963	AUC[PR]: 0.930552
Val	AUC[ROC]: 0.745868	AUC[PR]: 0.131498
Epoch evaluation duration: 78.5168850422
Epoch duration: 89.8350610733

Epoch 125/1000
Epoch training duration: 12.2082479
Train	AUC[ROC]: 0.999963	AUC[PR]: 0.930947
Val	AUC[ROC]: 0.743604	AUC[PR]: 0.132044
Epoch evaluation duration: 77.1380729675
Epoch duration: 89.3463208675

Epoch 126/1000
Epoch training duration: 9.26894903183
Train	AUC[ROC]: 0.999960	AUC[PR]: 0.926476
Val	AUC[ROC]: 0.752732	AUC[PR]: 0.131583
Epoch evaluation duration: 75.2487199306
Epoch duration: 84.5176689625

Epoch 127/1000
Epoch training duration: 10.5320219994
Train	AUC[ROC]: 0.999961	AUC[PR]: 0.931490
Val	AUC[ROC]: 0.771178	AUC[PR]: 0.130101
Epoch evaluation duration: 82.633728981
Epoch duration: 93.1657509804

Epoch 128/1000
Epoch training duration: 10.136149168
Train	AUC[ROC]: 0.999961	AUC[PR]: 0.931253
Val	AUC[ROC]: 0.752867	AUC[PR]: 0.133527
Epoch evaluation duration: 80.9887609482
Epoch duration: 91.1249101162

Epoch 129/1000
Epoch training duration: 10.0259978771
Train	AUC[ROC]: 0.999962	AUC[PR]: 0.930522
Val	AUC[ROC]: 0.738504	AUC[PR]: 0.130211
Epoch evaluation duration: 79.4446120262
Epoch duration: 89.4706099033

Epoch 130/1000
Epoch training duration: 12.1062850952
Train	AUC[ROC]: 0.999963	AUC[PR]: 0.935530
Val	AUC[ROC]: 0.744063	AUC[PR]: 0.135129
Epoch evaluation duration: 78.1561980247
Epoch duration: 90.26248312

Epoch 131/1000
Epoch training duration: 11.1046528816
Train	AUC[ROC]: 0.999964	AUC[PR]: 0.935314
Val	AUC[ROC]: 0.732748	AUC[PR]: 0.136476
Epoch evaluation duration: 83.0893290043
Epoch duration: 94.1939818859

Epoch 132/1000
Epoch training duration: 9.50264310837
Train	AUC[ROC]: 0.999965	AUC[PR]: 0.937914
Val	AUC[ROC]: 0.747922	AUC[PR]: 0.132843
Epoch evaluation duration: 75.2940368652
Epoch duration: 84.7966799736

Epoch 133/1000
Epoch training duration: 11.691133976
Train	AUC[ROC]: 0.999966	AUC[PR]: 0.941072
Val	AUC[ROC]: 0.739069	AUC[PR]: 0.130951
Epoch evaluation duration: 74.486590147
Epoch duration: 86.177724123

Epoch 134/1000
Epoch training duration: 11.8472900391
Train	AUC[ROC]: 0.999965	AUC[PR]: 0.940280
Val	AUC[ROC]: 0.742490	AUC[PR]: 0.134391
Epoch evaluation duration: 89.4320130348
Epoch duration: 101.279303074

Epoch 135/1000
Epoch training duration: 12.4319829941
Train	AUC[ROC]: 0.999966	AUC[PR]: 0.941220
Val	AUC[ROC]: 0.742487	AUC[PR]: 0.133751
Epoch evaluation duration: 93.7139878273
Epoch duration: 106.145970821

Epoch 136/1000
Epoch training duration: 12.1440360546
Train	AUC[ROC]: 0.999966	AUC[PR]: 0.941683
Val	AUC[ROC]: 0.744408	AUC[PR]: 0.135946
Epoch evaluation duration: 74.1880099773
Epoch duration: 86.332046032

Epoch 137/1000
Epoch training duration: 12.2053890228
Train	AUC[ROC]: 0.999966	AUC[PR]: 0.941984
Val	AUC[ROC]: 0.725166	AUC[PR]: 0.132028
Epoch evaluation duration: 90.4339430332
Epoch duration: 102.639332056

Epoch 138/1000
Epoch training duration: 12.1179790497
Train	AUC[ROC]: 0.999966	AUC[PR]: 0.942538
Val	AUC[ROC]: 0.733437	AUC[PR]: 0.135306
Epoch evaluation duration: 73.1305940151
Epoch duration: 85.2485730648

Epoch 139/1000
Epoch training duration: 11.317481041
Train	AUC[ROC]: 0.999967	AUC[PR]: 0.943700
Val	AUC[ROC]: 0.722304	AUC[PR]: 0.131806
Epoch evaluation duration: 82.3931717873
Epoch duration: 93.7106528282

Epoch 140/1000
Epoch training duration: 10.2859380245
Train	AUC[ROC]: 0.999966	AUC[PR]: 0.943504
Val	AUC[ROC]: 0.740844	AUC[PR]: 0.131699
Epoch evaluation duration: 79.462790966
Epoch duration: 89.7487289906

Epoch 141/1000
Epoch training duration: 11.6084220409
Train	AUC[ROC]: 0.999966	AUC[PR]: 0.941254
Val	AUC[ROC]: 0.733447	AUC[PR]: 0.133791
Epoch evaluation duration: 77.9325921535
Epoch duration: 89.5410141945

Epoch 142/1000
Epoch training duration: 11.7624909878
Train	AUC[ROC]: 0.999967	AUC[PR]: 0.945427
Val	AUC[ROC]: 0.728437	AUC[PR]: 0.128986
Epoch evaluation duration: 78.5237920284
Epoch duration: 90.2862830162

Epoch 143/1000
Epoch training duration: 14.4354147911
Train	AUC[ROC]: 0.999969	AUC[PR]: 0.951095
Val	AUC[ROC]: 0.733641	AUC[PR]: 0.126088
Epoch evaluation duration: 88.8027222157
Epoch duration: 103.238137007

Epoch 144/1000
Epoch training duration: 12.4184439182
Train	AUC[ROC]: 0.999967	AUC[PR]: 0.944695
Val	AUC[ROC]: 0.720363	AUC[PR]: 0.130335
Epoch evaluation duration: 75.5239310265
Epoch duration: 87.9423749447

Epoch 145/1000
Epoch training duration: 11.5630369186
Train	AUC[ROC]: 0.999967	AUC[PR]: 0.944881
Val	AUC[ROC]: 0.718205	AUC[PR]: 0.134596
Epoch evaluation duration: 79.4018979073
Epoch duration: 90.9649348259

Epoch 146/1000
Epoch training duration: 12.3054881096
Train	AUC[ROC]: 0.999966	AUC[PR]: 0.942765
Val	AUC[ROC]: 0.707416	AUC[PR]: 0.138155
Epoch evaluation duration: 79.6785960197
Epoch duration: 91.9840841293

Epoch 147/1000
Epoch training duration: 9.83837604523
Train	AUC[ROC]: 0.999970	AUC[PR]: 0.953082
Val	AUC[ROC]: 0.729564	AUC[PR]: 0.135533
Epoch evaluation duration: 76.7651360035
Epoch duration: 86.6035120487

Epoch 148/1000
Epoch training duration: 11.9626028538
Train	AUC[ROC]: 0.999970	AUC[PR]: 0.950547
Val	AUC[ROC]: 0.710901	AUC[PR]: 0.133559
Epoch evaluation duration: 75.3169410229
Epoch duration: 87.2795438766

Epoch 149/1000
Epoch training duration: 12.0958900452
Train	AUC[ROC]: 0.999969	AUC[PR]: 0.951251
Val	AUC[ROC]: 0.732820	AUC[PR]: 0.137805
Epoch evaluation duration: 80.7032010555
Epoch duration: 92.7990911007

Epoch 150/1000
Epoch training duration: 12.5825459957
Train	AUC[ROC]: 0.999969	AUC[PR]: 0.949554
Val	AUC[ROC]: 0.720100	AUC[PR]: 0.135642
Epoch evaluation duration: 82.7843809128
Epoch duration: 95.3669269085

Epoch 151/1000
Epoch training duration: 12.8357951641
Train	AUC[ROC]: 0.999969	AUC[PR]: 0.949783
Val	AUC[ROC]: 0.717959	AUC[PR]: 0.134149
Epoch evaluation duration: 74.7954659462
Epoch duration: 87.6312611103

Epoch 152/1000
Epoch training duration: 11.5493500233
Train	AUC[ROC]: 0.999970	AUC[PR]: 0.951881
Val	AUC[ROC]: 0.720877	AUC[PR]: 0.135135
Epoch evaluation duration: 85.5758049488
Epoch duration: 97.1251549721

Epoch 153/1000
Epoch training duration: 11.334856987
Train	AUC[ROC]: 0.999971	AUC[PR]: 0.954038
Val	AUC[ROC]: 0.719820	AUC[PR]: 0.141023
Epoch evaluation duration: 83.2295970917
Epoch duration: 94.5644540787

Epoch 154/1000
Epoch training duration: 9.46401786804
Train	AUC[ROC]: 0.999970	AUC[PR]: 0.952286
Val	AUC[ROC]: 0.718067	AUC[PR]: 0.140902
Epoch evaluation duration: 75.1558229923
Epoch duration: 84.6198408604

Epoch 155/1000
Epoch training duration: 12.0786650181
Train	AUC[ROC]: 0.999971	AUC[PR]: 0.954826
Val	AUC[ROC]: 0.726087	AUC[PR]: 0.142276
Epoch evaluation duration: 87.4899690151
Epoch duration: 99.5686340332

Epoch 156/1000
Epoch training duration: 12.3627901077
Train	AUC[ROC]: 0.999970	AUC[PR]: 0.952741
Val	AUC[ROC]: 0.713113	AUC[PR]: 0.138781
Epoch evaluation duration: 84.3081429005
Epoch duration: 96.6709330082

Epoch 157/1000
Epoch training duration: 11.6706130505
Train	AUC[ROC]: 0.999972	AUC[PR]: 0.956173
Val	AUC[ROC]: 0.726103	AUC[PR]: 0.142266
Epoch evaluation duration: 75.0129418373
Epoch duration: 86.6835548878

Epoch 158/1000
Epoch training duration: 8.93274211884
Train	AUC[ROC]: 0.999970	AUC[PR]: 0.953724
Val	AUC[ROC]: 0.724139	AUC[PR]: 0.145013
Epoch evaluation duration: 77.7420139313
Epoch duration: 86.6747560501

Epoch 159/1000
Epoch training duration: 10.6614041328
Train	AUC[ROC]: 0.999973	AUC[PR]: 0.958723
Val	AUC[ROC]: 0.737254	AUC[PR]: 0.142128
Epoch evaluation duration: 80.8666789532
Epoch duration: 91.528083086

Epoch 160/1000
Epoch training duration: 13.0264868736
Train	AUC[ROC]: 0.999973	AUC[PR]: 0.958953
Val	AUC[ROC]: 0.716353	AUC[PR]: 0.136018
Epoch evaluation duration: 82.2414031029
Epoch duration: 95.2678899765

Epoch 161/1000
Epoch training duration: 12.5715129375
Train	AUC[ROC]: 0.999974	AUC[PR]: 0.960951
Val	AUC[ROC]: 0.717556	AUC[PR]: 0.141151
Epoch evaluation duration: 82.1691980362
Epoch duration: 94.7407109737

Epoch 162/1000
Epoch training duration: 12.2152209282
Train	AUC[ROC]: 0.999972	AUC[PR]: 0.956704
Val	AUC[ROC]: 0.700100	AUC[PR]: 0.142356
Epoch evaluation duration: 86.2675020695
Epoch duration: 98.4827229977

Epoch 163/1000
Epoch training duration: 12.6591119766
Train	AUC[ROC]: 0.999974	AUC[PR]: 0.960599
Val	AUC[ROC]: 0.704247	AUC[PR]: 0.136810
Epoch evaluation duration: 78.0027501583
Epoch duration: 90.6618621349

Epoch 164/1000
Epoch training duration: 10.8383049965
Train	AUC[ROC]: 0.999973	AUC[PR]: 0.959211
Val	AUC[ROC]: 0.699647	AUC[PR]: 0.140891
Epoch evaluation duration: 81.8154678345
Epoch duration: 92.653772831

Epoch 165/1000
Epoch training duration: 12.9206860065
Train	AUC[ROC]: 0.999973	AUC[PR]: 0.959283
Val	AUC[ROC]: 0.769333	AUC[PR]: 0.139207
Epoch evaluation duration: 63.2651741505
Epoch duration: 76.185860157

Epoch 166/1000
Epoch training duration: 11.6285698414
Train	AUC[ROC]: 0.999973	AUC[PR]: 0.958725
Val	AUC[ROC]: 0.700228	AUC[PR]: 0.136099
Epoch evaluation duration: 89.5521910191
Epoch duration: 101.18076086

Epoch 167/1000
Epoch training duration: 11.906482935
Train	AUC[ROC]: 0.999974	AUC[PR]: 0.959914
Val	AUC[ROC]: 0.698911	AUC[PR]: 0.136851
Epoch evaluation duration: 76.927273035
Epoch duration: 88.83375597

Epoch 168/1000
Epoch training duration: 8.83851313591
Train	AUC[ROC]: 0.999974	AUC[PR]: 0.961059
Val	AUC[ROC]: 0.720631	AUC[PR]: 0.140641
Epoch evaluation duration: 77.0440859795
Epoch duration: 85.8825991154

Epoch 169/1000
Epoch training duration: 13.2783918381
Train	AUC[ROC]: 0.999975	AUC[PR]: 0.962601
Val	AUC[ROC]: 0.735246	AUC[PR]: 0.138647
Epoch evaluation duration: 83.8464441299
Epoch duration: 97.124835968

Epoch 170/1000
Epoch training duration: 11.7726728916
Train	AUC[ROC]: 0.999977	AUC[PR]: 0.964871
Val	AUC[ROC]: 0.709197	AUC[PR]: 0.146473
Epoch evaluation duration: 81.4031951427
Epoch duration: 93.1758680344

Epoch 171/1000
Epoch training duration: 11.4190969467
Train	AUC[ROC]: 0.999975	AUC[PR]: 0.962463
Val	AUC[ROC]: 0.697262	AUC[PR]: 0.136876
Epoch evaluation duration: 69.2910580635
Epoch duration: 80.7101550102

Epoch 172/1000
Epoch training duration: 11.4550628662
Train	AUC[ROC]: 0.996806	AUC[PR]: 0.817646
Val	AUC[ROC]: 0.776005	AUC[PR]: 0.067064
Epoch evaluation duration: 85.3589830399
Epoch duration: 96.8140459061

Epoch 173/1000
Epoch training duration: 13.3986301422
Train	AUC[ROC]: 0.997127	AUC[PR]: 0.593824
Val	AUC[ROC]: 0.786755	AUC[PR]: 0.043247
Epoch evaluation duration: 92.5698988438
Epoch duration: 105.968528986

Epoch 174/1000
Epoch training duration: 10.9022600651
Train	AUC[ROC]: 0.999595	AUC[PR]: 0.771221
Val	AUC[ROC]: 0.804321	AUC[PR]: 0.050027
Epoch evaluation duration: 81.3487789631
Epoch duration: 92.2510390282

Epoch 175/1000
Epoch training duration: 13.2896718979
Train	AUC[ROC]: 0.999838	AUC[PR]: 0.812513
Val	AUC[ROC]: 0.782160	AUC[PR]: 0.066242
Epoch evaluation duration: 80.7474191189
Epoch duration: 94.0370910168

Epoch 176/1000
Epoch training duration: 12.0231950283
Train	AUC[ROC]: 0.999934	AUC[PR]: 0.911868
Val	AUC[ROC]: 0.750863	AUC[PR]: 0.086394
Epoch evaluation duration: 87.2684400082
Epoch duration: 99.2916350365

Epoch 177/1000
Epoch training duration: 9.1611790657
Train	AUC[ROC]: 0.999939	AUC[PR]: 0.916243
Val	AUC[ROC]: 0.765255	AUC[PR]: 0.104739
Epoch evaluation duration: 81.0130908489
Epoch duration: 90.1742699146

Epoch 178/1000
Epoch training duration: 11.0888080597
Train	AUC[ROC]: 0.999944	AUC[PR]: 0.920949
Val	AUC[ROC]: 0.744386	AUC[PR]: 0.099733
Epoch evaluation duration: 77.504046917
Epoch duration: 88.5928549767

Epoch 179/1000
Epoch training duration: 11.2634861469
Train	AUC[ROC]: 0.999951	AUC[PR]: 0.930307
Val	AUC[ROC]: 0.736966	AUC[PR]: 0.098709
Epoch evaluation duration: 79.0763559341
Epoch duration: 90.3398420811

Epoch 180/1000
Epoch training duration: 9.9233520031
Train	AUC[ROC]: 0.999955	AUC[PR]: 0.934781
Val	AUC[ROC]: 0.721622	AUC[PR]: 0.102143
Epoch evaluation duration: 76.5133719444
Epoch duration: 86.4367239475

Epoch 181/1000
Epoch training duration: 13.3707931042
Train	AUC[ROC]: 0.999961	AUC[PR]: 0.942829
Val	AUC[ROC]: 0.713368	AUC[PR]: 0.104289
Epoch evaluation duration: 73.0070929527
Epoch duration: 86.3778860569

Epoch 182/1000
Epoch training duration: 11.608741045
Train	AUC[ROC]: 0.999965	AUC[PR]: 0.948047
Val	AUC[ROC]: 0.722334	AUC[PR]: 0.104672
Epoch evaluation duration: 81.0759079456
Epoch duration: 92.6846489906

Epoch 183/1000
Epoch training duration: 12.0602641106
Train	AUC[ROC]: 0.999964	AUC[PR]: 0.945831
Val	AUC[ROC]: 0.701985	AUC[PR]: 0.109459
Epoch evaluation duration: 91.9794359207
Epoch duration: 104.039700031

Epoch 184/1000
Epoch training duration: 12.8327639103
Train	AUC[ROC]: 0.999965	AUC[PR]: 0.947888
Val	AUC[ROC]: 0.717043	AUC[PR]: 0.108271
Epoch evaluation duration: 86.2470729351
Epoch duration: 99.0798368454

Epoch 185/1000
Epoch training duration: 11.063683033
Train	AUC[ROC]: 0.999965	AUC[PR]: 0.947291
Val	AUC[ROC]: 0.694381	AUC[PR]: 0.107917
Epoch evaluation duration: 94.5982501507
Epoch duration: 105.661933184

Epoch 186/1000
Epoch training duration: 13.1681549549
Train	AUC[ROC]: 0.999967	AUC[PR]: 0.951384
Val	AUC[ROC]: 0.690216	AUC[PR]: 0.107471
Epoch evaluation duration: 95.5880548954
Epoch duration: 108.75620985

Epoch 187/1000
Epoch training duration: 12.8098061085
Train	AUC[ROC]: 0.999969	AUC[PR]: 0.954030
Val	AUC[ROC]: 0.681465	AUC[PR]: 0.112806
Epoch evaluation duration: 88.841080904
Epoch duration: 101.650887012

Epoch 188/1000
Epoch training duration: 13.24198699
Train	AUC[ROC]: 0.999969	AUC[PR]: 0.954152
Val	AUC[ROC]: 0.675972	AUC[PR]: 0.111926
Epoch evaluation duration: 89.7680771351
Epoch duration: 103.010064125

Epoch 189/1000
Epoch training duration: 9.96643590927
Train	AUC[ROC]: 0.999970	AUC[PR]: 0.954984
Val	AUC[ROC]: 0.671744	AUC[PR]: 0.115506
Epoch evaluation duration: 69.9930160046
Epoch duration: 79.9594519138

Epoch 190/1000
Epoch training duration: 10.333356142
Train	AUC[ROC]: 0.999970	AUC[PR]: 0.955181
Val	AUC[ROC]: 0.668407	AUC[PR]: 0.116545
Epoch evaluation duration: 62.2793598175
Epoch duration: 72.6127159595

Epoch 191/1000
Epoch training duration: 9.92516708374
Train	AUC[ROC]: 0.999970	AUC[PR]: 0.954675
Val	AUC[ROC]: 0.663955	AUC[PR]: 0.116862
Epoch evaluation duration: 91.8744239807
Epoch duration: 101.799591064

Epoch 192/1000
Epoch training duration: 12.2097530365
Train	AUC[ROC]: 0.999969	AUC[PR]: 0.952820
Val	AUC[ROC]: 0.658054	AUC[PR]: 0.117413
Epoch evaluation duration: 103.439179897
Epoch duration: 115.648932934

Epoch 193/1000
Epoch training duration: 12.817784071
Train	AUC[ROC]: 0.999972	AUC[PR]: 0.958906
Val	AUC[ROC]: 0.714704	AUC[PR]: 0.124554
Epoch evaluation duration: 86.4675478935
Epoch duration: 99.2853319645

Epoch 194/1000
Epoch training duration: 12.8214001656
Train	AUC[ROC]: 0.999971	AUC[PR]: 0.956609
Val	AUC[ROC]: 0.689980	AUC[PR]: 0.129358
Epoch evaluation duration: 90.6884319782
Epoch duration: 103.509832144

Epoch 195/1000
Epoch training duration: 12.1680920124
Train	AUC[ROC]: 0.999970	AUC[PR]: 0.955975
Val	AUC[ROC]: 0.679430	AUC[PR]: 0.124803
Epoch evaluation duration: 89.431689024
Epoch duration: 101.599781036

Epoch 196/1000
Epoch training duration: 10.7234039307
Train	AUC[ROC]: 0.999970	AUC[PR]: 0.955221
Val	AUC[ROC]: 0.674239	AUC[PR]: 0.124089
Epoch evaluation duration: 88.6006879807
Epoch duration: 99.3240919113

Epoch 197/1000
Epoch training duration: 13.1036829948
Train	AUC[ROC]: 0.999970	AUC[PR]: 0.955347
Val	AUC[ROC]: 0.672093	AUC[PR]: 0.121142
Epoch evaluation duration: 89.0560879707
Epoch duration: 102.159770966

Epoch 198/1000
Epoch training duration: 10.9572560787
Train	AUC[ROC]: 0.999971	AUC[PR]: 0.957242
Val	AUC[ROC]: 0.681843	AUC[PR]: 0.122617
Epoch evaluation duration: 69.5855000019
Epoch duration: 80.5427560806

Epoch 199/1000
Epoch training duration: 10.9170649052
Train	AUC[ROC]: 0.999971	AUC[PR]: 0.956118
Val	AUC[ROC]: 0.679826	AUC[PR]: 0.122303
Epoch evaluation duration: 91.6203739643
Epoch duration: 102.537438869

Epoch 200/1000
Epoch training duration: 12.5568840504
Train	AUC[ROC]: 0.999972	AUC[PR]: 0.957965
Val	AUC[ROC]: 0.703878	AUC[PR]: 0.123980
Epoch evaluation duration: 91.8710680008
Epoch duration: 104.427952051

Epoch 201/1000
Epoch training duration: 10.2004771233
Train	AUC[ROC]: 0.999972	AUC[PR]: 0.957839
Val	AUC[ROC]: 0.693137	AUC[PR]: 0.126270
Epoch evaluation duration: 94.6916270256
Epoch duration: 104.892104149

Epoch 202/1000
Epoch training duration: 13.2500929832
Train	AUC[ROC]: 0.999971	AUC[PR]: 0.957352
Val	AUC[ROC]: 0.684886	AUC[PR]: 0.123561
Epoch evaluation duration: 88.957698822
Epoch duration: 102.207791805

Epoch 203/1000
Epoch training duration: 11.1445860863
Train	AUC[ROC]: 0.999971	AUC[PR]: 0.957354
Val	AUC[ROC]: 0.677387	AUC[PR]: 0.126457
Epoch evaluation duration: 73.3169589043
Epoch duration: 84.4615449905

Epoch 204/1000
Epoch training duration: 11.0009541512
Train	AUC[ROC]: 0.999972	AUC[PR]: 0.957831
Val	AUC[ROC]: 0.675614	AUC[PR]: 0.130499
Epoch evaluation duration: 81.5838449001
Epoch duration: 92.5847990513

Epoch 205/1000
Epoch training duration: 12.1387450695
Train	AUC[ROC]: 0.999972	AUC[PR]: 0.958554
Val	AUC[ROC]: 0.675358	AUC[PR]: 0.133009
Epoch evaluation duration: 96.5441401005
Epoch duration: 108.68288517

Epoch 206/1000
Epoch training duration: 13.0206358433
Train	AUC[ROC]: 0.999972	AUC[PR]: 0.958676
Val	AUC[ROC]: 0.676235	AUC[PR]: 0.129933
Epoch evaluation duration: 91.5537760258
Epoch duration: 104.574411869

Epoch 207/1000
Epoch training duration: 12.1077511311
Train	AUC[ROC]: 0.999973	AUC[PR]: 0.959849
Val	AUC[ROC]: 0.684085	AUC[PR]: 0.122603
Epoch evaluation duration: 96.4862718582
Epoch duration: 108.594022989

Epoch 208/1000
Epoch training duration: 11.9441049099
Train	AUC[ROC]: 0.999973	AUC[PR]: 0.960080
Val	AUC[ROC]: 0.680386	AUC[PR]: 0.128025
Epoch evaluation duration: 86.7282950878
Epoch duration: 98.6723999977

Epoch 209/1000
Epoch training duration: 9.84710693359
Train	AUC[ROC]: 0.999973	AUC[PR]: 0.960308
Val	AUC[ROC]: 0.678010	AUC[PR]: 0.131664
Epoch evaluation duration: 87.8297851086
Epoch duration: 97.6768920422

Epoch 210/1000
Epoch training duration: 12.8726129532
Train	AUC[ROC]: 0.999973	AUC[PR]: 0.959855
Val	AUC[ROC]: 0.680009	AUC[PR]: 0.139492
Epoch evaluation duration: 94.0465960503
Epoch duration: 106.919209003

Epoch 211/1000
Epoch training duration: 12.1818170547
Train	AUC[ROC]: 0.999973	AUC[PR]: 0.959852
Val	AUC[ROC]: 0.686978	AUC[PR]: 0.141468
Epoch evaluation duration: 64.6549470425
Epoch duration: 76.8367640972

Epoch 212/1000
Epoch training duration: 11.385630846
Train	AUC[ROC]: 0.999973	AUC[PR]: 0.959848
Val	AUC[ROC]: 0.681872	AUC[PR]: 0.132819
Epoch evaluation duration: 89.7873179913
Epoch duration: 101.172948837

Epoch 213/1000
Epoch training duration: 10.5094759464
Train	AUC[ROC]: 0.999974	AUC[PR]: 0.960763
Val	AUC[ROC]: 0.683771	AUC[PR]: 0.132689
Epoch evaluation duration: 83.0127160549
Epoch duration: 93.5221920013

Epoch 214/1000
Epoch training duration: 10.8057911396
Train	AUC[ROC]: 0.999973	AUC[PR]: 0.960421
Val	AUC[ROC]: 0.686002	AUC[PR]: 0.140663
Epoch evaluation duration: 75.2485489845
Epoch duration: 86.0543401241

Epoch 215/1000
Epoch training duration: 12.0495238304
Train	AUC[ROC]: 0.999974	AUC[PR]: 0.960763
Val	AUC[ROC]: 0.704525	AUC[PR]: 0.143806
Epoch evaluation duration: 89.870196104
Epoch duration: 101.919719934

Epoch 216/1000
Epoch training duration: 12.1362500191
Train	AUC[ROC]: 0.999973	AUC[PR]: 0.960537
Val	AUC[ROC]: 0.686980	AUC[PR]: 0.142196
Epoch evaluation duration: 100.116863012
Epoch duration: 112.253113031

Epoch 217/1000
Epoch training duration: 8.79295396805
Train	AUC[ROC]: 0.999974	AUC[PR]: 0.960764
Val	AUC[ROC]: 0.694818	AUC[PR]: 0.139883
Epoch evaluation duration: 81.6169199944
Epoch duration: 90.4098739624

Epoch 218/1000
Epoch training duration: 11.5766689777
Train	AUC[ROC]: 0.999976	AUC[PR]: 0.964126
Val	AUC[ROC]: 0.704254	AUC[PR]: 0.140706
Epoch evaluation duration: 83.1631059647
Epoch duration: 94.7397749424

Epoch 219/1000
Epoch training duration: 11.770637989
Train	AUC[ROC]: 0.999976	AUC[PR]: 0.963901
Val	AUC[ROC]: 0.698707	AUC[PR]: 0.150902
Epoch evaluation duration: 76.9240260124
Epoch duration: 88.6946640015

Epoch 220/1000
Epoch training duration: 12.7174611092
Train	AUC[ROC]: 0.999974	AUC[PR]: 0.961214
Val	AUC[ROC]: 0.710378	AUC[PR]: 0.143569
Epoch evaluation duration: 96.0205960274
Epoch duration: 108.738057137

Epoch 221/1000
Epoch training duration: 12.1046218872
Train	AUC[ROC]: 0.999976	AUC[PR]: 0.963666
Val	AUC[ROC]: 0.701976	AUC[PR]: 0.145255
Epoch evaluation duration: 83.9797120094
Epoch duration: 96.0843338966

Epoch 222/1000
Epoch training duration: 9.89503908157
Train	AUC[ROC]: 0.999976	AUC[PR]: 0.963734
Val	AUC[ROC]: 0.713846	AUC[PR]: 0.151725
Epoch evaluation duration: 95.6067259312
Epoch duration: 105.501765013

Epoch 223/1000
Epoch training duration: 12.0189049244
Train	AUC[ROC]: 0.999976	AUC[PR]: 0.963873
Val	AUC[ROC]: 0.708884	AUC[PR]: 0.141050
Epoch evaluation duration: 71.2091801167
Epoch duration: 83.228085041

Epoch 224/1000
Epoch training duration: 11.6584880352
Train	AUC[ROC]: 0.999976	AUC[PR]: 0.963986
Val	AUC[ROC]: 0.711033	AUC[PR]: 0.139848
Epoch evaluation duration: 80.1893138885
Epoch duration: 91.8478019238

Epoch 225/1000
Epoch training duration: 11.7691750526
Train	AUC[ROC]: 0.999976	AUC[PR]: 0.963985
Val	AUC[ROC]: 0.703368	AUC[PR]: 0.142395
Epoch evaluation duration: 93.9105629921
Epoch duration: 105.679738045

Epoch 226/1000
Epoch training duration: 12.3785190582
Train	AUC[ROC]: 0.999972	AUC[PR]: 0.958411
Val	AUC[ROC]: 0.723657	AUC[PR]: 0.131138
Epoch evaluation duration: 79.5170960426
Epoch duration: 91.8956151009

Epoch 227/1000
Epoch training duration: 11.4637219906
Train	AUC[ROC]: 0.999976	AUC[PR]: 0.964401
Val	AUC[ROC]: 0.741900	AUC[PR]: 0.143203
Epoch evaluation duration: 76.9802339077
Epoch duration: 88.4439558983

Epoch 228/1000
Epoch training duration: 11.9273359776
Train	AUC[ROC]: 0.999976	AUC[PR]: 0.964090
Val	AUC[ROC]: 0.725444	AUC[PR]: 0.146848
Epoch evaluation duration: 93.1462759972
Epoch duration: 105.073611975

Epoch 229/1000
Epoch training duration: 11.1546320915
Train	AUC[ROC]: 0.999976	AUC[PR]: 0.963778
Val	AUC[ROC]: 0.712144	AUC[PR]: 0.147451
Epoch evaluation duration: 89.1202068329
Epoch duration: 100.274838924

Epoch 230/1000
Epoch training duration: 9.54009008408
Train	AUC[ROC]: 0.999975	AUC[PR]: 0.963256
Val	AUC[ROC]: 0.709276	AUC[PR]: 0.149286
Epoch evaluation duration: 97.8550879955
Epoch duration: 107.39517808

Epoch 231/1000
Epoch training duration: 12.0236871243
Train	AUC[ROC]: 0.999976	AUC[PR]: 0.964089
Val	AUC[ROC]: 0.714945	AUC[PR]: 0.155894
Epoch evaluation duration: 87.4990718365
Epoch duration: 99.5227589607

Epoch 232/1000
Epoch training duration: 10.1872689724
Train	AUC[ROC]: 0.999976	AUC[PR]: 0.963567
Val	AUC[ROC]: 0.697081	AUC[PR]: 0.156932
Epoch evaluation duration: 68.510931015
Epoch duration: 78.6981999874

Epoch 233/1000
Epoch training duration: 9.38912796974
Train	AUC[ROC]: 0.999976	AUC[PR]: 0.963776
Val	AUC[ROC]: 0.708295	AUC[PR]: 0.157411
Epoch evaluation duration: 80.7973711491
Epoch duration: 90.1864991188

Epoch 234/1000
Epoch training duration: 9.62943887711
Train	AUC[ROC]: 0.999976	AUC[PR]: 0.964193
Val	AUC[ROC]: 0.725452	AUC[PR]: 0.158725
Epoch evaluation duration: 77.8821051121
Epoch duration: 87.5115439892

Epoch 235/1000
Epoch training duration: 12.1606929302
Train	AUC[ROC]: 0.999976	AUC[PR]: 0.964194
Val	AUC[ROC]: 0.723815	AUC[PR]: 0.159058
Epoch evaluation duration: 82.985863924
Epoch duration: 95.1465568542

train precision: 0.966843388672
train roc: 0.999980667039
train hit in top 2563: 332.0 out of 332.0

val precision: 0.279856997121
val roc: 0.788674086324
val hit in top 427: 30.0 out of 56.0

test precision: 0.2423218468
test roc: 0.856533168406
test hit in top 427: 35.0 out of 56.0

ratio: 0.02, EF: 33.0357142857,	active: 56.0
ratio: 0.02, NEF: 0.660714285714
ratio: 0.01, EF: 62.5,	active: 56.0
ratio: 0.01, NEF: 0.625
ratio: 0.0015, EF: 285.714285714,	active: 56.0
ratio: 0.0015, NEF: 0.428571428571
ratio: 0.001, EF: 303.571428571,	active: 56.0
ratio: 0.001, NEF: 0.404761904762

