label_name_list  [u'PriA-SSB AS Activity']
train files  ['../datasets/keck_pria/fold_2.csv' '../datasets/keck_pria/fold_3.csv'
 '../datasets/keck_pria/fold_4.csv' '../datasets/keck_pria/fold_5.csv'
 '../datasets/keck_pria/fold_6.csv' '../datasets/keck_pria/fold_7.csv']
val files  ['../datasets/keck_pria/fold_0.csv']
test files  ['../datasets/keck_pria/fold_1.csv']
Class Weight  [{0: 1.0, 1: 771.25}]
Epoch 1/1000
Epoch training duration: 21.5751428604
Train	AUC[ROC]: 0.908839	AUC[PR]: 0.098321
Val	AUC[ROC]: 0.833487	AUC[PR]: 0.069119
Epoch evaluation duration: 211.176759005
Epoch duration: 232.751901865

Epoch 2/1000
Epoch training duration: 22.1465921402
Train	AUC[ROC]: 0.952382	AUC[PR]: 0.125775
Val	AUC[ROC]: 0.855504	AUC[PR]: 0.088997
Epoch evaluation duration: 219.858564854
Epoch duration: 242.005156994

Epoch 3/1000
Epoch training duration: 22.0842750072
Train	AUC[ROC]: 0.975749	AUC[PR]: 0.150753
Val	AUC[ROC]: 0.866261	AUC[PR]: 0.098907
Epoch evaluation duration: 216.847728968
Epoch duration: 238.932003975

Epoch 4/1000
Epoch training duration: 25.0876481533
Train	AUC[ROC]: 0.986888	AUC[PR]: 0.182608
Val	AUC[ROC]: 0.872325	AUC[PR]: 0.109670
Epoch evaluation duration: 212.884775877
Epoch duration: 237.97242403

Epoch 5/1000
Epoch training duration: 23.1804339886
Train	AUC[ROC]: 0.992325	AUC[PR]: 0.215067
Val	AUC[ROC]: 0.874167	AUC[PR]: 0.114571
Epoch evaluation duration: 216.989284039
Epoch duration: 240.169718027

Epoch 6/1000
Epoch training duration: 23.978965044
Train	AUC[ROC]: 0.995358	AUC[PR]: 0.260814
Val	AUC[ROC]: 0.876619	AUC[PR]: 0.133981
Epoch evaluation duration: 210.139051914
Epoch duration: 234.118016958

Epoch 7/1000
Epoch training duration: 23.0387070179
Train	AUC[ROC]: 0.996654	AUC[PR]: 0.288064
Val	AUC[ROC]: 0.879752	AUC[PR]: 0.145474
Epoch evaluation duration: 206.723955154
Epoch duration: 229.762662172

Epoch 8/1000
Epoch training duration: 22.7636039257
Train	AUC[ROC]: 0.997868	AUC[PR]: 0.336644
Val	AUC[ROC]: 0.878445	AUC[PR]: 0.161216
Epoch evaluation duration: 209.044773102
Epoch duration: 231.808377028

Epoch 9/1000
Epoch training duration: 24.0527949333
Train	AUC[ROC]: 0.998415	AUC[PR]: 0.378546
Val	AUC[ROC]: 0.877849	AUC[PR]: 0.171334
Epoch evaluation duration: 212.176748991
Epoch duration: 236.229543924

Epoch 10/1000
Epoch training duration: 22.4994580746
Train	AUC[ROC]: 0.998709	AUC[PR]: 0.419073
Val	AUC[ROC]: 0.875973	AUC[PR]: 0.199990
Epoch evaluation duration: 209.818856955
Epoch duration: 232.318315029

Epoch 11/1000
Epoch training duration: 25.3496069908
Train	AUC[ROC]: 0.998978	AUC[PR]: 0.460902
Val	AUC[ROC]: 0.874883	AUC[PR]: 0.192194
Epoch evaluation duration: 217.915127039
Epoch duration: 243.26473403

Epoch 12/1000
Epoch training duration: 22.5916237831
Train	AUC[ROC]: 0.999174	AUC[PR]: 0.505680
Val	AUC[ROC]: 0.874179	AUC[PR]: 0.187236
Epoch evaluation duration: 204.224769115
Epoch duration: 226.816392899

Epoch 13/1000
Epoch training duration: 23.1407999992
Train	AUC[ROC]: 0.999358	AUC[PR]: 0.563083
Val	AUC[ROC]: 0.874687	AUC[PR]: 0.190443
Epoch evaluation duration: 216.165199041
Epoch duration: 239.305999041

Epoch 14/1000
Epoch training duration: 23.0165128708
Train	AUC[ROC]: 0.999430	AUC[PR]: 0.584410
Val	AUC[ROC]: 0.879506	AUC[PR]: 0.195919
Epoch evaluation duration: 211.506731987
Epoch duration: 234.523244858

Epoch 15/1000
Epoch training duration: 22.7522702217
Train	AUC[ROC]: 0.999529	AUC[PR]: 0.623560
Val	AUC[ROC]: 0.870696	AUC[PR]: 0.199374
Epoch evaluation duration: 214.799973965
Epoch duration: 237.552244186

Epoch 16/1000
Epoch training duration: 22.428041935
Train	AUC[ROC]: 0.999572	AUC[PR]: 0.646601
Val	AUC[ROC]: 0.872175	AUC[PR]: 0.197186
Epoch evaluation duration: 213.96428895
Epoch duration: 236.392330885

Epoch 17/1000
Epoch training duration: 23.2246050835
Train	AUC[ROC]: 0.999664	AUC[PR]: 0.695356
Val	AUC[ROC]: 0.863792	AUC[PR]: 0.206893
Epoch evaluation duration: 209.316787004
Epoch duration: 232.541392088

Epoch 18/1000
Epoch training duration: 22.8388240337
Train	AUC[ROC]: 0.999688	AUC[PR]: 0.705967
Val	AUC[ROC]: 0.861110	AUC[PR]: 0.202530
Epoch evaluation duration: 212.430045843
Epoch duration: 235.268869877

Epoch 19/1000
Epoch training duration: 22.9998760223
Train	AUC[ROC]: 0.999714	AUC[PR]: 0.719878
Val	AUC[ROC]: 0.866383	AUC[PR]: 0.221510
Epoch evaluation duration: 216.514220953
Epoch duration: 239.514096975

Epoch 20/1000
Epoch training duration: 24.5687880516
Train	AUC[ROC]: 0.999729	AUC[PR]: 0.726867
Val	AUC[ROC]: 0.873559	AUC[PR]: 0.224084
Epoch evaluation duration: 210.114791155
Epoch duration: 234.683579206

Epoch 21/1000
Epoch training duration: 22.2247219086
Train	AUC[ROC]: 0.999732	AUC[PR]: 0.733767
Val	AUC[ROC]: 0.864256	AUC[PR]: 0.225321
Epoch evaluation duration: 214.198133945
Epoch duration: 236.422855854

Epoch 22/1000
Epoch training duration: 21.9987571239
Train	AUC[ROC]: 0.999781	AUC[PR]: 0.768667
Val	AUC[ROC]: 0.867782	AUC[PR]: 0.216082
Epoch evaluation duration: 210.837483883
Epoch duration: 232.836241007

Epoch 23/1000
Epoch training duration: 22.5868420601
Train	AUC[ROC]: 0.999797	AUC[PR]: 0.779477
Val	AUC[ROC]: 0.871388	AUC[PR]: 0.219823
Epoch evaluation duration: 212.732817888
Epoch duration: 235.319659948

Epoch 24/1000
Epoch training duration: 22.9081890583
Train	AUC[ROC]: 0.999815	AUC[PR]: 0.798936
Val	AUC[ROC]: 0.863283	AUC[PR]: 0.219180
Epoch evaluation duration: 209.059891939
Epoch duration: 231.968080997

Epoch 25/1000
Epoch training duration: 24.9275729656
Train	AUC[ROC]: 0.999842	AUC[PR]: 0.820805
Val	AUC[ROC]: 0.860109	AUC[PR]: 0.222827
Epoch evaluation duration: 210.583096027
Epoch duration: 235.510668993

Epoch 26/1000
Epoch training duration: 21.8631100655
Train	AUC[ROC]: 0.999850	AUC[PR]: 0.830846
Val	AUC[ROC]: 0.855293	AUC[PR]: 0.216807
Epoch evaluation duration: 208.055575132
Epoch duration: 229.918685198

Epoch 27/1000
Epoch training duration: 22.5367569923
Train	AUC[ROC]: 0.999868	AUC[PR]: 0.843098
Val	AUC[ROC]: 0.851532	AUC[PR]: 0.232846
Epoch evaluation duration: 218.455695868
Epoch duration: 240.99245286

Epoch 28/1000
Epoch training duration: 22.7285780907
Train	AUC[ROC]: 0.999890	AUC[PR]: 0.867690
Val	AUC[ROC]: 0.853179	AUC[PR]: 0.234412
Epoch evaluation duration: 212.186036825
Epoch duration: 234.914614916

Epoch 29/1000
Epoch training duration: 24.3180851936
Train	AUC[ROC]: 0.999878	AUC[PR]: 0.851885
Val	AUC[ROC]: 0.855488	AUC[PR]: 0.224710
Epoch evaluation duration: 212.221143007
Epoch duration: 236.539228201

Epoch 30/1000
Epoch training duration: 21.9821949005
Train	AUC[ROC]: 0.999890	AUC[PR]: 0.871238
Val	AUC[ROC]: 0.853538	AUC[PR]: 0.227494
Epoch evaluation duration: 210.724843025
Epoch duration: 232.707037926

Epoch 31/1000
Epoch training duration: 22.498281002
Train	AUC[ROC]: 0.999918	AUC[PR]: 0.901611
Val	AUC[ROC]: 0.850815	AUC[PR]: 0.233728
Epoch evaluation duration: 210.866565943
Epoch duration: 233.364846945

Epoch 32/1000
Epoch training duration: 21.2808909416
Train	AUC[ROC]: 0.999915	AUC[PR]: 0.896796
Val	AUC[ROC]: 0.855659	AUC[PR]: 0.227714
Epoch evaluation duration: 214.855560064
Epoch duration: 236.136451006

Epoch 33/1000
Epoch training duration: 23.2509191036
Train	AUC[ROC]: 0.999937	AUC[PR]: 0.927868
Val	AUC[ROC]: 0.853634	AUC[PR]: 0.230386
Epoch evaluation duration: 212.138459921
Epoch duration: 235.389379025

Epoch 34/1000
Epoch training duration: 24.2139000893
Train	AUC[ROC]: 0.999946	AUC[PR]: 0.936931
Val	AUC[ROC]: 0.849308	AUC[PR]: 0.224215
Epoch evaluation duration: 203.55821991
Epoch duration: 227.772119999

Epoch 35/1000
Epoch training duration: 20.7117240429
Train	AUC[ROC]: 0.999935	AUC[PR]: 0.919257
Val	AUC[ROC]: 0.854337	AUC[PR]: 0.224333
Epoch evaluation duration: 208.085815907
Epoch duration: 228.797539949

Epoch 36/1000
Epoch training duration: 22.3761401176
Train	AUC[ROC]: 0.999955	AUC[PR]: 0.945314
Val	AUC[ROC]: 0.853131	AUC[PR]: 0.226520
Epoch evaluation duration: 208.701472044
Epoch duration: 231.077612162

Epoch 37/1000
Epoch training duration: 22.2431519032
Train	AUC[ROC]: 0.999954	AUC[PR]: 0.944560
Val	AUC[ROC]: 0.839728	AUC[PR]: 0.233264
Epoch evaluation duration: 206.407442093
Epoch duration: 228.650593996

Epoch 38/1000
Epoch training duration: 23.4228658676
Train	AUC[ROC]: 0.999939	AUC[PR]: 0.924633
Val	AUC[ROC]: 0.826410	AUC[PR]: 0.242248
Epoch evaluation duration: 209.790984154
Epoch duration: 233.213850021

Epoch 39/1000
Epoch training duration: 21.2236218452
Train	AUC[ROC]: 0.999932	AUC[PR]: 0.920790
Val	AUC[ROC]: 0.817674	AUC[PR]: 0.241527
Epoch evaluation duration: 205.661901951
Epoch duration: 226.885523796

Epoch 40/1000
Epoch training duration: 22.7703471184
Train	AUC[ROC]: 0.999954	AUC[PR]: 0.941751
Val	AUC[ROC]: 0.826824	AUC[PR]: 0.232170
Epoch evaluation duration: 206.983716965
Epoch duration: 229.754064083

Epoch 41/1000
Epoch training duration: 21.2494471073
Train	AUC[ROC]: 0.999952	AUC[PR]: 0.943586
Val	AUC[ROC]: 0.827304	AUC[PR]: 0.243981
Epoch evaluation duration: 204.673570871
Epoch duration: 225.923017979

Epoch 42/1000
Epoch training duration: 24.0946209431
Train	AUC[ROC]: 0.999957	AUC[PR]: 0.949864
Val	AUC[ROC]: 0.830833	AUC[PR]: 0.240183
Epoch evaluation duration: 208.902170181
Epoch duration: 232.996791124

Epoch 43/1000
Epoch training duration: 23.01065588
Train	AUC[ROC]: 0.999958	AUC[PR]: 0.949106
Val	AUC[ROC]: 0.840354	AUC[PR]: 0.237736
Epoch evaluation duration: 211.19919014
Epoch duration: 234.20984602

Epoch 44/1000
Epoch training duration: 23.1365818977
Train	AUC[ROC]: 0.999967	AUC[PR]: 0.960979
Val	AUC[ROC]: 0.835329	AUC[PR]: 0.236676
Epoch evaluation duration: 207.517700911
Epoch duration: 230.654282808

Epoch 45/1000
Epoch training duration: 21.3118009567
Train	AUC[ROC]: 0.999964	AUC[PR]: 0.954621
Val	AUC[ROC]: 0.832125	AUC[PR]: 0.231501
Epoch evaluation duration: 213.569509029
Epoch duration: 234.881309986

Epoch 46/1000
Epoch training duration: 22.6705751419
Train	AUC[ROC]: 0.999972	AUC[PR]: 0.965253
Val	AUC[ROC]: 0.817896	AUC[PR]: 0.232097
Epoch evaluation duration: 203.021482944
Epoch duration: 225.692058086

Epoch 47/1000
Epoch training duration: 21.4086999893
Train	AUC[ROC]: 0.999971	AUC[PR]: 0.964682
Val	AUC[ROC]: 0.846900	AUC[PR]: 0.248800
Epoch evaluation duration: 207.852561951
Epoch duration: 229.26126194

Epoch 48/1000
Epoch training duration: 22.1760210991
Train	AUC[ROC]: 0.999977	AUC[PR]: 0.971278
Val	AUC[ROC]: 0.830973	AUC[PR]: 0.253373
Epoch evaluation duration: 209.213836908
Epoch duration: 231.389858007

Epoch 49/1000
Epoch training duration: 22.0645251274
Train	AUC[ROC]: 0.999978	AUC[PR]: 0.971456
Val	AUC[ROC]: 0.826596	AUC[PR]: 0.244570
Epoch evaluation duration: 209.065760851
Epoch duration: 231.130285978

Epoch 50/1000
Epoch training duration: 22.3126151562
Train	AUC[ROC]: 0.999969	AUC[PR]: 0.961294
Val	AUC[ROC]: 0.862928	AUC[PR]: 0.245155
Epoch evaluation duration: 207.182415009
Epoch duration: 229.495030165

Epoch 51/1000
Epoch training duration: 22.1798858643
Train	AUC[ROC]: 0.999985	AUC[PR]: 0.984241
Val	AUC[ROC]: 0.817573	AUC[PR]: 0.226636
Epoch evaluation duration: 209.382985115
Epoch duration: 231.562870979

Epoch 52/1000
Epoch training duration: 21.8788590431
Train	AUC[ROC]: 0.999985	AUC[PR]: 0.977222
Val	AUC[ROC]: 0.815992	AUC[PR]: 0.240970
Epoch evaluation duration: 201.637982845
Epoch duration: 223.516841888

Epoch 53/1000
Epoch training duration: 23.102050066
Train	AUC[ROC]: 0.999981	AUC[PR]: 0.978140
Val	AUC[ROC]: 0.820107	AUC[PR]: 0.234443
Epoch evaluation duration: 209.690569878
Epoch duration: 232.792619944

Epoch 54/1000
Epoch training duration: 22.4159080982
Train	AUC[ROC]: 0.999988	AUC[PR]: 0.987565
Val	AUC[ROC]: 0.820901	AUC[PR]: 0.231117
Epoch evaluation duration: 208.908548117
Epoch duration: 231.324456215

Epoch 55/1000
Epoch training duration: 23.0277040005
Train	AUC[ROC]: 0.999987	AUC[PR]: 0.986919
Val	AUC[ROC]: 0.813639	AUC[PR]: 0.238243
Epoch evaluation duration: 206.549870968
Epoch duration: 229.577574968

Epoch 56/1000
Epoch training duration: 21.4491579533
Train	AUC[ROC]: 0.999989	AUC[PR]: 0.989538
Val	AUC[ROC]: 0.819309	AUC[PR]: 0.234287
Epoch evaluation duration: 202.820034981
Epoch duration: 224.269192934

Epoch 57/1000
Epoch training duration: 22.2609910965
Train	AUC[ROC]: 0.999994	AUC[PR]: 0.994743
Val	AUC[ROC]: 0.810058	AUC[PR]: 0.240375
Epoch evaluation duration: 193.209586859
Epoch duration: 215.470577955

Epoch 58/1000
Epoch training duration: 23.3705019951
Train	AUC[ROC]: 0.999991	AUC[PR]: 0.991540
Val	AUC[ROC]: 0.836851	AUC[PR]: 0.245722
Epoch evaluation duration: 208.18808198
Epoch duration: 231.558583975

Epoch 59/1000
Epoch training duration: 21.8950600624
Train	AUC[ROC]: 0.999997	AUC[PR]: 0.997242
Val	AUC[ROC]: 0.779311	AUC[PR]: 0.243581
Epoch evaluation duration: 212.020462036
Epoch duration: 233.915522099

Epoch 60/1000
Epoch training duration: 23.3444318771
Train	AUC[ROC]: 0.999986	AUC[PR]: 0.974923
Val	AUC[ROC]: 0.774862	AUC[PR]: 0.231827
Epoch evaluation duration: 206.980852127
Epoch duration: 230.325284004

Epoch 61/1000
Epoch training duration: 21.4489798546
Train	AUC[ROC]: 0.999985	AUC[PR]: 0.979694
Val	AUC[ROC]: 0.784285	AUC[PR]: 0.209831
Epoch evaluation duration: 204.377068996
Epoch duration: 225.826048851

Epoch 62/1000
Epoch training duration: 23.5637481213
Train	AUC[ROC]: 0.999989	AUC[PR]: 0.985888
Val	AUC[ROC]: 0.792343	AUC[PR]: 0.215698
Epoch evaluation duration: 205.250694036
Epoch duration: 228.814442158

Epoch 63/1000
Epoch training duration: 21.8709928989
Train	AUC[ROC]: 0.999992	AUC[PR]: 0.991770
Val	AUC[ROC]: 0.788446	AUC[PR]: 0.221007
Epoch evaluation duration: 207.467905998
Epoch duration: 229.338898897

Epoch 64/1000
Epoch training duration: 21.8715651035
Train	AUC[ROC]: 0.999995	AUC[PR]: 0.995562
Val	AUC[ROC]: 0.797252	AUC[PR]: 0.231688
Epoch evaluation duration: 207.335281849
Epoch duration: 229.206846952

Epoch 65/1000
Epoch training duration: 20.4428792
Train	AUC[ROC]: 0.999992	AUC[PR]: 0.992990
Val	AUC[ROC]: 0.797632	AUC[PR]: 0.204264
Epoch evaluation duration: 210.28212285
Epoch duration: 230.72500205

Epoch 66/1000
Epoch training duration: 21.6785471439
Train	AUC[ROC]: 0.999997	AUC[PR]: 0.997257
Val	AUC[ROC]: 0.768516	AUC[PR]: 0.216898
Epoch evaluation duration: 209.20468092
Epoch duration: 230.883228064

Epoch 67/1000
Epoch training duration: 21.5436449051
Train	AUC[ROC]: 0.999997	AUC[PR]: 0.997940
Val	AUC[ROC]: 0.760202	AUC[PR]: 0.225369
Epoch evaluation duration: 205.069065094
Epoch duration: 226.612709999

Epoch 68/1000
Epoch training duration: 22.9946110249
Train	AUC[ROC]: 0.999998	AUC[PR]: 0.998567
Val	AUC[ROC]: 0.747287	AUC[PR]: 0.236263
Epoch evaluation duration: 207.603227854
Epoch duration: 230.597838879

Epoch 69/1000
Epoch training duration: 21.432639122
Train	AUC[ROC]: 0.999996	AUC[PR]: 0.996586
Val	AUC[ROC]: 0.743437	AUC[PR]: 0.217953
Epoch evaluation duration: 204.864840984
Epoch duration: 226.297480106

Epoch 70/1000
Epoch training duration: 23.1319489479
Train	AUC[ROC]: 0.999999	AUC[PR]: 0.999574
Val	AUC[ROC]: 0.750737	AUC[PR]: 0.221868
Epoch evaluation duration: 208.292356014
Epoch duration: 231.424304962

Epoch 71/1000
Epoch training duration: 23.0095961094
Train	AUC[ROC]: 0.999988	AUC[PR]: 0.975171
Val	AUC[ROC]: 0.748527	AUC[PR]: 0.206764
Epoch evaluation duration: 206.188437939
Epoch duration: 229.198034048

Epoch 72/1000
Epoch training duration: 22.9706299305
Train	AUC[ROC]: 0.999983	AUC[PR]: 0.972917
Val	AUC[ROC]: 0.736631	AUC[PR]: 0.227256
Epoch evaluation duration: 206.768744946
Epoch duration: 229.739374876

Epoch 73/1000
Epoch training duration: 23.8691170216
Train	AUC[ROC]: 0.999989	AUC[PR]: 0.983653
Val	AUC[ROC]: 0.732809	AUC[PR]: 0.222377
Epoch evaluation duration: 204.309516191
Epoch duration: 228.178633213

Epoch 74/1000
Epoch training duration: 21.6118028164
Train	AUC[ROC]: 0.999914	AUC[PR]: 0.883569
Val	AUC[ROC]: 0.789558	AUC[PR]: 0.180951
Epoch evaluation duration: 207.380609989
Epoch duration: 228.992412806

Epoch 75/1000
Epoch training duration: 23.0115551949
Train	AUC[ROC]: 0.999987	AUC[PR]: 0.983566
Val	AUC[ROC]: 0.728244	AUC[PR]: 0.216720
Epoch evaluation duration: 200.307563782
Epoch duration: 223.319118977

Epoch 76/1000
Epoch training duration: 21.8399481773
Train	AUC[ROC]: 0.999988	AUC[PR]: 0.982646
Val	AUC[ROC]: 0.753516	AUC[PR]: 0.219739
Epoch evaluation duration: 212.999630928
Epoch duration: 234.839579105

Epoch 77/1000
Epoch training duration: 23.4194340706
Train	AUC[ROC]: 0.999991	AUC[PR]: 0.985271
Val	AUC[ROC]: 0.729512	AUC[PR]: 0.223827
Epoch evaluation duration: 208.106356859
Epoch duration: 231.52579093

Epoch 78/1000
Epoch training duration: 21.9793081284
Train	AUC[ROC]: 0.999986	AUC[PR]: 0.979898
Val	AUC[ROC]: 0.720359	AUC[PR]: 0.215744
Epoch evaluation duration: 205.780377865
Epoch duration: 227.759685993

Epoch 79/1000
Epoch training duration: 22.9441921711
Train	AUC[ROC]: 0.999989	AUC[PR]: 0.987620
Val	AUC[ROC]: 0.689894	AUC[PR]: 0.202625
Epoch evaluation duration: 201.565955877
Epoch duration: 224.510148048

Epoch 80/1000
Epoch training duration: 22.6145949364
Train	AUC[ROC]: 0.999992	AUC[PR]: 0.990624
Val	AUC[ROC]: 0.708559	AUC[PR]: 0.201821
Epoch evaluation duration: 205.75062418
Epoch duration: 228.365219116

Epoch 81/1000
Epoch training duration: 21.9683129787
Train	AUC[ROC]: 0.999994	AUC[PR]: 0.994154
Val	AUC[ROC]: 0.732735	AUC[PR]: 0.212399
Epoch evaluation duration: 213.244835854
Epoch duration: 235.213148832

Epoch 82/1000
Epoch training duration: 22.1770870686
Train	AUC[ROC]: 0.999995	AUC[PR]: 0.993992
Val	AUC[ROC]: 0.717664	AUC[PR]: 0.212526
Epoch evaluation duration: 210.709075928
Epoch duration: 232.886162996

Epoch 83/1000
Epoch training duration: 24.0133471489
Train	AUC[ROC]: 0.999997	AUC[PR]: 0.996706
Val	AUC[ROC]: 0.692512	AUC[PR]: 0.192935
Epoch evaluation duration: 209.688546896
Epoch duration: 233.701894045

Epoch 84/1000
Epoch training duration: 21.7594680786
Train	AUC[ROC]: 0.999997	AUC[PR]: 0.997617
Val	AUC[ROC]: 0.721598	AUC[PR]: 0.197166
Epoch evaluation duration: 207.585253
Epoch duration: 229.344721079

Epoch 85/1000
Epoch training duration: 23.375150919
Train	AUC[ROC]: 0.999999	AUC[PR]: 0.999198
Val	AUC[ROC]: 0.714791	AUC[PR]: 0.197257
Epoch evaluation duration: 205.688110113
Epoch duration: 229.063261032

Epoch 86/1000
Epoch training duration: 21.6173188686
Train	AUC[ROC]: 0.999999	AUC[PR]: 0.999517
Val	AUC[ROC]: 0.703327	AUC[PR]: 0.192679
Epoch evaluation duration: 205.575778961
Epoch duration: 227.19309783

Epoch 87/1000
Epoch training duration: 22.3276240826
Train	AUC[ROC]: 0.999996	AUC[PR]: 0.996348
Val	AUC[ROC]: 0.726634	AUC[PR]: 0.204929
Epoch evaluation duration: 207.645175934
Epoch duration: 229.972800016

Epoch 88/1000
Epoch training duration: 21.5173871517
Train	AUC[ROC]: 0.999998	AUC[PR]: 0.998377
Val	AUC[ROC]: 0.699052	AUC[PR]: 0.197385
Epoch evaluation duration: 213.645395994
Epoch duration: 235.162783146

Epoch 89/1000
Epoch training duration: 22.7565839291
Train	AUC[ROC]: 0.999998	AUC[PR]: 0.998427
Val	AUC[ROC]: 0.688300	AUC[PR]: 0.208103
Epoch evaluation duration: 207.587091923
Epoch duration: 230.343675852

Epoch 90/1000
Epoch training duration: 22.9271831512
Train	AUC[ROC]: 0.999999	AUC[PR]: 0.998947
Val	AUC[ROC]: 0.703283	AUC[PR]: 0.218261
Epoch evaluation duration: 212.187937975
Epoch duration: 235.115121126

Epoch 91/1000
Epoch training duration: 21.2821209431
Train	AUC[ROC]: 0.999996	AUC[PR]: 0.993392
Val	AUC[ROC]: 0.704885	AUC[PR]: 0.212360
Epoch evaluation duration: 210.507762909
Epoch duration: 231.789883852

Epoch 92/1000
Epoch training duration: 22.3494441509
Train	AUC[ROC]: 0.999998	AUC[PR]: 0.998172
Val	AUC[ROC]: 0.710426	AUC[PR]: 0.215695
Epoch evaluation duration: 213.468286991
Epoch duration: 235.817731142

Epoch 93/1000
Epoch training duration: 22.5724918842
Train	AUC[ROC]: 0.999992	AUC[PR]: 0.989155
Val	AUC[ROC]: 0.739484	AUC[PR]: 0.200465
Epoch evaluation duration: 206.036996126
Epoch duration: 228.60948801

Epoch 94/1000
Epoch training duration: 22.7038998604
Train	AUC[ROC]: 0.999994	AUC[PR]: 0.990078
Val	AUC[ROC]: 0.708350	AUC[PR]: 0.201630
Epoch evaluation duration: 201.984863043
Epoch duration: 224.688762903

Epoch 95/1000
Epoch training duration: 22.3671929836
Train	AUC[ROC]: 0.999995	AUC[PR]: 0.993147
Val	AUC[ROC]: 0.674493	AUC[PR]: 0.195386
Epoch evaluation duration: 206.3332901
Epoch duration: 228.700483084

Epoch 96/1000
Epoch training duration: 24.7471649647
Train	AUC[ROC]: 0.999996	AUC[PR]: 0.993978
Val	AUC[ROC]: 0.697113	AUC[PR]: 0.198138
Epoch evaluation duration: 207.05081296
Epoch duration: 231.797977924

Epoch 97/1000
Epoch training duration: 21.5925691128
Train	AUC[ROC]: 0.999996	AUC[PR]: 0.994018
Val	AUC[ROC]: 0.669749	AUC[PR]: 0.197723
Epoch evaluation duration: 203.627876997
Epoch duration: 225.22044611

Epoch 98/1000
Epoch training duration: 23.6889898777
Train	AUC[ROC]: 0.999994	AUC[PR]: 0.988334
Val	AUC[ROC]: 0.665537	AUC[PR]: 0.188901
Epoch evaluation duration: 210.056133032
Epoch duration: 233.74512291

Epoch 99/1000
Epoch training duration: 21.8639349937
Train	AUC[ROC]: 0.999994	AUC[PR]: 0.988729
Val	AUC[ROC]: 0.666929	AUC[PR]: 0.188271
Epoch evaluation duration: 207.08121109
Epoch duration: 228.945146084

Epoch 100/1000
Epoch training duration: 22.5707819462
Train	AUC[ROC]: 0.999995	AUC[PR]: 0.993248
Val	AUC[ROC]: 0.689938	AUC[PR]: 0.197140
Epoch evaluation duration: 204.370793104
Epoch duration: 226.94157505

Epoch 101/1000
Epoch training duration: 21.7772347927
Train	AUC[ROC]: 0.999996	AUC[PR]: 0.993851
Val	AUC[ROC]: 0.679329	AUC[PR]: 0.206570
Epoch evaluation duration: 204.182844162
Epoch duration: 225.960078955

Epoch 102/1000
Epoch training duration: 23.827780962
Train	AUC[ROC]: 0.999995	AUC[PR]: 0.992038
Val	AUC[ROC]: 0.707626	AUC[PR]: 0.190191
Epoch evaluation duration: 209.548650026
Epoch duration: 233.376430988

Epoch 103/1000
Epoch training duration: 22.6387908459
Train	AUC[ROC]: 0.999993	AUC[PR]: 0.988911
Val	AUC[ROC]: 0.658542	AUC[PR]: 0.197808
Epoch evaluation duration: 210.078479052
Epoch duration: 232.717269897

Epoch 104/1000
Epoch training duration: 21.8491220474
Train	AUC[ROC]: 0.999994	AUC[PR]: 0.990090
Val	AUC[ROC]: 0.675351	AUC[PR]: 0.204955
Epoch evaluation duration: 206.943958044
Epoch duration: 228.793080091

Epoch 105/1000
Epoch training duration: 21.2046658993
Train	AUC[ROC]: 0.999994	AUC[PR]: 0.990368
Val	AUC[ROC]: 0.672983	AUC[PR]: 0.208235
Epoch evaluation duration: 206.40063715
Epoch duration: 227.605303049

Epoch 106/1000
Epoch training duration: 24.0339930058
Train	AUC[ROC]: 0.999993	AUC[PR]: 0.989096
Val	AUC[ROC]: 0.671854	AUC[PR]: 0.198567
Epoch evaluation duration: 203.902422905
Epoch duration: 227.936415911

Epoch 107/1000
Epoch training duration: 22.4252789021
Train	AUC[ROC]: 0.999993	AUC[PR]: 0.989520
Val	AUC[ROC]: 0.670610	AUC[PR]: 0.183397
Epoch evaluation duration: 205.235784054
Epoch duration: 227.661062956

Epoch 108/1000
Epoch training duration: 21.785020113
Train	AUC[ROC]: 0.999993	AUC[PR]: 0.988945
Val	AUC[ROC]: 0.700310	AUC[PR]: 0.180530
Epoch evaluation duration: 208.266986847
Epoch duration: 230.05200696

Epoch 109/1000
Epoch training duration: 22.1184849739
Train	AUC[ROC]: 0.999990	AUC[PR]: 0.983421
Val	AUC[ROC]: 0.674180	AUC[PR]: 0.179960
Epoch evaluation duration: 212.428534031
Epoch duration: 234.547019005

Epoch 110/1000
Epoch training duration: 22.0064940453
Train	AUC[ROC]: 0.999994	AUC[PR]: 0.991143
Val	AUC[ROC]: 0.677291	AUC[PR]: 0.190254
Epoch evaluation duration: 209.485502005
Epoch duration: 231.49199605

Epoch 111/1000
Epoch training duration: 22.7178890705
Train	AUC[ROC]: 0.999997	AUC[PR]: 0.995251
Val	AUC[ROC]: 0.669503	AUC[PR]: 0.200066
Epoch evaluation duration: 207.393621922
Epoch duration: 230.111510992

Epoch 112/1000
Epoch training duration: 22.2447400093
Train	AUC[ROC]: 0.999997	AUC[PR]: 0.995373
Val	AUC[ROC]: 0.676488	AUC[PR]: 0.197513
Epoch evaluation duration: 208.970794916
Epoch duration: 231.215534925

Epoch 113/1000
Epoch training duration: 22.8394851685
Train	AUC[ROC]: 0.999997	AUC[PR]: 0.995323
Val	AUC[ROC]: 0.668711	AUC[PR]: 0.202359
Epoch evaluation duration: 206.805781841
Epoch duration: 229.64526701

Epoch 114/1000
Epoch training duration: 21.0461301804
Train	AUC[ROC]: 0.999997	AUC[PR]: 0.995591
Val	AUC[ROC]: 0.672997	AUC[PR]: 0.192991
Epoch evaluation duration: 212.016916037
Epoch duration: 233.063046217

Epoch 115/1000
Epoch training duration: 24.6225159168
Train	AUC[ROC]: 0.999984	AUC[PR]: 0.976237
Val	AUC[ROC]: 0.802727	AUC[PR]: 0.180034
Epoch evaluation duration: 206.241808891
Epoch duration: 230.864324808

Epoch 116/1000
Epoch training duration: 23.3720350266
Train	AUC[ROC]: 0.999986	AUC[PR]: 0.978924
Val	AUC[ROC]: 0.744714	AUC[PR]: 0.150560
Epoch evaluation duration: 211.388110161
Epoch duration: 234.760145187

Epoch 117/1000
Epoch training duration: 23.2982549667
Train	AUC[ROC]: 0.999995	AUC[PR]: 0.993538
Val	AUC[ROC]: 0.705787	AUC[PR]: 0.173334
Epoch evaluation duration: 203.164917946
Epoch duration: 226.463172913

Epoch 118/1000
Epoch training duration: 22.3869960308
Train	AUC[ROC]: 0.999997	AUC[PR]: 0.995171
Val	AUC[ROC]: 0.686431	AUC[PR]: 0.183219
Epoch evaluation duration: 205.363452911
Epoch duration: 227.750448942

Epoch 119/1000
Epoch training duration: 22.8132650852
Train	AUC[ROC]: 0.999997	AUC[PR]: 0.995582
Val	AUC[ROC]: 0.678081	AUC[PR]: 0.183406
Epoch evaluation duration: 205.379945993
Epoch duration: 228.193211079

Epoch 120/1000
Epoch training duration: 22.801733017
Train	AUC[ROC]: 0.999995	AUC[PR]: 0.992584
Val	AUC[ROC]: 0.684905	AUC[PR]: 0.179550
Epoch evaluation duration: 215.064214945
Epoch duration: 237.865947962

Epoch 121/1000
Epoch training duration: 22.3804309368
Train	AUC[ROC]: 0.999995	AUC[PR]: 0.992967
Val	AUC[ROC]: 0.721625	AUC[PR]: 0.171867
Epoch evaluation duration: 207.393381119
Epoch duration: 229.773812056

Epoch 122/1000
Epoch training duration: 22.5863199234
Train	AUC[ROC]: 0.999993	AUC[PR]: 0.988203
Val	AUC[ROC]: 0.660222	AUC[PR]: 0.167145
Epoch evaluation duration: 208.01891613
Epoch duration: 230.605236053

Epoch 123/1000
Epoch training duration: 22.1187160015
Train	AUC[ROC]: 0.999993	AUC[PR]: 0.989435
Val	AUC[ROC]: 0.713231	AUC[PR]: 0.165542
Epoch evaluation duration: 204.888992786
Epoch duration: 227.007708788

Epoch 124/1000
Epoch training duration: 21.7824640274
Train	AUC[ROC]: 0.999980	AUC[PR]: 0.975163
Val	AUC[ROC]: 0.739548	AUC[PR]: 0.121006
Epoch evaluation duration: 194.482843161
Epoch duration: 216.265307188

Epoch 125/1000
Epoch training duration: 21.9160189629
Train	AUC[ROC]: 0.999983	AUC[PR]: 0.977601
Val	AUC[ROC]: 0.712021	AUC[PR]: 0.121426
Epoch evaluation duration: 207.78490901
Epoch duration: 229.700927973

Epoch 126/1000
Epoch training duration: 22.364043951
Train	AUC[ROC]: 0.999988	AUC[PR]: 0.979911
Val	AUC[ROC]: 0.709645	AUC[PR]: 0.133148
Epoch evaluation duration: 207.387237072
Epoch duration: 229.751281023

Epoch 127/1000
Epoch training duration: 23.4117939472
Train	AUC[ROC]: 0.999989	AUC[PR]: 0.983255
Val	AUC[ROC]: 0.707287	AUC[PR]: 0.125213
Epoch evaluation duration: 203.349385023
Epoch duration: 226.76117897

Epoch 128/1000
Epoch training duration: 21.6379458904
Train	AUC[ROC]: 0.999989	AUC[PR]: 0.982301
Val	AUC[ROC]: 0.681486	AUC[PR]: 0.141363
Epoch evaluation duration: 208.314325094
Epoch duration: 229.952270985

Epoch 129/1000
Epoch training duration: 23.0643670559
Train	AUC[ROC]: 0.999990	AUC[PR]: 0.983473
Val	AUC[ROC]: 0.674305	AUC[PR]: 0.147688
Epoch evaluation duration: 200.153502941
Epoch duration: 223.217869997

Epoch 130/1000
Epoch training duration: 22.4392199516
Train	AUC[ROC]: 0.999988	AUC[PR]: 0.980062
Val	AUC[ROC]: 0.654829	AUC[PR]: 0.146551
Epoch evaluation duration: 202.902870893
Epoch duration: 225.342090845

Epoch 131/1000
Epoch training duration: 25.0454750061
Train	AUC[ROC]: 0.999989	AUC[PR]: 0.982631
Val	AUC[ROC]: 0.656915	AUC[PR]: 0.147886
Epoch evaluation duration: 211.569288015
Epoch duration: 236.614763021

Epoch 132/1000
Epoch training duration: 23.7184062004
Train	AUC[ROC]: 0.999990	AUC[PR]: 0.983790
Val	AUC[ROC]: 0.668462	AUC[PR]: 0.162712
Epoch evaluation duration: 209.848131895
Epoch duration: 233.566538095

Epoch 133/1000
Epoch training duration: 23.0691039562
Train	AUC[ROC]: 0.999990	AUC[PR]: 0.983687
Val	AUC[ROC]: 0.670589	AUC[PR]: 0.165288
Epoch evaluation duration: 209.692525148
Epoch duration: 232.761629105

Epoch 134/1000
Epoch training duration: 21.3209609985
Train	AUC[ROC]: 0.999990	AUC[PR]: 0.983532
Val	AUC[ROC]: 0.661114	AUC[PR]: 0.163830
Epoch evaluation duration: 200.486218929
Epoch duration: 221.807179928

Epoch 135/1000
Epoch training duration: 24.0005550385
Train	AUC[ROC]: 0.999991	AUC[PR]: 0.986884
Val	AUC[ROC]: 0.661165	AUC[PR]: 0.159625
Epoch evaluation duration: 206.149298906
Epoch duration: 230.149853945

Epoch 136/1000
Epoch training duration: 21.9991481304
Train	AUC[ROC]: 0.999991	AUC[PR]: 0.986478
Val	AUC[ROC]: 0.686870	AUC[PR]: 0.152094
Epoch evaluation duration: 209.645927906
Epoch duration: 231.645076036

Epoch 137/1000
Epoch training duration: 22.4305579662
Train	AUC[ROC]: 0.999992	AUC[PR]: 0.987610
Val	AUC[ROC]: 0.652198	AUC[PR]: 0.150907
Epoch evaluation duration: 202.472116947
Epoch duration: 224.902674913

Epoch 138/1000
Epoch training duration: 20.7147190571
Train	AUC[ROC]: 0.999993	AUC[PR]: 0.988437
Val	AUC[ROC]: 0.660110	AUC[PR]: 0.158992
Epoch evaluation duration: 204.149344921
Epoch duration: 224.864063978

Epoch 139/1000
Epoch training duration: 22.9594681263
Train	AUC[ROC]: 0.999993	AUC[PR]: 0.988262
Val	AUC[ROC]: 0.653181	AUC[PR]: 0.157810
Epoch evaluation duration: 206.658912897
Epoch duration: 229.618381023

Epoch 140/1000
Epoch training duration: 21.1858420372
Train	AUC[ROC]: 0.999993	AUC[PR]: 0.988935
Val	AUC[ROC]: 0.657426	AUC[PR]: 0.160492
Epoch evaluation duration: 204.733375072
Epoch duration: 225.91921711

Epoch 141/1000
Epoch training duration: 23.3878560066
Train	AUC[ROC]: 0.999993	AUC[PR]: 0.989295
Val	AUC[ROC]: 0.665608	AUC[PR]: 0.162774
Epoch evaluation duration: 208.778174877
Epoch duration: 232.166030884

Epoch 142/1000
Epoch training duration: 20.80412817
Train	AUC[ROC]: 0.999993	AUC[PR]: 0.988836
Val	AUC[ROC]: 0.669012	AUC[PR]: 0.156228
Epoch evaluation duration: 210.417222023
Epoch duration: 231.221350193

Epoch 143/1000
Epoch training duration: 23.5016458035
Train	AUC[ROC]: 0.999990	AUC[PR]: 0.984813
Val	AUC[ROC]: 0.654044	AUC[PR]: 0.152918
Epoch evaluation duration: 207.828037977
Epoch duration: 231.329683781

Epoch 144/1000
Epoch training duration: 21.4438819885
Train	AUC[ROC]: 0.999990	AUC[PR]: 0.984525
Val	AUC[ROC]: 0.653011	AUC[PR]: 0.154424
Epoch evaluation duration: 211.117582083
Epoch duration: 232.561464071

Epoch 145/1000
Epoch training duration: 24.7129230499
Train	AUC[ROC]: 0.999995	AUC[PR]: 0.992261
Val	AUC[ROC]: 0.664468	AUC[PR]: 0.160756
Epoch evaluation duration: 193.496797085
Epoch duration: 218.209720135

Epoch 146/1000
Epoch training duration: 21.9793198109
Train	AUC[ROC]: 0.999995	AUC[PR]: 0.992703
Val	AUC[ROC]: 0.664062	AUC[PR]: 0.160024
Epoch evaluation duration: 211.372724056
Epoch duration: 233.352043867

Epoch 147/1000
Epoch training duration: 23.0244071484
Train	AUC[ROC]: 0.999994	AUC[PR]: 0.991579
Val	AUC[ROC]: 0.653645	AUC[PR]: 0.163290
Epoch evaluation duration: 210.109596968
Epoch duration: 233.134004116

Epoch 148/1000
Epoch training duration: 23.2905199528
Train	AUC[ROC]: 0.999995	AUC[PR]: 0.992514
Val	AUC[ROC]: 0.657786	AUC[PR]: 0.164753
Epoch evaluation duration: 206.354289055
Epoch duration: 229.644809008

Epoch 149/1000
Epoch training duration: 22.5220990181
Train	AUC[ROC]: 0.999995	AUC[PR]: 0.992292
Val	AUC[ROC]: 0.658221	AUC[PR]: 0.166038
Epoch evaluation duration: 208.294373989
Epoch duration: 230.816473007

Epoch 150/1000
Epoch training duration: 22.7633628845
Train	AUC[ROC]: 0.999994	AUC[PR]: 0.990351
Val	AUC[ROC]: 0.677711	AUC[PR]: 0.172060
Epoch evaluation duration: 206.273476124
Epoch duration: 229.036839008

Epoch 151/1000
Epoch training duration: 21.9350090027
Train	AUC[ROC]: 0.999993	AUC[PR]: 0.989426
Val	AUC[ROC]: 0.658118	AUC[PR]: 0.172221
Epoch evaluation duration: 206.817852974
Epoch duration: 228.752861977

Epoch 152/1000
Epoch training duration: 23.7476799488
Train	AUC[ROC]: 0.999993	AUC[PR]: 0.989477
Val	AUC[ROC]: 0.655135	AUC[PR]: 0.168586
Epoch evaluation duration: 206.003403902
Epoch duration: 229.751083851

Epoch 153/1000
Epoch training duration: 22.4890961647
Train	AUC[ROC]: 0.999994	AUC[PR]: 0.990590
Val	AUC[ROC]: 0.724641	AUC[PR]: 0.164290
Epoch evaluation duration: 213.415074825
Epoch duration: 235.90417099

Epoch 154/1000
Epoch training duration: 21.5315539837
Train	AUC[ROC]: 0.999993	AUC[PR]: 0.989930
Val	AUC[ROC]: 0.668412	AUC[PR]: 0.163815
Epoch evaluation duration: 212.858545065
Epoch duration: 234.390099049

Epoch 155/1000
Epoch training duration: 21.7084760666
Train	AUC[ROC]: 0.999993	AUC[PR]: 0.989895
Val	AUC[ROC]: 0.650615	AUC[PR]: 0.170071
Epoch evaluation duration: 205.721036911
Epoch duration: 227.429512978

Epoch 156/1000
Epoch training duration: 22.8301150799
Train	AUC[ROC]: 0.999993	AUC[PR]: 0.989692
Val	AUC[ROC]: 0.653504	AUC[PR]: 0.172406
Epoch evaluation duration: 209.41208601
Epoch duration: 232.24220109

Epoch 157/1000
Epoch training duration: 22.1033549309
Train	AUC[ROC]: 0.999993	AUC[PR]: 0.990005
Val	AUC[ROC]: 0.655294	AUC[PR]: 0.171718
Epoch evaluation duration: 201.15209198
Epoch duration: 223.255446911

Epoch 158/1000
Epoch training duration: 22.0604150295
Train	AUC[ROC]: 0.999993	AUC[PR]: 0.989783
Val	AUC[ROC]: 0.652307	AUC[PR]: 0.168048
Epoch evaluation duration: 207.473276138
Epoch duration: 229.533691168

Epoch 159/1000
Epoch training duration: 22.2493159771
Train	AUC[ROC]: 0.999995	AUC[PR]: 0.992662
Val	AUC[ROC]: 0.651099	AUC[PR]: 0.165404
Epoch evaluation duration: 207.427642822
Epoch duration: 229.676958799

Epoch 160/1000
Epoch training duration: 23.1097540855
Train	AUC[ROC]: 0.999984	AUC[PR]: 0.974876
Val	AUC[ROC]: 0.695771	AUC[PR]: 0.139941
Epoch evaluation duration: 203.274086952
Epoch duration: 226.383841038

Epoch 161/1000
Epoch training duration: 21.8403480053
Train	AUC[ROC]: 0.999985	AUC[PR]: 0.977421
Val	AUC[ROC]: 0.715300	AUC[PR]: 0.143046
Epoch evaluation duration: 206.779147148
Epoch duration: 228.619495153

Epoch 162/1000
Epoch training duration: 24.5014657974
Train	AUC[ROC]: 0.999986	AUC[PR]: 0.977764
Val	AUC[ROC]: 0.656662	AUC[PR]: 0.164049
Epoch evaluation duration: 202.940896034
Epoch duration: 227.442361832

Epoch 163/1000
Epoch training duration: 21.3471150398
Train	AUC[ROC]: 0.999987	AUC[PR]: 0.980142
Val	AUC[ROC]: 0.727030	AUC[PR]: 0.151216
Epoch evaluation duration: 208.030982971
Epoch duration: 229.378098011

Epoch 164/1000
Epoch training duration: 22.9125671387
Train	AUC[ROC]: 0.999987	AUC[PR]: 0.980676
Val	AUC[ROC]: 0.660282	AUC[PR]: 0.170418
Epoch evaluation duration: 209.720834017
Epoch duration: 232.633401155

Epoch 165/1000
Epoch training duration: 22.2532348633
Train	AUC[ROC]: 0.999987	AUC[PR]: 0.979953
Val	AUC[ROC]: 0.690788	AUC[PR]: 0.142646
Epoch evaluation duration: 207.998443127
Epoch duration: 230.25167799

Epoch 166/1000
Epoch training duration: 24.641094923
Train	AUC[ROC]: 0.999987	AUC[PR]: 0.980594
Val	AUC[ROC]: 0.668054	AUC[PR]: 0.170176
Epoch evaluation duration: 208.660670996
Epoch duration: 233.301765919

Epoch 167/1000
Epoch training duration: 21.6544759274
Train	AUC[ROC]: 0.999988	AUC[PR]: 0.981579
Val	AUC[ROC]: 0.669108	AUC[PR]: 0.173244
Epoch evaluation duration: 210.564918041
Epoch duration: 232.219393969

Epoch 168/1000
Epoch training duration: 22.6637339592
Train	AUC[ROC]: 0.999988	AUC[PR]: 0.981193
Val	AUC[ROC]: 0.723720	AUC[PR]: 0.144958
Epoch evaluation duration: 204.299414158
Epoch duration: 226.963148117

Epoch 169/1000
Epoch training duration: 21.6762068272
Train	AUC[ROC]: 0.999986	AUC[PR]: 0.978612
Val	AUC[ROC]: 0.660685	AUC[PR]: 0.168255
Epoch evaluation duration: 211.9011271
Epoch duration: 233.577333927

Epoch 170/1000
Epoch training duration: 22.1138348579
Train	AUC[ROC]: 0.999986	AUC[PR]: 0.978679
Val	AUC[ROC]: 0.656172	AUC[PR]: 0.164032
Epoch evaluation duration: 196.197920084
Epoch duration: 218.311754942

Epoch 171/1000
Epoch training duration: 21.9435839653
Train	AUC[ROC]: 0.999987	AUC[PR]: 0.980948
Val	AUC[ROC]: 0.673318	AUC[PR]: 0.162231
Epoch evaluation duration: 214.983451128
Epoch duration: 236.927035093

Epoch 172/1000
Epoch training duration: 21.3438119888
Train	AUC[ROC]: 0.999988	AUC[PR]: 0.981058
Val	AUC[ROC]: 0.683061	AUC[PR]: 0.157387
Epoch evaluation duration: 204.553345919
Epoch duration: 225.897157907

Epoch 173/1000
Epoch training duration: 20.9691691399
Train	AUC[ROC]: 0.999989	AUC[PR]: 0.983009
Val	AUC[ROC]: 0.661097	AUC[PR]: 0.162905
Epoch evaluation duration: 207.78723979
Epoch duration: 228.75640893

Epoch 174/1000
Epoch training duration: 22.4668211937
Train	AUC[ROC]: 0.999989	AUC[PR]: 0.982857
Val	AUC[ROC]: 0.657471	AUC[PR]: 0.167934
Epoch evaluation duration: 205.190874815
Epoch duration: 227.657696009

Epoch 175/1000
Epoch training duration: 22.6980781555
Train	AUC[ROC]: 0.999990	AUC[PR]: 0.984527
Val	AUC[ROC]: 0.667976	AUC[PR]: 0.171509
Epoch evaluation duration: 205.635591984
Epoch duration: 228.333670139

Epoch 176/1000
Epoch training duration: 23.6304659843
Train	AUC[ROC]: 0.999991	AUC[PR]: 0.986978
Val	AUC[ROC]: 0.648580	AUC[PR]: 0.167982
Epoch evaluation duration: 205.846884012
Epoch duration: 229.477349997

Epoch 177/1000
Epoch training duration: 22.0307350159
Train	AUC[ROC]: 0.999992	AUC[PR]: 0.987208
Val	AUC[ROC]: 0.649820	AUC[PR]: 0.175737
Epoch evaluation duration: 211.249305964
Epoch duration: 233.280040979

Epoch 178/1000
Epoch training duration: 21.7011198997
Train	AUC[ROC]: 0.999991	AUC[PR]: 0.986988
Val	AUC[ROC]: 0.642488	AUC[PR]: 0.173445
Epoch evaluation duration: 208.10773015
Epoch duration: 229.80885005

Epoch 179/1000
Epoch training duration: 22.1391589642
Train	AUC[ROC]: 0.999992	AUC[PR]: 0.987553
Val	AUC[ROC]: 0.684787	AUC[PR]: 0.168539
Epoch evaluation duration: 205.337951899
Epoch duration: 227.477110863

Epoch 180/1000
Epoch training duration: 22.6785831451
Train	AUC[ROC]: 0.999992	AUC[PR]: 0.987102
Val	AUC[ROC]: 0.658772	AUC[PR]: 0.176047
Epoch evaluation duration: 209.822239876
Epoch duration: 232.500823021

Epoch 181/1000
Epoch training duration: 23.1992211342
Train	AUC[ROC]: 0.999991	AUC[PR]: 0.986833
Val	AUC[ROC]: 0.648479	AUC[PR]: 0.175388
Epoch evaluation duration: 206.203619003
Epoch duration: 229.402840137

Epoch 182/1000
Epoch training duration: 21.9040908813
Train	AUC[ROC]: 0.999991	AUC[PR]: 0.986713
Val	AUC[ROC]: 0.640852	AUC[PR]: 0.176081
Epoch evaluation duration: 206.758394003
Epoch duration: 228.662484884

Epoch 183/1000
Epoch training duration: 22.7965919971
Train	AUC[ROC]: 0.999992	AUC[PR]: 0.987216
Val	AUC[ROC]: 0.649777	AUC[PR]: 0.167527
Epoch evaluation duration: 206.162984133
Epoch duration: 228.95957613

Epoch 184/1000
Epoch training duration: 21.4511618614
Train	AUC[ROC]: 0.999992	AUC[PR]: 0.987810
Val	AUC[ROC]: 0.665446	AUC[PR]: 0.167137
Epoch evaluation duration: 206.017153025
Epoch duration: 227.468314886

Epoch 185/1000
Epoch training duration: 23.0551860332
Train	AUC[ROC]: 0.999992	AUC[PR]: 0.987555
Val	AUC[ROC]: 0.651314	AUC[PR]: 0.161396
Epoch evaluation duration: 209.878512859
Epoch duration: 232.933698893

Epoch 186/1000
Epoch training duration: 22.8010640144
Train	AUC[ROC]: 0.999994	AUC[PR]: 0.990665
Val	AUC[ROC]: 0.652465	AUC[PR]: 0.161857
Epoch evaluation duration: 208.150300026
Epoch duration: 230.95136404

Epoch 187/1000
Epoch training duration: 23.672852993
Train	AUC[ROC]: 0.999994	AUC[PR]: 0.990402
Val	AUC[ROC]: 0.638567	AUC[PR]: 0.166548
Epoch evaluation duration: 209.529181004
Epoch duration: 233.202033997

Epoch 188/1000
Epoch training duration: 22.630338192
Train	AUC[ROC]: 0.999994	AUC[PR]: 0.990820
Val	AUC[ROC]: 0.650978	AUC[PR]: 0.164918
Epoch evaluation duration: 207.222540855
Epoch duration: 229.852879047

Epoch 189/1000
Epoch training duration: 24.4597299099
Train	AUC[ROC]: 0.999992	AUC[PR]: 0.987809
Val	AUC[ROC]: 0.652062	AUC[PR]: 0.166072
Epoch evaluation duration: 206.777157068
Epoch duration: 231.236886978

Epoch 190/1000
Epoch training duration: 21.3973691463
Train	AUC[ROC]: 0.999994	AUC[PR]: 0.990674
Val	AUC[ROC]: 0.643980	AUC[PR]: 0.167202
Epoch evaluation duration: 203.25491786
Epoch duration: 224.652287006

Epoch 191/1000
Epoch training duration: 24.0390241146
Train	AUC[ROC]: 0.999994	AUC[PR]: 0.990431
Val	AUC[ROC]: 0.661167	AUC[PR]: 0.169314
Epoch evaluation duration: 209.902858019
Epoch duration: 233.941882133

Epoch 192/1000
Epoch training duration: 22.8536698818
Train	AUC[ROC]: 0.999994	AUC[PR]: 0.990765
Val	AUC[ROC]: 0.654766	AUC[PR]: 0.164920
Epoch evaluation duration: 213.660996914
Epoch duration: 236.514666796

Epoch 193/1000
Epoch training duration: 23.1366801262
Train	AUC[ROC]: 0.999886	AUC[PR]: 0.922506
Val	AUC[ROC]: 0.759229	AUC[PR]: 0.055920
Epoch evaluation duration: 189.577282906
Epoch duration: 212.713963032

Epoch 194/1000
Epoch training duration: 21.7583801746
Train	AUC[ROC]: 0.995736	AUC[PR]: 0.473503
Val	AUC[ROC]: 0.813289	AUC[PR]: 0.032528
Epoch evaluation duration: 206.074998856
Epoch duration: 227.83337903

Epoch 195/1000
Epoch training duration: 24.2413520813
Train	AUC[ROC]: 0.999728	AUC[PR]: 0.821101
Val	AUC[ROC]: 0.827232	AUC[PR]: 0.073270
Epoch evaluation duration: 206.853380919
Epoch duration: 231.094733

Epoch 196/1000
Epoch training duration: 21.5215449333
Train	AUC[ROC]: 0.999912	AUC[PR]: 0.902054
Val	AUC[ROC]: 0.823860	AUC[PR]: 0.113801
Epoch evaluation duration: 201.991487026
Epoch duration: 223.51303196

Epoch 197/1000
Epoch training duration: 24.7502350807
Train	AUC[ROC]: 0.999938	AUC[PR]: 0.920653
Val	AUC[ROC]: 0.817685	AUC[PR]: 0.129571
Epoch evaluation duration: 208.139873028
Epoch duration: 232.890108109

Epoch 198/1000
Epoch training duration: 21.8974330425
Train	AUC[ROC]: 0.999947	AUC[PR]: 0.929004
Val	AUC[ROC]: 0.814819	AUC[PR]: 0.125792
Epoch evaluation duration: 207.836966038
Epoch duration: 229.73439908

Epoch 199/1000
Epoch training duration: 22.3466398716
Train	AUC[ROC]: 0.999954	AUC[PR]: 0.936695
Val	AUC[ROC]: 0.806778	AUC[PR]: 0.121385
Epoch evaluation duration: 211.033160925
Epoch duration: 233.379800797

Epoch 200/1000
Epoch training duration: 21.6567440033
Train	AUC[ROC]: 0.999959	AUC[PR]: 0.941770
Val	AUC[ROC]: 0.804795	AUC[PR]: 0.118533
Epoch evaluation duration: 208.630120993
Epoch duration: 230.286864996

Epoch 201/1000
Epoch training duration: 22.7420380116
Train	AUC[ROC]: 0.999964	AUC[PR]: 0.948605
Val	AUC[ROC]: 0.797955	AUC[PR]: 0.140220
Epoch evaluation duration: 202.440579176
Epoch duration: 225.182617188

Epoch 202/1000
Epoch training duration: 21.6378259659
Train	AUC[ROC]: 0.999967	AUC[PR]: 0.951511
Val	AUC[ROC]: 0.796332	AUC[PR]: 0.140561
Epoch evaluation duration: 209.420691967
Epoch duration: 231.058517933

Epoch 203/1000
Epoch training duration: 23.8607110977
Train	AUC[ROC]: 0.999971	AUC[PR]: 0.957571
Val	AUC[ROC]: 0.790483	AUC[PR]: 0.147323
Epoch evaluation duration: 208.25837779
Epoch duration: 232.119088888

Epoch 204/1000
Epoch training duration: 22.4382121563
Train	AUC[ROC]: 0.999973	AUC[PR]: 0.959351
Val	AUC[ROC]: 0.783363	AUC[PR]: 0.150585
Epoch evaluation duration: 207.388179064
Epoch duration: 229.82639122

Epoch 205/1000
Epoch training duration: 21.2814369202
Train	AUC[ROC]: 0.999975	AUC[PR]: 0.961613
Val	AUC[ROC]: 0.784578	AUC[PR]: 0.153086
Epoch evaluation duration: 205.716620922
Epoch duration: 226.998057842

Epoch 206/1000
Epoch training duration: 21.0413351059
Train	AUC[ROC]: 0.999976	AUC[PR]: 0.964735
Val	AUC[ROC]: 0.776899	AUC[PR]: 0.154081
Epoch evaluation duration: 204.321074963
Epoch duration: 225.362410069

Epoch 207/1000
Epoch training duration: 23.1903870106
Train	AUC[ROC]: 0.999978	AUC[PR]: 0.967078
Val	AUC[ROC]: 0.771137	AUC[PR]: 0.155844
Epoch evaluation duration: 209.509415865
Epoch duration: 232.699802876

Epoch 208/1000
Epoch training duration: 23.8498010635
Train	AUC[ROC]: 0.999980	AUC[PR]: 0.971639
Val	AUC[ROC]: 0.798303	AUC[PR]: 0.127720
Epoch evaluation duration: 207.669460058
Epoch duration: 231.519261122

Epoch 209/1000
Epoch training duration: 22.9403810501
Train	AUC[ROC]: 0.999982	AUC[PR]: 0.970328
Val	AUC[ROC]: 0.752385	AUC[PR]: 0.157206
Epoch evaluation duration: 210.620882034
Epoch duration: 233.561263084

Epoch 210/1000
Epoch training duration: 22.0689828396
Train	AUC[ROC]: 0.999983	AUC[PR]: 0.972792
Val	AUC[ROC]: 0.757529	AUC[PR]: 0.150219
Epoch evaluation duration: 206.237739086
Epoch duration: 228.306721926

Epoch 211/1000
Epoch training duration: 22.7937679291
Train	AUC[ROC]: 0.999984	AUC[PR]: 0.976842
Val	AUC[ROC]: 0.765174	AUC[PR]: 0.133998
Epoch evaluation duration: 205.545310974
Epoch duration: 228.339078903

Epoch 212/1000
Epoch training duration: 22.961564064
Train	AUC[ROC]: 0.999986	AUC[PR]: 0.977473
Val	AUC[ROC]: 0.749808	AUC[PR]: 0.141336
Epoch evaluation duration: 207.542947054
Epoch duration: 230.504511118

Epoch 213/1000
Epoch training duration: 22.0445098877
Train	AUC[ROC]: 0.999987	AUC[PR]: 0.979520
Val	AUC[ROC]: 0.750145	AUC[PR]: 0.141759
Epoch evaluation duration: 206.881199121
Epoch duration: 228.925709009

Epoch 214/1000
Epoch training duration: 21.986194849
Train	AUC[ROC]: 0.999986	AUC[PR]: 0.975877
Val	AUC[ROC]: 0.721378	AUC[PR]: 0.146810
Epoch evaluation duration: 208.341178179
Epoch duration: 230.327373028

Epoch 215/1000
Epoch training duration: 20.6148138046
Train	AUC[ROC]: 0.999987	AUC[PR]: 0.980254
Val	AUC[ROC]: 0.745735	AUC[PR]: 0.143237
Epoch evaluation duration: 205.702939034
Epoch duration: 226.317752838

Epoch 216/1000
Epoch training duration: 23.9487960339
Train	AUC[ROC]: 0.999988	AUC[PR]: 0.981015
Val	AUC[ROC]: 0.724019	AUC[PR]: 0.145953
Epoch evaluation duration: 206.065480947
Epoch duration: 230.014276981

Epoch 217/1000
Epoch training duration: 21.4913179874
Train	AUC[ROC]: 0.999988	AUC[PR]: 0.980429
Val	AUC[ROC]: 0.719647	AUC[PR]: 0.146030
Epoch evaluation duration: 202.142740011
Epoch duration: 223.634057999

Epoch 218/1000
Epoch training duration: 22.4237320423
Train	AUC[ROC]: 0.999987	AUC[PR]: 0.980263
Val	AUC[ROC]: 0.724609	AUC[PR]: 0.144422
Epoch evaluation duration: 208.762984037
Epoch duration: 231.18671608

Epoch 219/1000
Epoch training duration: 24.0062470436
Train	AUC[ROC]: 0.999987	AUC[PR]: 0.979931
Val	AUC[ROC]: 0.710199	AUC[PR]: 0.142213
Epoch evaluation duration: 203.876204967
Epoch duration: 227.882452011

Epoch 220/1000
Epoch training duration: 22.9837429523
Train	AUC[ROC]: 0.999986	AUC[PR]: 0.978670
Val	AUC[ROC]: 0.760688	AUC[PR]: 0.116478
Epoch evaluation duration: 207.009320974
Epoch duration: 229.993063927

Epoch 221/1000
Epoch training duration: 21.0543560982
Train	AUC[ROC]: 0.999987	AUC[PR]: 0.980003
Val	AUC[ROC]: 0.704271	AUC[PR]: 0.139538
Epoch evaluation duration: 206.028832912
Epoch duration: 227.083189011

Epoch 222/1000
Epoch training duration: 23.7153460979
Train	AUC[ROC]: 0.999987	AUC[PR]: 0.978827
Val	AUC[ROC]: 0.695518	AUC[PR]: 0.140926
Epoch evaluation duration: 204.886986017
Epoch duration: 228.602332115

Epoch 223/1000
Epoch training duration: 21.6791388988
Train	AUC[ROC]: 0.999987	AUC[PR]: 0.978584
Val	AUC[ROC]: 0.685437	AUC[PR]: 0.147964
Epoch evaluation duration: 207.21955514
Epoch duration: 228.898694038

Epoch 224/1000
Epoch training duration: 22.7740960121
Train	AUC[ROC]: 0.999987	AUC[PR]: 0.980007
Val	AUC[ROC]: 0.694214	AUC[PR]: 0.150418
Epoch evaluation duration: 213.357101917
Epoch duration: 236.131197929

Epoch 225/1000
Epoch training duration: 21.4598300457
Train	AUC[ROC]: 0.999987	AUC[PR]: 0.980007
Val	AUC[ROC]: 0.690598	AUC[PR]: 0.143908
Epoch evaluation duration: 205.828531027
Epoch duration: 227.288361073

Epoch 226/1000
Epoch training duration: 23.6988518238
Train	AUC[ROC]: 0.999989	AUC[PR]: 0.983277
Val	AUC[ROC]: 0.687437	AUC[PR]: 0.144726
Epoch evaluation duration: 203.701256037
Epoch duration: 227.400107861

Epoch 227/1000
Epoch training duration: 21.0944600105
Train	AUC[ROC]: 0.999989	AUC[PR]: 0.982209
Val	AUC[ROC]: 0.689237	AUC[PR]: 0.150073
Epoch evaluation duration: 203.348144054
Epoch duration: 224.442604065

Epoch 228/1000
Epoch training duration: 23.2336468697
Train	AUC[ROC]: 0.999987	AUC[PR]: 0.980976
Val	AUC[ROC]: 0.682284	AUC[PR]: 0.154202
Epoch evaluation duration: 203.930710077
Epoch duration: 227.164356947

Epoch 229/1000
Epoch training duration: 21.0256259441
Train	AUC[ROC]: 0.999989	AUC[PR]: 0.982924
Val	AUC[ROC]: 0.684545	AUC[PR]: 0.153975
Epoch evaluation duration: 208.782164097
Epoch duration: 229.807790041

Epoch 230/1000
Epoch training duration: 24.4879469872
Train	AUC[ROC]: 0.999988	AUC[PR]: 0.981495
Val	AUC[ROC]: 0.674189	AUC[PR]: 0.152340
Epoch evaluation duration: 215.820581913
Epoch duration: 240.3085289

Epoch 231/1000
Epoch training duration: 21.0040559769
Train	AUC[ROC]: 0.999988	AUC[PR]: 0.981179
Val	AUC[ROC]: 0.672634	AUC[PR]: 0.154993
Epoch evaluation duration: 202.849911213
Epoch duration: 223.85396719

Epoch 232/1000
Epoch training duration: 22.7765848637
Train	AUC[ROC]: 0.999989	AUC[PR]: 0.984120
Val	AUC[ROC]: 0.668153	AUC[PR]: 0.158072
Epoch evaluation duration: 205.379089117
Epoch duration: 228.155673981

Epoch 233/1000
Epoch training duration: 21.9771988392
Train	AUC[ROC]: 0.999988	AUC[PR]: 0.981460
Val	AUC[ROC]: 0.670860	AUC[PR]: 0.155911
Epoch evaluation duration: 206.954243183
Epoch duration: 228.931442022

Epoch 234/1000
Epoch training duration: 22.9564189911
Train	AUC[ROC]: 0.999989	AUC[PR]: 0.983639
Val	AUC[ROC]: 0.662125	AUC[PR]: 0.153071
Epoch evaluation duration: 207.002319813
Epoch duration: 229.958738804

Epoch 235/1000
Epoch training duration: 22.5910270214
Train	AUC[ROC]: 0.999989	AUC[PR]: 0.983824
Val	AUC[ROC]: 0.665112	AUC[PR]: 0.153899
Epoch evaluation duration: 210.771131992
Epoch duration: 233.362159014

Epoch 236/1000
Epoch training duration: 22.2120611668
Train	AUC[ROC]: 0.999990	AUC[PR]: 0.985295
Val	AUC[ROC]: 0.673834	AUC[PR]: 0.151393
Epoch evaluation duration: 205.557420015
Epoch duration: 227.769481182

Epoch 237/1000
Epoch training duration: 21.4909729958
Train	AUC[ROC]: 0.999990	AUC[PR]: 0.984864
Val	AUC[ROC]: 0.665530	AUC[PR]: 0.150872
Epoch evaluation duration: 205.523474932
Epoch duration: 227.014447927

Epoch 238/1000
Epoch training duration: 22.7508289814
Train	AUC[ROC]: 0.999993	AUC[PR]: 0.988972
Val	AUC[ROC]: 0.683323	AUC[PR]: 0.146165
Epoch evaluation duration: 207.507098913
Epoch duration: 230.257927895

Epoch 239/1000
Epoch training duration: 22.3171021938
Train	AUC[ROC]: 0.999993	AUC[PR]: 0.988870
Val	AUC[ROC]: 0.665247	AUC[PR]: 0.142844
Epoch evaluation duration: 208.108264923
Epoch duration: 230.425367117

Epoch 240/1000
Epoch training duration: 23.5580790043
Train	AUC[ROC]: 0.999992	AUC[PR]: 0.987302
Val	AUC[ROC]: 0.721620	AUC[PR]: 0.138117
Epoch evaluation duration: 204.348376989
Epoch duration: 227.906455994

Epoch 241/1000
Epoch training duration: 25.0448069572
Train	AUC[ROC]: 0.999993	AUC[PR]: 0.989356
Val	AUC[ROC]: 0.682602	AUC[PR]: 0.148411
Epoch evaluation duration: 211.660717964
Epoch duration: 236.705524921

Epoch 242/1000
Epoch training duration: 23.7706661224
Train	AUC[ROC]: 0.999993	AUC[PR]: 0.988684
Val	AUC[ROC]: 0.667880	AUC[PR]: 0.141960
Epoch evaluation duration: 208.044049025
Epoch duration: 231.814715147

Epoch 243/1000
Epoch training duration: 21.2993438244
Train	AUC[ROC]: 0.999992	AUC[PR]: 0.987553
Val	AUC[ROC]: 0.695706	AUC[PR]: 0.152012
Epoch evaluation duration: 209.651484013
Epoch duration: 230.950827837

Epoch 244/1000
Epoch training duration: 22.084717989
Train	AUC[ROC]: 0.999993	AUC[PR]: 0.988424
Val	AUC[ROC]: 0.662845	AUC[PR]: 0.150219
Epoch evaluation duration: 207.844452143
Epoch duration: 229.929170132

Epoch 245/1000
Epoch training duration: 22.0284259319
Train	AUC[ROC]: 0.999991	AUC[PR]: 0.986661
Val	AUC[ROC]: 0.708331	AUC[PR]: 0.154138
Epoch evaluation duration: 206.077089071
Epoch duration: 228.105515003

Epoch 246/1000
Epoch training duration: 21.8612189293
Train	AUC[ROC]: 0.999992	AUC[PR]: 0.987381
Val	AUC[ROC]: 0.733913	AUC[PR]: 0.148641
Epoch evaluation duration: 206.865057945
Epoch duration: 228.726276875

Epoch 247/1000
Epoch training duration: 23.3999750614
Train	AUC[ROC]: 0.999991	AUC[PR]: 0.986601
Val	AUC[ROC]: 0.727023	AUC[PR]: 0.146157
Epoch evaluation duration: 206.9112041
Epoch duration: 230.311179161

Epoch 248/1000
Epoch training duration: 21.9173829556
Train	AUC[ROC]: 0.999994	AUC[PR]: 0.992036
Val	AUC[ROC]: 0.686820	AUC[PR]: 0.152967
Epoch evaluation duration: 211.470242977
Epoch duration: 233.387625933

Epoch 249/1000
Epoch training duration: 21.6770160198
Train	AUC[ROC]: 0.999994	AUC[PR]: 0.991730
Val	AUC[ROC]: 0.666591	AUC[PR]: 0.153686
Epoch evaluation duration: 206.764376879
Epoch duration: 228.441392899

train precision: 0.971277879409
train roc: 0.999976902788
train hit in top 2563: 332.0 out of 332.0

val precision: 0.253373187205
val roc: 0.830972913619
val hit in top 427: 31.0 out of 56.0

test precision: 0.209807894611
test roc: 0.900728278845
test hit in top 427: 35.0 out of 56.0

ratio: 0.02, EF: 33.0357142857,	active: 56.0
ratio: 0.02, NEF: 0.660714285714
ratio: 0.01, EF: 62.5,	active: 56.0
ratio: 0.01, NEF: 0.625
ratio: 0.0015, EF: 238.095238095,	active: 56.0
ratio: 0.0015, NEF: 0.357142857143
ratio: 0.001, EF: 285.714285714,	active: 56.0
ratio: 0.001, NEF: 0.380952380952

