label_name_list  [u'PriA-SSB AS Activity']
train files  ['../datasets/keck_pria/fold_2.csv' '../datasets/keck_pria/fold_3.csv'
 '../datasets/keck_pria/fold_4.csv' '../datasets/keck_pria/fold_5.csv'
 '../datasets/keck_pria/fold_6.csv' '../datasets/keck_pria/fold_7.csv']
val files  ['../datasets/keck_pria/fold_0.csv']
test files  ['../datasets/keck_pria/fold_1.csv']
Class Weight  [{0: 1.0, 1: 771.25}]
Epoch 1/1000
Epoch training duration: 14.2302341461
Train	AUC[ROC]: 0.929620	AUC[PR]: 0.114274
Val	AUC[ROC]: 0.832815	AUC[PR]: 0.063728
Epoch evaluation duration: 106.090532064
Epoch duration: 120.320766211

Epoch 2/1000
Epoch training duration: 14.5019299984
Train	AUC[ROC]: 0.967812	AUC[PR]: 0.155655
Val	AUC[ROC]: 0.856430	AUC[PR]: 0.095628
Epoch evaluation duration: 106.052754879
Epoch duration: 120.554684877

Epoch 3/1000
Epoch training duration: 14.4497110844
Train	AUC[ROC]: 0.982522	AUC[PR]: 0.184571
Val	AUC[ROC]: 0.864118	AUC[PR]: 0.094092
Epoch evaluation duration: 106.213014841
Epoch duration: 120.662725925

Epoch 4/1000
Epoch training duration: 13.9906880856
Train	AUC[ROC]: 0.990273	AUC[PR]: 0.214564
Val	AUC[ROC]: 0.864440	AUC[PR]: 0.115902
Epoch evaluation duration: 105.092235088
Epoch duration: 119.082923174

Epoch 5/1000
Epoch training duration: 13.9621758461
Train	AUC[ROC]: 0.994552	AUC[PR]: 0.253706
Val	AUC[ROC]: 0.866658	AUC[PR]: 0.127773
Epoch evaluation duration: 106.056406021
Epoch duration: 120.018581867

Epoch 6/1000
Epoch training duration: 14.493432045
Train	AUC[ROC]: 0.996546	AUC[PR]: 0.293583
Val	AUC[ROC]: 0.868941	AUC[PR]: 0.137481
Epoch evaluation duration: 105.759081125
Epoch duration: 120.25251317

Epoch 7/1000
Epoch training duration: 14.3571858406
Train	AUC[ROC]: 0.997564	AUC[PR]: 0.339545
Val	AUC[ROC]: 0.870319	AUC[PR]: 0.136366
Epoch evaluation duration: 106.167910099
Epoch duration: 120.52509594

Epoch 8/1000
Epoch training duration: 14.4107809067
Train	AUC[ROC]: 0.998396	AUC[PR]: 0.393350
Val	AUC[ROC]: 0.866338	AUC[PR]: 0.147622
Epoch evaluation duration: 106.17208004
Epoch duration: 120.582860947

Epoch 9/1000
Epoch training duration: 14.2731769085
Train	AUC[ROC]: 0.998762	AUC[PR]: 0.430190
Val	AUC[ROC]: 0.866577	AUC[PR]: 0.149935
Epoch evaluation duration: 105.648691177
Epoch duration: 119.921868086

Epoch 10/1000
Epoch training duration: 13.8763139248
Train	AUC[ROC]: 0.999029	AUC[PR]: 0.464189
Val	AUC[ROC]: 0.865623	AUC[PR]: 0.178867
Epoch evaluation duration: 105.65812397
Epoch duration: 119.534437895

Epoch 11/1000
Epoch training duration: 14.6021239758
Train	AUC[ROC]: 0.999203	AUC[PR]: 0.501771
Val	AUC[ROC]: 0.864680	AUC[PR]: 0.178181
Epoch evaluation duration: 105.305865049
Epoch duration: 119.907989025

Epoch 12/1000
Epoch training duration: 14.563616991
Train	AUC[ROC]: 0.999366	AUC[PR]: 0.547840
Val	AUC[ROC]: 0.863152	AUC[PR]: 0.183500
Epoch evaluation duration: 106.784976006
Epoch duration: 121.348592997

Epoch 13/1000
Epoch training duration: 13.8787870407
Train	AUC[ROC]: 0.999452	AUC[PR]: 0.574006
Val	AUC[ROC]: 0.870061	AUC[PR]: 0.189089
Epoch evaluation duration: 106.504607916
Epoch duration: 120.383394957

Epoch 14/1000
Epoch training duration: 14.3395659924
Train	AUC[ROC]: 0.999530	AUC[PR]: 0.607676
Val	AUC[ROC]: 0.867788	AUC[PR]: 0.187159
Epoch evaluation duration: 106.346750021
Epoch duration: 120.686316013

Epoch 15/1000
Epoch training duration: 13.7801039219
Train	AUC[ROC]: 0.999628	AUC[PR]: 0.660255
Val	AUC[ROC]: 0.862119	AUC[PR]: 0.200229
Epoch evaluation duration: 106.930747032
Epoch duration: 120.710850954

Epoch 16/1000
Epoch training duration: 14.0097150803
Train	AUC[ROC]: 0.999659	AUC[PR]: 0.674477
Val	AUC[ROC]: 0.870161	AUC[PR]: 0.189638
Epoch evaluation duration: 106.885963917
Epoch duration: 120.895678997

Epoch 17/1000
Epoch training duration: 14.0029110909
Train	AUC[ROC]: 0.999703	AUC[PR]: 0.704346
Val	AUC[ROC]: 0.859338	AUC[PR]: 0.193462
Epoch evaluation duration: 107.680842876
Epoch duration: 121.683753967

Epoch 18/1000
Epoch training duration: 14.0588970184
Train	AUC[ROC]: 0.999740	AUC[PR]: 0.731662
Val	AUC[ROC]: 0.857881	AUC[PR]: 0.197565
Epoch evaluation duration: 106.74033308
Epoch duration: 120.799230099

Epoch 19/1000
Epoch training duration: 13.6151590347
Train	AUC[ROC]: 0.999765	AUC[PR]: 0.747430
Val	AUC[ROC]: 0.852057	AUC[PR]: 0.201420
Epoch evaluation duration: 106.307786942
Epoch duration: 119.922945976

Epoch 20/1000
Epoch training duration: 14.0022730827
Train	AUC[ROC]: 0.999804	AUC[PR]: 0.779025
Val	AUC[ROC]: 0.845613	AUC[PR]: 0.210379
Epoch evaluation duration: 106.722750902
Epoch duration: 120.725023985

Epoch 21/1000
Epoch training duration: 14.169852972
Train	AUC[ROC]: 0.999829	AUC[PR]: 0.798422
Val	AUC[ROC]: 0.849577	AUC[PR]: 0.212424
Epoch evaluation duration: 106.667020082
Epoch duration: 120.836873055

Epoch 22/1000
Epoch training duration: 14.6742389202
Train	AUC[ROC]: 0.999828	AUC[PR]: 0.801424
Val	AUC[ROC]: 0.840926	AUC[PR]: 0.215644
Epoch evaluation duration: 105.978989124
Epoch duration: 120.653228045

Epoch 23/1000
Epoch training duration: 14.3633959293
Train	AUC[ROC]: 0.999838	AUC[PR]: 0.809141
Val	AUC[ROC]: 0.834290	AUC[PR]: 0.225149
Epoch evaluation duration: 106.368340015
Epoch duration: 120.731735945

Epoch 24/1000
Epoch training duration: 13.8826069832
Train	AUC[ROC]: 0.999846	AUC[PR]: 0.819324
Val	AUC[ROC]: 0.829118	AUC[PR]: 0.230060
Epoch evaluation duration: 106.518270969
Epoch duration: 120.400877953

Epoch 25/1000
Epoch training duration: 14.1997849941
Train	AUC[ROC]: 0.999830	AUC[PR]: 0.807907
Val	AUC[ROC]: 0.834092	AUC[PR]: 0.229445
Epoch evaluation duration: 107.236132145
Epoch duration: 121.435917139

Epoch 26/1000
Epoch training duration: 14.3405439854
Train	AUC[ROC]: 0.999871	AUC[PR]: 0.855447
Val	AUC[ROC]: 0.839182	AUC[PR]: 0.229549
Epoch evaluation duration: 105.767668962
Epoch duration: 120.108212948

Epoch 27/1000
Epoch training duration: 14.4745910168
Train	AUC[ROC]: 0.999883	AUC[PR]: 0.868610
Val	AUC[ROC]: 0.823756	AUC[PR]: 0.234936
Epoch evaluation duration: 106.516635895
Epoch duration: 120.991226912

Epoch 28/1000
Epoch training duration: 14.8739571571
Train	AUC[ROC]: 0.999884	AUC[PR]: 0.860287
Val	AUC[ROC]: 0.817761	AUC[PR]: 0.234103
Epoch evaluation duration: 106.573971987
Epoch duration: 121.447929144

Epoch 29/1000
Epoch training duration: 14.3613939285
Train	AUC[ROC]: 0.999900	AUC[PR]: 0.878920
Val	AUC[ROC]: 0.821439	AUC[PR]: 0.233446
Epoch evaluation duration: 106.825440884
Epoch duration: 121.186834812

Epoch 30/1000
Epoch training duration: 14.3529531956
Train	AUC[ROC]: 0.999909	AUC[PR]: 0.893450
Val	AUC[ROC]: 0.812183	AUC[PR]: 0.231114
Epoch evaluation duration: 105.845763922
Epoch duration: 120.198717117

Epoch 31/1000
Epoch training duration: 14.2492909431
Train	AUC[ROC]: 0.999903	AUC[PR]: 0.884739
Val	AUC[ROC]: 0.828989	AUC[PR]: 0.244194
Epoch evaluation duration: 106.676285028
Epoch duration: 120.925575972

Epoch 32/1000
Epoch training duration: 14.4567959309
Train	AUC[ROC]: 0.999927	AUC[PR]: 0.911412
Val	AUC[ROC]: 0.821603	AUC[PR]: 0.234331
Epoch evaluation duration: 106.348548174
Epoch duration: 120.805344105

Epoch 33/1000
Epoch training duration: 14.4354329109
Train	AUC[ROC]: 0.999911	AUC[PR]: 0.892886
Val	AUC[ROC]: 0.837211	AUC[PR]: 0.234957
Epoch evaluation duration: 106.46393609
Epoch duration: 120.899369001

Epoch 34/1000
Epoch training duration: 14.3528058529
Train	AUC[ROC]: 0.999934	AUC[PR]: 0.921689
Val	AUC[ROC]: 0.806570	AUC[PR]: 0.233644
Epoch evaluation duration: 105.709223032
Epoch duration: 120.062028885

Epoch 35/1000
Epoch training duration: 14.3736181259
Train	AUC[ROC]: 0.999947	AUC[PR]: 0.931613
Val	AUC[ROC]: 0.806788	AUC[PR]: 0.244131
Epoch evaluation duration: 106.157005787
Epoch duration: 120.530623913

Epoch 36/1000
Epoch training duration: 14.2089891434
Train	AUC[ROC]: 0.999932	AUC[PR]: 0.915640
Val	AUC[ROC]: 0.817194	AUC[PR]: 0.239808
Epoch evaluation duration: 105.912826061
Epoch duration: 120.121815205

Epoch 37/1000
Epoch training duration: 14.1688528061
Train	AUC[ROC]: 0.999914	AUC[PR]: 0.894345
Val	AUC[ROC]: 0.820941	AUC[PR]: 0.232368
Epoch evaluation duration: 106.57489109
Epoch duration: 120.743743896

Epoch 38/1000
Epoch training duration: 14.288506031
Train	AUC[ROC]: 0.999932	AUC[PR]: 0.916436
Val	AUC[ROC]: 0.828254	AUC[PR]: 0.223332
Epoch evaluation duration: 106.276943922
Epoch duration: 120.565449953

Epoch 39/1000
Epoch training duration: 13.9936320782
Train	AUC[ROC]: 0.999956	AUC[PR]: 0.946960
Val	AUC[ROC]: 0.796520	AUC[PR]: 0.233772
Epoch evaluation duration: 106.711663008
Epoch duration: 120.705295086

Epoch 40/1000
Epoch training duration: 14.2154710293
Train	AUC[ROC]: 0.999942	AUC[PR]: 0.930605
Val	AUC[ROC]: 0.798448	AUC[PR]: 0.224985
Epoch evaluation duration: 105.953471899
Epoch duration: 120.168942928

Epoch 41/1000
Epoch training duration: 13.7374660969
Train	AUC[ROC]: 0.999906	AUC[PR]: 0.880852
Val	AUC[ROC]: 0.803521	AUC[PR]: 0.219605
Epoch evaluation duration: 106.363183022
Epoch duration: 120.100649118

Epoch 42/1000
Epoch training duration: 14.4618349075
Train	AUC[ROC]: 0.999949	AUC[PR]: 0.936365
Val	AUC[ROC]: 0.806460	AUC[PR]: 0.229920
Epoch evaluation duration: 103.887200117
Epoch duration: 118.349035025

Epoch 43/1000
Epoch training duration: 14.1812238693
Train	AUC[ROC]: 0.999963	AUC[PR]: 0.956291
Val	AUC[ROC]: 0.813279	AUC[PR]: 0.242030
Epoch evaluation duration: 106.857047081
Epoch duration: 121.03827095

Epoch 44/1000
Epoch training duration: 14.7415919304
Train	AUC[ROC]: 0.999959	AUC[PR]: 0.948617
Val	AUC[ROC]: 0.816080	AUC[PR]: 0.206274
Epoch evaluation duration: 105.017508984
Epoch duration: 119.759100914

Epoch 45/1000
Epoch training duration: 13.9696941376
Train	AUC[ROC]: 0.999969	AUC[PR]: 0.963920
Val	AUC[ROC]: 0.806730	AUC[PR]: 0.212684
Epoch evaluation duration: 106.417174816
Epoch duration: 120.386868954

Epoch 46/1000
Epoch training duration: 14.2548220158
Train	AUC[ROC]: 0.999977	AUC[PR]: 0.972321
Val	AUC[ROC]: 0.800905	AUC[PR]: 0.223482
Epoch evaluation duration: 105.59704113
Epoch duration: 119.851863146

Epoch 47/1000
Epoch training duration: 14.7003159523
Train	AUC[ROC]: 0.999982	AUC[PR]: 0.977458
Val	AUC[ROC]: 0.794243	AUC[PR]: 0.222028
Epoch evaluation duration: 106.666971922
Epoch duration: 121.367287874

Epoch 48/1000
Epoch training duration: 14.2482409477
Train	AUC[ROC]: 0.999983	AUC[PR]: 0.981601
Val	AUC[ROC]: 0.766356	AUC[PR]: 0.228311
Epoch evaluation duration: 106.28965807
Epoch duration: 120.537899017

Epoch 49/1000
Epoch training duration: 14.4101009369
Train	AUC[ROC]: 0.999982	AUC[PR]: 0.979250
Val	AUC[ROC]: 0.780635	AUC[PR]: 0.226340
Epoch evaluation duration: 107.19671917
Epoch duration: 121.606820107

Epoch 50/1000
Epoch training duration: 13.6891658306
Train	AUC[ROC]: 0.999985	AUC[PR]: 0.984239
Val	AUC[ROC]: 0.779810	AUC[PR]: 0.235631
Epoch evaluation duration: 106.163530111
Epoch duration: 119.852695942

Epoch 51/1000
Epoch training duration: 14.058357954
Train	AUC[ROC]: 0.999971	AUC[PR]: 0.965053
Val	AUC[ROC]: 0.775691	AUC[PR]: 0.231758
Epoch evaluation duration: 106.595926046
Epoch duration: 120.654284

Epoch 52/1000
Epoch training duration: 13.8939011097
Train	AUC[ROC]: 0.999980	AUC[PR]: 0.976000
Val	AUC[ROC]: 0.766828	AUC[PR]: 0.236338
Epoch evaluation duration: 107.052927971
Epoch duration: 120.946829081

Epoch 53/1000
Epoch training duration: 14.2920389175
Train	AUC[ROC]: 0.999955	AUC[PR]: 0.934150
Val	AUC[ROC]: 0.781210	AUC[PR]: 0.223619
Epoch evaluation duration: 106.592449903
Epoch duration: 120.884488821

Epoch 54/1000
Epoch training duration: 13.9141180515
Train	AUC[ROC]: 0.999969	AUC[PR]: 0.952261
Val	AUC[ROC]: 0.750906	AUC[PR]: 0.234977
Epoch evaluation duration: 106.696924925
Epoch duration: 120.611042976

Epoch 55/1000
Epoch training duration: 14.2607200146
Train	AUC[ROC]: 0.999974	AUC[PR]: 0.960152
Val	AUC[ROC]: 0.758596	AUC[PR]: 0.230754
Epoch evaluation duration: 106.145634174
Epoch duration: 120.406354189

Epoch 56/1000
Epoch training duration: 14.3116328716
Train	AUC[ROC]: 0.999977	AUC[PR]: 0.963663
Val	AUC[ROC]: 0.760167	AUC[PR]: 0.239888
Epoch evaluation duration: 93.1229910851
Epoch duration: 107.434623957

Epoch 57/1000
Epoch training duration: 13.8279988766
Train	AUC[ROC]: 0.999982	AUC[PR]: 0.969622
Val	AUC[ROC]: 0.758719	AUC[PR]: 0.238178
Epoch evaluation duration: 105.690917015
Epoch duration: 119.518915892

Epoch 58/1000
Epoch training duration: 14.2065060139
Train	AUC[ROC]: 0.999987	AUC[PR]: 0.975058
Val	AUC[ROC]: 0.746063	AUC[PR]: 0.236266
Epoch evaluation duration: 106.608603001
Epoch duration: 120.815109015

Epoch 59/1000
Epoch training duration: 13.9118180275
Train	AUC[ROC]: 0.999987	AUC[PR]: 0.976389
Val	AUC[ROC]: 0.760626	AUC[PR]: 0.209441
Epoch evaluation duration: 105.843600988
Epoch duration: 119.755419016

Epoch 60/1000
Epoch training duration: 13.9905121326
Train	AUC[ROC]: 0.999988	AUC[PR]: 0.978370
Val	AUC[ROC]: 0.746754	AUC[PR]: 0.229543
Epoch evaluation duration: 106.973853827
Epoch duration: 120.964365959

Epoch 61/1000
Epoch training duration: 13.9745090008
Train	AUC[ROC]: 0.999990	AUC[PR]: 0.981836
Val	AUC[ROC]: 0.748650	AUC[PR]: 0.243255
Epoch evaluation duration: 106.881846189
Epoch duration: 120.85635519

Epoch 62/1000
Epoch training duration: 13.9442629814
Train	AUC[ROC]: 0.999992	AUC[PR]: 0.983670
Val	AUC[ROC]: 0.747347	AUC[PR]: 0.235225
Epoch evaluation duration: 107.785957813
Epoch duration: 121.730220795

Epoch 63/1000
Epoch training duration: 14.4830200672
Train	AUC[ROC]: 0.999989	AUC[PR]: 0.981747
Val	AUC[ROC]: 0.748192	AUC[PR]: 0.235067
Epoch evaluation duration: 106.166290045
Epoch duration: 120.649310112

Epoch 64/1000
Epoch training duration: 14.0443060398
Train	AUC[ROC]: 0.999979	AUC[PR]: 0.972685
Val	AUC[ROC]: 0.767671	AUC[PR]: 0.252129
Epoch evaluation duration: 106.621175051
Epoch duration: 120.665481091

Epoch 65/1000
Epoch training duration: 14.5132169724
Train	AUC[ROC]: 0.999980	AUC[PR]: 0.968360
Val	AUC[ROC]: 0.761872	AUC[PR]: 0.214104
Epoch evaluation duration: 105.263334036
Epoch duration: 119.776551008

Epoch 66/1000
Epoch training duration: 14.3356688023
Train	AUC[ROC]: 0.999982	AUC[PR]: 0.964240
Val	AUC[ROC]: 0.753706	AUC[PR]: 0.227733
Epoch evaluation duration: 107.120226145
Epoch duration: 121.455894947

Epoch 67/1000
Epoch training duration: 14.5875279903
Train	AUC[ROC]: 0.999980	AUC[PR]: 0.964920
Val	AUC[ROC]: 0.735045	AUC[PR]: 0.197953
Epoch evaluation duration: 105.11134696
Epoch duration: 119.69887495

Epoch 68/1000
Epoch training duration: 14.8579630852
Train	AUC[ROC]: 0.999977	AUC[PR]: 0.964443
Val	AUC[ROC]: 0.769306	AUC[PR]: 0.183937
Epoch evaluation duration: 106.660125971
Epoch duration: 121.518089056

Epoch 69/1000
Epoch training duration: 14.848252058
Train	AUC[ROC]: 0.999980	AUC[PR]: 0.966947
Val	AUC[ROC]: 0.724582	AUC[PR]: 0.197356
Epoch evaluation duration: 101.503145933
Epoch duration: 116.351397991

Epoch 70/1000
Epoch training duration: 12.6093988419
Train	AUC[ROC]: 0.999980	AUC[PR]: 0.967745
Val	AUC[ROC]: 0.745159	AUC[PR]: 0.192208
Epoch evaluation duration: 97.0469601154
Epoch duration: 109.656358957

Epoch 71/1000
Epoch training duration: 15.0524089336
Train	AUC[ROC]: 0.999983	AUC[PR]: 0.973319
Val	AUC[ROC]: 0.722246	AUC[PR]: 0.199169
Epoch evaluation duration: 104.733488083
Epoch duration: 119.785897017

Epoch 72/1000
Epoch training duration: 15.0627129078
Train	AUC[ROC]: 0.999985	AUC[PR]: 0.973795
Val	AUC[ROC]: 0.710304	AUC[PR]: 0.204395
Epoch evaluation duration: 106.579454184
Epoch duration: 121.642167091

Epoch 73/1000
Epoch training duration: 14.6253259182
Train	AUC[ROC]: 0.999977	AUC[PR]: 0.962574
Val	AUC[ROC]: 0.753441	AUC[PR]: 0.184568
Epoch evaluation duration: 105.478510857
Epoch duration: 120.103836775

Epoch 74/1000
Epoch training duration: 14.4414570332
Train	AUC[ROC]: 0.999977	AUC[PR]: 0.963866
Val	AUC[ROC]: 0.725940	AUC[PR]: 0.183667
Epoch evaluation duration: 106.388997078
Epoch duration: 120.830454111

Epoch 75/1000
Epoch training duration: 14.3427779675
Train	AUC[ROC]: 0.999977	AUC[PR]: 0.960711
Val	AUC[ROC]: 0.706548	AUC[PR]: 0.189965
Epoch evaluation duration: 105.762850046
Epoch duration: 120.105628014

Epoch 76/1000
Epoch training duration: 14.1267259121
Train	AUC[ROC]: 0.999980	AUC[PR]: 0.969803
Val	AUC[ROC]: 0.705767	AUC[PR]: 0.188064
Epoch evaluation duration: 107.264432192
Epoch duration: 121.391158104

Epoch 77/1000
Epoch training duration: 14.2016158104
Train	AUC[ROC]: 0.999981	AUC[PR]: 0.972049
Val	AUC[ROC]: 0.692553	AUC[PR]: 0.184964
Epoch evaluation duration: 105.926413059
Epoch duration: 120.12802887

Epoch 78/1000
Epoch training duration: 14.1929860115
Train	AUC[ROC]: 0.999986	AUC[PR]: 0.980047
Val	AUC[ROC]: 0.677185	AUC[PR]: 0.186415
Epoch evaluation duration: 107.824882984
Epoch duration: 122.017868996

Epoch 79/1000
Epoch training duration: 14.2880470753
Train	AUC[ROC]: 0.999988	AUC[PR]: 0.982343
Val	AUC[ROC]: 0.686498	AUC[PR]: 0.194406
Epoch evaluation duration: 105.287132025
Epoch duration: 119.5751791

Epoch 80/1000
Epoch training duration: 14.4393229485
Train	AUC[ROC]: 0.999990	AUC[PR]: 0.983873
Val	AUC[ROC]: 0.684702	AUC[PR]: 0.191584
Epoch evaluation duration: 106.750339985
Epoch duration: 121.189662933

Epoch 81/1000
Epoch training duration: 14.7302899361
Train	AUC[ROC]: 0.999982	AUC[PR]: 0.971039
Val	AUC[ROC]: 0.708410	AUC[PR]: 0.168345
Epoch evaluation duration: 105.490123987
Epoch duration: 120.220413923

Epoch 82/1000
Epoch training duration: 14.5034720898
Train	AUC[ROC]: 0.999986	AUC[PR]: 0.978579
Val	AUC[ROC]: 0.690747	AUC[PR]: 0.181090
Epoch evaluation duration: 106.313539028
Epoch duration: 120.817011118

Epoch 83/1000
Epoch training duration: 14.17273283
Train	AUC[ROC]: 0.999990	AUC[PR]: 0.983531
Val	AUC[ROC]: 0.698993	AUC[PR]: 0.189736
Epoch evaluation duration: 105.054891109
Epoch duration: 119.22762394

Epoch 84/1000
Epoch training duration: 14.2631490231
Train	AUC[ROC]: 0.999992	AUC[PR]: 0.983970
Val	AUC[ROC]: 0.676604	AUC[PR]: 0.189393
Epoch evaluation duration: 106.362282038
Epoch duration: 120.625431061

Epoch 85/1000
Epoch training duration: 13.6721508503
Train	AUC[ROC]: 0.999991	AUC[PR]: 0.983928
Val	AUC[ROC]: 0.685145	AUC[PR]: 0.179778
Epoch evaluation duration: 106.716166019
Epoch duration: 120.38831687

Epoch 86/1000
Epoch training duration: 14.9570360184
Train	AUC[ROC]: 0.999992	AUC[PR]: 0.984162
Val	AUC[ROC]: 0.672423	AUC[PR]: 0.172910
Epoch evaluation duration: 106.266648054
Epoch duration: 121.223684072

Epoch 87/1000
Epoch training duration: 13.5271089077
Train	AUC[ROC]: 0.999991	AUC[PR]: 0.983529
Val	AUC[ROC]: 0.675041	AUC[PR]: 0.173561
Epoch evaluation duration: 107.100213051
Epoch duration: 120.627321959

Epoch 88/1000
Epoch training duration: 14.4532821178
Train	AUC[ROC]: 0.999992	AUC[PR]: 0.985407
Val	AUC[ROC]: 0.667710	AUC[PR]: 0.193167
Epoch evaluation duration: 105.90426302
Epoch duration: 120.357545137

Epoch 89/1000
Epoch training duration: 14.4750528336
Train	AUC[ROC]: 0.999989	AUC[PR]: 0.979517
Val	AUC[ROC]: 0.688100	AUC[PR]: 0.193467
Epoch evaluation duration: 105.568230152
Epoch duration: 120.043282986

Epoch 90/1000
Epoch training duration: 14.8034999371
Train	AUC[ROC]: 0.999990	AUC[PR]: 0.981541
Val	AUC[ROC]: 0.676987	AUC[PR]: 0.186634
Epoch evaluation duration: 105.859405041
Epoch duration: 120.662904978

Epoch 91/1000
Epoch training duration: 14.3245818615
Train	AUC[ROC]: 0.999984	AUC[PR]: 0.975337
Val	AUC[ROC]: 0.701537	AUC[PR]: 0.161440
Epoch evaluation duration: 107.04401207
Epoch duration: 121.368593931

Epoch 92/1000
Epoch training duration: 14.2922310829
Train	AUC[ROC]: 0.999989	AUC[PR]: 0.982122
Val	AUC[ROC]: 0.691208	AUC[PR]: 0.170738
Epoch evaluation duration: 105.596010923
Epoch duration: 119.888242006

Epoch 93/1000
Epoch training duration: 14.6886000633
Train	AUC[ROC]: 0.999988	AUC[PR]: 0.978442
Val	AUC[ROC]: 0.712974	AUC[PR]: 0.185426
Epoch evaluation duration: 107.195164919
Epoch duration: 121.883764982

Epoch 94/1000
Epoch training duration: 14.0884599686
Train	AUC[ROC]: 0.999988	AUC[PR]: 0.980743
Val	AUC[ROC]: 0.714801	AUC[PR]: 0.190617
Epoch evaluation duration: 105.802483082
Epoch duration: 119.89094305

Epoch 95/1000
Epoch training duration: 14.6050519943
Train	AUC[ROC]: 0.999990	AUC[PR]: 0.981490
Val	AUC[ROC]: 0.711423	AUC[PR]: 0.190171
Epoch evaluation duration: 107.261792898
Epoch duration: 121.866844893

Epoch 96/1000
Epoch training duration: 14.2633850574
Train	AUC[ROC]: 0.999990	AUC[PR]: 0.983269
Val	AUC[ROC]: 0.710280	AUC[PR]: 0.185806
Epoch evaluation duration: 105.690480947
Epoch duration: 119.953866005

Epoch 97/1000
Epoch training duration: 14.7432730198
Train	AUC[ROC]: 0.999991	AUC[PR]: 0.985313
Val	AUC[ROC]: 0.700580	AUC[PR]: 0.184279
Epoch evaluation duration: 106.637118101
Epoch duration: 121.380391121

Epoch 98/1000
Epoch training duration: 14.2482759953
Train	AUC[ROC]: 0.999989	AUC[PR]: 0.981902
Val	AUC[ROC]: 0.721929	AUC[PR]: 0.183758
Epoch evaluation duration: 105.073642969
Epoch duration: 119.321918964

Epoch 99/1000
Epoch training duration: 14.7050619125
Train	AUC[ROC]: 0.999992	AUC[PR]: 0.986637
Val	AUC[ROC]: 0.708256	AUC[PR]: 0.178754
Epoch evaluation duration: 107.565709114
Epoch duration: 122.270771027

Epoch 100/1000
Epoch training duration: 14.3115649223
Train	AUC[ROC]: 0.999993	AUC[PR]: 0.987605
Val	AUC[ROC]: 0.692327	AUC[PR]: 0.183804
Epoch evaluation duration: 104.415235043
Epoch duration: 118.726799965

Epoch 101/1000
Epoch training duration: 14.2882480621
Train	AUC[ROC]: 0.999993	AUC[PR]: 0.987452
Val	AUC[ROC]: 0.680197	AUC[PR]: 0.180120
Epoch evaluation duration: 107.188751936
Epoch duration: 121.476999998

Epoch 102/1000
Epoch training duration: 14.2510778904
Train	AUC[ROC]: 0.999993	AUC[PR]: 0.988284
Val	AUC[ROC]: 0.687843	AUC[PR]: 0.197994
Epoch evaluation duration: 105.883290052
Epoch duration: 120.134367943

Epoch 103/1000
Epoch training duration: 14.4801721573
Train	AUC[ROC]: 0.999994	AUC[PR]: 0.991025
Val	AUC[ROC]: 0.688399	AUC[PR]: 0.184017
Epoch evaluation duration: 107.733208895
Epoch duration: 122.213381052

Epoch 104/1000
Epoch training duration: 14.2505640984
Train	AUC[ROC]: 0.999992	AUC[PR]: 0.988028
Val	AUC[ROC]: 0.706020	AUC[PR]: 0.177096
Epoch evaluation duration: 105.782619953
Epoch duration: 120.033184052

Epoch 105/1000
Epoch training duration: 14.7302000523
Train	AUC[ROC]: 0.999993	AUC[PR]: 0.988774
Val	AUC[ROC]: 0.684137	AUC[PR]: 0.170859
Epoch evaluation duration: 105.546936989
Epoch duration: 120.277137041

Epoch 106/1000
Epoch training duration: 14.1851689816
Train	AUC[ROC]: 0.999995	AUC[PR]: 0.992568
Val	AUC[ROC]: 0.670808	AUC[PR]: 0.164302
Epoch evaluation duration: 106.526388884
Epoch duration: 120.711557865

Epoch 107/1000
Epoch training duration: 14.2072300911
Train	AUC[ROC]: 0.999994	AUC[PR]: 0.989914
Val	AUC[ROC]: 0.683727	AUC[PR]: 0.168891
Epoch evaluation duration: 106.326024055
Epoch duration: 120.533254147

Epoch 108/1000
Epoch training duration: 14.2460768223
Train	AUC[ROC]: 0.999993	AUC[PR]: 0.990948
Val	AUC[ROC]: 0.679309	AUC[PR]: 0.174665
Epoch evaluation duration: 105.416368008
Epoch duration: 119.66244483

Epoch 109/1000
Epoch training duration: 14.6321451664
Train	AUC[ROC]: 0.999991	AUC[PR]: 0.985666
Val	AUC[ROC]: 0.672711	AUC[PR]: 0.176065
Epoch evaluation duration: 105.794072866
Epoch duration: 120.426218033

Epoch 110/1000
Epoch training duration: 13.9564299583
Train	AUC[ROC]: 0.999990	AUC[PR]: 0.984429
Val	AUC[ROC]: 0.698834	AUC[PR]: 0.177600
Epoch evaluation duration: 105.768604994
Epoch duration: 119.725034952

Epoch 111/1000
Epoch training duration: 14.3494269848
Train	AUC[ROC]: 0.999993	AUC[PR]: 0.988458
Val	AUC[ROC]: 0.678647	AUC[PR]: 0.173747
Epoch evaluation duration: 106.718703985
Epoch duration: 121.06813097

Epoch 112/1000
Epoch training duration: 14.6464090347
Train	AUC[ROC]: 0.999991	AUC[PR]: 0.984775
Val	AUC[ROC]: 0.714529	AUC[PR]: 0.161713
Epoch evaluation duration: 105.99377203
Epoch duration: 120.640181065

Epoch 113/1000
Epoch training duration: 14.84871912
Train	AUC[ROC]: 0.999993	AUC[PR]: 0.988974
Val	AUC[ROC]: 0.679254	AUC[PR]: 0.160486
Epoch evaluation duration: 106.677245855
Epoch duration: 121.525964975

Epoch 114/1000
Epoch training duration: 14.603331089
Train	AUC[ROC]: 0.999992	AUC[PR]: 0.988577
Val	AUC[ROC]: 0.683731	AUC[PR]: 0.168226
Epoch evaluation duration: 104.335249901
Epoch duration: 118.93858099

Epoch 115/1000
Epoch training duration: 14.2971770763
Train	AUC[ROC]: 0.999993	AUC[PR]: 0.988710
Val	AUC[ROC]: 0.685595	AUC[PR]: 0.170751
Epoch evaluation duration: 106.463203907
Epoch duration: 120.760380983

Epoch 116/1000
Epoch training duration: 14.4046239853
Train	AUC[ROC]: 0.999991	AUC[PR]: 0.983907
Val	AUC[ROC]: 0.681625	AUC[PR]: 0.162539
Epoch evaluation duration: 105.893994093
Epoch duration: 120.298618078

Epoch 117/1000
Epoch training duration: 14.2018101215
Train	AUC[ROC]: 0.999993	AUC[PR]: 0.988509
Val	AUC[ROC]: 0.681660	AUC[PR]: 0.170428
Epoch evaluation duration: 105.844155788
Epoch duration: 120.04596591

Epoch 118/1000
Epoch training duration: 14.4882860184
Train	AUC[ROC]: 0.999991	AUC[PR]: 0.984778
Val	AUC[ROC]: 0.663151	AUC[PR]: 0.167027
Epoch evaluation duration: 106.000872135
Epoch duration: 120.489158154

Epoch 119/1000
Epoch training duration: 14.3911290169
Train	AUC[ROC]: 0.999992	AUC[PR]: 0.987212
Val	AUC[ROC]: 0.688820	AUC[PR]: 0.181281
Epoch evaluation duration: 106.127738953
Epoch duration: 120.51886797

Epoch 120/1000
Epoch training duration: 14.3022890091
Train	AUC[ROC]: 0.999992	AUC[PR]: 0.987375
Val	AUC[ROC]: 0.680935	AUC[PR]: 0.189470
Epoch evaluation duration: 105.720350981
Epoch duration: 120.02263999

Epoch 121/1000
Epoch training duration: 14.0893890858
Train	AUC[ROC]: 0.999993	AUC[PR]: 0.989524
Val	AUC[ROC]: 0.667486	AUC[PR]: 0.188064
Epoch evaluation duration: 106.389271975
Epoch duration: 120.47866106

Epoch 122/1000
Epoch training duration: 14.0780320168
Train	AUC[ROC]: 0.999993	AUC[PR]: 0.988257
Val	AUC[ROC]: 0.654224	AUC[PR]: 0.183007
Epoch evaluation duration: 106.627115965
Epoch duration: 120.705147982

Epoch 123/1000
Epoch training duration: 14.340720892
Train	AUC[ROC]: 0.999988	AUC[PR]: 0.979755
Val	AUC[ROC]: 0.702821	AUC[PR]: 0.153171
Epoch evaluation duration: 105.343846083
Epoch duration: 119.684566975

Epoch 124/1000
Epoch training duration: 14.1798369884
Train	AUC[ROC]: 0.999988	AUC[PR]: 0.979292
Val	AUC[ROC]: 0.661836	AUC[PR]: 0.150728
Epoch evaluation duration: 106.464180946
Epoch duration: 120.644017935

Epoch 125/1000
Epoch training duration: 14.4329900742
Train	AUC[ROC]: 0.999990	AUC[PR]: 0.983231
Val	AUC[ROC]: 0.654849	AUC[PR]: 0.147516
Epoch evaluation duration: 105.017699003
Epoch duration: 119.450689077

Epoch 126/1000
Epoch training duration: 13.9543120861
Train	AUC[ROC]: 0.999992	AUC[PR]: 0.987449
Val	AUC[ROC]: 0.686590	AUC[PR]: 0.147845
Epoch evaluation duration: 106.516953945
Epoch duration: 120.471266031

Epoch 127/1000
Epoch training duration: 14.3307299614
Train	AUC[ROC]: 0.999992	AUC[PR]: 0.986907
Val	AUC[ROC]: 0.688498	AUC[PR]: 0.152005
Epoch evaluation duration: 106.611636877
Epoch duration: 120.942366838

Epoch 128/1000
Epoch training duration: 13.9691181183
Train	AUC[ROC]: 0.999992	AUC[PR]: 0.986935
Val	AUC[ROC]: 0.698874	AUC[PR]: 0.149535
Epoch evaluation duration: 106.74149394
Epoch duration: 120.710612059

Epoch 129/1000
Epoch training duration: 13.8100321293
Train	AUC[ROC]: 0.999990	AUC[PR]: 0.983450
Val	AUC[ROC]: 0.699957	AUC[PR]: 0.150357
Epoch evaluation duration: 106.72921896
Epoch duration: 120.539251089

Epoch 130/1000
Epoch training duration: 14.1817278862
Train	AUC[ROC]: 0.999989	AUC[PR]: 0.982371
Val	AUC[ROC]: 0.682995	AUC[PR]: 0.156123
Epoch evaluation duration: 97.2268979549
Epoch duration: 111.408625841

Epoch 131/1000
Epoch training duration: 12.1237740517
Train	AUC[ROC]: 0.999987	AUC[PR]: 0.978929
Val	AUC[ROC]: 0.689410	AUC[PR]: 0.161992
Epoch evaluation duration: 102.377897978
Epoch duration: 114.501672029

Epoch 132/1000
Epoch training duration: 14.531001091
Train	AUC[ROC]: 0.999987	AUC[PR]: 0.978938
Val	AUC[ROC]: 0.682529	AUC[PR]: 0.170789
Epoch evaluation duration: 106.385313034
Epoch duration: 120.916314125

Epoch 133/1000
Epoch training duration: 14.1607139111
Train	AUC[ROC]: 0.999987	AUC[PR]: 0.979752
Val	AUC[ROC]: 0.699340	AUC[PR]: 0.170891
Epoch evaluation duration: 105.915240049
Epoch duration: 120.07595396

Epoch 134/1000
Epoch training duration: 14.2849071026
Train	AUC[ROC]: 0.999988	AUC[PR]: 0.981746
Val	AUC[ROC]: 0.697760	AUC[PR]: 0.164966
Epoch evaluation duration: 105.18164897
Epoch duration: 119.466556072

Epoch 135/1000
Epoch training duration: 13.7811219692
Train	AUC[ROC]: 0.999989	AUC[PR]: 0.983930
Val	AUC[ROC]: 0.716208	AUC[PR]: 0.163686
Epoch evaluation duration: 104.455518007
Epoch duration: 118.236639977

Epoch 136/1000
Epoch training duration: 14.6364529133
Train	AUC[ROC]: 0.999989	AUC[PR]: 0.982527
Val	AUC[ROC]: 0.679690	AUC[PR]: 0.149207
Epoch evaluation duration: 105.668211937
Epoch duration: 120.30466485

Epoch 137/1000
Epoch training duration: 14.6154181957
Train	AUC[ROC]: 0.999991	AUC[PR]: 0.986048
Val	AUC[ROC]: 0.684623	AUC[PR]: 0.150841
Epoch evaluation duration: 105.799729824
Epoch duration: 120.41514802

Epoch 138/1000
Epoch training duration: 14.2700221539
Train	AUC[ROC]: 0.999992	AUC[PR]: 0.986998
Val	AUC[ROC]: 0.669537	AUC[PR]: 0.147535
Epoch evaluation duration: 104.776024818
Epoch duration: 119.046046972

Epoch 139/1000
Epoch training duration: 14.5921831131
Train	AUC[ROC]: 0.999992	AUC[PR]: 0.987319
Val	AUC[ROC]: 0.670785	AUC[PR]: 0.148812
Epoch evaluation duration: 105.143225908
Epoch duration: 119.735409021

Epoch 140/1000
Epoch training duration: 14.6212170124
Train	AUC[ROC]: 0.999990	AUC[PR]: 0.983534
Val	AUC[ROC]: 0.671498	AUC[PR]: 0.153057
Epoch evaluation duration: 105.267616987
Epoch duration: 119.888834

Epoch 141/1000
Epoch training duration: 13.968624115
Train	AUC[ROC]: 0.999990	AUC[PR]: 0.983930
Val	AUC[ROC]: 0.665538	AUC[PR]: 0.159805
Epoch evaluation duration: 104.51484704
Epoch duration: 118.483471155

Epoch 142/1000
Epoch training duration: 14.6214778423
Train	AUC[ROC]: 0.999990	AUC[PR]: 0.985098
Val	AUC[ROC]: 0.678666	AUC[PR]: 0.167030
Epoch evaluation duration: 104.905693054
Epoch duration: 119.527170897

Epoch 143/1000
Epoch training duration: 14.0434110165
Train	AUC[ROC]: 0.999990	AUC[PR]: 0.984140
Val	AUC[ROC]: 0.661111	AUC[PR]: 0.161025
Epoch evaluation duration: 104.289935112
Epoch duration: 118.333346128

Epoch 144/1000
Epoch training duration: 14.1602649689
Train	AUC[ROC]: 0.999990	AUC[PR]: 0.985163
Val	AUC[ROC]: 0.668858	AUC[PR]: 0.155654
Epoch evaluation duration: 104.407228947
Epoch duration: 118.567493916

Epoch 145/1000
Epoch training duration: 13.9742369652
Train	AUC[ROC]: 0.999990	AUC[PR]: 0.984939
Val	AUC[ROC]: 0.661036	AUC[PR]: 0.158434
Epoch evaluation duration: 104.292145967
Epoch duration: 118.266382933

Epoch 146/1000
Epoch training duration: 14.301322937
Train	AUC[ROC]: 0.999990	AUC[PR]: 0.984806
Val	AUC[ROC]: 0.668763	AUC[PR]: 0.165063
Epoch evaluation duration: 105.345497131
Epoch duration: 119.646820068

Epoch 147/1000
Epoch training duration: 14.409236908
Train	AUC[ROC]: 0.999990	AUC[PR]: 0.984835
Val	AUC[ROC]: 0.664073	AUC[PR]: 0.173733
Epoch evaluation duration: 104.330666065
Epoch duration: 118.739902973

Epoch 148/1000
Epoch training duration: 13.8212249279
Train	AUC[ROC]: 0.999992	AUC[PR]: 0.987739
Val	AUC[ROC]: 0.650447	AUC[PR]: 0.166232
Epoch evaluation duration: 106.085935116
Epoch duration: 119.907160044

Epoch 149/1000
Epoch training duration: 14.708894968
Train	AUC[ROC]: 0.999993	AUC[PR]: 0.988413
Val	AUC[ROC]: 0.646915	AUC[PR]: 0.170341
Epoch evaluation duration: 105.234797001
Epoch duration: 119.943691969

Epoch 150/1000
Epoch training duration: 14.1638729572
Train	AUC[ROC]: 0.999995	AUC[PR]: 0.992305
Val	AUC[ROC]: 0.645770	AUC[PR]: 0.172468
Epoch evaluation duration: 106.108613968
Epoch duration: 120.272486925

Epoch 151/1000
Epoch training duration: 13.6652801037
Train	AUC[ROC]: 0.999983	AUC[PR]: 0.975739
Val	AUC[ROC]: 0.680438	AUC[PR]: 0.133097
Epoch evaluation duration: 105.739027977
Epoch duration: 119.404308081

Epoch 152/1000
Epoch training duration: 13.9856500626
Train	AUC[ROC]: 0.999992	AUC[PR]: 0.987766
Val	AUC[ROC]: 0.672088	AUC[PR]: 0.154816
Epoch evaluation duration: 106.85651803
Epoch duration: 120.842168093

Epoch 153/1000
Epoch training duration: 13.6584639549
Train	AUC[ROC]: 0.999990	AUC[PR]: 0.983969
Val	AUC[ROC]: 0.665302	AUC[PR]: 0.157095
Epoch evaluation duration: 104.577785015
Epoch duration: 118.23624897

Epoch 154/1000
Epoch training duration: 13.6090359688
Train	AUC[ROC]: 0.999990	AUC[PR]: 0.984742
Val	AUC[ROC]: 0.693716	AUC[PR]: 0.169605
Epoch evaluation duration: 105.484714031
Epoch duration: 119.09375

Epoch 155/1000
Epoch training duration: 14.0841379166
Train	AUC[ROC]: 0.999990	AUC[PR]: 0.984734
Val	AUC[ROC]: 0.708954	AUC[PR]: 0.170002
Epoch evaluation duration: 104.4309659
Epoch duration: 118.515103817

Epoch 156/1000
Epoch training duration: 13.6923451424
Train	AUC[ROC]: 0.999990	AUC[PR]: 0.983736
Val	AUC[ROC]: 0.690094	AUC[PR]: 0.162440
Epoch evaluation duration: 105.346930981
Epoch duration: 119.039276123

Epoch 157/1000
Epoch training duration: 13.7005460262
Train	AUC[ROC]: 0.999990	AUC[PR]: 0.984893
Val	AUC[ROC]: 0.695360	AUC[PR]: 0.175637
Epoch evaluation duration: 105.72932601
Epoch duration: 119.429872036

Epoch 158/1000
Epoch training duration: 14.1993689537
Train	AUC[ROC]: 0.999992	AUC[PR]: 0.987412
Val	AUC[ROC]: 0.678192	AUC[PR]: 0.162906
Epoch evaluation duration: 105.506400108
Epoch duration: 119.705769062

Epoch 159/1000
Epoch training duration: 13.8774240017
Train	AUC[ROC]: 0.999992	AUC[PR]: 0.988113
Val	AUC[ROC]: 0.672560	AUC[PR]: 0.157952
Epoch evaluation duration: 104.137827873
Epoch duration: 118.015251875

Epoch 160/1000
Epoch training duration: 14.3172399998
Train	AUC[ROC]: 0.999993	AUC[PR]: 0.988617
Val	AUC[ROC]: 0.671067	AUC[PR]: 0.154213
Epoch evaluation duration: 105.622729063
Epoch duration: 119.939969063

Epoch 161/1000
Epoch training duration: 14.3287849426
Train	AUC[ROC]: 0.999964	AUC[PR]: 0.956445
Val	AUC[ROC]: 0.722964	AUC[PR]: 0.086545
Epoch evaluation duration: 104.752752066
Epoch duration: 119.081537008

Epoch 162/1000
Epoch training duration: 14.1873660088
Train	AUC[ROC]: 0.999986	AUC[PR]: 0.978835
Val	AUC[ROC]: 0.731310	AUC[PR]: 0.137404
Epoch evaluation duration: 104.272097826
Epoch duration: 118.459463835

Epoch 163/1000
Epoch training duration: 14.2011930943
Train	AUC[ROC]: 0.999985	AUC[PR]: 0.976739
Val	AUC[ROC]: 0.706677	AUC[PR]: 0.123868
Epoch evaluation duration: 105.21280098
Epoch duration: 119.413994074

Epoch 164/1000
Epoch training duration: 14.5801889896
Train	AUC[ROC]: 0.999984	AUC[PR]: 0.975858
Val	AUC[ROC]: 0.714361	AUC[PR]: 0.121087
Epoch evaluation duration: 105.606848955
Epoch duration: 120.187037945

Epoch 165/1000
Epoch training duration: 14.5694169998
Train	AUC[ROC]: 0.999987	AUC[PR]: 0.979560
Val	AUC[ROC]: 0.710797	AUC[PR]: 0.125334
Epoch evaluation duration: 105.18712616
Epoch duration: 119.756543159

Epoch 166/1000
Epoch training duration: 14.0992808342
Train	AUC[ROC]: 0.999986	AUC[PR]: 0.978529
Val	AUC[ROC]: 0.701433	AUC[PR]: 0.124882
Epoch evaluation duration: 103.802457094
Epoch duration: 117.901737928

Epoch 167/1000
Epoch training duration: 14.6342039108
Train	AUC[ROC]: 0.999987	AUC[PR]: 0.979427
Val	AUC[ROC]: 0.701045	AUC[PR]: 0.119109
Epoch evaluation duration: 105.298421144
Epoch duration: 119.932625055

Epoch 168/1000
Epoch training duration: 13.8301758766
Train	AUC[ROC]: 0.999987	AUC[PR]: 0.979031
Val	AUC[ROC]: 0.707824	AUC[PR]: 0.122959
Epoch evaluation duration: 104.815050125
Epoch duration: 118.645226002

Epoch 169/1000
Epoch training duration: 13.9479260445
Train	AUC[ROC]: 0.999987	AUC[PR]: 0.979428
Val	AUC[ROC]: 0.696273	AUC[PR]: 0.119743
Epoch evaluation duration: 105.352953911
Epoch duration: 119.300879955

Epoch 170/1000
Epoch training duration: 14.5687289238
Train	AUC[ROC]: 0.999987	AUC[PR]: 0.979872
Val	AUC[ROC]: 0.740146	AUC[PR]: 0.124861
Epoch evaluation duration: 106.326065063
Epoch duration: 120.894793987

Epoch 171/1000
Epoch training duration: 14.3557620049
Train	AUC[ROC]: 0.999981	AUC[PR]: 0.971987
Val	AUC[ROC]: 0.751390	AUC[PR]: 0.091624
Epoch evaluation duration: 106.053313971
Epoch duration: 120.409075975

Epoch 172/1000
Epoch training duration: 14.3281919956
Train	AUC[ROC]: 0.999985	AUC[PR]: 0.977193
Val	AUC[ROC]: 0.722428	AUC[PR]: 0.100152
Epoch evaluation duration: 105.198712111
Epoch duration: 119.526904106

Epoch 173/1000
Epoch training duration: 13.4352378845
Train	AUC[ROC]: 0.999986	AUC[PR]: 0.977857
Val	AUC[ROC]: 0.708483	AUC[PR]: 0.106464
Epoch evaluation duration: 105.473170042
Epoch duration: 118.908407927

Epoch 174/1000
Epoch training duration: 14.2285189629
Train	AUC[ROC]: 0.999987	AUC[PR]: 0.979568
Val	AUC[ROC]: 0.712721	AUC[PR]: 0.107300
Epoch evaluation duration: 104.933526993
Epoch duration: 119.162045956

Epoch 175/1000
Epoch training duration: 14.1896779537
Train	AUC[ROC]: 0.999987	AUC[PR]: 0.980283
Val	AUC[ROC]: 0.740428	AUC[PR]: 0.100668
Epoch evaluation duration: 105.480872154
Epoch duration: 119.670550108

Epoch 176/1000
Epoch training duration: 14.1783339977
Train	AUC[ROC]: 0.999987	AUC[PR]: 0.979135
Val	AUC[ROC]: 0.721314	AUC[PR]: 0.108723
Epoch evaluation duration: 104.852551937
Epoch duration: 119.030885935

Epoch 177/1000
Epoch training duration: 14.376447916
Train	AUC[ROC]: 0.999987	AUC[PR]: 0.979347
Val	AUC[ROC]: 0.709698	AUC[PR]: 0.112655
Epoch evaluation duration: 107.295799971
Epoch duration: 121.672247887

Epoch 178/1000
Epoch training duration: 14.473097086
Train	AUC[ROC]: 0.999987	AUC[PR]: 0.978894
Val	AUC[ROC]: 0.705908	AUC[PR]: 0.114388
Epoch evaluation duration: 104.055360079
Epoch duration: 118.528457165

Epoch 179/1000
Epoch training duration: 14.2855620384
Train	AUC[ROC]: 0.999987	AUC[PR]: 0.979365
Val	AUC[ROC]: 0.705300	AUC[PR]: 0.121073
Epoch evaluation duration: 105.370445013
Epoch duration: 119.656007051

Epoch 180/1000
Epoch training duration: 14.1740579605
Train	AUC[ROC]: 0.999987	AUC[PR]: 0.979801
Val	AUC[ROC]: 0.701673	AUC[PR]: 0.122110
Epoch evaluation duration: 105.366245985
Epoch duration: 119.540303946

Epoch 181/1000
Epoch training duration: 13.901624918
Train	AUC[ROC]: 0.999988	AUC[PR]: 0.980417
Val	AUC[ROC]: 0.702527	AUC[PR]: 0.121794
Epoch evaluation duration: 106.468668938
Epoch duration: 120.370293856

Epoch 182/1000
Epoch training duration: 13.5982251167
Train	AUC[ROC]: 0.999988	AUC[PR]: 0.981120
Val	AUC[ROC]: 0.712464	AUC[PR]: 0.121590
Epoch evaluation duration: 103.589740992
Epoch duration: 117.187966108

Epoch 183/1000
Epoch training duration: 14.4966139793
Train	AUC[ROC]: 0.999988	AUC[PR]: 0.980536
Val	AUC[ROC]: 0.700194	AUC[PR]: 0.122731
Epoch evaluation duration: 105.366173029
Epoch duration: 119.862787008

Epoch 184/1000
Epoch training duration: 13.9269580841
Train	AUC[ROC]: 0.999987	AUC[PR]: 0.980231
Val	AUC[ROC]: 0.692226	AUC[PR]: 0.124354
Epoch evaluation duration: 104.645931005
Epoch duration: 118.57288909

Epoch 185/1000
Epoch training duration: 14.4017968178
Train	AUC[ROC]: 0.999988	AUC[PR]: 0.980721
Val	AUC[ROC]: 0.738383	AUC[PR]: 0.133871
Epoch evaluation duration: 106.400357008
Epoch duration: 120.802153826

Epoch 186/1000
Epoch training duration: 14.6097011566
Train	AUC[ROC]: 0.999988	AUC[PR]: 0.981677
Val	AUC[ROC]: 0.723818	AUC[PR]: 0.132087
Epoch evaluation duration: 104.590412855
Epoch duration: 119.200114012

Epoch 187/1000
Epoch training duration: 14.6834039688
Train	AUC[ROC]: 0.999988	AUC[PR]: 0.981291
Val	AUC[ROC]: 0.725746	AUC[PR]: 0.121705
Epoch evaluation duration: 106.972506046
Epoch duration: 121.655910015

Epoch 188/1000
Epoch training duration: 14.493170023
Train	AUC[ROC]: 0.999988	AUC[PR]: 0.981299
Val	AUC[ROC]: 0.715746	AUC[PR]: 0.121055
Epoch evaluation duration: 104.683804035
Epoch duration: 119.176974058

Epoch 189/1000
Epoch training duration: 14.5713779926
Train	AUC[ROC]: 0.999989	AUC[PR]: 0.982646
Val	AUC[ROC]: 0.723369	AUC[PR]: 0.129794
Epoch evaluation duration: 105.687141895
Epoch duration: 120.258519888

Epoch 190/1000
Epoch training duration: 14.4728012085
Train	AUC[ROC]: 0.999988	AUC[PR]: 0.982073
Val	AUC[ROC]: 0.714828	AUC[PR]: 0.132240
Epoch evaluation duration: 104.606711864
Epoch duration: 119.079513073

Epoch 191/1000
Epoch training duration: 14.3988571167
Train	AUC[ROC]: 0.999989	AUC[PR]: 0.982350
Val	AUC[ROC]: 0.715429	AUC[PR]: 0.131558
Epoch evaluation duration: 105.062940836
Epoch duration: 119.461797953

Epoch 192/1000
Epoch training duration: 13.7374010086
Train	AUC[ROC]: 0.999988	AUC[PR]: 0.981529
Val	AUC[ROC]: 0.707623	AUC[PR]: 0.127913
Epoch evaluation duration: 104.400414944
Epoch duration: 118.137815952

Epoch 193/1000
Epoch training duration: 14.3256800175
Train	AUC[ROC]: 0.999988	AUC[PR]: 0.981414
Val	AUC[ROC]: 0.702423	AUC[PR]: 0.132003
Epoch evaluation duration: 104.990977049
Epoch duration: 119.316657066

Epoch 194/1000
Epoch training duration: 13.4284589291
Train	AUC[ROC]: 0.999989	AUC[PR]: 0.982757
Val	AUC[ROC]: 0.714811	AUC[PR]: 0.137165
Epoch evaluation duration: 104.12273407
Epoch duration: 117.551192999

Epoch 195/1000
Epoch training duration: 13.4181849957
Train	AUC[ROC]: 0.999988	AUC[PR]: 0.981418
Val	AUC[ROC]: 0.697580	AUC[PR]: 0.131102
Epoch evaluation duration: 105.026549101
Epoch duration: 118.444734097

Epoch 196/1000
Epoch training duration: 13.4467830658
Train	AUC[ROC]: 0.999988	AUC[PR]: 0.980855
Val	AUC[ROC]: 0.692199	AUC[PR]: 0.132620
Epoch evaluation duration: 105.022628784
Epoch duration: 118.46941185

Epoch 197/1000
Epoch training duration: 14.0513510704
Train	AUC[ROC]: 0.999988	AUC[PR]: 0.981912
Val	AUC[ROC]: 0.695269	AUC[PR]: 0.131984
Epoch evaluation duration: 104.176476002
Epoch duration: 118.227827072

Epoch 198/1000
Epoch training duration: 14.1915659904
Train	AUC[ROC]: 0.999989	AUC[PR]: 0.982903
Val	AUC[ROC]: 0.688847	AUC[PR]: 0.140020
Epoch evaluation duration: 105.04157114
Epoch duration: 119.233137131

Epoch 199/1000
Epoch training duration: 14.72732687
Train	AUC[ROC]: 0.999989	AUC[PR]: 0.983057
Val	AUC[ROC]: 0.694842	AUC[PR]: 0.142637
Epoch evaluation duration: 104.270941973
Epoch duration: 118.998268843

Epoch 200/1000
Epoch training duration: 14.5877430439
Train	AUC[ROC]: 0.999989	AUC[PR]: 0.982603
Val	AUC[ROC]: 0.683228	AUC[PR]: 0.141862
Epoch evaluation duration: 105.948995113
Epoch duration: 120.536738157

Epoch 201/1000
Epoch training duration: 14.1921257973
Train	AUC[ROC]: 0.999989	AUC[PR]: 0.982957
Val	AUC[ROC]: 0.689192	AUC[PR]: 0.138314
Epoch evaluation duration: 104.577616215
Epoch duration: 118.769742012

Epoch 202/1000
Epoch training duration: 14.326613903
Train	AUC[ROC]: 0.999989	AUC[PR]: 0.982853
Val	AUC[ROC]: 0.688610	AUC[PR]: 0.139515
Epoch evaluation duration: 104.713546991
Epoch duration: 119.040160894

Epoch 203/1000
Epoch training duration: 14.3194079399
Train	AUC[ROC]: 0.999989	AUC[PR]: 0.983552
Val	AUC[ROC]: 0.704684	AUC[PR]: 0.148406
Epoch evaluation duration: 105.005764961
Epoch duration: 119.325172901

Epoch 204/1000
Epoch training duration: 14.2204811573
Train	AUC[ROC]: 0.999989	AUC[PR]: 0.983055
Val	AUC[ROC]: 0.686499	AUC[PR]: 0.148900
Epoch evaluation duration: 107.223724842
Epoch duration: 121.444205999

Epoch 205/1000
Epoch training duration: 14.1051461697
Train	AUC[ROC]: 0.999989	AUC[PR]: 0.982956
Val	AUC[ROC]: 0.678314	AUC[PR]: 0.145609
Epoch evaluation duration: 104.131489038
Epoch duration: 118.236635208

Epoch 206/1000
Epoch training duration: 14.30910182
Train	AUC[ROC]: 0.999989	AUC[PR]: 0.983302
Val	AUC[ROC]: 0.673487	AUC[PR]: 0.146052
Epoch evaluation duration: 106.86593318
Epoch duration: 121.175035

Epoch 207/1000
Epoch training duration: 13.7762389183
Train	AUC[ROC]: 0.999989	AUC[PR]: 0.982959
Val	AUC[ROC]: 0.681123	AUC[PR]: 0.144045
Epoch evaluation duration: 105.193542957
Epoch duration: 118.969781876

Epoch 208/1000
Epoch training duration: 13.9545960426
Train	AUC[ROC]: 0.999989	AUC[PR]: 0.982652
Val	AUC[ROC]: 0.672330	AUC[PR]: 0.140889
Epoch evaluation duration: 106.469829082
Epoch duration: 120.424425125

Epoch 209/1000
Epoch training duration: 14.3495738506
Train	AUC[ROC]: 0.999989	AUC[PR]: 0.983452
Val	AUC[ROC]: 0.710580	AUC[PR]: 0.145658
Epoch evaluation duration: 104.143124104
Epoch duration: 118.492697954

Epoch 210/1000
Epoch training duration: 13.9400868416
Train	AUC[ROC]: 0.999989	AUC[PR]: 0.983166
Val	AUC[ROC]: 0.700705	AUC[PR]: 0.143845
Epoch evaluation duration: 105.614322186
Epoch duration: 119.554409027

Epoch 211/1000
Epoch training duration: 14.4097938538
Train	AUC[ROC]: 0.999989	AUC[PR]: 0.983260
Val	AUC[ROC]: 0.690735	AUC[PR]: 0.141842
Epoch evaluation duration: 105.105993032
Epoch duration: 119.515786886

Epoch 212/1000
Epoch training duration: 14.8439209461
Train	AUC[ROC]: 0.999989	AUC[PR]: 0.983979
Val	AUC[ROC]: 0.692350	AUC[PR]: 0.145002
Epoch evaluation duration: 105.580345154
Epoch duration: 120.4242661

Epoch 213/1000
Epoch training duration: 14.0262718201
Train	AUC[ROC]: 0.999990	AUC[PR]: 0.984026
Val	AUC[ROC]: 0.688229	AUC[PR]: 0.145042
Epoch evaluation duration: 105.269296169
Epoch duration: 119.295567989

Epoch 214/1000
Epoch training duration: 14.8464119434
Train	AUC[ROC]: 0.999989	AUC[PR]: 0.983644
Val	AUC[ROC]: 0.678065	AUC[PR]: 0.141969
Epoch evaluation duration: 106.408883095
Epoch duration: 121.255295038

Epoch 215/1000
Epoch training duration: 14.4457678795
Train	AUC[ROC]: 0.999989	AUC[PR]: 0.983448
Val	AUC[ROC]: 0.710236	AUC[PR]: 0.139747
Epoch evaluation duration: 104.825514078
Epoch duration: 119.271281958

Epoch 216/1000
Epoch training duration: 14.3840239048
Train	AUC[ROC]: 0.999989	AUC[PR]: 0.983882
Val	AUC[ROC]: 0.689085	AUC[PR]: 0.147232
Epoch evaluation duration: 103.710881948
Epoch duration: 118.094905853

Epoch 217/1000
Epoch training duration: 14.2399511337
Train	AUC[ROC]: 0.999989	AUC[PR]: 0.983885
Val	AUC[ROC]: 0.688691	AUC[PR]: 0.146079
Epoch evaluation duration: 105.5978899
Epoch duration: 119.837841034

Epoch 218/1000
Epoch training duration: 14.452409029
Train	AUC[ROC]: 0.999990	AUC[PR]: 0.984027
Val	AUC[ROC]: 0.683040	AUC[PR]: 0.133712
Epoch evaluation duration: 105.61719799
Epoch duration: 120.069607019

Epoch 219/1000
Epoch training duration: 14.325345993
Train	AUC[ROC]: 0.999989	AUC[PR]: 0.983595
Val	AUC[ROC]: 0.676613	AUC[PR]: 0.144504
Epoch evaluation duration: 105.877280951
Epoch duration: 120.202626944

Epoch 220/1000
Epoch training duration: 13.9359650612
Train	AUC[ROC]: 0.999989	AUC[PR]: 0.983834
Val	AUC[ROC]: 0.671697	AUC[PR]: 0.145623
Epoch evaluation duration: 104.849817038
Epoch duration: 118.785782099

Epoch 221/1000
Epoch training duration: 14.4790019989
Train	AUC[ROC]: 0.999989	AUC[PR]: 0.983057
Val	AUC[ROC]: 0.664225	AUC[PR]: 0.144489
Epoch evaluation duration: 105.047653913
Epoch duration: 119.526655912

Epoch 222/1000
Epoch training duration: 14.070305109
Train	AUC[ROC]: 0.999989	AUC[PR]: 0.983404
Val	AUC[ROC]: 0.665386	AUC[PR]: 0.142335
Epoch evaluation duration: 105.647070885
Epoch duration: 119.717375994

Epoch 223/1000
Epoch training duration: 13.7361400127
Train	AUC[ROC]: 0.999989	AUC[PR]: 0.983742
Val	AUC[ROC]: 0.656732	AUC[PR]: 0.137364
Epoch evaluation duration: 104.584649086
Epoch duration: 118.320789099

Epoch 224/1000
Epoch training duration: 13.7682480812
Train	AUC[ROC]: 0.999989	AUC[PR]: 0.983789
Val	AUC[ROC]: 0.657948	AUC[PR]: 0.140035
Epoch evaluation duration: 105.263178825
Epoch duration: 119.031426907

Epoch 225/1000
Epoch training duration: 13.8818950653
Train	AUC[ROC]: 0.999990	AUC[PR]: 0.984074
Val	AUC[ROC]: 0.667367	AUC[PR]: 0.143772
Epoch evaluation duration: 104.200746059
Epoch duration: 118.082641125

Epoch 226/1000
Epoch training duration: 13.9015939236
Train	AUC[ROC]: 0.999990	AUC[PR]: 0.984025
Val	AUC[ROC]: 0.656646	AUC[PR]: 0.139697
Epoch evaluation duration: 105.406294107
Epoch duration: 119.307888031

Epoch 227/1000
Epoch training duration: 13.4550769329
Train	AUC[ROC]: 0.999990	AUC[PR]: 0.984305
Val	AUC[ROC]: 0.657195	AUC[PR]: 0.140027
Epoch evaluation duration: 107.012693882
Epoch duration: 120.467770815

Epoch 228/1000
Epoch training duration: 13.557913065
Train	AUC[ROC]: 0.999990	AUC[PR]: 0.984581
Val	AUC[ROC]: 0.668208	AUC[PR]: 0.144937
Epoch evaluation duration: 104.110239983
Epoch duration: 117.668153048

Epoch 229/1000
Epoch training duration: 13.4968631268
Train	AUC[ROC]: 0.999990	AUC[PR]: 0.984536
Val	AUC[ROC]: 0.661601	AUC[PR]: 0.144625
Epoch evaluation duration: 106.411664963
Epoch duration: 119.90852809

Epoch 230/1000
Epoch training duration: 13.7011060715
Train	AUC[ROC]: 0.999990	AUC[PR]: 0.984582
Val	AUC[ROC]: 0.652351	AUC[PR]: 0.142993
Epoch evaluation duration: 104.148880959
Epoch duration: 117.84998703

Epoch 231/1000
Epoch training duration: 13.3440349102
Train	AUC[ROC]: 0.999990	AUC[PR]: 0.984445
Val	AUC[ROC]: 0.652767	AUC[PR]: 0.139591
Epoch evaluation duration: 105.930184126
Epoch duration: 119.274219036

Epoch 232/1000
Epoch training duration: 14.275826931
Train	AUC[ROC]: 0.999990	AUC[PR]: 0.984718
Val	AUC[ROC]: 0.660029	AUC[PR]: 0.148884
Epoch evaluation duration: 105.742909908
Epoch duration: 120.018736839

Epoch 233/1000
Epoch training duration: 14.1271619797
Train	AUC[ROC]: 0.999990	AUC[PR]: 0.984898
Val	AUC[ROC]: 0.660436	AUC[PR]: 0.147385
Epoch evaluation duration: 107.085652113
Epoch duration: 121.212814093

Epoch 234/1000
Epoch training duration: 14.8078889847
Train	AUC[ROC]: 0.999990	AUC[PR]: 0.984942
Val	AUC[ROC]: 0.659520	AUC[PR]: 0.149567
Epoch evaluation duration: 104.090522051
Epoch duration: 118.898411036

Epoch 235/1000
Epoch training duration: 14.2395539284
Train	AUC[ROC]: 0.999990	AUC[PR]: 0.984674
Val	AUC[ROC]: 0.673656	AUC[PR]: 0.151209
Epoch evaluation duration: 106.95985508
Epoch duration: 121.199409008

Epoch 236/1000
Epoch training duration: 13.7937018871
Train	AUC[ROC]: 0.999990	AUC[PR]: 0.984673
Val	AUC[ROC]: 0.654611	AUC[PR]: 0.150589
Epoch evaluation duration: 104.289271116
Epoch duration: 118.082973003

Epoch 237/1000
Epoch training duration: 14.3795080185
Train	AUC[ROC]: 0.999990	AUC[PR]: 0.984123
Val	AUC[ROC]: 0.655280	AUC[PR]: 0.144236
Epoch evaluation duration: 106.300532818
Epoch duration: 120.680040836

Epoch 238/1000
Epoch training duration: 14.1630051136
Train	AUC[ROC]: 0.999990	AUC[PR]: 0.984537
Val	AUC[ROC]: 0.652697	AUC[PR]: 0.147795
Epoch evaluation duration: 106.06734705
Epoch duration: 120.230352163

Epoch 239/1000
Epoch training duration: 14.7365999222
Train	AUC[ROC]: 0.999990	AUC[PR]: 0.984260
Val	AUC[ROC]: 0.645122	AUC[PR]: 0.148197
Epoch evaluation duration: 105.96984601
Epoch duration: 120.706445932

Epoch 240/1000
Epoch training duration: 14.2391140461
Train	AUC[ROC]: 0.999989	AUC[PR]: 0.983980
Val	AUC[ROC]: 0.633864	AUC[PR]: 0.143303
Epoch evaluation duration: 104.928778887
Epoch duration: 119.167892933

Epoch 241/1000
Epoch training duration: 13.8007090092
Train	AUC[ROC]: 0.999992	AUC[PR]: 0.987545
Val	AUC[ROC]: 0.639202	AUC[PR]: 0.140059
Epoch evaluation duration: 105.316229105
Epoch duration: 119.116938114

Epoch 242/1000
Epoch training duration: 14.2142188549
Train	AUC[ROC]: 0.999990	AUC[PR]: 0.984259
Val	AUC[ROC]: 0.681464	AUC[PR]: 0.139308
Epoch evaluation duration: 106.352725983
Epoch duration: 120.566944838

Epoch 243/1000
Epoch training duration: 14.2808811665
Train	AUC[ROC]: 0.999990	AUC[PR]: 0.984398
Val	AUC[ROC]: 0.661112	AUC[PR]: 0.149371
Epoch evaluation duration: 106.029070854
Epoch duration: 120.309952021

Epoch 244/1000
Epoch training duration: 14.5603840351
Train	AUC[ROC]: 0.999990	AUC[PR]: 0.984491
Val	AUC[ROC]: 0.655591	AUC[PR]: 0.150323
Epoch evaluation duration: 105.514446974
Epoch duration: 120.074831009

Epoch 245/1000
Epoch training duration: 14.0765910149
Train	AUC[ROC]: 0.999981	AUC[PR]: 0.972965
Val	AUC[ROC]: 0.643181	AUC[PR]: 0.100137
Epoch evaluation duration: 106.045834064
Epoch duration: 120.122425079

Epoch 246/1000
Epoch training duration: 14.2516739368
Train	AUC[ROC]: 0.999989	AUC[PR]: 0.983143
Val	AUC[ROC]: 0.669743	AUC[PR]: 0.103388
Epoch evaluation duration: 105.854562998
Epoch duration: 120.106236935

Epoch 247/1000
Epoch training duration: 14.2885169983
Train	AUC[ROC]: 0.999986	AUC[PR]: 0.978468
Val	AUC[ROC]: 0.643139	AUC[PR]: 0.101488
Epoch evaluation duration: 105.195356131
Epoch duration: 119.483873129

Epoch 248/1000
Epoch training duration: 14.2389609814
Train	AUC[ROC]: 0.999985	AUC[PR]: 0.978197
Val	AUC[ROC]: 0.684200	AUC[PR]: 0.077031
Epoch evaluation duration: 105.52854991
Epoch duration: 119.767510891

Epoch 249/1000
Epoch training duration: 14.5950369835
Train	AUC[ROC]: 0.999982	AUC[PR]: 0.975178
Val	AUC[ROC]: 0.727951	AUC[PR]: 0.068063
Epoch evaluation duration: 105.696136951
Epoch duration: 120.291173935

Epoch 250/1000
Epoch training duration: 14.392843008
Train	AUC[ROC]: 0.999975	AUC[PR]: 0.967206
Val	AUC[ROC]: 0.764380	AUC[PR]: 0.058993
Epoch evaluation duration: 104.949126005
Epoch duration: 119.341969013

Epoch 251/1000
Epoch training duration: 14.8156850338
Train	AUC[ROC]: 0.999979	AUC[PR]: 0.970381
Val	AUC[ROC]: 0.760414	AUC[PR]: 0.065551
Epoch evaluation duration: 106.66685915
Epoch duration: 121.482544184

Epoch 252/1000
Epoch training duration: 14.9102618694
Train	AUC[ROC]: 0.999987	AUC[PR]: 0.981338
Val	AUC[ROC]: 0.754350	AUC[PR]: 0.078854
Epoch evaluation duration: 105.045732975
Epoch duration: 119.955994844

Epoch 253/1000
Epoch training duration: 14.6752531528
Train	AUC[ROC]: 0.999989	AUC[PR]: 0.982996
Val	AUC[ROC]: 0.754037	AUC[PR]: 0.081586
Epoch evaluation duration: 107.347798824
Epoch duration: 122.023051977

Epoch 254/1000
Epoch training duration: 14.2922101021
Train	AUC[ROC]: 0.999990	AUC[PR]: 0.983594
Val	AUC[ROC]: 0.741582	AUC[PR]: 0.085558
Epoch evaluation duration: 91.9096450806
Epoch duration: 106.201855183

Epoch 255/1000
Epoch training duration: 12.142220974
Train	AUC[ROC]: 0.999988	AUC[PR]: 0.980406
Val	AUC[ROC]: 0.735309	AUC[PR]: 0.092923
Epoch evaluation duration: 107.356590033
Epoch duration: 119.498811007

Epoch 256/1000
Epoch training duration: 14.2065060139
Train	AUC[ROC]: 0.999987	AUC[PR]: 0.980384
Val	AUC[ROC]: 0.741913	AUC[PR]: 0.087670
Epoch evaluation duration: 106.403716803
Epoch duration: 120.610222816

Epoch 257/1000
Epoch training duration: 14.2250611782
Train	AUC[ROC]: 0.999989	AUC[PR]: 0.983941
Val	AUC[ROC]: 0.731809	AUC[PR]: 0.095607
Epoch evaluation duration: 106.596563816
Epoch duration: 120.821624994

Epoch 258/1000
Epoch training duration: 14.2674260139
Train	AUC[ROC]: 0.999989	AUC[PR]: 0.983661
Val	AUC[ROC]: 0.744315	AUC[PR]: 0.087407
Epoch evaluation duration: 105.88053298
Epoch duration: 120.147958994

Epoch 259/1000
Epoch training duration: 14.5945692062
Train	AUC[ROC]: 0.999990	AUC[PR]: 0.984004
Val	AUC[ROC]: 0.733338	AUC[PR]: 0.096051
Epoch evaluation duration: 107.232615948
Epoch duration: 121.827185154

Epoch 260/1000
Epoch training duration: 14.4194238186
Train	AUC[ROC]: 0.999990	AUC[PR]: 0.985011
Val	AUC[ROC]: 0.725263	AUC[PR]: 0.108044
Epoch evaluation duration: 106.63718605
Epoch duration: 121.056609869

Epoch 261/1000
Epoch training duration: 14.3760919571
Train	AUC[ROC]: 0.999990	AUC[PR]: 0.984839
Val	AUC[ROC]: 0.722602	AUC[PR]: 0.109233
Epoch evaluation duration: 107.317704201
Epoch duration: 121.693796158

Epoch 262/1000
Epoch training duration: 14.3231368065
Train	AUC[ROC]: 0.999991	AUC[PR]: 0.985329
Val	AUC[ROC]: 0.725140	AUC[PR]: 0.104821
Epoch evaluation duration: 106.768760204
Epoch duration: 121.091897011

Epoch 263/1000
Epoch training duration: 13.8638749123
Train	AUC[ROC]: 0.999992	AUC[PR]: 0.987987
Val	AUC[ROC]: 0.719854	AUC[PR]: 0.107567
Epoch evaluation duration: 106.2921381
Epoch duration: 120.156013012

Epoch 264/1000
Epoch training duration: 13.994904995
Train	AUC[ROC]: 0.999993	AUC[PR]: 0.989137
Val	AUC[ROC]: 0.711309	AUC[PR]: 0.107678
Epoch evaluation duration: 106.214049816
Epoch duration: 120.208954811

Epoch 265/1000
Epoch training duration: 14.3660471439
Train	AUC[ROC]: 0.999993	AUC[PR]: 0.988823
Val	AUC[ROC]: 0.714192	AUC[PR]: 0.115534
Epoch evaluation duration: 105.951354027
Epoch duration: 120.317401171

train precision: 0.972684927115
train roc: 0.999978779032
train hit in top 2563: 332.0 out of 332.0

val precision: 0.252129072024
val roc: 0.767670926079
val hit in top 427: 29.0 out of 56.0

test precision: 0.22840332728
test roc: 0.899076219043
test hit in top 427: 34.0 out of 56.0

ratio: 0.02, EF: 32.1428571429,	active: 56.0
ratio: 0.02, NEF: 0.642857142857
ratio: 0.01, EF: 60.7142857143,	active: 56.0
ratio: 0.01, NEF: 0.607142857143
ratio: 0.0015, EF: 250.0,	active: 56.0
ratio: 0.0015, NEF: 0.375
ratio: 0.001, EF: 303.571428571,	active: 56.0
ratio: 0.001, NEF: 0.404761904762

