label_name_list  [u'PriA-SSB AS Activity']
train files  ['../datasets/keck_pria/fold_0.csv' '../datasets/keck_pria/fold_1.csv'
 '../datasets/keck_pria/fold_4.csv' '../datasets/keck_pria/fold_5.csv'
 '../datasets/keck_pria/fold_6.csv' '../datasets/keck_pria/fold_7.csv']
val files  ['../datasets/keck_pria/fold_2.csv']
test files  ['../datasets/keck_pria/fold_3.csv']
Class Weight  [{0: 1.0, 1: 771.2138554216867}]
Epoch 1/1000
Epoch training duration: 11.6757338047
Train	AUC[ROC]: 0.916360	AUC[PR]: 0.125362
Val	AUC[ROC]: 0.856855	AUC[PR]: 0.123758
Epoch evaluation duration: 112.656485081
Epoch duration: 124.332218885

Epoch 2/1000
Epoch training duration: 12.4913480282
Train	AUC[ROC]: 0.951900	AUC[PR]: 0.169706
Val	AUC[ROC]: 0.870632	AUC[PR]: 0.165895
Epoch evaluation duration: 107.090450048
Epoch duration: 119.581798077

Epoch 3/1000
Epoch training duration: 11.9681389332
Train	AUC[ROC]: 0.969861	AUC[PR]: 0.174616
Val	AUC[ROC]: 0.876504	AUC[PR]: 0.156598
Epoch evaluation duration: 106.491984129
Epoch duration: 118.460123062

Epoch 4/1000
Epoch training duration: 12.7497189045
Train	AUC[ROC]: 0.981810	AUC[PR]: 0.210258
Val	AUC[ROC]: 0.878033	AUC[PR]: 0.163871
Epoch evaluation duration: 112.715638876
Epoch duration: 125.46535778

Epoch 5/1000
Epoch training duration: 13.1165699959
Train	AUC[ROC]: 0.987479	AUC[PR]: 0.226978
Val	AUC[ROC]: 0.876212	AUC[PR]: 0.173715
Epoch evaluation duration: 108.517769098
Epoch duration: 121.634339094

Epoch 6/1000
Epoch training duration: 11.4884810448
Train	AUC[ROC]: 0.991169	AUC[PR]: 0.250704
Val	AUC[ROC]: 0.874424	AUC[PR]: 0.191885
Epoch evaluation duration: 106.424504042
Epoch duration: 117.912985086

Epoch 7/1000
Epoch training duration: 11.4523348808
Train	AUC[ROC]: 0.993594	AUC[PR]: 0.272661
Val	AUC[ROC]: 0.877648	AUC[PR]: 0.206724
Epoch evaluation duration: 114.463784933
Epoch duration: 125.916119814

Epoch 8/1000
Epoch training duration: 13.7715542316
Train	AUC[ROC]: 0.994786	AUC[PR]: 0.284670
Val	AUC[ROC]: 0.878825	AUC[PR]: 0.204379
Epoch evaluation duration: 108.71577692
Epoch duration: 122.487331152

Epoch 9/1000
Epoch training duration: 10.8734219074
Train	AUC[ROC]: 0.996097	AUC[PR]: 0.314053
Val	AUC[ROC]: 0.877840	AUC[PR]: 0.212920
Epoch evaluation duration: 105.830922127
Epoch duration: 116.704344034

Epoch 10/1000
Epoch training duration: 12.6164209843
Train	AUC[ROC]: 0.996901	AUC[PR]: 0.338472
Val	AUC[ROC]: 0.873047	AUC[PR]: 0.211416
Epoch evaluation duration: 113.776695013
Epoch duration: 126.393115997

Epoch 11/1000
Epoch training duration: 13.6741449833
Train	AUC[ROC]: 0.997434	AUC[PR]: 0.364427
Val	AUC[ROC]: 0.874449	AUC[PR]: 0.221322
Epoch evaluation duration: 114.212697029
Epoch duration: 127.886842012

Epoch 12/1000
Epoch training duration: 12.6042478085
Train	AUC[ROC]: 0.997848	AUC[PR]: 0.387197
Val	AUC[ROC]: 0.873704	AUC[PR]: 0.220637
Epoch evaluation duration: 111.809995174
Epoch duration: 124.414242983

Epoch 13/1000
Epoch training duration: 12.6179640293
Train	AUC[ROC]: 0.998256	AUC[PR]: 0.415552
Val	AUC[ROC]: 0.871229	AUC[PR]: 0.225931
Epoch evaluation duration: 105.31651783
Epoch duration: 117.934481859

Epoch 14/1000
Epoch training duration: 12.5548110008
Train	AUC[ROC]: 0.998541	AUC[PR]: 0.437872
Val	AUC[ROC]: 0.867419	AUC[PR]: 0.220876
Epoch evaluation duration: 113.72547698
Epoch duration: 126.280287981

Epoch 15/1000
Epoch training duration: 13.0272960663
Train	AUC[ROC]: 0.998719	AUC[PR]: 0.454200
Val	AUC[ROC]: 0.870707	AUC[PR]: 0.214494
Epoch evaluation duration: 110.520036936
Epoch duration: 123.547333002

Epoch 16/1000
Epoch training duration: 13.8654680252
Train	AUC[ROC]: 0.998942	AUC[PR]: 0.492006
Val	AUC[ROC]: 0.867437	AUC[PR]: 0.222187
Epoch evaluation duration: 110.555236101
Epoch duration: 124.420704126

Epoch 17/1000
Epoch training duration: 12.4396588802
Train	AUC[ROC]: 0.999002	AUC[PR]: 0.502093
Val	AUC[ROC]: 0.868901	AUC[PR]: 0.228385
Epoch evaluation duration: 107.470303059
Epoch duration: 119.909961939

Epoch 18/1000
Epoch training duration: 14.4452710152
Train	AUC[ROC]: 0.999136	AUC[PR]: 0.536009
Val	AUC[ROC]: 0.869201	AUC[PR]: 0.252804
Epoch evaluation duration: 106.337685108
Epoch duration: 120.782956123

Epoch 19/1000
Epoch training duration: 11.1249828339
Train	AUC[ROC]: 0.999169	AUC[PR]: 0.550742
Val	AUC[ROC]: 0.865878	AUC[PR]: 0.257302
Epoch evaluation duration: 110.090396166
Epoch duration: 121.215379

Epoch 20/1000
Epoch training duration: 13.1314749718
Train	AUC[ROC]: 0.999239	AUC[PR]: 0.570863
Val	AUC[ROC]: 0.865330	AUC[PR]: 0.260163
Epoch evaluation duration: 114.383679867
Epoch duration: 127.515154839

Epoch 21/1000
Epoch training duration: 11.5995330811
Train	AUC[ROC]: 0.999365	AUC[PR]: 0.603067
Val	AUC[ROC]: 0.871516	AUC[PR]: 0.260360
Epoch evaluation duration: 118.497340918
Epoch duration: 130.096873999

Epoch 22/1000
Epoch training duration: 13.0981311798
Train	AUC[ROC]: 0.999484	AUC[PR]: 0.643628
Val	AUC[ROC]: 0.871152	AUC[PR]: 0.262385
Epoch evaluation duration: 104.78190279
Epoch duration: 117.88003397

Epoch 23/1000
Epoch training duration: 12.3902220726
Train	AUC[ROC]: 0.999512	AUC[PR]: 0.645087
Val	AUC[ROC]: 0.874211	AUC[PR]: 0.265750
Epoch evaluation duration: 109.005583048
Epoch duration: 121.39580512

Epoch 24/1000
Epoch training duration: 11.8903160095
Train	AUC[ROC]: 0.999565	AUC[PR]: 0.672477
Val	AUC[ROC]: 0.871642	AUC[PR]: 0.268676
Epoch evaluation duration: 112.858932018
Epoch duration: 124.749248028

Epoch 25/1000
Epoch training duration: 12.0282189846
Train	AUC[ROC]: 0.999614	AUC[PR]: 0.698377
Val	AUC[ROC]: 0.874434	AUC[PR]: 0.270127
Epoch evaluation duration: 115.329539061
Epoch duration: 127.357758045

Epoch 26/1000
Epoch training duration: 13.3057408333
Train	AUC[ROC]: 0.999661	AUC[PR]: 0.726023
Val	AUC[ROC]: 0.872177	AUC[PR]: 0.271725
Epoch evaluation duration: 113.286604166
Epoch duration: 126.592344999

Epoch 27/1000
Epoch training duration: 12.2261078358
Train	AUC[ROC]: 0.999674	AUC[PR]: 0.726795
Val	AUC[ROC]: 0.871181	AUC[PR]: 0.262770
Epoch evaluation duration: 109.548285007
Epoch duration: 121.774392843

Epoch 28/1000
Epoch training duration: 11.6810779572
Train	AUC[ROC]: 0.999728	AUC[PR]: 0.758260
Val	AUC[ROC]: 0.873242	AUC[PR]: 0.267661
Epoch evaluation duration: 112.916675091
Epoch duration: 124.597753048

Epoch 29/1000
Epoch training duration: 12.6212220192
Train	AUC[ROC]: 0.999692	AUC[PR]: 0.732986
Val	AUC[ROC]: 0.874499	AUC[PR]: 0.263660
Epoch evaluation duration: 111.095944881
Epoch duration: 123.717166901

Epoch 30/1000
Epoch training duration: 15.0989282131
Train	AUC[ROC]: 0.999759	AUC[PR]: 0.775850
Val	AUC[ROC]: 0.874064	AUC[PR]: 0.269973
Epoch evaluation duration: 113.408792019
Epoch duration: 128.507720232

Epoch 31/1000
Epoch training duration: 12.5619068146
Train	AUC[ROC]: 0.999795	AUC[PR]: 0.802431
Val	AUC[ROC]: 0.872458	AUC[PR]: 0.269435
Epoch evaluation duration: 110.589774132
Epoch duration: 123.151680946

Epoch 32/1000
Epoch training duration: 13.0563130379
Train	AUC[ROC]: 0.999820	AUC[PR]: 0.822630
Val	AUC[ROC]: 0.870925	AUC[PR]: 0.278145
Epoch evaluation duration: 110.671484947
Epoch duration: 123.727797985

Epoch 33/1000
Epoch training duration: 11.0571160316
Train	AUC[ROC]: 0.999837	AUC[PR]: 0.830932
Val	AUC[ROC]: 0.872561	AUC[PR]: 0.271247
Epoch evaluation duration: 116.382524967
Epoch duration: 127.439640999

Epoch 34/1000
Epoch training duration: 11.8824279308
Train	AUC[ROC]: 0.999855	AUC[PR]: 0.842932
Val	AUC[ROC]: 0.866742	AUC[PR]: 0.270920
Epoch evaluation duration: 101.649600029
Epoch duration: 113.53202796

Epoch 35/1000
Epoch training duration: 12.4468610287
Train	AUC[ROC]: 0.999856	AUC[PR]: 0.840232
Val	AUC[ROC]: 0.869361	AUC[PR]: 0.260471
Epoch evaluation duration: 100.553073883
Epoch duration: 112.999934912

Epoch 36/1000
Epoch training duration: 13.4691309929
Train	AUC[ROC]: 0.999878	AUC[PR]: 0.865330
Val	AUC[ROC]: 0.870923	AUC[PR]: 0.266954
Epoch evaluation duration: 107.351108074
Epoch duration: 120.820239067

Epoch 37/1000
Epoch training duration: 11.7472910881
Train	AUC[ROC]: 0.999898	AUC[PR]: 0.882780
Val	AUC[ROC]: 0.866470	AUC[PR]: 0.268953
Epoch evaluation duration: 106.572608948
Epoch duration: 118.319900036

Epoch 38/1000
Epoch training duration: 13.1291399002
Train	AUC[ROC]: 0.999899	AUC[PR]: 0.882343
Val	AUC[ROC]: 0.869236	AUC[PR]: 0.271736
Epoch evaluation duration: 105.39966011
Epoch duration: 118.528800011

Epoch 39/1000
Epoch training duration: 11.1921949387
Train	AUC[ROC]: 0.999911	AUC[PR]: 0.892589
Val	AUC[ROC]: 0.871379	AUC[PR]: 0.271169
Epoch evaluation duration: 113.67284894
Epoch duration: 124.865043879

Epoch 40/1000
Epoch training duration: 13.1190900803
Train	AUC[ROC]: 0.999905	AUC[PR]: 0.884922
Val	AUC[ROC]: 0.872515	AUC[PR]: 0.278879
Epoch evaluation duration: 111.248955011
Epoch duration: 124.368045092

Epoch 41/1000
Epoch training duration: 11.8656508923
Train	AUC[ROC]: 0.999931	AUC[PR]: 0.912012
Val	AUC[ROC]: 0.877349	AUC[PR]: 0.266290
Epoch evaluation duration: 109.890579224
Epoch duration: 121.756230116

Epoch 42/1000
Epoch training duration: 13.1073429585
Train	AUC[ROC]: 0.999930	AUC[PR]: 0.909839
Val	AUC[ROC]: 0.876544	AUC[PR]: 0.277162
Epoch evaluation duration: 111.637576818
Epoch duration: 124.744919777

Epoch 43/1000
Epoch training duration: 13.2651422024
Train	AUC[ROC]: 0.999902	AUC[PR]: 0.871674
Val	AUC[ROC]: 0.875000	AUC[PR]: 0.260248
Epoch evaluation duration: 108.743276834
Epoch duration: 122.008419037

Epoch 44/1000
Epoch training duration: 12.3523461819
Train	AUC[ROC]: 0.999925	AUC[PR]: 0.903283
Val	AUC[ROC]: 0.874037	AUC[PR]: 0.266176
Epoch evaluation duration: 111.925433874
Epoch duration: 124.277780056

Epoch 45/1000
Epoch training duration: 11.8588039875
Train	AUC[ROC]: 0.999936	AUC[PR]: 0.917434
Val	AUC[ROC]: 0.874847	AUC[PR]: 0.254431
Epoch evaluation duration: 101.723635912
Epoch duration: 113.582439899

Epoch 46/1000
Epoch training duration: 12.1622171402
Train	AUC[ROC]: 0.999939	AUC[PR]: 0.924694
Val	AUC[ROC]: 0.870771	AUC[PR]: 0.274412
Epoch evaluation duration: 104.235545874
Epoch duration: 116.397763014

Epoch 47/1000
Epoch training duration: 10.7287421227
Train	AUC[ROC]: 0.999941	AUC[PR]: 0.928726
Val	AUC[ROC]: 0.871857	AUC[PR]: 0.268070
Epoch evaluation duration: 113.693660021
Epoch duration: 124.422402143

Epoch 48/1000
Epoch training duration: 12.5534999371
Train	AUC[ROC]: 0.999941	AUC[PR]: 0.926656
Val	AUC[ROC]: 0.859756	AUC[PR]: 0.273908
Epoch evaluation duration: 110.725912094
Epoch duration: 123.279412031

Epoch 49/1000
Epoch training duration: 11.0490338802
Train	AUC[ROC]: 0.999952	AUC[PR]: 0.936021
Val	AUC[ROC]: 0.866872	AUC[PR]: 0.269714
Epoch evaluation duration: 104.813709974
Epoch duration: 115.862743855

Epoch 50/1000
Epoch training duration: 11.142234087
Train	AUC[ROC]: 0.999949	AUC[PR]: 0.933861
Val	AUC[ROC]: 0.868505	AUC[PR]: 0.282107
Epoch evaluation duration: 106.263614893
Epoch duration: 117.40584898

Epoch 51/1000
Epoch training duration: 14.6271522045
Train	AUC[ROC]: 0.999962	AUC[PR]: 0.950372
Val	AUC[ROC]: 0.871187	AUC[PR]: 0.275114
Epoch evaluation duration: 110.340412855
Epoch duration: 124.96756506

Epoch 52/1000
Epoch training duration: 13.0123260021
Train	AUC[ROC]: 0.999966	AUC[PR]: 0.956327
Val	AUC[ROC]: 0.873870	AUC[PR]: 0.276012
Epoch evaluation duration: 109.224264145
Epoch duration: 122.236590147

Epoch 53/1000
Epoch training duration: 13.030605793
Train	AUC[ROC]: 0.999964	AUC[PR]: 0.953099
Val	AUC[ROC]: 0.872593	AUC[PR]: 0.270672
Epoch evaluation duration: 111.103826046
Epoch duration: 124.134431839

Epoch 54/1000
Epoch training duration: 12.0412340164
Train	AUC[ROC]: 0.999966	AUC[PR]: 0.959345
Val	AUC[ROC]: 0.866033	AUC[PR]: 0.269126
Epoch evaluation duration: 114.372313976
Epoch duration: 126.413547993

Epoch 55/1000
Epoch training duration: 13.2601759434
Train	AUC[ROC]: 0.999969	AUC[PR]: 0.964544
Val	AUC[ROC]: 0.867903	AUC[PR]: 0.271014
Epoch evaluation duration: 110.407526016
Epoch duration: 123.66770196

Epoch 56/1000
Epoch training duration: 12.5442950726
Train	AUC[ROC]: 0.999968	AUC[PR]: 0.959059
Val	AUC[ROC]: 0.868472	AUC[PR]: 0.270161
Epoch evaluation duration: 106.58098197
Epoch duration: 119.125277042

Epoch 57/1000
Epoch training duration: 10.5351250172
Train	AUC[ROC]: 0.999957	AUC[PR]: 0.940664
Val	AUC[ROC]: 0.869623	AUC[PR]: 0.278040
Epoch evaluation duration: 108.189638138
Epoch duration: 118.724763155

Epoch 58/1000
Epoch training duration: 11.3971538544
Train	AUC[ROC]: 0.999968	AUC[PR]: 0.955642
Val	AUC[ROC]: 0.865769	AUC[PR]: 0.277717
Epoch evaluation duration: 105.740496159
Epoch duration: 117.137650013

Epoch 59/1000
Epoch training duration: 13.4491808414
Train	AUC[ROC]: 0.999973	AUC[PR]: 0.962153
Val	AUC[ROC]: 0.867842	AUC[PR]: 0.276197
Epoch evaluation duration: 110.859097004
Epoch duration: 124.308277845

Epoch 60/1000
Epoch training duration: 12.953166008
Train	AUC[ROC]: 0.999977	AUC[PR]: 0.968395
Val	AUC[ROC]: 0.871811	AUC[PR]: 0.289054
Epoch evaluation duration: 111.887610912
Epoch duration: 124.84077692

Epoch 61/1000
Epoch training duration: 12.5421872139
Train	AUC[ROC]: 0.999978	AUC[PR]: 0.969475
Val	AUC[ROC]: 0.867113	AUC[PR]: 0.284359
Epoch evaluation duration: 112.897854805
Epoch duration: 125.440042019

Epoch 62/1000
Epoch training duration: 11.5871682167
Train	AUC[ROC]: 0.999971	AUC[PR]: 0.958373
Val	AUC[ROC]: 0.868474	AUC[PR]: 0.284366
Epoch evaluation duration: 108.508209944
Epoch duration: 120.09537816

Epoch 63/1000
Epoch training duration: 12.5735259056
Train	AUC[ROC]: 0.999977	AUC[PR]: 0.970205
Val	AUC[ROC]: 0.866290	AUC[PR]: 0.284212
Epoch evaluation duration: 112.340429068
Epoch duration: 124.913954973

Epoch 64/1000
Epoch training duration: 12.3620700836
Train	AUC[ROC]: 0.999977	AUC[PR]: 0.970255
Val	AUC[ROC]: 0.871074	AUC[PR]: 0.278046
Epoch evaluation duration: 104.168573856
Epoch duration: 116.53064394

Epoch 65/1000
Epoch training duration: 9.54195809364
Train	AUC[ROC]: 0.999972	AUC[PR]: 0.960274
Val	AUC[ROC]: 0.875341	AUC[PR]: 0.271052
Epoch evaluation duration: 98.583480835
Epoch duration: 108.125438929

Epoch 66/1000
Epoch training duration: 11.561412096
Train	AUC[ROC]: 0.999979	AUC[PR]: 0.971887
Val	AUC[ROC]: 0.860845	AUC[PR]: 0.271592
Epoch evaluation duration: 91.7761170864
Epoch duration: 103.337529182

Epoch 67/1000
Epoch training duration: 10.9528758526
Train	AUC[ROC]: 0.999980	AUC[PR]: 0.974836
Val	AUC[ROC]: 0.863421	AUC[PR]: 0.271826
Epoch evaluation duration: 98.8775751591
Epoch duration: 109.830451012

Epoch 68/1000
Epoch training duration: 10.2433519363
Train	AUC[ROC]: 0.999982	AUC[PR]: 0.977932
Val	AUC[ROC]: 0.859209	AUC[PR]: 0.281760
Epoch evaluation duration: 112.606971979
Epoch duration: 122.850323915

Epoch 69/1000
Epoch training duration: 12.2120299339
Train	AUC[ROC]: 0.999986	AUC[PR]: 0.983765
Val	AUC[ROC]: 0.851936	AUC[PR]: 0.271988
Epoch evaluation duration: 106.761160135
Epoch duration: 118.973190069

Epoch 70/1000
Epoch training duration: 11.8153579235
Train	AUC[ROC]: 0.999990	AUC[PR]: 0.989472
Val	AUC[ROC]: 0.852745	AUC[PR]: 0.276202
Epoch evaluation duration: 104.884785891
Epoch duration: 116.700143814

Epoch 71/1000
Epoch training duration: 12.4763140678
Train	AUC[ROC]: 0.999993	AUC[PR]: 0.992185
Val	AUC[ROC]: 0.852302	AUC[PR]: 0.267937
Epoch evaluation duration: 99.5679399967
Epoch duration: 112.044254065

Epoch 72/1000
Epoch training duration: 12.5359680653
Train	AUC[ROC]: 0.999991	AUC[PR]: 0.990278
Val	AUC[ROC]: 0.855818	AUC[PR]: 0.277205
Epoch evaluation duration: 98.5771420002
Epoch duration: 111.113110065

Epoch 73/1000
Epoch training duration: 10.5454549789
Train	AUC[ROC]: 0.999992	AUC[PR]: 0.992352
Val	AUC[ROC]: 0.848035	AUC[PR]: 0.273720
Epoch evaluation duration: 95.1866970062
Epoch duration: 105.732151985

Epoch 74/1000
Epoch training duration: 11.1773660183
Train	AUC[ROC]: 0.999996	AUC[PR]: 0.996198
Val	AUC[ROC]: 0.844238	AUC[PR]: 0.268921
Epoch evaluation duration: 112.107969046
Epoch duration: 123.285335064

Epoch 75/1000
Epoch training duration: 10.949534893
Train	AUC[ROC]: 0.999995	AUC[PR]: 0.995373
Val	AUC[ROC]: 0.845979	AUC[PR]: 0.277147
Epoch evaluation duration: 93.783000946
Epoch duration: 104.732535839

Epoch 76/1000
Epoch training duration: 10.7304260731
Train	AUC[ROC]: 0.999996	AUC[PR]: 0.996752
Val	AUC[ROC]: 0.847883	AUC[PR]: 0.277735
Epoch evaluation duration: 103.404495001
Epoch duration: 114.134921074

Epoch 77/1000
Epoch training duration: 8.75363898277
Train	AUC[ROC]: 0.999988	AUC[PR]: 0.986875
Val	AUC[ROC]: 0.868142	AUC[PR]: 0.289397
Epoch evaluation duration: 107.070323944
Epoch duration: 115.823962927

Epoch 78/1000
Epoch training duration: 11.0300531387
Train	AUC[ROC]: 0.999991	AUC[PR]: 0.990353
Val	AUC[ROC]: 0.856059	AUC[PR]: 0.278708
Epoch evaluation duration: 102.627281904
Epoch duration: 113.657335043

Epoch 79/1000
Epoch training duration: 7.8857820034
Train	AUC[ROC]: 0.999995	AUC[PR]: 0.995853
Val	AUC[ROC]: 0.858962	AUC[PR]: 0.273935
Epoch evaluation duration: 97.70657897
Epoch duration: 105.592360973

Epoch 80/1000
Epoch training duration: 11.5356860161
Train	AUC[ROC]: 0.999989	AUC[PR]: 0.986058
Val	AUC[ROC]: 0.857414	AUC[PR]: 0.274032
Epoch evaluation duration: 108.00893116
Epoch duration: 119.544617176

Epoch 81/1000
Epoch training duration: 13.4002318382
Train	AUC[ROC]: 0.999995	AUC[PR]: 0.995061
Val	AUC[ROC]: 0.845756	AUC[PR]: 0.266860
Epoch evaluation duration: 102.798129082
Epoch duration: 116.19836092

Epoch 82/1000
Epoch training duration: 13.707862854
Train	AUC[ROC]: 0.999994	AUC[PR]: 0.992600
Val	AUC[ROC]: 0.856727	AUC[PR]: 0.268869
Epoch evaluation duration: 105.446776152
Epoch duration: 119.154639006

Epoch 83/1000
Epoch training duration: 11.6124870777
Train	AUC[ROC]: 0.999996	AUC[PR]: 0.994246
Val	AUC[ROC]: 0.849027	AUC[PR]: 0.258708
Epoch evaluation duration: 108.215903997
Epoch duration: 119.828391075

Epoch 84/1000
Epoch training duration: 10.6020708084
Train	AUC[ROC]: 0.999997	AUC[PR]: 0.997086
Val	AUC[ROC]: 0.832798	AUC[PR]: 0.273528
Epoch evaluation duration: 102.879230976
Epoch duration: 113.481301785

Epoch 85/1000
Epoch training duration: 11.3204071522
Train	AUC[ROC]: 0.999998	AUC[PR]: 0.997870
Val	AUC[ROC]: 0.840642	AUC[PR]: 0.275991
Epoch evaluation duration: 110.457350016
Epoch duration: 121.777757168

Epoch 86/1000
Epoch training duration: 12.5983300209
Train	AUC[ROC]: 0.999995	AUC[PR]: 0.995877
Val	AUC[ROC]: 0.837766	AUC[PR]: 0.274408
Epoch evaluation duration: 105.825356007
Epoch duration: 118.423686028

Epoch 87/1000
Epoch training duration: 12.4853839874
Train	AUC[ROC]: 0.999999	AUC[PR]: 0.999081
Val	AUC[ROC]: 0.834824	AUC[PR]: 0.273098
Epoch evaluation duration: 99.4365580082
Epoch duration: 111.921941996

Epoch 88/1000
Epoch training duration: 9.65614199638
Train	AUC[ROC]: 0.999998	AUC[PR]: 0.998714
Val	AUC[ROC]: 0.821407	AUC[PR]: 0.280119
Epoch evaluation duration: 108.555053949
Epoch duration: 118.211195946

Epoch 89/1000
Epoch training duration: 11.7343640327
Train	AUC[ROC]: 1.000000	AUC[PR]: 0.999789
Val	AUC[ROC]: 0.833699	AUC[PR]: 0.278335
Epoch evaluation duration: 103.696475983
Epoch duration: 115.430840015

Epoch 90/1000
Epoch training duration: 10.7327060699
Train	AUC[ROC]: 0.999996	AUC[PR]: 0.994643
Val	AUC[ROC]: 0.848202	AUC[PR]: 0.278515
Epoch evaluation duration: 105.851564884
Epoch duration: 116.584270954

Epoch 91/1000
Epoch training duration: 11.3756020069
Train	AUC[ROC]: 0.999997	AUC[PR]: 0.996646
Val	AUC[ROC]: 0.832602	AUC[PR]: 0.275645
Epoch evaluation duration: 105.118334055
Epoch duration: 116.493936062

Epoch 92/1000
Epoch training duration: 10.5932688713
Train	AUC[ROC]: 0.999998	AUC[PR]: 0.997933
Val	AUC[ROC]: 0.828379	AUC[PR]: 0.278427
Epoch evaluation duration: 94.815030098
Epoch duration: 105.408298969

Epoch 93/1000
Epoch training duration: 10.5361309052
Train	AUC[ROC]: 0.999999	AUC[PR]: 0.998800
Val	AUC[ROC]: 0.834426	AUC[PR]: 0.279398
Epoch evaluation duration: 103.166913033
Epoch duration: 113.703043938

Epoch 94/1000
Epoch training duration: 10.2166159153
Train	AUC[ROC]: 0.999999	AUC[PR]: 0.998893
Val	AUC[ROC]: 0.820127	AUC[PR]: 0.295600
Epoch evaluation duration: 108.040032148
Epoch duration: 118.256648064

Epoch 95/1000
Epoch training duration: 10.2220978737
Train	AUC[ROC]: 1.000000	AUC[PR]: 0.999605
Val	AUC[ROC]: 0.815140	AUC[PR]: 0.291991
Epoch evaluation duration: 99.858643055
Epoch duration: 110.080740929

Epoch 96/1000
Epoch training duration: 9.48875713348
Train	AUC[ROC]: 1.000000	AUC[PR]: 0.999713
Val	AUC[ROC]: 0.812865	AUC[PR]: 0.284696
Epoch evaluation duration: 106.883318901
Epoch duration: 116.372076035

Epoch 97/1000
Epoch training duration: 10.2157719135
Train	AUC[ROC]: 0.999999	AUC[PR]: 0.999355
Val	AUC[ROC]: 0.821117	AUC[PR]: 0.282704
Epoch evaluation duration: 92.7358531952
Epoch duration: 102.951625109

Epoch 98/1000
Epoch training duration: 12.3778719902
Train	AUC[ROC]: 1.000000	AUC[PR]: 0.999815
Val	AUC[ROC]: 0.831868	AUC[PR]: 0.280536
Epoch evaluation duration: 97.9903728962
Epoch duration: 110.368244886

Epoch 99/1000
Epoch training duration: 11.1401429176
Train	AUC[ROC]: 1.000000	AUC[PR]: 0.999689
Val	AUC[ROC]: 0.819235	AUC[PR]: 0.271820
Epoch evaluation duration: 100.249178171
Epoch duration: 111.389321089

Epoch 100/1000
Epoch training duration: 11.5740308762
Train	AUC[ROC]: 0.999998	AUC[PR]: 0.998312
Val	AUC[ROC]: 0.822682	AUC[PR]: 0.288642
Epoch evaluation duration: 106.422340155
Epoch duration: 117.996371031

Epoch 101/1000
Epoch training duration: 12.4228298664
Train	AUC[ROC]: 0.999999	AUC[PR]: 0.999281
Val	AUC[ROC]: 0.815468	AUC[PR]: 0.273638
Epoch evaluation duration: 107.796143055
Epoch duration: 120.218972921

Epoch 102/1000
Epoch training duration: 12.2773039341
Train	AUC[ROC]: 0.999999	AUC[PR]: 0.999471
Val	AUC[ROC]: 0.811497	AUC[PR]: 0.271764
Epoch evaluation duration: 109.405190945
Epoch duration: 121.682494879

Epoch 103/1000
Epoch training duration: 10.1901710033
Train	AUC[ROC]: 0.999999	AUC[PR]: 0.998722
Val	AUC[ROC]: 0.817459	AUC[PR]: 0.282242
Epoch evaluation duration: 106.889998198
Epoch duration: 117.080169201

Epoch 104/1000
Epoch training duration: 11.5089819431
Train	AUC[ROC]: 0.999999	AUC[PR]: 0.999003
Val	AUC[ROC]: 0.832813	AUC[PR]: 0.263558
Epoch evaluation duration: 110.158388853
Epoch duration: 121.667370796

Epoch 105/1000
Epoch training duration: 12.9538280964
Train	AUC[ROC]: 1.000000	AUC[PR]: 0.999730
Val	AUC[ROC]: 0.819322	AUC[PR]: 0.277314
Epoch evaluation duration: 102.357999086
Epoch duration: 115.311827183

Epoch 106/1000
Epoch training duration: 11.971642971
Train	AUC[ROC]: 0.999998	AUC[PR]: 0.998140
Val	AUC[ROC]: 0.805461	AUC[PR]: 0.262224
Epoch evaluation duration: 91.5822720528
Epoch duration: 103.553915024

Epoch 107/1000
Epoch training duration: 12.8466739655
Train	AUC[ROC]: 1.000000	AUC[PR]: 0.999754
Val	AUC[ROC]: 0.806085	AUC[PR]: 0.268509
Epoch evaluation duration: 108.762164831
Epoch duration: 121.608838797

Epoch 108/1000
Epoch training duration: 9.82102608681
Train	AUC[ROC]: 1.000000	AUC[PR]: 0.999881
Val	AUC[ROC]: 0.799655	AUC[PR]: 0.267457
Epoch evaluation duration: 96.4931600094
Epoch duration: 106.314186096

Epoch 109/1000
Epoch training duration: 12.1725940704
Train	AUC[ROC]: 1.000000	AUC[PR]: 0.999694
Val	AUC[ROC]: 0.809817	AUC[PR]: 0.266991
Epoch evaluation duration: 111.066035986
Epoch duration: 123.238630056

Epoch 110/1000
Epoch training duration: 12.1513199806
Train	AUC[ROC]: 1.000000	AUC[PR]: 0.999928
Val	AUC[ROC]: 0.806264	AUC[PR]: 0.272643
Epoch evaluation duration: 100.49907589
Epoch duration: 112.65039587

Epoch 111/1000
Epoch training duration: 11.2532830238
Train	AUC[ROC]: 1.000000	AUC[PR]: 0.999788
Val	AUC[ROC]: 0.817382	AUC[PR]: 0.282401
Epoch evaluation duration: 93.8963170052
Epoch duration: 105.149600029

Epoch 112/1000
Epoch training duration: 9.60810494423
Train	AUC[ROC]: 1.000000	AUC[PR]: 0.999927
Val	AUC[ROC]: 0.808520	AUC[PR]: 0.285964
Epoch evaluation duration: 103.163478136
Epoch duration: 112.77158308

Epoch 113/1000
Epoch training duration: 11.5188188553
Train	AUC[ROC]: 0.999997	AUC[PR]: 0.997023
Val	AUC[ROC]: 0.831930	AUC[PR]: 0.276229
Epoch evaluation duration: 110.313367128
Epoch duration: 121.832185984

Epoch 114/1000
Epoch training duration: 13.4114780426
Train	AUC[ROC]: 0.999999	AUC[PR]: 0.998943
Val	AUC[ROC]: 0.830324	AUC[PR]: 0.281618
Epoch evaluation duration: 105.433569908
Epoch duration: 118.845047951

Epoch 115/1000
Epoch training duration: 11.8915309906
Train	AUC[ROC]: 0.999999	AUC[PR]: 0.999485
Val	AUC[ROC]: 0.826784	AUC[PR]: 0.264839
Epoch evaluation duration: 106.088721991
Epoch duration: 117.980252981

Epoch 116/1000
Epoch training duration: 13.4404320717
Train	AUC[ROC]: 0.999996	AUC[PR]: 0.992455
Val	AUC[ROC]: 0.814011	AUC[PR]: 0.267082
Epoch evaluation duration: 102.660870075
Epoch duration: 116.101302147

Epoch 117/1000
Epoch training duration: 12.7174959183
Train	AUC[ROC]: 0.999997	AUC[PR]: 0.995406
Val	AUC[ROC]: 0.813820	AUC[PR]: 0.270405
Epoch evaluation duration: 98.6731688976
Epoch duration: 111.390664816

Epoch 118/1000
Epoch training duration: 12.1599171162
Train	AUC[ROC]: 0.999997	AUC[PR]: 0.997038
Val	AUC[ROC]: 0.827130	AUC[PR]: 0.267295
Epoch evaluation duration: 102.577568054
Epoch duration: 114.73748517

Epoch 119/1000
Epoch training duration: 11.3007698059
Train	AUC[ROC]: 0.999998	AUC[PR]: 0.998491
Val	AUC[ROC]: 0.817443	AUC[PR]: 0.264250
Epoch evaluation duration: 102.939120054
Epoch duration: 114.23988986

Epoch 120/1000
Epoch training duration: 11.3130750656
Train	AUC[ROC]: 0.999995	AUC[PR]: 0.990981
Val	AUC[ROC]: 0.817156	AUC[PR]: 0.254390
Epoch evaluation duration: 105.355038881
Epoch duration: 116.668113947

Epoch 121/1000
Epoch training duration: 12.8042190075
Train	AUC[ROC]: 0.999996	AUC[PR]: 0.995625
Val	AUC[ROC]: 0.813476	AUC[PR]: 0.262649
Epoch evaluation duration: 108.548598051
Epoch duration: 121.352817059

Epoch 122/1000
Epoch training duration: 12.4901430607
Train	AUC[ROC]: 0.999998	AUC[PR]: 0.998044
Val	AUC[ROC]: 0.821560	AUC[PR]: 0.291286
Epoch evaluation duration: 108.018943071
Epoch duration: 120.509086132

Epoch 123/1000
Epoch training duration: 11.468048811
Train	AUC[ROC]: 0.999999	AUC[PR]: 0.998979
Val	AUC[ROC]: 0.801836	AUC[PR]: 0.270532
Epoch evaluation duration: 105.521140099
Epoch duration: 116.98918891

Epoch 124/1000
Epoch training duration: 14.4111459255
Train	AUC[ROC]: 0.999999	AUC[PR]: 0.998926
Val	AUC[ROC]: 0.824665	AUC[PR]: 0.272898
Epoch evaluation duration: 111.551297188
Epoch duration: 125.962443113

Epoch 125/1000
Epoch training duration: 12.5533919334
Train	AUC[ROC]: 0.999998	AUC[PR]: 0.998672
Val	AUC[ROC]: 0.798296	AUC[PR]: 0.276925
Epoch evaluation duration: 105.813683987
Epoch duration: 118.36707592

Epoch 126/1000
Epoch training duration: 12.1815440655
Train	AUC[ROC]: 0.999999	AUC[PR]: 0.999573
Val	AUC[ROC]: 0.793132	AUC[PR]: 0.286334
Epoch evaluation duration: 109.744315863
Epoch duration: 121.925859928

Epoch 127/1000
Epoch training duration: 12.1261129379
Train	AUC[ROC]: 1.000000	AUC[PR]: 0.999770
Val	AUC[ROC]: 0.788654	AUC[PR]: 0.284325
Epoch evaluation duration: 108.223509073
Epoch duration: 120.349622011

Epoch 128/1000
Epoch training duration: 13.2469880581
Train	AUC[ROC]: 1.000000	AUC[PR]: 0.999854
Val	AUC[ROC]: 0.802348	AUC[PR]: 0.290504
Epoch evaluation duration: 112.817358971
Epoch duration: 126.064347029

Epoch 129/1000
Epoch training duration: 12.2180819511
Train	AUC[ROC]: 1.000000	AUC[PR]: 0.999973
Val	AUC[ROC]: 0.795828	AUC[PR]: 0.281853
Epoch evaluation duration: 106.085510015
Epoch duration: 118.303591967

Epoch 130/1000
Epoch training duration: 11.486520052
Train	AUC[ROC]: 0.999997	AUC[PR]: 0.993492
Val	AUC[ROC]: 0.802097	AUC[PR]: 0.282133
Epoch evaluation duration: 99.6634969711
Epoch duration: 111.150017023

Epoch 131/1000
Epoch training duration: 12.7053658962
Train	AUC[ROC]: 0.999997	AUC[PR]: 0.996184
Val	AUC[ROC]: 0.797805	AUC[PR]: 0.287401
Epoch evaluation duration: 109.445933104
Epoch duration: 122.151299

Epoch 132/1000
Epoch training duration: 12.8255770206
Train	AUC[ROC]: 0.999998	AUC[PR]: 0.997582
Val	AUC[ROC]: 0.799721	AUC[PR]: 0.285423
Epoch evaluation duration: 112.431066036
Epoch duration: 125.256643057

Epoch 133/1000
Epoch training duration: 13.191259861
Train	AUC[ROC]: 0.999999	AUC[PR]: 0.999347
Val	AUC[ROC]: 0.792576	AUC[PR]: 0.281152
Epoch evaluation duration: 111.354562044
Epoch duration: 124.545821905

Epoch 134/1000
Epoch training duration: 10.8950409889
Train	AUC[ROC]: 1.000000	AUC[PR]: 0.999794
Val	AUC[ROC]: 0.787989	AUC[PR]: 0.270682
Epoch evaluation duration: 104.768028021
Epoch duration: 115.66306901

Epoch 135/1000
Epoch training duration: 12.563849926
Train	AUC[ROC]: 1.000000	AUC[PR]: 0.999918
Val	AUC[ROC]: 0.785569	AUC[PR]: 0.270569
Epoch evaluation duration: 114.093755007
Epoch duration: 126.657604933

Epoch 136/1000
Epoch training duration: 13.3740291595
Train	AUC[ROC]: 1.000000	AUC[PR]: 0.999918
Val	AUC[ROC]: 0.789653	AUC[PR]: 0.277343
Epoch evaluation duration: 113.063269854
Epoch duration: 126.437299013

Epoch 137/1000
Epoch training duration: 14.8653740883
Train	AUC[ROC]: 1.000000	AUC[PR]: 0.999982
Val	AUC[ROC]: 0.790718	AUC[PR]: 0.285772
Epoch evaluation duration: 108.502964973
Epoch duration: 123.368339062

Epoch 138/1000
Epoch training duration: 11.9723720551
Train	AUC[ROC]: 0.999996	AUC[PR]: 0.989553
Val	AUC[ROC]: 0.793609	AUC[PR]: 0.282086
Epoch evaluation duration: 111.619935989
Epoch duration: 123.592308044

Epoch 139/1000
Epoch training duration: 12.8195619583
Train	AUC[ROC]: 0.999996	AUC[PR]: 0.989018
Val	AUC[ROC]: 0.786004	AUC[PR]: 0.279409
Epoch evaluation duration: 108.133738041
Epoch duration: 120.953299999

Epoch 140/1000
Epoch training duration: 12.0152070522
Train	AUC[ROC]: 0.999996	AUC[PR]: 0.988893
Val	AUC[ROC]: 0.783260	AUC[PR]: 0.272016
Epoch evaluation duration: 106.630784035
Epoch duration: 118.645991087

Epoch 141/1000
Epoch training duration: 11.2266128063
Train	AUC[ROC]: 0.999996	AUC[PR]: 0.993187
Val	AUC[ROC]: 0.798698	AUC[PR]: 0.281792
Epoch evaluation duration: 105.902023077
Epoch duration: 117.128635883

Epoch 142/1000
Epoch training duration: 12.8361001015
Train	AUC[ROC]: 0.999997	AUC[PR]: 0.995117
Val	AUC[ROC]: 0.812446	AUC[PR]: 0.271868
Epoch evaluation duration: 106.027040005
Epoch duration: 118.863140106

Epoch 143/1000
Epoch training duration: 12.2712898254
Train	AUC[ROC]: 0.999997	AUC[PR]: 0.995809
Val	AUC[ROC]: 0.803898	AUC[PR]: 0.265774
Epoch evaluation duration: 110.041877985
Epoch duration: 122.31316781

Epoch 144/1000
Epoch training duration: 13.7184760571
Train	AUC[ROC]: 0.999998	AUC[PR]: 0.997713
Val	AUC[ROC]: 0.808160	AUC[PR]: 0.271122
Epoch evaluation duration: 111.012779951
Epoch duration: 124.731256008

Epoch 145/1000
Epoch training duration: 12.3226501942
Train	AUC[ROC]: 0.999999	AUC[PR]: 0.999425
Val	AUC[ROC]: 0.809184	AUC[PR]: 0.276565
Epoch evaluation duration: 100.670308828
Epoch duration: 112.992959023

Epoch 146/1000
Epoch training duration: 13.2111670971
Train	AUC[ROC]: 1.000000	AUC[PR]: 0.999765
Val	AUC[ROC]: 0.803099	AUC[PR]: 0.285740
Epoch evaluation duration: 103.325025082
Epoch duration: 116.536192179

Epoch 147/1000
Epoch training duration: 13.4843389988
Train	AUC[ROC]: 1.000000	AUC[PR]: 0.999726
Val	AUC[ROC]: 0.808384	AUC[PR]: 0.275433
Epoch evaluation duration: 109.093631983
Epoch duration: 122.577970982

Epoch 148/1000
Epoch training duration: 11.0220680237
Train	AUC[ROC]: 1.000000	AUC[PR]: 0.999918
Val	AUC[ROC]: 0.797750	AUC[PR]: 0.278274
Epoch evaluation duration: 114.580734968
Epoch duration: 125.602802992

Epoch 149/1000
Epoch training duration: 12.8193588257
Train	AUC[ROC]: 1.000000	AUC[PR]: 0.999982
Val	AUC[ROC]: 0.792646	AUC[PR]: 0.295216
Epoch evaluation duration: 117.844717026
Epoch duration: 130.664075851

Epoch 150/1000
Epoch training duration: 13.8876349926
Train	AUC[ROC]: 1.000000	AUC[PR]: 0.999991
Val	AUC[ROC]: 0.795051	AUC[PR]: 0.288676
Epoch evaluation duration: 100.929109097
Epoch duration: 114.816744089

Epoch 151/1000
Epoch training duration: 12.2458438873
Train	AUC[ROC]: 0.999997	AUC[PR]: 0.993987
Val	AUC[ROC]: 0.805849	AUC[PR]: 0.270363
Epoch evaluation duration: 105.451093197
Epoch duration: 117.696937084

Epoch 152/1000
Epoch training duration: 12.5328228474
Train	AUC[ROC]: 0.999997	AUC[PR]: 0.993302
Val	AUC[ROC]: 0.796468	AUC[PR]: 0.274987
Epoch evaluation duration: 107.040734053
Epoch duration: 119.5735569

Epoch 153/1000
Epoch training duration: 13.9272310734
Train	AUC[ROC]: 0.999993	AUC[PR]: 0.986358
Val	AUC[ROC]: 0.795040	AUC[PR]: 0.267059
Epoch evaluation duration: 116.686434984
Epoch duration: 130.613666058

Epoch 154/1000
Epoch training duration: 13.3060679436
Train	AUC[ROC]: 0.999993	AUC[PR]: 0.986036
Val	AUC[ROC]: 0.783750	AUC[PR]: 0.264207
Epoch evaluation duration: 117.976547956
Epoch duration: 131.2826159

Epoch 155/1000
Epoch training duration: 11.6225259304
Train	AUC[ROC]: 0.999993	AUC[PR]: 0.984993
Val	AUC[ROC]: 0.787489	AUC[PR]: 0.261907
Epoch evaluation duration: 111.478523016
Epoch duration: 123.101048946

Epoch 156/1000
Epoch training duration: 13.2163619995
Train	AUC[ROC]: 0.999994	AUC[PR]: 0.988119
Val	AUC[ROC]: 0.777670	AUC[PR]: 0.269273
Epoch evaluation duration: 111.312403202
Epoch duration: 124.528765202

Epoch 157/1000
Epoch training duration: 11.9884459972
Train	AUC[ROC]: 0.999994	AUC[PR]: 0.989404
Val	AUC[ROC]: 0.781800	AUC[PR]: 0.260192
Epoch evaluation duration: 108.084218979
Epoch duration: 120.072664976

Epoch 158/1000
Epoch training duration: 13.4026448727
Train	AUC[ROC]: 0.999994	AUC[PR]: 0.989402
Val	AUC[ROC]: 0.792530	AUC[PR]: 0.266794
Epoch evaluation duration: 115.24279809
Epoch duration: 128.645442963

Epoch 159/1000
Epoch training duration: 12.343791008
Train	AUC[ROC]: 0.999994	AUC[PR]: 0.989951
Val	AUC[ROC]: 0.774462	AUC[PR]: 0.274139
Epoch evaluation duration: 112.882886887
Epoch duration: 125.226677895

Epoch 160/1000
Epoch training duration: 14.014040947
Train	AUC[ROC]: 0.999995	AUC[PR]: 0.990487
Val	AUC[ROC]: 0.772778	AUC[PR]: 0.274595
Epoch evaluation duration: 120.447842121
Epoch duration: 134.461883068

Epoch 161/1000
Epoch training duration: 14.5705800056
Train	AUC[ROC]: 0.999996	AUC[PR]: 0.991791
Val	AUC[ROC]: 0.783201	AUC[PR]: 0.271744
Epoch evaluation duration: 110.491384983
Epoch duration: 125.061964989

Epoch 162/1000
Epoch training duration: 12.2334311008
Train	AUC[ROC]: 0.999997	AUC[PR]: 0.993876
Val	AUC[ROC]: 0.793872	AUC[PR]: 0.289334
Epoch evaluation duration: 110.964492798
Epoch duration: 123.197923899

Epoch 163/1000
Epoch training duration: 11.8664870262
Train	AUC[ROC]: 0.999996	AUC[PR]: 0.992320
Val	AUC[ROC]: 0.782479	AUC[PR]: 0.286065
Epoch evaluation duration: 109.568724155
Epoch duration: 121.435211182

Epoch 164/1000
Epoch training duration: 13.5129039288
Train	AUC[ROC]: 0.999997	AUC[PR]: 0.992842
Val	AUC[ROC]: 0.783256	AUC[PR]: 0.283430
Epoch evaluation duration: 112.192848921
Epoch duration: 125.70575285

Epoch 165/1000
Epoch training duration: 11.5104720592
Train	AUC[ROC]: 0.999996	AUC[PR]: 0.991713
Val	AUC[ROC]: 0.769316	AUC[PR]: 0.282899
Epoch evaluation duration: 110.528996944
Epoch duration: 122.039469004

Epoch 166/1000
Epoch training duration: 11.3034410477
Train	AUC[ROC]: 0.999997	AUC[PR]: 0.993760
Val	AUC[ROC]: 0.775786	AUC[PR]: 0.268761
Epoch evaluation duration: 111.955261946
Epoch duration: 123.258702993

Epoch 167/1000
Epoch training duration: 11.7307281494
Train	AUC[ROC]: 0.999997	AUC[PR]: 0.992926
Val	AUC[ROC]: 0.763149	AUC[PR]: 0.274863
Epoch evaluation duration: 106.745694876
Epoch duration: 118.476423025

Epoch 168/1000
Epoch training duration: 11.8011469841
Train	AUC[ROC]: 0.999997	AUC[PR]: 0.993483
Val	AUC[ROC]: 0.768590	AUC[PR]: 0.288679
Epoch evaluation duration: 106.318945169
Epoch duration: 118.120092154

Epoch 169/1000
Epoch training duration: 11.3858499527
Train	AUC[ROC]: 0.999997	AUC[PR]: 0.993621
Val	AUC[ROC]: 0.764869	AUC[PR]: 0.283082
Epoch evaluation duration: 108.017982006
Epoch duration: 119.403831959

Epoch 170/1000
Epoch training duration: 11.7302188873
Train	AUC[ROC]: 0.999996	AUC[PR]: 0.992052
Val	AUC[ROC]: 0.752668	AUC[PR]: 0.279348
Epoch evaluation duration: 108.723219156
Epoch duration: 120.453438044

Epoch 171/1000
Epoch training duration: 12.0511739254
Train	AUC[ROC]: 0.999997	AUC[PR]: 0.992763
Val	AUC[ROC]: 0.753113	AUC[PR]: 0.272323
Epoch evaluation duration: 113.515815973
Epoch duration: 125.566989899

Epoch 172/1000
Epoch training duration: 13.3313660622
Train	AUC[ROC]: 0.999997	AUC[PR]: 0.994705
Val	AUC[ROC]: 0.774467	AUC[PR]: 0.275577
Epoch evaluation duration: 107.800261974
Epoch duration: 121.131628036

Epoch 173/1000
Epoch training duration: 12.7860779762
Train	AUC[ROC]: 0.999997	AUC[PR]: 0.993417
Val	AUC[ROC]: 0.760328	AUC[PR]: 0.275997
Epoch evaluation duration: 109.775633097
Epoch duration: 122.561711073

Epoch 174/1000
Epoch training duration: 14.6913888454
Train	AUC[ROC]: 0.999994	AUC[PR]: 0.989260
Val	AUC[ROC]: 0.781612	AUC[PR]: 0.276913
Epoch evaluation duration: 112.700153112
Epoch duration: 127.391541958

Epoch 175/1000
Epoch training duration: 11.9634430408
Train	AUC[ROC]: 0.999995	AUC[PR]: 0.991709
Val	AUC[ROC]: 0.781411	AUC[PR]: 0.280799
Epoch evaluation duration: 107.187826872
Epoch duration: 119.151269913

Epoch 176/1000
Epoch training duration: 13.2221889496
Train	AUC[ROC]: 0.999996	AUC[PR]: 0.992637
Val	AUC[ROC]: 0.777183	AUC[PR]: 0.280956
Epoch evaluation duration: 110.75873208
Epoch duration: 123.98092103

Epoch 177/1000
Epoch training duration: 12.1715550423
Train	AUC[ROC]: 0.999996	AUC[PR]: 0.993155
Val	AUC[ROC]: 0.770768	AUC[PR]: 0.284660
Epoch evaluation duration: 113.675107002
Epoch duration: 125.846662045

Epoch 178/1000
Epoch training duration: 12.255368948
Train	AUC[ROC]: 0.999997	AUC[PR]: 0.993725
Val	AUC[ROC]: 0.782343	AUC[PR]: 0.285507
Epoch evaluation duration: 108.968025923
Epoch duration: 121.223394871

Epoch 179/1000
Epoch training duration: 12.6693091393
Train	AUC[ROC]: 0.999997	AUC[PR]: 0.995957
Val	AUC[ROC]: 0.770467	AUC[PR]: 0.286810
Epoch evaluation duration: 107.883054018
Epoch duration: 120.552363157

Epoch 180/1000
Epoch training duration: 12.5263948441
Train	AUC[ROC]: 0.999997	AUC[PR]: 0.994074
Val	AUC[ROC]: 0.775944	AUC[PR]: 0.290782
Epoch evaluation duration: 108.833393097
Epoch duration: 121.359787941

Epoch 181/1000
Epoch training duration: 12.2310318947
Train	AUC[ROC]: 0.999998	AUC[PR]: 0.998034
Val	AUC[ROC]: 0.773891	AUC[PR]: 0.288300
Epoch evaluation duration: 106.504887104
Epoch duration: 118.735918999

Epoch 182/1000
Epoch training duration: 12.2779178619
Train	AUC[ROC]: 1.000000	AUC[PR]: 0.999646
Val	AUC[ROC]: 0.770226	AUC[PR]: 0.302450
Epoch evaluation duration: 118.04983902
Epoch duration: 130.327756882

Epoch 183/1000
Epoch training duration: 12.0211400986
Train	AUC[ROC]: 1.000000	AUC[PR]: 0.999899
Val	AUC[ROC]: 0.777026	AUC[PR]: 0.303108
Epoch evaluation duration: 113.669462919
Epoch duration: 125.690603018

Epoch 184/1000
Epoch training duration: 11.5803151131
Train	AUC[ROC]: 1.000000	AUC[PR]: 0.999890
Val	AUC[ROC]: 0.784298	AUC[PR]: 0.300360
Epoch evaluation duration: 104.122478962
Epoch duration: 115.702794075

Epoch 185/1000
Epoch training duration: 11.3693780899
Train	AUC[ROC]: 1.000000	AUC[PR]: 0.999954
Val	AUC[ROC]: 0.768725	AUC[PR]: 0.296412
Epoch evaluation duration: 110.766891956
Epoch duration: 122.136270046

Epoch 186/1000
Epoch training duration: 13.0377709866
Train	AUC[ROC]: 1.000000	AUC[PR]: 0.999991
Val	AUC[ROC]: 0.777101	AUC[PR]: 0.288916
Epoch evaluation duration: 101.156209946
Epoch duration: 114.193980932

Epoch 187/1000
Epoch training duration: 12.7924220562
Train	AUC[ROC]: 1.000000	AUC[PR]: 0.999991
Val	AUC[ROC]: 0.778094	AUC[PR]: 0.291497
Epoch evaluation duration: 109.732511044
Epoch duration: 122.5249331

Epoch 188/1000
Epoch training duration: 14.5603108406
Train	AUC[ROC]: 1.000000	AUC[PR]: 0.999991
Val	AUC[ROC]: 0.771537	AUC[PR]: 0.285140
Epoch evaluation duration: 108.826611996
Epoch duration: 123.386922836

Epoch 189/1000
Epoch training duration: 13.0099771023
Train	AUC[ROC]: 1.000000	AUC[PR]: 0.999991
Val	AUC[ROC]: 0.799574	AUC[PR]: 0.271478
Epoch evaluation duration: 108.357614994
Epoch duration: 121.367592096

Epoch 190/1000
Epoch training duration: 11.2950129509
Train	AUC[ROC]: 0.999991	AUC[PR]: 0.988558
Val	AUC[ROC]: 0.739153	AUC[PR]: 0.229034
Epoch evaluation duration: 111.751899958
Epoch duration: 123.046912909

Epoch 191/1000
Epoch training duration: 11.7158000469
Train	AUC[ROC]: 0.998424	AUC[PR]: 0.870280
Val	AUC[ROC]: 0.737222	AUC[PR]: 0.172326
Epoch evaluation duration: 107.869545937
Epoch duration: 119.585345984

Epoch 192/1000
Epoch training duration: 10.8578491211
Train	AUC[ROC]: 0.999896	AUC[PR]: 0.919687
Val	AUC[ROC]: 0.763904	AUC[PR]: 0.196261
Epoch evaluation duration: 110.683310032
Epoch duration: 121.541159153

Epoch 193/1000
Epoch training duration: 12.333783865
Train	AUC[ROC]: 0.999967	AUC[PR]: 0.961002
Val	AUC[ROC]: 0.750790	AUC[PR]: 0.213135
Epoch evaluation duration: 111.230448961
Epoch duration: 123.564232826

Epoch 194/1000
Epoch training duration: 12.3522062302
Train	AUC[ROC]: 0.999975	AUC[PR]: 0.966136
Val	AUC[ROC]: 0.743402	AUC[PR]: 0.227112
Epoch evaluation duration: 112.32522583
Epoch duration: 124.67743206

Epoch 195/1000
Epoch training duration: 13.2023329735
Train	AUC[ROC]: 0.999977	AUC[PR]: 0.966721
Val	AUC[ROC]: 0.738493	AUC[PR]: 0.225978
Epoch evaluation duration: 106.472223043
Epoch duration: 119.674556017

Epoch 196/1000
Epoch training duration: 11.8652210236
Train	AUC[ROC]: 0.999980	AUC[PR]: 0.970878
Val	AUC[ROC]: 0.737855	AUC[PR]: 0.244834
Epoch evaluation duration: 116.660758972
Epoch duration: 128.525979996

Epoch 197/1000
Epoch training duration: 13.2870810032
Train	AUC[ROC]: 0.999982	AUC[PR]: 0.974046
Val	AUC[ROC]: 0.740794	AUC[PR]: 0.260875
Epoch evaluation duration: 106.419093132
Epoch duration: 119.706174135

Epoch 198/1000
Epoch training duration: 11.8300979137
Train	AUC[ROC]: 0.999984	AUC[PR]: 0.975622
Val	AUC[ROC]: 0.740252	AUC[PR]: 0.258955
Epoch evaluation duration: 113.207973003
Epoch duration: 125.038070917

Epoch 199/1000
Epoch training duration: 14.0154290199
Train	AUC[ROC]: 0.999984	AUC[PR]: 0.976134
Val	AUC[ROC]: 0.744923	AUC[PR]: 0.269183
Epoch evaluation duration: 106.564213991
Epoch duration: 120.579643011

Epoch 200/1000
Epoch training duration: 9.5344889164
Train	AUC[ROC]: 0.999985	AUC[PR]: 0.975991
Val	AUC[ROC]: 0.740418	AUC[PR]: 0.269074
Epoch evaluation duration: 104.709557056
Epoch duration: 114.244045973

Epoch 201/1000
Epoch training duration: 13.6052188873
Train	AUC[ROC]: 0.999986	AUC[PR]: 0.976190
Val	AUC[ROC]: 0.738097	AUC[PR]: 0.269559
Epoch evaluation duration: 109.947000027
Epoch duration: 123.552218914

Epoch 202/1000
Epoch training duration: 12.9107260704
Train	AUC[ROC]: 0.999987	AUC[PR]: 0.979768
Val	AUC[ROC]: 0.739858	AUC[PR]: 0.263495
Epoch evaluation duration: 105.26068306
Epoch duration: 118.17140913

Epoch 203/1000
Epoch training duration: 11.7109940052
Train	AUC[ROC]: 0.999988	AUC[PR]: 0.981291
Val	AUC[ROC]: 0.740370	AUC[PR]: 0.258885
Epoch evaluation duration: 107.095419884
Epoch duration: 118.806413889

Epoch 204/1000
Epoch training duration: 12.358618021
Train	AUC[ROC]: 0.999989	AUC[PR]: 0.981731
Val	AUC[ROC]: 0.737634	AUC[PR]: 0.257228
Epoch evaluation duration: 105.802531004
Epoch duration: 118.161149025

Epoch 205/1000
Epoch training duration: 10.9563241005
Train	AUC[ROC]: 0.999989	AUC[PR]: 0.981740
Val	AUC[ROC]: 0.735475	AUC[PR]: 0.253368
Epoch evaluation duration: 113.845649958
Epoch duration: 124.801974058

Epoch 206/1000
Epoch training duration: 11.308989048
Train	AUC[ROC]: 0.999990	AUC[PR]: 0.982652
Val	AUC[ROC]: 0.736838	AUC[PR]: 0.250898
Epoch evaluation duration: 108.625880003
Epoch duration: 119.934869051

Epoch 207/1000
Epoch training duration: 12.3895769119
Train	AUC[ROC]: 0.999990	AUC[PR]: 0.982714
Val	AUC[ROC]: 0.738084	AUC[PR]: 0.248624
Epoch evaluation duration: 109.396328926
Epoch duration: 121.785905838

Epoch 208/1000
Epoch training duration: 11.9518191814
Train	AUC[ROC]: 0.999991	AUC[PR]: 0.983504
Val	AUC[ROC]: 0.737659	AUC[PR]: 0.251285
Epoch evaluation duration: 110.321712971
Epoch duration: 122.273532152

Epoch 209/1000
Epoch training duration: 12.1379640102
Train	AUC[ROC]: 0.999991	AUC[PR]: 0.984239
Val	AUC[ROC]: 0.737375	AUC[PR]: 0.250736
Epoch evaluation duration: 113.504881859
Epoch duration: 125.642845869

Epoch 210/1000
Epoch training duration: 10.9755811691
Train	AUC[ROC]: 0.999991	AUC[PR]: 0.985042
Val	AUC[ROC]: 0.752112	AUC[PR]: 0.252357
Epoch evaluation duration: 112.260262012
Epoch duration: 123.235843182

Epoch 211/1000
Epoch training duration: 11.4463438988
Train	AUC[ROC]: 0.999992	AUC[PR]: 0.985762
Val	AUC[ROC]: 0.746111	AUC[PR]: 0.250812
Epoch evaluation duration: 111.530226946
Epoch duration: 122.976570845

Epoch 212/1000
Epoch training duration: 11.5571341515
Train	AUC[ROC]: 0.999993	AUC[PR]: 0.986186
Val	AUC[ROC]: 0.745919	AUC[PR]: 0.254706
Epoch evaluation duration: 112.189472914
Epoch duration: 123.746607065

Epoch 213/1000
Epoch training duration: 12.8660190105
Train	AUC[ROC]: 0.999993	AUC[PR]: 0.986175
Val	AUC[ROC]: 0.743484	AUC[PR]: 0.254241
Epoch evaluation duration: 110.51600194
Epoch duration: 123.38202095

Epoch 214/1000
Epoch training duration: 11.1345491409
Train	AUC[ROC]: 0.999993	AUC[PR]: 0.985647
Val	AUC[ROC]: 0.741356	AUC[PR]: 0.254087
Epoch evaluation duration: 118.207714796
Epoch duration: 129.342263937

Epoch 215/1000
Epoch training duration: 12.006551981
Train	AUC[ROC]: 0.999993	AUC[PR]: 0.985491
Val	AUC[ROC]: 0.738923	AUC[PR]: 0.252399
Epoch evaluation duration: 110.337285042
Epoch duration: 122.343837023

Epoch 216/1000
Epoch training duration: 11.9694609642
Train	AUC[ROC]: 0.999993	AUC[PR]: 0.985328
Val	AUC[ROC]: 0.738030	AUC[PR]: 0.248522
Epoch evaluation duration: 114.297223091
Epoch duration: 126.266684055

Epoch 217/1000
Epoch training duration: 12.576474905
Train	AUC[ROC]: 0.999993	AUC[PR]: 0.985248
Val	AUC[ROC]: 0.737309	AUC[PR]: 0.248547
Epoch evaluation duration: 103.442457199
Epoch duration: 116.018932104

Epoch 218/1000
Epoch training duration: 10.9877729416
Train	AUC[ROC]: 0.999993	AUC[PR]: 0.985183
Val	AUC[ROC]: 0.737497	AUC[PR]: 0.249893
Epoch evaluation duration: 109.645773888
Epoch duration: 120.633546829

Epoch 219/1000
Epoch training duration: 10.8667771816
Train	AUC[ROC]: 0.999993	AUC[PR]: 0.985428
Val	AUC[ROC]: 0.742137	AUC[PR]: 0.249375
Epoch evaluation duration: 111.538679838
Epoch duration: 122.40545702

Epoch 220/1000
Epoch training duration: 12.0647511482
Train	AUC[ROC]: 0.999993	AUC[PR]: 0.986768
Val	AUC[ROC]: 0.747363	AUC[PR]: 0.250318
Epoch evaluation duration: 108.478070021
Epoch duration: 120.542821169

Epoch 221/1000
Epoch training duration: 11.7957258224
Train	AUC[ROC]: 0.999993	AUC[PR]: 0.985929
Val	AUC[ROC]: 0.744695	AUC[PR]: 0.250694
Epoch evaluation duration: 115.007838011
Epoch duration: 126.803563833

Epoch 222/1000
Epoch training duration: 11.9384710789
Train	AUC[ROC]: 0.999993	AUC[PR]: 0.985997
Val	AUC[ROC]: 0.746655	AUC[PR]: 0.250483
Epoch evaluation duration: 110.413781881
Epoch duration: 122.35225296

Epoch 223/1000
Epoch training duration: 12.550014019
Train	AUC[ROC]: 0.999993	AUC[PR]: 0.985998
Val	AUC[ROC]: 0.746507	AUC[PR]: 0.246186
Epoch evaluation duration: 107.265083075
Epoch duration: 119.815097094

Epoch 224/1000
Epoch training duration: 11.5937581062
Train	AUC[ROC]: 0.999993	AUC[PR]: 0.985511
Val	AUC[ROC]: 0.744561	AUC[PR]: 0.247788
Epoch evaluation duration: 114.370206833
Epoch duration: 125.963964939

Epoch 225/1000
Epoch training duration: 12.9836201668
Train	AUC[ROC]: 0.999994	AUC[PR]: 0.988123
Val	AUC[ROC]: 0.742759	AUC[PR]: 0.247259
Epoch evaluation duration: 113.342788935
Epoch duration: 126.326409101

Epoch 226/1000
Epoch training duration: 13.440515995
Train	AUC[ROC]: 0.999994	AUC[PR]: 0.988278
Val	AUC[ROC]: 0.743157	AUC[PR]: 0.247537
Epoch evaluation duration: 111.627227068
Epoch duration: 125.067743063

Epoch 227/1000
Epoch training duration: 12.6854388714
Train	AUC[ROC]: 0.999993	AUC[PR]: 0.987426
Val	AUC[ROC]: 0.749890	AUC[PR]: 0.248568
Epoch evaluation duration: 112.226305008
Epoch duration: 124.911743879

Epoch 228/1000
Epoch training duration: 12.131401062
Train	AUC[ROC]: 0.999994	AUC[PR]: 0.989533
Val	AUC[ROC]: 0.752504	AUC[PR]: 0.242104
Epoch evaluation duration: 113.562250853
Epoch duration: 125.693651915

Epoch 229/1000
Epoch training duration: 12.0266442299
Train	AUC[ROC]: 0.999993	AUC[PR]: 0.986759
Val	AUC[ROC]: 0.739918	AUC[PR]: 0.245405
Epoch evaluation duration: 108.530084848
Epoch duration: 120.556729078

Epoch 230/1000
Epoch training duration: 13.30590415
Train	AUC[ROC]: 0.999993	AUC[PR]: 0.985915
Val	AUC[ROC]: 0.736672	AUC[PR]: 0.243666
Epoch evaluation duration: 106.820113897
Epoch duration: 120.126018047

Epoch 231/1000
Epoch training duration: 11.0291268826
Train	AUC[ROC]: 0.999994	AUC[PR]: 0.989094
Val	AUC[ROC]: 0.734421	AUC[PR]: 0.245292
Epoch evaluation duration: 110.083213091
Epoch duration: 121.112339973

Epoch 232/1000
Epoch training duration: 11.8060779572
Train	AUC[ROC]: 0.999994	AUC[PR]: 0.989349
Val	AUC[ROC]: 0.734182	AUC[PR]: 0.247508
Epoch evaluation duration: 112.249516964
Epoch duration: 124.055594921

Epoch 233/1000
Epoch training duration: 12.578523159
Train	AUC[ROC]: 0.999994	AUC[PR]: 0.989363
Val	AUC[ROC]: 0.735354	AUC[PR]: 0.247092
Epoch evaluation duration: 109.456748009
Epoch duration: 122.035271168

Epoch 234/1000
Epoch training duration: 10.3315198421
Train	AUC[ROC]: 0.999993	AUC[PR]: 0.986758
Val	AUC[ROC]: 0.751094	AUC[PR]: 0.246262
Epoch evaluation duration: 106.686817169
Epoch duration: 117.018337011

Epoch 235/1000
Epoch training duration: 12.7557058334
Train	AUC[ROC]: 0.999992	AUC[PR]: 0.986155
Val	AUC[ROC]: 0.745394	AUC[PR]: 0.244671
Epoch evaluation duration: 111.885241032
Epoch duration: 124.640946865

Epoch 236/1000
Epoch training duration: 12.7387490273
Train	AUC[ROC]: 0.999993	AUC[PR]: 0.987587
Val	AUC[ROC]: 0.750392	AUC[PR]: 0.238768
Epoch evaluation duration: 109.320416927
Epoch duration: 122.059165955

Epoch 237/1000
Epoch training duration: 12.8399541378
Train	AUC[ROC]: 0.999993	AUC[PR]: 0.987394
Val	AUC[ROC]: 0.741566	AUC[PR]: 0.238651
Epoch evaluation duration: 104.134974957
Epoch duration: 116.974929094

Epoch 238/1000
Epoch training duration: 11.8966889381
Train	AUC[ROC]: 0.999994	AUC[PR]: 0.990569
Val	AUC[ROC]: 0.739872	AUC[PR]: 0.236630
Epoch evaluation duration: 108.201099157
Epoch duration: 120.097788095

Epoch 239/1000
Epoch training duration: 12.4539887905
Train	AUC[ROC]: 0.999994	AUC[PR]: 0.990674
Val	AUC[ROC]: 0.740374	AUC[PR]: 0.237864
Epoch evaluation duration: 109.114509106
Epoch duration: 121.568497896

Epoch 240/1000
Epoch training duration: 12.800194025
Train	AUC[ROC]: 0.999995	AUC[PR]: 0.990902
Val	AUC[ROC]: 0.737584	AUC[PR]: 0.240051
Epoch evaluation duration: 109.299846888
Epoch duration: 122.100040913

Epoch 241/1000
Epoch training duration: 13.1320459843
Train	AUC[ROC]: 0.999995	AUC[PR]: 0.991339
Val	AUC[ROC]: 0.737750	AUC[PR]: 0.240263
Epoch evaluation duration: 109.933377028
Epoch duration: 123.065423012

Epoch 242/1000
Epoch training duration: 13.2842481136
Train	AUC[ROC]: 0.999995	AUC[PR]: 0.992002
Val	AUC[ROC]: 0.737110	AUC[PR]: 0.239403
Epoch evaluation duration: 108.092349052
Epoch duration: 121.376597166

Epoch 243/1000
Epoch training duration: 12.7453768253
Train	AUC[ROC]: 0.999995	AUC[PR]: 0.991993
Val	AUC[ROC]: 0.751166	AUC[PR]: 0.243863
Epoch evaluation duration: 110.521098137
Epoch duration: 123.266474962

Epoch 244/1000
Epoch training duration: 12.2729198933
Train	AUC[ROC]: 0.999996	AUC[PR]: 0.992579
Val	AUC[ROC]: 0.749704	AUC[PR]: 0.242575
Epoch evaluation duration: 113.160303116
Epoch duration: 125.433223009

Epoch 245/1000
Epoch training duration: 11.7039608955
Train	AUC[ROC]: 0.999996	AUC[PR]: 0.992989
Val	AUC[ROC]: 0.752084	AUC[PR]: 0.246247
Epoch evaluation duration: 106.782696009
Epoch duration: 118.486656904

Epoch 246/1000
Epoch training duration: 12.0857460499
Train	AUC[ROC]: 0.999996	AUC[PR]: 0.993474
Val	AUC[ROC]: 0.749960	AUC[PR]: 0.249417
Epoch evaluation duration: 116.468281984
Epoch duration: 128.554028034

Epoch 247/1000
Epoch training duration: 14.1059570312
Train	AUC[ROC]: 0.999997	AUC[PR]: 0.993653
Val	AUC[ROC]: 0.748686	AUC[PR]: 0.243884
Epoch evaluation duration: 109.263908863
Epoch duration: 123.369865894

Epoch 248/1000
Epoch training duration: 13.4128170013
Train	AUC[ROC]: 0.999996	AUC[PR]: 0.993646
Val	AUC[ROC]: 0.754602	AUC[PR]: 0.244479
Epoch evaluation duration: 110.077449083
Epoch duration: 123.490266085

Epoch 249/1000
Epoch training duration: 11.4704661369
Train	AUC[ROC]: 0.999996	AUC[PR]: 0.993348
Val	AUC[ROC]: 0.743989	AUC[PR]: 0.243503
Epoch evaluation duration: 115.130867958
Epoch duration: 126.601334095

Epoch 250/1000
Epoch training duration: 14.07417202
Train	AUC[ROC]: 0.999997	AUC[PR]: 0.993434
Val	AUC[ROC]: 0.747699	AUC[PR]: 0.244708
Epoch evaluation duration: 113.910163879
Epoch duration: 127.984335899

Epoch 251/1000
Epoch training duration: 12.2557520866
Train	AUC[ROC]: 0.999997	AUC[PR]: 0.993492
Val	AUC[ROC]: 0.747772	AUC[PR]: 0.243645
Epoch evaluation duration: 103.598088026
Epoch duration: 115.853840113

Epoch 252/1000
Epoch training duration: 11.8595340252
Train	AUC[ROC]: 0.999997	AUC[PR]: 0.993660
Val	AUC[ROC]: 0.747578	AUC[PR]: 0.248584
Epoch evaluation duration: 111.329621792
Epoch duration: 123.189155817

Epoch 253/1000
Epoch training duration: 12.3488810062
Train	AUC[ROC]: 0.999997	AUC[PR]: 0.993719
Val	AUC[ROC]: 0.748523	AUC[PR]: 0.246036
Epoch evaluation duration: 106.790688038
Epoch duration: 119.139569044

Epoch 254/1000
Epoch training duration: 13.1190719604
Train	AUC[ROC]: 0.999997	AUC[PR]: 0.993509
Val	AUC[ROC]: 0.745927	AUC[PR]: 0.244713
Epoch evaluation duration: 105.55956316
Epoch duration: 118.67863512

Epoch 255/1000
Epoch training duration: 12.9070019722
Train	AUC[ROC]: 0.999997	AUC[PR]: 0.994775
Val	AUC[ROC]: 0.756940	AUC[PR]: 0.239266
Epoch evaluation duration: 116.29351306
Epoch duration: 129.200515032

Epoch 256/1000
Epoch training duration: 11.5147600174
Train	AUC[ROC]: 0.999997	AUC[PR]: 0.994312
Val	AUC[ROC]: 0.751323	AUC[PR]: 0.242854
Epoch evaluation duration: 100.175888777
Epoch duration: 111.690648794

Epoch 257/1000
Epoch training duration: 11.2968871593
Train	AUC[ROC]: 0.999997	AUC[PR]: 0.994026
Val	AUC[ROC]: 0.751440	AUC[PR]: 0.226724
Epoch evaluation duration: 105.162410975
Epoch duration: 116.459298134

Epoch 258/1000
Epoch training duration: 10.7530860901
Train	AUC[ROC]: 0.999997	AUC[PR]: 0.993614
Val	AUC[ROC]: 0.745929	AUC[PR]: 0.229794
Epoch evaluation duration: 108.876060009
Epoch duration: 119.629146099

Epoch 259/1000
Epoch training duration: 12.7612798214
Train	AUC[ROC]: 0.999997	AUC[PR]: 0.995053
Val	AUC[ROC]: 0.765928	AUC[PR]: 0.225768
Epoch evaluation duration: 104.588140011
Epoch duration: 117.349419832

Epoch 260/1000
Epoch training duration: 12.5856101513
Train	AUC[ROC]: 0.999997	AUC[PR]: 0.994654
Val	AUC[ROC]: 0.753898	AUC[PR]: 0.222426
Epoch evaluation duration: 111.327167988
Epoch duration: 123.912778139

Epoch 261/1000
Epoch training duration: 10.3117129803
Train	AUC[ROC]: 0.999997	AUC[PR]: 0.993792
Val	AUC[ROC]: 0.749744	AUC[PR]: 0.222089
Epoch evaluation duration: 106.700850964
Epoch duration: 117.012563944

Epoch 262/1000
Epoch training duration: 9.82594299316
Train	AUC[ROC]: 0.999997	AUC[PR]: 0.994033
Val	AUC[ROC]: 0.749055	AUC[PR]: 0.227255
Epoch evaluation duration: 100.844398975
Epoch duration: 110.670341969

Epoch 263/1000
Epoch training duration: 13.0090000629
Train	AUC[ROC]: 0.999995	AUC[PR]: 0.991030
Val	AUC[ROC]: 0.766544	AUC[PR]: 0.231369
Epoch evaluation duration: 102.163535833
Epoch duration: 115.172535896

Epoch 264/1000
Epoch training duration: 10.9433500767
Train	AUC[ROC]: 0.999994	AUC[PR]: 0.988764
Val	AUC[ROC]: 0.752882	AUC[PR]: 0.227344
Epoch evaluation duration: 99.3222219944
Epoch duration: 110.265572071

Epoch 265/1000
Epoch training duration: 12.8755869865
Train	AUC[ROC]: 0.999994	AUC[PR]: 0.989199
Val	AUC[ROC]: 0.751089	AUC[PR]: 0.218144
Epoch evaluation duration: 101.224174976
Epoch duration: 114.099761963

Epoch 266/1000
Epoch training duration: 9.86385703087
Train	AUC[ROC]: 0.999994	AUC[PR]: 0.987858
Val	AUC[ROC]: 0.748397	AUC[PR]: 0.217901
Epoch evaluation duration: 100.625987053
Epoch duration: 110.489844084

Epoch 267/1000
Epoch training duration: 13.2706999779
Train	AUC[ROC]: 0.999993	AUC[PR]: 0.987387
Val	AUC[ROC]: 0.747704	AUC[PR]: 0.220580
Epoch evaluation duration: 108.500494957
Epoch duration: 121.771194935

Epoch 268/1000
Epoch training duration: 11.5350439548
Train	AUC[ROC]: 0.999994	AUC[PR]: 0.991288
Val	AUC[ROC]: 0.754375	AUC[PR]: 0.219523
Epoch evaluation duration: 109.467442989
Epoch duration: 121.002486944

Epoch 269/1000
Epoch training duration: 12.8439440727
Train	AUC[ROC]: 0.999995	AUC[PR]: 0.992807
Val	AUC[ROC]: 0.755512	AUC[PR]: 0.229747
Epoch evaluation duration: 100.928043127
Epoch duration: 113.7719872

Epoch 270/1000
Epoch training duration: 12.7267889977
Train	AUC[ROC]: 0.999996	AUC[PR]: 0.993250
Val	AUC[ROC]: 0.753579	AUC[PR]: 0.227625
Epoch evaluation duration: 92.0478889942
Epoch duration: 104.774677992

Epoch 271/1000
Epoch training duration: 10.7758708
Train	AUC[ROC]: 0.999997	AUC[PR]: 0.994323
Val	AUC[ROC]: 0.756523	AUC[PR]: 0.230961
Epoch evaluation duration: 89.3163430691
Epoch duration: 100.092213869

Epoch 272/1000
Epoch training duration: 10.2180850506
Train	AUC[ROC]: 0.999997	AUC[PR]: 0.994325
Val	AUC[ROC]: 0.764882	AUC[PR]: 0.227994
Epoch evaluation duration: 97.0486800671
Epoch duration: 107.266765118

Epoch 273/1000
Epoch training duration: 11.4831340313
Train	AUC[ROC]: 0.999997	AUC[PR]: 0.994900
Val	AUC[ROC]: 0.758502	AUC[PR]: 0.229887
Epoch evaluation duration: 103.434260845
Epoch duration: 114.917394876

Epoch 274/1000
Epoch training duration: 12.7243871689
Train	AUC[ROC]: 0.999997	AUC[PR]: 0.994664
Val	AUC[ROC]: 0.753504	AUC[PR]: 0.232174
Epoch evaluation duration: 113.429247856
Epoch duration: 126.153635025

Epoch 275/1000
Epoch training duration: 10.6427440643
Train	AUC[ROC]: 0.999997	AUC[PR]: 0.994731
Val	AUC[ROC]: 0.755116	AUC[PR]: 0.226845
Epoch evaluation duration: 101.979033947
Epoch duration: 112.621778011

Epoch 276/1000
Epoch training duration: 12.176774025
Train	AUC[ROC]: 0.999997	AUC[PR]: 0.995124
Val	AUC[ROC]: 0.759390	AUC[PR]: 0.226242
Epoch evaluation duration: 97.2721860409
Epoch duration: 109.448960066

Epoch 277/1000
Epoch training duration: 13.0801959038
Train	AUC[ROC]: 0.999997	AUC[PR]: 0.994670
Val	AUC[ROC]: 0.755305	AUC[PR]: 0.227389
Epoch evaluation duration: 108.156285048
Epoch duration: 121.236480951

Epoch 278/1000
Epoch training duration: 12.7923660278
Train	AUC[ROC]: 0.999997	AUC[PR]: 0.995229
Val	AUC[ROC]: 0.758850	AUC[PR]: 0.231623
Epoch evaluation duration: 99.2571530342
Epoch duration: 112.049519062

Epoch 279/1000
Epoch training duration: 9.9958589077
Train	AUC[ROC]: 0.999997	AUC[PR]: 0.994806
Val	AUC[ROC]: 0.750490	AUC[PR]: 0.229059
Epoch evaluation duration: 98.3141510487
Epoch duration: 108.310009956

Epoch 280/1000
Epoch training duration: 11.1194019318
Train	AUC[ROC]: 0.999997	AUC[PR]: 0.995403
Val	AUC[ROC]: 0.761025	AUC[PR]: 0.232380
Epoch evaluation duration: 98.4996960163
Epoch duration: 109.619097948

Epoch 281/1000
Epoch training duration: 10.1108341217
Train	AUC[ROC]: 0.999997	AUC[PR]: 0.995091
Val	AUC[ROC]: 0.756201	AUC[PR]: 0.229456
Epoch evaluation duration: 103.561640024
Epoch duration: 113.672474146

Epoch 282/1000
Epoch training duration: 10.6970608234
Train	AUC[ROC]: 0.999997	AUC[PR]: 0.994789
Val	AUC[ROC]: 0.752654	AUC[PR]: 0.232816
Epoch evaluation duration: 105.767914057
Epoch duration: 116.46497488

Epoch 283/1000
Epoch training duration: 10.6807219982
Train	AUC[ROC]: 0.999997	AUC[PR]: 0.994910
Val	AUC[ROC]: 0.754033	AUC[PR]: 0.232603
Epoch evaluation duration: 95.5089030266
Epoch duration: 106.189625025

Epoch 284/1000
Epoch training duration: 13.9867889881
Train	AUC[ROC]: 0.999997	AUC[PR]: 0.995651
Val	AUC[ROC]: 0.759357	AUC[PR]: 0.237775
Epoch evaluation duration: 100.931776047
Epoch duration: 114.918565035

Epoch 285/1000
Epoch training duration: 8.73938298225
Train	AUC[ROC]: 0.999997	AUC[PR]: 0.995606
Val	AUC[ROC]: 0.753863	AUC[PR]: 0.242425
Epoch evaluation duration: 102.68934989
Epoch duration: 111.428732872

Epoch 286/1000
Epoch training duration: 9.5502371788
Train	AUC[ROC]: 0.999997	AUC[PR]: 0.995229
Val	AUC[ROC]: 0.755976	AUC[PR]: 0.240837
Epoch evaluation duration: 109.617062807
Epoch duration: 119.167299986

Epoch 287/1000
Epoch training duration: 11.4109470844
Train	AUC[ROC]: 0.999997	AUC[PR]: 0.995881
Val	AUC[ROC]: 0.754724	AUC[PR]: 0.241446
Epoch evaluation duration: 105.560295105
Epoch duration: 116.971242189

Epoch 288/1000
Epoch training duration: 12.4099178314
Train	AUC[ROC]: 0.999997	AUC[PR]: 0.995669
Val	AUC[ROC]: 0.743803	AUC[PR]: 0.240827
Epoch evaluation duration: 95.0447671413
Epoch duration: 107.454684973

Epoch 289/1000
Epoch training duration: 12.8948619366
Train	AUC[ROC]: 0.999997	AUC[PR]: 0.995941
Val	AUC[ROC]: 0.761536	AUC[PR]: 0.239637
Epoch evaluation duration: 102.10097003
Epoch duration: 114.995831966

Epoch 290/1000
Epoch training duration: 10.8599569798
Train	AUC[ROC]: 0.999997	AUC[PR]: 0.995934
Val	AUC[ROC]: 0.758461	AUC[PR]: 0.240614
Epoch evaluation duration: 107.959292889
Epoch duration: 118.819249868

Epoch 291/1000
Epoch training duration: 10.4269711971
Train	AUC[ROC]: 0.999994	AUC[PR]: 0.989845
Val	AUC[ROC]: 0.771805	AUC[PR]: 0.187983
Epoch evaluation duration: 99.4269828796
Epoch duration: 109.853954077

Epoch 292/1000
Epoch training duration: 10.6883540154
Train	AUC[ROC]: 0.999994	AUC[PR]: 0.989633
Val	AUC[ROC]: 0.756625	AUC[PR]: 0.201885
Epoch evaluation duration: 96.663918972
Epoch duration: 107.352272987

Epoch 293/1000
Epoch training duration: 12.4591491222
Train	AUC[ROC]: 0.999994	AUC[PR]: 0.989791
Val	AUC[ROC]: 0.747873	AUC[PR]: 0.209934
Epoch evaluation duration: 97.9487309456
Epoch duration: 110.407880068

Epoch 294/1000
Epoch training duration: 11.397343874
Train	AUC[ROC]: 0.999994	AUC[PR]: 0.990142
Val	AUC[ROC]: 0.744674	AUC[PR]: 0.201775
Epoch evaluation duration: 97.7732310295
Epoch duration: 109.170574903

Epoch 295/1000
Epoch training duration: 11.5159201622
Train	AUC[ROC]: 0.999994	AUC[PR]: 0.989705
Val	AUC[ROC]: 0.741763	AUC[PR]: 0.210113
Epoch evaluation duration: 100.7715168
Epoch duration: 112.287436962

Epoch 296/1000
Epoch training duration: 12.1376411915
Train	AUC[ROC]: 0.999994	AUC[PR]: 0.990219
Val	AUC[ROC]: 0.742354	AUC[PR]: 0.218539
Epoch evaluation duration: 101.182384014
Epoch duration: 113.320025206

Epoch 297/1000
Epoch training duration: 11.179161787
Train	AUC[ROC]: 0.999994	AUC[PR]: 0.990480
Val	AUC[ROC]: 0.746350	AUC[PR]: 0.242248
Epoch evaluation duration: 105.888827085
Epoch duration: 117.067988873

Epoch 298/1000
Epoch training duration: 13.5810980797
Train	AUC[ROC]: 0.999994	AUC[PR]: 0.990651
Val	AUC[ROC]: 0.746251	AUC[PR]: 0.241858
Epoch evaluation duration: 112.16703105
Epoch duration: 125.748129129

Epoch 299/1000
Epoch training duration: 10.5773599148
Train	AUC[ROC]: 0.999995	AUC[PR]: 0.991097
Val	AUC[ROC]: 0.757391	AUC[PR]: 0.227663
Epoch evaluation duration: 95.487596035
Epoch duration: 106.06495595

Epoch 300/1000
Epoch training duration: 8.10962200165
Train	AUC[ROC]: 0.999994	AUC[PR]: 0.990722
Val	AUC[ROC]: 0.755580	AUC[PR]: 0.226840
Epoch evaluation duration: 106.305081844
Epoch duration: 114.414703846

Epoch 301/1000
Epoch training duration: 12.8431670666
Train	AUC[ROC]: 0.999994	AUC[PR]: 0.990750
Val	AUC[ROC]: 0.752994	AUC[PR]: 0.231405
Epoch evaluation duration: 104.521224976
Epoch duration: 117.364392042

Epoch 302/1000
Epoch training duration: 12.4357800484
Train	AUC[ROC]: 0.999994	AUC[PR]: 0.990870
Val	AUC[ROC]: 0.753136	AUC[PR]: 0.232961
Epoch evaluation duration: 99.6984379292
Epoch duration: 112.134217978

Epoch 303/1000
Epoch training duration: 11.9838931561
Train	AUC[ROC]: 0.999994	AUC[PR]: 0.990641
Val	AUC[ROC]: 0.751426	AUC[PR]: 0.232100
Epoch evaluation duration: 104.77353096
Epoch duration: 116.757424116

Epoch 304/1000
Epoch training duration: 10.4897210598
Train	AUC[ROC]: 0.999994	AUC[PR]: 0.990973
Val	AUC[ROC]: 0.754022	AUC[PR]: 0.229795
Epoch evaluation duration: 108.986959934
Epoch duration: 119.476680994

Epoch 305/1000
Epoch training duration: 9.28578686714
Train	AUC[ROC]: 0.999994	AUC[PR]: 0.990806
Val	AUC[ROC]: 0.752543	AUC[PR]: 0.229539
Epoch evaluation duration: 97.7355091572
Epoch duration: 107.021296024

Epoch 306/1000
Epoch training duration: 9.95650291443
Train	AUC[ROC]: 0.999994	AUC[PR]: 0.990832
Val	AUC[ROC]: 0.751166	AUC[PR]: 0.229241
Epoch evaluation duration: 97.4072740078
Epoch duration: 107.363776922

Epoch 307/1000
Epoch training duration: 10.3457689285
Train	AUC[ROC]: 0.999995	AUC[PR]: 0.991062
Val	AUC[ROC]: 0.752233	AUC[PR]: 0.230636
Epoch evaluation duration: 98.2398271561
Epoch duration: 108.585596085

Epoch 308/1000
Epoch training duration: 10.9967229366
Train	AUC[ROC]: 0.999995	AUC[PR]: 0.991070
Val	AUC[ROC]: 0.752246	AUC[PR]: 0.232193
Epoch evaluation duration: 98.1215291023
Epoch duration: 109.118252039

Epoch 309/1000
Epoch training duration: 13.6912047863
Train	AUC[ROC]: 0.999995	AUC[PR]: 0.991044
Val	AUC[ROC]: 0.753381	AUC[PR]: 0.234294
Epoch evaluation duration: 105.880289078
Epoch duration: 119.571493864

Epoch 310/1000
Epoch training duration: 11.2503700256
Train	AUC[ROC]: 0.999995	AUC[PR]: 0.991683
Val	AUC[ROC]: 0.751476	AUC[PR]: 0.234405
Epoch evaluation duration: 97.3614799976
Epoch duration: 108.611850023

Epoch 311/1000
Epoch training duration: 11.8416678905
Train	AUC[ROC]: 0.999995	AUC[PR]: 0.992110
Val	AUC[ROC]: 0.753308	AUC[PR]: 0.237804
Epoch evaluation duration: 97.7648470402
Epoch duration: 109.606514931

Epoch 312/1000
Epoch training duration: 14.1014831066
Train	AUC[ROC]: 0.999995	AUC[PR]: 0.991421
Val	AUC[ROC]: 0.750008	AUC[PR]: 0.235875
Epoch evaluation duration: 107.119817019
Epoch duration: 121.221300125

Epoch 313/1000
Epoch training duration: 12.6030130386
Train	AUC[ROC]: 0.999995	AUC[PR]: 0.992006
Val	AUC[ROC]: 0.750124	AUC[PR]: 0.236432
Epoch evaluation duration: 107.584675789
Epoch duration: 120.187688828

Epoch 314/1000
Epoch training duration: 12.4914181232
Train	AUC[ROC]: 0.999995	AUC[PR]: 0.991857
Val	AUC[ROC]: 0.748675	AUC[PR]: 0.237715
Epoch evaluation duration: 115.270662069
Epoch duration: 127.762080193

Epoch 315/1000
Epoch training duration: 13.5698678493
Train	AUC[ROC]: 0.999995	AUC[PR]: 0.992408
Val	AUC[ROC]: 0.751050	AUC[PR]: 0.235783
Epoch evaluation duration: 109.833791018
Epoch duration: 123.403658867

Epoch 316/1000
Epoch training duration: 12.5374159813
Train	AUC[ROC]: 0.999995	AUC[PR]: 0.992521
Val	AUC[ROC]: 0.749937	AUC[PR]: 0.234560
Epoch evaluation duration: 107.86523819
Epoch duration: 120.402654171

Epoch 317/1000
Epoch training duration: 12.6907618046
Train	AUC[ROC]: 0.999995	AUC[PR]: 0.992716
Val	AUC[ROC]: 0.752467	AUC[PR]: 0.240019
Epoch evaluation duration: 115.09999609
Epoch duration: 127.790757895

Epoch 318/1000
Epoch training duration: 11.7121250629
Train	AUC[ROC]: 0.999995	AUC[PR]: 0.992673
Val	AUC[ROC]: 0.754578	AUC[PR]: 0.238390
Epoch evaluation duration: 107.094220877
Epoch duration: 118.80634594

Epoch 319/1000
Epoch training duration: 10.8752260208
Train	AUC[ROC]: 0.999995	AUC[PR]: 0.992381
Val	AUC[ROC]: 0.750979	AUC[PR]: 0.236190
Epoch evaluation duration: 104.822221994
Epoch duration: 115.697448015

Epoch 320/1000
Epoch training duration: 13.286438942
Train	AUC[ROC]: 0.999995	AUC[PR]: 0.992104
Val	AUC[ROC]: 0.751249	AUC[PR]: 0.237810
Epoch evaluation duration: 109.763312101
Epoch duration: 123.049751043

Epoch 321/1000
Epoch training duration: 11.0087769032
Train	AUC[ROC]: 0.999997	AUC[PR]: 0.995314
Val	AUC[ROC]: 0.752183	AUC[PR]: 0.237960
Epoch evaluation duration: 108.639727116
Epoch duration: 119.648504019

Epoch 322/1000
Epoch training duration: 12.5206980705
Train	AUC[ROC]: 0.999997	AUC[PR]: 0.995871
Val	AUC[ROC]: 0.751169	AUC[PR]: 0.239101
Epoch evaluation duration: 108.07600379
Epoch duration: 120.59670186

Epoch 323/1000
Epoch training duration: 12.8229300976
Train	AUC[ROC]: 0.999998	AUC[PR]: 0.996147
Val	AUC[ROC]: 0.750864	AUC[PR]: 0.241101
Epoch evaluation duration: 107.98439312
Epoch duration: 120.807323217

Epoch 324/1000
Epoch training duration: 11.9588778019
Train	AUC[ROC]: 0.999998	AUC[PR]: 0.996369
Val	AUC[ROC]: 0.760512	AUC[PR]: 0.238968
Epoch evaluation duration: 111.949880123
Epoch duration: 123.908757925

Epoch 325/1000
Epoch training duration: 11.2878348827
Train	AUC[ROC]: 0.999998	AUC[PR]: 0.996293
Val	AUC[ROC]: 0.761172	AUC[PR]: 0.233222
Epoch evaluation duration: 108.167855978
Epoch duration: 119.455690861

Epoch 326/1000
Epoch training duration: 12.3010761738
Train	AUC[ROC]: 0.999998	AUC[PR]: 0.996225
Val	AUC[ROC]: 0.757922	AUC[PR]: 0.234131
Epoch evaluation duration: 114.552917957
Epoch duration: 126.853994131

Epoch 327/1000
Epoch training duration: 13.6016559601
Train	AUC[ROC]: 0.999998	AUC[PR]: 0.996442
Val	AUC[ROC]: 0.755801	AUC[PR]: 0.243343
Epoch evaluation duration: 111.568478107
Epoch duration: 125.170134068

Epoch 328/1000
Epoch training duration: 13.2766489983
Train	AUC[ROC]: 0.999998	AUC[PR]: 0.996345
Val	AUC[ROC]: 0.754856	AUC[PR]: 0.236856
Epoch evaluation duration: 111.177770853
Epoch duration: 124.454419851

Epoch 329/1000
Epoch training duration: 12.5529420376
Train	AUC[ROC]: 0.999998	AUC[PR]: 0.996377
Val	AUC[ROC]: 0.754471	AUC[PR]: 0.237286
Epoch evaluation duration: 108.245597124
Epoch duration: 120.798539162

Epoch 330/1000
Epoch training duration: 13.0195798874
Train	AUC[ROC]: 0.999998	AUC[PR]: 0.996320
Val	AUC[ROC]: 0.750367	AUC[PR]: 0.236193
Epoch evaluation duration: 114.030818939
Epoch duration: 127.050398827

Epoch 331/1000
Epoch training duration: 13.576567173
Train	AUC[ROC]: 0.999998	AUC[PR]: 0.996312
Val	AUC[ROC]: 0.750503	AUC[PR]: 0.235034
Epoch evaluation duration: 111.169531822
Epoch duration: 124.746098995

Epoch 332/1000
Epoch training duration: 12.1924891472
Train	AUC[ROC]: 0.999998	AUC[PR]: 0.996153
Val	AUC[ROC]: 0.747328	AUC[PR]: 0.234344
Epoch evaluation duration: 105.246852875
Epoch duration: 117.439342022

Epoch 333/1000
Epoch training duration: 11.8030500412
Train	AUC[ROC]: 0.999998	AUC[PR]: 0.996093
Val	AUC[ROC]: 0.746993	AUC[PR]: 0.232752
Epoch evaluation duration: 107.322818041
Epoch duration: 119.125868082

Epoch 334/1000
Epoch training duration: 12.5084080696
Train	AUC[ROC]: 0.999998	AUC[PR]: 0.996167
Val	AUC[ROC]: 0.748396	AUC[PR]: 0.233173
Epoch evaluation duration: 111.377337933
Epoch duration: 123.885746002

Epoch 335/1000
Epoch training duration: 12.0910038948
Train	AUC[ROC]: 0.999996	AUC[PR]: 0.994062
Val	AUC[ROC]: 0.764113	AUC[PR]: 0.216262
Epoch evaluation duration: 115.678646088
Epoch duration: 127.769649982

Epoch 336/1000
Epoch training duration: 13.0447559357
Train	AUC[ROC]: 0.999997	AUC[PR]: 0.994974
Val	AUC[ROC]: 0.760125	AUC[PR]: 0.212199
Epoch evaluation duration: 109.862127066
Epoch duration: 122.906883001

Epoch 337/1000
Epoch training duration: 11.5096859932
Train	AUC[ROC]: 0.999997	AUC[PR]: 0.995141
Val	AUC[ROC]: 0.758823	AUC[PR]: 0.201814
Epoch evaluation duration: 112.272591114
Epoch duration: 123.782277107

Epoch 338/1000
Epoch training duration: 12.3652019501
Train	AUC[ROC]: 0.999997	AUC[PR]: 0.995363
Val	AUC[ROC]: 0.752828	AUC[PR]: 0.200212
Epoch evaluation duration: 110.44548893
Epoch duration: 122.81069088

Epoch 339/1000
Epoch training duration: 11.5909121037
Train	AUC[ROC]: 0.999997	AUC[PR]: 0.995488
Val	AUC[ROC]: 0.754165	AUC[PR]: 0.205508
Epoch evaluation duration: 110.436524868
Epoch duration: 122.027436972

Epoch 340/1000
Epoch training duration: 13.0065751076
Train	AUC[ROC]: 0.999997	AUC[PR]: 0.995664
Val	AUC[ROC]: 0.750583	AUC[PR]: 0.217101
Epoch evaluation duration: 108.083468914
Epoch duration: 121.090044022

Epoch 341/1000
Epoch training duration: 12.6427071095
Train	AUC[ROC]: 0.999997	AUC[PR]: 0.995503
Val	AUC[ROC]: 0.747552	AUC[PR]: 0.215768
Epoch evaluation duration: 109.49377799
Epoch duration: 122.1364851

Epoch 342/1000
Epoch training duration: 11.4568228722
Train	AUC[ROC]: 0.999998	AUC[PR]: 0.998145
Val	AUC[ROC]: 0.743994	AUC[PR]: 0.223054
Epoch evaluation duration: 111.244332075
Epoch duration: 122.701154947

Epoch 343/1000
Epoch training duration: 12.3648040295
Train	AUC[ROC]: 0.999997	AUC[PR]: 0.995281
Val	AUC[ROC]: 0.745011	AUC[PR]: 0.223881
Epoch evaluation duration: 107.297673941
Epoch duration: 119.66247797

Epoch 344/1000
Epoch training duration: 12.6257719994
Train	AUC[ROC]: 1.000000	AUC[PR]: 0.999991
Val	AUC[ROC]: 0.745371	AUC[PR]: 0.225728
Epoch evaluation duration: 113.981290102
Epoch duration: 126.607062101

Epoch 345/1000
Epoch training duration: 12.4042358398
Train	AUC[ROC]: 1.000000	AUC[PR]: 0.999991
Val	AUC[ROC]: 0.749372	AUC[PR]: 0.229451
Epoch evaluation duration: 112.92691803
Epoch duration: 125.33115387

Epoch 346/1000
Epoch training duration: 10.3729040623
Train	AUC[ROC]: 0.999998	AUC[PR]: 0.996275
Val	AUC[ROC]: 0.754403	AUC[PR]: 0.221893
Epoch evaluation duration: 115.335685015
Epoch duration: 125.708589077

Epoch 347/1000
Epoch training duration: 12.4035818577
Train	AUC[ROC]: 0.999998	AUC[PR]: 0.996277
Val	AUC[ROC]: 0.752806	AUC[PR]: 0.221877
Epoch evaluation duration: 108.200165033
Epoch duration: 120.603746891

Epoch 348/1000
Epoch training duration: 12.481924057
Train	AUC[ROC]: 0.999998	AUC[PR]: 0.996233
Val	AUC[ROC]: 0.750049	AUC[PR]: 0.223657
Epoch evaluation duration: 102.702073097
Epoch duration: 115.183997154

Epoch 349/1000
Epoch training duration: 11.162498951
Train	AUC[ROC]: 0.999998	AUC[PR]: 0.996235
Val	AUC[ROC]: 0.749326	AUC[PR]: 0.246494
Epoch evaluation duration: 105.591901064
Epoch duration: 116.754400015

Epoch 350/1000
Epoch training duration: 12.3040838242
Train	AUC[ROC]: 0.999995	AUC[PR]: 0.992619
Val	AUC[ROC]: 0.761339	AUC[PR]: 0.210884
Epoch evaluation duration: 112.96934104
Epoch duration: 125.273424864

Epoch 351/1000
Epoch training duration: 12.93937397
Train	AUC[ROC]: 0.999995	AUC[PR]: 0.992576
Val	AUC[ROC]: 0.755177	AUC[PR]: 0.213910
Epoch evaluation duration: 111.330068111
Epoch duration: 124.269442081

Epoch 352/1000
Epoch training duration: 10.579720974
Train	AUC[ROC]: 0.999995	AUC[PR]: 0.992259
Val	AUC[ROC]: 0.751508	AUC[PR]: 0.219423
Epoch evaluation duration: 111.541862965
Epoch duration: 122.121583939

Epoch 353/1000
Epoch training duration: 12.022591114
Train	AUC[ROC]: 0.999995	AUC[PR]: 0.992535
Val	AUC[ROC]: 0.755246	AUC[PR]: 0.220546
Epoch evaluation duration: 107.28972578
Epoch duration: 119.312316895

Epoch 354/1000
Epoch training duration: 11.5811340809
Train	AUC[ROC]: 0.999995	AUC[PR]: 0.993010
Val	AUC[ROC]: 0.762516	AUC[PR]: 0.225977
Epoch evaluation duration: 107.83138299
Epoch duration: 119.412517071

Epoch 355/1000
Epoch training duration: 11.4353890419
Train	AUC[ROC]: 0.999997	AUC[PR]: 0.995258
Val	AUC[ROC]: 0.757618	AUC[PR]: 0.226004
Epoch evaluation duration: 108.6113379
Epoch duration: 120.046726942

Epoch 356/1000
Epoch training duration: 10.6353991032
Train	AUC[ROC]: 0.999997	AUC[PR]: 0.995454
Val	AUC[ROC]: 0.758125	AUC[PR]: 0.228893
Epoch evaluation duration: 106.983648062
Epoch duration: 117.619047165

Epoch 357/1000
Epoch training duration: 12.1136519909
Train	AUC[ROC]: 0.999997	AUC[PR]: 0.995856
Val	AUC[ROC]: 0.760772	AUC[PR]: 0.228178
Epoch evaluation duration: 113.308874846
Epoch duration: 125.422526836

Epoch 358/1000
Epoch training duration: 11.8637402058
Train	AUC[ROC]: 0.999998	AUC[PR]: 0.996171
Val	AUC[ROC]: 0.756584	AUC[PR]: 0.237807
Epoch evaluation duration: 110.823914766
Epoch duration: 122.687654972

Epoch 359/1000
Epoch training duration: 13.7548391819
Train	AUC[ROC]: 0.999998	AUC[PR]: 0.996288
Val	AUC[ROC]: 0.758557	AUC[PR]: 0.230304
Epoch evaluation duration: 109.89028883
Epoch duration: 123.645128012

Epoch 360/1000
Epoch training duration: 12.3962910175
Train	AUC[ROC]: 0.999998	AUC[PR]: 0.996302
Val	AUC[ROC]: 0.754982	AUC[PR]: 0.229432
Epoch evaluation duration: 108.345520973
Epoch duration: 120.741811991

Epoch 361/1000
Epoch training duration: 12.3710250854
Train	AUC[ROC]: 0.999998	AUC[PR]: 0.996368
Val	AUC[ROC]: 0.752675	AUC[PR]: 0.236800
Epoch evaluation duration: 115.590681076
Epoch duration: 127.961706161

Epoch 362/1000
Epoch training duration: 11.7742738724
Train	AUC[ROC]: 0.999998	AUC[PR]: 0.996324
Val	AUC[ROC]: 0.752980	AUC[PR]: 0.237155
Epoch evaluation duration: 111.941948175
Epoch duration: 123.716222048

Epoch 363/1000
Epoch training duration: 11.707269907
Train	AUC[ROC]: 0.999998	AUC[PR]: 0.996238
Val	AUC[ROC]: 0.750804	AUC[PR]: 0.236264
Epoch evaluation duration: 109.665951967
Epoch duration: 121.373221874

Epoch 364/1000
Epoch training duration: 12.1525170803
Train	AUC[ROC]: 0.999998	AUC[PR]: 0.996250
Val	AUC[ROC]: 0.749891	AUC[PR]: 0.228380
Epoch evaluation duration: 111.805058956
Epoch duration: 123.957576036

Epoch 365/1000
Epoch training duration: 11.5406548977
Train	AUC[ROC]: 0.999998	AUC[PR]: 0.996235
Val	AUC[ROC]: 0.751334	AUC[PR]: 0.229714
Epoch evaluation duration: 107.071834087
Epoch duration: 118.612488985

Epoch 366/1000
Epoch training duration: 12.5417721272
Train	AUC[ROC]: 0.999998	AUC[PR]: 0.996440
Val	AUC[ROC]: 0.750885	AUC[PR]: 0.229419
Epoch evaluation duration: 106.124160767
Epoch duration: 118.665932894

Epoch 367/1000
Epoch training duration: 12.87926507
Train	AUC[ROC]: 0.999998	AUC[PR]: 0.996504
Val	AUC[ROC]: 0.749707	AUC[PR]: 0.229480
Epoch evaluation duration: 106.870011091
Epoch duration: 119.749276161

Epoch 368/1000
Epoch training duration: 12.7465779781
Train	AUC[ROC]: 0.999998	AUC[PR]: 0.996418
Val	AUC[ROC]: 0.747755	AUC[PR]: 0.229035
Epoch evaluation duration: 111.964425087
Epoch duration: 124.711003065

Epoch 369/1000
Epoch training duration: 12.2182068825
Train	AUC[ROC]: 0.999998	AUC[PR]: 0.996545
Val	AUC[ROC]: 0.748664	AUC[PR]: 0.229033
Epoch evaluation duration: 108.057271957
Epoch duration: 120.27547884

Epoch 370/1000
Epoch training duration: 12.8668291569
Train	AUC[ROC]: 0.999998	AUC[PR]: 0.996451
Val	AUC[ROC]: 0.748604	AUC[PR]: 0.231345
Epoch evaluation duration: 111.363714933
Epoch duration: 124.23054409

Epoch 371/1000
Epoch training duration: 11.7689878941
Train	AUC[ROC]: 0.999998	AUC[PR]: 0.996514
Val	AUC[ROC]: 0.748602	AUC[PR]: 0.232394
Epoch evaluation duration: 110.160454035
Epoch duration: 121.929441929

Epoch 372/1000
Epoch training duration: 13.1728169918
Train	AUC[ROC]: 0.999998	AUC[PR]: 0.996463
Val	AUC[ROC]: 0.748651	AUC[PR]: 0.232551
Epoch evaluation duration: 113.705563068
Epoch duration: 126.87838006

Epoch 373/1000
Epoch training duration: 11.1990509033
Train	AUC[ROC]: 0.999998	AUC[PR]: 0.996493
Val	AUC[ROC]: 0.748868	AUC[PR]: 0.229998
Epoch evaluation duration: 107.082468987
Epoch duration: 118.28151989

Epoch 374/1000
Epoch training duration: 12.6520731449
Train	AUC[ROC]: 0.999998	AUC[PR]: 0.996482
Val	AUC[ROC]: 0.750531	AUC[PR]: 0.227184
Epoch evaluation duration: 109.014243841
Epoch duration: 121.666316986

Epoch 375/1000
Epoch training duration: 11.624078989
Train	AUC[ROC]: 0.999998	AUC[PR]: 0.996726
Val	AUC[ROC]: 0.768028	AUC[PR]: 0.224473
Epoch evaluation duration: 114.682615995
Epoch duration: 126.306694984

Epoch 376/1000
Epoch training duration: 11.4807081223
Train	AUC[ROC]: 0.999998	AUC[PR]: 0.996716
Val	AUC[ROC]: 0.762981	AUC[PR]: 0.230636
Epoch evaluation duration: 112.554861069
Epoch duration: 124.035569191

Epoch 377/1000
Epoch training duration: 13.6231570244
Train	AUC[ROC]: 0.999998	AUC[PR]: 0.996745
Val	AUC[ROC]: 0.761618	AUC[PR]: 0.223519
Epoch evaluation duration: 106.972037792
Epoch duration: 120.595194817

Epoch 378/1000
Epoch training duration: 10.5833740234
Train	AUC[ROC]: 0.999998	AUC[PR]: 0.996636
Val	AUC[ROC]: 0.752196	AUC[PR]: 0.227050
Epoch evaluation duration: 107.601551056
Epoch duration: 118.184925079

Epoch 379/1000
Epoch training duration: 12.1259551048
Train	AUC[ROC]: 0.999998	AUC[PR]: 0.996475
Val	AUC[ROC]: 0.748439	AUC[PR]: 0.226065
Epoch evaluation duration: 113.514768839
Epoch duration: 125.640723944

Epoch 380/1000
Epoch training duration: 14.7597520351
Train	AUC[ROC]: 0.999998	AUC[PR]: 0.996431
Val	AUC[ROC]: 0.746508	AUC[PR]: 0.234037
Epoch evaluation duration: 111.458806038
Epoch duration: 126.218558073

Epoch 381/1000
Epoch training duration: 11.7120099068
Train	AUC[ROC]: 0.999998	AUC[PR]: 0.996168
Val	AUC[ROC]: 0.746346	AUC[PR]: 0.234558
Epoch evaluation duration: 107.985838175
Epoch duration: 119.697848082

Epoch 382/1000
Epoch training duration: 12.0710499287
Train	AUC[ROC]: 0.999998	AUC[PR]: 0.996566
Val	AUC[ROC]: 0.745447	AUC[PR]: 0.234891
Epoch evaluation duration: 112.431943893
Epoch duration: 124.502993822

Epoch 383/1000
Epoch training duration: 12.7716112137
Train	AUC[ROC]: 0.999998	AUC[PR]: 0.996677
Val	AUC[ROC]: 0.747771	AUC[PR]: 0.229252
Epoch evaluation duration: 107.119403839
Epoch duration: 119.891015053

Epoch 384/1000
Epoch training duration: 13.2668001652
Train	AUC[ROC]: 0.999998	AUC[PR]: 0.996716
Val	AUC[ROC]: 0.746715	AUC[PR]: 0.237525
Epoch evaluation duration: 105.780100822
Epoch duration: 119.046900988

train precision: 0.999898976798
train roc: 0.99999987648
train hit in top 2563: 332.0 out of 332.0

val precision: 0.303108159869
val roc: 0.777025658791
val hit in top 427: 32.0 out of 56.0

test precision: 0.169511159542
test roc: 0.695641531602
test hit in top 427: 31.0 out of 56.0

ratio: 0.02, EF: 28.5714285714,	active: 56.0
ratio: 0.02, NEF: 0.571428571429
ratio: 0.01, EF: 55.3571428571,	active: 56.0
ratio: 0.01, NEF: 0.553571428571
ratio: 0.0015, EF: 214.285714286,	active: 56.0
ratio: 0.0015, NEF: 0.321428571429
ratio: 0.001, EF: 232.142857143,	active: 56.0
ratio: 0.001, NEF: 0.309523809524

