label_name_list  [u'PriA-SSB AS Activity']
train files  ['../datasets/keck_pria/fold_0.csv' '../datasets/keck_pria/fold_1.csv'
 '../datasets/keck_pria/fold_2.csv' '../datasets/keck_pria/fold_3.csv'
 '../datasets/keck_pria/fold_4.csv' '../datasets/keck_pria/fold_5.csv']
val files  ['../datasets/keck_pria/fold_6.csv']
test files  ['../datasets/keck_pria/fold_7.csv']
Class Weight  [{0: 1.0, 1: 766.6317365269462}]
Epoch 1/200
Epoch training duration: 7.58273696899
Train	AUC[ROC]: 0.931606	AUC[PR]: 0.109655
Val	AUC[ROC]: 0.842693	AUC[PR]: 0.077767
Epoch evaluation duration: 51.5201101303
Epoch duration: 59.1028470993

Epoch 2/200
Epoch training duration: 8.27436995506
Train	AUC[ROC]: 0.968237	AUC[PR]: 0.145061
Val	AUC[ROC]: 0.879677	AUC[PR]: 0.082657
Epoch evaluation duration: 48.4552540779
Epoch duration: 56.729624033

Epoch 3/200
Epoch training duration: 7.76895093918
Train	AUC[ROC]: 0.985218	AUC[PR]: 0.183413
Val	AUC[ROC]: 0.884834	AUC[PR]: 0.093233
Epoch evaluation duration: 45.1649730206
Epoch duration: 52.9339239597

Epoch 4/200
Epoch training duration: 8.28155589104
Train	AUC[ROC]: 0.991657	AUC[PR]: 0.233339
Val	AUC[ROC]: 0.894522	AUC[PR]: 0.101098
Epoch evaluation duration: 58.8164730072
Epoch duration: 67.0980288982

Epoch 5/200
Epoch training duration: 7.51931905746
Train	AUC[ROC]: 0.994989	AUC[PR]: 0.269238
Val	AUC[ROC]: 0.896035	AUC[PR]: 0.109105
Epoch evaluation duration: 47.3739359379
Epoch duration: 54.8932549953

Epoch 6/200
Epoch training duration: 7.22467803955
Train	AUC[ROC]: 0.996907	AUC[PR]: 0.326104
Val	AUC[ROC]: 0.910375	AUC[PR]: 0.113675
Epoch evaluation duration: 46.0371129513
Epoch duration: 53.2617909908

Epoch 7/200
Epoch training duration: 8.16945004463
Train	AUC[ROC]: 0.997843	AUC[PR]: 0.367725
Val	AUC[ROC]: 0.912215	AUC[PR]: 0.115113
Epoch evaluation duration: 56.8621160984
Epoch duration: 65.031566143

Epoch 8/200
Epoch training duration: 7.94302296638
Train	AUC[ROC]: 0.998546	AUC[PR]: 0.420008
Val	AUC[ROC]: 0.911628	AUC[PR]: 0.108705
Epoch evaluation duration: 50.6346080303
Epoch duration: 58.5776309967

Epoch 9/200
Epoch training duration: 8.30929398537
Train	AUC[ROC]: 0.998894	AUC[PR]: 0.471553
Val	AUC[ROC]: 0.906555	AUC[PR]: 0.116923
Epoch evaluation duration: 54.9154160023
Epoch duration: 63.2247099876

Epoch 10/200
Epoch training duration: 7.28149986267
Train	AUC[ROC]: 0.999006	AUC[PR]: 0.492237
Val	AUC[ROC]: 0.910413	AUC[PR]: 0.114374
Epoch evaluation duration: 53.8413729668
Epoch duration: 61.1228728294

Epoch 11/200
Epoch training duration: 8.21627402306
Train	AUC[ROC]: 0.999275	AUC[PR]: 0.555161
Val	AUC[ROC]: 0.913620	AUC[PR]: 0.116997
Epoch evaluation duration: 43.1779170036
Epoch duration: 51.3941910267

Epoch 12/200
Epoch training duration: 7.96500611305
Train	AUC[ROC]: 0.999412	AUC[PR]: 0.605800
Val	AUC[ROC]: 0.910084	AUC[PR]: 0.122579
Epoch evaluation duration: 51.9454169273
Epoch duration: 59.9104230404

Epoch 13/200
Epoch training duration: 8.10823702812
Train	AUC[ROC]: 0.999500	AUC[PR]: 0.649920
Val	AUC[ROC]: 0.903747	AUC[PR]: 0.133242
Epoch evaluation duration: 50.7245841026
Epoch duration: 58.8328211308

Epoch 14/200
Epoch training duration: 8.17335391045
Train	AUC[ROC]: 0.999614	AUC[PR]: 0.694181
Val	AUC[ROC]: 0.909519	AUC[PR]: 0.130828
Epoch evaluation duration: 52.7456429005
Epoch duration: 60.9189968109

Epoch 15/200
Epoch training duration: 8.79623317719
Train	AUC[ROC]: 0.999661	AUC[PR]: 0.717333
Val	AUC[ROC]: 0.906500	AUC[PR]: 0.143023
Epoch evaluation duration: 53.7223060131
Epoch duration: 62.5185391903

Epoch 16/200
Epoch training duration: 8.09966278076
Train	AUC[ROC]: 0.999683	AUC[PR]: 0.722408
Val	AUC[ROC]: 0.909500	AUC[PR]: 0.141374
Epoch evaluation duration: 49.9526982307
Epoch duration: 58.0523610115

Epoch 17/200
Epoch training duration: 8.68403792381
Train	AUC[ROC]: 0.999725	AUC[PR]: 0.749314
Val	AUC[ROC]: 0.906527	AUC[PR]: 0.136265
Epoch evaluation duration: 51.4237148762
Epoch duration: 60.1077528

Epoch 18/200
Epoch training duration: 7.43559002876
Train	AUC[ROC]: 0.999760	AUC[PR]: 0.773782
Val	AUC[ROC]: 0.914960	AUC[PR]: 0.145599
Epoch evaluation duration: 55.8647091389
Epoch duration: 63.3002991676

Epoch 19/200
Epoch training duration: 7.93699383736
Train	AUC[ROC]: 0.999792	AUC[PR]: 0.793996
Val	AUC[ROC]: 0.915976	AUC[PR]: 0.148009
Epoch evaluation duration: 47.0885591507
Epoch duration: 55.0255529881

Epoch 20/200
Epoch training duration: 8.04755592346
Train	AUC[ROC]: 0.999815	AUC[PR]: 0.814792
Val	AUC[ROC]: 0.909728	AUC[PR]: 0.155621
Epoch evaluation duration: 57.4295909405
Epoch duration: 65.4771468639

Epoch 21/200
Epoch training duration: 8.54811406136
Train	AUC[ROC]: 0.999834	AUC[PR]: 0.816414
Val	AUC[ROC]: 0.908952	AUC[PR]: 0.160499
Epoch evaluation duration: 52.5376288891
Epoch duration: 61.0857429504

Epoch 22/200
Epoch training duration: 8.32122612
Train	AUC[ROC]: 0.999872	AUC[PR]: 0.863885
Val	AUC[ROC]: 0.896668	AUC[PR]: 0.166173
Epoch evaluation duration: 50.8672399521
Epoch duration: 59.1884660721

Epoch 23/200
Epoch training duration: 7.6483900547
Train	AUC[ROC]: 0.999863	AUC[PR]: 0.851837
Val	AUC[ROC]: 0.898952	AUC[PR]: 0.159891
Epoch evaluation duration: 56.809016943
Epoch duration: 64.4574069977

Epoch 24/200
Epoch training duration: 7.61199092865
Train	AUC[ROC]: 0.999874	AUC[PR]: 0.861022
Val	AUC[ROC]: 0.900834	AUC[PR]: 0.161700
Epoch evaluation duration: 55.7866120338
Epoch duration: 63.3986029625

Epoch 25/200
Epoch training duration: 7.75937914848
Train	AUC[ROC]: 0.999913	AUC[PR]: 0.903770
Val	AUC[ROC]: 0.892402	AUC[PR]: 0.164229
Epoch evaluation duration: 54.6625039577
Epoch duration: 62.4218831062

Epoch 26/200
Epoch training duration: 7.85341000557
Train	AUC[ROC]: 0.999906	AUC[PR]: 0.893826
Val	AUC[ROC]: 0.893812	AUC[PR]: 0.164612
Epoch evaluation duration: 50.8818879128
Epoch duration: 58.7352979183

Epoch 27/200
Epoch training duration: 7.68559813499
Train	AUC[ROC]: 0.999928	AUC[PR]: 0.923418
Val	AUC[ROC]: 0.888915	AUC[PR]: 0.168932
Epoch evaluation duration: 50.9115350246
Epoch duration: 58.5971331596

Epoch 28/200
Epoch training duration: 7.90554094315
Train	AUC[ROC]: 0.999939	AUC[PR]: 0.935839
Val	AUC[ROC]: 0.886571	AUC[PR]: 0.165252
Epoch evaluation duration: 54.2258069515
Epoch duration: 62.1313478947

Epoch 29/200
Epoch training duration: 7.82243299484
Train	AUC[ROC]: 0.999945	AUC[PR]: 0.943791
Val	AUC[ROC]: 0.892574	AUC[PR]: 0.182298
Epoch evaluation duration: 50.3220748901
Epoch duration: 58.144507885

Epoch 30/200
Epoch training duration: 7.23616600037
Train	AUC[ROC]: 0.999955	AUC[PR]: 0.956903
Val	AUC[ROC]: 0.881674	AUC[PR]: 0.184416
Epoch evaluation duration: 51.4660761356
Epoch duration: 58.702242136

Epoch 31/200
Epoch training duration: 8.18771290779
Train	AUC[ROC]: 0.999960	AUC[PR]: 0.960763
Val	AUC[ROC]: 0.891538	AUC[PR]: 0.171792
Epoch evaluation duration: 49.3811590672
Epoch duration: 57.5688719749

Epoch 32/200
Epoch training duration: 8.12320709229
Train	AUC[ROC]: 0.999966	AUC[PR]: 0.966494
Val	AUC[ROC]: 0.893635	AUC[PR]: 0.172490
Epoch evaluation duration: 47.5571448803
Epoch duration: 55.6803519726

Epoch 33/200
Epoch training duration: 8.62042593956
Train	AUC[ROC]: 0.999973	AUC[PR]: 0.972914
Val	AUC[ROC]: 0.879615	AUC[PR]: 0.171465
Epoch evaluation duration: 48.46768713
Epoch duration: 57.0881130695

Epoch 34/200
Epoch training duration: 7.91471290588
Train	AUC[ROC]: 0.999975	AUC[PR]: 0.973736
Val	AUC[ROC]: 0.876821	AUC[PR]: 0.172611
Epoch evaluation duration: 56.9840910435
Epoch duration: 64.8988039494

Epoch 35/200
Epoch training duration: 8.22918009758
Train	AUC[ROC]: 0.999975	AUC[PR]: 0.974466
Val	AUC[ROC]: 0.872389	AUC[PR]: 0.171136
Epoch evaluation duration: 47.8969089985
Epoch duration: 56.1260890961

Epoch 36/200
Epoch training duration: 6.86172795296
Train	AUC[ROC]: 0.999976	AUC[PR]: 0.976823
Val	AUC[ROC]: 0.863002	AUC[PR]: 0.173892
Epoch evaluation duration: 49.2532689571
Epoch duration: 56.1149969101

Epoch 37/200
Epoch training duration: 6.93712806702
Train	AUC[ROC]: 0.999986	AUC[PR]: 0.987254
Val	AUC[ROC]: 0.860347	AUC[PR]: 0.188721
Epoch evaluation duration: 41.3736689091
Epoch duration: 48.3107969761

Epoch 38/200
Epoch training duration: 8.16269302368
Train	AUC[ROC]: 0.999978	AUC[PR]: 0.968769
Val	AUC[ROC]: 0.862249	AUC[PR]: 0.181770
Epoch evaluation duration: 52.0843539238
Epoch duration: 60.2470469475

Epoch 39/200
Epoch training duration: 7.60144901276
Train	AUC[ROC]: 0.999979	AUC[PR]: 0.974623
Val	AUC[ROC]: 0.854675	AUC[PR]: 0.170409
Epoch evaluation duration: 42.2138330936
Epoch duration: 49.8152821064

Epoch 40/200
Epoch training duration: 7.28909897804
Train	AUC[ROC]: 0.999983	AUC[PR]: 0.982807
Val	AUC[ROC]: 0.858707	AUC[PR]: 0.170983
Epoch evaluation duration: 42.797317028
Epoch duration: 50.0864160061

Epoch 41/200
Epoch training duration: 7.7405359745
Train	AUC[ROC]: 0.999988	AUC[PR]: 0.989364
Val	AUC[ROC]: 0.866572	AUC[PR]: 0.184141
Epoch evaluation duration: 59.6072149277
Epoch duration: 67.3477509022

Epoch 42/200
Epoch training duration: 7.04993605614
Train	AUC[ROC]: 0.999969	AUC[PR]: 0.961067
Val	AUC[ROC]: 0.881129	AUC[PR]: 0.179629
Epoch evaluation duration: 50.1010439396
Epoch duration: 57.1509799957

Epoch 43/200
Epoch training duration: 6.77031803131
Train	AUC[ROC]: 0.999983	AUC[PR]: 0.977275
Val	AUC[ROC]: 0.860135	AUC[PR]: 0.175720
Epoch evaluation duration: 49.8013570309
Epoch duration: 56.5716750622

Epoch 44/200
Epoch training duration: 6.51559305191
Train	AUC[ROC]: 0.999986	AUC[PR]: 0.982201
Val	AUC[ROC]: 0.858444	AUC[PR]: 0.186228
Epoch evaluation duration: 59.9446179867
Epoch duration: 66.4602110386

Epoch 45/200
Epoch training duration: 7.64157390594
Train	AUC[ROC]: 0.999989	AUC[PR]: 0.987193
Val	AUC[ROC]: 0.855151	AUC[PR]: 0.195990
Epoch evaluation duration: 48.0211811066
Epoch duration: 55.6627550125

Epoch 46/200
Epoch training duration: 7.82872986794
Train	AUC[ROC]: 0.999966	AUC[PR]: 0.957369
Val	AUC[ROC]: 0.857419	AUC[PR]: 0.193064
Epoch evaluation duration: 51.2163231373
Epoch duration: 59.0450530052

Epoch 47/200
Epoch training duration: 7.71007490158
Train	AUC[ROC]: 0.999990	AUC[PR]: 0.989502
Val	AUC[ROC]: 0.852796	AUC[PR]: 0.192662
Epoch evaluation duration: 53.888297081
Epoch duration: 61.5983719826

Epoch 48/200
Epoch training duration: 7.96091294289
Train	AUC[ROC]: 0.999989	AUC[PR]: 0.987351
Val	AUC[ROC]: 0.844119	AUC[PR]: 0.182980
Epoch evaluation duration: 50.6199021339
Epoch duration: 58.5808150768

Epoch 49/200
Epoch training duration: 7.67385983467
Train	AUC[ROC]: 0.999988	AUC[PR]: 0.983023
Val	AUC[ROC]: 0.836681	AUC[PR]: 0.196376
Epoch evaluation duration: 51.4650211334
Epoch duration: 59.1388809681

Epoch 50/200
Epoch training duration: 7.75349092484
Train	AUC[ROC]: 0.999989	AUC[PR]: 0.987490
Val	AUC[ROC]: 0.836643	AUC[PR]: 0.185917
Epoch evaluation duration: 44.055824995
Epoch duration: 51.8093159199

Epoch 51/200
Epoch training duration: 7.5950551033
Train	AUC[ROC]: 0.999991	AUC[PR]: 0.990292
Val	AUC[ROC]: 0.846610	AUC[PR]: 0.186402
Epoch evaluation duration: 50.3916018009
Epoch duration: 57.9866569042

Epoch 52/200
Epoch training duration: 8.55494213104
Train	AUC[ROC]: 0.999990	AUC[PR]: 0.989498
Val	AUC[ROC]: 0.850806	AUC[PR]: 0.173095
Epoch evaluation duration: 48.1969149113
Epoch duration: 56.7518570423

Epoch 53/200
Epoch training duration: 7.55783009529
Train	AUC[ROC]: 0.999994	AUC[PR]: 0.994428
Val	AUC[ROC]: 0.844032	AUC[PR]: 0.174444
Epoch evaluation duration: 49.2035400867
Epoch duration: 56.761370182

Epoch 54/200
Epoch training duration: 7.10700583458
Train	AUC[ROC]: 0.999994	AUC[PR]: 0.995134
Val	AUC[ROC]: 0.843343	AUC[PR]: 0.180352
Epoch evaluation duration: 54.7195219994
Epoch duration: 61.8265278339

Epoch 55/200
Epoch training duration: 9.8406150341
Train	AUC[ROC]: 0.999996	AUC[PR]: 0.996032
Val	AUC[ROC]: 0.839639	AUC[PR]: 0.176654
Epoch evaluation duration: 47.7219491005
Epoch duration: 57.5625641346

Epoch 56/200
Epoch training duration: 7.52325797081
Train	AUC[ROC]: 0.999986	AUC[PR]: 0.974729
Val	AUC[ROC]: 0.841045	AUC[PR]: 0.194182
Epoch evaluation duration: 48.0231130123
Epoch duration: 55.5463709831

Epoch 57/200
Epoch training duration: 7.69915485382
Train	AUC[ROC]: 0.999993	AUC[PR]: 0.981419
Val	AUC[ROC]: 0.830755	AUC[PR]: 0.181344
Epoch evaluation duration: 44.927241087
Epoch duration: 52.6263959408

Epoch 58/200
Epoch training duration: 8.03418397903
Train	AUC[ROC]: 0.999994	AUC[PR]: 0.982436
Val	AUC[ROC]: 0.841821	AUC[PR]: 0.178965
Epoch evaluation duration: 52.4943380356
Epoch duration: 60.5285220146

Epoch 59/200
Epoch training duration: 6.57801389694
Train	AUC[ROC]: 0.999984	AUC[PR]: 0.967859
Val	AUC[ROC]: 0.840772	AUC[PR]: 0.194947
Epoch evaluation duration: 53.6409649849
Epoch duration: 60.2189788818

Epoch 60/200
Epoch training duration: 7.39679598808
Train	AUC[ROC]: 0.999992	AUC[PR]: 0.979556
Val	AUC[ROC]: 0.834532	AUC[PR]: 0.186019
Epoch evaluation duration: 48.0635662079
Epoch duration: 55.460362196

Epoch 61/200
Epoch training duration: 7.01574087143
Train	AUC[ROC]: 0.999991	AUC[PR]: 0.978809
Val	AUC[ROC]: 0.831036	AUC[PR]: 0.190206
Epoch evaluation duration: 54.2965960503
Epoch duration: 61.3123369217

Epoch 62/200
Epoch training duration: 7.30849695206
Train	AUC[ROC]: 0.999993	AUC[PR]: 0.981365
Val	AUC[ROC]: 0.838551	AUC[PR]: 0.178216
Epoch evaluation duration: 46.2656190395
Epoch duration: 53.5741159916

Epoch 63/200
Epoch training duration: 7.69093489647
Train	AUC[ROC]: 0.999995	AUC[PR]: 0.983329
Val	AUC[ROC]: 0.841101	AUC[PR]: 0.190938
Epoch evaluation duration: 46.475148201
Epoch duration: 54.1660830975

Epoch 64/200
Epoch training duration: 6.69308876991
Train	AUC[ROC]: 0.999994	AUC[PR]: 0.982182
Val	AUC[ROC]: 0.834966	AUC[PR]: 0.197880
Epoch evaluation duration: 48.4428970814
Epoch duration: 55.1359858513

Epoch 65/200
Epoch training duration: 8.12157511711
Train	AUC[ROC]: 0.999993	AUC[PR]: 0.980559
Val	AUC[ROC]: 0.842637	AUC[PR]: 0.174318
Epoch evaluation duration: 51.6777019501
Epoch duration: 59.7992770672

Epoch 66/200
Epoch training duration: 7.98230791092
Train	AUC[ROC]: 0.999994	AUC[PR]: 0.982863
Val	AUC[ROC]: 0.828319	AUC[PR]: 0.183094
Epoch evaluation duration: 47.534165144
Epoch duration: 55.5164730549

Epoch 67/200
Epoch training duration: 7.91570997238
Train	AUC[ROC]: 0.999990	AUC[PR]: 0.973055
Val	AUC[ROC]: 0.822830	AUC[PR]: 0.188391
Epoch evaluation duration: 40.5932219028
Epoch duration: 48.5089318752

Epoch 68/200
Epoch training duration: 7.48597502708
Train	AUC[ROC]: 0.999991	AUC[PR]: 0.978792
Val	AUC[ROC]: 0.810027	AUC[PR]: 0.163496
Epoch evaluation duration: 53.3124670982
Epoch duration: 60.7984421253

Epoch 69/200
Epoch training duration: 6.85892987251
Train	AUC[ROC]: 0.999993	AUC[PR]: 0.984080
Val	AUC[ROC]: 0.823496	AUC[PR]: 0.166780
Epoch evaluation duration: 43.7838230133
Epoch duration: 50.6427528858

Epoch 70/200
Epoch training duration: 8.68736410141
Train	AUC[ROC]: 0.999994	AUC[PR]: 0.988530
Val	AUC[ROC]: 0.831950	AUC[PR]: 0.167908
Epoch evaluation duration: 53.8388619423
Epoch duration: 62.5262260437

Epoch 71/200
Epoch training duration: 7.59627795219
Train	AUC[ROC]: 0.999991	AUC[PR]: 0.983482
Val	AUC[ROC]: 0.841033	AUC[PR]: 0.159368
Epoch evaluation duration: 54.4858410358
Epoch duration: 62.082118988

Epoch 72/200
Epoch training duration: 7.85099005699
Train	AUC[ROC]: 0.999993	AUC[PR]: 0.986367
Val	AUC[ROC]: 0.821933	AUC[PR]: 0.160792
Epoch evaluation duration: 45.2589929104
Epoch duration: 53.1099829674

Epoch 73/200
Epoch training duration: 7.72617602348
Train	AUC[ROC]: 0.999992	AUC[PR]: 0.984294
Val	AUC[ROC]: 0.815699	AUC[PR]: 0.157468
Epoch evaluation duration: 47.4893810749
Epoch duration: 55.2155570984

Epoch 74/200
Epoch training duration: 7.50080990791
Train	AUC[ROC]: 0.999987	AUC[PR]: 0.980660
Val	AUC[ROC]: 0.836150	AUC[PR]: 0.167954
Epoch evaluation duration: 45.7638819218
Epoch duration: 53.2646918297

Epoch 75/200
Epoch training duration: 6.50610208511
Train	AUC[ROC]: 0.999990	AUC[PR]: 0.983670
Val	AUC[ROC]: 0.808043	AUC[PR]: 0.173290
Epoch evaluation duration: 48.1001930237
Epoch duration: 54.6062951088

Epoch 76/200
Epoch training duration: 6.7997200489
Train	AUC[ROC]: 0.999991	AUC[PR]: 0.986302
Val	AUC[ROC]: 0.833782	AUC[PR]: 0.169265
Epoch evaluation duration: 54.1220488548
Epoch duration: 60.9217689037

Epoch 77/200
Epoch training duration: 7.58396315575
Train	AUC[ROC]: 0.999990	AUC[PR]: 0.976365
Val	AUC[ROC]: 0.839631	AUC[PR]: 0.166225
Epoch evaluation duration: 46.3563539982
Epoch duration: 53.9403171539

Epoch 78/200
Epoch training duration: 7.78034687042
Train	AUC[ROC]: 0.999992	AUC[PR]: 0.980879
Val	AUC[ROC]: 0.823744	AUC[PR]: 0.156040
Epoch evaluation duration: 47.8811781406
Epoch duration: 55.6615250111

Epoch 79/200
Epoch training duration: 7.46857380867
Train	AUC[ROC]: 0.999991	AUC[PR]: 0.983712
Val	AUC[ROC]: 0.808938	AUC[PR]: 0.167461
Epoch evaluation duration: 45.6452732086
Epoch duration: 53.1138470173

Epoch 80/200
Epoch training duration: 8.18683481216
Train	AUC[ROC]: 0.999987	AUC[PR]: 0.976679
Val	AUC[ROC]: 0.828012	AUC[PR]: 0.157650
Epoch evaluation duration: 45.9631791115
Epoch duration: 54.1500139236

Epoch 81/200
Epoch training duration: 7.23036694527
Train	AUC[ROC]: 0.999990	AUC[PR]: 0.983296
Val	AUC[ROC]: 0.829015	AUC[PR]: 0.150571
Epoch evaluation duration: 46.5857670307
Epoch duration: 53.816133976

Epoch 82/200
Epoch training duration: 8.1423330307
Train	AUC[ROC]: 0.999993	AUC[PR]: 0.989653
Val	AUC[ROC]: 0.811238	AUC[PR]: 0.144889
Epoch evaluation duration: 52.6257219315
Epoch duration: 60.7680549622

Epoch 83/200
Epoch training duration: 6.50446796417
Train	AUC[ROC]: 0.999996	AUC[PR]: 0.994561
Val	AUC[ROC]: 0.813982	AUC[PR]: 0.160318
Epoch evaluation duration: 53.6768050194
Epoch duration: 60.1812729836

Epoch 84/200
Epoch training duration: 7.51715517044
Train	AUC[ROC]: 0.999998	AUC[PR]: 0.997832
Val	AUC[ROC]: 0.816127	AUC[PR]: 0.159571
Epoch evaluation duration: 44.4994978905
Epoch duration: 52.0166530609

Epoch 85/200
Epoch training duration: 7.82858800888
Train	AUC[ROC]: 0.999998	AUC[PR]: 0.998638
Val	AUC[ROC]: 0.808659	AUC[PR]: 0.162128
Epoch evaluation duration: 48.9404768944
Epoch duration: 56.7690649033

Epoch 86/200
Epoch training duration: 7.75524520874
Train	AUC[ROC]: 0.999999	AUC[PR]: 0.999084
Val	AUC[ROC]: 0.815371	AUC[PR]: 0.171992
Epoch evaluation duration: 43.5022568703
Epoch duration: 51.257502079

Epoch 87/200
Epoch training duration: 8.21301198006
Train	AUC[ROC]: 1.000000	AUC[PR]: 0.999633
Val	AUC[ROC]: 0.808503	AUC[PR]: 0.175721
Epoch evaluation duration: 52.2961070538
Epoch duration: 60.5091190338

Epoch 88/200
Epoch training duration: 7.89747190475
Train	AUC[ROC]: 1.000000	AUC[PR]: 0.999783
Val	AUC[ROC]: 0.802284	AUC[PR]: 0.163650
Epoch evaluation duration: 43.0704469681
Epoch duration: 50.9679188728

Epoch 89/200
Epoch training duration: 7.93984007835
Train	AUC[ROC]: 1.000000	AUC[PR]: 0.999698
Val	AUC[ROC]: 0.812325	AUC[PR]: 0.165926
Epoch evaluation duration: 52.2297940254
Epoch duration: 60.1696341038

Epoch 90/200
Epoch training duration: 6.86758899689
Train	AUC[ROC]: 0.999996	AUC[PR]: 0.986677
Val	AUC[ROC]: 0.804811	AUC[PR]: 0.163884
Epoch evaluation duration: 52.9073779583
Epoch duration: 59.7749669552

Epoch 91/200
Epoch training duration: 6.92708015442
Train	AUC[ROC]: 0.999995	AUC[PR]: 0.988106
Val	AUC[ROC]: 0.793489	AUC[PR]: 0.181594
Epoch evaluation duration: 45.9079887867
Epoch duration: 52.8350689411

Epoch 92/200
Epoch training duration: 6.88169121742
Train	AUC[ROC]: 0.999991	AUC[PR]: 0.981959
Val	AUC[ROC]: 0.801243	AUC[PR]: 0.178390
Epoch evaluation duration: 56.1795928478
Epoch duration: 63.0612840652

Epoch 93/200
Epoch training duration: 7.0328810215
Train	AUC[ROC]: 0.999990	AUC[PR]: 0.976428
Val	AUC[ROC]: 0.790006	AUC[PR]: 0.170196
Epoch evaluation duration: 44.2118480206
Epoch duration: 51.2447290421

Epoch 94/200
Epoch training duration: 6.97743797302
Train	AUC[ROC]: 0.999992	AUC[PR]: 0.977510
Val	AUC[ROC]: 0.788941	AUC[PR]: 0.180925
Epoch evaluation duration: 49.6506710052
Epoch duration: 56.6281089783

Epoch 95/200
Epoch training duration: 7.58748102188
Train	AUC[ROC]: 0.999992	AUC[PR]: 0.977365
Val	AUC[ROC]: 0.797635	AUC[PR]: 0.181993
Epoch evaluation duration: 49.2950370312
Epoch duration: 56.8825180531

Epoch 96/200
Epoch training duration: 7.95203590393
Train	AUC[ROC]: 0.999992	AUC[PR]: 0.978090
Val	AUC[ROC]: 0.805128	AUC[PR]: 0.182908
Epoch evaluation duration: 50.3716900349
Epoch duration: 58.3237259388

Epoch 97/200
Epoch training duration: 7.03606510162
Train	AUC[ROC]: 0.999992	AUC[PR]: 0.979491
Val	AUC[ROC]: 0.801079	AUC[PR]: 0.178811
Epoch evaluation duration: 52.5858919621
Epoch duration: 59.6219570637

Epoch 98/200
Epoch training duration: 8.39912104607
Train	AUC[ROC]: 0.999992	AUC[PR]: 0.979455
Val	AUC[ROC]: 0.793408	AUC[PR]: 0.182571
Epoch evaluation duration: 47.0960228443
Epoch duration: 55.4951438904

Epoch 99/200
Epoch training duration: 7.39586210251
Train	AUC[ROC]: 0.999987	AUC[PR]: 0.970460
Val	AUC[ROC]: 0.811690	AUC[PR]: 0.161314
Epoch evaluation duration: 49.5919959545
Epoch duration: 56.987858057

Epoch 100/200
Epoch training duration: 8.62847590446
Train	AUC[ROC]: 0.999988	AUC[PR]: 0.972741
Val	AUC[ROC]: 0.810252	AUC[PR]: 0.163113
Epoch evaluation duration: 38.3897681236
Epoch duration: 47.0182440281

Epoch 101/200
Epoch training duration: 8.08091592789
Train	AUC[ROC]: 0.999989	AUC[PR]: 0.975784
Val	AUC[ROC]: 0.810972	AUC[PR]: 0.155994
Epoch evaluation duration: 42.6380121708
Epoch duration: 50.7189280987

Epoch 102/200
Epoch training duration: 7.20980787277
Train	AUC[ROC]: 0.999991	AUC[PR]: 0.980526
Val	AUC[ROC]: 0.803065	AUC[PR]: 0.156239
Epoch evaluation duration: 46.6327719688
Epoch duration: 53.8425798416

Epoch 103/200
Epoch training duration: 7.28116416931
Train	AUC[ROC]: 0.999993	AUC[PR]: 0.983515
Val	AUC[ROC]: 0.793769	AUC[PR]: 0.157533
Epoch evaluation duration: 45.4482247829
Epoch duration: 52.7293889523

Epoch 104/200
Epoch training duration: 6.97973608971
Train	AUC[ROC]: 0.999994	AUC[PR]: 0.989692
Val	AUC[ROC]: 0.796868	AUC[PR]: 0.162885
Epoch evaluation duration: 48.3413610458
Epoch duration: 55.3210971355

Epoch 105/200
Epoch training duration: 7.9596259594
Train	AUC[ROC]: 0.999994	AUC[PR]: 0.990218
Val	AUC[ROC]: 0.798165	AUC[PR]: 0.161924
Epoch evaluation duration: 46.8152959347
Epoch duration: 54.7749218941

Epoch 106/200
Epoch training duration: 7.67340898514
Train	AUC[ROC]: 0.999990	AUC[PR]: 0.980373
Val	AUC[ROC]: 0.784427	AUC[PR]: 0.175806
Epoch evaluation duration: 56.6106081009
Epoch duration: 64.284017086

Epoch 107/200
Epoch training duration: 7.56313896179
Train	AUC[ROC]: 0.999991	AUC[PR]: 0.978363
Val	AUC[ROC]: 0.788812	AUC[PR]: 0.171915
Epoch evaluation duration: 46.7991650105
Epoch duration: 54.3623039722

Epoch 108/200
Epoch training duration: 7.70800089836
Train	AUC[ROC]: 0.999984	AUC[PR]: 0.970216
Val	AUC[ROC]: 0.806566	AUC[PR]: 0.150738
Epoch evaluation duration: 53.9448661804
Epoch duration: 61.6528670788

Epoch 109/200
Epoch training duration: 6.79606103897
Train	AUC[ROC]: 0.999980	AUC[PR]: 0.951132
Val	AUC[ROC]: 0.819990	AUC[PR]: 0.155727
Epoch evaluation duration: 49.7816898823
Epoch duration: 56.5777509212

Epoch 110/200
Epoch training duration: 7.09574794769
Train	AUC[ROC]: 0.999982	AUC[PR]: 0.958104
Val	AUC[ROC]: 0.786815	AUC[PR]: 0.175098
Epoch evaluation duration: 44.4174320698
Epoch duration: 51.5131800175

Epoch 111/200
Epoch training duration: 7.8214199543
Train	AUC[ROC]: 0.999979	AUC[PR]: 0.953657
Val	AUC[ROC]: 0.787929	AUC[PR]: 0.175488
Epoch evaluation duration: 46.0036511421
Epoch duration: 53.8250710964

Epoch 112/200
Epoch training duration: 7.36751294136
Train	AUC[ROC]: 0.999983	AUC[PR]: 0.967450
Val	AUC[ROC]: 0.791511	AUC[PR]: 0.182901
Epoch evaluation duration: 46.548776865
Epoch duration: 53.9162898064

Epoch 113/200
Epoch training duration: 7.75864815712
Train	AUC[ROC]: 0.999985	AUC[PR]: 0.974859
Val	AUC[ROC]: 0.780576	AUC[PR]: 0.164479
Epoch evaluation duration: 52.6500630379
Epoch duration: 60.408711195

Epoch 114/200
Epoch training duration: 7.63893890381
Train	AUC[ROC]: 0.999987	AUC[PR]: 0.977964
Val	AUC[ROC]: 0.809364	AUC[PR]: 0.161693
Epoch evaluation duration: 41.5486299992
Epoch duration: 49.187568903

Epoch 115/200
Epoch training duration: 7.53876495361
Train	AUC[ROC]: 0.999991	AUC[PR]: 0.983329
Val	AUC[ROC]: 0.800860	AUC[PR]: 0.163919
Epoch evaluation duration: 45.6836559772
Epoch duration: 53.2224209309

train precision: 0.982181507644
train roc: 0.999993551395
train hit in top 2563: 334.0 out of 334.0

val precision: 0.197880181019
val roc: 0.834966182031
val hit in top 427: 34.0 out of 55.0

test precision: 0.260014766859
test roc: 0.827944660327
test hit in top 427: 35.0 out of 55.0

ratio: 0.02, EF: 32.7272727273,	active: 55.0
ratio: 0.02, NEF: 0.654545454545
ratio: 0.01, EF: 63.6363636364,	active: 55.0
ratio: 0.01, NEF: 0.636363636364
ratio: 0.0015, EF: 278.787878788,	active: 55.0
ratio: 0.0015, NEF: 0.418181818182
ratio: 0.001, EF: 290.909090909,	active: 55.0
ratio: 0.001, NEF: 0.380952380952

