label_name_list  [u'PriA-SSB AS Activity']
train files  ['../datasets/keck_pria/fold_0.csv' '../datasets/keck_pria/fold_1.csv'
 '../datasets/keck_pria/fold_2.csv' '../datasets/keck_pria/fold_3.csv'
 '../datasets/keck_pria/fold_4.csv' '../datasets/keck_pria/fold_5.csv']
val files  ['../datasets/keck_pria/fold_6.csv']
test files  ['../datasets/keck_pria/fold_7.csv']
Class Weight  [{0: 1.0, 1: 766.6317365269462}]
Epoch 1/1000
Epoch training duration: 9.82601499557
Train	AUC[ROC]: 0.932431	AUC[PR]: 0.114003
Val	AUC[ROC]: 0.848948	AUC[PR]: 0.088555
Epoch evaluation duration: 61.5820999146
Epoch duration: 71.4081149101

Epoch 2/1000
Epoch training duration: 9.51904416084
Train	AUC[ROC]: 0.966988	AUC[PR]: 0.147429
Val	AUC[ROC]: 0.865811	AUC[PR]: 0.084125
Epoch evaluation duration: 61.7929718494
Epoch duration: 71.3120160103

Epoch 3/1000
Epoch training duration: 9.63187599182
Train	AUC[ROC]: 0.982707	AUC[PR]: 0.182932
Val	AUC[ROC]: 0.876226	AUC[PR]: 0.076874
Epoch evaluation duration: 62.5935351849
Epoch duration: 72.2254111767

Epoch 4/1000
Epoch training duration: 9.7867629528
Train	AUC[ROC]: 0.990792	AUC[PR]: 0.227633
Val	AUC[ROC]: 0.888216	AUC[PR]: 0.094587
Epoch evaluation duration: 61.6486849785
Epoch duration: 71.4354479313

Epoch 5/1000
Epoch training duration: 9.5748128891
Train	AUC[ROC]: 0.994037	AUC[PR]: 0.263171
Val	AUC[ROC]: 0.888822	AUC[PR]: 0.101193
Epoch evaluation duration: 62.0739791393
Epoch duration: 71.6487920284

Epoch 6/1000
Epoch training duration: 9.55728602409
Train	AUC[ROC]: 0.996093	AUC[PR]: 0.304378
Val	AUC[ROC]: 0.897014	AUC[PR]: 0.114885
Epoch evaluation duration: 62.0912678242
Epoch duration: 71.6485538483

Epoch 7/1000
Epoch training duration: 9.53164100647
Train	AUC[ROC]: 0.997413	AUC[PR]: 0.354996
Val	AUC[ROC]: 0.897054	AUC[PR]: 0.115051
Epoch evaluation duration: 61.8879680634
Epoch duration: 71.4196090698

Epoch 8/1000
Epoch training duration: 9.72798800468
Train	AUC[ROC]: 0.997830	AUC[PR]: 0.371872
Val	AUC[ROC]: 0.899280	AUC[PR]: 0.121796
Epoch evaluation duration: 61.9172549248
Epoch duration: 71.6452429295

Epoch 9/1000
Epoch training duration: 9.84063410759
Train	AUC[ROC]: 0.998448	AUC[PR]: 0.423547
Val	AUC[ROC]: 0.904738	AUC[PR]: 0.120766
Epoch evaluation duration: 61.9473240376
Epoch duration: 71.7879581451

Epoch 10/1000
Epoch training duration: 9.77776002884
Train	AUC[ROC]: 0.998776	AUC[PR]: 0.458005
Val	AUC[ROC]: 0.907926	AUC[PR]: 0.120074
Epoch evaluation duration: 62.1995978355
Epoch duration: 71.9773578644

Epoch 11/1000
Epoch training duration: 9.56108212471
Train	AUC[ROC]: 0.998993	AUC[PR]: 0.496104
Val	AUC[ROC]: 0.910293	AUC[PR]: 0.120571
Epoch evaluation duration: 62.0118629932
Epoch duration: 71.572945118

Epoch 12/1000
Epoch training duration: 9.65047693253
Train	AUC[ROC]: 0.999212	AUC[PR]: 0.537530
Val	AUC[ROC]: 0.908805	AUC[PR]: 0.133181
Epoch evaluation duration: 61.6213080883
Epoch duration: 71.2717850208

Epoch 13/1000
Epoch training duration: 9.50854587555
Train	AUC[ROC]: 0.999317	AUC[PR]: 0.572334
Val	AUC[ROC]: 0.908651	AUC[PR]: 0.137583
Epoch evaluation duration: 61.9001469612
Epoch duration: 71.4086928368

Epoch 14/1000
Epoch training duration: 9.8867521286
Train	AUC[ROC]: 0.999417	AUC[PR]: 0.611682
Val	AUC[ROC]: 0.909064	AUC[PR]: 0.136184
Epoch evaluation duration: 61.8052859306
Epoch duration: 71.6920380592

Epoch 15/1000
Epoch training duration: 9.91997313499
Train	AUC[ROC]: 0.999519	AUC[PR]: 0.639843
Val	AUC[ROC]: 0.906506	AUC[PR]: 0.144556
Epoch evaluation duration: 62.0767569542
Epoch duration: 71.9967300892

Epoch 16/1000
Epoch training duration: 9.69275593758
Train	AUC[ROC]: 0.999492	AUC[PR]: 0.638218
Val	AUC[ROC]: 0.904432	AUC[PR]: 0.144869
Epoch evaluation duration: 62.180891037
Epoch duration: 71.8736469746

Epoch 17/1000
Epoch training duration: 9.57585287094
Train	AUC[ROC]: 0.999620	AUC[PR]: 0.703407
Val	AUC[ROC]: 0.901929	AUC[PR]: 0.155401
Epoch evaluation duration: 61.6413531303
Epoch duration: 71.2172060013

Epoch 18/1000
Epoch training duration: 9.73312807083
Train	AUC[ROC]: 0.999697	AUC[PR]: 0.746541
Val	AUC[ROC]: 0.903067	AUC[PR]: 0.153259
Epoch evaluation duration: 61.6645548344
Epoch duration: 71.3976829052

Epoch 19/1000
Epoch training duration: 9.50850510597
Train	AUC[ROC]: 0.999712	AUC[PR]: 0.748490
Val	AUC[ROC]: 0.894989	AUC[PR]: 0.158607
Epoch evaluation duration: 62.1123859882
Epoch duration: 71.6208910942

Epoch 20/1000
Epoch training duration: 9.71602296829
Train	AUC[ROC]: 0.999745	AUC[PR]: 0.764355
Val	AUC[ROC]: 0.891641	AUC[PR]: 0.164136
Epoch evaluation duration: 62.0735020638
Epoch duration: 71.789525032

Epoch 21/1000
Epoch training duration: 9.25005984306
Train	AUC[ROC]: 0.999779	AUC[PR]: 0.790487
Val	AUC[ROC]: 0.889063	AUC[PR]: 0.165009
Epoch evaluation duration: 62.2159080505
Epoch duration: 71.4659678936

Epoch 22/1000
Epoch training duration: 9.57178997993
Train	AUC[ROC]: 0.999760	AUC[PR]: 0.767423
Val	AUC[ROC]: 0.882683	AUC[PR]: 0.162958
Epoch evaluation duration: 62.2363929749
Epoch duration: 71.8081829548

Epoch 23/1000
Epoch training duration: 9.39048814774
Train	AUC[ROC]: 0.999831	AUC[PR]: 0.830139
Val	AUC[ROC]: 0.890410	AUC[PR]: 0.162141
Epoch evaluation duration: 62.1263170242
Epoch duration: 71.516805172

Epoch 24/1000
Epoch training duration: 9.61542701721
Train	AUC[ROC]: 0.999856	AUC[PR]: 0.848307
Val	AUC[ROC]: 0.892592	AUC[PR]: 0.168704
Epoch evaluation duration: 62.0867249966
Epoch duration: 71.7021520138

Epoch 25/1000
Epoch training duration: 9.71048879623
Train	AUC[ROC]: 0.999874	AUC[PR]: 0.869111
Val	AUC[ROC]: 0.890582	AUC[PR]: 0.159886
Epoch evaluation duration: 61.9786241055
Epoch duration: 71.6891129017

Epoch 26/1000
Epoch training duration: 9.65613603592
Train	AUC[ROC]: 0.999870	AUC[PR]: 0.862684
Val	AUC[ROC]: 0.882290	AUC[PR]: 0.157205
Epoch evaluation duration: 61.9490580559
Epoch duration: 71.6051940918

Epoch 27/1000
Epoch training duration: 9.67751193047
Train	AUC[ROC]: 0.999888	AUC[PR]: 0.886585
Val	AUC[ROC]: 0.880945	AUC[PR]: 0.164809
Epoch evaluation duration: 62.2215430737
Epoch duration: 71.8990550041

Epoch 28/1000
Epoch training duration: 9.55157279968
Train	AUC[ROC]: 0.999900	AUC[PR]: 0.900055
Val	AUC[ROC]: 0.873450	AUC[PR]: 0.173084
Epoch evaluation duration: 61.7861411572
Epoch duration: 71.3377139568

Epoch 29/1000
Epoch training duration: 9.77205085754
Train	AUC[ROC]: 0.999915	AUC[PR]: 0.917737
Val	AUC[ROC]: 0.888870	AUC[PR]: 0.149864
Epoch evaluation duration: 62.194614172
Epoch duration: 71.9666650295

Epoch 30/1000
Epoch training duration: 9.61523199081
Train	AUC[ROC]: 0.999917	AUC[PR]: 0.910574
Val	AUC[ROC]: 0.884360	AUC[PR]: 0.164338
Epoch evaluation duration: 61.9832119942
Epoch duration: 71.598443985

Epoch 31/1000
Epoch training duration: 9.60879087448
Train	AUC[ROC]: 0.999943	AUC[PR]: 0.941776
Val	AUC[ROC]: 0.873042	AUC[PR]: 0.185211
Epoch evaluation duration: 62.1626820564
Epoch duration: 71.7714729309

Epoch 32/1000
Epoch training duration: 9.57007288933
Train	AUC[ROC]: 0.999942	AUC[PR]: 0.941562
Val	AUC[ROC]: 0.866136	AUC[PR]: 0.188461
Epoch evaluation duration: 63.227533102
Epoch duration: 72.7976059914

Epoch 33/1000
Epoch training duration: 9.62512397766
Train	AUC[ROC]: 0.999945	AUC[PR]: 0.943953
Val	AUC[ROC]: 0.876793	AUC[PR]: 0.188319
Epoch evaluation duration: 62.0678839684
Epoch duration: 71.693007946

Epoch 34/1000
Epoch training duration: 9.61524295807
Train	AUC[ROC]: 0.999946	AUC[PR]: 0.943955
Val	AUC[ROC]: 0.866508	AUC[PR]: 0.193392
Epoch evaluation duration: 61.9539790154
Epoch duration: 71.5692219734

Epoch 35/1000
Epoch training duration: 9.57155418396
Train	AUC[ROC]: 0.999961	AUC[PR]: 0.960829
Val	AUC[ROC]: 0.866367	AUC[PR]: 0.201845
Epoch evaluation duration: 62.0923259258
Epoch duration: 71.6638801098

Epoch 36/1000
Epoch training duration: 9.58379387856
Train	AUC[ROC]: 0.999963	AUC[PR]: 0.962732
Val	AUC[ROC]: 0.866308	AUC[PR]: 0.196197
Epoch evaluation duration: 61.7283730507
Epoch duration: 71.3121669292

Epoch 37/1000
Epoch training duration: 9.80369615555
Train	AUC[ROC]: 0.999969	AUC[PR]: 0.968257
Val	AUC[ROC]: 0.856900	AUC[PR]: 0.192693
Epoch evaluation duration: 61.7986078262
Epoch duration: 71.6023039818

Epoch 38/1000
Epoch training duration: 9.54269504547
Train	AUC[ROC]: 0.999977	AUC[PR]: 0.976582
Val	AUC[ROC]: 0.851554	AUC[PR]: 0.190350
Epoch evaluation duration: 61.8950350285
Epoch duration: 71.4377300739

Epoch 39/1000
Epoch training duration: 9.55314397812
Train	AUC[ROC]: 0.999965	AUC[PR]: 0.965130
Val	AUC[ROC]: 0.839624	AUC[PR]: 0.180011
Epoch evaluation duration: 62.0138750076
Epoch duration: 71.5670189857

Epoch 40/1000
Epoch training duration: 9.63843798637
Train	AUC[ROC]: 0.999977	AUC[PR]: 0.976923
Val	AUC[ROC]: 0.844083	AUC[PR]: 0.191786
Epoch evaluation duration: 63.2049789429
Epoch duration: 72.8434169292

Epoch 41/1000
Epoch training duration: 9.8236041069
Train	AUC[ROC]: 0.999979	AUC[PR]: 0.972698
Val	AUC[ROC]: 0.855457	AUC[PR]: 0.184342
Epoch evaluation duration: 62.067440033
Epoch duration: 71.8910441399

Epoch 42/1000
Epoch training duration: 9.48066902161
Train	AUC[ROC]: 0.999984	AUC[PR]: 0.978879
Val	AUC[ROC]: 0.842033	AUC[PR]: 0.193698
Epoch evaluation duration: 61.4616639614
Epoch duration: 70.942332983

Epoch 43/1000
Epoch training duration: 9.62441706657
Train	AUC[ROC]: 0.999987	AUC[PR]: 0.983983
Val	AUC[ROC]: 0.840059	AUC[PR]: 0.187635
Epoch evaluation duration: 62.0267348289
Epoch duration: 71.6511518955

Epoch 44/1000
Epoch training duration: 9.76154303551
Train	AUC[ROC]: 0.999990	AUC[PR]: 0.987304
Val	AUC[ROC]: 0.844398	AUC[PR]: 0.188995
Epoch evaluation duration: 62.0192360878
Epoch duration: 71.7807791233

Epoch 45/1000
Epoch training duration: 9.58485603333
Train	AUC[ROC]: 0.999988	AUC[PR]: 0.988151
Val	AUC[ROC]: 0.830650	AUC[PR]: 0.196698
Epoch evaluation duration: 61.4878089428
Epoch duration: 71.0726649761

Epoch 46/1000
Epoch training duration: 9.75828886032
Train	AUC[ROC]: 0.999989	AUC[PR]: 0.986478
Val	AUC[ROC]: 0.834415	AUC[PR]: 0.204751
Epoch evaluation duration: 62.158768177
Epoch duration: 71.9170570374

Epoch 47/1000
Epoch training duration: 9.58477783203
Train	AUC[ROC]: 0.999974	AUC[PR]: 0.966338
Val	AUC[ROC]: 0.826253	AUC[PR]: 0.197633
Epoch evaluation duration: 61.8124570847
Epoch duration: 71.3972349167

Epoch 48/1000
Epoch training duration: 9.85611701012
Train	AUC[ROC]: 0.999985	AUC[PR]: 0.982500
Val	AUC[ROC]: 0.831144	AUC[PR]: 0.200368
Epoch evaluation duration: 61.6904709339
Epoch duration: 71.546587944

Epoch 49/1000
Epoch training duration: 9.41803598404
Train	AUC[ROC]: 0.999982	AUC[PR]: 0.980003
Val	AUC[ROC]: 0.835254	AUC[PR]: 0.200349
Epoch evaluation duration: 62.2616860867
Epoch duration: 71.6797220707

Epoch 50/1000
Epoch training duration: 9.42806792259
Train	AUC[ROC]: 0.999989	AUC[PR]: 0.987654
Val	AUC[ROC]: 0.829246	AUC[PR]: 0.188732
Epoch evaluation duration: 62.668998003
Epoch duration: 72.0970659256

Epoch 51/1000
Epoch training duration: 9.51781916618
Train	AUC[ROC]: 0.999990	AUC[PR]: 0.990388
Val	AUC[ROC]: 0.820857	AUC[PR]: 0.200962
Epoch evaluation duration: 62.4078938961
Epoch duration: 71.9257130623

Epoch 52/1000
Epoch training duration: 9.38893198967
Train	AUC[ROC]: 0.999992	AUC[PR]: 0.992473
Val	AUC[ROC]: 0.816840	AUC[PR]: 0.201256
Epoch evaluation duration: 62.9255809784
Epoch duration: 72.3145129681

Epoch 53/1000
Epoch training duration: 9.48035693169
Train	AUC[ROC]: 0.999990	AUC[PR]: 0.987609
Val	AUC[ROC]: 0.821631	AUC[PR]: 0.193547
Epoch evaluation duration: 61.8455190659
Epoch duration: 71.3258759975

Epoch 54/1000
Epoch training duration: 9.48006701469
Train	AUC[ROC]: 0.999988	AUC[PR]: 0.981604
Val	AUC[ROC]: 0.843198	AUC[PR]: 0.190741
Epoch evaluation duration: 62.0768220425
Epoch duration: 71.5568890572

Epoch 55/1000
Epoch training duration: 9.46143102646
Train	AUC[ROC]: 0.999992	AUC[PR]: 0.991641
Val	AUC[ROC]: 0.823146	AUC[PR]: 0.203372
Epoch evaluation duration: 62.1144609451
Epoch duration: 71.5758919716

Epoch 56/1000
Epoch training duration: 9.78930306435
Train	AUC[ROC]: 0.999993	AUC[PR]: 0.993344
Val	AUC[ROC]: 0.823286	AUC[PR]: 0.206436
Epoch evaluation duration: 61.4490818977
Epoch duration: 71.2383849621

Epoch 57/1000
Epoch training duration: 9.68492603302
Train	AUC[ROC]: 0.999995	AUC[PR]: 0.994896
Val	AUC[ROC]: 0.832291	AUC[PR]: 0.199698
Epoch evaluation duration: 62.0712089539
Epoch duration: 71.7561349869

Epoch 58/1000
Epoch training duration: 9.56350708008
Train	AUC[ROC]: 0.999994	AUC[PR]: 0.994915
Val	AUC[ROC]: 0.824058	AUC[PR]: 0.211139
Epoch evaluation duration: 61.7117419243
Epoch duration: 71.2752490044

Epoch 59/1000
Epoch training duration: 9.59564399719
Train	AUC[ROC]: 0.999998	AUC[PR]: 0.998252
Val	AUC[ROC]: 0.819349	AUC[PR]: 0.203158
Epoch evaluation duration: 62.370606184
Epoch duration: 71.9662501812

Epoch 60/1000
Epoch training duration: 9.72856998444
Train	AUC[ROC]: 0.999998	AUC[PR]: 0.998617
Val	AUC[ROC]: 0.817891	AUC[PR]: 0.214240
Epoch evaluation duration: 62.1296567917
Epoch duration: 71.8582267761

Epoch 61/1000
Epoch training duration: 9.35358905792
Train	AUC[ROC]: 0.999995	AUC[PR]: 0.989691
Val	AUC[ROC]: 0.827646	AUC[PR]: 0.227163
Epoch evaluation duration: 61.8303639889
Epoch duration: 71.1839530468

Epoch 62/1000
Epoch training duration: 9.71097803116
Train	AUC[ROC]: 0.999996	AUC[PR]: 0.992371
Val	AUC[ROC]: 0.822565	AUC[PR]: 0.212661
Epoch evaluation duration: 62.1548280716
Epoch duration: 71.8658061028

Epoch 63/1000
Epoch training duration: 9.46594190598
Train	AUC[ROC]: 0.999994	AUC[PR]: 0.991334
Val	AUC[ROC]: 0.809998	AUC[PR]: 0.225234
Epoch evaluation duration: 62.0406391621
Epoch duration: 71.506581068

Epoch 64/1000
Epoch training duration: 9.59579586983
Train	AUC[ROC]: 0.999996	AUC[PR]: 0.994776
Val	AUC[ROC]: 0.820820	AUC[PR]: 0.215093
Epoch evaluation duration: 61.4623041153
Epoch duration: 71.0580999851

Epoch 65/1000
Epoch training duration: 9.7638759613
Train	AUC[ROC]: 0.999997	AUC[PR]: 0.996796
Val	AUC[ROC]: 0.822977	AUC[PR]: 0.224766
Epoch evaluation duration: 62.3195209503
Epoch duration: 72.0833969116

Epoch 66/1000
Epoch training duration: 9.44028496742
Train	AUC[ROC]: 0.999997	AUC[PR]: 0.997500
Val	AUC[ROC]: 0.822052	AUC[PR]: 0.212345
Epoch evaluation duration: 62.0010340214
Epoch duration: 71.4413189888

Epoch 67/1000
Epoch training duration: 9.82332801819
Train	AUC[ROC]: 0.999998	AUC[PR]: 0.998041
Val	AUC[ROC]: 0.817524	AUC[PR]: 0.216219
Epoch evaluation duration: 62.9206490517
Epoch duration: 72.7439770699

Epoch 68/1000
Epoch training duration: 9.65872693062
Train	AUC[ROC]: 0.999992	AUC[PR]: 0.986869
Val	AUC[ROC]: 0.838513	AUC[PR]: 0.210801
Epoch evaluation duration: 61.9830210209
Epoch duration: 71.6417479515

Epoch 69/1000
Epoch training duration: 9.45915293694
Train	AUC[ROC]: 0.999995	AUC[PR]: 0.994428
Val	AUC[ROC]: 0.829760	AUC[PR]: 0.212193
Epoch evaluation duration: 61.4823329449
Epoch duration: 70.9414858818

Epoch 70/1000
Epoch training duration: 9.63445520401
Train	AUC[ROC]: 0.999992	AUC[PR]: 0.980227
Val	AUC[ROC]: 0.814404	AUC[PR]: 0.196190
Epoch evaluation duration: 62.2078819275
Epoch duration: 71.8423371315

Epoch 71/1000
Epoch training duration: 9.42769289017
Train	AUC[ROC]: 0.999993	AUC[PR]: 0.989243
Val	AUC[ROC]: 0.825789	AUC[PR]: 0.212873
Epoch evaluation duration: 61.7994921207
Epoch duration: 71.2271850109

Epoch 72/1000
Epoch training duration: 9.90866088867
Train	AUC[ROC]: 0.999991	AUC[PR]: 0.987210
Val	AUC[ROC]: 0.835474	AUC[PR]: 0.198401
Epoch evaluation duration: 62.1627140045
Epoch duration: 72.0713748932

Epoch 73/1000
Epoch training duration: 9.5485329628
Train	AUC[ROC]: 0.999994	AUC[PR]: 0.992074
Val	AUC[ROC]: 0.803729	AUC[PR]: 0.196760
Epoch evaluation duration: 62.4072229862
Epoch duration: 71.955755949

Epoch 74/1000
Epoch training duration: 9.72182822227
Train	AUC[ROC]: 0.999997	AUC[PR]: 0.997239
Val	AUC[ROC]: 0.801440	AUC[PR]: 0.187389
Epoch evaluation duration: 62.0348639488
Epoch duration: 71.7566921711

Epoch 75/1000
Epoch training duration: 9.92349290848
Train	AUC[ROC]: 0.999995	AUC[PR]: 0.995964
Val	AUC[ROC]: 0.810804	AUC[PR]: 0.195852
Epoch evaluation duration: 62.31980896
Epoch duration: 72.2433018684

Epoch 76/1000
Epoch training duration: 9.76456809044
Train	AUC[ROC]: 0.999997	AUC[PR]: 0.996916
Val	AUC[ROC]: 0.810035	AUC[PR]: 0.203692
Epoch evaluation duration: 54.0286049843
Epoch duration: 63.7931730747

Epoch 77/1000
Epoch training duration: 8.10838198662
Train	AUC[ROC]: 0.999995	AUC[PR]: 0.995441
Val	AUC[ROC]: 0.803988	AUC[PR]: 0.184770
Epoch evaluation duration: 51.1279170513
Epoch duration: 59.2362990379

Epoch 78/1000
Epoch training duration: 8.16638708115
Train	AUC[ROC]: 0.999998	AUC[PR]: 0.998050
Val	AUC[ROC]: 0.803354	AUC[PR]: 0.183223
Epoch evaluation duration: 59.0614709854
Epoch duration: 67.2278580666

Epoch 79/1000
Epoch training duration: 9.7361779213
Train	AUC[ROC]: 0.999997	AUC[PR]: 0.997755
Val	AUC[ROC]: 0.833329	AUC[PR]: 0.188873
Epoch evaluation duration: 61.3869738579
Epoch duration: 71.1231517792

Epoch 80/1000
Epoch training duration: 9.99749016762
Train	AUC[ROC]: 0.999999	AUC[PR]: 0.999118
Val	AUC[ROC]: 0.813171	AUC[PR]: 0.190365
Epoch evaluation duration: 62.5226688385
Epoch duration: 72.5201590061

Epoch 81/1000
Epoch training duration: 9.46513700485
Train	AUC[ROC]: 0.999995	AUC[PR]: 0.993562
Val	AUC[ROC]: 0.831677	AUC[PR]: 0.214484
Epoch evaluation duration: 61.6667881012
Epoch duration: 71.131925106

Epoch 82/1000
Epoch training duration: 9.73663592339
Train	AUC[ROC]: 0.999997	AUC[PR]: 0.997658
Val	AUC[ROC]: 0.820647	AUC[PR]: 0.196301
Epoch evaluation duration: 61.5437150002
Epoch duration: 71.2803509235

Epoch 83/1000
Epoch training duration: 9.61441707611
Train	AUC[ROC]: 0.999997	AUC[PR]: 0.997135
Val	AUC[ROC]: 0.818821	AUC[PR]: 0.187216
Epoch evaluation duration: 62.0093998909
Epoch duration: 71.623816967

Epoch 84/1000
Epoch training duration: 9.65207004547
Train	AUC[ROC]: 0.999998	AUC[PR]: 0.997836
Val	AUC[ROC]: 0.814175	AUC[PR]: 0.181838
Epoch evaluation duration: 62.3899390697
Epoch duration: 72.0420091152

Epoch 85/1000
Epoch training duration: 9.65688204765
Train	AUC[ROC]: 0.999999	AUC[PR]: 0.998901
Val	AUC[ROC]: 0.806590	AUC[PR]: 0.186428
Epoch evaluation duration: 62.4687559605
Epoch duration: 72.1256380081

Epoch 86/1000
Epoch training duration: 9.51256203651
Train	AUC[ROC]: 0.999999	AUC[PR]: 0.999187
Val	AUC[ROC]: 0.805168	AUC[PR]: 0.181698
Epoch evaluation duration: 62.2616548538
Epoch duration: 71.7742168903

Epoch 87/1000
Epoch training duration: 9.83861303329
Train	AUC[ROC]: 1.000000	AUC[PR]: 0.999756
Val	AUC[ROC]: 0.807272	AUC[PR]: 0.181693
Epoch evaluation duration: 61.3084189892
Epoch duration: 71.1470320225

Epoch 88/1000
Epoch training duration: 9.8466989994
Train	AUC[ROC]: 1.000000	AUC[PR]: 0.999766
Val	AUC[ROC]: 0.799617	AUC[PR]: 0.170598
Epoch evaluation duration: 61.8195400238
Epoch duration: 71.6662390232

Epoch 89/1000
Epoch training duration: 9.47398304939
Train	AUC[ROC]: 1.000000	AUC[PR]: 0.999600
Val	AUC[ROC]: 0.807235	AUC[PR]: 0.187886
Epoch evaluation duration: 62.3900918961
Epoch duration: 71.8640749454

Epoch 90/1000
Epoch training duration: 9.698387146
Train	AUC[ROC]: 0.999996	AUC[PR]: 0.986902
Val	AUC[ROC]: 0.806227	AUC[PR]: 0.190501
Epoch evaluation duration: 61.4302308559
Epoch duration: 71.1286180019

Epoch 91/1000
Epoch training duration: 9.4412920475
Train	AUC[ROC]: 0.999993	AUC[PR]: 0.981623
Val	AUC[ROC]: 0.800750	AUC[PR]: 0.194583
Epoch evaluation duration: 61.7957320213
Epoch duration: 71.2370240688

Epoch 92/1000
Epoch training duration: 9.62156105042
Train	AUC[ROC]: 0.999993	AUC[PR]: 0.981570
Val	AUC[ROC]: 0.792321	AUC[PR]: 0.181354
Epoch evaluation duration: 62.3690910339
Epoch duration: 71.9906520844

Epoch 93/1000
Epoch training duration: 9.5246489048
Train	AUC[ROC]: 0.999995	AUC[PR]: 0.989926
Val	AUC[ROC]: 0.791064	AUC[PR]: 0.210028
Epoch evaluation duration: 61.2701940536
Epoch duration: 70.7948429585

Epoch 94/1000
Epoch training duration: 9.77377891541
Train	AUC[ROC]: 0.999993	AUC[PR]: 0.988405
Val	AUC[ROC]: 0.797369	AUC[PR]: 0.200649
Epoch evaluation duration: 61.8697800636
Epoch duration: 71.643558979

Epoch 95/1000
Epoch training duration: 9.85523509979
Train	AUC[ROC]: 0.999994	AUC[PR]: 0.992103
Val	AUC[ROC]: 0.795903	AUC[PR]: 0.180234
Epoch evaluation duration: 61.9576148987
Epoch duration: 71.8128499985

Epoch 96/1000
Epoch training duration: 9.89770793915
Train	AUC[ROC]: 0.999995	AUC[PR]: 0.990439
Val	AUC[ROC]: 0.797549	AUC[PR]: 0.180835
Epoch evaluation duration: 62.2780029774
Epoch duration: 72.1757109165

Epoch 97/1000
Epoch training duration: 9.55950117111
Train	AUC[ROC]: 0.999996	AUC[PR]: 0.994774
Val	AUC[ROC]: 0.793009	AUC[PR]: 0.184757
Epoch evaluation duration: 61.6160788536
Epoch duration: 71.1755800247

Epoch 98/1000
Epoch training duration: 9.5823841095
Train	AUC[ROC]: 0.999992	AUC[PR]: 0.984807
Val	AUC[ROC]: 0.814058	AUC[PR]: 0.170209
Epoch evaluation duration: 61.7250440121
Epoch duration: 71.3074281216

Epoch 99/1000
Epoch training duration: 9.7966299057
Train	AUC[ROC]: 0.999986	AUC[PR]: 0.970211
Val	AUC[ROC]: 0.797208	AUC[PR]: 0.168010
Epoch evaluation duration: 62.2473931313
Epoch duration: 72.044023037

Epoch 100/1000
Epoch training duration: 9.67621898651
Train	AUC[ROC]: 0.999989	AUC[PR]: 0.974008
Val	AUC[ROC]: 0.785729	AUC[PR]: 0.173007
Epoch evaluation duration: 62.9689018726
Epoch duration: 72.6451208591

Epoch 101/1000
Epoch training duration: 9.87624406815
Train	AUC[ROC]: 0.999991	AUC[PR]: 0.980015
Val	AUC[ROC]: 0.806972	AUC[PR]: 0.163470
Epoch evaluation duration: 61.4127070904
Epoch duration: 71.2889511585

Epoch 102/1000
Epoch training duration: 9.54968285561
Train	AUC[ROC]: 0.999990	AUC[PR]: 0.978502
Val	AUC[ROC]: 0.790694	AUC[PR]: 0.154848
Epoch evaluation duration: 61.828099966
Epoch duration: 71.3777828217

Epoch 103/1000
Epoch training duration: 9.54295516014
Train	AUC[ROC]: 0.999985	AUC[PR]: 0.966823
Val	AUC[ROC]: 0.809609	AUC[PR]: 0.154845
Epoch evaluation duration: 63.3035798073
Epoch duration: 72.8465349674

Epoch 104/1000
Epoch training duration: 9.51105618477
Train	AUC[ROC]: 0.999985	AUC[PR]: 0.966937
Val	AUC[ROC]: 0.800892	AUC[PR]: 0.175981
Epoch evaluation duration: 62.0025060177
Epoch duration: 71.5135622025

Epoch 105/1000
Epoch training duration: 9.57339787483
Train	AUC[ROC]: 0.999988	AUC[PR]: 0.974086
Val	AUC[ROC]: 0.792450	AUC[PR]: 0.177360
Epoch evaluation duration: 61.9704420567
Epoch duration: 71.5438399315

Epoch 106/1000
Epoch training duration: 9.85740804672
Train	AUC[ROC]: 0.999991	AUC[PR]: 0.980501
Val	AUC[ROC]: 0.800121	AUC[PR]: 0.174086
Epoch evaluation duration: 62.1812188625
Epoch duration: 72.0386269093

Epoch 107/1000
Epoch training duration: 9.77835202217
Train	AUC[ROC]: 0.999991	AUC[PR]: 0.981643
Val	AUC[ROC]: 0.795676	AUC[PR]: 0.172622
Epoch evaluation duration: 62.1059861183
Epoch duration: 71.8843381405

Epoch 108/1000
Epoch training duration: 9.44099783897
Train	AUC[ROC]: 0.999992	AUC[PR]: 0.980790
Val	AUC[ROC]: 0.792444	AUC[PR]: 0.163037
Epoch evaluation duration: 62.6586179733
Epoch duration: 72.0996158123

Epoch 109/1000
Epoch training duration: 9.62832212448
Train	AUC[ROC]: 0.999986	AUC[PR]: 0.969980
Val	AUC[ROC]: 0.811404	AUC[PR]: 0.127385
Epoch evaluation duration: 61.4401319027
Epoch duration: 71.0684540272

Epoch 110/1000
Epoch training duration: 9.57831811905
Train	AUC[ROC]: 0.999985	AUC[PR]: 0.964172
Val	AUC[ROC]: 0.795880	AUC[PR]: 0.155171
Epoch evaluation duration: 61.8765089512
Epoch duration: 71.4548270702

Epoch 111/1000
Epoch training duration: 9.86101698875
Train	AUC[ROC]: 0.999985	AUC[PR]: 0.970131
Val	AUC[ROC]: 0.793434	AUC[PR]: 0.170435
Epoch evaluation duration: 61.9281971455
Epoch duration: 71.7892141342

Epoch 112/1000
Epoch training duration: 9.46936178207
Train	AUC[ROC]: 0.999987	AUC[PR]: 0.973225
Val	AUC[ROC]: 0.790732	AUC[PR]: 0.168231
Epoch evaluation duration: 62.2668151855
Epoch duration: 71.7361769676

Epoch 113/1000
Epoch training duration: 9.65541291237
Train	AUC[ROC]: 0.999985	AUC[PR]: 0.970333
Val	AUC[ROC]: 0.798069	AUC[PR]: 0.176848
Epoch evaluation duration: 61.750852108
Epoch duration: 71.4062650204

Epoch 114/1000
Epoch training duration: 9.60444498062
Train	AUC[ROC]: 0.999987	AUC[PR]: 0.973721
Val	AUC[ROC]: 0.798583	AUC[PR]: 0.166393
Epoch evaluation duration: 61.6325979233
Epoch duration: 71.2370429039

Epoch 115/1000
Epoch training duration: 9.78523206711
Train	AUC[ROC]: 0.999988	AUC[PR]: 0.974777
Val	AUC[ROC]: 0.790957	AUC[PR]: 0.172146
Epoch evaluation duration: 62.0102138519
Epoch duration: 71.795445919

Epoch 116/1000
Epoch training duration: 9.42790699005
Train	AUC[ROC]: 0.999990	AUC[PR]: 0.979956
Val	AUC[ROC]: 0.791398	AUC[PR]: 0.185083
Epoch evaluation duration: 62.7027950287
Epoch duration: 72.1307020187

Epoch 117/1000
Epoch training duration: 9.72048807144
Train	AUC[ROC]: 0.999991	AUC[PR]: 0.981227
Val	AUC[ROC]: 0.785461	AUC[PR]: 0.173477
Epoch evaluation duration: 61.6620910168
Epoch duration: 71.3825790882

Epoch 118/1000
Epoch training duration: 9.60384297371
Train	AUC[ROC]: 0.999992	AUC[PR]: 0.981199
Val	AUC[ROC]: 0.786216	AUC[PR]: 0.164670
Epoch evaluation duration: 61.9598200321
Epoch duration: 71.5636630058

Epoch 119/1000
Epoch training duration: 9.57192397118
Train	AUC[ROC]: 0.999993	AUC[PR]: 0.984491
Val	AUC[ROC]: 0.784116	AUC[PR]: 0.162318
Epoch evaluation duration: 61.9223558903
Epoch duration: 71.4942798615

Epoch 120/1000
Epoch training duration: 9.70415401459
Train	AUC[ROC]: 0.999992	AUC[PR]: 0.984444
Val	AUC[ROC]: 0.788155	AUC[PR]: 0.160450
Epoch evaluation duration: 62.9085950851
Epoch duration: 72.6127490997

Epoch 121/1000
Epoch training duration: 9.6139318943
Train	AUC[ROC]: 0.999994	AUC[PR]: 0.987573
Val	AUC[ROC]: 0.788045	AUC[PR]: 0.183137
Epoch evaluation duration: 62.0716981888
Epoch duration: 71.6856300831

Epoch 122/1000
Epoch training duration: 9.69994783401
Train	AUC[ROC]: 0.999994	AUC[PR]: 0.988392
Val	AUC[ROC]: 0.788408	AUC[PR]: 0.185832
Epoch evaluation duration: 61.7984850407
Epoch duration: 71.4984328747

Epoch 123/1000
Epoch training duration: 9.59083509445
Train	AUC[ROC]: 0.999994	AUC[PR]: 0.988348
Val	AUC[ROC]: 0.790234	AUC[PR]: 0.174764
Epoch evaluation duration: 61.7776770592
Epoch duration: 71.3685121536

Epoch 124/1000
Epoch training duration: 9.17652177811
Train	AUC[ROC]: 0.999995	AUC[PR]: 0.989957
Val	AUC[ROC]: 0.788313	AUC[PR]: 0.186066
Epoch evaluation duration: 62.9463992119
Epoch duration: 72.12292099

Epoch 125/1000
Epoch training duration: 9.71902799606
Train	AUC[ROC]: 0.999995	AUC[PR]: 0.990810
Val	AUC[ROC]: 0.791015	AUC[PR]: 0.182975
Epoch evaluation duration: 61.8320767879
Epoch duration: 71.551104784

Epoch 126/1000
Epoch training duration: 9.849391222
Train	AUC[ROC]: 0.999996	AUC[PR]: 0.990827
Val	AUC[ROC]: 0.795046	AUC[PR]: 0.183959
Epoch evaluation duration: 61.7106080055
Epoch duration: 71.5599992275

Epoch 127/1000
Epoch training duration: 9.83960199356
Train	AUC[ROC]: 0.999994	AUC[PR]: 0.988940
Val	AUC[ROC]: 0.790666	AUC[PR]: 0.174023
Epoch evaluation duration: 62.0983219147
Epoch duration: 71.9379239082

Epoch 128/1000
Epoch training duration: 9.39486002922
Train	AUC[ROC]: 0.999994	AUC[PR]: 0.987299
Val	AUC[ROC]: 0.787135	AUC[PR]: 0.178782
Epoch evaluation duration: 62.3068988323
Epoch duration: 71.7017588615

Epoch 129/1000
Epoch training duration: 9.4649310112
Train	AUC[ROC]: 0.999984	AUC[PR]: 0.969023
Val	AUC[ROC]: 0.784771	AUC[PR]: 0.173293
Epoch evaluation duration: 61.5521800518
Epoch duration: 71.017111063

Epoch 130/1000
Epoch training duration: 9.48137807846
Train	AUC[ROC]: 0.999986	AUC[PR]: 0.972952
Val	AUC[ROC]: 0.777560	AUC[PR]: 0.180024
Epoch evaluation duration: 61.8180270195
Epoch duration: 71.299405098

Epoch 131/1000
Epoch training duration: 9.57802700996
Train	AUC[ROC]: 0.999987	AUC[PR]: 0.973496
Val	AUC[ROC]: 0.760274	AUC[PR]: 0.169819
Epoch evaluation duration: 62.0569009781
Epoch duration: 71.6349279881

Epoch 132/1000
Epoch training duration: 9.35081791878
Train	AUC[ROC]: 0.999986	AUC[PR]: 0.970904
Val	AUC[ROC]: 0.759622	AUC[PR]: 0.162737
Epoch evaluation duration: 62.2995009422
Epoch duration: 71.650318861

Epoch 133/1000
Epoch training duration: 9.61133408546
Train	AUC[ROC]: 0.999988	AUC[PR]: 0.977381
Val	AUC[ROC]: 0.794668	AUC[PR]: 0.176998
Epoch evaluation duration: 61.4311029911
Epoch duration: 71.0424370766

Epoch 134/1000
Epoch training duration: 9.8319299221
Train	AUC[ROC]: 0.999988	AUC[PR]: 0.976286
Val	AUC[ROC]: 0.793478	AUC[PR]: 0.176489
Epoch evaluation duration: 61.6765670776
Epoch duration: 71.5084969997

Epoch 135/1000
Epoch training duration: 9.56546998024
Train	AUC[ROC]: 0.999989	AUC[PR]: 0.977766
Val	AUC[ROC]: 0.791259	AUC[PR]: 0.173629
Epoch evaluation duration: 62.2089540958
Epoch duration: 71.7744240761

Epoch 136/1000
Epoch training duration: 9.36575698853
Train	AUC[ROC]: 0.999990	AUC[PR]: 0.978471
Val	AUC[ROC]: 0.789218	AUC[PR]: 0.167582
Epoch evaluation duration: 62.1479048729
Epoch duration: 71.5136618614

Epoch 137/1000
Epoch training duration: 9.43350315094
Train	AUC[ROC]: 0.999989	AUC[PR]: 0.981397
Val	AUC[ROC]: 0.800003	AUC[PR]: 0.159402
Epoch evaluation duration: 61.855702877
Epoch duration: 71.289206028

Epoch 138/1000
Epoch training duration: 9.64094495773
Train	AUC[ROC]: 0.999989	AUC[PR]: 0.981423
Val	AUC[ROC]: 0.801480	AUC[PR]: 0.167624
Epoch evaluation duration: 62.5040700436
Epoch duration: 72.1450150013

Epoch 139/1000
Epoch training duration: 9.61832809448
Train	AUC[ROC]: 0.999985	AUC[PR]: 0.974023
Val	AUC[ROC]: 0.796279	AUC[PR]: 0.163285
Epoch evaluation duration: 61.9286329746
Epoch duration: 71.5469610691

Epoch 140/1000
Epoch training duration: 9.38083910942
Train	AUC[ROC]: 0.999986	AUC[PR]: 0.972040
Val	AUC[ROC]: 0.782797	AUC[PR]: 0.173344
Epoch evaluation duration: 62.6492729187
Epoch duration: 72.0301120281

Epoch 141/1000
Epoch training duration: 9.61997008324
Train	AUC[ROC]: 0.999988	AUC[PR]: 0.973538
Val	AUC[ROC]: 0.783461	AUC[PR]: 0.177268
Epoch evaluation duration: 62.0877468586
Epoch duration: 71.7077169418

Epoch 142/1000
Epoch training duration: 9.66536712646
Train	AUC[ROC]: 0.999984	AUC[PR]: 0.966600
Val	AUC[ROC]: 0.793235	AUC[PR]: 0.156318
Epoch evaluation duration: 61.4561729431
Epoch duration: 71.1215400696

Epoch 143/1000
Epoch training duration: 9.7195930481
Train	AUC[ROC]: 0.999984	AUC[PR]: 0.968998
Val	AUC[ROC]: 0.793254	AUC[PR]: 0.172275
Epoch evaluation duration: 62.4173958302
Epoch duration: 72.1369888783

Epoch 144/1000
Epoch training duration: 9.27565002441
Train	AUC[ROC]: 0.999987	AUC[PR]: 0.978107
Val	AUC[ROC]: 0.798999	AUC[PR]: 0.167643
Epoch evaluation duration: 61.9328150749
Epoch duration: 71.2084650993

Epoch 145/1000
Epoch training duration: 9.52446103096
Train	AUC[ROC]: 0.999986	AUC[PR]: 0.974687
Val	AUC[ROC]: 0.794862	AUC[PR]: 0.173351
Epoch evaluation duration: 61.7054269314
Epoch duration: 71.2298879623

Epoch 146/1000
Epoch training duration: 9.75340795517
Train	AUC[ROC]: 0.999987	AUC[PR]: 0.975386
Val	AUC[ROC]: 0.791773	AUC[PR]: 0.176800
Epoch evaluation duration: 61.9098541737
Epoch duration: 71.6632621288

Epoch 147/1000
Epoch training duration: 9.49416899681
Train	AUC[ROC]: 0.999986	AUC[PR]: 0.975278
Val	AUC[ROC]: 0.791682	AUC[PR]: 0.173298
Epoch evaluation duration: 61.8368749619
Epoch duration: 71.3310439587

Epoch 148/1000
Epoch training duration: 9.56961488724
Train	AUC[ROC]: 0.999986	AUC[PR]: 0.977364
Val	AUC[ROC]: 0.787910	AUC[PR]: 0.170122
Epoch evaluation duration: 62.2831389904
Epoch duration: 71.8527538776

Epoch 149/1000
Epoch training duration: 9.57529902458
Train	AUC[ROC]: 0.999989	AUC[PR]: 0.979531
Val	AUC[ROC]: 0.785939	AUC[PR]: 0.166806
Epoch evaluation duration: 61.7929620743
Epoch duration: 71.3682610989

Epoch 150/1000
Epoch training duration: 9.43115901947
Train	AUC[ROC]: 0.999990	AUC[PR]: 0.983085
Val	AUC[ROC]: 0.786509	AUC[PR]: 0.170031
Epoch evaluation duration: 61.2366819382
Epoch duration: 70.6678409576

Epoch 151/1000
Epoch training duration: 9.64410591125
Train	AUC[ROC]: 0.999993	AUC[PR]: 0.987146
Val	AUC[ROC]: 0.792786	AUC[PR]: 0.171639
Epoch evaluation duration: 62.0716850758
Epoch duration: 71.715790987

Epoch 152/1000
Epoch training duration: 9.24604701996
Train	AUC[ROC]: 0.999994	AUC[PR]: 0.989663
Val	AUC[ROC]: 0.790588	AUC[PR]: 0.179486
Epoch evaluation duration: 62.0265419483
Epoch duration: 71.2725889683

Epoch 153/1000
Epoch training duration: 9.59580111504
Train	AUC[ROC]: 0.999994	AUC[PR]: 0.990291
Val	AUC[ROC]: 0.784720	AUC[PR]: 0.177237
Epoch evaluation duration: 62.3780038357
Epoch duration: 71.9738049507

Epoch 154/1000
Epoch training duration: 9.61477899551
Train	AUC[ROC]: 0.999987	AUC[PR]: 0.976024
Val	AUC[ROC]: 0.795132	AUC[PR]: 0.166126
Epoch evaluation duration: 61.6415991783
Epoch duration: 71.2563781738

Epoch 155/1000
Epoch training duration: 9.5217628479
Train	AUC[ROC]: 0.999987	AUC[PR]: 0.975316
Val	AUC[ROC]: 0.794245	AUC[PR]: 0.174226
Epoch evaluation duration: 61.891561985
Epoch duration: 71.4133248329

Epoch 156/1000
Epoch training duration: 9.75457811356
Train	AUC[ROC]: 0.999990	AUC[PR]: 0.981898
Val	AUC[ROC]: 0.791401	AUC[PR]: 0.158780
Epoch evaluation duration: 62.6767549515
Epoch duration: 72.431333065

Epoch 157/1000
Epoch training duration: 9.53832602501
Train	AUC[ROC]: 0.999990	AUC[PR]: 0.982445
Val	AUC[ROC]: 0.784593	AUC[PR]: 0.166803
Epoch evaluation duration: 61.4799470901
Epoch duration: 71.0182731152

Epoch 158/1000
Epoch training duration: 9.46382689476
Train	AUC[ROC]: 0.999992	AUC[PR]: 0.987728
Val	AUC[ROC]: 0.783912	AUC[PR]: 0.173302
Epoch evaluation duration: 61.3141009808
Epoch duration: 70.7779278755

Epoch 159/1000
Epoch training duration: 9.77730798721
Train	AUC[ROC]: 0.999993	AUC[PR]: 0.989900
Val	AUC[ROC]: 0.787953	AUC[PR]: 0.170433
Epoch evaluation duration: 62.3251540661
Epoch duration: 72.1024620533

Epoch 160/1000
Epoch training duration: 9.38016200066
Train	AUC[ROC]: 0.999996	AUC[PR]: 0.992654
Val	AUC[ROC]: 0.778393	AUC[PR]: 0.176807
Epoch evaluation duration: 61.7514419556
Epoch duration: 71.1316039562

Epoch 161/1000
Epoch training duration: 9.94077706337
Train	AUC[ROC]: 0.999997	AUC[PR]: 0.993990
Val	AUC[ROC]: 0.790681	AUC[PR]: 0.171755
Epoch evaluation duration: 61.2843420506
Epoch duration: 71.2251191139

Epoch 162/1000
Epoch training duration: 9.53705596924
Train	AUC[ROC]: 0.999971	AUC[PR]: 0.958231
Val	AUC[ROC]: 0.749452	AUC[PR]: 0.101192
Epoch evaluation duration: 61.84760499
Epoch duration: 71.3846609592

Epoch 163/1000
Epoch training duration: 9.53542590141
Train	AUC[ROC]: 0.999983	AUC[PR]: 0.973695
Val	AUC[ROC]: 0.764242	AUC[PR]: 0.139361
Epoch evaluation duration: 61.7621250153
Epoch duration: 71.2975509167

Epoch 164/1000
Epoch training duration: 9.5067460537
Train	AUC[ROC]: 0.999986	AUC[PR]: 0.973250
Val	AUC[ROC]: 0.764411	AUC[PR]: 0.157240
Epoch evaluation duration: 62.2727639675
Epoch duration: 71.7795100212

Epoch 165/1000
Epoch training duration: 9.45448493958
Train	AUC[ROC]: 0.999986	AUC[PR]: 0.973149
Val	AUC[ROC]: 0.767090	AUC[PR]: 0.165845
Epoch evaluation duration: 62.0140450001
Epoch duration: 71.4685299397

Epoch 166/1000
Epoch training duration: 9.60934495926
Train	AUC[ROC]: 0.999986	AUC[PR]: 0.972554
Val	AUC[ROC]: 0.766152	AUC[PR]: 0.163031
Epoch evaluation duration: 62.130464077
Epoch duration: 71.7398090363

Epoch 167/1000
Epoch training duration: 9.73635292053
Train	AUC[ROC]: 0.999986	AUC[PR]: 0.972971
Val	AUC[ROC]: 0.770261	AUC[PR]: 0.155850
Epoch evaluation duration: 62.3724310398
Epoch duration: 72.1087839603

Epoch 168/1000
Epoch training duration: 9.43166613579
Train	AUC[ROC]: 0.999986	AUC[PR]: 0.973232
Val	AUC[ROC]: 0.773297	AUC[PR]: 0.162691
Epoch evaluation duration: 61.9713149071
Epoch duration: 71.4029810429

Epoch 169/1000
Epoch training duration: 9.76691603661
Train	AUC[ROC]: 0.999986	AUC[PR]: 0.976790
Val	AUC[ROC]: 0.810270	AUC[PR]: 0.177113
Epoch evaluation duration: 61.7888050079
Epoch duration: 71.5557210445

Epoch 170/1000
Epoch training duration: 9.83629608154
Train	AUC[ROC]: 0.999986	AUC[PR]: 0.975170
Val	AUC[ROC]: 0.799810	AUC[PR]: 0.175833
Epoch evaluation duration: 62.0741608143
Epoch duration: 71.9104568958

Epoch 171/1000
Epoch training duration: 9.53276705742
Train	AUC[ROC]: 0.999986	AUC[PR]: 0.974094
Val	AUC[ROC]: 0.793757	AUC[PR]: 0.160187
Epoch evaluation duration: 61.8271279335
Epoch duration: 71.3598949909

Epoch 172/1000
Epoch training duration: 10.0313241482
Train	AUC[ROC]: 0.999989	AUC[PR]: 0.982833
Val	AUC[ROC]: 0.791332	AUC[PR]: 0.177313
Epoch evaluation duration: 61.7542910576
Epoch duration: 71.7856152058

Epoch 173/1000
Epoch training duration: 9.51868581772
Train	AUC[ROC]: 0.999990	AUC[PR]: 0.983445
Val	AUC[ROC]: 0.790012	AUC[PR]: 0.183509
Epoch evaluation duration: 62.8008890152
Epoch duration: 72.3195748329

Epoch 174/1000
Epoch training duration: 9.46828699112
Train	AUC[ROC]: 0.999988	AUC[PR]: 0.980624
Val	AUC[ROC]: 0.788895	AUC[PR]: 0.169534
Epoch evaluation duration: 62.082198143
Epoch duration: 71.5504851341

Epoch 175/1000
Epoch training duration: 9.76481986046
Train	AUC[ROC]: 0.999988	AUC[PR]: 0.981215
Val	AUC[ROC]: 0.782992	AUC[PR]: 0.161508
Epoch evaluation duration: 62.2961051464
Epoch duration: 72.0609250069

Epoch 176/1000
Epoch training duration: 9.38630700111
Train	AUC[ROC]: 0.999990	AUC[PR]: 0.983486
Val	AUC[ROC]: 0.778098	AUC[PR]: 0.157987
Epoch evaluation duration: 61.6781058311
Epoch duration: 71.0644128323

Epoch 177/1000
Epoch training duration: 9.65204119682
Train	AUC[ROC]: 0.999992	AUC[PR]: 0.985576
Val	AUC[ROC]: 0.776734	AUC[PR]: 0.164603
Epoch evaluation duration: 61.4970397949
Epoch duration: 71.1490809917

Epoch 178/1000
Epoch training duration: 9.4707531929
Train	AUC[ROC]: 0.999993	AUC[PR]: 0.987358
Val	AUC[ROC]: 0.785724	AUC[PR]: 0.169116
Epoch evaluation duration: 61.7797198296
Epoch duration: 71.2504730225

Epoch 179/1000
Epoch training duration: 9.50275707245
Train	AUC[ROC]: 0.999989	AUC[PR]: 0.977235
Val	AUC[ROC]: 0.781833	AUC[PR]: 0.181651
Epoch evaluation duration: 62.3725669384
Epoch duration: 71.8753240108

Epoch 180/1000
Epoch training duration: 9.88246107101
Train	AUC[ROC]: 0.999989	AUC[PR]: 0.979957
Val	AUC[ROC]: 0.773673	AUC[PR]: 0.189913
Epoch evaluation duration: 61.6539430618
Epoch duration: 71.5364041328

Epoch 181/1000
Epoch training duration: 9.40483188629
Train	AUC[ROC]: 0.999988	AUC[PR]: 0.978985
Val	AUC[ROC]: 0.780091	AUC[PR]: 0.191036
Epoch evaluation duration: 62.2417070866
Epoch duration: 71.6465389729

Epoch 182/1000
Epoch training duration: 9.53067183495
Train	AUC[ROC]: 0.999987	AUC[PR]: 0.976244
Val	AUC[ROC]: 0.774079	AUC[PR]: 0.193643
Epoch evaluation duration: 61.5523180962
Epoch duration: 71.0829899311

Epoch 183/1000
Epoch training duration: 9.65509605408
Train	AUC[ROC]: 0.999988	AUC[PR]: 0.978569
Val	AUC[ROC]: 0.773131	AUC[PR]: 0.173385
Epoch evaluation duration: 62.4797279835
Epoch duration: 72.1348240376

Epoch 184/1000
Epoch training duration: 9.51577091217
Train	AUC[ROC]: 0.999990	AUC[PR]: 0.980689
Val	AUC[ROC]: 0.770815	AUC[PR]: 0.174727
Epoch evaluation duration: 61.9159500599
Epoch duration: 71.4317209721

Epoch 185/1000
Epoch training duration: 9.64859390259
Train	AUC[ROC]: 0.999991	AUC[PR]: 0.984072
Val	AUC[ROC]: 0.776106	AUC[PR]: 0.169786
Epoch evaluation duration: 61.4698040485
Epoch duration: 71.1183979511

Epoch 186/1000
Epoch training duration: 9.66345405579
Train	AUC[ROC]: 0.999990	AUC[PR]: 0.982950
Val	AUC[ROC]: 0.768897	AUC[PR]: 0.162154
Epoch evaluation duration: 62.0082271099
Epoch duration: 71.6716811657

Epoch 187/1000
Epoch training duration: 9.4910929203
Train	AUC[ROC]: 0.999990	AUC[PR]: 0.981300
Val	AUC[ROC]: 0.766303	AUC[PR]: 0.165414
Epoch evaluation duration: 62.3330049515
Epoch duration: 71.8240978718

Epoch 188/1000
Epoch training duration: 9.74216914177
Train	AUC[ROC]: 0.999990	AUC[PR]: 0.980722
Val	AUC[ROC]: 0.764195	AUC[PR]: 0.168359
Epoch evaluation duration: 61.6294569969
Epoch duration: 71.3716261387

Epoch 189/1000
Epoch training duration: 9.5007648468
Train	AUC[ROC]: 0.999990	AUC[PR]: 0.981181
Val	AUC[ROC]: 0.761887	AUC[PR]: 0.172415
Epoch evaluation duration: 61.8540289402
Epoch duration: 71.354793787

Epoch 190/1000
Epoch training duration: 9.40708398819
Train	AUC[ROC]: 0.999991	AUC[PR]: 0.983672
Val	AUC[ROC]: 0.777417	AUC[PR]: 0.169771
Epoch evaluation duration: 61.7651510239
Epoch duration: 71.1722350121

Epoch 191/1000
Epoch training duration: 9.8287820816
Train	AUC[ROC]: 0.999990	AUC[PR]: 0.982839
Val	AUC[ROC]: 0.771735	AUC[PR]: 0.172224
Epoch evaluation duration: 62.7768790722
Epoch duration: 72.6056611538

Epoch 192/1000
Epoch training duration: 9.68828582764
Train	AUC[ROC]: 0.999990	AUC[PR]: 0.981359
Val	AUC[ROC]: 0.774425	AUC[PR]: 0.170997
Epoch evaluation duration: 61.8587191105
Epoch duration: 71.5470049381

Epoch 193/1000
Epoch training duration: 9.67300891876
Train	AUC[ROC]: 0.999992	AUC[PR]: 0.986626
Val	AUC[ROC]: 0.775815	AUC[PR]: 0.168892
Epoch evaluation duration: 61.4089319706
Epoch duration: 71.0819408894

Epoch 194/1000
Epoch training duration: 9.62677621841
Train	AUC[ROC]: 0.999991	AUC[PR]: 0.985098
Val	AUC[ROC]: 0.771593	AUC[PR]: 0.174709
Epoch evaluation duration: 61.4097938538
Epoch duration: 71.0365700722

Epoch 195/1000
Epoch training duration: 9.53723192215
Train	AUC[ROC]: 0.999991	AUC[PR]: 0.983734
Val	AUC[ROC]: 0.790772	AUC[PR]: 0.163158
Epoch evaluation duration: 62.434374094
Epoch duration: 71.9716060162

Epoch 196/1000
Epoch training duration: 9.78925704956
Train	AUC[ROC]: 0.999991	AUC[PR]: 0.985093
Val	AUC[ROC]: 0.783475	AUC[PR]: 0.166055
Epoch evaluation duration: 61.0652639866
Epoch duration: 70.8545210361

Epoch 197/1000
Epoch training duration: 9.61712193489
Train	AUC[ROC]: 0.999991	AUC[PR]: 0.984049
Val	AUC[ROC]: 0.776616	AUC[PR]: 0.174248
Epoch evaluation duration: 62.073127985
Epoch duration: 71.6902499199

Epoch 198/1000
Epoch training duration: 9.71396899223
Train	AUC[ROC]: 0.999991	AUC[PR]: 0.984228
Val	AUC[ROC]: 0.773985	AUC[PR]: 0.172134
Epoch evaluation duration: 61.9877140522
Epoch duration: 71.7016830444

Epoch 199/1000
Epoch training duration: 9.55314302444
Train	AUC[ROC]: 0.999990	AUC[PR]: 0.983903
Val	AUC[ROC]: 0.793536	AUC[PR]: 0.177016
Epoch evaluation duration: 63.2932319641
Epoch duration: 72.8463749886

Epoch 200/1000
Epoch training duration: 9.91255497932
Train	AUC[ROC]: 0.999991	AUC[PR]: 0.985299
Val	AUC[ROC]: 0.782343	AUC[PR]: 0.179172
Epoch evaluation duration: 66.1594250202
Epoch duration: 76.0719799995

Epoch 201/1000
Epoch training duration: 10.0112011433
Train	AUC[ROC]: 0.999991	AUC[PR]: 0.984776
Val	AUC[ROC]: 0.777106	AUC[PR]: 0.181806
Epoch evaluation duration: 65.1477339268
Epoch duration: 75.15893507

Epoch 202/1000
Epoch training duration: 10.1288709641
Train	AUC[ROC]: 0.999990	AUC[PR]: 0.982976
Val	AUC[ROC]: 0.771330	AUC[PR]: 0.174546
Epoch evaluation duration: 65.6601109505
Epoch duration: 75.7889819145

Epoch 203/1000
Epoch training duration: 10.1079571247
Train	AUC[ROC]: 0.999991	AUC[PR]: 0.984648
Val	AUC[ROC]: 0.775399	AUC[PR]: 0.163829
Epoch evaluation duration: 65.7897269726
Epoch duration: 75.8976840973

Epoch 204/1000
Epoch training duration: 10.3312568665
Train	AUC[ROC]: 0.999991	AUC[PR]: 0.986477
Val	AUC[ROC]: 0.796084	AUC[PR]: 0.169935
Epoch evaluation duration: 65.6773900986
Epoch duration: 76.008646965

Epoch 205/1000
Epoch training duration: 10.1160390377
Train	AUC[ROC]: 0.999991	AUC[PR]: 0.985816
Val	AUC[ROC]: 0.793560	AUC[PR]: 0.172671
Epoch evaluation duration: 65.4837548733
Epoch duration: 75.599793911

Epoch 206/1000
Epoch training duration: 10.0736100674
Train	AUC[ROC]: 0.999991	AUC[PR]: 0.984127
Val	AUC[ROC]: 0.781860	AUC[PR]: 0.174069
Epoch evaluation duration: 66.0908939838
Epoch duration: 76.1645040512

Epoch 207/1000
Epoch training duration: 10.0010280609
Train	AUC[ROC]: 0.999991	AUC[PR]: 0.983932
Val	AUC[ROC]: 0.776220	AUC[PR]: 0.175791
Epoch evaluation duration: 65.7226669788
Epoch duration: 75.7236950397

Epoch 208/1000
Epoch training duration: 10.2138528824
Train	AUC[ROC]: 0.999991	AUC[PR]: 0.985606
Val	AUC[ROC]: 0.775337	AUC[PR]: 0.173327
Epoch evaluation duration: 67.4213161469
Epoch duration: 77.6351690292

Epoch 209/1000
Epoch training duration: 9.92408394814
Train	AUC[ROC]: 0.999991	AUC[PR]: 0.985708
Val	AUC[ROC]: 0.780497	AUC[PR]: 0.172664
Epoch evaluation duration: 65.8780930042
Epoch duration: 75.8021769524

Epoch 210/1000
Epoch training duration: 9.95258593559
Train	AUC[ROC]: 0.999991	AUC[PR]: 0.985458
Val	AUC[ROC]: 0.779095	AUC[PR]: 0.175609
Epoch evaluation duration: 65.8161799908
Epoch duration: 75.7687659264

Epoch 211/1000
Epoch training duration: 9.96715211868
Train	AUC[ROC]: 0.999993	AUC[PR]: 0.989265
Val	AUC[ROC]: 0.764551	AUC[PR]: 0.177597
Epoch evaluation duration: 65.9916849136
Epoch duration: 75.9588370323

Epoch 212/1000
Epoch training duration: 10.1079521179
Train	AUC[ROC]: 0.999995	AUC[PR]: 0.993421
Val	AUC[ROC]: 0.768424	AUC[PR]: 0.190370
Epoch evaluation duration: 65.5676128864
Epoch duration: 75.6755650043

Epoch 213/1000
Epoch training duration: 10.0771751404
Train	AUC[ROC]: 0.999987	AUC[PR]: 0.974636
Val	AUC[ROC]: 0.789592	AUC[PR]: 0.144933
Epoch evaluation duration: 64.9835438728
Epoch duration: 75.0607190132

Epoch 214/1000
Epoch training duration: 10.2315039635
Train	AUC[ROC]: 0.999988	AUC[PR]: 0.978733
Val	AUC[ROC]: 0.783931	AUC[PR]: 0.170410
Epoch evaluation duration: 65.8890171051
Epoch duration: 76.1205210686

Epoch 215/1000
Epoch training duration: 9.75173997879
Train	AUC[ROC]: 0.999986	AUC[PR]: 0.978366
Val	AUC[ROC]: 0.827031	AUC[PR]: 0.164334
Epoch evaluation duration: 66.5555958748
Epoch duration: 76.3073358536

Epoch 216/1000
Epoch training duration: 10.1738190651
Train	AUC[ROC]: 0.999985	AUC[PR]: 0.973369
Val	AUC[ROC]: 0.811480	AUC[PR]: 0.158068
Epoch evaluation duration: 65.4502170086
Epoch duration: 75.6240360737

Epoch 217/1000
Epoch training duration: 10.0474469662
Train	AUC[ROC]: 0.999985	AUC[PR]: 0.973130
Val	AUC[ROC]: 0.810556	AUC[PR]: 0.172079
Epoch evaluation duration: 65.8315479755
Epoch duration: 75.8789949417

Epoch 218/1000
Epoch training duration: 10.0504250526
Train	AUC[ROC]: 0.999985	AUC[PR]: 0.975946
Val	AUC[ROC]: 0.806867	AUC[PR]: 0.168011
Epoch evaluation duration: 66.6067430973
Epoch duration: 76.6571681499

Epoch 219/1000
Epoch training duration: 9.74322390556
Train	AUC[ROC]: 0.999983	AUC[PR]: 0.972820
Val	AUC[ROC]: 0.804592	AUC[PR]: 0.185494
Epoch evaluation duration: 66.3728170395
Epoch duration: 76.1160409451

Epoch 220/1000
Epoch training duration: 10.2720599174
Train	AUC[ROC]: 0.999985	AUC[PR]: 0.974930
Val	AUC[ROC]: 0.801582	AUC[PR]: 0.173958
Epoch evaluation duration: 66.3285810947
Epoch duration: 76.6006410122

Epoch 221/1000
Epoch training duration: 9.95697999001
Train	AUC[ROC]: 0.999986	AUC[PR]: 0.978324
Val	AUC[ROC]: 0.806663	AUC[PR]: 0.171307
Epoch evaluation duration: 63.3905699253
Epoch duration: 73.3475499153

Epoch 222/1000
Epoch training duration: 9.64698314667
Train	AUC[ROC]: 0.999985	AUC[PR]: 0.975684
Val	AUC[ROC]: 0.804532	AUC[PR]: 0.172156
Epoch evaluation duration: 62.1561789513
Epoch duration: 71.8031620979

Epoch 223/1000
Epoch training duration: 9.42791104317
Train	AUC[ROC]: 0.999991	AUC[PR]: 0.987182
Val	AUC[ROC]: 0.798675	AUC[PR]: 0.169850
Epoch evaluation duration: 61.950455904
Epoch duration: 71.3783669472

Epoch 224/1000
Epoch training duration: 9.60699605942
Train	AUC[ROC]: 0.999993	AUC[PR]: 0.989516
Val	AUC[ROC]: 0.796803	AUC[PR]: 0.169762
Epoch evaluation duration: 61.7794799805
Epoch duration: 71.3864760399

Epoch 225/1000
Epoch training duration: 9.69735598564
Train	AUC[ROC]: 0.999992	AUC[PR]: 0.988016
Val	AUC[ROC]: 0.803692	AUC[PR]: 0.169516
Epoch evaluation duration: 62.1453919411
Epoch duration: 71.8427479267

Epoch 226/1000
Epoch training duration: 9.49310112
Train	AUC[ROC]: 0.999992	AUC[PR]: 0.987680
Val	AUC[ROC]: 0.803930	AUC[PR]: 0.168576
Epoch evaluation duration: 62.1001348495
Epoch duration: 71.5932359695

Epoch 227/1000
Epoch training duration: 9.47086119652
Train	AUC[ROC]: 0.999992	AUC[PR]: 0.988170
Val	AUC[ROC]: 0.806829	AUC[PR]: 0.162213
Epoch evaluation duration: 62.4241859913
Epoch duration: 71.8950471878

Epoch 228/1000
Epoch training duration: 9.78223800659
Train	AUC[ROC]: 0.999993	AUC[PR]: 0.988717
Val	AUC[ROC]: 0.808529	AUC[PR]: 0.171801
Epoch evaluation duration: 61.8105909824
Epoch duration: 71.592828989

Epoch 229/1000
Epoch training duration: 9.55259394646
Train	AUC[ROC]: 0.999992	AUC[PR]: 0.987275
Val	AUC[ROC]: 0.793491	AUC[PR]: 0.180063
Epoch evaluation duration: 61.8187980652
Epoch duration: 71.3713920116

Epoch 230/1000
Epoch training duration: 9.56584382057
Train	AUC[ROC]: 0.999993	AUC[PR]: 0.989831
Val	AUC[ROC]: 0.787499	AUC[PR]: 0.175294
Epoch evaluation duration: 62.1423680782
Epoch duration: 71.7082118988

Epoch 231/1000
Epoch training duration: 9.3238658905
Train	AUC[ROC]: 0.999991	AUC[PR]: 0.986237
Val	AUC[ROC]: 0.793235	AUC[PR]: 0.150992
Epoch evaluation duration: 62.1596391201
Epoch duration: 71.4835050106

Epoch 232/1000
Epoch training duration: 9.83516597748
Train	AUC[ROC]: 0.999992	AUC[PR]: 0.987650
Val	AUC[ROC]: 0.793546	AUC[PR]: 0.160287
Epoch evaluation duration: 61.9295189381
Epoch duration: 71.7646849155

Epoch 233/1000
Epoch training duration: 9.63191199303
Train	AUC[ROC]: 0.999993	AUC[PR]: 0.990096
Val	AUC[ROC]: 0.787613	AUC[PR]: 0.155792
Epoch evaluation duration: 60.9768660069
Epoch duration: 70.6087779999

Epoch 234/1000
Epoch training duration: 9.44939994812
Train	AUC[ROC]: 0.999995	AUC[PR]: 0.992372
Val	AUC[ROC]: 0.783890	AUC[PR]: 0.167145
Epoch evaluation duration: 62.2013781071
Epoch duration: 71.6507780552

Epoch 235/1000
Epoch training duration: 9.32635498047
Train	AUC[ROC]: 0.999976	AUC[PR]: 0.960744
Val	AUC[ROC]: 0.750646	AUC[PR]: 0.086587
Epoch evaluation duration: 62.1815729141
Epoch duration: 71.5079278946

Epoch 236/1000
Epoch training duration: 9.81028604507
Train	AUC[ROC]: 0.989647	AUC[PR]: 0.429191
Val	AUC[ROC]: 0.745355	AUC[PR]: 0.038642
Epoch evaluation duration: 61.3111519814
Epoch duration: 71.1214380264

Epoch 237/1000
Epoch training duration: 9.50321316719
Train	AUC[ROC]: 0.999050	AUC[PR]: 0.717382
Val	AUC[ROC]: 0.758864	AUC[PR]: 0.058609
Epoch evaluation duration: 61.5291609764
Epoch duration: 71.0323741436

Epoch 238/1000
Epoch training duration: 9.59556293488
Train	AUC[ROC]: 0.999742	AUC[PR]: 0.814747
Val	AUC[ROC]: 0.759669	AUC[PR]: 0.068590
Epoch evaluation duration: 61.9400260448
Epoch duration: 71.5355889797

Epoch 239/1000
Epoch training duration: 9.9087369442
Train	AUC[ROC]: 0.999848	AUC[PR]: 0.868723
Val	AUC[ROC]: 0.762410	AUC[PR]: 0.077511
Epoch evaluation duration: 61.7383351326
Epoch duration: 71.6470720768

Epoch 240/1000
Epoch training duration: 9.55831098557
Train	AUC[ROC]: 0.999894	AUC[PR]: 0.900054
Val	AUC[ROC]: 0.765831	AUC[PR]: 0.084569
Epoch evaluation duration: 61.6523468494
Epoch duration: 71.210657835

Epoch 241/1000
Epoch training duration: 9.60455799103
Train	AUC[ROC]: 0.999918	AUC[PR]: 0.915735
Val	AUC[ROC]: 0.770751	AUC[PR]: 0.088595
Epoch evaluation duration: 62.0714621544
Epoch duration: 71.6760201454

Epoch 242/1000
Epoch training duration: 9.6549539566
Train	AUC[ROC]: 0.999935	AUC[PR]: 0.928699
Val	AUC[ROC]: 0.770475	AUC[PR]: 0.094431
Epoch evaluation duration: 63.0384540558
Epoch duration: 72.6934080124

Epoch 243/1000
Epoch training duration: 9.44937896729
Train	AUC[ROC]: 0.999947	AUC[PR]: 0.937524
Val	AUC[ROC]: 0.770803	AUC[PR]: 0.097663
Epoch evaluation duration: 62.0769989491
Epoch duration: 71.5263779163

Epoch 244/1000
Epoch training duration: 9.58896207809
Train	AUC[ROC]: 0.999956	AUC[PR]: 0.945867
Val	AUC[ROC]: 0.771882	AUC[PR]: 0.099164
Epoch evaluation duration: 61.3356080055
Epoch duration: 70.9245700836

Epoch 245/1000
Epoch training duration: 9.78587698936
Train	AUC[ROC]: 0.999963	AUC[PR]: 0.950838
Val	AUC[ROC]: 0.770613	AUC[PR]: 0.096801
Epoch evaluation duration: 62.1445119381
Epoch duration: 71.9303889275

Epoch 246/1000
Epoch training duration: 9.84293007851
Train	AUC[ROC]: 0.999967	AUC[PR]: 0.954697
Val	AUC[ROC]: 0.775769	AUC[PR]: 0.102915
Epoch evaluation duration: 62.0046207905
Epoch duration: 71.847550869

Epoch 247/1000
Epoch training duration: 9.74367618561
Train	AUC[ROC]: 0.999970	AUC[PR]: 0.955497
Val	AUC[ROC]: 0.772777	AUC[PR]: 0.100757
Epoch evaluation duration: 61.7262558937
Epoch duration: 71.4699320793

Epoch 248/1000
Epoch training duration: 9.661714077
Train	AUC[ROC]: 0.999973	AUC[PR]: 0.958107
Val	AUC[ROC]: 0.773008	AUC[PR]: 0.100637
Epoch evaluation duration: 62.3555419445
Epoch duration: 72.0172560215

Epoch 249/1000
Epoch training duration: 9.5627849102
Train	AUC[ROC]: 0.999974	AUC[PR]: 0.958832
Val	AUC[ROC]: 0.774041	AUC[PR]: 0.101609
Epoch evaluation duration: 61.4767420292
Epoch duration: 71.0395269394

Epoch 250/1000
Epoch training duration: 9.53691697121
Train	AUC[ROC]: 0.999976	AUC[PR]: 0.960086
Val	AUC[ROC]: 0.773749	AUC[PR]: 0.117047
Epoch evaluation duration: 62.1607940197
Epoch duration: 71.6977109909

Epoch 251/1000
Epoch training duration: 9.62173318863
Train	AUC[ROC]: 0.999978	AUC[PR]: 0.963002
Val	AUC[ROC]: 0.776206	AUC[PR]: 0.111368
Epoch evaluation duration: 61.5599439144
Epoch duration: 71.181677103

Epoch 252/1000
Epoch training duration: 9.49943900108
Train	AUC[ROC]: 0.999979	AUC[PR]: 0.964486
Val	AUC[ROC]: 0.775629	AUC[PR]: 0.120500
Epoch evaluation duration: 61.614027977
Epoch duration: 71.1134669781

Epoch 253/1000
Epoch training duration: 9.62914204597
Train	AUC[ROC]: 0.999981	AUC[PR]: 0.967499
Val	AUC[ROC]: 0.777293	AUC[PR]: 0.108309
Epoch evaluation duration: 61.9224429131
Epoch duration: 71.551584959

Epoch 254/1000
Epoch training duration: 9.64640307426
Train	AUC[ROC]: 0.999981	AUC[PR]: 0.967541
Val	AUC[ROC]: 0.774188	AUC[PR]: 0.113385
Epoch evaluation duration: 62.025908947
Epoch duration: 71.6723120213

Epoch 255/1000
Epoch training duration: 9.31421589851
Train	AUC[ROC]: 0.999982	AUC[PR]: 0.968076
Val	AUC[ROC]: 0.773843	AUC[PR]: 0.121405
Epoch evaluation duration: 61.9881410599
Epoch duration: 71.3023569584

Epoch 256/1000
Epoch training duration: 9.61379098892
Train	AUC[ROC]: 0.999982	AUC[PR]: 0.970751
Val	AUC[ROC]: 0.769785	AUC[PR]: 0.136507
Epoch evaluation duration: 62.07883811
Epoch duration: 71.6926290989

Epoch 257/1000
Epoch training duration: 9.51722502708
Train	AUC[ROC]: 0.999983	AUC[PR]: 0.970395
Val	AUC[ROC]: 0.767156	AUC[PR]: 0.137871
Epoch evaluation duration: 61.2832188606
Epoch duration: 70.8004438877

Epoch 258/1000
Epoch training duration: 9.83368706703
Train	AUC[ROC]: 0.999983	AUC[PR]: 0.971521
Val	AUC[ROC]: 0.768948	AUC[PR]: 0.137646
Epoch evaluation duration: 62.1267380714
Epoch duration: 71.9604251385

Epoch 259/1000
Epoch training duration: 9.45775794983
Train	AUC[ROC]: 0.999984	AUC[PR]: 0.971929
Val	AUC[ROC]: 0.770659	AUC[PR]: 0.139074
Epoch evaluation duration: 61.6735870838
Epoch duration: 71.1313450336

Epoch 260/1000
Epoch training duration: 9.49860978127
Train	AUC[ROC]: 0.999984	AUC[PR]: 0.971640
Val	AUC[ROC]: 0.769211	AUC[PR]: 0.139249
Epoch evaluation duration: 62.5356740952
Epoch duration: 72.0342838764

Epoch 261/1000
Epoch training duration: 9.64632201195
Train	AUC[ROC]: 0.999984	AUC[PR]: 0.971680
Val	AUC[ROC]: 0.766308	AUC[PR]: 0.139069
Epoch evaluation duration: 62.157679081
Epoch duration: 71.8040010929

Epoch 262/1000
Epoch training duration: 9.61640787125
Train	AUC[ROC]: 0.999984	AUC[PR]: 0.972638
Val	AUC[ROC]: 0.766211	AUC[PR]: 0.139002
Epoch evaluation duration: 62.2846360207
Epoch duration: 71.9010438919

train precision: 0.989690965923
train roc: 0.999994708987
train hit in top 2563: 334.0 out of 334.0

val precision: 0.227162879837
val roc: 0.827646162859
val hit in top 427: 36.0 out of 55.0

test precision: 0.272579691858
test roc: 0.847597317381
test hit in top 427: 35.0 out of 55.0

ratio: 0.02, EF: 32.7272727273,	active: 55.0
ratio: 0.02, NEF: 0.654545454545
ratio: 0.01, EF: 63.6363636364,	active: 55.0
ratio: 0.01, NEF: 0.636363636364
ratio: 0.0015, EF: 278.787878788,	active: 55.0
ratio: 0.0015, NEF: 0.418181818182
ratio: 0.001, EF: 345.454545455,	active: 55.0
ratio: 0.001, NEF: 0.452380952381

