label_name_list  [u'PriA-SSB AS Activity']
train files  ['../datasets/keck_pria/fold_0.csv' '../datasets/keck_pria/fold_1.csv'
 '../datasets/keck_pria/fold_2.csv' '../datasets/keck_pria/fold_3.csv'
 '../datasets/keck_pria/fold_6.csv' '../datasets/keck_pria/fold_7.csv']
val files  ['../datasets/keck_pria/fold_4.csv']
test files  ['../datasets/keck_pria/fold_5.csv']
Class Weight  [{0: 1.0, 1: 766.625748502994}]
Epoch 1/1000
Epoch training duration: 12.332985878
Train	AUC[ROC]: 0.892922	AUC[PR]: 0.096685
Val	AUC[ROC]: 0.748639	AUC[PR]: 0.017012
Epoch evaluation duration: 95.532378912
Epoch duration: 107.86536479

Epoch 2/1000
Epoch training duration: 12.3564581871
Train	AUC[ROC]: 0.924381	AUC[PR]: 0.127258
Val	AUC[ROC]: 0.770289	AUC[PR]: 0.028597
Epoch evaluation duration: 115.470397949
Epoch duration: 127.826856136

Epoch 3/1000
Epoch training duration: 12.5234589577
Train	AUC[ROC]: 0.941811	AUC[PR]: 0.152616
Val	AUC[ROC]: 0.783760	AUC[PR]: 0.033251
Epoch evaluation duration: 110.144120932
Epoch duration: 122.667579889

Epoch 4/1000
Epoch training duration: 11.663364172
Train	AUC[ROC]: 0.956709	AUC[PR]: 0.164676
Val	AUC[ROC]: 0.794025	AUC[PR]: 0.036577
Epoch evaluation duration: 108.232823849
Epoch duration: 119.896188021

Epoch 5/1000
Epoch training duration: 11.5306150913
Train	AUC[ROC]: 0.969022	AUC[PR]: 0.180581
Val	AUC[ROC]: 0.795759	AUC[PR]: 0.040569
Epoch evaluation duration: 101.286113977
Epoch duration: 112.816729069

Epoch 6/1000
Epoch training duration: 12.7095639706
Train	AUC[ROC]: 0.976965	AUC[PR]: 0.198229
Val	AUC[ROC]: 0.800467	AUC[PR]: 0.048420
Epoch evaluation duration: 106.591174126
Epoch duration: 119.300738096

Epoch 7/1000
Epoch training duration: 9.79702281952
Train	AUC[ROC]: 0.983293	AUC[PR]: 0.214119
Val	AUC[ROC]: 0.801628	AUC[PR]: 0.051564
Epoch evaluation duration: 103.160187006
Epoch duration: 112.957209826

Epoch 8/1000
Epoch training duration: 11.5219080448
Train	AUC[ROC]: 0.988033	AUC[PR]: 0.232591
Val	AUC[ROC]: 0.805218	AUC[PR]: 0.062336
Epoch evaluation duration: 107.549926996
Epoch duration: 119.071835041

Epoch 9/1000
Epoch training duration: 11.1480419636
Train	AUC[ROC]: 0.991019	AUC[PR]: 0.250960
Val	AUC[ROC]: 0.804568	AUC[PR]: 0.069035
Epoch evaluation duration: 108.653697014
Epoch duration: 119.801738977

Epoch 10/1000
Epoch training duration: 11.022947073
Train	AUC[ROC]: 0.992909	AUC[PR]: 0.266494
Val	AUC[ROC]: 0.800470	AUC[PR]: 0.074389
Epoch evaluation duration: 106.875767946
Epoch duration: 117.898715019

Epoch 11/1000
Epoch training duration: 13.7204709053
Train	AUC[ROC]: 0.994238	AUC[PR]: 0.281269
Val	AUC[ROC]: 0.801380	AUC[PR]: 0.076916
Epoch evaluation duration: 100.211737156
Epoch duration: 113.932208061

Epoch 12/1000
Epoch training duration: 13.8566439152
Train	AUC[ROC]: 0.995310	AUC[PR]: 0.301842
Val	AUC[ROC]: 0.802681	AUC[PR]: 0.080888
Epoch evaluation duration: 100.105742931
Epoch duration: 113.962386847

Epoch 13/1000
Epoch training duration: 12.7843360901
Train	AUC[ROC]: 0.995996	AUC[PR]: 0.316153
Val	AUC[ROC]: 0.802042	AUC[PR]: 0.086319
Epoch evaluation duration: 103.804959059
Epoch duration: 116.589295149

Epoch 14/1000
Epoch training duration: 12.0953569412
Train	AUC[ROC]: 0.996744	AUC[PR]: 0.333436
Val	AUC[ROC]: 0.797473	AUC[PR]: 0.087288
Epoch evaluation duration: 104.589918137
Epoch duration: 116.685275078

Epoch 15/1000
Epoch training duration: 13.2653548717
Train	AUC[ROC]: 0.997286	AUC[PR]: 0.354947
Val	AUC[ROC]: 0.798946	AUC[PR]: 0.095292
Epoch evaluation duration: 100.663888931
Epoch duration: 113.929243803

Epoch 16/1000
Epoch training duration: 10.5401411057
Train	AUC[ROC]: 0.997738	AUC[PR]: 0.377743
Val	AUC[ROC]: 0.797128	AUC[PR]: 0.096837
Epoch evaluation duration: 104.411900043
Epoch duration: 114.952041149

Epoch 17/1000
Epoch training duration: 12.9618189335
Train	AUC[ROC]: 0.997991	AUC[PR]: 0.391608
Val	AUC[ROC]: 0.795787	AUC[PR]: 0.096905
Epoch evaluation duration: 100.229152918
Epoch duration: 113.190971851

Epoch 18/1000
Epoch training duration: 10.6899399757
Train	AUC[ROC]: 0.998204	AUC[PR]: 0.404770
Val	AUC[ROC]: 0.794698	AUC[PR]: 0.094655
Epoch evaluation duration: 107.675281048
Epoch duration: 118.365221024

Epoch 19/1000
Epoch training duration: 12.7338609695
Train	AUC[ROC]: 0.998542	AUC[PR]: 0.433672
Val	AUC[ROC]: 0.793488	AUC[PR]: 0.094154
Epoch evaluation duration: 108.779118061
Epoch duration: 121.512979031

Epoch 20/1000
Epoch training duration: 12.2543849945
Train	AUC[ROC]: 0.998676	AUC[PR]: 0.441800
Val	AUC[ROC]: 0.795819	AUC[PR]: 0.093762
Epoch evaluation duration: 108.771111965
Epoch duration: 121.02549696

Epoch 21/1000
Epoch training duration: 12.8830361366
Train	AUC[ROC]: 0.998823	AUC[PR]: 0.462188
Val	AUC[ROC]: 0.793962	AUC[PR]: 0.098572
Epoch evaluation duration: 104.807917833
Epoch duration: 117.69095397

Epoch 22/1000
Epoch training duration: 11.6911129951
Train	AUC[ROC]: 0.998884	AUC[PR]: 0.469807
Val	AUC[ROC]: 0.797194	AUC[PR]: 0.101430
Epoch evaluation duration: 104.643967152
Epoch duration: 116.335080147

Epoch 23/1000
Epoch training duration: 11.6861989498
Train	AUC[ROC]: 0.998988	AUC[PR]: 0.483308
Val	AUC[ROC]: 0.793927	AUC[PR]: 0.101666
Epoch evaluation duration: 104.861378908
Epoch duration: 116.547577858

Epoch 24/1000
Epoch training duration: 11.7308220863
Train	AUC[ROC]: 0.999130	AUC[PR]: 0.506583
Val	AUC[ROC]: 0.797174	AUC[PR]: 0.108558
Epoch evaluation duration: 105.31001997
Epoch duration: 117.040842056

Epoch 25/1000
Epoch training duration: 11.4265589714
Train	AUC[ROC]: 0.999260	AUC[PR]: 0.537880
Val	AUC[ROC]: 0.797649	AUC[PR]: 0.106329
Epoch evaluation duration: 104.949884176
Epoch duration: 116.376443148

Epoch 26/1000
Epoch training duration: 11.3947877884
Train	AUC[ROC]: 0.999294	AUC[PR]: 0.546627
Val	AUC[ROC]: 0.795031	AUC[PR]: 0.106476
Epoch evaluation duration: 102.877971172
Epoch duration: 114.272758961

Epoch 27/1000
Epoch training duration: 10.9876430035
Train	AUC[ROC]: 0.999403	AUC[PR]: 0.575871
Val	AUC[ROC]: 0.798107	AUC[PR]: 0.102749
Epoch evaluation duration: 99.6868460178
Epoch duration: 110.674489021

Epoch 28/1000
Epoch training duration: 11.7275769711
Train	AUC[ROC]: 0.999429	AUC[PR]: 0.587816
Val	AUC[ROC]: 0.792765	AUC[PR]: 0.110619
Epoch evaluation duration: 98.1910429001
Epoch duration: 109.918619871

Epoch 29/1000
Epoch training duration: 12.8880159855
Train	AUC[ROC]: 0.999454	AUC[PR]: 0.597569
Val	AUC[ROC]: 0.791497	AUC[PR]: 0.112229
Epoch evaluation duration: 101.607160091
Epoch duration: 114.495176077

Epoch 30/1000
Epoch training duration: 11.9668560028
Train	AUC[ROC]: 0.999498	AUC[PR]: 0.613571
Val	AUC[ROC]: 0.793011	AUC[PR]: 0.110244
Epoch evaluation duration: 105.270329952
Epoch duration: 117.237185955

Epoch 31/1000
Epoch training duration: 11.7682669163
Train	AUC[ROC]: 0.999547	AUC[PR]: 0.635225
Val	AUC[ROC]: 0.793704	AUC[PR]: 0.106640
Epoch evaluation duration: 110.969945192
Epoch duration: 122.738212109

Epoch 32/1000
Epoch training duration: 11.0448448658
Train	AUC[ROC]: 0.999586	AUC[PR]: 0.655370
Val	AUC[ROC]: 0.785118	AUC[PR]: 0.111437
Epoch evaluation duration: 102.535983086
Epoch duration: 113.580827951

Epoch 33/1000
Epoch training duration: 11.9485518932
Train	AUC[ROC]: 0.999612	AUC[PR]: 0.660516
Val	AUC[ROC]: 0.782243	AUC[PR]: 0.113475
Epoch evaluation duration: 103.081671953
Epoch duration: 115.030223846

Epoch 34/1000
Epoch training duration: 10.7181310654
Train	AUC[ROC]: 0.999659	AUC[PR]: 0.689768
Val	AUC[ROC]: 0.783921	AUC[PR]: 0.112045
Epoch evaluation duration: 103.072550058
Epoch duration: 113.790681124

Epoch 35/1000
Epoch training duration: 12.2948050499
Train	AUC[ROC]: 0.999676	AUC[PR]: 0.697356
Val	AUC[ROC]: 0.785126	AUC[PR]: 0.116292
Epoch evaluation duration: 102.996798038
Epoch duration: 115.291603088

Epoch 36/1000
Epoch training duration: 10.4453887939
Train	AUC[ROC]: 0.999713	AUC[PR]: 0.716966
Val	AUC[ROC]: 0.784571	AUC[PR]: 0.115118
Epoch evaluation duration: 99.6818401814
Epoch duration: 110.127228975

Epoch 37/1000
Epoch training duration: 10.3054049015
Train	AUC[ROC]: 0.999729	AUC[PR]: 0.725419
Val	AUC[ROC]: 0.784095	AUC[PR]: 0.115933
Epoch evaluation duration: 100.087413073
Epoch duration: 110.392817974

Epoch 38/1000
Epoch training duration: 11.9767649174
Train	AUC[ROC]: 0.999740	AUC[PR]: 0.733714
Val	AUC[ROC]: 0.783305	AUC[PR]: 0.118602
Epoch evaluation duration: 106.75997901
Epoch duration: 118.736743927

Epoch 39/1000
Epoch training duration: 11.7628569603
Train	AUC[ROC]: 0.999748	AUC[PR]: 0.737218
Val	AUC[ROC]: 0.777968	AUC[PR]: 0.117872
Epoch evaluation duration: 101.166631937
Epoch duration: 112.929488897

Epoch 40/1000
Epoch training duration: 12.1265041828
Train	AUC[ROC]: 0.999773	AUC[PR]: 0.751214
Val	AUC[ROC]: 0.781324	AUC[PR]: 0.112978
Epoch evaluation duration: 105.677778959
Epoch duration: 117.804283142

Epoch 41/1000
Epoch training duration: 11.9550390244
Train	AUC[ROC]: 0.999799	AUC[PR]: 0.771570
Val	AUC[ROC]: 0.772776	AUC[PR]: 0.114040
Epoch evaluation duration: 99.5210368633
Epoch duration: 111.476075888

Epoch 42/1000
Epoch training duration: 12.1493270397
Train	AUC[ROC]: 0.999810	AUC[PR]: 0.778424
Val	AUC[ROC]: 0.774248	AUC[PR]: 0.115600
Epoch evaluation duration: 103.661205053
Epoch duration: 115.810532093

Epoch 43/1000
Epoch training duration: 12.1696140766
Train	AUC[ROC]: 0.999809	AUC[PR]: 0.776007
Val	AUC[ROC]: 0.771177	AUC[PR]: 0.119852
Epoch evaluation duration: 101.713335991
Epoch duration: 113.882950068

Epoch 44/1000
Epoch training duration: 10.4027140141
Train	AUC[ROC]: 0.999829	AUC[PR]: 0.791920
Val	AUC[ROC]: 0.768207	AUC[PR]: 0.118336
Epoch evaluation duration: 101.147150993
Epoch duration: 111.549865007

Epoch 45/1000
Epoch training duration: 9.97746682167
Train	AUC[ROC]: 0.999807	AUC[PR]: 0.773506
Val	AUC[ROC]: 0.770977	AUC[PR]: 0.115877
Epoch evaluation duration: 100.811568022
Epoch duration: 110.789034843

Epoch 46/1000
Epoch training duration: 13.0580711365
Train	AUC[ROC]: 0.999839	AUC[PR]: 0.801464
Val	AUC[ROC]: 0.761308	AUC[PR]: 0.117794
Epoch evaluation duration: 102.281221867
Epoch duration: 115.339293003

Epoch 47/1000
Epoch training duration: 11.0452611446
Train	AUC[ROC]: 0.999831	AUC[PR]: 0.796566
Val	AUC[ROC]: 0.759830	AUC[PR]: 0.122446
Epoch evaluation duration: 107.277772903
Epoch duration: 118.323034048

Epoch 48/1000
Epoch training duration: 11.1317830086
Train	AUC[ROC]: 0.999848	AUC[PR]: 0.810806
Val	AUC[ROC]: 0.764024	AUC[PR]: 0.119768
Epoch evaluation duration: 106.36709404
Epoch duration: 117.498877048

Epoch 49/1000
Epoch training duration: 11.6909689903
Train	AUC[ROC]: 0.999851	AUC[PR]: 0.812449
Val	AUC[ROC]: 0.766094	AUC[PR]: 0.118798
Epoch evaluation duration: 98.1256449223
Epoch duration: 109.816613913

Epoch 50/1000
Epoch training duration: 13.0732059479
Train	AUC[ROC]: 0.999862	AUC[PR]: 0.821597
Val	AUC[ROC]: 0.769236	AUC[PR]: 0.120633
Epoch evaluation duration: 107.610925198
Epoch duration: 120.684131145

Epoch 51/1000
Epoch training duration: 13.2364699841
Train	AUC[ROC]: 0.999866	AUC[PR]: 0.824142
Val	AUC[ROC]: 0.770200	AUC[PR]: 0.116500
Epoch evaluation duration: 109.618152857
Epoch duration: 122.854622841

Epoch 52/1000
Epoch training duration: 12.1687030792
Train	AUC[ROC]: 0.999882	AUC[PR]: 0.837946
Val	AUC[ROC]: 0.759980	AUC[PR]: 0.119496
Epoch evaluation duration: 104.080368042
Epoch duration: 116.249071121

Epoch 53/1000
Epoch training duration: 12.2215168476
Train	AUC[ROC]: 0.999881	AUC[PR]: 0.836793
Val	AUC[ROC]: 0.764111	AUC[PR]: 0.116499
Epoch evaluation duration: 106.877503157
Epoch duration: 119.099020004

Epoch 54/1000
Epoch training duration: 11.0508630276
Train	AUC[ROC]: 0.999886	AUC[PR]: 0.843251
Val	AUC[ROC]: 0.757717	AUC[PR]: 0.130999
Epoch evaluation duration: 103.115840912
Epoch duration: 114.166703939

Epoch 55/1000
Epoch training duration: 11.9151608944
Train	AUC[ROC]: 0.999902	AUC[PR]: 0.858748
Val	AUC[ROC]: 0.759398	AUC[PR]: 0.120324
Epoch evaluation duration: 109.427495003
Epoch duration: 121.342655897

Epoch 56/1000
Epoch training duration: 9.79118609428
Train	AUC[ROC]: 0.999900	AUC[PR]: 0.857682
Val	AUC[ROC]: 0.763912	AUC[PR]: 0.116592
Epoch evaluation duration: 102.12655592
Epoch duration: 111.917742014

Epoch 57/1000
Epoch training duration: 12.8394830227
Train	AUC[ROC]: 0.999907	AUC[PR]: 0.864799
Val	AUC[ROC]: 0.757499	AUC[PR]: 0.120742
Epoch evaluation duration: 99.1581599712
Epoch duration: 111.997642994

Epoch 58/1000
Epoch training duration: 11.3041050434
Train	AUC[ROC]: 0.999912	AUC[PR]: 0.872145
Val	AUC[ROC]: 0.756315	AUC[PR]: 0.117562
Epoch evaluation duration: 105.015661001
Epoch duration: 116.319766045

Epoch 59/1000
Epoch training duration: 11.218930006
Train	AUC[ROC]: 0.999906	AUC[PR]: 0.867411
Val	AUC[ROC]: 0.756476	AUC[PR]: 0.110679
Epoch evaluation duration: 97.7862999439
Epoch duration: 109.00522995

Epoch 60/1000
Epoch training duration: 11.1181252003
Train	AUC[ROC]: 0.999908	AUC[PR]: 0.861496
Val	AUC[ROC]: 0.746190	AUC[PR]: 0.117992
Epoch evaluation duration: 99.7265098095
Epoch duration: 110.84463501

Epoch 61/1000
Epoch training duration: 12.9570500851
Train	AUC[ROC]: 0.999903	AUC[PR]: 0.858300
Val	AUC[ROC]: 0.748166	AUC[PR]: 0.123666
Epoch evaluation duration: 100.871278048
Epoch duration: 113.828328133

Epoch 62/1000
Epoch training duration: 12.5337429047
Train	AUC[ROC]: 0.999918	AUC[PR]: 0.877760
Val	AUC[ROC]: 0.762508	AUC[PR]: 0.116876
Epoch evaluation duration: 95.1982190609
Epoch duration: 107.731961966

Epoch 63/1000
Epoch training duration: 12.1759650707
Train	AUC[ROC]: 0.999916	AUC[PR]: 0.879048
Val	AUC[ROC]: 0.759418	AUC[PR]: 0.116992
Epoch evaluation duration: 101.82028985
Epoch duration: 113.996254921

Epoch 64/1000
Epoch training duration: 11.617139101
Train	AUC[ROC]: 0.999923	AUC[PR]: 0.887577
Val	AUC[ROC]: 0.749890	AUC[PR]: 0.116931
Epoch evaluation duration: 102.959373951
Epoch duration: 114.576513052

Epoch 65/1000
Epoch training duration: 10.4468050003
Train	AUC[ROC]: 0.999931	AUC[PR]: 0.897558
Val	AUC[ROC]: 0.746404	AUC[PR]: 0.117691
Epoch evaluation duration: 95.844217062
Epoch duration: 106.291022062

Epoch 66/1000
Epoch training duration: 11.9176540375
Train	AUC[ROC]: 0.999931	AUC[PR]: 0.897401
Val	AUC[ROC]: 0.748295	AUC[PR]: 0.121727
Epoch evaluation duration: 102.587822914
Epoch duration: 114.505476952

Epoch 67/1000
Epoch training duration: 12.7410969734
Train	AUC[ROC]: 0.999931	AUC[PR]: 0.895949
Val	AUC[ROC]: 0.753796	AUC[PR]: 0.115351
Epoch evaluation duration: 90.8055901527
Epoch duration: 103.546687126

Epoch 68/1000
Epoch training duration: 8.98957896233
Train	AUC[ROC]: 0.999938	AUC[PR]: 0.907794
Val	AUC[ROC]: 0.743202	AUC[PR]: 0.115367
Epoch evaluation duration: 80.4346208572
Epoch duration: 89.4241998196

Epoch 69/1000
Epoch training duration: 8.02752518654
Train	AUC[ROC]: 0.999943	AUC[PR]: 0.916539
Val	AUC[ROC]: 0.741681	AUC[PR]: 0.120683
Epoch evaluation duration: 81.1860148907
Epoch duration: 89.2135400772

Epoch 70/1000
Epoch training duration: 9.03847503662
Train	AUC[ROC]: 0.999949	AUC[PR]: 0.921840
Val	AUC[ROC]: 0.739420	AUC[PR]: 0.110371
Epoch evaluation duration: 80.9166898727
Epoch duration: 89.9551649094

Epoch 71/1000
Epoch training duration: 8.43296217918
Train	AUC[ROC]: 0.999948	AUC[PR]: 0.920498
Val	AUC[ROC]: 0.742166	AUC[PR]: 0.123304
Epoch evaluation duration: 75.2839448452
Epoch duration: 83.7169070244

Epoch 72/1000
Epoch training duration: 9.57810711861
Train	AUC[ROC]: 0.999945	AUC[PR]: 0.919342
Val	AUC[ROC]: 0.759117	AUC[PR]: 0.112700
Epoch evaluation duration: 76.9284539223
Epoch duration: 86.5065610409

Epoch 73/1000
Epoch training duration: 7.72010993958
Train	AUC[ROC]: 0.999947	AUC[PR]: 0.923938
Val	AUC[ROC]: 0.759218	AUC[PR]: 0.112852
Epoch evaluation duration: 88.6997361183
Epoch duration: 96.4198460579

Epoch 74/1000
Epoch training duration: 9.08147287369
Train	AUC[ROC]: 0.999946	AUC[PR]: 0.923456
Val	AUC[ROC]: 0.748952	AUC[PR]: 0.116526
Epoch evaluation duration: 79.5564160347
Epoch duration: 88.6378889084

Epoch 75/1000
Epoch training duration: 8.23293614388
Train	AUC[ROC]: 0.999949	AUC[PR]: 0.925449
Val	AUC[ROC]: 0.739199	AUC[PR]: 0.110848
Epoch evaluation duration: 79.0438079834
Epoch duration: 87.2767441273

Epoch 76/1000
Epoch training duration: 8.68330597878
Train	AUC[ROC]: 0.999943	AUC[PR]: 0.920946
Val	AUC[ROC]: 0.756808	AUC[PR]: 0.117549
Epoch evaluation duration: 83.8972010612
Epoch duration: 92.58050704

Epoch 77/1000
Epoch training duration: 8.01313400269
Train	AUC[ROC]: 0.999952	AUC[PR]: 0.931180
Val	AUC[ROC]: 0.750169	AUC[PR]: 0.118646
Epoch evaluation duration: 79.2878887653
Epoch duration: 87.301022768

Epoch 78/1000
Epoch training duration: 8.51335000992
Train	AUC[ROC]: 0.999959	AUC[PR]: 0.939443
Val	AUC[ROC]: 0.737466	AUC[PR]: 0.115085
Epoch evaluation duration: 81.7596430779
Epoch duration: 90.2729930878

Epoch 79/1000
Epoch training duration: 7.99264502525
Train	AUC[ROC]: 0.999960	AUC[PR]: 0.941127
Val	AUC[ROC]: 0.742241	AUC[PR]: 0.119508
Epoch evaluation duration: 116.646842957
Epoch duration: 124.639487982

Epoch 80/1000
Epoch training duration: 12.8768050671
Train	AUC[ROC]: 0.999938	AUC[PR]: 0.905443
Val	AUC[ROC]: 0.752209	AUC[PR]: 0.127896
Epoch evaluation duration: 104.800203085
Epoch duration: 117.677008152

Epoch 81/1000
Epoch training duration: 11.6472218037
Train	AUC[ROC]: 0.999948	AUC[PR]: 0.919268
Val	AUC[ROC]: 0.736482	AUC[PR]: 0.124987
Epoch evaluation duration: 108.189244986
Epoch duration: 119.836466789

Epoch 82/1000
Epoch training duration: 13.2937850952
Train	AUC[ROC]: 0.999950	AUC[PR]: 0.923074
Val	AUC[ROC]: 0.737316	AUC[PR]: 0.125624
Epoch evaluation duration: 116.970743895
Epoch duration: 130.26452899

Epoch 83/1000
Epoch training duration: 10.1086862087
Train	AUC[ROC]: 0.999958	AUC[PR]: 0.935557
Val	AUC[ROC]: 0.734899	AUC[PR]: 0.124757
Epoch evaluation duration: 108.757371902
Epoch duration: 118.866058111

Epoch 84/1000
Epoch training duration: 10.8248870373
Train	AUC[ROC]: 0.999961	AUC[PR]: 0.942773
Val	AUC[ROC]: 0.728353	AUC[PR]: 0.114511
Epoch evaluation duration: 112.045480967
Epoch duration: 122.870368004

Epoch 85/1000
Epoch training duration: 13.0090360641
Train	AUC[ROC]: 0.999961	AUC[PR]: 0.945112
Val	AUC[ROC]: 0.735230	AUC[PR]: 0.112139
Epoch evaluation duration: 110.59624505
Epoch duration: 123.605281115

Epoch 86/1000
Epoch training duration: 12.619781971
Train	AUC[ROC]: 0.999969	AUC[PR]: 0.955872
Val	AUC[ROC]: 0.725965	AUC[PR]: 0.118700
Epoch evaluation duration: 110.230181932
Epoch duration: 122.849963903

Epoch 87/1000
Epoch training duration: 13.6054160595
Train	AUC[ROC]: 0.999969	AUC[PR]: 0.957251
Val	AUC[ROC]: 0.728711	AUC[PR]: 0.112886
Epoch evaluation duration: 115.366945982
Epoch duration: 128.972362041

Epoch 88/1000
Epoch training duration: 11.2772829533
Train	AUC[ROC]: 0.999973	AUC[PR]: 0.963317
Val	AUC[ROC]: 0.724883	AUC[PR]: 0.111081
Epoch evaluation duration: 120.739980936
Epoch duration: 132.017263889

Epoch 89/1000
Epoch training duration: 15.3030071259
Train	AUC[ROC]: 0.999971	AUC[PR]: 0.961208
Val	AUC[ROC]: 0.745942	AUC[PR]: 0.111031
Epoch evaluation duration: 127.246547937
Epoch duration: 142.549555063

Epoch 90/1000
Epoch training duration: 11.3982310295
Train	AUC[ROC]: 0.999972	AUC[PR]: 0.961308
Val	AUC[ROC]: 0.739762	AUC[PR]: 0.120883
Epoch evaluation duration: 126.894643068
Epoch duration: 138.292874098

Epoch 91/1000
Epoch training duration: 13.5396389961
Train	AUC[ROC]: 0.999971	AUC[PR]: 0.956985
Val	AUC[ROC]: 0.739648	AUC[PR]: 0.118618
Epoch evaluation duration: 126.379849911
Epoch duration: 139.919488907

Epoch 92/1000
Epoch training duration: 14.4317660332
Train	AUC[ROC]: 0.999974	AUC[PR]: 0.959166
Val	AUC[ROC]: 0.732102	AUC[PR]: 0.118975
Epoch evaluation duration: 126.357332945
Epoch duration: 140.789098978

Epoch 93/1000
Epoch training duration: 13.419506073
Train	AUC[ROC]: 0.999975	AUC[PR]: 0.962454
Val	AUC[ROC]: 0.732544	AUC[PR]: 0.118820
Epoch evaluation duration: 115.401937008
Epoch duration: 128.821443081

Epoch 94/1000
Epoch training duration: 13.0269060135
Train	AUC[ROC]: 0.999973	AUC[PR]: 0.957799
Val	AUC[ROC]: 0.742876	AUC[PR]: 0.104107
Epoch evaluation duration: 116.430615902
Epoch duration: 129.457521915

Epoch 95/1000
Epoch training duration: 13.7642719746
Train	AUC[ROC]: 0.999975	AUC[PR]: 0.962030
Val	AUC[ROC]: 0.741195	AUC[PR]: 0.106668
Epoch evaluation duration: 116.275795937
Epoch duration: 130.040067911

Epoch 96/1000
Epoch training duration: 12.6681280136
Train	AUC[ROC]: 0.999978	AUC[PR]: 0.965419
Val	AUC[ROC]: 0.724540	AUC[PR]: 0.119586
Epoch evaluation duration: 118.377603054
Epoch duration: 131.045731068

Epoch 97/1000
Epoch training duration: 14.4346740246
Train	AUC[ROC]: 0.999979	AUC[PR]: 0.968530
Val	AUC[ROC]: 0.715107	AUC[PR]: 0.119849
Epoch evaluation duration: 118.606996059
Epoch duration: 133.041670084

Epoch 98/1000
Epoch training duration: 12.4517009258
Train	AUC[ROC]: 0.999967	AUC[PR]: 0.954335
Val	AUC[ROC]: 0.748874	AUC[PR]: 0.103533
Epoch evaluation duration: 115.28590703
Epoch duration: 127.737607956

Epoch 99/1000
Epoch training duration: 11.8396410942
Train	AUC[ROC]: 0.999962	AUC[PR]: 0.944310
Val	AUC[ROC]: 0.770898	AUC[PR]: 0.098980
Epoch evaluation duration: 116.568878889
Epoch duration: 128.408519983

Epoch 100/1000
Epoch training duration: 14.5535290241
Train	AUC[ROC]: 0.999971	AUC[PR]: 0.953435
Val	AUC[ROC]: 0.748682	AUC[PR]: 0.101350
Epoch evaluation duration: 114.69869709
Epoch duration: 129.252226114

Epoch 101/1000
Epoch training duration: 12.701764822
Train	AUC[ROC]: 0.999977	AUC[PR]: 0.960145
Val	AUC[ROC]: 0.738179	AUC[PR]: 0.102147
Epoch evaluation duration: 112.028367996
Epoch duration: 124.730132818

Epoch 102/1000
Epoch training duration: 13.210406065
Train	AUC[ROC]: 0.999978	AUC[PR]: 0.963975
Val	AUC[ROC]: 0.735296	AUC[PR]: 0.105869
Epoch evaluation duration: 113.417840004
Epoch duration: 126.628246069

Epoch 103/1000
Epoch training duration: 13.276515007
Train	AUC[ROC]: 0.999980	AUC[PR]: 0.968221
Val	AUC[ROC]: 0.731391	AUC[PR]: 0.098476
Epoch evaluation duration: 117.493369102
Epoch duration: 130.769884109

Epoch 104/1000
Epoch training duration: 12.1746819019
Train	AUC[ROC]: 0.999982	AUC[PR]: 0.971282
Val	AUC[ROC]: 0.722084	AUC[PR]: 0.109205
Epoch evaluation duration: 114.250560045
Epoch duration: 126.425241947

Epoch 105/1000
Epoch training duration: 14.1247730255
Train	AUC[ROC]: 0.999982	AUC[PR]: 0.971406
Val	AUC[ROC]: 0.713679	AUC[PR]: 0.110600
Epoch evaluation duration: 117.986292839
Epoch duration: 132.111065865

Epoch 106/1000
Epoch training duration: 12.2660050392
Train	AUC[ROC]: 0.999981	AUC[PR]: 0.970711
Val	AUC[ROC]: 0.712452	AUC[PR]: 0.100656
Epoch evaluation duration: 116.679276943
Epoch duration: 128.945281982

Epoch 107/1000
Epoch training duration: 14.3893811703
Train	AUC[ROC]: 0.999980	AUC[PR]: 0.964768
Val	AUC[ROC]: 0.712000	AUC[PR]: 0.113030
Epoch evaluation duration: 118.284026861
Epoch duration: 132.673408031

Epoch 108/1000
Epoch training duration: 14.0152590275
Train	AUC[ROC]: 0.999983	AUC[PR]: 0.971289
Val	AUC[ROC]: 0.710470	AUC[PR]: 0.112388
Epoch evaluation duration: 119.017151117
Epoch duration: 133.032410145

Epoch 109/1000
Epoch training duration: 12.9502868652
Train	AUC[ROC]: 0.999984	AUC[PR]: 0.975282
Val	AUC[ROC]: 0.721598	AUC[PR]: 0.112254
Epoch evaluation duration: 111.516925097
Epoch duration: 124.467211962

Epoch 110/1000
Epoch training duration: 14.2893989086
Train	AUC[ROC]: 0.999985	AUC[PR]: 0.977860
Val	AUC[ROC]: 0.720625	AUC[PR]: 0.112163
Epoch evaluation duration: 120.256592989
Epoch duration: 134.545991898

Epoch 111/1000
Epoch training duration: 16.7936940193
Train	AUC[ROC]: 0.999985	AUC[PR]: 0.978754
Val	AUC[ROC]: 0.709064	AUC[PR]: 0.113529
Epoch evaluation duration: 122.233766079
Epoch duration: 139.027460098

Epoch 112/1000
Epoch training duration: 14.6435129642
Train	AUC[ROC]: 0.999987	AUC[PR]: 0.983408
Val	AUC[ROC]: 0.702698	AUC[PR]: 0.109772
Epoch evaluation duration: 123.248088121
Epoch duration: 137.891601086

Epoch 113/1000
Epoch training duration: 13.5633268356
Train	AUC[ROC]: 0.999985	AUC[PR]: 0.976731
Val	AUC[ROC]: 0.713334	AUC[PR]: 0.117104
Epoch evaluation duration: 121.712216139
Epoch duration: 135.275542974

Epoch 114/1000
Epoch training duration: 12.9301578999
Train	AUC[ROC]: 0.999989	AUC[PR]: 0.982466
Val	AUC[ROC]: 0.700020	AUC[PR]: 0.111391
Epoch evaluation duration: 119.530946016
Epoch duration: 132.461103916

Epoch 115/1000
Epoch training duration: 15.7182810307
Train	AUC[ROC]: 0.999989	AUC[PR]: 0.984405
Val	AUC[ROC]: 0.702727	AUC[PR]: 0.109504
Epoch evaluation duration: 123.358175993
Epoch duration: 139.076457024

Epoch 116/1000
Epoch training duration: 13.5791249275
Train	AUC[ROC]: 0.999990	AUC[PR]: 0.986635
Val	AUC[ROC]: 0.701417	AUC[PR]: 0.110466
Epoch evaluation duration: 124.297513008
Epoch duration: 137.876637936

Epoch 117/1000
Epoch training duration: 13.0766119957
Train	AUC[ROC]: 0.999992	AUC[PR]: 0.989491
Val	AUC[ROC]: 0.700461	AUC[PR]: 0.108284
Epoch evaluation duration: 123.503757
Epoch duration: 136.580368996

Epoch 118/1000
Epoch training duration: 13.7431890965
Train	AUC[ROC]: 0.999994	AUC[PR]: 0.992583
Val	AUC[ROC]: 0.701508	AUC[PR]: 0.110185
Epoch evaluation duration: 119.5338099
Epoch duration: 133.276998997

Epoch 119/1000
Epoch training duration: 13.2409629822
Train	AUC[ROC]: 0.999992	AUC[PR]: 0.989794
Val	AUC[ROC]: 0.694831	AUC[PR]: 0.108588
Epoch evaluation duration: 123.707286119
Epoch duration: 136.948249102

Epoch 120/1000
Epoch training duration: 14.09866786
Train	AUC[ROC]: 0.999992	AUC[PR]: 0.991599
Val	AUC[ROC]: 0.696452	AUC[PR]: 0.104684
Epoch evaluation duration: 120.809853077
Epoch duration: 134.908520937

Epoch 121/1000
Epoch training duration: 13.8206810951
Train	AUC[ROC]: 0.999986	AUC[PR]: 0.980727
Val	AUC[ROC]: 0.714828	AUC[PR]: 0.094178
Epoch evaluation duration: 121.023008823
Epoch duration: 134.843689919

Epoch 122/1000
Epoch training duration: 13.7582511902
Train	AUC[ROC]: 0.999989	AUC[PR]: 0.984627
Val	AUC[ROC]: 0.701958	AUC[PR]: 0.096386
Epoch evaluation duration: 124.548038006
Epoch duration: 138.306289196

Epoch 123/1000
Epoch training duration: 15.2202439308
Train	AUC[ROC]: 0.999990	AUC[PR]: 0.985975
Val	AUC[ROC]: 0.719404	AUC[PR]: 0.095091
Epoch evaluation duration: 131.063432932
Epoch duration: 146.283676863

Epoch 124/1000
Epoch training duration: 16.3776400089
Train	AUC[ROC]: 0.999989	AUC[PR]: 0.984442
Val	AUC[ROC]: 0.721481	AUC[PR]: 0.090030
Epoch evaluation duration: 126.63510704
Epoch duration: 143.012747049

Epoch 125/1000
Epoch training duration: 14.2328588963
Train	AUC[ROC]: 0.999991	AUC[PR]: 0.986460
Val	AUC[ROC]: 0.712844	AUC[PR]: 0.092511
Epoch evaluation duration: 129.00931716
Epoch duration: 143.242176056

Epoch 126/1000
Epoch training duration: 15.5019848347
Train	AUC[ROC]: 0.999992	AUC[PR]: 0.988326
Val	AUC[ROC]: 0.701111	AUC[PR]: 0.094760
Epoch evaluation duration: 127.394286156
Epoch duration: 142.89627099

Epoch 127/1000
Epoch training duration: 14.7244360447
Train	AUC[ROC]: 0.999990	AUC[PR]: 0.987183
Val	AUC[ROC]: 0.696199	AUC[PR]: 0.108692
Epoch evaluation duration: 120.537112951
Epoch duration: 135.261548996

Epoch 128/1000
Epoch training duration: 15.1779239178
Train	AUC[ROC]: 0.999990	AUC[PR]: 0.988123
Val	AUC[ROC]: 0.701842	AUC[PR]: 0.104719
Epoch evaluation duration: 122.953967094
Epoch duration: 138.131891012

Epoch 129/1000
Epoch training duration: 13.7265779972
Train	AUC[ROC]: 0.999989	AUC[PR]: 0.987722
Val	AUC[ROC]: 0.713011	AUC[PR]: 0.111893
Epoch evaluation duration: 120.395520926
Epoch duration: 134.122098923

Epoch 130/1000
Epoch training duration: 9.09060502052
Train	AUC[ROC]: 0.999986	AUC[PR]: 0.982293
Val	AUC[ROC]: 0.751038	AUC[PR]: 0.090913
Epoch evaluation duration: 73.5617129803
Epoch duration: 82.6523180008

Epoch 131/1000
Epoch training duration: 7.71819496155
Train	AUC[ROC]: 0.999989	AUC[PR]: 0.986947
Val	AUC[ROC]: 0.715166	AUC[PR]: 0.095834
Epoch evaluation duration: 70.7706480026
Epoch duration: 78.4888429642

Epoch 132/1000
Epoch training duration: 6.93004798889
Train	AUC[ROC]: 0.999987	AUC[PR]: 0.982243
Val	AUC[ROC]: 0.706133	AUC[PR]: 0.097394
Epoch evaluation duration: 62.6784119606
Epoch duration: 69.6084599495

Epoch 133/1000
Epoch training duration: 6.46838712692
Train	AUC[ROC]: 0.999989	AUC[PR]: 0.986456
Val	AUC[ROC]: 0.699992	AUC[PR]: 0.098337
Epoch evaluation duration: 65.7761349678
Epoch duration: 72.2445220947

Epoch 134/1000
Epoch training duration: 6.68486309052
Train	AUC[ROC]: 0.999989	AUC[PR]: 0.986675
Val	AUC[ROC]: 0.693660	AUC[PR]: 0.097219
Epoch evaluation duration: 69.0797038078
Epoch duration: 75.7645668983

Epoch 135/1000
Epoch training duration: 7.24893903732
Train	AUC[ROC]: 0.999990	AUC[PR]: 0.989651
Val	AUC[ROC]: 0.686205	AUC[PR]: 0.106816
Epoch evaluation duration: 92.3958001137
Epoch duration: 99.644739151

Epoch 136/1000
Epoch training duration: 6.58027291298
Train	AUC[ROC]: 0.999992	AUC[PR]: 0.991551
Val	AUC[ROC]: 0.691168	AUC[PR]: 0.111280
Epoch evaluation duration: 62.3063230515
Epoch duration: 68.8865959644

Epoch 137/1000
Epoch training duration: 7.24093699455
Train	AUC[ROC]: 0.999992	AUC[PR]: 0.992176
Val	AUC[ROC]: 0.685834	AUC[PR]: 0.111982
Epoch evaluation duration: 64.0307400227
Epoch duration: 71.2716770172

Epoch 138/1000
Epoch training duration: 6.19466090202
Train	AUC[ROC]: 0.999993	AUC[PR]: 0.993367
Val	AUC[ROC]: 0.697609	AUC[PR]: 0.112947
Epoch evaluation duration: 82.5313019753
Epoch duration: 88.7259628773

Epoch 139/1000
Epoch training duration: 6.28115797043
Train	AUC[ROC]: 0.999993	AUC[PR]: 0.993762
Val	AUC[ROC]: 0.686545	AUC[PR]: 0.108427
Epoch evaluation duration: 79.8286430836
Epoch duration: 86.109801054

Epoch 140/1000
Epoch training duration: 6.65171909332
Train	AUC[ROC]: 0.999994	AUC[PR]: 0.994004
Val	AUC[ROC]: 0.698796	AUC[PR]: 0.103635
Epoch evaluation duration: 97.3000378609
Epoch duration: 103.951756954

Epoch 141/1000
Epoch training duration: 15.9536521435
Train	AUC[ROC]: 0.999994	AUC[PR]: 0.994593
Val	AUC[ROC]: 0.689348	AUC[PR]: 0.101212
Epoch evaluation duration: 114.582684994
Epoch duration: 130.536337137

Epoch 142/1000
Epoch training duration: 14.4490389824
Train	AUC[ROC]: 0.999994	AUC[PR]: 0.994111
Val	AUC[ROC]: 0.687641	AUC[PR]: 0.096295
Epoch evaluation duration: 124.423764944
Epoch duration: 138.872803926

Epoch 143/1000
Epoch training duration: 14.4556570053
Train	AUC[ROC]: 0.999995	AUC[PR]: 0.995541
Val	AUC[ROC]: 0.677407	AUC[PR]: 0.095647
Epoch evaluation duration: 123.466864109
Epoch duration: 137.922521114

Epoch 144/1000
Epoch training duration: 14.5935490131
Train	AUC[ROC]: 0.999996	AUC[PR]: 0.996045
Val	AUC[ROC]: 0.684890	AUC[PR]: 0.097390
Epoch evaluation duration: 126.486371994
Epoch duration: 141.079921007

Epoch 145/1000
Epoch training duration: 15.7221288681
Train	AUC[ROC]: 0.999997	AUC[PR]: 0.997359
Val	AUC[ROC]: 0.679986	AUC[PR]: 0.103490
Epoch evaluation duration: 123.775104046
Epoch duration: 139.497232914

Epoch 146/1000
Epoch training duration: 14.7151169777
Train	AUC[ROC]: 0.999997	AUC[PR]: 0.997478
Val	AUC[ROC]: 0.668906	AUC[PR]: 0.100142
Epoch evaluation duration: 120.532083988
Epoch duration: 135.247200966

Epoch 147/1000
Epoch training duration: 14.7813560963
Train	AUC[ROC]: 0.999997	AUC[PR]: 0.997931
Val	AUC[ROC]: 0.682443	AUC[PR]: 0.101952
Epoch evaluation duration: 119.677138805
Epoch duration: 134.458494902

Epoch 148/1000
Epoch training duration: 12.9079911709
Train	AUC[ROC]: 0.999997	AUC[PR]: 0.997329
Val	AUC[ROC]: 0.673299	AUC[PR]: 0.100413
Epoch evaluation duration: 117.357127905
Epoch duration: 130.265119076

Epoch 149/1000
Epoch training duration: 13.5539181232
Train	AUC[ROC]: 0.999993	AUC[PR]: 0.990630
Val	AUC[ROC]: 0.699811	AUC[PR]: 0.100125
Epoch evaluation duration: 121.16792798
Epoch duration: 134.721846104

Epoch 150/1000
Epoch training duration: 14.8090658188
Train	AUC[ROC]: 0.999994	AUC[PR]: 0.992395
Val	AUC[ROC]: 0.673738	AUC[PR]: 0.102378
Epoch evaluation duration: 122.317218065
Epoch duration: 137.126283884

Epoch 151/1000
Epoch training duration: 15.177241087
Train	AUC[ROC]: 0.999996	AUC[PR]: 0.995460
Val	AUC[ROC]: 0.655707	AUC[PR]: 0.099467
Epoch evaluation duration: 118.545054913
Epoch duration: 133.722296

Epoch 152/1000
Epoch training duration: 13.3657619953
Train	AUC[ROC]: 0.999996	AUC[PR]: 0.996516
Val	AUC[ROC]: 0.665433	AUC[PR]: 0.101542
Epoch evaluation duration: 115.610991955
Epoch duration: 128.97675395

Epoch 153/1000
Epoch training duration: 14.7713260651
Train	AUC[ROC]: 0.999997	AUC[PR]: 0.997490
Val	AUC[ROC]: 0.676477	AUC[PR]: 0.101462
Epoch evaluation duration: 119.755232096
Epoch duration: 134.526558161

Epoch 154/1000
Epoch training duration: 14.3671870232
Train	AUC[ROC]: 0.999997	AUC[PR]: 0.997532
Val	AUC[ROC]: 0.662601	AUC[PR]: 0.098514
Epoch evaluation duration: 121.820171833
Epoch duration: 136.187358856

Epoch 155/1000
Epoch training duration: 13.8567690849
Train	AUC[ROC]: 0.999998	AUC[PR]: 0.998172
Val	AUC[ROC]: 0.651061	AUC[PR]: 0.100426
Epoch evaluation duration: 124.094985962
Epoch duration: 137.951755047

Epoch 156/1000
Epoch training duration: 13.9489300251
Train	AUC[ROC]: 0.999997	AUC[PR]: 0.996860
Val	AUC[ROC]: 0.654432	AUC[PR]: 0.098700
Epoch evaluation duration: 118.713077068
Epoch duration: 132.662007093

Epoch 157/1000
Epoch training duration: 12.8064699173
Train	AUC[ROC]: 0.999995	AUC[PR]: 0.995734
Val	AUC[ROC]: 0.693237	AUC[PR]: 0.098681
Epoch evaluation duration: 122.22580409
Epoch duration: 135.032274008

Epoch 158/1000
Epoch training duration: 14.1535170078
Train	AUC[ROC]: 0.999998	AUC[PR]: 0.997970
Val	AUC[ROC]: 0.658729	AUC[PR]: 0.098675
Epoch evaluation duration: 111.527065992
Epoch duration: 125.680583

Epoch 159/1000
Epoch training duration: 12.6746659279
Train	AUC[ROC]: 0.999996	AUC[PR]: 0.995646
Val	AUC[ROC]: 0.658751	AUC[PR]: 0.100769
Epoch evaluation duration: 120.328408957
Epoch duration: 133.003074884

Epoch 160/1000
Epoch training duration: 14.9338331223
Train	AUC[ROC]: 0.999997	AUC[PR]: 0.997048
Val	AUC[ROC]: 0.649095	AUC[PR]: 0.097882
Epoch evaluation duration: 114.022241831
Epoch duration: 128.956074953

Epoch 161/1000
Epoch training duration: 12.1465799809
Train	AUC[ROC]: 0.999996	AUC[PR]: 0.996437
Val	AUC[ROC]: 0.667146	AUC[PR]: 0.093375
Epoch evaluation duration: 121.547691107
Epoch duration: 133.694271088

Epoch 162/1000
Epoch training duration: 12.476457119
Train	AUC[ROC]: 0.999997	AUC[PR]: 0.997279
Val	AUC[ROC]: 0.645150	AUC[PR]: 0.095634
Epoch evaluation duration: 119.525298834
Epoch duration: 132.001755953

Epoch 163/1000
Epoch training duration: 14.7435410023
Train	AUC[ROC]: 0.999996	AUC[PR]: 0.996426
Val	AUC[ROC]: 0.665674	AUC[PR]: 0.092131
Epoch evaluation duration: 124.60470295
Epoch duration: 139.348243952

Epoch 164/1000
Epoch training duration: 13.5742211342
Train	AUC[ROC]: 0.999994	AUC[PR]: 0.994313
Val	AUC[ROC]: 0.660227	AUC[PR]: 0.092245
Epoch evaluation duration: 122.914722919
Epoch duration: 136.488944054

Epoch 165/1000
Epoch training duration: 14.4123821259
Train	AUC[ROC]: 0.999992	AUC[PR]: 0.985437
Val	AUC[ROC]: 0.655219	AUC[PR]: 0.088745
Epoch evaluation duration: 120.638736963
Epoch duration: 135.051119089

Epoch 166/1000
Epoch training duration: 13.8076088428
Train	AUC[ROC]: 0.999993	AUC[PR]: 0.986436
Val	AUC[ROC]: 0.643867	AUC[PR]: 0.091776
Epoch evaluation duration: 117.546379089
Epoch duration: 131.353987932

Epoch 167/1000
Epoch training duration: 14.4707500935
Train	AUC[ROC]: 0.999995	AUC[PR]: 0.988385
Val	AUC[ROC]: 0.644483	AUC[PR]: 0.090778
Epoch evaluation duration: 115.578776836
Epoch duration: 130.04952693

Epoch 168/1000
Epoch training duration: 13.6536920071
Train	AUC[ROC]: 0.999994	AUC[PR]: 0.987718
Val	AUC[ROC]: 0.649507	AUC[PR]: 0.096663
Epoch evaluation duration: 121.309749126
Epoch duration: 134.963441133

Epoch 169/1000
Epoch training duration: 15.5227360725
Train	AUC[ROC]: 0.999995	AUC[PR]: 0.990134
Val	AUC[ROC]: 0.639970	AUC[PR]: 0.100040
Epoch evaluation duration: 120.238707781
Epoch duration: 135.761443853

Epoch 170/1000
Epoch training duration: 13.0753819942
Train	AUC[ROC]: 0.999995	AUC[PR]: 0.991706
Val	AUC[ROC]: 0.636379	AUC[PR]: 0.098097
Epoch evaluation duration: 112.60790205
Epoch duration: 125.683284044

Epoch 171/1000
Epoch training duration: 13.1285610199
Train	AUC[ROC]: 0.999991	AUC[PR]: 0.985462
Val	AUC[ROC]: 0.664350	AUC[PR]: 0.101507
Epoch evaluation duration: 114.921720028
Epoch duration: 128.050281048

Epoch 172/1000
Epoch training duration: 13.1888279915
Train	AUC[ROC]: 0.999992	AUC[PR]: 0.988266
Val	AUC[ROC]: 0.644795	AUC[PR]: 0.101171
Epoch evaluation duration: 117.07121706
Epoch duration: 130.260045052

Epoch 173/1000
Epoch training duration: 12.7275588512
Train	AUC[ROC]: 0.999993	AUC[PR]: 0.989462
Val	AUC[ROC]: 0.643645	AUC[PR]: 0.100878
Epoch evaluation duration: 119.127452135
Epoch duration: 131.855010986

Epoch 174/1000
Epoch training duration: 14.4620389938
Train	AUC[ROC]: 0.999994	AUC[PR]: 0.991139
Val	AUC[ROC]: 0.641219	AUC[PR]: 0.096097
Epoch evaluation duration: 122.198864937
Epoch duration: 136.660903931

Epoch 175/1000
Epoch training duration: 13.333753109
Train	AUC[ROC]: 0.999995	AUC[PR]: 0.992500
Val	AUC[ROC]: 0.632846	AUC[PR]: 0.096225
Epoch evaluation duration: 131.804352999
Epoch duration: 145.138106108

Epoch 176/1000
Epoch training duration: 13.6671688557
Train	AUC[ROC]: 0.999994	AUC[PR]: 0.988818
Val	AUC[ROC]: 0.650082	AUC[PR]: 0.099735
Epoch evaluation duration: 124.73560214
Epoch duration: 138.402770996

Epoch 177/1000
Epoch training duration: 14.0361449718
Train	AUC[ROC]: 0.999992	AUC[PR]: 0.987668
Val	AUC[ROC]: 0.665434	AUC[PR]: 0.098165
Epoch evaluation duration: 117.219604969
Epoch duration: 131.255749941

Epoch 178/1000
Epoch training duration: 15.2361290455
Train	AUC[ROC]: 0.999994	AUC[PR]: 0.991660
Val	AUC[ROC]: 0.643698	AUC[PR]: 0.095982
Epoch evaluation duration: 115.559937954
Epoch duration: 130.796066999

Epoch 179/1000
Epoch training duration: 12.268089056
Train	AUC[ROC]: 0.999996	AUC[PR]: 0.993780
Val	AUC[ROC]: 0.647727	AUC[PR]: 0.092085
Epoch evaluation duration: 116.49256587
Epoch duration: 128.760654926

Epoch 180/1000
Epoch training duration: 13.2841181755
Train	AUC[ROC]: 0.999995	AUC[PR]: 0.994040
Val	AUC[ROC]: 0.649437	AUC[PR]: 0.093346
Epoch evaluation duration: 116.67035985
Epoch duration: 129.954478025

Epoch 181/1000
Epoch training duration: 13.8432431221
Train	AUC[ROC]: 0.999996	AUC[PR]: 0.994348
Val	AUC[ROC]: 0.640740	AUC[PR]: 0.094334
Epoch evaluation duration: 116.23837781
Epoch duration: 130.081620932

Epoch 182/1000
Epoch training duration: 13.5037641525
Train	AUC[ROC]: 0.999996	AUC[PR]: 0.994451
Val	AUC[ROC]: 0.654458	AUC[PR]: 0.092045
Epoch evaluation duration: 120.601863861
Epoch duration: 134.105628014

Epoch 183/1000
Epoch training duration: 13.6377100945
Train	AUC[ROC]: 0.999992	AUC[PR]: 0.989368
Val	AUC[ROC]: 0.678617	AUC[PR]: 0.089831
Epoch evaluation duration: 119.965848923
Epoch duration: 133.603559017

Epoch 184/1000
Epoch training duration: 15.8988480568
Train	AUC[ROC]: 0.999993	AUC[PR]: 0.991064
Val	AUC[ROC]: 0.649916	AUC[PR]: 0.092471
Epoch evaluation duration: 118.460118055
Epoch duration: 134.358966112

Epoch 185/1000
Epoch training duration: 14.7708969116
Train	AUC[ROC]: 0.999992	AUC[PR]: 0.990519
Val	AUC[ROC]: 0.650624	AUC[PR]: 0.096054
Epoch evaluation duration: 122.485558987
Epoch duration: 137.256455898

Epoch 186/1000
Epoch training duration: 12.7543020248
Train	AUC[ROC]: 0.999994	AUC[PR]: 0.993421
Val	AUC[ROC]: 0.645410	AUC[PR]: 0.096723
Epoch evaluation duration: 118.518032074
Epoch duration: 131.272334099

Epoch 187/1000
Epoch training duration: 14.2239749432
Train	AUC[ROC]: 0.999992	AUC[PR]: 0.990276
Val	AUC[ROC]: 0.661693	AUC[PR]: 0.092532
Epoch evaluation duration: 126.153849125
Epoch duration: 140.377824068

Epoch 188/1000
Epoch training duration: 12.5716898441
Train	AUC[ROC]: 0.999993	AUC[PR]: 0.990522
Val	AUC[ROC]: 0.643564	AUC[PR]: 0.090074
Epoch evaluation duration: 124.73717618
Epoch duration: 137.308866024

Epoch 189/1000
Epoch training duration: 13.6940689087
Train	AUC[ROC]: 0.999994	AUC[PR]: 0.993378
Val	AUC[ROC]: 0.647278	AUC[PR]: 0.091921
Epoch evaluation duration: 121.217123032
Epoch duration: 134.91119194

Epoch 190/1000
Epoch training duration: 13.0462369919
Train	AUC[ROC]: 0.999995	AUC[PR]: 0.995288
Val	AUC[ROC]: 0.635494	AUC[PR]: 0.092057
Epoch evaluation duration: 121.257978916
Epoch duration: 134.304215908

Epoch 191/1000
Epoch training duration: 12.9322719574
Train	AUC[ROC]: 0.999993	AUC[PR]: 0.991088
Val	AUC[ROC]: 0.641495	AUC[PR]: 0.089953
Epoch evaluation duration: 130.160763025
Epoch duration: 143.093034983

Epoch 192/1000
Epoch training duration: 12.8771641254
Train	AUC[ROC]: 0.999994	AUC[PR]: 0.993094
Val	AUC[ROC]: 0.639276	AUC[PR]: 0.088089
Epoch evaluation duration: 123.134205818
Epoch duration: 136.011369944

Epoch 193/1000
Epoch training duration: 14.5255541801
Train	AUC[ROC]: 0.999994	AUC[PR]: 0.993892
Val	AUC[ROC]: 0.631508	AUC[PR]: 0.089619
Epoch evaluation duration: 119.820164919
Epoch duration: 134.345719099

Epoch 194/1000
Epoch training duration: 13.1423768997
Train	AUC[ROC]: 0.999992	AUC[PR]: 0.990716
Val	AUC[ROC]: 0.642505	AUC[PR]: 0.078269
Epoch evaluation duration: 124.529835224
Epoch duration: 137.672212124

Epoch 195/1000
Epoch training duration: 14.0235228539
Train	AUC[ROC]: 0.999994	AUC[PR]: 0.993497
Val	AUC[ROC]: 0.627470	AUC[PR]: 0.077266
Epoch evaluation duration: 126.375761986
Epoch duration: 140.39928484

Epoch 196/1000
Epoch training duration: 13.3862071037
Train	AUC[ROC]: 0.999996	AUC[PR]: 0.996388
Val	AUC[ROC]: 0.618617	AUC[PR]: 0.096477
Epoch evaluation duration: 127.139986038
Epoch duration: 140.526193142

Epoch 197/1000
Epoch training duration: 14.1265778542
Train	AUC[ROC]: 0.999997	AUC[PR]: 0.997608
Val	AUC[ROC]: 0.623219	AUC[PR]: 0.094865
Epoch evaluation duration: 120.593760014
Epoch duration: 134.720337868

Epoch 198/1000
Epoch training duration: 14.7546811104
Train	AUC[ROC]: 0.999995	AUC[PR]: 0.995547
Val	AUC[ROC]: 0.670425	AUC[PR]: 0.094353
Epoch evaluation duration: 118.415331841
Epoch duration: 133.170012951

Epoch 199/1000
Epoch training duration: 13.5532829762
Train	AUC[ROC]: 0.999998	AUC[PR]: 0.998220
Val	AUC[ROC]: 0.631736	AUC[PR]: 0.092401
Epoch evaluation duration: 122.552609205
Epoch duration: 136.105892181

Epoch 200/1000
Epoch training duration: 14.3597269058
Train	AUC[ROC]: 0.999998	AUC[PR]: 0.998708
Val	AUC[ROC]: 0.633817	AUC[PR]: 0.093335
Epoch evaluation duration: 118.751168013
Epoch duration: 133.110894918

Epoch 201/1000
Epoch training duration: 13.3250088692
Train	AUC[ROC]: 0.999999	AUC[PR]: 0.998914
Val	AUC[ROC]: 0.629344	AUC[PR]: 0.090976
Epoch evaluation duration: 122.159049034
Epoch duration: 135.484057903

Epoch 202/1000
Epoch training duration: 11.6269881725
Train	AUC[ROC]: 0.999999	AUC[PR]: 0.999142
Val	AUC[ROC]: 0.635625	AUC[PR]: 0.084662
Epoch evaluation duration: 118.02370882
Epoch duration: 129.650696993

Epoch 203/1000
Epoch training duration: 14.5977811813
Train	AUC[ROC]: 0.999999	AUC[PR]: 0.999282
Val	AUC[ROC]: 0.631061	AUC[PR]: 0.086434
Epoch evaluation duration: 120.751142025
Epoch duration: 135.348923206

Epoch 204/1000
Epoch training duration: 14.2522528172
Train	AUC[ROC]: 1.000000	AUC[PR]: 0.999662
Val	AUC[ROC]: 0.623015	AUC[PR]: 0.087035
Epoch evaluation duration: 119.072223186
Epoch duration: 133.324476004

Epoch 205/1000
Epoch training duration: 13.7768909931
Train	AUC[ROC]: 0.999996	AUC[PR]: 0.992681
Val	AUC[ROC]: 0.636944	AUC[PR]: 0.080002
Epoch evaluation duration: 130.619177818
Epoch duration: 144.396068811

Epoch 206/1000
Epoch training duration: 13.5583369732
Train	AUC[ROC]: 0.999996	AUC[PR]: 0.992565
Val	AUC[ROC]: 0.628518	AUC[PR]: 0.081369
Epoch evaluation duration: 119.98984313
Epoch duration: 133.548180103

Epoch 207/1000
Epoch training duration: 12.9917600155
Train	AUC[ROC]: 0.999996	AUC[PR]: 0.991650
Val	AUC[ROC]: 0.613866	AUC[PR]: 0.082667
Epoch evaluation duration: 84.6860098839
Epoch duration: 97.6777698994

Epoch 208/1000
Epoch training duration: 8.59903907776
Train	AUC[ROC]: 0.999996	AUC[PR]: 0.992062
Val	AUC[ROC]: 0.620640	AUC[PR]: 0.075403
Epoch evaluation duration: 76.1933329105
Epoch duration: 84.7923719883

Epoch 209/1000
Epoch training duration: 9.32788896561
Train	AUC[ROC]: 0.999993	AUC[PR]: 0.989411
Val	AUC[ROC]: 0.629243	AUC[PR]: 0.077749
Epoch evaluation duration: 83.9321191311
Epoch duration: 93.2600080967

Epoch 210/1000
Epoch training duration: 10.3549799919
Train	AUC[ROC]: 0.999995	AUC[PR]: 0.992906
Val	AUC[ROC]: 0.616840	AUC[PR]: 0.088620
Epoch evaluation duration: 83.369715929
Epoch duration: 93.7246959209

Epoch 211/1000
Epoch training duration: 9.49545311928
Train	AUC[ROC]: 0.999995	AUC[PR]: 0.994009
Val	AUC[ROC]: 0.613790	AUC[PR]: 0.086102
Epoch evaluation duration: 89.9543678761
Epoch duration: 99.4498209953

Epoch 212/1000
Epoch training duration: 9.29713916779
Train	AUC[ROC]: 0.999996	AUC[PR]: 0.995309
Val	AUC[ROC]: 0.616367	AUC[PR]: 0.085320
Epoch evaluation duration: 85.9875729084
Epoch duration: 95.2847120762

Epoch 213/1000
Epoch training duration: 8.98909592628
Train	AUC[ROC]: 0.999994	AUC[PR]: 0.992720
Val	AUC[ROC]: 0.630298	AUC[PR]: 0.085119
Epoch evaluation duration: 87.5457379818
Epoch duration: 96.5348339081

Epoch 214/1000
Epoch training duration: 9.56339907646
Train	AUC[ROC]: 0.999990	AUC[PR]: 0.984819
Val	AUC[ROC]: 0.666355	AUC[PR]: 0.075420
Epoch evaluation duration: 90.1710140705
Epoch duration: 99.734413147

Epoch 215/1000
Epoch training duration: 9.0178668499
Train	AUC[ROC]: 0.999991	AUC[PR]: 0.985829
Val	AUC[ROC]: 0.632461	AUC[PR]: 0.080837
Epoch evaluation duration: 90.6241900921
Epoch duration: 99.642056942

Epoch 216/1000
Epoch training duration: 9.89919090271
Train	AUC[ROC]: 0.999993	AUC[PR]: 0.990044
Val	AUC[ROC]: 0.634275	AUC[PR]: 0.082484
Epoch evaluation duration: 126.789313078
Epoch duration: 136.688503981

Epoch 217/1000
Epoch training duration: 16.5799078941
Train	AUC[ROC]: 0.999994	AUC[PR]: 0.990124
Val	AUC[ROC]: 0.621062	AUC[PR]: 0.080834
Epoch evaluation duration: 135.234454155
Epoch duration: 151.814362049

Epoch 218/1000
Epoch training duration: 14.3521530628
Train	AUC[ROC]: 0.999994	AUC[PR]: 0.991027
Val	AUC[ROC]: 0.624258	AUC[PR]: 0.083940
Epoch evaluation duration: 129.055809975
Epoch duration: 143.407963037

Epoch 219/1000
Epoch training duration: 14.6235949993
Train	AUC[ROC]: 0.999995	AUC[PR]: 0.990988
Val	AUC[ROC]: 0.613797	AUC[PR]: 0.083051
Epoch evaluation duration: 127.190002918
Epoch duration: 141.813597918

Epoch 220/1000
Epoch training duration: 15.2373371124
Train	AUC[ROC]: 0.999995	AUC[PR]: 0.991123
Val	AUC[ROC]: 0.615842	AUC[PR]: 0.080701
Epoch evaluation duration: 126.674263954
Epoch duration: 141.911601067

Epoch 221/1000
Epoch training duration: 14.7178800106
Train	AUC[ROC]: 0.999995	AUC[PR]: 0.992839
Val	AUC[ROC]: 0.630657	AUC[PR]: 0.082970
Epoch evaluation duration: 128.47427702
Epoch duration: 143.19215703

Epoch 222/1000
Epoch training duration: 15.0856349468
Train	AUC[ROC]: 0.999995	AUC[PR]: 0.991832
Val	AUC[ROC]: 0.613934	AUC[PR]: 0.082712
Epoch evaluation duration: 131.867279053
Epoch duration: 146.952914

Epoch 223/1000
Epoch training duration: 13.2707588673
Train	AUC[ROC]: 0.999996	AUC[PR]: 0.991900
Val	AUC[ROC]: 0.607352	AUC[PR]: 0.083475
Epoch evaluation duration: 132.161407948
Epoch duration: 145.432166815

Epoch 224/1000
Epoch training duration: 12.9622809887
Train	AUC[ROC]: 0.999996	AUC[PR]: 0.992836
Val	AUC[ROC]: 0.613407	AUC[PR]: 0.084875
Epoch evaluation duration: 126.917401075
Epoch duration: 139.879682064

Epoch 225/1000
Epoch training duration: 14.2217800617
Train	AUC[ROC]: 0.999996	AUC[PR]: 0.993864
Val	AUC[ROC]: 0.628161	AUC[PR]: 0.071030
Epoch evaluation duration: 133.461691856
Epoch duration: 147.683471918

Epoch 226/1000
Epoch training duration: 15.071586132
Train	AUC[ROC]: 0.999994	AUC[PR]: 0.990339
Val	AUC[ROC]: 0.612445	AUC[PR]: 0.080342
Epoch evaluation duration: 126.262047052
Epoch duration: 141.333633184

Epoch 227/1000
Epoch training duration: 13.7078490257
Train	AUC[ROC]: 0.999994	AUC[PR]: 0.990274
Val	AUC[ROC]: 0.604836	AUC[PR]: 0.078808
Epoch evaluation duration: 132.15752387
Epoch duration: 145.865372896

Epoch 228/1000
Epoch training duration: 14.9285619259
Train	AUC[ROC]: 0.999995	AUC[PR]: 0.992163
Val	AUC[ROC]: 0.609705	AUC[PR]: 0.078294
Epoch evaluation duration: 122.338961124
Epoch duration: 137.26752305

Epoch 229/1000
Epoch training duration: 15.279540062
Train	AUC[ROC]: 0.999994	AUC[PR]: 0.992585
Val	AUC[ROC]: 0.646767	AUC[PR]: 0.077395
Epoch evaluation duration: 125.503182888
Epoch duration: 140.78272295

Epoch 230/1000
Epoch training duration: 13.2635390759
Train	AUC[ROC]: 0.999996	AUC[PR]: 0.992862
Val	AUC[ROC]: 0.614082	AUC[PR]: 0.082915
Epoch evaluation duration: 128.546139002
Epoch duration: 141.809678078

Epoch 231/1000
Epoch training duration: 14.8452579975
Train	AUC[ROC]: 0.999996	AUC[PR]: 0.992992
Val	AUC[ROC]: 0.602745	AUC[PR]: 0.082961
Epoch evaluation duration: 127.625954866
Epoch duration: 142.471212864

Epoch 232/1000
Epoch training duration: 15.6131291389
Train	AUC[ROC]: 0.999996	AUC[PR]: 0.992676
Val	AUC[ROC]: 0.610671	AUC[PR]: 0.081334
Epoch evaluation duration: 133.709516048
Epoch duration: 149.322645187

Epoch 233/1000
Epoch training duration: 13.7552149296
Train	AUC[ROC]: 0.999996	AUC[PR]: 0.994057
Val	AUC[ROC]: 0.636820	AUC[PR]: 0.078164
Epoch evaluation duration: 128.222141981
Epoch duration: 141.977356911

Epoch 234/1000
Epoch training duration: 16.0428740978
Train	AUC[ROC]: 0.999996	AUC[PR]: 0.994211
Val	AUC[ROC]: 0.642905	AUC[PR]: 0.071756
Epoch evaluation duration: 133.329210997
Epoch duration: 149.372085094

Epoch 235/1000
Epoch training duration: 15.3710949421
Train	AUC[ROC]: 0.999996	AUC[PR]: 0.992957
Val	AUC[ROC]: 0.614447	AUC[PR]: 0.073096
Epoch evaluation duration: 125.446873903
Epoch duration: 140.817968845

Epoch 236/1000
Epoch training duration: 15.0167970657
Train	AUC[ROC]: 0.999997	AUC[PR]: 0.993397
Val	AUC[ROC]: 0.611521	AUC[PR]: 0.078502
Epoch evaluation duration: 140.921508074
Epoch duration: 155.93830514

Epoch 237/1000
Epoch training duration: 13.9320559502
Train	AUC[ROC]: 0.999995	AUC[PR]: 0.991677
Val	AUC[ROC]: 0.628061	AUC[PR]: 0.076993
Epoch evaluation duration: 142.488929987
Epoch duration: 156.420985937

Epoch 238/1000
Epoch training duration: 14.6570808887
Train	AUC[ROC]: 0.999995	AUC[PR]: 0.991945
Val	AUC[ROC]: 0.612179	AUC[PR]: 0.075391
Epoch evaluation duration: 131.434811115
Epoch duration: 146.091892004

Epoch 239/1000
Epoch training duration: 15.270031929
Train	AUC[ROC]: 0.999995	AUC[PR]: 0.993209
Val	AUC[ROC]: 0.638398	AUC[PR]: 0.083300
Epoch evaluation duration: 131.789556026
Epoch duration: 147.059587955

Epoch 240/1000
Epoch training duration: 14.5203969479
Train	AUC[ROC]: 0.999996	AUC[PR]: 0.993796
Val	AUC[ROC]: 0.620930	AUC[PR]: 0.081733
Epoch evaluation duration: 133.135282993
Epoch duration: 147.655679941

Epoch 241/1000
Epoch training duration: 14.4112970829
Train	AUC[ROC]: 0.999997	AUC[PR]: 0.996879
Val	AUC[ROC]: 0.619906	AUC[PR]: 0.078808
Epoch evaluation duration: 128.244919062
Epoch duration: 142.656216145

Epoch 242/1000
Epoch training duration: 13.8404738903
Train	AUC[ROC]: 0.999997	AUC[PR]: 0.994337
Val	AUC[ROC]: 0.628961	AUC[PR]: 0.077889
Epoch evaluation duration: 118.37776804
Epoch duration: 132.21824193

Epoch 243/1000
Epoch training duration: 13.2884919643
Train	AUC[ROC]: 0.999998	AUC[PR]: 0.997562
Val	AUC[ROC]: 0.628313	AUC[PR]: 0.078910
Epoch evaluation duration: 123.756931067
Epoch duration: 137.045423031

Epoch 244/1000
Epoch training duration: 13.8207740784
Train	AUC[ROC]: 0.999994	AUC[PR]: 0.992315
Val	AUC[ROC]: 0.636836	AUC[PR]: 0.072203
Epoch evaluation duration: 120.452823877
Epoch duration: 134.273597956

Epoch 245/1000
Epoch training duration: 13.2299370766
Train	AUC[ROC]: 0.999996	AUC[PR]: 0.993700
Val	AUC[ROC]: 0.642369	AUC[PR]: 0.074137
Epoch evaluation duration: 121.332461834
Epoch duration: 134.562398911

Epoch 246/1000
Epoch training duration: 15.3162000179
Train	AUC[ROC]: 0.999998	AUC[PR]: 0.998238
Val	AUC[ROC]: 0.623657	AUC[PR]: 0.088785
Epoch evaluation duration: 121.855767012
Epoch duration: 137.17196703

Epoch 247/1000
Epoch training duration: 10.9303200245
Train	AUC[ROC]: 0.999999	AUC[PR]: 0.999355
Val	AUC[ROC]: 0.626352	AUC[PR]: 0.079518
Epoch evaluation duration: 122.711699963
Epoch duration: 133.642019987

Epoch 248/1000
Epoch training duration: 13.2289149761
Train	AUC[ROC]: 0.999999	AUC[PR]: 0.999484
Val	AUC[ROC]: 0.626401	AUC[PR]: 0.086924
Epoch evaluation duration: 114.540055037
Epoch duration: 127.768970013

Epoch 249/1000
Epoch training duration: 14.7884340286
Train	AUC[ROC]: 1.000000	AUC[PR]: 0.999637
Val	AUC[ROC]: 0.636089	AUC[PR]: 0.079316
Epoch evaluation duration: 122.726305962
Epoch duration: 137.51473999

Epoch 250/1000
Epoch training duration: 13.1783781052
Train	AUC[ROC]: 1.000000	AUC[PR]: 0.999606
Val	AUC[ROC]: 0.622678	AUC[PR]: 0.088225
Epoch evaluation duration: 120.383806944
Epoch duration: 133.562185049

Epoch 251/1000
Epoch training duration: 13.6021060944
Train	AUC[ROC]: 1.000000	AUC[PR]: 0.999803
Val	AUC[ROC]: 0.626323	AUC[PR]: 0.087521
Epoch evaluation duration: 117.645930052
Epoch duration: 131.248036146

Epoch 252/1000
Epoch training duration: 14.8312759399
Train	AUC[ROC]: 0.999997	AUC[PR]: 0.994536
Val	AUC[ROC]: 0.630706	AUC[PR]: 0.074734
Epoch evaluation duration: 116.934377909
Epoch duration: 131.765653849

Epoch 253/1000
Epoch training duration: 12.738681078
Train	AUC[ROC]: 0.999996	AUC[PR]: 0.994272
Val	AUC[ROC]: 0.636510	AUC[PR]: 0.084161
Epoch evaluation duration: 119.623893023
Epoch duration: 132.3625741

Epoch 254/1000
Epoch training duration: 12.4433159828
Train	AUC[ROC]: 0.999996	AUC[PR]: 0.993599
Val	AUC[ROC]: 0.623347	AUC[PR]: 0.072537
Epoch evaluation duration: 116.598681927
Epoch duration: 129.04199791

Epoch 255/1000
Epoch training duration: 11.1733720303
Train	AUC[ROC]: 0.999995	AUC[PR]: 0.993094
Val	AUC[ROC]: 0.618849	AUC[PR]: 0.071358
Epoch evaluation duration: 125.925271034
Epoch duration: 137.098643064

train precision: 0.843250599494
train roc: 0.999886204323
train hit in top 2563: 334.0 out of 334.0

val precision: 0.130998568211
val roc: 0.757717207222
val hit in top 427: 26.0 out of 55.0

test precision: 0.255582680171
test roc: 0.930780931118
test hit in top 427: 40.0 out of 55.0

ratio: 0.02, EF: 40.0,	active: 55.0
ratio: 0.02, NEF: 0.8
ratio: 0.01, EF: 72.7272727273,	active: 55.0
ratio: 0.01, NEF: 0.727272727273
ratio: 0.0015, EF: 218.181818182,	active: 55.0
ratio: 0.0015, NEF: 0.327272727273
ratio: 0.001, EF: 218.181818182,	active: 55.0
ratio: 0.001, NEF: 0.285714285714

