label_name_list  [u'PriA-SSB AS Activity']
train files  ['../datasets/keck_pria/fold_0.csv' '../datasets/keck_pria/fold_1.csv'
 '../datasets/keck_pria/fold_2.csv' '../datasets/keck_pria/fold_3.csv'
 '../datasets/keck_pria/fold_6.csv' '../datasets/keck_pria/fold_7.csv']
val files  ['../datasets/keck_pria/fold_4.csv']
test files  ['../datasets/keck_pria/fold_5.csv']
Class Weight  [{0: 1.0, 1: 766.625748502994}]
Epoch 1/200
Epoch training duration: 12.5814528465
Train	AUC[ROC]: 0.945198	AUC[PR]: 0.154100
Val	AUC[ROC]: 0.801173	AUC[PR]: 0.033139
Epoch evaluation duration: 83.4667410851
Epoch duration: 96.0481939316

Epoch 2/200
Epoch training duration: 12.6764540672
Train	AUC[ROC]: 0.985292	AUC[PR]: 0.223934
Val	AUC[ROC]: 0.800093	AUC[PR]: 0.064758
Epoch evaluation duration: 83.8965578079
Epoch duration: 96.5730118752

Epoch 3/200
Epoch training duration: 12.9986171722
Train	AUC[ROC]: 0.995154	AUC[PR]: 0.307171
Val	AUC[ROC]: 0.798164	AUC[PR]: 0.081955
Epoch evaluation duration: 82.7827718258
Epoch duration: 95.781388998

Epoch 4/200
Epoch training duration: 12.8762931824
Train	AUC[ROC]: 0.997937	AUC[PR]: 0.395406
Val	AUC[ROC]: 0.792602	AUC[PR]: 0.101050
Epoch evaluation duration: 83.2644128799
Epoch duration: 96.1407060623

Epoch 5/200
Epoch training duration: 13.1335611343
Train	AUC[ROC]: 0.998653	AUC[PR]: 0.441700
Val	AUC[ROC]: 0.794174	AUC[PR]: 0.106000
Epoch evaluation duration: 83.4912288189
Epoch duration: 96.6247899532

Epoch 6/200
Epoch training duration: 12.5888500214
Train	AUC[ROC]: 0.999265	AUC[PR]: 0.542515
Val	AUC[ROC]: 0.794477	AUC[PR]: 0.108304
Epoch evaluation duration: 84.3858990669
Epoch duration: 96.9747490883

Epoch 7/200
Epoch training duration: 11.9787731171
Train	AUC[ROC]: 0.999461	AUC[PR]: 0.611344
Val	AUC[ROC]: 0.788914	AUC[PR]: 0.101725
Epoch evaluation duration: 83.3631219864
Epoch duration: 95.3418951035

Epoch 8/200
Epoch training duration: 12.4523868561
Train	AUC[ROC]: 0.999562	AUC[PR]: 0.634257
Val	AUC[ROC]: 0.784767	AUC[PR]: 0.113234
Epoch evaluation duration: 83.8322529793
Epoch duration: 96.2846398354

Epoch 9/200
Epoch training duration: 12.322425127
Train	AUC[ROC]: 0.999606	AUC[PR]: 0.659785
Val	AUC[ROC]: 0.794517	AUC[PR]: 0.123560
Epoch evaluation duration: 84.0710718632
Epoch duration: 96.3934969902

Epoch 10/200
Epoch training duration: 12.9759609699
Train	AUC[ROC]: 0.999700	AUC[PR]: 0.711090
Val	AUC[ROC]: 0.783654	AUC[PR]: 0.121044
Epoch evaluation duration: 83.7047359943
Epoch duration: 96.6806969643

Epoch 11/200
Epoch training duration: 13.5980792046
Train	AUC[ROC]: 0.999701	AUC[PR]: 0.713656
Val	AUC[ROC]: 0.770309	AUC[PR]: 0.125418
Epoch evaluation duration: 83.7249388695
Epoch duration: 97.323018074

Epoch 12/200
Epoch training duration: 12.9775059223
Train	AUC[ROC]: 0.999747	AUC[PR]: 0.757354
Val	AUC[ROC]: 0.775046	AUC[PR]: 0.125473
Epoch evaluation duration: 82.8028841019
Epoch duration: 95.7803900242

Epoch 13/200
Epoch training duration: 12.9137511253
Train	AUC[ROC]: 0.999844	AUC[PR]: 0.826396
Val	AUC[ROC]: 0.772324	AUC[PR]: 0.127456
Epoch evaluation duration: 84.2631678581
Epoch duration: 97.1769189835

Epoch 14/200
Epoch training duration: 12.7126920223
Train	AUC[ROC]: 0.999871	AUC[PR]: 0.853726
Val	AUC[ROC]: 0.745333	AUC[PR]: 0.134847
Epoch evaluation duration: 83.1357810497
Epoch duration: 95.8484730721

Epoch 15/200
Epoch training duration: 13.0574378967
Train	AUC[ROC]: 0.999888	AUC[PR]: 0.868672
Val	AUC[ROC]: 0.741291	AUC[PR]: 0.136354
Epoch evaluation duration: 83.8624870777
Epoch duration: 96.9199249744

Epoch 16/200
Epoch training duration: 12.4530379772
Train	AUC[ROC]: 0.999908	AUC[PR]: 0.888560
Val	AUC[ROC]: 0.762041	AUC[PR]: 0.114930
Epoch evaluation duration: 83.2716538906
Epoch duration: 95.7246918678

Epoch 17/200
Epoch training duration: 12.6662590504
Train	AUC[ROC]: 0.999921	AUC[PR]: 0.902126
Val	AUC[ROC]: 0.738874	AUC[PR]: 0.129483
Epoch evaluation duration: 83.5981740952
Epoch duration: 96.2644331455

Epoch 18/200
Epoch training duration: 12.951570034
Train	AUC[ROC]: 0.999925	AUC[PR]: 0.902519
Val	AUC[ROC]: 0.742408	AUC[PR]: 0.133560
Epoch evaluation duration: 83.2355148792
Epoch duration: 96.1870849133

Epoch 19/200
Epoch training duration: 12.6308951378
Train	AUC[ROC]: 0.999935	AUC[PR]: 0.918256
Val	AUC[ROC]: 0.734673	AUC[PR]: 0.126959
Epoch evaluation duration: 83.0934329033
Epoch duration: 95.7243280411

Epoch 20/200
Epoch training duration: 12.3952810764
Train	AUC[ROC]: 0.999934	AUC[PR]: 0.917331
Val	AUC[ROC]: 0.753851	AUC[PR]: 0.144487
Epoch evaluation duration: 84.1573369503
Epoch duration: 96.5526180267

Epoch 21/200
Epoch training duration: 12.5384919643
Train	AUC[ROC]: 0.999934	AUC[PR]: 0.922104
Val	AUC[ROC]: 0.777273	AUC[PR]: 0.113357
Epoch evaluation duration: 83.3668220043
Epoch duration: 95.9053139687

Epoch 22/200
Epoch training duration: 12.5446410179
Train	AUC[ROC]: 0.999961	AUC[PR]: 0.948276
Val	AUC[ROC]: 0.728988	AUC[PR]: 0.131813
Epoch evaluation duration: 83.9121670723
Epoch duration: 96.4568080902

Epoch 23/200
Epoch training duration: 12.7941009998
Train	AUC[ROC]: 0.999960	AUC[PR]: 0.949528
Val	AUC[ROC]: 0.745267	AUC[PR]: 0.123475
Epoch evaluation duration: 83.1960608959
Epoch duration: 95.9901618958

Epoch 24/200
Epoch training duration: 12.9846169949
Train	AUC[ROC]: 0.999949	AUC[PR]: 0.933913
Val	AUC[ROC]: 0.736850	AUC[PR]: 0.139360
Epoch evaluation duration: 83.5472071171
Epoch duration: 96.5318241119

Epoch 25/200
Epoch training duration: 12.9580988884
Train	AUC[ROC]: 0.999944	AUC[PR]: 0.928992
Val	AUC[ROC]: 0.738497	AUC[PR]: 0.114551
Epoch evaluation duration: 70.9113199711
Epoch duration: 83.8694188595

Epoch 26/200
Epoch training duration: 10.6938660145
Train	AUC[ROC]: 0.999957	AUC[PR]: 0.943283
Val	AUC[ROC]: 0.721012	AUC[PR]: 0.123202
Epoch evaluation duration: 78.2226109505
Epoch duration: 88.916476965

Epoch 27/200
Epoch training duration: 12.7291400433
Train	AUC[ROC]: 0.999971	AUC[PR]: 0.963138
Val	AUC[ROC]: 0.708448	AUC[PR]: 0.116491
Epoch evaluation duration: 83.6722710133
Epoch duration: 96.4014110565

Epoch 28/200
Epoch training duration: 12.3348720074
Train	AUC[ROC]: 0.999966	AUC[PR]: 0.955346
Val	AUC[ROC]: 0.734657	AUC[PR]: 0.114871
Epoch evaluation duration: 83.9772179127
Epoch duration: 96.31208992

Epoch 29/200
Epoch training duration: 12.7269160748
Train	AUC[ROC]: 0.999969	AUC[PR]: 0.962462
Val	AUC[ROC]: 0.715690	AUC[PR]: 0.110591
Epoch evaluation duration: 82.8902869225
Epoch duration: 95.6172029972

Epoch 30/200
Epoch training duration: 13.177809
Train	AUC[ROC]: 0.999970	AUC[PR]: 0.962327
Val	AUC[ROC]: 0.679885	AUC[PR]: 0.119881
Epoch evaluation duration: 83.1940770149
Epoch duration: 96.3718860149

Epoch 31/200
Epoch training duration: 12.3476572037
Train	AUC[ROC]: 0.999952	AUC[PR]: 0.924307
Val	AUC[ROC]: 0.691224	AUC[PR]: 0.120159
Epoch evaluation duration: 83.7021257877
Epoch duration: 96.0497829914

Epoch 32/200
Epoch training duration: 12.4788460732
Train	AUC[ROC]: 0.999963	AUC[PR]: 0.942296
Val	AUC[ROC]: 0.655900	AUC[PR]: 0.115248
Epoch evaluation duration: 83.8392720222
Epoch duration: 96.3181180954

Epoch 33/200
Epoch training duration: 12.7229120731
Train	AUC[ROC]: 0.999968	AUC[PR]: 0.952830
Val	AUC[ROC]: 0.696372	AUC[PR]: 0.110897
Epoch evaluation duration: 83.7309699059
Epoch duration: 96.453881979

Epoch 34/200
Epoch training duration: 12.7109019756
Train	AUC[ROC]: 0.999917	AUC[PR]: 0.869561
Val	AUC[ROC]: 0.663193	AUC[PR]: 0.082368
Epoch evaluation duration: 83.1600079536
Epoch duration: 95.8709099293

Epoch 35/200
Epoch training duration: 12.7041611671
Train	AUC[ROC]: 0.999969	AUC[PR]: 0.962339
Val	AUC[ROC]: 0.679618	AUC[PR]: 0.089165
Epoch evaluation duration: 83.8473069668
Epoch duration: 96.5514681339

Epoch 36/200
Epoch training duration: 12.7475419044
Train	AUC[ROC]: 0.999972	AUC[PR]: 0.965838
Val	AUC[ROC]: 0.710441	AUC[PR]: 0.093973
Epoch evaluation duration: 82.8464870453
Epoch duration: 95.5940289497

Epoch 37/200
Epoch training duration: 12.7313129902
Train	AUC[ROC]: 0.999988	AUC[PR]: 0.982513
Val	AUC[ROC]: 0.655279	AUC[PR]: 0.102866
Epoch evaluation duration: 85.0076880455
Epoch duration: 97.7390010357

Epoch 38/200
Epoch training duration: 12.6739830971
Train	AUC[ROC]: 0.999991	AUC[PR]: 0.987792
Val	AUC[ROC]: 0.631918	AUC[PR]: 0.104508
Epoch evaluation duration: 83.0956878662
Epoch duration: 95.7696709633

Epoch 39/200
Epoch training duration: 12.7706091404
Train	AUC[ROC]: 0.999993	AUC[PR]: 0.990086
Val	AUC[ROC]: 0.626145	AUC[PR]: 0.115236
Epoch evaluation duration: 83.6946589947
Epoch duration: 96.4652681351

Epoch 40/200
Epoch training duration: 12.7133848667
Train	AUC[ROC]: 0.999991	AUC[PR]: 0.980607
Val	AUC[ROC]: 0.653135	AUC[PR]: 0.112999
Epoch evaluation duration: 83.5397601128
Epoch duration: 96.2531449795

Epoch 41/200
Epoch training duration: 12.7545919418
Train	AUC[ROC]: 0.999989	AUC[PR]: 0.981365
Val	AUC[ROC]: 0.656362	AUC[PR]: 0.112648
Epoch evaluation duration: 83.7845458984
Epoch duration: 96.5391378403

Epoch 42/200
Epoch training duration: 12.5435361862
Train	AUC[ROC]: 0.999992	AUC[PR]: 0.987460
Val	AUC[ROC]: 0.628552	AUC[PR]: 0.111157
Epoch evaluation duration: 82.3327898979
Epoch duration: 94.8763260841

Epoch 43/200
Epoch training duration: 12.4160220623
Train	AUC[ROC]: 0.999972	AUC[PR]: 0.955190
Val	AUC[ROC]: 0.637618	AUC[PR]: 0.098672
Epoch evaluation duration: 83.7061629295
Epoch duration: 96.1221849918

Epoch 44/200
Epoch training duration: 12.2968308926
Train	AUC[ROC]: 0.999992	AUC[PR]: 0.991419
Val	AUC[ROC]: 0.644867	AUC[PR]: 0.113773
Epoch evaluation duration: 83.8077270985
Epoch duration: 96.104557991

Epoch 45/200
Epoch training duration: 12.6237590313
Train	AUC[ROC]: 0.999986	AUC[PR]: 0.971038
Val	AUC[ROC]: 0.626148	AUC[PR]: 0.117609
Epoch evaluation duration: 83.406867981
Epoch duration: 96.0306270123

Epoch 46/200
Epoch training duration: 12.3135080338
Train	AUC[ROC]: 0.999959	AUC[PR]: 0.940569
Val	AUC[ROC]: 0.660255	AUC[PR]: 0.081121
Epoch evaluation duration: 84.5161788464
Epoch duration: 96.8296868801

Epoch 47/200
Epoch training duration: 12.4234571457
Train	AUC[ROC]: 0.999979	AUC[PR]: 0.968675
Val	AUC[ROC]: 0.662296	AUC[PR]: 0.098852
Epoch evaluation duration: 83.3668608665
Epoch duration: 95.7903180122

Epoch 48/200
Epoch training duration: 12.6167421341
Train	AUC[ROC]: 0.999984	AUC[PR]: 0.971028
Val	AUC[ROC]: 0.591189	AUC[PR]: 0.098464
Epoch evaluation duration: 83.7833039761
Epoch duration: 96.4000461102

Epoch 49/200
Epoch training duration: 13.1057479382
Train	AUC[ROC]: 0.999981	AUC[PR]: 0.972579
Val	AUC[ROC]: 0.654567	AUC[PR]: 0.103480
Epoch evaluation duration: 82.9623701572
Epoch duration: 96.0681180954

Epoch 50/200
Epoch training duration: 12.6175279617
Train	AUC[ROC]: 0.999978	AUC[PR]: 0.960944
Val	AUC[ROC]: 0.601104	AUC[PR]: 0.124218
Epoch evaluation duration: 84.9947738647
Epoch duration: 97.6123018265

Epoch 51/200
Epoch training duration: 13.1470701694
Train	AUC[ROC]: 0.999977	AUC[PR]: 0.960785
Val	AUC[ROC]: 0.568922	AUC[PR]: 0.116699
Epoch evaluation duration: 83.0878489017
Epoch duration: 96.2349190712

Epoch 52/200
Epoch training duration: 12.8771679401
Train	AUC[ROC]: 0.999976	AUC[PR]: 0.959575
Val	AUC[ROC]: 0.647464	AUC[PR]: 0.119562
Epoch evaluation duration: 84.1910741329
Epoch duration: 97.0682420731

Epoch 53/200
Epoch training duration: 12.5980639458
Train	AUC[ROC]: 0.999964	AUC[PR]: 0.936622
Val	AUC[ROC]: 0.667826	AUC[PR]: 0.095756
Epoch evaluation duration: 83.1942439079
Epoch duration: 95.7923078537

Epoch 54/200
Epoch training duration: 12.861823082
Train	AUC[ROC]: 0.999974	AUC[PR]: 0.952590
Val	AUC[ROC]: 0.626309	AUC[PR]: 0.082112
Epoch evaluation duration: 83.3575379848
Epoch duration: 96.2193610668

Epoch 55/200
Epoch training duration: 12.5588679314
Train	AUC[ROC]: 0.999979	AUC[PR]: 0.960147
Val	AUC[ROC]: 0.617271	AUC[PR]: 0.092134
Epoch evaluation duration: 83.1023740768
Epoch duration: 95.6612420082

Epoch 56/200
Epoch training duration: 12.4690759182
Train	AUC[ROC]: 0.999976	AUC[PR]: 0.967999
Val	AUC[ROC]: 0.704835	AUC[PR]: 0.094991
Epoch evaluation duration: 84.0641291142
Epoch duration: 96.5332050323

Epoch 57/200
Epoch training duration: 12.1936118603
Train	AUC[ROC]: 0.999968	AUC[PR]: 0.945879
Val	AUC[ROC]: 0.645843	AUC[PR]: 0.081715
Epoch evaluation duration: 84.1398990154
Epoch duration: 96.3335108757

Epoch 58/200
Epoch training duration: 12.6044740677
Train	AUC[ROC]: 0.999977	AUC[PR]: 0.969616
Val	AUC[ROC]: 0.627785	AUC[PR]: 0.097622
Epoch evaluation duration: 83.2770349979
Epoch duration: 95.8815090656

Epoch 59/200
Epoch training duration: 12.791588068
Train	AUC[ROC]: 0.999977	AUC[PR]: 0.968419
Val	AUC[ROC]: 0.743000	AUC[PR]: 0.075638
Epoch evaluation duration: 83.9741120338
Epoch duration: 96.7657001019

Epoch 60/200
Epoch training duration: 12.5333619118
Train	AUC[ROC]: 0.999979	AUC[PR]: 0.971444
Val	AUC[ROC]: 0.629722	AUC[PR]: 0.091957
Epoch evaluation duration: 83.5248138905
Epoch duration: 96.0581758022

Epoch 61/200
Epoch training duration: 12.7967431545
Train	AUC[ROC]: 0.999987	AUC[PR]: 0.980111
Val	AUC[ROC]: 0.627256	AUC[PR]: 0.087013
Epoch evaluation duration: 83.3095979691
Epoch duration: 96.1063411236

Epoch 62/200
Epoch training duration: 13.4906198978
Train	AUC[ROC]: 0.999986	AUC[PR]: 0.976841
Val	AUC[ROC]: 0.636486	AUC[PR]: 0.094189
Epoch evaluation duration: 82.7797269821
Epoch duration: 96.27034688

Epoch 63/200
Epoch training duration: 12.4637260437
Train	AUC[ROC]: 0.999988	AUC[PR]: 0.977770
Val	AUC[ROC]: 0.601613	AUC[PR]: 0.101026
Epoch evaluation duration: 84.5307409763
Epoch duration: 96.99446702

Epoch 64/200
Epoch training duration: 12.9584751129
Train	AUC[ROC]: 0.999986	AUC[PR]: 0.976727
Val	AUC[ROC]: 0.656495	AUC[PR]: 0.081024
Epoch evaluation duration: 83.5381910801
Epoch duration: 96.496666193

Epoch 65/200
Epoch training duration: 12.3050529957
Train	AUC[ROC]: 0.999986	AUC[PR]: 0.980361
Val	AUC[ROC]: 0.612171	AUC[PR]: 0.078533
Epoch evaluation duration: 84.7130129337
Epoch duration: 97.0180659294

Epoch 66/200
Epoch training duration: 12.6920330524
Train	AUC[ROC]: 0.999982	AUC[PR]: 0.971291
Val	AUC[ROC]: 0.667682	AUC[PR]: 0.088267
Epoch evaluation duration: 83.4730849266
Epoch duration: 96.165117979

Epoch 67/200
Epoch training duration: 12.6251690388
Train	AUC[ROC]: 0.999967	AUC[PR]: 0.949568
Val	AUC[ROC]: 0.665718	AUC[PR]: 0.059124
Epoch evaluation duration: 83.8201229572
Epoch duration: 96.445291996

Epoch 68/200
Epoch training duration: 12.7149200439
Train	AUC[ROC]: 0.999969	AUC[PR]: 0.957644
Val	AUC[ROC]: 0.637610	AUC[PR]: 0.067248
Epoch evaluation duration: 83.3501529694
Epoch duration: 96.0650730133

Epoch 69/200
Epoch training duration: 12.4998590946
Train	AUC[ROC]: 0.999977	AUC[PR]: 0.964880
Val	AUC[ROC]: 0.645792	AUC[PR]: 0.076068
Epoch evaluation duration: 83.629791975
Epoch duration: 96.1296510696

Epoch 70/200
Epoch training duration: 12.5763139725
Train	AUC[ROC]: 0.999983	AUC[PR]: 0.969649
Val	AUC[ROC]: 0.605232	AUC[PR]: 0.070876
Epoch evaluation duration: 83.6884348392
Epoch duration: 96.2647488117

Epoch 71/200
Epoch training duration: 12.878606081
Train	AUC[ROC]: 0.999984	AUC[PR]: 0.978307
Val	AUC[ROC]: 0.666701	AUC[PR]: 0.060564
Epoch evaluation duration: 83.3739519119
Epoch duration: 96.2525579929

train precision: 0.917330615412
train roc: 0.999934209682
train hit in top 2563: 334.0 out of 334.0

val precision: 0.144487324643
val roc: 0.753850561858
val hit in top 427: 26.0 out of 55.0

test precision: 0.222835665216
test roc: 0.915479299723
test hit in top 427: 42.0 out of 55.0

ratio: 0.02, EF: 39.0909090909,	active: 55.0
ratio: 0.02, NEF: 0.781818181818
ratio: 0.01, EF: 76.3636363636,	active: 55.0
ratio: 0.01, NEF: 0.763636363636
ratio: 0.0015, EF: 193.939393939,	active: 55.0
ratio: 0.0015, NEF: 0.290909090909
ratio: 0.001, EF: 218.181818182,	active: 55.0
ratio: 0.001, NEF: 0.285714285714

