label_name_list  [u'PriA-SSB AS Activity']
train files  ['../datasets/keck_pria/fold_0.csv' '../datasets/keck_pria/fold_1.csv'
 '../datasets/keck_pria/fold_2.csv' '../datasets/keck_pria/fold_3.csv'
 '../datasets/keck_pria/fold_4.csv' '../datasets/keck_pria/fold_5.csv']
val files  ['../datasets/keck_pria/fold_6.csv']
test files  ['../datasets/keck_pria/fold_7.csv']
Class Weight  [{0: 1.0, 1: 766.6317365269462}]
Epoch 1/200
Epoch training duration: 5.12744808197
Train	AUC[ROC]: 0.907016	AUC[PR]: 0.123572
Val	AUC[ROC]: 0.824696	AUC[PR]: 0.081782
Epoch evaluation duration: 30.785214901
Epoch duration: 35.9126629829

Epoch 2/200
Epoch training duration: 5.51693606377
Train	AUC[ROC]: 0.941163	AUC[PR]: 0.142830
Val	AUC[ROC]: 0.849717	AUC[PR]: 0.083172
Epoch evaluation duration: 30.5602259636
Epoch duration: 36.0771620274

Epoch 3/200
Epoch training duration: 5.17943501472
Train	AUC[ROC]: 0.964429	AUC[PR]: 0.172756
Val	AUC[ROC]: 0.858868	AUC[PR]: 0.104136
Epoch evaluation duration: 32.2565259933
Epoch duration: 37.4359610081

Epoch 4/200
Epoch training duration: 5.61328697205
Train	AUC[ROC]: 0.977417	AUC[PR]: 0.198201
Val	AUC[ROC]: 0.867722	AUC[PR]: 0.091210
Epoch evaluation duration: 30.9412090778
Epoch duration: 36.5544960499

Epoch 5/200
Epoch training duration: 5.32774186134
Train	AUC[ROC]: 0.985822	AUC[PR]: 0.218283
Val	AUC[ROC]: 0.875723	AUC[PR]: 0.090901
Epoch evaluation duration: 30.4580111504
Epoch duration: 35.7857530117

Epoch 6/200
Epoch training duration: 5.20725798607
Train	AUC[ROC]: 0.990563	AUC[PR]: 0.241776
Val	AUC[ROC]: 0.880383	AUC[PR]: 0.095999
Epoch evaluation duration: 30.8801789284
Epoch duration: 36.0874369144

Epoch 7/200
Epoch training duration: 5.30388092995
Train	AUC[ROC]: 0.993720	AUC[PR]: 0.264011
Val	AUC[ROC]: 0.884216	AUC[PR]: 0.103057
Epoch evaluation duration: 31.1634740829
Epoch duration: 36.4673550129

Epoch 8/200
Epoch training duration: 5.20842289925
Train	AUC[ROC]: 0.995093	AUC[PR]: 0.282868
Val	AUC[ROC]: 0.882744	AUC[PR]: 0.100208
Epoch evaluation duration: 30.4948289394
Epoch duration: 35.7032518387

Epoch 9/200
Epoch training duration: 5.07683801651
Train	AUC[ROC]: 0.996327	AUC[PR]: 0.313195
Val	AUC[ROC]: 0.887991	AUC[PR]: 0.105697
Epoch evaluation duration: 30.2344150543
Epoch duration: 35.3112530708

Epoch 10/200
Epoch training duration: 5.20386505127
Train	AUC[ROC]: 0.997323	AUC[PR]: 0.342596
Val	AUC[ROC]: 0.894544	AUC[PR]: 0.106361
Epoch evaluation duration: 32.1419899464
Epoch duration: 37.3458549976

Epoch 11/200
Epoch training duration: 5.11433911324
Train	AUC[ROC]: 0.997838	AUC[PR]: 0.374520
Val	AUC[ROC]: 0.895166	AUC[PR]: 0.110476
Epoch evaluation duration: 32.127352953
Epoch duration: 37.2416920662

Epoch 12/200
Epoch training duration: 5.22659993172
Train	AUC[ROC]: 0.998229	AUC[PR]: 0.400164
Val	AUC[ROC]: 0.900122	AUC[PR]: 0.108781
Epoch evaluation duration: 30.9069750309
Epoch duration: 36.1335749626

Epoch 13/200
Epoch training duration: 5.31920599937
Train	AUC[ROC]: 0.998571	AUC[PR]: 0.429924
Val	AUC[ROC]: 0.901615	AUC[PR]: 0.107612
Epoch evaluation duration: 30.7249829769
Epoch duration: 36.0441889763

Epoch 14/200
Epoch training duration: 5.40848612785
Train	AUC[ROC]: 0.998690	AUC[PR]: 0.441661
Val	AUC[ROC]: 0.902118	AUC[PR]: 0.116240
Epoch evaluation duration: 31.4684388638
Epoch duration: 36.8769249916

Epoch 15/200
Epoch training duration: 5.44427895546
Train	AUC[ROC]: 0.998998	AUC[PR]: 0.493485
Val	AUC[ROC]: 0.902850	AUC[PR]: 0.119904
Epoch evaluation duration: 31.3818001747
Epoch duration: 36.8260791302

Epoch 16/200
Epoch training duration: 5.44909095764
Train	AUC[ROC]: 0.999105	AUC[PR]: 0.511975
Val	AUC[ROC]: 0.904474	AUC[PR]: 0.118375
Epoch evaluation duration: 32.0811839104
Epoch duration: 37.530274868

Epoch 17/200
Epoch training duration: 5.31316208839
Train	AUC[ROC]: 0.999259	AUC[PR]: 0.547601
Val	AUC[ROC]: 0.903538	AUC[PR]: 0.118153
Epoch evaluation duration: 31.7702569962
Epoch duration: 37.0834190845

Epoch 18/200
Epoch training duration: 5.57400608063
Train	AUC[ROC]: 0.999325	AUC[PR]: 0.567207
Val	AUC[ROC]: 0.905424	AUC[PR]: 0.123937
Epoch evaluation duration: 30.8354849815
Epoch duration: 36.4094910622

Epoch 19/200
Epoch training duration: 5.09922289848
Train	AUC[ROC]: 0.999468	AUC[PR]: 0.615994
Val	AUC[ROC]: 0.902638	AUC[PR]: 0.119739
Epoch evaluation duration: 30.5633769035
Epoch duration: 35.662599802

Epoch 20/200
Epoch training duration: 5.42330908775
Train	AUC[ROC]: 0.999509	AUC[PR]: 0.634050
Val	AUC[ROC]: 0.897634	AUC[PR]: 0.120918
Epoch evaluation duration: 31.6342959404
Epoch duration: 37.0576050282

Epoch 21/200
Epoch training duration: 5.30487704277
Train	AUC[ROC]: 0.999565	AUC[PR]: 0.653453
Val	AUC[ROC]: 0.898037	AUC[PR]: 0.128867
Epoch evaluation duration: 30.8060660362
Epoch duration: 36.110943079

Epoch 22/200
Epoch training duration: 5.70768404007
Train	AUC[ROC]: 0.999604	AUC[PR]: 0.680047
Val	AUC[ROC]: 0.891076	AUC[PR]: 0.123230
Epoch evaluation duration: 30.5717740059
Epoch duration: 36.279458046

Epoch 23/200
Epoch training duration: 5.47799897194
Train	AUC[ROC]: 0.999633	AUC[PR]: 0.687207
Val	AUC[ROC]: 0.886954	AUC[PR]: 0.127274
Epoch evaluation duration: 32.4185400009
Epoch duration: 37.8965389729

Epoch 24/200
Epoch training duration: 5.02466392517
Train	AUC[ROC]: 0.999711	AUC[PR]: 0.742115
Val	AUC[ROC]: 0.884004	AUC[PR]: 0.143911
Epoch evaluation duration: 30.2537660599
Epoch duration: 35.278429985

Epoch 25/200
Epoch training duration: 5.26391005516
Train	AUC[ROC]: 0.999720	AUC[PR]: 0.745750
Val	AUC[ROC]: 0.892880	AUC[PR]: 0.144137
Epoch evaluation duration: 30.4511630535
Epoch duration: 35.7150731087

Epoch 26/200
Epoch training duration: 5.25058197975
Train	AUC[ROC]: 0.999753	AUC[PR]: 0.761518
Val	AUC[ROC]: 0.888125	AUC[PR]: 0.148405
Epoch evaluation duration: 32.7341399193
Epoch duration: 37.984721899

Epoch 27/200
Epoch training duration: 5.20146989822
Train	AUC[ROC]: 0.999796	AUC[PR]: 0.797709
Val	AUC[ROC]: 0.886961	AUC[PR]: 0.156151
Epoch evaluation duration: 31.0025820732
Epoch duration: 36.2040519714

Epoch 28/200
Epoch training duration: 5.21141409874
Train	AUC[ROC]: 0.999782	AUC[PR]: 0.785685
Val	AUC[ROC]: 0.880824	AUC[PR]: 0.151900
Epoch evaluation duration: 30.5339968204
Epoch duration: 35.7454109192

Epoch 29/200
Epoch training duration: 5.25697803497
Train	AUC[ROC]: 0.999807	AUC[PR]: 0.802689
Val	AUC[ROC]: 0.885234	AUC[PR]: 0.148459
Epoch evaluation duration: 30.747615099
Epoch duration: 36.0045931339

Epoch 30/200
Epoch training duration: 5.14663600922
Train	AUC[ROC]: 0.999824	AUC[PR]: 0.812575
Val	AUC[ROC]: 0.885895	AUC[PR]: 0.150242
Epoch evaluation duration: 31.5338339806
Epoch duration: 36.6804699898

Epoch 31/200
Epoch training duration: 5.23476600647
Train	AUC[ROC]: 0.999852	AUC[PR]: 0.836297
Val	AUC[ROC]: 0.879875	AUC[PR]: 0.140842
Epoch evaluation duration: 30.7095248699
Epoch duration: 35.9442908764

Epoch 32/200
Epoch training duration: 5.50136709213
Train	AUC[ROC]: 0.999850	AUC[PR]: 0.832578
Val	AUC[ROC]: 0.883018	AUC[PR]: 0.142029
Epoch evaluation duration: 30.8882339001
Epoch duration: 36.3896009922

Epoch 33/200
Epoch training duration: 5.56092405319
Train	AUC[ROC]: 0.999878	AUC[PR]: 0.850687
Val	AUC[ROC]: 0.886713	AUC[PR]: 0.150392
Epoch evaluation duration: 30.2983560562
Epoch duration: 35.8592801094

Epoch 34/200
Epoch training duration: 5.49833297729
Train	AUC[ROC]: 0.999880	AUC[PR]: 0.854638
Val	AUC[ROC]: 0.874736	AUC[PR]: 0.153968
Epoch evaluation duration: 30.9105949402
Epoch duration: 36.4089279175

Epoch 35/200
Epoch training duration: 5.41192698479
Train	AUC[ROC]: 0.999895	AUC[PR]: 0.870060
Val	AUC[ROC]: 0.873868	AUC[PR]: 0.159606
Epoch evaluation duration: 30.8658361435
Epoch duration: 36.2777631283

Epoch 36/200
Epoch training duration: 5.31872487068
Train	AUC[ROC]: 0.999904	AUC[PR]: 0.881621
Val	AUC[ROC]: 0.871552	AUC[PR]: 0.173649
Epoch evaluation duration: 30.7676181793
Epoch duration: 36.08634305

Epoch 37/200
Epoch training duration: 5.24388098717
Train	AUC[ROC]: 0.999918	AUC[PR]: 0.895639
Val	AUC[ROC]: 0.872909	AUC[PR]: 0.178059
Epoch evaluation duration: 30.6410968304
Epoch duration: 35.8849778175

Epoch 38/200
Epoch training duration: 5.43018698692
Train	AUC[ROC]: 0.999925	AUC[PR]: 0.905788
Val	AUC[ROC]: 0.866961	AUC[PR]: 0.179399
Epoch evaluation duration: 31.5318222046
Epoch duration: 36.9620091915

Epoch 39/200
Epoch training duration: 5.42508482933
Train	AUC[ROC]: 0.999922	AUC[PR]: 0.902790
Val	AUC[ROC]: 0.862343	AUC[PR]: 0.187992
Epoch evaluation duration: 30.3482789993
Epoch duration: 35.7733638287

Epoch 40/200
Epoch training duration: 5.22495007515
Train	AUC[ROC]: 0.999936	AUC[PR]: 0.917433
Val	AUC[ROC]: 0.859554	AUC[PR]: 0.186309
Epoch evaluation duration: 30.2988760471
Epoch duration: 35.5238261223

Epoch 41/200
Epoch training duration: 5.28928399086
Train	AUC[ROC]: 0.999942	AUC[PR]: 0.923278
Val	AUC[ROC]: 0.858212	AUC[PR]: 0.183827
Epoch evaluation duration: 31.1539039612
Epoch duration: 36.443187952

Epoch 42/200
Epoch training duration: 5.19739198685
Train	AUC[ROC]: 0.999941	AUC[PR]: 0.924389
Val	AUC[ROC]: 0.852243	AUC[PR]: 0.179286
Epoch evaluation duration: 32.1954200268
Epoch duration: 37.3928120136

Epoch 43/200
Epoch training duration: 5.50225186348
Train	AUC[ROC]: 0.999941	AUC[PR]: 0.922068
Val	AUC[ROC]: 0.856877	AUC[PR]: 0.185781
Epoch evaluation duration: 31.6144001484
Epoch duration: 37.1166520119

Epoch 44/200
Epoch training duration: 5.64428305626
Train	AUC[ROC]: 0.999951	AUC[PR]: 0.937521
Val	AUC[ROC]: 0.851061	AUC[PR]: 0.183255
Epoch evaluation duration: 31.3849709034
Epoch duration: 37.0292539597

Epoch 45/200
Epoch training duration: 5.09927296638
Train	AUC[ROC]: 0.999947	AUC[PR]: 0.932853
Val	AUC[ROC]: 0.855951	AUC[PR]: 0.173613
Epoch evaluation duration: 31.8272619247
Epoch duration: 36.9265348911

Epoch 46/200
Epoch training duration: 5.52264308929
Train	AUC[ROC]: 0.999954	AUC[PR]: 0.944064
Val	AUC[ROC]: 0.864300	AUC[PR]: 0.180859
Epoch evaluation duration: 31.7244770527
Epoch duration: 37.247120142

Epoch 47/200
Epoch training duration: 5.26162004471
Train	AUC[ROC]: 0.999965	AUC[PR]: 0.957809
Val	AUC[ROC]: 0.858489	AUC[PR]: 0.185017
Epoch evaluation duration: 30.8352680206
Epoch duration: 36.0968880653

Epoch 48/200
Epoch training duration: 5.28695201874
Train	AUC[ROC]: 0.999966	AUC[PR]: 0.959285
Val	AUC[ROC]: 0.850500	AUC[PR]: 0.178631
Epoch evaluation duration: 31.4345738888
Epoch duration: 36.7215259075

Epoch 49/200
Epoch training duration: 5.22130203247
Train	AUC[ROC]: 0.999970	AUC[PR]: 0.967326
Val	AUC[ROC]: 0.845505	AUC[PR]: 0.183391
Epoch evaluation duration: 30.0540139675
Epoch duration: 35.275316

Epoch 50/200
Epoch training duration: 5.15252494812
Train	AUC[ROC]: 0.999976	AUC[PR]: 0.974020
Val	AUC[ROC]: 0.848686	AUC[PR]: 0.181110
Epoch evaluation duration: 29.5797009468
Epoch duration: 34.7322258949

Epoch 51/200
Epoch training duration: 5.08712100983
Train	AUC[ROC]: 0.999976	AUC[PR]: 0.974499
Val	AUC[ROC]: 0.848540	AUC[PR]: 0.185668
Epoch evaluation duration: 29.8924880028
Epoch duration: 34.9796090126

Epoch 52/200
Epoch training duration: 5.23949408531
Train	AUC[ROC]: 0.999974	AUC[PR]: 0.972756
Val	AUC[ROC]: 0.847770	AUC[PR]: 0.183097
Epoch evaluation duration: 29.7827401161
Epoch duration: 35.0222342014

Epoch 53/200
Epoch training duration: 5.02633881569
Train	AUC[ROC]: 0.999978	AUC[PR]: 0.980145
Val	AUC[ROC]: 0.844227	AUC[PR]: 0.185495
Epoch evaluation duration: 30.140625
Epoch duration: 35.1669638157

Epoch 54/200
Epoch training duration: 5.47850418091
Train	AUC[ROC]: 0.999981	AUC[PR]: 0.982294
Val	AUC[ROC]: 0.845505	AUC[PR]: 0.186034
Epoch evaluation duration: 30.1374108791
Epoch duration: 35.61591506

Epoch 55/200
Epoch training duration: 5.20270395279
Train	AUC[ROC]: 0.999985	AUC[PR]: 0.984204
Val	AUC[ROC]: 0.835452	AUC[PR]: 0.191744
Epoch evaluation duration: 31.024338007
Epoch duration: 36.2270419598

Epoch 56/200
Epoch training duration: 5.19999599457
Train	AUC[ROC]: 0.999984	AUC[PR]: 0.984196
Val	AUC[ROC]: 0.844472	AUC[PR]: 0.192696
Epoch evaluation duration: 30.4851591587
Epoch duration: 35.6851551533

Epoch 57/200
Epoch training duration: 5.32988095284
Train	AUC[ROC]: 0.999984	AUC[PR]: 0.983576
Val	AUC[ROC]: 0.853055	AUC[PR]: 0.198134
Epoch evaluation duration: 31.1714658737
Epoch duration: 36.5013468266

Epoch 58/200
Epoch training duration: 5.38490796089
Train	AUC[ROC]: 0.999982	AUC[PR]: 0.980662
Val	AUC[ROC]: 0.845527	AUC[PR]: 0.199081
Epoch evaluation duration: 31.1984782219
Epoch duration: 36.5833861828

Epoch 59/200
Epoch training duration: 5.1949338913
Train	AUC[ROC]: 0.999988	AUC[PR]: 0.989653
Val	AUC[ROC]: 0.839026	AUC[PR]: 0.189413
Epoch evaluation duration: 30.4084949493
Epoch duration: 35.6034288406

Epoch 60/200
Epoch training duration: 5.12996602058
Train	AUC[ROC]: 0.999991	AUC[PR]: 0.992253
Val	AUC[ROC]: 0.834507	AUC[PR]: 0.189528
Epoch evaluation duration: 31.0576291084
Epoch duration: 36.187595129

Epoch 61/200
Epoch training duration: 5.19213581085
Train	AUC[ROC]: 0.999986	AUC[PR]: 0.985768
Val	AUC[ROC]: 0.828875	AUC[PR]: 0.195628
Epoch evaluation duration: 30.8217999935
Epoch duration: 36.0139358044

Epoch 62/200
Epoch training duration: 5.5585501194
Train	AUC[ROC]: 0.999992	AUC[PR]: 0.993139
Val	AUC[ROC]: 0.827143	AUC[PR]: 0.196156
Epoch evaluation duration: 31.580935955
Epoch duration: 37.1394860744

Epoch 63/200
Epoch training duration: 5.60528898239
Train	AUC[ROC]: 0.999993	AUC[PR]: 0.993767
Val	AUC[ROC]: 0.830738	AUC[PR]: 0.194880
Epoch evaluation duration: 31.9583041668
Epoch duration: 37.5635931492

Epoch 64/200
Epoch training duration: 5.26498985291
Train	AUC[ROC]: 0.999988	AUC[PR]: 0.978878
Val	AUC[ROC]: 0.830329	AUC[PR]: 0.194361
Epoch evaluation duration: 31.3361999989
Epoch duration: 36.6011898518

Epoch 65/200
Epoch training duration: 5.333370924
Train	AUC[ROC]: 0.999993	AUC[PR]: 0.983070
Val	AUC[ROC]: 0.846880	AUC[PR]: 0.193593
Epoch evaluation duration: 30.3468132019
Epoch duration: 35.6801841259

Epoch 66/200
Epoch training duration: 5.32343482971
Train	AUC[ROC]: 0.999992	AUC[PR]: 0.984800
Val	AUC[ROC]: 0.849936	AUC[PR]: 0.193761
Epoch evaluation duration: 31.2855360508
Epoch duration: 36.6089708805

Epoch 67/200
Epoch training duration: 5.50950193405
Train	AUC[ROC]: 0.999992	AUC[PR]: 0.986765
Val	AUC[ROC]: 0.844375	AUC[PR]: 0.189807
Epoch evaluation duration: 31.2157900333
Epoch duration: 36.7252919674

Epoch 68/200
Epoch training duration: 5.30360817909
Train	AUC[ROC]: 0.999994	AUC[PR]: 0.990810
Val	AUC[ROC]: 0.837772	AUC[PR]: 0.192676
Epoch evaluation duration: 31.3027238846
Epoch duration: 36.6063320637

Epoch 69/200
Epoch training duration: 5.47594094276
Train	AUC[ROC]: 0.999995	AUC[PR]: 0.992607
Val	AUC[ROC]: 0.834039	AUC[PR]: 0.187340
Epoch evaluation duration: 31.7890281677
Epoch duration: 37.2649691105

Epoch 70/200
Epoch training duration: 5.23362493515
Train	AUC[ROC]: 0.999995	AUC[PR]: 0.992630
Val	AUC[ROC]: 0.831352	AUC[PR]: 0.189833
Epoch evaluation duration: 31.1130619049
Epoch duration: 36.3466868401

Epoch 71/200
Epoch training duration: 5.53700208664
Train	AUC[ROC]: 0.999992	AUC[PR]: 0.990147
Val	AUC[ROC]: 0.829270	AUC[PR]: 0.198063
Epoch evaluation duration: 30.9215209484
Epoch duration: 36.458523035

Epoch 72/200
Epoch training duration: 5.45170807838
Train	AUC[ROC]: 0.999985	AUC[PR]: 0.984245
Val	AUC[ROC]: 0.831114	AUC[PR]: 0.195386
Epoch evaluation duration: 31.9169688225
Epoch duration: 37.3686769009

Epoch 73/200
Epoch training duration: 5.43987011909
Train	AUC[ROC]: 0.999992	AUC[PR]: 0.990780
Val	AUC[ROC]: 0.844663	AUC[PR]: 0.184896
Epoch evaluation duration: 31.6754999161
Epoch duration: 37.1153700352

Epoch 74/200
Epoch training duration: 5.34885311127
Train	AUC[ROC]: 0.999995	AUC[PR]: 0.994826
Val	AUC[ROC]: 0.832156	AUC[PR]: 0.183466
Epoch evaluation duration: 31.5961220264
Epoch duration: 36.9449751377

Epoch 75/200
Epoch training duration: 5.26419997215
Train	AUC[ROC]: 0.999986	AUC[PR]: 0.986376
Val	AUC[ROC]: 0.831483	AUC[PR]: 0.176628
Epoch evaluation duration: 32.6561169624
Epoch duration: 37.9203169346

Epoch 76/200
Epoch training duration: 5.58121800423
Train	AUC[ROC]: 0.999995	AUC[PR]: 0.995607
Val	AUC[ROC]: 0.826553	AUC[PR]: 0.179854
Epoch evaluation duration: 31.9404470921
Epoch duration: 37.5216650963

Epoch 77/200
Epoch training duration: 5.4192199707
Train	AUC[ROC]: 0.999995	AUC[PR]: 0.995350
Val	AUC[ROC]: 0.829467	AUC[PR]: 0.198614
Epoch evaluation duration: 31.4741258621
Epoch duration: 36.8933458328

Epoch 78/200
Epoch training duration: 5.48017811775
Train	AUC[ROC]: 0.999996	AUC[PR]: 0.996908
Val	AUC[ROC]: 0.823236	AUC[PR]: 0.190433
Epoch evaluation duration: 32.1528520584
Epoch duration: 37.6330301762

Epoch 79/200
Epoch training duration: 5.65271687508
Train	AUC[ROC]: 0.999998	AUC[PR]: 0.997934
Val	AUC[ROC]: 0.829369	AUC[PR]: 0.192811
Epoch evaluation duration: 34.6208889484
Epoch duration: 40.2736058235

Epoch 80/200
Epoch training duration: 5.41806507111
Train	AUC[ROC]: 0.999998	AUC[PR]: 0.998519
Val	AUC[ROC]: 0.832766	AUC[PR]: 0.185401
Epoch evaluation duration: 32.81833601
Epoch duration: 38.2364010811

Epoch 81/200
Epoch training duration: 5.20163798332
Train	AUC[ROC]: 0.999996	AUC[PR]: 0.996820
Val	AUC[ROC]: 0.827741	AUC[PR]: 0.183819
Epoch evaluation duration: 31.6598479748
Epoch duration: 36.8614859581

Epoch 82/200
Epoch training duration: 5.29729199409
Train	AUC[ROC]: 0.999996	AUC[PR]: 0.996680
Val	AUC[ROC]: 0.817947	AUC[PR]: 0.179932
Epoch evaluation duration: 33.1138949394
Epoch duration: 38.4111869335

Epoch 83/200
Epoch training duration: 5.50498318672
Train	AUC[ROC]: 0.999998	AUC[PR]: 0.998231
Val	AUC[ROC]: 0.809141	AUC[PR]: 0.188790
Epoch evaluation duration: 32.1152908802
Epoch duration: 37.6202740669

Epoch 84/200
Epoch training duration: 5.33231592178
Train	AUC[ROC]: 0.999996	AUC[PR]: 0.996187
Val	AUC[ROC]: 0.823976	AUC[PR]: 0.188251
Epoch evaluation duration: 32.8301711082
Epoch duration: 38.16248703

Epoch 85/200
Epoch training duration: 5.42647910118
Train	AUC[ROC]: 0.999997	AUC[PR]: 0.997449
Val	AUC[ROC]: 0.816491	AUC[PR]: 0.189560
Epoch evaluation duration: 31.641646862
Epoch duration: 37.0681259632

Epoch 86/200
Epoch training duration: 5.53619098663
Train	AUC[ROC]: 0.999994	AUC[PR]: 0.987574
Val	AUC[ROC]: 0.828074	AUC[PR]: 0.189707
Epoch evaluation duration: 31.6082701683
Epoch duration: 37.1444611549

Epoch 87/200
Epoch training duration: 5.52862977982
Train	AUC[ROC]: 0.999994	AUC[PR]: 0.983114
Val	AUC[ROC]: 0.810201	AUC[PR]: 0.192305
Epoch evaluation duration: 32.1423521042
Epoch duration: 37.670981884

Epoch 88/200
Epoch training duration: 5.25048804283
Train	AUC[ROC]: 0.999994	AUC[PR]: 0.987912
Val	AUC[ROC]: 0.804876	AUC[PR]: 0.188949
Epoch evaluation duration: 32.071655035
Epoch duration: 37.3221430779

Epoch 89/200
Epoch training duration: 5.46733498573
Train	AUC[ROC]: 0.999995	AUC[PR]: 0.988004
Val	AUC[ROC]: 0.807644	AUC[PR]: 0.186972
Epoch evaluation duration: 31.749078989
Epoch duration: 37.2164139748

Epoch 90/200
Epoch training duration: 5.1417620182
Train	AUC[ROC]: 0.999995	AUC[PR]: 0.988142
Val	AUC[ROC]: 0.807701	AUC[PR]: 0.183084
Epoch evaluation duration: 31.7802369595
Epoch duration: 36.9219989777

Epoch 91/200
Epoch training duration: 5.27213907242
Train	AUC[ROC]: 0.999995	AUC[PR]: 0.990612
Val	AUC[ROC]: 0.796051	AUC[PR]: 0.185185
Epoch evaluation duration: 30.4638178349
Epoch duration: 35.7359569073

Epoch 92/200
Epoch training duration: 5.23088216782
Train	AUC[ROC]: 0.999989	AUC[PR]: 0.980131
Val	AUC[ROC]: 0.817191	AUC[PR]: 0.171818
Epoch evaluation duration: 30.5192449093
Epoch duration: 35.7501270771

Epoch 93/200
Epoch training duration: 5.28687810898
Train	AUC[ROC]: 0.999994	AUC[PR]: 0.991933
Val	AUC[ROC]: 0.814494	AUC[PR]: 0.181994
Epoch evaluation duration: 31.7658047676
Epoch duration: 37.0526828766

Epoch 94/200
Epoch training duration: 5.26217412949
Train	AUC[ROC]: 0.999996	AUC[PR]: 0.995206
Val	AUC[ROC]: 0.813196	AUC[PR]: 0.194361
Epoch evaluation duration: 31.6884720325
Epoch duration: 36.950646162

Epoch 95/200
Epoch training duration: 5.39029192924
Train	AUC[ROC]: 0.999997	AUC[PR]: 0.996459
Val	AUC[ROC]: 0.796560	AUC[PR]: 0.194509
Epoch evaluation duration: 31.8086240292
Epoch duration: 37.1989159584

Epoch 96/200
Epoch training duration: 5.51035690308
Train	AUC[ROC]: 0.999993	AUC[PR]: 0.985627
Val	AUC[ROC]: 0.793307	AUC[PR]: 0.199745
Epoch evaluation duration: 32.333217144
Epoch duration: 37.8435740471

Epoch 97/200
Epoch training duration: 5.32831406593
Train	AUC[ROC]: 0.999994	AUC[PR]: 0.988948
Val	AUC[ROC]: 0.791804	AUC[PR]: 0.187129
Epoch evaluation duration: 32.2080149651
Epoch duration: 37.536329031

Epoch 98/200
Epoch training duration: 5.67550683022
Train	AUC[ROC]: 0.999995	AUC[PR]: 0.993093
Val	AUC[ROC]: 0.820294	AUC[PR]: 0.174388
Epoch evaluation duration: 33.1327731609
Epoch duration: 38.8082799911

Epoch 99/200
Epoch training duration: 5.51267290115
Train	AUC[ROC]: 0.999996	AUC[PR]: 0.995876
Val	AUC[ROC]: 0.810026	AUC[PR]: 0.180182
Epoch evaluation duration: 32.2045531273
Epoch duration: 37.7172260284

Epoch 100/200
Epoch training duration: 5.71805882454
Train	AUC[ROC]: 0.999997	AUC[PR]: 0.996468
Val	AUC[ROC]: 0.803771	AUC[PR]: 0.191340
Epoch evaluation duration: 33.1994330883
Epoch duration: 38.9174919128

Epoch 101/200
Epoch training duration: 5.32647204399
Train	AUC[ROC]: 0.999998	AUC[PR]: 0.997905
Val	AUC[ROC]: 0.800847	AUC[PR]: 0.172318
Epoch evaluation duration: 31.6755738258
Epoch duration: 37.0020458698

Epoch 102/200
Epoch training duration: 5.47339010239
Train	AUC[ROC]: 0.999997	AUC[PR]: 0.996830
Val	AUC[ROC]: 0.801080	AUC[PR]: 0.170882
Epoch evaluation duration: 30.418610096
Epoch duration: 35.8920001984

Epoch 103/200
Epoch training duration: 5.42980599403
Train	AUC[ROC]: 0.999995	AUC[PR]: 0.993048
Val	AUC[ROC]: 0.805983	AUC[PR]: 0.171769
Epoch evaluation duration: 30.0772149563
Epoch duration: 35.5070209503

Epoch 104/200
Epoch training duration: 5.34859490395
Train	AUC[ROC]: 0.999996	AUC[PR]: 0.995358
Val	AUC[ROC]: 0.814603	AUC[PR]: 0.171685
Epoch evaluation duration: 32.6849000454
Epoch duration: 38.0334949493

Epoch 105/200
Epoch training duration: 5.25408911705
Train	AUC[ROC]: 0.999998	AUC[PR]: 0.997878
Val	AUC[ROC]: 0.796875	AUC[PR]: 0.173748
Epoch evaluation duration: 31.5901119709
Epoch duration: 36.844201088

Epoch 106/200
Epoch training duration: 5.19098687172
Train	AUC[ROC]: 0.999993	AUC[PR]: 0.993042
Val	AUC[ROC]: 0.804093	AUC[PR]: 0.174621
Epoch evaluation duration: 30.2768821716
Epoch duration: 35.4678690434

Epoch 107/200
Epoch training duration: 5.06832385063
Train	AUC[ROC]: 0.999992	AUC[PR]: 0.983111
Val	AUC[ROC]: 0.798344	AUC[PR]: 0.162536
Epoch evaluation duration: 29.9810609818
Epoch duration: 35.0493848324

Epoch 108/200
Epoch training duration: 5.17337799072
Train	AUC[ROC]: 0.999994	AUC[PR]: 0.988478
Val	AUC[ROC]: 0.784839	AUC[PR]: 0.165903
Epoch evaluation duration: 30.0878260136
Epoch duration: 35.2612040043

Epoch 109/200
Epoch training duration: 5.23927593231
Train	AUC[ROC]: 0.999994	AUC[PR]: 0.990461
Val	AUC[ROC]: 0.792927	AUC[PR]: 0.172594
Epoch evaluation duration: 31.3448750973
Epoch duration: 36.5841510296

Epoch 110/200
Epoch training duration: 5.57186794281
Train	AUC[ROC]: 0.999994	AUC[PR]: 0.990338
Val	AUC[ROC]: 0.791265	AUC[PR]: 0.164165
Epoch evaluation duration: 30.2282321453
Epoch duration: 35.8001000881

Epoch 111/200
Epoch training duration: 5.203166008
Train	AUC[ROC]: 0.999996	AUC[PR]: 0.995683
Val	AUC[ROC]: 0.783815	AUC[PR]: 0.165869
Epoch evaluation duration: 30.0475208759
Epoch duration: 35.2506868839

Epoch 112/200
Epoch training duration: 5.26783204079
Train	AUC[ROC]: 0.999993	AUC[PR]: 0.991651
Val	AUC[ROC]: 0.785992	AUC[PR]: 0.163288
Epoch evaluation duration: 30.3104140759
Epoch duration: 35.5782461166

Epoch 113/200
Epoch training duration: 5.08611893654
Train	AUC[ROC]: 0.999997	AUC[PR]: 0.997134
Val	AUC[ROC]: 0.793247	AUC[PR]: 0.166410
Epoch evaluation duration: 30.8452589512
Epoch duration: 35.9313778877

Epoch 114/200
Epoch training duration: 5.09900593758
Train	AUC[ROC]: 0.999998	AUC[PR]: 0.998359
Val	AUC[ROC]: 0.789433	AUC[PR]: 0.181019
Epoch evaluation duration: 30.0489091873
Epoch duration: 35.1479151249

Epoch 115/200
Epoch training duration: 5.51824498177
Train	AUC[ROC]: 0.999999	AUC[PR]: 0.999001
Val	AUC[ROC]: 0.776333	AUC[PR]: 0.161801
Epoch evaluation duration: 30.7680850029
Epoch duration: 36.2863299847

Epoch 116/200
Epoch training duration: 5.17500591278
Train	AUC[ROC]: 0.999997	AUC[PR]: 0.995627
Val	AUC[ROC]: 0.788115	AUC[PR]: 0.158595
Epoch evaluation duration: 31.5085940361
Epoch duration: 36.6835999489

Epoch 117/200
Epoch training duration: 5.5746819973
Train	AUC[ROC]: 0.999997	AUC[PR]: 0.997263
Val	AUC[ROC]: 0.793233	AUC[PR]: 0.159126
Epoch evaluation duration: 30.1525840759
Epoch duration: 35.7272660732

Epoch 118/200
Epoch training duration: 5.22862792015
Train	AUC[ROC]: 0.999999	AUC[PR]: 0.998905
Val	AUC[ROC]: 0.779842	AUC[PR]: 0.159093
Epoch evaluation duration: 30.7006568909
Epoch duration: 35.929284811

Epoch 119/200
Epoch training duration: 5.32972717285
Train	AUC[ROC]: 0.999999	AUC[PR]: 0.999067
Val	AUC[ROC]: 0.798087	AUC[PR]: 0.168039
Epoch evaluation duration: 30.7592828274
Epoch duration: 36.0890100002

Epoch 120/200
Epoch training duration: 5.33329200745
Train	AUC[ROC]: 0.999999	AUC[PR]: 0.999438
Val	AUC[ROC]: 0.781955	AUC[PR]: 0.154265
Epoch evaluation duration: 31.219037056
Epoch duration: 36.5523290634

Epoch 121/200
Epoch training duration: 5.11164999008
Train	AUC[ROC]: 0.999999	AUC[PR]: 0.999540
Val	AUC[ROC]: 0.794524	AUC[PR]: 0.166410
Epoch evaluation duration: 30.0707969666
Epoch duration: 35.1824469566

Epoch 122/200
Epoch training duration: 5.42207813263
Train	AUC[ROC]: 0.999998	AUC[PR]: 0.998643
Val	AUC[ROC]: 0.788029	AUC[PR]: 0.152868
Epoch evaluation duration: 30.0655069351
Epoch duration: 35.4875850677

Epoch 123/200
Epoch training duration: 5.20395493507
Train	AUC[ROC]: 0.999999	AUC[PR]: 0.999009
Val	AUC[ROC]: 0.801265	AUC[PR]: 0.155262
Epoch evaluation duration: 30.3436250687
Epoch duration: 35.5475800037

Epoch 124/200
Epoch training duration: 5.55657410622
Train	AUC[ROC]: 1.000000	AUC[PR]: 0.999750
Val	AUC[ROC]: 0.784313	AUC[PR]: 0.151573
Epoch evaluation duration: 30.8119988441
Epoch duration: 36.3685729504

Epoch 125/200
Epoch training duration: 5.74440002441
Train	AUC[ROC]: 1.000000	AUC[PR]: 0.999902
Val	AUC[ROC]: 0.775673	AUC[PR]: 0.154748
Epoch evaluation duration: 30.6543829441
Epoch duration: 36.3987829685

Epoch 126/200
Epoch training duration: 5.09224820137
Train	AUC[ROC]: 1.000000	AUC[PR]: 0.999830
Val	AUC[ROC]: 0.786151	AUC[PR]: 0.153036
Epoch evaluation duration: 30.6162970066
Epoch duration: 35.708545208

Epoch 127/200
Epoch training duration: 5.13483691216
Train	AUC[ROC]: 0.999997	AUC[PR]: 0.995051
Val	AUC[ROC]: 0.785006	AUC[PR]: 0.152382
Epoch evaluation duration: 31.1230299473
Epoch duration: 36.2578668594

Epoch 128/200
Epoch training duration: 5.33861207962
Train	AUC[ROC]: 0.999989	AUC[PR]: 0.975017
Val	AUC[ROC]: 0.781402	AUC[PR]: 0.167929
Epoch evaluation duration: 32.0662560463
Epoch duration: 37.4048681259

Epoch 129/200
Epoch training duration: 5.26419401169
Train	AUC[ROC]: 0.999983	AUC[PR]: 0.965047
Val	AUC[ROC]: 0.782730	AUC[PR]: 0.154775
Epoch evaluation duration: 31.0988898277
Epoch duration: 36.3630838394

Epoch 130/200
Epoch training duration: 5.21238994598
Train	AUC[ROC]: 0.999985	AUC[PR]: 0.971428
Val	AUC[ROC]: 0.781580	AUC[PR]: 0.159100
Epoch evaluation duration: 30.3927891254
Epoch duration: 35.6051790714

Epoch 131/200
Epoch training duration: 5.20926904678
Train	AUC[ROC]: 0.999991	AUC[PR]: 0.988710
Val	AUC[ROC]: 0.778774	AUC[PR]: 0.167253
Epoch evaluation duration: 31.0780940056
Epoch duration: 36.2873630524

Epoch 132/200
Epoch training duration: 5.40578889847
Train	AUC[ROC]: 0.999994	AUC[PR]: 0.993504
Val	AUC[ROC]: 0.771971	AUC[PR]: 0.153322
Epoch evaluation duration: 30.5273940563
Epoch duration: 35.9331829548

Epoch 133/200
Epoch training duration: 5.29977989197
Train	AUC[ROC]: 0.999996	AUC[PR]: 0.995804
Val	AUC[ROC]: 0.770774	AUC[PR]: 0.157305
Epoch evaluation duration: 30.6547501087
Epoch duration: 35.9545300007

Epoch 134/200
Epoch training duration: 5.1458978653
Train	AUC[ROC]: 0.999998	AUC[PR]: 0.997920
Val	AUC[ROC]: 0.784071	AUC[PR]: 0.156170
Epoch evaluation duration: 31.8158700466
Epoch duration: 36.9617679119

Epoch 135/200
Epoch training duration: 5.47141814232
Train	AUC[ROC]: 0.999999	AUC[PR]: 0.999028
Val	AUC[ROC]: 0.774538	AUC[PR]: 0.157658
Epoch evaluation duration: 30.4069478512
Epoch duration: 35.8783659935

Epoch 136/200
Epoch training duration: 5.52695703506
Train	AUC[ROC]: 0.999995	AUC[PR]: 0.990029
Val	AUC[ROC]: 0.787166	AUC[PR]: 0.164692
Epoch evaluation duration: 31.2181510925
Epoch duration: 36.7451081276

Epoch 137/200
Epoch training duration: 5.29987001419
Train	AUC[ROC]: 0.999995	AUC[PR]: 0.989570
Val	AUC[ROC]: 0.764082	AUC[PR]: 0.153814
Epoch evaluation duration: 30.5840580463
Epoch duration: 35.8839280605

Epoch 138/200
Epoch training duration: 5.21130299568
Train	AUC[ROC]: 0.999995	AUC[PR]: 0.992391
Val	AUC[ROC]: 0.790175	AUC[PR]: 0.158759
Epoch evaluation duration: 31.759046793
Epoch duration: 36.9703497887

Epoch 139/200
Epoch training duration: 5.10292601585
Train	AUC[ROC]: 0.999994	AUC[PR]: 0.989567
Val	AUC[ROC]: 0.764938	AUC[PR]: 0.141178
Epoch evaluation duration: 30.4316580296
Epoch duration: 35.5345840454

Epoch 140/200
Epoch training duration: 5.17267012596
Train	AUC[ROC]: 0.999988	AUC[PR]: 0.976502
Val	AUC[ROC]: 0.761861	AUC[PR]: 0.138766
Epoch evaluation duration: 30.442512989
Epoch duration: 35.615183115

Epoch 141/200
Epoch training duration: 5.15225696564
Train	AUC[ROC]: 0.999988	AUC[PR]: 0.977696
Val	AUC[ROC]: 0.759088	AUC[PR]: 0.153560
Epoch evaluation duration: 31.610683918
Epoch duration: 36.7629408836

Epoch 142/200
Epoch training duration: 5.19677400589
Train	AUC[ROC]: 0.999992	AUC[PR]: 0.987221
Val	AUC[ROC]: 0.764986	AUC[PR]: 0.145871
Epoch evaluation duration: 30.9031059742
Epoch duration: 36.0998799801

Epoch 143/200
Epoch training duration: 5.41495108604
Train	AUC[ROC]: 0.999994	AUC[PR]: 0.989045
Val	AUC[ROC]: 0.769188	AUC[PR]: 0.150327
Epoch evaluation duration: 30.3750669956
Epoch duration: 35.7900180817

Epoch 144/200
Epoch training duration: 5.59077000618
Train	AUC[ROC]: 0.999995	AUC[PR]: 0.991761
Val	AUC[ROC]: 0.778852	AUC[PR]: 0.164114
Epoch evaluation duration: 30.5576930046
Epoch duration: 36.1484630108

Epoch 145/200
Epoch training duration: 5.37517094612
Train	AUC[ROC]: 0.999993	AUC[PR]: 0.989326
Val	AUC[ROC]: 0.760162	AUC[PR]: 0.174403
Epoch evaluation duration: 30.8519620895
Epoch duration: 36.2271330357

Epoch 146/200
Epoch training duration: 5.20858097076
Train	AUC[ROC]: 0.999995	AUC[PR]: 0.989775
Val	AUC[ROC]: 0.752226	AUC[PR]: 0.167837
Epoch evaluation duration: 31.7870349884
Epoch duration: 36.9956159592

Epoch 147/200
Epoch training duration: 5.55574607849
Train	AUC[ROC]: 0.999996	AUC[PR]: 0.990455
Val	AUC[ROC]: 0.755943	AUC[PR]: 0.147335
Epoch evaluation duration: 30.1238059998
Epoch duration: 35.6795520782

train precision: 0.985626787972
train roc: 0.999993159684
train hit in top 2563: 334.0 out of 334.0

val precision: 0.199744923054
val roc: 0.793307131065
val hit in top 427: 32.0 out of 55.0

test precision: 0.27401999071
test roc: 0.781683113474
test hit in top 427: 34.0 out of 55.0

ratio: 0.02, EF: 33.6363636364,	active: 55.0
ratio: 0.02, NEF: 0.672727272727
ratio: 0.01, EF: 61.8181818182,	active: 55.0
ratio: 0.01, NEF: 0.618181818182
ratio: 0.0015, EF: 290.909090909,	active: 55.0
ratio: 0.0015, NEF: 0.436363636364
ratio: 0.001, EF: 345.454545455,	active: 55.0
ratio: 0.001, NEF: 0.452380952381

