label_name_list  [u'PriA-SSB AS Activity']
train files  ['../datasets/keck_pria/fold_2.csv' '../datasets/keck_pria/fold_3.csv'
 '../datasets/keck_pria/fold_4.csv' '../datasets/keck_pria/fold_5.csv'
 '../datasets/keck_pria/fold_6.csv' '../datasets/keck_pria/fold_7.csv']
val files  ['../datasets/keck_pria/fold_0.csv']
test files  ['../datasets/keck_pria/fold_1.csv']
Class Weight  [{0: 1.0, 1: 771.25}]
Epoch 1/200
Epoch training duration: 5.44273781776
Train	AUC[ROC]: 0.901830	AUC[PR]: 0.108370
Val	AUC[ROC]: 0.838204	AUC[PR]: 0.080901
Epoch evaluation duration: 30.7611970901
Epoch duration: 36.2039349079

Epoch 2/200
Epoch training duration: 5.47358703613
Train	AUC[ROC]: 0.941092	AUC[PR]: 0.127544
Val	AUC[ROC]: 0.854955	AUC[PR]: 0.082733
Epoch evaluation duration: 30.590982914
Epoch duration: 36.0645699501

Epoch 3/200
Epoch training duration: 5.27403903008
Train	AUC[ROC]: 0.963763	AUC[PR]: 0.146087
Val	AUC[ROC]: 0.864925	AUC[PR]: 0.090675
Epoch evaluation duration: 31.6377339363
Epoch duration: 36.9117729664

Epoch 4/200
Epoch training duration: 5.56045818329
Train	AUC[ROC]: 0.975966	AUC[PR]: 0.164281
Val	AUC[ROC]: 0.869847	AUC[PR]: 0.108728
Epoch evaluation duration: 30.1788728237
Epoch duration: 35.739331007

Epoch 5/200
Epoch training duration: 5.23874115944
Train	AUC[ROC]: 0.983609	AUC[PR]: 0.181875
Val	AUC[ROC]: 0.873030	AUC[PR]: 0.117063
Epoch evaluation duration: 30.7705090046
Epoch duration: 36.009250164

Epoch 6/200
Epoch training duration: 5.72120690346
Train	AUC[ROC]: 0.988900	AUC[PR]: 0.204662
Val	AUC[ROC]: 0.875501	AUC[PR]: 0.121042
Epoch evaluation duration: 30.8659849167
Epoch duration: 36.5871918201

Epoch 7/200
Epoch training duration: 5.37491416931
Train	AUC[ROC]: 0.992334	AUC[PR]: 0.223382
Val	AUC[ROC]: 0.880346	AUC[PR]: 0.122304
Epoch evaluation duration: 31.032531023
Epoch duration: 36.4074451923

Epoch 8/200
Epoch training duration: 5.35902190208
Train	AUC[ROC]: 0.994801	AUC[PR]: 0.244235
Val	AUC[ROC]: 0.881367	AUC[PR]: 0.129227
Epoch evaluation duration: 30.2612709999
Epoch duration: 35.620292902

Epoch 9/200
Epoch training duration: 5.11319804192
Train	AUC[ROC]: 0.995881	AUC[PR]: 0.267532
Val	AUC[ROC]: 0.880695	AUC[PR]: 0.135791
Epoch evaluation duration: 30.7952778339
Epoch duration: 35.9084758759

Epoch 10/200
Epoch training duration: 5.18876814842
Train	AUC[ROC]: 0.996909	AUC[PR]: 0.301279
Val	AUC[ROC]: 0.880451	AUC[PR]: 0.143846
Epoch evaluation duration: 31.6015839577
Epoch duration: 36.7903521061

Epoch 11/200
Epoch training duration: 5.33848309517
Train	AUC[ROC]: 0.997330	AUC[PR]: 0.317386
Val	AUC[ROC]: 0.879996	AUC[PR]: 0.146085
Epoch evaluation duration: 32.6255009174
Epoch duration: 37.9639840126

Epoch 12/200
Epoch training duration: 5.32768893242
Train	AUC[ROC]: 0.997891	AUC[PR]: 0.353642
Val	AUC[ROC]: 0.878010	AUC[PR]: 0.163333
Epoch evaluation duration: 31.2844009399
Epoch duration: 36.6120898724

Epoch 13/200
Epoch training duration: 5.50943803787
Train	AUC[ROC]: 0.998267	AUC[PR]: 0.373216
Val	AUC[ROC]: 0.876836	AUC[PR]: 0.165872
Epoch evaluation duration: 33.3351659775
Epoch duration: 38.8446040154

Epoch 14/200
Epoch training duration: 5.28741717339
Train	AUC[ROC]: 0.998616	AUC[PR]: 0.409237
Val	AUC[ROC]: 0.875400	AUC[PR]: 0.176392
Epoch evaluation duration: 30.8366479874
Epoch duration: 36.1240651608

Epoch 15/200
Epoch training duration: 5.64815592766
Train	AUC[ROC]: 0.998784	AUC[PR]: 0.435884
Val	AUC[ROC]: 0.875717	AUC[PR]: 0.174518
Epoch evaluation duration: 31.0294599533
Epoch duration: 36.677615881

Epoch 16/200
Epoch training duration: 5.32600712776
Train	AUC[ROC]: 0.998917	AUC[PR]: 0.457873
Val	AUC[ROC]: 0.875276	AUC[PR]: 0.172568
Epoch evaluation duration: 30.7134759426
Epoch duration: 36.0394830704

Epoch 17/200
Epoch training duration: 5.13352489471
Train	AUC[ROC]: 0.999077	AUC[PR]: 0.489847
Val	AUC[ROC]: 0.874088	AUC[PR]: 0.178275
Epoch evaluation duration: 32.1318371296
Epoch duration: 37.2653620243

Epoch 18/200
Epoch training duration: 5.256731987
Train	AUC[ROC]: 0.999267	AUC[PR]: 0.540837
Val	AUC[ROC]: 0.873375	AUC[PR]: 0.190902
Epoch evaluation duration: 30.5806438923
Epoch duration: 35.8373758793

Epoch 19/200
Epoch training duration: 5.00756001472
Train	AUC[ROC]: 0.999386	AUC[PR]: 0.570318
Val	AUC[ROC]: 0.873301	AUC[PR]: 0.195455
Epoch evaluation duration: 30.4069440365
Epoch duration: 35.4145040512

Epoch 20/200
Epoch training duration: 5.38047003746
Train	AUC[ROC]: 0.999450	AUC[PR]: 0.593525
Val	AUC[ROC]: 0.876491	AUC[PR]: 0.203119
Epoch evaluation duration: 31.2538568974
Epoch duration: 36.6343269348

Epoch 21/200
Epoch training duration: 5.2436029911
Train	AUC[ROC]: 0.999548	AUC[PR]: 0.627229
Val	AUC[ROC]: 0.879843	AUC[PR]: 0.208280
Epoch evaluation duration: 30.538506031
Epoch duration: 35.7821090221

Epoch 22/200
Epoch training duration: 5.04525113106
Train	AUC[ROC]: 0.999609	AUC[PR]: 0.656458
Val	AUC[ROC]: 0.878940	AUC[PR]: 0.214173
Epoch evaluation duration: 31.9020750523
Epoch duration: 36.9473261833

Epoch 23/200
Epoch training duration: 5.5523109436
Train	AUC[ROC]: 0.999647	AUC[PR]: 0.675789
Val	AUC[ROC]: 0.877651	AUC[PR]: 0.220549
Epoch evaluation duration: 31.5512578487
Epoch duration: 37.1035687923

Epoch 24/200
Epoch training duration: 5.10193800926
Train	AUC[ROC]: 0.999680	AUC[PR]: 0.691976
Val	AUC[ROC]: 0.876597	AUC[PR]: 0.224157
Epoch evaluation duration: 31.0278961658
Epoch duration: 36.1298341751

Epoch 25/200
Epoch training duration: 5.10104489326
Train	AUC[ROC]: 0.999698	AUC[PR]: 0.699935
Val	AUC[ROC]: 0.872897	AUC[PR]: 0.225555
Epoch evaluation duration: 31.589621067
Epoch duration: 36.6906659603

Epoch 26/200
Epoch training duration: 5.25429391861
Train	AUC[ROC]: 0.999730	AUC[PR]: 0.723875
Val	AUC[ROC]: 0.871586	AUC[PR]: 0.228011
Epoch evaluation duration: 32.3071091175
Epoch duration: 37.5614030361

Epoch 27/200
Epoch training duration: 5.17032790184
Train	AUC[ROC]: 0.999759	AUC[PR]: 0.749725
Val	AUC[ROC]: 0.873048	AUC[PR]: 0.227103
Epoch evaluation duration: 30.4505939484
Epoch duration: 35.6209218502

Epoch 28/200
Epoch training duration: 5.53727197647
Train	AUC[ROC]: 0.999774	AUC[PR]: 0.750580
Val	AUC[ROC]: 0.881048	AUC[PR]: 0.219862
Epoch evaluation duration: 31.4367320538
Epoch duration: 36.9740040302

Epoch 29/200
Epoch training duration: 5.15314006805
Train	AUC[ROC]: 0.999803	AUC[PR]: 0.775514
Val	AUC[ROC]: 0.876497	AUC[PR]: 0.223948
Epoch evaluation duration: 31.7221899033
Epoch duration: 36.8753299713

Epoch 30/200
Epoch training duration: 5.21012115479
Train	AUC[ROC]: 0.999802	AUC[PR]: 0.781463
Val	AUC[ROC]: 0.877968	AUC[PR]: 0.230089
Epoch evaluation duration: 31.9824228287
Epoch duration: 37.1925439835

Epoch 31/200
Epoch training duration: 5.4443461895
Train	AUC[ROC]: 0.999833	AUC[PR]: 0.809477
Val	AUC[ROC]: 0.877243	AUC[PR]: 0.233428
Epoch evaluation duration: 30.2088148594
Epoch duration: 35.6531610489

Epoch 32/200
Epoch training duration: 5.46095299721
Train	AUC[ROC]: 0.999862	AUC[PR]: 0.837542
Val	AUC[ROC]: 0.878346	AUC[PR]: 0.224342
Epoch evaluation duration: 31.1505730152
Epoch duration: 36.6115260124

Epoch 33/200
Epoch training duration: 5.20669007301
Train	AUC[ROC]: 0.999880	AUC[PR]: 0.852733
Val	AUC[ROC]: 0.874529	AUC[PR]: 0.227677
Epoch evaluation duration: 30.542840004
Epoch duration: 35.749530077

Epoch 34/200
Epoch training duration: 5.37269496918
Train	AUC[ROC]: 0.999879	AUC[PR]: 0.855922
Val	AUC[ROC]: 0.868495	AUC[PR]: 0.220720
Epoch evaluation duration: 30.7774400711
Epoch duration: 36.1501350403

Epoch 35/200
Epoch training duration: 5.15367603302
Train	AUC[ROC]: 0.999877	AUC[PR]: 0.854692
Val	AUC[ROC]: 0.871773	AUC[PR]: 0.229240
Epoch evaluation duration: 31.6725018024
Epoch duration: 36.8261778355

Epoch 36/200
Epoch training duration: 5.49054002762
Train	AUC[ROC]: 0.999892	AUC[PR]: 0.868705
Val	AUC[ROC]: 0.865710	AUC[PR]: 0.222558
Epoch evaluation duration: 31.2278749943
Epoch duration: 36.7184150219

Epoch 37/200
Epoch training duration: 5.16732907295
Train	AUC[ROC]: 0.999899	AUC[PR]: 0.873740
Val	AUC[ROC]: 0.860019	AUC[PR]: 0.228206
Epoch evaluation duration: 30.5144438744
Epoch duration: 35.6817729473

Epoch 38/200
Epoch training duration: 5.2452480793
Train	AUC[ROC]: 0.999914	AUC[PR]: 0.892256
Val	AUC[ROC]: 0.862478	AUC[PR]: 0.232093
Epoch evaluation duration: 30.084815979
Epoch duration: 35.3300640583

Epoch 39/200
Epoch training duration: 5.3272960186
Train	AUC[ROC]: 0.999906	AUC[PR]: 0.886300
Val	AUC[ROC]: 0.858765	AUC[PR]: 0.238149
Epoch evaluation duration: 31.3083219528
Epoch duration: 36.6356179714

Epoch 40/200
Epoch training duration: 5.55127716064
Train	AUC[ROC]: 0.999920	AUC[PR]: 0.898219
Val	AUC[ROC]: 0.862095	AUC[PR]: 0.236497
Epoch evaluation duration: 31.0786128044
Epoch duration: 36.6298899651

Epoch 41/200
Epoch training duration: 5.13042402267
Train	AUC[ROC]: 0.999926	AUC[PR]: 0.901216
Val	AUC[ROC]: 0.853483	AUC[PR]: 0.237338
Epoch evaluation duration: 30.6324691772
Epoch duration: 35.7628931999

Epoch 42/200
Epoch training duration: 5.29078793526
Train	AUC[ROC]: 0.999929	AUC[PR]: 0.908261
Val	AUC[ROC]: 0.853152	AUC[PR]: 0.240635
Epoch evaluation duration: 30.2008910179
Epoch duration: 35.4916789532

Epoch 43/200
Epoch training duration: 5.36421585083
Train	AUC[ROC]: 0.999942	AUC[PR]: 0.926506
Val	AUC[ROC]: 0.848906	AUC[PR]: 0.244938
Epoch evaluation duration: 31.9987030029
Epoch duration: 37.3629188538

Epoch 44/200
Epoch training duration: 5.23504304886
Train	AUC[ROC]: 0.999948	AUC[PR]: 0.938276
Val	AUC[ROC]: 0.846157	AUC[PR]: 0.245036
Epoch evaluation duration: 31.4696121216
Epoch duration: 36.7046551704

Epoch 45/200
Epoch training duration: 5.02057600021
Train	AUC[ROC]: 0.999950	AUC[PR]: 0.937225
Val	AUC[ROC]: 0.852192	AUC[PR]: 0.240225
Epoch evaluation duration: 30.5278658867
Epoch duration: 35.5484418869

Epoch 46/200
Epoch training duration: 5.22864294052
Train	AUC[ROC]: 0.999958	AUC[PR]: 0.950948
Val	AUC[ROC]: 0.850623	AUC[PR]: 0.224583
Epoch evaluation duration: 30.5733520985
Epoch duration: 35.801995039

Epoch 47/200
Epoch training duration: 5.16108512878
Train	AUC[ROC]: 0.999957	AUC[PR]: 0.949993
Val	AUC[ROC]: 0.855356	AUC[PR]: 0.229498
Epoch evaluation duration: 30.639747858
Epoch duration: 35.8008329868

Epoch 48/200
Epoch training duration: 5.77514600754
Train	AUC[ROC]: 0.999961	AUC[PR]: 0.946568
Val	AUC[ROC]: 0.861566	AUC[PR]: 0.250422
Epoch evaluation duration: 30.7057189941
Epoch duration: 36.4808650017

Epoch 49/200
Epoch training duration: 5.20186805725
Train	AUC[ROC]: 0.999967	AUC[PR]: 0.958214
Val	AUC[ROC]: 0.853637	AUC[PR]: 0.241641
Epoch evaluation duration: 31.1225068569
Epoch duration: 36.3243749142

Epoch 50/200
Epoch training duration: 5.27486205101
Train	AUC[ROC]: 0.999969	AUC[PR]: 0.959171
Val	AUC[ROC]: 0.844588	AUC[PR]: 0.258463
Epoch evaluation duration: 30.6520860195
Epoch duration: 35.9269480705

Epoch 51/200
Epoch training duration: 5.08698010445
Train	AUC[ROC]: 0.999973	AUC[PR]: 0.964766
Val	AUC[ROC]: 0.842284	AUC[PR]: 0.254215
Epoch evaluation duration: 30.9720039368
Epoch duration: 36.0589840412

Epoch 52/200
Epoch training duration: 5.2887570858
Train	AUC[ROC]: 0.999972	AUC[PR]: 0.962019
Val	AUC[ROC]: 0.847061	AUC[PR]: 0.259037
Epoch evaluation duration: 30.3956308365
Epoch duration: 35.6843879223

Epoch 53/200
Epoch training duration: 5.27964615822
Train	AUC[ROC]: 0.999979	AUC[PR]: 0.975413
Val	AUC[ROC]: 0.830393	AUC[PR]: 0.246281
Epoch evaluation duration: 30.308262825
Epoch duration: 35.5879089832

Epoch 54/200
Epoch training duration: 5.0595331192
Train	AUC[ROC]: 0.999980	AUC[PR]: 0.977327
Val	AUC[ROC]: 0.831930	AUC[PR]: 0.243697
Epoch evaluation duration: 31.9402198792
Epoch duration: 36.9997529984

Epoch 55/200
Epoch training duration: 5.04271697998
Train	AUC[ROC]: 0.999974	AUC[PR]: 0.968524
Val	AUC[ROC]: 0.830013	AUC[PR]: 0.261011
Epoch evaluation duration: 30.4138782024
Epoch duration: 35.4565951824

Epoch 56/200
Epoch training duration: 5.61636090279
Train	AUC[ROC]: 0.999978	AUC[PR]: 0.971587
Val	AUC[ROC]: 0.831239	AUC[PR]: 0.256936
Epoch evaluation duration: 30.9313669205
Epoch duration: 36.5477278233

Epoch 57/200
Epoch training duration: 5.32254600525
Train	AUC[ROC]: 0.999978	AUC[PR]: 0.972843
Val	AUC[ROC]: 0.820811	AUC[PR]: 0.250141
Epoch evaluation duration: 30.2797780037
Epoch duration: 35.6023240089

Epoch 58/200
Epoch training duration: 5.12313318253
Train	AUC[ROC]: 0.999982	AUC[PR]: 0.980605
Val	AUC[ROC]: 0.823879	AUC[PR]: 0.246769
Epoch evaluation duration: 30.4448399544
Epoch duration: 35.5679731369

Epoch 59/200
Epoch training duration: 5.57007789612
Train	AUC[ROC]: 0.999977	AUC[PR]: 0.962435
Val	AUC[ROC]: 0.838360	AUC[PR]: 0.253845
Epoch evaluation duration: 30.2836041451
Epoch duration: 35.8536820412

Epoch 60/200
Epoch training duration: 5.1649479866
Train	AUC[ROC]: 0.999985	AUC[PR]: 0.975566
Val	AUC[ROC]: 0.824046	AUC[PR]: 0.244920
Epoch evaluation duration: 30.9600179195
Epoch duration: 36.1249659061

Epoch 61/200
Epoch training duration: 5.52377009392
Train	AUC[ROC]: 0.999984	AUC[PR]: 0.974919
Val	AUC[ROC]: 0.828206	AUC[PR]: 0.247587
Epoch evaluation duration: 32.2889277935
Epoch duration: 37.8126978874

Epoch 62/200
Epoch training duration: 5.50318312645
Train	AUC[ROC]: 0.999985	AUC[PR]: 0.978163
Val	AUC[ROC]: 0.815982	AUC[PR]: 0.244320
Epoch evaluation duration: 30.4367239475
Epoch duration: 35.939907074

Epoch 63/200
Epoch training duration: 5.67992711067
Train	AUC[ROC]: 0.999983	AUC[PR]: 0.977689
Val	AUC[ROC]: 0.833165	AUC[PR]: 0.242583
Epoch evaluation duration: 30.8216769695
Epoch duration: 36.5016040802

Epoch 64/200
Epoch training duration: 5.22819805145
Train	AUC[ROC]: 0.999986	AUC[PR]: 0.979446
Val	AUC[ROC]: 0.813911	AUC[PR]: 0.249438
Epoch evaluation duration: 29.9715588093
Epoch duration: 35.1997568607

Epoch 65/200
Epoch training duration: 5.01335120201
Train	AUC[ROC]: 0.999988	AUC[PR]: 0.984191
Val	AUC[ROC]: 0.820582	AUC[PR]: 0.249079
Epoch evaluation duration: 30.1268949509
Epoch duration: 35.1402461529

Epoch 66/200
Epoch training duration: 5.29047393799
Train	AUC[ROC]: 0.999989	AUC[PR]: 0.986639
Val	AUC[ROC]: 0.817483	AUC[PR]: 0.227109
Epoch evaluation duration: 30.6976010799
Epoch duration: 35.9880750179

Epoch 67/200
Epoch training duration: 5.28320598602
Train	AUC[ROC]: 0.999992	AUC[PR]: 0.989856
Val	AUC[ROC]: 0.816985	AUC[PR]: 0.238836
Epoch evaluation duration: 30.9452049732
Epoch duration: 36.2284109592

Epoch 68/200
Epoch training duration: 5.58785295486
Train	AUC[ROC]: 0.999986	AUC[PR]: 0.973118
Val	AUC[ROC]: 0.822300	AUC[PR]: 0.238758
Epoch evaluation duration: 30.6851019859
Epoch duration: 36.2729549408

Epoch 69/200
Epoch training duration: 5.01178598404
Train	AUC[ROC]: 0.999986	AUC[PR]: 0.974930
Val	AUC[ROC]: 0.810741	AUC[PR]: 0.258263
Epoch evaluation duration: 30.4052660465
Epoch duration: 35.4170520306

Epoch 70/200
Epoch training duration: 5.1139819622
Train	AUC[ROC]: 0.999980	AUC[PR]: 0.967164
Val	AUC[ROC]: 0.795261	AUC[PR]: 0.247953
Epoch evaluation duration: 30.3879051208
Epoch duration: 35.5018870831

Epoch 71/200
Epoch training duration: 5.23058581352
Train	AUC[ROC]: 0.999981	AUC[PR]: 0.971676
Val	AUC[ROC]: 0.805694	AUC[PR]: 0.247279
Epoch evaluation duration: 30.0692951679
Epoch duration: 35.2998809814

Epoch 72/200
Epoch training duration: 5.63695597649
Train	AUC[ROC]: 0.999981	AUC[PR]: 0.972204
Val	AUC[ROC]: 0.806698	AUC[PR]: 0.244408
Epoch evaluation duration: 32.9375150204
Epoch duration: 38.5744709969

Epoch 73/200
Epoch training duration: 5.12892484665
Train	AUC[ROC]: 0.999985	AUC[PR]: 0.979726
Val	AUC[ROC]: 0.794062	AUC[PR]: 0.251314
Epoch evaluation duration: 30.3063271046
Epoch duration: 35.4352519512

Epoch 74/200
Epoch training duration: 5.19873690605
Train	AUC[ROC]: 0.999988	AUC[PR]: 0.984218
Val	AUC[ROC]: 0.789211	AUC[PR]: 0.244378
Epoch evaluation duration: 30.4590551853
Epoch duration: 35.6577920914

Epoch 75/200
Epoch training duration: 5.11193680763
Train	AUC[ROC]: 0.999982	AUC[PR]: 0.978067
Val	AUC[ROC]: 0.823953	AUC[PR]: 0.245261
Epoch evaluation duration: 31.2828891277
Epoch duration: 36.3948259354

Epoch 76/200
Epoch training duration: 5.16729187965
Train	AUC[ROC]: 0.999989	AUC[PR]: 0.986085
Val	AUC[ROC]: 0.796207	AUC[PR]: 0.242513
Epoch evaluation duration: 30.6671969891
Epoch duration: 35.8344888687

Epoch 77/200
Epoch training duration: 5.28674197197
Train	AUC[ROC]: 0.999991	AUC[PR]: 0.990368
Val	AUC[ROC]: 0.803496	AUC[PR]: 0.241013
Epoch evaluation duration: 30.5757460594
Epoch duration: 35.8624880314

Epoch 78/200
Epoch training duration: 5.60868501663
Train	AUC[ROC]: 0.999992	AUC[PR]: 0.992323
Val	AUC[ROC]: 0.801083	AUC[PR]: 0.247714
Epoch evaluation duration: 30.2411029339
Epoch duration: 35.8497879505

Epoch 79/200
Epoch training duration: 5.24965620041
Train	AUC[ROC]: 0.999986	AUC[PR]: 0.983362
Val	AUC[ROC]: 0.805019	AUC[PR]: 0.230413
Epoch evaluation duration: 30.797262907
Epoch duration: 36.0469191074

Epoch 80/200
Epoch training duration: 5.07834005356
Train	AUC[ROC]: 0.999991	AUC[PR]: 0.990810
Val	AUC[ROC]: 0.794941	AUC[PR]: 0.227996
Epoch evaluation duration: 31.0688610077
Epoch duration: 36.1472010612

Epoch 81/200
Epoch training duration: 5.2485408783
Train	AUC[ROC]: 0.999994	AUC[PR]: 0.994590
Val	AUC[ROC]: 0.788087	AUC[PR]: 0.228161
Epoch evaluation duration: 30.3605120182
Epoch duration: 35.6090528965

Epoch 82/200
Epoch training duration: 5.37535905838
Train	AUC[ROC]: 0.999995	AUC[PR]: 0.995371
Val	AUC[ROC]: 0.791652	AUC[PR]: 0.226876
Epoch evaluation duration: 31.1146299839
Epoch duration: 36.4899890423

Epoch 83/200
Epoch training duration: 5.05278301239
Train	AUC[ROC]: 0.999997	AUC[PR]: 0.997354
Val	AUC[ROC]: 0.795349	AUC[PR]: 0.233172
Epoch evaluation duration: 32.6969048977
Epoch duration: 37.7496879101

Epoch 84/200
Epoch training duration: 5.53642702103
Train	AUC[ROC]: 0.999997	AUC[PR]: 0.997255
Val	AUC[ROC]: 0.796387	AUC[PR]: 0.228103
Epoch evaluation duration: 31.3340821266
Epoch duration: 36.8705091476

Epoch 85/200
Epoch training duration: 5.53891897202
Train	AUC[ROC]: 0.999996	AUC[PR]: 0.996431
Val	AUC[ROC]: 0.792121	AUC[PR]: 0.235286
Epoch evaluation duration: 30.5616409779
Epoch duration: 36.1005599499

Epoch 86/200
Epoch training duration: 5.26463389397
Train	AUC[ROC]: 0.999996	AUC[PR]: 0.996779
Val	AUC[ROC]: 0.798271	AUC[PR]: 0.234151
Epoch evaluation duration: 31.5123460293
Epoch duration: 36.7769799232

Epoch 87/200
Epoch training duration: 5.53885507584
Train	AUC[ROC]: 0.999998	AUC[PR]: 0.998042
Val	AUC[ROC]: 0.781090	AUC[PR]: 0.224769
Epoch evaluation duration: 31.2621700764
Epoch duration: 36.8010251522

Epoch 88/200
Epoch training duration: 5.08727693558
Train	AUC[ROC]: 0.999998	AUC[PR]: 0.998428
Val	AUC[ROC]: 0.776797	AUC[PR]: 0.230066
Epoch evaluation duration: 31.0411679745
Epoch duration: 36.12844491

Epoch 89/200
Epoch training duration: 5.15121006966
Train	AUC[ROC]: 0.999998	AUC[PR]: 0.998667
Val	AUC[ROC]: 0.786391	AUC[PR]: 0.228013
Epoch evaluation duration: 30.0524868965
Epoch duration: 35.2036969662

Epoch 90/200
Epoch training duration: 5.01036810875
Train	AUC[ROC]: 0.999998	AUC[PR]: 0.998584
Val	AUC[ROC]: 0.787948	AUC[PR]: 0.227469
Epoch evaluation duration: 30.9416658878
Epoch duration: 35.9520339966

Epoch 91/200
Epoch training duration: 5.85479307175
Train	AUC[ROC]: 0.999999	AUC[PR]: 0.999516
Val	AUC[ROC]: 0.786817	AUC[PR]: 0.231626
Epoch evaluation duration: 30.4910569191
Epoch duration: 36.3458499908

Epoch 92/200
Epoch training duration: 5.36432909966
Train	AUC[ROC]: 1.000000	AUC[PR]: 0.999669
Val	AUC[ROC]: 0.793756	AUC[PR]: 0.231042
Epoch evaluation duration: 32.1582679749
Epoch duration: 37.5225970745

Epoch 93/200
Epoch training duration: 5.16123604774
Train	AUC[ROC]: 1.000000	AUC[PR]: 0.999818
Val	AUC[ROC]: 0.778057	AUC[PR]: 0.224946
Epoch evaluation duration: 30.9011268616
Epoch duration: 36.0623629093

Epoch 94/200
Epoch training duration: 5.20524907112
Train	AUC[ROC]: 0.999999	AUC[PR]: 0.998917
Val	AUC[ROC]: 0.785369	AUC[PR]: 0.231689
Epoch evaluation duration: 30.8342690468
Epoch duration: 36.0395181179

Epoch 95/200
Epoch training duration: 5.10231184959
Train	AUC[ROC]: 0.999999	AUC[PR]: 0.998849
Val	AUC[ROC]: 0.785805	AUC[PR]: 0.227435
Epoch evaluation duration: 31.467359066
Epoch duration: 36.5696709156

Epoch 96/200
Epoch training duration: 5.88473296165
Train	AUC[ROC]: 0.999994	AUC[PR]: 0.982806
Val	AUC[ROC]: 0.777496	AUC[PR]: 0.237561
Epoch evaluation duration: 30.8295781612
Epoch duration: 36.7143111229

Epoch 97/200
Epoch training duration: 5.27516484261
Train	AUC[ROC]: 0.999991	AUC[PR]: 0.973109
Val	AUC[ROC]: 0.769756	AUC[PR]: 0.232598
Epoch evaluation duration: 30.9200801849
Epoch duration: 36.1952450275

Epoch 98/200
Epoch training duration: 5.61362791061
Train	AUC[ROC]: 0.999992	AUC[PR]: 0.978337
Val	AUC[ROC]: 0.767935	AUC[PR]: 0.233052
Epoch evaluation duration: 30.6800968647
Epoch duration: 36.2937247753

Epoch 99/200
Epoch training duration: 5.33657407761
Train	AUC[ROC]: 0.999992	AUC[PR]: 0.982580
Val	AUC[ROC]: 0.802543	AUC[PR]: 0.237908
Epoch evaluation duration: 31.5733671188
Epoch duration: 36.9099411964

Epoch 100/200
Epoch training duration: 5.14921689034
Train	AUC[ROC]: 0.999993	AUC[PR]: 0.988729
Val	AUC[ROC]: 0.800339	AUC[PR]: 0.239971
Epoch evaluation duration: 30.1744089127
Epoch duration: 35.323625803

Epoch 101/200
Epoch training duration: 5.56998920441
Train	AUC[ROC]: 0.999990	AUC[PR]: 0.981756
Val	AUC[ROC]: 0.793648	AUC[PR]: 0.236288
Epoch evaluation duration: 31.4935069084
Epoch duration: 37.0634961128

Epoch 102/200
Epoch training duration: 5.55404996872
Train	AUC[ROC]: 0.999988	AUC[PR]: 0.982680
Val	AUC[ROC]: 0.783846	AUC[PR]: 0.233898
Epoch evaluation duration: 30.5939099789
Epoch duration: 36.1479599476

Epoch 103/200
Epoch training duration: 5.06454014778
Train	AUC[ROC]: 0.999990	AUC[PR]: 0.986947
Val	AUC[ROC]: 0.770972	AUC[PR]: 0.237221
Epoch evaluation duration: 30.3349897861
Epoch duration: 35.3995299339

Epoch 104/200
Epoch training duration: 5.25429320335
Train	AUC[ROC]: 0.999994	AUC[PR]: 0.993649
Val	AUC[ROC]: 0.766585	AUC[PR]: 0.240003
Epoch evaluation duration: 30.4405448437
Epoch duration: 35.694838047

Epoch 105/200
Epoch training duration: 5.429033041
Train	AUC[ROC]: 0.999997	AUC[PR]: 0.997149
Val	AUC[ROC]: 0.773319	AUC[PR]: 0.232446
Epoch evaluation duration: 31.412320137
Epoch duration: 36.841353178

Epoch 106/200
Epoch training duration: 5.01817297935
Train	AUC[ROC]: 0.999997	AUC[PR]: 0.997645
Val	AUC[ROC]: 0.766938	AUC[PR]: 0.234823
Epoch evaluation duration: 30.1462697983
Epoch duration: 35.1644427776

train precision: 0.968524487787
train roc: 0.999974179587
train hit in top 2563: 332.0 out of 332.0

val precision: 0.261010996786
val roc: 0.830013374131
val hit in top 427: 32.0 out of 56.0

test precision: 0.220439323684
test roc: 0.909179393274
test hit in top 427: 35.0 out of 56.0

ratio: 0.02, EF: 34.8214285714,	active: 56.0
ratio: 0.02, NEF: 0.696428571429
ratio: 0.01, EF: 62.5,	active: 56.0
ratio: 0.01, NEF: 0.625
ratio: 0.0015, EF: 238.095238095,	active: 56.0
ratio: 0.0015, NEF: 0.357142857143
ratio: 0.001, EF: 267.857142857,	active: 56.0
ratio: 0.001, NEF: 0.357142857143

