label_name_list  [u'PriA-SSB AS Activity']
train files  ['../datasets/keck_pria/fold_0.csv' '../datasets/keck_pria/fold_1.csv'
 '../datasets/keck_pria/fold_4.csv' '../datasets/keck_pria/fold_5.csv'
 '../datasets/keck_pria/fold_6.csv' '../datasets/keck_pria/fold_7.csv']
val files  ['../datasets/keck_pria/fold_2.csv']
test files  ['../datasets/keck_pria/fold_3.csv']
Class Weight  [{0: 1.0, 1: 771.2138554216867}]
Epoch 1/200
Epoch training duration: 12.454873085
Train	AUC[ROC]: 0.878494	AUC[PR]: 0.059738
Val	AUC[ROC]: 0.839034	AUC[PR]: 0.061631
Epoch evaluation duration: 121.201544046
Epoch duration: 133.656417131

Epoch 2/200
Epoch training duration: 12.2588768005
Train	AUC[ROC]: 0.926997	AUC[PR]: 0.119430
Val	AUC[ROC]: 0.875538	AUC[PR]: 0.110082
Epoch evaluation duration: 118.1997962
Epoch duration: 130.458673

Epoch 3/200
Epoch training duration: 11.722440958
Train	AUC[ROC]: 0.947871	AUC[PR]: 0.148188
Val	AUC[ROC]: 0.883958	AUC[PR]: 0.133855
Epoch evaluation duration: 117.658550024
Epoch duration: 129.380990982

Epoch 4/200
Epoch training duration: 12.3205430508
Train	AUC[ROC]: 0.961879	AUC[PR]: 0.172303
Val	AUC[ROC]: 0.888711	AUC[PR]: 0.147835
Epoch evaluation duration: 120.042821884
Epoch duration: 132.363364935

Epoch 5/200
Epoch training duration: 10.8003559113
Train	AUC[ROC]: 0.971436	AUC[PR]: 0.194809
Val	AUC[ROC]: 0.888796	AUC[PR]: 0.162830
Epoch evaluation duration: 121.194526196
Epoch duration: 131.994882107

Epoch 6/200
Epoch training duration: 10.6595249176
Train	AUC[ROC]: 0.979108	AUC[PR]: 0.212407
Val	AUC[ROC]: 0.888532	AUC[PR]: 0.169844
Epoch evaluation duration: 118.183373928
Epoch duration: 128.842898846

Epoch 7/200
Epoch training duration: 11.1075451374
Train	AUC[ROC]: 0.984726	AUC[PR]: 0.232712
Val	AUC[ROC]: 0.886065	AUC[PR]: 0.170295
Epoch evaluation duration: 122.206727982
Epoch duration: 133.314273119

Epoch 8/200
Epoch training duration: 10.836386919
Train	AUC[ROC]: 0.988095	AUC[PR]: 0.251247
Val	AUC[ROC]: 0.883909	AUC[PR]: 0.175984
Epoch evaluation duration: 121.475735903
Epoch duration: 132.312122822

Epoch 9/200
Epoch training duration: 11.5215711594
Train	AUC[ROC]: 0.990530	AUC[PR]: 0.262590
Val	AUC[ROC]: 0.883377	AUC[PR]: 0.178815
Epoch evaluation duration: 117.077368021
Epoch duration: 128.59893918

Epoch 10/200
Epoch training duration: 11.2564258575
Train	AUC[ROC]: 0.992486	AUC[PR]: 0.278935
Val	AUC[ROC]: 0.883179	AUC[PR]: 0.187320
Epoch evaluation duration: 116.416296005
Epoch duration: 127.672721863

Epoch 11/200
Epoch training duration: 10.913036108
Train	AUC[ROC]: 0.993807	AUC[PR]: 0.294729
Val	AUC[ROC]: 0.881158	AUC[PR]: 0.192103
Epoch evaluation duration: 120.474259853
Epoch duration: 131.387295961

Epoch 12/200
Epoch training duration: 12.1853470802
Train	AUC[ROC]: 0.995053	AUC[PR]: 0.310066
Val	AUC[ROC]: 0.880344	AUC[PR]: 0.192430
Epoch evaluation duration: 115.903391123
Epoch duration: 128.088738203

Epoch 13/200
Epoch training duration: 13.1344418526
Train	AUC[ROC]: 0.995975	AUC[PR]: 0.328370
Val	AUC[ROC]: 0.878970	AUC[PR]: 0.205970
Epoch evaluation duration: 116.501379967
Epoch duration: 129.635821819

Epoch 14/200
Epoch training duration: 12.1288220882
Train	AUC[ROC]: 0.996776	AUC[PR]: 0.349034
Val	AUC[ROC]: 0.878033	AUC[PR]: 0.208676
Epoch evaluation duration: 118.954868078
Epoch duration: 131.083690166

Epoch 15/200
Epoch training duration: 12.2006700039
Train	AUC[ROC]: 0.997262	AUC[PR]: 0.362637
Val	AUC[ROC]: 0.875905	AUC[PR]: 0.215127
Epoch evaluation duration: 116.315497875
Epoch duration: 128.516167879

Epoch 16/200
Epoch training duration: 12.4037070274
Train	AUC[ROC]: 0.997729	AUC[PR]: 0.383890
Val	AUC[ROC]: 0.876130	AUC[PR]: 0.212789
Epoch evaluation duration: 114.903326035
Epoch duration: 127.307033062

Epoch 17/200
Epoch training duration: 10.902657032
Train	AUC[ROC]: 0.997974	AUC[PR]: 0.399492
Val	AUC[ROC]: 0.873920	AUC[PR]: 0.216220
Epoch evaluation duration: 119.427305937
Epoch duration: 130.329962969

Epoch 18/200
Epoch training duration: 10.8334460258
Train	AUC[ROC]: 0.998241	AUC[PR]: 0.413677
Val	AUC[ROC]: 0.873397	AUC[PR]: 0.219729
Epoch evaluation duration: 117.371475935
Epoch duration: 128.204921961

Epoch 19/200
Epoch training duration: 12.0625660419
Train	AUC[ROC]: 0.998405	AUC[PR]: 0.425010
Val	AUC[ROC]: 0.871755	AUC[PR]: 0.219714
Epoch evaluation duration: 115.290143013
Epoch duration: 127.352709055

Epoch 20/200
Epoch training duration: 12.1116769314
Train	AUC[ROC]: 0.998612	AUC[PR]: 0.448652
Val	AUC[ROC]: 0.871044	AUC[PR]: 0.217772
Epoch evaluation duration: 118.906476974
Epoch duration: 131.018153906

Epoch 21/200
Epoch training duration: 12.1921391487
Train	AUC[ROC]: 0.998768	AUC[PR]: 0.466405
Val	AUC[ROC]: 0.871174	AUC[PR]: 0.220786
Epoch evaluation duration: 121.822717905
Epoch duration: 134.014857054

Epoch 22/200
Epoch training duration: 11.7994170189
Train	AUC[ROC]: 0.998825	AUC[PR]: 0.464932
Val	AUC[ROC]: 0.871411	AUC[PR]: 0.217000
Epoch evaluation duration: 116.610744953
Epoch duration: 128.410161972

Epoch 23/200
Epoch training duration: 12.0732040405
Train	AUC[ROC]: 0.998967	AUC[PR]: 0.491373
Val	AUC[ROC]: 0.869537	AUC[PR]: 0.226478
Epoch evaluation duration: 115.924225092
Epoch duration: 127.997429132

Epoch 24/200
Epoch training duration: 10.296391964
Train	AUC[ROC]: 0.999094	AUC[PR]: 0.520050
Val	AUC[ROC]: 0.869200	AUC[PR]: 0.230231
Epoch evaluation duration: 121.876729012
Epoch duration: 132.173120975

Epoch 25/200
Epoch training duration: 12.4210288525
Train	AUC[ROC]: 0.999136	AUC[PR]: 0.527825
Val	AUC[ROC]: 0.869989	AUC[PR]: 0.229966
Epoch evaluation duration: 114.253893137
Epoch duration: 126.674921989

Epoch 26/200
Epoch training duration: 12.5224239826
Train	AUC[ROC]: 0.999188	AUC[PR]: 0.545885
Val	AUC[ROC]: 0.867553	AUC[PR]: 0.242158
Epoch evaluation duration: 116.980283022
Epoch duration: 129.502707005

Epoch 27/200
Epoch training duration: 12.3477768898
Train	AUC[ROC]: 0.999226	AUC[PR]: 0.553478
Val	AUC[ROC]: 0.869335	AUC[PR]: 0.245874
Epoch evaluation duration: 119.256510973
Epoch duration: 131.604287863

Epoch 28/200
Epoch training duration: 11.474063158
Train	AUC[ROC]: 0.999304	AUC[PR]: 0.572749
Val	AUC[ROC]: 0.869522	AUC[PR]: 0.250805
Epoch evaluation duration: 114.446393013
Epoch duration: 125.920456171

Epoch 29/200
Epoch training duration: 11.9509549141
Train	AUC[ROC]: 0.999378	AUC[PR]: 0.590422
Val	AUC[ROC]: 0.869597	AUC[PR]: 0.252194
Epoch evaluation duration: 118.929924965
Epoch duration: 130.880879879

Epoch 30/200
Epoch training duration: 11.9701669216
Train	AUC[ROC]: 0.999416	AUC[PR]: 0.604843
Val	AUC[ROC]: 0.867271	AUC[PR]: 0.251081
Epoch evaluation duration: 121.670356035
Epoch duration: 133.640522957

Epoch 31/200
Epoch training duration: 10.859536171
Train	AUC[ROC]: 0.999436	AUC[PR]: 0.617379
Val	AUC[ROC]: 0.866016	AUC[PR]: 0.251608
Epoch evaluation duration: 116.172482967
Epoch duration: 127.032019138

Epoch 32/200
Epoch training duration: 11.8978798389
Train	AUC[ROC]: 0.999490	AUC[PR]: 0.639644
Val	AUC[ROC]: 0.867045	AUC[PR]: 0.248499
Epoch evaluation duration: 115.403537035
Epoch duration: 127.301416874

Epoch 33/200
Epoch training duration: 12.4592020512
Train	AUC[ROC]: 0.999537	AUC[PR]: 0.651405
Val	AUC[ROC]: 0.865685	AUC[PR]: 0.249192
Epoch evaluation duration: 118.620806932
Epoch duration: 131.080008984

Epoch 34/200
Epoch training duration: 11.9622311592
Train	AUC[ROC]: 0.999580	AUC[PR]: 0.669655
Val	AUC[ROC]: 0.867072	AUC[PR]: 0.244852
Epoch evaluation duration: 117.460582972
Epoch duration: 129.422814131

Epoch 35/200
Epoch training duration: 10.7857649326
Train	AUC[ROC]: 0.999596	AUC[PR]: 0.682886
Val	AUC[ROC]: 0.865495	AUC[PR]: 0.246621
Epoch evaluation duration: 116.929239988
Epoch duration: 127.715004921

Epoch 36/200
Epoch training duration: 11.0410821438
Train	AUC[ROC]: 0.999625	AUC[PR]: 0.697561
Val	AUC[ROC]: 0.866037	AUC[PR]: 0.242826
Epoch evaluation duration: 121.304656982
Epoch duration: 132.345739126

Epoch 37/200
Epoch training duration: 10.4828248024
Train	AUC[ROC]: 0.999635	AUC[PR]: 0.702289
Val	AUC[ROC]: 0.867439	AUC[PR]: 0.240151
Epoch evaluation duration: 114.885770082
Epoch duration: 125.368594885

Epoch 38/200
Epoch training duration: 12.2247149944
Train	AUC[ROC]: 0.999690	AUC[PR]: 0.734360
Val	AUC[ROC]: 0.866082	AUC[PR]: 0.237098
Epoch evaluation duration: 114.654283047
Epoch duration: 126.878998041

Epoch 39/200
Epoch training duration: 11.0099720955
Train	AUC[ROC]: 0.999708	AUC[PR]: 0.740001
Val	AUC[ROC]: 0.865409	AUC[PR]: 0.232091
Epoch evaluation duration: 122.563198805
Epoch duration: 133.5731709

Epoch 40/200
Epoch training duration: 11.537541151
Train	AUC[ROC]: 0.999741	AUC[PR]: 0.756699
Val	AUC[ROC]: 0.862688	AUC[PR]: 0.237310
Epoch evaluation duration: 120.569387913
Epoch duration: 132.106929064

Epoch 41/200
Epoch training duration: 13.2642569542
Train	AUC[ROC]: 0.999742	AUC[PR]: 0.762449
Val	AUC[ROC]: 0.862338	AUC[PR]: 0.242450
Epoch evaluation duration: 117.785793066
Epoch duration: 131.05005002

Epoch 42/200
Epoch training duration: 12.6290180683
Train	AUC[ROC]: 0.999754	AUC[PR]: 0.765123
Val	AUC[ROC]: 0.862405	AUC[PR]: 0.257330
Epoch evaluation duration: 118.855825901
Epoch duration: 131.484843969

Epoch 43/200
Epoch training duration: 11.7285270691
Train	AUC[ROC]: 0.999768	AUC[PR]: 0.775117
Val	AUC[ROC]: 0.862346	AUC[PR]: 0.252145
Epoch evaluation duration: 116.145760059
Epoch duration: 127.874287128

Epoch 44/200
Epoch training duration: 12.1563899517
Train	AUC[ROC]: 0.999801	AUC[PR]: 0.799702
Val	AUC[ROC]: 0.864377	AUC[PR]: 0.242852
Epoch evaluation duration: 116.955536842
Epoch duration: 129.111926794

Epoch 45/200
Epoch training duration: 10.9835832119
Train	AUC[ROC]: 0.999802	AUC[PR]: 0.798221
Val	AUC[ROC]: 0.865116	AUC[PR]: 0.242639
Epoch evaluation duration: 119.9481709
Epoch duration: 130.931754112

Epoch 46/200
Epoch training duration: 12.4042201042
Train	AUC[ROC]: 0.999829	AUC[PR]: 0.818822
Val	AUC[ROC]: 0.864616	AUC[PR]: 0.239828
Epoch evaluation duration: 119.554425001
Epoch duration: 131.958645105

Epoch 47/200
Epoch training duration: 11.5861589909
Train	AUC[ROC]: 0.999833	AUC[PR]: 0.821312
Val	AUC[ROC]: 0.862689	AUC[PR]: 0.244051
Epoch evaluation duration: 114.965295792
Epoch duration: 126.551454782

Epoch 48/200
Epoch training duration: 11.541298151
Train	AUC[ROC]: 0.999842	AUC[PR]: 0.829405
Val	AUC[ROC]: 0.862320	AUC[PR]: 0.250959
Epoch evaluation duration: 116.366657972
Epoch duration: 127.907956123

Epoch 49/200
Epoch training duration: 12.060997963
Train	AUC[ROC]: 0.999860	AUC[PR]: 0.842412
Val	AUC[ROC]: 0.862513	AUC[PR]: 0.248653
Epoch evaluation duration: 119.474251032
Epoch duration: 131.535248995

Epoch 50/200
Epoch training duration: 11.7083079815
Train	AUC[ROC]: 0.999875	AUC[PR]: 0.856291
Val	AUC[ROC]: 0.857118	AUC[PR]: 0.249378
Epoch evaluation duration: 121.953295946
Epoch duration: 133.661603928

Epoch 51/200
Epoch training duration: 11.461163044
Train	AUC[ROC]: 0.999886	AUC[PR]: 0.868526
Val	AUC[ROC]: 0.857965	AUC[PR]: 0.241618
Epoch evaluation duration: 114.703500032
Epoch duration: 126.164663076

Epoch 52/200
Epoch training duration: 11.4635119438
Train	AUC[ROC]: 0.999874	AUC[PR]: 0.853342
Val	AUC[ROC]: 0.858303	AUC[PR]: 0.246606
Epoch evaluation duration: 116.491754055
Epoch duration: 127.955265999

Epoch 53/200
Epoch training duration: 11.4037730694
Train	AUC[ROC]: 0.999887	AUC[PR]: 0.863940
Val	AUC[ROC]: 0.858346	AUC[PR]: 0.247393
Epoch evaluation duration: 122.701515913
Epoch duration: 134.105288982

Epoch 54/200
Epoch training duration: 11.8188381195
Train	AUC[ROC]: 0.999890	AUC[PR]: 0.866388
Val	AUC[ROC]: 0.858994	AUC[PR]: 0.238697
Epoch evaluation duration: 114.588297844
Epoch duration: 126.407135963

Epoch 55/200
Epoch training duration: 11.6367740631
Train	AUC[ROC]: 0.999893	AUC[PR]: 0.867844
Val	AUC[ROC]: 0.859205	AUC[PR]: 0.240416
Epoch evaluation duration: 113.936506987
Epoch duration: 125.57328105

Epoch 56/200
Epoch training duration: 11.9551808834
Train	AUC[ROC]: 0.999895	AUC[PR]: 0.868966
Val	AUC[ROC]: 0.856496	AUC[PR]: 0.244763
Epoch evaluation duration: 117.926362991
Epoch duration: 129.881543875

Epoch 57/200
Epoch training duration: 12.2514560223
Train	AUC[ROC]: 0.999908	AUC[PR]: 0.883593
Val	AUC[ROC]: 0.855705	AUC[PR]: 0.243373
Epoch evaluation duration: 121.362519026
Epoch duration: 133.613975048

Epoch 58/200
Epoch training duration: 11.9165539742
Train	AUC[ROC]: 0.999912	AUC[PR]: 0.890892
Val	AUC[ROC]: 0.856035	AUC[PR]: 0.241597
Epoch evaluation duration: 115.53154707
Epoch duration: 127.448101044

Epoch 59/200
Epoch training duration: 12.7752139568
Train	AUC[ROC]: 0.999909	AUC[PR]: 0.886522
Val	AUC[ROC]: 0.863574	AUC[PR]: 0.246081
Epoch evaluation duration: 115.878195047
Epoch duration: 128.653409004

Epoch 60/200
Epoch training duration: 10.743183136
Train	AUC[ROC]: 0.999907	AUC[PR]: 0.887580
Val	AUC[ROC]: 0.858172	AUC[PR]: 0.243149
Epoch evaluation duration: 120.793848991
Epoch duration: 131.537032127

Epoch 61/200
Epoch training duration: 10.8072469234
Train	AUC[ROC]: 0.999922	AUC[PR]: 0.904720
Val	AUC[ROC]: 0.856260	AUC[PR]: 0.238313
Epoch evaluation duration: 111.832674026
Epoch duration: 122.63992095

Epoch 62/200
Epoch training duration: 11.3316349983
Train	AUC[ROC]: 0.999925	AUC[PR]: 0.907962
Val	AUC[ROC]: 0.858542	AUC[PR]: 0.238474
Epoch evaluation duration: 116.116235018
Epoch duration: 127.447870016

Epoch 63/200
Epoch training duration: 10.969604969
Train	AUC[ROC]: 0.999925	AUC[PR]: 0.907136
Val	AUC[ROC]: 0.856042	AUC[PR]: 0.237628
Epoch evaluation duration: 118.397224903
Epoch duration: 129.366829872

Epoch 64/200
Epoch training duration: 11.3008551598
Train	AUC[ROC]: 0.999937	AUC[PR]: 0.920264
Val	AUC[ROC]: 0.859757	AUC[PR]: 0.237839
Epoch evaluation duration: 114.636432886
Epoch duration: 125.937288046

Epoch 65/200
Epoch training duration: 10.9050590992
Train	AUC[ROC]: 0.999941	AUC[PR]: 0.924647
Val	AUC[ROC]: 0.859473	AUC[PR]: 0.237455
Epoch evaluation duration: 114.807365894
Epoch duration: 125.712424994

Epoch 66/200
Epoch training duration: 12.6389579773
Train	AUC[ROC]: 0.999941	AUC[PR]: 0.922325
Val	AUC[ROC]: 0.860573	AUC[PR]: 0.239045
Epoch evaluation duration: 122.471864939
Epoch duration: 135.110822916

Epoch 67/200
Epoch training duration: 12.2759070396
Train	AUC[ROC]: 0.999949	AUC[PR]: 0.932650
Val	AUC[ROC]: 0.858143	AUC[PR]: 0.241811
Epoch evaluation duration: 113.437167168
Epoch duration: 125.713074207

Epoch 68/200
Epoch training duration: 11.8866949081
Train	AUC[ROC]: 0.999951	AUC[PR]: 0.934045
Val	AUC[ROC]: 0.860713	AUC[PR]: 0.238238
Epoch evaluation duration: 115.82894206
Epoch duration: 127.715636969

Epoch 69/200
Epoch training duration: 11.5400309563
Train	AUC[ROC]: 0.999942	AUC[PR]: 0.920262
Val	AUC[ROC]: 0.855364	AUC[PR]: 0.241481
Epoch evaluation duration: 119.673657894
Epoch duration: 131.21368885

Epoch 70/200
Epoch training duration: 12.4945039749
Train	AUC[ROC]: 0.999957	AUC[PR]: 0.938708
Val	AUC[ROC]: 0.859576	AUC[PR]: 0.241871
Epoch evaluation duration: 119.417709112
Epoch duration: 131.912213087

Epoch 71/200
Epoch training duration: 11.8671529293
Train	AUC[ROC]: 0.999962	AUC[PR]: 0.946320
Val	AUC[ROC]: 0.861628	AUC[PR]: 0.242076
Epoch evaluation duration: 110.595272064
Epoch duration: 122.462424994

Epoch 72/200
Epoch training duration: 11.4539110661
Train	AUC[ROC]: 0.999961	AUC[PR]: 0.945658
Val	AUC[ROC]: 0.860489	AUC[PR]: 0.246002
Epoch evaluation duration: 117.22379303
Epoch duration: 128.677704096

Epoch 73/200
Epoch training duration: 11.5199148655
Train	AUC[ROC]: 0.999966	AUC[PR]: 0.952257
Val	AUC[ROC]: 0.855142	AUC[PR]: 0.235054
Epoch evaluation duration: 116.861392975
Epoch duration: 128.38130784

Epoch 74/200
Epoch training duration: 12.7768700123
Train	AUC[ROC]: 0.999968	AUC[PR]: 0.953777
Val	AUC[ROC]: 0.859785	AUC[PR]: 0.242827
Epoch evaluation duration: 116.588863134
Epoch duration: 129.365733147

Epoch 75/200
Epoch training duration: 11.9647009373
Train	AUC[ROC]: 0.999968	AUC[PR]: 0.954810
Val	AUC[ROC]: 0.858942	AUC[PR]: 0.238487
Epoch evaluation duration: 121.809467077
Epoch duration: 133.774168015

Epoch 76/200
Epoch training duration: 11.0964407921
Train	AUC[ROC]: 0.999972	AUC[PR]: 0.961311
Val	AUC[ROC]: 0.855812	AUC[PR]: 0.243393
Epoch evaluation duration: 135.135421038
Epoch duration: 146.23186183

Epoch 77/200
Epoch training duration: 13.3227219582
Train	AUC[ROC]: 0.999973	AUC[PR]: 0.965566
Val	AUC[ROC]: 0.857807	AUC[PR]: 0.244794
Epoch evaluation duration: 134.411564112
Epoch duration: 147.73428607

Epoch 78/200
Epoch training duration: 13.2826890945
Train	AUC[ROC]: 0.999970	AUC[PR]: 0.962287
Val	AUC[ROC]: 0.855533	AUC[PR]: 0.249100
Epoch evaluation duration: 128.969105959
Epoch duration: 142.251795053

Epoch 79/200
Epoch training duration: 12.3851749897
Train	AUC[ROC]: 0.999964	AUC[PR]: 0.950292
Val	AUC[ROC]: 0.849004	AUC[PR]: 0.253602
Epoch evaluation duration: 130.502101898
Epoch duration: 142.887276888

Epoch 80/200
Epoch training duration: 13.8761320114
Train	AUC[ROC]: 0.999967	AUC[PR]: 0.958096
Val	AUC[ROC]: 0.849732	AUC[PR]: 0.252854
Epoch evaluation duration: 109.456316948
Epoch duration: 123.332448959

Epoch 81/200
Epoch training duration: 12.0040111542
Train	AUC[ROC]: 0.999968	AUC[PR]: 0.961693
Val	AUC[ROC]: 0.847776	AUC[PR]: 0.247167
Epoch evaluation duration: 112.61191082
Epoch duration: 124.615921974

Epoch 82/200
Epoch training duration: 11.9577920437
Train	AUC[ROC]: 0.999972	AUC[PR]: 0.963333
Val	AUC[ROC]: 0.847029	AUC[PR]: 0.245484
Epoch evaluation duration: 116.031769991
Epoch duration: 127.989562035

Epoch 83/200
Epoch training duration: 11.569658041
Train	AUC[ROC]: 0.999975	AUC[PR]: 0.967605
Val	AUC[ROC]: 0.846536	AUC[PR]: 0.255673
Epoch evaluation duration: 112.655761003
Epoch duration: 124.225419044

Epoch 84/200
Epoch training duration: 11.322124958
Train	AUC[ROC]: 0.999977	AUC[PR]: 0.970312
Val	AUC[ROC]: 0.846188	AUC[PR]: 0.247773
Epoch evaluation duration: 112.297022104
Epoch duration: 123.619147062

Epoch 85/200
Epoch training duration: 11.0949449539
Train	AUC[ROC]: 0.999977	AUC[PR]: 0.970809
Val	AUC[ROC]: 0.844002	AUC[PR]: 0.242958
Epoch evaluation duration: 115.756664991
Epoch duration: 126.851609945

Epoch 86/200
Epoch training duration: 10.9203100204
Train	AUC[ROC]: 0.999980	AUC[PR]: 0.974646
Val	AUC[ROC]: 0.844200	AUC[PR]: 0.247309
Epoch evaluation duration: 114.963459969
Epoch duration: 125.883769989

Epoch 87/200
Epoch training duration: 10.8906700611
Train	AUC[ROC]: 0.999982	AUC[PR]: 0.977993
Val	AUC[ROC]: 0.842940	AUC[PR]: 0.247277
Epoch evaluation duration: 112.701682091
Epoch duration: 123.592352152

Epoch 88/200
Epoch training duration: 11.7144057751
Train	AUC[ROC]: 0.999982	AUC[PR]: 0.976600
Val	AUC[ROC]: 0.842365	AUC[PR]: 0.248598
Epoch evaluation duration: 114.196452141
Epoch duration: 125.910857916

Epoch 89/200
Epoch training duration: 10.0406780243
Train	AUC[ROC]: 0.999982	AUC[PR]: 0.976452
Val	AUC[ROC]: 0.840979	AUC[PR]: 0.243020
Epoch evaluation duration: 113.47615099
Epoch duration: 123.516829014

Epoch 90/200
Epoch training duration: 11.4018828869
Train	AUC[ROC]: 0.999976	AUC[PR]: 0.964276
Val	AUC[ROC]: 0.842300	AUC[PR]: 0.257683
Epoch evaluation duration: 114.338557005
Epoch duration: 125.740439892

Epoch 91/200
Epoch training duration: 11.9800720215
Train	AUC[ROC]: 0.999978	AUC[PR]: 0.968915
Val	AUC[ROC]: 0.845199	AUC[PR]: 0.258485
Epoch evaluation duration: 113.339262962
Epoch duration: 125.319334984

Epoch 92/200
Epoch training duration: 10.3435671329
Train	AUC[ROC]: 0.999976	AUC[PR]: 0.965368
Val	AUC[ROC]: 0.846771	AUC[PR]: 0.248737
Epoch evaluation duration: 112.231026888
Epoch duration: 122.574594021

Epoch 93/200
Epoch training duration: 11.3842129707
Train	AUC[ROC]: 0.999981	AUC[PR]: 0.972022
Val	AUC[ROC]: 0.838057	AUC[PR]: 0.245572
Epoch evaluation duration: 111.531423092
Epoch duration: 122.915636063

Epoch 94/200
Epoch training duration: 10.7214438915
Train	AUC[ROC]: 0.999984	AUC[PR]: 0.978078
Val	AUC[ROC]: 0.834382	AUC[PR]: 0.243088
Epoch evaluation duration: 115.223554134
Epoch duration: 125.944998026

Epoch 95/200
Epoch training duration: 11.3833560944
Train	AUC[ROC]: 0.999982	AUC[PR]: 0.976158
Val	AUC[ROC]: 0.833903	AUC[PR]: 0.242146
Epoch evaluation duration: 116.519486904
Epoch duration: 127.902842999

Epoch 96/200
Epoch training duration: 11.1226170063
Train	AUC[ROC]: 0.999984	AUC[PR]: 0.979926
Val	AUC[ROC]: 0.831973	AUC[PR]: 0.241742
Epoch evaluation duration: 107.005282879
Epoch duration: 118.127899885

Epoch 97/200
Epoch training duration: 11.6356041431
Train	AUC[ROC]: 0.999982	AUC[PR]: 0.975827
Val	AUC[ROC]: 0.832433	AUC[PR]: 0.252054
Epoch evaluation duration: 111.827374935
Epoch duration: 123.462979078

Epoch 98/200
Epoch training duration: 11.521766901
Train	AUC[ROC]: 0.999982	AUC[PR]: 0.974964
Val	AUC[ROC]: 0.827631	AUC[PR]: 0.248612
Epoch evaluation duration: 112.711609125
Epoch duration: 124.233376026

Epoch 99/200
Epoch training duration: 11.136015892
Train	AUC[ROC]: 0.999985	AUC[PR]: 0.981995
Val	AUC[ROC]: 0.826587	AUC[PR]: 0.247397
Epoch evaluation duration: 110.870702982
Epoch duration: 122.006718874

Epoch 100/200
Epoch training duration: 10.6006200314
Train	AUC[ROC]: 0.999986	AUC[PR]: 0.984084
Val	AUC[ROC]: 0.828861	AUC[PR]: 0.244537
Epoch evaluation duration: 110.58973217
Epoch duration: 121.190352201

Epoch 101/200
Epoch training duration: 11.2107458115
Train	AUC[ROC]: 0.999985	AUC[PR]: 0.982879
Val	AUC[ROC]: 0.828065	AUC[PR]: 0.250741
Epoch evaluation duration: 114.708775043
Epoch duration: 125.919520855

Epoch 102/200
Epoch training duration: 10.3545839787
Train	AUC[ROC]: 0.999986	AUC[PR]: 0.983829
Val	AUC[ROC]: 0.830579	AUC[PR]: 0.251733
Epoch evaluation duration: 114.048998117
Epoch duration: 124.403582096

Epoch 103/200
Epoch training duration: 10.8237700462
Train	AUC[ROC]: 0.999988	AUC[PR]: 0.987648
Val	AUC[ROC]: 0.826641	AUC[PR]: 0.245566
Epoch evaluation duration: 113.215575933
Epoch duration: 124.03934598

Epoch 104/200
Epoch training duration: 11.4608929157
Train	AUC[ROC]: 0.999987	AUC[PR]: 0.985871
Val	AUC[ROC]: 0.826103	AUC[PR]: 0.250458
Epoch evaluation duration: 108.292658091
Epoch duration: 119.753551006

Epoch 105/200
Epoch training duration: 10.136204958
Train	AUC[ROC]: 0.999991	AUC[PR]: 0.990620
Val	AUC[ROC]: 0.821448	AUC[PR]: 0.238830
Epoch evaluation duration: 114.796232939
Epoch duration: 124.932437897

Epoch 106/200
Epoch training duration: 11.4910321236
Train	AUC[ROC]: 0.999990	AUC[PR]: 0.990283
Val	AUC[ROC]: 0.825633	AUC[PR]: 0.238410
Epoch evaluation duration: 113.747731924
Epoch duration: 125.238764048

Epoch 107/200
Epoch training duration: 12.1084389687
Train	AUC[ROC]: 0.999993	AUC[PR]: 0.993001
Val	AUC[ROC]: 0.825220	AUC[PR]: 0.241551
Epoch evaluation duration: 112.849689007
Epoch duration: 124.958127975

Epoch 108/200
Epoch training duration: 11.7121989727
Train	AUC[ROC]: 0.999994	AUC[PR]: 0.993857
Val	AUC[ROC]: 0.827595	AUC[PR]: 0.247553
Epoch evaluation duration: 112.542572975
Epoch duration: 124.254771948

Epoch 109/200
Epoch training duration: 11.3683841228
Train	AUC[ROC]: 0.999993	AUC[PR]: 0.993433
Val	AUC[ROC]: 0.824843	AUC[PR]: 0.247807
Epoch evaluation duration: 115.161035061
Epoch duration: 126.529419184

Epoch 110/200
Epoch training duration: 11.9026448727
Train	AUC[ROC]: 0.999995	AUC[PR]: 0.995099
Val	AUC[ROC]: 0.823103	AUC[PR]: 0.248940
Epoch evaluation duration: 117.022302151
Epoch duration: 128.924947023

Epoch 111/200
Epoch training duration: 12.401611805
Train	AUC[ROC]: 0.999994	AUC[PR]: 0.994196
Val	AUC[ROC]: 0.822474	AUC[PR]: 0.255602
Epoch evaluation duration: 122.95371604
Epoch duration: 135.355327845

Epoch 112/200
Epoch training duration: 13.0062320232
Train	AUC[ROC]: 0.999992	AUC[PR]: 0.991465
Val	AUC[ROC]: 0.823302	AUC[PR]: 0.257252
Epoch evaluation duration: 120.547244072
Epoch duration: 133.553476095

Epoch 113/200
Epoch training duration: 11.5158228874
Train	AUC[ROC]: 0.999994	AUC[PR]: 0.994303
Val	AUC[ROC]: 0.822322	AUC[PR]: 0.251436
Epoch evaluation duration: 120.806166172
Epoch duration: 132.321989059

Epoch 114/200
Epoch training duration: 12.7109558582
Train	AUC[ROC]: 0.999995	AUC[PR]: 0.994816
Val	AUC[ROC]: 0.822095	AUC[PR]: 0.252575
Epoch evaluation duration: 126.828352928
Epoch duration: 139.539308786

Epoch 115/200
Epoch training duration: 12.0227761269
Train	AUC[ROC]: 0.999994	AUC[PR]: 0.993507
Val	AUC[ROC]: 0.819063	AUC[PR]: 0.246412
Epoch evaluation duration: 126.665293932
Epoch duration: 138.688070059

Epoch 116/200
Epoch training duration: 13.122382164
Train	AUC[ROC]: 0.999994	AUC[PR]: 0.993063
Val	AUC[ROC]: 0.817486	AUC[PR]: 0.246611
Epoch evaluation duration: 126.103196859
Epoch duration: 139.225579023

Epoch 117/200
Epoch training duration: 13.2899820805
Train	AUC[ROC]: 0.999995	AUC[PR]: 0.994374
Val	AUC[ROC]: 0.820598	AUC[PR]: 0.249179
Epoch evaluation duration: 118.411296844
Epoch duration: 131.701278925

Epoch 118/200
Epoch training duration: 11.2484550476
Train	AUC[ROC]: 0.999997	AUC[PR]: 0.997027
Val	AUC[ROC]: 0.817350	AUC[PR]: 0.236375
Epoch evaluation duration: 123.228481054
Epoch duration: 134.476936102

Epoch 119/200
Epoch training duration: 11.562721014
Train	AUC[ROC]: 0.999997	AUC[PR]: 0.997462
Val	AUC[ROC]: 0.816887	AUC[PR]: 0.232236
Epoch evaluation duration: 127.005726099
Epoch duration: 138.568447113

Epoch 120/200
Epoch training duration: 11.4881858826
Train	AUC[ROC]: 0.999998	AUC[PR]: 0.997754
Val	AUC[ROC]: 0.812284	AUC[PR]: 0.238629
Epoch evaluation duration: 123.715146065
Epoch duration: 135.203331947

Epoch 121/200
Epoch training duration: 13.0904569626
Train	AUC[ROC]: 0.999998	AUC[PR]: 0.997914
Val	AUC[ROC]: 0.811964	AUC[PR]: 0.240141
Epoch evaluation duration: 123.213402987
Epoch duration: 136.303859949

Epoch 122/200
Epoch training duration: 12.6948029995
Train	AUC[ROC]: 0.999998	AUC[PR]: 0.998348
Val	AUC[ROC]: 0.807804	AUC[PR]: 0.241337
Epoch evaluation duration: 120.829469919
Epoch duration: 133.524272919

Epoch 123/200
Epoch training duration: 12.4616131783
Train	AUC[ROC]: 0.999991	AUC[PR]: 0.986784
Val	AUC[ROC]: 0.806530	AUC[PR]: 0.258981
Epoch evaluation duration: 124.168448925
Epoch duration: 136.630062103

Epoch 124/200
Epoch training duration: 11.6030879021
Train	AUC[ROC]: 0.999994	AUC[PR]: 0.991445
Val	AUC[ROC]: 0.804007	AUC[PR]: 0.253591
Epoch evaluation duration: 126.049895048
Epoch duration: 137.65298295

Epoch 125/200
Epoch training duration: 12.345705986
Train	AUC[ROC]: 0.999995	AUC[PR]: 0.994086
Val	AUC[ROC]: 0.812120	AUC[PR]: 0.244568
Epoch evaluation duration: 123.592067957
Epoch duration: 135.937773943

Epoch 126/200
Epoch training duration: 12.6370401382
Train	AUC[ROC]: 0.999994	AUC[PR]: 0.993098
Val	AUC[ROC]: 0.814058	AUC[PR]: 0.247264
Epoch evaluation duration: 120.111793995
Epoch duration: 132.748834133

Epoch 127/200
Epoch training duration: 12.4522678852
Train	AUC[ROC]: 0.999995	AUC[PR]: 0.994332
Val	AUC[ROC]: 0.810247	AUC[PR]: 0.247621
Epoch evaluation duration: 125.253857136
Epoch duration: 137.706125021

Epoch 128/200
Epoch training duration: 11.5330159664
Train	AUC[ROC]: 0.999996	AUC[PR]: 0.995894
Val	AUC[ROC]: 0.813896	AUC[PR]: 0.249674
Epoch evaluation duration: 124.626949072
Epoch duration: 136.159965038

Epoch 129/200
Epoch training duration: 12.2817428112
Train	AUC[ROC]: 0.999995	AUC[PR]: 0.993965
Val	AUC[ROC]: 0.829472	AUC[PR]: 0.256371
Epoch evaluation duration: 121.514052153
Epoch duration: 133.795794964

Epoch 130/200
Epoch training duration: 12.6282029152
Train	AUC[ROC]: 0.999997	AUC[PR]: 0.995793
Val	AUC[ROC]: 0.822913	AUC[PR]: 0.256368
Epoch evaluation duration: 126.977226019
Epoch duration: 139.605428934

Epoch 131/200
Epoch training duration: 10.679008007
Train	AUC[ROC]: 0.999997	AUC[PR]: 0.996994
Val	AUC[ROC]: 0.813626	AUC[PR]: 0.252985
Epoch evaluation duration: 121.404362917
Epoch duration: 132.083370924

Epoch 132/200
Epoch training duration: 12.6166419983
Train	AUC[ROC]: 0.999996	AUC[PR]: 0.995564
Val	AUC[ROC]: 0.818479	AUC[PR]: 0.250572
Epoch evaluation duration: 120.030817032
Epoch duration: 132.64745903

Epoch 133/200
Epoch training duration: 11.3851411343
Train	AUC[ROC]: 0.999997	AUC[PR]: 0.996474
Val	AUC[ROC]: 0.816197	AUC[PR]: 0.250256
Epoch evaluation duration: 122.744520903
Epoch duration: 134.129662037

Epoch 134/200
Epoch training duration: 12.73508811
Train	AUC[ROC]: 0.999997	AUC[PR]: 0.996812
Val	AUC[ROC]: 0.810040	AUC[PR]: 0.249492
Epoch evaluation duration: 121.943687916
Epoch duration: 134.678776026

Epoch 135/200
Epoch training duration: 12.424834013
Train	AUC[ROC]: 0.999997	AUC[PR]: 0.996574
Val	AUC[ROC]: 0.812683	AUC[PR]: 0.254590
Epoch evaluation duration: 119.891880989
Epoch duration: 132.316715002

Epoch 136/200
Epoch training duration: 12.392524004
Train	AUC[ROC]: 0.999997	AUC[PR]: 0.996966
Val	AUC[ROC]: 0.805759	AUC[PR]: 0.248928
Epoch evaluation duration: 122.637827873
Epoch duration: 135.030351877

Epoch 137/200
Epoch training duration: 11.4203770161
Train	AUC[ROC]: 0.999998	AUC[PR]: 0.997846
Val	AUC[ROC]: 0.802588	AUC[PR]: 0.245206
Epoch evaluation duration: 123.178125143
Epoch duration: 134.598502159

Epoch 138/200
Epoch training duration: 11.7005360126
Train	AUC[ROC]: 0.999998	AUC[PR]: 0.998338
Val	AUC[ROC]: 0.798770	AUC[PR]: 0.239636
Epoch evaluation duration: 122.86615181
Epoch duration: 134.566687822

Epoch 139/200
Epoch training duration: 12.1711001396
Train	AUC[ROC]: 0.999995	AUC[PR]: 0.992713
Val	AUC[ROC]: 0.796420	AUC[PR]: 0.243327
Epoch evaluation duration: 116.066156864
Epoch duration: 128.237257004

Epoch 140/200
Epoch training duration: 12.8932340145
Train	AUC[ROC]: 0.999994	AUC[PR]: 0.992106
Val	AUC[ROC]: 0.814982	AUC[PR]: 0.249529
Epoch evaluation duration: 126.503237009
Epoch duration: 139.396471024

Epoch 141/200
Epoch training duration: 11.398660183
Train	AUC[ROC]: 0.999994	AUC[PR]: 0.992911
Val	AUC[ROC]: 0.807545	AUC[PR]: 0.243167
Epoch evaluation duration: 120.306943893
Epoch duration: 131.705604076

Epoch 142/200
Epoch training duration: 12.7529120445
Train	AUC[ROC]: 0.999995	AUC[PR]: 0.993150
Val	AUC[ROC]: 0.796683	AUC[PR]: 0.245057
Epoch evaluation duration: 123.207952976
Epoch duration: 135.960865021

Epoch 143/200
Epoch training duration: 12.4213459492
Train	AUC[ROC]: 0.999996	AUC[PR]: 0.994992
Val	AUC[ROC]: 0.796339	AUC[PR]: 0.247510
Epoch evaluation duration: 120.209649086
Epoch duration: 132.630995035

Epoch 144/200
Epoch training duration: 11.3729789257
Train	AUC[ROC]: 0.999996	AUC[PR]: 0.996209
Val	AUC[ROC]: 0.798193	AUC[PR]: 0.246253
Epoch evaluation duration: 116.880378008
Epoch duration: 128.253356934

Epoch 145/200
Epoch training duration: 11.4915249348
Train	AUC[ROC]: 0.999994	AUC[PR]: 0.988660
Val	AUC[ROC]: 0.808012	AUC[PR]: 0.262318
Epoch evaluation duration: 116.902318001
Epoch duration: 128.393842936

Epoch 146/200
Epoch training duration: 12.2301940918
Train	AUC[ROC]: 0.999995	AUC[PR]: 0.992656
Val	AUC[ROC]: 0.801042	AUC[PR]: 0.260135
Epoch evaluation duration: 116.752124071
Epoch duration: 128.982318163

Epoch 147/200
Epoch training duration: 11.345140934
Train	AUC[ROC]: 0.999996	AUC[PR]: 0.993961
Val	AUC[ROC]: 0.798508	AUC[PR]: 0.259371
Epoch evaluation duration: 114.115221977
Epoch duration: 125.460362911

Epoch 148/200
Epoch training duration: 11.8128080368
Train	AUC[ROC]: 0.999995	AUC[PR]: 0.993786
Val	AUC[ROC]: 0.808719	AUC[PR]: 0.255124
Epoch evaluation duration: 110.602210999
Epoch duration: 122.415019035

Epoch 149/200
Epoch training duration: 11.5047910213
Train	AUC[ROC]: 0.999996	AUC[PR]: 0.994404
Val	AUC[ROC]: 0.805347	AUC[PR]: 0.256723
Epoch evaluation duration: 108.721338987
Epoch duration: 120.226130009

Epoch 150/200
Epoch training duration: 10.7055239677
Train	AUC[ROC]: 0.999997	AUC[PR]: 0.995794
Val	AUC[ROC]: 0.798416	AUC[PR]: 0.253302
Epoch evaluation duration: 111.961175919
Epoch duration: 122.666699886

Epoch 151/200
Epoch training duration: 11.598222971
Train	AUC[ROC]: 0.999996	AUC[PR]: 0.994984
Val	AUC[ROC]: 0.807759	AUC[PR]: 0.249470
Epoch evaluation duration: 109.714162111
Epoch duration: 121.312385082

Epoch 152/200
Epoch training duration: 12.5608079433
Train	AUC[ROC]: 0.999997	AUC[PR]: 0.996676
Val	AUC[ROC]: 0.800530	AUC[PR]: 0.239790
Epoch evaluation duration: 110.913181067
Epoch duration: 123.47398901

Epoch 153/200
Epoch training duration: 13.3719410896
Train	AUC[ROC]: 0.999998	AUC[PR]: 0.997823
Val	AUC[ROC]: 0.807004	AUC[PR]: 0.235489
Epoch evaluation duration: 114.851615906
Epoch duration: 128.223556995

Epoch 154/200
Epoch training duration: 13.4043169022
Train	AUC[ROC]: 0.999998	AUC[PR]: 0.997723
Val	AUC[ROC]: 0.802136	AUC[PR]: 0.241688
Epoch evaluation duration: 115.69772315
Epoch duration: 129.102040052

Epoch 155/200
Epoch training duration: 11.7970478535
Train	AUC[ROC]: 0.999998	AUC[PR]: 0.997919
Val	AUC[ROC]: 0.800427	AUC[PR]: 0.243094
Epoch evaluation duration: 118.423108101
Epoch duration: 130.220155954

Epoch 156/200
Epoch training duration: 12.2370450497
Train	AUC[ROC]: 0.999998	AUC[PR]: 0.998078
Val	AUC[ROC]: 0.796411	AUC[PR]: 0.245151
Epoch evaluation duration: 114.144366026
Epoch duration: 126.381411076

Epoch 157/200
Epoch training duration: 12.1512060165
Train	AUC[ROC]: 0.999998	AUC[PR]: 0.998146
Val	AUC[ROC]: 0.792897	AUC[PR]: 0.245675
Epoch evaluation duration: 116.037805796
Epoch duration: 128.189011812

Epoch 158/200
Epoch training duration: 10.5812489986
Train	AUC[ROC]: 0.999998	AUC[PR]: 0.998320
Val	AUC[ROC]: 0.793382	AUC[PR]: 0.248351
Epoch evaluation duration: 115.370007038
Epoch duration: 125.951256037

Epoch 159/200
Epoch training duration: 12.344907999
Train	AUC[ROC]: 0.999999	AUC[PR]: 0.998740
Val	AUC[ROC]: 0.795682	AUC[PR]: 0.251833
Epoch evaluation duration: 114.256119013
Epoch duration: 126.601027012

Epoch 160/200
Epoch training duration: 11.7694411278
Train	AUC[ROC]: 0.999998	AUC[PR]: 0.997644
Val	AUC[ROC]: 0.797232	AUC[PR]: 0.249261
Epoch evaluation duration: 114.489343882
Epoch duration: 126.258785009

Epoch 161/200
Epoch training duration: 11.6236560345
Train	AUC[ROC]: 0.999999	AUC[PR]: 0.999238
Val	AUC[ROC]: 0.788914	AUC[PR]: 0.244662
Epoch evaluation duration: 109.91383791
Epoch duration: 121.537493944

Epoch 162/200
Epoch training duration: 10.9411420822
Train	AUC[ROC]: 0.999999	AUC[PR]: 0.999470
Val	AUC[ROC]: 0.796644	AUC[PR]: 0.246954
Epoch evaluation duration: 115.646858931
Epoch duration: 126.588001013

Epoch 163/200
Epoch training duration: 11.2309811115
Train	AUC[ROC]: 0.999999	AUC[PR]: 0.999059
Val	AUC[ROC]: 0.805025	AUC[PR]: 0.250183
Epoch evaluation duration: 114.513778925
Epoch duration: 125.744760036

Epoch 164/200
Epoch training duration: 10.5261440277
Train	AUC[ROC]: 0.999999	AUC[PR]: 0.999422
Val	AUC[ROC]: 0.794467	AUC[PR]: 0.242249
Epoch evaluation duration: 113.655738115
Epoch duration: 124.181882143

Epoch 165/200
Epoch training duration: 12.045208931
Train	AUC[ROC]: 0.999999	AUC[PR]: 0.999026
Val	AUC[ROC]: 0.804196	AUC[PR]: 0.246338
Epoch evaluation duration: 112.085735083
Epoch duration: 124.130944014

Epoch 166/200
Epoch training duration: 12.2872438431
Train	AUC[ROC]: 0.999997	AUC[PR]: 0.996594
Val	AUC[ROC]: 0.805997	AUC[PR]: 0.254914
Epoch evaluation duration: 114.009066105
Epoch duration: 126.296309948

Epoch 167/200
Epoch training duration: 10.0329978466
Train	AUC[ROC]: 0.999998	AUC[PR]: 0.998442
Val	AUC[ROC]: 0.801998	AUC[PR]: 0.251703
Epoch evaluation duration: 115.206344128
Epoch duration: 125.239341974

Epoch 168/200
Epoch training duration: 10.8935470581
Train	AUC[ROC]: 0.999999	AUC[PR]: 0.999144
Val	AUC[ROC]: 0.802797	AUC[PR]: 0.249182
Epoch evaluation duration: 112.093611956
Epoch duration: 122.987159014

Epoch 169/200
Epoch training duration: 12.0054318905
Train	AUC[ROC]: 0.999997	AUC[PR]: 0.997015
Val	AUC[ROC]: 0.813754	AUC[PR]: 0.249955
Epoch evaluation duration: 111.397730112
Epoch duration: 123.403162003

Epoch 170/200
Epoch training duration: 11.5190918446
Train	AUC[ROC]: 0.999999	AUC[PR]: 0.998794
Val	AUC[ROC]: 0.800627	AUC[PR]: 0.244656
Epoch evaluation duration: 113.839106083
Epoch duration: 125.358197927

Epoch 171/200
Epoch training duration: 10.7636339664
Train	AUC[ROC]: 0.999999	AUC[PR]: 0.999347
Val	AUC[ROC]: 0.792070	AUC[PR]: 0.240845
Epoch evaluation duration: 111.456313133
Epoch duration: 122.2199471

Epoch 172/200
Epoch training duration: 11.5914750099
Train	AUC[ROC]: 0.999999	AUC[PR]: 0.998677
Val	AUC[ROC]: 0.804243	AUC[PR]: 0.245458
Epoch evaluation duration: 113.425556898
Epoch duration: 125.017031908

Epoch 173/200
Epoch training duration: 11.4322400093
Train	AUC[ROC]: 0.999997	AUC[PR]: 0.996504
Val	AUC[ROC]: 0.795254	AUC[PR]: 0.245512
Epoch evaluation duration: 116.703643084
Epoch duration: 128.135883093

Epoch 174/200
Epoch training duration: 9.80804800987
Train	AUC[ROC]: 0.999995	AUC[PR]: 0.994247
Val	AUC[ROC]: 0.800232	AUC[PR]: 0.243688
Epoch evaluation duration: 112.812008858
Epoch duration: 122.620056868

Epoch 175/200
Epoch training duration: 11.8128459454
Train	AUC[ROC]: 0.999996	AUC[PR]: 0.996338
Val	AUC[ROC]: 0.793601	AUC[PR]: 0.243236
Epoch evaluation duration: 114.456340075
Epoch duration: 126.26918602

Epoch 176/200
Epoch training duration: 11.9896130562
Train	AUC[ROC]: 0.999997	AUC[PR]: 0.996681
Val	AUC[ROC]: 0.791060	AUC[PR]: 0.236416
Epoch evaluation duration: 114.554081917
Epoch duration: 126.543694973

Epoch 177/200
Epoch training duration: 11.1722409725
Train	AUC[ROC]: 0.999998	AUC[PR]: 0.998217
Val	AUC[ROC]: 0.785009	AUC[PR]: 0.229194
Epoch evaluation duration: 111.621673107
Epoch duration: 122.79391408

Epoch 178/200
Epoch training duration: 12.008920908
Train	AUC[ROC]: 0.999998	AUC[PR]: 0.998686
Val	AUC[ROC]: 0.784843	AUC[PR]: 0.232881
Epoch evaluation duration: 115.39359808
Epoch duration: 127.402518988

Epoch 179/200
Epoch training duration: 11.806812048
Train	AUC[ROC]: 0.999999	AUC[PR]: 0.999272
Val	AUC[ROC]: 0.785182	AUC[PR]: 0.236330
Epoch evaluation duration: 112.433697939
Epoch duration: 124.240509987

Epoch 180/200
Epoch training duration: 10.4806399345
Train	AUC[ROC]: 1.000000	AUC[PR]: 0.999651
Val	AUC[ROC]: 0.778921	AUC[PR]: 0.243753
Epoch evaluation duration: 117.169939995
Epoch duration: 127.650579929

Epoch 181/200
Epoch training duration: 11.8243231773
Train	AUC[ROC]: 0.999999	AUC[PR]: 0.999561
Val	AUC[ROC]: 0.777602	AUC[PR]: 0.243775
Epoch evaluation duration: 114.254972935
Epoch duration: 126.079296112

Epoch 182/200
Epoch training duration: 11.5329680443
Train	AUC[ROC]: 1.000000	AUC[PR]: 0.999686
Val	AUC[ROC]: 0.782870	AUC[PR]: 0.230213
Epoch evaluation duration: 113.502661943
Epoch duration: 125.035629988

Epoch 183/200
Epoch training duration: 11.2128078938
Train	AUC[ROC]: 1.000000	AUC[PR]: 0.999946
Val	AUC[ROC]: 0.786974	AUC[PR]: 0.231477
Epoch evaluation duration: 113.802603006
Epoch duration: 125.0154109

Epoch 184/200
Epoch training duration: 10.9739000797
Train	AUC[ROC]: 1.000000	AUC[PR]: 0.999946
Val	AUC[ROC]: 0.794837	AUC[PR]: 0.232570
Epoch evaluation duration: 110.93343997
Epoch duration: 121.90734005

Epoch 185/200
Epoch training duration: 11.50268507
Train	AUC[ROC]: 0.999998	AUC[PR]: 0.998315
Val	AUC[ROC]: 0.791414	AUC[PR]: 0.229346
Epoch evaluation duration: 113.112293005
Epoch duration: 124.614978075

Epoch 186/200
Epoch training duration: 11.9282569885
Train	AUC[ROC]: 0.999999	AUC[PR]: 0.998663
Val	AUC[ROC]: 0.792247	AUC[PR]: 0.230223
Epoch evaluation duration: 119.670258045
Epoch duration: 131.598515034

Epoch 187/200
Epoch training duration: 11.4797649384
Train	AUC[ROC]: 0.999999	AUC[PR]: 0.999220
Val	AUC[ROC]: 0.791629	AUC[PR]: 0.232950
Epoch evaluation duration: 115.912849903
Epoch duration: 127.392614841

Epoch 188/200
Epoch training duration: 11.9428701401
Train	AUC[ROC]: 0.999999	AUC[PR]: 0.999564
Val	AUC[ROC]: 0.794283	AUC[PR]: 0.244654
Epoch evaluation duration: 114.645292997
Epoch duration: 126.588163137

Epoch 189/200
Epoch training duration: 11.1935749054
Train	AUC[ROC]: 1.000000	AUC[PR]: 0.999738
Val	AUC[ROC]: 0.785550	AUC[PR]: 0.232016
Epoch evaluation duration: 121.225927114
Epoch duration: 132.41950202

Epoch 190/200
Epoch training duration: 10.9196209908
Train	AUC[ROC]: 1.000000	AUC[PR]: 0.999973
Val	AUC[ROC]: 0.782427	AUC[PR]: 0.225470
Epoch evaluation duration: 109.615037918
Epoch duration: 120.534658909

Epoch 191/200
Epoch training duration: 11.9068739414
Train	AUC[ROC]: 1.000000	AUC[PR]: 0.999982
Val	AUC[ROC]: 0.777016	AUC[PR]: 0.233437
Epoch evaluation duration: 107.394853115
Epoch duration: 119.301727057

Epoch 192/200
Epoch training duration: 11.8288578987
Train	AUC[ROC]: 0.999999	AUC[PR]: 0.999577
Val	AUC[ROC]: 0.790947	AUC[PR]: 0.240165
Epoch evaluation duration: 113.657797098
Epoch duration: 125.486654997

Epoch 193/200
Epoch training duration: 10.9878339767
Train	AUC[ROC]: 1.000000	AUC[PR]: 0.999991
Val	AUC[ROC]: 0.774581	AUC[PR]: 0.229757
Epoch evaluation duration: 116.179713964
Epoch duration: 127.167547941

Epoch 194/200
Epoch training duration: 11.0599269867
Train	AUC[ROC]: 1.000000	AUC[PR]: 0.999991
Val	AUC[ROC]: 0.765962	AUC[PR]: 0.236593
Epoch evaluation duration: 113.519699097
Epoch duration: 124.579626083

Epoch 195/200
Epoch training duration: 11.7866029739
Train	AUC[ROC]: 1.000000	AUC[PR]: 0.999955
Val	AUC[ROC]: 0.781992	AUC[PR]: 0.237629
Epoch evaluation duration: 111.115026951
Epoch duration: 122.901629925

Epoch 196/200
Epoch training duration: 10.7832510471
Train	AUC[ROC]: 1.000000	AUC[PR]: 0.999973
Val	AUC[ROC]: 0.776227	AUC[PR]: 0.241482
Epoch evaluation duration: 113.338809013
Epoch duration: 124.122060061

train precision: 0.988660350002
train roc: 0.999993547535
train hit in top 2563: 332.0 out of 332.0

val precision: 0.262317511544
val roc: 0.808011761674
val hit in top 427: 35.0 out of 56.0

test precision: 0.133322701054
test roc: 0.725341510849
test hit in top 427: 29.0 out of 56.0

ratio: 0.02, EF: 28.5714285714,	active: 56.0
ratio: 0.02, NEF: 0.571428571429
ratio: 0.01, EF: 51.7857142857,	active: 56.0
ratio: 0.01, NEF: 0.517857142857
ratio: 0.0015, EF: 202.380952381,	active: 56.0
ratio: 0.0015, NEF: 0.303571428571
ratio: 0.001, EF: 178.571428571,	active: 56.0
ratio: 0.001, NEF: 0.238095238095

