label_name_list  [u'PriA-SSB AS Activity']
train files  ['../datasets/keck_pria/fold_0.csv' '../datasets/keck_pria/fold_1.csv'
 '../datasets/keck_pria/fold_2.csv' '../datasets/keck_pria/fold_3.csv'
 '../datasets/keck_pria/fold_6.csv' '../datasets/keck_pria/fold_7.csv']
val files  ['../datasets/keck_pria/fold_4.csv']
test files  ['../datasets/keck_pria/fold_5.csv']
Class Weight  [{0: 1.0, 1: 766.625748502994}]
Epoch 1/1000
Epoch training duration: 23.2541670799
Train	AUC[ROC]: 0.925025	AUC[PR]: 0.135988
Val	AUC[ROC]: 0.808147	AUC[PR]: 0.034880
Epoch evaluation duration: 209.203736067
Epoch duration: 232.457903147

Epoch 2/1000
Epoch training duration: 23.4170370102
Train	AUC[ROC]: 0.957293	AUC[PR]: 0.151829
Val	AUC[ROC]: 0.827964	AUC[PR]: 0.038205
Epoch evaluation duration: 207.848822832
Epoch duration: 231.265859842

Epoch 3/1000
Epoch training duration: 22.8208711147
Train	AUC[ROC]: 0.977633	AUC[PR]: 0.181625
Val	AUC[ROC]: 0.834682	AUC[PR]: 0.052354
Epoch evaluation duration: 209.768251896
Epoch duration: 232.589123011

Epoch 4/1000
Epoch training duration: 23.6662170887
Train	AUC[ROC]: 0.988436	AUC[PR]: 0.212242
Val	AUC[ROC]: 0.829335	AUC[PR]: 0.056800
Epoch evaluation duration: 209.411631107
Epoch duration: 233.077848196

Epoch 5/1000
Epoch training duration: 23.0706889629
Train	AUC[ROC]: 0.993311	AUC[PR]: 0.251743
Val	AUC[ROC]: 0.827260	AUC[PR]: 0.064471
Epoch evaluation duration: 207.738188982
Epoch duration: 230.808877945

Epoch 6/1000
Epoch training duration: 22.9322369099
Train	AUC[ROC]: 0.995625	AUC[PR]: 0.287252
Val	AUC[ROC]: 0.821627	AUC[PR]: 0.069806
Epoch evaluation duration: 202.74894309
Epoch duration: 225.68118

Epoch 7/1000
Epoch training duration: 19.5151250362
Train	AUC[ROC]: 0.996693	AUC[PR]: 0.320903
Val	AUC[ROC]: 0.812141	AUC[PR]: 0.077407
Epoch evaluation duration: 200.314496994
Epoch duration: 219.82962203

Epoch 8/1000
Epoch training duration: 23.2956578732
Train	AUC[ROC]: 0.997850	AUC[PR]: 0.365421
Val	AUC[ROC]: 0.821047	AUC[PR]: 0.076878
Epoch evaluation duration: 208.224339962
Epoch duration: 231.519997835

Epoch 9/1000
Epoch training duration: 23.1207370758
Train	AUC[ROC]: 0.998385	AUC[PR]: 0.404041
Val	AUC[ROC]: 0.814178	AUC[PR]: 0.077905
Epoch evaluation duration: 208.281419992
Epoch duration: 231.402157068

Epoch 10/1000
Epoch training duration: 23.096558094
Train	AUC[ROC]: 0.998667	AUC[PR]: 0.434433
Val	AUC[ROC]: 0.808047	AUC[PR]: 0.083461
Epoch evaluation duration: 207.280630827
Epoch duration: 230.377188921

Epoch 11/1000
Epoch training duration: 23.2403821945
Train	AUC[ROC]: 0.999097	AUC[PR]: 0.500554
Val	AUC[ROC]: 0.807705	AUC[PR]: 0.087366
Epoch evaluation duration: 207.370790005
Epoch duration: 230.611172199

Epoch 12/1000
Epoch training duration: 23.0630629063
Train	AUC[ROC]: 0.999185	AUC[PR]: 0.522358
Val	AUC[ROC]: 0.811007	AUC[PR]: 0.090647
Epoch evaluation duration: 208.256213903
Epoch duration: 231.31927681

Epoch 13/1000
Epoch training duration: 23.279556036
Train	AUC[ROC]: 0.999323	AUC[PR]: 0.565555
Val	AUC[ROC]: 0.802882	AUC[PR]: 0.088486
Epoch evaluation duration: 208.103019953
Epoch duration: 231.382575989

Epoch 14/1000
Epoch training duration: 23.4367201328
Train	AUC[ROC]: 0.999444	AUC[PR]: 0.604796
Val	AUC[ROC]: 0.806286	AUC[PR]: 0.093146
Epoch evaluation duration: 209.219647884
Epoch duration: 232.656368017

Epoch 15/1000
Epoch training duration: 22.9916861057
Train	AUC[ROC]: 0.999558	AUC[PR]: 0.631087
Val	AUC[ROC]: 0.791593	AUC[PR]: 0.096190
Epoch evaluation duration: 202.704155922
Epoch duration: 225.695842028

Epoch 16/1000
Epoch training duration: 20.4140911102
Train	AUC[ROC]: 0.999619	AUC[PR]: 0.656093
Val	AUC[ROC]: 0.791857	AUC[PR]: 0.096592
Epoch evaluation duration: 202.326795816
Epoch duration: 222.740886927

Epoch 17/1000
Epoch training duration: 23.0915482044
Train	AUC[ROC]: 0.999666	AUC[PR]: 0.677491
Val	AUC[ROC]: 0.778898	AUC[PR]: 0.104776
Epoch evaluation duration: 207.906056881
Epoch duration: 230.997605085

Epoch 18/1000
Epoch training duration: 23.5825231075
Train	AUC[ROC]: 0.999727	AUC[PR]: 0.721635
Val	AUC[ROC]: 0.777520	AUC[PR]: 0.107570
Epoch evaluation duration: 208.181211948
Epoch duration: 231.763735056

Epoch 19/1000
Epoch training duration: 22.9935150146
Train	AUC[ROC]: 0.999755	AUC[PR]: 0.738776
Val	AUC[ROC]: 0.770794	AUC[PR]: 0.103111
Epoch evaluation duration: 208.818444014
Epoch duration: 231.811959028

Epoch 20/1000
Epoch training duration: 23.2726049423
Train	AUC[ROC]: 0.999768	AUC[PR]: 0.753390
Val	AUC[ROC]: 0.771453	AUC[PR]: 0.114461
Epoch evaluation duration: 207.503794909
Epoch duration: 230.776399851

Epoch 21/1000
Epoch training duration: 23.1712560654
Train	AUC[ROC]: 0.999774	AUC[PR]: 0.762503
Val	AUC[ROC]: 0.770068	AUC[PR]: 0.111529
Epoch evaluation duration: 188.014513969
Epoch duration: 211.185770035

Epoch 22/1000
Epoch training duration: 23.0057890415
Train	AUC[ROC]: 0.999806	AUC[PR]: 0.780946
Val	AUC[ROC]: 0.753840	AUC[PR]: 0.119559
Epoch evaluation duration: 208.112087965
Epoch duration: 231.117877007

Epoch 23/1000
Epoch training duration: 23.3799231052
Train	AUC[ROC]: 0.999824	AUC[PR]: 0.796525
Val	AUC[ROC]: 0.763213	AUC[PR]: 0.113227
Epoch evaluation duration: 207.263618946
Epoch duration: 230.643542051

Epoch 24/1000
Epoch training duration: 23.2917809486
Train	AUC[ROC]: 0.999839	AUC[PR]: 0.809038
Val	AUC[ROC]: 0.765454	AUC[PR]: 0.111148
Epoch evaluation duration: 206.695362091
Epoch duration: 229.98714304

Epoch 25/1000
Epoch training duration: 22.4105758667
Train	AUC[ROC]: 0.999816	AUC[PR]: 0.790339
Val	AUC[ROC]: 0.770050	AUC[PR]: 0.112841
Epoch evaluation duration: 208.699517012
Epoch duration: 231.110092878

Epoch 26/1000
Epoch training duration: 23.2685110569
Train	AUC[ROC]: 0.999858	AUC[PR]: 0.825798
Val	AUC[ROC]: 0.755800	AUC[PR]: 0.111936
Epoch evaluation duration: 209.093924999
Epoch duration: 232.362436056

Epoch 27/1000
Epoch training duration: 22.808866024
Train	AUC[ROC]: 0.999866	AUC[PR]: 0.827519
Val	AUC[ROC]: 0.761247	AUC[PR]: 0.109976
Epoch evaluation duration: 192.322017908
Epoch duration: 215.130883932

Epoch 28/1000
Epoch training duration: 22.7851750851
Train	AUC[ROC]: 0.999883	AUC[PR]: 0.843842
Val	AUC[ROC]: 0.752947	AUC[PR]: 0.105745
Epoch evaluation duration: 208.063677073
Epoch duration: 230.848852158

Epoch 29/1000
Epoch training duration: 22.8113160133
Train	AUC[ROC]: 0.999879	AUC[PR]: 0.848287
Val	AUC[ROC]: 0.751706	AUC[PR]: 0.110573
Epoch evaluation duration: 208.365072012
Epoch duration: 231.176388025

Epoch 30/1000
Epoch training duration: 22.9744968414
Train	AUC[ROC]: 0.999880	AUC[PR]: 0.849416
Val	AUC[ROC]: 0.763252	AUC[PR]: 0.110012
Epoch evaluation duration: 207.973217964
Epoch duration: 230.947714806

Epoch 31/1000
Epoch training duration: 22.4520361423
Train	AUC[ROC]: 0.999890	AUC[PR]: 0.857758
Val	AUC[ROC]: 0.746961	AUC[PR]: 0.111606
Epoch evaluation duration: 208.418493986
Epoch duration: 230.870530128

Epoch 32/1000
Epoch training duration: 22.5834269524
Train	AUC[ROC]: 0.999907	AUC[PR]: 0.879127
Val	AUC[ROC]: 0.750081	AUC[PR]: 0.114741
Epoch evaluation duration: 208.708071947
Epoch duration: 231.291498899

Epoch 33/1000
Epoch training duration: 22.6314811707
Train	AUC[ROC]: 0.999912	AUC[PR]: 0.883332
Val	AUC[ROC]: 0.755564	AUC[PR]: 0.108705
Epoch evaluation duration: 208.336774826
Epoch duration: 230.968255997

Epoch 34/1000
Epoch training duration: 22.4267292023
Train	AUC[ROC]: 0.999920	AUC[PR]: 0.891667
Val	AUC[ROC]: 0.761318	AUC[PR]: 0.113662
Epoch evaluation duration: 208.737593889
Epoch duration: 231.164323092

Epoch 35/1000
Epoch training duration: 22.7019770145
Train	AUC[ROC]: 0.999940	AUC[PR]: 0.918542
Val	AUC[ROC]: 0.752044	AUC[PR]: 0.109156
Epoch evaluation duration: 206.315248013
Epoch duration: 229.017225027

Epoch 36/1000
Epoch training duration: 22.9870400429
Train	AUC[ROC]: 0.999930	AUC[PR]: 0.912236
Val	AUC[ROC]: 0.729525	AUC[PR]: 0.116339
Epoch evaluation duration: 208.64483881
Epoch duration: 231.631878853

Epoch 37/1000
Epoch training duration: 23.10227108
Train	AUC[ROC]: 0.999937	AUC[PR]: 0.919808
Val	AUC[ROC]: 0.750097	AUC[PR]: 0.109403
Epoch evaluation duration: 207.07694912
Epoch duration: 230.1792202

Epoch 38/1000
Epoch training duration: 23.4759349823
Train	AUC[ROC]: 0.999949	AUC[PR]: 0.936007
Val	AUC[ROC]: 0.722023	AUC[PR]: 0.111258
Epoch evaluation duration: 206.60658288
Epoch duration: 230.082517862

Epoch 39/1000
Epoch training duration: 23.1864161491
Train	AUC[ROC]: 0.999949	AUC[PR]: 0.936466
Val	AUC[ROC]: 0.744138	AUC[PR]: 0.113719
Epoch evaluation duration: 206.930476904
Epoch duration: 230.116893053

Epoch 40/1000
Epoch training duration: 23.2709989548
Train	AUC[ROC]: 0.999956	AUC[PR]: 0.945243
Val	AUC[ROC]: 0.734188	AUC[PR]: 0.114751
Epoch evaluation duration: 207.387937069
Epoch duration: 230.658936024

Epoch 41/1000
Epoch training duration: 23.3607430458
Train	AUC[ROC]: 0.999957	AUC[PR]: 0.947113
Val	AUC[ROC]: 0.757474	AUC[PR]: 0.108181
Epoch evaluation duration: 207.780957937
Epoch duration: 231.141700983

Epoch 42/1000
Epoch training duration: 23.4206590652
Train	AUC[ROC]: 0.999960	AUC[PR]: 0.951733
Val	AUC[ROC]: 0.739114	AUC[PR]: 0.107612
Epoch evaluation duration: 207.268494844
Epoch duration: 230.68915391

Epoch 43/1000
Epoch training duration: 23.253921032
Train	AUC[ROC]: 0.999961	AUC[PR]: 0.952573
Val	AUC[ROC]: 0.751312	AUC[PR]: 0.105490
Epoch evaluation duration: 207.050781012
Epoch duration: 230.304702044

Epoch 44/1000
Epoch training duration: 23.6185359955
Train	AUC[ROC]: 0.999960	AUC[PR]: 0.954522
Val	AUC[ROC]: 0.753776	AUC[PR]: 0.107267
Epoch evaluation duration: 198.55549407
Epoch duration: 222.174030066

Epoch 45/1000
Epoch training duration: 20.9612998962
Train	AUC[ROC]: 0.999975	AUC[PR]: 0.972927
Val	AUC[ROC]: 0.705922	AUC[PR]: 0.097589
Epoch evaluation duration: 184.350435019
Epoch duration: 205.311734915

Epoch 46/1000
Epoch training duration: 23.4566111565
Train	AUC[ROC]: 0.999974	AUC[PR]: 0.970163
Val	AUC[ROC]: 0.708790	AUC[PR]: 0.105857
Epoch evaluation duration: 206.30486083
Epoch duration: 229.761471987

Epoch 47/1000
Epoch training duration: 23.293320179
Train	AUC[ROC]: 0.999979	AUC[PR]: 0.977700
Val	AUC[ROC]: 0.700348	AUC[PR]: 0.106128
Epoch evaluation duration: 207.755733967
Epoch duration: 231.049054146

Epoch 48/1000
Epoch training duration: 22.8933959007
Train	AUC[ROC]: 0.999973	AUC[PR]: 0.965374
Val	AUC[ROC]: 0.718365	AUC[PR]: 0.112792
Epoch evaluation duration: 208.267267942
Epoch duration: 231.160663843

Epoch 49/1000
Epoch training duration: 23.3370909691
Train	AUC[ROC]: 0.999971	AUC[PR]: 0.952738
Val	AUC[ROC]: 0.710780	AUC[PR]: 0.111783
Epoch evaluation duration: 208.278525114
Epoch duration: 231.615616083

Epoch 50/1000
Epoch training duration: 22.821171999
Train	AUC[ROC]: 0.999975	AUC[PR]: 0.961532
Val	AUC[ROC]: 0.704694	AUC[PR]: 0.107509
Epoch evaluation duration: 206.404264927
Epoch duration: 229.225436926

Epoch 51/1000
Epoch training duration: 23.2887830734
Train	AUC[ROC]: 0.999984	AUC[PR]: 0.970859
Val	AUC[ROC]: 0.681278	AUC[PR]: 0.105274
Epoch evaluation duration: 208.122168064
Epoch duration: 231.410951138

Epoch 52/1000
Epoch training duration: 23.290763855
Train	AUC[ROC]: 0.999971	AUC[PR]: 0.948654
Val	AUC[ROC]: 0.685622	AUC[PR]: 0.104068
Epoch evaluation duration: 206.713438034
Epoch duration: 230.004201889

Epoch 53/1000
Epoch training duration: 23.2380950451
Train	AUC[ROC]: 0.999976	AUC[PR]: 0.957359
Val	AUC[ROC]: 0.677107	AUC[PR]: 0.120942
Epoch evaluation duration: 206.391072989
Epoch duration: 229.629168034

Epoch 54/1000
Epoch training duration: 22.924654007
Train	AUC[ROC]: 0.999973	AUC[PR]: 0.961014
Val	AUC[ROC]: 0.702441	AUC[PR]: 0.112652
Epoch evaluation duration: 206.507960081
Epoch duration: 229.432614088

Epoch 55/1000
Epoch training duration: 23.3123948574
Train	AUC[ROC]: 0.999980	AUC[PR]: 0.965678
Val	AUC[ROC]: 0.691143	AUC[PR]: 0.111851
Epoch evaluation duration: 207.230825186
Epoch duration: 230.543220043

Epoch 56/1000
Epoch training duration: 22.9604408741
Train	AUC[ROC]: 0.999974	AUC[PR]: 0.964138
Val	AUC[ROC]: 0.729639	AUC[PR]: 0.111831
Epoch evaluation duration: 207.36370492
Epoch duration: 230.324145794

Epoch 57/1000
Epoch training duration: 22.9681479931
Train	AUC[ROC]: 0.999978	AUC[PR]: 0.966146
Val	AUC[ROC]: 0.696909	AUC[PR]: 0.096835
Epoch evaluation duration: 204.656008005
Epoch duration: 227.624155998

Epoch 58/1000
Epoch training duration: 22.9931759834
Train	AUC[ROC]: 0.999985	AUC[PR]: 0.976846
Val	AUC[ROC]: 0.693476	AUC[PR]: 0.102756
Epoch evaluation duration: 205.821871042
Epoch duration: 228.815047026

Epoch 59/1000
Epoch training duration: 23.4797670841
Train	AUC[ROC]: 0.999983	AUC[PR]: 0.975111
Val	AUC[ROC]: 0.707362	AUC[PR]: 0.118031
Epoch evaluation duration: 205.096716881
Epoch duration: 228.576483965

Epoch 60/1000
Epoch training duration: 23.449349165
Train	AUC[ROC]: 0.999980	AUC[PR]: 0.974509
Val	AUC[ROC]: 0.666376	AUC[PR]: 0.101665
Epoch evaluation duration: 205.30261898
Epoch duration: 228.751968145

Epoch 61/1000
Epoch training duration: 23.2962899208
Train	AUC[ROC]: 0.999984	AUC[PR]: 0.979764
Val	AUC[ROC]: 0.683231	AUC[PR]: 0.105267
Epoch evaluation duration: 206.872290134
Epoch duration: 230.168580055

Epoch 62/1000
Epoch training duration: 23.5013899803
Train	AUC[ROC]: 0.999988	AUC[PR]: 0.985024
Val	AUC[ROC]: 0.674075	AUC[PR]: 0.117206
Epoch evaluation duration: 206.069988012
Epoch duration: 229.571377993

Epoch 63/1000
Epoch training duration: 22.7430419922
Train	AUC[ROC]: 0.999989	AUC[PR]: 0.983737
Val	AUC[ROC]: 0.682686	AUC[PR]: 0.102288
Epoch evaluation duration: 189.808156967
Epoch duration: 212.551198959

Epoch 64/1000
Epoch training duration: 22.3316190243
Train	AUC[ROC]: 0.999988	AUC[PR]: 0.978048
Val	AUC[ROC]: 0.652773	AUC[PR]: 0.110203
Epoch evaluation duration: 206.12308383
Epoch duration: 228.454702854

Epoch 65/1000
Epoch training duration: 23.1755599976
Train	AUC[ROC]: 0.999986	AUC[PR]: 0.979790
Val	AUC[ROC]: 0.681029	AUC[PR]: 0.108449
Epoch evaluation duration: 206.141185999
Epoch duration: 229.316745996

Epoch 66/1000
Epoch training duration: 22.3398551941
Train	AUC[ROC]: 0.999989	AUC[PR]: 0.985883
Val	AUC[ROC]: 0.672153	AUC[PR]: 0.099574
Epoch evaluation duration: 204.803725004
Epoch duration: 227.143580198

Epoch 67/1000
Epoch training duration: 23.1269369125
Train	AUC[ROC]: 0.999949	AUC[PR]: 0.927778
Val	AUC[ROC]: 0.760007	AUC[PR]: 0.092779
Epoch evaluation duration: 205.746891975
Epoch duration: 228.873828888

Epoch 68/1000
Epoch training duration: 22.6493480206
Train	AUC[ROC]: 0.999985	AUC[PR]: 0.983598
Val	AUC[ROC]: 0.700135	AUC[PR]: 0.094714
Epoch evaluation duration: 205.459609032
Epoch duration: 228.108957052

Epoch 69/1000
Epoch training duration: 23.1833930016
Train	AUC[ROC]: 0.999988	AUC[PR]: 0.986939
Val	AUC[ROC]: 0.671619	AUC[PR]: 0.109921
Epoch evaluation duration: 206.040402889
Epoch duration: 229.223795891

Epoch 70/1000
Epoch training duration: 22.8316781521
Train	AUC[ROC]: 0.999992	AUC[PR]: 0.991092
Val	AUC[ROC]: 0.655570	AUC[PR]: 0.104794
Epoch evaluation duration: 206.044320822
Epoch duration: 228.875998974

Epoch 71/1000
Epoch training duration: 22.7962770462
Train	AUC[ROC]: 0.999995	AUC[PR]: 0.994964
Val	AUC[ROC]: 0.643946	AUC[PR]: 0.096881
Epoch evaluation duration: 205.920541048
Epoch duration: 228.716818094

Epoch 72/1000
Epoch training duration: 23.0717830658
Train	AUC[ROC]: 0.999960	AUC[PR]: 0.944940
Val	AUC[ROC]: 0.776528	AUC[PR]: 0.079363
Epoch evaluation duration: 206.643904924
Epoch duration: 229.71568799

Epoch 73/1000
Epoch training duration: 22.9569051266
Train	AUC[ROC]: 0.999979	AUC[PR]: 0.968843
Val	AUC[ROC]: 0.695113	AUC[PR]: 0.091132
Epoch evaluation duration: 205.047351837
Epoch duration: 228.004256964

Epoch 74/1000
Epoch training duration: 23.1266210079
Train	AUC[ROC]: 0.999985	AUC[PR]: 0.975736
Val	AUC[ROC]: 0.658796	AUC[PR]: 0.088616
Epoch evaluation duration: 204.764703989
Epoch duration: 227.891324997

Epoch 75/1000
Epoch training duration: 23.0078780651
Train	AUC[ROC]: 0.999986	AUC[PR]: 0.980246
Val	AUC[ROC]: 0.659429	AUC[PR]: 0.100210
Epoch evaluation duration: 205.606956005
Epoch duration: 228.61483407

Epoch 76/1000
Epoch training duration: 22.8809518814
Train	AUC[ROC]: 0.999978	AUC[PR]: 0.965842
Val	AUC[ROC]: 0.661995	AUC[PR]: 0.088603
Epoch evaluation duration: 205.024998188
Epoch duration: 227.905950069

Epoch 77/1000
Epoch training duration: 22.7969708443
Train	AUC[ROC]: 0.999983	AUC[PR]: 0.970760
Val	AUC[ROC]: 0.644744	AUC[PR]: 0.089843
Epoch evaluation duration: 205.620978117
Epoch duration: 228.417948961

Epoch 78/1000
Epoch training duration: 22.8909318447
Train	AUC[ROC]: 0.999984	AUC[PR]: 0.975068
Val	AUC[ROC]: 0.652459	AUC[PR]: 0.100684
Epoch evaluation duration: 205.245443106
Epoch duration: 228.13637495

Epoch 79/1000
Epoch training duration: 23.1801149845
Train	AUC[ROC]: 0.999985	AUC[PR]: 0.976560
Val	AUC[ROC]: 0.654744	AUC[PR]: 0.093554
Epoch evaluation duration: 205.663218021
Epoch duration: 228.843333006

Epoch 80/1000
Epoch training duration: 22.2471549511
Train	AUC[ROC]: 0.999984	AUC[PR]: 0.971594
Val	AUC[ROC]: 0.636894	AUC[PR]: 0.088039
Epoch evaluation duration: 204.855420113
Epoch duration: 227.102575064

Epoch 81/1000
Epoch training duration: 22.6843378544
Train	AUC[ROC]: 0.999975	AUC[PR]: 0.962906
Val	AUC[ROC]: 0.652675	AUC[PR]: 0.091466
Epoch evaluation duration: 205.701960087
Epoch duration: 228.386297941

Epoch 82/1000
Epoch training duration: 22.6968910694
Train	AUC[ROC]: 0.999979	AUC[PR]: 0.970097
Val	AUC[ROC]: 0.680895	AUC[PR]: 0.085179
Epoch evaluation duration: 206.023798943
Epoch duration: 228.720690012

Epoch 83/1000
Epoch training duration: 23.0487880707
Train	AUC[ROC]: 0.999981	AUC[PR]: 0.971791
Val	AUC[ROC]: 0.676902	AUC[PR]: 0.083539
Epoch evaluation duration: 205.784752846
Epoch duration: 228.833540916

Epoch 84/1000
Epoch training duration: 22.9373960495
Train	AUC[ROC]: 0.999984	AUC[PR]: 0.973601
Val	AUC[ROC]: 0.649171	AUC[PR]: 0.081253
Epoch evaluation duration: 205.664928913
Epoch duration: 228.602324963

Epoch 85/1000
Epoch training duration: 22.288310051
Train	AUC[ROC]: 0.999984	AUC[PR]: 0.971647
Val	AUC[ROC]: 0.638550	AUC[PR]: 0.096542
Epoch evaluation duration: 205.625468016
Epoch duration: 227.913778067

Epoch 86/1000
Epoch training duration: 23.0931251049
Train	AUC[ROC]: 0.999983	AUC[PR]: 0.970105
Val	AUC[ROC]: 0.644426	AUC[PR]: 0.091474
Epoch evaluation duration: 205.810103893
Epoch duration: 228.903228998

Epoch 87/1000
Epoch training duration: 22.6478719711
Train	AUC[ROC]: 0.999984	AUC[PR]: 0.971571
Val	AUC[ROC]: 0.655841	AUC[PR]: 0.099239
Epoch evaluation duration: 204.672319174
Epoch duration: 227.320191145

Epoch 88/1000
Epoch training duration: 22.9846248627
Train	AUC[ROC]: 0.999985	AUC[PR]: 0.976373
Val	AUC[ROC]: 0.653004	AUC[PR]: 0.098750
Epoch evaluation duration: 206.466934919
Epoch duration: 229.451559782

Epoch 89/1000
Epoch training duration: 23.1615331173
Train	AUC[ROC]: 0.999985	AUC[PR]: 0.973615
Val	AUC[ROC]: 0.619633	AUC[PR]: 0.094147
Epoch evaluation duration: 205.989770889
Epoch duration: 229.151304007

Epoch 90/1000
Epoch training duration: 22.3874351978
Train	AUC[ROC]: 0.999986	AUC[PR]: 0.979126
Val	AUC[ROC]: 0.633279	AUC[PR]: 0.111383
Epoch evaluation duration: 206.211152792
Epoch duration: 228.59858799

Epoch 91/1000
Epoch training duration: 22.5742540359
Train	AUC[ROC]: 0.999987	AUC[PR]: 0.977540
Val	AUC[ROC]: 0.594533	AUC[PR]: 0.105149
Epoch evaluation duration: 205.432351112
Epoch duration: 228.006605148

Epoch 92/1000
Epoch training duration: 22.5658559799
Train	AUC[ROC]: 0.999986	AUC[PR]: 0.976777
Val	AUC[ROC]: 0.641015	AUC[PR]: 0.091091
Epoch evaluation duration: 205.670805931
Epoch duration: 228.236661911

Epoch 93/1000
Epoch training duration: 22.1209220886
Train	AUC[ROC]: 0.999987	AUC[PR]: 0.977130
Val	AUC[ROC]: 0.632457	AUC[PR]: 0.092056
Epoch evaluation duration: 205.145488024
Epoch duration: 227.266410112

Epoch 94/1000
Epoch training duration: 22.373128891
Train	AUC[ROC]: 0.999983	AUC[PR]: 0.974583
Val	AUC[ROC]: 0.678395	AUC[PR]: 0.070480
Epoch evaluation duration: 207.598029137
Epoch duration: 229.971158028

Epoch 95/1000
Epoch training duration: 22.6763818264
Train	AUC[ROC]: 0.999979	AUC[PR]: 0.965279
Val	AUC[ROC]: 0.599747	AUC[PR]: 0.096623
Epoch evaluation duration: 207.144251108
Epoch duration: 229.820632935

Epoch 96/1000
Epoch training duration: 22.5488939285
Train	AUC[ROC]: 0.999982	AUC[PR]: 0.971481
Val	AUC[ROC]: 0.614588	AUC[PR]: 0.110907
Epoch evaluation duration: 205.459514141
Epoch duration: 228.00840807

Epoch 97/1000
Epoch training duration: 22.7990539074
Train	AUC[ROC]: 0.999981	AUC[PR]: 0.970276
Val	AUC[ROC]: 0.623758	AUC[PR]: 0.095951
Epoch evaluation duration: 206.870877028
Epoch duration: 229.669930935

Epoch 98/1000
Epoch training duration: 22.7155630589
Train	AUC[ROC]: 0.999979	AUC[PR]: 0.965415
Val	AUC[ROC]: 0.601569	AUC[PR]: 0.093546
Epoch evaluation duration: 206.730254889
Epoch duration: 229.445817947

Epoch 99/1000
Epoch training duration: 22.8999271393
Train	AUC[ROC]: 0.999982	AUC[PR]: 0.972123
Val	AUC[ROC]: 0.596413	AUC[PR]: 0.091213
Epoch evaluation duration: 206.256178856
Epoch duration: 229.156105995

Epoch 100/1000
Epoch training duration: 23.54043293
Train	AUC[ROC]: 0.999980	AUC[PR]: 0.969564
Val	AUC[ROC]: 0.579647	AUC[PR]: 0.098487
Epoch evaluation duration: 206.924220085
Epoch duration: 230.464653015

Epoch 101/1000
Epoch training duration: 23.3493900299
Train	AUC[ROC]: 0.999980	AUC[PR]: 0.967949
Val	AUC[ROC]: 0.579177	AUC[PR]: 0.084699
Epoch evaluation duration: 203.946430922
Epoch duration: 227.295820951

Epoch 102/1000
Epoch training duration: 23.3573729992
Train	AUC[ROC]: 0.999985	AUC[PR]: 0.980621
Val	AUC[ROC]: 0.574851	AUC[PR]: 0.089598
Epoch evaluation duration: 203.587085962
Epoch duration: 226.944458961

Epoch 103/1000
Epoch training duration: 22.9411180019
Train	AUC[ROC]: 0.999988	AUC[PR]: 0.982707
Val	AUC[ROC]: 0.562622	AUC[PR]: 0.091823
Epoch evaluation duration: 205.244663
Epoch duration: 228.185781002

Epoch 104/1000
Epoch training duration: 22.6041121483
Train	AUC[ROC]: 0.999992	AUC[PR]: 0.988203
Val	AUC[ROC]: 0.583526	AUC[PR]: 0.087961
Epoch evaluation duration: 205.510447979
Epoch duration: 228.114560127

Epoch 105/1000
Epoch training duration: 22.656195879
Train	AUC[ROC]: 0.999993	AUC[PR]: 0.988291
Val	AUC[ROC]: 0.575588	AUC[PR]: 0.089571
Epoch evaluation duration: 206.531095982
Epoch duration: 229.187291861

Epoch 106/1000
Epoch training duration: 23.2473220825
Train	AUC[ROC]: 0.999987	AUC[PR]: 0.980841
Val	AUC[ROC]: 0.616166	AUC[PR]: 0.083867
Epoch evaluation duration: 205.22231698
Epoch duration: 228.469639063

Epoch 107/1000
Epoch training duration: 23.0636119843
Train	AUC[ROC]: 0.999991	AUC[PR]: 0.986971
Val	AUC[ROC]: 0.573447	AUC[PR]: 0.082055
Epoch evaluation duration: 204.630584955
Epoch duration: 227.694196939

Epoch 108/1000
Epoch training duration: 22.7887020111
Train	AUC[ROC]: 0.999993	AUC[PR]: 0.990530
Val	AUC[ROC]: 0.602968	AUC[PR]: 0.084200
Epoch evaluation duration: 206.161508083
Epoch duration: 228.950210094

Epoch 109/1000
Epoch training duration: 23.0448050499
Train	AUC[ROC]: 0.999993	AUC[PR]: 0.988607
Val	AUC[ROC]: 0.582039	AUC[PR]: 0.073963
Epoch evaluation duration: 206.855327845
Epoch duration: 229.900132895

Epoch 110/1000
Epoch training duration: 23.1989541054
Train	AUC[ROC]: 0.999992	AUC[PR]: 0.988315
Val	AUC[ROC]: 0.609253	AUC[PR]: 0.077370
Epoch evaluation duration: 203.880877018
Epoch duration: 227.079831123

Epoch 111/1000
Epoch training duration: 22.5466980934
Train	AUC[ROC]: 0.999991	AUC[PR]: 0.987208
Val	AUC[ROC]: 0.598574	AUC[PR]: 0.088477
Epoch evaluation duration: 205.294366837
Epoch duration: 227.84106493

Epoch 112/1000
Epoch training duration: 23.4799261093
Train	AUC[ROC]: 0.999990	AUC[PR]: 0.984910
Val	AUC[ROC]: 0.607000	AUC[PR]: 0.090291
Epoch evaluation duration: 205.297356844
Epoch duration: 228.777282953

Epoch 113/1000
Epoch training duration: 22.780395031
Train	AUC[ROC]: 0.999989	AUC[PR]: 0.982116
Val	AUC[ROC]: 0.578624	AUC[PR]: 0.095588
Epoch evaluation duration: 203.736370087
Epoch duration: 226.516765118

Epoch 114/1000
Epoch training duration: 23.5520598888
Train	AUC[ROC]: 0.999987	AUC[PR]: 0.980368
Val	AUC[ROC]: 0.585978	AUC[PR]: 0.094179
Epoch evaluation duration: 205.498264074
Epoch duration: 229.050323963

Epoch 115/1000
Epoch training duration: 22.7073791027
Train	AUC[ROC]: 0.999985	AUC[PR]: 0.977891
Val	AUC[ROC]: 0.658464	AUC[PR]: 0.084231
Epoch evaluation duration: 204.163197994
Epoch duration: 226.870577097

Epoch 116/1000
Epoch training duration: 23.2479858398
Train	AUC[ROC]: 0.999984	AUC[PR]: 0.976368
Val	AUC[ROC]: 0.588855	AUC[PR]: 0.100065
Epoch evaluation duration: 205.353941202
Epoch duration: 228.601927042

Epoch 117/1000
Epoch training duration: 23.1612389088
Train	AUC[ROC]: 0.999988	AUC[PR]: 0.983167
Val	AUC[ROC]: 0.585067	AUC[PR]: 0.105932
Epoch evaluation duration: 206.552839041
Epoch duration: 229.71407795

Epoch 118/1000
Epoch training duration: 22.9828979969
Train	AUC[ROC]: 0.999988	AUC[PR]: 0.981545
Val	AUC[ROC]: 0.605108	AUC[PR]: 0.095705
Epoch evaluation duration: 205.945374012
Epoch duration: 228.928272009

Epoch 119/1000
Epoch training duration: 23.0483980179
Train	AUC[ROC]: 0.999979	AUC[PR]: 0.969011
Val	AUC[ROC]: 0.650774	AUC[PR]: 0.062239
Epoch evaluation duration: 206.575119972
Epoch duration: 229.62351799

Epoch 120/1000
Epoch training duration: 23.3997659683
Train	AUC[ROC]: 0.999981	AUC[PR]: 0.971846
Val	AUC[ROC]: 0.560758	AUC[PR]: 0.073830
Epoch evaluation duration: 204.725141048
Epoch duration: 228.124907017

Epoch 121/1000
Epoch training duration: 23.2702598572
Train	AUC[ROC]: 0.999971	AUC[PR]: 0.958496
Val	AUC[ROC]: 0.596614	AUC[PR]: 0.080984
Epoch evaluation duration: 205.501932144
Epoch duration: 228.772192001

Epoch 122/1000
Epoch training duration: 23.6941869259
Train	AUC[ROC]: 0.999968	AUC[PR]: 0.955096
Val	AUC[ROC]: 0.625377	AUC[PR]: 0.077279
Epoch evaluation duration: 206.447535992
Epoch duration: 230.141722918

Epoch 123/1000
Epoch training duration: 22.6614260674
Train	AUC[ROC]: 0.999979	AUC[PR]: 0.967287
Val	AUC[ROC]: 0.578703	AUC[PR]: 0.102830
Epoch evaluation duration: 206.929780006
Epoch duration: 229.591206074

Epoch 124/1000
Epoch training duration: 23.0789008141
Train	AUC[ROC]: 0.999982	AUC[PR]: 0.971948
Val	AUC[ROC]: 0.573682	AUC[PR]: 0.095802
Epoch evaluation duration: 206.567037106
Epoch duration: 229.64593792

Epoch 125/1000
Epoch training duration: 22.6058139801
Train	AUC[ROC]: 0.999983	AUC[PR]: 0.974930
Val	AUC[ROC]: 0.555687	AUC[PR]: 0.109317
Epoch evaluation duration: 203.534285069
Epoch duration: 226.140099049

Epoch 126/1000
Epoch training duration: 23.168530941
Train	AUC[ROC]: 0.999982	AUC[PR]: 0.971567
Val	AUC[ROC]: 0.557566	AUC[PR]: 0.111277
Epoch evaluation duration: 205.528147936
Epoch duration: 228.696678877

Epoch 127/1000
Epoch training duration: 23.2079000473
Train	AUC[ROC]: 0.999984	AUC[PR]: 0.975924
Val	AUC[ROC]: 0.560494	AUC[PR]: 0.101066
Epoch evaluation duration: 205.373563051
Epoch duration: 228.581463099

Epoch 128/1000
Epoch training duration: 23.1876559258
Train	AUC[ROC]: 0.999984	AUC[PR]: 0.974899
Val	AUC[ROC]: 0.556308	AUC[PR]: 0.118270
Epoch evaluation duration: 203.645384073
Epoch duration: 226.833039999

Epoch 129/1000
Epoch training duration: 23.356949091
Train	AUC[ROC]: 0.999983	AUC[PR]: 0.973016
Val	AUC[ROC]: 0.554259	AUC[PR]: 0.117931
Epoch evaluation duration: 206.256251812
Epoch duration: 229.613200903

Epoch 130/1000
Epoch training duration: 22.9885439873
Train	AUC[ROC]: 0.999983	AUC[PR]: 0.972788
Val	AUC[ROC]: 0.554636	AUC[PR]: 0.112047
Epoch evaluation duration: 206.446032047
Epoch duration: 229.434576035

Epoch 131/1000
Epoch training duration: 23.2172451019
Train	AUC[ROC]: 0.999984	AUC[PR]: 0.975689
Val	AUC[ROC]: 0.554469	AUC[PR]: 0.113323
Epoch evaluation duration: 205.176806927
Epoch duration: 228.394052029

Epoch 132/1000
Epoch training duration: 23.1477890015
Train	AUC[ROC]: 0.999984	AUC[PR]: 0.973559
Val	AUC[ROC]: 0.550852	AUC[PR]: 0.111460
Epoch evaluation duration: 205.178693056
Epoch duration: 228.326482058

Epoch 133/1000
Epoch training duration: 23.4595689774
Train	AUC[ROC]: 0.999985	AUC[PR]: 0.977185
Val	AUC[ROC]: 0.590449	AUC[PR]: 0.092010
Epoch evaluation duration: 205.603131056
Epoch duration: 229.062700033

Epoch 134/1000
Epoch training duration: 23.1021978855
Train	AUC[ROC]: 0.999983	AUC[PR]: 0.974535
Val	AUC[ROC]: 0.582985	AUC[PR]: 0.085134
Epoch evaluation duration: 205.282129049
Epoch duration: 228.384326935

Epoch 135/1000
Epoch training duration: 22.7738370895
Train	AUC[ROC]: 0.999983	AUC[PR]: 0.974697
Val	AUC[ROC]: 0.579847	AUC[PR]: 0.092189
Epoch evaluation duration: 205.252689838
Epoch duration: 228.026526928

Epoch 136/1000
Epoch training duration: 23.0389821529
Train	AUC[ROC]: 0.999979	AUC[PR]: 0.969714
Val	AUC[ROC]: 0.581881	AUC[PR]: 0.058393
Epoch evaluation duration: 205.611822844
Epoch duration: 228.650804996

Epoch 137/1000
Epoch training duration: 22.6153960228
Train	AUC[ROC]: 0.999982	AUC[PR]: 0.972869
Val	AUC[ROC]: 0.636693	AUC[PR]: 0.056071
Epoch evaluation duration: 205.018945932
Epoch duration: 227.634341955

Epoch 138/1000
Epoch training duration: 23.7051670551
Train	AUC[ROC]: 0.999982	AUC[PR]: 0.972804
Val	AUC[ROC]: 0.609196	AUC[PR]: 0.064269
Epoch evaluation duration: 206.089688063
Epoch duration: 229.794855118

Epoch 139/1000
Epoch training duration: 23.3565049171
Train	AUC[ROC]: 0.999984	AUC[PR]: 0.975847
Val	AUC[ROC]: 0.587613	AUC[PR]: 0.082593
Epoch evaluation duration: 205.741770029
Epoch duration: 229.098274946

Epoch 140/1000
Epoch training duration: 23.6007759571
Train	AUC[ROC]: 0.999985	AUC[PR]: 0.976674
Val	AUC[ROC]: 0.581495	AUC[PR]: 0.082111
Epoch evaluation duration: 204.817125082
Epoch duration: 228.417901039

Epoch 141/1000
Epoch training duration: 23.4546499252
Train	AUC[ROC]: 0.999985	AUC[PR]: 0.976263
Val	AUC[ROC]: 0.578371	AUC[PR]: 0.082045
Epoch evaluation duration: 205.806718111
Epoch duration: 229.261368036

Epoch 142/1000
Epoch training duration: 22.9410309792
Train	AUC[ROC]: 0.999986	AUC[PR]: 0.978216
Val	AUC[ROC]: 0.582953	AUC[PR]: 0.073890
Epoch evaluation duration: 205.238603115
Epoch duration: 228.179634094

Epoch 143/1000
Epoch training duration: 23.0622367859
Train	AUC[ROC]: 0.999986	AUC[PR]: 0.977724
Val	AUC[ROC]: 0.579822	AUC[PR]: 0.085802
Epoch evaluation duration: 205.121704102
Epoch duration: 228.183940887

Epoch 144/1000
Epoch training duration: 23.0701079369
Train	AUC[ROC]: 0.999986	AUC[PR]: 0.979199
Val	AUC[ROC]: 0.579588	AUC[PR]: 0.084251
Epoch evaluation duration: 204.823096037
Epoch duration: 227.893203974

Epoch 145/1000
Epoch training duration: 22.9036910534
Train	AUC[ROC]: 0.999985	AUC[PR]: 0.977278
Val	AUC[ROC]: 0.568737	AUC[PR]: 0.094751
Epoch evaluation duration: 204.430321932
Epoch duration: 227.334012985

Epoch 146/1000
Epoch training duration: 23.1920690536
Train	AUC[ROC]: 0.999984	AUC[PR]: 0.975478
Val	AUC[ROC]: 0.564205	AUC[PR]: 0.093788
Epoch evaluation duration: 205.285862923
Epoch duration: 228.477931976

Epoch 147/1000
Epoch training duration: 23.4101040363
Train	AUC[ROC]: 0.999985	AUC[PR]: 0.977679
Val	AUC[ROC]: 0.567978	AUC[PR]: 0.099634
Epoch evaluation duration: 206.409925938
Epoch duration: 229.820029974

Epoch 148/1000
Epoch training duration: 22.9693431854
Train	AUC[ROC]: 0.999984	AUC[PR]: 0.975313
Val	AUC[ROC]: 0.582202	AUC[PR]: 0.088904
Epoch evaluation duration: 205.204131842
Epoch duration: 228.173475027

Epoch 149/1000
Epoch training duration: 23.3291809559
Train	AUC[ROC]: 0.999982	AUC[PR]: 0.973645
Val	AUC[ROC]: 0.581106	AUC[PR]: 0.086618
Epoch evaluation duration: 205.548784018
Epoch duration: 228.877964973

Epoch 150/1000
Epoch training duration: 23.0121991634
Train	AUC[ROC]: 0.999982	AUC[PR]: 0.972615
Val	AUC[ROC]: 0.575178	AUC[PR]: 0.080673
Epoch evaluation duration: 205.215677023
Epoch duration: 228.227876186

Epoch 151/1000
Epoch training duration: 22.3584308624
Train	AUC[ROC]: 0.999982	AUC[PR]: 0.973406
Val	AUC[ROC]: 0.586988	AUC[PR]: 0.084450
Epoch evaluation duration: 207.128294945
Epoch duration: 229.486725807

Epoch 152/1000
Epoch training duration: 22.3308911324
Train	AUC[ROC]: 0.999982	AUC[PR]: 0.973406
Val	AUC[ROC]: 0.580924	AUC[PR]: 0.085398
Epoch evaluation duration: 206.758751869
Epoch duration: 229.089643002

Epoch 153/1000
Epoch training duration: 22.2582030296
Train	AUC[ROC]: 0.999982	AUC[PR]: 0.972867
Val	AUC[ROC]: 0.575139	AUC[PR]: 0.086034
Epoch evaluation duration: 204.761480093
Epoch duration: 227.019683123

Epoch 154/1000
Epoch training duration: 22.9399049282
Train	AUC[ROC]: 0.999980	AUC[PR]: 0.969400
Val	AUC[ROC]: 0.599095	AUC[PR]: 0.076258
Epoch evaluation duration: 207.288963079
Epoch duration: 230.228868008

Epoch 155/1000
Epoch training duration: 22.7722640038
Train	AUC[ROC]: 0.999981	AUC[PR]: 0.972270
Val	AUC[ROC]: 0.656412	AUC[PR]: 0.074631
Epoch evaluation duration: 205.47002697
Epoch duration: 228.242290974

Epoch 156/1000
Epoch training duration: 23.165610075
Train	AUC[ROC]: 0.999978	AUC[PR]: 0.967245
Val	AUC[ROC]: 0.583278	AUC[PR]: 0.080092
Epoch evaluation duration: 189.962018967
Epoch duration: 213.127629042

Epoch 157/1000
Epoch training duration: 22.9536590576
Train	AUC[ROC]: 0.999980	AUC[PR]: 0.969305
Val	AUC[ROC]: 0.579021	AUC[PR]: 0.078683
Epoch evaluation duration: 206.884792805
Epoch duration: 229.838451862

Epoch 158/1000
Epoch training duration: 23.3132841587
Train	AUC[ROC]: 0.999982	AUC[PR]: 0.973613
Val	AUC[ROC]: 0.593158	AUC[PR]: 0.075102
Epoch evaluation duration: 206.59926796
Epoch duration: 229.912552118

Epoch 159/1000
Epoch training duration: 22.9009208679
Train	AUC[ROC]: 0.999981	AUC[PR]: 0.971118
Val	AUC[ROC]: 0.588307	AUC[PR]: 0.072288
Epoch evaluation duration: 207.390577078
Epoch duration: 230.291497946

Epoch 160/1000
Epoch training duration: 22.894340992
Train	AUC[ROC]: 0.999981	AUC[PR]: 0.972271
Val	AUC[ROC]: 0.585111	AUC[PR]: 0.076163
Epoch evaluation duration: 204.785601139
Epoch duration: 227.679942131

Epoch 161/1000
Epoch training duration: 23.2815318108
Train	AUC[ROC]: 0.999981	AUC[PR]: 0.971163
Val	AUC[ROC]: 0.569353	AUC[PR]: 0.074556
Epoch evaluation duration: 206.106855154
Epoch duration: 229.388386965

Epoch 162/1000
Epoch training duration: 23.4764049053
Train	AUC[ROC]: 0.999983	AUC[PR]: 0.974810
Val	AUC[ROC]: 0.576320	AUC[PR]: 0.080242
Epoch evaluation duration: 204.993147135
Epoch duration: 228.46955204

Epoch 163/1000
Epoch training duration: 22.9603648186
Train	AUC[ROC]: 0.999987	AUC[PR]: 0.979891
Val	AUC[ROC]: 0.566522	AUC[PR]: 0.082933
Epoch evaluation duration: 204.242387056
Epoch duration: 227.202751875

Epoch 164/1000
Epoch training duration: 23.4611101151
Train	AUC[ROC]: 0.999989	AUC[PR]: 0.983212
Val	AUC[ROC]: 0.574066	AUC[PR]: 0.079463
Epoch evaluation duration: 206.003062963
Epoch duration: 229.464173079

Epoch 165/1000
Epoch training duration: 22.8441419601
Train	AUC[ROC]: 0.999990	AUC[PR]: 0.984325
Val	AUC[ROC]: 0.577937	AUC[PR]: 0.076875
Epoch evaluation duration: 204.898277998
Epoch duration: 227.742419958

Epoch 166/1000
Epoch training duration: 23.8196148872
Train	AUC[ROC]: 0.999989	AUC[PR]: 0.983600
Val	AUC[ROC]: 0.560967	AUC[PR]: 0.076266
Epoch evaluation duration: 207.822260141
Epoch duration: 231.641875029

Epoch 167/1000
Epoch training duration: 23.2776319981
Train	AUC[ROC]: 0.999984	AUC[PR]: 0.975424
Val	AUC[ROC]: 0.629432	AUC[PR]: 0.061100
Epoch evaluation duration: 205.811535835
Epoch duration: 229.089167833

Epoch 168/1000
Epoch training duration: 23.2580201626
Train	AUC[ROC]: 0.999976	AUC[PR]: 0.964957
Val	AUC[ROC]: 0.666665	AUC[PR]: 0.039902
Epoch evaluation duration: 205.490222931
Epoch duration: 228.748243093

Epoch 169/1000
Epoch training duration: 22.750164032
Train	AUC[ROC]: 0.999978	AUC[PR]: 0.967879
Val	AUC[ROC]: 0.636074	AUC[PR]: 0.053078
Epoch evaluation duration: 205.623564005
Epoch duration: 228.373728037

Epoch 170/1000
Epoch training duration: 23.686177969
Train	AUC[ROC]: 0.999980	AUC[PR]: 0.970053
Val	AUC[ROC]: 0.658194	AUC[PR]: 0.046753
Epoch evaluation duration: 206.143835068
Epoch duration: 229.830013037

Epoch 171/1000
Epoch training duration: 22.8362469673
Train	AUC[ROC]: 0.999979	AUC[PR]: 0.967528
Val	AUC[ROC]: 0.621869	AUC[PR]: 0.049405
Epoch evaluation duration: 205.656087875
Epoch duration: 228.492334843

Epoch 172/1000
Epoch training duration: 22.8529901505
Train	AUC[ROC]: 0.999981	AUC[PR]: 0.969673
Val	AUC[ROC]: 0.615595	AUC[PR]: 0.058658
Epoch evaluation duration: 205.995013952
Epoch duration: 228.848004103

Epoch 173/1000
Epoch training duration: 23.1646809578
Train	AUC[ROC]: 0.999982	AUC[PR]: 0.972726
Val	AUC[ROC]: 0.619284	AUC[PR]: 0.056357
Epoch evaluation duration: 207.005203009
Epoch duration: 230.169883966

Epoch 174/1000
Epoch training duration: 22.6693019867
Train	AUC[ROC]: 0.999984	AUC[PR]: 0.975483
Val	AUC[ROC]: 0.630445	AUC[PR]: 0.056195
Epoch evaluation duration: 205.880882025
Epoch duration: 228.550184011

Epoch 175/1000
Epoch training duration: 23.3283619881
Train	AUC[ROC]: 0.999981	AUC[PR]: 0.971127
Val	AUC[ROC]: 0.603696	AUC[PR]: 0.061867
Epoch evaluation duration: 206.965419054
Epoch duration: 230.293781042

Epoch 176/1000
Epoch training duration: 23.7300620079
Train	AUC[ROC]: 0.999984	AUC[PR]: 0.976810
Val	AUC[ROC]: 0.651303	AUC[PR]: 0.066056
Epoch evaluation duration: 207.459255934
Epoch duration: 231.189317942

Epoch 177/1000
Epoch training duration: 23.2801389694
Train	AUC[ROC]: 0.999984	AUC[PR]: 0.976471
Val	AUC[ROC]: 0.610105	AUC[PR]: 0.065248
Epoch evaluation duration: 205.862949133
Epoch duration: 229.143088102

Epoch 178/1000
Epoch training duration: 23.3120439053
Train	AUC[ROC]: 0.999984	AUC[PR]: 0.975837
Val	AUC[ROC]: 0.600912	AUC[PR]: 0.068723
Epoch evaluation duration: 208.057560921
Epoch duration: 231.369604826

Epoch 179/1000
Epoch training duration: 22.418364048
Train	AUC[ROC]: 0.999985	AUC[PR]: 0.977124
Val	AUC[ROC]: 0.600178	AUC[PR]: 0.069590
Epoch evaluation duration: 203.391611099
Epoch duration: 225.809975147

Epoch 180/1000
Epoch training duration: 22.8551559448
Train	AUC[ROC]: 0.999983	AUC[PR]: 0.975124
Val	AUC[ROC]: 0.647411	AUC[PR]: 0.058704
Epoch evaluation duration: 206.975892067
Epoch duration: 229.831048012

Epoch 181/1000
Epoch training duration: 21.3999080658
Train	AUC[ROC]: 0.999982	AUC[PR]: 0.972514
Val	AUC[ROC]: 0.616984	AUC[PR]: 0.060908
Epoch evaluation duration: 182.626001835
Epoch duration: 204.025909901

Epoch 182/1000
Epoch training duration: 21.4926581383
Train	AUC[ROC]: 0.999980	AUC[PR]: 0.968483
Val	AUC[ROC]: 0.597847	AUC[PR]: 0.065794
Epoch evaluation duration: 184.677414894
Epoch duration: 206.170073032

Epoch 183/1000
Epoch training duration: 21.0724489689
Train	AUC[ROC]: 0.999983	AUC[PR]: 0.974941
Val	AUC[ROC]: 0.660159	AUC[PR]: 0.068023
Epoch evaluation duration: 182.347342968
Epoch duration: 203.419791937

Epoch 184/1000
Epoch training duration: 20.8622481823
Train	AUC[ROC]: 0.999982	AUC[PR]: 0.972211
Val	AUC[ROC]: 0.597185	AUC[PR]: 0.065184
Epoch evaluation duration: 181.308773994
Epoch duration: 202.171022177

Epoch 185/1000
Epoch training duration: 20.6588149071
Train	AUC[ROC]: 0.999981	AUC[PR]: 0.970520
Val	AUC[ROC]: 0.571457	AUC[PR]: 0.067496
Epoch evaluation duration: 180.841895103
Epoch duration: 201.500710011

Epoch 186/1000
Epoch training duration: 20.853115797
Train	AUC[ROC]: 0.999982	AUC[PR]: 0.973639
Val	AUC[ROC]: 0.573115	AUC[PR]: 0.064496
Epoch evaluation duration: 181.250151157
Epoch duration: 202.103266954

Epoch 187/1000
Epoch training duration: 21.650562048
Train	AUC[ROC]: 0.999982	AUC[PR]: 0.973012
Val	AUC[ROC]: 0.561321	AUC[PR]: 0.066021
Epoch evaluation duration: 184.979134798
Epoch duration: 206.629696846

Epoch 188/1000
Epoch training duration: 19.4271070957
Train	AUC[ROC]: 0.999977	AUC[PR]: 0.966831
Val	AUC[ROC]: 0.642619	AUC[PR]: 0.043120
Epoch evaluation duration: 172.96135211
Epoch duration: 192.388459206

Epoch 189/1000
Epoch training duration: 21.7238788605
Train	AUC[ROC]: 0.999977	AUC[PR]: 0.964684
Val	AUC[ROC]: 0.591586	AUC[PR]: 0.050825
Epoch evaluation duration: 173.099842072
Epoch duration: 194.823720932

Epoch 190/1000
Epoch training duration: 18.8484940529
Train	AUC[ROC]: 0.999978	AUC[PR]: 0.967259
Val	AUC[ROC]: 0.592878	AUC[PR]: 0.051343
Epoch evaluation duration: 178.849358797
Epoch duration: 197.69785285

Epoch 191/1000
Epoch training duration: 21.0151162148
Train	AUC[ROC]: 0.999977	AUC[PR]: 0.965437
Val	AUC[ROC]: 0.583413	AUC[PR]: 0.063241
Epoch evaluation duration: 186.459801912
Epoch duration: 207.474918127

Epoch 192/1000
Epoch training duration: 21.7341098785
Train	AUC[ROC]: 0.999978	AUC[PR]: 0.966054
Val	AUC[ROC]: 0.584776	AUC[PR]: 0.067657
Epoch evaluation duration: 182.489271164
Epoch duration: 204.223381042

Epoch 193/1000
Epoch training duration: 21.1533050537
Train	AUC[ROC]: 0.999978	AUC[PR]: 0.966855
Val	AUC[ROC]: 0.583736	AUC[PR]: 0.065414
Epoch evaluation duration: 180.766161919
Epoch duration: 201.919466972

Epoch 194/1000
Epoch training duration: 20.9013419151
Train	AUC[ROC]: 0.999980	AUC[PR]: 0.969479
Val	AUC[ROC]: 0.586327	AUC[PR]: 0.065368
Epoch evaluation duration: 182.99296093
Epoch duration: 203.894302845

Epoch 195/1000
Epoch training duration: 21.8217980862
Train	AUC[ROC]: 0.999980	AUC[PR]: 0.969926
Val	AUC[ROC]: 0.577135	AUC[PR]: 0.067597
Epoch evaluation duration: 183.447648048
Epoch duration: 205.269446135

Epoch 196/1000
Epoch training duration: 20.7010929585
Train	AUC[ROC]: 0.999979	AUC[PR]: 0.967453
Val	AUC[ROC]: 0.566082	AUC[PR]: 0.069702
Epoch evaluation duration: 185.144820929
Epoch duration: 205.845913887

Epoch 197/1000
Epoch training duration: 21.0602171421
Train	AUC[ROC]: 0.999981	AUC[PR]: 0.970869
Val	AUC[ROC]: 0.603714	AUC[PR]: 0.070165
Epoch evaluation duration: 186.489778996
Epoch duration: 207.549996138

Epoch 198/1000
Epoch training duration: 20.5314588547
Train	AUC[ROC]: 0.999980	AUC[PR]: 0.970472
Val	AUC[ROC]: 0.601761	AUC[PR]: 0.058406
Epoch evaluation duration: 184.091206074
Epoch duration: 204.622664928

Epoch 199/1000
Epoch training duration: 21.3846960068
Train	AUC[ROC]: 0.999980	AUC[PR]: 0.970013
Val	AUC[ROC]: 0.577129	AUC[PR]: 0.058150
Epoch evaluation duration: 182.688678026
Epoch duration: 204.073374033

Epoch 200/1000
Epoch training duration: 21.1414239407
Train	AUC[ROC]: 0.999980	AUC[PR]: 0.969467
Val	AUC[ROC]: 0.570820	AUC[PR]: 0.059947
Epoch evaluation duration: 184.741965055
Epoch duration: 205.883388996

Epoch 201/1000
Epoch training duration: 20.7054610252
Train	AUC[ROC]: 0.999983	AUC[PR]: 0.974944
Val	AUC[ROC]: 0.590624	AUC[PR]: 0.057176
Epoch evaluation duration: 184.113652945
Epoch duration: 204.81911397

Epoch 202/1000
Epoch training duration: 21.3179950714
Train	AUC[ROC]: 0.999982	AUC[PR]: 0.972886
Val	AUC[ROC]: 0.566103	AUC[PR]: 0.060084
Epoch evaluation duration: 185.904955864
Epoch duration: 207.222950935

Epoch 203/1000
Epoch training duration: 21.0010430813
Train	AUC[ROC]: 0.999982	AUC[PR]: 0.973515
Val	AUC[ROC]: 0.577085	AUC[PR]: 0.058241
Epoch evaluation duration: 185.724334002
Epoch duration: 206.725377083

Epoch 204/1000
Epoch training duration: 20.0342531204
Train	AUC[ROC]: 0.999983	AUC[PR]: 0.974904
Val	AUC[ROC]: 0.577223	AUC[PR]: 0.060846
Epoch evaluation duration: 181.783670902
Epoch duration: 201.817924023

Epoch 205/1000
Epoch training duration: 20.98762393
Train	AUC[ROC]: 0.999981	AUC[PR]: 0.972112
Val	AUC[ROC]: 0.570587	AUC[PR]: 0.059037
Epoch evaluation duration: 180.629132032
Epoch duration: 201.616755962

Epoch 206/1000
Epoch training duration: 20.6631240845
Train	AUC[ROC]: 0.999981	AUC[PR]: 0.971538
Val	AUC[ROC]: 0.560151	AUC[PR]: 0.060383
Epoch evaluation duration: 185.718636036
Epoch duration: 206.38176012

Epoch 207/1000
Epoch training duration: 21.5922379494
Train	AUC[ROC]: 0.999981	AUC[PR]: 0.971207
Val	AUC[ROC]: 0.556428	AUC[PR]: 0.061136
Epoch evaluation duration: 183.998931885
Epoch duration: 205.591169834

Epoch 208/1000
Epoch training duration: 20.5384130478
Train	AUC[ROC]: 0.999981	AUC[PR]: 0.971289
Val	AUC[ROC]: 0.555993	AUC[PR]: 0.062004
Epoch evaluation duration: 185.673141956
Epoch duration: 206.211555004

Epoch 209/1000
Epoch training duration: 18.4882011414
Train	AUC[ROC]: 0.999982	AUC[PR]: 0.972513
Val	AUC[ROC]: 0.563905	AUC[PR]: 0.063557
Epoch evaluation duration: 196.383749962
Epoch duration: 214.871951103

Epoch 210/1000
Epoch training duration: 24.9439680576
Train	AUC[ROC]: 0.999981	AUC[PR]: 0.971701
Val	AUC[ROC]: 0.555948	AUC[PR]: 0.064958
Epoch evaluation duration: 214.34568882
Epoch duration: 239.289656878

Epoch 211/1000
Epoch training duration: 23.1694431305
Train	AUC[ROC]: 0.999980	AUC[PR]: 0.970704
Val	AUC[ROC]: 0.548854	AUC[PR]: 0.066307
Epoch evaluation duration: 215.583462
Epoch duration: 238.75290513

Epoch 212/1000
Epoch training duration: 22.2816460133
Train	AUC[ROC]: 0.999986	AUC[PR]: 0.978485
Val	AUC[ROC]: 0.558092	AUC[PR]: 0.062501
Epoch evaluation duration: 219.481281996
Epoch duration: 241.762928009

Epoch 213/1000
Epoch training duration: 26.6062209606
Train	AUC[ROC]: 0.999984	AUC[PR]: 0.976265
Val	AUC[ROC]: 0.574884	AUC[PR]: 0.062968
Epoch evaluation duration: 211.851878881
Epoch duration: 238.458099842

Epoch 214/1000
Epoch training duration: 24.0526890755
Train	AUC[ROC]: 0.999984	AUC[PR]: 0.975637
Val	AUC[ROC]: 0.571963	AUC[PR]: 0.060636
Epoch evaluation duration: 209.606794119
Epoch duration: 233.659483194

Epoch 215/1000
Epoch training duration: 21.4170429707
Train	AUC[ROC]: 0.999985	AUC[PR]: 0.977248
Val	AUC[ROC]: 0.552042	AUC[PR]: 0.061645
Epoch evaluation duration: 212.635344028
Epoch duration: 234.052386999

Epoch 216/1000
Epoch training duration: 26.4944508076
Train	AUC[ROC]: 0.999987	AUC[PR]: 0.981201
Val	AUC[ROC]: 0.553445	AUC[PR]: 0.060221
Epoch evaluation duration: 218.935335159
Epoch duration: 245.429785967

Epoch 217/1000
Epoch training duration: 24.1986749172
Train	AUC[ROC]: 0.999988	AUC[PR]: 0.981587
Val	AUC[ROC]: 0.560258	AUC[PR]: 0.060663
Epoch evaluation duration: 214.202191114
Epoch duration: 238.400866032

Epoch 218/1000
Epoch training duration: 22.4361038208
Train	AUC[ROC]: 0.999988	AUC[PR]: 0.981551
Val	AUC[ROC]: 0.559983	AUC[PR]: 0.059519
Epoch evaluation duration: 213.986124992
Epoch duration: 236.422228813

Epoch 219/1000
Epoch training duration: 22.6407539845
Train	AUC[ROC]: 0.999984	AUC[PR]: 0.976196
Val	AUC[ROC]: 0.571432	AUC[PR]: 0.060270
Epoch evaluation duration: 213.041388035
Epoch duration: 235.682142019

Epoch 220/1000
Epoch training duration: 23.9911501408
Train	AUC[ROC]: 0.999984	AUC[PR]: 0.976126
Val	AUC[ROC]: 0.559973	AUC[PR]: 0.059461
Epoch evaluation duration: 194.861310005
Epoch duration: 218.852460146

Epoch 221/1000
Epoch training duration: 22.1868669987
Train	AUC[ROC]: 0.999986	AUC[PR]: 0.978846
Val	AUC[ROC]: 0.558989	AUC[PR]: 0.060882
Epoch evaluation duration: 212.713443995
Epoch duration: 234.900310993

Epoch 222/1000
Epoch training duration: 25.490541935
Train	AUC[ROC]: 0.999986	AUC[PR]: 0.979100
Val	AUC[ROC]: 0.559806	AUC[PR]: 0.060323
Epoch evaluation duration: 201.21548605
Epoch duration: 226.706027985

Epoch 223/1000
Epoch training duration: 21.5355918407
Train	AUC[ROC]: 0.999988	AUC[PR]: 0.981987
Val	AUC[ROC]: 0.551100	AUC[PR]: 0.057855
Epoch evaluation duration: 216.606226206
Epoch duration: 238.141818047

Epoch 224/1000
Epoch training duration: 22.7861800194
Train	AUC[ROC]: 0.999986	AUC[PR]: 0.979412
Val	AUC[ROC]: 0.555881	AUC[PR]: 0.056101
Epoch evaluation duration: 215.262637854
Epoch duration: 238.048817873

Epoch 225/1000
Epoch training duration: 22.2301380634
Train	AUC[ROC]: 0.999983	AUC[PR]: 0.975416
Val	AUC[ROC]: 0.642509	AUC[PR]: 0.058526
Epoch evaluation duration: 222.042725086
Epoch duration: 244.27286315

Epoch 226/1000
Epoch training duration: 21.7103757858
Train	AUC[ROC]: 0.999985	AUC[PR]: 0.978241
Val	AUC[ROC]: 0.595402	AUC[PR]: 0.058911
Epoch evaluation duration: 221.416851997
Epoch duration: 243.127227783

Epoch 227/1000
Epoch training duration: 24.3264520168
Train	AUC[ROC]: 0.999986	AUC[PR]: 0.978860
Val	AUC[ROC]: 0.555863	AUC[PR]: 0.062635
Epoch evaluation duration: 213.170058012
Epoch duration: 237.496510029

Epoch 228/1000
Epoch training duration: 22.8476121426
Train	AUC[ROC]: 0.999984	AUC[PR]: 0.975466
Val	AUC[ROC]: 0.593182	AUC[PR]: 0.056398
Epoch evaluation duration: 206.174121857
Epoch duration: 229.021733999

Epoch 229/1000
Epoch training duration: 25.6346261501
Train	AUC[ROC]: 0.999986	AUC[PR]: 0.978354
Val	AUC[ROC]: 0.557902	AUC[PR]: 0.059589
Epoch evaluation duration: 215.721103907
Epoch duration: 241.355730057

Epoch 230/1000
Epoch training duration: 23.5213699341
Train	AUC[ROC]: 0.999986	AUC[PR]: 0.978552
Val	AUC[ROC]: 0.558485	AUC[PR]: 0.059263
Epoch evaluation duration: 211.181651115
Epoch duration: 234.703021049

Epoch 231/1000
Epoch training duration: 25.0583238602
Train	AUC[ROC]: 0.999986	AUC[PR]: 0.978676
Val	AUC[ROC]: 0.549971	AUC[PR]: 0.058420
Epoch evaluation duration: 214.516342163
Epoch duration: 239.574666023

Epoch 232/1000
Epoch training duration: 24.2546310425
Train	AUC[ROC]: 0.999987	AUC[PR]: 0.980829
Val	AUC[ROC]: 0.544780	AUC[PR]: 0.061429
Epoch evaluation duration: 218.763828993
Epoch duration: 243.018460035

Epoch 233/1000
Epoch training duration: 24.6222128868
Train	AUC[ROC]: 0.999986	AUC[PR]: 0.979047
Val	AUC[ROC]: 0.543572	AUC[PR]: 0.062385
Epoch evaluation duration: 223.492269993
Epoch duration: 248.11448288

Epoch 234/1000
Epoch training duration: 25.3351471424
Train	AUC[ROC]: 0.999984	AUC[PR]: 0.976264
Val	AUC[ROC]: 0.606900	AUC[PR]: 0.047524
Epoch evaluation duration: 218.795075893
Epoch duration: 244.130223036

Epoch 235/1000
Epoch training duration: 24.7364718914
Train	AUC[ROC]: 0.999982	AUC[PR]: 0.972622
Val	AUC[ROC]: 0.562620	AUC[PR]: 0.054588
Epoch evaluation duration: 212.622688055
Epoch duration: 237.359159946

Epoch 236/1000
Epoch training duration: 22.3582220078
Train	AUC[ROC]: 0.999983	AUC[PR]: 0.974550
Val	AUC[ROC]: 0.566888	AUC[PR]: 0.055876
Epoch evaluation duration: 210.597155094
Epoch duration: 232.955377102

Epoch 237/1000
Epoch training duration: 24.5472710133
Train	AUC[ROC]: 0.999984	AUC[PR]: 0.975986
Val	AUC[ROC]: 0.594739	AUC[PR]: 0.052531
Epoch evaluation duration: 213.074906826
Epoch duration: 237.622177839

Epoch 238/1000
Epoch training duration: 24.4992001057
Train	AUC[ROC]: 0.999983	AUC[PR]: 0.974914
Val	AUC[ROC]: 0.557925	AUC[PR]: 0.053355
Epoch evaluation duration: 208.921515942
Epoch duration: 233.420716047

Epoch 239/1000
Epoch training duration: 23.7121779919
Train	AUC[ROC]: 0.999983	AUC[PR]: 0.973796
Val	AUC[ROC]: 0.552628	AUC[PR]: 0.054102
Epoch evaluation duration: 215.332479954
Epoch duration: 239.044657946

Epoch 240/1000
Epoch training duration: 21.7080061436
Train	AUC[ROC]: 0.999983	AUC[PR]: 0.973716
Val	AUC[ROC]: 0.555260	AUC[PR]: 0.050177
Epoch evaluation duration: 216.854132891
Epoch duration: 238.562139034

Epoch 241/1000
Epoch training duration: 25.0947570801
Train	AUC[ROC]: 0.999984	AUC[PR]: 0.975714
Val	AUC[ROC]: 0.580563	AUC[PR]: 0.048991
Epoch evaluation duration: 217.029875994
Epoch duration: 242.124633074

Epoch 242/1000
Epoch training duration: 22.9800400734
Train	AUC[ROC]: 0.999981	AUC[PR]: 0.971856
Val	AUC[ROC]: 0.617661	AUC[PR]: 0.029862
Epoch evaluation duration: 208.826424837
Epoch duration: 231.806464911

Epoch 243/1000
Epoch training duration: 21.5700390339
Train	AUC[ROC]: 0.999980	AUC[PR]: 0.969147
Val	AUC[ROC]: 0.583481	AUC[PR]: 0.036467
Epoch evaluation duration: 210.460005999
Epoch duration: 232.030045033

Epoch 244/1000
Epoch training duration: 22.3418390751
Train	AUC[ROC]: 0.999982	AUC[PR]: 0.973094
Val	AUC[ROC]: 0.580354	AUC[PR]: 0.040123
Epoch evaluation duration: 221.885947943
Epoch duration: 244.227787018

Epoch 245/1000
Epoch training duration: 23.2147941589
Train	AUC[ROC]: 0.999983	AUC[PR]: 0.974095
Val	AUC[ROC]: 0.597534	AUC[PR]: 0.039448
Epoch evaluation duration: 211.576309919
Epoch duration: 234.791104078

Epoch 246/1000
Epoch training duration: 26.3839740753
Train	AUC[ROC]: 0.999982	AUC[PR]: 0.973177
Val	AUC[ROC]: 0.584044	AUC[PR]: 0.043131
Epoch evaluation duration: 216.975466013
Epoch duration: 243.359440088

Epoch 247/1000
Epoch training duration: 22.6945819855
Train	AUC[ROC]: 0.999984	AUC[PR]: 0.975633
Val	AUC[ROC]: 0.600942	AUC[PR]: 0.047063
Epoch evaluation duration: 214.005587816
Epoch duration: 236.700169802

Epoch 248/1000
Epoch training duration: 21.9273920059
Train	AUC[ROC]: 0.999984	AUC[PR]: 0.975385
Val	AUC[ROC]: 0.621013	AUC[PR]: 0.046597
Epoch evaluation duration: 216.608575106
Epoch duration: 238.535967112

Epoch 249/1000
Epoch training duration: 23.4246320724
Train	AUC[ROC]: 0.999985	AUC[PR]: 0.977600
Val	AUC[ROC]: 0.595101	AUC[PR]: 0.050196
Epoch evaluation duration: 215.971552849
Epoch duration: 239.396184921

Epoch 250/1000
Epoch training duration: 22.6060831547
Train	AUC[ROC]: 0.999984	AUC[PR]: 0.976810
Val	AUC[ROC]: 0.583234	AUC[PR]: 0.051604
Epoch evaluation duration: 213.912571907
Epoch duration: 236.518655062

Epoch 251/1000
Epoch training duration: 24.279321909
Train	AUC[ROC]: 0.999985	AUC[PR]: 0.976946
Val	AUC[ROC]: 0.586714	AUC[PR]: 0.054636
Epoch evaluation duration: 216.469758987
Epoch duration: 240.749080896

Epoch 252/1000
Epoch training duration: 23.2749431133
Train	AUC[ROC]: 0.999985	AUC[PR]: 0.977705
Val	AUC[ROC]: 0.592428	AUC[PR]: 0.042243
Epoch evaluation duration: 218.483494043
Epoch duration: 241.758437157

Epoch 253/1000
Epoch training duration: 23.6179430485
Train	AUC[ROC]: 0.999984	AUC[PR]: 0.976162
Val	AUC[ROC]: 0.571082	AUC[PR]: 0.045838
Epoch evaluation duration: 221.825714827
Epoch duration: 245.443657875

Epoch 254/1000
Epoch training duration: 23.3283650875
Train	AUC[ROC]: 0.999982	AUC[PR]: 0.973406
Val	AUC[ROC]: 0.570605	AUC[PR]: 0.044405
Epoch evaluation duration: 211.49305892
Epoch duration: 234.821424007

train precision: 0.957358577117
train roc: 0.999976239949
train hit in top 2563: 334.0 out of 334.0

val precision: 0.120942257372
val roc: 0.677107099111
val hit in top 427: 23.0 out of 55.0

test precision: 0.244313805508
test roc: 0.883081032947
test hit in top 427: 39.0 out of 55.0

ratio: 0.02, EF: 39.0909090909,	active: 55.0
ratio: 0.02, NEF: 0.781818181818
ratio: 0.01, EF: 70.9090909091,	active: 55.0
ratio: 0.01, NEF: 0.709090909091
ratio: 0.0015, EF: 218.181818182,	active: 55.0
ratio: 0.0015, NEF: 0.327272727273
ratio: 0.001, EF: 218.181818182,	active: 55.0
ratio: 0.001, NEF: 0.285714285714

