label_name_list  [u'PriA-SSB AS Activity']
train files  ['../datasets/keck_pria/fold_0.csv' '../datasets/keck_pria/fold_1.csv'
 '../datasets/keck_pria/fold_2.csv' '../datasets/keck_pria/fold_3.csv'
 '../datasets/keck_pria/fold_4.csv' '../datasets/keck_pria/fold_5.csv'
 '../datasets/keck_pria/fold_6.csv' '../datasets/keck_pria/fold_7.csv']
val files  ['../datasets/keck_pria/fold_8.csv']
test files  ['../datasets/keck_pria/fold_9.csv']
Class Weight  [{0: 1.0, 1: 768.9234234234234}]
Epoch 1/1000
Epoch training duration: 15.5891890526
Train	AUC[ROC]: 0.929618	AUC[PR]: 0.128749
Val	AUC[ROC]: 0.908492	AUC[PR]: 0.053251
Epoch evaluation duration: 113.4151299
Epoch duration: 129.004318953

Epoch 2/1000
Epoch training duration: 18.7345170975
Train	AUC[ROC]: 0.965823	AUC[PR]: 0.168828
Val	AUC[ROC]: 0.918356	AUC[PR]: 0.078155
Epoch evaluation duration: 114.425395012
Epoch duration: 133.159912109

Epoch 3/1000
Epoch training duration: 14.2103049755
Train	AUC[ROC]: 0.984557	AUC[PR]: 0.201551
Val	AUC[ROC]: 0.918775	AUC[PR]: 0.098253
Epoch evaluation duration: 119.440584898
Epoch duration: 133.650889874

Epoch 4/1000
Epoch training duration: 15.8634419441
Train	AUC[ROC]: 0.992110	AUC[PR]: 0.236608
Val	AUC[ROC]: 0.923080	AUC[PR]: 0.097879
Epoch evaluation duration: 115.93523407
Epoch duration: 131.798676014

Epoch 5/1000
Epoch training duration: 15.4132609367
Train	AUC[ROC]: 0.995781	AUC[PR]: 0.274573
Val	AUC[ROC]: 0.922691	AUC[PR]: 0.105844
Epoch evaluation duration: 119.239447117
Epoch duration: 134.652708054

Epoch 6/1000
Epoch training duration: 15.1125478745
Train	AUC[ROC]: 0.997464	AUC[PR]: 0.322059
Val	AUC[ROC]: 0.915443	AUC[PR]: 0.111011
Epoch evaluation duration: 124.556809187
Epoch duration: 139.669357061

Epoch 7/1000
Epoch training duration: 16.3486559391
Train	AUC[ROC]: 0.998228	AUC[PR]: 0.371503
Val	AUC[ROC]: 0.908207	AUC[PR]: 0.120594
Epoch evaluation duration: 116.521642923
Epoch duration: 132.870298862

Epoch 8/1000
Epoch training duration: 16.3601911068
Train	AUC[ROC]: 0.998689	AUC[PR]: 0.418533
Val	AUC[ROC]: 0.903090	AUC[PR]: 0.121246
Epoch evaluation duration: 121.748359919
Epoch duration: 138.108551025

Epoch 9/1000
Epoch training duration: 14.6666591167
Train	AUC[ROC]: 0.998992	AUC[PR]: 0.465096
Val	AUC[ROC]: 0.896237	AUC[PR]: 0.128816
Epoch evaluation duration: 124.68381381
Epoch duration: 139.350472927

Epoch 10/1000
Epoch training duration: 17.3354082108
Train	AUC[ROC]: 0.999213	AUC[PR]: 0.515384
Val	AUC[ROC]: 0.873946	AUC[PR]: 0.131014
Epoch evaluation duration: 116.084959984
Epoch duration: 133.420368195

Epoch 11/1000
Epoch training duration: 16.6716988087
Train	AUC[ROC]: 0.999348	AUC[PR]: 0.552313
Val	AUC[ROC]: 0.871228	AUC[PR]: 0.135108
Epoch evaluation duration: 116.286960125
Epoch duration: 132.958658934

Epoch 12/1000
Epoch training duration: 14.9837510586
Train	AUC[ROC]: 0.999501	AUC[PR]: 0.605576
Val	AUC[ROC]: 0.862776	AUC[PR]: 0.142895
Epoch evaluation duration: 113.22040987
Epoch duration: 128.204160929

Epoch 13/1000
Epoch training duration: 15.7179710865
Train	AUC[ROC]: 0.999552	AUC[PR]: 0.628519
Val	AUC[ROC]: 0.840534	AUC[PR]: 0.146539
Epoch evaluation duration: 119.879665852
Epoch duration: 135.597636938

Epoch 14/1000
Epoch training duration: 15.4921860695
Train	AUC[ROC]: 0.999626	AUC[PR]: 0.660970
Val	AUC[ROC]: 0.836249	AUC[PR]: 0.157264
Epoch evaluation duration: 118.848374128
Epoch duration: 134.340560198

Epoch 15/1000
Epoch training duration: 14.7958829403
Train	AUC[ROC]: 0.999634	AUC[PR]: 0.660900
Val	AUC[ROC]: 0.838245	AUC[PR]: 0.152087
Epoch evaluation duration: 122.248816967
Epoch duration: 137.044699907

Epoch 16/1000
Epoch training duration: 15.4719159603
Train	AUC[ROC]: 0.999687	AUC[PR]: 0.699086
Val	AUC[ROC]: 0.815636	AUC[PR]: 0.138536
Epoch evaluation duration: 116.689898014
Epoch duration: 132.161813974

Epoch 17/1000
Epoch training duration: 16.3340599537
Train	AUC[ROC]: 0.999680	AUC[PR]: 0.685258
Val	AUC[ROC]: 0.822418	AUC[PR]: 0.151337
Epoch evaluation duration: 123.232586145
Epoch duration: 139.566646099

Epoch 18/1000
Epoch training duration: 14.3501918316
Train	AUC[ROC]: 0.999737	AUC[PR]: 0.721388
Val	AUC[ROC]: 0.820343	AUC[PR]: 0.143856
Epoch evaluation duration: 117.724161148
Epoch duration: 132.07435298

Epoch 19/1000
Epoch training duration: 17.0751130581
Train	AUC[ROC]: 0.999787	AUC[PR]: 0.758411
Val	AUC[ROC]: 0.818128	AUC[PR]: 0.153245
Epoch evaluation duration: 122.502002001
Epoch duration: 139.577115059

Epoch 20/1000
Epoch training duration: 15.1705048084
Train	AUC[ROC]: 0.999809	AUC[PR]: 0.778815
Val	AUC[ROC]: 0.807253	AUC[PR]: 0.152258
Epoch evaluation duration: 119.306426048
Epoch duration: 134.476930857

Epoch 21/1000
Epoch training duration: 15.5096280575
Train	AUC[ROC]: 0.999837	AUC[PR]: 0.803557
Val	AUC[ROC]: 0.797729	AUC[PR]: 0.150436
Epoch evaluation duration: 125.9556849
Epoch duration: 141.465312958

Epoch 22/1000
Epoch training duration: 15.3443660736
Train	AUC[ROC]: 0.999781	AUC[PR]: 0.747934
Val	AUC[ROC]: 0.813406	AUC[PR]: 0.155517
Epoch evaluation duration: 120.154010057
Epoch duration: 135.498376131

Epoch 23/1000
Epoch training duration: 18.6695380211
Train	AUC[ROC]: 0.999824	AUC[PR]: 0.785439
Val	AUC[ROC]: 0.801294	AUC[PR]: 0.149324
Epoch evaluation duration: 122.140157938
Epoch duration: 140.809695959

Epoch 24/1000
Epoch training duration: 15.7986729145
Train	AUC[ROC]: 0.999863	AUC[PR]: 0.827976
Val	AUC[ROC]: 0.798705	AUC[PR]: 0.145656
Epoch evaluation duration: 121.639245033
Epoch duration: 137.437917948

Epoch 25/1000
Epoch training duration: 14.2117249966
Train	AUC[ROC]: 0.999878	AUC[PR]: 0.848085
Val	AUC[ROC]: 0.797904	AUC[PR]: 0.144474
Epoch evaluation duration: 120.358839035
Epoch duration: 134.570564032

Epoch 26/1000
Epoch training duration: 15.7464458942
Train	AUC[ROC]: 0.999876	AUC[PR]: 0.838515
Val	AUC[ROC]: 0.786409	AUC[PR]: 0.159013
Epoch evaluation duration: 123.449405193
Epoch duration: 139.195851088

Epoch 27/1000
Epoch training duration: 15.0112960339
Train	AUC[ROC]: 0.999879	AUC[PR]: 0.847756
Val	AUC[ROC]: 0.791573	AUC[PR]: 0.146298
Epoch evaluation duration: 115.381977797
Epoch duration: 130.39327383

Epoch 28/1000
Epoch training duration: 14.026170969
Train	AUC[ROC]: 0.999892	AUC[PR]: 0.866580
Val	AUC[ROC]: 0.795482	AUC[PR]: 0.154433
Epoch evaluation duration: 119.907458067
Epoch duration: 133.933629036

Epoch 29/1000
Epoch training duration: 15.0668070316
Train	AUC[ROC]: 0.999919	AUC[PR]: 0.893142
Val	AUC[ROC]: 0.788471	AUC[PR]: 0.146199
Epoch evaluation duration: 115.567744017
Epoch duration: 130.634551048

Epoch 30/1000
Epoch training duration: 14.3194150925
Train	AUC[ROC]: 0.999927	AUC[PR]: 0.904372
Val	AUC[ROC]: 0.796565	AUC[PR]: 0.138698
Epoch evaluation duration: 122.41157794
Epoch duration: 136.730993032

Epoch 31/1000
Epoch training duration: 16.1404058933
Train	AUC[ROC]: 0.999922	AUC[PR]: 0.897176
Val	AUC[ROC]: 0.793726	AUC[PR]: 0.140029
Epoch evaluation duration: 115.923515081
Epoch duration: 132.063920975

Epoch 32/1000
Epoch training duration: 17.2555770874
Train	AUC[ROC]: 0.999925	AUC[PR]: 0.896815
Val	AUC[ROC]: 0.786330	AUC[PR]: 0.150292
Epoch evaluation duration: 119.895085812
Epoch duration: 137.150662899

Epoch 33/1000
Epoch training duration: 14.6235120296
Train	AUC[ROC]: 0.999905	AUC[PR]: 0.874574
Val	AUC[ROC]: 0.790900	AUC[PR]: 0.153573
Epoch evaluation duration: 116.233535051
Epoch duration: 130.857047081

Epoch 34/1000
Epoch training duration: 14.2887010574
Train	AUC[ROC]: 0.999928	AUC[PR]: 0.908525
Val	AUC[ROC]: 0.789928	AUC[PR]: 0.141947
Epoch evaluation duration: 117.617631912
Epoch duration: 131.90633297

Epoch 35/1000
Epoch training duration: 15.9114580154
Train	AUC[ROC]: 0.999889	AUC[PR]: 0.854009
Val	AUC[ROC]: 0.774003	AUC[PR]: 0.138816
Epoch evaluation duration: 117.216926098
Epoch duration: 133.128384113

Epoch 36/1000
Epoch training duration: 16.3581609726
Train	AUC[ROC]: 0.999910	AUC[PR]: 0.882076
Val	AUC[ROC]: 0.779186	AUC[PR]: 0.142803
Epoch evaluation duration: 121.374598026
Epoch duration: 137.732758999

Epoch 37/1000
Epoch training duration: 15.9465939999
Train	AUC[ROC]: 0.999923	AUC[PR]: 0.903163
Val	AUC[ROC]: 0.780418	AUC[PR]: 0.132306
Epoch evaluation duration: 114.98413682
Epoch duration: 130.93073082

Epoch 38/1000
Epoch training duration: 17.4373891354
Train	AUC[ROC]: 0.999940	AUC[PR]: 0.917430
Val	AUC[ROC]: 0.772032	AUC[PR]: 0.147237
Epoch evaluation duration: 115.049712896
Epoch duration: 132.487102032

Epoch 39/1000
Epoch training duration: 15.890401125
Train	AUC[ROC]: 0.999954	AUC[PR]: 0.936856
Val	AUC[ROC]: 0.749256	AUC[PR]: 0.134251
Epoch evaluation duration: 124.375211
Epoch duration: 140.265612125

Epoch 40/1000
Epoch training duration: 14.6219530106
Train	AUC[ROC]: 0.999960	AUC[PR]: 0.946047
Val	AUC[ROC]: 0.734968	AUC[PR]: 0.131219
Epoch evaluation duration: 117.104907036
Epoch duration: 131.726860046

Epoch 41/1000
Epoch training duration: 15.0737149715
Train	AUC[ROC]: 0.999949	AUC[PR]: 0.935893
Val	AUC[ROC]: 0.776223	AUC[PR]: 0.146261
Epoch evaluation duration: 120.192569971
Epoch duration: 135.266284943

Epoch 42/1000
Epoch training duration: 16.1886539459
Train	AUC[ROC]: 0.999932	AUC[PR]: 0.911259
Val	AUC[ROC]: 0.732679	AUC[PR]: 0.130080
Epoch evaluation duration: 118.176173925
Epoch duration: 134.364827871

Epoch 43/1000
Epoch training duration: 15.6643371582
Train	AUC[ROC]: 0.999942	AUC[PR]: 0.924343
Val	AUC[ROC]: 0.751845	AUC[PR]: 0.128888
Epoch evaluation duration: 117.236891985
Epoch duration: 132.901229143

Epoch 44/1000
Epoch training duration: 15.5754568577
Train	AUC[ROC]: 0.999941	AUC[PR]: 0.924126
Val	AUC[ROC]: 0.749454	AUC[PR]: 0.143427
Epoch evaluation duration: 117.285680056
Epoch duration: 132.861136913

Epoch 45/1000
Epoch training duration: 14.9450950623
Train	AUC[ROC]: 0.999953	AUC[PR]: 0.936014
Val	AUC[ROC]: 0.740020	AUC[PR]: 0.139209
Epoch evaluation duration: 113.995524883
Epoch duration: 128.940619946

Epoch 46/1000
Epoch training duration: 16.650411129
Train	AUC[ROC]: 0.999946	AUC[PR]: 0.929991
Val	AUC[ROC]: 0.752872	AUC[PR]: 0.154467
Epoch evaluation duration: 119.452823877
Epoch duration: 136.103235006

Epoch 47/1000
Epoch training duration: 15.1562399864
Train	AUC[ROC]: 0.999950	AUC[PR]: 0.935550
Val	AUC[ROC]: 0.745212	AUC[PR]: 0.134765
Epoch evaluation duration: 121.714770079
Epoch duration: 136.871010065

Epoch 48/1000
Epoch training duration: 14.3592691422
Train	AUC[ROC]: 0.999948	AUC[PR]: 0.933050
Val	AUC[ROC]: 0.751386	AUC[PR]: 0.126761
Epoch evaluation duration: 114.354311943
Epoch duration: 128.713581085

Epoch 49/1000
Epoch training duration: 14.9496948719
Train	AUC[ROC]: 0.999964	AUC[PR]: 0.946881
Val	AUC[ROC]: 0.725614	AUC[PR]: 0.123220
Epoch evaluation duration: 119.504522085
Epoch duration: 134.454216957

Epoch 50/1000
Epoch training duration: 15.8217120171
Train	AUC[ROC]: 0.999969	AUC[PR]: 0.952991
Val	AUC[ROC]: 0.739673	AUC[PR]: 0.128751
Epoch evaluation duration: 117.205563068
Epoch duration: 133.027275085

Epoch 51/1000
Epoch training duration: 15.941701889
Train	AUC[ROC]: 0.999977	AUC[PR]: 0.966117
Val	AUC[ROC]: 0.731267	AUC[PR]: 0.119287
Epoch evaluation duration: 118.699203014
Epoch duration: 134.640904903

Epoch 52/1000
Epoch training duration: 15.818762064
Train	AUC[ROC]: 0.999974	AUC[PR]: 0.963650
Val	AUC[ROC]: 0.736987	AUC[PR]: 0.128627
Epoch evaluation duration: 116.723549843
Epoch duration: 132.542311907

Epoch 53/1000
Epoch training duration: 15.9142580032
Train	AUC[ROC]: 0.999955	AUC[PR]: 0.939602
Val	AUC[ROC]: 0.756931	AUC[PR]: 0.115101
Epoch evaluation duration: 118.368257046
Epoch duration: 134.282515049

Epoch 54/1000
Epoch training duration: 17.5152509212
Train	AUC[ROC]: 0.999950	AUC[PR]: 0.935427
Val	AUC[ROC]: 0.711936	AUC[PR]: 0.107377
Epoch evaluation duration: 114.317563057
Epoch duration: 131.832813978

Epoch 55/1000
Epoch training duration: 16.134608984
Train	AUC[ROC]: 0.999949	AUC[PR]: 0.933826
Val	AUC[ROC]: 0.773668	AUC[PR]: 0.124620
Epoch evaluation duration: 119.968641996
Epoch duration: 136.10325098

Epoch 56/1000
Epoch training duration: 14.6674981117
Train	AUC[ROC]: 0.999948	AUC[PR]: 0.932732
Val	AUC[ROC]: 0.779826	AUC[PR]: 0.117196
Epoch evaluation duration: 122.338455915
Epoch duration: 137.005954027

Epoch 57/1000
Epoch training duration: 16.3750190735
Train	AUC[ROC]: 0.999968	AUC[PR]: 0.957190
Val	AUC[ROC]: 0.744118	AUC[PR]: 0.107936
Epoch evaluation duration: 121.600713015
Epoch duration: 137.975732088

Epoch 58/1000
Epoch training duration: 15.8381729126
Train	AUC[ROC]: 0.999935	AUC[PR]: 0.915419
Val	AUC[ROC]: 0.798681	AUC[PR]: 0.115319
Epoch evaluation duration: 119.303454161
Epoch duration: 135.141627073

Epoch 59/1000
Epoch training duration: 14.4596679211
Train	AUC[ROC]: 0.999942	AUC[PR]: 0.925542
Val	AUC[ROC]: 0.769544	AUC[PR]: 0.119767
Epoch evaluation duration: 121.184275866
Epoch duration: 135.643943787

Epoch 60/1000
Epoch training duration: 15.161096096
Train	AUC[ROC]: 0.999952	AUC[PR]: 0.936535
Val	AUC[ROC]: 0.759240	AUC[PR]: 0.113175
Epoch evaluation duration: 115.742506027
Epoch duration: 130.903602123

Epoch 61/1000
Epoch training duration: 14.2505159378
Train	AUC[ROC]: 0.999948	AUC[PR]: 0.928684
Val	AUC[ROC]: 0.771725	AUC[PR]: 0.104974
Epoch evaluation duration: 118.265980005
Epoch duration: 132.516495943

Epoch 62/1000
Epoch training duration: 15.0860619545
Train	AUC[ROC]: 0.999957	AUC[PR]: 0.940362
Val	AUC[ROC]: 0.743957	AUC[PR]: 0.105728
Epoch evaluation duration: 118.61502409
Epoch duration: 133.701086044

Epoch 63/1000
Epoch training duration: 17.216933012
Train	AUC[ROC]: 0.999965	AUC[PR]: 0.951528
Val	AUC[ROC]: 0.730078	AUC[PR]: 0.113649
Epoch evaluation duration: 116.049803019
Epoch duration: 133.266736031

Epoch 64/1000
Epoch training duration: 14.4648320675
Train	AUC[ROC]: 0.999955	AUC[PR]: 0.936966
Val	AUC[ROC]: 0.747005	AUC[PR]: 0.113922
Epoch evaluation duration: 114.294528961
Epoch duration: 128.759361029

Epoch 65/1000
Epoch training duration: 15.6494748592
Train	AUC[ROC]: 0.999962	AUC[PR]: 0.952227
Val	AUC[ROC]: 0.740736	AUC[PR]: 0.117583
Epoch evaluation duration: 118.923458099
Epoch duration: 134.572932959

Epoch 66/1000
Epoch training duration: 14.4314398766
Train	AUC[ROC]: 0.999960	AUC[PR]: 0.944043
Val	AUC[ROC]: 0.730082	AUC[PR]: 0.109397
Epoch evaluation duration: 120.129621983
Epoch duration: 134.561061859

Epoch 67/1000
Epoch training duration: 13.677295208
Train	AUC[ROC]: 0.999970	AUC[PR]: 0.959586
Val	AUC[ROC]: 0.703115	AUC[PR]: 0.101763
Epoch evaluation duration: 116.336061001
Epoch duration: 130.013356209

Epoch 68/1000
Epoch training duration: 16.8255558014
Train	AUC[ROC]: 0.999945	AUC[PR]: 0.932510
Val	AUC[ROC]: 0.784955	AUC[PR]: 0.112717
Epoch evaluation duration: 119.008598089
Epoch duration: 135.834153891

Epoch 69/1000
Epoch training duration: 15.8083670139
Train	AUC[ROC]: 0.999962	AUC[PR]: 0.951988
Val	AUC[ROC]: 0.711795	AUC[PR]: 0.111127
Epoch evaluation duration: 117.86152792
Epoch duration: 133.669894934

Epoch 70/1000
Epoch training duration: 14.9591770172
Train	AUC[ROC]: 0.999973	AUC[PR]: 0.962474
Val	AUC[ROC]: 0.712355	AUC[PR]: 0.109661
Epoch evaluation duration: 120.978516102
Epoch duration: 135.937693119

Epoch 71/1000
Epoch training duration: 17.9896879196
Train	AUC[ROC]: 0.999978	AUC[PR]: 0.967942
Val	AUC[ROC]: 0.723122	AUC[PR]: 0.117457
Epoch evaluation duration: 119.233294964
Epoch duration: 137.222982883

Epoch 72/1000
Epoch training duration: 14.7254071236
Train	AUC[ROC]: 0.999979	AUC[PR]: 0.969081
Val	AUC[ROC]: 0.721801	AUC[PR]: 0.116953
Epoch evaluation duration: 118.251993895
Epoch duration: 132.977401018

Epoch 73/1000
Epoch training duration: 16.6676559448
Train	AUC[ROC]: 0.999982	AUC[PR]: 0.973568
Val	AUC[ROC]: 0.716913	AUC[PR]: 0.117533
Epoch evaluation duration: 116.729196072
Epoch duration: 133.396852016

Epoch 74/1000
Epoch training duration: 17.4824171066
Train	AUC[ROC]: 0.999981	AUC[PR]: 0.971824
Val	AUC[ROC]: 0.700871	AUC[PR]: 0.116588
Epoch evaluation duration: 120.267092943
Epoch duration: 137.74951005

Epoch 75/1000
Epoch training duration: 14.6088879108
Train	AUC[ROC]: 0.999985	AUC[PR]: 0.975932
Val	AUC[ROC]: 0.701040	AUC[PR]: 0.118239
Epoch evaluation duration: 125.264394045
Epoch duration: 139.873281956

Epoch 76/1000
Epoch training duration: 15.3646221161
Train	AUC[ROC]: 0.999985	AUC[PR]: 0.976027
Val	AUC[ROC]: 0.698460	AUC[PR]: 0.116254
Epoch evaluation duration: 114.437487841
Epoch duration: 129.802109957

Epoch 77/1000
Epoch training duration: 15.7257671356
Train	AUC[ROC]: 0.999987	AUC[PR]: 0.980091
Val	AUC[ROC]: 0.693742	AUC[PR]: 0.112203
Epoch evaluation duration: 122.456819057
Epoch duration: 138.182586193

Epoch 78/1000
Epoch training duration: 16.1310389042
Train	AUC[ROC]: 0.999990	AUC[PR]: 0.982986
Val	AUC[ROC]: 0.687803	AUC[PR]: 0.112578
Epoch evaluation duration: 117.524661064
Epoch duration: 133.655699968

Epoch 79/1000
Epoch training duration: 14.2053058147
Train	AUC[ROC]: 0.999987	AUC[PR]: 0.976806
Val	AUC[ROC]: 0.714152	AUC[PR]: 0.127025
Epoch evaluation duration: 122.879447222
Epoch duration: 137.084753036

Epoch 80/1000
Epoch training duration: 17.1202299595
Train	AUC[ROC]: 0.999987	AUC[PR]: 0.977947
Val	AUC[ROC]: 0.700401	AUC[PR]: 0.124200
Epoch evaluation duration: 113.978976965
Epoch duration: 131.099206924

Epoch 81/1000
Epoch training duration: 14.567481041
Train	AUC[ROC]: 0.999987	AUC[PR]: 0.979081
Val	AUC[ROC]: 0.722020	AUC[PR]: 0.123298
Epoch evaluation duration: 123.528434038
Epoch duration: 138.095915079

Epoch 82/1000
Epoch training duration: 17.6214478016
Train	AUC[ROC]: 0.999985	AUC[PR]: 0.975741
Val	AUC[ROC]: 0.708096	AUC[PR]: 0.117117
Epoch evaluation duration: 114.552981138
Epoch duration: 132.17442894

Epoch 83/1000
Epoch training duration: 15.5465250015
Train	AUC[ROC]: 0.999987	AUC[PR]: 0.975184
Val	AUC[ROC]: 0.688230	AUC[PR]: 0.111855
Epoch evaluation duration: 119.678576946
Epoch duration: 135.225101948

Epoch 84/1000
Epoch training duration: 15.2185819149
Train	AUC[ROC]: 0.999980	AUC[PR]: 0.967551
Val	AUC[ROC]: 0.709606	AUC[PR]: 0.108105
Epoch evaluation duration: 116.690862179
Epoch duration: 131.909444094

Epoch 85/1000
Epoch training duration: 17.0686779022
Train	AUC[ROC]: 0.999983	AUC[PR]: 0.971876
Val	AUC[ROC]: 0.706126	AUC[PR]: 0.107843
Epoch evaluation duration: 119.816948891
Epoch duration: 136.885626793

Epoch 86/1000
Epoch training duration: 17.3093650341
Train	AUC[ROC]: 0.999984	AUC[PR]: 0.972670
Val	AUC[ROC]: 0.702961	AUC[PR]: 0.115010
Epoch evaluation duration: 118.442259073
Epoch duration: 135.751624107

Epoch 87/1000
Epoch training duration: 13.9252231121
Train	AUC[ROC]: 0.999983	AUC[PR]: 0.968779
Val	AUC[ROC]: 0.705427	AUC[PR]: 0.106961
Epoch evaluation duration: 115.750131845
Epoch duration: 129.675354958

Epoch 88/1000
Epoch training duration: 14.0663130283
Train	AUC[ROC]: 0.999982	AUC[PR]: 0.968843
Val	AUC[ROC]: 0.710905	AUC[PR]: 0.107669
Epoch evaluation duration: 117.609353065
Epoch duration: 131.675666094

Epoch 89/1000
Epoch training duration: 16.6651730537
Train	AUC[ROC]: 0.999983	AUC[PR]: 0.970434
Val	AUC[ROC]: 0.683094	AUC[PR]: 0.099227
Epoch evaluation duration: 122.666574001
Epoch duration: 139.331747055

Epoch 90/1000
Epoch training duration: 13.9691569805
Train	AUC[ROC]: 0.999981	AUC[PR]: 0.965722
Val	AUC[ROC]: 0.692095	AUC[PR]: 0.103278
Epoch evaluation duration: 120.216722012
Epoch duration: 134.185878992

Epoch 91/1000
Epoch training duration: 14.6206758022
Train	AUC[ROC]: 0.999982	AUC[PR]: 0.968745
Val	AUC[ROC]: 0.698219	AUC[PR]: 0.106316
Epoch evaluation duration: 119.190522194
Epoch duration: 133.811197996

Epoch 92/1000
Epoch training duration: 16.117743969
Train	AUC[ROC]: 0.999973	AUC[PR]: 0.957377
Val	AUC[ROC]: 0.728342	AUC[PR]: 0.092873
Epoch evaluation duration: 119.163429022
Epoch duration: 135.281172991

Epoch 93/1000
Epoch training duration: 14.7012138367
Train	AUC[ROC]: 0.999977	AUC[PR]: 0.963471
Val	AUC[ROC]: 0.697191	AUC[PR]: 0.106192
Epoch evaluation duration: 118.27817297
Epoch duration: 132.979386806

Epoch 94/1000
Epoch training duration: 16.2641780376
Train	AUC[ROC]: 0.999978	AUC[PR]: 0.965920
Val	AUC[ROC]: 0.699356	AUC[PR]: 0.111966
Epoch evaluation duration: 125.214791059
Epoch duration: 141.478969097

Epoch 95/1000
Epoch training duration: 15.843184948
Train	AUC[ROC]: 0.999979	AUC[PR]: 0.965333
Val	AUC[ROC]: 0.681071	AUC[PR]: 0.104470
Epoch evaluation duration: 119.873891115
Epoch duration: 135.717076063

Epoch 96/1000
Epoch training duration: 15.8734788895
Train	AUC[ROC]: 0.999982	AUC[PR]: 0.970475
Val	AUC[ROC]: 0.670896	AUC[PR]: 0.100952
Epoch evaluation duration: 119.608328104
Epoch duration: 135.481806993

Epoch 97/1000
Epoch training duration: 14.5769279003
Train	AUC[ROC]: 0.999984	AUC[PR]: 0.974178
Val	AUC[ROC]: 0.671099	AUC[PR]: 0.106466
Epoch evaluation duration: 115.374938011
Epoch duration: 129.951865911

Epoch 98/1000
Epoch training duration: 16.2677810192
Train	AUC[ROC]: 0.999976	AUC[PR]: 0.965480
Val	AUC[ROC]: 0.716371	AUC[PR]: 0.111494
Epoch evaluation duration: 115.549361944
Epoch duration: 131.817142963

Epoch 99/1000
Epoch training duration: 13.8300521374
Train	AUC[ROC]: 0.999982	AUC[PR]: 0.971197
Val	AUC[ROC]: 0.676079	AUC[PR]: 0.102074
Epoch evaluation duration: 115.40226984
Epoch duration: 129.232321978

Epoch 100/1000
Epoch training duration: 16.6469061375
Train	AUC[ROC]: 0.999957	AUC[PR]: 0.946903
Val	AUC[ROC]: 0.751657	AUC[PR]: 0.073989
Epoch evaluation duration: 119.433398962
Epoch duration: 136.080305099

Epoch 101/1000
Epoch training duration: 15.3128368855
Train	AUC[ROC]: 0.999976	AUC[PR]: 0.967079
Val	AUC[ROC]: 0.703551	AUC[PR]: 0.083336
Epoch evaluation duration: 117.79341507
Epoch duration: 133.106251955

Epoch 102/1000
Epoch training duration: 14.7084670067
Train	AUC[ROC]: 0.999982	AUC[PR]: 0.972656
Val	AUC[ROC]: 0.678248	AUC[PR]: 0.089745
Epoch evaluation duration: 118.539504051
Epoch duration: 133.247971058

Epoch 103/1000
Epoch training duration: 16.5534100533
Train	AUC[ROC]: 0.999985	AUC[PR]: 0.976806
Val	AUC[ROC]: 0.671343	AUC[PR]: 0.093527
Epoch evaluation duration: 124.289847851
Epoch duration: 140.843257904

Epoch 104/1000
Epoch training duration: 15.0618350506
Train	AUC[ROC]: 0.999986	AUC[PR]: 0.976786
Val	AUC[ROC]: 0.660281	AUC[PR]: 0.088909
Epoch evaluation duration: 123.301988125
Epoch duration: 138.363823175

Epoch 105/1000
Epoch training duration: 14.148113966
Train	AUC[ROC]: 0.999986	AUC[PR]: 0.979749
Val	AUC[ROC]: 0.696874	AUC[PR]: 0.092778
Epoch evaluation duration: 109.537528038
Epoch duration: 123.685642004

Epoch 106/1000
Epoch training duration: 15.113547802
Train	AUC[ROC]: 0.999987	AUC[PR]: 0.978785
Val	AUC[ROC]: 0.669831	AUC[PR]: 0.091758
Epoch evaluation duration: 117.690495014
Epoch duration: 132.804042816

Epoch 107/1000
Epoch training duration: 15.9677340984
Train	AUC[ROC]: 0.999988	AUC[PR]: 0.978515
Val	AUC[ROC]: 0.659281	AUC[PR]: 0.087999
Epoch evaluation duration: 123.122669935
Epoch duration: 139.090404034

Epoch 108/1000
Epoch training duration: 15.5949580669
Train	AUC[ROC]: 0.999984	AUC[PR]: 0.973324
Val	AUC[ROC]: 0.673227	AUC[PR]: 0.088906
Epoch evaluation duration: 117.142332077
Epoch duration: 132.737290144

Epoch 109/1000
Epoch training duration: 17.1520648003
Train	AUC[ROC]: 0.999983	AUC[PR]: 0.972299
Val	AUC[ROC]: 0.680254	AUC[PR]: 0.084658
Epoch evaluation duration: 121.976155043
Epoch duration: 139.128219843

Epoch 110/1000
Epoch training duration: 16.5864701271
Train	AUC[ROC]: 0.999980	AUC[PR]: 0.966913
Val	AUC[ROC]: 0.669991	AUC[PR]: 0.075221
Epoch evaluation duration: 115.53746295
Epoch duration: 132.123933077

Epoch 111/1000
Epoch training duration: 14.3473210335
Train	AUC[ROC]: 0.999981	AUC[PR]: 0.969211
Val	AUC[ROC]: 0.672247	AUC[PR]: 0.083097
Epoch evaluation duration: 118.744699001
Epoch duration: 133.092020035

Epoch 112/1000
Epoch training duration: 15.9398579597
Train	AUC[ROC]: 0.999981	AUC[PR]: 0.972167
Val	AUC[ROC]: 0.726440	AUC[PR]: 0.102270
Epoch evaluation duration: 114.967237949
Epoch duration: 130.907095909

Epoch 113/1000
Epoch training duration: 16.5021550655
Train	AUC[ROC]: 0.999978	AUC[PR]: 0.966231
Val	AUC[ROC]: 0.699971	AUC[PR]: 0.093413
Epoch evaluation duration: 126.967599869
Epoch duration: 143.469754934

Epoch 114/1000
Epoch training duration: 14.8561530113
Train	AUC[ROC]: 0.999977	AUC[PR]: 0.962769
Val	AUC[ROC]: 0.677026	AUC[PR]: 0.087366
Epoch evaluation duration: 109.48208499
Epoch duration: 124.338238001

Epoch 115/1000
Epoch training duration: 15.6953802109
Train	AUC[ROC]: 0.999980	AUC[PR]: 0.969358
Val	AUC[ROC]: 0.665313	AUC[PR]: 0.084979
Epoch evaluation duration: 102.058013916
Epoch duration: 117.753394127

Epoch 116/1000
Epoch training duration: 13.8214240074
Train	AUC[ROC]: 0.999979	AUC[PR]: 0.967086
Val	AUC[ROC]: 0.677324	AUC[PR]: 0.091147
Epoch evaluation duration: 99.3897519112
Epoch duration: 113.211175919

Epoch 117/1000
Epoch training duration: 11.8092260361
Train	AUC[ROC]: 0.999980	AUC[PR]: 0.969855
Val	AUC[ROC]: 0.678286	AUC[PR]: 0.091994
Epoch evaluation duration: 95.6871650219
Epoch duration: 107.496391058

Epoch 118/1000
Epoch training duration: 11.4306221008
Train	AUC[ROC]: 0.999980	AUC[PR]: 0.969100
Val	AUC[ROC]: 0.695964	AUC[PR]: 0.075770
Epoch evaluation duration: 95.8736169338
Epoch duration: 107.304239035

Epoch 119/1000
Epoch training duration: 12.7147018909
Train	AUC[ROC]: 0.999981	AUC[PR]: 0.970214
Val	AUC[ROC]: 0.655771	AUC[PR]: 0.076927
Epoch evaluation duration: 96.4020621777
Epoch duration: 109.116764069

Epoch 120/1000
Epoch training duration: 12.427218914
Train	AUC[ROC]: 0.999982	AUC[PR]: 0.970647
Val	AUC[ROC]: 0.680573	AUC[PR]: 0.082036
Epoch evaluation duration: 98.1864199638
Epoch duration: 110.613638878

Epoch 121/1000
Epoch training duration: 14.2908840179
Train	AUC[ROC]: 0.999982	AUC[PR]: 0.973374
Val	AUC[ROC]: 0.674029	AUC[PR]: 0.085426
Epoch evaluation duration: 100.014321089
Epoch duration: 114.305205107

Epoch 122/1000
Epoch training duration: 11.6374769211
Train	AUC[ROC]: 0.999986	AUC[PR]: 0.977587
Val	AUC[ROC]: 0.661470	AUC[PR]: 0.087112
Epoch evaluation duration: 96.9858410358
Epoch duration: 108.623317957

Epoch 123/1000
Epoch training duration: 12.4092400074
Train	AUC[ROC]: 0.999987	AUC[PR]: 0.978732
Val	AUC[ROC]: 0.660605	AUC[PR]: 0.094572
Epoch evaluation duration: 96.8965189457
Epoch duration: 109.305758953

Epoch 124/1000
Epoch training duration: 13.4535961151
Train	AUC[ROC]: 0.999985	AUC[PR]: 0.975839
Val	AUC[ROC]: 0.673889	AUC[PR]: 0.106857
Epoch evaluation duration: 96.1947758198
Epoch duration: 109.648371935

Epoch 125/1000
Epoch training duration: 11.7104170322
Train	AUC[ROC]: 0.999985	AUC[PR]: 0.976541
Val	AUC[ROC]: 0.690800	AUC[PR]: 0.103133
Epoch evaluation duration: 97.9967989922
Epoch duration: 109.707216024

Epoch 126/1000
Epoch training duration: 13.6941270828
Train	AUC[ROC]: 0.999982	AUC[PR]: 0.972100
Val	AUC[ROC]: 0.705148	AUC[PR]: 0.109022
Epoch evaluation duration: 96.1893439293
Epoch duration: 109.883471012

Epoch 127/1000
Epoch training duration: 13.0730791092
Train	AUC[ROC]: 0.999981	AUC[PR]: 0.971429
Val	AUC[ROC]: 0.700595	AUC[PR]: 0.113158
Epoch evaluation duration: 92.8668119907
Epoch duration: 105.9398911

Epoch 128/1000
Epoch training duration: 11.8469500542
Train	AUC[ROC]: 0.999981	AUC[PR]: 0.970711
Val	AUC[ROC]: 0.672060	AUC[PR]: 0.101815
Epoch evaluation duration: 94.1676869392
Epoch duration: 106.014636993

Epoch 129/1000
Epoch training duration: 12.7970058918
Train	AUC[ROC]: 0.999984	AUC[PR]: 0.975376
Val	AUC[ROC]: 0.659531	AUC[PR]: 0.098826
Epoch evaluation duration: 92.8689961433
Epoch duration: 105.666002035

Epoch 130/1000
Epoch training duration: 12.3043599129
Train	AUC[ROC]: 0.999984	AUC[PR]: 0.975063
Val	AUC[ROC]: 0.670299	AUC[PR]: 0.106783
Epoch evaluation duration: 95.6460421085
Epoch duration: 107.950402021

Epoch 131/1000
Epoch training duration: 12.0928239822
Train	AUC[ROC]: 0.999986	AUC[PR]: 0.978982
Val	AUC[ROC]: 0.651400	AUC[PR]: 0.095024
Epoch evaluation duration: 98.5902929306
Epoch duration: 110.683116913

Epoch 132/1000
Epoch training duration: 11.8406229019
Train	AUC[ROC]: 0.999984	AUC[PR]: 0.975099
Val	AUC[ROC]: 0.699949	AUC[PR]: 0.116114
Epoch evaluation duration: 95.3863310814
Epoch duration: 107.226953983

Epoch 133/1000
Epoch training duration: 11.8398799896
Train	AUC[ROC]: 0.999984	AUC[PR]: 0.975759
Val	AUC[ROC]: 0.688866	AUC[PR]: 0.117897
Epoch evaluation duration: 96.3347051144
Epoch duration: 108.174585104

Epoch 134/1000
Epoch training duration: 13.3570318222
Train	AUC[ROC]: 0.999985	AUC[PR]: 0.977035
Val	AUC[ROC]: 0.677536	AUC[PR]: 0.106460
Epoch evaluation duration: 96.7037961483
Epoch duration: 110.060827971

Epoch 135/1000
Epoch training duration: 11.5133228302
Train	AUC[ROC]: 0.999985	AUC[PR]: 0.976840
Val	AUC[ROC]: 0.693159	AUC[PR]: 0.103995
Epoch evaluation duration: 99.1845910549
Epoch duration: 110.697913885

Epoch 136/1000
Epoch training duration: 11.8221669197
Train	AUC[ROC]: 0.999985	AUC[PR]: 0.977546
Val	AUC[ROC]: 0.680448	AUC[PR]: 0.097358
Epoch evaluation duration: 94.706908226
Epoch duration: 106.529075146

Epoch 137/1000
Epoch training duration: 14.7377948761
Train	AUC[ROC]: 0.999983	AUC[PR]: 0.975168
Val	AUC[ROC]: 0.730588	AUC[PR]: 0.092546
Epoch evaluation duration: 97.3238370419
Epoch duration: 112.061631918

Epoch 138/1000
Epoch training duration: 12.6920969486
Train	AUC[ROC]: 0.999985	AUC[PR]: 0.975779
Val	AUC[ROC]: 0.693636	AUC[PR]: 0.089003
Epoch evaluation duration: 97.3018989563
Epoch duration: 109.993995905

Epoch 139/1000
Epoch training duration: 12.6191461086
Train	AUC[ROC]: 0.999982	AUC[PR]: 0.973097
Val	AUC[ROC]: 0.706383	AUC[PR]: 0.098244
Epoch evaluation duration: 92.3618118763
Epoch duration: 104.980957985

Epoch 140/1000
Epoch training duration: 12.4945881367
Train	AUC[ROC]: 0.999981	AUC[PR]: 0.971625
Val	AUC[ROC]: 0.689368	AUC[PR]: 0.089000
Epoch evaluation duration: 97.4003748894
Epoch duration: 109.894963026

Epoch 141/1000
Epoch training duration: 12.181292057
Train	AUC[ROC]: 0.999981	AUC[PR]: 0.971156
Val	AUC[ROC]: 0.682290	AUC[PR]: 0.094086
Epoch evaluation duration: 96.4219899178
Epoch duration: 108.603281975

Epoch 142/1000
Epoch training duration: 12.0970981121
Train	AUC[ROC]: 0.999983	AUC[PR]: 0.973955
Val	AUC[ROC]: 0.694019	AUC[PR]: 0.097508
Epoch evaluation duration: 91.6182248592
Epoch duration: 103.715322971

Epoch 143/1000
Epoch training duration: 11.6243970394
Train	AUC[ROC]: 0.999984	AUC[PR]: 0.973993
Val	AUC[ROC]: 0.691880	AUC[PR]: 0.100234
Epoch evaluation duration: 97.0900530815
Epoch duration: 108.714450121

Epoch 144/1000
Epoch training duration: 12.019067049
Train	AUC[ROC]: 0.999981	AUC[PR]: 0.971147
Val	AUC[ROC]: 0.676263	AUC[PR]: 0.092570
Epoch evaluation duration: 96.3007488251
Epoch duration: 108.319815874

Epoch 145/1000
Epoch training duration: 11.3663880825
Train	AUC[ROC]: 0.999983	AUC[PR]: 0.973326
Val	AUC[ROC]: 0.657820	AUC[PR]: 0.092383
Epoch evaluation duration: 96.0380489826
Epoch duration: 107.404437065

Epoch 146/1000
Epoch training duration: 11.9683690071
Train	AUC[ROC]: 0.999986	AUC[PR]: 0.979387
Val	AUC[ROC]: 0.659913	AUC[PR]: 0.090175
Epoch evaluation duration: 95.7704341412
Epoch duration: 107.738803148

Epoch 147/1000
Epoch training duration: 13.4146649837
Train	AUC[ROC]: 0.999986	AUC[PR]: 0.978169
Val	AUC[ROC]: 0.647101	AUC[PR]: 0.084237
Epoch evaluation duration: 95.3817298412
Epoch duration: 108.796394825

Epoch 148/1000
Epoch training duration: 12.7502110004
Train	AUC[ROC]: 0.999985	AUC[PR]: 0.976085
Val	AUC[ROC]: 0.630552	AUC[PR]: 0.083149
Epoch evaluation duration: 95.2890181541
Epoch duration: 108.039229155

Epoch 149/1000
Epoch training duration: 13.5121119022
Train	AUC[ROC]: 0.999986	AUC[PR]: 0.978364
Val	AUC[ROC]: 0.686338	AUC[PR]: 0.091623
Epoch evaluation duration: 95.8521361351
Epoch duration: 109.364248037

Epoch 150/1000
Epoch training duration: 12.8023579121
Train	AUC[ROC]: 0.999985	AUC[PR]: 0.976819
Val	AUC[ROC]: 0.650064	AUC[PR]: 0.084104
Epoch evaluation duration: 93.926254034
Epoch duration: 106.728611946

Epoch 151/1000
Epoch training duration: 11.4731109142
Train	AUC[ROC]: 0.999976	AUC[PR]: 0.963738
Val	AUC[ROC]: 0.731893	AUC[PR]: 0.106364
Epoch evaluation duration: 95.2695400715
Epoch duration: 106.742650986

Epoch 152/1000
Epoch training duration: 11.5668768883
Train	AUC[ROC]: 0.999977	AUC[PR]: 0.964777
Val	AUC[ROC]: 0.701608	AUC[PR]: 0.078896
Epoch evaluation duration: 95.5327131748
Epoch duration: 107.099590063

Epoch 153/1000
Epoch training duration: 12.0465857983
Train	AUC[ROC]: 0.999977	AUC[PR]: 0.965194
Val	AUC[ROC]: 0.659680	AUC[PR]: 0.077144
Epoch evaluation duration: 98.5579390526
Epoch duration: 110.604524851

Epoch 154/1000
Epoch training duration: 12.8007409573
Train	AUC[ROC]: 0.999979	AUC[PR]: 0.969253
Val	AUC[ROC]: 0.688445	AUC[PR]: 0.092477
Epoch evaluation duration: 96.0292670727
Epoch duration: 108.83000803

Epoch 155/1000
Epoch training duration: 11.9509000778
Train	AUC[ROC]: 0.999980	AUC[PR]: 0.968645
Val	AUC[ROC]: 0.680226	AUC[PR]: 0.095208
Epoch evaluation duration: 95.6366648674
Epoch duration: 107.587564945

Epoch 156/1000
Epoch training duration: 12.1100800037
Train	AUC[ROC]: 0.999980	AUC[PR]: 0.969812
Val	AUC[ROC]: 0.675879	AUC[PR]: 0.096161
Epoch evaluation duration: 96.8308141232
Epoch duration: 108.940894127

Epoch 157/1000
Epoch training duration: 11.7132718563
Train	AUC[ROC]: 0.999980	AUC[PR]: 0.969312
Val	AUC[ROC]: 0.659369	AUC[PR]: 0.091540
Epoch evaluation duration: 94.8724160194
Epoch duration: 106.585687876

Epoch 158/1000
Epoch training duration: 11.7691669464
Train	AUC[ROC]: 0.999981	AUC[PR]: 0.970709
Val	AUC[ROC]: 0.661643	AUC[PR]: 0.089785
Epoch evaluation duration: 92.7745790482
Epoch duration: 104.543745995

Epoch 159/1000
Epoch training duration: 13.1982951164
Train	AUC[ROC]: 0.999982	AUC[PR]: 0.971786
Val	AUC[ROC]: 0.655711	AUC[PR]: 0.086626
Epoch evaluation duration: 96.8515079021
Epoch duration: 110.049803019

Epoch 160/1000
Epoch training duration: 11.9173741341
Train	AUC[ROC]: 0.999981	AUC[PR]: 0.970732
Val	AUC[ROC]: 0.643124	AUC[PR]: 0.087337
Epoch evaluation duration: 96.5438020229
Epoch duration: 108.461176157

Epoch 161/1000
Epoch training duration: 12.9230339527
Train	AUC[ROC]: 0.999980	AUC[PR]: 0.968941
Val	AUC[ROC]: 0.667167	AUC[PR]: 0.103315
Epoch evaluation duration: 95.0226519108
Epoch duration: 107.945685863

Epoch 162/1000
Epoch training duration: 12.3013260365
Train	AUC[ROC]: 0.999980	AUC[PR]: 0.968476
Val	AUC[ROC]: 0.661096	AUC[PR]: 0.100686
Epoch evaluation duration: 90.6708929539
Epoch duration: 102.97221899

Epoch 163/1000
Epoch training duration: 13.085050106
Train	AUC[ROC]: 0.999981	AUC[PR]: 0.969964
Val	AUC[ROC]: 0.656893	AUC[PR]: 0.100329
Epoch evaluation duration: 94.8049440384
Epoch duration: 107.889994144

Epoch 164/1000
Epoch training duration: 12.7087488174
Train	AUC[ROC]: 0.999982	AUC[PR]: 0.972110
Val	AUC[ROC]: 0.676937	AUC[PR]: 0.108512
Epoch evaluation duration: 85.7965800762
Epoch duration: 98.5053288937

Epoch 165/1000
Epoch training duration: 10.4450991154
Train	AUC[ROC]: 0.999983	AUC[PR]: 0.973493
Val	AUC[ROC]: 0.675922	AUC[PR]: 0.104319
Epoch evaluation duration: 78.3857989311
Epoch duration: 88.8308980465

Epoch 166/1000
Epoch training duration: 13.8168148994
Train	AUC[ROC]: 0.999982	AUC[PR]: 0.973292
Val	AUC[ROC]: 0.671856	AUC[PR]: 0.104121
Epoch evaluation duration: 93.377325058
Epoch duration: 107.194139957

Epoch 167/1000
Epoch training duration: 13.1229810715
Train	AUC[ROC]: 0.999983	AUC[PR]: 0.973959
Val	AUC[ROC]: 0.669166	AUC[PR]: 0.107081
Epoch evaluation duration: 97.0870399475
Epoch duration: 110.210021019

Epoch 168/1000
Epoch training duration: 11.2609460354
Train	AUC[ROC]: 0.999984	AUC[PR]: 0.974843
Val	AUC[ROC]: 0.668866	AUC[PR]: 0.106942
Epoch evaluation duration: 91.9825329781
Epoch duration: 103.243479013

Epoch 169/1000
Epoch training duration: 11.864178896
Train	AUC[ROC]: 0.999980	AUC[PR]: 0.969563
Val	AUC[ROC]: 0.707765	AUC[PR]: 0.108877
Epoch evaluation duration: 98.2967879772
Epoch duration: 110.160966873

Epoch 170/1000
Epoch training duration: 14.309125185
Train	AUC[ROC]: 0.999977	AUC[PR]: 0.963954
Val	AUC[ROC]: 0.668042	AUC[PR]: 0.090612
Epoch evaluation duration: 97.7753298283
Epoch duration: 112.084455013

Epoch 171/1000
Epoch training duration: 13.9253151417
Train	AUC[ROC]: 0.999978	AUC[PR]: 0.967005
Val	AUC[ROC]: 0.680710	AUC[PR]: 0.096108
Epoch evaluation duration: 92.3838369846
Epoch duration: 106.309152126

Epoch 172/1000
Epoch training duration: 11.8893108368
Train	AUC[ROC]: 0.999984	AUC[PR]: 0.975675
Val	AUC[ROC]: 0.664757	AUC[PR]: 0.094243
Epoch evaluation duration: 95.2198400497
Epoch duration: 107.109150887

Epoch 173/1000
Epoch training duration: 12.4992439747
Train	AUC[ROC]: 0.999985	AUC[PR]: 0.976584
Val	AUC[ROC]: 0.683162	AUC[PR]: 0.097671
Epoch evaluation duration: 90.9846110344
Epoch duration: 103.483855009

Epoch 174/1000
Epoch training duration: 12.3865611553
Train	AUC[ROC]: 0.999985	AUC[PR]: 0.978153
Val	AUC[ROC]: 0.688304	AUC[PR]: 0.100668
Epoch evaluation duration: 97.7086758614
Epoch duration: 110.095237017

Epoch 175/1000
Epoch training duration: 12.5606820583
Train	AUC[ROC]: 0.999986	AUC[PR]: 0.978172
Val	AUC[ROC]: 0.682059	AUC[PR]: 0.097296
Epoch evaluation duration: 94.7061960697
Epoch duration: 107.266878128

Epoch 176/1000
Epoch training duration: 11.8790249825
Train	AUC[ROC]: 0.999984	AUC[PR]: 0.976290
Val	AUC[ROC]: 0.677898	AUC[PR]: 0.102923
Epoch evaluation duration: 92.1817958355
Epoch duration: 104.060820818

Epoch 177/1000
Epoch training duration: 11.0583231449
Train	AUC[ROC]: 0.999986	AUC[PR]: 0.977787
Val	AUC[ROC]: 0.669876	AUC[PR]: 0.098756
Epoch evaluation duration: 97.1387710571
Epoch duration: 108.197094202

Epoch 178/1000
Epoch training duration: 11.9633069038
Train	AUC[ROC]: 0.999986	AUC[PR]: 0.979083
Val	AUC[ROC]: 0.672240	AUC[PR]: 0.095031
Epoch evaluation duration: 96.522439003
Epoch duration: 108.485745907

Epoch 179/1000
Epoch training duration: 11.9322049618
Train	AUC[ROC]: 0.999986	AUC[PR]: 0.979146
Val	AUC[ROC]: 0.661370	AUC[PR]: 0.090862
Epoch evaluation duration: 93.5713419914
Epoch duration: 105.503546953

Epoch 180/1000
Epoch training duration: 13.5488359928
Train	AUC[ROC]: 0.999981	AUC[PR]: 0.971225
Val	AUC[ROC]: 0.699753	AUC[PR]: 0.069313
Epoch evaluation duration: 91.5603311062
Epoch duration: 105.109167099

Epoch 181/1000
Epoch training duration: 13.150179863
Train	AUC[ROC]: 0.999982	AUC[PR]: 0.973047
Val	AUC[ROC]: 0.716510	AUC[PR]: 0.074448
Epoch evaluation duration: 95.8823730946
Epoch duration: 109.032552958

Epoch 182/1000
Epoch training duration: 12.4759938717
Train	AUC[ROC]: 0.999982	AUC[PR]: 0.971378
Val	AUC[ROC]: 0.704342	AUC[PR]: 0.076935
Epoch evaluation duration: 97.416585207
Epoch duration: 109.892579079

Epoch 183/1000
Epoch training duration: 12.7172529697
Train	AUC[ROC]: 0.999982	AUC[PR]: 0.972138
Val	AUC[ROC]: 0.722722	AUC[PR]: 0.077198
Epoch evaluation duration: 99.0561449528
Epoch duration: 111.773397923

Epoch 184/1000
Epoch training duration: 12.7845079899
Train	AUC[ROC]: 0.999983	AUC[PR]: 0.974048
Val	AUC[ROC]: 0.700317	AUC[PR]: 0.077050
Epoch evaluation duration: 99.2533450127
Epoch duration: 112.037853003

Epoch 185/1000
Epoch training duration: 12.0841748714
Train	AUC[ROC]: 0.999977	AUC[PR]: 0.966946
Val	AUC[ROC]: 0.756367	AUC[PR]: 0.071737
Epoch evaluation duration: 93.6124310493
Epoch duration: 105.696605921

Epoch 186/1000
Epoch training duration: 12.2698309422
Train	AUC[ROC]: 0.999981	AUC[PR]: 0.971854
Val	AUC[ROC]: 0.728797	AUC[PR]: 0.074764
Epoch evaluation duration: 97.0147020817
Epoch duration: 109.284533024

Epoch 187/1000
Epoch training duration: 12.7177929878
Train	AUC[ROC]: 0.999983	AUC[PR]: 0.974476
Val	AUC[ROC]: 0.720515	AUC[PR]: 0.076488
Epoch evaluation duration: 96.8998260498
Epoch duration: 109.617619038

Epoch 188/1000
Epoch training duration: 11.7737898827
Train	AUC[ROC]: 0.999983	AUC[PR]: 0.973891
Val	AUC[ROC]: 0.703725	AUC[PR]: 0.079373
Epoch evaluation duration: 92.8916699886
Epoch duration: 104.665459871

Epoch 189/1000
Epoch training duration: 12.942948103
Train	AUC[ROC]: 0.999985	AUC[PR]: 0.975756
Val	AUC[ROC]: 0.707049	AUC[PR]: 0.079507
Epoch evaluation duration: 94.9714069366
Epoch duration: 107.91435504

Epoch 190/1000
Epoch training duration: 11.51156497
Train	AUC[ROC]: 0.999985	AUC[PR]: 0.975892
Val	AUC[ROC]: 0.699100	AUC[PR]: 0.080441
Epoch evaluation duration: 94.9886720181
Epoch duration: 106.500236988

Epoch 191/1000
Epoch training duration: 12.8018960953
Train	AUC[ROC]: 0.999985	AUC[PR]: 0.976555
Val	AUC[ROC]: 0.698360	AUC[PR]: 0.082482
Epoch evaluation duration: 94.8856389523
Epoch duration: 107.687535048

Epoch 192/1000
Epoch training duration: 12.314152956
Train	AUC[ROC]: 0.999982	AUC[PR]: 0.972255
Val	AUC[ROC]: 0.697573	AUC[PR]: 0.079945
Epoch evaluation duration: 95.3355140686
Epoch duration: 107.649667025

Epoch 193/1000
Epoch training duration: 12.2228600979
Train	AUC[ROC]: 0.999984	AUC[PR]: 0.975127
Val	AUC[ROC]: 0.689884	AUC[PR]: 0.078895
Epoch evaluation duration: 93.592566967
Epoch duration: 105.815427065

Epoch 194/1000
Epoch training duration: 12.8981490135
Train	AUC[ROC]: 0.999984	AUC[PR]: 0.975832
Val	AUC[ROC]: 0.673455	AUC[PR]: 0.078918
Epoch evaluation duration: 98.376595974
Epoch duration: 111.274744987

Epoch 195/1000
Epoch training duration: 12.6737699509
Train	AUC[ROC]: 0.999986	AUC[PR]: 0.979238
Val	AUC[ROC]: 0.687294	AUC[PR]: 0.082788
Epoch evaluation duration: 90.3445138931
Epoch duration: 103.018283844

Epoch 196/1000
Epoch training duration: 10.6717040539
Train	AUC[ROC]: 0.999985	AUC[PR]: 0.977627
Val	AUC[ROC]: 0.689108	AUC[PR]: 0.084973
Epoch evaluation duration: 78.737612009
Epoch duration: 89.4093160629

Epoch 197/1000
Epoch training duration: 12.1427659988
Train	AUC[ROC]: 0.999986	AUC[PR]: 0.978308
Val	AUC[ROC]: 0.683464	AUC[PR]: 0.085687
Epoch evaluation duration: 81.278167963
Epoch duration: 93.4209339619

Epoch 198/1000
Epoch training duration: 12.8132891655
Train	AUC[ROC]: 0.999987	AUC[PR]: 0.980415
Val	AUC[ROC]: 0.674999	AUC[PR]: 0.086083
Epoch evaluation duration: 92.0980219841
Epoch duration: 104.91131115

Epoch 199/1000
Epoch training duration: 12.9136388302
Train	AUC[ROC]: 0.999988	AUC[PR]: 0.981604
Val	AUC[ROC]: 0.686271	AUC[PR]: 0.081061
Epoch evaluation duration: 95.3244991302
Epoch duration: 108.23813796

Epoch 200/1000
Epoch training duration: 13.3011410236
Train	AUC[ROC]: 0.999983	AUC[PR]: 0.974321
Val	AUC[ROC]: 0.687820	AUC[PR]: 0.077094
Epoch evaluation duration: 93.3059680462
Epoch duration: 106.60710907

Epoch 201/1000
Epoch training duration: 12.5673849583
Train	AUC[ROC]: 0.999984	AUC[PR]: 0.976142
Val	AUC[ROC]: 0.723709	AUC[PR]: 0.083116
Epoch evaluation duration: 95.7328989506
Epoch duration: 108.300283909

Epoch 202/1000
Epoch training duration: 12.5214450359
Train	AUC[ROC]: 0.999985	AUC[PR]: 0.977723
Val	AUC[ROC]: 0.704880	AUC[PR]: 0.079807
Epoch evaluation duration: 93.6125299931
Epoch duration: 106.133975029

Epoch 203/1000
Epoch training duration: 11.8466219902
Train	AUC[ROC]: 0.999986	AUC[PR]: 0.979062
Val	AUC[ROC]: 0.696601	AUC[PR]: 0.079815
Epoch evaluation duration: 95.28748703
Epoch duration: 107.13410902

Epoch 204/1000
Epoch training duration: 12.9077758789
Train	AUC[ROC]: 0.999987	AUC[PR]: 0.979855
Val	AUC[ROC]: 0.688794	AUC[PR]: 0.078390
Epoch evaluation duration: 93.7808001041
Epoch duration: 106.688575983

Epoch 205/1000
Epoch training duration: 13.8561899662
Train	AUC[ROC]: 0.999987	AUC[PR]: 0.979776
Val	AUC[ROC]: 0.681826	AUC[PR]: 0.082773
Epoch evaluation duration: 93.5197620392
Epoch duration: 107.375952005

Epoch 206/1000
Epoch training duration: 11.7380080223
Train	AUC[ROC]: 0.999985	AUC[PR]: 0.977876
Val	AUC[ROC]: 0.742836	AUC[PR]: 0.078746
Epoch evaluation duration: 99.4369628429
Epoch duration: 111.174970865

Epoch 207/1000
Epoch training duration: 13.4910011292
Train	AUC[ROC]: 0.999983	AUC[PR]: 0.974173
Val	AUC[ROC]: 0.741057	AUC[PR]: 0.075732
Epoch evaluation duration: 91.3455610275
Epoch duration: 104.836562157

Epoch 208/1000
Epoch training duration: 13.2468149662
Train	AUC[ROC]: 0.999984	AUC[PR]: 0.975640
Val	AUC[ROC]: 0.716710	AUC[PR]: 0.072620
Epoch evaluation duration: 100.56498909
Epoch duration: 113.811804056

Epoch 209/1000
Epoch training duration: 12.4259729385
Train	AUC[ROC]: 0.999981	AUC[PR]: 0.968931
Val	AUC[ROC]: 0.745000	AUC[PR]: 0.074462
Epoch evaluation duration: 95.9605748653
Epoch duration: 108.386547804

Epoch 210/1000
Epoch training duration: 13.549654007
Train	AUC[ROC]: 0.999979	AUC[PR]: 0.967625
Val	AUC[ROC]: 0.749546	AUC[PR]: 0.066557
Epoch evaluation duration: 93.1589310169
Epoch duration: 106.708585024

Epoch 211/1000
Epoch training duration: 12.9818780422
Train	AUC[ROC]: 0.999981	AUC[PR]: 0.971928
Val	AUC[ROC]: 0.762304	AUC[PR]: 0.064004
Epoch evaluation duration: 95.4312391281
Epoch duration: 108.41311717

Epoch 212/1000
Epoch training duration: 11.8484318256
Train	AUC[ROC]: 0.999981	AUC[PR]: 0.970769
Val	AUC[ROC]: 0.726592	AUC[PR]: 0.066417
Epoch evaluation duration: 95.9593141079
Epoch duration: 107.807745934

Epoch 213/1000
Epoch training duration: 11.8605618477
Train	AUC[ROC]: 0.999983	AUC[PR]: 0.975001
Val	AUC[ROC]: 0.729062	AUC[PR]: 0.066666
Epoch evaluation duration: 96.4406130314
Epoch duration: 108.301174879

Epoch 214/1000
Epoch training duration: 14.4168109894
Train	AUC[ROC]: 0.999983	AUC[PR]: 0.974684
Val	AUC[ROC]: 0.713620	AUC[PR]: 0.071130
Epoch evaluation duration: 92.0232980251
Epoch duration: 106.440109015

Epoch 215/1000
Epoch training duration: 13.083573103
Train	AUC[ROC]: 0.999985	AUC[PR]: 0.976698
Val	AUC[ROC]: 0.706570	AUC[PR]: 0.071067
Epoch evaluation duration: 98.5055048466
Epoch duration: 111.58907795

Epoch 216/1000
Epoch training duration: 13.5975911617
Train	AUC[ROC]: 0.999985	AUC[PR]: 0.978040
Val	AUC[ROC]: 0.710825	AUC[PR]: 0.073201
Epoch evaluation duration: 95.5447719097
Epoch duration: 109.142363071

Epoch 217/1000
Epoch training duration: 12.3977999687
Train	AUC[ROC]: 0.999979	AUC[PR]: 0.969197
Val	AUC[ROC]: 0.737599	AUC[PR]: 0.063975
Epoch evaluation duration: 98.6654651165
Epoch duration: 111.063265085

Epoch 218/1000
Epoch training duration: 13.4550008774
Train	AUC[ROC]: 0.999980	AUC[PR]: 0.970871
Val	AUC[ROC]: 0.732721	AUC[PR]: 0.071169
Epoch evaluation duration: 93.7799861431
Epoch duration: 107.23498702

Epoch 219/1000
Epoch training duration: 11.0694789886
Train	AUC[ROC]: 0.999977	AUC[PR]: 0.965191
Val	AUC[ROC]: 0.746247	AUC[PR]: 0.062197
Epoch evaluation duration: 91.758690834
Epoch duration: 102.828169823

Epoch 220/1000
Epoch training duration: 12.6592280865
Train	AUC[ROC]: 0.999976	AUC[PR]: 0.964330
Val	AUC[ROC]: 0.787941	AUC[PR]: 0.063556
Epoch evaluation duration: 95.010653019
Epoch duration: 107.669881105

Epoch 221/1000
Epoch training duration: 12.5958030224
Train	AUC[ROC]: 0.999979	AUC[PR]: 0.967721
Val	AUC[ROC]: 0.751443	AUC[PR]: 0.064941
Epoch evaluation duration: 94.151679039
Epoch duration: 106.747482061

Epoch 222/1000
Epoch training duration: 13.6810338497
Train	AUC[ROC]: 0.999978	AUC[PR]: 0.967558
Val	AUC[ROC]: 0.806982	AUC[PR]: 0.064964
Epoch evaluation duration: 91.8521001339
Epoch duration: 105.533133984

Epoch 223/1000
Epoch training duration: 13.0555779934
Train	AUC[ROC]: 0.999976	AUC[PR]: 0.963970
Val	AUC[ROC]: 0.778925	AUC[PR]: 0.067993
Epoch evaluation duration: 90.9142448902
Epoch duration: 103.969822884

Epoch 224/1000
Epoch training duration: 12.9265031815
Train	AUC[ROC]: 0.999978	AUC[PR]: 0.965657
Val	AUC[ROC]: 0.769102	AUC[PR]: 0.069465
Epoch evaluation duration: 93.0677039623
Epoch duration: 105.994207144

Epoch 225/1000
Epoch training duration: 11.984513998
Train	AUC[ROC]: 0.999980	AUC[PR]: 0.969141
Val	AUC[ROC]: 0.763886	AUC[PR]: 0.070123
Epoch evaluation duration: 92.227260828
Epoch duration: 104.211774826

Epoch 226/1000
Epoch training duration: 11.9318451881
Train	AUC[ROC]: 0.999980	AUC[PR]: 0.969841
Val	AUC[ROC]: 0.761109	AUC[PR]: 0.072293
Epoch evaluation duration: 87.7287299633
Epoch duration: 99.6605751514

Epoch 227/1000
Epoch training duration: 11.9999659061
Train	AUC[ROC]: 0.999981	AUC[PR]: 0.971425
Val	AUC[ROC]: 0.795113	AUC[PR]: 0.072153
Epoch evaluation duration: 78.7893331051
Epoch duration: 90.7892990112

train precision: 0.838514779957
train roc: 0.999876304973
train hit in top 3418: 444.0 out of 444.0

val precision: 0.159013337125
val roc: 0.786408801173
val hit in top 427: 35.0 out of 55.0

test precision: 0.11820633062
test roc: 0.769547840611
test hit in top 427: 28.0 out of 55.0

ratio: 0.02, EF: 30.0,	active: 55.0
ratio: 0.02, NEF: 0.6
ratio: 0.01, EF: 50.9090909091,	active: 55.0
ratio: 0.01, NEF: 0.509090909091
ratio: 0.0015, EF: 169.696969697,	active: 55.0
ratio: 0.0015, NEF: 0.254545454545
ratio: 0.001, EF: 163.636363636,	active: 55.0
ratio: 0.001, NEF: 0.214285714286

