label_name_list  [u'PriA-SSB AS Activity']
train files  ['../datasets/keck_pria/fold_0.csv' '../datasets/keck_pria/fold_1.csv'
 '../datasets/keck_pria/fold_4.csv' '../datasets/keck_pria/fold_5.csv'
 '../datasets/keck_pria/fold_6.csv' '../datasets/keck_pria/fold_7.csv']
val files  ['../datasets/keck_pria/fold_2.csv']
test files  ['../datasets/keck_pria/fold_3.csv']
Class Weight  [{0: 1.0, 1: 771.2138554216867}]
Epoch 1/200
Epoch training duration: 17.8879828453
Train	AUC[ROC]: 0.906488	AUC[PR]: 0.114311
Val	AUC[ROC]: 0.875400	AUC[PR]: 0.135461
Epoch evaluation duration: 152.963812113
Epoch duration: 170.851794958

Epoch 2/200
Epoch training duration: 18.1088180542
Train	AUC[ROC]: 0.936227	AUC[PR]: 0.139574
Val	AUC[ROC]: 0.881815	AUC[PR]: 0.145447
Epoch evaluation duration: 153.996953964
Epoch duration: 172.105772018

Epoch 3/200
Epoch training duration: 19.292386055
Train	AUC[ROC]: 0.959102	AUC[PR]: 0.167490
Val	AUC[ROC]: 0.880462	AUC[PR]: 0.157492
Epoch evaluation duration: 145.043816805
Epoch duration: 164.33620286

Epoch 4/200
Epoch training duration: 17.1202352047
Train	AUC[ROC]: 0.976078	AUC[PR]: 0.191774
Val	AUC[ROC]: 0.881312	AUC[PR]: 0.184133
Epoch evaluation duration: 131.769450903
Epoch duration: 148.889686108

Epoch 5/200
Epoch training duration: 17.3765320778
Train	AUC[ROC]: 0.984873	AUC[PR]: 0.211506
Val	AUC[ROC]: 0.876547	AUC[PR]: 0.194633
Epoch evaluation duration: 155.820855856
Epoch duration: 173.197387934

Epoch 6/200
Epoch training duration: 17.1052360535
Train	AUC[ROC]: 0.989989	AUC[PR]: 0.237415
Val	AUC[ROC]: 0.876428	AUC[PR]: 0.204380
Epoch evaluation duration: 144.983119011
Epoch duration: 162.088355064

Epoch 7/200
Epoch training duration: 18.3436129093
Train	AUC[ROC]: 0.993133	AUC[PR]: 0.257761
Val	AUC[ROC]: 0.875911	AUC[PR]: 0.210414
Epoch evaluation duration: 132.689783096
Epoch duration: 151.033396006

Epoch 8/200
Epoch training duration: 16.8529748917
Train	AUC[ROC]: 0.995219	AUC[PR]: 0.288466
Val	AUC[ROC]: 0.875889	AUC[PR]: 0.215770
Epoch evaluation duration: 151.274657011
Epoch duration: 168.127631903

Epoch 9/200
Epoch training duration: 19.3053350449
Train	AUC[ROC]: 0.996539	AUC[PR]: 0.317990
Val	AUC[ROC]: 0.872470	AUC[PR]: 0.217742
Epoch evaluation duration: 144.734745979
Epoch duration: 164.040081024

Epoch 10/200
Epoch training duration: 19.2546141148
Train	AUC[ROC]: 0.997398	AUC[PR]: 0.354402
Val	AUC[ROC]: 0.869445	AUC[PR]: 0.225039
Epoch evaluation duration: 153.821521044
Epoch duration: 173.076135159

Epoch 11/200
Epoch training duration: 16.9872379303
Train	AUC[ROC]: 0.998035	AUC[PR]: 0.382157
Val	AUC[ROC]: 0.865957	AUC[PR]: 0.221602
Epoch evaluation duration: 120.946424007
Epoch duration: 137.933661938

Epoch 12/200
Epoch training duration: 15.5464589596
Train	AUC[ROC]: 0.998495	AUC[PR]: 0.419357
Val	AUC[ROC]: 0.868776	AUC[PR]: 0.238037
Epoch evaluation duration: 152.777509928
Epoch duration: 168.323968887

Epoch 13/200
Epoch training duration: 17.2594521046
Train	AUC[ROC]: 0.998811	AUC[PR]: 0.447778
Val	AUC[ROC]: 0.868592	AUC[PR]: 0.241420
Epoch evaluation duration: 145.24958086
Epoch duration: 162.509032965

Epoch 14/200
Epoch training duration: 16.8963050842
Train	AUC[ROC]: 0.998966	AUC[PR]: 0.479586
Val	AUC[ROC]: 0.861384	AUC[PR]: 0.231852
Epoch evaluation duration: 130.761538982
Epoch duration: 147.657844067

Epoch 15/200
Epoch training duration: 17.6077020168
Train	AUC[ROC]: 0.999151	AUC[PR]: 0.512218
Val	AUC[ROC]: 0.864258	AUC[PR]: 0.259384
Epoch evaluation duration: 158.517827034
Epoch duration: 176.125529051

Epoch 16/200
Epoch training duration: 19.6490080357
Train	AUC[ROC]: 0.999245	AUC[PR]: 0.528690
Val	AUC[ROC]: 0.864088	AUC[PR]: 0.237693
Epoch evaluation duration: 157.602746964
Epoch duration: 177.251754999

Epoch 17/200
Epoch training duration: 19.1199018955
Train	AUC[ROC]: 0.999362	AUC[PR]: 0.564712
Val	AUC[ROC]: 0.862964	AUC[PR]: 0.247329
Epoch evaluation duration: 138.805529118
Epoch duration: 157.925431013

Epoch 18/200
Epoch training duration: 18.7143380642
Train	AUC[ROC]: 0.999471	AUC[PR]: 0.599061
Val	AUC[ROC]: 0.862032	AUC[PR]: 0.255285
Epoch evaluation duration: 155.315423012
Epoch duration: 174.029761076

Epoch 19/200
Epoch training duration: 17.6818590164
Train	AUC[ROC]: 0.999528	AUC[PR]: 0.616899
Val	AUC[ROC]: 0.869648	AUC[PR]: 0.252250
Epoch evaluation duration: 131.143271923
Epoch duration: 148.825130939

Epoch 20/200
Epoch training duration: 19.0105600357
Train	AUC[ROC]: 0.999571	AUC[PR]: 0.639379
Val	AUC[ROC]: 0.865228	AUC[PR]: 0.259909
Epoch evaluation duration: 134.424314022
Epoch duration: 153.434874058

Epoch 21/200
Epoch training duration: 16.8150229454
Train	AUC[ROC]: 0.999604	AUC[PR]: 0.651511
Val	AUC[ROC]: 0.863489	AUC[PR]: 0.255099
Epoch evaluation duration: 146.43128705
Epoch duration: 163.246309996

Epoch 22/200
Epoch training duration: 19.1799829006
Train	AUC[ROC]: 0.999662	AUC[PR]: 0.684074
Val	AUC[ROC]: 0.861305	AUC[PR]: 0.265819
Epoch evaluation duration: 134.998481035
Epoch duration: 154.178463936

Epoch 23/200
Epoch training duration: 15.9953489304
Train	AUC[ROC]: 0.999662	AUC[PR]: 0.686102
Val	AUC[ROC]: 0.860373	AUC[PR]: 0.276520
Epoch evaluation duration: 134.148360014
Epoch duration: 150.143708944

Epoch 24/200
Epoch training duration: 17.6397349834
Train	AUC[ROC]: 0.999721	AUC[PR]: 0.720535
Val	AUC[ROC]: 0.860168	AUC[PR]: 0.262864
Epoch evaluation duration: 133.16455698
Epoch duration: 150.804291964

Epoch 25/200
Epoch training duration: 18.4444651604
Train	AUC[ROC]: 0.999732	AUC[PR]: 0.725585
Val	AUC[ROC]: 0.862386	AUC[PR]: 0.264028
Epoch evaluation duration: 158.150301933
Epoch duration: 176.594767094

Epoch 26/200
Epoch training duration: 19.2061650753
Train	AUC[ROC]: 0.999747	AUC[PR]: 0.740571
Val	AUC[ROC]: 0.858157	AUC[PR]: 0.266671
Epoch evaluation duration: 141.364551783
Epoch duration: 160.570716858

Epoch 27/200
Epoch training duration: 18.2748901844
Train	AUC[ROC]: 0.999783	AUC[PR]: 0.766879
Val	AUC[ROC]: 0.859199	AUC[PR]: 0.261813
Epoch evaluation duration: 142.150372028
Epoch duration: 160.425262213

Epoch 28/200
Epoch training duration: 21.7818198204
Train	AUC[ROC]: 0.999816	AUC[PR]: 0.788846
Val	AUC[ROC]: 0.858405	AUC[PR]: 0.252874
Epoch evaluation duration: 141.181034088
Epoch duration: 162.962853909

Epoch 29/200
Epoch training duration: 17.8935980797
Train	AUC[ROC]: 0.999834	AUC[PR]: 0.808190
Val	AUC[ROC]: 0.856141	AUC[PR]: 0.258248
Epoch evaluation duration: 136.563516855
Epoch duration: 154.457114935

Epoch 30/200
Epoch training duration: 16.9259800911
Train	AUC[ROC]: 0.999843	AUC[PR]: 0.812642
Val	AUC[ROC]: 0.859264	AUC[PR]: 0.252443
Epoch evaluation duration: 148.50405407
Epoch duration: 165.430034161

Epoch 31/200
Epoch training duration: 18.6887447834
Train	AUC[ROC]: 0.999839	AUC[PR]: 0.808376
Val	AUC[ROC]: 0.858398	AUC[PR]: 0.254901
Epoch evaluation duration: 150.157490015
Epoch duration: 168.846234798

Epoch 32/200
Epoch training duration: 17.0875971317
Train	AUC[ROC]: 0.999853	AUC[PR]: 0.820911
Val	AUC[ROC]: 0.854030	AUC[PR]: 0.249721
Epoch evaluation duration: 143.750067949
Epoch duration: 160.837665081

Epoch 33/200
Epoch training duration: 18.0920300484
Train	AUC[ROC]: 0.999865	AUC[PR]: 0.835726
Val	AUC[ROC]: 0.855572	AUC[PR]: 0.261437
Epoch evaluation duration: 154.011008024
Epoch duration: 172.103038073

Epoch 34/200
Epoch training duration: 19.2086260319
Train	AUC[ROC]: 0.999851	AUC[PR]: 0.826925
Val	AUC[ROC]: 0.851457	AUC[PR]: 0.254559
Epoch evaluation duration: 154.837126017
Epoch duration: 174.045752048

Epoch 35/200
Epoch training duration: 19.3415839672
Train	AUC[ROC]: 0.999877	AUC[PR]: 0.852779
Val	AUC[ROC]: 0.851615	AUC[PR]: 0.260835
Epoch evaluation duration: 154.775813818
Epoch duration: 174.117397785

Epoch 36/200
Epoch training duration: 19.0429551601
Train	AUC[ROC]: 0.999904	AUC[PR]: 0.882185
Val	AUC[ROC]: 0.848397	AUC[PR]: 0.270901
Epoch evaluation duration: 146.286438942
Epoch duration: 165.329394102

Epoch 37/200
Epoch training duration: 18.9900350571
Train	AUC[ROC]: 0.999911	AUC[PR]: 0.885812
Val	AUC[ROC]: 0.847561	AUC[PR]: 0.272732
Epoch evaluation duration: 155.501129866
Epoch duration: 174.491164923

Epoch 38/200
Epoch training duration: 18.0100650787
Train	AUC[ROC]: 0.999923	AUC[PR]: 0.903694
Val	AUC[ROC]: 0.846362	AUC[PR]: 0.264626
Epoch evaluation duration: 150.247594118
Epoch duration: 168.257659197

Epoch 39/200
Epoch training duration: 17.8228349686
Train	AUC[ROC]: 0.999923	AUC[PR]: 0.900983
Val	AUC[ROC]: 0.844791	AUC[PR]: 0.269806
Epoch evaluation duration: 154.844756842
Epoch duration: 172.66759181

Epoch 40/200
Epoch training duration: 19.9299621582
Train	AUC[ROC]: 0.999923	AUC[PR]: 0.894340
Val	AUC[ROC]: 0.857437	AUC[PR]: 0.259546
Epoch evaluation duration: 141.088888884
Epoch duration: 161.018851042

Epoch 41/200
Epoch training duration: 20.8489611149
Train	AUC[ROC]: 0.999940	AUC[PR]: 0.912428
Val	AUC[ROC]: 0.852552	AUC[PR]: 0.256263
Epoch evaluation duration: 142.328070879
Epoch duration: 163.177031994

Epoch 42/200
Epoch training duration: 18.6060049534
Train	AUC[ROC]: 0.999943	AUC[PR]: 0.916014
Val	AUC[ROC]: 0.852063	AUC[PR]: 0.252254
Epoch evaluation duration: 137.054064035
Epoch duration: 155.660068989

Epoch 43/200
Epoch training duration: 17.8719320297
Train	AUC[ROC]: 0.999941	AUC[PR]: 0.910489
Val	AUC[ROC]: 0.854025	AUC[PR]: 0.256613
Epoch evaluation duration: 131.193417072
Epoch duration: 149.065349102

Epoch 44/200
Epoch training duration: 18.603582859
Train	AUC[ROC]: 0.999951	AUC[PR]: 0.921602
Val	AUC[ROC]: 0.850953	AUC[PR]: 0.257059
Epoch evaluation duration: 156.197171211
Epoch duration: 174.80075407

Epoch 45/200
Epoch training duration: 20.1812160015
Train	AUC[ROC]: 0.999941	AUC[PR]: 0.911345
Val	AUC[ROC]: 0.856166	AUC[PR]: 0.256094
Epoch evaluation duration: 160.476998806
Epoch duration: 180.658214808

Epoch 46/200
Epoch training duration: 16.8913021088
Train	AUC[ROC]: 0.999943	AUC[PR]: 0.914790
Val	AUC[ROC]: 0.856394	AUC[PR]: 0.262370
Epoch evaluation duration: 155.344645023
Epoch duration: 172.235947132

Epoch 47/200
Epoch training duration: 16.6219599247
Train	AUC[ROC]: 0.999950	AUC[PR]: 0.923101
Val	AUC[ROC]: 0.855558	AUC[PR]: 0.254355
Epoch evaluation duration: 150.277513981
Epoch duration: 166.899473906

Epoch 48/200
Epoch training duration: 17.4990251064
Train	AUC[ROC]: 0.999946	AUC[PR]: 0.919775
Val	AUC[ROC]: 0.847553	AUC[PR]: 0.261119
Epoch evaluation duration: 146.028321981
Epoch duration: 163.527347088

Epoch 49/200
Epoch training duration: 19.3425149918
Train	AUC[ROC]: 0.999963	AUC[PR]: 0.940194
Val	AUC[ROC]: 0.843404	AUC[PR]: 0.250029
Epoch evaluation duration: 145.25665307
Epoch duration: 164.599168062

Epoch 50/200
Epoch training duration: 17.1674277782
Train	AUC[ROC]: 0.999957	AUC[PR]: 0.935129
Val	AUC[ROC]: 0.833551	AUC[PR]: 0.249884
Epoch evaluation duration: 150.427348137
Epoch duration: 167.594775915

Epoch 51/200
Epoch training duration: 18.8017349243
Train	AUC[ROC]: 0.999961	AUC[PR]: 0.941856
Val	AUC[ROC]: 0.835720	AUC[PR]: 0.246104
Epoch evaluation duration: 153.87875104
Epoch duration: 172.680485964

Epoch 52/200
Epoch training duration: 17.3668549061
Train	AUC[ROC]: 0.999967	AUC[PR]: 0.947914
Val	AUC[ROC]: 0.836719	AUC[PR]: 0.245803
Epoch evaluation duration: 142.695499182
Epoch duration: 160.062354088

Epoch 53/200
Epoch training duration: 17.2933900356
Train	AUC[ROC]: 0.999970	AUC[PR]: 0.953970
Val	AUC[ROC]: 0.840226	AUC[PR]: 0.249503
Epoch evaluation duration: 147.146448851
Epoch duration: 164.439838886

Epoch 54/200
Epoch training duration: 18.7761399746
Train	AUC[ROC]: 0.999973	AUC[PR]: 0.957193
Val	AUC[ROC]: 0.840599	AUC[PR]: 0.258511
Epoch evaluation duration: 153.248496056
Epoch duration: 172.02463603

Epoch 55/200
Epoch training duration: 19.5069739819
Train	AUC[ROC]: 0.999978	AUC[PR]: 0.964906
Val	AUC[ROC]: 0.834358	AUC[PR]: 0.244855
Epoch evaluation duration: 156.609807014
Epoch duration: 176.116780996

Epoch 56/200
Epoch training duration: 18.6433899403
Train	AUC[ROC]: 0.999976	AUC[PR]: 0.962441
Val	AUC[ROC]: 0.844157	AUC[PR]: 0.247684
Epoch evaluation duration: 148.79937005
Epoch duration: 167.442759991

Epoch 57/200
Epoch training duration: 18.4829621315
Train	AUC[ROC]: 0.999978	AUC[PR]: 0.965304
Val	AUC[ROC]: 0.837290	AUC[PR]: 0.257659
Epoch evaluation duration: 131.733214855
Epoch duration: 150.216176987

Epoch 58/200
Epoch training duration: 17.0892109871
Train	AUC[ROC]: 0.999977	AUC[PR]: 0.965733
Val	AUC[ROC]: 0.841575	AUC[PR]: 0.257990
Epoch evaluation duration: 138.083816051
Epoch duration: 155.173027039

Epoch 59/200
Epoch training duration: 17.7571489811
Train	AUC[ROC]: 0.999980	AUC[PR]: 0.972146
Val	AUC[ROC]: 0.833735	AUC[PR]: 0.265332
Epoch evaluation duration: 160.384974003
Epoch duration: 178.142122984

Epoch 60/200
Epoch training duration: 20.0756750107
Train	AUC[ROC]: 0.999982	AUC[PR]: 0.972046
Val	AUC[ROC]: 0.835841	AUC[PR]: 0.273368
Epoch evaluation duration: 165.05605197
Epoch duration: 185.13172698

Epoch 61/200
Epoch training duration: 19.2587280273
Train	AUC[ROC]: 0.999985	AUC[PR]: 0.978477
Val	AUC[ROC]: 0.842080	AUC[PR]: 0.275853
Epoch evaluation duration: 156.533510923
Epoch duration: 175.792238951

Epoch 62/200
Epoch training duration: 19.6900660992
Train	AUC[ROC]: 0.999984	AUC[PR]: 0.978326
Val	AUC[ROC]: 0.853979	AUC[PR]: 0.272750
Epoch evaluation duration: 142.869116068
Epoch duration: 162.559182167

Epoch 63/200
Epoch training duration: 17.0665459633
Train	AUC[ROC]: 0.999977	AUC[PR]: 0.966064
Val	AUC[ROC]: 0.843569	AUC[PR]: 0.273456
Epoch evaluation duration: 132.182316065
Epoch duration: 149.248862028

Epoch 64/200
Epoch training duration: 17.3253858089
Train	AUC[ROC]: 0.999965	AUC[PR]: 0.951615
Val	AUC[ROC]: 0.849472	AUC[PR]: 0.285914
Epoch evaluation duration: 154.939469099
Epoch duration: 172.264854908

Epoch 65/200
Epoch training duration: 19.5983810425
Train	AUC[ROC]: 0.999976	AUC[PR]: 0.965728
Val	AUC[ROC]: 0.836378	AUC[PR]: 0.274628
Epoch evaluation duration: 155.027353048
Epoch duration: 174.625734091

Epoch 66/200
Epoch training duration: 18.4293007851
Train	AUC[ROC]: 0.999980	AUC[PR]: 0.970120
Val	AUC[ROC]: 0.827005	AUC[PR]: 0.279812
Epoch evaluation duration: 145.304986
Epoch duration: 163.734286785

Epoch 67/200
Epoch training duration: 17.1789121628
Train	AUC[ROC]: 0.999985	AUC[PR]: 0.978558
Val	AUC[ROC]: 0.832448	AUC[PR]: 0.267746
Epoch evaluation duration: 145.469049931
Epoch duration: 162.647962093

Epoch 68/200
Epoch training duration: 18.9078359604
Train	AUC[ROC]: 0.999985	AUC[PR]: 0.976313
Val	AUC[ROC]: 0.818914	AUC[PR]: 0.266922
Epoch evaluation duration: 152.957807064
Epoch duration: 171.865643024

Epoch 69/200
Epoch training duration: 18.8735508919
Train	AUC[ROC]: 0.999988	AUC[PR]: 0.978002
Val	AUC[ROC]: 0.825923	AUC[PR]: 0.264520
Epoch evaluation duration: 160.163172007
Epoch duration: 179.036722898

Epoch 70/200
Epoch training duration: 18.6462240219
Train	AUC[ROC]: 0.999989	AUC[PR]: 0.982852
Val	AUC[ROC]: 0.821790	AUC[PR]: 0.265121
Epoch evaluation duration: 162.203386068
Epoch duration: 180.84961009

Epoch 71/200
Epoch training duration: 18.7938239574
Train	AUC[ROC]: 0.999986	AUC[PR]: 0.976587
Val	AUC[ROC]: 0.829311	AUC[PR]: 0.269187
Epoch evaluation duration: 149.922094107
Epoch duration: 168.715918064

Epoch 72/200
Epoch training duration: 16.9725449085
Train	AUC[ROC]: 0.999990	AUC[PR]: 0.983806
Val	AUC[ROC]: 0.822611	AUC[PR]: 0.259607
Epoch evaluation duration: 150.168843985
Epoch duration: 167.141388893

Epoch 73/200
Epoch training duration: 21.241546154
Train	AUC[ROC]: 0.999988	AUC[PR]: 0.978435
Val	AUC[ROC]: 0.805496	AUC[PR]: 0.268129
Epoch evaluation duration: 158.76730895
Epoch duration: 180.008855104

Epoch 74/200
Epoch training duration: 20.5936789513
Train	AUC[ROC]: 0.999990	AUC[PR]: 0.979308
Val	AUC[ROC]: 0.807784	AUC[PR]: 0.241967
Epoch evaluation duration: 150.289913893
Epoch duration: 170.883592844

Epoch 75/200
Epoch training duration: 17.1388931274
Train	AUC[ROC]: 0.999990	AUC[PR]: 0.981186
Val	AUC[ROC]: 0.825963	AUC[PR]: 0.258591
Epoch evaluation duration: 135.710928917
Epoch duration: 152.849822044

Epoch 76/200
Epoch training duration: 19.278990984
Train	AUC[ROC]: 0.999993	AUC[PR]: 0.986739
Val	AUC[ROC]: 0.816741	AUC[PR]: 0.248946
Epoch evaluation duration: 153.903913975
Epoch duration: 173.182904959

Epoch 77/200
Epoch training duration: 16.9734971523
Train	AUC[ROC]: 0.999991	AUC[PR]: 0.984271
Val	AUC[ROC]: 0.819926	AUC[PR]: 0.262052
Epoch evaluation duration: 130.816622972
Epoch duration: 147.790120125

Epoch 78/200
Epoch training duration: 19.0720479488
Train	AUC[ROC]: 0.999991	AUC[PR]: 0.984326
Val	AUC[ROC]: 0.812933	AUC[PR]: 0.251308
Epoch evaluation duration: 153.731873035
Epoch duration: 172.803920984

Epoch 79/200
Epoch training duration: 16.984459877
Train	AUC[ROC]: 0.999993	AUC[PR]: 0.987392
Val	AUC[ROC]: 0.810106	AUC[PR]: 0.250361
Epoch evaluation duration: 132.734845161
Epoch duration: 149.719305038

Epoch 80/200
Epoch training duration: 17.275703907
Train	AUC[ROC]: 0.999994	AUC[PR]: 0.988436
Val	AUC[ROC]: 0.792699	AUC[PR]: 0.249418
Epoch evaluation duration: 157.330539942
Epoch duration: 174.606243849

Epoch 81/200
Epoch training duration: 20.363147974
Train	AUC[ROC]: 0.999995	AUC[PR]: 0.985930
Val	AUC[ROC]: 0.782084	AUC[PR]: 0.254772
Epoch evaluation duration: 161.353371143
Epoch duration: 181.716519117

Epoch 82/200
Epoch training duration: 16.8085610867
Train	AUC[ROC]: 0.999995	AUC[PR]: 0.986652
Val	AUC[ROC]: 0.784337	AUC[PR]: 0.248933
Epoch evaluation duration: 157.906289816
Epoch duration: 174.714850903

Epoch 83/200
Epoch training duration: 18.5786890984
Train	AUC[ROC]: 0.999995	AUC[PR]: 0.988934
Val	AUC[ROC]: 0.799945	AUC[PR]: 0.251695
Epoch evaluation duration: 141.071985006
Epoch duration: 159.650674105

Epoch 84/200
Epoch training duration: 17.8571379185
Train	AUC[ROC]: 0.999996	AUC[PR]: 0.987876
Val	AUC[ROC]: 0.785348	AUC[PR]: 0.248541
Epoch evaluation duration: 149.782984972
Epoch duration: 167.64012289

Epoch 85/200
Epoch training duration: 19.8365161419
Train	AUC[ROC]: 0.999993	AUC[PR]: 0.987997
Val	AUC[ROC]: 0.781657	AUC[PR]: 0.253175
Epoch evaluation duration: 158.877941847
Epoch duration: 178.714457989

Epoch 86/200
Epoch training duration: 20.252461195
Train	AUC[ROC]: 0.999993	AUC[PR]: 0.986928
Val	AUC[ROC]: 0.789242	AUC[PR]: 0.246062
Epoch evaluation duration: 154.338557005
Epoch duration: 174.5910182

Epoch 87/200
Epoch training duration: 19.2595229149
Train	AUC[ROC]: 0.999991	AUC[PR]: 0.980032
Val	AUC[ROC]: 0.798772	AUC[PR]: 0.243098
Epoch evaluation duration: 157.376313925
Epoch duration: 176.63583684

Epoch 88/200
Epoch training duration: 18.6808240414
Train	AUC[ROC]: 0.999990	AUC[PR]: 0.978916
Val	AUC[ROC]: 0.778280	AUC[PR]: 0.230516
Epoch evaluation duration: 156.190519094
Epoch duration: 174.871343136

Epoch 89/200
Epoch training duration: 18.7625119686
Train	AUC[ROC]: 0.999992	AUC[PR]: 0.979781
Val	AUC[ROC]: 0.777407	AUC[PR]: 0.254404
Epoch evaluation duration: 138.232137918
Epoch duration: 156.994649887

Epoch 90/200
Epoch training duration: 17.147963047
Train	AUC[ROC]: 0.999992	AUC[PR]: 0.980126
Val	AUC[ROC]: 0.763169	AUC[PR]: 0.256110
Epoch evaluation duration: 140.862300873
Epoch duration: 158.01026392

Epoch 91/200
Epoch training duration: 19.3513221741
Train	AUC[ROC]: 0.999979	AUC[PR]: 0.970780
Val	AUC[ROC]: 0.792406	AUC[PR]: 0.230460
Epoch evaluation duration: 157.815815926
Epoch duration: 177.1671381

Epoch 92/200
Epoch training duration: 18.7110500336
Train	AUC[ROC]: 0.999985	AUC[PR]: 0.975088
Val	AUC[ROC]: 0.771466	AUC[PR]: 0.251630
Epoch evaluation duration: 154.894165993
Epoch duration: 173.605216026

Epoch 93/200
Epoch training duration: 18.0689899921
Train	AUC[ROC]: 0.999987	AUC[PR]: 0.977956
Val	AUC[ROC]: 0.797863	AUC[PR]: 0.250934
Epoch evaluation duration: 158.215857983
Epoch duration: 176.284847975

Epoch 94/200
Epoch training duration: 19.6713778973
Train	AUC[ROC]: 0.999988	AUC[PR]: 0.980117
Val	AUC[ROC]: 0.784977	AUC[PR]: 0.233494
Epoch evaluation duration: 154.316600084
Epoch duration: 173.987977982

Epoch 95/200
Epoch training duration: 18.6440141201
Train	AUC[ROC]: 0.999986	AUC[PR]: 0.979941
Val	AUC[ROC]: 0.777159	AUC[PR]: 0.257638
Epoch evaluation duration: 141.26512289
Epoch duration: 159.909137011

Epoch 96/200
Epoch training duration: 17.5835831165
Train	AUC[ROC]: 0.999989	AUC[PR]: 0.982440
Val	AUC[ROC]: 0.773279	AUC[PR]: 0.249193
Epoch evaluation duration: 158.598101854
Epoch duration: 176.181684971

Epoch 97/200
Epoch training duration: 19.8424520493
Train	AUC[ROC]: 0.999991	AUC[PR]: 0.985153
Val	AUC[ROC]: 0.752863	AUC[PR]: 0.240796
Epoch evaluation duration: 157.83436799
Epoch duration: 177.67682004

Epoch 98/200
Epoch training duration: 18.8298211098
Train	AUC[ROC]: 0.999992	AUC[PR]: 0.987818
Val	AUC[ROC]: 0.771466	AUC[PR]: 0.247832
Epoch evaluation duration: 158.904316902
Epoch duration: 177.734138012

Epoch 99/200
Epoch training duration: 21.4044909477
Train	AUC[ROC]: 0.999993	AUC[PR]: 0.989386
Val	AUC[ROC]: 0.769863	AUC[PR]: 0.251450
Epoch evaluation duration: 147.421551943
Epoch duration: 168.826042891

Epoch 100/200
Epoch training duration: 18.5144879818
Train	AUC[ROC]: 0.999993	AUC[PR]: 0.990112
Val	AUC[ROC]: 0.770572	AUC[PR]: 0.241738
Epoch evaluation duration: 155.889301062
Epoch duration: 174.403789043

Epoch 101/200
Epoch training duration: 20.6327421665
Train	AUC[ROC]: 0.999994	AUC[PR]: 0.990774
Val	AUC[ROC]: 0.780907	AUC[PR]: 0.239099
Epoch evaluation duration: 157.168889999
Epoch duration: 177.801632166

Epoch 102/200
Epoch training duration: 19.1071009636
Train	AUC[ROC]: 0.999995	AUC[PR]: 0.992216
Val	AUC[ROC]: 0.764997	AUC[PR]: 0.235697
Epoch evaluation duration: 153.765581846
Epoch duration: 172.87268281

Epoch 103/200
Epoch training duration: 18.3304719925
Train	AUC[ROC]: 0.999995	AUC[PR]: 0.992248
Val	AUC[ROC]: 0.761096	AUC[PR]: 0.246721
Epoch evaluation duration: 151.468217134
Epoch duration: 169.798689127

Epoch 104/200
Epoch training duration: 18.9370369911
Train	AUC[ROC]: 0.999995	AUC[PR]: 0.991919
Val	AUC[ROC]: 0.749162	AUC[PR]: 0.243318
Epoch evaluation duration: 134.106457949
Epoch duration: 153.04349494

Epoch 105/200
Epoch training duration: 17.6373341084
Train	AUC[ROC]: 0.999996	AUC[PR]: 0.993106
Val	AUC[ROC]: 0.749565	AUC[PR]: 0.233878
Epoch evaluation duration: 147.687755823
Epoch duration: 165.325089931

Epoch 106/200
Epoch training duration: 17.0837659836
Train	AUC[ROC]: 0.999993	AUC[PR]: 0.990381
Val	AUC[ROC]: 0.771165	AUC[PR]: 0.259408
Epoch evaluation duration: 136.771869183
Epoch duration: 153.855635166

Epoch 107/200
Epoch training duration: 16.9768838882
Train	AUC[ROC]: 0.999990	AUC[PR]: 0.986359
Val	AUC[ROC]: 0.779888	AUC[PR]: 0.237303
Epoch evaluation duration: 144.614463091
Epoch duration: 161.591346979

Epoch 108/200
Epoch training duration: 17.3375740051
Train	AUC[ROC]: 0.999991	AUC[PR]: 0.985908
Val	AUC[ROC]: 0.759411	AUC[PR]: 0.255050
Epoch evaluation duration: 142.701795816
Epoch duration: 160.039369822

Epoch 109/200
Epoch training duration: 18.1661782265
Train	AUC[ROC]: 0.999992	AUC[PR]: 0.986161
Val	AUC[ROC]: 0.758838	AUC[PR]: 0.236619
Epoch evaluation duration: 149.679919004
Epoch duration: 167.846097231

Epoch 110/200
Epoch training duration: 18.8153219223
Train	AUC[ROC]: 0.999991	AUC[PR]: 0.984060
Val	AUC[ROC]: 0.759143	AUC[PR]: 0.242821
Epoch evaluation duration: 147.3255229
Epoch duration: 166.140844822

Epoch 111/200
Epoch training duration: 17.0256891251
Train	AUC[ROC]: 0.999990	AUC[PR]: 0.984410
Val	AUC[ROC]: 0.770101	AUC[PR]: 0.244236
Epoch evaluation duration: 148.517943859
Epoch duration: 165.543632984

Epoch 112/200
Epoch training duration: 19.8261339664
Train	AUC[ROC]: 0.999989	AUC[PR]: 0.981762
Val	AUC[ROC]: 0.745158	AUC[PR]: 0.226660
Epoch evaluation duration: 135.259361029
Epoch duration: 155.085494995

Epoch 113/200
Epoch training duration: 16.8294861317
Train	AUC[ROC]: 0.999990	AUC[PR]: 0.983736
Val	AUC[ROC]: 0.738947	AUC[PR]: 0.228038
Epoch evaluation duration: 132.619313955
Epoch duration: 149.448800087

Epoch 114/200
Epoch training duration: 17.161714077
Train	AUC[ROC]: 0.999990	AUC[PR]: 0.981589
Val	AUC[ROC]: 0.736531	AUC[PR]: 0.229081
Epoch evaluation duration: 136.216121912
Epoch duration: 153.377835989

Epoch 115/200
Epoch training duration: 16.8623380661
Train	AUC[ROC]: 0.999991	AUC[PR]: 0.983480
Val	AUC[ROC]: 0.748140	AUC[PR]: 0.231872
Epoch evaluation duration: 130.360672951
Epoch duration: 147.223011017

train precision: 0.951614580827
train roc: 0.999965002584
train hit in top 2563: 332.0 out of 332.0

val precision: 0.285914490732
val roc: 0.84947237312
val hit in top 427: 35.0 out of 56.0

test precision: 0.131911058054
test roc: 0.797082847971
test hit in top 427: 32.0 out of 56.0

ratio: 0.02, EF: 28.5714285714,	active: 56.0
ratio: 0.02, NEF: 0.571428571429
ratio: 0.01, EF: 57.1428571429,	active: 56.0
ratio: 0.01, NEF: 0.571428571429
ratio: 0.0015, EF: 214.285714286,	active: 56.0
ratio: 0.0015, NEF: 0.321428571429
ratio: 0.001, EF: 196.428571429,	active: 56.0
ratio: 0.001, NEF: 0.261904761905

