label_name_list  [u'PriA-SSB AS Activity']
train files  ['../datasets/keck_pria/fold_0.csv' '../datasets/keck_pria/fold_1.csv'
 '../datasets/keck_pria/fold_2.csv' '../datasets/keck_pria/fold_3.csv'
 '../datasets/keck_pria/fold_6.csv' '../datasets/keck_pria/fold_7.csv']
val files  ['../datasets/keck_pria/fold_4.csv']
test files  ['../datasets/keck_pria/fold_5.csv']
Class Weight  [{0: 0.5, 1: 0.5}]
Epoch 1/1000
Epoch training duration: 9.11658811569
Train	AUC[ROC]: 0.625724	AUC[PR]: 0.003017
Val	AUC[ROC]: 0.517773	AUC[PR]: 0.001694
Epoch evaluation duration: 51.2577660084
Epoch duration: 60.3743541241

Epoch 2/1000
Epoch training duration: 9.90860104561
Train	AUC[ROC]: 0.703929	AUC[PR]: 0.005846
Val	AUC[ROC]: 0.520051	AUC[PR]: 0.003414
Epoch evaluation duration: 59.4151229858
Epoch duration: 69.3237240314

Epoch 3/1000
Epoch training duration: 8.0956799984
Train	AUC[ROC]: 0.790531	AUC[PR]: 0.017970
Val	AUC[ROC]: 0.616765	AUC[PR]: 0.005734
Epoch evaluation duration: 58.5129699707
Epoch duration: 66.6086499691

Epoch 4/1000
Epoch training duration: 9.17636394501
Train	AUC[ROC]: 0.832178	AUC[PR]: 0.063966
Val	AUC[ROC]: 0.622543	AUC[PR]: 0.007968
Epoch evaluation duration: 57.33532691
Epoch duration: 66.511690855

Epoch 5/1000
Epoch training duration: 8.53944420815
Train	AUC[ROC]: 0.884458	AUC[PR]: 0.132730
Val	AUC[ROC]: 0.654753	AUC[PR]: 0.012588
Epoch evaluation duration: 64.0474998951
Epoch duration: 72.5869441032

Epoch 6/1000
Epoch training duration: 9.53064894676
Train	AUC[ROC]: 0.900881	AUC[PR]: 0.163254
Val	AUC[ROC]: 0.617325	AUC[PR]: 0.011831
Epoch evaluation duration: 57.0622911453
Epoch duration: 66.5929400921

Epoch 7/1000
Epoch training duration: 8.92047286034
Train	AUC[ROC]: 0.942370	AUC[PR]: 0.284976
Val	AUC[ROC]: 0.656412	AUC[PR]: 0.015631
Epoch evaluation duration: 61.8548650742
Epoch duration: 70.7753379345

Epoch 8/1000
Epoch training duration: 8.70395207405
Train	AUC[ROC]: 0.961609	AUC[PR]: 0.373803
Val	AUC[ROC]: 0.698835	AUC[PR]: 0.043988
Epoch evaluation duration: 58.0510568619
Epoch duration: 66.7550089359

Epoch 9/1000
Epoch training duration: 8.06203699112
Train	AUC[ROC]: 0.972941	AUC[PR]: 0.426177
Val	AUC[ROC]: 0.719549	AUC[PR]: 0.055722
Epoch evaluation duration: 61.3684799671
Epoch duration: 69.4305169582

Epoch 10/1000
Epoch training duration: 9.25011706352
Train	AUC[ROC]: 0.984115	AUC[PR]: 0.486498
Val	AUC[ROC]: 0.703665	AUC[PR]: 0.059181
Epoch evaluation duration: 54.9803249836
Epoch duration: 64.2304420471

Epoch 11/1000
Epoch training duration: 5.49700903893
Train	AUC[ROC]: 0.990943	AUC[PR]: 0.549126
Val	AUC[ROC]: 0.680855	AUC[PR]: 0.074437
Epoch evaluation duration: 27.1044719219
Epoch duration: 32.6014809608

Epoch 12/1000
Epoch training duration: 5.64253115654
Train	AUC[ROC]: 0.990714	AUC[PR]: 0.594576
Val	AUC[ROC]: 0.683074	AUC[PR]: 0.077292
Epoch evaluation duration: 27.5107369423
Epoch duration: 33.1532680988

Epoch 13/1000
Epoch training duration: 5.67548298836
Train	AUC[ROC]: 0.996623	AUC[PR]: 0.661775
Val	AUC[ROC]: 0.734538	AUC[PR]: 0.092645
Epoch evaluation duration: 27.0717580318
Epoch duration: 32.7472410202

Epoch 14/1000
Epoch training duration: 5.47272586823
Train	AUC[ROC]: 0.998693	AUC[PR]: 0.698685
Val	AUC[ROC]: 0.726813	AUC[PR]: 0.093083
Epoch evaluation duration: 27.1602060795
Epoch duration: 32.6329319477

Epoch 15/1000
Epoch training duration: 5.47102189064
Train	AUC[ROC]: 0.998996	AUC[PR]: 0.700545
Val	AUC[ROC]: 0.733566	AUC[PR]: 0.109220
Epoch evaluation duration: 27.5947721004
Epoch duration: 33.0657939911

Epoch 16/1000
Epoch training duration: 5.38110494614
Train	AUC[ROC]: 0.999302	AUC[PR]: 0.734001
Val	AUC[ROC]: 0.737691	AUC[PR]: 0.100332
Epoch evaluation duration: 26.3558571339
Epoch duration: 31.73696208

Epoch 17/1000
Epoch training duration: 5.39315104485
Train	AUC[ROC]: 0.999491	AUC[PR]: 0.747591
Val	AUC[ROC]: 0.749457	AUC[PR]: 0.118422
Epoch evaluation duration: 27.2757198811
Epoch duration: 32.6688709259

Epoch 18/1000
Epoch training duration: 5.47094106674
Train	AUC[ROC]: 0.999624	AUC[PR]: 0.803356
Val	AUC[ROC]: 0.760420	AUC[PR]: 0.118295
Epoch evaluation duration: 27.8756899834
Epoch duration: 33.3466310501

Epoch 19/1000
Epoch training duration: 5.50627183914
Train	AUC[ROC]: 0.999706	AUC[PR]: 0.817128
Val	AUC[ROC]: 0.736925	AUC[PR]: 0.124800
Epoch evaluation duration: 27.0468480587
Epoch duration: 32.5531198978

Epoch 20/1000
Epoch training duration: 5.45483613014
Train	AUC[ROC]: 0.999766	AUC[PR]: 0.848297
Val	AUC[ROC]: 0.757083	AUC[PR]: 0.121498
Epoch evaluation duration: 26.965597868
Epoch duration: 32.4204339981

Epoch 21/1000
Epoch training duration: 5.28504514694
Train	AUC[ROC]: 0.999842	AUC[PR]: 0.894307
Val	AUC[ROC]: 0.761471	AUC[PR]: 0.120872
Epoch evaluation duration: 25.7048280239
Epoch duration: 30.9898731709

Epoch 22/1000
Epoch training duration: 5.36090183258
Train	AUC[ROC]: 0.999865	AUC[PR]: 0.907159
Val	AUC[ROC]: 0.757600	AUC[PR]: 0.121093
Epoch evaluation duration: 22.9514811039
Epoch duration: 28.3123829365

Epoch 23/1000
Epoch training duration: 5.17018198967
Train	AUC[ROC]: 0.999912	AUC[PR]: 0.937958
Val	AUC[ROC]: 0.749914	AUC[PR]: 0.123167
Epoch evaluation duration: 26.0186600685
Epoch duration: 31.1888420582

Epoch 24/1000
Epoch training duration: 5.48122000694
Train	AUC[ROC]: 0.999942	AUC[PR]: 0.958263
Val	AUC[ROC]: 0.781105	AUC[PR]: 0.116024
Epoch evaluation duration: 26.4928457737
Epoch duration: 31.9740657806

Epoch 25/1000
Epoch training duration: 5.25267601013
Train	AUC[ROC]: 0.999951	AUC[PR]: 0.964041
Val	AUC[ROC]: 0.780407	AUC[PR]: 0.127751
Epoch evaluation duration: 27.0896570683
Epoch duration: 32.3423330784

Epoch 26/1000
Epoch training duration: 5.52223205566
Train	AUC[ROC]: 0.999969	AUC[PR]: 0.978179
Val	AUC[ROC]: 0.772452	AUC[PR]: 0.132827
Epoch evaluation duration: 26.3303060532
Epoch duration: 31.8525381088

Epoch 27/1000
Epoch training duration: 5.36977982521
Train	AUC[ROC]: 0.999979	AUC[PR]: 0.984793
Val	AUC[ROC]: 0.792705	AUC[PR]: 0.138108
Epoch evaluation duration: 27.5242161751
Epoch duration: 32.8939960003

Epoch 28/1000
Epoch training duration: 5.32963895798
Train	AUC[ROC]: 0.999987	AUC[PR]: 0.990339
Val	AUC[ROC]: 0.784646	AUC[PR]: 0.143572
Epoch evaluation duration: 26.2132229805
Epoch duration: 31.5428619385

Epoch 29/1000
Epoch training duration: 5.04255390167
Train	AUC[ROC]: 0.999989	AUC[PR]: 0.991936
Val	AUC[ROC]: 0.791754	AUC[PR]: 0.134620
Epoch evaluation duration: 26.4434621334
Epoch duration: 31.4860160351

Epoch 30/1000
Epoch training duration: 5.18279886246
Train	AUC[ROC]: 0.999996	AUC[PR]: 0.996846
Val	AUC[ROC]: 0.782326	AUC[PR]: 0.146349
Epoch evaluation duration: 27.5451381207
Epoch duration: 32.7279369831

Epoch 31/1000
Epoch training duration: 5.5758368969
Train	AUC[ROC]: 0.999996	AUC[PR]: 0.996435
Val	AUC[ROC]: 0.772624	AUC[PR]: 0.133358
Epoch evaluation duration: 28.4010231495
Epoch duration: 33.9768600464

Epoch 32/1000
Epoch training duration: 4.73174095154
Train	AUC[ROC]: 0.999996	AUC[PR]: 0.996916
Val	AUC[ROC]: 0.796901	AUC[PR]: 0.125992
Epoch evaluation duration: 23.3125970364
Epoch duration: 28.0443379879

Epoch 33/1000
Epoch training duration: 4.86279392242
Train	AUC[ROC]: 0.999998	AUC[PR]: 0.998407
Val	AUC[ROC]: 0.777671	AUC[PR]: 0.126873
Epoch evaluation duration: 22.5686500072
Epoch duration: 27.4314439297

Epoch 34/1000
Epoch training duration: 4.82291603088
Train	AUC[ROC]: 0.999998	AUC[PR]: 0.998507
Val	AUC[ROC]: 0.787757	AUC[PR]: 0.128996
Epoch evaluation duration: 22.6810250282
Epoch duration: 27.5039410591

Epoch 35/1000
Epoch training duration: 4.7016210556
Train	AUC[ROC]: 0.999998	AUC[PR]: 0.998483
Val	AUC[ROC]: 0.783526	AUC[PR]: 0.130050
Epoch evaluation duration: 25.5517659187
Epoch duration: 30.2533869743

Epoch 36/1000
Epoch training duration: 5.04670906067
Train	AUC[ROC]: 0.999999	AUC[PR]: 0.999146
Val	AUC[ROC]: 0.770271	AUC[PR]: 0.115410
Epoch evaluation duration: 26.4298808575
Epoch duration: 31.4765899181

Epoch 37/1000
Epoch training duration: 5.23601007462
Train	AUC[ROC]: 0.999999	AUC[PR]: 0.999437
Val	AUC[ROC]: 0.769103	AUC[PR]: 0.133404
Epoch evaluation duration: 26.6926789284
Epoch duration: 31.928689003

Epoch 38/1000
Epoch training duration: 5.2821791172
Train	AUC[ROC]: 0.999999	AUC[PR]: 0.999454
Val	AUC[ROC]: 0.772050	AUC[PR]: 0.135102
Epoch evaluation duration: 25.1468939781
Epoch duration: 30.4290730953

Epoch 39/1000
Epoch training duration: 5.02347898483
Train	AUC[ROC]: 1.000000	AUC[PR]: 0.999686
Val	AUC[ROC]: 0.782340	AUC[PR]: 0.125826
Epoch evaluation duration: 25.3843898773
Epoch duration: 30.4078688622

Epoch 40/1000
Epoch training duration: 5.09144115448
Train	AUC[ROC]: 0.999998	AUC[PR]: 0.998433
Val	AUC[ROC]: 0.775335	AUC[PR]: 0.138378
Epoch evaluation duration: 26.9219238758
Epoch duration: 32.0133650303

Epoch 41/1000
Epoch training duration: 4.98294305801
Train	AUC[ROC]: 1.000000	AUC[PR]: 0.999646
Val	AUC[ROC]: 0.773553	AUC[PR]: 0.137946
Epoch evaluation duration: 26.3369300365
Epoch duration: 31.3198730946

Epoch 42/1000
Epoch training duration: 5.46708106995
Train	AUC[ROC]: 1.000000	AUC[PR]: 0.999657
Val	AUC[ROC]: 0.769935	AUC[PR]: 0.138015
Epoch evaluation duration: 25.5261309147
Epoch duration: 30.9932119846

Epoch 43/1000
Epoch training duration: 5.12622690201
Train	AUC[ROC]: 1.000000	AUC[PR]: 0.999613
Val	AUC[ROC]: 0.761905	AUC[PR]: 0.123514
Epoch evaluation duration: 26.4251241684
Epoch duration: 31.5513510704

Epoch 44/1000
Epoch training duration: 5.26148796082
Train	AUC[ROC]: 0.999999	AUC[PR]: 0.999579
Val	AUC[ROC]: 0.784447	AUC[PR]: 0.126033
Epoch evaluation duration: 26.4573340416
Epoch duration: 31.7188220024

Epoch 45/1000
Epoch training duration: 5.14414000511
Train	AUC[ROC]: 0.999997	AUC[PR]: 0.998535
Val	AUC[ROC]: 0.788923	AUC[PR]: 0.138207
Epoch evaluation duration: 26.19333601
Epoch duration: 31.3374760151

Epoch 46/1000
Epoch training duration: 5.16369390488
Train	AUC[ROC]: 1.000000	AUC[PR]: 0.999642
Val	AUC[ROC]: 0.774951	AUC[PR]: 0.129414
Epoch evaluation duration: 27.7471289635
Epoch duration: 32.9108228683

Epoch 47/1000
Epoch training duration: 7.19430398941
Train	AUC[ROC]: 0.999999	AUC[PR]: 0.999283
Val	AUC[ROC]: 0.770242	AUC[PR]: 0.127536
Epoch evaluation duration: 30.9189040661
Epoch duration: 38.1132080555

Epoch 48/1000
Epoch training duration: 5.38430595398
Train	AUC[ROC]: 0.999999	AUC[PR]: 0.998770
Val	AUC[ROC]: 0.778284	AUC[PR]: 0.119118
Epoch evaluation duration: 28.2195289135
Epoch duration: 33.6038348675

Epoch 49/1000
Epoch training duration: 5.41535902023
Train	AUC[ROC]: 0.999998	AUC[PR]: 0.998529
Val	AUC[ROC]: 0.769558	AUC[PR]: 0.118408
Epoch evaluation duration: 28.135269165
Epoch duration: 33.5506281853

Epoch 50/1000
Epoch training duration: 5.72350597382
Train	AUC[ROC]: 0.999999	AUC[PR]: 0.999351
Val	AUC[ROC]: 0.799134	AUC[PR]: 0.113076
Epoch evaluation duration: 28.5907218456
Epoch duration: 34.3142278194

Epoch 51/1000
Epoch training duration: 5.85047316551
Train	AUC[ROC]: 1.000000	AUC[PR]: 0.999858
Val	AUC[ROC]: 0.780681	AUC[PR]: 0.127107
Epoch evaluation duration: 31.255687952
Epoch duration: 37.1061611176

Epoch 52/1000
Epoch training duration: 5.57489705086
Train	AUC[ROC]: 1.000000	AUC[PR]: 0.999867
Val	AUC[ROC]: 0.762177	AUC[PR]: 0.112110
Epoch evaluation duration: 31.9830379486
Epoch duration: 37.5579349995

Epoch 53/1000
Epoch training duration: 5.9575650692
Train	AUC[ROC]: 0.999999	AUC[PR]: 0.998797
Val	AUC[ROC]: 0.758509	AUC[PR]: 0.102932
Epoch evaluation duration: 31.7107338905
Epoch duration: 37.6682989597

Epoch 54/1000
Epoch training duration: 5.91358494759
Train	AUC[ROC]: 0.999999	AUC[PR]: 0.999118
Val	AUC[ROC]: 0.760472	AUC[PR]: 0.108603
Epoch evaluation duration: 30.4879970551
Epoch duration: 36.4015820026

Epoch 55/1000
Epoch training duration: 5.35398292542
Train	AUC[ROC]: 1.000000	AUC[PR]: 0.999710
Val	AUC[ROC]: 0.731981	AUC[PR]: 0.120768
Epoch evaluation duration: 31.3899621964
Epoch duration: 36.7439451218

Epoch 56/1000
Epoch training duration: 5.6329138279
Train	AUC[ROC]: 1.000000	AUC[PR]: 0.999857
Val	AUC[ROC]: 0.734063	AUC[PR]: 0.104734
Epoch evaluation duration: 39.3390879631
Epoch duration: 44.972001791

Epoch 57/1000
Epoch training duration: 7.92077898979
Train	AUC[ROC]: 1.000000	AUC[PR]: 0.999876
Val	AUC[ROC]: 0.743991	AUC[PR]: 0.106007
Epoch evaluation duration: 54.3071091175
Epoch duration: 62.2278881073

Epoch 58/1000
Epoch training duration: 7.90000391006
Train	AUC[ROC]: 0.999999	AUC[PR]: 0.999525
Val	AUC[ROC]: 0.767773	AUC[PR]: 0.119138
Epoch evaluation duration: 43.4742631912
Epoch duration: 51.3742671013

Epoch 59/1000
Epoch training duration: 7.05167388916
Train	AUC[ROC]: 0.999999	AUC[PR]: 0.999006
Val	AUC[ROC]: 0.780644	AUC[PR]: 0.120212
Epoch evaluation duration: 43.9262030125
Epoch duration: 50.9778769016

Epoch 60/1000
Epoch training duration: 8.15433692932
Train	AUC[ROC]: 1.000000	AUC[PR]: 0.999804
Val	AUC[ROC]: 0.738483	AUC[PR]: 0.110221
Epoch evaluation duration: 50.7869961262
Epoch duration: 58.9413330555

Epoch 61/1000
Epoch training duration: 7.70212483406
Train	AUC[ROC]: 0.999998	AUC[PR]: 0.997632
Val	AUC[ROC]: 0.776510	AUC[PR]: 0.112762
Epoch evaluation duration: 52.6362571716
Epoch duration: 60.3383820057

Epoch 62/1000
Epoch training duration: 6.72764492035
Train	AUC[ROC]: 1.000000	AUC[PR]: 0.999841
Val	AUC[ROC]: 0.732239	AUC[PR]: 0.111463
Epoch evaluation duration: 55.8918850422
Epoch duration: 62.6195299625

Epoch 63/1000
Epoch training duration: 7.36346292496
Train	AUC[ROC]: 0.999999	AUC[PR]: 0.999433
Val	AUC[ROC]: 0.743067	AUC[PR]: 0.114681
Epoch evaluation duration: 49.5554580688
Epoch duration: 56.9189209938

Epoch 64/1000
Epoch training duration: 6.71791505814
Train	AUC[ROC]: 0.999999	AUC[PR]: 0.999421
Val	AUC[ROC]: 0.735308	AUC[PR]: 0.102360
Epoch evaluation duration: 54.2145838737
Epoch duration: 60.9324989319

Epoch 65/1000
Epoch training duration: 7.10728216171
Train	AUC[ROC]: 0.999999	AUC[PR]: 0.999464
Val	AUC[ROC]: 0.721904	AUC[PR]: 0.122049
Epoch evaluation duration: 47.8802309036
Epoch duration: 54.9875130653

Epoch 66/1000
Epoch training duration: 7.66446495056
Train	AUC[ROC]: 1.000000	AUC[PR]: 0.999911
Val	AUC[ROC]: 0.725755	AUC[PR]: 0.130071
Epoch evaluation duration: 58.7601630688
Epoch duration: 66.4246280193

Epoch 67/1000
Epoch training duration: 6.9738368988
Train	AUC[ROC]: 0.999999	AUC[PR]: 0.999192
Val	AUC[ROC]: 0.729934	AUC[PR]: 0.108564
Epoch evaluation duration: 58.1307871342
Epoch duration: 65.104624033

Epoch 68/1000
Epoch training duration: 8.22739386559
Train	AUC[ROC]: 1.000000	AUC[PR]: 0.999885
Val	AUC[ROC]: 0.719466	AUC[PR]: 0.126378
Epoch evaluation duration: 51.1660940647
Epoch duration: 59.3934879303

Epoch 69/1000
Epoch training duration: 7.15863204002
Train	AUC[ROC]: 1.000000	AUC[PR]: 0.999794
Val	AUC[ROC]: 0.732394	AUC[PR]: 0.120738
Epoch evaluation duration: 56.9943130016
Epoch duration: 64.1529450417

Epoch 70/1000
Epoch training duration: 7.46086192131
Train	AUC[ROC]: 0.999999	AUC[PR]: 0.999162
Val	AUC[ROC]: 0.745409	AUC[PR]: 0.110219
Epoch evaluation duration: 46.3902220726
Epoch duration: 53.8510839939

Epoch 71/1000
Epoch training duration: 7.41879796982
Train	AUC[ROC]: 1.000000	AUC[PR]: 0.999709
Val	AUC[ROC]: 0.746263	AUC[PR]: 0.111465
Epoch evaluation duration: 56.9367179871
Epoch duration: 64.3555159569

Epoch 72/1000
Epoch training duration: 8.47450208664
Train	AUC[ROC]: 1.000000	AUC[PR]: 0.999652
Val	AUC[ROC]: 0.716898	AUC[PR]: 0.096182
Epoch evaluation duration: 47.9409379959
Epoch duration: 56.4154400826

Epoch 73/1000
Epoch training duration: 9.39228081703
Train	AUC[ROC]: 1.000000	AUC[PR]: 0.999867
Val	AUC[ROC]: 0.708363	AUC[PR]: 0.114971
Epoch evaluation duration: 56.2525310516
Epoch duration: 65.6448118687

Epoch 74/1000
Epoch training duration: 7.00029802322
Train	AUC[ROC]: 1.000000	AUC[PR]: 0.999758
Val	AUC[ROC]: 0.734460	AUC[PR]: 0.107914
Epoch evaluation duration: 56.4701581001
Epoch duration: 63.4704561234

Epoch 75/1000
Epoch training duration: 8.91042399406
Train	AUC[ROC]: 1.000000	AUC[PR]: 0.999902
Val	AUC[ROC]: 0.790714	AUC[PR]: 0.116383
Epoch evaluation duration: 46.9560039043
Epoch duration: 55.8664278984

Epoch 76/1000
Epoch training duration: 8.62767505646
Train	AUC[ROC]: 0.999999	AUC[PR]: 0.998734
Val	AUC[ROC]: 0.756482	AUC[PR]: 0.117549
Epoch evaluation duration: 58.1610770226
Epoch duration: 66.788752079

Epoch 77/1000
Epoch training duration: 8.4347319603
Train	AUC[ROC]: 1.000000	AUC[PR]: 0.999902
Val	AUC[ROC]: 0.733272	AUC[PR]: 0.108391
Epoch evaluation duration: 44.198059082
Epoch duration: 52.6327910423

Epoch 78/1000
Epoch training duration: 7.26631093025
Train	AUC[ROC]: 1.000000	AUC[PR]: 0.999616
Val	AUC[ROC]: 0.797899	AUC[PR]: 0.120801
Epoch evaluation duration: 56.463242054
Epoch duration: 63.7295529842

Epoch 79/1000
Epoch training duration: 6.80092096329
Train	AUC[ROC]: 0.999996	AUC[PR]: 0.990685
Val	AUC[ROC]: 0.722667	AUC[PR]: 0.092144
Epoch evaluation duration: 43.7108960152
Epoch duration: 50.5118169785

Epoch 80/1000
Epoch training duration: 7.15088200569
Train	AUC[ROC]: 1.000000	AUC[PR]: 0.999718
Val	AUC[ROC]: 0.774273	AUC[PR]: 0.123209
Epoch evaluation duration: 58.0041680336
Epoch duration: 65.1550500393

Epoch 81/1000
Epoch training duration: 6.22550201416
Train	AUC[ROC]: 1.000000	AUC[PR]: 0.999780
Val	AUC[ROC]: 0.759188	AUC[PR]: 0.093838
Epoch evaluation duration: 55.6027739048
Epoch duration: 61.828275919

Epoch 82/1000
Epoch training duration: 6.76930999756
Train	AUC[ROC]: 0.999999	AUC[PR]: 0.999419
Val	AUC[ROC]: 0.744968	AUC[PR]: 0.113041
Epoch evaluation duration: 50.6866409779
Epoch duration: 57.4559509754

Epoch 83/1000
Epoch training duration: 6.36178803444
Train	AUC[ROC]: 1.000000	AUC[PR]: 0.999847
Val	AUC[ROC]: 0.785364	AUC[PR]: 0.102682
Epoch evaluation duration: 54.4493670464
Epoch duration: 60.8111550808

Epoch 84/1000
Epoch training duration: 7.86926603317
Train	AUC[ROC]: 1.000000	AUC[PR]: 0.999847
Val	AUC[ROC]: 0.758102	AUC[PR]: 0.107476
Epoch evaluation duration: 47.737090826
Epoch duration: 55.6063568592

Epoch 85/1000
Epoch training duration: 8.57453799248
Train	AUC[ROC]: 0.999998	AUC[PR]: 0.998241
Val	AUC[ROC]: 0.765528	AUC[PR]: 0.110860
Epoch evaluation duration: 59.4787380695
Epoch duration: 68.053276062

Epoch 86/1000
Epoch training duration: 8.16601705551
Train	AUC[ROC]: 0.999978	AUC[PR]: 0.997356
Val	AUC[ROC]: 0.756022	AUC[PR]: 0.105417
Epoch evaluation duration: 48.8096659184
Epoch duration: 56.9756829739

Epoch 87/1000
Epoch training duration: 8.93961596489
Train	AUC[ROC]: 0.999997	AUC[PR]: 0.996763
Val	AUC[ROC]: 0.744086	AUC[PR]: 0.094952
Epoch evaluation duration: 57.3342411518
Epoch duration: 66.2738571167

Epoch 88/1000
Epoch training duration: 6.37103295326
Train	AUC[ROC]: 0.999998	AUC[PR]: 0.998252
Val	AUC[ROC]: 0.750355	AUC[PR]: 0.114406
Epoch evaluation duration: 47.2145249844
Epoch duration: 53.5855579376

Epoch 89/1000
Epoch training duration: 8.12910103798
Train	AUC[ROC]: 0.999999	AUC[PR]: 0.999097
Val	AUC[ROC]: 0.775093	AUC[PR]: 0.120677
Epoch evaluation duration: 46.5034279823
Epoch duration: 54.6325290203

Epoch 90/1000
Epoch training duration: 6.71042394638
Train	AUC[ROC]: 1.000000	AUC[PR]: 0.999813
Val	AUC[ROC]: 0.677461	AUC[PR]: 0.103032
Epoch evaluation duration: 48.6860799789
Epoch duration: 55.3965039253

Epoch 91/1000
Epoch training duration: 8.24662303925
Train	AUC[ROC]: 1.000000	AUC[PR]: 0.999858
Val	AUC[ROC]: 0.705672	AUC[PR]: 0.103436
Epoch evaluation duration: 50.7386140823
Epoch duration: 58.9852371216

Epoch 92/1000
Epoch training duration: 7.54018998146
Train	AUC[ROC]: 0.999972	AUC[PR]: 0.997211
Val	AUC[ROC]: 0.720099	AUC[PR]: 0.101880
Epoch evaluation duration: 57.8558888435
Epoch duration: 65.396078825

Epoch 93/1000
Epoch training duration: 8.63924217224
Train	AUC[ROC]: 0.999999	AUC[PR]: 0.998715
Val	AUC[ROC]: 0.731013	AUC[PR]: 0.090784
Epoch evaluation duration: 42.2887489796
Epoch duration: 50.9279911518

Epoch 94/1000
Epoch training duration: 7.62106585503
Train	AUC[ROC]: 1.000000	AUC[PR]: 0.999731
Val	AUC[ROC]: 0.762268	AUC[PR]: 0.103255
Epoch evaluation duration: 59.2754561901
Epoch duration: 66.8965220451

Epoch 95/1000
Epoch training duration: 6.67594790459
Train	AUC[ROC]: 0.999999	AUC[PR]: 0.999179
Val	AUC[ROC]: 0.749549	AUC[PR]: 0.108184
Epoch evaluation duration: 51.46012187
Epoch duration: 58.1360697746

Epoch 96/1000
Epoch training duration: 6.67709517479
Train	AUC[ROC]: 1.000000	AUC[PR]: 0.999708
Val	AUC[ROC]: 0.747371	AUC[PR]: 0.098584
Epoch evaluation duration: 49.3852598667
Epoch duration: 56.0623550415

Epoch 97/1000
Epoch training duration: 6.98188209534
Train	AUC[ROC]: 0.999999	AUC[PR]: 0.999315
Val	AUC[ROC]: 0.757185	AUC[PR]: 0.110300
Epoch evaluation duration: 54.9330720901
Epoch duration: 61.9149541855

Epoch 98/1000
Epoch training duration: 8.4986679554
Train	AUC[ROC]: 1.000000	AUC[PR]: 0.999937
Val	AUC[ROC]: 0.786215	AUC[PR]: 0.109364
Epoch evaluation duration: 51.4759318829
Epoch duration: 59.9745998383

Epoch 99/1000
Epoch training duration: 7.99227809906
Train	AUC[ROC]: 1.000000	AUC[PR]: 0.999946
Val	AUC[ROC]: 0.756048	AUC[PR]: 0.112691
Epoch evaluation duration: 49.1475229263
Epoch duration: 57.1398010254

Epoch 100/1000
Epoch training duration: 7.25866413116
Train	AUC[ROC]: 0.999999	AUC[PR]: 0.999117
Val	AUC[ROC]: 0.747063	AUC[PR]: 0.104722
Epoch evaluation duration: 42.8848488331
Epoch duration: 50.1435129642

Epoch 101/1000
Epoch training duration: 7.53094506264
Train	AUC[ROC]: 0.999999	AUC[PR]: 0.999351
Val	AUC[ROC]: 0.753173	AUC[PR]: 0.122404
Epoch evaluation duration: 49.4681251049
Epoch duration: 56.9990701675

Epoch 102/1000
Epoch training duration: 7.31066393852
Train	AUC[ROC]: 0.999999	AUC[PR]: 0.999572
Val	AUC[ROC]: 0.757690	AUC[PR]: 0.101548
Epoch evaluation duration: 39.6110348701
Epoch duration: 46.9216988087

Epoch 103/1000
Epoch training duration: 7.30563902855
Train	AUC[ROC]: 0.999999	AUC[PR]: 0.999255
Val	AUC[ROC]: 0.761525	AUC[PR]: 0.098420
Epoch evaluation duration: 35.2419929504
Epoch duration: 42.547631979

Epoch 104/1000
Epoch training duration: 5.7331840992
Train	AUC[ROC]: 1.000000	AUC[PR]: 0.999733
Val	AUC[ROC]: 0.780938	AUC[PR]: 0.122060
Epoch evaluation duration: 29.0019791126
Epoch duration: 34.7351632118

Epoch 105/1000
Epoch training duration: 5.54181289673
Train	AUC[ROC]: 0.999998	AUC[PR]: 0.999095
Val	AUC[ROC]: 0.748244	AUC[PR]: 0.117429
Epoch evaluation duration: 28.6359710693
Epoch duration: 34.1777839661

Epoch 106/1000
Epoch training duration: 5.64757204056
Train	AUC[ROC]: 0.999999	AUC[PR]: 0.999288
Val	AUC[ROC]: 0.774346	AUC[PR]: 0.100212
Epoch evaluation duration: 42.0171129704
Epoch duration: 47.6646850109

Epoch 107/1000
Epoch training duration: 7.85640883446
Train	AUC[ROC]: 1.000000	AUC[PR]: 0.999893
Val	AUC[ROC]: 0.751937	AUC[PR]: 0.121250
Epoch evaluation duration: 42.9931471348
Epoch duration: 50.8495559692

Epoch 108/1000
Epoch training duration: 7.33553385735
Train	AUC[ROC]: 0.999998	AUC[PR]: 0.998313
Val	AUC[ROC]: 0.750735	AUC[PR]: 0.111438
Epoch evaluation duration: 43.2971010208
Epoch duration: 50.6326348782

Epoch 109/1000
Epoch training duration: 6.61910414696
Train	AUC[ROC]: 1.000000	AUC[PR]: 0.999929
Val	AUC[ROC]: 0.728168	AUC[PR]: 0.100035
Epoch evaluation duration: 38.6334898472
Epoch duration: 45.2525939941

Epoch 110/1000
Epoch training duration: 6.46598815918
Train	AUC[ROC]: 0.999999	AUC[PR]: 0.999452
Val	AUC[ROC]: 0.725708	AUC[PR]: 0.085833
Epoch evaluation duration: 55.0791528225
Epoch duration: 61.5451409817

Epoch 111/1000
Epoch training duration: 6.29242920876
Train	AUC[ROC]: 0.999998	AUC[PR]: 0.998391
Val	AUC[ROC]: 0.772429	AUC[PR]: 0.105513
Epoch evaluation duration: 43.6264109612
Epoch duration: 49.9188401699

Epoch 112/1000
Epoch training duration: 6.40176987648
Train	AUC[ROC]: 0.999997	AUC[PR]: 0.995355
Val	AUC[ROC]: 0.759518	AUC[PR]: 0.102166
Epoch evaluation duration: 42.1590199471
Epoch duration: 48.5607898235

Epoch 113/1000
Epoch training duration: 6.50412917137
Train	AUC[ROC]: 0.999997	AUC[PR]: 0.996665
Val	AUC[ROC]: 0.760199	AUC[PR]: 0.099653
Epoch evaluation duration: 45.3166189194
Epoch duration: 51.8207480907

Epoch 114/1000
Epoch training duration: 7.51537203789
Train	AUC[ROC]: 1.000000	AUC[PR]: 0.999902
Val	AUC[ROC]: 0.727742	AUC[PR]: 0.086019
Epoch evaluation duration: 42.9275159836
Epoch duration: 50.4428880215

Epoch 115/1000
Epoch training duration: 6.16524505615
Train	AUC[ROC]: 0.999999	AUC[PR]: 0.999540
Val	AUC[ROC]: 0.676028	AUC[PR]: 0.077336
Epoch evaluation duration: 45.0922849178
Epoch duration: 51.257529974

Epoch 116/1000
Epoch training duration: 8.02552199364
Train	AUC[ROC]: 0.999996	AUC[PR]: 0.991215
Val	AUC[ROC]: 0.734704	AUC[PR]: 0.090950
Epoch evaluation duration: 46.7351050377
Epoch duration: 54.7606270313

Epoch 117/1000
Epoch training duration: 8.22247004509
Train	AUC[ROC]: 1.000000	AUC[PR]: 0.999753
Val	AUC[ROC]: 0.720317	AUC[PR]: 0.095163
Epoch evaluation duration: 45.6804258823
Epoch duration: 53.9028959274

Epoch 118/1000
Epoch training duration: 6.6504740715
Train	AUC[ROC]: 1.000000	AUC[PR]: 0.999894
Val	AUC[ROC]: 0.738474	AUC[PR]: 0.088013
Epoch evaluation duration: 39.685685873
Epoch duration: 46.3361599445

Epoch 119/1000
Epoch training duration: 6.31555604935
Train	AUC[ROC]: 1.000000	AUC[PR]: 0.999946
Val	AUC[ROC]: 0.780091	AUC[PR]: 0.092463
Epoch evaluation duration: 45.884510994
Epoch duration: 52.2000670433

Epoch 120/1000
Epoch training duration: 6.91451311111
Train	AUC[ROC]: 0.999999	AUC[PR]: 0.999178
Val	AUC[ROC]: 0.736301	AUC[PR]: 0.093935
Epoch evaluation duration: 43.6769020557
Epoch duration: 50.5914151669

Epoch 121/1000
Epoch training duration: 7.82693982124
Train	AUC[ROC]: 0.999977	AUC[PR]: 0.993753
Val	AUC[ROC]: 0.762523	AUC[PR]: 0.089360
Epoch evaluation duration: 49.8058261871
Epoch duration: 57.6327660084

Epoch 122/1000
Epoch training duration: 6.69825696945
Train	AUC[ROC]: 1.000000	AUC[PR]: 0.999894
Val	AUC[ROC]: 0.712099	AUC[PR]: 0.088994
Epoch evaluation duration: 42.1494948864
Epoch duration: 48.8477518559

Epoch 123/1000
Epoch training duration: 7.07916808128
Train	AUC[ROC]: 0.999998	AUC[PR]: 0.998715
Val	AUC[ROC]: 0.725689	AUC[PR]: 0.076727
Epoch evaluation duration: 47.2878499031
Epoch duration: 54.3670179844

Epoch 124/1000
Epoch training duration: 6.72946810722
Train	AUC[ROC]: 0.999999	AUC[PR]: 0.999513
Val	AUC[ROC]: 0.740235	AUC[PR]: 0.097630
Epoch evaluation duration: 44.846255064
Epoch duration: 51.5757231712

Epoch 125/1000
Epoch training duration: 6.78356981277
Train	AUC[ROC]: 1.000000	AUC[PR]: 0.999902
Val	AUC[ROC]: 0.717296	AUC[PR]: 0.107417
Epoch evaluation duration: 43.3021249771
Epoch duration: 50.0856947899

Epoch 126/1000
Epoch training duration: 6.70837903023
Train	AUC[ROC]: 1.000000	AUC[PR]: 0.999902
Val	AUC[ROC]: 0.697132	AUC[PR]: 0.093830
Epoch evaluation duration: 51.0315861702
Epoch duration: 57.7399652004

Epoch 127/1000
Epoch training duration: 6.41987681389
Train	AUC[ROC]: 1.000000	AUC[PR]: 0.999902
Val	AUC[ROC]: 0.719696	AUC[PR]: 0.102229
Epoch evaluation duration: 42.4853711128
Epoch duration: 48.9052479267

Epoch 128/1000
Epoch training duration: 7.17946004868
Train	AUC[ROC]: 1.000000	AUC[PR]: 0.999799
Val	AUC[ROC]: 0.733012	AUC[PR]: 0.099748
Epoch evaluation duration: 46.2904958725
Epoch duration: 53.4699559212

Epoch 129/1000
Epoch training duration: 8.2706360817
Train	AUC[ROC]: 1.000000	AUC[PR]: 0.999826
Val	AUC[ROC]: 0.677696	AUC[PR]: 0.087274
Epoch evaluation duration: 42.5008609295
Epoch duration: 50.7714970112

Epoch 130/1000
Epoch training duration: 8.49660301208
Train	AUC[ROC]: 1.000000	AUC[PR]: 0.999911
Val	AUC[ROC]: 0.703368	AUC[PR]: 0.100488
Epoch evaluation duration: 48.4391479492
Epoch duration: 56.9357509613

Epoch 131/1000
Epoch training duration: 7.29300713539
Train	AUC[ROC]: 0.999999	AUC[PR]: 0.999212
Val	AUC[ROC]: 0.696935	AUC[PR]: 0.101309
Epoch evaluation duration: 41.6211049557
Epoch duration: 48.9141120911

Epoch 132/1000
Epoch training duration: 7.55130386353
Train	AUC[ROC]: 0.999998	AUC[PR]: 0.998227
Val	AUC[ROC]: 0.736313	AUC[PR]: 0.101264
Epoch evaluation duration: 49.0941991806
Epoch duration: 56.6455030441

Epoch 133/1000
Epoch training duration: 9.0745279789
Train	AUC[ROC]: 0.999999	AUC[PR]: 0.999340
Val	AUC[ROC]: 0.679656	AUC[PR]: 0.111755
Epoch evaluation duration: 48.7021570206
Epoch duration: 57.7766849995

Epoch 134/1000
Epoch training duration: 6.63534092903
Train	AUC[ROC]: 1.000000	AUC[PR]: 0.999645
Val	AUC[ROC]: 0.721108	AUC[PR]: 0.099274
Epoch evaluation duration: 49.603192091
Epoch duration: 56.23853302

Epoch 135/1000
Epoch training duration: 6.23268389702
Train	AUC[ROC]: 0.999997	AUC[PR]: 0.995522
Val	AUC[ROC]: 0.692934	AUC[PR]: 0.089675
Epoch evaluation duration: 49.6979300976
Epoch duration: 55.9306139946

Epoch 136/1000
Epoch training duration: 6.67460894585
Train	AUC[ROC]: 1.000000	AUC[PR]: 0.999920
Val	AUC[ROC]: 0.708401	AUC[PR]: 0.108551
Epoch evaluation duration: 45.2344939709
Epoch duration: 51.9091029167

Epoch 137/1000
Epoch training duration: 7.09308791161
Train	AUC[ROC]: 1.000000	AUC[PR]: 0.999946
Val	AUC[ROC]: 0.719134	AUC[PR]: 0.099888
Epoch evaluation duration: 45.472892046
Epoch duration: 52.5659799576

Epoch 138/1000
Epoch training duration: 7.44160604477
Train	AUC[ROC]: 0.999988	AUC[PR]: 0.997728
Val	AUC[ROC]: 0.679634	AUC[PR]: 0.105322
Epoch evaluation duration: 44.0462200642
Epoch duration: 51.4878261089

Epoch 139/1000
Epoch training duration: 6.87195587158
Train	AUC[ROC]: 1.000000	AUC[PR]: 0.999946
Val	AUC[ROC]: 0.703722	AUC[PR]: 0.099514
Epoch evaluation duration: 52.2220060825
Epoch duration: 59.0939619541

Epoch 140/1000
Epoch training duration: 6.66270899773
Train	AUC[ROC]: 0.999995	AUC[PR]: 0.994525
Val	AUC[ROC]: 0.711774	AUC[PR]: 0.083790
Epoch evaluation duration: 38.6758599281
Epoch duration: 45.3385689259

Epoch 141/1000
Epoch training duration: 7.18217802048
Train	AUC[ROC]: 0.999998	AUC[PR]: 0.997568
Val	AUC[ROC]: 0.698918	AUC[PR]: 0.093775
Epoch evaluation duration: 43.0329940319
Epoch duration: 50.2151720524

Epoch 142/1000
Epoch training duration: 6.42187809944
Train	AUC[ROC]: 0.999997	AUC[PR]: 0.997874
Val	AUC[ROC]: 0.715234	AUC[PR]: 0.106880
Epoch evaluation duration: 48.0077149868
Epoch duration: 54.4295930862

Epoch 143/1000
Epoch training duration: 7.1245098114
Train	AUC[ROC]: 1.000000	AUC[PR]: 0.999938
Val	AUC[ROC]: 0.688425	AUC[PR]: 0.098488
Epoch evaluation duration: 44.9263861179
Epoch duration: 52.0508959293

Epoch 144/1000
Epoch training duration: 6.67676496506
Train	AUC[ROC]: 1.000000	AUC[PR]: 0.999892
Val	AUC[ROC]: 0.684952	AUC[PR]: 0.094360
Epoch evaluation duration: 55.019518137
Epoch duration: 61.696283102

Epoch 145/1000
Epoch training duration: 6.3186249733
Train	AUC[ROC]: 1.000000	AUC[PR]: 0.999780
Val	AUC[ROC]: 0.684239	AUC[PR]: 0.095388
Epoch evaluation duration: 47.3351659775
Epoch duration: 53.6537909508

Epoch 146/1000
Epoch training duration: 6.27591490746
Train	AUC[ROC]: 1.000000	AUC[PR]: 0.999910
Val	AUC[ROC]: 0.671620	AUC[PR]: 0.096359
Epoch evaluation duration: 43.3422889709
Epoch duration: 49.6182038784

Epoch 147/1000
Epoch training duration: 6.90308713913
Train	AUC[ROC]: 1.000000	AUC[PR]: 0.999841
Val	AUC[ROC]: 0.709109	AUC[PR]: 0.106964
Epoch evaluation duration: 39.6883399487
Epoch duration: 46.5914270878

Epoch 148/1000
Epoch training duration: 6.86504197121
Train	AUC[ROC]: 0.999995	AUC[PR]: 0.994526
Val	AUC[ROC]: 0.714938	AUC[PR]: 0.087426
Epoch evaluation duration: 53.5392980576
Epoch duration: 60.4043400288

Epoch 149/1000
Epoch training duration: 6.10517287254
Train	AUC[ROC]: 0.999998	AUC[PR]: 0.998080
Val	AUC[ROC]: 0.685917	AUC[PR]: 0.090774
Epoch evaluation duration: 38.6420941353
Epoch duration: 44.7472670078

Epoch 150/1000
Epoch training duration: 6.49549984932
Train	AUC[ROC]: 0.999994	AUC[PR]: 0.990447
Val	AUC[ROC]: 0.692406	AUC[PR]: 0.076440
Epoch evaluation duration: 43.6942241192
Epoch duration: 50.1897239685

Epoch 151/1000
Epoch training duration: 6.32881903648
Train	AUC[ROC]: 1.000000	AUC[PR]: 0.999867
Val	AUC[ROC]: 0.696539	AUC[PR]: 0.079995
Epoch evaluation duration: 53.8330929279
Epoch duration: 60.1619119644

Epoch 152/1000
Epoch training duration: 7.49304199219
Train	AUC[ROC]: 1.000000	AUC[PR]: 0.999902
Val	AUC[ROC]: 0.702365	AUC[PR]: 0.097820
Epoch evaluation duration: 42.7614970207
Epoch duration: 50.2545390129

Epoch 153/1000
Epoch training duration: 7.01081609726
Train	AUC[ROC]: 0.999999	AUC[PR]: 0.998929
Val	AUC[ROC]: 0.686008	AUC[PR]: 0.083096
Epoch evaluation duration: 46.8825449944
Epoch duration: 53.8933610916

Epoch 154/1000
Epoch training duration: 6.50857186317
Train	AUC[ROC]: 1.000000	AUC[PR]: 0.999893
Val	AUC[ROC]: 0.704602	AUC[PR]: 0.087972
Epoch evaluation duration: 42.5030579567
Epoch duration: 49.0116298199

Epoch 155/1000
Epoch training duration: 7.433989048
Train	AUC[ROC]: 1.000000	AUC[PR]: 0.999847
Val	AUC[ROC]: 0.686835	AUC[PR]: 0.088357
Epoch evaluation duration: 51.40634799
Epoch duration: 58.840337038

Epoch 156/1000
Epoch training duration: 6.34267306328
Train	AUC[ROC]: 1.000000	AUC[PR]: 0.999937
Val	AUC[ROC]: 0.698736	AUC[PR]: 0.102831
Epoch evaluation duration: 46.3644340038
Epoch duration: 52.7071070671

Epoch 157/1000
Epoch training duration: 7.09002590179
Train	AUC[ROC]: 1.000000	AUC[PR]: 0.999593
Val	AUC[ROC]: 0.716425	AUC[PR]: 0.104621
Epoch evaluation duration: 44.4543480873
Epoch duration: 51.5443739891

Epoch 158/1000
Epoch training duration: 6.87201094627
Train	AUC[ROC]: 1.000000	AUC[PR]: 0.999864
Val	AUC[ROC]: 0.689145	AUC[PR]: 0.093595
Epoch evaluation duration: 45.5253181458
Epoch duration: 52.397329092

Epoch 159/1000
Epoch training duration: 8.18654584885
Train	AUC[ROC]: 1.000000	AUC[PR]: 0.999593
Val	AUC[ROC]: 0.698688	AUC[PR]: 0.081583
Epoch evaluation duration: 47.8045370579
Epoch duration: 55.9910829067

Epoch 160/1000
Epoch training duration: 6.04914498329
Train	AUC[ROC]: 1.000000	AUC[PR]: 0.999901
Val	AUC[ROC]: 0.667597	AUC[PR]: 0.077347
Epoch evaluation duration: 43.3771989346
Epoch duration: 49.4263439178

Epoch 161/1000
Epoch training duration: 7.53521895409
Train	AUC[ROC]: 0.999999	AUC[PR]: 0.998936
Val	AUC[ROC]: 0.702805	AUC[PR]: 0.097850
Epoch evaluation duration: 45.2706780434
Epoch duration: 52.8058969975

Epoch 162/1000
Epoch training duration: 6.51614403725
Train	AUC[ROC]: 0.999963	AUC[PR]: 0.996098
Val	AUC[ROC]: 0.649245	AUC[PR]: 0.089272
Epoch evaluation duration: 47.4278919697
Epoch duration: 53.9440360069

Epoch 163/1000
Epoch training duration: 7.12493610382
Train	AUC[ROC]: 0.999997	AUC[PR]: 0.993766
Val	AUC[ROC]: 0.706071	AUC[PR]: 0.089623
Epoch evaluation duration: 44.7779998779
Epoch duration: 51.9029359818

Epoch 164/1000
Epoch training duration: 6.2598631382
Train	AUC[ROC]: 0.999999	AUC[PR]: 0.999014
Val	AUC[ROC]: 0.711548	AUC[PR]: 0.088214
Epoch evaluation duration: 53.1748690605
Epoch duration: 59.4347321987

Epoch 165/1000
Epoch training duration: 6.68557882309
Train	AUC[ROC]: 1.000000	AUC[PR]: 0.999838
Val	AUC[ROC]: 0.690504	AUC[PR]: 0.092720
Epoch evaluation duration: 45.8104269505
Epoch duration: 52.4960057735

Epoch 166/1000
Epoch training duration: 6.5965461731
Train	AUC[ROC]: 0.999999	AUC[PR]: 0.999400
Val	AUC[ROC]: 0.656817	AUC[PR]: 0.079733
Epoch evaluation duration: 54.6066248417
Epoch duration: 61.2031710148

Epoch 167/1000
Epoch training duration: 7.34504508972
Train	AUC[ROC]: 1.000000	AUC[PR]: 0.999830
Val	AUC[ROC]: 0.712869	AUC[PR]: 0.091777
Epoch evaluation duration: 35.4724099636
Epoch duration: 42.8174550533

Epoch 168/1000
Epoch training duration: 7.88943195343
Train	AUC[ROC]: 0.999999	AUC[PR]: 0.998863
Val	AUC[ROC]: 0.729342	AUC[PR]: 0.100411
Epoch evaluation duration: 44.5443561077
Epoch duration: 52.4337880611

Epoch 169/1000
Epoch training duration: 6.48793792725
Train	AUC[ROC]: 1.000000	AUC[PR]: 0.999911
Val	AUC[ROC]: 0.695284	AUC[PR]: 0.092942
Epoch evaluation duration: 45.7592489719
Epoch duration: 52.2471868992

Epoch 170/1000
Epoch training duration: 7.18876099586
Train	AUC[ROC]: 0.999999	AUC[PR]: 0.999536
Val	AUC[ROC]: 0.725264	AUC[PR]: 0.087437
Epoch evaluation duration: 49.0511360168
Epoch duration: 56.2398970127

Epoch 171/1000
Epoch training duration: 6.12676596642
Train	AUC[ROC]: 1.000000	AUC[PR]: 0.999852
Val	AUC[ROC]: 0.653117	AUC[PR]: 0.089639
Epoch evaluation duration: 53.5354881287
Epoch duration: 59.6622540951

Epoch 172/1000
Epoch training duration: 6.64086008072
Train	AUC[ROC]: 1.000000	AUC[PR]: 0.999938
Val	AUC[ROC]: 0.671185	AUC[PR]: 0.086994
Epoch evaluation duration: 48.5176417828
Epoch duration: 55.1585018635

Epoch 173/1000
Epoch training duration: 5.8532371521
Train	AUC[ROC]: 1.000000	AUC[PR]: 0.999946
Val	AUC[ROC]: 0.641931	AUC[PR]: 0.080083
Epoch evaluation duration: 52.6107180119
Epoch duration: 58.463955164

Epoch 174/1000
Epoch training duration: 6.60478901863
Train	AUC[ROC]: 0.999998	AUC[PR]: 0.997071
Val	AUC[ROC]: 0.691722	AUC[PR]: 0.084937
Epoch evaluation duration: 37.0564570427
Epoch duration: 43.6612460613

Epoch 175/1000
Epoch training duration: 7.54429197311
Train	AUC[ROC]: 1.000000	AUC[PR]: 0.999937
Val	AUC[ROC]: 0.641308	AUC[PR]: 0.081104
Epoch evaluation duration: 45.6049039364
Epoch duration: 53.1491959095

Epoch 176/1000
Epoch training duration: 6.30004000664
Train	AUC[ROC]: 0.999999	AUC[PR]: 0.999311
Val	AUC[ROC]: 0.669588	AUC[PR]: 0.086273
Epoch evaluation duration: 42.7661700249
Epoch duration: 49.0662100315

Epoch 177/1000
Epoch training duration: 7.27254891396
Train	AUC[ROC]: 1.000000	AUC[PR]: 0.999884
Val	AUC[ROC]: 0.676614	AUC[PR]: 0.093852
Epoch evaluation duration: 49.1195161343
Epoch duration: 56.3920650482

Epoch 178/1000
Epoch training duration: 7.73155879974
Train	AUC[ROC]: 1.000000	AUC[PR]: 0.999929
Val	AUC[ROC]: 0.648119	AUC[PR]: 0.085964
Epoch evaluation duration: 40.6213581562
Epoch duration: 48.3529169559

Epoch 179/1000
Epoch training duration: 7.44981598854
Train	AUC[ROC]: 1.000000	AUC[PR]: 0.999770
Val	AUC[ROC]: 0.708442	AUC[PR]: 0.087812
Epoch evaluation duration: 43.5574250221
Epoch duration: 51.0072410107

Epoch 180/1000
Epoch training duration: 6.42349290848
Train	AUC[ROC]: 1.000000	AUC[PR]: 0.999946
Val	AUC[ROC]: 0.672684	AUC[PR]: 0.082779
Epoch evaluation duration: 51.5068569183
Epoch duration: 57.9303498268

Epoch 181/1000
Epoch training duration: 6.18214702606
Train	AUC[ROC]: 1.000000	AUC[PR]: 0.999929
Val	AUC[ROC]: 0.682070	AUC[PR]: 0.091291
Epoch evaluation duration: 43.2858140469
Epoch duration: 49.4679610729

Epoch 182/1000
Epoch training duration: 6.89607095718
Train	AUC[ROC]: 1.000000	AUC[PR]: 0.999938
Val	AUC[ROC]: 0.686137	AUC[PR]: 0.095888
Epoch evaluation duration: 50.0370771885
Epoch duration: 56.9331481457

Epoch 183/1000
Epoch training duration: 7.84612298012
Train	AUC[ROC]: 1.000000	AUC[PR]: 0.999902
Val	AUC[ROC]: 0.661136	AUC[PR]: 0.085484
Epoch evaluation duration: 40.3600578308
Epoch duration: 48.2061808109

Epoch 184/1000
Epoch training duration: 8.11393809319
Train	AUC[ROC]: 0.999997	AUC[PR]: 0.993591
Val	AUC[ROC]: 0.682985	AUC[PR]: 0.087042
Epoch evaluation duration: 49.6368820667
Epoch duration: 57.7508201599

Epoch 185/1000
Epoch training duration: 6.89094090462
Train	AUC[ROC]: 1.000000	AUC[PR]: 0.999920
Val	AUC[ROC]: 0.703520	AUC[PR]: 0.094478
Epoch evaluation duration: 43.347397089
Epoch duration: 50.2383379936

Epoch 186/1000
Epoch training duration: 7.21850991249
Train	AUC[ROC]: 1.000000	AUC[PR]: 0.999938
Val	AUC[ROC]: 0.702926	AUC[PR]: 0.097186
Epoch evaluation duration: 45.5581679344
Epoch duration: 52.7766778469

Epoch 187/1000
Epoch training duration: 6.82962298393
Train	AUC[ROC]: 1.000000	AUC[PR]: 0.999868
Val	AUC[ROC]: 0.702306	AUC[PR]: 0.094495
Epoch evaluation duration: 40.9969160557
Epoch duration: 47.8265390396

Epoch 188/1000
Epoch training duration: 6.07630109787
Train	AUC[ROC]: 1.000000	AUC[PR]: 0.999946
Val	AUC[ROC]: 0.691047	AUC[PR]: 0.084385
Epoch evaluation duration: 47.9982628822
Epoch duration: 54.0745639801

Epoch 189/1000
Epoch training duration: 6.17761611938
Train	AUC[ROC]: 0.999999	AUC[PR]: 0.999480
Val	AUC[ROC]: 0.686068	AUC[PR]: 0.075292
Epoch evaluation duration: 46.9558348656
Epoch duration: 53.133450985

Epoch 190/1000
Epoch training duration: 7.52233195305
Train	AUC[ROC]: 0.999997	AUC[PR]: 0.994230
Val	AUC[ROC]: 0.708532	AUC[PR]: 0.071695
Epoch evaluation duration: 40.032859087
Epoch duration: 47.55519104

Epoch 191/1000
Epoch training duration: 6.40480899811
Train	AUC[ROC]: 0.999998	AUC[PR]: 0.998145
Val	AUC[ROC]: 0.665175	AUC[PR]: 0.069624
Epoch evaluation duration: 51.9586260319
Epoch duration: 58.36343503

Epoch 192/1000
Epoch training duration: 6.56023693085
Train	AUC[ROC]: 1.000000	AUC[PR]: 0.999902
Val	AUC[ROC]: 0.725342	AUC[PR]: 0.076466
Epoch evaluation duration: 41.5626330376
Epoch duration: 48.1228699684

Epoch 193/1000
Epoch training duration: 7.1622979641
Train	AUC[ROC]: 0.999998	AUC[PR]: 0.998478
Val	AUC[ROC]: 0.719755	AUC[PR]: 0.080002
Epoch evaluation duration: 44.0307719707
Epoch duration: 51.1930699348

Epoch 194/1000
Epoch training duration: 7.44853901863
Train	AUC[ROC]: 1.000000	AUC[PR]: 0.999693
Val	AUC[ROC]: 0.714146	AUC[PR]: 0.081418
Epoch evaluation duration: 40.5102920532
Epoch duration: 47.9588310719

Epoch 195/1000
Epoch training duration: 6.54351305962
Train	AUC[ROC]: 1.000000	AUC[PR]: 0.999755
Val	AUC[ROC]: 0.720415	AUC[PR]: 0.074215
Epoch evaluation duration: 52.6220479012
Epoch duration: 59.1655609608

Epoch 196/1000
Epoch training duration: 7.91760516167
Train	AUC[ROC]: 0.999998	AUC[PR]: 0.998043
Val	AUC[ROC]: 0.706659	AUC[PR]: 0.083395
Epoch evaluation duration: 43.9851438999
Epoch duration: 51.9027490616

Epoch 197/1000
Epoch training duration: 6.99487900734
Train	AUC[ROC]: 1.000000	AUC[PR]: 0.999946
Val	AUC[ROC]: 0.697500	AUC[PR]: 0.076103
Epoch evaluation duration: 51.1825060844
Epoch duration: 58.1773850918

Epoch 198/1000
Epoch training duration: 7.46459579468
Train	AUC[ROC]: 1.000000	AUC[PR]: 0.999946
Val	AUC[ROC]: 0.715520	AUC[PR]: 0.073592
Epoch evaluation duration: 40.3545241356
Epoch duration: 47.8191199303

Epoch 199/1000
Epoch training duration: 7.46417689323
Train	AUC[ROC]: 1.000000	AUC[PR]: 0.999910
Val	AUC[ROC]: 0.689137	AUC[PR]: 0.082772
Epoch evaluation duration: 47.7108511925
Epoch duration: 55.1750280857

Epoch 200/1000
Epoch training duration: 7.97758293152
Train	AUC[ROC]: 1.000000	AUC[PR]: 0.999855
Val	AUC[ROC]: 0.709110	AUC[PR]: 0.080601
Epoch evaluation duration: 48.9414789677
Epoch duration: 56.9190618992

Epoch 201/1000
Epoch training duration: 7.64473390579
Train	AUC[ROC]: 1.000000	AUC[PR]: 0.999874
Val	AUC[ROC]: 0.657153	AUC[PR]: 0.074082
Epoch evaluation duration: 46.336520195
Epoch duration: 53.9812541008

Epoch 202/1000
Epoch training duration: 6.66447997093
Train	AUC[ROC]: 1.000000	AUC[PR]: 0.999919
Val	AUC[ROC]: 0.697651	AUC[PR]: 0.089987
Epoch evaluation duration: 41.0905809402
Epoch duration: 47.7550609112

Epoch 203/1000
Epoch training duration: 7.14551186562
Train	AUC[ROC]: 0.999999	AUC[PR]: 0.999269
Val	AUC[ROC]: 0.676672	AUC[PR]: 0.084743
Epoch evaluation duration: 45.5815131664
Epoch duration: 52.727025032

Epoch 204/1000
Epoch training duration: 6.21616697311
Train	AUC[ROC]: 1.000000	AUC[PR]: 0.999946
Val	AUC[ROC]: 0.665554	AUC[PR]: 0.084350
Epoch evaluation duration: 49.2888119221
Epoch duration: 55.5049788952

Epoch 205/1000
Epoch training duration: 6.72037601471
Train	AUC[ROC]: 1.000000	AUC[PR]: 0.999801
Val	AUC[ROC]: 0.724755	AUC[PR]: 0.084411
Epoch evaluation duration: 44.8104519844
Epoch duration: 51.5308279991

Epoch 206/1000
Epoch training duration: 6.33106017113
Train	AUC[ROC]: 0.999997	AUC[PR]: 0.993302
Val	AUC[ROC]: 0.673756	AUC[PR]: 0.062728
Epoch evaluation duration: 55.9445338249
Epoch duration: 62.275593996

Epoch 207/1000
Epoch training duration: 7.32036709785
Train	AUC[ROC]: 0.999997	AUC[PR]: 0.996582
Val	AUC[ROC]: 0.692572	AUC[PR]: 0.080729
Epoch evaluation duration: 43.33081007
Epoch duration: 50.6511771679

Epoch 208/1000
Epoch training duration: 7.27744293213
Train	AUC[ROC]: 0.999999	AUC[PR]: 0.999306
Val	AUC[ROC]: 0.699866	AUC[PR]: 0.075180
Epoch evaluation duration: 44.9465398788
Epoch duration: 52.223982811

Epoch 209/1000
Epoch training duration: 6.45512604713
Train	AUC[ROC]: 1.000000	AUC[PR]: 0.999928
Val	AUC[ROC]: 0.726923	AUC[PR]: 0.078872
Epoch evaluation duration: 41.8710401058
Epoch duration: 48.326166153

Epoch 210/1000
Epoch training duration: 8.17238402367
Train	AUC[ROC]: 1.000000	AUC[PR]: 0.999929
Val	AUC[ROC]: 0.703211	AUC[PR]: 0.073338
Epoch evaluation duration: 42.3289959431
Epoch duration: 50.5013799667

Epoch 211/1000
Epoch training duration: 8.14149188995
Train	AUC[ROC]: 1.000000	AUC[PR]: 0.999938
Val	AUC[ROC]: 0.690370	AUC[PR]: 0.075336
Epoch evaluation duration: 45.214607954
Epoch duration: 53.356099844

Epoch 212/1000
Epoch training duration: 6.50252223015
Train	AUC[ROC]: 1.000000	AUC[PR]: 0.999946
Val	AUC[ROC]: 0.705228	AUC[PR]: 0.073790
Epoch evaluation duration: 48.1655828953
Epoch duration: 54.6681051254

Epoch 213/1000
Epoch training duration: 6.72768592834
Train	AUC[ROC]: 1.000000	AUC[PR]: 0.999920
Val	AUC[ROC]: 0.720670	AUC[PR]: 0.082469
Epoch evaluation duration: 41.6860361099
Epoch duration: 48.4137220383

Epoch 214/1000
Epoch training duration: 7.43481397629
Train	AUC[ROC]: 1.000000	AUC[PR]: 0.999946
Val	AUC[ROC]: 0.677089	AUC[PR]: 0.069784
Epoch evaluation duration: 47.8505558968
Epoch duration: 55.285369873

Epoch 215/1000
Epoch training duration: 6.43563699722
Train	AUC[ROC]: 1.000000	AUC[PR]: 0.999864
Val	AUC[ROC]: 0.694339	AUC[PR]: 0.067514
Epoch evaluation duration: 39.0133810043
Epoch duration: 45.4490180016

Epoch 216/1000
Epoch training duration: 6.40370512009
Train	AUC[ROC]: 1.000000	AUC[PR]: 0.999946
Val	AUC[ROC]: 0.657361	AUC[PR]: 0.074217
Epoch evaluation duration: 41.3140759468
Epoch duration: 47.7177810669

Epoch 217/1000
Epoch training duration: 6.94499206543
Train	AUC[ROC]: 1.000000	AUC[PR]: 0.999946
Val	AUC[ROC]: 0.701330	AUC[PR]: 0.084526
Epoch evaluation duration: 49.8769290447
Epoch duration: 56.8219211102

Epoch 218/1000
Epoch training duration: 7.56439685822
Train	AUC[ROC]: 1.000000	AUC[PR]: 0.999801
Val	AUC[ROC]: 0.677889	AUC[PR]: 0.075676
Epoch evaluation duration: 43.5117740631
Epoch duration: 51.0761709213

Epoch 219/1000
Epoch training duration: 6.93478298187
Train	AUC[ROC]: 1.000000	AUC[PR]: 0.999796
Val	AUC[ROC]: 0.643514	AUC[PR]: 0.103235
Epoch evaluation duration: 45.9970350266
Epoch duration: 52.9318180084

Epoch 220/1000
Epoch training duration: 6.63848686218
Train	AUC[ROC]: 1.000000	AUC[PR]: 0.999937
Val	AUC[ROC]: 0.687304	AUC[PR]: 0.111072
Epoch evaluation duration: 42.2830741405
Epoch duration: 48.9215610027

Epoch 221/1000
Epoch training duration: 6.30842089653
Train	AUC[ROC]: 1.000000	AUC[PR]: 0.999683
Val	AUC[ROC]: 0.700980	AUC[PR]: 0.109713
Epoch evaluation duration: 55.382997036
Epoch duration: 61.6914179325

Epoch 222/1000
Epoch training duration: 6.98909306526
Train	AUC[ROC]: 1.000000	AUC[PR]: 0.999740
Val	AUC[ROC]: 0.628339	AUC[PR]: 0.100084
Epoch evaluation duration: 44.6518628597
Epoch duration: 51.640955925

Epoch 223/1000
Epoch training duration: 7.08510708809
Train	AUC[ROC]: 1.000000	AUC[PR]: 0.999902
Val	AUC[ROC]: 0.631421	AUC[PR]: 0.091849
Epoch evaluation duration: 52.0850629807
Epoch duration: 59.1701700687

Epoch 224/1000
Epoch training duration: 6.13492894173
Train	AUC[ROC]: 1.000000	AUC[PR]: 0.999937
Val	AUC[ROC]: 0.642456	AUC[PR]: 0.080794
Epoch evaluation duration: 47.6655240059
Epoch duration: 53.8004529476

Epoch 225/1000
Epoch training duration: 6.81795620918
Train	AUC[ROC]: 1.000000	AUC[PR]: 0.999920
Val	AUC[ROC]: 0.665394	AUC[PR]: 0.099906
Epoch evaluation duration: 41.6824378967
Epoch duration: 48.5003941059

Epoch 226/1000
Epoch training duration: 6.55629301071
Train	AUC[ROC]: 1.000000	AUC[PR]: 0.999929
Val	AUC[ROC]: 0.656361	AUC[PR]: 0.100675
Epoch evaluation duration: 41.3613278866
Epoch duration: 47.9176208973

Epoch 227/1000
Epoch training duration: 6.66244006157
Train	AUC[ROC]: 1.000000	AUC[PR]: 0.999938
Val	AUC[ROC]: 0.674071	AUC[PR]: 0.105138
Epoch evaluation duration: 42.7203779221
Epoch duration: 49.3828179836

Epoch 228/1000
Epoch training duration: 6.1975312233
Train	AUC[ROC]: 1.000000	AUC[PR]: 0.999946
Val	AUC[ROC]: 0.650097	AUC[PR]: 0.103325
Epoch evaluation duration: 53.2952997684
Epoch duration: 59.4928309917

Epoch 229/1000
Epoch training duration: 6.33090019226
Train	AUC[ROC]: 1.000000	AUC[PR]: 0.999912
Val	AUC[ROC]: 0.667386	AUC[PR]: 0.100340
Epoch evaluation duration: 41.6178138256
Epoch duration: 47.9487140179

Epoch 230/1000
Epoch training duration: 6.82400417328
Train	AUC[ROC]: 1.000000	AUC[PR]: 0.999946
Val	AUC[ROC]: 0.699695	AUC[PR]: 0.108302
Epoch evaluation duration: 45.4518530369
Epoch duration: 52.2758572102

Epoch 231/1000
Epoch training duration: 6.534501791
Train	AUC[ROC]: 1.000000	AUC[PR]: 0.999874
Val	AUC[ROC]: 0.724736	AUC[PR]: 0.109755
Epoch evaluation duration: 39.6735830307
Epoch duration: 46.2080848217

train precision: 0.996845698856
train roc: 0.999995819774
train hit in top 2563: 334.0 out of 334.0

val precision: 0.146349471744
val roc: 0.782326463226
val hit in top 427: 28.0 out of 55.0

test precision: 0.29033120861
test roc: 0.913150864695
test hit in top 427: 39.0 out of 55.0

ratio: 0.02, EF: 37.2727272727,	active: 55.0
ratio: 0.02, NEF: 0.745454545455
ratio: 0.01, EF: 70.9090909091,	active: 55.0
ratio: 0.01, NEF: 0.709090909091
ratio: 0.0015, EF: 242.424242424,	active: 55.0
ratio: 0.0015, NEF: 0.363636363636
ratio: 0.001, EF: 272.727272727,	active: 55.0
ratio: 0.001, NEF: 0.357142857143

