label_name_list  [u'PriA-SSB AS Activity']
train files  ['../datasets/keck_pria/fold_0.csv' '../datasets/keck_pria/fold_1.csv'
 '../datasets/keck_pria/fold_2.csv' '../datasets/keck_pria/fold_3.csv'
 '../datasets/keck_pria/fold_4.csv' '../datasets/keck_pria/fold_5.csv'
 '../datasets/keck_pria/fold_6.csv' '../datasets/keck_pria/fold_7.csv']
val files  ['../datasets/keck_pria/fold_8.csv']
test files  ['../datasets/keck_pria/fold_9.csv']
Class Weight  [{0: 1.0, 1: 768.9234234234234}]
Epoch 1/1000
Epoch training duration: 22.4046299458
Train	AUC[ROC]: 0.916410	AUC[PR]: 0.111910
Val	AUC[ROC]: 0.913410	AUC[PR]: 0.058576
Epoch evaluation duration: 177.508933067
Epoch duration: 199.913563013

Epoch 2/1000
Epoch training duration: 19.8764200211
Train	AUC[ROC]: 0.962823	AUC[PR]: 0.133993
Val	AUC[ROC]: 0.933386	AUC[PR]: 0.064521
Epoch evaluation duration: 172.307841063
Epoch duration: 192.184261084

Epoch 3/1000
Epoch training duration: 23.1068649292
Train	AUC[ROC]: 0.981764	AUC[PR]: 0.168830
Val	AUC[ROC]: 0.935030	AUC[PR]: 0.078932
Epoch evaluation duration: 179.203486919
Epoch duration: 202.310351849

Epoch 4/1000
Epoch training duration: 23.5806701183
Train	AUC[ROC]: 0.990553	AUC[PR]: 0.192786
Val	AUC[ROC]: 0.937458	AUC[PR]: 0.083473
Epoch evaluation duration: 174.979988813
Epoch duration: 198.560658932

Epoch 5/1000
Epoch training duration: 21.098908186
Train	AUC[ROC]: 0.993970	AUC[PR]: 0.224646
Val	AUC[ROC]: 0.937074	AUC[PR]: 0.094863
Epoch evaluation duration: 172.632539988
Epoch duration: 193.731448174

Epoch 6/1000
Epoch training duration: 21.1568968296
Train	AUC[ROC]: 0.996203	AUC[PR]: 0.259257
Val	AUC[ROC]: 0.936465	AUC[PR]: 0.104084
Epoch evaluation duration: 169.758110046
Epoch duration: 190.915006876

Epoch 7/1000
Epoch training duration: 20.2615189552
Train	AUC[ROC]: 0.997142	AUC[PR]: 0.290333
Val	AUC[ROC]: 0.927229	AUC[PR]: 0.104216
Epoch evaluation duration: 182.6392591
Epoch duration: 202.900778055

Epoch 8/1000
Epoch training duration: 20.8733489513
Train	AUC[ROC]: 0.997921	AUC[PR]: 0.340082
Val	AUC[ROC]: 0.919826	AUC[PR]: 0.106686
Epoch evaluation duration: 174.193734169
Epoch duration: 195.06708312

Epoch 9/1000
Epoch training duration: 20.5066797733
Train	AUC[ROC]: 0.998506	AUC[PR]: 0.377193
Val	AUC[ROC]: 0.922360	AUC[PR]: 0.116275
Epoch evaluation duration: 177.223472118
Epoch duration: 197.730151892

Epoch 10/1000
Epoch training duration: 21.3851099014
Train	AUC[ROC]: 0.998808	AUC[PR]: 0.424832
Val	AUC[ROC]: 0.913025	AUC[PR]: 0.131997
Epoch evaluation duration: 187.993256092
Epoch duration: 209.378365993

Epoch 11/1000
Epoch training duration: 20.621516943
Train	AUC[ROC]: 0.999032	AUC[PR]: 0.465229
Val	AUC[ROC]: 0.907666	AUC[PR]: 0.126815
Epoch evaluation duration: 176.740885019
Epoch duration: 197.362401962

Epoch 12/1000
Epoch training duration: 22.3929519653
Train	AUC[ROC]: 0.999314	AUC[PR]: 0.525527
Val	AUC[ROC]: 0.913275	AUC[PR]: 0.123517
Epoch evaluation duration: 174.271633148
Epoch duration: 196.664585114

Epoch 13/1000
Epoch training duration: 21.0065658092
Train	AUC[ROC]: 0.999374	AUC[PR]: 0.547706
Val	AUC[ROC]: 0.908338	AUC[PR]: 0.139596
Epoch evaluation duration: 176.489979029
Epoch duration: 197.496544838

Epoch 14/1000
Epoch training duration: 20.6176960468
Train	AUC[ROC]: 0.999431	AUC[PR]: 0.567853
Val	AUC[ROC]: 0.902101	AUC[PR]: 0.137170
Epoch evaluation duration: 177.005218983
Epoch duration: 197.62291503

Epoch 15/1000
Epoch training duration: 20.6663219929
Train	AUC[ROC]: 0.999511	AUC[PR]: 0.600186
Val	AUC[ROC]: 0.893698	AUC[PR]: 0.146385
Epoch evaluation duration: 173.57308507
Epoch duration: 194.239407063

Epoch 16/1000
Epoch training duration: 20.9991400242
Train	AUC[ROC]: 0.999551	AUC[PR]: 0.614115
Val	AUC[ROC]: 0.875707	AUC[PR]: 0.142244
Epoch evaluation duration: 179.008851051
Epoch duration: 200.007991076

Epoch 17/1000
Epoch training duration: 20.2656178474
Train	AUC[ROC]: 0.999621	AUC[PR]: 0.651259
Val	AUC[ROC]: 0.866732	AUC[PR]: 0.154684
Epoch evaluation duration: 152.006309032
Epoch duration: 172.27192688

Epoch 18/1000
Epoch training duration: 18.3943030834
Train	AUC[ROC]: 0.999647	AUC[PR]: 0.668854
Val	AUC[ROC]: 0.870843	AUC[PR]: 0.160075
Epoch evaluation duration: 169.885191917
Epoch duration: 188.279495001

Epoch 19/1000
Epoch training duration: 22.2825570107
Train	AUC[ROC]: 0.999659	AUC[PR]: 0.665519
Val	AUC[ROC]: 0.856896	AUC[PR]: 0.161760
Epoch evaluation duration: 173.825343132
Epoch duration: 196.107900143

Epoch 20/1000
Epoch training duration: 20.9868688583
Train	AUC[ROC]: 0.999705	AUC[PR]: 0.699425
Val	AUC[ROC]: 0.866108	AUC[PR]: 0.160913
Epoch evaluation duration: 173.545356989
Epoch duration: 194.532225847

Epoch 21/1000
Epoch training duration: 22.6675281525
Train	AUC[ROC]: 0.999736	AUC[PR]: 0.715977
Val	AUC[ROC]: 0.859174	AUC[PR]: 0.172881
Epoch evaluation duration: 174.965600967
Epoch duration: 197.63312912

Epoch 22/1000
Epoch training duration: 20.5092618465
Train	AUC[ROC]: 0.999729	AUC[PR]: 0.718498
Val	AUC[ROC]: 0.855954	AUC[PR]: 0.160323
Epoch evaluation duration: 180.035590172
Epoch duration: 200.544852018

Epoch 23/1000
Epoch training duration: 22.1399078369
Train	AUC[ROC]: 0.999782	AUC[PR]: 0.751423
Val	AUC[ROC]: 0.855623	AUC[PR]: 0.158988
Epoch evaluation duration: 175.574522972
Epoch duration: 197.714430809

Epoch 24/1000
Epoch training duration: 21.5421221256
Train	AUC[ROC]: 0.999818	AUC[PR]: 0.782279
Val	AUC[ROC]: 0.843267	AUC[PR]: 0.167005
Epoch evaluation duration: 182.465492964
Epoch duration: 204.007615089

Epoch 25/1000
Epoch training duration: 21.0934269428
Train	AUC[ROC]: 0.999810	AUC[PR]: 0.779960
Val	AUC[ROC]: 0.851006	AUC[PR]: 0.162546
Epoch evaluation duration: 174.660732985
Epoch duration: 195.754159927

Epoch 26/1000
Epoch training duration: 20.7394471169
Train	AUC[ROC]: 0.999836	AUC[PR]: 0.802280
Val	AUC[ROC]: 0.840833	AUC[PR]: 0.160621
Epoch evaluation duration: 177.802244902
Epoch duration: 198.541692019

Epoch 27/1000
Epoch training duration: 21.6109859943
Train	AUC[ROC]: 0.999817	AUC[PR]: 0.792451
Val	AUC[ROC]: 0.819463	AUC[PR]: 0.171847
Epoch evaluation duration: 178.250701189
Epoch duration: 199.861687183

Epoch 28/1000
Epoch training duration: 21.1617679596
Train	AUC[ROC]: 0.999861	AUC[PR]: 0.831830
Val	AUC[ROC]: 0.825079	AUC[PR]: 0.155043
Epoch evaluation duration: 181.605187893
Epoch duration: 202.766955853

Epoch 29/1000
Epoch training duration: 21.8545610905
Train	AUC[ROC]: 0.999862	AUC[PR]: 0.828036
Val	AUC[ROC]: 0.829796	AUC[PR]: 0.163094
Epoch evaluation duration: 173.806591988
Epoch duration: 195.661153078

Epoch 30/1000
Epoch training duration: 20.6549839973
Train	AUC[ROC]: 0.999873	AUC[PR]: 0.846947
Val	AUC[ROC]: 0.826311	AUC[PR]: 0.171317
Epoch evaluation duration: 173.046736002
Epoch duration: 193.701719999

Epoch 31/1000
Epoch training duration: 21.4620809555
Train	AUC[ROC]: 0.999865	AUC[PR]: 0.840594
Val	AUC[ROC]: 0.828405	AUC[PR]: 0.165969
Epoch evaluation duration: 174.246041059
Epoch duration: 195.708122015

Epoch 32/1000
Epoch training duration: 20.9346318245
Train	AUC[ROC]: 0.999884	AUC[PR]: 0.859238
Val	AUC[ROC]: 0.831308	AUC[PR]: 0.168180
Epoch evaluation duration: 172.192269087
Epoch duration: 193.126900911

Epoch 33/1000
Epoch training duration: 21.2717480659
Train	AUC[ROC]: 0.999881	AUC[PR]: 0.858028
Val	AUC[ROC]: 0.824666	AUC[PR]: 0.159979
Epoch evaluation duration: 169.600965977
Epoch duration: 190.872714043

Epoch 34/1000
Epoch training duration: 18.695734024
Train	AUC[ROC]: 0.999921	AUC[PR]: 0.902985
Val	AUC[ROC]: 0.819842	AUC[PR]: 0.159466
Epoch evaluation duration: 154.533562899
Epoch duration: 173.229296923

Epoch 35/1000
Epoch training duration: 17.9425470829
Train	AUC[ROC]: 0.999908	AUC[PR]: 0.878916
Val	AUC[ROC]: 0.834834	AUC[PR]: 0.162846
Epoch evaluation duration: 149.785062075
Epoch duration: 167.727609158

Epoch 36/1000
Epoch training duration: 20.4871997833
Train	AUC[ROC]: 0.999929	AUC[PR]: 0.905394
Val	AUC[ROC]: 0.816060	AUC[PR]: 0.157284
Epoch evaluation duration: 148.802616119
Epoch duration: 169.289815903

Epoch 37/1000
Epoch training duration: 18.7600231171
Train	AUC[ROC]: 0.999908	AUC[PR]: 0.882938
Val	AUC[ROC]: 0.818113	AUC[PR]: 0.154420
Epoch evaluation duration: 150.80657196
Epoch duration: 169.566595078

Epoch 38/1000
Epoch training duration: 18.804569006
Train	AUC[ROC]: 0.999906	AUC[PR]: 0.880285
Val	AUC[ROC]: 0.836829	AUC[PR]: 0.158902
Epoch evaluation duration: 150.559415817
Epoch duration: 169.363984823

Epoch 39/1000
Epoch training duration: 18.9327750206
Train	AUC[ROC]: 0.999936	AUC[PR]: 0.911822
Val	AUC[ROC]: 0.823874	AUC[PR]: 0.153832
Epoch evaluation duration: 149.564121962
Epoch duration: 168.496896982

Epoch 40/1000
Epoch training duration: 18.21778512
Train	AUC[ROC]: 0.999924	AUC[PR]: 0.901027
Val	AUC[ROC]: 0.801193	AUC[PR]: 0.181097
Epoch evaluation duration: 150.277031898
Epoch duration: 168.494817019

Epoch 41/1000
Epoch training duration: 18.7677240372
Train	AUC[ROC]: 0.999940	AUC[PR]: 0.919230
Val	AUC[ROC]: 0.804843	AUC[PR]: 0.151855
Epoch evaluation duration: 147.528187037
Epoch duration: 166.295911074

Epoch 42/1000
Epoch training duration: 19.0338521004
Train	AUC[ROC]: 0.999944	AUC[PR]: 0.928219
Val	AUC[ROC]: 0.813121	AUC[PR]: 0.165719
Epoch evaluation duration: 148.186851025
Epoch duration: 167.220703125

Epoch 43/1000
Epoch training duration: 19.5730538368
Train	AUC[ROC]: 0.999949	AUC[PR]: 0.934094
Val	AUC[ROC]: 0.821564	AUC[PR]: 0.173622
Epoch evaluation duration: 155.043910027
Epoch duration: 174.616963863

Epoch 44/1000
Epoch training duration: 19.0833990574
Train	AUC[ROC]: 0.999949	AUC[PR]: 0.934447
Val	AUC[ROC]: 0.822192	AUC[PR]: 0.171861
Epoch evaluation duration: 146.303787947
Epoch duration: 165.387187004

Epoch 45/1000
Epoch training duration: 19.1763839722
Train	AUC[ROC]: 0.999958	AUC[PR]: 0.943913
Val	AUC[ROC]: 0.816603	AUC[PR]: 0.168571
Epoch evaluation duration: 150.768649101
Epoch duration: 169.945033073

Epoch 46/1000
Epoch training duration: 18.5766940117
Train	AUC[ROC]: 0.999964	AUC[PR]: 0.949434
Val	AUC[ROC]: 0.820537	AUC[PR]: 0.169588
Epoch evaluation duration: 150.506762028
Epoch duration: 169.083456039

Epoch 47/1000
Epoch training duration: 18.6988079548
Train	AUC[ROC]: 0.999967	AUC[PR]: 0.954224
Val	AUC[ROC]: 0.819048	AUC[PR]: 0.158924
Epoch evaluation duration: 151.803701878
Epoch duration: 170.502509832

Epoch 48/1000
Epoch training duration: 19.2567191124
Train	AUC[ROC]: 0.999966	AUC[PR]: 0.953563
Val	AUC[ROC]: 0.809822	AUC[PR]: 0.172594
Epoch evaluation duration: 152.33219409
Epoch duration: 171.588913202

Epoch 49/1000
Epoch training duration: 19.2298219204
Train	AUC[ROC]: 0.999956	AUC[PR]: 0.949076
Val	AUC[ROC]: 0.813232	AUC[PR]: 0.176038
Epoch evaluation duration: 151.103190899
Epoch duration: 170.333012819

Epoch 50/1000
Epoch training duration: 18.3186750412
Train	AUC[ROC]: 0.999976	AUC[PR]: 0.967425
Val	AUC[ROC]: 0.799324	AUC[PR]: 0.158675
Epoch evaluation duration: 152.718588114
Epoch duration: 171.037263155

Epoch 51/1000
Epoch training duration: 19.3679568768
Train	AUC[ROC]: 0.999953	AUC[PR]: 0.942549
Val	AUC[ROC]: 0.824542	AUC[PR]: 0.179416
Epoch evaluation duration: 239.975302935
Epoch duration: 259.343259811

Epoch 52/1000
Epoch training duration: 24.4597561359
Train	AUC[ROC]: 0.999977	AUC[PR]: 0.971738
Val	AUC[ROC]: 0.807438	AUC[PR]: 0.163491
Epoch evaluation duration: 224.703307867
Epoch duration: 249.163064003

Epoch 53/1000
Epoch training duration: 26.5776121616
Train	AUC[ROC]: 0.999956	AUC[PR]: 0.942324
Val	AUC[ROC]: 0.814066	AUC[PR]: 0.144208
Epoch evaluation duration: 223.160895824
Epoch duration: 249.738507986

Epoch 54/1000
Epoch training duration: 25.798803091
Train	AUC[ROC]: 0.999966	AUC[PR]: 0.957079
Val	AUC[ROC]: 0.784105	AUC[PR]: 0.143952
Epoch evaluation duration: 220.362249136
Epoch duration: 246.161052227

Epoch 55/1000
Epoch training duration: 26.892718792
Train	AUC[ROC]: 0.999959	AUC[PR]: 0.947155
Val	AUC[ROC]: 0.804022	AUC[PR]: 0.167234
Epoch evaluation duration: 222.303447008
Epoch duration: 249.1961658

Epoch 56/1000
Epoch training duration: 27.8589739799
Train	AUC[ROC]: 0.999949	AUC[PR]: 0.932663
Val	AUC[ROC]: 0.807601	AUC[PR]: 0.154431
Epoch evaluation duration: 218.107158184
Epoch duration: 245.966132164

Epoch 57/1000
Epoch training duration: 26.4365029335
Train	AUC[ROC]: 0.999961	AUC[PR]: 0.950486
Val	AUC[ROC]: 0.812979	AUC[PR]: 0.146088
Epoch evaluation duration: 220.729886055
Epoch duration: 247.166388988

Epoch 58/1000
Epoch training duration: 26.0914080143
Train	AUC[ROC]: 0.999972	AUC[PR]: 0.963208
Val	AUC[ROC]: 0.814396	AUC[PR]: 0.151446
Epoch evaluation duration: 221.34449482
Epoch duration: 247.435902834

Epoch 59/1000
Epoch training duration: 24.908301115
Train	AUC[ROC]: 0.999969	AUC[PR]: 0.961131
Val	AUC[ROC]: 0.800989	AUC[PR]: 0.163305
Epoch evaluation duration: 222.355038881
Epoch duration: 247.263339996

Epoch 60/1000
Epoch training duration: 26.5929121971
Train	AUC[ROC]: 0.999953	AUC[PR]: 0.941534
Val	AUC[ROC]: 0.836581	AUC[PR]: 0.163472
Epoch evaluation duration: 225.939405918
Epoch duration: 252.532318115

Epoch 61/1000
Epoch training duration: 29.0935468674
Train	AUC[ROC]: 0.999958	AUC[PR]: 0.947558
Val	AUC[ROC]: 0.820860	AUC[PR]: 0.161632
Epoch evaluation duration: 222.653657198
Epoch duration: 251.747204065

Epoch 62/1000
Epoch training duration: 25.8667149544
Train	AUC[ROC]: 0.999977	AUC[PR]: 0.966390
Val	AUC[ROC]: 0.799147	AUC[PR]: 0.149486
Epoch evaluation duration: 221.36864686
Epoch duration: 247.235361814

Epoch 63/1000
Epoch training duration: 27.722463131
Train	AUC[ROC]: 0.999963	AUC[PR]: 0.950618
Val	AUC[ROC]: 0.798159	AUC[PR]: 0.147676
Epoch evaluation duration: 219.627421856
Epoch duration: 247.349884987

Epoch 64/1000
Epoch training duration: 26.7701671124
Train	AUC[ROC]: 0.999973	AUC[PR]: 0.962795
Val	AUC[ROC]: 0.784690	AUC[PR]: 0.143330
Epoch evaluation duration: 221.380659103
Epoch duration: 248.150826216

Epoch 65/1000
Epoch training duration: 26.7843978405
Train	AUC[ROC]: 0.999948	AUC[PR]: 0.932151
Val	AUC[ROC]: 0.795097	AUC[PR]: 0.147307
Epoch evaluation duration: 221.597352982
Epoch duration: 248.381750822

Epoch 66/1000
Epoch training duration: 27.4449701309
Train	AUC[ROC]: 0.999973	AUC[PR]: 0.961500
Val	AUC[ROC]: 0.778785	AUC[PR]: 0.139312
Epoch evaluation duration: 221.523736954
Epoch duration: 248.968707085

Epoch 67/1000
Epoch training duration: 25.6313350201
Train	AUC[ROC]: 0.999967	AUC[PR]: 0.954803
Val	AUC[ROC]: 0.777464	AUC[PR]: 0.156742
Epoch evaluation duration: 223.410063028
Epoch duration: 249.041398048

Epoch 68/1000
Epoch training duration: 24.8861269951
Train	AUC[ROC]: 0.999976	AUC[PR]: 0.967848
Val	AUC[ROC]: 0.807479	AUC[PR]: 0.159823
Epoch evaluation duration: 218.719218016
Epoch duration: 243.605345011

Epoch 69/1000
Epoch training duration: 26.0107228756
Train	AUC[ROC]: 0.999974	AUC[PR]: 0.958316
Val	AUC[ROC]: 0.797002	AUC[PR]: 0.151749
Epoch evaluation duration: 220.195412159
Epoch duration: 246.206135035

Epoch 70/1000
Epoch training duration: 24.6864349842
Train	AUC[ROC]: 0.999979	AUC[PR]: 0.966261
Val	AUC[ROC]: 0.778071	AUC[PR]: 0.137904
Epoch evaluation duration: 222.196467876
Epoch duration: 246.882902861

Epoch 71/1000
Epoch training duration: 25.8133990765
Train	AUC[ROC]: 0.999977	AUC[PR]: 0.965997
Val	AUC[ROC]: 0.780101	AUC[PR]: 0.140019
Epoch evaluation duration: 263.410753012
Epoch duration: 289.224152088

Epoch 72/1000
Epoch training duration: 35.4001810551
Train	AUC[ROC]: 0.999977	AUC[PR]: 0.967030
Val	AUC[ROC]: 0.784097	AUC[PR]: 0.143154
Epoch evaluation duration: 219.478374958
Epoch duration: 254.878556013

Epoch 73/1000
Epoch training duration: 25.4158940315
Train	AUC[ROC]: 0.999978	AUC[PR]: 0.966787
Val	AUC[ROC]: 0.772021	AUC[PR]: 0.129264
Epoch evaluation duration: 222.942305803
Epoch duration: 248.358199835

Epoch 74/1000
Epoch training duration: 26.2936820984
Train	AUC[ROC]: 0.999980	AUC[PR]: 0.967063
Val	AUC[ROC]: 0.771533	AUC[PR]: 0.130081
Epoch evaluation duration: 224.164017916
Epoch duration: 250.457700014

Epoch 75/1000
Epoch training duration: 24.832337141
Train	AUC[ROC]: 0.999982	AUC[PR]: 0.972390
Val	AUC[ROC]: 0.759195	AUC[PR]: 0.128304
Epoch evaluation duration: 215.615015984
Epoch duration: 240.447353125

Epoch 76/1000
Epoch training duration: 26.1576528549
Train	AUC[ROC]: 0.999981	AUC[PR]: 0.973701
Val	AUC[ROC]: 0.794844	AUC[PR]: 0.123682
Epoch evaluation duration: 224.21884203
Epoch duration: 250.376494884

Epoch 77/1000
Epoch training duration: 25.0434429646
Train	AUC[ROC]: 0.999982	AUC[PR]: 0.968993
Val	AUC[ROC]: 0.800154	AUC[PR]: 0.141686
Epoch evaluation duration: 220.906422138
Epoch duration: 245.949865103

Epoch 78/1000
Epoch training duration: 24.2501399517
Train	AUC[ROC]: 0.999984	AUC[PR]: 0.976148
Val	AUC[ROC]: 0.783153	AUC[PR]: 0.145029
Epoch evaluation duration: 220.960724115
Epoch duration: 245.210864067

Epoch 79/1000
Epoch training duration: 26.0889778137
Train	AUC[ROC]: 0.999983	AUC[PR]: 0.974956
Val	AUC[ROC]: 0.780958	AUC[PR]: 0.149101
Epoch evaluation duration: 220.335852146
Epoch duration: 246.42482996

Epoch 80/1000
Epoch training duration: 26.8980369568
Train	AUC[ROC]: 0.999982	AUC[PR]: 0.973872
Val	AUC[ROC]: 0.810893	AUC[PR]: 0.152253
Epoch evaluation duration: 216.10265398
Epoch duration: 243.000690937

Epoch 81/1000
Epoch training duration: 26.1871659756
Train	AUC[ROC]: 0.999981	AUC[PR]: 0.971326
Val	AUC[ROC]: 0.780267	AUC[PR]: 0.149144
Epoch evaluation duration: 225.395167112
Epoch duration: 251.582333088

Epoch 82/1000
Epoch training duration: 25.6036150455
Train	AUC[ROC]: 0.999980	AUC[PR]: 0.970541
Val	AUC[ROC]: 0.775049	AUC[PR]: 0.107011
Epoch evaluation duration: 222.379998922
Epoch duration: 247.983613968

Epoch 83/1000
Epoch training duration: 25.0360510349
Train	AUC[ROC]: 0.999983	AUC[PR]: 0.976106
Val	AUC[ROC]: 0.789919	AUC[PR]: 0.126483
Epoch evaluation duration: 223.773089886
Epoch duration: 248.809140921

Epoch 84/1000
Epoch training duration: 26.0696671009
Train	AUC[ROC]: 0.999987	AUC[PR]: 0.979954
Val	AUC[ROC]: 0.766052	AUC[PR]: 0.125821
Epoch evaluation duration: 222.148224831
Epoch duration: 248.217891932

Epoch 85/1000
Epoch training duration: 25.1923780441
Train	AUC[ROC]: 0.999987	AUC[PR]: 0.979881
Val	AUC[ROC]: 0.758236	AUC[PR]: 0.129030
Epoch evaluation duration: 223.681879997
Epoch duration: 248.874258041

Epoch 86/1000
Epoch training duration: 25.5985651016
Train	AUC[ROC]: 0.999985	AUC[PR]: 0.975177
Val	AUC[ROC]: 0.748192	AUC[PR]: 0.119672
Epoch evaluation duration: 225.586638927
Epoch duration: 251.185204029

Epoch 87/1000
Epoch training duration: 26.1956710815
Train	AUC[ROC]: 0.999982	AUC[PR]: 0.972293
Val	AUC[ROC]: 0.750382	AUC[PR]: 0.109840
Epoch evaluation duration: 216.813853979
Epoch duration: 243.009525061

Epoch 88/1000
Epoch training duration: 25.7807199955
Train	AUC[ROC]: 0.999983	AUC[PR]: 0.973835
Val	AUC[ROC]: 0.739235	AUC[PR]: 0.114048
Epoch evaluation duration: 216.788619995
Epoch duration: 242.569339991

Epoch 89/1000
Epoch training duration: 25.6658420563
Train	AUC[ROC]: 0.999985	AUC[PR]: 0.977671
Val	AUC[ROC]: 0.743449	AUC[PR]: 0.119964
Epoch evaluation duration: 222.295739889
Epoch duration: 247.961581945

Epoch 90/1000
Epoch training duration: 26.4291920662
Train	AUC[ROC]: 0.999988	AUC[PR]: 0.980144
Val	AUC[ROC]: 0.726615	AUC[PR]: 0.120597
Epoch evaluation duration: 223.126329899
Epoch duration: 249.555521965

Epoch 91/1000
Epoch training duration: 25.3021790981
Train	AUC[ROC]: 0.999989	AUC[PR]: 0.984314
Val	AUC[ROC]: 0.742799	AUC[PR]: 0.126119
Epoch evaluation duration: 249.676470995
Epoch duration: 274.978650093

Epoch 92/1000
Epoch training duration: 34.1909098625
Train	AUC[ROC]: 0.999989	AUC[PR]: 0.981482
Val	AUC[ROC]: 0.722582	AUC[PR]: 0.118015
Epoch evaluation duration: 231.533758163
Epoch duration: 265.724668026

Epoch 93/1000
Epoch training duration: 26.5697739124
Train	AUC[ROC]: 0.999984	AUC[PR]: 0.975764
Val	AUC[ROC]: 0.771302	AUC[PR]: 0.125576
Epoch evaluation duration: 218.589437008
Epoch duration: 245.15921092

Epoch 94/1000
Epoch training duration: 26.8499131203
Train	AUC[ROC]: 0.999985	AUC[PR]: 0.977799
Val	AUC[ROC]: 0.720349	AUC[PR]: 0.110902
Epoch evaluation duration: 218.313623905
Epoch duration: 245.163537025

Epoch 95/1000
Epoch training duration: 26.4069569111
Train	AUC[ROC]: 0.999978	AUC[PR]: 0.969443
Val	AUC[ROC]: 0.739635	AUC[PR]: 0.106501
Epoch evaluation duration: 219.123011112
Epoch duration: 245.529968023

Epoch 96/1000
Epoch training duration: 26.3845329285
Train	AUC[ROC]: 0.999976	AUC[PR]: 0.964809
Val	AUC[ROC]: 0.714276	AUC[PR]: 0.098945
Epoch evaluation duration: 225.995819092
Epoch duration: 252.38035202

Epoch 97/1000
Epoch training duration: 25.6201090813
Train	AUC[ROC]: 0.999962	AUC[PR]: 0.948024
Val	AUC[ROC]: 0.794164	AUC[PR]: 0.104217
Epoch evaluation duration: 222.812422991
Epoch duration: 248.432532072

Epoch 98/1000
Epoch training duration: 25.1995170116
Train	AUC[ROC]: 0.999969	AUC[PR]: 0.955702
Val	AUC[ROC]: 0.789753	AUC[PR]: 0.100699
Epoch evaluation duration: 218.568863869
Epoch duration: 243.76838088

Epoch 99/1000
Epoch training duration: 26.3100590706
Train	AUC[ROC]: 0.999972	AUC[PR]: 0.958773
Val	AUC[ROC]: 0.765560	AUC[PR]: 0.098414
Epoch evaluation duration: 216.271924019
Epoch duration: 242.581983089

Epoch 100/1000
Epoch training duration: 26.4190199375
Train	AUC[ROC]: 0.999977	AUC[PR]: 0.963241
Val	AUC[ROC]: 0.779026	AUC[PR]: 0.112148
Epoch evaluation duration: 219.755282879
Epoch duration: 246.174302816

Epoch 101/1000
Epoch training duration: 26.4392011166
Train	AUC[ROC]: 0.999977	AUC[PR]: 0.963546
Val	AUC[ROC]: 0.744101	AUC[PR]: 0.104591
Epoch evaluation duration: 223.899003029
Epoch duration: 250.338204145

Epoch 102/1000
Epoch training duration: 26.5175988674
Train	AUC[ROC]: 0.999979	AUC[PR]: 0.965596
Val	AUC[ROC]: 0.745977	AUC[PR]: 0.108629
Epoch evaluation duration: 221.500391006
Epoch duration: 248.017989874

Epoch 103/1000
Epoch training duration: 26.2718291283
Train	AUC[ROC]: 0.999980	AUC[PR]: 0.968087
Val	AUC[ROC]: 0.740644	AUC[PR]: 0.105669
Epoch evaluation duration: 222.424090862
Epoch duration: 248.695919991

Epoch 104/1000
Epoch training duration: 25.9060151577
Train	AUC[ROC]: 0.999982	AUC[PR]: 0.971020
Val	AUC[ROC]: 0.745020	AUC[PR]: 0.113538
Epoch evaluation duration: 220.129950047
Epoch duration: 246.035965204

Epoch 105/1000
Epoch training duration: 25.8970139027
Train	AUC[ROC]: 0.999985	AUC[PR]: 0.976316
Val	AUC[ROC]: 0.733596	AUC[PR]: 0.110049
Epoch evaluation duration: 221.826029062
Epoch duration: 247.723042965

Epoch 106/1000
Epoch training duration: 25.2261109352
Train	AUC[ROC]: 0.999985	AUC[PR]: 0.976970
Val	AUC[ROC]: 0.741233	AUC[PR]: 0.113405
Epoch evaluation duration: 225.684551954
Epoch duration: 250.910662889

Epoch 107/1000
Epoch training duration: 23.8665370941
Train	AUC[ROC]: 0.999983	AUC[PR]: 0.973542
Val	AUC[ROC]: 0.780211	AUC[PR]: 0.119899
Epoch evaluation duration: 223.821127892
Epoch duration: 247.687664986

Epoch 108/1000
Epoch training duration: 26.0526909828
Train	AUC[ROC]: 0.999981	AUC[PR]: 0.972421
Val	AUC[ROC]: 0.759908	AUC[PR]: 0.111916
Epoch evaluation duration: 218.920920134
Epoch duration: 244.973611116

Epoch 109/1000
Epoch training duration: 26.6546218395
Train	AUC[ROC]: 0.999982	AUC[PR]: 0.972189
Val	AUC[ROC]: 0.758878	AUC[PR]: 0.109408
Epoch evaluation duration: 218.633653164
Epoch duration: 245.288275003

Epoch 110/1000
Epoch training duration: 25.9273059368
Train	AUC[ROC]: 0.999983	AUC[PR]: 0.974336
Val	AUC[ROC]: 0.745373	AUC[PR]: 0.112417
Epoch evaluation duration: 217.142841101
Epoch duration: 243.070147038

Epoch 111/1000
Epoch training duration: 26.2573537827
Train	AUC[ROC]: 0.999976	AUC[PR]: 0.964290
Val	AUC[ROC]: 0.762464	AUC[PR]: 0.116020
Epoch evaluation duration: 228.238202095
Epoch duration: 254.495555878

Epoch 112/1000
Epoch training duration: 35.0310280323
Train	AUC[ROC]: 0.999976	AUC[PR]: 0.964331
Val	AUC[ROC]: 0.768109	AUC[PR]: 0.114054
Epoch evaluation duration: 254.184812069
Epoch duration: 289.215840101

Epoch 113/1000
Epoch training duration: 24.5529768467
Train	AUC[ROC]: 0.999973	AUC[PR]: 0.956868
Val	AUC[ROC]: 0.784518	AUC[PR]: 0.111342
Epoch evaluation duration: 220.296190023
Epoch duration: 244.84916687

Epoch 114/1000
Epoch training duration: 27.0109460354
Train	AUC[ROC]: 0.999975	AUC[PR]: 0.959965
Val	AUC[ROC]: 0.770230	AUC[PR]: 0.116151
Epoch evaluation duration: 220.111081123
Epoch duration: 247.122027159

Epoch 115/1000
Epoch training duration: 26.4862518311
Train	AUC[ROC]: 0.999974	AUC[PR]: 0.958937
Val	AUC[ROC]: 0.766338	AUC[PR]: 0.121989
Epoch evaluation duration: 220.836131096
Epoch duration: 247.322382927

Epoch 116/1000
Epoch training duration: 26.4637069702
Train	AUC[ROC]: 0.999974	AUC[PR]: 0.961306
Val	AUC[ROC]: 0.779334	AUC[PR]: 0.117891
Epoch evaluation duration: 224.543499947
Epoch duration: 251.007206917

Epoch 117/1000
Epoch training duration: 26.1501629353
Train	AUC[ROC]: 0.999976	AUC[PR]: 0.963991
Val	AUC[ROC]: 0.752263	AUC[PR]: 0.107302
Epoch evaluation duration: 218.538817167
Epoch duration: 244.688980103

Epoch 118/1000
Epoch training duration: 26.0412490368
Train	AUC[ROC]: 0.999973	AUC[PR]: 0.958600
Val	AUC[ROC]: 0.768011	AUC[PR]: 0.102635
Epoch evaluation duration: 218.680830956
Epoch duration: 244.722079992

Epoch 119/1000
Epoch training duration: 25.1765570641
Train	AUC[ROC]: 0.999975	AUC[PR]: 0.960760
Val	AUC[ROC]: 0.747276	AUC[PR]: 0.106363
Epoch evaluation duration: 219.402792931
Epoch duration: 244.579349995

Epoch 120/1000
Epoch training duration: 25.1167709827
Train	AUC[ROC]: 0.999977	AUC[PR]: 0.964466
Val	AUC[ROC]: 0.738835	AUC[PR]: 0.099801
Epoch evaluation duration: 218.821219921
Epoch duration: 243.937990904

Epoch 121/1000
Epoch training duration: 26.3052010536
Train	AUC[ROC]: 0.999968	AUC[PR]: 0.952857
Val	AUC[ROC]: 0.791543	AUC[PR]: 0.102184
Epoch evaluation duration: 226.0711689
Epoch duration: 252.376369953

Epoch 122/1000
Epoch training duration: 26.6181931496
Train	AUC[ROC]: 0.999972	AUC[PR]: 0.959035
Val	AUC[ROC]: 0.758271	AUC[PR]: 0.111262
Epoch evaluation duration: 216.733485937
Epoch duration: 243.351679087

Epoch 123/1000
Epoch training duration: 27.1425421238
Train	AUC[ROC]: 0.999975	AUC[PR]: 0.962864
Val	AUC[ROC]: 0.747266	AUC[PR]: 0.109450
Epoch evaluation duration: 220.31840682
Epoch duration: 247.460948944

Epoch 124/1000
Epoch training duration: 25.8428339958
Train	AUC[ROC]: 0.999973	AUC[PR]: 0.960224
Val	AUC[ROC]: 0.767758	AUC[PR]: 0.105920
Epoch evaluation duration: 222.504094124
Epoch duration: 248.34692812

Epoch 125/1000
Epoch training duration: 25.3003509045
Train	AUC[ROC]: 0.999974	AUC[PR]: 0.958202
Val	AUC[ROC]: 0.712440	AUC[PR]: 0.100719
Epoch evaluation duration: 219.229330063
Epoch duration: 244.529680967

Epoch 126/1000
Epoch training duration: 25.858109951
Train	AUC[ROC]: 0.999976	AUC[PR]: 0.960263
Val	AUC[ROC]: 0.709059	AUC[PR]: 0.099808
Epoch evaluation duration: 223.007552147
Epoch duration: 248.865662098

Epoch 127/1000
Epoch training duration: 25.6905457973
Train	AUC[ROC]: 0.999978	AUC[PR]: 0.966552
Val	AUC[ROC]: 0.727486	AUC[PR]: 0.106545
Epoch evaluation duration: 222.520498991
Epoch duration: 248.211044788

Epoch 128/1000
Epoch training duration: 25.5189480782
Train	AUC[ROC]: 0.999980	AUC[PR]: 0.968259
Val	AUC[ROC]: 0.706194	AUC[PR]: 0.104401
Epoch evaluation duration: 216.248795986
Epoch duration: 241.767744064

Epoch 129/1000
Epoch training duration: 26.4958910942
Train	AUC[ROC]: 0.999983	AUC[PR]: 0.973625
Val	AUC[ROC]: 0.713677	AUC[PR]: 0.112477
Epoch evaluation duration: 220.208889008
Epoch duration: 246.704780102

Epoch 130/1000
Epoch training duration: 26.5429010391
Train	AUC[ROC]: 0.999983	AUC[PR]: 0.974706
Val	AUC[ROC]: 0.706685	AUC[PR]: 0.110560
Epoch evaluation duration: 222.54962182
Epoch duration: 249.09252286

Epoch 131/1000
Epoch training duration: 26.7150239944
Train	AUC[ROC]: 0.999981	AUC[PR]: 0.970006
Val	AUC[ROC]: 0.682378	AUC[PR]: 0.104614
Epoch evaluation duration: 220.137506008
Epoch duration: 246.852530003

Epoch 132/1000
Epoch training duration: 26.4176681042
Train	AUC[ROC]: 0.999983	AUC[PR]: 0.974138
Val	AUC[ROC]: 0.723637	AUC[PR]: 0.118875
Epoch evaluation duration: 265.839901924
Epoch duration: 292.257570028

Epoch 133/1000
Epoch training duration: 25.008341074
Train	AUC[ROC]: 0.999980	AUC[PR]: 0.969057
Val	AUC[ROC]: 0.704500	AUC[PR]: 0.103266
Epoch evaluation duration: 221.541638851
Epoch duration: 246.549979925

Epoch 134/1000
Epoch training duration: 24.6777729988
Train	AUC[ROC]: 0.999981	AUC[PR]: 0.972310
Val	AUC[ROC]: 0.758857	AUC[PR]: 0.110592
Epoch evaluation duration: 218.022629023
Epoch duration: 242.700402021

Epoch 135/1000
Epoch training duration: 26.3131480217
Train	AUC[ROC]: 0.999981	AUC[PR]: 0.971067
Val	AUC[ROC]: 0.731620	AUC[PR]: 0.109910
Epoch evaluation duration: 222.143496037
Epoch duration: 248.456644058

Epoch 136/1000
Epoch training duration: 25.5578429699
Train	AUC[ROC]: 0.999981	AUC[PR]: 0.970752
Val	AUC[ROC]: 0.695936	AUC[PR]: 0.103162
Epoch evaluation duration: 224.751966953
Epoch duration: 250.309809923

Epoch 137/1000
Epoch training duration: 25.3572180271
Train	AUC[ROC]: 0.999982	AUC[PR]: 0.971974
Val	AUC[ROC]: 0.701726	AUC[PR]: 0.106865
Epoch evaluation duration: 221.467293024
Epoch duration: 246.824511051

Epoch 138/1000
Epoch training duration: 26.7255120277
Train	AUC[ROC]: 0.999980	AUC[PR]: 0.969242
Val	AUC[ROC]: 0.745919	AUC[PR]: 0.108824
Epoch evaluation duration: 217.251852036
Epoch duration: 243.977364063

Epoch 139/1000
Epoch training duration: 24.9316968918
Train	AUC[ROC]: 0.999979	AUC[PR]: 0.966697
Val	AUC[ROC]: 0.698865	AUC[PR]: 0.102059
Epoch evaluation duration: 219.358734131
Epoch duration: 244.290431023

Epoch 140/1000
Epoch training duration: 26.0470168591
Train	AUC[ROC]: 0.999978	AUC[PR]: 0.967401
Val	AUC[ROC]: 0.721211	AUC[PR]: 0.096826
Epoch evaluation duration: 221.371713161
Epoch duration: 247.418730021

Epoch 141/1000
Epoch training duration: 25.0680320263
Train	AUC[ROC]: 0.999980	AUC[PR]: 0.969978
Val	AUC[ROC]: 0.712856	AUC[PR]: 0.097595
Epoch evaluation duration: 227.824755907
Epoch duration: 252.892787933

Epoch 142/1000
Epoch training duration: 24.6652860641
Train	AUC[ROC]: 0.999980	AUC[PR]: 0.968509
Val	AUC[ROC]: 0.696221	AUC[PR]: 0.103345
Epoch evaluation duration: 220.139843941
Epoch duration: 244.805130005

Epoch 143/1000
Epoch training duration: 25.4596619606
Train	AUC[ROC]: 0.999982	AUC[PR]: 0.972921
Val	AUC[ROC]: 0.700049	AUC[PR]: 0.101414
Epoch evaluation duration: 216.824455976
Epoch duration: 242.284117937

Epoch 144/1000
Epoch training duration: 27.0401799679
Train	AUC[ROC]: 0.999980	AUC[PR]: 0.969102
Val	AUC[ROC]: 0.680029	AUC[PR]: 0.100464
Epoch evaluation duration: 218.945657015
Epoch duration: 245.985836983

Epoch 145/1000
Epoch training duration: 24.7337009907
Train	AUC[ROC]: 0.999979	AUC[PR]: 0.968484
Val	AUC[ROC]: 0.675110	AUC[PR]: 0.100081
Epoch evaluation duration: 218.459422112
Epoch duration: 243.193123102

Epoch 146/1000
Epoch training duration: 26.8740720749
Train	AUC[ROC]: 0.999980	AUC[PR]: 0.970024
Val	AUC[ROC]: 0.678205	AUC[PR]: 0.101878
Epoch evaluation duration: 221.52828598
Epoch duration: 248.402358055

Epoch 147/1000
Epoch training duration: 27.1327469349
Train	AUC[ROC]: 0.999980	AUC[PR]: 0.970011
Val	AUC[ROC]: 0.677921	AUC[PR]: 0.103991
Epoch evaluation duration: 221.050681114
Epoch duration: 248.183428049

Epoch 148/1000
Epoch training duration: 24.7655658722
Train	AUC[ROC]: 0.999980	AUC[PR]: 0.970311
Val	AUC[ROC]: 0.699296	AUC[PR]: 0.098142
Epoch evaluation duration: 220.911010027
Epoch duration: 245.676575899

Epoch 149/1000
Epoch training duration: 25.7003469467
Train	AUC[ROC]: 0.999980	AUC[PR]: 0.970391
Val	AUC[ROC]: 0.660660	AUC[PR]: 0.099697
Epoch evaluation duration: 217.763612032
Epoch duration: 243.463958979

Epoch 150/1000
Epoch training duration: 27.2442800999
Train	AUC[ROC]: 0.999981	AUC[PR]: 0.971662
Val	AUC[ROC]: 0.719530	AUC[PR]: 0.093858
Epoch evaluation duration: 220.064415932
Epoch duration: 247.308696032

Epoch 151/1000
Epoch training duration: 26.3227820396
Train	AUC[ROC]: 0.999980	AUC[PR]: 0.969818
Val	AUC[ROC]: 0.747299	AUC[PR]: 0.092034
Epoch evaluation duration: 221.013217926
Epoch duration: 247.335999966

Epoch 152/1000
Epoch training duration: 25.6797540188
Train	AUC[ROC]: 0.999975	AUC[PR]: 0.961357
Val	AUC[ROC]: 0.711927	AUC[PR]: 0.079437
Epoch evaluation duration: 274.875989914
Epoch duration: 300.555743933

Epoch 153/1000
Epoch training duration: 26.0335481167
Train	AUC[ROC]: 0.999963	AUC[PR]: 0.953093
Val	AUC[ROC]: 0.730910	AUC[PR]: 0.068216
Epoch evaluation duration: 221.645061016
Epoch duration: 247.678609133

Epoch 154/1000
Epoch training duration: 25.4117410183
Train	AUC[ROC]: 0.997364	AUC[PR]: 0.841175
Val	AUC[ROC]: 0.799432	AUC[PR]: 0.051646
Epoch evaluation duration: 220.921356916
Epoch duration: 246.333097935

Epoch 155/1000
Epoch training duration: 25.5445311069
Train	AUC[ROC]: 0.997766	AUC[PR]: 0.914919
Val	AUC[ROC]: 0.806008	AUC[PR]: 0.071017
Epoch evaluation duration: 219.719394922
Epoch duration: 245.263926029

Epoch 156/1000
Epoch training duration: 26.3535830975
Train	AUC[ROC]: 0.997903	AUC[PR]: 0.933246
Val	AUC[ROC]: 0.795056	AUC[PR]: 0.085326
Epoch evaluation duration: 221.949950933
Epoch duration: 248.303534031

Epoch 157/1000
Epoch training duration: 29.7480690479
Train	AUC[ROC]: 0.997947	AUC[PR]: 0.940007
Val	AUC[ROC]: 0.792588	AUC[PR]: 0.095518
Epoch evaluation duration: 220.710775852
Epoch duration: 250.4588449

Epoch 158/1000
Epoch training duration: 28.222233057
Train	AUC[ROC]: 0.999940	AUC[PR]: 0.946693
Val	AUC[ROC]: 0.787260	AUC[PR]: 0.098539
Epoch evaluation duration: 216.518661022
Epoch duration: 244.740894079

Epoch 159/1000
Epoch training duration: 25.8522820473
Train	AUC[ROC]: 0.999966	AUC[PR]: 0.946591
Val	AUC[ROC]: 0.778172	AUC[PR]: 0.096097
Epoch evaluation duration: 221.261478901
Epoch duration: 247.113760948

Epoch 160/1000
Epoch training duration: 25.9717891216
Train	AUC[ROC]: 0.999968	AUC[PR]: 0.952846
Val	AUC[ROC]: 0.771315	AUC[PR]: 0.097383
Epoch evaluation duration: 223.135879993
Epoch duration: 249.107669115

Epoch 161/1000
Epoch training duration: 25.7098288536
Train	AUC[ROC]: 0.999969	AUC[PR]: 0.953552
Val	AUC[ROC]: 0.765191	AUC[PR]: 0.096350
Epoch evaluation duration: 223.567526102
Epoch duration: 249.277354956

Epoch 162/1000
Epoch training duration: 27.1860029697
Train	AUC[ROC]: 0.999971	AUC[PR]: 0.957381
Val	AUC[ROC]: 0.764296	AUC[PR]: 0.104590
Epoch evaluation duration: 225.033694983
Epoch duration: 252.219697952

Epoch 163/1000
Epoch training duration: 25.9773879051
Train	AUC[ROC]: 0.999970	AUC[PR]: 0.956491
Val	AUC[ROC]: 0.767631	AUC[PR]: 0.107137
Epoch evaluation duration: 220.706519127
Epoch duration: 246.683907032

Epoch 164/1000
Epoch training duration: 26.4693539143
Train	AUC[ROC]: 0.999971	AUC[PR]: 0.956251
Val	AUC[ROC]: 0.760390	AUC[PR]: 0.110888
Epoch evaluation duration: 219.603453159
Epoch duration: 246.072807074

Epoch 165/1000
Epoch training duration: 26.2166469097
Train	AUC[ROC]: 0.999973	AUC[PR]: 0.960298
Val	AUC[ROC]: 0.754539	AUC[PR]: 0.111565
Epoch evaluation duration: 218.8672719
Epoch duration: 245.08391881

Epoch 166/1000
Epoch training duration: 26.5940279961
Train	AUC[ROC]: 0.999975	AUC[PR]: 0.962622
Val	AUC[ROC]: 0.735281	AUC[PR]: 0.105365
Epoch evaluation duration: 221.977163076
Epoch duration: 248.571191072

Epoch 167/1000
Epoch training duration: 26.5675270557
Train	AUC[ROC]: 0.999978	AUC[PR]: 0.967486
Val	AUC[ROC]: 0.733655	AUC[PR]: 0.106708
Epoch evaluation duration: 225.681243896
Epoch duration: 252.248770952

Epoch 168/1000
Epoch training duration: 27.4907641411
Train	AUC[ROC]: 0.999976	AUC[PR]: 0.963812
Val	AUC[ROC]: 0.749611	AUC[PR]: 0.109604
Epoch evaluation duration: 217.823381901
Epoch duration: 245.314146042

Epoch 169/1000
Epoch training duration: 26.6378560066
Train	AUC[ROC]: 0.999981	AUC[PR]: 0.973160
Val	AUC[ROC]: 0.724752	AUC[PR]: 0.107088
Epoch evaluation duration: 220.209199905
Epoch duration: 246.847055912

Epoch 170/1000
Epoch training duration: 26.2922730446
Train	AUC[ROC]: 0.999983	AUC[PR]: 0.975172
Val	AUC[ROC]: 0.718234	AUC[PR]: 0.100163
Epoch evaluation duration: 220.342008114
Epoch duration: 246.634281158

Epoch 171/1000
Epoch training duration: 25.3985929489
Train	AUC[ROC]: 0.999980	AUC[PR]: 0.970463
Val	AUC[ROC]: 0.731762	AUC[PR]: 0.103600
Epoch evaluation duration: 220.061491013
Epoch duration: 245.460083961

Epoch 172/1000
Epoch training duration: 25.0376260281
Train	AUC[ROC]: 0.999981	AUC[PR]: 0.971782
Val	AUC[ROC]: 0.714492	AUC[PR]: 0.096744
Epoch evaluation duration: 271.577265978
Epoch duration: 296.614892006

Epoch 173/1000
Epoch training duration: 30.2704510689
Train	AUC[ROC]: 0.999983	AUC[PR]: 0.973968
Val	AUC[ROC]: 0.707332	AUC[PR]: 0.096000
Epoch evaluation duration: 219.839399815
Epoch duration: 250.109850883

Epoch 174/1000
Epoch training duration: 26.9679269791
Train	AUC[ROC]: 0.999978	AUC[PR]: 0.967173
Val	AUC[ROC]: 0.746850	AUC[PR]: 0.089765
Epoch evaluation duration: 207.573472023
Epoch duration: 234.541399002

Epoch 175/1000
Epoch training duration: 21.6635980606
Train	AUC[ROC]: 0.999983	AUC[PR]: 0.973789
Val	AUC[ROC]: 0.709710	AUC[PR]: 0.087004
Epoch evaluation duration: 172.616387129
Epoch duration: 194.279985189

Epoch 176/1000
Epoch training duration: 21.5998868942
Train	AUC[ROC]: 0.999980	AUC[PR]: 0.972588
Val	AUC[ROC]: 0.750882	AUC[PR]: 0.089016
Epoch evaluation duration: 174.411365986
Epoch duration: 196.01125288

Epoch 177/1000
Epoch training duration: 21.48102808
Train	AUC[ROC]: 0.999983	AUC[PR]: 0.976195
Val	AUC[ROC]: 0.722220	AUC[PR]: 0.089943
Epoch evaluation duration: 177.669736862
Epoch duration: 199.150764942

Epoch 178/1000
Epoch training duration: 20.8233580589
Train	AUC[ROC]: 0.999985	AUC[PR]: 0.979267
Val	AUC[ROC]: 0.731339	AUC[PR]: 0.092903
Epoch evaluation duration: 175.388235092
Epoch duration: 196.211593151

Epoch 179/1000
Epoch training duration: 21.7310450077
Train	AUC[ROC]: 0.999985	AUC[PR]: 0.978590
Val	AUC[ROC]: 0.719152	AUC[PR]: 0.091839
Epoch evaluation duration: 175.913661957
Epoch duration: 197.644706964

Epoch 180/1000
Epoch training duration: 21.9747300148
Train	AUC[ROC]: 0.999986	AUC[PR]: 0.978416
Val	AUC[ROC]: 0.713981	AUC[PR]: 0.096175
Epoch evaluation duration: 172.809036016
Epoch duration: 194.783766031

Epoch 181/1000
Epoch training duration: 21.1954498291
Train	AUC[ROC]: 0.999987	AUC[PR]: 0.979119
Val	AUC[ROC]: 0.704068	AUC[PR]: 0.097389
Epoch evaluation duration: 175.190564156
Epoch duration: 196.386013985

Epoch 182/1000
Epoch training duration: 21.8014290333
Train	AUC[ROC]: 0.999987	AUC[PR]: 0.980451
Val	AUC[ROC]: 0.709964	AUC[PR]: 0.093484
Epoch evaluation duration: 171.508390903
Epoch duration: 193.309819937

Epoch 183/1000
Epoch training duration: 21.5490419865
Train	AUC[ROC]: 0.999989	AUC[PR]: 0.982856
Val	AUC[ROC]: 0.698825	AUC[PR]: 0.092126
Epoch evaluation duration: 174.484820127
Epoch duration: 196.033862114

Epoch 184/1000
Epoch training duration: 21.4347009659
Train	AUC[ROC]: 0.999987	AUC[PR]: 0.979356
Val	AUC[ROC]: 0.683474	AUC[PR]: 0.091735
Epoch evaluation duration: 177.290952921
Epoch duration: 198.725653887

Epoch 185/1000
Epoch training duration: 21.9062230587
Train	AUC[ROC]: 0.999987	AUC[PR]: 0.980735
Val	AUC[ROC]: 0.696504	AUC[PR]: 0.098530
Epoch evaluation duration: 174.223019838
Epoch duration: 196.129242897

Epoch 186/1000
Epoch training duration: 22.0237932205
Train	AUC[ROC]: 0.999987	AUC[PR]: 0.979396
Val	AUC[ROC]: 0.692903	AUC[PR]: 0.095015
Epoch evaluation duration: 171.834352016
Epoch duration: 193.858145237

Epoch 187/1000
Epoch training duration: 22.1488008499
Train	AUC[ROC]: 0.999987	AUC[PR]: 0.980833
Val	AUC[ROC]: 0.729465	AUC[PR]: 0.106753
Epoch evaluation duration: 173.219874144
Epoch duration: 195.368674994

Epoch 188/1000
Epoch training duration: 22.3760550022
Train	AUC[ROC]: 0.999988	AUC[PR]: 0.982754
Val	AUC[ROC]: 0.740959	AUC[PR]: 0.089998
Epoch evaluation duration: 172.887082815
Epoch duration: 195.263137817

Epoch 189/1000
Epoch training duration: 21.5135941505
Train	AUC[ROC]: 0.999982	AUC[PR]: 0.973368
Val	AUC[ROC]: 0.716664	AUC[PR]: 0.082802
Epoch evaluation duration: 171.997849941
Epoch duration: 193.511444092

Epoch 190/1000
Epoch training duration: 22.5698280334
Train	AUC[ROC]: 0.999981	AUC[PR]: 0.971172
Val	AUC[ROC]: 0.691143	AUC[PR]: 0.084271
Epoch evaluation duration: 177.715487003
Epoch duration: 200.285315037

Epoch 191/1000
Epoch training duration: 22.2176909447
Train	AUC[ROC]: 0.999981	AUC[PR]: 0.971768
Val	AUC[ROC]: 0.688682	AUC[PR]: 0.078923
Epoch evaluation duration: 174.393512964
Epoch duration: 196.611203909

Epoch 192/1000
Epoch training duration: 21.1612870693
Train	AUC[ROC]: 0.999983	AUC[PR]: 0.974155
Val	AUC[ROC]: 0.669989	AUC[PR]: 0.081038
Epoch evaluation duration: 173.603776932
Epoch duration: 194.765064001

Epoch 193/1000
Epoch training duration: 21.9664540291
Train	AUC[ROC]: 0.999984	AUC[PR]: 0.975754
Val	AUC[ROC]: 0.675012	AUC[PR]: 0.084571
Epoch evaluation duration: 173.081420898
Epoch duration: 195.047874928

Epoch 194/1000
Epoch training duration: 21.4286990166
Train	AUC[ROC]: 0.999984	AUC[PR]: 0.975049
Val	AUC[ROC]: 0.681596	AUC[PR]: 0.088287
Epoch evaluation duration: 172.60643816
Epoch duration: 194.035137177

Epoch 195/1000
Epoch training duration: 21.7241158485
Train	AUC[ROC]: 0.999982	AUC[PR]: 0.973661
Val	AUC[ROC]: 0.723169	AUC[PR]: 0.095692
Epoch evaluation duration: 172.941469193
Epoch duration: 194.665585041

Epoch 196/1000
Epoch training duration: 22.1269807816
Train	AUC[ROC]: 0.999981	AUC[PR]: 0.972035
Val	AUC[ROC]: 0.724467	AUC[PR]: 0.092219
Epoch evaluation duration: 176.40775919
Epoch duration: 198.534739971

Epoch 197/1000
Epoch training duration: 23.2024929523
Train	AUC[ROC]: 0.999982	AUC[PR]: 0.973669
Val	AUC[ROC]: 0.725991	AUC[PR]: 0.096346
Epoch evaluation duration: 205.19884491
Epoch duration: 228.401337862

Epoch 198/1000
Epoch training duration: 26.0054240227
Train	AUC[ROC]: 0.999983	AUC[PR]: 0.974421
Val	AUC[ROC]: 0.714048	AUC[PR]: 0.093514
Epoch evaluation duration: 171.962027073
Epoch duration: 197.967451096

Epoch 199/1000
Epoch training duration: 21.6697850227
Train	AUC[ROC]: 0.999982	AUC[PR]: 0.972814
Val	AUC[ROC]: 0.701358	AUC[PR]: 0.098670
Epoch evaluation duration: 175.476673841
Epoch duration: 197.146458864

Epoch 200/1000
Epoch training duration: 21.561519146
Train	AUC[ROC]: 0.999983	AUC[PR]: 0.974652
Val	AUC[ROC]: 0.692450	AUC[PR]: 0.093883
Epoch evaluation duration: 173.63766098
Epoch duration: 195.199180126

Epoch 201/1000
Epoch training duration: 22.4766499996
Train	AUC[ROC]: 0.999984	AUC[PR]: 0.976095
Val	AUC[ROC]: 0.694929	AUC[PR]: 0.083649
Epoch evaluation duration: 172.727633953
Epoch duration: 195.204283953

Epoch 202/1000
Epoch training duration: 22.190789938
Train	AUC[ROC]: 0.999982	AUC[PR]: 0.972697
Val	AUC[ROC]: 0.696352	AUC[PR]: 0.084821
Epoch evaluation duration: 174.245728016
Epoch duration: 196.436517954

Epoch 203/1000
Epoch training duration: 21.7425160408
Train	AUC[ROC]: 0.999978	AUC[PR]: 0.968085
Val	AUC[ROC]: 0.750781	AUC[PR]: 0.059378
Epoch evaluation duration: 173.654623032
Epoch duration: 195.397139072

Epoch 204/1000
Epoch training duration: 21.6264619827
Train	AUC[ROC]: 0.999979	AUC[PR]: 0.968035
Val	AUC[ROC]: 0.754051	AUC[PR]: 0.065052
Epoch evaluation duration: 171.784446001
Epoch duration: 193.410907984

Epoch 205/1000
Epoch training duration: 21.2883460522
Train	AUC[ROC]: 0.999980	AUC[PR]: 0.970012
Val	AUC[ROC]: 0.745099	AUC[PR]: 0.057896
Epoch evaluation duration: 174.027144909
Epoch duration: 195.315490961

Epoch 206/1000
Epoch training duration: 21.0411250591
Train	AUC[ROC]: 0.999981	AUC[PR]: 0.971011
Val	AUC[ROC]: 0.730135	AUC[PR]: 0.070125
Epoch evaluation duration: 175.535181046
Epoch duration: 196.576306105

Epoch 207/1000
Epoch training duration: 21.8459379673
Train	AUC[ROC]: 0.999979	AUC[PR]: 0.968852
Val	AUC[ROC]: 0.731587	AUC[PR]: 0.075064
Epoch evaluation duration: 173.005409002
Epoch duration: 194.85134697

Epoch 208/1000
Epoch training duration: 21.2278778553
Train	AUC[ROC]: 0.999982	AUC[PR]: 0.973064
Val	AUC[ROC]: 0.711667	AUC[PR]: 0.073431
Epoch evaluation duration: 175.687021017
Epoch duration: 196.914898872

Epoch 209/1000
Epoch training duration: 21.7410709858
Train	AUC[ROC]: 0.999981	AUC[PR]: 0.970035
Val	AUC[ROC]: 0.702442	AUC[PR]: 0.081482
Epoch evaluation duration: 177.387220144
Epoch duration: 199.12829113

Epoch 210/1000
Epoch training duration: 21.5495860577
Train	AUC[ROC]: 0.999982	AUC[PR]: 0.973158
Val	AUC[ROC]: 0.688919	AUC[PR]: 0.077316
Epoch evaluation duration: 174.535809994
Epoch duration: 196.085396051

Epoch 211/1000
Epoch training duration: 22.2556519508
Train	AUC[ROC]: 0.999983	AUC[PR]: 0.974442
Val	AUC[ROC]: 0.695798	AUC[PR]: 0.077653
Epoch evaluation duration: 171.778320074
Epoch duration: 194.033972025

Epoch 212/1000
Epoch training duration: 22.4456119537
Train	AUC[ROC]: 0.999984	AUC[PR]: 0.976491
Val	AUC[ROC]: 0.718364	AUC[PR]: 0.077942
Epoch evaluation duration: 172.044406891
Epoch duration: 194.490018845

Epoch 213/1000
Epoch training duration: 22.1495881081
Train	AUC[ROC]: 0.999982	AUC[PR]: 0.973341
Val	AUC[ROC]: 0.718094	AUC[PR]: 0.075681
Epoch evaluation duration: 172.497622013
Epoch duration: 194.647210121

Epoch 214/1000
Epoch training duration: 21.6014018059
Train	AUC[ROC]: 0.999983	AUC[PR]: 0.974232
Val	AUC[ROC]: 0.747564	AUC[PR]: 0.081434
Epoch evaluation duration: 177.505015135
Epoch duration: 199.106416941

Epoch 215/1000
Epoch training duration: 21.9424419403
Train	AUC[ROC]: 0.999982	AUC[PR]: 0.972714
Val	AUC[ROC]: 0.700527	AUC[PR]: 0.074114
Epoch evaluation duration: 171.737827063
Epoch duration: 193.680269003

Epoch 216/1000
Epoch training duration: 21.8381390572
Train	AUC[ROC]: 0.999983	AUC[PR]: 0.974590
Val	AUC[ROC]: 0.722105	AUC[PR]: 0.074758
Epoch evaluation duration: 176.969867945
Epoch duration: 198.808007002

Epoch 217/1000
Epoch training duration: 22.2549960613
Train	AUC[ROC]: 0.999983	AUC[PR]: 0.973703
Val	AUC[ROC]: 0.704827	AUC[PR]: 0.072846
Epoch evaluation duration: 173.050477982
Epoch duration: 195.305474043

Epoch 218/1000
Epoch training duration: 21.6703388691
Train	AUC[ROC]: 0.999982	AUC[PR]: 0.972244
Val	AUC[ROC]: 0.708926	AUC[PR]: 0.078590
Epoch evaluation duration: 173.800405025
Epoch duration: 195.470743895

Epoch 219/1000
Epoch training duration: 22.2839500904
Train	AUC[ROC]: 0.999983	AUC[PR]: 0.973921
Val	AUC[ROC]: 0.702418	AUC[PR]: 0.076506
Epoch evaluation duration: 172.766232967
Epoch duration: 195.050183058

Epoch 220/1000
Epoch training duration: 21.8224339485
Train	AUC[ROC]: 0.999983	AUC[PR]: 0.974506
Val	AUC[ROC]: 0.698651	AUC[PR]: 0.077344
Epoch evaluation duration: 171.867038012
Epoch duration: 193.68947196

Epoch 221/1000
Epoch training duration: 21.6050200462
Train	AUC[ROC]: 0.999983	AUC[PR]: 0.974535
Val	AUC[ROC]: 0.722174	AUC[PR]: 0.085431
Epoch evaluation duration: 175.013114929
Epoch duration: 196.618134975

Epoch 222/1000
Epoch training duration: 21.0526340008
Train	AUC[ROC]: 0.999983	AUC[PR]: 0.974400
Val	AUC[ROC]: 0.682321	AUC[PR]: 0.081927
Epoch evaluation duration: 163.880146027
Epoch duration: 184.932780027

Epoch 223/1000
Epoch training duration: 19.6992099285
Train	AUC[ROC]: 0.999984	AUC[PR]: 0.976127
Val	AUC[ROC]: 0.688421	AUC[PR]: 0.081492
Epoch evaluation duration: 201.626819134
Epoch duration: 221.326029062

Epoch 224/1000
Epoch training duration: 20.6148049831
Train	AUC[ROC]: 0.999982	AUC[PR]: 0.972247
Val	AUC[ROC]: 0.674980	AUC[PR]: 0.082972
Epoch evaluation duration: 177.89684701
Epoch duration: 198.511651993

Epoch 225/1000
Epoch training duration: 21.3364770412
Train	AUC[ROC]: 0.999983	AUC[PR]: 0.973897
Val	AUC[ROC]: 0.673076	AUC[PR]: 0.081691
Epoch evaluation duration: 175.292153835
Epoch duration: 196.628630877

Epoch 226/1000
Epoch training duration: 21.4654610157
Train	AUC[ROC]: 0.999983	AUC[PR]: 0.974294
Val	AUC[ROC]: 0.688340	AUC[PR]: 0.085470
Epoch evaluation duration: 174.186865091
Epoch duration: 195.652326107

Epoch 227/1000
Epoch training duration: 21.0806219578
Train	AUC[ROC]: 0.999983	AUC[PR]: 0.973896
Val	AUC[ROC]: 0.674682	AUC[PR]: 0.082532
Epoch evaluation duration: 173.767545938
Epoch duration: 194.848167896

Epoch 228/1000
Epoch training duration: 21.6317191124
Train	AUC[ROC]: 0.999981	AUC[PR]: 0.971715
Val	AUC[ROC]: 0.677802	AUC[PR]: 0.079357
Epoch evaluation duration: 177.54886508
Epoch duration: 199.180584192

Epoch 229/1000
Epoch training duration: 23.1401638985
Train	AUC[ROC]: 0.999984	AUC[PR]: 0.975796
Val	AUC[ROC]: 0.672355	AUC[PR]: 0.078117
Epoch evaluation duration: 176.156574011
Epoch duration: 199.296737909

Epoch 230/1000
Epoch training duration: 21.4096560478
Train	AUC[ROC]: 0.999982	AUC[PR]: 0.973158
Val	AUC[ROC]: 0.722444	AUC[PR]: 0.084624
Epoch evaluation duration: 176.19301796
Epoch duration: 197.602674007

Epoch 231/1000
Epoch training duration: 21.7100629807
Train	AUC[ROC]: 0.999979	AUC[PR]: 0.968449
Val	AUC[ROC]: 0.741747	AUC[PR]: 0.070669
Epoch evaluation duration: 174.781450033
Epoch duration: 196.491513014

Epoch 232/1000
Epoch training duration: 22.8827440739
Train	AUC[ROC]: 0.999979	AUC[PR]: 0.968937
Val	AUC[ROC]: 0.693405	AUC[PR]: 0.076918
Epoch evaluation duration: 176.265194893
Epoch duration: 199.147938967

Epoch 233/1000
Epoch training duration: 22.5719630718
Train	AUC[ROC]: 0.999981	AUC[PR]: 0.971732
Val	AUC[ROC]: 0.708635	AUC[PR]: 0.084556
Epoch evaluation duration: 172.533043861
Epoch duration: 195.105006933

Epoch 234/1000
Epoch training duration: 22.116533041
Train	AUC[ROC]: 0.999981	AUC[PR]: 0.971187
Val	AUC[ROC]: 0.710085	AUC[PR]: 0.078363
Epoch evaluation duration: 177.360645056
Epoch duration: 199.477178097

Epoch 235/1000
Epoch training duration: 21.4745490551
Train	AUC[ROC]: 0.999982	AUC[PR]: 0.972636
Val	AUC[ROC]: 0.729977	AUC[PR]: 0.068567
Epoch evaluation duration: 178.760464907
Epoch duration: 200.235013962

Epoch 236/1000
Epoch training duration: 20.7673110962
Train	AUC[ROC]: 0.999982	AUC[PR]: 0.972595
Val	AUC[ROC]: 0.688858	AUC[PR]: 0.076363
Epoch evaluation duration: 173.918721914
Epoch duration: 194.68603301

Epoch 237/1000
Epoch training duration: 21.6030259132
Train	AUC[ROC]: 0.999984	AUC[PR]: 0.975778
Val	AUC[ROC]: 0.706329	AUC[PR]: 0.082739
Epoch evaluation duration: 180.589002132
Epoch duration: 202.192028046

Epoch 238/1000
Epoch training duration: 21.5825259686
Train	AUC[ROC]: 0.999985	AUC[PR]: 0.977404
Val	AUC[ROC]: 0.701865	AUC[PR]: 0.081302
Epoch evaluation duration: 175.546742916
Epoch duration: 197.129268885

Epoch 239/1000
Epoch training duration: 21.4860811234
Train	AUC[ROC]: 0.999984	AUC[PR]: 0.975960
Val	AUC[ROC]: 0.695953	AUC[PR]: 0.080048
Epoch evaluation duration: 177.243561983
Epoch duration: 198.729643106

Epoch 240/1000
Epoch training duration: 21.3160350323
Train	AUC[ROC]: 0.999984	AUC[PR]: 0.975894
Val	AUC[ROC]: 0.690098	AUC[PR]: 0.081429
Epoch evaluation duration: 174.452482939
Epoch duration: 195.768517971

Epoch 241/1000
Epoch training duration: 21.8488268852
Train	AUC[ROC]: 0.999986	AUC[PR]: 0.979017
Val	AUC[ROC]: 0.672052	AUC[PR]: 0.084993
Epoch evaluation duration: 179.783476114
Epoch duration: 201.632302999

train precision: 0.901027096712
train roc: 0.999924400898
train hit in top 3418: 444.0 out of 444.0

val precision: 0.181096943888
val roc: 0.801193032689
val hit in top 427: 37.0 out of 55.0

test precision: 0.15122511755
test roc: 0.801260140778
test hit in top 427: 31.0 out of 55.0

ratio: 0.02, EF: 30.0,	active: 55.0
ratio: 0.02, NEF: 0.6
ratio: 0.01, EF: 56.3636363636,	active: 55.0
ratio: 0.01, NEF: 0.563636363636
ratio: 0.0015, EF: 193.939393939,	active: 55.0
ratio: 0.0015, NEF: 0.290909090909
ratio: 0.001, EF: 200.0,	active: 55.0
ratio: 0.001, NEF: 0.261904761905

