label_name_list  [u'PriA-SSB AS Activity']
train files  ['../datasets/keck_pria/fold_0.csv' '../datasets/keck_pria/fold_1.csv'
 '../datasets/keck_pria/fold_2.csv' '../datasets/keck_pria/fold_3.csv'
 '../datasets/keck_pria/fold_4.csv' '../datasets/keck_pria/fold_5.csv']
val files  ['../datasets/keck_pria/fold_6.csv']
test files  ['../datasets/keck_pria/fold_7.csv']
Class Weight  [{0: 0.5, 1: 0.5}]
Epoch 1/1000
Epoch training duration: 17.1050229073
Train	AUC[ROC]: 0.773448	AUC[PR]: 0.008573
Val	AUC[ROC]: 0.728664	AUC[PR]: 0.009024
Epoch evaluation duration: 107.762209892
Epoch duration: 124.8672328

Epoch 2/1000
Epoch training duration: 16.8942000866
Train	AUC[ROC]: 0.842068	AUC[PR]: 0.050014
Val	AUC[ROC]: 0.740728	AUC[PR]: 0.042565
Epoch evaluation duration: 109.392551899
Epoch duration: 126.286751986

Epoch 3/1000
Epoch training duration: 17.2386550903
Train	AUC[ROC]: 0.828972	AUC[PR]: 0.044649
Val	AUC[ROC]: 0.777015	AUC[PR]: 0.019204
Epoch evaluation duration: 108.317588091
Epoch duration: 125.556243181

Epoch 4/1000
Epoch training duration: 17.0368218422
Train	AUC[ROC]: 0.858080	AUC[PR]: 0.085639
Val	AUC[ROC]: 0.754657	AUC[PR]: 0.034646
Epoch evaluation duration: 108.642062187
Epoch duration: 125.678884029

Epoch 5/1000
Epoch training duration: 17.0417649746
Train	AUC[ROC]: 0.875989	AUC[PR]: 0.095701
Val	AUC[ROC]: 0.762805	AUC[PR]: 0.053993
Epoch evaluation duration: 108.062696934
Epoch duration: 125.104461908

Epoch 6/1000
Epoch training duration: 16.7406089306
Train	AUC[ROC]: 0.843446	AUC[PR]: 0.072546
Val	AUC[ROC]: 0.726856	AUC[PR]: 0.056288
Epoch evaluation duration: 109.525047064
Epoch duration: 126.265655994

Epoch 7/1000
Epoch training duration: 16.9664280415
Train	AUC[ROC]: 0.878756	AUC[PR]: 0.114564
Val	AUC[ROC]: 0.772225	AUC[PR]: 0.042237
Epoch evaluation duration: 108.172029972
Epoch duration: 125.138458014

Epoch 8/1000
Epoch training duration: 16.7239098549
Train	AUC[ROC]: 0.889844	AUC[PR]: 0.146331
Val	AUC[ROC]: 0.739707	AUC[PR]: 0.062006
Epoch evaluation duration: 110.029054165
Epoch duration: 126.75296402

Epoch 9/1000
Epoch training duration: 16.377022028
Train	AUC[ROC]: 0.893989	AUC[PR]: 0.136619
Val	AUC[ROC]: 0.764666	AUC[PR]: 0.055314
Epoch evaluation duration: 108.505524874
Epoch duration: 124.882546902

Epoch 10/1000
Epoch training duration: 16.966727972
Train	AUC[ROC]: 0.890726	AUC[PR]: 0.150665
Val	AUC[ROC]: 0.776529	AUC[PR]: 0.094582
Epoch evaluation duration: 108.739032984
Epoch duration: 125.705760956

Epoch 11/1000
Epoch training duration: 16.172825098
Train	AUC[ROC]: 0.907323	AUC[PR]: 0.149275
Val	AUC[ROC]: 0.828793	AUC[PR]: 0.092576
Epoch evaluation duration: 109.210406065
Epoch duration: 125.383231163

Epoch 12/1000
Epoch training duration: 16.8877809048
Train	AUC[ROC]: 0.913913	AUC[PR]: 0.149544
Val	AUC[ROC]: 0.855873	AUC[PR]: 0.083402
Epoch evaluation duration: 107.611711979
Epoch duration: 124.499492884

Epoch 13/1000
Epoch training duration: 16.74781394
Train	AUC[ROC]: 0.896391	AUC[PR]: 0.178501
Val	AUC[ROC]: 0.804646	AUC[PR]: 0.091360
Epoch evaluation duration: 108.708087206
Epoch duration: 125.455901146

Epoch 14/1000
Epoch training duration: 16.9786729813
Train	AUC[ROC]: 0.926192	AUC[PR]: 0.199880
Val	AUC[ROC]: 0.823099	AUC[PR]: 0.129306
Epoch evaluation duration: 108.251250029
Epoch duration: 125.22992301

Epoch 15/1000
Epoch training duration: 17.0031549931
Train	AUC[ROC]: 0.928829	AUC[PR]: 0.212086
Val	AUC[ROC]: 0.827292	AUC[PR]: 0.097663
Epoch evaluation duration: 109.343721867
Epoch duration: 126.34687686

Epoch 16/1000
Epoch training duration: 16.9910929203
Train	AUC[ROC]: 0.942979	AUC[PR]: 0.209171
Val	AUC[ROC]: 0.825902	AUC[PR]: 0.096297
Epoch evaluation duration: 108.378589153
Epoch duration: 125.369682074

Epoch 17/1000
Epoch training duration: 17.1498608589
Train	AUC[ROC]: 0.946852	AUC[PR]: 0.212897
Val	AUC[ROC]: 0.851030	AUC[PR]: 0.095052
Epoch evaluation duration: 109.087532997
Epoch duration: 126.237393856

Epoch 18/1000
Epoch training duration: 16.9166522026
Train	AUC[ROC]: 0.960983	AUC[PR]: 0.212398
Val	AUC[ROC]: 0.881440	AUC[PR]: 0.094712
Epoch evaluation duration: 108.21054101
Epoch duration: 125.127193213

Epoch 19/1000
Epoch training duration: 16.6530439854
Train	AUC[ROC]: 0.966766	AUC[PR]: 0.220893
Val	AUC[ROC]: 0.847344	AUC[PR]: 0.096377
Epoch evaluation duration: 108.510114908
Epoch duration: 125.163158894

Epoch 20/1000
Epoch training duration: 16.8826169968
Train	AUC[ROC]: 0.972541	AUC[PR]: 0.239177
Val	AUC[ROC]: 0.863795	AUC[PR]: 0.103185
Epoch evaluation duration: 108.163027048
Epoch duration: 125.045644045

Epoch 21/1000
Epoch training duration: 16.8636369705
Train	AUC[ROC]: 0.971928	AUC[PR]: 0.249270
Val	AUC[ROC]: 0.812196	AUC[PR]: 0.104915
Epoch evaluation duration: 108.887048006
Epoch duration: 125.750684977

Epoch 22/1000
Epoch training duration: 16.5981378555
Train	AUC[ROC]: 0.981292	AUC[PR]: 0.267905
Val	AUC[ROC]: 0.864060	AUC[PR]: 0.108620
Epoch evaluation duration: 109.357378006
Epoch duration: 125.955515862

Epoch 23/1000
Epoch training duration: 17.1088931561
Train	AUC[ROC]: 0.985552	AUC[PR]: 0.278220
Val	AUC[ROC]: 0.890719	AUC[PR]: 0.105657
Epoch evaluation duration: 107.906637907
Epoch duration: 125.015531063

Epoch 24/1000
Epoch training duration: 17.0980019569
Train	AUC[ROC]: 0.985304	AUC[PR]: 0.296314
Val	AUC[ROC]: 0.841906	AUC[PR]: 0.116426
Epoch evaluation duration: 109.662928104
Epoch duration: 126.760930061

Epoch 25/1000
Epoch training duration: 17.0487980843
Train	AUC[ROC]: 0.990697	AUC[PR]: 0.300698
Val	AUC[ROC]: 0.868168	AUC[PR]: 0.110059
Epoch evaluation duration: 108.327611923
Epoch duration: 125.376410007

Epoch 26/1000
Epoch training duration: 16.4054589272
Train	AUC[ROC]: 0.990593	AUC[PR]: 0.313787
Val	AUC[ROC]: 0.869344	AUC[PR]: 0.118460
Epoch evaluation duration: 109.13996315
Epoch duration: 125.545422077

Epoch 27/1000
Epoch training duration: 16.9439330101
Train	AUC[ROC]: 0.993910	AUC[PR]: 0.344113
Val	AUC[ROC]: 0.855411	AUC[PR]: 0.129317
Epoch evaluation duration: 107.599996805
Epoch duration: 124.543929815

Epoch 28/1000
Epoch training duration: 17.0318350792
Train	AUC[ROC]: 0.994758	AUC[PR]: 0.365640
Val	AUC[ROC]: 0.878917	AUC[PR]: 0.132184
Epoch evaluation duration: 109.74012804
Epoch duration: 126.77196312

Epoch 29/1000
Epoch training duration: 17.0342760086
Train	AUC[ROC]: 0.994728	AUC[PR]: 0.384106
Val	AUC[ROC]: 0.859470	AUC[PR]: 0.131121
Epoch evaluation duration: 106.98781085
Epoch duration: 124.022086859

Epoch 30/1000
Epoch training duration: 16.9248111248
Train	AUC[ROC]: 0.995685	AUC[PR]: 0.407038
Val	AUC[ROC]: 0.870130	AUC[PR]: 0.136963
Epoch evaluation duration: 109.00160408
Epoch duration: 125.926415205

Epoch 31/1000
Epoch training duration: 16.9806058407
Train	AUC[ROC]: 0.997062	AUC[PR]: 0.437287
Val	AUC[ROC]: 0.888373	AUC[PR]: 0.136922
Epoch evaluation duration: 108.146761179
Epoch duration: 125.12736702

Epoch 32/1000
Epoch training duration: 17.1043689251
Train	AUC[ROC]: 0.997373	AUC[PR]: 0.466523
Val	AUC[ROC]: 0.878387	AUC[PR]: 0.141172
Epoch evaluation duration: 109.760565996
Epoch duration: 126.864934921

Epoch 33/1000
Epoch training duration: 16.9908380508
Train	AUC[ROC]: 0.998261	AUC[PR]: 0.514550
Val	AUC[ROC]: 0.870694	AUC[PR]: 0.143936
Epoch evaluation duration: 107.945626974
Epoch duration: 124.936465025

Epoch 34/1000
Epoch training duration: 16.9786038399
Train	AUC[ROC]: 0.998515	AUC[PR]: 0.552248
Val	AUC[ROC]: 0.870094	AUC[PR]: 0.155447
Epoch evaluation duration: 107.596310139
Epoch duration: 124.574913979

Epoch 35/1000
Epoch training duration: 16.7331628799
Train	AUC[ROC]: 0.998882	AUC[PR]: 0.598365
Val	AUC[ROC]: 0.873581	AUC[PR]: 0.155369
Epoch evaluation duration: 108.859049082
Epoch duration: 125.592211962

Epoch 36/1000
Epoch training duration: 16.7444798946
Train	AUC[ROC]: 0.999009	AUC[PR]: 0.627460
Val	AUC[ROC]: 0.878380	AUC[PR]: 0.161466
Epoch evaluation duration: 108.465233088
Epoch duration: 125.209712982

Epoch 37/1000
Epoch training duration: 16.6141970158
Train	AUC[ROC]: 0.999311	AUC[PR]: 0.691861
Val	AUC[ROC]: 0.863571	AUC[PR]: 0.162407
Epoch evaluation duration: 108.187633991
Epoch duration: 124.801831007

Epoch 38/1000
Epoch training duration: 16.7347109318
Train	AUC[ROC]: 0.999441	AUC[PR]: 0.732217
Val	AUC[ROC]: 0.870422	AUC[PR]: 0.168830
Epoch evaluation duration: 107.306650162
Epoch duration: 124.041361094

Epoch 39/1000
Epoch training duration: 16.100039959
Train	AUC[ROC]: 0.999493	AUC[PR]: 0.744866
Val	AUC[ROC]: 0.863440	AUC[PR]: 0.159702
Epoch evaluation duration: 109.419405937
Epoch duration: 125.519445896

Epoch 40/1000
Epoch training duration: 17.0406160355
Train	AUC[ROC]: 0.999659	AUC[PR]: 0.812687
Val	AUC[ROC]: 0.866859	AUC[PR]: 0.162383
Epoch evaluation duration: 108.000159025
Epoch duration: 125.040775061

Epoch 41/1000
Epoch training duration: 16.7822248936
Train	AUC[ROC]: 0.999715	AUC[PR]: 0.839942
Val	AUC[ROC]: 0.867836	AUC[PR]: 0.168889
Epoch evaluation duration: 109.857666969
Epoch duration: 126.639891863

Epoch 42/1000
Epoch training duration: 16.9551270008
Train	AUC[ROC]: 0.999758	AUC[PR]: 0.862618
Val	AUC[ROC]: 0.860951	AUC[PR]: 0.184291
Epoch evaluation duration: 108.11839509
Epoch duration: 125.073522091

Epoch 43/1000
Epoch training duration: 16.8245251179
Train	AUC[ROC]: 0.999857	AUC[PR]: 0.908255
Val	AUC[ROC]: 0.878752	AUC[PR]: 0.191381
Epoch evaluation duration: 107.858567953
Epoch duration: 124.683093071

Epoch 44/1000
Epoch training duration: 16.9480528831
Train	AUC[ROC]: 0.999879	AUC[PR]: 0.925161
Val	AUC[ROC]: 0.858606	AUC[PR]: 0.191815
Epoch evaluation duration: 108.070965052
Epoch duration: 125.019017935

Epoch 45/1000
Epoch training duration: 17.2499771118
Train	AUC[ROC]: 0.999901	AUC[PR]: 0.937097
Val	AUC[ROC]: 0.848392	AUC[PR]: 0.183781
Epoch evaluation duration: 108.077923775
Epoch duration: 125.327900887

Epoch 46/1000
Epoch training duration: 16.7665691376
Train	AUC[ROC]: 0.999925	AUC[PR]: 0.950806
Val	AUC[ROC]: 0.839568	AUC[PR]: 0.190888
Epoch evaluation duration: 108.622374058
Epoch duration: 125.388943195

Epoch 47/1000
Epoch training duration: 16.7272098064
Train	AUC[ROC]: 0.999952	AUC[PR]: 0.965390
Val	AUC[ROC]: 0.855562	AUC[PR]: 0.190297
Epoch evaluation duration: 108.556181192
Epoch duration: 125.283390999

Epoch 48/1000
Epoch training duration: 17.0544610023
Train	AUC[ROC]: 0.999974	AUC[PR]: 0.981392
Val	AUC[ROC]: 0.837517	AUC[PR]: 0.186356
Epoch evaluation duration: 108.090831995
Epoch duration: 125.145292997

Epoch 49/1000
Epoch training duration: 16.9223949909
Train	AUC[ROC]: 0.999985	AUC[PR]: 0.988750
Val	AUC[ROC]: 0.845488	AUC[PR]: 0.188723
Epoch evaluation duration: 108.498342037
Epoch duration: 125.420737028

Epoch 50/1000
Epoch training duration: 16.6195509434
Train	AUC[ROC]: 0.999981	AUC[PR]: 0.985653
Val	AUC[ROC]: 0.850450	AUC[PR]: 0.181738
Epoch evaluation duration: 108.455906868
Epoch duration: 125.075457811

Epoch 51/1000
Epoch training duration: 16.8127779961
Train	AUC[ROC]: 0.999990	AUC[PR]: 0.992605
Val	AUC[ROC]: 0.847843	AUC[PR]: 0.196286
Epoch evaluation duration: 108.411715031
Epoch duration: 125.224493027

Epoch 52/1000
Epoch training duration: 16.2981240749
Train	AUC[ROC]: 0.999996	AUC[PR]: 0.996708
Val	AUC[ROC]: 0.852263	AUC[PR]: 0.200896
Epoch evaluation duration: 108.557343006
Epoch duration: 124.855467081

Epoch 53/1000
Epoch training duration: 17.0139648914
Train	AUC[ROC]: 0.999996	AUC[PR]: 0.997020
Val	AUC[ROC]: 0.844654	AUC[PR]: 0.202822
Epoch evaluation duration: 107.721587181
Epoch duration: 124.735552073

Epoch 54/1000
Epoch training duration: 16.2632229328
Train	AUC[ROC]: 0.999996	AUC[PR]: 0.997301
Val	AUC[ROC]: 0.833781	AUC[PR]: 0.189984
Epoch evaluation duration: 108.717961073
Epoch duration: 124.981184006

Epoch 55/1000
Epoch training duration: 17.0077149868
Train	AUC[ROC]: 0.999997	AUC[PR]: 0.997712
Val	AUC[ROC]: 0.840065	AUC[PR]: 0.181947
Epoch evaluation duration: 108.872735977
Epoch duration: 125.880450964

Epoch 56/1000
Epoch training duration: 16.8729548454
Train	AUC[ROC]: 0.999998	AUC[PR]: 0.998517
Val	AUC[ROC]: 0.843500	AUC[PR]: 0.197834
Epoch evaluation duration: 108.457712173
Epoch duration: 125.330667019

Epoch 57/1000
Epoch training duration: 16.6395049095
Train	AUC[ROC]: 0.999998	AUC[PR]: 0.998746
Val	AUC[ROC]: 0.824960	AUC[PR]: 0.203637
Epoch evaluation duration: 108.572032928
Epoch duration: 125.211537838

Epoch 58/1000
Epoch training duration: 17.0888521671
Train	AUC[ROC]: 0.999999	AUC[PR]: 0.999280
Val	AUC[ROC]: 0.829571	AUC[PR]: 0.189196
Epoch evaluation duration: 97.0492780209
Epoch duration: 114.138130188

Epoch 59/1000
Epoch training duration: 14.7956328392
Train	AUC[ROC]: 0.999998	AUC[PR]: 0.998812
Val	AUC[ROC]: 0.835634	AUC[PR]: 0.184681
Epoch evaluation duration: 107.348971128
Epoch duration: 122.144603968

Epoch 60/1000
Epoch training duration: 17.0821619034
Train	AUC[ROC]: 0.999999	AUC[PR]: 0.999579
Val	AUC[ROC]: 0.824850	AUC[PR]: 0.194536
Epoch evaluation duration: 108.635890007
Epoch duration: 125.71805191

Epoch 61/1000
Epoch training duration: 16.8336999416
Train	AUC[ROC]: 0.999999	AUC[PR]: 0.999474
Val	AUC[ROC]: 0.829157	AUC[PR]: 0.177377
Epoch evaluation duration: 108.155992031
Epoch duration: 124.989691973

Epoch 62/1000
Epoch training duration: 16.9265599251
Train	AUC[ROC]: 0.999999	AUC[PR]: 0.999593
Val	AUC[ROC]: 0.834040	AUC[PR]: 0.180178
Epoch evaluation duration: 106.871812105
Epoch duration: 123.79837203

Epoch 63/1000
Epoch training duration: 16.1216580868
Train	AUC[ROC]: 1.000000	AUC[PR]: 0.999730
Val	AUC[ROC]: 0.825043	AUC[PR]: 0.184233
Epoch evaluation duration: 107.541782856
Epoch duration: 123.663440943

Epoch 64/1000
Epoch training duration: 16.8573200703
Train	AUC[ROC]: 1.000000	AUC[PR]: 0.999694
Val	AUC[ROC]: 0.826672	AUC[PR]: 0.173736
Epoch evaluation duration: 108.451795101
Epoch duration: 125.309115171

Epoch 65/1000
Epoch training duration: 16.2236509323
Train	AUC[ROC]: 0.999999	AUC[PR]: 0.999347
Val	AUC[ROC]: 0.824547	AUC[PR]: 0.188930
Epoch evaluation duration: 108.421442032
Epoch duration: 124.645092964

Epoch 66/1000
Epoch training duration: 17.3616998196
Train	AUC[ROC]: 0.999999	AUC[PR]: 0.999559
Val	AUC[ROC]: 0.831895	AUC[PR]: 0.173607
Epoch evaluation duration: 106.389247179
Epoch duration: 123.750946999

Epoch 67/1000
Epoch training duration: 16.9983320236
Train	AUC[ROC]: 0.999999	AUC[PR]: 0.999383
Val	AUC[ROC]: 0.827296	AUC[PR]: 0.177756
Epoch evaluation duration: 107.499835014
Epoch duration: 124.498167038

Epoch 68/1000
Epoch training duration: 16.22564888
Train	AUC[ROC]: 0.999999	AUC[PR]: 0.999478
Val	AUC[ROC]: 0.820766	AUC[PR]: 0.185088
Epoch evaluation duration: 107.974502087
Epoch duration: 124.200150967

Epoch 69/1000
Epoch training duration: 16.321051836
Train	AUC[ROC]: 1.000000	AUC[PR]: 0.999747
Val	AUC[ROC]: 0.811648	AUC[PR]: 0.182707
Epoch evaluation duration: 107.129649162
Epoch duration: 123.450700998

Epoch 70/1000
Epoch training duration: 17.1511900425
Train	AUC[ROC]: 1.000000	AUC[PR]: 0.999824
Val	AUC[ROC]: 0.824076	AUC[PR]: 0.181972
Epoch evaluation duration: 107.242698908
Epoch duration: 124.39388895

Epoch 71/1000
Epoch training duration: 16.8468680382
Train	AUC[ROC]: 1.000000	AUC[PR]: 0.999687
Val	AUC[ROC]: 0.830617	AUC[PR]: 0.183354
Epoch evaluation duration: 106.559720039
Epoch duration: 123.406588078

Epoch 72/1000
Epoch training duration: 16.5192317963
Train	AUC[ROC]: 0.999999	AUC[PR]: 0.999573
Val	AUC[ROC]: 0.816911	AUC[PR]: 0.176824
Epoch evaluation duration: 106.66547513
Epoch duration: 123.184706926

Epoch 73/1000
Epoch training duration: 16.3093230724
Train	AUC[ROC]: 0.999999	AUC[PR]: 0.999534
Val	AUC[ROC]: 0.820103	AUC[PR]: 0.175317
Epoch evaluation duration: 106.973359823
Epoch duration: 123.282682896

Epoch 74/1000
Epoch training duration: 17.1952290535
Train	AUC[ROC]: 1.000000	AUC[PR]: 0.999814
Val	AUC[ROC]: 0.819011	AUC[PR]: 0.203387
Epoch evaluation duration: 107.599229097
Epoch duration: 124.794458151

Epoch 75/1000
Epoch training duration: 16.4643199444
Train	AUC[ROC]: 1.000000	AUC[PR]: 0.999859
Val	AUC[ROC]: 0.818956	AUC[PR]: 0.192411
Epoch evaluation duration: 108.187193871
Epoch duration: 124.651513815

Epoch 76/1000
Epoch training duration: 16.7386841774
Train	AUC[ROC]: 1.000000	AUC[PR]: 0.999858
Val	AUC[ROC]: 0.803703	AUC[PR]: 0.181196
Epoch evaluation duration: 107.893146038
Epoch duration: 124.631830215

Epoch 77/1000
Epoch training duration: 17.258245945
Train	AUC[ROC]: 1.000000	AUC[PR]: 0.999709
Val	AUC[ROC]: 0.803250	AUC[PR]: 0.179642
Epoch evaluation duration: 107.988584042
Epoch duration: 125.246829987

Epoch 78/1000
Epoch training duration: 16.7635529041
Train	AUC[ROC]: 1.000000	AUC[PR]: 0.999787
Val	AUC[ROC]: 0.815533	AUC[PR]: 0.169019
Epoch evaluation duration: 107.668570042
Epoch duration: 124.432122946

Epoch 79/1000
Epoch training duration: 16.6711940765
Train	AUC[ROC]: 1.000000	AUC[PR]: 0.999767
Val	AUC[ROC]: 0.817652	AUC[PR]: 0.173176
Epoch evaluation duration: 108.873242855
Epoch duration: 125.544436932

Epoch 80/1000
Epoch training duration: 16.2758729458
Train	AUC[ROC]: 1.000000	AUC[PR]: 0.999812
Val	AUC[ROC]: 0.823995	AUC[PR]: 0.168627
Epoch evaluation duration: 106.816218138
Epoch duration: 123.092091084

Epoch 81/1000
Epoch training duration: 16.1481590271
Train	AUC[ROC]: 1.000000	AUC[PR]: 0.999856
Val	AUC[ROC]: 0.805182	AUC[PR]: 0.172617
Epoch evaluation duration: 107.696014881
Epoch duration: 123.844173908

Epoch 82/1000
Epoch training duration: 16.3960831165
Train	AUC[ROC]: 1.000000	AUC[PR]: 0.999800
Val	AUC[ROC]: 0.813647	AUC[PR]: 0.177602
Epoch evaluation duration: 106.947067022
Epoch duration: 123.343150139

Epoch 83/1000
Epoch training duration: 16.252617836
Train	AUC[ROC]: 1.000000	AUC[PR]: 0.999765
Val	AUC[ROC]: 0.818501	AUC[PR]: 0.172073
Epoch evaluation duration: 107.540400982
Epoch duration: 123.793018818

Epoch 84/1000
Epoch training duration: 16.471350193
Train	AUC[ROC]: 1.000000	AUC[PR]: 0.999946
Val	AUC[ROC]: 0.804355	AUC[PR]: 0.182309
Epoch evaluation duration: 108.356746912
Epoch duration: 124.828097105

Epoch 85/1000
Epoch training duration: 16.678276062
Train	AUC[ROC]: 1.000000	AUC[PR]: 0.999910
Val	AUC[ROC]: 0.801871	AUC[PR]: 0.178544
Epoch evaluation duration: 106.78557086
Epoch duration: 123.463846922

Epoch 86/1000
Epoch training duration: 16.4792399406
Train	AUC[ROC]: 1.000000	AUC[PR]: 0.999885
Val	AUC[ROC]: 0.790050	AUC[PR]: 0.176918
Epoch evaluation duration: 107.318137169
Epoch duration: 123.79737711

Epoch 87/1000
Epoch training duration: 16.7931439877
Train	AUC[ROC]: 1.000000	AUC[PR]: 0.999911
Val	AUC[ROC]: 0.799670	AUC[PR]: 0.178921
Epoch evaluation duration: 107.30834794
Epoch duration: 124.101491928

Epoch 88/1000
Epoch training duration: 16.7535951138
Train	AUC[ROC]: 1.000000	AUC[PR]: 0.999756
Val	AUC[ROC]: 0.788844	AUC[PR]: 0.181838
Epoch evaluation duration: 107.562245846
Epoch duration: 124.31584096

Epoch 89/1000
Epoch training duration: 17.2678639889
Train	AUC[ROC]: 1.000000	AUC[PR]: 0.999893
Val	AUC[ROC]: 0.788369	AUC[PR]: 0.180993
Epoch evaluation duration: 105.502211094
Epoch duration: 122.770075083

Epoch 90/1000
Epoch training duration: 16.6741380692
Train	AUC[ROC]: 1.000000	AUC[PR]: 0.999903
Val	AUC[ROC]: 0.808932	AUC[PR]: 0.172648
Epoch evaluation duration: 108.775837898
Epoch duration: 125.449975967

Epoch 91/1000
Epoch training duration: 16.7949099541
Train	AUC[ROC]: 1.000000	AUC[PR]: 0.999803
Val	AUC[ROC]: 0.791068	AUC[PR]: 0.180803
Epoch evaluation duration: 107.757055044
Epoch duration: 124.551964998

Epoch 92/1000
Epoch training duration: 16.5218250751
Train	AUC[ROC]: 1.000000	AUC[PR]: 0.999813
Val	AUC[ROC]: 0.794587	AUC[PR]: 0.175844
Epoch evaluation duration: 107.523885965
Epoch duration: 124.04571104

Epoch 93/1000
Epoch training duration: 16.5223639011
Train	AUC[ROC]: 1.000000	AUC[PR]: 0.999856
Val	AUC[ROC]: 0.805266	AUC[PR]: 0.179630
Epoch evaluation duration: 106.787225008
Epoch duration: 123.309588909

Epoch 94/1000
Epoch training duration: 16.6761021614
Train	AUC[ROC]: 1.000000	AUC[PR]: 0.999762
Val	AUC[ROC]: 0.783479	AUC[PR]: 0.180762
Epoch evaluation duration: 107.936510801
Epoch duration: 124.612612963

Epoch 95/1000
Epoch training duration: 16.8382310867
Train	AUC[ROC]: 1.000000	AUC[PR]: 0.999866
Val	AUC[ROC]: 0.798599	AUC[PR]: 0.168613
Epoch evaluation duration: 106.248646021
Epoch duration: 123.086877108

Epoch 96/1000
Epoch training duration: 16.8838610649
Train	AUC[ROC]: 1.000000	AUC[PR]: 0.999902
Val	AUC[ROC]: 0.797541	AUC[PR]: 0.175277
Epoch evaluation duration: 109.175103903
Epoch duration: 126.058964968

Epoch 97/1000
Epoch training duration: 16.3795070648
Train	AUC[ROC]: 1.000000	AUC[PR]: 0.999893
Val	AUC[ROC]: 0.794570	AUC[PR]: 0.169918
Epoch evaluation duration: 108.329511881
Epoch duration: 124.709018946

Epoch 98/1000
Epoch training duration: 16.8212811947
Train	AUC[ROC]: 1.000000	AUC[PR]: 0.999858
Val	AUC[ROC]: 0.797705	AUC[PR]: 0.161332
Epoch evaluation duration: 107.78604579
Epoch duration: 124.607326984

Epoch 99/1000
Epoch training duration: 16.9224390984
Train	AUC[ROC]: 1.000000	AUC[PR]: 0.999840
Val	AUC[ROC]: 0.786001	AUC[PR]: 0.163661
Epoch evaluation duration: 107.392076969
Epoch duration: 124.314516068

Epoch 100/1000
Epoch training duration: 16.6617109776
Train	AUC[ROC]: 1.000000	AUC[PR]: 0.999919
Val	AUC[ROC]: 0.794325	AUC[PR]: 0.180914
Epoch evaluation duration: 108.026140928
Epoch duration: 124.687851906

Epoch 101/1000
Epoch training duration: 15.7579472065
Train	AUC[ROC]: 1.000000	AUC[PR]: 0.999849
Val	AUC[ROC]: 0.794541	AUC[PR]: 0.183907
Epoch evaluation duration: 108.005756855
Epoch duration: 123.763704062

Epoch 102/1000
Epoch training duration: 16.8322939873
Train	AUC[ROC]: 1.000000	AUC[PR]: 0.999846
Val	AUC[ROC]: 0.806632	AUC[PR]: 0.164290
Epoch evaluation duration: 107.076658964
Epoch duration: 123.908952951

Epoch 103/1000
Epoch training duration: 16.9351170063
Train	AUC[ROC]: 1.000000	AUC[PR]: 0.999920
Val	AUC[ROC]: 0.802851	AUC[PR]: 0.172540
Epoch evaluation duration: 109.397163153
Epoch duration: 126.332280159

Epoch 104/1000
Epoch training duration: 16.9573328495
Train	AUC[ROC]: 1.000000	AUC[PR]: 0.999893
Val	AUC[ROC]: 0.805954	AUC[PR]: 0.160225
Epoch evaluation duration: 106.23321414
Epoch duration: 123.190546989

Epoch 105/1000
Epoch training duration: 16.8638999462
Train	AUC[ROC]: 1.000000	AUC[PR]: 0.999929
Val	AUC[ROC]: 0.796637	AUC[PR]: 0.177237
Epoch evaluation duration: 107.430632114
Epoch duration: 124.294532061

Epoch 106/1000
Epoch training duration: 17.010586977
Train	AUC[ROC]: 1.000000	AUC[PR]: 0.999867
Val	AUC[ROC]: 0.789220	AUC[PR]: 0.183031
Epoch evaluation duration: 107.365681887
Epoch duration: 124.376268864

Epoch 107/1000
Epoch training duration: 16.6678061485
Train	AUC[ROC]: 1.000000	AUC[PR]: 0.999912
Val	AUC[ROC]: 0.797499	AUC[PR]: 0.170952
Epoch evaluation duration: 108.265777826
Epoch duration: 124.933583975

Epoch 108/1000
Epoch training duration: 16.7023911476
Train	AUC[ROC]: 1.000000	AUC[PR]: 0.999884
Val	AUC[ROC]: 0.793689	AUC[PR]: 0.186787
Epoch evaluation duration: 106.18502593
Epoch duration: 122.887417078

Epoch 109/1000
Epoch training duration: 16.3442549706
Train	AUC[ROC]: 1.000000	AUC[PR]: 0.999910
Val	AUC[ROC]: 0.793527	AUC[PR]: 0.174769
Epoch evaluation duration: 107.659482002
Epoch duration: 124.003736973

Epoch 110/1000
Epoch training duration: 16.2518219948
Train	AUC[ROC]: 1.000000	AUC[PR]: 0.999865
Val	AUC[ROC]: 0.794744	AUC[PR]: 0.171064
Epoch evaluation duration: 107.608235121
Epoch duration: 123.860057116

Epoch 111/1000
Epoch training duration: 17.3076717854
Train	AUC[ROC]: 1.000000	AUC[PR]: 0.999884
Val	AUC[ROC]: 0.808307	AUC[PR]: 0.175336
Epoch evaluation duration: 108.330069065
Epoch duration: 125.63774085

Epoch 112/1000
Epoch training duration: 16.2804629803
Train	AUC[ROC]: 1.000000	AUC[PR]: 0.999946
Val	AUC[ROC]: 0.798984	AUC[PR]: 0.188964
Epoch evaluation duration: 108.50465703
Epoch duration: 124.78512001

Epoch 113/1000
Epoch training duration: 16.9436559677
Train	AUC[ROC]: 1.000000	AUC[PR]: 0.999929
Val	AUC[ROC]: 0.795181	AUC[PR]: 0.172401
Epoch evaluation duration: 107.711840153
Epoch duration: 124.65549612

Epoch 114/1000
Epoch training duration: 16.511081934
Train	AUC[ROC]: 1.000000	AUC[PR]: 0.999875
Val	AUC[ROC]: 0.786681	AUC[PR]: 0.163158
Epoch evaluation duration: 108.19026804
Epoch duration: 124.701349974

Epoch 115/1000
Epoch training duration: 16.4640908241
Train	AUC[ROC]: 1.000000	AUC[PR]: 0.999902
Val	AUC[ROC]: 0.799357	AUC[PR]: 0.173123
Epoch evaluation duration: 107.947993994
Epoch duration: 124.412084818

Epoch 116/1000
Epoch training duration: 16.5114760399
Train	AUC[ROC]: 1.000000	AUC[PR]: 0.999929
Val	AUC[ROC]: 0.797667	AUC[PR]: 0.170520
Epoch evaluation duration: 107.947056055
Epoch duration: 124.458532095

Epoch 117/1000
Epoch training duration: 16.7615189552
Train	AUC[ROC]: 1.000000	AUC[PR]: 0.999920
Val	AUC[ROC]: 0.806599	AUC[PR]: 0.159045
Epoch evaluation duration: 106.853791952
Epoch duration: 123.615310907

Epoch 118/1000
Epoch training duration: 16.7183640003
Train	AUC[ROC]: 1.000000	AUC[PR]: 0.999937
Val	AUC[ROC]: 0.795719	AUC[PR]: 0.161514
Epoch evaluation duration: 108.111206055
Epoch duration: 124.829570055

Epoch 119/1000
Epoch training duration: 16.6176080704
Train	AUC[ROC]: 1.000000	AUC[PR]: 0.999946
Val	AUC[ROC]: 0.796764	AUC[PR]: 0.165735
Epoch evaluation duration: 105.828694105
Epoch duration: 122.446302176

Epoch 120/1000
Epoch training duration: 16.201666832
Train	AUC[ROC]: 1.000000	AUC[PR]: 0.999928
Val	AUC[ROC]: 0.787630	AUC[PR]: 0.162136
Epoch evaluation duration: 107.154736042
Epoch duration: 123.356402874

Epoch 121/1000
Epoch training duration: 16.4226169586
Train	AUC[ROC]: 1.000000	AUC[PR]: 0.999849
Val	AUC[ROC]: 0.790363	AUC[PR]: 0.166813
Epoch evaluation duration: 106.226858139
Epoch duration: 122.649475098

Epoch 122/1000
Epoch training duration: 16.7108268738
Train	AUC[ROC]: 1.000000	AUC[PR]: 0.999833
Val	AUC[ROC]: 0.799637	AUC[PR]: 0.151433
Epoch evaluation duration: 107.440124035
Epoch duration: 124.150950909

Epoch 123/1000
Epoch training duration: 16.2425711155
Train	AUC[ROC]: 1.000000	AUC[PR]: 0.999919
Val	AUC[ROC]: 0.792472	AUC[PR]: 0.164446
Epoch evaluation duration: 106.278407812
Epoch duration: 122.520978928

Epoch 124/1000
Epoch training duration: 17.0640151501
Train	AUC[ROC]: 1.000000	AUC[PR]: 0.999911
Val	AUC[ROC]: 0.784665	AUC[PR]: 0.167984
Epoch evaluation duration: 107.988386869
Epoch duration: 125.05240202

Epoch 125/1000
Epoch training duration: 16.2292001247
Train	AUC[ROC]: 1.000000	AUC[PR]: 0.999858
Val	AUC[ROC]: 0.785030	AUC[PR]: 0.158691
Epoch evaluation duration: 108.214467049
Epoch duration: 124.443667173

Epoch 126/1000
Epoch training duration: 16.8004319668
Train	AUC[ROC]: 1.000000	AUC[PR]: 0.999920
Val	AUC[ROC]: 0.794028	AUC[PR]: 0.163458
Epoch evaluation duration: 106.85096693
Epoch duration: 123.651398897

Epoch 127/1000
Epoch training duration: 17.0667560101
Train	AUC[ROC]: 1.000000	AUC[PR]: 0.999920
Val	AUC[ROC]: 0.786394	AUC[PR]: 0.169192
Epoch evaluation duration: 107.149618864
Epoch duration: 124.216374874

Epoch 128/1000
Epoch training duration: 16.821775198
Train	AUC[ROC]: 1.000000	AUC[PR]: 0.999902
Val	AUC[ROC]: 0.784723	AUC[PR]: 0.169808
Epoch evaluation duration: 107.157524824
Epoch duration: 123.979300022

Epoch 129/1000
Epoch training duration: 16.768474102
Train	AUC[ROC]: 1.000000	AUC[PR]: 0.999920
Val	AUC[ROC]: 0.784263	AUC[PR]: 0.173250
Epoch evaluation duration: 109.240948915
Epoch duration: 126.009423018

Epoch 130/1000
Epoch training duration: 16.9254989624
Train	AUC[ROC]: 1.000000	AUC[PR]: 0.999885
Val	AUC[ROC]: 0.790624	AUC[PR]: 0.163747
Epoch evaluation duration: 106.378831148
Epoch duration: 123.304330111

Epoch 131/1000
Epoch training duration: 17.1199829578
Train	AUC[ROC]: 1.000000	AUC[PR]: 0.999920
Val	AUC[ROC]: 0.786376	AUC[PR]: 0.167901
Epoch evaluation duration: 108.534986973
Epoch duration: 125.654969931

Epoch 132/1000
Epoch training duration: 17.1815769672
Train	AUC[ROC]: 1.000000	AUC[PR]: 0.999929
Val	AUC[ROC]: 0.778195	AUC[PR]: 0.170556
Epoch evaluation duration: 107.092049122
Epoch duration: 124.273626089

Epoch 133/1000
Epoch training duration: 16.6081988811
Train	AUC[ROC]: 1.000000	AUC[PR]: 0.999937
Val	AUC[ROC]: 0.783928	AUC[PR]: 0.161384
Epoch evaluation duration: 108.904824972
Epoch duration: 125.513023853

Epoch 134/1000
Epoch training duration: 16.4820101261
Train	AUC[ROC]: 1.000000	AUC[PR]: 0.999911
Val	AUC[ROC]: 0.775675	AUC[PR]: 0.155866
Epoch evaluation duration: 106.811337948
Epoch duration: 123.293348074

Epoch 135/1000
Epoch training duration: 16.7142860889
Train	AUC[ROC]: 1.000000	AUC[PR]: 0.999911
Val	AUC[ROC]: 0.770909	AUC[PR]: 0.154864
Epoch evaluation duration: 108.343875885
Epoch duration: 125.058161974

Epoch 136/1000
Epoch training duration: 16.4523389339
Train	AUC[ROC]: 1.000000	AUC[PR]: 0.999938
Val	AUC[ROC]: 0.771721	AUC[PR]: 0.156656
Epoch evaluation duration: 108.706762075
Epoch duration: 125.159101009

Epoch 137/1000
Epoch training duration: 16.9882609844
Train	AUC[ROC]: 1.000000	AUC[PR]: 0.999946
Val	AUC[ROC]: 0.778869	AUC[PR]: 0.172349
Epoch evaluation duration: 107.034908056
Epoch duration: 124.023169041

Epoch 138/1000
Epoch training duration: 16.341121912
Train	AUC[ROC]: 1.000000	AUC[PR]: 0.999937
Val	AUC[ROC]: 0.774228	AUC[PR]: 0.161891
Epoch evaluation duration: 108.88874507
Epoch duration: 125.229866982

Epoch 139/1000
Epoch training duration: 16.7477099895
Train	AUC[ROC]: 1.000000	AUC[PR]: 0.999920
Val	AUC[ROC]: 0.783325	AUC[PR]: 0.168916
Epoch evaluation duration: 107.80795598
Epoch duration: 124.55566597

Epoch 140/1000
Epoch training duration: 16.3006219864
Train	AUC[ROC]: 1.000000	AUC[PR]: 0.999868
Val	AUC[ROC]: 0.788232	AUC[PR]: 0.165923
Epoch evaluation duration: 107.788357019
Epoch duration: 124.088979006

Epoch 141/1000
Epoch training duration: 16.6969881058
Train	AUC[ROC]: 1.000000	AUC[PR]: 0.999877
Val	AUC[ROC]: 0.784475	AUC[PR]: 0.169575
Epoch evaluation duration: 106.363159895
Epoch duration: 123.060148001

Epoch 142/1000
Epoch training duration: 16.8720021248
Train	AUC[ROC]: 1.000000	AUC[PR]: 0.999937
Val	AUC[ROC]: 0.794443	AUC[PR]: 0.159900
Epoch evaluation duration: 108.894068003
Epoch duration: 125.766070127

Epoch 143/1000
Epoch training duration: 17.0652148724
Train	AUC[ROC]: 0.999999	AUC[PR]: 0.999438
Val	AUC[ROC]: 0.783244	AUC[PR]: 0.157206
Epoch evaluation duration: 106.686794043
Epoch duration: 123.752008915

Epoch 144/1000
Epoch training duration: 16.9128088951
Train	AUC[ROC]: 1.000000	AUC[PR]: 0.999920
Val	AUC[ROC]: 0.789315	AUC[PR]: 0.156848
Epoch evaluation duration: 107.823743105
Epoch duration: 124.736552

Epoch 145/1000
Epoch training duration: 16.4781420231
Train	AUC[ROC]: 1.000000	AUC[PR]: 0.999929
Val	AUC[ROC]: 0.796223	AUC[PR]: 0.156635
Epoch evaluation duration: 108.028744936
Epoch duration: 124.506886959

Epoch 146/1000
Epoch training duration: 16.5313301086
Train	AUC[ROC]: 1.000000	AUC[PR]: 0.999902
Val	AUC[ROC]: 0.798590	AUC[PR]: 0.167925
Epoch evaluation duration: 107.144129038
Epoch duration: 123.675459146

Epoch 147/1000
Epoch training duration: 16.7469887733
Train	AUC[ROC]: 1.000000	AUC[PR]: 0.999946
Val	AUC[ROC]: 0.804616	AUC[PR]: 0.163979
Epoch evaluation duration: 107.165201187
Epoch duration: 123.91218996

Epoch 148/1000
Epoch training duration: 16.7019538879
Train	AUC[ROC]: 1.000000	AUC[PR]: 0.999911
Val	AUC[ROC]: 0.788645	AUC[PR]: 0.163927
Epoch evaluation duration: 107.469551086
Epoch duration: 124.171504974

Epoch 149/1000
Epoch training duration: 16.6407089233
Train	AUC[ROC]: 1.000000	AUC[PR]: 0.999946
Val	AUC[ROC]: 0.784184	AUC[PR]: 0.154562
Epoch evaluation duration: 107.130535126
Epoch duration: 123.771244049

Epoch 150/1000
Epoch training duration: 16.3344008923
Train	AUC[ROC]: 1.000000	AUC[PR]: 0.999946
Val	AUC[ROC]: 0.787401	AUC[PR]: 0.156571
Epoch evaluation duration: 107.531203032
Epoch duration: 123.865603924

Epoch 151/1000
Epoch training duration: 16.4867050648
Train	AUC[ROC]: 1.000000	AUC[PR]: 0.999902
Val	AUC[ROC]: 0.806548	AUC[PR]: 0.162247
Epoch evaluation duration: 108.518930912
Epoch duration: 125.005635977

Epoch 152/1000
Epoch training duration: 16.6397690773
Train	AUC[ROC]: 1.000000	AUC[PR]: 0.999884
Val	AUC[ROC]: 0.768586	AUC[PR]: 0.155820
Epoch evaluation duration: 106.443215847
Epoch duration: 123.082984924

Epoch 153/1000
Epoch training duration: 16.2840850353
Train	AUC[ROC]: 1.000000	AUC[PR]: 0.999848
Val	AUC[ROC]: 0.779613	AUC[PR]: 0.150569
Epoch evaluation duration: 108.089743137
Epoch duration: 124.373828173

Epoch 154/1000
Epoch training duration: 16.4428548813
Train	AUC[ROC]: 1.000000	AUC[PR]: 0.999929
Val	AUC[ROC]: 0.785466	AUC[PR]: 0.150529
Epoch evaluation duration: 106.014312029
Epoch duration: 122.45716691

Epoch 155/1000
Epoch training duration: 16.0883069038
Train	AUC[ROC]: 1.000000	AUC[PR]: 0.999910
Val	AUC[ROC]: 0.789064	AUC[PR]: 0.153047
Epoch evaluation duration: 108.232105017
Epoch duration: 124.320411921

Epoch 156/1000
Epoch training duration: 16.5022251606
Train	AUC[ROC]: 1.000000	AUC[PR]: 0.999866
Val	AUC[ROC]: 0.768004	AUC[PR]: 0.141275
Epoch evaluation duration: 108.358057022
Epoch duration: 124.860282183

Epoch 157/1000
Epoch training duration: 17.3860309124
Train	AUC[ROC]: 1.000000	AUC[PR]: 0.999938
Val	AUC[ROC]: 0.783171	AUC[PR]: 0.147901
Epoch evaluation duration: 108.976176977
Epoch duration: 126.36220789

Epoch 158/1000
Epoch training duration: 16.5413498878
Train	AUC[ROC]: 1.000000	AUC[PR]: 0.999875
Val	AUC[ROC]: 0.774960	AUC[PR]: 0.149245
Epoch evaluation duration: 107.129404068
Epoch duration: 123.670753956

Epoch 159/1000
Epoch training duration: 16.9906389713
Train	AUC[ROC]: 1.000000	AUC[PR]: 0.999911
Val	AUC[ROC]: 0.783611	AUC[PR]: 0.160711
Epoch evaluation duration: 108.555751085
Epoch duration: 125.546390057

Epoch 160/1000
Epoch training duration: 16.5348110199
Train	AUC[ROC]: 1.000000	AUC[PR]: 0.999929
Val	AUC[ROC]: 0.782322	AUC[PR]: 0.166581
Epoch evaluation duration: 107.655436993
Epoch duration: 124.190248013

Epoch 161/1000
Epoch training duration: 17.0110778809
Train	AUC[ROC]: 1.000000	AUC[PR]: 0.999919
Val	AUC[ROC]: 0.778284	AUC[PR]: 0.165959
Epoch evaluation duration: 108.843259096
Epoch duration: 125.854336977

Epoch 162/1000
Epoch training duration: 16.8962440491
Train	AUC[ROC]: 1.000000	AUC[PR]: 0.999910
Val	AUC[ROC]: 0.786503	AUC[PR]: 0.162809
Epoch evaluation duration: 107.97588706
Epoch duration: 124.872131109

Epoch 163/1000
Epoch training duration: 16.8960747719
Train	AUC[ROC]: 1.000000	AUC[PR]: 0.999911
Val	AUC[ROC]: 0.801500	AUC[PR]: 0.164667
Epoch evaluation duration: 107.672524214
Epoch duration: 124.568598986

Epoch 164/1000
Epoch training duration: 16.6846389771
Train	AUC[ROC]: 1.000000	AUC[PR]: 0.999893
Val	AUC[ROC]: 0.793435	AUC[PR]: 0.157691
Epoch evaluation duration: 107.204046965
Epoch duration: 123.888685942

Epoch 165/1000
Epoch training duration: 16.9411928654
Train	AUC[ROC]: 1.000000	AUC[PR]: 0.999929
Val	AUC[ROC]: 0.794067	AUC[PR]: 0.154716
Epoch evaluation duration: 108.549993992
Epoch duration: 125.491186857

Epoch 166/1000
Epoch training duration: 16.9538750648
Train	AUC[ROC]: 1.000000	AUC[PR]: 0.999902
Val	AUC[ROC]: 0.789986	AUC[PR]: 0.153747
Epoch evaluation duration: 108.059479952
Epoch duration: 125.013355017

Epoch 167/1000
Epoch training duration: 16.9208481312
Train	AUC[ROC]: 1.000000	AUC[PR]: 0.999929
Val	AUC[ROC]: 0.803178	AUC[PR]: 0.160959
Epoch evaluation duration: 108.663039923
Epoch duration: 125.583888054

Epoch 168/1000
Epoch training duration: 16.3326039314
Train	AUC[ROC]: 1.000000	AUC[PR]: 0.999938
Val	AUC[ROC]: 0.804912	AUC[PR]: 0.162907
Epoch evaluation duration: 108.034185171
Epoch duration: 124.366789103

Epoch 169/1000
Epoch training duration: 16.2803359032
Train	AUC[ROC]: 1.000000	AUC[PR]: 0.999911
Val	AUC[ROC]: 0.804748	AUC[PR]: 0.162079
Epoch evaluation duration: 108.627722025
Epoch duration: 124.908057928

Epoch 170/1000
Epoch training duration: 16.5969209671
Train	AUC[ROC]: 1.000000	AUC[PR]: 0.999902
Val	AUC[ROC]: 0.796667	AUC[PR]: 0.157954
Epoch evaluation duration: 107.835160971
Epoch duration: 124.432081938

Epoch 171/1000
Epoch training duration: 16.7522420883
Train	AUC[ROC]: 1.000000	AUC[PR]: 0.999946
Val	AUC[ROC]: 0.802921	AUC[PR]: 0.153766
Epoch evaluation duration: 107.618664026
Epoch duration: 124.370906115

Epoch 172/1000
Epoch training duration: 16.8298568726
Train	AUC[ROC]: 1.000000	AUC[PR]: 0.999902
Val	AUC[ROC]: 0.802209	AUC[PR]: 0.142294
Epoch evaluation duration: 108.785549164
Epoch duration: 125.615406036

Epoch 173/1000
Epoch training duration: 16.5012648106
Train	AUC[ROC]: 1.000000	AUC[PR]: 0.999912
Val	AUC[ROC]: 0.810107	AUC[PR]: 0.149384
Epoch evaluation duration: 107.741605997
Epoch duration: 124.242870808

Epoch 174/1000
Epoch training duration: 16.6584060192
Train	AUC[ROC]: 1.000000	AUC[PR]: 0.999946
Val	AUC[ROC]: 0.800228	AUC[PR]: 0.147884
Epoch evaluation duration: 109.602475166
Epoch duration: 126.260881186

Epoch 175/1000
Epoch training duration: 16.9585618973
Train	AUC[ROC]: 1.000000	AUC[PR]: 0.999938
Val	AUC[ROC]: 0.806650	AUC[PR]: 0.154599
Epoch evaluation duration: 107.951645136
Epoch duration: 124.910207033

Epoch 176/1000
Epoch training duration: 17.1742968559
Train	AUC[ROC]: 1.000000	AUC[PR]: 0.999946
Val	AUC[ROC]: 0.810065	AUC[PR]: 0.151880
Epoch evaluation duration: 109.758041143
Epoch duration: 126.932337999

Epoch 177/1000
Epoch training duration: 16.9325289726
Train	AUC[ROC]: 1.000000	AUC[PR]: 0.999946
Val	AUC[ROC]: 0.808261	AUC[PR]: 0.151093
Epoch evaluation duration: 94.7512338161
Epoch duration: 111.683762789

Epoch 178/1000
Epoch training duration: 14.8429532051
Train	AUC[ROC]: 1.000000	AUC[PR]: 0.999928
Val	AUC[ROC]: 0.807219	AUC[PR]: 0.148946
Epoch evaluation duration: 109.530334949
Epoch duration: 124.373288155

Epoch 179/1000
Epoch training duration: 17.0840950012
Train	AUC[ROC]: 1.000000	AUC[PR]: 0.999946
Val	AUC[ROC]: 0.820694	AUC[PR]: 0.155109
Epoch evaluation duration: 108.431423903
Epoch duration: 125.515518904

Epoch 180/1000
Epoch training duration: 16.7805480957
Train	AUC[ROC]: 1.000000	AUC[PR]: 0.999929
Val	AUC[ROC]: 0.813639	AUC[PR]: 0.153975
Epoch evaluation duration: 108.810521841
Epoch duration: 125.591069937

Epoch 181/1000
Epoch training duration: 16.3967301846
Train	AUC[ROC]: 1.000000	AUC[PR]: 0.999938
Val	AUC[ROC]: 0.812246	AUC[PR]: 0.158487
Epoch evaluation duration: 108.790001869
Epoch duration: 125.186732054

Epoch 182/1000
Epoch training duration: 16.430644989
Train	AUC[ROC]: 1.000000	AUC[PR]: 0.999946
Val	AUC[ROC]: 0.817489	AUC[PR]: 0.161747
Epoch evaluation duration: 109.911072016
Epoch duration: 126.341717005

Epoch 183/1000
Epoch training duration: 16.5932869911
Train	AUC[ROC]: 1.000000	AUC[PR]: 0.999938
Val	AUC[ROC]: 0.798604	AUC[PR]: 0.159378
Epoch evaluation duration: 109.402661085
Epoch duration: 125.995948076

Epoch 184/1000
Epoch training duration: 16.8782939911
Train	AUC[ROC]: 1.000000	AUC[PR]: 0.999911
Val	AUC[ROC]: 0.819352	AUC[PR]: 0.162859
Epoch evaluation duration: 109.375407934
Epoch duration: 126.253701925

Epoch 185/1000
Epoch training duration: 16.8033070564
Train	AUC[ROC]: 1.000000	AUC[PR]: 0.999938
Val	AUC[ROC]: 0.799090	AUC[PR]: 0.170281
Epoch evaluation duration: 109.698137999
Epoch duration: 126.501445055

Epoch 186/1000
Epoch training duration: 17.0449209213
Train	AUC[ROC]: 1.000000	AUC[PR]: 0.999929
Val	AUC[ROC]: 0.797113	AUC[PR]: 0.164447
Epoch evaluation duration: 107.945309162
Epoch duration: 124.990230083

Epoch 187/1000
Epoch training duration: 17.1668488979
Train	AUC[ROC]: 1.000000	AUC[PR]: 0.999929
Val	AUC[ROC]: 0.794858	AUC[PR]: 0.159370
Epoch evaluation duration: 108.615303993
Epoch duration: 125.782152891

Epoch 188/1000
Epoch training duration: 16.6829950809
Train	AUC[ROC]: 1.000000	AUC[PR]: 0.999856
Val	AUC[ROC]: 0.787059	AUC[PR]: 0.158436
Epoch evaluation duration: 108.260612011
Epoch duration: 124.943607092

Epoch 189/1000
Epoch training duration: 16.3536739349
Train	AUC[ROC]: 1.000000	AUC[PR]: 0.999937
Val	AUC[ROC]: 0.784928	AUC[PR]: 0.151442
Epoch evaluation duration: 93.1244859695
Epoch duration: 109.478159904

Epoch 190/1000
Epoch training duration: 16.9913389683
Train	AUC[ROC]: 1.000000	AUC[PR]: 0.999946
Val	AUC[ROC]: 0.788976	AUC[PR]: 0.154911
Epoch evaluation duration: 108.64794302
Epoch duration: 125.639281988

Epoch 191/1000
Epoch training duration: 16.9514751434
Train	AUC[ROC]: 1.000000	AUC[PR]: 0.999946
Val	AUC[ROC]: 0.799421	AUC[PR]: 0.158569
Epoch evaluation duration: 109.111877918
Epoch duration: 126.063353062

Epoch 192/1000
Epoch training duration: 16.9816958904
Train	AUC[ROC]: 1.000000	AUC[PR]: 0.999911
Val	AUC[ROC]: 0.800058	AUC[PR]: 0.151622
Epoch evaluation duration: 108.730051994
Epoch duration: 125.711747885

Epoch 193/1000
Epoch training duration: 16.2753210068
Train	AUC[ROC]: 1.000000	AUC[PR]: 0.999920
Val	AUC[ROC]: 0.792187	AUC[PR]: 0.159863
Epoch evaluation duration: 109.710397005
Epoch duration: 125.985718012

Epoch 194/1000
Epoch training duration: 16.7733831406
Train	AUC[ROC]: 1.000000	AUC[PR]: 0.999911
Val	AUC[ROC]: 0.797469	AUC[PR]: 0.149345
Epoch evaluation duration: 107.978886843
Epoch duration: 124.752269983

Epoch 195/1000
Epoch training duration: 16.7999801636
Train	AUC[ROC]: 1.000000	AUC[PR]: 0.999911
Val	AUC[ROC]: 0.787104	AUC[PR]: 0.149571
Epoch evaluation duration: 108.174849987
Epoch duration: 124.974830151

Epoch 196/1000
Epoch training duration: 16.5022728443
Train	AUC[ROC]: 1.000000	AUC[PR]: 0.999929
Val	AUC[ROC]: 0.789899	AUC[PR]: 0.152832
Epoch evaluation duration: 108.640396118
Epoch duration: 125.142668962

Epoch 197/1000
Epoch training duration: 17.1605010033
Train	AUC[ROC]: 1.000000	AUC[PR]: 0.999946
Val	AUC[ROC]: 0.791120	AUC[PR]: 0.148371
Epoch evaluation duration: 108.182996035
Epoch duration: 125.343497038

Epoch 198/1000
Epoch training duration: 17.0831358433
Train	AUC[ROC]: 1.000000	AUC[PR]: 0.999911
Val	AUC[ROC]: 0.795486	AUC[PR]: 0.152945
Epoch evaluation duration: 108.622131109
Epoch duration: 125.705266953

Epoch 199/1000
Epoch training duration: 17.0051529408
Train	AUC[ROC]: 1.000000	AUC[PR]: 0.999929
Val	AUC[ROC]: 0.810700	AUC[PR]: 0.156073
Epoch evaluation duration: 108.439890146
Epoch duration: 125.445043087

Epoch 200/1000
Epoch training duration: 16.8097348213
Train	AUC[ROC]: 1.000000	AUC[PR]: 0.999919
Val	AUC[ROC]: 0.798817	AUC[PR]: 0.150760
Epoch evaluation duration: 109.58465004
Epoch duration: 126.394384861

Epoch 201/1000
Epoch training duration: 16.792443037
Train	AUC[ROC]: 1.000000	AUC[PR]: 0.999893
Val	AUC[ROC]: 0.790435	AUC[PR]: 0.150053
Epoch evaluation duration: 108.748378992
Epoch duration: 125.540822029

Epoch 202/1000
Epoch training duration: 16.7588551044
Train	AUC[ROC]: 1.000000	AUC[PR]: 0.999937
Val	AUC[ROC]: 0.791189	AUC[PR]: 0.148992
Epoch evaluation duration: 109.15484786
Epoch duration: 125.913702965

Epoch 203/1000
Epoch training duration: 17.0715579987
Train	AUC[ROC]: 1.000000	AUC[PR]: 0.999946
Val	AUC[ROC]: 0.796099	AUC[PR]: 0.152021
Epoch evaluation duration: 108.92334199
Epoch duration: 125.994899988

Epoch 204/1000
Epoch training duration: 16.6040210724
Train	AUC[ROC]: 1.000000	AUC[PR]: 0.999782
Val	AUC[ROC]: 0.803275	AUC[PR]: 0.153145
Epoch evaluation duration: 108.692130089
Epoch duration: 125.296151161

Epoch 205/1000
Epoch training duration: 16.8047668934
Train	AUC[ROC]: 1.000000	AUC[PR]: 0.999946
Val	AUC[ROC]: 0.803967	AUC[PR]: 0.158586
Epoch evaluation duration: 101.645669937
Epoch duration: 118.450436831

Epoch 206/1000
Epoch training duration: 14.494423151
Train	AUC[ROC]: 1.000000	AUC[PR]: 0.999938
Val	AUC[ROC]: 0.801535	AUC[PR]: 0.153178
Epoch evaluation duration: 104.490891933
Epoch duration: 118.985315084

Epoch 207/1000
Epoch training duration: 16.9950768948
Train	AUC[ROC]: 1.000000	AUC[PR]: 0.999928
Val	AUC[ROC]: 0.803889	AUC[PR]: 0.158457
Epoch evaluation duration: 107.789319992
Epoch duration: 124.784396887

Epoch 208/1000
Epoch training duration: 17.111287117
Train	AUC[ROC]: 1.000000	AUC[PR]: 0.999885
Val	AUC[ROC]: 0.823454	AUC[PR]: 0.144446
Epoch evaluation duration: 109.000022888
Epoch duration: 126.111310005

Epoch 209/1000
Epoch training duration: 17.1158521175
Train	AUC[ROC]: 1.000000	AUC[PR]: 0.999929
Val	AUC[ROC]: 0.818233	AUC[PR]: 0.158512
Epoch evaluation duration: 108.392459869
Epoch duration: 125.508311987

Epoch 210/1000
Epoch training duration: 17.1363880634
Train	AUC[ROC]: 1.000000	AUC[PR]: 0.999946
Val	AUC[ROC]: 0.807381	AUC[PR]: 0.161090
Epoch evaluation duration: 108.674301147
Epoch duration: 125.810689211

Epoch 211/1000
Epoch training duration: 16.6389198303
Train	AUC[ROC]: 1.000000	AUC[PR]: 0.999946
Val	AUC[ROC]: 0.802339	AUC[PR]: 0.160415
Epoch evaluation duration: 108.595932961
Epoch duration: 125.234852791

Epoch 212/1000
Epoch training duration: 17.0964651108
Train	AUC[ROC]: 1.000000	AUC[PR]: 0.999946
Val	AUC[ROC]: 0.804035	AUC[PR]: 0.163261
Epoch evaluation duration: 108.825505018
Epoch duration: 125.921970129

Epoch 213/1000
Epoch training duration: 16.8936798573
Train	AUC[ROC]: 1.000000	AUC[PR]: 0.999937
Val	AUC[ROC]: 0.799807	AUC[PR]: 0.163377
Epoch evaluation duration: 108.965429068
Epoch duration: 125.859108925

Epoch 214/1000
Epoch training duration: 16.4954960346
Train	AUC[ROC]: 1.000000	AUC[PR]: 0.999946
Val	AUC[ROC]: 0.809607	AUC[PR]: 0.160166
Epoch evaluation duration: 108.599544048
Epoch duration: 125.095040083

Epoch 215/1000
Epoch training duration: 16.8145880699
Train	AUC[ROC]: 1.000000	AUC[PR]: 0.999946
Val	AUC[ROC]: 0.813198	AUC[PR]: 0.162594
Epoch evaluation duration: 104.661379814
Epoch duration: 121.475967884

Epoch 216/1000
Epoch training duration: 14.9644761086
Train	AUC[ROC]: 1.000000	AUC[PR]: 0.999946
Val	AUC[ROC]: 0.807674	AUC[PR]: 0.160767
Epoch evaluation duration: 96.6512169838
Epoch duration: 111.615693092

Epoch 217/1000
Epoch training duration: 16.3919420242
Train	AUC[ROC]: 1.000000	AUC[PR]: 0.999946
Val	AUC[ROC]: 0.794405	AUC[PR]: 0.165628
Epoch evaluation duration: 109.124933004
Epoch duration: 125.516875029

Epoch 218/1000
Epoch training duration: 16.9709000587
Train	AUC[ROC]: 1.000000	AUC[PR]: 0.999938
Val	AUC[ROC]: 0.811109	AUC[PR]: 0.164642
Epoch evaluation duration: 108.010723829
Epoch duration: 124.981623888

Epoch 219/1000
Epoch training duration: 16.7052760124
Train	AUC[ROC]: 1.000000	AUC[PR]: 0.999929
Val	AUC[ROC]: 0.814395	AUC[PR]: 0.165735
Epoch evaluation duration: 108.516818047
Epoch duration: 125.222094059

Epoch 220/1000
Epoch training duration: 17.5115709305
Train	AUC[ROC]: 1.000000	AUC[PR]: 0.999946
Val	AUC[ROC]: 0.813678	AUC[PR]: 0.164331
Epoch evaluation duration: 108.119177103
Epoch duration: 125.630748034

Epoch 221/1000
Epoch training duration: 17.0523869991
Train	AUC[ROC]: 1.000000	AUC[PR]: 0.999920
Val	AUC[ROC]: 0.817010	AUC[PR]: 0.162814
Epoch evaluation duration: 108.153605938
Epoch duration: 125.205992937

Epoch 222/1000
Epoch training duration: 16.8564260006
Train	AUC[ROC]: 1.000000	AUC[PR]: 0.999938
Val	AUC[ROC]: 0.817807	AUC[PR]: 0.169599
Epoch evaluation duration: 107.529969931
Epoch duration: 124.386395931

Epoch 223/1000
Epoch training duration: 17.0734860897
Train	AUC[ROC]: 1.000000	AUC[PR]: 0.999929
Val	AUC[ROC]: 0.800736	AUC[PR]: 0.158156
Epoch evaluation duration: 109.786967993
Epoch duration: 126.860454082

Epoch 224/1000
Epoch training duration: 16.4895911217
Train	AUC[ROC]: 1.000000	AUC[PR]: 0.999946
Val	AUC[ROC]: 0.805810	AUC[PR]: 0.164443
Epoch evaluation duration: 109.075107813
Epoch duration: 125.564698935

Epoch 225/1000
Epoch training duration: 17.0645461082
Train	AUC[ROC]: 1.000000	AUC[PR]: 0.999946
Val	AUC[ROC]: 0.797728	AUC[PR]: 0.161465
Epoch evaluation duration: 109.480082035
Epoch duration: 126.544628143

Epoch 226/1000
Epoch training duration: 16.5754058361
Train	AUC[ROC]: 1.000000	AUC[PR]: 0.999920
Val	AUC[ROC]: 0.817841	AUC[PR]: 0.156697
Epoch evaluation duration: 106.140846014
Epoch duration: 122.71625185

Epoch 227/1000
Epoch training duration: 14.8762609959
Train	AUC[ROC]: 1.000000	AUC[PR]: 0.999937
Val	AUC[ROC]: 0.800273	AUC[PR]: 0.152401
Epoch evaluation duration: 98.2878031731
Epoch duration: 113.164064169

Epoch 228/1000
Epoch training duration: 16.4492440224
Train	AUC[ROC]: 1.000000	AUC[PR]: 0.999938
Val	AUC[ROC]: 0.802116	AUC[PR]: 0.156614
Epoch evaluation duration: 109.171859026
Epoch duration: 125.621103048

Epoch 229/1000
Epoch training duration: 17.1309969425
Train	AUC[ROC]: 1.000000	AUC[PR]: 0.999946
Val	AUC[ROC]: 0.793270	AUC[PR]: 0.160001
Epoch evaluation duration: 107.480173826
Epoch duration: 124.611170769

Epoch 230/1000
Epoch training duration: 16.6026461124
Train	AUC[ROC]: 1.000000	AUC[PR]: 0.999946
Val	AUC[ROC]: 0.796564	AUC[PR]: 0.165001
Epoch evaluation duration: 109.097517014
Epoch duration: 125.700163126

Epoch 231/1000
Epoch training duration: 17.4000658989
Train	AUC[ROC]: 1.000000	AUC[PR]: 0.999759
Val	AUC[ROC]: 0.790174	AUC[PR]: 0.168170
Epoch evaluation duration: 107.919396162
Epoch duration: 125.319462061

Epoch 232/1000
Epoch training duration: 16.9610238075
Train	AUC[ROC]: 1.000000	AUC[PR]: 0.999946
Val	AUC[ROC]: 0.774566	AUC[PR]: 0.160171
Epoch evaluation duration: 109.317082167
Epoch duration: 126.278105974

Epoch 233/1000
Epoch training duration: 16.6080248356
Train	AUC[ROC]: 1.000000	AUC[PR]: 0.999946
Val	AUC[ROC]: 0.786717	AUC[PR]: 0.159309
Epoch evaluation duration: 108.082267046
Epoch duration: 124.690291882

Epoch 234/1000
Epoch training duration: 16.8471190929
Train	AUC[ROC]: 1.000000	AUC[PR]: 0.999946
Val	AUC[ROC]: 0.791744	AUC[PR]: 0.162558
Epoch evaluation duration: 108.902291059
Epoch duration: 125.749410152

Epoch 235/1000
Epoch training duration: 16.6647129059
Train	AUC[ROC]: 1.000000	AUC[PR]: 0.999946
Val	AUC[ROC]: 0.780520	AUC[PR]: 0.159042
Epoch evaluation duration: 107.643376112
Epoch duration: 124.308089018

Epoch 236/1000
Epoch training duration: 17.1159789562
Train	AUC[ROC]: 1.000000	AUC[PR]: 0.999946
Val	AUC[ROC]: 0.773409	AUC[PR]: 0.162882
Epoch evaluation duration: 109.20244503
Epoch duration: 126.318423986

Epoch 237/1000
Epoch training duration: 16.998142004
Train	AUC[ROC]: 1.000000	AUC[PR]: 0.999946
Val	AUC[ROC]: 0.776828	AUC[PR]: 0.165639
Epoch evaluation duration: 107.394102812
Epoch duration: 124.392244816

Epoch 238/1000
Epoch training duration: 16.9974951744
Train	AUC[ROC]: 1.000000	AUC[PR]: 0.999946
Val	AUC[ROC]: 0.779926	AUC[PR]: 0.159003
Epoch evaluation duration: 109.404503822
Epoch duration: 126.401998997

Epoch 239/1000
Epoch training duration: 16.3898131847
Train	AUC[ROC]: 1.000000	AUC[PR]: 0.999938
Val	AUC[ROC]: 0.787629	AUC[PR]: 0.167618
Epoch evaluation duration: 108.025535822
Epoch duration: 124.415349007

Epoch 240/1000
Epoch training duration: 17.058314085
Train	AUC[ROC]: 1.000000	AUC[PR]: 0.999938
Val	AUC[ROC]: 0.786966	AUC[PR]: 0.160870
Epoch evaluation duration: 108.919861078
Epoch duration: 125.978175163

Epoch 241/1000
Epoch training duration: 16.6635348797
Train	AUC[ROC]: 1.000000	AUC[PR]: 0.999929
Val	AUC[ROC]: 0.775258	AUC[PR]: 0.157973
Epoch evaluation duration: 108.340111971
Epoch duration: 125.003646851

Epoch 242/1000
Epoch training duration: 16.851776123
Train	AUC[ROC]: 1.000000	AUC[PR]: 0.999938
Val	AUC[ROC]: 0.774931	AUC[PR]: 0.152280
Epoch evaluation duration: 106.866503
Epoch duration: 123.718279123

Epoch 243/1000
Epoch training duration: 17.0256578922
Train	AUC[ROC]: 1.000000	AUC[PR]: 0.999946
Val	AUC[ROC]: 0.767773	AUC[PR]: 0.152357
Epoch evaluation duration: 109.210658073
Epoch duration: 126.236315966

Epoch 244/1000
Epoch training duration: 17.0142970085
Train	AUC[ROC]: 1.000000	AUC[PR]: 0.999938
Val	AUC[ROC]: 0.774326	AUC[PR]: 0.159201
Epoch evaluation duration: 107.891655922
Epoch duration: 124.90595293

Epoch 245/1000
Epoch training duration: 16.7720911503
Train	AUC[ROC]: 1.000000	AUC[PR]: 0.999946
Val	AUC[ROC]: 0.788578	AUC[PR]: 0.156468
Epoch evaluation duration: 108.789419889
Epoch duration: 125.56151104

Epoch 246/1000
Epoch training duration: 16.8704829216
Train	AUC[ROC]: 1.000000	AUC[PR]: 0.999946
Val	AUC[ROC]: 0.783375	AUC[PR]: 0.159859
Epoch evaluation duration: 107.803918123
Epoch duration: 124.674401045

Epoch 247/1000
Epoch training duration: 17.0588440895
Train	AUC[ROC]: 1.000000	AUC[PR]: 0.999946
Val	AUC[ROC]: 0.785758	AUC[PR]: 0.172947
Epoch evaluation duration: 108.080095768
Epoch duration: 125.138939857

Epoch 248/1000
Epoch training duration: 16.8983700275
Train	AUC[ROC]: 1.000000	AUC[PR]: 0.999946
Val	AUC[ROC]: 0.790836	AUC[PR]: 0.173428
Epoch evaluation duration: 107.349201202
Epoch duration: 124.24757123

Epoch 249/1000
Epoch training duration: 16.7862517834
Train	AUC[ROC]: 1.000000	AUC[PR]: 0.999946
Val	AUC[ROC]: 0.793308	AUC[PR]: 0.163644
Epoch evaluation duration: 109.160835028
Epoch duration: 125.947086811

Epoch 250/1000
Epoch training duration: 16.9202210903
Train	AUC[ROC]: 1.000000	AUC[PR]: 0.999946
Val	AUC[ROC]: 0.795500	AUC[PR]: 0.156821
Epoch evaluation duration: 108.180840015
Epoch duration: 125.101061106

Epoch 251/1000
Epoch training duration: 16.777299881
Train	AUC[ROC]: 1.000000	AUC[PR]: 0.999938
Val	AUC[ROC]: 0.799785	AUC[PR]: 0.161817
Epoch evaluation duration: 108.516164064
Epoch duration: 125.293463945

Epoch 252/1000
Epoch training duration: 16.9893810749
Train	AUC[ROC]: 1.000000	AUC[PR]: 0.999946
Val	AUC[ROC]: 0.797306	AUC[PR]: 0.160080
Epoch evaluation duration: 108.15810585
Epoch duration: 125.147486925

Epoch 253/1000
Epoch training duration: 17.0990331173
Train	AUC[ROC]: 1.000000	AUC[PR]: 0.999937
Val	AUC[ROC]: 0.787019	AUC[PR]: 0.153227
Epoch evaluation duration: 109.02989006
Epoch duration: 126.128923178

Epoch 254/1000
Epoch training duration: 16.6960890293
Train	AUC[ROC]: 1.000000	AUC[PR]: 0.999946
Val	AUC[ROC]: 0.801606	AUC[PR]: 0.160528
Epoch evaluation duration: 108.740875006
Epoch duration: 125.436964035

Epoch 255/1000
Epoch training duration: 17.0172748566
Train	AUC[ROC]: 1.000000	AUC[PR]: 0.999929
Val	AUC[ROC]: 0.787979	AUC[PR]: 0.159782
Epoch evaluation duration: 108.043795109
Epoch duration: 125.061069965

Epoch 256/1000
Epoch training duration: 16.5981798172
Train	AUC[ROC]: 1.000000	AUC[PR]: 0.999946
Val	AUC[ROC]: 0.779126	AUC[PR]: 0.153270
Epoch evaluation duration: 108.37949419
Epoch duration: 124.977674007

Epoch 257/1000
Epoch training duration: 17.2631587982
Train	AUC[ROC]: 1.000000	AUC[PR]: 0.999946
Val	AUC[ROC]: 0.779848	AUC[PR]: 0.150191
Epoch evaluation duration: 108.005889177
Epoch duration: 125.269047976

Epoch 258/1000
Epoch training duration: 16.6740059853
Train	AUC[ROC]: 1.000000	AUC[PR]: 0.999946
Val	AUC[ROC]: 0.797787	AUC[PR]: 0.160807
Epoch evaluation duration: 105.429201841
Epoch duration: 122.103207827

train precision: 0.998745792739
train roc: 0.999998368848
train hit in top 2563: 334.0 out of 334.0

val precision: 0.203636553021
val roc: 0.824959897747
val hit in top 427: 37.0 out of 55.0

test precision: 0.308537575421
test roc: 0.835982291986
test hit in top 427: 34.0 out of 55.0

ratio: 0.02, EF: 31.8181818182,	active: 55.0
ratio: 0.02, NEF: 0.636363636364
ratio: 0.01, EF: 61.8181818182,	active: 55.0
ratio: 0.01, NEF: 0.618181818182
ratio: 0.0015, EF: 278.787878788,	active: 55.0
ratio: 0.0015, NEF: 0.418181818182
ratio: 0.001, EF: 345.454545455,	active: 55.0
ratio: 0.001, NEF: 0.452380952381

