label_name_list  [u'PriA-SSB AS Activity']
train files  ['../datasets/keck_pria/fold_0.csv' '../datasets/keck_pria/fold_1.csv'
 '../datasets/keck_pria/fold_2.csv' '../datasets/keck_pria/fold_3.csv'
 '../datasets/keck_pria/fold_4.csv' '../datasets/keck_pria/fold_5.csv']
val files  ['../datasets/keck_pria/fold_6.csv']
test files  ['../datasets/keck_pria/fold_7.csv']
Class Weight  [{0: 1.0, 1: 766.6317365269462}]
Epoch 1/1000
Epoch training duration: 16.0711688995
Train	AUC[ROC]: 0.923519	AUC[PR]: 0.115436
Val	AUC[ROC]: 0.842434	AUC[PR]: 0.094809
Epoch evaluation duration: 105.718198061
Epoch duration: 121.789366961

Epoch 2/1000
Epoch training duration: 15.7546570301
Train	AUC[ROC]: 0.965738	AUC[PR]: 0.170944
Val	AUC[ROC]: 0.865350	AUC[PR]: 0.097600
Epoch evaluation duration: 106.8933599
Epoch duration: 122.64801693

Epoch 3/1000
Epoch training duration: 16.026278019
Train	AUC[ROC]: 0.984283	AUC[PR]: 0.216595
Val	AUC[ROC]: 0.877558	AUC[PR]: 0.095122
Epoch evaluation duration: 105.754848003
Epoch duration: 121.781126022

Epoch 4/1000
Epoch training duration: 15.8185861111
Train	AUC[ROC]: 0.993663	AUC[PR]: 0.276458
Val	AUC[ROC]: 0.886245	AUC[PR]: 0.108402
Epoch evaluation duration: 107.376991987
Epoch duration: 123.195578098

Epoch 5/1000
Epoch training duration: 16.1227920055
Train	AUC[ROC]: 0.996195	AUC[PR]: 0.328262
Val	AUC[ROC]: 0.894599	AUC[PR]: 0.104976
Epoch evaluation duration: 106.117156982
Epoch duration: 122.239948988

Epoch 6/1000
Epoch training duration: 16.0529239178
Train	AUC[ROC]: 0.997706	AUC[PR]: 0.376201
Val	AUC[ROC]: 0.896856	AUC[PR]: 0.115325
Epoch evaluation duration: 108.312476158
Epoch duration: 124.365400076

Epoch 7/1000
Epoch training duration: 16.1619369984
Train	AUC[ROC]: 0.998378	AUC[PR]: 0.420078
Val	AUC[ROC]: 0.899093	AUC[PR]: 0.119804
Epoch evaluation duration: 106.118685007
Epoch duration: 122.280622005

Epoch 8/1000
Epoch training duration: 16.1330728531
Train	AUC[ROC]: 0.998936	AUC[PR]: 0.484585
Val	AUC[ROC]: 0.904830	AUC[PR]: 0.129098
Epoch evaluation duration: 107.044700146
Epoch duration: 123.177772999

Epoch 9/1000
Epoch training duration: 15.9730269909
Train	AUC[ROC]: 0.999261	AUC[PR]: 0.546843
Val	AUC[ROC]: 0.907446	AUC[PR]: 0.133479
Epoch evaluation duration: 105.783055782
Epoch duration: 121.756082773

Epoch 10/1000
Epoch training duration: 15.9838812351
Train	AUC[ROC]: 0.999369	AUC[PR]: 0.579553
Val	AUC[ROC]: 0.907224	AUC[PR]: 0.137619
Epoch evaluation duration: 107.229265928
Epoch duration: 123.213147163

Epoch 11/1000
Epoch training duration: 15.6762778759
Train	AUC[ROC]: 0.999557	AUC[PR]: 0.644234
Val	AUC[ROC]: 0.906111	AUC[PR]: 0.139565
Epoch evaluation duration: 106.455414057
Epoch duration: 122.131691933

Epoch 12/1000
Epoch training duration: 15.605588913
Train	AUC[ROC]: 0.999662	AUC[PR]: 0.698728
Val	AUC[ROC]: 0.906951	AUC[PR]: 0.143542
Epoch evaluation duration: 108.204890013
Epoch duration: 123.810478926

Epoch 13/1000
Epoch training duration: 16.1775641441
Train	AUC[ROC]: 0.999687	AUC[PR]: 0.710082
Val	AUC[ROC]: 0.901489	AUC[PR]: 0.153329
Epoch evaluation duration: 97.079834938
Epoch duration: 113.257399082

Epoch 14/1000
Epoch training duration: 14.047563076
Train	AUC[ROC]: 0.999725	AUC[PR]: 0.732812
Val	AUC[ROC]: 0.896660	AUC[PR]: 0.162341
Epoch evaluation duration: 102.827198982
Epoch duration: 116.874762058

Epoch 15/1000
Epoch training duration: 15.7334530354
Train	AUC[ROC]: 0.999791	AUC[PR]: 0.779679
Val	AUC[ROC]: 0.901692	AUC[PR]: 0.167120
Epoch evaluation duration: 106.311725855
Epoch duration: 122.04517889

Epoch 16/1000
Epoch training duration: 15.9615390301
Train	AUC[ROC]: 0.999819	AUC[PR]: 0.808439
Val	AUC[ROC]: 0.903133	AUC[PR]: 0.169492
Epoch evaluation duration: 107.461970091
Epoch duration: 123.423509121

Epoch 17/1000
Epoch training duration: 15.4845080376
Train	AUC[ROC]: 0.999826	AUC[PR]: 0.810689
Val	AUC[ROC]: 0.890788	AUC[PR]: 0.176149
Epoch evaluation duration: 105.491770983
Epoch duration: 120.97627902

Epoch 18/1000
Epoch training duration: 15.9122428894
Train	AUC[ROC]: 0.999851	AUC[PR]: 0.822650
Val	AUC[ROC]: 0.899585	AUC[PR]: 0.172819
Epoch evaluation duration: 106.818706036
Epoch duration: 122.730948925

Epoch 19/1000
Epoch training duration: 15.3287439346
Train	AUC[ROC]: 0.999875	AUC[PR]: 0.854180
Val	AUC[ROC]: 0.888068	AUC[PR]: 0.178904
Epoch evaluation duration: 107.074265957
Epoch duration: 122.403009892

Epoch 20/1000
Epoch training duration: 16.2420611382
Train	AUC[ROC]: 0.999871	AUC[PR]: 0.853797
Val	AUC[ROC]: 0.893375	AUC[PR]: 0.175397
Epoch evaluation duration: 106.275968075
Epoch duration: 122.518029213

Epoch 21/1000
Epoch training duration: 15.8423268795
Train	AUC[ROC]: 0.999884	AUC[PR]: 0.867862
Val	AUC[ROC]: 0.901573	AUC[PR]: 0.178234
Epoch evaluation duration: 107.24940896
Epoch duration: 123.09173584

Epoch 22/1000
Epoch training duration: 16.6445810795
Train	AUC[ROC]: 0.999879	AUC[PR]: 0.853176
Val	AUC[ROC]: 0.886754	AUC[PR]: 0.174103
Epoch evaluation duration: 106.040365934
Epoch duration: 122.684947014

Epoch 23/1000
Epoch training duration: 16.3380229473
Train	AUC[ROC]: 0.999907	AUC[PR]: 0.885662
Val	AUC[ROC]: 0.885854	AUC[PR]: 0.169085
Epoch evaluation duration: 106.484805107
Epoch duration: 122.822828054

Epoch 24/1000
Epoch training duration: 16.7435319424
Train	AUC[ROC]: 0.999934	AUC[PR]: 0.914441
Val	AUC[ROC]: 0.880268	AUC[PR]: 0.164185
Epoch evaluation duration: 105.989073992
Epoch duration: 122.732605934

Epoch 25/1000
Epoch training duration: 16.2420351505
Train	AUC[ROC]: 0.999946	AUC[PR]: 0.930154
Val	AUC[ROC]: 0.880311	AUC[PR]: 0.168909
Epoch evaluation duration: 106.336052895
Epoch duration: 122.578088045

Epoch 26/1000
Epoch training duration: 16.1743988991
Train	AUC[ROC]: 0.999923	AUC[PR]: 0.909550
Val	AUC[ROC]: 0.870418	AUC[PR]: 0.191732
Epoch evaluation duration: 105.15401721
Epoch duration: 121.328416109

Epoch 27/1000
Epoch training duration: 15.9255399704
Train	AUC[ROC]: 0.999948	AUC[PR]: 0.939089
Val	AUC[ROC]: 0.869589	AUC[PR]: 0.190676
Epoch evaluation duration: 106.993886948
Epoch duration: 122.919426918

Epoch 28/1000
Epoch training duration: 16.1816658974
Train	AUC[ROC]: 0.999941	AUC[PR]: 0.923623
Val	AUC[ROC]: 0.882909	AUC[PR]: 0.170973
Epoch evaluation duration: 105.692466021
Epoch duration: 121.874131918

Epoch 29/1000
Epoch training duration: 16.3432049751
Train	AUC[ROC]: 0.999960	AUC[PR]: 0.948636
Val	AUC[ROC]: 0.873227	AUC[PR]: 0.177394
Epoch evaluation duration: 107.068479061
Epoch duration: 123.411684036

Epoch 30/1000
Epoch training duration: 16.3213341236
Train	AUC[ROC]: 0.999966	AUC[PR]: 0.959474
Val	AUC[ROC]: 0.870314	AUC[PR]: 0.179390
Epoch evaluation duration: 106.147783995
Epoch duration: 122.469118118

Epoch 31/1000
Epoch training duration: 15.7943677902
Train	AUC[ROC]: 0.999964	AUC[PR]: 0.958621
Val	AUC[ROC]: 0.857590	AUC[PR]: 0.184649
Epoch evaluation duration: 107.371949196
Epoch duration: 123.166316986

Epoch 32/1000
Epoch training duration: 16.2948698997
Train	AUC[ROC]: 0.999961	AUC[PR]: 0.954773
Val	AUC[ROC]: 0.858203	AUC[PR]: 0.200473
Epoch evaluation duration: 105.527740002
Epoch duration: 121.822609901

Epoch 33/1000
Epoch training duration: 15.8106341362
Train	AUC[ROC]: 0.999965	AUC[PR]: 0.957093
Val	AUC[ROC]: 0.860452	AUC[PR]: 0.191206
Epoch evaluation duration: 106.864269972
Epoch duration: 122.674904108

Epoch 34/1000
Epoch training duration: 15.7296500206
Train	AUC[ROC]: 0.999970	AUC[PR]: 0.964576
Val	AUC[ROC]: 0.851120	AUC[PR]: 0.188543
Epoch evaluation duration: 106.311842918
Epoch duration: 122.041492939

Epoch 35/1000
Epoch training duration: 16.0198669434
Train	AUC[ROC]: 0.999975	AUC[PR]: 0.972598
Val	AUC[ROC]: 0.844910	AUC[PR]: 0.192565
Epoch evaluation duration: 106.863914013
Epoch duration: 122.883780956

Epoch 36/1000
Epoch training duration: 15.6280169487
Train	AUC[ROC]: 0.999959	AUC[PR]: 0.939565
Val	AUC[ROC]: 0.865434	AUC[PR]: 0.174563
Epoch evaluation duration: 107.625928164
Epoch duration: 123.253945112

Epoch 37/1000
Epoch training duration: 16.0713019371
Train	AUC[ROC]: 0.999975	AUC[PR]: 0.962469
Val	AUC[ROC]: 0.825791	AUC[PR]: 0.187665
Epoch evaluation duration: 106.175773859
Epoch duration: 122.247075796

Epoch 38/1000
Epoch training duration: 16.0129051208
Train	AUC[ROC]: 0.999974	AUC[PR]: 0.960701
Val	AUC[ROC]: 0.832650	AUC[PR]: 0.180829
Epoch evaluation duration: 107.585480928
Epoch duration: 123.598386049

Epoch 39/1000
Epoch training duration: 15.8981430531
Train	AUC[ROC]: 0.999976	AUC[PR]: 0.966192
Val	AUC[ROC]: 0.829779	AUC[PR]: 0.166670
Epoch evaluation duration: 106.877803087
Epoch duration: 122.77594614

Epoch 40/1000
Epoch training duration: 15.2064819336
Train	AUC[ROC]: 0.999968	AUC[PR]: 0.952820
Val	AUC[ROC]: 0.825702	AUC[PR]: 0.188246
Epoch evaluation duration: 107.045353889
Epoch duration: 122.251835823

Epoch 41/1000
Epoch training duration: 15.8819820881
Train	AUC[ROC]: 0.999976	AUC[PR]: 0.966796
Val	AUC[ROC]: 0.826937	AUC[PR]: 0.171416
Epoch evaluation duration: 105.815838099
Epoch duration: 121.697820187

Epoch 42/1000
Epoch training duration: 15.2406888008
Train	AUC[ROC]: 0.999975	AUC[PR]: 0.965104
Val	AUC[ROC]: 0.823649	AUC[PR]: 0.175480
Epoch evaluation duration: 108.02848506
Epoch duration: 123.269173861

Epoch 43/1000
Epoch training duration: 15.8059160709
Train	AUC[ROC]: 0.999979	AUC[PR]: 0.974608
Val	AUC[ROC]: 0.829325	AUC[PR]: 0.166741
Epoch evaluation duration: 105.566668034
Epoch duration: 121.372584105

Epoch 44/1000
Epoch training duration: 15.4241399765
Train	AUC[ROC]: 0.999974	AUC[PR]: 0.965161
Val	AUC[ROC]: 0.815163	AUC[PR]: 0.157166
Epoch evaluation duration: 106.809098005
Epoch duration: 122.233237982

Epoch 45/1000
Epoch training duration: 15.9395470619
Train	AUC[ROC]: 0.999981	AUC[PR]: 0.977825
Val	AUC[ROC]: 0.803970	AUC[PR]: 0.173324
Epoch evaluation duration: 106.066058874
Epoch duration: 122.005605936

Epoch 46/1000
Epoch training duration: 16.180546999
Train	AUC[ROC]: 0.999976	AUC[PR]: 0.970167
Val	AUC[ROC]: 0.811709	AUC[PR]: 0.187264
Epoch evaluation duration: 107.764441013
Epoch duration: 123.944988012

Epoch 47/1000
Epoch training duration: 16.0134470463
Train	AUC[ROC]: 0.999972	AUC[PR]: 0.967097
Val	AUC[ROC]: 0.810660	AUC[PR]: 0.187485
Epoch evaluation duration: 106.207614899
Epoch duration: 122.221061945

Epoch 48/1000
Epoch training duration: 15.7800090313
Train	AUC[ROC]: 0.999981	AUC[PR]: 0.977529
Val	AUC[ROC]: 0.808373	AUC[PR]: 0.177569
Epoch evaluation duration: 106.601356983
Epoch duration: 122.381366014

Epoch 49/1000
Epoch training duration: 15.5386960506
Train	AUC[ROC]: 0.999984	AUC[PR]: 0.981933
Val	AUC[ROC]: 0.813369	AUC[PR]: 0.151754
Epoch evaluation duration: 106.163800001
Epoch duration: 121.702496052

Epoch 50/1000
Epoch training duration: 16.3834629059
Train	AUC[ROC]: 0.999976	AUC[PR]: 0.972314
Val	AUC[ROC]: 0.812536	AUC[PR]: 0.180528
Epoch evaluation duration: 106.921730995
Epoch duration: 123.305193901

Epoch 51/1000
Epoch training duration: 15.4376571178
Train	AUC[ROC]: 0.999967	AUC[PR]: 0.951015
Val	AUC[ROC]: 0.814825	AUC[PR]: 0.163129
Epoch evaluation duration: 105.386354923
Epoch duration: 120.824012041

Epoch 52/1000
Epoch training duration: 16.4573340416
Train	AUC[ROC]: 0.999965	AUC[PR]: 0.953318
Val	AUC[ROC]: 0.797117	AUC[PR]: 0.172055
Epoch evaluation duration: 105.83219099
Epoch duration: 122.289525032

Epoch 53/1000
Epoch training duration: 15.4865660667
Train	AUC[ROC]: 0.999977	AUC[PR]: 0.970003
Val	AUC[ROC]: 0.821488	AUC[PR]: 0.181996
Epoch evaluation duration: 105.878579855
Epoch duration: 121.365145922

Epoch 54/1000
Epoch training duration: 16.0610411167
Train	AUC[ROC]: 0.999984	AUC[PR]: 0.980319
Val	AUC[ROC]: 0.804771	AUC[PR]: 0.184165
Epoch evaluation duration: 106.935858011
Epoch duration: 122.996899128

Epoch 55/1000
Epoch training duration: 16.2663328648
Train	AUC[ROC]: 0.999984	AUC[PR]: 0.980150
Val	AUC[ROC]: 0.804778	AUC[PR]: 0.178853
Epoch evaluation duration: 106.029332161
Epoch duration: 122.295665026

Epoch 56/1000
Epoch training duration: 16.5170619488
Train	AUC[ROC]: 0.999986	AUC[PR]: 0.981807
Val	AUC[ROC]: 0.788914	AUC[PR]: 0.174696
Epoch evaluation duration: 106.857041121
Epoch duration: 123.374103069

Epoch 57/1000
Epoch training duration: 16.2645127773
Train	AUC[ROC]: 0.999985	AUC[PR]: 0.979094
Val	AUC[ROC]: 0.813559	AUC[PR]: 0.179992
Epoch evaluation duration: 104.612947226
Epoch duration: 120.877460003

Epoch 58/1000
Epoch training duration: 16.0625698566
Train	AUC[ROC]: 0.999989	AUC[PR]: 0.984339
Val	AUC[ROC]: 0.798737	AUC[PR]: 0.177829
Epoch evaluation duration: 106.619919062
Epoch duration: 122.682488918

Epoch 59/1000
Epoch training duration: 15.9854290485
Train	AUC[ROC]: 0.999988	AUC[PR]: 0.984142
Val	AUC[ROC]: 0.801271	AUC[PR]: 0.181172
Epoch evaluation duration: 105.739528894
Epoch duration: 121.724957943

Epoch 60/1000
Epoch training duration: 15.9624540806
Train	AUC[ROC]: 0.999986	AUC[PR]: 0.982504
Val	AUC[ROC]: 0.794015	AUC[PR]: 0.182791
Epoch evaluation duration: 106.26096797
Epoch duration: 122.22342205

Epoch 61/1000
Epoch training duration: 15.7939400673
Train	AUC[ROC]: 0.999991	AUC[PR]: 0.990647
Val	AUC[ROC]: 0.784038	AUC[PR]: 0.173829
Epoch evaluation duration: 106.545663834
Epoch duration: 122.339603901

Epoch 62/1000
Epoch training duration: 16.1419391632
Train	AUC[ROC]: 0.999990	AUC[PR]: 0.989004
Val	AUC[ROC]: 0.788412	AUC[PR]: 0.173544
Epoch evaluation duration: 105.987626791
Epoch duration: 122.129565954

Epoch 63/1000
Epoch training duration: 15.7100601196
Train	AUC[ROC]: 0.999993	AUC[PR]: 0.993105
Val	AUC[ROC]: 0.776459	AUC[PR]: 0.169383
Epoch evaluation duration: 106.228883982
Epoch duration: 121.938944101

Epoch 64/1000
Epoch training duration: 16.0896010399
Train	AUC[ROC]: 0.999993	AUC[PR]: 0.991307
Val	AUC[ROC]: 0.798979	AUC[PR]: 0.186151
Epoch evaluation duration: 105.900533915
Epoch duration: 121.990134954

Epoch 65/1000
Epoch training duration: 15.7701640129
Train	AUC[ROC]: 0.999995	AUC[PR]: 0.994504
Val	AUC[ROC]: 0.786180	AUC[PR]: 0.168831
Epoch evaluation duration: 107.186982155
Epoch duration: 122.957146168

Epoch 66/1000
Epoch training duration: 16.2818989754
Train	AUC[ROC]: 0.999997	AUC[PR]: 0.997688
Val	AUC[ROC]: 0.780163	AUC[PR]: 0.173418
Epoch evaluation duration: 104.960165977
Epoch duration: 121.242064953

Epoch 67/1000
Epoch training duration: 16.3553619385
Train	AUC[ROC]: 0.999992	AUC[PR]: 0.988532
Val	AUC[ROC]: 0.812641	AUC[PR]: 0.160143
Epoch evaluation duration: 106.849675894
Epoch duration: 123.205037832

Epoch 68/1000
Epoch training duration: 15.9119491577
Train	AUC[ROC]: 0.999984	AUC[PR]: 0.978628
Val	AUC[ROC]: 0.774580	AUC[PR]: 0.177268
Epoch evaluation duration: 104.808207035
Epoch duration: 120.720156193

Epoch 69/1000
Epoch training duration: 16.1152009964
Train	AUC[ROC]: 0.999990	AUC[PR]: 0.988464
Val	AUC[ROC]: 0.754642	AUC[PR]: 0.173958
Epoch evaluation duration: 106.410930872
Epoch duration: 122.526131868

Epoch 70/1000
Epoch training duration: 16.0674359798
Train	AUC[ROC]: 0.999991	AUC[PR]: 0.988278
Val	AUC[ROC]: 0.770619	AUC[PR]: 0.184821
Epoch evaluation duration: 106.585307121
Epoch duration: 122.652743101

Epoch 71/1000
Epoch training duration: 15.97929883
Train	AUC[ROC]: 0.999996	AUC[PR]: 0.995470
Val	AUC[ROC]: 0.762304	AUC[PR]: 0.168439
Epoch evaluation duration: 106.298018217
Epoch duration: 122.277317047

Epoch 72/1000
Epoch training duration: 16.1415708065
Train	AUC[ROC]: 0.999979	AUC[PR]: 0.969827
Val	AUC[ROC]: 0.798103	AUC[PR]: 0.136813
Epoch evaluation duration: 106.403537035
Epoch duration: 122.545107841

Epoch 73/1000
Epoch training duration: 16.2111051083
Train	AUC[ROC]: 0.999983	AUC[PR]: 0.976693
Val	AUC[ROC]: 0.751945	AUC[PR]: 0.163352
Epoch evaluation duration: 92.74061203
Epoch duration: 108.951717138

Epoch 74/1000
Epoch training duration: 14.1314249039
Train	AUC[ROC]: 0.999982	AUC[PR]: 0.976204
Val	AUC[ROC]: 0.793279	AUC[PR]: 0.170782
Epoch evaluation duration: 106.789088011
Epoch duration: 120.920512915

Epoch 75/1000
Epoch training duration: 15.9658749104
Train	AUC[ROC]: 0.999989	AUC[PR]: 0.983936
Val	AUC[ROC]: 0.748762	AUC[PR]: 0.173312
Epoch evaluation duration: 106.823952198
Epoch duration: 122.789827108

Epoch 76/1000
Epoch training duration: 15.5928750038
Train	AUC[ROC]: 0.999990	AUC[PR]: 0.983173
Val	AUC[ROC]: 0.741670	AUC[PR]: 0.177481
Epoch evaluation duration: 106.159900904
Epoch duration: 121.752775908

Epoch 77/1000
Epoch training duration: 15.7638070583
Train	AUC[ROC]: 0.999984	AUC[PR]: 0.976356
Val	AUC[ROC]: 0.774708	AUC[PR]: 0.193436
Epoch evaluation duration: 104.962036848
Epoch duration: 120.725843906

Epoch 78/1000
Epoch training duration: 15.1825890541
Train	AUC[ROC]: 0.999984	AUC[PR]: 0.973632
Val	AUC[ROC]: 0.757311	AUC[PR]: 0.172116
Epoch evaluation duration: 105.789242029
Epoch duration: 120.971831083

Epoch 79/1000
Epoch training duration: 15.8599328995
Train	AUC[ROC]: 0.999982	AUC[PR]: 0.972391
Val	AUC[ROC]: 0.752969	AUC[PR]: 0.149359
Epoch evaluation duration: 106.493548155
Epoch duration: 122.353481054

Epoch 80/1000
Epoch training duration: 15.1536099911
Train	AUC[ROC]: 0.999964	AUC[PR]: 0.949577
Val	AUC[ROC]: 0.744522	AUC[PR]: 0.128135
Epoch evaluation duration: 106.343669891
Epoch duration: 121.497279882

Epoch 81/1000
Epoch training duration: 15.9720859528
Train	AUC[ROC]: 0.999965	AUC[PR]: 0.952034
Val	AUC[ROC]: 0.775287	AUC[PR]: 0.132803
Epoch evaluation duration: 104.933319092
Epoch duration: 120.905405045

Epoch 82/1000
Epoch training duration: 16.106069088
Train	AUC[ROC]: 0.999975	AUC[PR]: 0.962062
Val	AUC[ROC]: 0.758105	AUC[PR]: 0.129676
Epoch evaluation duration: 105.512835979
Epoch duration: 121.618905067

Epoch 83/1000
Epoch training duration: 15.7418868542
Train	AUC[ROC]: 0.999980	AUC[PR]: 0.970447
Val	AUC[ROC]: 0.740363	AUC[PR]: 0.146035
Epoch evaluation duration: 105.749876976
Epoch duration: 121.49176383

Epoch 84/1000
Epoch training duration: 15.6789131165
Train	AUC[ROC]: 0.999985	AUC[PR]: 0.979374
Val	AUC[ROC]: 0.730808	AUC[PR]: 0.150834
Epoch evaluation duration: 105.128196955
Epoch duration: 120.807110071

Epoch 85/1000
Epoch training duration: 15.0271570683
Train	AUC[ROC]: 0.999989	AUC[PR]: 0.984178
Val	AUC[ROC]: 0.727312	AUC[PR]: 0.161411
Epoch evaluation duration: 106.481447935
Epoch duration: 121.508605003

Epoch 86/1000
Epoch training duration: 15.2136650085
Train	AUC[ROC]: 0.999992	AUC[PR]: 0.989442
Val	AUC[ROC]: 0.727203	AUC[PR]: 0.142270
Epoch evaluation duration: 105.00019908
Epoch duration: 120.213864088

Epoch 87/1000
Epoch training duration: 15.4205758572
Train	AUC[ROC]: 0.999992	AUC[PR]: 0.986803
Val	AUC[ROC]: 0.708442	AUC[PR]: 0.154129
Epoch evaluation duration: 104.313338995
Epoch duration: 119.733914852

Epoch 88/1000
Epoch training duration: 15.2859489918
Train	AUC[ROC]: 0.999986	AUC[PR]: 0.978075
Val	AUC[ROC]: 0.754530	AUC[PR]: 0.113839
Epoch evaluation duration: 105.020727158
Epoch duration: 120.306676149

Epoch 89/1000
Epoch training duration: 15.6255249977
Train	AUC[ROC]: 0.999983	AUC[PR]: 0.974881
Val	AUC[ROC]: 0.749831	AUC[PR]: 0.111321
Epoch evaluation duration: 106.148609877
Epoch duration: 121.774134874

Epoch 90/1000
Epoch training duration: 15.5651390553
Train	AUC[ROC]: 0.999985	AUC[PR]: 0.976195
Val	AUC[ROC]: 0.745795	AUC[PR]: 0.107850
Epoch evaluation duration: 105.098709106
Epoch duration: 120.663848162

Epoch 91/1000
Epoch training duration: 16.0119760036
Train	AUC[ROC]: 0.999985	AUC[PR]: 0.974576
Val	AUC[ROC]: 0.723007	AUC[PR]: 0.134731
Epoch evaluation duration: 106.392277002
Epoch duration: 122.404253006

Epoch 92/1000
Epoch training duration: 15.8153338432
Train	AUC[ROC]: 0.999987	AUC[PR]: 0.981017
Val	AUC[ROC]: 0.718708	AUC[PR]: 0.138589
Epoch evaluation duration: 105.361101151
Epoch duration: 121.176434994

Epoch 93/1000
Epoch training duration: 16.1685769558
Train	AUC[ROC]: 0.999984	AUC[PR]: 0.974758
Val	AUC[ROC]: 0.742895	AUC[PR]: 0.132854
Epoch evaluation duration: 105.564893961
Epoch duration: 121.733470917

Epoch 94/1000
Epoch training duration: 16.1485500336
Train	AUC[ROC]: 0.999983	AUC[PR]: 0.974000
Val	AUC[ROC]: 0.735366	AUC[PR]: 0.135146
Epoch evaluation duration: 105.763725996
Epoch duration: 121.91227603

Epoch 95/1000
Epoch training duration: 15.9874060154
Train	AUC[ROC]: 0.999987	AUC[PR]: 0.982414
Val	AUC[ROC]: 0.752342	AUC[PR]: 0.114754
Epoch evaluation duration: 105.147640944
Epoch duration: 121.135046959

Epoch 96/1000
Epoch training duration: 16.0093810558
Train	AUC[ROC]: 0.999983	AUC[PR]: 0.974027
Val	AUC[ROC]: 0.721758	AUC[PR]: 0.123844
Epoch evaluation duration: 104.419015884
Epoch duration: 120.42839694

Epoch 97/1000
Epoch training duration: 15.91771698
Train	AUC[ROC]: 0.999986	AUC[PR]: 0.978722
Val	AUC[ROC]: 0.710027	AUC[PR]: 0.124046
Epoch evaluation duration: 104.650963068
Epoch duration: 120.568680048

Epoch 98/1000
Epoch training duration: 16.1743779182
Train	AUC[ROC]: 0.999980	AUC[PR]: 0.970276
Val	AUC[ROC]: 0.772015	AUC[PR]: 0.098324
Epoch evaluation duration: 104.58665204
Epoch duration: 120.761029959

Epoch 99/1000
Epoch training duration: 16.3475389481
Train	AUC[ROC]: 0.999972	AUC[PR]: 0.964094
Val	AUC[ROC]: 0.772457	AUC[PR]: 0.080333
Epoch evaluation duration: 105.345526218
Epoch duration: 121.693065166

Epoch 100/1000
Epoch training duration: 15.7660570145
Train	AUC[ROC]: 0.999952	AUC[PR]: 0.941063
Val	AUC[ROC]: 0.787907	AUC[PR]: 0.062455
Epoch evaluation duration: 105.91307497
Epoch duration: 121.679131985

Epoch 101/1000
Epoch training duration: 15.1407790184
Train	AUC[ROC]: 0.999967	AUC[PR]: 0.956230
Val	AUC[ROC]: 0.794482	AUC[PR]: 0.076041
Epoch evaluation duration: 104.549103975
Epoch duration: 119.689882994

Epoch 102/1000
Epoch training duration: 15.3498120308
Train	AUC[ROC]: 0.999975	AUC[PR]: 0.967454
Val	AUC[ROC]: 0.804774	AUC[PR]: 0.079630
Epoch evaluation duration: 106.127645969
Epoch duration: 121.477458

Epoch 103/1000
Epoch training duration: 15.9502739906
Train	AUC[ROC]: 0.999980	AUC[PR]: 0.971231
Val	AUC[ROC]: 0.793819	AUC[PR]: 0.088774
Epoch evaluation duration: 104.967279911
Epoch duration: 120.917553902

Epoch 104/1000
Epoch training duration: 15.3754329681
Train	AUC[ROC]: 0.999980	AUC[PR]: 0.970756
Val	AUC[ROC]: 0.789324	AUC[PR]: 0.089191
Epoch evaluation duration: 106.013436079
Epoch duration: 121.388869047

Epoch 105/1000
Epoch training duration: 15.3171908855
Train	AUC[ROC]: 0.999983	AUC[PR]: 0.972742
Val	AUC[ROC]: 0.777446	AUC[PR]: 0.097282
Epoch evaluation duration: 104.963064194
Epoch duration: 120.280255079

Epoch 106/1000
Epoch training duration: 15.885671854
Train	AUC[ROC]: 0.999984	AUC[PR]: 0.973597
Val	AUC[ROC]: 0.768138	AUC[PR]: 0.097285
Epoch evaluation duration: 106.817124128
Epoch duration: 122.702795982

Epoch 107/1000
Epoch training duration: 15.2525398731
Train	AUC[ROC]: 0.999981	AUC[PR]: 0.970661
Val	AUC[ROC]: 0.788494	AUC[PR]: 0.090397
Epoch evaluation duration: 105.278162956
Epoch duration: 120.530702829

Epoch 108/1000
Epoch training duration: 16.0572400093
Train	AUC[ROC]: 0.999983	AUC[PR]: 0.973552
Val	AUC[ROC]: 0.803167	AUC[PR]: 0.088073
Epoch evaluation duration: 104.515727997
Epoch duration: 120.572968006

Epoch 109/1000
Epoch training duration: 15.4993369579
Train	AUC[ROC]: 0.999984	AUC[PR]: 0.973976
Val	AUC[ROC]: 0.781232	AUC[PR]: 0.094337
Epoch evaluation duration: 105.746203184
Epoch duration: 121.245540142

Epoch 110/1000
Epoch training duration: 15.9609119892
Train	AUC[ROC]: 0.999984	AUC[PR]: 0.974865
Val	AUC[ROC]: 0.773040	AUC[PR]: 0.094538
Epoch evaluation duration: 105.083148956
Epoch duration: 121.044060946

Epoch 111/1000
Epoch training duration: 15.3942968845
Train	AUC[ROC]: 0.999985	AUC[PR]: 0.975298
Val	AUC[ROC]: 0.762086	AUC[PR]: 0.095442
Epoch evaluation duration: 105.32091713
Epoch duration: 120.715214014

Epoch 112/1000
Epoch training duration: 16.0758969784
Train	AUC[ROC]: 0.999985	AUC[PR]: 0.974084
Val	AUC[ROC]: 0.750809	AUC[PR]: 0.098398
Epoch evaluation duration: 106.429815054
Epoch duration: 122.505712032

Epoch 113/1000
Epoch training duration: 16.1248078346
Train	AUC[ROC]: 0.999986	AUC[PR]: 0.976446
Val	AUC[ROC]: 0.778487	AUC[PR]: 0.092532
Epoch evaluation duration: 106.144546032
Epoch duration: 122.269353867

Epoch 114/1000
Epoch training duration: 16.2962119579
Train	AUC[ROC]: 0.999984	AUC[PR]: 0.976177
Val	AUC[ROC]: 0.789720	AUC[PR]: 0.087281
Epoch evaluation duration: 105.31981802
Epoch duration: 121.616029978

Epoch 115/1000
Epoch training duration: 16.2436041832
Train	AUC[ROC]: 0.999982	AUC[PR]: 0.970870
Val	AUC[ROC]: 0.792168	AUC[PR]: 0.092791
Epoch evaluation duration: 105.232431889
Epoch duration: 121.476036072

Epoch 116/1000
Epoch training duration: 15.5874660015
Train	AUC[ROC]: 0.999983	AUC[PR]: 0.973263
Val	AUC[ROC]: 0.777885	AUC[PR]: 0.102472
Epoch evaluation duration: 105.680014133
Epoch duration: 121.267480135

Epoch 117/1000
Epoch training duration: 15.3694648743
Train	AUC[ROC]: 0.999986	AUC[PR]: 0.978467
Val	AUC[ROC]: 0.795589	AUC[PR]: 0.091786
Epoch evaluation duration: 105.799073935
Epoch duration: 121.168538809

Epoch 118/1000
Epoch training duration: 15.8579189777
Train	AUC[ROC]: 0.999985	AUC[PR]: 0.976644
Val	AUC[ROC]: 0.780905	AUC[PR]: 0.094116
Epoch evaluation duration: 105.001799107
Epoch duration: 120.859718084

Epoch 119/1000
Epoch training duration: 15.9303898811
Train	AUC[ROC]: 0.999980	AUC[PR]: 0.969175
Val	AUC[ROC]: 0.756978	AUC[PR]: 0.099264
Epoch evaluation duration: 107.377719164
Epoch duration: 123.308109045

Epoch 120/1000
Epoch training duration: 15.9539780617
Train	AUC[ROC]: 0.999982	AUC[PR]: 0.973041
Val	AUC[ROC]: 0.745797	AUC[PR]: 0.103150
Epoch evaluation duration: 104.360236883
Epoch duration: 120.314214945

Epoch 121/1000
Epoch training duration: 15.9644720554
Train	AUC[ROC]: 0.999984	AUC[PR]: 0.975339
Val	AUC[ROC]: 0.738899	AUC[PR]: 0.108551
Epoch evaluation duration: 105.54833889
Epoch duration: 121.512810946

Epoch 122/1000
Epoch training duration: 15.9230210781
Train	AUC[ROC]: 0.999985	AUC[PR]: 0.977964
Val	AUC[ROC]: 0.764155	AUC[PR]: 0.104157
Epoch evaluation duration: 105.496342897
Epoch duration: 121.419363976

Epoch 123/1000
Epoch training duration: 15.5910391808
Train	AUC[ROC]: 0.999985	AUC[PR]: 0.977371
Val	AUC[ROC]: 0.756049	AUC[PR]: 0.113462
Epoch evaluation duration: 106.617873907
Epoch duration: 122.208913088

Epoch 124/1000
Epoch training duration: 15.3925418854
Train	AUC[ROC]: 0.999984	AUC[PR]: 0.975868
Val	AUC[ROC]: 0.763379	AUC[PR]: 0.107454
Epoch evaluation duration: 104.064120054
Epoch duration: 119.45666194

Epoch 125/1000
Epoch training duration: 15.8325941563
Train	AUC[ROC]: 0.999985	AUC[PR]: 0.977041
Val	AUC[ROC]: 0.741090	AUC[PR]: 0.114640
Epoch evaluation duration: 105.574549913
Epoch duration: 121.40714407

Epoch 126/1000
Epoch training duration: 15.5481789112
Train	AUC[ROC]: 0.999986	AUC[PR]: 0.979077
Val	AUC[ROC]: 0.771834	AUC[PR]: 0.119651
Epoch evaluation duration: 105.080466986
Epoch duration: 120.628645897

Epoch 127/1000
Epoch training duration: 15.9283289909
Train	AUC[ROC]: 0.999987	AUC[PR]: 0.980266
Val	AUC[ROC]: 0.763299	AUC[PR]: 0.112469
Epoch evaluation duration: 106.839892149
Epoch duration: 122.76822114

Epoch 128/1000
Epoch training duration: 15.9440989494
Train	AUC[ROC]: 0.999986	AUC[PR]: 0.977517
Val	AUC[ROC]: 0.781081	AUC[PR]: 0.098455
Epoch evaluation duration: 105.428658009
Epoch duration: 121.372756958

Epoch 129/1000
Epoch training duration: 16.3319139481
Train	AUC[ROC]: 0.999986	AUC[PR]: 0.978200
Val	AUC[ROC]: 0.773397	AUC[PR]: 0.115112
Epoch evaluation duration: 107.091516972
Epoch duration: 123.42343092

Epoch 130/1000
Epoch training duration: 15.7133181095
Train	AUC[ROC]: 0.999984	AUC[PR]: 0.976438
Val	AUC[ROC]: 0.752102	AUC[PR]: 0.102859
Epoch evaluation duration: 105.503696918
Epoch duration: 121.217015028

Epoch 131/1000
Epoch training duration: 15.5677540302
Train	AUC[ROC]: 0.999982	AUC[PR]: 0.972835
Val	AUC[ROC]: 0.747089	AUC[PR]: 0.101574
Epoch evaluation duration: 106.036910057
Epoch duration: 121.604664087

Epoch 132/1000
Epoch training duration: 15.3160209656
Train	AUC[ROC]: 0.999984	AUC[PR]: 0.977656
Val	AUC[ROC]: 0.794842	AUC[PR]: 0.089721
Epoch evaluation duration: 105.736762047
Epoch duration: 121.052783012

Epoch 133/1000
Epoch training duration: 15.6990659237
Train	AUC[ROC]: 0.999987	AUC[PR]: 0.980786
Val	AUC[ROC]: 0.766254	AUC[PR]: 0.106317
Epoch evaluation duration: 104.654947996
Epoch duration: 120.35401392

Epoch 134/1000
Epoch training duration: 15.542963028
Train	AUC[ROC]: 0.999985	AUC[PR]: 0.977806
Val	AUC[ROC]: 0.775063	AUC[PR]: 0.103383
Epoch evaluation duration: 105.65090394
Epoch duration: 121.193866968

Epoch 135/1000
Epoch training duration: 16.0897381306
Train	AUC[ROC]: 0.999984	AUC[PR]: 0.975276
Val	AUC[ROC]: 0.764619	AUC[PR]: 0.102776
Epoch evaluation duration: 103.755383015
Epoch duration: 119.845121145

Epoch 136/1000
Epoch training duration: 15.5544669628
Train	AUC[ROC]: 0.999985	AUC[PR]: 0.978023
Val	AUC[ROC]: 0.769583	AUC[PR]: 0.105025
Epoch evaluation duration: 104.173931837
Epoch duration: 119.7283988

Epoch 137/1000
Epoch training duration: 15.5043680668
Train	AUC[ROC]: 0.999986	AUC[PR]: 0.979618
Val	AUC[ROC]: 0.778036	AUC[PR]: 0.112886
Epoch evaluation duration: 104.199218035
Epoch duration: 119.703586102

Epoch 138/1000
Epoch training duration: 15.8070940971
Train	AUC[ROC]: 0.999988	AUC[PR]: 0.982160
Val	AUC[ROC]: 0.781378	AUC[PR]: 0.114861
Epoch evaluation duration: 105.203473806
Epoch duration: 121.010567904

Epoch 139/1000
Epoch training duration: 15.7976760864
Train	AUC[ROC]: 0.999990	AUC[PR]: 0.985442
Val	AUC[ROC]: 0.770016	AUC[PR]: 0.117514
Epoch evaluation duration: 104.254600048
Epoch duration: 120.052276134

Epoch 140/1000
Epoch training duration: 15.7733020782
Train	AUC[ROC]: 0.999990	AUC[PR]: 0.985650
Val	AUC[ROC]: 0.761798	AUC[PR]: 0.120141
Epoch evaluation duration: 106.043915987
Epoch duration: 121.817218065

Epoch 141/1000
Epoch training duration: 15.7891209126
Train	AUC[ROC]: 0.999990	AUC[PR]: 0.984612
Val	AUC[ROC]: 0.774300	AUC[PR]: 0.116310
Epoch evaluation duration: 105.299393892
Epoch duration: 121.088514805

Epoch 142/1000
Epoch training duration: 15.8099880219
Train	AUC[ROC]: 0.999985	AUC[PR]: 0.976830
Val	AUC[ROC]: 0.763496	AUC[PR]: 0.112924
Epoch evaluation duration: 105.464748144
Epoch duration: 121.274736166

Epoch 143/1000
Epoch training duration: 15.9497439861
Train	AUC[ROC]: 0.999986	AUC[PR]: 0.979205
Val	AUC[ROC]: 0.755950	AUC[PR]: 0.119031
Epoch evaluation duration: 104.918088913
Epoch duration: 120.867832899

Epoch 144/1000
Epoch training duration: 15.2812800407
Train	AUC[ROC]: 0.999990	AUC[PR]: 0.986263
Val	AUC[ROC]: 0.745429	AUC[PR]: 0.119177
Epoch evaluation duration: 106.068826914
Epoch duration: 121.350106955

Epoch 145/1000
Epoch training duration: 16.0325880051
Train	AUC[ROC]: 0.999987	AUC[PR]: 0.980963
Val	AUC[ROC]: 0.759207	AUC[PR]: 0.118230
Epoch evaluation duration: 104.787356138
Epoch duration: 120.819944143

Epoch 146/1000
Epoch training duration: 16.0355098248
Train	AUC[ROC]: 0.999987	AUC[PR]: 0.980413
Val	AUC[ROC]: 0.751288	AUC[PR]: 0.117849
Epoch evaluation duration: 106.487065077
Epoch duration: 122.522574902

Epoch 147/1000
Epoch training duration: 15.4446399212
Train	AUC[ROC]: 0.999988	AUC[PR]: 0.982589
Val	AUC[ROC]: 0.783542	AUC[PR]: 0.112152
Epoch evaluation duration: 105.764128208
Epoch duration: 121.208768129

Epoch 148/1000
Epoch training duration: 15.8988978863
Train	AUC[ROC]: 0.999989	AUC[PR]: 0.983808
Val	AUC[ROC]: 0.754109	AUC[PR]: 0.114871
Epoch evaluation duration: 106.147706032
Epoch duration: 122.046603918

Epoch 149/1000
Epoch training duration: 15.6445119381
Train	AUC[ROC]: 0.999992	AUC[PR]: 0.988213
Val	AUC[ROC]: 0.755460	AUC[PR]: 0.119107
Epoch evaluation duration: 105.466601133
Epoch duration: 121.111113071

Epoch 150/1000
Epoch training duration: 16.1007709503
Train	AUC[ROC]: 0.999985	AUC[PR]: 0.977122
Val	AUC[ROC]: 0.773003	AUC[PR]: 0.106811
Epoch evaluation duration: 105.627328873
Epoch duration: 121.728099823

Epoch 151/1000
Epoch training duration: 15.4690260887
Train	AUC[ROC]: 0.999986	AUC[PR]: 0.978364
Val	AUC[ROC]: 0.758975	AUC[PR]: 0.108424
Epoch evaluation duration: 105.116504908
Epoch duration: 120.585530996

Epoch 152/1000
Epoch training duration: 15.7163760662
Train	AUC[ROC]: 0.999983	AUC[PR]: 0.974879
Val	AUC[ROC]: 0.773984	AUC[PR]: 0.111791
Epoch evaluation duration: 105.810909986
Epoch duration: 121.527286053

Epoch 153/1000
Epoch training duration: 15.5943329334
Train	AUC[ROC]: 0.999985	AUC[PR]: 0.976773
Val	AUC[ROC]: 0.776006	AUC[PR]: 0.116205
Epoch evaluation duration: 106.804329157
Epoch duration: 122.39866209

Epoch 154/1000
Epoch training duration: 15.8468990326
Train	AUC[ROC]: 0.999983	AUC[PR]: 0.974611
Val	AUC[ROC]: 0.762194	AUC[PR]: 0.121385
Epoch evaluation duration: 104.444219828
Epoch duration: 120.29111886

Epoch 155/1000
Epoch training duration: 15.6643190384
Train	AUC[ROC]: 0.999983	AUC[PR]: 0.974857
Val	AUC[ROC]: 0.759082	AUC[PR]: 0.124351
Epoch evaluation duration: 107.107053041
Epoch duration: 122.77137208

Epoch 156/1000
Epoch training duration: 16.0911619663
Train	AUC[ROC]: 0.999985	AUC[PR]: 0.977809
Val	AUC[ROC]: 0.752011	AUC[PR]: 0.123443
Epoch evaluation duration: 104.994372129
Epoch duration: 121.085534096

Epoch 157/1000
Epoch training duration: 15.803385973
Train	AUC[ROC]: 0.999989	AUC[PR]: 0.983962
Val	AUC[ROC]: 0.734917	AUC[PR]: 0.125982
Epoch evaluation duration: 105.381902933
Epoch duration: 121.185288906

Epoch 158/1000
Epoch training duration: 15.935781002
Train	AUC[ROC]: 0.999990	AUC[PR]: 0.986011
Val	AUC[ROC]: 0.756551	AUC[PR]: 0.119362
Epoch evaluation duration: 104.037787914
Epoch duration: 119.973568916

Epoch 159/1000
Epoch training duration: 15.9514641762
Train	AUC[ROC]: 0.999989	AUC[PR]: 0.983484
Val	AUC[ROC]: 0.764792	AUC[PR]: 0.115837
Epoch evaluation duration: 106.94511199
Epoch duration: 122.896576166

Epoch 160/1000
Epoch training duration: 15.8910608292
Train	AUC[ROC]: 0.999989	AUC[PR]: 0.984231
Val	AUC[ROC]: 0.771972	AUC[PR]: 0.103431
Epoch evaluation duration: 104.686644077
Epoch duration: 120.577704906

Epoch 161/1000
Epoch training duration: 15.9122509956
Train	AUC[ROC]: 0.999990	AUC[PR]: 0.984086
Val	AUC[ROC]: 0.741826	AUC[PR]: 0.116495
Epoch evaluation duration: 105.774996996
Epoch duration: 121.687247992

Epoch 162/1000
Epoch training duration: 15.4943299294
Train	AUC[ROC]: 0.999989	AUC[PR]: 0.982747
Val	AUC[ROC]: 0.788455	AUC[PR]: 0.107232
Epoch evaluation duration: 106.024509192
Epoch duration: 121.518839121

Epoch 163/1000
Epoch training duration: 16.0905458927
Train	AUC[ROC]: 0.999991	AUC[PR]: 0.987596
Val	AUC[ROC]: 0.764904	AUC[PR]: 0.112848
Epoch evaluation duration: 104.642038107
Epoch duration: 120.732584

Epoch 164/1000
Epoch training duration: 15.6591899395
Train	AUC[ROC]: 0.999991	AUC[PR]: 0.987648
Val	AUC[ROC]: 0.748783	AUC[PR]: 0.112722
Epoch evaluation duration: 105.134847879
Epoch duration: 120.794037819

Epoch 165/1000
Epoch training duration: 15.7976272106
Train	AUC[ROC]: 0.999991	AUC[PR]: 0.985887
Val	AUC[ROC]: 0.753662	AUC[PR]: 0.112313
Epoch evaluation duration: 105.534172773
Epoch duration: 121.331799984

Epoch 166/1000
Epoch training duration: 15.297055006
Train	AUC[ROC]: 0.999990	AUC[PR]: 0.985345
Val	AUC[ROC]: 0.740423	AUC[PR]: 0.113337
Epoch evaluation duration: 105.098111153
Epoch duration: 120.395166159

Epoch 167/1000
Epoch training duration: 15.7174520493
Train	AUC[ROC]: 0.999993	AUC[PR]: 0.989067
Val	AUC[ROC]: 0.755267	AUC[PR]: 0.110707
Epoch evaluation duration: 104.787146807
Epoch duration: 120.504598856

Epoch 168/1000
Epoch training duration: 16.0612461567
Train	AUC[ROC]: 0.999992	AUC[PR]: 0.988423
Val	AUC[ROC]: 0.791625	AUC[PR]: 0.115099
Epoch evaluation duration: 105.327677965
Epoch duration: 121.388924122

Epoch 169/1000
Epoch training duration: 16.3523008823
Train	AUC[ROC]: 0.999988	AUC[PR]: 0.981956
Val	AUC[ROC]: 0.797435	AUC[PR]: 0.111794
Epoch evaluation duration: 104.549785137
Epoch duration: 120.90208602

Epoch 170/1000
Epoch training duration: 15.5433249474
Train	AUC[ROC]: 0.999986	AUC[PR]: 0.978774
Val	AUC[ROC]: 0.786691	AUC[PR]: 0.112516
Epoch evaluation duration: 105.88456893
Epoch duration: 121.427893877

Epoch 171/1000
Epoch training duration: 15.9270300865
Train	AUC[ROC]: 0.999990	AUC[PR]: 0.985082
Val	AUC[ROC]: 0.792809	AUC[PR]: 0.107159
Epoch evaluation duration: 103.619203091
Epoch duration: 119.546233177

Epoch 172/1000
Epoch training duration: 15.789110899
Train	AUC[ROC]: 0.999992	AUC[PR]: 0.987967
Val	AUC[ROC]: 0.807798	AUC[PR]: 0.106101
Epoch evaluation duration: 104.232677937
Epoch duration: 120.021788836

Epoch 173/1000
Epoch training duration: 16.2203540802
Train	AUC[ROC]: 0.999988	AUC[PR]: 0.982619
Val	AUC[ROC]: 0.802863	AUC[PR]: 0.107177
Epoch evaluation duration: 106.941478968
Epoch duration: 123.161833048

Epoch 174/1000
Epoch training duration: 15.8361809254
Train	AUC[ROC]: 0.999989	AUC[PR]: 0.983222
Val	AUC[ROC]: 0.793953	AUC[PR]: 0.110912
Epoch evaluation duration: 106.692171097
Epoch duration: 122.528352022

Epoch 175/1000
Epoch training duration: 15.8022089005
Train	AUC[ROC]: 0.999991	AUC[PR]: 0.986313
Val	AUC[ROC]: 0.779885	AUC[PR]: 0.116211
Epoch evaluation duration: 105.973011017
Epoch duration: 121.775219917

Epoch 176/1000
Epoch training duration: 15.5313301086
Train	AUC[ROC]: 0.999989	AUC[PR]: 0.984157
Val	AUC[ROC]: 0.805316	AUC[PR]: 0.115542
Epoch evaluation duration: 106.099179029
Epoch duration: 121.630509138

Epoch 177/1000
Epoch training duration: 16.5404539108
Train	AUC[ROC]: 0.999988	AUC[PR]: 0.982516
Val	AUC[ROC]: 0.844735	AUC[PR]: 0.110454
Epoch evaluation duration: 103.771091938
Epoch duration: 120.311545849

Epoch 178/1000
Epoch training duration: 16.3682260513
Train	AUC[ROC]: 0.999988	AUC[PR]: 0.982250
Val	AUC[ROC]: 0.830205	AUC[PR]: 0.108924
Epoch evaluation duration: 106.734564066
Epoch duration: 123.102790117

Epoch 179/1000
Epoch training duration: 15.9460380077
Train	AUC[ROC]: 0.999989	AUC[PR]: 0.983506
Val	AUC[ROC]: 0.815858	AUC[PR]: 0.110882
Epoch evaluation duration: 105.829552889
Epoch duration: 121.775590897

Epoch 180/1000
Epoch training duration: 16.1107070446
Train	AUC[ROC]: 0.999990	AUC[PR]: 0.984701
Val	AUC[ROC]: 0.810882	AUC[PR]: 0.124373
Epoch evaluation duration: 106.885569096
Epoch duration: 122.99627614

Epoch 181/1000
Epoch training duration: 15.8357889652
Train	AUC[ROC]: 0.999991	AUC[PR]: 0.985640
Val	AUC[ROC]: 0.804750	AUC[PR]: 0.126162
Epoch evaluation duration: 104.778899908
Epoch duration: 120.614688873

Epoch 182/1000
Epoch training duration: 15.9611251354
Train	AUC[ROC]: 0.999989	AUC[PR]: 0.982563
Val	AUC[ROC]: 0.843057	AUC[PR]: 0.122008
Epoch evaluation duration: 105.431126833
Epoch duration: 121.392251968

Epoch 183/1000
Epoch training duration: 16.014124155
Train	AUC[ROC]: 0.999989	AUC[PR]: 0.983142
Val	AUC[ROC]: 0.821485	AUC[PR]: 0.127742
Epoch evaluation duration: 106.2903409
Epoch duration: 122.304465055

Epoch 184/1000
Epoch training duration: 16.0110371113
Train	AUC[ROC]: 0.999985	AUC[PR]: 0.977421
Val	AUC[ROC]: 0.808685	AUC[PR]: 0.106000
Epoch evaluation duration: 105.807287931
Epoch duration: 121.818325043

Epoch 185/1000
Epoch training duration: 16.2596209049
Train	AUC[ROC]: 0.999983	AUC[PR]: 0.973932
Val	AUC[ROC]: 0.810297	AUC[PR]: 0.115869
Epoch evaluation duration: 105.952352047
Epoch duration: 122.211972952

Epoch 186/1000
Epoch training duration: 15.7025520802
Train	AUC[ROC]: 0.999984	AUC[PR]: 0.975782
Val	AUC[ROC]: 0.803210	AUC[PR]: 0.121731
Epoch evaluation duration: 106.239856958
Epoch duration: 121.942409039

Epoch 187/1000
Epoch training duration: 16.0343921185
Train	AUC[ROC]: 0.999987	AUC[PR]: 0.981202
Val	AUC[ROC]: 0.796283	AUC[PR]: 0.123795
Epoch evaluation duration: 106.104691982
Epoch duration: 122.139084101

Epoch 188/1000
Epoch training duration: 16.0111269951
Train	AUC[ROC]: 0.999986	AUC[PR]: 0.980185
Val	AUC[ROC]: 0.822512	AUC[PR]: 0.111799
Epoch evaluation duration: 105.275216818
Epoch duration: 121.286343813

Epoch 189/1000
Epoch training duration: 15.7611060143
Train	AUC[ROC]: 0.999985	AUC[PR]: 0.978166
Val	AUC[ROC]: 0.803296	AUC[PR]: 0.111829
Epoch evaluation duration: 106.009555101
Epoch duration: 121.770661116

Epoch 190/1000
Epoch training duration: 16.130012989
Train	AUC[ROC]: 0.999981	AUC[PR]: 0.971183
Val	AUC[ROC]: 0.814854	AUC[PR]: 0.105611
Epoch evaluation duration: 105.934731007
Epoch duration: 122.064743996

Epoch 191/1000
Epoch training duration: 16.5883069038
Train	AUC[ROC]: 0.999982	AUC[PR]: 0.973235
Val	AUC[ROC]: 0.786461	AUC[PR]: 0.107364
Epoch evaluation duration: 104.974935055
Epoch duration: 121.563241959

Epoch 192/1000
Epoch training duration: 16.3977050781
Train	AUC[ROC]: 0.999982	AUC[PR]: 0.972390
Val	AUC[ROC]: 0.787445	AUC[PR]: 0.112742
Epoch evaluation duration: 107.289664984
Epoch duration: 123.687370062

Epoch 193/1000
Epoch training duration: 15.6685950756
Train	AUC[ROC]: 0.999982	AUC[PR]: 0.972785
Val	AUC[ROC]: 0.792811	AUC[PR]: 0.115419
Epoch evaluation duration: 105.889777899
Epoch duration: 121.558372974

Epoch 194/1000
Epoch training duration: 16.1443769932
Train	AUC[ROC]: 0.999982	AUC[PR]: 0.972455
Val	AUC[ROC]: 0.780031	AUC[PR]: 0.100710
Epoch evaluation duration: 107.477529049
Epoch duration: 123.621906042

Epoch 195/1000
Epoch training duration: 15.600976944
Train	AUC[ROC]: 0.999983	AUC[PR]: 0.974272
Val	AUC[ROC]: 0.763001	AUC[PR]: 0.111538
Epoch evaluation duration: 90.2711980343
Epoch duration: 105.872174978

Epoch 196/1000
Epoch training duration: 16.2036960125
Train	AUC[ROC]: 0.999983	AUC[PR]: 0.973257
Val	AUC[ROC]: 0.756361	AUC[PR]: 0.106430
Epoch evaluation duration: 107.455631018
Epoch duration: 123.65932703

Epoch 197/1000
Epoch training duration: 15.8914048672
Train	AUC[ROC]: 0.999985	AUC[PR]: 0.979277
Val	AUC[ROC]: 0.733371	AUC[PR]: 0.100488
Epoch evaluation duration: 106.841228962
Epoch duration: 122.732633829

Epoch 198/1000
Epoch training duration: 15.636865139
Train	AUC[ROC]: 0.999985	AUC[PR]: 0.977948
Val	AUC[ROC]: 0.746318	AUC[PR]: 0.096371
Epoch evaluation duration: 106.64513588
Epoch duration: 122.282001019

Epoch 199/1000
Epoch training duration: 15.6081161499
Train	AUC[ROC]: 0.999980	AUC[PR]: 0.969723
Val	AUC[ROC]: 0.770487	AUC[PR]: 0.077734
Epoch evaluation duration: 106.668697834
Epoch duration: 122.276813984

Epoch 200/1000
Epoch training duration: 15.2877860069
Train	AUC[ROC]: 0.999986	AUC[PR]: 0.978611
Val	AUC[ROC]: 0.741785	AUC[PR]: 0.093498
Epoch evaluation duration: 108.061057091
Epoch duration: 123.348843098

Epoch 201/1000
Epoch training duration: 15.7353279591
Train	AUC[ROC]: 0.999982	AUC[PR]: 0.973424
Val	AUC[ROC]: 0.767386	AUC[PR]: 0.093367
Epoch evaluation duration: 107.466773033
Epoch duration: 123.202100992

Epoch 202/1000
Epoch training duration: 15.8239169121
Train	AUC[ROC]: 0.999988	AUC[PR]: 0.982593
Val	AUC[ROC]: 0.764608	AUC[PR]: 0.096991
Epoch evaluation duration: 107.436856985
Epoch duration: 123.260773897

Epoch 203/1000
Epoch training duration: 15.812169075
Train	AUC[ROC]: 0.999989	AUC[PR]: 0.982971
Val	AUC[ROC]: 0.754935	AUC[PR]: 0.105424
Epoch evaluation duration: 107.236819983
Epoch duration: 123.048989058

Epoch 204/1000
Epoch training duration: 15.9452371597
Train	AUC[ROC]: 0.999989	AUC[PR]: 0.983727
Val	AUC[ROC]: 0.766308	AUC[PR]: 0.105720
Epoch evaluation duration: 106.163334846
Epoch duration: 122.108572006

Epoch 205/1000
Epoch training duration: 16.1521501541
Train	AUC[ROC]: 0.999987	AUC[PR]: 0.980891
Val	AUC[ROC]: 0.780987	AUC[PR]: 0.104474
Epoch evaluation duration: 105.852944851
Epoch duration: 122.005095005

Epoch 206/1000
Epoch training duration: 16.4935410023
Train	AUC[ROC]: 0.999987	AUC[PR]: 0.980981
Val	AUC[ROC]: 0.771700	AUC[PR]: 0.105516
Epoch evaluation duration: 105.975870132
Epoch duration: 122.469411135

Epoch 207/1000
Epoch training duration: 16.1165938377
Train	AUC[ROC]: 0.999987	AUC[PR]: 0.980287
Val	AUC[ROC]: 0.761504	AUC[PR]: 0.097868
Epoch evaluation duration: 90.8545629978
Epoch duration: 106.971156836

Epoch 208/1000
Epoch training duration: 14.8570780754
Train	AUC[ROC]: 0.999987	AUC[PR]: 0.979904
Val	AUC[ROC]: 0.744661	AUC[PR]: 0.101629
Epoch evaluation duration: 106.434107065
Epoch duration: 121.291185141

Epoch 209/1000
Epoch training duration: 16.1536769867
Train	AUC[ROC]: 0.999987	AUC[PR]: 0.980392
Val	AUC[ROC]: 0.760179	AUC[PR]: 0.102923
Epoch evaluation duration: 106.724305868
Epoch duration: 122.877982855

Epoch 210/1000
Epoch training duration: 16.3379759789
Train	AUC[ROC]: 0.999987	AUC[PR]: 0.980507
Val	AUC[ROC]: 0.751020	AUC[PR]: 0.104426
Epoch evaluation duration: 106.849934101
Epoch duration: 123.18791008

Epoch 211/1000
Epoch training duration: 16.0128600597
Train	AUC[ROC]: 0.999987	AUC[PR]: 0.980791
Val	AUC[ROC]: 0.751306	AUC[PR]: 0.105542
Epoch evaluation duration: 106.485404968
Epoch duration: 122.498265028

Epoch 212/1000
Epoch training duration: 16.3163850307
Train	AUC[ROC]: 0.999987	AUC[PR]: 0.981011
Val	AUC[ROC]: 0.751297	AUC[PR]: 0.108001
Epoch evaluation duration: 106.367696047
Epoch duration: 122.684081078

Epoch 213/1000
Epoch training duration: 15.6863780022
Train	AUC[ROC]: 0.999988	AUC[PR]: 0.981451
Val	AUC[ROC]: 0.748887	AUC[PR]: 0.110773
Epoch evaluation duration: 106.03777194
Epoch duration: 121.724149942

Epoch 214/1000
Epoch training duration: 16.0775308609
Train	AUC[ROC]: 0.999988	AUC[PR]: 0.981721
Val	AUC[ROC]: 0.766224	AUC[PR]: 0.101191
Epoch evaluation duration: 105.378504038
Epoch duration: 121.456034899

Epoch 215/1000
Epoch training duration: 15.7548179626
Train	AUC[ROC]: 0.999988	AUC[PR]: 0.981288
Val	AUC[ROC]: 0.742401	AUC[PR]: 0.108719
Epoch evaluation duration: 107.056375027
Epoch duration: 122.811192989

Epoch 216/1000
Epoch training duration: 15.983494997
Train	AUC[ROC]: 0.999987	AUC[PR]: 0.980790
Val	AUC[ROC]: 0.735233	AUC[PR]: 0.112650
Epoch evaluation duration: 105.932933092
Epoch duration: 121.916428089

Epoch 217/1000
Epoch training duration: 15.6039090157
Train	AUC[ROC]: 0.999989	AUC[PR]: 0.984154
Val	AUC[ROC]: 0.740802	AUC[PR]: 0.112949
Epoch evaluation duration: 107.059673071
Epoch duration: 122.663582087

Epoch 218/1000
Epoch training duration: 16.0073709488
Train	AUC[ROC]: 0.999989	AUC[PR]: 0.984088
Val	AUC[ROC]: 0.741942	AUC[PR]: 0.110066
Epoch evaluation duration: 106.392653942
Epoch duration: 122.400024891

Epoch 219/1000
Epoch training duration: 15.9511489868
Train	AUC[ROC]: 0.999986	AUC[PR]: 0.978491
Val	AUC[ROC]: 0.764352	AUC[PR]: 0.102571
Epoch evaluation duration: 107.369466066
Epoch duration: 123.320615053

Epoch 220/1000
Epoch training duration: 15.9827530384
Train	AUC[ROC]: 0.999986	AUC[PR]: 0.978986
Val	AUC[ROC]: 0.771497	AUC[PR]: 0.107794
Epoch evaluation duration: 106.13438201
Epoch duration: 122.117135048

Epoch 221/1000
Epoch training duration: 16.2578649521
Train	AUC[ROC]: 0.999986	AUC[PR]: 0.978678
Val	AUC[ROC]: 0.760549	AUC[PR]: 0.111796
Epoch evaluation duration: 107.488412857
Epoch duration: 123.746277809

Epoch 222/1000
Epoch training duration: 15.7462761402
Train	AUC[ROC]: 0.999988	AUC[PR]: 0.981596
Val	AUC[ROC]: 0.762113	AUC[PR]: 0.116530
Epoch evaluation duration: 106.222476959
Epoch duration: 121.968753099

Epoch 223/1000
Epoch training duration: 16.0213880539
Train	AUC[ROC]: 0.999990	AUC[PR]: 0.984461
Val	AUC[ROC]: 0.757125	AUC[PR]: 0.117007
Epoch evaluation duration: 106.841687918
Epoch duration: 122.863075972

Epoch 224/1000
Epoch training duration: 15.3946111202
Train	AUC[ROC]: 0.999990	AUC[PR]: 0.984285
Val	AUC[ROC]: 0.747591	AUC[PR]: 0.114703
Epoch evaluation duration: 92.5450239182
Epoch duration: 107.939635038

Epoch 225/1000
Epoch training duration: 16.0515758991
Train	AUC[ROC]: 0.999990	AUC[PR]: 0.984748
Val	AUC[ROC]: 0.756051	AUC[PR]: 0.120216
Epoch evaluation duration: 107.014904976
Epoch duration: 123.066480875

Epoch 226/1000
Epoch training duration: 15.6894152164
Train	AUC[ROC]: 0.999988	AUC[PR]: 0.982022
Val	AUC[ROC]: 0.795733	AUC[PR]: 0.111709
Epoch evaluation duration: 106.697943926
Epoch duration: 122.387359142

Epoch 227/1000
Epoch training duration: 15.8620400429
Train	AUC[ROC]: 0.999990	AUC[PR]: 0.984874
Val	AUC[ROC]: 0.789666	AUC[PR]: 0.111203
Epoch evaluation duration: 106.778738022
Epoch duration: 122.640778065

Epoch 228/1000
Epoch training duration: 15.7461957932
Train	AUC[ROC]: 0.999992	AUC[PR]: 0.987680
Val	AUC[ROC]: 0.775973	AUC[PR]: 0.112934
Epoch evaluation duration: 106.766716003
Epoch duration: 122.512911797

Epoch 229/1000
Epoch training duration: 15.7565860748
Train	AUC[ROC]: 0.999990	AUC[PR]: 0.984758
Val	AUC[ROC]: 0.771632	AUC[PR]: 0.111731
Epoch evaluation duration: 106.586014032
Epoch duration: 122.342600107

Epoch 230/1000
Epoch training duration: 16.0232288837
Train	AUC[ROC]: 0.999990	AUC[PR]: 0.984865
Val	AUC[ROC]: 0.781987	AUC[PR]: 0.112886
Epoch evaluation duration: 106.436323166
Epoch duration: 122.45955205

Epoch 231/1000
Epoch training duration: 16.0257568359
Train	AUC[ROC]: 0.999992	AUC[PR]: 0.987606
Val	AUC[ROC]: 0.761152	AUC[PR]: 0.114535
Epoch evaluation duration: 106.757774115
Epoch duration: 122.783530951

Epoch 232/1000
Epoch training duration: 15.8676168919
Train	AUC[ROC]: 0.999992	AUC[PR]: 0.987604
Val	AUC[ROC]: 0.752481	AUC[PR]: 0.117026
Epoch evaluation duration: 106.601196051
Epoch duration: 122.468812943

Epoch 233/1000
Epoch training duration: 16.2212221622
Train	AUC[ROC]: 0.999992	AUC[PR]: 0.987649
Val	AUC[ROC]: 0.745898	AUC[PR]: 0.116847
Epoch evaluation duration: 105.851144791
Epoch duration: 122.072366953

train precision: 0.95477314943
train roc: 0.99996110959
train hit in top 2563: 334.0 out of 334.0

val precision: 0.200473257341
val roc: 0.858202694786
val hit in top 427: 31.0 out of 55.0

test precision: 0.261350176442
test roc: 0.840667075706
test hit in top 427: 36.0 out of 55.0

ratio: 0.02, EF: 34.5454545455,	active: 55.0
ratio: 0.02, NEF: 0.690909090909
ratio: 0.01, EF: 65.4545454545,	active: 55.0
ratio: 0.01, NEF: 0.654545454545
ratio: 0.0015, EF: 266.666666667,	active: 55.0
ratio: 0.0015, NEF: 0.4
ratio: 0.001, EF: 290.909090909,	active: 55.0
ratio: 0.001, NEF: 0.380952380952

