label_name_list  [u'PriA-SSB AS Activity']
train files  ['../datasets/keck_pria/fold_0.csv' '../datasets/keck_pria/fold_1.csv'
 '../datasets/keck_pria/fold_2.csv' '../datasets/keck_pria/fold_3.csv'
 '../datasets/keck_pria/fold_4.csv' '../datasets/keck_pria/fold_5.csv']
val files  ['../datasets/keck_pria/fold_6.csv']
test files  ['../datasets/keck_pria/fold_7.csv']
Class Weight  [{0: 1.0, 1: 766.6317365269462}]
Epoch 1/200
Epoch training duration: 14.6563961506
Train	AUC[ROC]: 0.892532	AUC[PR]: 0.080653
Val	AUC[ROC]: 0.819817	AUC[PR]: 0.054230
Epoch evaluation duration: 109.351284981
Epoch duration: 124.007681131

Epoch 2/200
Epoch training duration: 15.1094269753
Train	AUC[ROC]: 0.938967	AUC[PR]: 0.125730
Val	AUC[ROC]: 0.849762	AUC[PR]: 0.071831
Epoch evaluation duration: 110.797292948
Epoch duration: 125.906719923

Epoch 3/200
Epoch training duration: 17.0227899551
Train	AUC[ROC]: 0.960460	AUC[PR]: 0.148979
Val	AUC[ROC]: 0.862611	AUC[PR]: 0.075267
Epoch evaluation duration: 108.258141994
Epoch duration: 125.28093195

Epoch 4/200
Epoch training duration: 15.3921670914
Train	AUC[ROC]: 0.973354	AUC[PR]: 0.168921
Val	AUC[ROC]: 0.872347	AUC[PR]: 0.083440
Epoch evaluation duration: 106.151242018
Epoch duration: 121.543409109

Epoch 5/200
Epoch training duration: 14.5806620121
Train	AUC[ROC]: 0.983613	AUC[PR]: 0.190235
Val	AUC[ROC]: 0.881675	AUC[PR]: 0.086362
Epoch evaluation duration: 106.262048006
Epoch duration: 120.842710018

Epoch 6/200
Epoch training duration: 15.8357160091
Train	AUC[ROC]: 0.988668	AUC[PR]: 0.216628
Val	AUC[ROC]: 0.889577	AUC[PR]: 0.091704
Epoch evaluation duration: 113.34848094
Epoch duration: 129.184196949

Epoch 7/200
Epoch training duration: 15.8402941227
Train	AUC[ROC]: 0.991965	AUC[PR]: 0.239885
Val	AUC[ROC]: 0.891419	AUC[PR]: 0.099462
Epoch evaluation duration: 105.830221891
Epoch duration: 121.670516014

Epoch 8/200
Epoch training duration: 16.0401210785
Train	AUC[ROC]: 0.994419	AUC[PR]: 0.269031
Val	AUC[ROC]: 0.895798	AUC[PR]: 0.101747
Epoch evaluation duration: 109.782519817
Epoch duration: 125.822640896

Epoch 9/200
Epoch training duration: 14.2661640644
Train	AUC[ROC]: 0.995881	AUC[PR]: 0.295843
Val	AUC[ROC]: 0.900760	AUC[PR]: 0.110145
Epoch evaluation duration: 107.279797077
Epoch duration: 121.545961142

Epoch 10/200
Epoch training duration: 16.2089190483
Train	AUC[ROC]: 0.996596	AUC[PR]: 0.312534
Val	AUC[ROC]: 0.901880	AUC[PR]: 0.109880
Epoch evaluation duration: 110.93995285
Epoch duration: 127.148871899

Epoch 11/200
Epoch training duration: 15.7258031368
Train	AUC[ROC]: 0.997328	AUC[PR]: 0.343848
Val	AUC[ROC]: 0.901508	AUC[PR]: 0.116374
Epoch evaluation duration: 108.921861887
Epoch duration: 124.647665024

Epoch 12/200
Epoch training duration: 14.9770340919
Train	AUC[ROC]: 0.997749	AUC[PR]: 0.369030
Val	AUC[ROC]: 0.903134	AUC[PR]: 0.121263
Epoch evaluation duration: 111.102371931
Epoch duration: 126.079406023

Epoch 13/200
Epoch training duration: 15.7934060097
Train	AUC[ROC]: 0.997987	AUC[PR]: 0.385302
Val	AUC[ROC]: 0.901730	AUC[PR]: 0.128452
Epoch evaluation duration: 108.37720108
Epoch duration: 124.17060709

Epoch 14/200
Epoch training duration: 14.6286480427
Train	AUC[ROC]: 0.998318	AUC[PR]: 0.410361
Val	AUC[ROC]: 0.902410	AUC[PR]: 0.129536
Epoch evaluation duration: 106.848112822
Epoch duration: 121.476760864

Epoch 15/200
Epoch training duration: 16.2612521648
Train	AUC[ROC]: 0.998655	AUC[PR]: 0.447334
Val	AUC[ROC]: 0.901542	AUC[PR]: 0.128812
Epoch evaluation duration: 105.08415699
Epoch duration: 121.345409155

Epoch 16/200
Epoch training duration: 15.5102448463
Train	AUC[ROC]: 0.998839	AUC[PR]: 0.465939
Val	AUC[ROC]: 0.901937	AUC[PR]: 0.130544
Epoch evaluation duration: 110.82399416
Epoch duration: 126.334239006

Epoch 17/200
Epoch training duration: 14.2853648663
Train	AUC[ROC]: 0.998913	AUC[PR]: 0.482452
Val	AUC[ROC]: 0.899653	AUC[PR]: 0.135075
Epoch evaluation duration: 111.04837513
Epoch duration: 125.333739996

Epoch 18/200
Epoch training duration: 15.994287014
Train	AUC[ROC]: 0.999062	AUC[PR]: 0.507973
Val	AUC[ROC]: 0.896596	AUC[PR]: 0.127122
Epoch evaluation duration: 108.381462812
Epoch duration: 124.375749826

Epoch 19/200
Epoch training duration: 14.888903141
Train	AUC[ROC]: 0.999196	AUC[PR]: 0.536162
Val	AUC[ROC]: 0.895808	AUC[PR]: 0.134298
Epoch evaluation duration: 111.396550894
Epoch duration: 126.285454035

Epoch 20/200
Epoch training duration: 14.8357889652
Train	AUC[ROC]: 0.999323	AUC[PR]: 0.571153
Val	AUC[ROC]: 0.896316	AUC[PR]: 0.137400
Epoch evaluation duration: 109.548705101
Epoch duration: 124.384494066

Epoch 21/200
Epoch training duration: 14.1058990955
Train	AUC[ROC]: 0.999336	AUC[PR]: 0.570704
Val	AUC[ROC]: 0.898473	AUC[PR]: 0.143403
Epoch evaluation duration: 106.008267879
Epoch duration: 120.114166975

Epoch 22/200
Epoch training duration: 16.1939749718
Train	AUC[ROC]: 0.999451	AUC[PR]: 0.605022
Val	AUC[ROC]: 0.894567	AUC[PR]: 0.144817
Epoch evaluation duration: 107.991394997
Epoch duration: 124.185369968

Epoch 23/200
Epoch training duration: 14.2537550926
Train	AUC[ROC]: 0.999500	AUC[PR]: 0.634565
Val	AUC[ROC]: 0.890602	AUC[PR]: 0.144268
Epoch evaluation duration: 106.236521006
Epoch duration: 120.490276098

Epoch 24/200
Epoch training duration: 15.9550869465
Train	AUC[ROC]: 0.999538	AUC[PR]: 0.650405
Val	AUC[ROC]: 0.889789	AUC[PR]: 0.146570
Epoch evaluation duration: 108.271454096
Epoch duration: 124.226541042

Epoch 25/200
Epoch training duration: 14.6452059746
Train	AUC[ROC]: 0.999613	AUC[PR]: 0.687312
Val	AUC[ROC]: 0.894164	AUC[PR]: 0.146383
Epoch evaluation duration: 109.036111832
Epoch duration: 123.681317806

Epoch 26/200
Epoch training duration: 16.1493639946
Train	AUC[ROC]: 0.999660	AUC[PR]: 0.717415
Val	AUC[ROC]: 0.889785	AUC[PR]: 0.147981
Epoch evaluation duration: 113.810716152
Epoch duration: 129.960080147

Epoch 27/200
Epoch training duration: 15.4124009609
Train	AUC[ROC]: 0.999675	AUC[PR]: 0.724076
Val	AUC[ROC]: 0.887025	AUC[PR]: 0.154967
Epoch evaluation duration: 106.348818064
Epoch duration: 121.761219025

Epoch 28/200
Epoch training duration: 14.794836998
Train	AUC[ROC]: 0.999711	AUC[PR]: 0.743803
Val	AUC[ROC]: 0.882770	AUC[PR]: 0.164592
Epoch evaluation duration: 111.442186832
Epoch duration: 126.23702383

Epoch 29/200
Epoch training duration: 15.5131700039
Train	AUC[ROC]: 0.999778	AUC[PR]: 0.786694
Val	AUC[ROC]: 0.883307	AUC[PR]: 0.162614
Epoch evaluation duration: 109.700550079
Epoch duration: 125.213720083

Epoch 30/200
Epoch training duration: 14.7343211174
Train	AUC[ROC]: 0.999771	AUC[PR]: 0.776039
Val	AUC[ROC]: 0.887891	AUC[PR]: 0.161684
Epoch evaluation duration: 108.641671896
Epoch duration: 123.375993013

Epoch 31/200
Epoch training duration: 15.3586831093
Train	AUC[ROC]: 0.999802	AUC[PR]: 0.796376
Val	AUC[ROC]: 0.889475	AUC[PR]: 0.159948
Epoch evaluation duration: 110.959661961
Epoch duration: 126.31834507

Epoch 32/200
Epoch training duration: 15.6824669838
Train	AUC[ROC]: 0.999825	AUC[PR]: 0.815551
Val	AUC[ROC]: 0.884465	AUC[PR]: 0.162580
Epoch evaluation duration: 106.702595949
Epoch duration: 122.385062933

Epoch 33/200
Epoch training duration: 15.5264799595
Train	AUC[ROC]: 0.999841	AUC[PR]: 0.827854
Val	AUC[ROC]: 0.884663	AUC[PR]: 0.160246
Epoch evaluation duration: 108.673380136
Epoch duration: 124.199860096

Epoch 34/200
Epoch training duration: 14.943956852
Train	AUC[ROC]: 0.999854	AUC[PR]: 0.838914
Val	AUC[ROC]: 0.874200	AUC[PR]: 0.164478
Epoch evaluation duration: 109.512239933
Epoch duration: 124.456196785

Epoch 35/200
Epoch training duration: 16.2228391171
Train	AUC[ROC]: 0.999851	AUC[PR]: 0.840151
Val	AUC[ROC]: 0.871667	AUC[PR]: 0.177059
Epoch evaluation duration: 107.694725037
Epoch duration: 123.917564154

Epoch 36/200
Epoch training duration: 14.466629982
Train	AUC[ROC]: 0.999868	AUC[PR]: 0.852930
Val	AUC[ROC]: 0.872121	AUC[PR]: 0.178232
Epoch evaluation duration: 106.440525055
Epoch duration: 120.907155037

Epoch 37/200
Epoch training duration: 15.6623289585
Train	AUC[ROC]: 0.999882	AUC[PR]: 0.863732
Val	AUC[ROC]: 0.869272	AUC[PR]: 0.167940
Epoch evaluation duration: 110.175423861
Epoch duration: 125.837752819

Epoch 38/200
Epoch training duration: 15.0046861172
Train	AUC[ROC]: 0.999864	AUC[PR]: 0.852565
Val	AUC[ROC]: 0.864739	AUC[PR]: 0.166685
Epoch evaluation duration: 106.751421928
Epoch duration: 121.756108046

Epoch 39/200
Epoch training duration: 15.6957509518
Train	AUC[ROC]: 0.999891	AUC[PR]: 0.875466
Val	AUC[ROC]: 0.867294	AUC[PR]: 0.179548
Epoch evaluation duration: 111.020533085
Epoch duration: 126.716284037

Epoch 40/200
Epoch training duration: 16.8080339432
Train	AUC[ROC]: 0.999901	AUC[PR]: 0.884917
Val	AUC[ROC]: 0.867056	AUC[PR]: 0.177038
Epoch evaluation duration: 107.392064095
Epoch duration: 124.200098038

Epoch 41/200
Epoch training duration: 15.0122420788
Train	AUC[ROC]: 0.999913	AUC[PR]: 0.890891
Val	AUC[ROC]: 0.866128	AUC[PR]: 0.180658
Epoch evaluation duration: 105.827516794
Epoch duration: 120.839758873

Epoch 42/200
Epoch training duration: 16.0372240543
Train	AUC[ROC]: 0.999922	AUC[PR]: 0.900184
Val	AUC[ROC]: 0.864521	AUC[PR]: 0.169845
Epoch evaluation duration: 109.131340981
Epoch duration: 125.168565035

Epoch 43/200
Epoch training duration: 14.5416040421
Train	AUC[ROC]: 0.999925	AUC[PR]: 0.905524
Val	AUC[ROC]: 0.864994	AUC[PR]: 0.172040
Epoch evaluation duration: 107.913591146
Epoch duration: 122.455195189

Epoch 44/200
Epoch training duration: 15.0211489201
Train	AUC[ROC]: 0.999927	AUC[PR]: 0.910026
Val	AUC[ROC]: 0.858678	AUC[PR]: 0.178497
Epoch evaluation duration: 107.051460981
Epoch duration: 122.072609901

Epoch 45/200
Epoch training duration: 14.9950230122
Train	AUC[ROC]: 0.999933	AUC[PR]: 0.916912
Val	AUC[ROC]: 0.859627	AUC[PR]: 0.177113
Epoch evaluation duration: 107.042207003
Epoch duration: 122.037230015

Epoch 46/200
Epoch training duration: 15.3923070431
Train	AUC[ROC]: 0.999923	AUC[PR]: 0.904651
Val	AUC[ROC]: 0.865772	AUC[PR]: 0.187133
Epoch evaluation duration: 110.511351824
Epoch duration: 125.903658867

Epoch 47/200
Epoch training duration: 16.1732749939
Train	AUC[ROC]: 0.999935	AUC[PR]: 0.917197
Val	AUC[ROC]: 0.866671	AUC[PR]: 0.185071
Epoch evaluation duration: 110.745282173
Epoch duration: 126.918557167

Epoch 48/200
Epoch training duration: 14.8103740215
Train	AUC[ROC]: 0.999925	AUC[PR]: 0.907651
Val	AUC[ROC]: 0.859493	AUC[PR]: 0.193030
Epoch evaluation duration: 106.003176928
Epoch duration: 120.813550949

Epoch 49/200
Epoch training duration: 16.073540926
Train	AUC[ROC]: 0.999936	AUC[PR]: 0.921534
Val	AUC[ROC]: 0.856979	AUC[PR]: 0.185819
Epoch evaluation duration: 109.229313135
Epoch duration: 125.302854061

Epoch 50/200
Epoch training duration: 15.6414048672
Train	AUC[ROC]: 0.999938	AUC[PR]: 0.924667
Val	AUC[ROC]: 0.856777	AUC[PR]: 0.188261
Epoch evaluation duration: 105.605327129
Epoch duration: 121.246731997

Epoch 51/200
Epoch training duration: 15.3304128647
Train	AUC[ROC]: 0.999941	AUC[PR]: 0.930624
Val	AUC[ROC]: 0.856676	AUC[PR]: 0.188897
Epoch evaluation duration: 107.692690134
Epoch duration: 123.023102999

Epoch 52/200
Epoch training duration: 14.8516459465
Train	AUC[ROC]: 0.999951	AUC[PR]: 0.939756
Val	AUC[ROC]: 0.854676	AUC[PR]: 0.181983
Epoch evaluation duration: 110.428133965
Epoch duration: 125.279779911

Epoch 53/200
Epoch training duration: 13.6913359165
Train	AUC[ROC]: 0.999959	AUC[PR]: 0.948076
Val	AUC[ROC]: 0.848981	AUC[PR]: 0.190971
Epoch evaluation duration: 108.357135057
Epoch duration: 122.048470974

Epoch 54/200
Epoch training duration: 15.8510611057
Train	AUC[ROC]: 0.999964	AUC[PR]: 0.956862
Val	AUC[ROC]: 0.848894	AUC[PR]: 0.185400
Epoch evaluation duration: 106.58660388
Epoch duration: 122.437664986

Epoch 55/200
Epoch training duration: 13.7664060593
Train	AUC[ROC]: 0.999969	AUC[PR]: 0.961467
Val	AUC[ROC]: 0.855306	AUC[PR]: 0.184193
Epoch evaluation duration: 111.63142705
Epoch duration: 125.397833109

Epoch 56/200
Epoch training duration: 15.961879015
Train	AUC[ROC]: 0.999964	AUC[PR]: 0.954076
Val	AUC[ROC]: 0.853802	AUC[PR]: 0.187208
Epoch evaluation duration: 111.194787979
Epoch duration: 127.156666994

Epoch 57/200
Epoch training duration: 15.1647150517
Train	AUC[ROC]: 0.999970	AUC[PR]: 0.962368
Val	AUC[ROC]: 0.841954	AUC[PR]: 0.182358
Epoch evaluation duration: 112.717451811
Epoch duration: 127.882166862

Epoch 58/200
Epoch training duration: 17.3455049992
Train	AUC[ROC]: 0.999964	AUC[PR]: 0.959420
Val	AUC[ROC]: 0.843584	AUC[PR]: 0.201251
Epoch evaluation duration: 107.46163702
Epoch duration: 124.807142019

Epoch 59/200
Epoch training duration: 15.561480999
Train	AUC[ROC]: 0.999974	AUC[PR]: 0.969490
Val	AUC[ROC]: 0.849903	AUC[PR]: 0.181419
Epoch evaluation duration: 106.866106033
Epoch duration: 122.427587032

Epoch 60/200
Epoch training duration: 16.36729002
Train	AUC[ROC]: 0.999975	AUC[PR]: 0.968543
Val	AUC[ROC]: 0.847397	AUC[PR]: 0.191069
Epoch evaluation duration: 108.234972954
Epoch duration: 124.602262974

Epoch 61/200
Epoch training duration: 14.6814081669
Train	AUC[ROC]: 0.999971	AUC[PR]: 0.967224
Val	AUC[ROC]: 0.848348	AUC[PR]: 0.180854
Epoch evaluation duration: 106.074247837
Epoch duration: 120.755656004

Epoch 62/200
Epoch training duration: 14.2255661488
Train	AUC[ROC]: 0.999975	AUC[PR]: 0.972725
Val	AUC[ROC]: 0.854001	AUC[PR]: 0.188325
Epoch evaluation duration: 106.680728912
Epoch duration: 120.906295061

Epoch 63/200
Epoch training duration: 17.092897892
Train	AUC[ROC]: 0.999981	AUC[PR]: 0.977346
Val	AUC[ROC]: 0.847320	AUC[PR]: 0.188362
Epoch evaluation duration: 106.341409206
Epoch duration: 123.434307098

Epoch 64/200
Epoch training duration: 14.3144099712
Train	AUC[ROC]: 0.999982	AUC[PR]: 0.976249
Val	AUC[ROC]: 0.847813	AUC[PR]: 0.191619
Epoch evaluation duration: 107.562985897
Epoch duration: 121.877395868

Epoch 65/200
Epoch training duration: 15.5703029633
Train	AUC[ROC]: 0.999981	AUC[PR]: 0.974329
Val	AUC[ROC]: 0.851630	AUC[PR]: 0.187261
Epoch evaluation duration: 106.36433816
Epoch duration: 121.934641123

Epoch 66/200
Epoch training duration: 14.8017609119
Train	AUC[ROC]: 0.999986	AUC[PR]: 0.983160
Val	AUC[ROC]: 0.844402	AUC[PR]: 0.190827
Epoch evaluation duration: 110.421673059
Epoch duration: 125.223433971

Epoch 67/200
Epoch training duration: 14.7814400196
Train	AUC[ROC]: 0.999983	AUC[PR]: 0.979397
Val	AUC[ROC]: 0.837130	AUC[PR]: 0.192826
Epoch evaluation duration: 115.66907692
Epoch duration: 130.450516939

Epoch 68/200
Epoch training duration: 14.9755430222
Train	AUC[ROC]: 0.999986	AUC[PR]: 0.985136
Val	AUC[ROC]: 0.849053	AUC[PR]: 0.192995
Epoch evaluation duration: 114.490108013
Epoch duration: 129.465651035

Epoch 69/200
Epoch training duration: 14.5902540684
Train	AUC[ROC]: 0.999986	AUC[PR]: 0.985109
Val	AUC[ROC]: 0.838225	AUC[PR]: 0.189418
Epoch evaluation duration: 105.180673838
Epoch duration: 119.770927906

Epoch 70/200
Epoch training duration: 14.9887471199
Train	AUC[ROC]: 0.999980	AUC[PR]: 0.977911
Val	AUC[ROC]: 0.839415	AUC[PR]: 0.190915
Epoch evaluation duration: 108.515208006
Epoch duration: 123.503955126

Epoch 71/200
Epoch training duration: 13.9863460064
Train	AUC[ROC]: 0.999976	AUC[PR]: 0.968121
Val	AUC[ROC]: 0.850131	AUC[PR]: 0.185651
Epoch evaluation duration: 105.626596928
Epoch duration: 119.612942934

Epoch 72/200
Epoch training duration: 16.1947829723
Train	AUC[ROC]: 0.999984	AUC[PR]: 0.980905
Val	AUC[ROC]: 0.848071	AUC[PR]: 0.200746
Epoch evaluation duration: 109.873590946
Epoch duration: 126.068373919

Epoch 73/200
Epoch training duration: 14.4079520702
Train	AUC[ROC]: 0.999987	AUC[PR]: 0.984985
Val	AUC[ROC]: 0.845721	AUC[PR]: 0.192621
Epoch evaluation duration: 107.659752131
Epoch duration: 122.067704201

Epoch 74/200
Epoch training duration: 15.49295187
Train	AUC[ROC]: 0.999991	AUC[PR]: 0.990392
Val	AUC[ROC]: 0.837615	AUC[PR]: 0.194524
Epoch evaluation duration: 110.124259949
Epoch duration: 125.617211819

Epoch 75/200
Epoch training duration: 14.3109400272
Train	AUC[ROC]: 0.999978	AUC[PR]: 0.973517
Val	AUC[ROC]: 0.855241	AUC[PR]: 0.182087
Epoch evaluation duration: 107.613554001
Epoch duration: 121.924494028

Epoch 76/200
Epoch training duration: 14.0691430569
Train	AUC[ROC]: 0.999991	AUC[PR]: 0.988888
Val	AUC[ROC]: 0.831419	AUC[PR]: 0.189251
Epoch evaluation duration: 113.821171045
Epoch duration: 127.890314102

Epoch 77/200
Epoch training duration: 15.0148718357
Train	AUC[ROC]: 0.999989	AUC[PR]: 0.989481
Val	AUC[ROC]: 0.826544	AUC[PR]: 0.187695
Epoch evaluation duration: 109.881410122
Epoch duration: 124.896281958

Epoch 78/200
Epoch training duration: 14.5978689194
Train	AUC[ROC]: 0.999983	AUC[PR]: 0.970269
Val	AUC[ROC]: 0.847860	AUC[PR]: 0.185328
Epoch evaluation duration: 108.343963146
Epoch duration: 122.941832066

Epoch 79/200
Epoch training duration: 16.3175728321
Train	AUC[ROC]: 0.999984	AUC[PR]: 0.971495
Val	AUC[ROC]: 0.824308	AUC[PR]: 0.190748
Epoch evaluation duration: 108.563179016
Epoch duration: 124.880751848

Epoch 80/200
Epoch training duration: 16.3760881424
Train	AUC[ROC]: 0.999985	AUC[PR]: 0.978010
Val	AUC[ROC]: 0.822995	AUC[PR]: 0.188976
Epoch evaluation duration: 106.772404909
Epoch duration: 123.148493052

Epoch 81/200
Epoch training duration: 17.4096500874
Train	AUC[ROC]: 0.999987	AUC[PR]: 0.981769
Val	AUC[ROC]: 0.820005	AUC[PR]: 0.183968
Epoch evaluation duration: 106.101714849
Epoch duration: 123.511364937

Epoch 82/200
Epoch training duration: 14.8607861996
Train	AUC[ROC]: 0.999988	AUC[PR]: 0.984186
Val	AUC[ROC]: 0.823430	AUC[PR]: 0.193990
Epoch evaluation duration: 107.150471926
Epoch duration: 122.011258125

Epoch 83/200
Epoch training duration: 17.4881410599
Train	AUC[ROC]: 0.999981	AUC[PR]: 0.971348
Val	AUC[ROC]: 0.831813	AUC[PR]: 0.188157
Epoch evaluation duration: 109.06010294
Epoch duration: 126.548243999

Epoch 84/200
Epoch training duration: 14.6845149994
Train	AUC[ROC]: 0.999985	AUC[PR]: 0.982176
Val	AUC[ROC]: 0.826419	AUC[PR]: 0.196964
Epoch evaluation duration: 106.079810858
Epoch duration: 120.764325857

Epoch 85/200
Epoch training duration: 14.8474831581
Train	AUC[ROC]: 0.999987	AUC[PR]: 0.986220
Val	AUC[ROC]: 0.836374	AUC[PR]: 0.193432
Epoch evaluation duration: 114.260046959
Epoch duration: 129.107530117

Epoch 86/200
Epoch training duration: 14.5671169758
Train	AUC[ROC]: 0.999989	AUC[PR]: 0.988393
Val	AUC[ROC]: 0.825818	AUC[PR]: 0.188522
Epoch evaluation duration: 107.954375029
Epoch duration: 122.521492004

Epoch 87/200
Epoch training duration: 15.3450989723
Train	AUC[ROC]: 0.999991	AUC[PR]: 0.991015
Val	AUC[ROC]: 0.826752	AUC[PR]: 0.184388
Epoch evaluation duration: 111.88339591
Epoch duration: 127.228494883

Epoch 88/200
Epoch training duration: 16.2040162086
Train	AUC[ROC]: 0.999994	AUC[PR]: 0.993813
Val	AUC[ROC]: 0.822963	AUC[PR]: 0.189460
Epoch evaluation duration: 108.711964846
Epoch duration: 124.915981054

Epoch 89/200
Epoch training duration: 15.3409459591
Train	AUC[ROC]: 0.999993	AUC[PR]: 0.992982
Val	AUC[ROC]: 0.827955	AUC[PR]: 0.181337
Epoch evaluation duration: 112.748296976
Epoch duration: 128.089242935

Epoch 90/200
Epoch training duration: 17.0111501217
Train	AUC[ROC]: 0.999996	AUC[PR]: 0.995789
Val	AUC[ROC]: 0.820857	AUC[PR]: 0.188433
Epoch evaluation duration: 107.486330986
Epoch duration: 124.497481108

Epoch 91/200
Epoch training duration: 15.8032720089
Train	AUC[ROC]: 0.999995	AUC[PR]: 0.995525
Val	AUC[ROC]: 0.827132	AUC[PR]: 0.191627
Epoch evaluation duration: 106.674979925
Epoch duration: 122.478251934

Epoch 92/200
Epoch training duration: 16.3646500111
Train	AUC[ROC]: 0.999995	AUC[PR]: 0.995779
Val	AUC[ROC]: 0.824814	AUC[PR]: 0.186394
Epoch evaluation duration: 108.940192938
Epoch duration: 125.304842949

Epoch 93/200
Epoch training duration: 15.5578551292
Train	AUC[ROC]: 0.999996	AUC[PR]: 0.996432
Val	AUC[ROC]: 0.830148	AUC[PR]: 0.189755
Epoch evaluation duration: 110.49023509
Epoch duration: 126.048090219

Epoch 94/200
Epoch training duration: 16.3377318382
Train	AUC[ROC]: 0.999997	AUC[PR]: 0.997616
Val	AUC[ROC]: 0.824479	AUC[PR]: 0.182933
Epoch evaluation duration: 108.696870089
Epoch duration: 125.034601927

Epoch 95/200
Epoch training duration: 15.5803489685
Train	AUC[ROC]: 0.999996	AUC[PR]: 0.995716
Val	AUC[ROC]: 0.818970	AUC[PR]: 0.180991
Epoch evaluation duration: 107.457528114
Epoch duration: 123.037877083

Epoch 96/200
Epoch training duration: 15.4156219959
Train	AUC[ROC]: 0.999992	AUC[PR]: 0.985507
Val	AUC[ROC]: 0.814503	AUC[PR]: 0.180370
Epoch evaluation duration: 108.282173872
Epoch duration: 123.697795868

Epoch 97/200
Epoch training duration: 15.4255321026
Train	AUC[ROC]: 0.999992	AUC[PR]: 0.987627
Val	AUC[ROC]: 0.814601	AUC[PR]: 0.182658
Epoch evaluation duration: 106.873562813
Epoch duration: 122.299094915

Epoch 98/200
Epoch training duration: 16.4222040176
Train	AUC[ROC]: 0.999991	AUC[PR]: 0.988470
Val	AUC[ROC]: 0.823015	AUC[PR]: 0.182919
Epoch evaluation duration: 109.657071114
Epoch duration: 126.079275131

Epoch 99/200
Epoch training duration: 16.4870929718
Train	AUC[ROC]: 0.999992	AUC[PR]: 0.990215
Val	AUC[ROC]: 0.821214	AUC[PR]: 0.176521
Epoch evaluation duration: 108.780354023
Epoch duration: 125.267446995

Epoch 100/200
Epoch training duration: 15.3738729954
Train	AUC[ROC]: 0.999995	AUC[PR]: 0.993814
Val	AUC[ROC]: 0.819261	AUC[PR]: 0.176036
Epoch evaluation duration: 106.42898488
Epoch duration: 121.802857876

Epoch 101/200
Epoch training duration: 17.7318170071
Train	AUC[ROC]: 0.999991	AUC[PR]: 0.990336
Val	AUC[ROC]: 0.840202	AUC[PR]: 0.175411
Epoch evaluation duration: 110.540724993
Epoch duration: 128.272542

Epoch 102/200
Epoch training duration: 14.57071805
Train	AUC[ROC]: 0.999996	AUC[PR]: 0.996304
Val	AUC[ROC]: 0.827152	AUC[PR]: 0.179844
Epoch evaluation duration: 108.859271049
Epoch duration: 123.4299891

Epoch 103/200
Epoch training duration: 16.3274478912
Train	AUC[ROC]: 0.999994	AUC[PR]: 0.991181
Val	AUC[ROC]: 0.834671	AUC[PR]: 0.179470
Epoch evaluation duration: 111.342787027
Epoch duration: 127.670234919

Epoch 104/200
Epoch training duration: 13.6849040985
Train	AUC[ROC]: 0.999995	AUC[PR]: 0.994026
Val	AUC[ROC]: 0.826554	AUC[PR]: 0.181708
Epoch evaluation duration: 107.296691895
Epoch duration: 120.981595993

Epoch 105/200
Epoch training duration: 16.1773371696
Train	AUC[ROC]: 0.999997	AUC[PR]: 0.996735
Val	AUC[ROC]: 0.827996	AUC[PR]: 0.181920
Epoch evaluation duration: 97.5033509731
Epoch duration: 113.680688143

Epoch 106/200
Epoch training duration: 13.8861279488
Train	AUC[ROC]: 0.999995	AUC[PR]: 0.994150
Val	AUC[ROC]: 0.817856	AUC[PR]: 0.185591
Epoch evaluation duration: 99.0847690105
Epoch duration: 112.970896959

Epoch 107/200
Epoch training duration: 13.576333046
Train	AUC[ROC]: 0.999997	AUC[PR]: 0.997177
Val	AUC[ROC]: 0.834182	AUC[PR]: 0.190854
Epoch evaluation duration: 108.852570057
Epoch duration: 122.428903103

Epoch 108/200
Epoch training duration: 15.2963597775
Train	AUC[ROC]: 0.999994	AUC[PR]: 0.987230
Val	AUC[ROC]: 0.816603	AUC[PR]: 0.189889
Epoch evaluation duration: 110.249098063
Epoch duration: 125.54545784

Epoch 109/200
Epoch training duration: 15.7148220539
Train	AUC[ROC]: 0.999994	AUC[PR]: 0.989779
Val	AUC[ROC]: 0.815104	AUC[PR]: 0.167847
Epoch evaluation duration: 110.204775095
Epoch duration: 125.919597149

train precision: 0.959420335153
train roc: 0.999963787252
train hit in top 2563: 334.0 out of 334.0

val precision: 0.201251168274
val roc: 0.843584385152
val hit in top 427: 35.0 out of 55.0

test precision: 0.241303297013
test roc: 0.866915925282
test hit in top 427: 36.0 out of 55.0

ratio: 0.02, EF: 35.4545454545,	active: 55.0
ratio: 0.02, NEF: 0.709090909091
ratio: 0.01, EF: 65.4545454545,	active: 55.0
ratio: 0.01, NEF: 0.654545454545
ratio: 0.0015, EF: 266.666666667,	active: 55.0
ratio: 0.0015, NEF: 0.4
ratio: 0.001, EF: 309.090909091,	active: 55.0
ratio: 0.001, NEF: 0.404761904762

