label_name_list  [u'PriA-SSB AS Activity']
train files  ['../datasets/keck_pria/fold_0.csv' '../datasets/keck_pria/fold_1.csv'
 '../datasets/keck_pria/fold_4.csv' '../datasets/keck_pria/fold_5.csv'
 '../datasets/keck_pria/fold_6.csv' '../datasets/keck_pria/fold_7.csv']
val files  ['../datasets/keck_pria/fold_2.csv']
test files  ['../datasets/keck_pria/fold_3.csv']
Class Weight  [{0: 1.0, 1: 771.2138554216867}]
Epoch 1/1000
Epoch training duration: 11.862019062
Train	AUC[ROC]: 0.878514	AUC[PR]: 0.051397
Val	AUC[ROC]: 0.846334	AUC[PR]: 0.089161
Epoch evaluation duration: 93.9038689137
Epoch duration: 105.765887976

Epoch 2/1000
Epoch training duration: 14.4504771233
Train	AUC[ROC]: 0.919877	AUC[PR]: 0.112869
Val	AUC[ROC]: 0.867549	AUC[PR]: 0.147509
Epoch evaluation duration: 105.157732964
Epoch duration: 119.608210087

Epoch 3/1000
Epoch training duration: 13.6428809166
Train	AUC[ROC]: 0.936504	AUC[PR]: 0.140480
Val	AUC[ROC]: 0.872204	AUC[PR]: 0.177246
Epoch evaluation duration: 106.379748106
Epoch duration: 120.022629023

Epoch 4/1000
Epoch training duration: 14.4906868935
Train	AUC[ROC]: 0.949048	AUC[PR]: 0.162121
Val	AUC[ROC]: 0.873202	AUC[PR]: 0.195919
Epoch evaluation duration: 106.135500193
Epoch duration: 120.626187086

Epoch 5/1000
Epoch training duration: 14.1800858974
Train	AUC[ROC]: 0.958217	AUC[PR]: 0.171794
Val	AUC[ROC]: 0.873306	AUC[PR]: 0.202052
Epoch evaluation duration: 107.103775978
Epoch duration: 121.283861876

Epoch 6/1000
Epoch training duration: 14.1084980965
Train	AUC[ROC]: 0.964501	AUC[PR]: 0.177967
Val	AUC[ROC]: 0.874420	AUC[PR]: 0.200006
Epoch evaluation duration: 105.281281948
Epoch duration: 119.389780045

Epoch 7/1000
Epoch training duration: 14.3856780529
Train	AUC[ROC]: 0.971169	AUC[PR]: 0.186707
Val	AUC[ROC]: 0.873988	AUC[PR]: 0.203370
Epoch evaluation duration: 106.973075867
Epoch duration: 121.35875392

Epoch 8/1000
Epoch training duration: 14.5814151764
Train	AUC[ROC]: 0.976373	AUC[PR]: 0.198522
Val	AUC[ROC]: 0.872886	AUC[PR]: 0.209160
Epoch evaluation duration: 105.701798916
Epoch duration: 120.283214092

Epoch 9/1000
Epoch training duration: 14.6573469639
Train	AUC[ROC]: 0.980053	AUC[PR]: 0.205657
Val	AUC[ROC]: 0.871140	AUC[PR]: 0.203702
Epoch evaluation duration: 107.192873955
Epoch duration: 121.850220919

Epoch 10/1000
Epoch training duration: 14.2534079552
Train	AUC[ROC]: 0.983610	AUC[PR]: 0.217900
Val	AUC[ROC]: 0.870428	AUC[PR]: 0.206820
Epoch evaluation duration: 105.881731033
Epoch duration: 120.135138988

Epoch 11/1000
Epoch training duration: 14.4469981194
Train	AUC[ROC]: 0.985972	AUC[PR]: 0.226155
Val	AUC[ROC]: 0.869867	AUC[PR]: 0.209952
Epoch evaluation duration: 105.291985035
Epoch duration: 119.738983154

Epoch 12/1000
Epoch training duration: 14.0937328339
Train	AUC[ROC]: 0.987748	AUC[PR]: 0.235396
Val	AUC[ROC]: 0.869985	AUC[PR]: 0.208055
Epoch evaluation duration: 105.658997059
Epoch duration: 119.752729893

Epoch 13/1000
Epoch training duration: 14.5876979828
Train	AUC[ROC]: 0.989555	AUC[PR]: 0.246338
Val	AUC[ROC]: 0.870095	AUC[PR]: 0.218217
Epoch evaluation duration: 107.121919155
Epoch duration: 121.709617138

Epoch 14/1000
Epoch training duration: 14.2721948624
Train	AUC[ROC]: 0.991208	AUC[PR]: 0.256936
Val	AUC[ROC]: 0.868127	AUC[PR]: 0.217715
Epoch evaluation duration: 104.95203805
Epoch duration: 119.224232912

Epoch 15/1000
Epoch training duration: 14.9121029377
Train	AUC[ROC]: 0.992406	AUC[PR]: 0.266535
Val	AUC[ROC]: 0.867958	AUC[PR]: 0.211639
Epoch evaluation duration: 106.148716927
Epoch duration: 121.060819864

Epoch 16/1000
Epoch training duration: 14.08604002
Train	AUC[ROC]: 0.993492	AUC[PR]: 0.280543
Val	AUC[ROC]: 0.866925	AUC[PR]: 0.212510
Epoch evaluation duration: 105.041567087
Epoch duration: 119.127607107

Epoch 17/1000
Epoch training duration: 14.6566948891
Train	AUC[ROC]: 0.994231	AUC[PR]: 0.291315
Val	AUC[ROC]: 0.865828	AUC[PR]: 0.212396
Epoch evaluation duration: 105.950488091
Epoch duration: 120.60718298

Epoch 18/1000
Epoch training duration: 14.3846960068
Train	AUC[ROC]: 0.995038	AUC[PR]: 0.304807
Val	AUC[ROC]: 0.864835	AUC[PR]: 0.220047
Epoch evaluation duration: 105.210858107
Epoch duration: 119.595554113

Epoch 19/1000
Epoch training duration: 14.3303098679
Train	AUC[ROC]: 0.995556	AUC[PR]: 0.314736
Val	AUC[ROC]: 0.864161	AUC[PR]: 0.219946
Epoch evaluation duration: 105.994544029
Epoch duration: 120.324853897

Epoch 20/1000
Epoch training duration: 14.3004620075
Train	AUC[ROC]: 0.995995	AUC[PR]: 0.323823
Val	AUC[ROC]: 0.863975	AUC[PR]: 0.216434
Epoch evaluation duration: 105.608258963
Epoch duration: 119.90872097

Epoch 21/1000
Epoch training duration: 14.4619841576
Train	AUC[ROC]: 0.996439	AUC[PR]: 0.331885
Val	AUC[ROC]: 0.864424	AUC[PR]: 0.213540
Epoch evaluation duration: 106.00848794
Epoch duration: 120.470472097

Epoch 22/1000
Epoch training duration: 14.4753968716
Train	AUC[ROC]: 0.996851	AUC[PR]: 0.343966
Val	AUC[ROC]: 0.864105	AUC[PR]: 0.212619
Epoch evaluation duration: 105.822384119
Epoch duration: 120.297780991

Epoch 23/1000
Epoch training duration: 14.3887119293
Train	AUC[ROC]: 0.997192	AUC[PR]: 0.357524
Val	AUC[ROC]: 0.863919	AUC[PR]: 0.215866
Epoch evaluation duration: 105.561166048
Epoch duration: 119.949877977

Epoch 24/1000
Epoch training duration: 13.9339299202
Train	AUC[ROC]: 0.997503	AUC[PR]: 0.369546
Val	AUC[ROC]: 0.863330	AUC[PR]: 0.220259
Epoch evaluation duration: 105.099261045
Epoch duration: 119.033190966

Epoch 25/1000
Epoch training duration: 13.9977691174
Train	AUC[ROC]: 0.997825	AUC[PR]: 0.384598
Val	AUC[ROC]: 0.862156	AUC[PR]: 0.221396
Epoch evaluation duration: 105.779078007
Epoch duration: 119.776847124

Epoch 26/1000
Epoch training duration: 14.3370358944
Train	AUC[ROC]: 0.998036	AUC[PR]: 0.392607
Val	AUC[ROC]: 0.863498	AUC[PR]: 0.232806
Epoch evaluation duration: 104.587024927
Epoch duration: 118.924060822

Epoch 27/1000
Epoch training duration: 13.6932501793
Train	AUC[ROC]: 0.998244	AUC[PR]: 0.404796
Val	AUC[ROC]: 0.862510	AUC[PR]: 0.228211
Epoch evaluation duration: 105.510562897
Epoch duration: 119.203813076

Epoch 28/1000
Epoch training duration: 14.0011739731
Train	AUC[ROC]: 0.998398	AUC[PR]: 0.416833
Val	AUC[ROC]: 0.861745	AUC[PR]: 0.229491
Epoch evaluation duration: 105.29313302
Epoch duration: 119.294306993

Epoch 29/1000
Epoch training duration: 14.1156349182
Train	AUC[ROC]: 0.998584	AUC[PR]: 0.435258
Val	AUC[ROC]: 0.862215	AUC[PR]: 0.229469
Epoch evaluation duration: 105.558608055
Epoch duration: 119.674242973

Epoch 30/1000
Epoch training duration: 13.7699739933
Train	AUC[ROC]: 0.998688	AUC[PR]: 0.444869
Val	AUC[ROC]: 0.861688	AUC[PR]: 0.229424
Epoch evaluation duration: 106.03392911
Epoch duration: 119.803903103

Epoch 31/1000
Epoch training duration: 13.3201069832
Train	AUC[ROC]: 0.998805	AUC[PR]: 0.459443
Val	AUC[ROC]: 0.860807	AUC[PR]: 0.228504
Epoch evaluation duration: 105.823494911
Epoch duration: 119.143601894

Epoch 32/1000
Epoch training duration: 14.2924039364
Train	AUC[ROC]: 0.998879	AUC[PR]: 0.466656
Val	AUC[ROC]: 0.860328	AUC[PR]: 0.220929
Epoch evaluation duration: 105.782047987
Epoch duration: 120.074451923

Epoch 33/1000
Epoch training duration: 14.4285302162
Train	AUC[ROC]: 0.998982	AUC[PR]: 0.481133
Val	AUC[ROC]: 0.860585	AUC[PR]: 0.221472
Epoch evaluation duration: 106.229089975
Epoch duration: 120.657620192

Epoch 34/1000
Epoch training duration: 14.0593919754
Train	AUC[ROC]: 0.999036	AUC[PR]: 0.492884
Val	AUC[ROC]: 0.859242	AUC[PR]: 0.227932
Epoch evaluation duration: 105.428922892
Epoch duration: 119.488314867

Epoch 35/1000
Epoch training duration: 13.7595441341
Train	AUC[ROC]: 0.999115	AUC[PR]: 0.509400
Val	AUC[ROC]: 0.858068	AUC[PR]: 0.230140
Epoch evaluation duration: 95.837998867
Epoch duration: 109.597543001

Epoch 36/1000
Epoch training duration: 11.7628610134
Train	AUC[ROC]: 0.999186	AUC[PR]: 0.522793
Val	AUC[ROC]: 0.857504	AUC[PR]: 0.238343
Epoch evaluation duration: 101.562685013
Epoch duration: 113.325546026

Epoch 37/1000
Epoch training duration: 13.5419020653
Train	AUC[ROC]: 0.999226	AUC[PR]: 0.531396
Val	AUC[ROC]: 0.857795	AUC[PR]: 0.235684
Epoch evaluation duration: 106.295543909
Epoch duration: 119.837445974

Epoch 38/1000
Epoch training duration: 14.4497220516
Train	AUC[ROC]: 0.999228	AUC[PR]: 0.532452
Val	AUC[ROC]: 0.857507	AUC[PR]: 0.235374
Epoch evaluation duration: 104.595382929
Epoch duration: 119.04510498

Epoch 39/1000
Epoch training duration: 14.9386210442
Train	AUC[ROC]: 0.999293	AUC[PR]: 0.548875
Val	AUC[ROC]: 0.856736	AUC[PR]: 0.238143
Epoch evaluation duration: 105.984802008
Epoch duration: 120.923423052

Epoch 40/1000
Epoch training duration: 13.5902590752
Train	AUC[ROC]: 0.999338	AUC[PR]: 0.560324
Val	AUC[ROC]: 0.857355	AUC[PR]: 0.237353
Epoch evaluation duration: 104.481964827
Epoch duration: 118.072223902

Epoch 41/1000
Epoch training duration: 14.2237040997
Train	AUC[ROC]: 0.999370	AUC[PR]: 0.565548
Val	AUC[ROC]: 0.858670	AUC[PR]: 0.236451
Epoch evaluation duration: 104.468291998
Epoch duration: 118.691996098

Epoch 42/1000
Epoch training duration: 13.7396678925
Train	AUC[ROC]: 0.999419	AUC[PR]: 0.579123
Val	AUC[ROC]: 0.858289	AUC[PR]: 0.239886
Epoch evaluation duration: 105.664944172
Epoch duration: 119.404612064

Epoch 43/1000
Epoch training duration: 14.1204390526
Train	AUC[ROC]: 0.999444	AUC[PR]: 0.589956
Val	AUC[ROC]: 0.855841	AUC[PR]: 0.234537
Epoch evaluation duration: 104.770570993
Epoch duration: 118.891010046

Epoch 44/1000
Epoch training duration: 14.3371620178
Train	AUC[ROC]: 0.999487	AUC[PR]: 0.606811
Val	AUC[ROC]: 0.854369	AUC[PR]: 0.235430
Epoch evaluation duration: 105.2881248
Epoch duration: 119.625286818

Epoch 45/1000
Epoch training duration: 14.1182689667
Train	AUC[ROC]: 0.999508	AUC[PR]: 0.613014
Val	AUC[ROC]: 0.853887	AUC[PR]: 0.236699
Epoch evaluation duration: 105.777046204
Epoch duration: 119.89531517

Epoch 46/1000
Epoch training duration: 13.7162578106
Train	AUC[ROC]: 0.999532	AUC[PR]: 0.622510
Val	AUC[ROC]: 0.852362	AUC[PR]: 0.237350
Epoch evaluation duration: 104.946065187
Epoch duration: 118.662322998

Epoch 47/1000
Epoch training duration: 14.4070079327
Train	AUC[ROC]: 0.999542	AUC[PR]: 0.628686
Val	AUC[ROC]: 0.850514	AUC[PR]: 0.236812
Epoch evaluation duration: 105.003463984
Epoch duration: 119.410471916

Epoch 48/1000
Epoch training duration: 14.2802829742
Train	AUC[ROC]: 0.999570	AUC[PR]: 0.640515
Val	AUC[ROC]: 0.850619	AUC[PR]: 0.234152
Epoch evaluation duration: 105.41673708
Epoch duration: 119.697020054

Epoch 49/1000
Epoch training duration: 14.0337378979
Train	AUC[ROC]: 0.999589	AUC[PR]: 0.651066
Val	AUC[ROC]: 0.851117	AUC[PR]: 0.231223
Epoch evaluation duration: 105.396111965
Epoch duration: 119.429849863

Epoch 50/1000
Epoch training duration: 14.2914910316
Train	AUC[ROC]: 0.999615	AUC[PR]: 0.662767
Val	AUC[ROC]: 0.849916	AUC[PR]: 0.234210
Epoch evaluation duration: 105.33991313
Epoch duration: 119.631404161

Epoch 51/1000
Epoch training duration: 14.4248528481
Train	AUC[ROC]: 0.999636	AUC[PR]: 0.674644
Val	AUC[ROC]: 0.849930	AUC[PR]: 0.239044
Epoch evaluation duration: 105.136130095
Epoch duration: 119.560982943

Epoch 52/1000
Epoch training duration: 14.0708339214
Train	AUC[ROC]: 0.999635	AUC[PR]: 0.673502
Val	AUC[ROC]: 0.850091	AUC[PR]: 0.236822
Epoch evaluation duration: 105.618947983
Epoch duration: 119.689781904

Epoch 53/1000
Epoch training duration: 14.2800011635
Train	AUC[ROC]: 0.999653	AUC[PR]: 0.681046
Val	AUC[ROC]: 0.849353	AUC[PR]: 0.236666
Epoch evaluation duration: 106.184857845
Epoch duration: 120.464859009

Epoch 54/1000
Epoch training duration: 13.653578043
Train	AUC[ROC]: 0.999673	AUC[PR]: 0.693940
Val	AUC[ROC]: 0.847776	AUC[PR]: 0.236274
Epoch evaluation duration: 105.273430109
Epoch duration: 118.927008152

Epoch 55/1000
Epoch training duration: 14.5145869255
Train	AUC[ROC]: 0.999704	AUC[PR]: 0.711194
Val	AUC[ROC]: 0.850491	AUC[PR]: 0.238534
Epoch evaluation duration: 104.416306019
Epoch duration: 118.930892944

Epoch 56/1000
Epoch training duration: 14.216892004
Train	AUC[ROC]: 0.999709	AUC[PR]: 0.714001
Val	AUC[ROC]: 0.847903	AUC[PR]: 0.239116
Epoch evaluation duration: 105.150663853
Epoch duration: 119.367555857

Epoch 57/1000
Epoch training duration: 14.1160140038
Train	AUC[ROC]: 0.999717	AUC[PR]: 0.720319
Val	AUC[ROC]: 0.848040	AUC[PR]: 0.244223
Epoch evaluation duration: 104.898989201
Epoch duration: 119.015003204

Epoch 58/1000
Epoch training duration: 13.9049358368
Train	AUC[ROC]: 0.999744	AUC[PR]: 0.739956
Val	AUC[ROC]: 0.845854	AUC[PR]: 0.239876
Epoch evaluation duration: 105.277451992
Epoch duration: 119.182387829

Epoch 59/1000
Epoch training duration: 14.3359851837
Train	AUC[ROC]: 0.999750	AUC[PR]: 0.745538
Val	AUC[ROC]: 0.844757	AUC[PR]: 0.234583
Epoch evaluation duration: 104.69893384
Epoch duration: 119.034919024

Epoch 60/1000
Epoch training duration: 13.7359941006
Train	AUC[ROC]: 0.999763	AUC[PR]: 0.755168
Val	AUC[ROC]: 0.842558	AUC[PR]: 0.232007
Epoch evaluation duration: 105.331590891
Epoch duration: 119.067584991

Epoch 61/1000
Epoch training duration: 14.5118951797
Train	AUC[ROC]: 0.999776	AUC[PR]: 0.763153
Val	AUC[ROC]: 0.844614	AUC[PR]: 0.237117
Epoch evaluation duration: 103.558644772
Epoch duration: 118.070539951

Epoch 62/1000
Epoch training duration: 13.9460430145
Train	AUC[ROC]: 0.999782	AUC[PR]: 0.766779
Val	AUC[ROC]: 0.845211	AUC[PR]: 0.231183
Epoch evaluation duration: 105.831622124
Epoch duration: 119.777665138

Epoch 63/1000
Epoch training duration: 14.4689939022
Train	AUC[ROC]: 0.999783	AUC[PR]: 0.766865
Val	AUC[ROC]: 0.845629	AUC[PR]: 0.235315
Epoch evaluation duration: 104.851778984
Epoch duration: 119.320772886

Epoch 64/1000
Epoch training duration: 14.1765720844
Train	AUC[ROC]: 0.999801	AUC[PR]: 0.777284
Val	AUC[ROC]: 0.844987	AUC[PR]: 0.233193
Epoch evaluation duration: 105.835288048
Epoch duration: 120.011860132

Epoch 65/1000
Epoch training duration: 14.5363759995
Train	AUC[ROC]: 0.999815	AUC[PR]: 0.789749
Val	AUC[ROC]: 0.843173	AUC[PR]: 0.239928
Epoch evaluation duration: 104.435683966
Epoch duration: 118.972059965

Epoch 66/1000
Epoch training duration: 14.5503220558
Train	AUC[ROC]: 0.999823	AUC[PR]: 0.796464
Val	AUC[ROC]: 0.843049	AUC[PR]: 0.232101
Epoch evaluation duration: 105.147748947
Epoch duration: 119.698071003

Epoch 67/1000
Epoch training duration: 14.1866099834
Train	AUC[ROC]: 0.999833	AUC[PR]: 0.804292
Val	AUC[ROC]: 0.842682	AUC[PR]: 0.233150
Epoch evaluation duration: 104.019418001
Epoch duration: 118.206027985

Epoch 68/1000
Epoch training duration: 14.4984800816
Train	AUC[ROC]: 0.999839	AUC[PR]: 0.808303
Val	AUC[ROC]: 0.843134	AUC[PR]: 0.230765
Epoch evaluation duration: 106.246579885
Epoch duration: 120.745059967

Epoch 69/1000
Epoch training duration: 13.6736979485
Train	AUC[ROC]: 0.999854	AUC[PR]: 0.823870
Val	AUC[ROC]: 0.841414	AUC[PR]: 0.230750
Epoch evaluation duration: 103.450489044
Epoch duration: 117.124186993

Epoch 70/1000
Epoch training duration: 14.6903431416
Train	AUC[ROC]: 0.999866	AUC[PR]: 0.833116
Val	AUC[ROC]: 0.838854	AUC[PR]: 0.234177
Epoch evaluation duration: 105.694613934
Epoch duration: 120.384957075

Epoch 71/1000
Epoch training duration: 13.4238600731
Train	AUC[ROC]: 0.999858	AUC[PR]: 0.826952
Val	AUC[ROC]: 0.840551	AUC[PR]: 0.233127
Epoch evaluation duration: 104.641323805
Epoch duration: 118.065183878

Epoch 72/1000
Epoch training duration: 13.7917141914
Train	AUC[ROC]: 0.999872	AUC[PR]: 0.837736
Val	AUC[ROC]: 0.839139	AUC[PR]: 0.225001
Epoch evaluation duration: 106.182477951
Epoch duration: 119.974192142

Epoch 73/1000
Epoch training duration: 13.4803278446
Train	AUC[ROC]: 0.999853	AUC[PR]: 0.823166
Val	AUC[ROC]: 0.836062	AUC[PR]: 0.238687
Epoch evaluation duration: 105.796298027
Epoch duration: 119.276625872

Epoch 74/1000
Epoch training duration: 14.3683311939
Train	AUC[ROC]: 0.999860	AUC[PR]: 0.827185
Val	AUC[ROC]: 0.834155	AUC[PR]: 0.239380
Epoch evaluation duration: 105.002670765
Epoch duration: 119.371001959

Epoch 75/1000
Epoch training duration: 13.556191206
Train	AUC[ROC]: 0.999869	AUC[PR]: 0.837679
Val	AUC[ROC]: 0.835028	AUC[PR]: 0.235469
Epoch evaluation duration: 105.12823081
Epoch duration: 118.684422016

Epoch 76/1000
Epoch training duration: 13.9092571735
Train	AUC[ROC]: 0.999881	AUC[PR]: 0.847981
Val	AUC[ROC]: 0.834063	AUC[PR]: 0.236907
Epoch evaluation duration: 106.571540833
Epoch duration: 120.480798006

Epoch 77/1000
Epoch training duration: 13.7054011822
Train	AUC[ROC]: 0.999868	AUC[PR]: 0.834707
Val	AUC[ROC]: 0.832774	AUC[PR]: 0.244438
Epoch evaluation duration: 104.703177929
Epoch duration: 118.408579111

Epoch 78/1000
Epoch training duration: 14.4554848671
Train	AUC[ROC]: 0.999881	AUC[PR]: 0.845276
Val	AUC[ROC]: 0.832492	AUC[PR]: 0.244196
Epoch evaluation duration: 105.321560144
Epoch duration: 119.777045012

Epoch 79/1000
Epoch training duration: 13.6988930702
Train	AUC[ROC]: 0.999892	AUC[PR]: 0.854347
Val	AUC[ROC]: 0.831184	AUC[PR]: 0.246105
Epoch evaluation duration: 105.697928905
Epoch duration: 119.396821976

Epoch 80/1000
Epoch training duration: 13.9369719028
Train	AUC[ROC]: 0.999902	AUC[PR]: 0.863994
Val	AUC[ROC]: 0.830688	AUC[PR]: 0.237439
Epoch evaluation duration: 105.133002996
Epoch duration: 119.069974899

Epoch 81/1000
Epoch training duration: 13.3726820946
Train	AUC[ROC]: 0.999901	AUC[PR]: 0.863794
Val	AUC[ROC]: 0.830068	AUC[PR]: 0.241224
Epoch evaluation duration: 105.289521933
Epoch duration: 118.662204027

Epoch 82/1000
Epoch training duration: 14.4290511608
Train	AUC[ROC]: 0.999909	AUC[PR]: 0.871396
Val	AUC[ROC]: 0.829133	AUC[PR]: 0.237000
Epoch evaluation duration: 104.058393002
Epoch duration: 118.487444162

Epoch 83/1000
Epoch training duration: 14.7001388073
Train	AUC[ROC]: 0.999914	AUC[PR]: 0.875704
Val	AUC[ROC]: 0.829875	AUC[PR]: 0.238268
Epoch evaluation duration: 105.193299055
Epoch duration: 119.893437862

Epoch 84/1000
Epoch training duration: 14.5466940403
Train	AUC[ROC]: 0.999914	AUC[PR]: 0.876224
Val	AUC[ROC]: 0.829732	AUC[PR]: 0.235717
Epoch evaluation duration: 105.199816942
Epoch duration: 119.746510983

Epoch 85/1000
Epoch training duration: 14.4239461422
Train	AUC[ROC]: 0.999919	AUC[PR]: 0.882789
Val	AUC[ROC]: 0.829273	AUC[PR]: 0.237975
Epoch evaluation duration: 105.860160828
Epoch duration: 120.28410697

Epoch 86/1000
Epoch training duration: 14.7000432014
Train	AUC[ROC]: 0.999927	AUC[PR]: 0.892111
Val	AUC[ROC]: 0.827731	AUC[PR]: 0.234546
Epoch evaluation duration: 104.302816868
Epoch duration: 119.002860069

Epoch 87/1000
Epoch training duration: 14.237580061
Train	AUC[ROC]: 0.999926	AUC[PR]: 0.891964
Val	AUC[ROC]: 0.829257	AUC[PR]: 0.230970
Epoch evaluation duration: 105.018447876
Epoch duration: 119.256027937

Epoch 88/1000
Epoch training duration: 14.5658841133
Train	AUC[ROC]: 0.999930	AUC[PR]: 0.898781
Val	AUC[ROC]: 0.829401	AUC[PR]: 0.231113
Epoch evaluation duration: 105.164355993
Epoch duration: 119.730240107

Epoch 89/1000
Epoch training duration: 14.721503973
Train	AUC[ROC]: 0.999928	AUC[PR]: 0.896372
Val	AUC[ROC]: 0.828525	AUC[PR]: 0.229864
Epoch evaluation duration: 104.050550938
Epoch duration: 118.772054911

Epoch 90/1000
Epoch training duration: 14.0409450531
Train	AUC[ROC]: 0.999930	AUC[PR]: 0.899076
Val	AUC[ROC]: 0.827983	AUC[PR]: 0.228202
Epoch evaluation duration: 104.027087927
Epoch duration: 118.06803298

Epoch 91/1000
Epoch training duration: 14.38808918
Train	AUC[ROC]: 0.999934	AUC[PR]: 0.902374
Val	AUC[ROC]: 0.826055	AUC[PR]: 0.229523
Epoch evaluation duration: 105.282126904
Epoch duration: 119.670216084

Epoch 92/1000
Epoch training duration: 14.4118859768
Train	AUC[ROC]: 0.999933	AUC[PR]: 0.900679
Val	AUC[ROC]: 0.824830	AUC[PR]: 0.231036
Epoch evaluation duration: 103.582682133
Epoch duration: 117.99456811

Epoch 93/1000
Epoch training duration: 13.7938868999
Train	AUC[ROC]: 0.999936	AUC[PR]: 0.903620
Val	AUC[ROC]: 0.826237	AUC[PR]: 0.235654
Epoch evaluation duration: 104.5977211
Epoch duration: 118.391608

Epoch 94/1000
Epoch training duration: 14.2921710014
Train	AUC[ROC]: 0.999932	AUC[PR]: 0.901448
Val	AUC[ROC]: 0.827153	AUC[PR]: 0.237277
Epoch evaluation duration: 104.26648283
Epoch duration: 118.558653831

Epoch 95/1000
Epoch training duration: 14.4907140732
Train	AUC[ROC]: 0.999929	AUC[PR]: 0.896849
Val	AUC[ROC]: 0.826425	AUC[PR]: 0.235878
Epoch evaluation duration: 107.170141935
Epoch duration: 121.660856009

Epoch 96/1000
Epoch training duration: 14.2613101006
Train	AUC[ROC]: 0.999938	AUC[PR]: 0.907330
Val	AUC[ROC]: 0.823605	AUC[PR]: 0.237501
Epoch evaluation duration: 105.179744959
Epoch duration: 119.441055059

Epoch 97/1000
Epoch training duration: 14.5373198986
Train	AUC[ROC]: 0.999939	AUC[PR]: 0.906967
Val	AUC[ROC]: 0.822452	AUC[PR]: 0.238609
Epoch evaluation duration: 105.749238014
Epoch duration: 120.286557913

Epoch 98/1000
Epoch training duration: 14.0957729816
Train	AUC[ROC]: 0.999944	AUC[PR]: 0.912377
Val	AUC[ROC]: 0.822638	AUC[PR]: 0.239126
Epoch evaluation duration: 104.31184411
Epoch duration: 118.407617092

Epoch 99/1000
Epoch training duration: 14.3711130619
Train	AUC[ROC]: 0.999944	AUC[PR]: 0.912539
Val	AUC[ROC]: 0.824151	AUC[PR]: 0.243401
Epoch evaluation duration: 106.021718025
Epoch duration: 120.392831087

Epoch 100/1000
Epoch training duration: 13.4434909821
Train	AUC[ROC]: 0.999940	AUC[PR]: 0.907056
Val	AUC[ROC]: 0.825610	AUC[PR]: 0.235109
Epoch evaluation duration: 104.318454981
Epoch duration: 117.761945963

Epoch 101/1000
Epoch training duration: 14.0825309753
Train	AUC[ROC]: 0.999944	AUC[PR]: 0.910692
Val	AUC[ROC]: 0.822765	AUC[PR]: 0.234340
Epoch evaluation duration: 107.120317936
Epoch duration: 121.202848911

Epoch 102/1000
Epoch training duration: 13.4651520252
Train	AUC[ROC]: 0.999946	AUC[PR]: 0.914272
Val	AUC[ROC]: 0.824098	AUC[PR]: 0.231667
Epoch evaluation duration: 104.871118069
Epoch duration: 118.336270094

Epoch 103/1000
Epoch training duration: 14.5775940418
Train	AUC[ROC]: 0.999948	AUC[PR]: 0.917016
Val	AUC[ROC]: 0.822285	AUC[PR]: 0.237496
Epoch evaluation duration: 106.54734087
Epoch duration: 121.124934912

Epoch 104/1000
Epoch training duration: 13.7861061096
Train	AUC[ROC]: 0.999954	AUC[PR]: 0.924411
Val	AUC[ROC]: 0.819502	AUC[PR]: 0.238008
Epoch evaluation duration: 105.808456898
Epoch duration: 119.594563007

Epoch 105/1000
Epoch training duration: 14.4952769279
Train	AUC[ROC]: 0.999957	AUC[PR]: 0.928606
Val	AUC[ROC]: 0.819279	AUC[PR]: 0.237993
Epoch evaluation duration: 105.486245155
Epoch duration: 119.981522083

Epoch 106/1000
Epoch training duration: 14.0771968365
Train	AUC[ROC]: 0.999956	AUC[PR]: 0.927433
Val	AUC[ROC]: 0.820057	AUC[PR]: 0.235785
Epoch evaluation duration: 105.583400011
Epoch duration: 119.660596848

Epoch 107/1000
Epoch training duration: 14.4050149918
Train	AUC[ROC]: 0.999956	AUC[PR]: 0.928153
Val	AUC[ROC]: 0.818389	AUC[PR]: 0.236051
Epoch evaluation duration: 106.161123991
Epoch duration: 120.566138983

Epoch 108/1000
Epoch training duration: 13.9166240692
Train	AUC[ROC]: 0.999957	AUC[PR]: 0.928463
Val	AUC[ROC]: 0.817492	AUC[PR]: 0.237284
Epoch evaluation duration: 104.381856918
Epoch duration: 118.298480988

Epoch 109/1000
Epoch training duration: 14.3807201385
Train	AUC[ROC]: 0.999958	AUC[PR]: 0.932576
Val	AUC[ROC]: 0.817485	AUC[PR]: 0.237755
Epoch evaluation duration: 104.764327049
Epoch duration: 119.145047188

Epoch 110/1000
Epoch training duration: 13.2647650242
Train	AUC[ROC]: 0.999960	AUC[PR]: 0.934470
Val	AUC[ROC]: 0.818335	AUC[PR]: 0.232145
Epoch evaluation duration: 105.580011845
Epoch duration: 118.844776869

Epoch 111/1000
Epoch training duration: 13.7840621471
Train	AUC[ROC]: 0.999960	AUC[PR]: 0.934792
Val	AUC[ROC]: 0.818731	AUC[PR]: 0.231213
Epoch evaluation duration: 104.447845936
Epoch duration: 118.231908083

Epoch 112/1000
Epoch training duration: 13.5572528839
Train	AUC[ROC]: 0.999964	AUC[PR]: 0.939386
Val	AUC[ROC]: 0.818235	AUC[PR]: 0.230522
Epoch evaluation duration: 105.397123098
Epoch duration: 118.954375982

Epoch 113/1000
Epoch training duration: 14.3643300533
Train	AUC[ROC]: 0.999965	AUC[PR]: 0.941844
Val	AUC[ROC]: 0.819183	AUC[PR]: 0.232358
Epoch evaluation duration: 104.847434044
Epoch duration: 119.211764097

Epoch 114/1000
Epoch training duration: 13.7364180088
Train	AUC[ROC]: 0.999962	AUC[PR]: 0.940382
Val	AUC[ROC]: 0.818957	AUC[PR]: 0.239652
Epoch evaluation duration: 105.203022957
Epoch duration: 118.939440966

Epoch 115/1000
Epoch training duration: 14.1179099083
Train	AUC[ROC]: 0.999965	AUC[PR]: 0.943658
Val	AUC[ROC]: 0.818590	AUC[PR]: 0.239012
Epoch evaluation duration: 104.599895954
Epoch duration: 118.717805862

Epoch 116/1000
Epoch training duration: 14.5341861248
Train	AUC[ROC]: 0.999968	AUC[PR]: 0.946702
Val	AUC[ROC]: 0.818438	AUC[PR]: 0.238474
Epoch evaluation duration: 105.645143032
Epoch duration: 120.179329157

Epoch 117/1000
Epoch training duration: 14.6054668427
Train	AUC[ROC]: 0.999965	AUC[PR]: 0.943182
Val	AUC[ROC]: 0.818646	AUC[PR]: 0.246648
Epoch evaluation duration: 103.619980097
Epoch duration: 118.225446939

Epoch 118/1000
Epoch training duration: 13.8178548813
Train	AUC[ROC]: 0.999969	AUC[PR]: 0.947282
Val	AUC[ROC]: 0.816651	AUC[PR]: 0.241194
Epoch evaluation duration: 106.171336174
Epoch duration: 119.989191055

Epoch 119/1000
Epoch training duration: 14.246970892
Train	AUC[ROC]: 0.999968	AUC[PR]: 0.945523
Val	AUC[ROC]: 0.818062	AUC[PR]: 0.242297
Epoch evaluation duration: 104.515366077
Epoch duration: 118.762336969

Epoch 120/1000
Epoch training duration: 14.5508599281
Train	AUC[ROC]: 0.999968	AUC[PR]: 0.947031
Val	AUC[ROC]: 0.815366	AUC[PR]: 0.247953
Epoch evaluation duration: 105.431343079
Epoch duration: 119.982203007

Epoch 121/1000
Epoch training duration: 14.2230939865
Train	AUC[ROC]: 0.999968	AUC[PR]: 0.947216
Val	AUC[ROC]: 0.816413	AUC[PR]: 0.245148
Epoch evaluation duration: 104.993315935
Epoch duration: 119.216409922

Epoch 122/1000
Epoch training duration: 14.2924320698
Train	AUC[ROC]: 0.999969	AUC[PR]: 0.948986
Val	AUC[ROC]: 0.817304	AUC[PR]: 0.244002
Epoch evaluation duration: 106.348425865
Epoch duration: 120.640857935

Epoch 123/1000
Epoch training duration: 13.5049960613
Train	AUC[ROC]: 0.999969	AUC[PR]: 0.950495
Val	AUC[ROC]: 0.816458	AUC[PR]: 0.247905
Epoch evaluation duration: 104.442130089
Epoch duration: 117.94712615

Epoch 124/1000
Epoch training duration: 14.1026098728
Train	AUC[ROC]: 0.999971	AUC[PR]: 0.952285
Val	AUC[ROC]: 0.813832	AUC[PR]: 0.239745
Epoch evaluation duration: 107.445672035
Epoch duration: 121.548281908

Epoch 125/1000
Epoch training duration: 13.8692700863
Train	AUC[ROC]: 0.999972	AUC[PR]: 0.953246
Val	AUC[ROC]: 0.813495	AUC[PR]: 0.244062
Epoch evaluation duration: 104.300959826
Epoch duration: 118.170229912

Epoch 126/1000
Epoch training duration: 13.7911682129
Train	AUC[ROC]: 0.999976	AUC[PR]: 0.959971
Val	AUC[ROC]: 0.814343	AUC[PR]: 0.245195
Epoch evaluation duration: 104.944525957
Epoch duration: 118.73569417

Epoch 127/1000
Epoch training duration: 13.7293798923
Train	AUC[ROC]: 0.999978	AUC[PR]: 0.962622
Val	AUC[ROC]: 0.813129	AUC[PR]: 0.241396
Epoch evaluation duration: 104.809572935
Epoch duration: 118.538952827

Epoch 128/1000
Epoch training duration: 14.9151141644
Train	AUC[ROC]: 0.999976	AUC[PR]: 0.959829
Val	AUC[ROC]: 0.817173	AUC[PR]: 0.239917
Epoch evaluation duration: 105.229442835
Epoch duration: 120.144556999

Epoch 129/1000
Epoch training duration: 13.7123222351
Train	AUC[ROC]: 0.999975	AUC[PR]: 0.958716
Val	AUC[ROC]: 0.820281	AUC[PR]: 0.247307
Epoch evaluation duration: 104.918041945
Epoch duration: 118.63036418

Epoch 130/1000
Epoch training duration: 13.9032468796
Train	AUC[ROC]: 0.999979	AUC[PR]: 0.964784
Val	AUC[ROC]: 0.819824	AUC[PR]: 0.239694
Epoch evaluation duration: 105.490187168
Epoch duration: 119.393434048

Epoch 131/1000
Epoch training duration: 13.589938879
Train	AUC[ROC]: 0.999980	AUC[PR]: 0.968527
Val	AUC[ROC]: 0.817161	AUC[PR]: 0.241349
Epoch evaluation duration: 105.163239956
Epoch duration: 118.753178835

Epoch 132/1000
Epoch training duration: 14.1016969681
Train	AUC[ROC]: 0.999980	AUC[PR]: 0.966932
Val	AUC[ROC]: 0.813744	AUC[PR]: 0.249369
Epoch evaluation duration: 104.813120127
Epoch duration: 118.914817095

Epoch 133/1000
Epoch training duration: 14.3929409981
Train	AUC[ROC]: 0.999982	AUC[PR]: 0.970665
Val	AUC[ROC]: 0.809650	AUC[PR]: 0.250830
Epoch evaluation duration: 104.525717974
Epoch duration: 118.918658972

Epoch 134/1000
Epoch training duration: 14.1727600098
Train	AUC[ROC]: 0.999982	AUC[PR]: 0.969343
Val	AUC[ROC]: 0.811502	AUC[PR]: 0.248314
Epoch evaluation duration: 105.083986998
Epoch duration: 119.256747007

Epoch 135/1000
Epoch training duration: 13.5376729965
Train	AUC[ROC]: 0.999982	AUC[PR]: 0.968729
Val	AUC[ROC]: 0.808632	AUC[PR]: 0.246764
Epoch evaluation duration: 104.366632938
Epoch duration: 117.904305935

Epoch 136/1000
Epoch training duration: 14.6322760582
Train	AUC[ROC]: 0.999985	AUC[PR]: 0.972566
Val	AUC[ROC]: 0.805945	AUC[PR]: 0.241082
Epoch evaluation duration: 104.725176096
Epoch duration: 119.357452154

Epoch 137/1000
Epoch training duration: 13.7434267998
Train	AUC[ROC]: 0.999985	AUC[PR]: 0.974714
Val	AUC[ROC]: 0.807556	AUC[PR]: 0.241210
Epoch evaluation duration: 105.483536005
Epoch duration: 119.226962805

Epoch 138/1000
Epoch training duration: 13.8349320889
Train	AUC[ROC]: 0.999986	AUC[PR]: 0.976745
Val	AUC[ROC]: 0.804495	AUC[PR]: 0.248777
Epoch evaluation duration: 105.301213026
Epoch duration: 119.136145115

Epoch 139/1000
Epoch training duration: 14.3747389317
Train	AUC[ROC]: 0.999983	AUC[PR]: 0.970248
Val	AUC[ROC]: 0.804181	AUC[PR]: 0.249432
Epoch evaluation duration: 106.056386948
Epoch duration: 120.431125879

Epoch 140/1000
Epoch training duration: 14.3016190529
Train	AUC[ROC]: 0.999985	AUC[PR]: 0.974889
Val	AUC[ROC]: 0.800487	AUC[PR]: 0.243966
Epoch evaluation duration: 105.317176104
Epoch duration: 119.618795156

Epoch 141/1000
Epoch training duration: 14.3807339668
Train	AUC[ROC]: 0.999976	AUC[PR]: 0.958651
Val	AUC[ROC]: 0.814652	AUC[PR]: 0.246373
Epoch evaluation duration: 105.340286016
Epoch duration: 119.721019983

Epoch 142/1000
Epoch training duration: 14.4407730103
Train	AUC[ROC]: 0.999981	AUC[PR]: 0.965473
Val	AUC[ROC]: 0.806618	AUC[PR]: 0.245850
Epoch evaluation duration: 105.324216843
Epoch duration: 119.764989853

Epoch 143/1000
Epoch training duration: 14.426087141
Train	AUC[ROC]: 0.999983	AUC[PR]: 0.968102
Val	AUC[ROC]: 0.802110	AUC[PR]: 0.242970
Epoch evaluation duration: 105.59134388
Epoch duration: 120.017431021

Epoch 144/1000
Epoch training duration: 14.3742439747
Train	AUC[ROC]: 0.999985	AUC[PR]: 0.970494
Val	AUC[ROC]: 0.800647	AUC[PR]: 0.237366
Epoch evaluation duration: 105.373967171
Epoch duration: 119.748211145

Epoch 145/1000
Epoch training duration: 14.1588840485
Train	AUC[ROC]: 0.999986	AUC[PR]: 0.972177
Val	AUC[ROC]: 0.802692	AUC[PR]: 0.232270
Epoch evaluation duration: 104.935292006
Epoch duration: 119.094176054

Epoch 146/1000
Epoch training duration: 14.2671749592
Train	AUC[ROC]: 0.999986	AUC[PR]: 0.972744
Val	AUC[ROC]: 0.799848	AUC[PR]: 0.231117
Epoch evaluation duration: 104.793720961
Epoch duration: 119.06089592

Epoch 147/1000
Epoch training duration: 13.5194399357
Train	AUC[ROC]: 0.999987	AUC[PR]: 0.974836
Val	AUC[ROC]: 0.797426	AUC[PR]: 0.220963
Epoch evaluation duration: 106.588344097
Epoch duration: 120.107784033

Epoch 148/1000
Epoch training duration: 14.0998580456
Train	AUC[ROC]: 0.999983	AUC[PR]: 0.967503
Val	AUC[ROC]: 0.801757	AUC[PR]: 0.227602
Epoch evaluation duration: 105.672600985
Epoch duration: 119.77245903

Epoch 149/1000
Epoch training duration: 13.1257908344
Train	AUC[ROC]: 0.999985	AUC[PR]: 0.970135
Val	AUC[ROC]: 0.798685	AUC[PR]: 0.225404
Epoch evaluation duration: 106.463171959
Epoch duration: 119.588962793

Epoch 150/1000
Epoch training duration: 13.6790552139
Train	AUC[ROC]: 0.999987	AUC[PR]: 0.975606
Val	AUC[ROC]: 0.792287	AUC[PR]: 0.223496
Epoch evaluation duration: 105.853851795
Epoch duration: 119.532907009

Epoch 151/1000
Epoch training duration: 14.0389761925
Train	AUC[ROC]: 0.999987	AUC[PR]: 0.975308
Val	AUC[ROC]: 0.800317	AUC[PR]: 0.211004
Epoch evaluation duration: 106.060900927
Epoch duration: 120.099877119

Epoch 152/1000
Epoch training duration: 14.2533400059
Train	AUC[ROC]: 0.999986	AUC[PR]: 0.971789
Val	AUC[ROC]: 0.801563	AUC[PR]: 0.224339
Epoch evaluation duration: 105.945770979
Epoch duration: 120.199110985

Epoch 153/1000
Epoch training duration: 14.0606939793
Train	AUC[ROC]: 0.999986	AUC[PR]: 0.972729
Val	AUC[ROC]: 0.794875	AUC[PR]: 0.226558
Epoch evaluation duration: 105.283293009
Epoch duration: 119.343986988

Epoch 154/1000
Epoch training duration: 13.3601799011
Train	AUC[ROC]: 0.999987	AUC[PR]: 0.972962
Val	AUC[ROC]: 0.793134	AUC[PR]: 0.229277
Epoch evaluation duration: 104.81648922
Epoch duration: 118.176669121

Epoch 155/1000
Epoch training duration: 13.7891609669
Train	AUC[ROC]: 0.999987	AUC[PR]: 0.973733
Val	AUC[ROC]: 0.791009	AUC[PR]: 0.224160
Epoch evaluation duration: 105.235308886
Epoch duration: 119.024469852

Epoch 156/1000
Epoch training duration: 13.8403351307
Train	AUC[ROC]: 0.999986	AUC[PR]: 0.974732
Val	AUC[ROC]: 0.797896	AUC[PR]: 0.233093
Epoch evaluation duration: 105.953186989
Epoch duration: 119.79352212

Epoch 157/1000
Epoch training duration: 14.0482578278
Train	AUC[ROC]: 0.999988	AUC[PR]: 0.975304
Val	AUC[ROC]: 0.792410	AUC[PR]: 0.225884
Epoch evaluation duration: 105.163249016
Epoch duration: 119.211506844

Epoch 158/1000
Epoch training duration: 14.2357170582
Train	AUC[ROC]: 0.999989	AUC[PR]: 0.977145
Val	AUC[ROC]: 0.795688	AUC[PR]: 0.224281
Epoch evaluation duration: 105.522138119
Epoch duration: 119.757855177

Epoch 159/1000
Epoch training duration: 13.5644907951
Train	AUC[ROC]: 0.999988	AUC[PR]: 0.976324
Val	AUC[ROC]: 0.793650	AUC[PR]: 0.224277
Epoch evaluation duration: 105.300784111
Epoch duration: 118.865274906

Epoch 160/1000
Epoch training duration: 13.9325408936
Train	AUC[ROC]: 0.999988	AUC[PR]: 0.976021
Val	AUC[ROC]: 0.790892	AUC[PR]: 0.237095
Epoch evaluation duration: 103.36504817
Epoch duration: 117.297589064

Epoch 161/1000
Epoch training duration: 14.6163918972
Train	AUC[ROC]: 0.999989	AUC[PR]: 0.977156
Val	AUC[ROC]: 0.785499	AUC[PR]: 0.229388
Epoch evaluation duration: 105.202250957
Epoch duration: 119.818642855

Epoch 162/1000
Epoch training duration: 13.8084461689
Train	AUC[ROC]: 0.999989	AUC[PR]: 0.978162
Val	AUC[ROC]: 0.784258	AUC[PR]: 0.232120
Epoch evaluation duration: 106.226849794
Epoch duration: 120.035295963

Epoch 163/1000
Epoch training duration: 13.8954520226
Train	AUC[ROC]: 0.999990	AUC[PR]: 0.979703
Val	AUC[ROC]: 0.780066	AUC[PR]: 0.226107
Epoch evaluation duration: 106.518635988
Epoch duration: 120.414088011

Epoch 164/1000
Epoch training duration: 14.4648530483
Train	AUC[ROC]: 0.999991	AUC[PR]: 0.980664
Val	AUC[ROC]: 0.787327	AUC[PR]: 0.225857
Epoch evaluation duration: 105.191081047
Epoch duration: 119.655934095

Epoch 165/1000
Epoch training duration: 13.771641016
Train	AUC[ROC]: 0.999990	AUC[PR]: 0.981432
Val	AUC[ROC]: 0.788304	AUC[PR]: 0.232180
Epoch evaluation duration: 104.797944069
Epoch duration: 118.569585085

Epoch 166/1000
Epoch training duration: 14.2057688236
Train	AUC[ROC]: 0.999988	AUC[PR]: 0.979635
Val	AUC[ROC]: 0.792106	AUC[PR]: 0.228224
Epoch evaluation duration: 105.823595047
Epoch duration: 120.029363871

Epoch 167/1000
Epoch training duration: 13.5166480541
Train	AUC[ROC]: 0.999988	AUC[PR]: 0.980291
Val	AUC[ROC]: 0.788938	AUC[PR]: 0.235193
Epoch evaluation duration: 105.636058092
Epoch duration: 119.152706146

Epoch 168/1000
Epoch training duration: 13.6727259159
Train	AUC[ROC]: 0.999989	AUC[PR]: 0.981554
Val	AUC[ROC]: 0.788722	AUC[PR]: 0.237427
Epoch evaluation duration: 104.826930046
Epoch duration: 118.499655962

Epoch 169/1000
Epoch training duration: 14.0551168919
Train	AUC[ROC]: 0.999992	AUC[PR]: 0.982959
Val	AUC[ROC]: 0.785549	AUC[PR]: 0.237639
Epoch evaluation duration: 105.448033094
Epoch duration: 119.503149986

Epoch 170/1000
Epoch training duration: 13.8535518646
Train	AUC[ROC]: 0.999987	AUC[PR]: 0.980312
Val	AUC[ROC]: 0.799969	AUC[PR]: 0.225937
Epoch evaluation duration: 105.831060171
Epoch duration: 119.684612036

Epoch 171/1000
Epoch training duration: 13.8082928658
Train	AUC[ROC]: 0.999990	AUC[PR]: 0.982248
Val	AUC[ROC]: 0.794188	AUC[PR]: 0.223988
Epoch evaluation duration: 105.818496943
Epoch duration: 119.626789808

Epoch 172/1000
Epoch training duration: 14.4093000889
Train	AUC[ROC]: 0.999992	AUC[PR]: 0.983697
Val	AUC[ROC]: 0.791193	AUC[PR]: 0.239670
Epoch evaluation duration: 104.174782038
Epoch duration: 118.584082127

Epoch 173/1000
Epoch training duration: 14.1094579697
Train	AUC[ROC]: 0.999993	AUC[PR]: 0.984536
Val	AUC[ROC]: 0.790031	AUC[PR]: 0.242015
Epoch evaluation duration: 104.377717018
Epoch duration: 118.487174988

Epoch 174/1000
Epoch training duration: 14.5724868774
Train	AUC[ROC]: 0.999993	AUC[PR]: 0.984917
Val	AUC[ROC]: 0.791148	AUC[PR]: 0.234721
Epoch evaluation duration: 105.22181201
Epoch duration: 119.794298887

Epoch 175/1000
Epoch training duration: 14.0437982082
Train	AUC[ROC]: 0.999994	AUC[PR]: 0.985731
Val	AUC[ROC]: 0.786609	AUC[PR]: 0.236311
Epoch evaluation duration: 105.032468796
Epoch duration: 119.076267004

Epoch 176/1000
Epoch training duration: 14.2395172119
Train	AUC[ROC]: 0.999993	AUC[PR]: 0.985797
Val	AUC[ROC]: 0.795812	AUC[PR]: 0.235921
Epoch evaluation duration: 104.796962976
Epoch duration: 119.036480188

Epoch 177/1000
Epoch training duration: 14.1160168648
Train	AUC[ROC]: 0.999995	AUC[PR]: 0.985766
Val	AUC[ROC]: 0.785361	AUC[PR]: 0.231997
Epoch evaluation duration: 104.821148157
Epoch duration: 118.937165022

Epoch 178/1000
Epoch training duration: 14.3196918964
Train	AUC[ROC]: 0.999993	AUC[PR]: 0.985726
Val	AUC[ROC]: 0.788268	AUC[PR]: 0.241818
Epoch evaluation duration: 105.495981932
Epoch duration: 119.815673828

Epoch 179/1000
Epoch training duration: 13.8878519535
Train	AUC[ROC]: 0.999993	AUC[PR]: 0.985518
Val	AUC[ROC]: 0.787857	AUC[PR]: 0.242340
Epoch evaluation duration: 105.930124044
Epoch duration: 119.817975998

Epoch 180/1000
Epoch training duration: 14.2329800129
Train	AUC[ROC]: 0.999994	AUC[PR]: 0.985874
Val	AUC[ROC]: 0.781912	AUC[PR]: 0.242405
Epoch evaluation duration: 105.119576931
Epoch duration: 119.352556944

Epoch 181/1000
Epoch training duration: 14.2736520767
Train	AUC[ROC]: 0.999995	AUC[PR]: 0.986328
Val	AUC[ROC]: 0.779631	AUC[PR]: 0.249466
Epoch evaluation duration: 106.861159086
Epoch duration: 121.134811163

Epoch 182/1000
Epoch training duration: 13.5652909279
Train	AUC[ROC]: 0.999994	AUC[PR]: 0.984819
Val	AUC[ROC]: 0.774593	AUC[PR]: 0.243526
Epoch evaluation duration: 104.031239986
Epoch duration: 117.596530914

Epoch 183/1000
Epoch training duration: 14.2625470161
Train	AUC[ROC]: 0.999991	AUC[PR]: 0.982668
Val	AUC[ROC]: 0.779462	AUC[PR]: 0.239118
Epoch evaluation duration: 105.536994934
Epoch duration: 119.79954195

Epoch 184/1000
Epoch training duration: 14.0945560932
Train	AUC[ROC]: 0.999991	AUC[PR]: 0.983229
Val	AUC[ROC]: 0.776190	AUC[PR]: 0.240426
Epoch evaluation duration: 105.772572994
Epoch duration: 119.867129087

Epoch 185/1000
Epoch training duration: 14.0749709606
Train	AUC[ROC]: 0.999992	AUC[PR]: 0.983654
Val	AUC[ROC]: 0.773036	AUC[PR]: 0.235566
Epoch evaluation duration: 106.078067064
Epoch duration: 120.153038025

Epoch 186/1000
Epoch training duration: 13.6595659256
Train	AUC[ROC]: 0.999991	AUC[PR]: 0.984281
Val	AUC[ROC]: 0.779975	AUC[PR]: 0.242368
Epoch evaluation duration: 105.093459129
Epoch duration: 118.753025055

Epoch 187/1000
Epoch training duration: 14.4672758579
Train	AUC[ROC]: 0.999991	AUC[PR]: 0.984102
Val	AUC[ROC]: 0.777383	AUC[PR]: 0.237464
Epoch evaluation duration: 104.651477098
Epoch duration: 119.118752956

Epoch 188/1000
Epoch training duration: 13.5820279121
Train	AUC[ROC]: 0.999992	AUC[PR]: 0.983952
Val	AUC[ROC]: 0.771667	AUC[PR]: 0.233514
Epoch evaluation duration: 104.821118116
Epoch duration: 118.403146029

Epoch 189/1000
Epoch training duration: 14.5008168221
Train	AUC[ROC]: 0.999993	AUC[PR]: 0.984935
Val	AUC[ROC]: 0.768942	AUC[PR]: 0.231449
Epoch evaluation duration: 105.743929148
Epoch duration: 120.24474597

Epoch 190/1000
Epoch training duration: 13.138687849
Train	AUC[ROC]: 0.999993	AUC[PR]: 0.985282
Val	AUC[ROC]: 0.762784	AUC[PR]: 0.235130
Epoch evaluation duration: 105.653965235
Epoch duration: 118.792653084

Epoch 191/1000
Epoch training duration: 14.1233389378
Train	AUC[ROC]: 0.999994	AUC[PR]: 0.985858
Val	AUC[ROC]: 0.763275	AUC[PR]: 0.238699
Epoch evaluation duration: 104.570772886
Epoch duration: 118.694111824

Epoch 192/1000
Epoch training duration: 13.4685201645
Train	AUC[ROC]: 0.999994	AUC[PR]: 0.986242
Val	AUC[ROC]: 0.760427	AUC[PR]: 0.241207
Epoch evaluation duration: 105.075563908
Epoch duration: 118.544084072

Epoch 193/1000
Epoch training duration: 13.3696138859
Train	AUC[ROC]: 0.999995	AUC[PR]: 0.986618
Val	AUC[ROC]: 0.757590	AUC[PR]: 0.246483
Epoch evaluation duration: 104.95019722
Epoch duration: 118.319811106

Epoch 194/1000
Epoch training duration: 13.9691867828
Train	AUC[ROC]: 0.999994	AUC[PR]: 0.986774
Val	AUC[ROC]: 0.767949	AUC[PR]: 0.245762
Epoch evaluation duration: 105.393779993
Epoch duration: 119.362966776

Epoch 195/1000
Epoch training duration: 13.9429750443
Train	AUC[ROC]: 0.999994	AUC[PR]: 0.986380
Val	AUC[ROC]: 0.767007	AUC[PR]: 0.245189
Epoch evaluation duration: 104.953474045
Epoch duration: 118.896449089

Epoch 196/1000
Epoch training duration: 14.1969709396
Train	AUC[ROC]: 0.999994	AUC[PR]: 0.987098
Val	AUC[ROC]: 0.768558	AUC[PR]: 0.239411
Epoch evaluation duration: 106.519304991
Epoch duration: 120.71627593

Epoch 197/1000
Epoch training duration: 14.2443830967
Train	AUC[ROC]: 0.999994	AUC[PR]: 0.987692
Val	AUC[ROC]: 0.765682	AUC[PR]: 0.243001
Epoch evaluation duration: 104.408932924
Epoch duration: 118.653316021

Epoch 198/1000
Epoch training duration: 14.3251581192
Train	AUC[ROC]: 0.999994	AUC[PR]: 0.987148
Val	AUC[ROC]: 0.754625	AUC[PR]: 0.239939
Epoch evaluation duration: 105.675860882
Epoch duration: 120.001019001

Epoch 199/1000
Epoch training duration: 13.9683890343
Train	AUC[ROC]: 0.999994	AUC[PR]: 0.987698
Val	AUC[ROC]: 0.754425	AUC[PR]: 0.239751
Epoch evaluation duration: 104.865148067
Epoch duration: 118.833537102

Epoch 200/1000
Epoch training duration: 13.9843800068
Train	AUC[ROC]: 0.999995	AUC[PR]: 0.987622
Val	AUC[ROC]: 0.755116	AUC[PR]: 0.239572
Epoch evaluation duration: 106.075685024
Epoch duration: 120.060065031

Epoch 201/1000
Epoch training duration: 14.0752229691
Train	AUC[ROC]: 0.999995	AUC[PR]: 0.987970
Val	AUC[ROC]: 0.755442	AUC[PR]: 0.243726
Epoch evaluation duration: 104.628182888
Epoch duration: 118.703405857

Epoch 202/1000
Epoch training duration: 14.1379740238
Train	AUC[ROC]: 0.999996	AUC[PR]: 0.987805
Val	AUC[ROC]: 0.756845	AUC[PR]: 0.246672
Epoch evaluation duration: 104.986181974
Epoch duration: 119.124155998

Epoch 203/1000
Epoch training duration: 14.2311489582
Train	AUC[ROC]: 0.999996	AUC[PR]: 0.987772
Val	AUC[ROC]: 0.759020	AUC[PR]: 0.246074
Epoch evaluation duration: 105.138115168
Epoch duration: 119.369264126

Epoch 204/1000
Epoch training duration: 14.0300409794
Train	AUC[ROC]: 0.999996	AUC[PR]: 0.989008
Val	AUC[ROC]: 0.761800	AUC[PR]: 0.244077
Epoch evaluation duration: 106.247120857
Epoch duration: 120.277161837

Epoch 205/1000
Epoch training duration: 14.1035590172
Train	AUC[ROC]: 0.999996	AUC[PR]: 0.988024
Val	AUC[ROC]: 0.755790	AUC[PR]: 0.242560
Epoch evaluation duration: 104.435399055
Epoch duration: 118.538958073

Epoch 206/1000
Epoch training duration: 14.1182661057
Train	AUC[ROC]: 0.999996	AUC[PR]: 0.987621
Val	AUC[ROC]: 0.753017	AUC[PR]: 0.237646
Epoch evaluation duration: 106.651130915
Epoch duration: 120.76939702

Epoch 207/1000
Epoch training duration: 14.387442112
Train	AUC[ROC]: 0.999996	AUC[PR]: 0.988459
Val	AUC[ROC]: 0.752042	AUC[PR]: 0.239358
Epoch evaluation duration: 103.224728823
Epoch duration: 117.612170935

Epoch 208/1000
Epoch training duration: 14.0339031219
Train	AUC[ROC]: 0.999996	AUC[PR]: 0.988072
Val	AUC[ROC]: 0.747073	AUC[PR]: 0.236877
Epoch evaluation duration: 105.24582386
Epoch duration: 119.279726982

Epoch 209/1000
Epoch training duration: 14.1430439949
Train	AUC[ROC]: 0.999996	AUC[PR]: 0.990192
Val	AUC[ROC]: 0.758198	AUC[PR]: 0.243549
Epoch evaluation duration: 105.993349075
Epoch duration: 120.13639307

Epoch 210/1000
Epoch training duration: 13.7298030853
Train	AUC[ROC]: 0.999996	AUC[PR]: 0.990135
Val	AUC[ROC]: 0.754463	AUC[PR]: 0.243755
Epoch evaluation duration: 105.945827007
Epoch duration: 119.675630093

Epoch 211/1000
Epoch training duration: 14.4104859829
Train	AUC[ROC]: 0.999996	AUC[PR]: 0.989830
Val	AUC[ROC]: 0.747383	AUC[PR]: 0.242593
Epoch evaluation duration: 104.989448071
Epoch duration: 119.399934053

Epoch 212/1000
Epoch training duration: 13.570086956
Train	AUC[ROC]: 0.999996	AUC[PR]: 0.989905
Val	AUC[ROC]: 0.740012	AUC[PR]: 0.239616
Epoch evaluation duration: 105.446173906
Epoch duration: 119.016260862

Epoch 213/1000
Epoch training duration: 14.0626580715
Train	AUC[ROC]: 0.999996	AUC[PR]: 0.989746
Val	AUC[ROC]: 0.739332	AUC[PR]: 0.240365
Epoch evaluation duration: 92.9402110577
Epoch duration: 107.002869129

Epoch 214/1000
Epoch training duration: 12.0261268616
Train	AUC[ROC]: 0.999996	AUC[PR]: 0.989983
Val	AUC[ROC]: 0.738414	AUC[PR]: 0.243123
Epoch evaluation duration: 104.321274042
Epoch duration: 116.347400904

Epoch 215/1000
Epoch training duration: 14.3093969822
Train	AUC[ROC]: 0.999996	AUC[PR]: 0.988223
Val	AUC[ROC]: 0.731100	AUC[PR]: 0.233395
Epoch evaluation duration: 105.233551025
Epoch duration: 119.542948008

Epoch 216/1000
Epoch training duration: 13.7028090954
Train	AUC[ROC]: 0.999996	AUC[PR]: 0.989699
Val	AUC[ROC]: 0.738192	AUC[PR]: 0.233291
Epoch evaluation duration: 106.577980995
Epoch duration: 120.280790091

Epoch 217/1000
Epoch training duration: 14.0736370087
Train	AUC[ROC]: 0.999996	AUC[PR]: 0.990643
Val	AUC[ROC]: 0.748213	AUC[PR]: 0.241539
Epoch evaluation duration: 104.952946901
Epoch duration: 119.02658391

Epoch 218/1000
Epoch training duration: 14.5647308826
Train	AUC[ROC]: 0.999996	AUC[PR]: 0.989229
Val	AUC[ROC]: 0.743601	AUC[PR]: 0.231048
Epoch evaluation duration: 106.028675079
Epoch duration: 120.593405962

Epoch 219/1000
Epoch training duration: 14.3909471035
Train	AUC[ROC]: 0.999996	AUC[PR]: 0.989502
Val	AUC[ROC]: 0.737869	AUC[PR]: 0.231168
Epoch evaluation duration: 104.943256855
Epoch duration: 119.334203959

Epoch 220/1000
Epoch training duration: 14.4566459656
Train	AUC[ROC]: 0.999996	AUC[PR]: 0.989575
Val	AUC[ROC]: 0.739851	AUC[PR]: 0.232856
Epoch evaluation duration: 106.068219185
Epoch duration: 120.52486515

Epoch 221/1000
Epoch training duration: 13.488535881
Train	AUC[ROC]: 0.999996	AUC[PR]: 0.990073
Val	AUC[ROC]: 0.741691	AUC[PR]: 0.237308
Epoch evaluation duration: 104.746680021
Epoch duration: 118.235215902

Epoch 222/1000
Epoch training duration: 13.9795470238
Train	AUC[ROC]: 0.999996	AUC[PR]: 0.990022
Val	AUC[ROC]: 0.743124	AUC[PR]: 0.226449
Epoch evaluation duration: 105.47231698
Epoch duration: 119.451864004

Epoch 223/1000
Epoch training duration: 13.9677410126
Train	AUC[ROC]: 0.999996	AUC[PR]: 0.990643
Val	AUC[ROC]: 0.741380	AUC[PR]: 0.233032
Epoch evaluation duration: 106.527749062
Epoch duration: 120.495490074

Epoch 224/1000
Epoch training duration: 14.2384769917
Train	AUC[ROC]: 0.999996	AUC[PR]: 0.990656
Val	AUC[ROC]: 0.735201	AUC[PR]: 0.239440
Epoch evaluation duration: 104.712738991
Epoch duration: 118.951215982

Epoch 225/1000
Epoch training duration: 13.5015699863
Train	AUC[ROC]: 0.999996	AUC[PR]: 0.990145
Val	AUC[ROC]: 0.726413	AUC[PR]: 0.221799
Epoch evaluation duration: 105.705671072
Epoch duration: 119.207241058

Epoch 226/1000
Epoch training duration: 13.8508419991
Train	AUC[ROC]: 0.999996	AUC[PR]: 0.990446
Val	AUC[ROC]: 0.738431	AUC[PR]: 0.236833
Epoch evaluation duration: 104.769074917
Epoch duration: 118.619916916

Epoch 227/1000
Epoch training duration: 13.4877929688
Train	AUC[ROC]: 0.999996	AUC[PR]: 0.990223
Val	AUC[ROC]: 0.735915	AUC[PR]: 0.233994
Epoch evaluation duration: 105.08583498
Epoch duration: 118.573627949

Epoch 228/1000
Epoch training duration: 14.3043551445
Train	AUC[ROC]: 0.999996	AUC[PR]: 0.989601
Val	AUC[ROC]: 0.731548	AUC[PR]: 0.224089
Epoch evaluation duration: 105.209292889
Epoch duration: 119.513648033

Epoch 229/1000
Epoch training duration: 14.0942239761
Train	AUC[ROC]: 0.999995	AUC[PR]: 0.990668
Val	AUC[ROC]: 0.741927	AUC[PR]: 0.228542
Epoch evaluation duration: 106.157797098
Epoch duration: 120.252021074

Epoch 230/1000
Epoch training duration: 13.7585988045
Train	AUC[ROC]: 0.999996	AUC[PR]: 0.990971
Val	AUC[ROC]: 0.739767	AUC[PR]: 0.232955
Epoch evaluation duration: 104.827869177
Epoch duration: 118.586467981

Epoch 231/1000
Epoch training duration: 13.6097509861
Train	AUC[ROC]: 0.999996	AUC[PR]: 0.991059
Val	AUC[ROC]: 0.738702	AUC[PR]: 0.232851
Epoch evaluation duration: 105.647076845
Epoch duration: 119.256827831

Epoch 232/1000
Epoch training duration: 13.729571104
Train	AUC[ROC]: 0.999995	AUC[PR]: 0.991236
Val	AUC[ROC]: 0.747679	AUC[PR]: 0.226046
Epoch evaluation duration: 105.623651981
Epoch duration: 119.353223085

Epoch 233/1000
Epoch training duration: 14.2460670471
Train	AUC[ROC]: 0.999996	AUC[PR]: 0.991445
Val	AUC[ROC]: 0.743047	AUC[PR]: 0.231646
Epoch evaluation duration: 106.748099089
Epoch duration: 120.994166136

Epoch 234/1000
Epoch training duration: 14.5248348713
Train	AUC[ROC]: 0.999996	AUC[PR]: 0.991303
Val	AUC[ROC]: 0.742144	AUC[PR]: 0.231587
Epoch evaluation duration: 105.033447027
Epoch duration: 119.558281898

Epoch 235/1000
Epoch training duration: 14.6615068913
Train	AUC[ROC]: 0.999996	AUC[PR]: 0.991477
Val	AUC[ROC]: 0.745172	AUC[PR]: 0.236190
Epoch evaluation duration: 106.003346205
Epoch duration: 120.664853096

Epoch 236/1000
Epoch training duration: 13.9715337753
Train	AUC[ROC]: 0.999996	AUC[PR]: 0.991805
Val	AUC[ROC]: 0.743389	AUC[PR]: 0.234373
Epoch evaluation duration: 104.880234003
Epoch duration: 118.851767778

Epoch 237/1000
Epoch training duration: 14.5097990036
Train	AUC[ROC]: 0.999996	AUC[PR]: 0.991188
Val	AUC[ROC]: 0.738458	AUC[PR]: 0.229895
Epoch evaluation duration: 105.553187132
Epoch duration: 120.062986135

Epoch 238/1000
Epoch training duration: 14.1185410023
Train	AUC[ROC]: 0.999996	AUC[PR]: 0.991724
Val	AUC[ROC]: 0.745199	AUC[PR]: 0.239696
Epoch evaluation duration: 104.36260891
Epoch duration: 118.481149912

Epoch 239/1000
Epoch training duration: 14.7135801315
Train	AUC[ROC]: 0.999996	AUC[PR]: 0.991777
Val	AUC[ROC]: 0.741843	AUC[PR]: 0.242551
Epoch evaluation duration: 105.672374964
Epoch duration: 120.385955095

Epoch 240/1000
Epoch training duration: 14.5135319233
Train	AUC[ROC]: 0.999996	AUC[PR]: 0.991915
Val	AUC[ROC]: 0.736998	AUC[PR]: 0.233469
Epoch evaluation duration: 105.311499119
Epoch duration: 119.825031042

Epoch 241/1000
Epoch training duration: 14.3849179745
Train	AUC[ROC]: 0.999996	AUC[PR]: 0.991736
Val	AUC[ROC]: 0.738289	AUC[PR]: 0.242173
Epoch evaluation duration: 105.881625891
Epoch duration: 120.266543865

Epoch 242/1000
Epoch training duration: 13.9010629654
Train	AUC[ROC]: 0.999996	AUC[PR]: 0.992002
Val	AUC[ROC]: 0.735836	AUC[PR]: 0.241489
Epoch evaluation duration: 104.822672129
Epoch duration: 118.723735094

Epoch 243/1000
Epoch training duration: 14.4301600456
Train	AUC[ROC]: 0.999996	AUC[PR]: 0.991843
Val	AUC[ROC]: 0.734991	AUC[PR]: 0.239764
Epoch evaluation duration: 105.298245907
Epoch duration: 119.728405952

Epoch 244/1000
Epoch training duration: 14.3697500229
Train	AUC[ROC]: 0.999997	AUC[PR]: 0.993089
Val	AUC[ROC]: 0.736948	AUC[PR]: 0.239902
Epoch evaluation duration: 105.600632906
Epoch duration: 119.970382929

Epoch 245/1000
Epoch training duration: 14.386259079
Train	AUC[ROC]: 0.999996	AUC[PR]: 0.992276
Val	AUC[ROC]: 0.729673	AUC[PR]: 0.232658
Epoch evaluation duration: 105.750960112
Epoch duration: 120.137219191

Epoch 246/1000
Epoch training duration: 14.1708648205
Train	AUC[ROC]: 0.999996	AUC[PR]: 0.992760
Val	AUC[ROC]: 0.732071	AUC[PR]: 0.237074
Epoch evaluation duration: 105.149741173
Epoch duration: 119.320605993

Epoch 247/1000
Epoch training duration: 14.5228040218
Train	AUC[ROC]: 0.999995	AUC[PR]: 0.992767
Val	AUC[ROC]: 0.744299	AUC[PR]: 0.228184
Epoch evaluation duration: 105.613544941
Epoch duration: 120.136348963

Epoch 248/1000
Epoch training duration: 14.0694990158
Train	AUC[ROC]: 0.999996	AUC[PR]: 0.992629
Val	AUC[ROC]: 0.734022	AUC[PR]: 0.237646
Epoch evaluation duration: 105.605371952
Epoch duration: 119.674870968

Epoch 249/1000
Epoch training duration: 14.3551199436
Train	AUC[ROC]: 0.999996	AUC[PR]: 0.992482
Val	AUC[ROC]: 0.729077	AUC[PR]: 0.238586
Epoch evaluation duration: 105.631747961
Epoch duration: 119.986867905

Epoch 250/1000
Epoch training duration: 14.3497111797
Train	AUC[ROC]: 0.999996	AUC[PR]: 0.992847
Val	AUC[ROC]: 0.725286	AUC[PR]: 0.233730
Epoch evaluation duration: 106.309322834
Epoch duration: 120.659034014

Epoch 251/1000
Epoch training duration: 14.27394104
Train	AUC[ROC]: 0.999996	AUC[PR]: 0.992008
Val	AUC[ROC]: 0.719752	AUC[PR]: 0.224841
Epoch evaluation duration: 106.179223061
Epoch duration: 120.453164101

Epoch 252/1000
Epoch training duration: 13.8568029404
Train	AUC[ROC]: 0.999996	AUC[PR]: 0.992778
Val	AUC[ROC]: 0.729714	AUC[PR]: 0.241296
Epoch evaluation duration: 106.456558943
Epoch duration: 120.313361883

Epoch 253/1000
Epoch training duration: 14.3210551739
Train	AUC[ROC]: 0.999996	AUC[PR]: 0.992669
Val	AUC[ROC]: 0.725121	AUC[PR]: 0.233261
Epoch evaluation duration: 105.859181881
Epoch duration: 120.180237055

Epoch 254/1000
Epoch training duration: 13.7696609497
Train	AUC[ROC]: 0.999996	AUC[PR]: 0.992595
Val	AUC[ROC]: 0.721543	AUC[PR]: 0.234460
Epoch evaluation duration: 104.476621151
Epoch duration: 118.246282101

Epoch 255/1000
Epoch training duration: 14.4392168522
Train	AUC[ROC]: 0.999996	AUC[PR]: 0.992605
Val	AUC[ROC]: 0.720732	AUC[PR]: 0.233471
Epoch evaluation duration: 106.856183052
Epoch duration: 121.295399904

Epoch 256/1000
Epoch training duration: 13.9323189259
Train	AUC[ROC]: 0.999997	AUC[PR]: 0.993126
Val	AUC[ROC]: 0.726815	AUC[PR]: 0.223601
Epoch evaluation duration: 106.107254982
Epoch duration: 120.039573908

Epoch 257/1000
Epoch training duration: 14.6084070206
Train	AUC[ROC]: 0.999997	AUC[PR]: 0.993219
Val	AUC[ROC]: 0.725355	AUC[PR]: 0.221383
Epoch evaluation duration: 103.04244113
Epoch duration: 117.65084815

Epoch 258/1000
Epoch training duration: 14.0135419369
Train	AUC[ROC]: 0.999997	AUC[PR]: 0.992734
Val	AUC[ROC]: 0.718804	AUC[PR]: 0.221382
Epoch evaluation duration: 104.235358953
Epoch duration: 118.24890089

Epoch 259/1000
Epoch training duration: 14.3895051479
Train	AUC[ROC]: 0.999997	AUC[PR]: 0.992626
Val	AUC[ROC]: 0.718639	AUC[PR]: 0.235320
Epoch evaluation duration: 105.330844879
Epoch duration: 119.720350027

Epoch 260/1000
Epoch training duration: 13.9462480545
Train	AUC[ROC]: 0.999997	AUC[PR]: 0.992796
Val	AUC[ROC]: 0.718149	AUC[PR]: 0.236604
Epoch evaluation duration: 105.499156952
Epoch duration: 119.445405006

Epoch 261/1000
Epoch training duration: 13.4901390076
Train	AUC[ROC]: 0.999997	AUC[PR]: 0.992900
Val	AUC[ROC]: 0.715827	AUC[PR]: 0.230374
Epoch evaluation duration: 93.0709459782
Epoch duration: 106.561084986

Epoch 262/1000
Epoch training duration: 12.5071930885
Train	AUC[ROC]: 0.999997	AUC[PR]: 0.993532
Val	AUC[ROC]: 0.712964	AUC[PR]: 0.217277
Epoch evaluation duration: 94.4302408695
Epoch duration: 106.937433958

Epoch 263/1000
Epoch training duration: 12.7169961929
Train	AUC[ROC]: 0.999997	AUC[PR]: 0.993624
Val	AUC[ROC]: 0.707347	AUC[PR]: 0.211274
Epoch evaluation duration: 94.5759859085
Epoch duration: 107.292982101

Epoch 264/1000
Epoch training duration: 11.2840309143
Train	AUC[ROC]: 0.999997	AUC[PR]: 0.994554
Val	AUC[ROC]: 0.726652	AUC[PR]: 0.212013
Epoch evaluation duration: 95.8666331768
Epoch duration: 107.150664091

Epoch 265/1000
Epoch training duration: 12.2214717865
Train	AUC[ROC]: 0.999997	AUC[PR]: 0.993239
Val	AUC[ROC]: 0.710069	AUC[PR]: 0.226797
Epoch evaluation duration: 92.6909470558
Epoch duration: 104.912418842

Epoch 266/1000
Epoch training duration: 12.393597126
Train	AUC[ROC]: 0.999997	AUC[PR]: 0.993517
Val	AUC[ROC]: 0.710574	AUC[PR]: 0.222140
Epoch evaluation duration: 94.5679419041
Epoch duration: 106.96153903

Epoch 267/1000
Epoch training duration: 13.1000959873
Train	AUC[ROC]: 0.999996	AUC[PR]: 0.993247
Val	AUC[ROC]: 0.710281	AUC[PR]: 0.224552
Epoch evaluation duration: 93.5924129486
Epoch duration: 106.692508936

Epoch 268/1000
Epoch training duration: 12.0715441704
Train	AUC[ROC]: 0.999996	AUC[PR]: 0.993052
Val	AUC[ROC]: 0.704321	AUC[PR]: 0.227080
Epoch evaluation duration: 91.7560639381
Epoch duration: 103.827608109

Epoch 269/1000
Epoch training duration: 12.1198489666
Train	AUC[ROC]: 0.999996	AUC[PR]: 0.992858
Val	AUC[ROC]: 0.706775	AUC[PR]: 0.227054
Epoch evaluation duration: 92.2819590569
Epoch duration: 104.401808023

Epoch 270/1000
Epoch training duration: 13.3419890404
Train	AUC[ROC]: 0.999996	AUC[PR]: 0.992883
Val	AUC[ROC]: 0.705376	AUC[PR]: 0.223148
Epoch evaluation duration: 93.170514822
Epoch duration: 106.512503862

Epoch 271/1000
Epoch training duration: 12.5445070267
Train	AUC[ROC]: 0.999997	AUC[PR]: 0.993581
Val	AUC[ROC]: 0.712061	AUC[PR]: 0.228218
Epoch evaluation duration: 93.7603271008
Epoch duration: 106.304834127

Epoch 272/1000
Epoch training duration: 12.4162728786
Train	AUC[ROC]: 0.999997	AUC[PR]: 0.993350
Val	AUC[ROC]: 0.709842	AUC[PR]: 0.226390
Epoch evaluation duration: 94.0804049969
Epoch duration: 106.496677876

Epoch 273/1000
Epoch training duration: 13.2605919838
Train	AUC[ROC]: 0.999997	AUC[PR]: 0.993167
Val	AUC[ROC]: 0.707340	AUC[PR]: 0.227049
Epoch evaluation duration: 95.6167290211
Epoch duration: 108.877321005

Epoch 274/1000
Epoch training duration: 12.6141250134
Train	AUC[ROC]: 0.999997	AUC[PR]: 0.992641
Val	AUC[ROC]: 0.705871	AUC[PR]: 0.230719
Epoch evaluation duration: 86.7892160416
Epoch duration: 99.4033410549

Epoch 275/1000
Epoch training duration: 11.0020549297
Train	AUC[ROC]: 0.999997	AUC[PR]: 0.993281
Val	AUC[ROC]: 0.708082	AUC[PR]: 0.228692
Epoch evaluation duration: 90.0320420265
Epoch duration: 101.034096956

Epoch 276/1000
Epoch training duration: 13.3725421429
Train	AUC[ROC]: 0.999997	AUC[PR]: 0.994776
Val	AUC[ROC]: 0.723966	AUC[PR]: 0.223100
Epoch evaluation duration: 94.5299730301
Epoch duration: 107.902515173

Epoch 277/1000
Epoch training duration: 13.4745287895
Train	AUC[ROC]: 0.999997	AUC[PR]: 0.994002
Val	AUC[ROC]: 0.712504	AUC[PR]: 0.232877
Epoch evaluation duration: 87.176087141
Epoch duration: 100.650615931

Epoch 278/1000
Epoch training duration: 11.5867700577
Train	AUC[ROC]: 0.999997	AUC[PR]: 0.993427
Val	AUC[ROC]: 0.706330	AUC[PR]: 0.228316
Epoch evaluation duration: 84.5924220085
Epoch duration: 96.1791920662

Epoch 279/1000
Epoch training duration: 12.7896699905
Train	AUC[ROC]: 0.999996	AUC[PR]: 0.993357
Val	AUC[ROC]: 0.711155	AUC[PR]: 0.225029
Epoch evaluation duration: 94.8085758686
Epoch duration: 107.598245859

Epoch 280/1000
Epoch training duration: 12.3488240242
Train	AUC[ROC]: 0.999996	AUC[PR]: 0.993692
Val	AUC[ROC]: 0.711016	AUC[PR]: 0.215656
Epoch evaluation duration: 94.6542150974
Epoch duration: 107.003039122

Epoch 281/1000
Epoch training duration: 13.0540449619
Train	AUC[ROC]: 0.999996	AUC[PR]: 0.993315
Val	AUC[ROC]: 0.708237	AUC[PR]: 0.228399
Epoch evaluation duration: 95.1812889576
Epoch duration: 108.23533392

Epoch 282/1000
Epoch training duration: 13.1171400547
Train	AUC[ROC]: 0.999996	AUC[PR]: 0.993225
Val	AUC[ROC]: 0.706440	AUC[PR]: 0.227630
Epoch evaluation duration: 94.2019019127
Epoch duration: 107.319041967

Epoch 283/1000
Epoch training duration: 12.2466220856
Train	AUC[ROC]: 0.999997	AUC[PR]: 0.993914
Val	AUC[ROC]: 0.725297	AUC[PR]: 0.218990
Epoch evaluation duration: 93.8243360519
Epoch duration: 106.070958138

Epoch 284/1000
Epoch training duration: 12.3377168179
Train	AUC[ROC]: 0.999997	AUC[PR]: 0.994128
Val	AUC[ROC]: 0.719473	AUC[PR]: 0.221783
Epoch evaluation duration: 94.0528860092
Epoch duration: 106.390602827

Epoch 285/1000
Epoch training duration: 12.5436489582
Train	AUC[ROC]: 0.999997	AUC[PR]: 0.993899
Val	AUC[ROC]: 0.709990	AUC[PR]: 0.218014
Epoch evaluation duration: 91.5626180172
Epoch duration: 104.106266975

Epoch 286/1000
Epoch training duration: 12.0958001614
Train	AUC[ROC]: 0.999997	AUC[PR]: 0.993691
Val	AUC[ROC]: 0.702156	AUC[PR]: 0.229756
Epoch evaluation duration: 93.8749899864
Epoch duration: 105.970790148

Epoch 287/1000
Epoch training duration: 12.5056028366
Train	AUC[ROC]: 0.999997	AUC[PR]: 0.993823
Val	AUC[ROC]: 0.702270	AUC[PR]: 0.218112
Epoch evaluation duration: 94.3679041862
Epoch duration: 106.873507023

Epoch 288/1000
Epoch training duration: 13.0097339153
Train	AUC[ROC]: 0.999997	AUC[PR]: 0.993469
Val	AUC[ROC]: 0.701618	AUC[PR]: 0.218684
Epoch evaluation duration: 93.9041330814
Epoch duration: 106.913866997

Epoch 289/1000
Epoch training duration: 13.4178488255
Train	AUC[ROC]: 0.999997	AUC[PR]: 0.993750
Val	AUC[ROC]: 0.704883	AUC[PR]: 0.218615
Epoch evaluation duration: 93.5118880272
Epoch duration: 106.929736853

Epoch 290/1000
Epoch training duration: 13.5786349773
Train	AUC[ROC]: 0.999997	AUC[PR]: 0.993839
Val	AUC[ROC]: 0.709072	AUC[PR]: 0.215803
Epoch evaluation duration: 95.5464951992
Epoch duration: 109.125130177

Epoch 291/1000
Epoch training duration: 12.8513557911
Train	AUC[ROC]: 0.999997	AUC[PR]: 0.993719
Val	AUC[ROC]: 0.710482	AUC[PR]: 0.216871
Epoch evaluation duration: 93.615183115
Epoch duration: 106.466538906

Epoch 292/1000
Epoch training duration: 13.4750750065
Train	AUC[ROC]: 0.999997	AUC[PR]: 0.993560
Val	AUC[ROC]: 0.708700	AUC[PR]: 0.217876
Epoch evaluation duration: 94.5069890022
Epoch duration: 107.982064009

Epoch 293/1000
Epoch training duration: 13.2150599957
Train	AUC[ROC]: 0.999997	AUC[PR]: 0.993742
Val	AUC[ROC]: 0.708297	AUC[PR]: 0.219389
Epoch evaluation duration: 94.1865110397
Epoch duration: 107.401571035

Epoch 294/1000
Epoch training duration: 13.2572200298
Train	AUC[ROC]: 0.999995	AUC[PR]: 0.992446
Val	AUC[ROC]: 0.709377	AUC[PR]: 0.220784
Epoch evaluation duration: 95.0338909626
Epoch duration: 108.291110992

Epoch 295/1000
Epoch training duration: 12.373718977
Train	AUC[ROC]: 0.999995	AUC[PR]: 0.992923
Val	AUC[ROC]: 0.714358	AUC[PR]: 0.214002
Epoch evaluation duration: 94.3268640041
Epoch duration: 106.700582981

Epoch 296/1000
Epoch training duration: 12.4366490841
Train	AUC[ROC]: 0.999996	AUC[PR]: 0.992887
Val	AUC[ROC]: 0.709928	AUC[PR]: 0.218411
Epoch evaluation duration: 93.6994719505
Epoch duration: 106.136121035

Epoch 297/1000
Epoch training duration: 12.6925458908
Train	AUC[ROC]: 0.999996	AUC[PR]: 0.993229
Val	AUC[ROC]: 0.709058	AUC[PR]: 0.214202
Epoch evaluation duration: 93.763158083
Epoch duration: 106.455703974

Epoch 298/1000
Epoch training duration: 12.4412698746
Train	AUC[ROC]: 0.999996	AUC[PR]: 0.993411
Val	AUC[ROC]: 0.706933	AUC[PR]: 0.212355
Epoch evaluation duration: 95.5806210041
Epoch duration: 108.021890879

Epoch 299/1000
Epoch training duration: 12.32030797
Train	AUC[ROC]: 0.999996	AUC[PR]: 0.994102
Val	AUC[ROC]: 0.712000	AUC[PR]: 0.207866
Epoch evaluation duration: 95.4421770573
Epoch duration: 107.762485027

Epoch 300/1000
Epoch training duration: 12.2447330952
Train	AUC[ROC]: 0.999997	AUC[PR]: 0.994716
Val	AUC[ROC]: 0.725704	AUC[PR]: 0.210796
Epoch evaluation duration: 93.9089119434
Epoch duration: 106.153645039

Epoch 301/1000
Epoch training duration: 12.3239779472
Train	AUC[ROC]: 0.999997	AUC[PR]: 0.994606
Val	AUC[ROC]: 0.719019	AUC[PR]: 0.214768
Epoch evaluation duration: 95.1162550449
Epoch duration: 107.440232992

Epoch 302/1000
Epoch training duration: 12.827794075
Train	AUC[ROC]: 0.999996	AUC[PR]: 0.993782
Val	AUC[ROC]: 0.711111	AUC[PR]: 0.226435
Epoch evaluation duration: 95.4179849625
Epoch duration: 108.245779037

Epoch 303/1000
Epoch training duration: 12.6825559139
Train	AUC[ROC]: 0.999996	AUC[PR]: 0.993909
Val	AUC[ROC]: 0.713726	AUC[PR]: 0.214131
Epoch evaluation duration: 93.9447760582
Epoch duration: 106.627331972

Epoch 304/1000
Epoch training duration: 13.0281469822
Train	AUC[ROC]: 0.999996	AUC[PR]: 0.993786
Val	AUC[ROC]: 0.705896	AUC[PR]: 0.212588
Epoch evaluation duration: 95.537184
Epoch duration: 108.565330982

Epoch 305/1000
Epoch training duration: 13.0247359276
Train	AUC[ROC]: 0.999996	AUC[PR]: 0.994053
Val	AUC[ROC]: 0.710205	AUC[PR]: 0.204403
Epoch evaluation duration: 92.2770490646
Epoch duration: 105.301784992

Epoch 306/1000
Epoch training duration: 12.3968989849
Train	AUC[ROC]: 0.999997	AUC[PR]: 0.994379
Val	AUC[ROC]: 0.707528	AUC[PR]: 0.212624
Epoch evaluation duration: 93.2688679695
Epoch duration: 105.665766954

Epoch 307/1000
Epoch training duration: 12.4491961002
Train	AUC[ROC]: 0.999997	AUC[PR]: 0.994602
Val	AUC[ROC]: 0.706268	AUC[PR]: 0.206733
Epoch evaluation duration: 93.4696979523
Epoch duration: 105.918894053

Epoch 308/1000
Epoch training duration: 12.486577034
Train	AUC[ROC]: 0.999997	AUC[PR]: 0.994771
Val	AUC[ROC]: 0.706336	AUC[PR]: 0.226678
Epoch evaluation duration: 92.0170121193
Epoch duration: 104.503589153

Epoch 309/1000
Epoch training duration: 12.0253529549
Train	AUC[ROC]: 0.999997	AUC[PR]: 0.994664
Val	AUC[ROC]: 0.705967	AUC[PR]: 0.225850
Epoch evaluation duration: 94.9693078995
Epoch duration: 106.994660854

Epoch 310/1000
Epoch training duration: 12.8951609135
Train	AUC[ROC]: 0.999997	AUC[PR]: 0.994713
Val	AUC[ROC]: 0.705353	AUC[PR]: 0.220424
Epoch evaluation duration: 95.1048190594
Epoch duration: 107.999979973

Epoch 311/1000
Epoch training duration: 13.0686330795
Train	AUC[ROC]: 0.999997	AUC[PR]: 0.994671
Val	AUC[ROC]: 0.702130	AUC[PR]: 0.213826
Epoch evaluation duration: 95.9860780239
Epoch duration: 109.054711103

Epoch 312/1000
Epoch training duration: 12.0058078766
Train	AUC[ROC]: 0.999997	AUC[PR]: 0.994838
Val	AUC[ROC]: 0.707594	AUC[PR]: 0.232154
Epoch evaluation duration: 92.8957259655
Epoch duration: 104.901533842

Epoch 313/1000
Epoch training duration: 13.0533900261
Train	AUC[ROC]: 0.999997	AUC[PR]: 0.994419
Val	AUC[ROC]: 0.710422	AUC[PR]: 0.232062
Epoch evaluation duration: 95.6937479973
Epoch duration: 108.747138023

Epoch 314/1000
Epoch training duration: 12.1894800663
Train	AUC[ROC]: 0.999997	AUC[PR]: 0.994144
Val	AUC[ROC]: 0.706369	AUC[PR]: 0.228849
Epoch evaluation duration: 89.9088110924
Epoch duration: 102.098291159

Epoch 315/1000
Epoch training duration: 10.7086799145
Train	AUC[ROC]: 0.999997	AUC[PR]: 0.994374
Val	AUC[ROC]: 0.702934	AUC[PR]: 0.224272
Epoch evaluation duration: 96.7461481094
Epoch duration: 107.454828024

Epoch 316/1000
Epoch training duration: 16.7402248383
Train	AUC[ROC]: 0.999997	AUC[PR]: 0.995009
Val	AUC[ROC]: 0.712229	AUC[PR]: 0.215347
Epoch evaluation duration: 115.250313044
Epoch duration: 131.990537882

Epoch 317/1000
Epoch training duration: 14.6439189911
Train	AUC[ROC]: 0.999997	AUC[PR]: 0.994476
Val	AUC[ROC]: 0.710468	AUC[PR]: 0.223763
Epoch evaluation duration: 116.31397295
Epoch duration: 130.957891941

Epoch 318/1000
Epoch training duration: 13.7387430668
Train	AUC[ROC]: 0.999996	AUC[PR]: 0.994085
Val	AUC[ROC]: 0.702164	AUC[PR]: 0.224582
Epoch evaluation duration: 107.844690084
Epoch duration: 121.583433151

Epoch 319/1000
Epoch training duration: 14.3013648987
Train	AUC[ROC]: 0.999997	AUC[PR]: 0.994239
Val	AUC[ROC]: 0.702602	AUC[PR]: 0.211957
Epoch evaluation duration: 114.393085957
Epoch duration: 128.694450855

Epoch 320/1000
Epoch training duration: 15.3669161797
Train	AUC[ROC]: 0.999997	AUC[PR]: 0.994379
Val	AUC[ROC]: 0.702414	AUC[PR]: 0.208264
Epoch evaluation duration: 115.616921902
Epoch duration: 130.983838081

Epoch 321/1000
Epoch training duration: 13.2276699543
Train	AUC[ROC]: 0.999997	AUC[PR]: 0.994233
Val	AUC[ROC]: 0.699952	AUC[PR]: 0.225991
Epoch evaluation duration: 112.022683144
Epoch duration: 125.250353098

Epoch 322/1000
Epoch training duration: 13.4980249405
Train	AUC[ROC]: 0.999997	AUC[PR]: 0.994457
Val	AUC[ROC]: 0.698748	AUC[PR]: 0.225087
Epoch evaluation duration: 116.239140987
Epoch duration: 129.737165928

Epoch 323/1000
Epoch training duration: 13.5381910801
Train	AUC[ROC]: 0.999997	AUC[PR]: 0.994499
Val	AUC[ROC]: 0.694543	AUC[PR]: 0.228457
Epoch evaluation duration: 113.898380995
Epoch duration: 127.436572075

Epoch 324/1000
Epoch training duration: 13.9462277889
Train	AUC[ROC]: 0.999997	AUC[PR]: 0.995054
Val	AUC[ROC]: 0.706132	AUC[PR]: 0.219827
Epoch evaluation duration: 113.149548054
Epoch duration: 127.095775843

Epoch 325/1000
Epoch training duration: 12.6863970757
Train	AUC[ROC]: 0.999997	AUC[PR]: 0.994755
Val	AUC[ROC]: 0.698070	AUC[PR]: 0.219006
Epoch evaluation duration: 108.562432051
Epoch duration: 121.248829126

Epoch 326/1000
Epoch training duration: 13.1211149693
Train	AUC[ROC]: 0.999997	AUC[PR]: 0.994559
Val	AUC[ROC]: 0.696770	AUC[PR]: 0.228402
Epoch evaluation duration: 112.209998846
Epoch duration: 125.331113815

Epoch 327/1000
Epoch training duration: 14.0209751129
Train	AUC[ROC]: 0.999997	AUC[PR]: 0.994475
Val	AUC[ROC]: 0.693797	AUC[PR]: 0.232015
Epoch evaluation duration: 113.737085104
Epoch duration: 127.758060217

Epoch 328/1000
Epoch training duration: 15.6536068916
Train	AUC[ROC]: 0.999997	AUC[PR]: 0.994293
Val	AUC[ROC]: 0.693070	AUC[PR]: 0.228977
Epoch evaluation duration: 116.449866056
Epoch duration: 132.103472948

Epoch 329/1000
Epoch training duration: 13.9427959919
Train	AUC[ROC]: 0.999997	AUC[PR]: 0.994150
Val	AUC[ROC]: 0.691512	AUC[PR]: 0.225827
Epoch evaluation duration: 112.723051071
Epoch duration: 126.665847063

Epoch 330/1000
Epoch training duration: 13.6096057892
Train	AUC[ROC]: 0.999997	AUC[PR]: 0.994383
Val	AUC[ROC]: 0.690098	AUC[PR]: 0.226793
Epoch evaluation duration: 112.190768003
Epoch duration: 125.800373793

Epoch 331/1000
Epoch training duration: 16.6335501671
Train	AUC[ROC]: 0.999997	AUC[PR]: 0.994189
Val	AUC[ROC]: 0.689811	AUC[PR]: 0.225459
Epoch evaluation duration: 110.507637978
Epoch duration: 127.141188145

Epoch 332/1000
Epoch training duration: 13.3628940582
Train	AUC[ROC]: 0.999997	AUC[PR]: 0.994587
Val	AUC[ROC]: 0.692298	AUC[PR]: 0.212630
Epoch evaluation duration: 112.415543795
Epoch duration: 125.778437853

Epoch 333/1000
Epoch training duration: 14.6564910412
Train	AUC[ROC]: 0.999997	AUC[PR]: 0.994783
Val	AUC[ROC]: 0.706096	AUC[PR]: 0.213187
Epoch evaluation duration: 110.885486126
Epoch duration: 125.541977167

Epoch 334/1000
Epoch training duration: 14.7584228516
Train	AUC[ROC]: 0.999997	AUC[PR]: 0.994649
Val	AUC[ROC]: 0.702868	AUC[PR]: 0.226144
Epoch evaluation duration: 111.289638996
Epoch duration: 126.048061848

train precision: 0.970664899493
train roc: 0.999982242488
train hit in top 2563: 332.0 out of 332.0

val precision: 0.250830074709
val roc: 0.809650162167
val hit in top 427: 33.0 out of 56.0

test precision: 0.13671693345
test roc: 0.72927587315
test hit in top 427: 32.0 out of 56.0

ratio: 0.02, EF: 28.5714285714,	active: 56.0
ratio: 0.02, NEF: 0.571428571429
ratio: 0.01, EF: 57.1428571429,	active: 56.0
ratio: 0.01, NEF: 0.571428571429
ratio: 0.0015, EF: 214.285714286,	active: 56.0
ratio: 0.0015, NEF: 0.321428571429
ratio: 0.001, EF: 178.571428571,	active: 56.0
ratio: 0.001, NEF: 0.238095238095

