label_name_list  [u'PriA-SSB AS Activity']
train files  ['../datasets/keck_pria/fold_0.csv' '../datasets/keck_pria/fold_1.csv'
 '../datasets/keck_pria/fold_2.csv' '../datasets/keck_pria/fold_3.csv'
 '../datasets/keck_pria/fold_4.csv' '../datasets/keck_pria/fold_5.csv'
 '../datasets/keck_pria/fold_6.csv' '../datasets/keck_pria/fold_7.csv']
val files  ['../datasets/keck_pria/fold_8.csv']
test files  ['../datasets/keck_pria/fold_9.csv']
Class Weight  [{0: 1.0, 1: 768.9234234234234}]
Epoch 1/1000
Epoch training duration: 20.9623579979
Train	AUC[ROC]: 0.927041	AUC[PR]: 0.132852
Val	AUC[ROC]: 0.901118	AUC[PR]: 0.059786
Epoch evaluation duration: 137.294083118
Epoch duration: 158.256441116

Epoch 2/1000
Epoch training duration: 21.3766188622
Train	AUC[ROC]: 0.966930	AUC[PR]: 0.174381
Val	AUC[ROC]: 0.915046	AUC[PR]: 0.088221
Epoch evaluation duration: 136.357541084
Epoch duration: 157.734159946

Epoch 3/1000
Epoch training duration: 21.0512299538
Train	AUC[ROC]: 0.984345	AUC[PR]: 0.202190
Val	AUC[ROC]: 0.918428	AUC[PR]: 0.084856
Epoch evaluation duration: 136.600393057
Epoch duration: 157.651623011

Epoch 4/1000
Epoch training duration: 20.7035729885
Train	AUC[ROC]: 0.992795	AUC[PR]: 0.236675
Val	AUC[ROC]: 0.923094	AUC[PR]: 0.087863
Epoch evaluation duration: 136.661450863
Epoch duration: 157.365023851

Epoch 5/1000
Epoch training duration: 21.6119630337
Train	AUC[ROC]: 0.996284	AUC[PR]: 0.291601
Val	AUC[ROC]: 0.919756	AUC[PR]: 0.103038
Epoch evaluation duration: 135.827150106
Epoch duration: 157.43911314

Epoch 6/1000
Epoch training duration: 21.1342389584
Train	AUC[ROC]: 0.997834	AUC[PR]: 0.351341
Val	AUC[ROC]: 0.912234	AUC[PR]: 0.119332
Epoch evaluation duration: 137.224205017
Epoch duration: 158.358443975

Epoch 7/1000
Epoch training duration: 21.1005239487
Train	AUC[ROC]: 0.998536	AUC[PR]: 0.402848
Val	AUC[ROC]: 0.910628	AUC[PR]: 0.114251
Epoch evaluation duration: 138.696775913
Epoch duration: 159.797299862

Epoch 8/1000
Epoch training duration: 21.2556121349
Train	AUC[ROC]: 0.998925	AUC[PR]: 0.454056
Val	AUC[ROC]: 0.907803	AUC[PR]: 0.124255
Epoch evaluation duration: 135.676038027
Epoch duration: 156.931650162

Epoch 9/1000
Epoch training duration: 17.9019498825
Train	AUC[ROC]: 0.999255	AUC[PR]: 0.512216
Val	AUC[ROC]: 0.895766	AUC[PR]: 0.124399
Epoch evaluation duration: 125.688958168
Epoch duration: 143.590908051

Epoch 10/1000
Epoch training duration: 21.141094923
Train	AUC[ROC]: 0.999388	AUC[PR]: 0.552046
Val	AUC[ROC]: 0.899156	AUC[PR]: 0.134612
Epoch evaluation duration: 137.849579096
Epoch duration: 158.990674019

Epoch 11/1000
Epoch training duration: 20.9598419666
Train	AUC[ROC]: 0.999498	AUC[PR]: 0.592566
Val	AUC[ROC]: 0.880084	AUC[PR]: 0.127086
Epoch evaluation duration: 135.678733826
Epoch duration: 156.638575792

Epoch 12/1000
Epoch training duration: 21.4455211163
Train	AUC[ROC]: 0.999553	AUC[PR]: 0.614078
Val	AUC[ROC]: 0.888514	AUC[PR]: 0.129785
Epoch evaluation duration: 136.664912939
Epoch duration: 158.110434055

Epoch 13/1000
Epoch training duration: 21.3528990746
Train	AUC[ROC]: 0.999624	AUC[PR]: 0.642104
Val	AUC[ROC]: 0.879208	AUC[PR]: 0.140718
Epoch evaluation duration: 137.372339964
Epoch duration: 158.725239038

Epoch 14/1000
Epoch training duration: 21.4705250263
Train	AUC[ROC]: 0.999673	AUC[PR]: 0.670629
Val	AUC[ROC]: 0.877660	AUC[PR]: 0.148928
Epoch evaluation duration: 136.267813921
Epoch duration: 157.738338947

Epoch 15/1000
Epoch training duration: 20.8466279507
Train	AUC[ROC]: 0.999725	AUC[PR]: 0.703479
Val	AUC[ROC]: 0.866165	AUC[PR]: 0.142228
Epoch evaluation duration: 136.187056065
Epoch duration: 157.033684015

Epoch 16/1000
Epoch training duration: 21.1044740677
Train	AUC[ROC]: 0.999764	AUC[PR]: 0.733587
Val	AUC[ROC]: 0.869367	AUC[PR]: 0.141165
Epoch evaluation duration: 137.925168037
Epoch duration: 159.029642105

Epoch 17/1000
Epoch training duration: 21.2971749306
Train	AUC[ROC]: 0.999789	AUC[PR]: 0.760427
Val	AUC[ROC]: 0.858810	AUC[PR]: 0.138668
Epoch evaluation duration: 135.907296896
Epoch duration: 157.204471827

Epoch 18/1000
Epoch training duration: 21.856965065
Train	AUC[ROC]: 0.999800	AUC[PR]: 0.768021
Val	AUC[ROC]: 0.844402	AUC[PR]: 0.142464
Epoch evaluation duration: 135.962249041
Epoch duration: 157.819214106

Epoch 19/1000
Epoch training duration: 21.0156559944
Train	AUC[ROC]: 0.999842	AUC[PR]: 0.806163
Val	AUC[ROC]: 0.827640	AUC[PR]: 0.134346
Epoch evaluation duration: 138.200094938
Epoch duration: 159.215750933

Epoch 20/1000
Epoch training duration: 21.020234108
Train	AUC[ROC]: 0.999823	AUC[PR]: 0.790951
Val	AUC[ROC]: 0.824527	AUC[PR]: 0.148700
Epoch evaluation duration: 136.585583925
Epoch duration: 157.605818033

Epoch 21/1000
Epoch training duration: 20.4854619503
Train	AUC[ROC]: 0.999826	AUC[PR]: 0.790710
Val	AUC[ROC]: 0.843289	AUC[PR]: 0.154045
Epoch evaluation duration: 136.056877136
Epoch duration: 156.542339087

Epoch 22/1000
Epoch training duration: 20.9064869881
Train	AUC[ROC]: 0.999857	AUC[PR]: 0.821215
Val	AUC[ROC]: 0.829618	AUC[PR]: 0.144490
Epoch evaluation duration: 137.760096073
Epoch duration: 158.666583061

Epoch 23/1000
Epoch training duration: 20.3979279995
Train	AUC[ROC]: 0.999873	AUC[PR]: 0.839672
Val	AUC[ROC]: 0.822663	AUC[PR]: 0.143185
Epoch evaluation duration: 136.431265831
Epoch duration: 156.82919383

Epoch 24/1000
Epoch training duration: 21.6216700077
Train	AUC[ROC]: 0.999895	AUC[PR]: 0.863046
Val	AUC[ROC]: 0.826067	AUC[PR]: 0.143897
Epoch evaluation duration: 136.134272099
Epoch duration: 157.755942106

Epoch 25/1000
Epoch training duration: 20.6077530384
Train	AUC[ROC]: 0.999890	AUC[PR]: 0.862171
Val	AUC[ROC]: 0.832545	AUC[PR]: 0.152268
Epoch evaluation duration: 136.92573595
Epoch duration: 157.533488989

Epoch 26/1000
Epoch training duration: 21.1770379543
Train	AUC[ROC]: 0.999883	AUC[PR]: 0.849475
Val	AUC[ROC]: 0.821807	AUC[PR]: 0.154471
Epoch evaluation duration: 135.582524061
Epoch duration: 156.759562016

Epoch 27/1000
Epoch training duration: 21.3510608673
Train	AUC[ROC]: 0.999909	AUC[PR]: 0.882113
Val	AUC[ROC]: 0.811153	AUC[PR]: 0.150098
Epoch evaluation duration: 136.806095123
Epoch duration: 158.157155991

Epoch 28/1000
Epoch training duration: 21.3143279552
Train	AUC[ROC]: 0.999901	AUC[PR]: 0.868014
Val	AUC[ROC]: 0.814104	AUC[PR]: 0.148184
Epoch evaluation duration: 137.065365076
Epoch duration: 158.379693031

Epoch 29/1000
Epoch training duration: 21.4281489849
Train	AUC[ROC]: 0.999895	AUC[PR]: 0.870961
Val	AUC[ROC]: 0.816081	AUC[PR]: 0.146105
Epoch evaluation duration: 136.936745882
Epoch duration: 158.364894867

Epoch 30/1000
Epoch training duration: 21.0096440315
Train	AUC[ROC]: 0.999896	AUC[PR]: 0.870320
Val	AUC[ROC]: 0.819276	AUC[PR]: 0.155456
Epoch evaluation duration: 136.768044949
Epoch duration: 157.77768898

Epoch 31/1000
Epoch training duration: 21.6962821484
Train	AUC[ROC]: 0.999897	AUC[PR]: 0.863992
Val	AUC[ROC]: 0.795695	AUC[PR]: 0.170690
Epoch evaluation duration: 136.942497015
Epoch duration: 158.638779163

Epoch 32/1000
Epoch training duration: 20.6649699211
Train	AUC[ROC]: 0.999916	AUC[PR]: 0.887527
Val	AUC[ROC]: 0.812543	AUC[PR]: 0.154850
Epoch evaluation duration: 137.060162067
Epoch duration: 157.725131989

Epoch 33/1000
Epoch training duration: 21.1921629906
Train	AUC[ROC]: 0.999937	AUC[PR]: 0.910174
Val	AUC[ROC]: 0.792710	AUC[PR]: 0.145727
Epoch evaluation duration: 136.406648874
Epoch duration: 157.598811865

Epoch 34/1000
Epoch training duration: 21.3515510559
Train	AUC[ROC]: 0.999937	AUC[PR]: 0.911880
Val	AUC[ROC]: 0.788337	AUC[PR]: 0.149767
Epoch evaluation duration: 119.250304937
Epoch duration: 140.601855993

Epoch 35/1000
Epoch training duration: 17.2712550163
Train	AUC[ROC]: 0.999930	AUC[PR]: 0.906442
Val	AUC[ROC]: 0.810818	AUC[PR]: 0.157350
Epoch evaluation duration: 124.578493118
Epoch duration: 141.849748135

Epoch 36/1000
Epoch training duration: 20.9947888851
Train	AUC[ROC]: 0.999950	AUC[PR]: 0.931756
Val	AUC[ROC]: 0.778896	AUC[PR]: 0.144141
Epoch evaluation duration: 135.519325018
Epoch duration: 156.514113903

Epoch 37/1000
Epoch training duration: 21.2325820923
Train	AUC[ROC]: 0.999954	AUC[PR]: 0.939424
Val	AUC[ROC]: 0.774830	AUC[PR]: 0.137172
Epoch evaluation duration: 137.294399977
Epoch duration: 158.526982069

Epoch 38/1000
Epoch training duration: 20.7620658875
Train	AUC[ROC]: 0.999964	AUC[PR]: 0.947466
Val	AUC[ROC]: 0.756942	AUC[PR]: 0.134247
Epoch evaluation duration: 137.189386129
Epoch duration: 157.951452017

Epoch 39/1000
Epoch training duration: 21.0656058788
Train	AUC[ROC]: 0.999968	AUC[PR]: 0.955305
Val	AUC[ROC]: 0.777090	AUC[PR]: 0.139775
Epoch evaluation duration: 135.531355143
Epoch duration: 156.596961021

Epoch 40/1000
Epoch training duration: 21.8980839252
Train	AUC[ROC]: 0.999973	AUC[PR]: 0.960001
Val	AUC[ROC]: 0.760335	AUC[PR]: 0.135372
Epoch evaluation duration: 137.816504002
Epoch duration: 159.714587927

Epoch 41/1000
Epoch training duration: 20.7263770103
Train	AUC[ROC]: 0.999969	AUC[PR]: 0.953495
Val	AUC[ROC]: 0.752976	AUC[PR]: 0.151771
Epoch evaluation duration: 137.981364012
Epoch duration: 158.707741022

Epoch 42/1000
Epoch training duration: 20.2828218937
Train	AUC[ROC]: 0.999970	AUC[PR]: 0.957656
Val	AUC[ROC]: 0.736166	AUC[PR]: 0.143826
Epoch evaluation duration: 136.974548101
Epoch duration: 157.257369995

Epoch 43/1000
Epoch training duration: 20.5231280327
Train	AUC[ROC]: 0.999962	AUC[PR]: 0.946113
Val	AUC[ROC]: 0.748351	AUC[PR]: 0.154261
Epoch evaluation duration: 136.291451931
Epoch duration: 156.814579964

Epoch 44/1000
Epoch training duration: 20.6260349751
Train	AUC[ROC]: 0.999973	AUC[PR]: 0.958399
Val	AUC[ROC]: 0.730400	AUC[PR]: 0.138036
Epoch evaluation duration: 137.605610132
Epoch duration: 158.231645107

Epoch 45/1000
Epoch training duration: 20.7268369198
Train	AUC[ROC]: 0.999976	AUC[PR]: 0.963673
Val	AUC[ROC]: 0.723234	AUC[PR]: 0.126647
Epoch evaluation duration: 136.459903955
Epoch duration: 157.186740875

Epoch 46/1000
Epoch training duration: 21.0610330105
Train	AUC[ROC]: 0.999979	AUC[PR]: 0.969685
Val	AUC[ROC]: 0.725909	AUC[PR]: 0.124769
Epoch evaluation duration: 135.806095123
Epoch duration: 156.867128134

Epoch 47/1000
Epoch training duration: 20.8959209919
Train	AUC[ROC]: 0.999977	AUC[PR]: 0.967374
Val	AUC[ROC]: 0.737189	AUC[PR]: 0.133475
Epoch evaluation duration: 136.902360916
Epoch duration: 157.798281908

Epoch 48/1000
Epoch training duration: 21.2572100163
Train	AUC[ROC]: 0.999974	AUC[PR]: 0.956487
Val	AUC[ROC]: 0.746750	AUC[PR]: 0.131669
Epoch evaluation duration: 135.95368886
Epoch duration: 157.210898876

Epoch 49/1000
Epoch training duration: 21.4624791145
Train	AUC[ROC]: 0.999961	AUC[PR]: 0.942361
Val	AUC[ROC]: 0.729365	AUC[PR]: 0.163492
Epoch evaluation duration: 135.569978952
Epoch duration: 157.032458067

Epoch 50/1000
Epoch training duration: 21.0505759716
Train	AUC[ROC]: 0.999967	AUC[PR]: 0.953380
Val	AUC[ROC]: 0.712575	AUC[PR]: 0.162114
Epoch evaluation duration: 137.128237009
Epoch duration: 158.178812981

Epoch 51/1000
Epoch training duration: 21.1310210228
Train	AUC[ROC]: 0.999969	AUC[PR]: 0.955796
Val	AUC[ROC]: 0.746091	AUC[PR]: 0.147048
Epoch evaluation duration: 137.271129131
Epoch duration: 158.402150154

Epoch 52/1000
Epoch training duration: 21.2807648182
Train	AUC[ROC]: 0.999965	AUC[PR]: 0.953384
Val	AUC[ROC]: 0.769337	AUC[PR]: 0.129020
Epoch evaluation duration: 134.803627014
Epoch duration: 156.084391832

Epoch 53/1000
Epoch training duration: 21.342031002
Train	AUC[ROC]: 0.999974	AUC[PR]: 0.964271
Val	AUC[ROC]: 0.723988	AUC[PR]: 0.143029
Epoch evaluation duration: 135.188325167
Epoch duration: 156.530356169

Epoch 54/1000
Epoch training duration: 21.2826938629
Train	AUC[ROC]: 0.999968	AUC[PR]: 0.957111
Val	AUC[ROC]: 0.708374	AUC[PR]: 0.141177
Epoch evaluation duration: 135.172305107
Epoch duration: 156.45499897

Epoch 55/1000
Epoch training duration: 21.4534158707
Train	AUC[ROC]: 0.999977	AUC[PR]: 0.962854
Val	AUC[ROC]: 0.673973	AUC[PR]: 0.139919
Epoch evaluation duration: 134.954096079
Epoch duration: 156.40751195

Epoch 56/1000
Epoch training duration: 21.1879620552
Train	AUC[ROC]: 0.999974	AUC[PR]: 0.964307
Val	AUC[ROC]: 0.682306	AUC[PR]: 0.127824
Epoch evaluation duration: 135.974850893
Epoch duration: 157.162812948

Epoch 57/1000
Epoch training duration: 20.5628199577
Train	AUC[ROC]: 0.999959	AUC[PR]: 0.945740
Val	AUC[ROC]: 0.705955	AUC[PR]: 0.125540
Epoch evaluation duration: 135.772482157
Epoch duration: 156.335302114

Epoch 58/1000
Epoch training duration: 20.8805339336
Train	AUC[ROC]: 0.999962	AUC[PR]: 0.949976
Val	AUC[ROC]: 0.701108	AUC[PR]: 0.123961
Epoch evaluation duration: 136.589065075
Epoch duration: 157.469599009

Epoch 59/1000
Epoch training duration: 21.1441018581
Train	AUC[ROC]: 0.999973	AUC[PR]: 0.955996
Val	AUC[ROC]: 0.677355	AUC[PR]: 0.128866
Epoch evaluation duration: 136.371184111
Epoch duration: 157.515285969

Epoch 60/1000
Epoch training duration: 21.2699668407
Train	AUC[ROC]: 0.999964	AUC[PR]: 0.946857
Val	AUC[ROC]: 0.713046	AUC[PR]: 0.146532
Epoch evaluation duration: 135.463149071
Epoch duration: 156.733115911

Epoch 61/1000
Epoch training duration: 20.5852000713
Train	AUC[ROC]: 0.999962	AUC[PR]: 0.946159
Val	AUC[ROC]: 0.729025	AUC[PR]: 0.139528
Epoch evaluation duration: 120.00989604
Epoch duration: 140.595096111

Epoch 62/1000
Epoch training duration: 20.9966628551
Train	AUC[ROC]: 0.999947	AUC[PR]: 0.928227
Val	AUC[ROC]: 0.753480	AUC[PR]: 0.117059
Epoch evaluation duration: 136.194977999
Epoch duration: 157.191640854

Epoch 63/1000
Epoch training duration: 21.4099471569
Train	AUC[ROC]: 0.999955	AUC[PR]: 0.941732
Val	AUC[ROC]: 0.739260	AUC[PR]: 0.107541
Epoch evaluation duration: 134.757681847
Epoch duration: 156.167629004

Epoch 64/1000
Epoch training duration: 21.4481670856
Train	AUC[ROC]: 0.999943	AUC[PR]: 0.925873
Val	AUC[ROC]: 0.706504	AUC[PR]: 0.099025
Epoch evaluation duration: 135.850187063
Epoch duration: 157.298354149

Epoch 65/1000
Epoch training duration: 20.5634138584
Train	AUC[ROC]: 0.999919	AUC[PR]: 0.905330
Val	AUC[ROC]: 0.799924	AUC[PR]: 0.105946
Epoch evaluation duration: 134.448377132
Epoch duration: 155.011790991

Epoch 66/1000
Epoch training duration: 20.4313030243
Train	AUC[ROC]: 0.999947	AUC[PR]: 0.934037
Val	AUC[ROC]: 0.737053	AUC[PR]: 0.105071
Epoch evaluation duration: 135.217471838
Epoch duration: 155.648774862

Epoch 67/1000
Epoch training duration: 21.4009091854
Train	AUC[ROC]: 0.999948	AUC[PR]: 0.934070
Val	AUC[ROC]: 0.742914	AUC[PR]: 0.107699
Epoch evaluation duration: 135.16739583
Epoch duration: 156.568305016

Epoch 68/1000
Epoch training duration: 20.5010471344
Train	AUC[ROC]: 0.999961	AUC[PR]: 0.943970
Val	AUC[ROC]: 0.715506	AUC[PR]: 0.101044
Epoch evaluation duration: 136.924003839
Epoch duration: 157.425050974

Epoch 69/1000
Epoch training duration: 20.4220101833
Train	AUC[ROC]: 0.999970	AUC[PR]: 0.954550
Val	AUC[ROC]: 0.714799	AUC[PR]: 0.104396
Epoch evaluation duration: 134.618285894
Epoch duration: 155.040296078

Epoch 70/1000
Epoch training duration: 21.3858780861
Train	AUC[ROC]: 0.999972	AUC[PR]: 0.958907
Val	AUC[ROC]: 0.682905	AUC[PR]: 0.104423
Epoch evaluation duration: 135.576782942
Epoch duration: 156.962661028

Epoch 71/1000
Epoch training duration: 20.9425849915
Train	AUC[ROC]: 0.999971	AUC[PR]: 0.955775
Val	AUC[ROC]: 0.702940	AUC[PR]: 0.106292
Epoch evaluation duration: 135.61469698
Epoch duration: 156.557281971

Epoch 72/1000
Epoch training duration: 21.5298550129
Train	AUC[ROC]: 0.999970	AUC[PR]: 0.954700
Val	AUC[ROC]: 0.705069	AUC[PR]: 0.110189
Epoch evaluation duration: 134.783169985
Epoch duration: 156.313024998

Epoch 73/1000
Epoch training duration: 21.2607688904
Train	AUC[ROC]: 0.999971	AUC[PR]: 0.956722
Val	AUC[ROC]: 0.711360	AUC[PR]: 0.123425
Epoch evaluation duration: 136.367492199
Epoch duration: 157.628261089

Epoch 74/1000
Epoch training duration: 19.9882628918
Train	AUC[ROC]: 0.999969	AUC[PR]: 0.953920
Val	AUC[ROC]: 0.740726	AUC[PR]: 0.112820
Epoch evaluation duration: 137.202588081
Epoch duration: 157.190850973

Epoch 75/1000
Epoch training duration: 21.075232029
Train	AUC[ROC]: 0.999972	AUC[PR]: 0.958113
Val	AUC[ROC]: 0.704567	AUC[PR]: 0.112719
Epoch evaluation duration: 135.358386993
Epoch duration: 156.433619022

Epoch 76/1000
Epoch training duration: 20.6303269863
Train	AUC[ROC]: 0.999974	AUC[PR]: 0.959248
Val	AUC[ROC]: 0.683607	AUC[PR]: 0.107037
Epoch evaluation duration: 135.115772009
Epoch duration: 155.746098995

Epoch 77/1000
Epoch training duration: 20.8992168903
Train	AUC[ROC]: 0.999973	AUC[PR]: 0.958199
Val	AUC[ROC]: 0.699678	AUC[PR]: 0.095871
Epoch evaluation duration: 135.368688107
Epoch duration: 156.267904997

Epoch 78/1000
Epoch training duration: 20.5448639393
Train	AUC[ROC]: 0.999975	AUC[PR]: 0.962408
Val	AUC[ROC]: 0.684650	AUC[PR]: 0.102768
Epoch evaluation duration: 134.645848989
Epoch duration: 155.190712929

Epoch 79/1000
Epoch training duration: 21.1545119286
Train	AUC[ROC]: 0.999978	AUC[PR]: 0.966188
Val	AUC[ROC]: 0.670164	AUC[PR]: 0.102294
Epoch evaluation duration: 135.918529987
Epoch duration: 157.073041916

Epoch 80/1000
Epoch training duration: 20.2280430794
Train	AUC[ROC]: 0.999979	AUC[PR]: 0.969128
Val	AUC[ROC]: 0.696510	AUC[PR]: 0.088384
Epoch evaluation duration: 136.614438057
Epoch duration: 156.842481136

Epoch 81/1000
Epoch training duration: 20.0255348682
Train	AUC[ROC]: 0.999978	AUC[PR]: 0.968123
Val	AUC[ROC]: 0.692409	AUC[PR]: 0.090251
Epoch evaluation duration: 134.470157146
Epoch duration: 154.495692015

Epoch 82/1000
Epoch training duration: 20.6594259739
Train	AUC[ROC]: 0.999978	AUC[PR]: 0.966116
Val	AUC[ROC]: 0.669003	AUC[PR]: 0.094818
Epoch evaluation duration: 135.944630861
Epoch duration: 156.604056835

Epoch 83/1000
Epoch training duration: 21.2556750774
Train	AUC[ROC]: 0.999980	AUC[PR]: 0.966513
Val	AUC[ROC]: 0.655525	AUC[PR]: 0.106670
Epoch evaluation duration: 136.601195097
Epoch duration: 157.856870174

Epoch 84/1000
Epoch training duration: 19.9391748905
Train	AUC[ROC]: 0.999981	AUC[PR]: 0.968219
Val	AUC[ROC]: 0.671921	AUC[PR]: 0.117168
Epoch evaluation duration: 135.926496029
Epoch duration: 155.865670919

Epoch 85/1000
Epoch training duration: 20.5035209656
Train	AUC[ROC]: 0.999980	AUC[PR]: 0.969557
Val	AUC[ROC]: 0.675636	AUC[PR]: 0.123231
Epoch evaluation duration: 134.792173147
Epoch duration: 155.295694113

Epoch 86/1000
Epoch training duration: 20.5504388809
Train	AUC[ROC]: 0.999979	AUC[PR]: 0.966170
Val	AUC[ROC]: 0.660679	AUC[PR]: 0.116787
Epoch evaluation duration: 136.807297945
Epoch duration: 157.357736826

Epoch 87/1000
Epoch training duration: 19.847110033
Train	AUC[ROC]: 0.999972	AUC[PR]: 0.961200
Val	AUC[ROC]: 0.756597	AUC[PR]: 0.130963
Epoch evaluation duration: 135.681829929
Epoch duration: 155.528939962

Epoch 88/1000
Epoch training duration: 20.8692610264
Train	AUC[ROC]: 0.999977	AUC[PR]: 0.964211
Val	AUC[ROC]: 0.712170	AUC[PR]: 0.113392
Epoch evaluation duration: 135.068020105
Epoch duration: 155.937281132

Epoch 89/1000
Epoch training duration: 20.5473060608
Train	AUC[ROC]: 0.999972	AUC[PR]: 0.957464
Val	AUC[ROC]: 0.719686	AUC[PR]: 0.108407
Epoch evaluation duration: 135.917521954
Epoch duration: 156.464828014

Epoch 90/1000
Epoch training duration: 20.5072879791
Train	AUC[ROC]: 0.999975	AUC[PR]: 0.960527
Val	AUC[ROC]: 0.680520	AUC[PR]: 0.104466
Epoch evaluation duration: 136.391992092
Epoch duration: 156.899280071

Epoch 91/1000
Epoch training duration: 20.9082689285
Train	AUC[ROC]: 0.999977	AUC[PR]: 0.965128
Val	AUC[ROC]: 0.691703	AUC[PR]: 0.105705
Epoch evaluation duration: 134.793319941
Epoch duration: 155.701588869

Epoch 92/1000
Epoch training duration: 20.9536011219
Train	AUC[ROC]: 0.999977	AUC[PR]: 0.964565
Val	AUC[ROC]: 0.690940	AUC[PR]: 0.106623
Epoch evaluation duration: 136.75638485
Epoch duration: 157.709985971

Epoch 93/1000
Epoch training duration: 20.0722849369
Train	AUC[ROC]: 0.999972	AUC[PR]: 0.960166
Val	AUC[ROC]: 0.767635	AUC[PR]: 0.104990
Epoch evaluation duration: 134.822400093
Epoch duration: 154.89468503

Epoch 94/1000
Epoch training duration: 21.7779459953
Train	AUC[ROC]: 0.999976	AUC[PR]: 0.962822
Val	AUC[ROC]: 0.704360	AUC[PR]: 0.097825
Epoch evaluation duration: 134.845597982
Epoch duration: 156.623543978

Epoch 95/1000
Epoch training duration: 20.944081068
Train	AUC[ROC]: 0.999970	AUC[PR]: 0.956031
Val	AUC[ROC]: 0.757248	AUC[PR]: 0.097995
Epoch evaluation duration: 135.444510937
Epoch duration: 156.388592005

Epoch 96/1000
Epoch training duration: 20.5302591324
Train	AUC[ROC]: 0.999975	AUC[PR]: 0.963803
Val	AUC[ROC]: 0.701212	AUC[PR]: 0.096112
Epoch evaluation duration: 135.717208862
Epoch duration: 156.247467995

Epoch 97/1000
Epoch training duration: 20.5385251045
Train	AUC[ROC]: 0.999977	AUC[PR]: 0.967938
Val	AUC[ROC]: 0.698400	AUC[PR]: 0.099709
Epoch evaluation duration: 134.259186029
Epoch duration: 154.797711134

Epoch 98/1000
Epoch training duration: 20.3895738125
Train	AUC[ROC]: 0.999973	AUC[PR]: 0.963537
Val	AUC[ROC]: 0.705615	AUC[PR]: 0.091204
Epoch evaluation duration: 136.816696167
Epoch duration: 157.206269979

Epoch 99/1000
Epoch training duration: 20.592001915
Train	AUC[ROC]: 0.999979	AUC[PR]: 0.969905
Val	AUC[ROC]: 0.699830	AUC[PR]: 0.103215
Epoch evaluation duration: 136.8536129
Epoch duration: 157.445614815

Epoch 100/1000
Epoch training duration: 20.9912559986
Train	AUC[ROC]: 0.999982	AUC[PR]: 0.974762
Val	AUC[ROC]: 0.689941	AUC[PR]: 0.093618
Epoch evaluation duration: 134.897619009
Epoch duration: 155.888875008

Epoch 101/1000
Epoch training duration: 20.1169052124
Train	AUC[ROC]: 0.999978	AUC[PR]: 0.970412
Val	AUC[ROC]: 0.716553	AUC[PR]: 0.098373
Epoch evaluation duration: 135.540030003
Epoch duration: 155.656935215

Epoch 102/1000
Epoch training duration: 20.9875319004
Train	AUC[ROC]: 0.999982	AUC[PR]: 0.976413
Val	AUC[ROC]: 0.706002	AUC[PR]: 0.103364
Epoch evaluation duration: 135.064390898
Epoch duration: 156.051922798

Epoch 103/1000
Epoch training duration: 21.1848139763
Train	AUC[ROC]: 0.999984	AUC[PR]: 0.977336
Val	AUC[ROC]: 0.693291	AUC[PR]: 0.108302
Epoch evaluation duration: 134.571208
Epoch duration: 155.756021976

Epoch 104/1000
Epoch training duration: 20.469615221
Train	AUC[ROC]: 0.999986	AUC[PR]: 0.979464
Val	AUC[ROC]: 0.688322	AUC[PR]: 0.101769
Epoch evaluation duration: 134.181892872
Epoch duration: 154.651508093

Epoch 105/1000
Epoch training duration: 21.050358057
Train	AUC[ROC]: 0.999979	AUC[PR]: 0.968101
Val	AUC[ROC]: 0.724979	AUC[PR]: 0.093536
Epoch evaluation duration: 134.706222057
Epoch duration: 155.756580114

Epoch 106/1000
Epoch training duration: 21.1717820168
Train	AUC[ROC]: 0.999980	AUC[PR]: 0.968846
Val	AUC[ROC]: 0.700415	AUC[PR]: 0.097974
Epoch evaluation duration: 135.468539953
Epoch duration: 156.64032197

Epoch 107/1000
Epoch training duration: 21.525398016
Train	AUC[ROC]: 0.999975	AUC[PR]: 0.962171
Val	AUC[ROC]: 0.709251	AUC[PR]: 0.094798
Epoch evaluation duration: 136.1271348
Epoch duration: 157.652532816

Epoch 108/1000
Epoch training duration: 21.0394630432
Train	AUC[ROC]: 0.999973	AUC[PR]: 0.958208
Val	AUC[ROC]: 0.688526	AUC[PR]: 0.098348
Epoch evaluation duration: 136.487218142
Epoch duration: 157.526681185

Epoch 109/1000
Epoch training duration: 20.8184678555
Train	AUC[ROC]: 0.999975	AUC[PR]: 0.962143
Val	AUC[ROC]: 0.711815	AUC[PR]: 0.093133
Epoch evaluation duration: 135.198044062
Epoch duration: 156.016511917

Epoch 110/1000
Epoch training duration: 21.0039389133
Train	AUC[ROC]: 0.999975	AUC[PR]: 0.961566
Val	AUC[ROC]: 0.672678	AUC[PR]: 0.089396
Epoch evaluation duration: 134.416634083
Epoch duration: 155.420572996

Epoch 111/1000
Epoch training duration: 20.6125490665
Train	AUC[ROC]: 0.999975	AUC[PR]: 0.962554
Val	AUC[ROC]: 0.694675	AUC[PR]: 0.099635
Epoch evaluation duration: 137.40690589
Epoch duration: 158.019454956

Epoch 112/1000
Epoch training duration: 20.8984701633
Train	AUC[ROC]: 0.999975	AUC[PR]: 0.960766
Val	AUC[ROC]: 0.650533	AUC[PR]: 0.103716
Epoch evaluation duration: 135.358788013
Epoch duration: 156.257258177

Epoch 113/1000
Epoch training duration: 20.967017889
Train	AUC[ROC]: 0.999978	AUC[PR]: 0.965543
Val	AUC[ROC]: 0.640269	AUC[PR]: 0.099722
Epoch evaluation duration: 136.062391996
Epoch duration: 157.029409885

Epoch 114/1000
Epoch training duration: 21.3162670135
Train	AUC[ROC]: 0.999974	AUC[PR]: 0.961935
Val	AUC[ROC]: 0.716007	AUC[PR]: 0.105340
Epoch evaluation duration: 136.443181992
Epoch duration: 157.759449005

Epoch 115/1000
Epoch training duration: 20.6338250637
Train	AUC[ROC]: 0.999977	AUC[PR]: 0.964894
Val	AUC[ROC]: 0.690977	AUC[PR]: 0.108053
Epoch evaluation duration: 136.486098051
Epoch duration: 157.119923115

Epoch 116/1000
Epoch training duration: 21.1903898716
Train	AUC[ROC]: 0.999979	AUC[PR]: 0.967972
Val	AUC[ROC]: 0.699489	AUC[PR]: 0.107130
Epoch evaluation duration: 134.81238699
Epoch duration: 156.002776861

Epoch 117/1000
Epoch training duration: 20.6409270763
Train	AUC[ROC]: 0.999977	AUC[PR]: 0.963381
Val	AUC[ROC]: 0.682934	AUC[PR]: 0.099404
Epoch evaluation duration: 136.149461031
Epoch duration: 156.790388107

Epoch 118/1000
Epoch training duration: 20.7265758514
Train	AUC[ROC]: 0.999980	AUC[PR]: 0.969625
Val	AUC[ROC]: 0.679779	AUC[PR]: 0.097671
Epoch evaluation duration: 134.935544014
Epoch duration: 155.662119865

Epoch 119/1000
Epoch training duration: 20.2702159882
Train	AUC[ROC]: 0.999982	AUC[PR]: 0.972924
Val	AUC[ROC]: 0.655916	AUC[PR]: 0.097929
Epoch evaluation duration: 133.940303087
Epoch duration: 154.210519075

Epoch 120/1000
Epoch training duration: 20.9436528683
Train	AUC[ROC]: 0.999980	AUC[PR]: 0.969268
Val	AUC[ROC]: 0.667812	AUC[PR]: 0.110680
Epoch evaluation duration: 135.57916522
Epoch duration: 156.522818089

Epoch 121/1000
Epoch training duration: 20.8317258358
Train	AUC[ROC]: 0.999979	AUC[PR]: 0.968411
Val	AUC[ROC]: 0.687371	AUC[PR]: 0.102354
Epoch evaluation duration: 135.639443159
Epoch duration: 156.471168995

Epoch 122/1000
Epoch training duration: 20.6068968773
Train	AUC[ROC]: 0.999980	AUC[PR]: 0.970097
Val	AUC[ROC]: 0.689736	AUC[PR]: 0.098255
Epoch evaluation duration: 135.525238991
Epoch duration: 156.132135868

Epoch 123/1000
Epoch training duration: 20.4377150536
Train	AUC[ROC]: 0.999981	AUC[PR]: 0.970799
Val	AUC[ROC]: 0.666206	AUC[PR]: 0.091741
Epoch evaluation duration: 136.26403594
Epoch duration: 156.701750994

Epoch 124/1000
Epoch training duration: 19.8208959103
Train	AUC[ROC]: 0.999982	AUC[PR]: 0.973570
Val	AUC[ROC]: 0.660448	AUC[PR]: 0.096511
Epoch evaluation duration: 136.020072222
Epoch duration: 155.840968132

Epoch 125/1000
Epoch training duration: 20.7249548435
Train	AUC[ROC]: 0.999983	AUC[PR]: 0.974766
Val	AUC[ROC]: 0.642498	AUC[PR]: 0.092462
Epoch evaluation duration: 135.244697094
Epoch duration: 155.969651937

Epoch 126/1000
Epoch training duration: 20.7073590755
Train	AUC[ROC]: 0.999984	AUC[PR]: 0.975224
Val	AUC[ROC]: 0.654726	AUC[PR]: 0.098309
Epoch evaluation duration: 135.929703951
Epoch duration: 156.637063026

Epoch 127/1000
Epoch training duration: 20.9974148273
Train	AUC[ROC]: 0.999982	AUC[PR]: 0.974123
Val	AUC[ROC]: 0.720599	AUC[PR]: 0.102139
Epoch evaluation duration: 136.581584215
Epoch duration: 157.578999043

Epoch 128/1000
Epoch training duration: 20.7137959003
Train	AUC[ROC]: 0.999976	AUC[PR]: 0.963861
Val	AUC[ROC]: 0.724412	AUC[PR]: 0.084826
Epoch evaluation duration: 134.061314106
Epoch duration: 154.775110006

Epoch 129/1000
Epoch training duration: 21.7061018944
Train	AUC[ROC]: 0.999982	AUC[PR]: 0.975182
Val	AUC[ROC]: 0.700417	AUC[PR]: 0.096483
Epoch evaluation duration: 136.978772879
Epoch duration: 158.684874773

Epoch 130/1000
Epoch training duration: 21.1231341362
Train	AUC[ROC]: 0.999985	AUC[PR]: 0.977184
Val	AUC[ROC]: 0.674717	AUC[PR]: 0.092802
Epoch evaluation duration: 134.737896919
Epoch duration: 155.861031055

Epoch 131/1000
Epoch training duration: 20.2782781124
Train	AUC[ROC]: 0.999987	AUC[PR]: 0.981038
Val	AUC[ROC]: 0.706926	AUC[PR]: 0.098454
Epoch evaluation duration: 134.782016993
Epoch duration: 155.060295105

Epoch 132/1000
Epoch training duration: 21.3925669193
Train	AUC[ROC]: 0.999984	AUC[PR]: 0.975550
Val	AUC[ROC]: 0.709372	AUC[PR]: 0.104858
Epoch evaluation duration: 134.524994135
Epoch duration: 155.917561054

Epoch 133/1000
Epoch training duration: 21.3344099522
Train	AUC[ROC]: 0.999984	AUC[PR]: 0.977378
Val	AUC[ROC]: 0.703894	AUC[PR]: 0.086285
Epoch evaluation duration: 136.064213037
Epoch duration: 157.39862299

Epoch 134/1000
Epoch training duration: 20.2628059387
Train	AUC[ROC]: 0.999982	AUC[PR]: 0.972108
Val	AUC[ROC]: 0.695535	AUC[PR]: 0.085244
Epoch evaluation duration: 135.055906057
Epoch duration: 155.318711996

Epoch 135/1000
Epoch training duration: 20.6799378395
Train	AUC[ROC]: 0.999983	AUC[PR]: 0.975643
Val	AUC[ROC]: 0.703689	AUC[PR]: 0.083543
Epoch evaluation duration: 134.956691027
Epoch duration: 155.636628866

Epoch 136/1000
Epoch training duration: 20.1579799652
Train	AUC[ROC]: 0.999984	AUC[PR]: 0.977429
Val	AUC[ROC]: 0.665143	AUC[PR]: 0.084842
Epoch evaluation duration: 136.024696112
Epoch duration: 156.182676077

Epoch 137/1000
Epoch training duration: 20.4213449955
Train	AUC[ROC]: 0.999986	AUC[PR]: 0.979078
Val	AUC[ROC]: 0.646198	AUC[PR]: 0.083064
Epoch evaluation duration: 134.451889038
Epoch duration: 154.873234034

Epoch 138/1000
Epoch training duration: 21.4445018768
Train	AUC[ROC]: 0.999989	AUC[PR]: 0.983023
Val	AUC[ROC]: 0.682925	AUC[PR]: 0.096135
Epoch evaluation duration: 135.315973997
Epoch duration: 156.760475874

Epoch 139/1000
Epoch training duration: 20.3964421749
Train	AUC[ROC]: 0.999985	AUC[PR]: 0.976902
Val	AUC[ROC]: 0.665146	AUC[PR]: 0.084631
Epoch evaluation duration: 136.042166948
Epoch duration: 156.438609123

Epoch 140/1000
Epoch training duration: 20.7440979481
Train	AUC[ROC]: 0.999983	AUC[PR]: 0.974154
Val	AUC[ROC]: 0.653986	AUC[PR]: 0.085348
Epoch evaluation duration: 136.266568899
Epoch duration: 157.010666847

Epoch 141/1000
Epoch training duration: 20.8247151375
Train	AUC[ROC]: 0.999983	AUC[PR]: 0.973991
Val	AUC[ROC]: 0.637383	AUC[PR]: 0.079980
Epoch evaluation duration: 136.36656785
Epoch duration: 157.191282988

Epoch 142/1000
Epoch training duration: 20.8661110401
Train	AUC[ROC]: 0.999978	AUC[PR]: 0.965949
Val	AUC[ROC]: 0.716288	AUC[PR]: 0.084970
Epoch evaluation duration: 135.677793026
Epoch duration: 156.543904066

Epoch 143/1000
Epoch training duration: 20.6584119797
Train	AUC[ROC]: 0.999981	AUC[PR]: 0.970232
Val	AUC[ROC]: 0.673745	AUC[PR]: 0.084146
Epoch evaluation duration: 136.581362009
Epoch duration: 157.239773989

Epoch 144/1000
Epoch training duration: 20.9513249397
Train	AUC[ROC]: 0.999981	AUC[PR]: 0.971531
Val	AUC[ROC]: 0.725565	AUC[PR]: 0.077871
Epoch evaluation duration: 135.950103045
Epoch duration: 156.901427984

Epoch 145/1000
Epoch training duration: 20.3597350121
Train	AUC[ROC]: 0.999982	AUC[PR]: 0.973132
Val	AUC[ROC]: 0.689917	AUC[PR]: 0.080413
Epoch evaluation duration: 136.226058006
Epoch duration: 156.585793018

Epoch 146/1000
Epoch training duration: 20.2597601414
Train	AUC[ROC]: 0.999983	AUC[PR]: 0.974460
Val	AUC[ROC]: 0.681656	AUC[PR]: 0.081401
Epoch evaluation duration: 135.714044809
Epoch duration: 155.973804951

Epoch 147/1000
Epoch training duration: 20.7083880901
Train	AUC[ROC]: 0.999984	AUC[PR]: 0.976109
Val	AUC[ROC]: 0.665919	AUC[PR]: 0.083586
Epoch evaluation duration: 135.837471008
Epoch duration: 156.545859098

Epoch 148/1000
Epoch training duration: 20.8259289265
Train	AUC[ROC]: 0.999982	AUC[PR]: 0.973197
Val	AUC[ROC]: 0.666366	AUC[PR]: 0.091893
Epoch evaluation duration: 137.099752188
Epoch duration: 157.925681114

Epoch 149/1000
Epoch training duration: 21.2048158646
Train	AUC[ROC]: 0.999984	AUC[PR]: 0.976623
Val	AUC[ROC]: 0.672257	AUC[PR]: 0.100763
Epoch evaluation duration: 135.883151054
Epoch duration: 157.087966919

Epoch 150/1000
Epoch training duration: 21.3945159912
Train	AUC[ROC]: 0.999985	AUC[PR]: 0.977143
Val	AUC[ROC]: 0.705015	AUC[PR]: 0.101102
Epoch evaluation duration: 136.237665892
Epoch duration: 157.632181883

Epoch 151/1000
Epoch training duration: 20.6011400223
Train	AUC[ROC]: 0.999984	AUC[PR]: 0.975669
Val	AUC[ROC]: 0.657496	AUC[PR]: 0.095725
Epoch evaluation duration: 135.061360121
Epoch duration: 155.662500143

Epoch 152/1000
Epoch training duration: 20.5069098473
Train	AUC[ROC]: 0.999978	AUC[PR]: 0.967340
Val	AUC[ROC]: 0.737248	AUC[PR]: 0.083221
Epoch evaluation duration: 134.84288311
Epoch duration: 155.349792957

Epoch 153/1000
Epoch training duration: 20.6569769382
Train	AUC[ROC]: 0.999979	AUC[PR]: 0.969196
Val	AUC[ROC]: 0.692662	AUC[PR]: 0.084613
Epoch evaluation duration: 136.435421944
Epoch duration: 157.092398882

Epoch 154/1000
Epoch training duration: 21.3686640263
Train	AUC[ROC]: 0.999981	AUC[PR]: 0.971448
Val	AUC[ROC]: 0.706058	AUC[PR]: 0.095474
Epoch evaluation duration: 135.549307108
Epoch duration: 156.917971134

Epoch 155/1000
Epoch training duration: 21.1437590122
Train	AUC[ROC]: 0.999975	AUC[PR]: 0.962417
Val	AUC[ROC]: 0.724531	AUC[PR]: 0.071895
Epoch evaluation duration: 134.40456605
Epoch duration: 155.548325062

Epoch 156/1000
Epoch training duration: 21.2441298962
Train	AUC[ROC]: 0.999977	AUC[PR]: 0.967115
Val	AUC[ROC]: 0.706351	AUC[PR]: 0.073439
Epoch evaluation duration: 134.239522934
Epoch duration: 155.48365283

Epoch 157/1000
Epoch training duration: 20.8072149754
Train	AUC[ROC]: 0.999979	AUC[PR]: 0.967986
Val	AUC[ROC]: 0.708898	AUC[PR]: 0.084614
Epoch evaluation duration: 135.823069096
Epoch duration: 156.630284071

Epoch 158/1000
Epoch training duration: 21.0989239216
Train	AUC[ROC]: 0.999984	AUC[PR]: 0.976036
Val	AUC[ROC]: 0.687452	AUC[PR]: 0.085061
Epoch evaluation duration: 136.040522099
Epoch duration: 157.13944602

Epoch 159/1000
Epoch training duration: 20.9010310173
Train	AUC[ROC]: 0.999983	AUC[PR]: 0.973482
Val	AUC[ROC]: 0.674901	AUC[PR]: 0.083403
Epoch evaluation duration: 137.084991932
Epoch duration: 157.986022949

Epoch 160/1000
Epoch training duration: 21.1065080166
Train	AUC[ROC]: 0.999985	AUC[PR]: 0.976742
Val	AUC[ROC]: 0.678872	AUC[PR]: 0.089710
Epoch evaluation duration: 134.676451921
Epoch duration: 155.782959938

Epoch 161/1000
Epoch training duration: 20.8143069744
Train	AUC[ROC]: 0.999987	AUC[PR]: 0.980664
Val	AUC[ROC]: 0.694926	AUC[PR]: 0.091050
Epoch evaluation duration: 136.246018171
Epoch duration: 157.060325146

Epoch 162/1000
Epoch training duration: 21.0285570621
Train	AUC[ROC]: 0.999985	AUC[PR]: 0.978144
Val	AUC[ROC]: 0.698109	AUC[PR]: 0.091434
Epoch evaluation duration: 134.633373976
Epoch duration: 155.661931038

Epoch 163/1000
Epoch training duration: 20.8370008469
Train	AUC[ROC]: 0.999986	AUC[PR]: 0.978247
Val	AUC[ROC]: 0.686732	AUC[PR]: 0.091230
Epoch evaluation duration: 136.090788126
Epoch duration: 156.927788973

Epoch 164/1000
Epoch training duration: 20.9466650486
Train	AUC[ROC]: 0.999984	AUC[PR]: 0.976378
Val	AUC[ROC]: 0.708043	AUC[PR]: 0.117977
Epoch evaluation duration: 135.254379988
Epoch duration: 156.201045036

Epoch 165/1000
Epoch training duration: 21.3816738129
Train	AUC[ROC]: 0.999983	AUC[PR]: 0.973987
Val	AUC[ROC]: 0.694944	AUC[PR]: 0.113032
Epoch evaluation duration: 135.649293184
Epoch duration: 157.030966997

Epoch 166/1000
Epoch training duration: 20.45814991
Train	AUC[ROC]: 0.999984	AUC[PR]: 0.976061
Val	AUC[ROC]: 0.665669	AUC[PR]: 0.103308
Epoch evaluation duration: 134.24657011
Epoch duration: 154.70472002

Epoch 167/1000
Epoch training duration: 21.617276907
Train	AUC[ROC]: 0.999987	AUC[PR]: 0.980248
Val	AUC[ROC]: 0.649385	AUC[PR]: 0.104144
Epoch evaluation duration: 135.632554054
Epoch duration: 157.249830961

Epoch 168/1000
Epoch training duration: 20.0214288235
Train	AUC[ROC]: 0.999987	AUC[PR]: 0.981394
Val	AUC[ROC]: 0.713843	AUC[PR]: 0.096446
Epoch evaluation duration: 136.501196146
Epoch duration: 156.522624969

Epoch 169/1000
Epoch training duration: 20.4201889038
Train	AUC[ROC]: 0.999987	AUC[PR]: 0.980892
Val	AUC[ROC]: 0.675683	AUC[PR]: 0.094866
Epoch evaluation duration: 134.823500156
Epoch duration: 155.24368906

Epoch 170/1000
Epoch training duration: 20.8949828148
Train	AUC[ROC]: 0.999985	AUC[PR]: 0.977482
Val	AUC[ROC]: 0.722733	AUC[PR]: 0.106219
Epoch evaluation duration: 135.775146961
Epoch duration: 156.670129776

Epoch 171/1000
Epoch training duration: 21.2310631275
Train	AUC[ROC]: 0.999987	AUC[PR]: 0.981452
Val	AUC[ROC]: 0.698042	AUC[PR]: 0.094236
Epoch evaluation duration: 135.689877987
Epoch duration: 156.920941114

Epoch 172/1000
Epoch training duration: 21.3429300785
Train	AUC[ROC]: 0.999983	AUC[PR]: 0.975235
Val	AUC[ROC]: 0.779374	AUC[PR]: 0.091216
Epoch evaluation duration: 137.320607901
Epoch duration: 158.663537979

Epoch 173/1000
Epoch training duration: 20.7526900768
Train	AUC[ROC]: 0.999988	AUC[PR]: 0.983044
Val	AUC[ROC]: 0.699191	AUC[PR]: 0.111995
Epoch evaluation duration: 133.864578962
Epoch duration: 154.617269039

Epoch 174/1000
Epoch training duration: 20.4046719074
Train	AUC[ROC]: 0.999990	AUC[PR]: 0.985464
Val	AUC[ROC]: 0.681372	AUC[PR]: 0.097223
Epoch evaluation duration: 136.287053108
Epoch duration: 156.691725016

Epoch 175/1000
Epoch training duration: 21.3783810139
Train	AUC[ROC]: 0.999989	AUC[PR]: 0.983344
Val	AUC[ROC]: 0.683105	AUC[PR]: 0.098921
Epoch evaluation duration: 136.664309025
Epoch duration: 158.042690039

Epoch 176/1000
Epoch training duration: 21.0314278603
Train	AUC[ROC]: 0.999990	AUC[PR]: 0.984418
Val	AUC[ROC]: 0.680583	AUC[PR]: 0.109120
Epoch evaluation duration: 135.06743598
Epoch duration: 156.09886384

Epoch 177/1000
Epoch training duration: 20.927544117
Train	AUC[ROC]: 0.999987	AUC[PR]: 0.980132
Val	AUC[ROC]: 0.696743	AUC[PR]: 0.106360
Epoch evaluation duration: 134.818533897
Epoch duration: 155.746078014

Epoch 178/1000
Epoch training duration: 20.2056541443
Train	AUC[ROC]: 0.999988	AUC[PR]: 0.982566
Val	AUC[ROC]: 0.727895	AUC[PR]: 0.101540
Epoch evaluation duration: 136.386518955
Epoch duration: 156.5921731

Epoch 179/1000
Epoch training duration: 21.2436180115
Train	AUC[ROC]: 0.999988	AUC[PR]: 0.981876
Val	AUC[ROC]: 0.695279	AUC[PR]: 0.098920
Epoch evaluation duration: 135.291246891
Epoch duration: 156.534864902

Epoch 180/1000
Epoch training duration: 21.1365361214
Train	AUC[ROC]: 0.999987	AUC[PR]: 0.980929
Val	AUC[ROC]: 0.746627	AUC[PR]: 0.095631
Epoch evaluation duration: 134.23013401
Epoch duration: 155.366670132

Epoch 181/1000
Epoch training duration: 21.191026926
Train	AUC[ROC]: 0.999989	AUC[PR]: 0.984051
Val	AUC[ROC]: 0.731249	AUC[PR]: 0.084051
Epoch evaluation duration: 134.936851025
Epoch duration: 156.127877951

Epoch 182/1000
Epoch training duration: 21.0499310493
Train	AUC[ROC]: 0.999988	AUC[PR]: 0.981935
Val	AUC[ROC]: 0.719185	AUC[PR]: 0.089273
Epoch evaluation duration: 134.581092834
Epoch duration: 155.631023884

Epoch 183/1000
Epoch training duration: 21.0731241703
Train	AUC[ROC]: 0.999987	AUC[PR]: 0.979624
Val	AUC[ROC]: 0.719922	AUC[PR]: 0.083109
Epoch evaluation duration: 135.749317884
Epoch duration: 156.822442055

Epoch 184/1000
Epoch training duration: 21.207504034
Train	AUC[ROC]: 0.999987	AUC[PR]: 0.980681
Val	AUC[ROC]: 0.707558	AUC[PR]: 0.084478
Epoch evaluation duration: 136.7339499
Epoch duration: 157.941453934

Epoch 185/1000
Epoch training duration: 20.0550382137
Train	AUC[ROC]: 0.999982	AUC[PR]: 0.972778
Val	AUC[ROC]: 0.744132	AUC[PR]: 0.090723
Epoch evaluation duration: 135.422896862
Epoch duration: 155.477935076

Epoch 186/1000
Epoch training duration: 20.9256849289
Train	AUC[ROC]: 0.999985	AUC[PR]: 0.977260
Val	AUC[ROC]: 0.714650	AUC[PR]: 0.100881
Epoch evaluation duration: 135.000399113
Epoch duration: 155.926084042

Epoch 187/1000
Epoch training duration: 20.3815479279
Train	AUC[ROC]: 0.999979	AUC[PR]: 0.969128
Val	AUC[ROC]: 0.772791	AUC[PR]: 0.090463
Epoch evaluation duration: 137.016746998
Epoch duration: 157.398294926

Epoch 188/1000
Epoch training duration: 19.7509961128
Train	AUC[ROC]: 0.999983	AUC[PR]: 0.975152
Val	AUC[ROC]: 0.760732	AUC[PR]: 0.090068
Epoch evaluation duration: 134.92137599
Epoch duration: 154.672372103

Epoch 189/1000
Epoch training duration: 21.0921180248
Train	AUC[ROC]: 0.999984	AUC[PR]: 0.976623
Val	AUC[ROC]: 0.733804	AUC[PR]: 0.093789
Epoch evaluation duration: 135.636217833
Epoch duration: 156.728335857

Epoch 190/1000
Epoch training duration: 20.6525611877
Train	AUC[ROC]: 0.999985	AUC[PR]: 0.977111
Val	AUC[ROC]: 0.730206	AUC[PR]: 0.092961
Epoch evaluation duration: 137.030730963
Epoch duration: 157.68329215

Epoch 191/1000
Epoch training duration: 20.1219718456
Train	AUC[ROC]: 0.999986	AUC[PR]: 0.978540
Val	AUC[ROC]: 0.710595	AUC[PR]: 0.094582
Epoch evaluation duration: 135.590365171
Epoch duration: 155.712337017

Epoch 192/1000
Epoch training duration: 21.3391299248
Train	AUC[ROC]: 0.999984	AUC[PR]: 0.976115
Val	AUC[ROC]: 0.746944	AUC[PR]: 0.092599
Epoch evaluation duration: 133.981984138
Epoch duration: 155.321114063

Epoch 193/1000
Epoch training duration: 20.368339777
Train	AUC[ROC]: 0.999986	AUC[PR]: 0.978865
Val	AUC[ROC]: 0.725841	AUC[PR]: 0.090851
Epoch evaluation duration: 135.866345167
Epoch duration: 156.234684944

Epoch 194/1000
Epoch training duration: 20.5942399502
Train	AUC[ROC]: 0.999986	AUC[PR]: 0.979128
Val	AUC[ROC]: 0.724962	AUC[PR]: 0.096371
Epoch evaluation duration: 136.739469051
Epoch duration: 157.333709002

Epoch 195/1000
Epoch training duration: 21.1776850224
Train	AUC[ROC]: 0.999986	AUC[PR]: 0.979232
Val	AUC[ROC]: 0.745088	AUC[PR]: 0.097981
Epoch evaluation duration: 135.906852007
Epoch duration: 157.084537029

Epoch 196/1000
Epoch training duration: 20.0586788654
Train	AUC[ROC]: 0.999986	AUC[PR]: 0.979396
Val	AUC[ROC]: 0.726887	AUC[PR]: 0.102399
Epoch evaluation duration: 135.811680079
Epoch duration: 155.870358944

Epoch 197/1000
Epoch training duration: 18.7121648788
Train	AUC[ROC]: 0.999986	AUC[PR]: 0.979476
Val	AUC[ROC]: 0.700240	AUC[PR]: 0.103592
Epoch evaluation duration: 121.460952997
Epoch duration: 140.173117876

Epoch 198/1000
Epoch training duration: 21.1524300575
Train	AUC[ROC]: 0.999989	AUC[PR]: 0.984126
Val	AUC[ROC]: 0.702672	AUC[PR]: 0.099313
Epoch evaluation duration: 136.274254084
Epoch duration: 157.426684141

Epoch 199/1000
Epoch training duration: 20.2862138748
Train	AUC[ROC]: 0.999990	AUC[PR]: 0.984939
Val	AUC[ROC]: 0.702332	AUC[PR]: 0.102530
Epoch evaluation duration: 137.309188128
Epoch duration: 157.595402002

Epoch 200/1000
Epoch training duration: 20.4729008675
Train	AUC[ROC]: 0.999992	AUC[PR]: 0.987783
Val	AUC[ROC]: 0.700526	AUC[PR]: 0.105006
Epoch evaluation duration: 137.285075188
Epoch duration: 157.757976055

Epoch 201/1000
Epoch training duration: 20.9467318058
Train	AUC[ROC]: 0.999990	AUC[PR]: 0.985614
Val	AUC[ROC]: 0.693724	AUC[PR]: 0.100817
Epoch evaluation duration: 134.79146719
Epoch duration: 155.738198996

Epoch 202/1000
Epoch training duration: 20.9511449337
Train	AUC[ROC]: 0.999990	AUC[PR]: 0.985371
Val	AUC[ROC]: 0.682068	AUC[PR]: 0.106257
Epoch evaluation duration: 136.449871063
Epoch duration: 157.401015997

Epoch 203/1000
Epoch training duration: 20.1731278896
Train	AUC[ROC]: 0.999991	AUC[PR]: 0.985694
Val	AUC[ROC]: 0.689406	AUC[PR]: 0.108772
Epoch evaluation duration: 136.013089895
Epoch duration: 156.186217785

Epoch 204/1000
Epoch training duration: 21.0048410892
Train	AUC[ROC]: 0.999990	AUC[PR]: 0.984873
Val	AUC[ROC]: 0.705678	AUC[PR]: 0.090707
Epoch evaluation duration: 136.312079906
Epoch duration: 157.316920996

Epoch 205/1000
Epoch training duration: 21.1482110023
Train	AUC[ROC]: 0.999990	AUC[PR]: 0.985018
Val	AUC[ROC]: 0.706372	AUC[PR]: 0.101927
Epoch evaluation duration: 134.691948175
Epoch duration: 155.840159178

Epoch 206/1000
Epoch training duration: 20.7172880173
Train	AUC[ROC]: 0.999990	AUC[PR]: 0.984987
Val	AUC[ROC]: 0.699625	AUC[PR]: 0.103520
Epoch evaluation duration: 135.895526886
Epoch duration: 156.612814903

Epoch 207/1000
Epoch training duration: 20.6725139618
Train	AUC[ROC]: 0.999989	AUC[PR]: 0.982742
Val	AUC[ROC]: 0.731200	AUC[PR]: 0.089035
Epoch evaluation duration: 134.787292004
Epoch duration: 155.459805965

Epoch 208/1000
Epoch training duration: 20.5182659626
Train	AUC[ROC]: 0.999988	AUC[PR]: 0.982009
Val	AUC[ROC]: 0.699944	AUC[PR]: 0.089638
Epoch evaluation duration: 135.519426107
Epoch duration: 156.03769207

Epoch 209/1000
Epoch training duration: 20.7015869617
Train	AUC[ROC]: 0.999989	AUC[PR]: 0.982624
Val	AUC[ROC]: 0.699265	AUC[PR]: 0.094416
Epoch evaluation duration: 136.635266066
Epoch duration: 157.336853027

Epoch 210/1000
Epoch training duration: 20.404075861
Train	AUC[ROC]: 0.999989	AUC[PR]: 0.982772
Val	AUC[ROC]: 0.705072	AUC[PR]: 0.093841
Epoch evaluation duration: 136.337202072
Epoch duration: 156.741277933

Epoch 211/1000
Epoch training duration: 20.1486480236
Train	AUC[ROC]: 0.999988	AUC[PR]: 0.982482
Val	AUC[ROC]: 0.692495	AUC[PR]: 0.096908
Epoch evaluation duration: 135.220977068
Epoch duration: 155.369625092

Epoch 212/1000
Epoch training duration: 21.1812939644
Train	AUC[ROC]: 0.999987	AUC[PR]: 0.980089
Val	AUC[ROC]: 0.672482	AUC[PR]: 0.096634
Epoch evaluation duration: 137.396008968
Epoch duration: 158.577302933

Epoch 213/1000
Epoch training duration: 20.8402678967
Train	AUC[ROC]: 0.999987	AUC[PR]: 0.980856
Val	AUC[ROC]: 0.695403	AUC[PR]: 0.089946
Epoch evaluation duration: 136.197352171
Epoch duration: 157.037620068

Epoch 214/1000
Epoch training duration: 20.676420927
Train	AUC[ROC]: 0.999986	AUC[PR]: 0.979058
Val	AUC[ROC]: 0.678131	AUC[PR]: 0.095650
Epoch evaluation duration: 135.195508003
Epoch duration: 155.87192893

Epoch 215/1000
Epoch training duration: 21.1704359055
Train	AUC[ROC]: 0.999987	AUC[PR]: 0.980539
Val	AUC[ROC]: 0.662516	AUC[PR]: 0.098915
Epoch evaluation duration: 136.074731112
Epoch duration: 157.245167017

Epoch 216/1000
Epoch training duration: 20.5862140656
Train	AUC[ROC]: 0.999990	AUC[PR]: 0.985296
Val	AUC[ROC]: 0.660124	AUC[PR]: 0.098505
Epoch evaluation duration: 135.61309886
Epoch duration: 156.199312925

Epoch 217/1000
Epoch training duration: 21.0686311722
Train	AUC[ROC]: 0.999990	AUC[PR]: 0.985502
Val	AUC[ROC]: 0.660297	AUC[PR]: 0.099058
Epoch evaluation duration: 135.109715939
Epoch duration: 156.178347111

Epoch 218/1000
Epoch training duration: 21.5783360004
Train	AUC[ROC]: 0.999989	AUC[PR]: 0.983547
Val	AUC[ROC]: 0.678963	AUC[PR]: 0.102629
Epoch evaluation duration: 136.590512991
Epoch duration: 158.168848991

Epoch 219/1000
Epoch training duration: 20.6604840755
Train	AUC[ROC]: 0.999992	AUC[PR]: 0.988073
Val	AUC[ROC]: 0.681534	AUC[PR]: 0.106378
Epoch evaluation duration: 135.872048855
Epoch duration: 156.53253293

Epoch 220/1000
Epoch training duration: 21.0606091022
Train	AUC[ROC]: 0.999991	AUC[PR]: 0.985792
Val	AUC[ROC]: 0.702458	AUC[PR]: 0.110655
Epoch evaluation duration: 134.990989923
Epoch duration: 156.051599026

Epoch 221/1000
Epoch training duration: 20.8379099369
Train	AUC[ROC]: 0.999992	AUC[PR]: 0.987635
Val	AUC[ROC]: 0.687772	AUC[PR]: 0.110822
Epoch evaluation duration: 136.710808992
Epoch duration: 157.548718929

Epoch 222/1000
Epoch training duration: 20.3539500237
Train	AUC[ROC]: 0.999990	AUC[PR]: 0.985500
Val	AUC[ROC]: 0.702709	AUC[PR]: 0.102574
Epoch evaluation duration: 136.661154032
Epoch duration: 157.015104055

Epoch 223/1000
Epoch training duration: 21.0784621239
Train	AUC[ROC]: 0.999989	AUC[PR]: 0.982564
Val	AUC[ROC]: 0.787990	AUC[PR]: 0.094253
Epoch evaluation duration: 135.274889946
Epoch duration: 156.35335207

Epoch 224/1000
Epoch training duration: 20.7498428822
Train	AUC[ROC]: 0.999984	AUC[PR]: 0.975343
Val	AUC[ROC]: 0.764719	AUC[PR]: 0.091373
Epoch evaluation duration: 136.154750109
Epoch duration: 156.904592991

Epoch 225/1000
Epoch training duration: 21.4858319759
Train	AUC[ROC]: 0.999979	AUC[PR]: 0.967722
Val	AUC[ROC]: 0.799228	AUC[PR]: 0.080853
Epoch evaluation duration: 136.308511972
Epoch duration: 157.794343948

Epoch 226/1000
Epoch training duration: 21.1224799156
Train	AUC[ROC]: 0.999982	AUC[PR]: 0.973376
Val	AUC[ROC]: 0.810875	AUC[PR]: 0.084122
Epoch evaluation duration: 136.935708046
Epoch duration: 158.058187962

Epoch 227/1000
Epoch training duration: 21.5376009941
Train	AUC[ROC]: 0.999985	AUC[PR]: 0.977310
Val	AUC[ROC]: 0.789528	AUC[PR]: 0.093543
Epoch evaluation duration: 136.18543005
Epoch duration: 157.723031044

Epoch 228/1000
Epoch training duration: 20.8269541264
Train	AUC[ROC]: 0.999984	AUC[PR]: 0.975992
Val	AUC[ROC]: 0.782266	AUC[PR]: 0.089509
Epoch evaluation duration: 135.28786087
Epoch duration: 156.114814997

Epoch 229/1000
Epoch training duration: 21.5225939751
Train	AUC[ROC]: 0.999986	AUC[PR]: 0.978467
Val	AUC[ROC]: 0.771394	AUC[PR]: 0.095002
Epoch evaluation duration: 136.564389944
Epoch duration: 158.086983919

Epoch 230/1000
Epoch training duration: 20.9945611954
Train	AUC[ROC]: 0.999986	AUC[PR]: 0.979778
Val	AUC[ROC]: 0.775368	AUC[PR]: 0.091339
Epoch evaluation duration: 135.040412903
Epoch duration: 156.034974098

Epoch 231/1000
Epoch training duration: 20.3344130516
Train	AUC[ROC]: 0.999987	AUC[PR]: 0.979819
Val	AUC[ROC]: 0.760799	AUC[PR]: 0.094718
Epoch evaluation duration: 134.870456934
Epoch duration: 155.204869986

Epoch 232/1000
Epoch training duration: 20.0340850353
Train	AUC[ROC]: 0.999987	AUC[PR]: 0.980742
Val	AUC[ROC]: 0.770694	AUC[PR]: 0.094099
Epoch evaluation duration: 135.988103867
Epoch duration: 156.022188902

train precision: 0.863991634987
train roc: 0.999896594256
train hit in top 3418: 444.0 out of 444.0

val precision: 0.170690043914
val roc: 0.795694856325
val hit in top 427: 31.0 out of 55.0

test precision: 0.127022607985
test roc: 0.719751508334
test hit in top 427: 24.0 out of 55.0

ratio: 0.02, EF: 25.4545454545,	active: 55.0
ratio: 0.02, NEF: 0.509090909091
ratio: 0.01, EF: 43.6363636364,	active: 55.0
ratio: 0.01, NEF: 0.436363636364
ratio: 0.0015, EF: 206.060606061,	active: 55.0
ratio: 0.0015, NEF: 0.309090909091
ratio: 0.001, EF: 236.363636364,	active: 55.0
ratio: 0.001, NEF: 0.309523809524

