label_name_list  [u'PriA-SSB AS Activity']
train files  ['../datasets/keck_pria/fold_0.csv' '../datasets/keck_pria/fold_1.csv'
 '../datasets/keck_pria/fold_2.csv' '../datasets/keck_pria/fold_3.csv'
 '../datasets/keck_pria/fold_4.csv' '../datasets/keck_pria/fold_5.csv']
val files  ['../datasets/keck_pria/fold_6.csv']
test files  ['../datasets/keck_pria/fold_7.csv']
Class Weight  [{0: 1.0, 1: 766.6317365269462}]
Epoch 1/1000
Epoch training duration: 5.26548695564
Train	AUC[ROC]: 0.906400	AUC[PR]: 0.105496
Val	AUC[ROC]: 0.841345	AUC[PR]: 0.096388
Epoch evaluation duration: 29.4579329491
Epoch duration: 34.7234199047

Epoch 2/1000
Epoch training duration: 6.00414013863
Train	AUC[ROC]: 0.942252	AUC[PR]: 0.133856
Val	AUC[ROC]: 0.855964	AUC[PR]: 0.096826
Epoch evaluation duration: 27.7735497952
Epoch duration: 33.7776899338

Epoch 3/1000
Epoch training duration: 5.87425804138
Train	AUC[ROC]: 0.962759	AUC[PR]: 0.148721
Val	AUC[ROC]: 0.871771	AUC[PR]: 0.095642
Epoch evaluation duration: 26.962816
Epoch duration: 32.8370740414

Epoch 4/1000
Epoch training duration: 5.32636904716
Train	AUC[ROC]: 0.977698	AUC[PR]: 0.182575
Val	AUC[ROC]: 0.879977	AUC[PR]: 0.102436
Epoch evaluation duration: 29.456952095
Epoch duration: 34.7833211422

Epoch 5/1000
Epoch training duration: 5.7889559269
Train	AUC[ROC]: 0.985250	AUC[PR]: 0.213136
Val	AUC[ROC]: 0.884965	AUC[PR]: 0.109761
Epoch evaluation duration: 29.8096969128
Epoch duration: 35.5986528397

Epoch 6/1000
Epoch training duration: 5.9694621563
Train	AUC[ROC]: 0.989888	AUC[PR]: 0.239669
Val	AUC[ROC]: 0.888736	AUC[PR]: 0.116029
Epoch evaluation duration: 29.2082648277
Epoch duration: 35.177726984

Epoch 7/1000
Epoch training duration: 5.6238861084
Train	AUC[ROC]: 0.993139	AUC[PR]: 0.265712
Val	AUC[ROC]: 0.893826	AUC[PR]: 0.103689
Epoch evaluation duration: 28.6010611057
Epoch duration: 34.2249472141

Epoch 8/1000
Epoch training duration: 5.72725296021
Train	AUC[ROC]: 0.995258	AUC[PR]: 0.295566
Val	AUC[ROC]: 0.895793	AUC[PR]: 0.113788
Epoch evaluation duration: 29.0005879402
Epoch duration: 34.7278409004

Epoch 9/1000
Epoch training duration: 5.7097799778
Train	AUC[ROC]: 0.996567	AUC[PR]: 0.320240
Val	AUC[ROC]: 0.902819	AUC[PR]: 0.118167
Epoch evaluation duration: 28.4729011059
Epoch duration: 34.1826810837

Epoch 10/1000
Epoch training duration: 5.61918282509
Train	AUC[ROC]: 0.997396	AUC[PR]: 0.350837
Val	AUC[ROC]: 0.900483	AUC[PR]: 0.125331
Epoch evaluation duration: 26.4946269989
Epoch duration: 32.113809824

Epoch 11/1000
Epoch training duration: 6.02620315552
Train	AUC[ROC]: 0.997871	AUC[PR]: 0.374811
Val	AUC[ROC]: 0.904207	AUC[PR]: 0.122006
Epoch evaluation duration: 33.0886340141
Epoch duration: 39.1148371696

Epoch 12/1000
Epoch training duration: 8.20342898369
Train	AUC[ROC]: 0.998132	AUC[PR]: 0.392772
Val	AUC[ROC]: 0.905339	AUC[PR]: 0.126696
Epoch evaluation duration: 31.9843819141
Epoch duration: 40.1878108978

Epoch 13/1000
Epoch training duration: 6.0070669651
Train	AUC[ROC]: 0.998511	AUC[PR]: 0.430414
Val	AUC[ROC]: 0.905525	AUC[PR]: 0.123439
Epoch evaluation duration: 30.8682701588
Epoch duration: 36.8753371239

Epoch 14/1000
Epoch training duration: 6.11759781837
Train	AUC[ROC]: 0.998732	AUC[PR]: 0.460947
Val	AUC[ROC]: 0.906641	AUC[PR]: 0.131220
Epoch evaluation duration: 32.1594769955
Epoch duration: 38.2770748138

Epoch 15/1000
Epoch training duration: 6.94745206833
Train	AUC[ROC]: 0.998951	AUC[PR]: 0.489606
Val	AUC[ROC]: 0.906547	AUC[PR]: 0.135377
Epoch evaluation duration: 34.902493
Epoch duration: 41.8499450684

Epoch 16/1000
Epoch training duration: 6.72762799263
Train	AUC[ROC]: 0.999095	AUC[PR]: 0.516324
Val	AUC[ROC]: 0.905900	AUC[PR]: 0.146397
Epoch evaluation duration: 35.4847750664
Epoch duration: 42.212403059

Epoch 17/1000
Epoch training duration: 6.32890486717
Train	AUC[ROC]: 0.999247	AUC[PR]: 0.543645
Val	AUC[ROC]: 0.903980	AUC[PR]: 0.151276
Epoch evaluation duration: 32.7573230267
Epoch duration: 39.0862278938

Epoch 18/1000
Epoch training duration: 6.59904193878
Train	AUC[ROC]: 0.999362	AUC[PR]: 0.576268
Val	AUC[ROC]: 0.906495	AUC[PR]: 0.141875
Epoch evaluation duration: 32.9441821575
Epoch duration: 39.5432240963

Epoch 19/1000
Epoch training duration: 6.52109599113
Train	AUC[ROC]: 0.999444	AUC[PR]: 0.597115
Val	AUC[ROC]: 0.905302	AUC[PR]: 0.148908
Epoch evaluation duration: 35.3315608501
Epoch duration: 41.8526568413

Epoch 20/1000
Epoch training duration: 7.89362502098
Train	AUC[ROC]: 0.999524	AUC[PR]: 0.632013
Val	AUC[ROC]: 0.900657	AUC[PR]: 0.158889
Epoch evaluation duration: 55.1050050259
Epoch duration: 62.9986300468

Epoch 21/1000
Epoch training duration: 8.47643899918
Train	AUC[ROC]: 0.999589	AUC[PR]: 0.657866
Val	AUC[ROC]: 0.899794	AUC[PR]: 0.159756
Epoch evaluation duration: 52.5252320766
Epoch duration: 61.0016710758

Epoch 22/1000
Epoch training duration: 7.27912092209
Train	AUC[ROC]: 0.999580	AUC[PR]: 0.650754
Val	AUC[ROC]: 0.899630	AUC[PR]: 0.148545
Epoch evaluation duration: 50.8644371033
Epoch duration: 58.1435580254

Epoch 23/1000
Epoch training duration: 7.74670886993
Train	AUC[ROC]: 0.999621	AUC[PR]: 0.676936
Val	AUC[ROC]: 0.902116	AUC[PR]: 0.152863
Epoch evaluation duration: 53.98478508
Epoch duration: 61.7314939499

Epoch 24/1000
Epoch training duration: 8.47393798828
Train	AUC[ROC]: 0.999688	AUC[PR]: 0.710711
Val	AUC[ROC]: 0.905610	AUC[PR]: 0.150423
Epoch evaluation duration: 57.1700129509
Epoch duration: 65.6439509392

Epoch 25/1000
Epoch training duration: 7.22300004959
Train	AUC[ROC]: 0.999707	AUC[PR]: 0.729233
Val	AUC[ROC]: 0.900238	AUC[PR]: 0.147968
Epoch evaluation duration: 61.0770299435
Epoch duration: 68.3000299931

Epoch 26/1000
Epoch training duration: 7.67167115211
Train	AUC[ROC]: 0.999750	AUC[PR]: 0.756492
Val	AUC[ROC]: 0.901341	AUC[PR]: 0.146895
Epoch evaluation duration: 50.7146389484
Epoch duration: 58.3863101006

Epoch 27/1000
Epoch training duration: 7.45136809349
Train	AUC[ROC]: 0.999761	AUC[PR]: 0.765588
Val	AUC[ROC]: 0.899435	AUC[PR]: 0.145849
Epoch evaluation duration: 57.0951719284
Epoch duration: 64.5465400219

Epoch 28/1000
Epoch training duration: 7.47864985466
Train	AUC[ROC]: 0.999788	AUC[PR]: 0.786355
Val	AUC[ROC]: 0.894391	AUC[PR]: 0.150410
Epoch evaluation duration: 50.16665411
Epoch duration: 57.6453039646

Epoch 29/1000
Epoch training duration: 7.99477696419
Train	AUC[ROC]: 0.999799	AUC[PR]: 0.786481
Val	AUC[ROC]: 0.888713	AUC[PR]: 0.147377
Epoch evaluation duration: 59.3658130169
Epoch duration: 67.3605899811

Epoch 30/1000
Epoch training duration: 7.49546694756
Train	AUC[ROC]: 0.999823	AUC[PR]: 0.807923
Val	AUC[ROC]: 0.884877	AUC[PR]: 0.157206
Epoch evaluation duration: 58.9246561527
Epoch duration: 66.4201231003

Epoch 31/1000
Epoch training duration: 8.04839682579
Train	AUC[ROC]: 0.999843	AUC[PR]: 0.827876
Val	AUC[ROC]: 0.881243	AUC[PR]: 0.158037
Epoch evaluation duration: 55.133893013
Epoch duration: 63.1822898388

Epoch 32/1000
Epoch training duration: 8.15090918541
Train	AUC[ROC]: 0.999845	AUC[PR]: 0.827164
Val	AUC[ROC]: 0.881181	AUC[PR]: 0.162076
Epoch evaluation duration: 63.0675768852
Epoch duration: 71.2184860706

Epoch 33/1000
Epoch training duration: 7.93022608757
Train	AUC[ROC]: 0.999861	AUC[PR]: 0.836643
Val	AUC[ROC]: 0.885600	AUC[PR]: 0.155437
Epoch evaluation duration: 53.7111668587
Epoch duration: 61.6413929462

Epoch 34/1000
Epoch training duration: 7.57650494576
Train	AUC[ROC]: 0.999863	AUC[PR]: 0.840601
Val	AUC[ROC]: 0.879346	AUC[PR]: 0.167434
Epoch evaluation duration: 55.0324161053
Epoch duration: 62.608921051

Epoch 35/1000
Epoch training duration: 7.42237210274
Train	AUC[ROC]: 0.999883	AUC[PR]: 0.864113
Val	AUC[ROC]: 0.870104	AUC[PR]: 0.175631
Epoch evaluation duration: 64.2418718338
Epoch duration: 71.6642439365

Epoch 36/1000
Epoch training duration: 7.94244408607
Train	AUC[ROC]: 0.999899	AUC[PR]: 0.882157
Val	AUC[ROC]: 0.872694	AUC[PR]: 0.166968
Epoch evaluation duration: 52.6735858917
Epoch duration: 60.6160299778

Epoch 37/1000
Epoch training duration: 7.24011611938
Train	AUC[ROC]: 0.999915	AUC[PR]: 0.900061
Val	AUC[ROC]: 0.865874	AUC[PR]: 0.167680
Epoch evaluation duration: 59.6015949249
Epoch duration: 66.8417110443

Epoch 38/1000
Epoch training duration: 6.5820350647
Train	AUC[ROC]: 0.999913	AUC[PR]: 0.897231
Val	AUC[ROC]: 0.857136	AUC[PR]: 0.161089
Epoch evaluation duration: 58.2912809849
Epoch duration: 64.8733160496

Epoch 39/1000
Epoch training duration: 7.71789598465
Train	AUC[ROC]: 0.999923	AUC[PR]: 0.905437
Val	AUC[ROC]: 0.860885	AUC[PR]: 0.161012
Epoch evaluation duration: 50.2111001015
Epoch duration: 57.9289960861

Epoch 40/1000
Epoch training duration: 7.8501060009
Train	AUC[ROC]: 0.999930	AUC[PR]: 0.920758
Val	AUC[ROC]: 0.866826	AUC[PR]: 0.162599
Epoch evaluation duration: 57.061647892
Epoch duration: 64.9117538929

Epoch 41/1000
Epoch training duration: 7.0762860775
Train	AUC[ROC]: 0.999920	AUC[PR]: 0.903902
Val	AUC[ROC]: 0.874353	AUC[PR]: 0.170665
Epoch evaluation duration: 46.1911509037
Epoch duration: 53.2674369812

Epoch 42/1000
Epoch training duration: 7.93411397934
Train	AUC[ROC]: 0.999933	AUC[PR]: 0.918854
Val	AUC[ROC]: 0.862846	AUC[PR]: 0.170739
Epoch evaluation duration: 61.7543170452
Epoch duration: 69.6884310246

Epoch 43/1000
Epoch training duration: 5.98029208183
Train	AUC[ROC]: 0.999939	AUC[PR]: 0.925623
Val	AUC[ROC]: 0.855794	AUC[PR]: 0.175551
Epoch evaluation duration: 57.0949540138
Epoch duration: 63.0752460957

Epoch 44/1000
Epoch training duration: 7.4972178936
Train	AUC[ROC]: 0.999942	AUC[PR]: 0.925946
Val	AUC[ROC]: 0.850828	AUC[PR]: 0.173337
Epoch evaluation duration: 53.2186911106
Epoch duration: 60.7159090042

Epoch 45/1000
Epoch training duration: 7.53788280487
Train	AUC[ROC]: 0.999953	AUC[PR]: 0.938052
Val	AUC[ROC]: 0.852516	AUC[PR]: 0.169676
Epoch evaluation duration: 59.1626861095
Epoch duration: 66.7005689144

Epoch 46/1000
Epoch training duration: 7.43717598915
Train	AUC[ROC]: 0.999953	AUC[PR]: 0.941507
Val	AUC[ROC]: 0.847743	AUC[PR]: 0.175590
Epoch evaluation duration: 50.4204990864
Epoch duration: 57.8576750755

Epoch 47/1000
Epoch training duration: 7.53810787201
Train	AUC[ROC]: 0.999956	AUC[PR]: 0.940606
Val	AUC[ROC]: 0.864321	AUC[PR]: 0.169104
Epoch evaluation duration: 63.4956250191
Epoch duration: 71.0337328911

Epoch 48/1000
Epoch training duration: 7.0995490551
Train	AUC[ROC]: 0.999959	AUC[PR]: 0.947614
Val	AUC[ROC]: 0.855503	AUC[PR]: 0.167857
Epoch evaluation duration: 60.5328578949
Epoch duration: 67.63240695

Epoch 49/1000
Epoch training duration: 8.2980761528
Train	AUC[ROC]: 0.999960	AUC[PR]: 0.951178
Val	AUC[ROC]: 0.849540	AUC[PR]: 0.172393
Epoch evaluation duration: 53.643889904
Epoch duration: 61.9419660568

Epoch 50/1000
Epoch training duration: 7.27583193779
Train	AUC[ROC]: 0.999962	AUC[PR]: 0.957063
Val	AUC[ROC]: 0.848563	AUC[PR]: 0.173415
Epoch evaluation duration: 58.3429741859
Epoch duration: 65.6188061237

Epoch 51/1000
Epoch training duration: 8.36731696129
Train	AUC[ROC]: 0.999967	AUC[PR]: 0.963936
Val	AUC[ROC]: 0.849762	AUC[PR]: 0.168637
Epoch evaluation duration: 52.6493108273
Epoch duration: 61.0166277885

Epoch 52/1000
Epoch training duration: 8.69224715233
Train	AUC[ROC]: 0.999972	AUC[PR]: 0.967834
Val	AUC[ROC]: 0.853597	AUC[PR]: 0.176176
Epoch evaluation duration: 49.2880520821
Epoch duration: 57.9802992344

Epoch 53/1000
Epoch training duration: 7.13910484314
Train	AUC[ROC]: 0.999975	AUC[PR]: 0.973038
Val	AUC[ROC]: 0.849329	AUC[PR]: 0.180515
Epoch evaluation duration: 64.5391499996
Epoch duration: 71.6782548428

Epoch 54/1000
Epoch training duration: 8.10936808586
Train	AUC[ROC]: 0.999974	AUC[PR]: 0.971556
Val	AUC[ROC]: 0.849588	AUC[PR]: 0.178916
Epoch evaluation duration: 50.4028749466
Epoch duration: 58.5122430325

Epoch 55/1000
Epoch training duration: 8.05569195747
Train	AUC[ROC]: 0.999975	AUC[PR]: 0.973727
Val	AUC[ROC]: 0.840573	AUC[PR]: 0.190850
Epoch evaluation duration: 60.6001110077
Epoch duration: 68.6558029652

Epoch 56/1000
Epoch training duration: 7.7362279892
Train	AUC[ROC]: 0.999963	AUC[PR]: 0.960848
Val	AUC[ROC]: 0.846832	AUC[PR]: 0.194670
Epoch evaluation duration: 57.2166659832
Epoch duration: 64.9528939724

Epoch 57/1000
Epoch training duration: 7.74419403076
Train	AUC[ROC]: 0.999978	AUC[PR]: 0.972731
Val	AUC[ROC]: 0.854314	AUC[PR]: 0.193683
Epoch evaluation duration: 52.6461410522
Epoch duration: 60.390335083

Epoch 58/1000
Epoch training duration: 7.66734790802
Train	AUC[ROC]: 0.999986	AUC[PR]: 0.982359
Val	AUC[ROC]: 0.847987	AUC[PR]: 0.192584
Epoch evaluation duration: 59.9299781322
Epoch duration: 67.5973260403

Epoch 59/1000
Epoch training duration: 8.91371393204
Train	AUC[ROC]: 0.999985	AUC[PR]: 0.980956
Val	AUC[ROC]: 0.839795	AUC[PR]: 0.177804
Epoch evaluation duration: 54.2802700996
Epoch duration: 63.1939840317

Epoch 60/1000
Epoch training duration: 8.73821091652
Train	AUC[ROC]: 0.999987	AUC[PR]: 0.983401
Val	AUC[ROC]: 0.840569	AUC[PR]: 0.177000
Epoch evaluation duration: 50.6899149418
Epoch duration: 59.4281258583

Epoch 61/1000
Epoch training duration: 7.11482596397
Train	AUC[ROC]: 0.999983	AUC[PR]: 0.980113
Val	AUC[ROC]: 0.840705	AUC[PR]: 0.165554
Epoch evaluation duration: 50.9821891785
Epoch duration: 58.0970151424

Epoch 62/1000
Epoch training duration: 8.09490299225
Train	AUC[ROC]: 0.999986	AUC[PR]: 0.986158
Val	AUC[ROC]: 0.832416	AUC[PR]: 0.171923
Epoch evaluation duration: 47.8378429413
Epoch duration: 55.9327459335

Epoch 63/1000
Epoch training duration: 8.35739088058
Train	AUC[ROC]: 0.999987	AUC[PR]: 0.988678
Val	AUC[ROC]: 0.832956	AUC[PR]: 0.180699
Epoch evaluation duration: 43.5248839855
Epoch duration: 51.8822748661

Epoch 64/1000
Epoch training duration: 6.30081009865
Train	AUC[ROC]: 0.999988	AUC[PR]: 0.989171
Val	AUC[ROC]: 0.834416	AUC[PR]: 0.185640
Epoch evaluation duration: 31.813849926
Epoch duration: 38.1146600246

Epoch 65/1000
Epoch training duration: 5.38502812386
Train	AUC[ROC]: 0.999991	AUC[PR]: 0.992370
Val	AUC[ROC]: 0.825456	AUC[PR]: 0.181078
Epoch evaluation duration: 30.5280869007
Epoch duration: 35.9131150246

Epoch 66/1000
Epoch training duration: 5.2672700882
Train	AUC[ROC]: 0.999989	AUC[PR]: 0.989403
Val	AUC[ROC]: 0.835476	AUC[PR]: 0.190197
Epoch evaluation duration: 37.1924610138
Epoch duration: 42.459731102

Epoch 67/1000
Epoch training duration: 7.65005087852
Train	AUC[ROC]: 0.999985	AUC[PR]: 0.985492
Val	AUC[ROC]: 0.831263	AUC[PR]: 0.194552
Epoch evaluation duration: 47.8423771858
Epoch duration: 55.4924280643

Epoch 68/1000
Epoch training duration: 7.38640880585
Train	AUC[ROC]: 0.999986	AUC[PR]: 0.983052
Val	AUC[ROC]: 0.825144	AUC[PR]: 0.186682
Epoch evaluation duration: 46.4848370552
Epoch duration: 53.8712458611

Epoch 69/1000
Epoch training duration: 7.23091602325
Train	AUC[ROC]: 0.999985	AUC[PR]: 0.983289
Val	AUC[ROC]: 0.824610	AUC[PR]: 0.187628
Epoch evaluation duration: 47.386218071
Epoch duration: 54.6171340942

Epoch 70/1000
Epoch training duration: 9.07671689987
Train	AUC[ROC]: 0.999990	AUC[PR]: 0.988650
Val	AUC[ROC]: 0.816261	AUC[PR]: 0.183709
Epoch evaluation duration: 53.2842381001
Epoch duration: 62.3609549999

Epoch 71/1000
Epoch training duration: 6.8218729496
Train	AUC[ROC]: 0.999993	AUC[PR]: 0.992475
Val	AUC[ROC]: 0.817904	AUC[PR]: 0.186467
Epoch evaluation duration: 44.9019041061
Epoch duration: 51.7237770557

Epoch 72/1000
Epoch training duration: 6.57779979706
Train	AUC[ROC]: 0.999988	AUC[PR]: 0.985014
Val	AUC[ROC]: 0.830675	AUC[PR]: 0.177807
Epoch evaluation duration: 44.7486350536
Epoch duration: 51.3264348507

Epoch 73/1000
Epoch training duration: 7.15431714058
Train	AUC[ROC]: 0.999990	AUC[PR]: 0.988646
Val	AUC[ROC]: 0.826354	AUC[PR]: 0.179012
Epoch evaluation duration: 56.9973928928
Epoch duration: 64.1517100334

Epoch 74/1000
Epoch training duration: 7.46468901634
Train	AUC[ROC]: 0.999994	AUC[PR]: 0.994153
Val	AUC[ROC]: 0.814131	AUC[PR]: 0.174037
Epoch evaluation duration: 46.0919570923
Epoch duration: 53.5566461086

Epoch 75/1000
Epoch training duration: 8.0223429203
Train	AUC[ROC]: 0.999993	AUC[PR]: 0.992996
Val	AUC[ROC]: 0.812748	AUC[PR]: 0.181192
Epoch evaluation duration: 54.0203299522
Epoch duration: 62.0426728725

Epoch 76/1000
Epoch training duration: 6.88648509979
Train	AUC[ROC]: 0.999994	AUC[PR]: 0.994442
Val	AUC[ROC]: 0.811600	AUC[PR]: 0.169676
Epoch evaluation duration: 48.7028210163
Epoch duration: 55.5893061161

Epoch 77/1000
Epoch training duration: 7.43931078911
Train	AUC[ROC]: 0.999993	AUC[PR]: 0.992958
Val	AUC[ROC]: 0.818242	AUC[PR]: 0.189720
Epoch evaluation duration: 41.3537971973
Epoch duration: 48.7931079865

Epoch 78/1000
Epoch training duration: 6.53915500641
Train	AUC[ROC]: 0.999991	AUC[PR]: 0.989006
Val	AUC[ROC]: 0.830939	AUC[PR]: 0.178898
Epoch evaluation duration: 47.024518013
Epoch duration: 53.5636730194

Epoch 79/1000
Epoch training duration: 7.61710691452
Train	AUC[ROC]: 0.999994	AUC[PR]: 0.994052
Val	AUC[ROC]: 0.812915	AUC[PR]: 0.175015
Epoch evaluation duration: 46.6075439453
Epoch duration: 54.2246508598

Epoch 80/1000
Epoch training duration: 8.03095293045
Train	AUC[ROC]: 0.999995	AUC[PR]: 0.995588
Val	AUC[ROC]: 0.814919	AUC[PR]: 0.183651
Epoch evaluation duration: 59.1487500668
Epoch duration: 67.1797029972

Epoch 81/1000
Epoch training duration: 7.49744105339
Train	AUC[ROC]: 0.999994	AUC[PR]: 0.994474
Val	AUC[ROC]: 0.806360	AUC[PR]: 0.191265
Epoch evaluation duration: 46.9016330242
Epoch duration: 54.3990740776

Epoch 82/1000
Epoch training duration: 6.76696586609
Train	AUC[ROC]: 0.999997	AUC[PR]: 0.997371
Val	AUC[ROC]: 0.797517	AUC[PR]: 0.184071
Epoch evaluation duration: 47.9061172009
Epoch duration: 54.6730830669

Epoch 83/1000
Epoch training duration: 7.69665384293
Train	AUC[ROC]: 0.999993	AUC[PR]: 0.987534
Val	AUC[ROC]: 0.813393	AUC[PR]: 0.176356
Epoch evaluation duration: 46.9014241695
Epoch duration: 54.5980780125

Epoch 84/1000
Epoch training duration: 7.401709795
Train	AUC[ROC]: 0.999989	AUC[PR]: 0.984032
Val	AUC[ROC]: 0.828940	AUC[PR]: 0.173893
Epoch evaluation duration: 45.5108940601
Epoch duration: 52.9126038551

Epoch 85/1000
Epoch training duration: 8.5347571373
Train	AUC[ROC]: 0.999991	AUC[PR]: 0.987996
Val	AUC[ROC]: 0.820985	AUC[PR]: 0.173546
Epoch evaluation duration: 52.1299729347
Epoch duration: 60.664730072

Epoch 86/1000
Epoch training duration: 7.69548392296
Train	AUC[ROC]: 0.999995	AUC[PR]: 0.993312
Val	AUC[ROC]: 0.804605	AUC[PR]: 0.171264
Epoch evaluation duration: 45.3479199409
Epoch duration: 53.0434038639

Epoch 87/1000
Epoch training duration: 7.49400520325
Train	AUC[ROC]: 0.999996	AUC[PR]: 0.993823
Val	AUC[ROC]: 0.798519	AUC[PR]: 0.170516
Epoch evaluation duration: 51.7505419254
Epoch duration: 59.2445471287

Epoch 88/1000
Epoch training duration: 6.82778286934
Train	AUC[ROC]: 0.999991	AUC[PR]: 0.986080
Val	AUC[ROC]: 0.807164	AUC[PR]: 0.173431
Epoch evaluation duration: 52.7275810242
Epoch duration: 59.5553638935

Epoch 89/1000
Epoch training duration: 7.06656813622
Train	AUC[ROC]: 0.999987	AUC[PR]: 0.974510
Val	AUC[ROC]: 0.795282	AUC[PR]: 0.165581
Epoch evaluation duration: 46.510365963
Epoch duration: 53.5769340992

Epoch 90/1000
Epoch training duration: 7.20659303665
Train	AUC[ROC]: 0.999989	AUC[PR]: 0.979676
Val	AUC[ROC]: 0.790338	AUC[PR]: 0.158639
Epoch evaluation duration: 55.2159509659
Epoch duration: 62.4225440025

Epoch 91/1000
Epoch training duration: 7.72147393227
Train	AUC[ROC]: 0.999992	AUC[PR]: 0.990324
Val	AUC[ROC]: 0.806395	AUC[PR]: 0.162105
Epoch evaluation duration: 54.3342120647
Epoch duration: 62.055685997

Epoch 92/1000
Epoch training duration: 7.28546404839
Train	AUC[ROC]: 0.999992	AUC[PR]: 0.990414
Val	AUC[ROC]: 0.795640	AUC[PR]: 0.168816
Epoch evaluation duration: 51.6972718239
Epoch duration: 58.9827358723

Epoch 93/1000
Epoch training duration: 7.76173710823
Train	AUC[ROC]: 0.999994	AUC[PR]: 0.994056
Val	AUC[ROC]: 0.795264	AUC[PR]: 0.152093
Epoch evaluation duration: 48.1731569767
Epoch duration: 55.9348940849

Epoch 94/1000
Epoch training duration: 6.62641692162
Train	AUC[ROC]: 0.999994	AUC[PR]: 0.995088
Val	AUC[ROC]: 0.804379	AUC[PR]: 0.175212
Epoch evaluation duration: 44.8192360401
Epoch duration: 51.4456529617

Epoch 95/1000
Epoch training duration: 6.4811270237
Train	AUC[ROC]: 0.999997	AUC[PR]: 0.997534
Val	AUC[ROC]: 0.795511	AUC[PR]: 0.169299
Epoch evaluation duration: 47.2814631462
Epoch duration: 53.7625901699

Epoch 96/1000
Epoch training duration: 7.8088619709
Train	AUC[ROC]: 0.999998	AUC[PR]: 0.998031
Val	AUC[ROC]: 0.798980	AUC[PR]: 0.166802
Epoch evaluation duration: 46.0417048931
Epoch duration: 53.850566864

Epoch 97/1000
Epoch training duration: 7.64799404144
Train	AUC[ROC]: 0.999997	AUC[PR]: 0.997089
Val	AUC[ROC]: 0.793578	AUC[PR]: 0.162729
Epoch evaluation duration: 53.9950230122
Epoch duration: 61.6430170536

Epoch 98/1000
Epoch training duration: 7.53260302544
Train	AUC[ROC]: 0.999998	AUC[PR]: 0.998318
Val	AUC[ROC]: 0.799661	AUC[PR]: 0.164932
Epoch evaluation duration: 43.1593840122
Epoch duration: 50.6919870377

Epoch 99/1000
Epoch training duration: 7.75795984268
Train	AUC[ROC]: 0.999997	AUC[PR]: 0.997629
Val	AUC[ROC]: 0.787818	AUC[PR]: 0.159493
Epoch evaluation duration: 45.3235211372
Epoch duration: 53.0814809799

Epoch 100/1000
Epoch training duration: 7.70017194748
Train	AUC[ROC]: 0.999999	AUC[PR]: 0.998837
Val	AUC[ROC]: 0.794411	AUC[PR]: 0.173574
Epoch evaluation duration: 51.846460104
Epoch duration: 59.5466320515

Epoch 101/1000
Epoch training duration: 7.75745201111
Train	AUC[ROC]: 0.999999	AUC[PR]: 0.999339
Val	AUC[ROC]: 0.794454	AUC[PR]: 0.182742
Epoch evaluation duration: 48.7093129158
Epoch duration: 56.4667649269

Epoch 102/1000
Epoch training duration: 8.92261195183
Train	AUC[ROC]: 0.999999	AUC[PR]: 0.999359
Val	AUC[ROC]: 0.789869	AUC[PR]: 0.166570
Epoch evaluation duration: 53.5496020317
Epoch duration: 62.4722139835

Epoch 103/1000
Epoch training duration: 7.40479898453
Train	AUC[ROC]: 0.999996	AUC[PR]: 0.989540
Val	AUC[ROC]: 0.790253	AUC[PR]: 0.174014
Epoch evaluation duration: 54.8991630077
Epoch duration: 62.3039619923

Epoch 104/1000
Epoch training duration: 8.30797410011
Train	AUC[ROC]: 0.999995	AUC[PR]: 0.987484
Val	AUC[ROC]: 0.775369	AUC[PR]: 0.179780
Epoch evaluation duration: 48.0582900047
Epoch duration: 56.3662641048

Epoch 105/1000
Epoch training duration: 7.78137278557
Train	AUC[ROC]: 0.999996	AUC[PR]: 0.985781
Val	AUC[ROC]: 0.760200	AUC[PR]: 0.179756
Epoch evaluation duration: 58.1926620007
Epoch duration: 65.9740347862

Epoch 106/1000
Epoch training duration: 7.68089103699
Train	AUC[ROC]: 0.999995	AUC[PR]: 0.988396
Val	AUC[ROC]: 0.774590	AUC[PR]: 0.181576
Epoch evaluation duration: 48.1882271767
Epoch duration: 55.8691182137

Epoch 107/1000
Epoch training duration: 7.61870884895
Train	AUC[ROC]: 0.999996	AUC[PR]: 0.987443
Val	AUC[ROC]: 0.781201	AUC[PR]: 0.181789
Epoch evaluation duration: 49.1636419296
Epoch duration: 56.7823507786

Epoch 108/1000
Epoch training duration: 7.92789816856
Train	AUC[ROC]: 0.999992	AUC[PR]: 0.979117
Val	AUC[ROC]: 0.773846	AUC[PR]: 0.182871
Epoch evaluation duration: 61.7283480167
Epoch duration: 69.6562461853

Epoch 109/1000
Epoch training duration: 7.7188270092
Train	AUC[ROC]: 0.999993	AUC[PR]: 0.984822
Val	AUC[ROC]: 0.757824	AUC[PR]: 0.161233
Epoch evaluation duration: 50.3681118488
Epoch duration: 58.086938858

Epoch 110/1000
Epoch training duration: 7.87803816795
Train	AUC[ROC]: 0.999994	AUC[PR]: 0.988482
Val	AUC[ROC]: 0.764899	AUC[PR]: 0.167846
Epoch evaluation duration: 50.5224308968
Epoch duration: 58.4004690647

Epoch 111/1000
Epoch training duration: 7.12363409996
Train	AUC[ROC]: 0.999995	AUC[PR]: 0.990460
Val	AUC[ROC]: 0.761346	AUC[PR]: 0.166972
Epoch evaluation duration: 60.4364368916
Epoch duration: 67.5600709915

Epoch 112/1000
Epoch training duration: 7.49363708496
Train	AUC[ROC]: 0.999994	AUC[PR]: 0.988904
Val	AUC[ROC]: 0.767507	AUC[PR]: 0.162835
Epoch evaluation duration: 50.0022678375
Epoch duration: 57.4959049225

Epoch 113/1000
Epoch training duration: 7.84337902069
Train	AUC[ROC]: 0.999995	AUC[PR]: 0.992496
Val	AUC[ROC]: 0.747297	AUC[PR]: 0.169224
Epoch evaluation duration: 54.0841231346
Epoch duration: 61.9275021553

Epoch 114/1000
Epoch training duration: 7.28099894524
Train	AUC[ROC]: 0.999995	AUC[PR]: 0.993194
Val	AUC[ROC]: 0.767443	AUC[PR]: 0.170579
Epoch evaluation duration: 54.2557389736
Epoch duration: 61.5367379189

Epoch 115/1000
Epoch training duration: 8.12427902222
Train	AUC[ROC]: 0.999996	AUC[PR]: 0.995157
Val	AUC[ROC]: 0.772665	AUC[PR]: 0.162674
Epoch evaluation duration: 53.3927490711
Epoch duration: 61.5170280933

Epoch 116/1000
Epoch training duration: 8.07827591896
Train	AUC[ROC]: 0.999996	AUC[PR]: 0.993908
Val	AUC[ROC]: 0.772289	AUC[PR]: 0.164778
Epoch evaluation duration: 55.6884129047
Epoch duration: 63.7666888237

Epoch 117/1000
Epoch training duration: 8.31108403206
Train	AUC[ROC]: 0.999993	AUC[PR]: 0.986610
Val	AUC[ROC]: 0.747949	AUC[PR]: 0.171992
Epoch evaluation duration: 49.17487216
Epoch duration: 57.485956192

Epoch 118/1000
Epoch training duration: 7.68362283707
Train	AUC[ROC]: 0.999995	AUC[PR]: 0.994121
Val	AUC[ROC]: 0.762704	AUC[PR]: 0.170436
Epoch evaluation duration: 53.018130064
Epoch duration: 60.7017529011

Epoch 119/1000
Epoch training duration: 7.97844290733
Train	AUC[ROC]: 0.999996	AUC[PR]: 0.995584
Val	AUC[ROC]: 0.759521	AUC[PR]: 0.175451
Epoch evaluation duration: 55.406935215
Epoch duration: 63.3853781223

Epoch 120/1000
Epoch training duration: 7.68180179596
Train	AUC[ROC]: 0.999998	AUC[PR]: 0.997868
Val	AUC[ROC]: 0.767473	AUC[PR]: 0.170318
Epoch evaluation duration: 51.215952158
Epoch duration: 58.8977539539

Epoch 121/1000
Epoch training duration: 7.32553982735
Train	AUC[ROC]: 0.999998	AUC[PR]: 0.997717
Val	AUC[ROC]: 0.767543	AUC[PR]: 0.165288
Epoch evaluation duration: 60.6278820038
Epoch duration: 67.9534218311

Epoch 122/1000
Epoch training duration: 7.23038506508
Train	AUC[ROC]: 0.999998	AUC[PR]: 0.997740
Val	AUC[ROC]: 0.757827	AUC[PR]: 0.162933
Epoch evaluation duration: 50.3241119385
Epoch duration: 57.5544970036

Epoch 123/1000
Epoch training duration: 8.52528214455
Train	AUC[ROC]: 0.999998	AUC[PR]: 0.998485
Val	AUC[ROC]: 0.765332	AUC[PR]: 0.155497
Epoch evaluation duration: 50.4085319042
Epoch duration: 58.9338140488

Epoch 124/1000
Epoch training duration: 7.87309503555
Train	AUC[ROC]: 0.999995	AUC[PR]: 0.987394
Val	AUC[ROC]: 0.755351	AUC[PR]: 0.156461
Epoch evaluation duration: 55.2315580845
Epoch duration: 63.10465312

Epoch 125/1000
Epoch training duration: 8.12510800362
Train	AUC[ROC]: 0.999996	AUC[PR]: 0.993389
Val	AUC[ROC]: 0.759066	AUC[PR]: 0.159602
Epoch evaluation duration: 52.3271279335
Epoch duration: 60.4522359371

Epoch 126/1000
Epoch training duration: 7.9235470295
Train	AUC[ROC]: 0.999996	AUC[PR]: 0.995072
Val	AUC[ROC]: 0.765001	AUC[PR]: 0.156392
Epoch evaluation duration: 51.3190279007
Epoch duration: 59.2425749302

Epoch 127/1000
Epoch training duration: 8.82936501503
Train	AUC[ROC]: 0.999997	AUC[PR]: 0.996523
Val	AUC[ROC]: 0.774979	AUC[PR]: 0.162678
Epoch evaluation duration: 57.2022349834
Epoch duration: 66.0315999985

Epoch 128/1000
Epoch training duration: 7.79991316795
Train	AUC[ROC]: 0.999998	AUC[PR]: 0.997387
Val	AUC[ROC]: 0.760892	AUC[PR]: 0.160079
Epoch evaluation duration: 48.7031137943
Epoch duration: 56.5030269623

Epoch 129/1000
Epoch training duration: 7.62198805809
Train	AUC[ROC]: 0.999995	AUC[PR]: 0.988462
Val	AUC[ROC]: 0.759962	AUC[PR]: 0.161806
Epoch evaluation duration: 48.9266960621
Epoch duration: 56.5486841202

Epoch 130/1000
Epoch training duration: 7.50268101692
Train	AUC[ROC]: 0.999994	AUC[PR]: 0.991077
Val	AUC[ROC]: 0.766092	AUC[PR]: 0.153504
Epoch evaluation duration: 52.4469778538
Epoch duration: 59.9496588707

Epoch 131/1000
Epoch training duration: 7.90651011467
Train	AUC[ROC]: 0.999996	AUC[PR]: 0.995810
Val	AUC[ROC]: 0.759850	AUC[PR]: 0.158464
Epoch evaluation duration: 52.5320720673
Epoch duration: 60.4385821819

Epoch 132/1000
Epoch training duration: 7.60406684875
Train	AUC[ROC]: 0.999998	AUC[PR]: 0.998131
Val	AUC[ROC]: 0.752998	AUC[PR]: 0.156595
Epoch evaluation duration: 51.8269901276
Epoch duration: 59.4310569763

Epoch 133/1000
Epoch training duration: 7.31506896019
Train	AUC[ROC]: 0.999999	AUC[PR]: 0.999489
Val	AUC[ROC]: 0.768392	AUC[PR]: 0.150912
Epoch evaluation duration: 55.362678051
Epoch duration: 62.6777470112

Epoch 134/1000
Epoch training duration: 7.77588891983
Train	AUC[ROC]: 1.000000	AUC[PR]: 0.999792
Val	AUC[ROC]: 0.769472	AUC[PR]: 0.156478
Epoch evaluation duration: 50.3247249126
Epoch duration: 58.1006138325

Epoch 135/1000
Epoch training duration: 8.39765810966
Train	AUC[ROC]: 0.999999	AUC[PR]: 0.999490
Val	AUC[ROC]: 0.759507	AUC[PR]: 0.152916
Epoch evaluation duration: 59.5637741089
Epoch duration: 67.9614322186

Epoch 136/1000
Epoch training duration: 7.85341477394
Train	AUC[ROC]: 1.000000	AUC[PR]: 0.999600
Val	AUC[ROC]: 0.751272	AUC[PR]: 0.164699
Epoch evaluation duration: 50.0313520432
Epoch duration: 57.8847668171

Epoch 137/1000
Epoch training duration: 7.55322408676
Train	AUC[ROC]: 0.999997	AUC[PR]: 0.996411
Val	AUC[ROC]: 0.763189	AUC[PR]: 0.163684
Epoch evaluation duration: 50.211730957
Epoch duration: 57.7649550438

Epoch 138/1000
Epoch training duration: 7.8990020752
Train	AUC[ROC]: 0.999999	AUC[PR]: 0.998849
Val	AUC[ROC]: 0.759123	AUC[PR]: 0.168115
Epoch evaluation duration: 55.3426020145
Epoch duration: 63.2416040897

Epoch 139/1000
Epoch training duration: 7.92366290092
Train	AUC[ROC]: 0.999999	AUC[PR]: 0.999125
Val	AUC[ROC]: 0.748923	AUC[PR]: 0.151392
Epoch evaluation duration: 49.3992891312
Epoch duration: 57.3229520321

Epoch 140/1000
Epoch training duration: 8.48956990242
Train	AUC[ROC]: 0.999999	AUC[PR]: 0.999545
Val	AUC[ROC]: 0.746138	AUC[PR]: 0.151446
Epoch evaluation duration: 50.5541400909
Epoch duration: 59.0437099934

Epoch 141/1000
Epoch training duration: 7.16245698929
Train	AUC[ROC]: 0.999996	AUC[PR]: 0.996439
Val	AUC[ROC]: 0.759413	AUC[PR]: 0.150417
Epoch evaluation duration: 54.0821080208
Epoch duration: 61.2445650101

Epoch 142/1000
Epoch training duration: 8.00019693375
Train	AUC[ROC]: 0.999999	AUC[PR]: 0.999231
Val	AUC[ROC]: 0.738212	AUC[PR]: 0.149006
Epoch evaluation duration: 46.9301509857
Epoch duration: 54.9303479195

Epoch 143/1000
Epoch training duration: 8.10865807533
Train	AUC[ROC]: 1.000000	AUC[PR]: 0.999631
Val	AUC[ROC]: 0.752605	AUC[PR]: 0.155792
Epoch evaluation duration: 53.7788338661
Epoch duration: 61.8874919415

Epoch 144/1000
Epoch training duration: 8.1826031208
Train	AUC[ROC]: 0.999999	AUC[PR]: 0.999448
Val	AUC[ROC]: 0.764205	AUC[PR]: 0.159919
Epoch evaluation duration: 47.2515380383
Epoch duration: 55.4341411591

Epoch 145/1000
Epoch training duration: 7.93675899506
Train	AUC[ROC]: 0.999999	AUC[PR]: 0.999527
Val	AUC[ROC]: 0.760986	AUC[PR]: 0.166902
Epoch evaluation duration: 49.941357851
Epoch duration: 57.8781168461

Epoch 146/1000
Epoch training duration: 7.63707304001
Train	AUC[ROC]: 1.000000	AUC[PR]: 0.999720
Val	AUC[ROC]: 0.751682	AUC[PR]: 0.160312
Epoch evaluation duration: 57.7396099567
Epoch duration: 65.3766829967

Epoch 147/1000
Epoch training duration: 8.38453793526
Train	AUC[ROC]: 0.999997	AUC[PR]: 0.996655
Val	AUC[ROC]: 0.773925	AUC[PR]: 0.162583
Epoch evaluation duration: 53.8655881882
Epoch duration: 62.2501261234

Epoch 148/1000
Epoch training duration: 8.00863599777
Train	AUC[ROC]: 0.999996	AUC[PR]: 0.991774
Val	AUC[ROC]: 0.740485	AUC[PR]: 0.151343
Epoch evaluation duration: 55.4809978008
Epoch duration: 63.4896337986

Epoch 149/1000
Epoch training duration: 7.58575606346
Train	AUC[ROC]: 0.999997	AUC[PR]: 0.993295
Val	AUC[ROC]: 0.743606	AUC[PR]: 0.152526
Epoch evaluation duration: 45.3775939941
Epoch duration: 52.9633500576

Epoch 150/1000
Epoch training duration: 7.88311195374
Train	AUC[ROC]: 0.999994	AUC[PR]: 0.989244
Val	AUC[ROC]: 0.745352	AUC[PR]: 0.140976
Epoch evaluation duration: 54.8927681446
Epoch duration: 62.7758800983

Epoch 151/1000
Epoch training duration: 7.47534990311
Train	AUC[ROC]: 0.999991	AUC[PR]: 0.984881
Val	AUC[ROC]: 0.744858	AUC[PR]: 0.148263
Epoch evaluation duration: 58.2989370823
Epoch duration: 65.7742869854

Epoch 152/1000
Epoch training duration: 7.87359905243
Train	AUC[ROC]: 0.999993	AUC[PR]: 0.988152
Val	AUC[ROC]: 0.746195	AUC[PR]: 0.153084
Epoch evaluation duration: 48.9762568474
Epoch duration: 56.8498558998

Epoch 153/1000
Epoch training duration: 8.21161603928
Train	AUC[ROC]: 0.999990	AUC[PR]: 0.980438
Val	AUC[ROC]: 0.736778	AUC[PR]: 0.148565
Epoch evaluation duration: 52.4724090099
Epoch duration: 60.6840250492

Epoch 154/1000
Epoch training duration: 8.02099609375
Train	AUC[ROC]: 0.999991	AUC[PR]: 0.983874
Val	AUC[ROC]: 0.738440	AUC[PR]: 0.151998
Epoch evaluation duration: 56.2693858147
Epoch duration: 64.2903819084

Epoch 155/1000
Epoch training duration: 7.34119105339
Train	AUC[ROC]: 0.999993	AUC[PR]: 0.989251
Val	AUC[ROC]: 0.734611	AUC[PR]: 0.148193
Epoch evaluation duration: 48.433093071
Epoch duration: 55.7742841244

Epoch 156/1000
Epoch training duration: 8.01529407501
Train	AUC[ROC]: 0.999985	AUC[PR]: 0.974981
Val	AUC[ROC]: 0.729631	AUC[PR]: 0.132220
Epoch evaluation duration: 56.9713568687
Epoch duration: 64.9866509438

Epoch 157/1000
Epoch training duration: 7.52047014236
Train	AUC[ROC]: 0.999985	AUC[PR]: 0.974001
Val	AUC[ROC]: 0.714463	AUC[PR]: 0.142511
Epoch evaluation duration: 49.7807188034
Epoch duration: 57.3011889458

Epoch 158/1000
Epoch training duration: 7.61434817314
Train	AUC[ROC]: 0.999987	AUC[PR]: 0.975909
Val	AUC[ROC]: 0.715946	AUC[PR]: 0.152983
Epoch evaluation duration: 51.5709459782
Epoch duration: 59.1852941513

Epoch 159/1000
Epoch training duration: 7.76294183731
Train	AUC[ROC]: 0.999988	AUC[PR]: 0.975325
Val	AUC[ROC]: 0.713232	AUC[PR]: 0.146941
Epoch evaluation duration: 52.3966331482
Epoch duration: 60.1595749855

Epoch 160/1000
Epoch training duration: 7.86187386513
Train	AUC[ROC]: 0.999988	AUC[PR]: 0.980024
Val	AUC[ROC]: 0.725079	AUC[PR]: 0.143760
Epoch evaluation duration: 53.5504701138
Epoch duration: 61.4123439789

Epoch 161/1000
Epoch training duration: 7.98014092445
Train	AUC[ROC]: 0.999988	AUC[PR]: 0.978915
Val	AUC[ROC]: 0.721236	AUC[PR]: 0.145050
Epoch evaluation duration: 51.8771131039
Epoch duration: 59.8572540283

Epoch 162/1000
Epoch training duration: 8.03150296211
Train	AUC[ROC]: 0.999991	AUC[PR]: 0.983750
Val	AUC[ROC]: 0.718532	AUC[PR]: 0.140326
Epoch evaluation duration: 49.6302230358
Epoch duration: 57.6617259979

Epoch 163/1000
Epoch training duration: 8.0107820034
Train	AUC[ROC]: 0.999991	AUC[PR]: 0.986154
Val	AUC[ROC]: 0.715616	AUC[PR]: 0.140315
Epoch evaluation duration: 50.0520699024
Epoch duration: 58.0628519058

Epoch 164/1000
Epoch training duration: 8.18419313431
Train	AUC[ROC]: 0.999994	AUC[PR]: 0.991675
Val	AUC[ROC]: 0.708281	AUC[PR]: 0.139899
Epoch evaluation duration: 48.0407478809
Epoch duration: 56.2249410152

Epoch 165/1000
Epoch training duration: 8.14092493057
Train	AUC[ROC]: 0.999995	AUC[PR]: 0.994582
Val	AUC[ROC]: 0.726717	AUC[PR]: 0.132143
Epoch evaluation duration: 52.9834291935
Epoch duration: 61.1243541241

Epoch 166/1000
Epoch training duration: 8.15968394279
Train	AUC[ROC]: 0.999997	AUC[PR]: 0.996350
Val	AUC[ROC]: 0.722005	AUC[PR]: 0.139119
Epoch evaluation duration: 54.1943979263
Epoch duration: 62.3540818691

Epoch 167/1000
Epoch training duration: 7.56346011162
Train	AUC[ROC]: 0.999998	AUC[PR]: 0.998284
Val	AUC[ROC]: 0.716117	AUC[PR]: 0.136700
Epoch evaluation duration: 54.5383868217
Epoch duration: 62.1018469334

Epoch 168/1000
Epoch training duration: 7.8538851738
Train	AUC[ROC]: 0.999991	AUC[PR]: 0.983970
Val	AUC[ROC]: 0.722433	AUC[PR]: 0.122426
Epoch evaluation duration: 46.6535730362
Epoch duration: 54.50745821

Epoch 169/1000
Epoch training duration: 7.64138698578
Train	AUC[ROC]: 0.999993	AUC[PR]: 0.985628
Val	AUC[ROC]: 0.727697	AUC[PR]: 0.133621
Epoch evaluation duration: 58.2299399376
Epoch duration: 65.8713269234

Epoch 170/1000
Epoch training duration: 8.09933209419
Train	AUC[ROC]: 0.999992	AUC[PR]: 0.987951
Val	AUC[ROC]: 0.730498	AUC[PR]: 0.123831
Epoch evaluation duration: 52.0983698368
Epoch duration: 60.197701931

Epoch 171/1000
Epoch training duration: 8.01793503761
Train	AUC[ROC]: 0.999995	AUC[PR]: 0.994692
Val	AUC[ROC]: 0.725635	AUC[PR]: 0.124738
Epoch evaluation duration: 55.4544351101
Epoch duration: 63.4723701477

Epoch 172/1000
Epoch training duration: 8.46124386787
Train	AUC[ROC]: 0.999993	AUC[PR]: 0.991772
Val	AUC[ROC]: 0.734687	AUC[PR]: 0.132923
Epoch evaluation duration: 52.8831601143
Epoch duration: 61.3444039822

Epoch 173/1000
Epoch training duration: 8.08106899261
Train	AUC[ROC]: 0.999987	AUC[PR]: 0.983474
Val	AUC[ROC]: 0.762174	AUC[PR]: 0.117512
Epoch evaluation duration: 44.952698946
Epoch duration: 53.0337679386

Epoch 174/1000
Epoch training duration: 7.63814496994
Train	AUC[ROC]: 0.999986	AUC[PR]: 0.978017
Val	AUC[ROC]: 0.753689	AUC[PR]: 0.127672
Epoch evaluation duration: 51.386070013
Epoch duration: 59.024214983

Epoch 175/1000
Epoch training duration: 7.51598501205
Train	AUC[ROC]: 0.999986	AUC[PR]: 0.980053
Val	AUC[ROC]: 0.742595	AUC[PR]: 0.129063
Epoch evaluation duration: 56.5252280235
Epoch duration: 64.0412130356

Epoch 176/1000
Epoch training duration: 7.88735604286
Train	AUC[ROC]: 0.999988	AUC[PR]: 0.982678
Val	AUC[ROC]: 0.753281	AUC[PR]: 0.134547
Epoch evaluation duration: 46.6741368771
Epoch duration: 54.5614929199

Epoch 177/1000
Epoch training duration: 8.45833301544
Train	AUC[ROC]: 0.999990	AUC[PR]: 0.986380
Val	AUC[ROC]: 0.748841	AUC[PR]: 0.139470
Epoch evaluation duration: 52.3535149097
Epoch duration: 60.8118479252

Epoch 178/1000
Epoch training duration: 8.01903414726
Train	AUC[ROC]: 0.999991	AUC[PR]: 0.986910
Val	AUC[ROC]: 0.748276	AUC[PR]: 0.138850
Epoch evaluation duration: 47.9087450504
Epoch duration: 55.9277791977

Epoch 179/1000
Epoch training duration: 7.31998896599
Train	AUC[ROC]: 0.999992	AUC[PR]: 0.987543
Val	AUC[ROC]: 0.739395	AUC[PR]: 0.140569
Epoch evaluation duration: 29.1684880257
Epoch duration: 36.4884769917

Epoch 180/1000
Epoch training duration: 5.07359600067
Train	AUC[ROC]: 0.999992	AUC[PR]: 0.986911
Val	AUC[ROC]: 0.742257	AUC[PR]: 0.140710
Epoch evaluation duration: 27.4365170002
Epoch duration: 32.5101130009

Epoch 181/1000
Epoch training duration: 5.2511048317
Train	AUC[ROC]: 0.999993	AUC[PR]: 0.987502
Val	AUC[ROC]: 0.739054	AUC[PR]: 0.140033
Epoch evaluation duration: 29.0021212101
Epoch duration: 34.2532260418

Epoch 182/1000
Epoch training duration: 6.00704884529
Train	AUC[ROC]: 0.999990	AUC[PR]: 0.985392
Val	AUC[ROC]: 0.735255	AUC[PR]: 0.138520
Epoch evaluation duration: 41.3150961399
Epoch duration: 47.3221449852

Epoch 183/1000
Epoch training duration: 8.59084701538
Train	AUC[ROC]: 0.999993	AUC[PR]: 0.988142
Val	AUC[ROC]: 0.734773	AUC[PR]: 0.131578
Epoch evaluation duration: 56.5256788731
Epoch duration: 65.1165258884

Epoch 184/1000
Epoch training duration: 6.58557796478
Train	AUC[ROC]: 0.999995	AUC[PR]: 0.991017
Val	AUC[ROC]: 0.740508	AUC[PR]: 0.142846
Epoch evaluation duration: 50.8226940632
Epoch duration: 57.408272028

Epoch 185/1000
Epoch training duration: 6.78280091286
Train	AUC[ROC]: 0.999996	AUC[PR]: 0.992806
Val	AUC[ROC]: 0.740736	AUC[PR]: 0.153501
Epoch evaluation duration: 50.6615321636
Epoch duration: 57.4443330765

Epoch 186/1000
Epoch training duration: 7.87770700455
Train	AUC[ROC]: 0.999993	AUC[PR]: 0.985744
Val	AUC[ROC]: 0.743930	AUC[PR]: 0.153649
Epoch evaluation duration: 41.4504818916
Epoch duration: 49.3281888962

Epoch 187/1000
Epoch training duration: 8.06103610992
Train	AUC[ROC]: 0.999992	AUC[PR]: 0.986183
Val	AUC[ROC]: 0.737121	AUC[PR]: 0.154325
Epoch evaluation duration: 49.8493499756
Epoch duration: 57.9103860855

Epoch 188/1000
Epoch training duration: 6.94331002235
Train	AUC[ROC]: 0.999993	AUC[PR]: 0.984962
Val	AUC[ROC]: 0.726760	AUC[PR]: 0.153958
Epoch evaluation duration: 53.8532319069
Epoch duration: 60.7965419292

Epoch 189/1000
Epoch training duration: 7.75008797646
Train	AUC[ROC]: 0.999993	AUC[PR]: 0.985280
Val	AUC[ROC]: 0.733541	AUC[PR]: 0.152459
Epoch evaluation duration: 41.9243969917
Epoch duration: 49.6744849682

Epoch 190/1000
Epoch training duration: 8.06503605843
Train	AUC[ROC]: 0.999993	AUC[PR]: 0.987353
Val	AUC[ROC]: 0.749086	AUC[PR]: 0.159667
Epoch evaluation duration: 49.4298300743
Epoch duration: 57.4948661327

Epoch 191/1000
Epoch training duration: 7.84159588814
Train	AUC[ROC]: 0.999993	AUC[PR]: 0.988032
Val	AUC[ROC]: 0.760813	AUC[PR]: 0.149397
Epoch evaluation duration: 45.3601438999
Epoch duration: 53.2017397881

Epoch 192/1000
Epoch training duration: 7.13450717926
Train	AUC[ROC]: 0.999994	AUC[PR]: 0.989347
Val	AUC[ROC]: 0.750955	AUC[PR]: 0.152380
Epoch evaluation duration: 50.284555912
Epoch duration: 57.4190630913

Epoch 193/1000
Epoch training duration: 6.88025903702
Train	AUC[ROC]: 0.999994	AUC[PR]: 0.988727
Val	AUC[ROC]: 0.742192	AUC[PR]: 0.153002
Epoch evaluation duration: 47.3295369148
Epoch duration: 54.2097959518

Epoch 194/1000
Epoch training duration: 8.01760816574
Train	AUC[ROC]: 0.999989	AUC[PR]: 0.982833
Val	AUC[ROC]: 0.754755	AUC[PR]: 0.152287
Epoch evaluation duration: 45.4749770164
Epoch duration: 53.4925851822

Epoch 195/1000
Epoch training duration: 7.06030297279
Train	AUC[ROC]: 0.999991	AUC[PR]: 0.986975
Val	AUC[ROC]: 0.755878	AUC[PR]: 0.149030
Epoch evaluation duration: 53.4996759892
Epoch duration: 60.5599789619

Epoch 196/1000
Epoch training duration: 7.34008193016
Train	AUC[ROC]: 0.999993	AUC[PR]: 0.989510
Val	AUC[ROC]: 0.750515	AUC[PR]: 0.156026
Epoch evaluation duration: 50.7295119762
Epoch duration: 58.0695939064

Epoch 197/1000
Epoch training duration: 8.66830611229
Train	AUC[ROC]: 0.999993	AUC[PR]: 0.989360
Val	AUC[ROC]: 0.745456	AUC[PR]: 0.151184
Epoch evaluation duration: 30.8504199982
Epoch duration: 39.5187261105

Epoch 198/1000
Epoch training duration: 5.79877185822
Train	AUC[ROC]: 0.999991	AUC[PR]: 0.987007
Val	AUC[ROC]: 0.742461	AUC[PR]: 0.153919
Epoch evaluation duration: 28.4673571587
Epoch duration: 34.2661290169

Epoch 199/1000
Epoch training duration: 4.61565184593
Train	AUC[ROC]: 0.999993	AUC[PR]: 0.989897
Val	AUC[ROC]: 0.744519	AUC[PR]: 0.163140
Epoch evaluation duration: 28.59654212
Epoch duration: 33.2121939659

Epoch 200/1000
Epoch training duration: 5.67587900162
Train	AUC[ROC]: 0.999995	AUC[PR]: 0.992469
Val	AUC[ROC]: 0.748156	AUC[PR]: 0.155862
Epoch evaluation duration: 48.0179769993
Epoch duration: 53.6938560009

Epoch 201/1000
Epoch training duration: 8.24936795235
Train	AUC[ROC]: 0.999996	AUC[PR]: 0.992853
Val	AUC[ROC]: 0.740408	AUC[PR]: 0.161469
Epoch evaluation duration: 48.7658910751
Epoch duration: 57.0152590275

Epoch 202/1000
Epoch training duration: 6.44602179527
Train	AUC[ROC]: 0.999996	AUC[PR]: 0.992611
Val	AUC[ROC]: 0.736353	AUC[PR]: 0.157397
Epoch evaluation duration: 56.1285860538
Epoch duration: 62.5746078491

Epoch 203/1000
Epoch training duration: 7.3824801445
Train	AUC[ROC]: 0.999996	AUC[PR]: 0.993089
Val	AUC[ROC]: 0.741220	AUC[PR]: 0.156318
Epoch evaluation duration: 52.4544048309
Epoch duration: 59.8368849754

Epoch 204/1000
Epoch training duration: 8.0560400486
Train	AUC[ROC]: 0.999997	AUC[PR]: 0.993112
Val	AUC[ROC]: 0.735574	AUC[PR]: 0.155733
Epoch evaluation duration: 47.1051290035
Epoch duration: 55.1611690521

Epoch 205/1000
Epoch training duration: 7.95468902588
Train	AUC[ROC]: 0.999997	AUC[PR]: 0.993919
Val	AUC[ROC]: 0.739462	AUC[PR]: 0.168409
Epoch evaluation duration: 47.0365769863
Epoch duration: 54.9912660122

Epoch 206/1000
Epoch training duration: 7.64935588837
Train	AUC[ROC]: 0.999997	AUC[PR]: 0.993630
Val	AUC[ROC]: 0.732626	AUC[PR]: 0.170622
Epoch evaluation duration: 53.722315073
Epoch duration: 61.3716709614

Epoch 207/1000
Epoch training duration: 7.15206003189
Train	AUC[ROC]: 0.999997	AUC[PR]: 0.993629
Val	AUC[ROC]: 0.734793	AUC[PR]: 0.167141
Epoch evaluation duration: 49.6837630272
Epoch duration: 56.8358230591

Epoch 208/1000
Epoch training duration: 7.40370893478
Train	AUC[ROC]: 0.999997	AUC[PR]: 0.993883
Val	AUC[ROC]: 0.739266	AUC[PR]: 0.157437
Epoch evaluation duration: 41.5904541016
Epoch duration: 48.9941630363

Epoch 209/1000
Epoch training duration: 7.85237503052
Train	AUC[ROC]: 0.999997	AUC[PR]: 0.993715
Val	AUC[ROC]: 0.734131	AUC[PR]: 0.154209
Epoch evaluation duration: 51.5880849361
Epoch duration: 59.4404599667

Epoch 210/1000
Epoch training duration: 7.7147538662
Train	AUC[ROC]: 0.999994	AUC[PR]: 0.988555
Val	AUC[ROC]: 0.733674	AUC[PR]: 0.156870
Epoch evaluation duration: 44.6212601662
Epoch duration: 52.3360140324

Epoch 211/1000
Epoch training duration: 6.44205594063
Train	AUC[ROC]: 0.999994	AUC[PR]: 0.988208
Val	AUC[ROC]: 0.729469	AUC[PR]: 0.159701
Epoch evaluation duration: 55.7901289463
Epoch duration: 62.2321848869

Epoch 212/1000
Epoch training duration: 7.19426012039
Train	AUC[ROC]: 0.999994	AUC[PR]: 0.989058
Val	AUC[ROC]: 0.727545	AUC[PR]: 0.164935
Epoch evaluation duration: 48.7390248775
Epoch duration: 55.9332849979

Epoch 213/1000
Epoch training duration: 7.62154102325
Train	AUC[ROC]: 0.999995	AUC[PR]: 0.992560
Val	AUC[ROC]: 0.732110	AUC[PR]: 0.165818
Epoch evaluation duration: 42.0129480362
Epoch duration: 49.6344890594

Epoch 214/1000
Epoch training duration: 7.0616850853
Train	AUC[ROC]: 0.999994	AUC[PR]: 0.990689
Val	AUC[ROC]: 0.749714	AUC[PR]: 0.166164
Epoch evaluation duration: 49.0798039436
Epoch duration: 56.1414890289

Epoch 215/1000
Epoch training duration: 7.56452989578
Train	AUC[ROC]: 0.999994	AUC[PR]: 0.988992
Val	AUC[ROC]: 0.739684	AUC[PR]: 0.158866
Epoch evaluation duration: 45.3015651703
Epoch duration: 52.8660950661

Epoch 216/1000
Epoch training duration: 9.12853288651
Train	AUC[ROC]: 0.999995	AUC[PR]: 0.993000
Val	AUC[ROC]: 0.736647	AUC[PR]: 0.175824
Epoch evaluation duration: 43.5056650639
Epoch duration: 52.6341979504

Epoch 217/1000
Epoch training duration: 7.9377219677
Train	AUC[ROC]: 0.999993	AUC[PR]: 0.989160
Val	AUC[ROC]: 0.735800	AUC[PR]: 0.158844
Epoch evaluation duration: 49.7375240326
Epoch duration: 57.6752460003

Epoch 218/1000
Epoch training duration: 7.2222468853
Train	AUC[ROC]: 0.999996	AUC[PR]: 0.993531
Val	AUC[ROC]: 0.728758	AUC[PR]: 0.157386
Epoch evaluation duration: 49.7734451294
Epoch duration: 56.9956920147

Epoch 219/1000
Epoch training duration: 6.72363400459
Train	AUC[ROC]: 0.999990	AUC[PR]: 0.983870
Val	AUC[ROC]: 0.781220	AUC[PR]: 0.144486
Epoch evaluation duration: 41.5736789703
Epoch duration: 48.2973129749

Epoch 220/1000
Epoch training duration: 7.41609597206
Train	AUC[ROC]: 0.999991	AUC[PR]: 0.985974
Val	AUC[ROC]: 0.749736	AUC[PR]: 0.148425
Epoch evaluation duration: 48.2256848812
Epoch duration: 55.6417808533

Epoch 221/1000
Epoch training duration: 6.87266802788
Train	AUC[ROC]: 0.999993	AUC[PR]: 0.988825
Val	AUC[ROC]: 0.749514	AUC[PR]: 0.156325
Epoch evaluation duration: 52.7741379738
Epoch duration: 59.6468060017

Epoch 222/1000
Epoch training duration: 8.27360105515
Train	AUC[ROC]: 0.999993	AUC[PR]: 0.988374
Val	AUC[ROC]: 0.736413	AUC[PR]: 0.164482
Epoch evaluation duration: 47.8150720596
Epoch duration: 56.0886731148

Epoch 223/1000
Epoch training duration: 8.04729294777
Train	AUC[ROC]: 0.999991	AUC[PR]: 0.985187
Val	AUC[ROC]: 0.747297	AUC[PR]: 0.167914
Epoch evaluation duration: 49.6164059639
Epoch duration: 57.6636989117

Epoch 224/1000
Epoch training duration: 7.12071418762
Train	AUC[ROC]: 0.999991	AUC[PR]: 0.984388
Val	AUC[ROC]: 0.740517	AUC[PR]: 0.164711
Epoch evaluation duration: 55.0913128853
Epoch duration: 62.2120270729

Epoch 225/1000
Epoch training duration: 7.9268860817
Train	AUC[ROC]: 0.999991	AUC[PR]: 0.984048
Val	AUC[ROC]: 0.737956	AUC[PR]: 0.169291
Epoch evaluation duration: 50.6592650414
Epoch duration: 58.586151123

Epoch 226/1000
Epoch training duration: 7.88664579391
Train	AUC[ROC]: 0.999991	AUC[PR]: 0.983533
Val	AUC[ROC]: 0.737733	AUC[PR]: 0.166218
Epoch evaluation duration: 57.65477705
Epoch duration: 65.5414228439

Epoch 227/1000
Epoch training duration: 7.70218801498
Train	AUC[ROC]: 0.999991	AUC[PR]: 0.983482
Val	AUC[ROC]: 0.732807	AUC[PR]: 0.157458
Epoch evaluation duration: 43.1023180485
Epoch duration: 50.8045060635

Epoch 228/1000
Epoch training duration: 8.36697697639
Train	AUC[ROC]: 0.999990	AUC[PR]: 0.982623
Val	AUC[ROC]: 0.732177	AUC[PR]: 0.151644
Epoch evaluation duration: 52.9483759403
Epoch duration: 61.3153529167

Epoch 229/1000
Epoch training duration: 6.83051395416
Train	AUC[ROC]: 0.999991	AUC[PR]: 0.984105
Val	AUC[ROC]: 0.747657	AUC[PR]: 0.169047
Epoch evaluation duration: 55.4027280807
Epoch duration: 62.2332420349

Epoch 230/1000
Epoch training duration: 7.49299001694
Train	AUC[ROC]: 0.999991	AUC[PR]: 0.985081
Val	AUC[ROC]: 0.742515	AUC[PR]: 0.158227
Epoch evaluation duration: 48.2821490765
Epoch duration: 55.7751390934

Epoch 231/1000
Epoch training duration: 8.10232591629
Train	AUC[ROC]: 0.999991	AUC[PR]: 0.985143
Val	AUC[ROC]: 0.737745	AUC[PR]: 0.162823
Epoch evaluation duration: 53.960488081
Epoch duration: 62.0628139973

Epoch 232/1000
Epoch training duration: 7.99967193604
Train	AUC[ROC]: 0.999992	AUC[PR]: 0.987769
Val	AUC[ROC]: 0.730566	AUC[PR]: 0.154998
Epoch evaluation duration: 47.8909549713
Epoch duration: 55.8906269073

Epoch 233/1000
Epoch training duration: 8.67570209503
Train	AUC[ROC]: 0.999985	AUC[PR]: 0.974727
Val	AUC[ROC]: 0.739951	AUC[PR]: 0.126808
Epoch evaluation duration: 48.6484148502
Epoch duration: 57.3241169453

Epoch 234/1000
Epoch training duration: 6.61949920654
Train	AUC[ROC]: 0.999982	AUC[PR]: 0.973200
Val	AUC[ROC]: 0.726666	AUC[PR]: 0.104328
Epoch evaluation duration: 52.9233028889
Epoch duration: 59.5428020954

Epoch 235/1000
Epoch training duration: 7.71056509018
Train	AUC[ROC]: 0.995603	AUC[PR]: 0.552491
Val	AUC[ROC]: 0.712231	AUC[PR]: 0.036853
Epoch evaluation duration: 44.5420379639
Epoch duration: 52.252603054

Epoch 236/1000
Epoch training duration: 7.79183983803
Train	AUC[ROC]: 0.999557	AUC[PR]: 0.778615
Val	AUC[ROC]: 0.725965	AUC[PR]: 0.054233
Epoch evaluation duration: 58.1303141117
Epoch duration: 65.9221539497

Epoch 237/1000
Epoch training duration: 7.94359302521
Train	AUC[ROC]: 0.999867	AUC[PR]: 0.886903
Val	AUC[ROC]: 0.745770	AUC[PR]: 0.065614
Epoch evaluation duration: 53.0876610279
Epoch duration: 61.0312540531

Epoch 238/1000
Epoch training duration: 7.51650691032
Train	AUC[ROC]: 0.999931	AUC[PR]: 0.929397
Val	AUC[ROC]: 0.740671	AUC[PR]: 0.065869
Epoch evaluation duration: 52.0102291107
Epoch duration: 59.526736021

Epoch 239/1000
Epoch training duration: 7.53086495399
Train	AUC[ROC]: 0.999955	AUC[PR]: 0.947995
Val	AUC[ROC]: 0.742208	AUC[PR]: 0.068357
Epoch evaluation duration: 53.4189660549
Epoch duration: 60.9498310089

Epoch 240/1000
Epoch training duration: 7.38835501671
Train	AUC[ROC]: 0.999966	AUC[PR]: 0.956054
Val	AUC[ROC]: 0.744927	AUC[PR]: 0.069430
Epoch evaluation duration: 49.7305569649
Epoch duration: 57.1189119816

Epoch 241/1000
Epoch training duration: 7.34431290627
Train	AUC[ROC]: 0.999972	AUC[PR]: 0.962235
Val	AUC[ROC]: 0.749125	AUC[PR]: 0.076610
Epoch evaluation duration: 52.0588059425
Epoch duration: 59.4031188488

Epoch 242/1000
Epoch training duration: 7.24111199379
Train	AUC[ROC]: 0.999974	AUC[PR]: 0.962232
Val	AUC[ROC]: 0.752848	AUC[PR]: 0.076466
Epoch evaluation duration: 59.1479380131
Epoch duration: 66.3890500069

Epoch 243/1000
Epoch training duration: 7.28092503548
Train	AUC[ROC]: 0.999977	AUC[PR]: 0.964298
Val	AUC[ROC]: 0.754280	AUC[PR]: 0.078275
Epoch evaluation duration: 44.6901099682
Epoch duration: 51.9710350037

Epoch 244/1000
Epoch training duration: 8.02005004883
Train	AUC[ROC]: 0.999979	AUC[PR]: 0.965961
Val	AUC[ROC]: 0.749471	AUC[PR]: 0.079433
Epoch evaluation duration: 47.6736650467
Epoch duration: 55.6937150955

Epoch 245/1000
Epoch training duration: 7.59817695618
Train	AUC[ROC]: 0.999981	AUC[PR]: 0.966936
Val	AUC[ROC]: 0.745759	AUC[PR]: 0.084479
Epoch evaluation duration: 45.5567500591
Epoch duration: 53.1549270153

Epoch 246/1000
Epoch training duration: 8.41382193565
Train	AUC[ROC]: 0.999982	AUC[PR]: 0.967605
Val	AUC[ROC]: 0.743159	AUC[PR]: 0.090631
Epoch evaluation duration: 51.8467760086
Epoch duration: 60.2605979443

Epoch 247/1000
Epoch training duration: 9.04107308388
Train	AUC[ROC]: 0.999984	AUC[PR]: 0.969316
Val	AUC[ROC]: 0.746489	AUC[PR]: 0.091154
Epoch evaluation duration: 56.9422729015
Epoch duration: 65.9833459854

Epoch 248/1000
Epoch training duration: 7.99899601936
Train	AUC[ROC]: 0.999982	AUC[PR]: 0.964053
Val	AUC[ROC]: 0.750130	AUC[PR]: 0.090610
Epoch evaluation duration: 47.6447451115
Epoch duration: 55.6437411308

Epoch 249/1000
Epoch training duration: 8.31159090996
Train	AUC[ROC]: 0.999982	AUC[PR]: 0.964071
Val	AUC[ROC]: 0.750217	AUC[PR]: 0.091248
Epoch evaluation duration: 52.3965609074
Epoch duration: 60.7081518173

Epoch 250/1000
Epoch training duration: 7.60422205925
Train	AUC[ROC]: 0.999983	AUC[PR]: 0.965484
Val	AUC[ROC]: 0.747715	AUC[PR]: 0.092204
Epoch evaluation duration: 46.0102930069
Epoch duration: 53.6145150661

Epoch 251/1000
Epoch training duration: 7.62949109077
Train	AUC[ROC]: 0.999982	AUC[PR]: 0.966529
Val	AUC[ROC]: 0.747517	AUC[PR]: 0.101349
Epoch evaluation duration: 56.6085929871
Epoch duration: 64.2380840778

Epoch 252/1000
Epoch training duration: 7.0131008625
Train	AUC[ROC]: 0.999981	AUC[PR]: 0.968485
Val	AUC[ROC]: 0.743932	AUC[PR]: 0.102209
Epoch evaluation duration: 53.960103035
Epoch duration: 60.9732038975

Epoch 253/1000
Epoch training duration: 7.72778201103
Train	AUC[ROC]: 0.999982	AUC[PR]: 0.967991
Val	AUC[ROC]: 0.745441	AUC[PR]: 0.105488
Epoch evaluation duration: 51.0619220734
Epoch duration: 58.7897040844

Epoch 254/1000
Epoch training duration: 7.73181700706
Train	AUC[ROC]: 0.999983	AUC[PR]: 0.969449
Val	AUC[ROC]: 0.745564	AUC[PR]: 0.105674
Epoch evaluation duration: 45.1166160107
Epoch duration: 52.8484330177

Epoch 255/1000
Epoch training duration: 6.68172192574
Train	AUC[ROC]: 0.999982	AUC[PR]: 0.969108
Val	AUC[ROC]: 0.748725	AUC[PR]: 0.107126
Epoch evaluation duration: 41.7153530121
Epoch duration: 48.3970749378

Epoch 256/1000
Epoch training duration: 6.49527406693
Train	AUC[ROC]: 0.999983	AUC[PR]: 0.972797
Val	AUC[ROC]: 0.745320	AUC[PR]: 0.107596
Epoch evaluation duration: 43.0781669617
Epoch duration: 49.5734410286

Epoch 257/1000
Epoch training duration: 7.25649285316
Train	AUC[ROC]: 0.999983	AUC[PR]: 0.970249
Val	AUC[ROC]: 0.740842	AUC[PR]: 0.106610
Epoch evaluation duration: 44.1470341682
Epoch duration: 51.4035270214

train precision: 0.960847691009
train roc: 0.999962664739
train hit in top 2563: 334.0 out of 334.0

val precision: 0.194669607308
val roc: 0.846832188315
val hit in top 427: 35.0 out of 55.0

test precision: 0.249849635948
test roc: 0.880511384941
test hit in top 427: 35.0 out of 55.0

ratio: 0.02, EF: 35.4545454545,	active: 55.0
ratio: 0.02, NEF: 0.709090909091
ratio: 0.01, EF: 63.6363636364,	active: 55.0
ratio: 0.01, NEF: 0.636363636364
ratio: 0.0015, EF: 254.545454545,	active: 55.0
ratio: 0.0015, NEF: 0.381818181818
ratio: 0.001, EF: 327.272727273,	active: 55.0
ratio: 0.001, NEF: 0.428571428571

