label_name_list  [u'PriA-SSB AS Activity']
train files  ['../datasets/keck_pria/fold_0.csv' '../datasets/keck_pria/fold_1.csv'
 '../datasets/keck_pria/fold_2.csv' '../datasets/keck_pria/fold_3.csv'
 '../datasets/keck_pria/fold_4.csv' '../datasets/keck_pria/fold_5.csv'
 '../datasets/keck_pria/fold_6.csv' '../datasets/keck_pria/fold_7.csv']
val files  ['../datasets/keck_pria/fold_8.csv']
test files  ['../datasets/keck_pria/fold_9.csv']
Class Weight  [{0: 1.0, 1: 768.9234234234234}]
Epoch 1/1000
Epoch training duration: 23.1035079956
Train	AUC[ROC]: 0.897952	AUC[PR]: 0.112634
Val	AUC[ROC]: 0.914098	AUC[PR]: 0.054798
Epoch evaluation duration: 152.18827486
Epoch duration: 175.291782856

Epoch 2/1000
Epoch training duration: 21.5214371681
Train	AUC[ROC]: 0.935753	AUC[PR]: 0.133097
Val	AUC[ROC]: 0.928401	AUC[PR]: 0.061379
Epoch evaluation duration: 154.262779951
Epoch duration: 175.784217119

Epoch 3/1000
Epoch training duration: 21.3864910603
Train	AUC[ROC]: 0.960840	AUC[PR]: 0.150904
Val	AUC[ROC]: 0.931923	AUC[PR]: 0.071777
Epoch evaluation duration: 154.058725834
Epoch duration: 175.445216894

Epoch 4/1000
Epoch training duration: 20.8167011738
Train	AUC[ROC]: 0.976179	AUC[PR]: 0.166357
Val	AUC[ROC]: 0.933349	AUC[PR]: 0.075479
Epoch evaluation duration: 155.507874966
Epoch duration: 176.324576139

Epoch 5/1000
Epoch training duration: 21.5856599808
Train	AUC[ROC]: 0.984992	AUC[PR]: 0.187952
Val	AUC[ROC]: 0.932499	AUC[PR]: 0.084511
Epoch evaluation duration: 153.255040884
Epoch duration: 174.840700865

Epoch 6/1000
Epoch training duration: 21.1081471443
Train	AUC[ROC]: 0.990949	AUC[PR]: 0.208526
Val	AUC[ROC]: 0.932272	AUC[PR]: 0.088117
Epoch evaluation duration: 153.913450956
Epoch duration: 175.021598101

Epoch 7/1000
Epoch training duration: 20.9349749088
Train	AUC[ROC]: 0.993817	AUC[PR]: 0.232169
Val	AUC[ROC]: 0.930186	AUC[PR]: 0.093040
Epoch evaluation duration: 151.851119041
Epoch duration: 172.78609395

Epoch 8/1000
Epoch training duration: 21.5143880844
Train	AUC[ROC]: 0.995793	AUC[PR]: 0.259122
Val	AUC[ROC]: 0.928580	AUC[PR]: 0.112815
Epoch evaluation duration: 154.388674021
Epoch duration: 175.903062105

Epoch 9/1000
Epoch training duration: 21.3864998817
Train	AUC[ROC]: 0.997047	AUC[PR]: 0.288964
Val	AUC[ROC]: 0.927746	AUC[PR]: 0.114815
Epoch evaluation duration: 159.468362093
Epoch duration: 180.854861975

Epoch 10/1000
Epoch training duration: 21.137953043
Train	AUC[ROC]: 0.997863	AUC[PR]: 0.324587
Val	AUC[ROC]: 0.925072	AUC[PR]: 0.120275
Epoch evaluation duration: 153.710327864
Epoch duration: 174.848280907

Epoch 11/1000
Epoch training duration: 21.6553981304
Train	AUC[ROC]: 0.998155	AUC[PR]: 0.342190
Val	AUC[ROC]: 0.925046	AUC[PR]: 0.118098
Epoch evaluation duration: 154.878901958
Epoch duration: 176.534300089

Epoch 12/1000
Epoch training duration: 21.0164518356
Train	AUC[ROC]: 0.998592	AUC[PR]: 0.386475
Val	AUC[ROC]: 0.918146	AUC[PR]: 0.116846
Epoch evaluation duration: 155.074685097
Epoch duration: 176.091136932

Epoch 13/1000
Epoch training duration: 21.7619669437
Train	AUC[ROC]: 0.998788	AUC[PR]: 0.409933
Val	AUC[ROC]: 0.915101	AUC[PR]: 0.122741
Epoch evaluation duration: 155.024825096
Epoch duration: 176.78679204

Epoch 14/1000
Epoch training duration: 22.5821218491
Train	AUC[ROC]: 0.999075	AUC[PR]: 0.457892
Val	AUC[ROC]: 0.903501	AUC[PR]: 0.130963
Epoch evaluation duration: 155.482243061
Epoch duration: 178.06436491

Epoch 15/1000
Epoch training duration: 21.9304671288
Train	AUC[ROC]: 0.999145	AUC[PR]: 0.466318
Val	AUC[ROC]: 0.902866	AUC[PR]: 0.125227
Epoch evaluation duration: 152.798156023
Epoch duration: 174.728623152

Epoch 16/1000
Epoch training duration: 21.3967838287
Train	AUC[ROC]: 0.999273	AUC[PR]: 0.501925
Val	AUC[ROC]: 0.889550	AUC[PR]: 0.132094
Epoch evaluation duration: 169.92339015
Epoch duration: 191.320173979

Epoch 17/1000
Epoch training duration: 33.6495380402
Train	AUC[ROC]: 0.999402	AUC[PR]: 0.537914
Val	AUC[ROC]: 0.886327	AUC[PR]: 0.129954
Epoch evaluation duration: 255.216437817
Epoch duration: 288.865975857

Epoch 18/1000
Epoch training duration: 29.0233471394
Train	AUC[ROC]: 0.999457	AUC[PR]: 0.558169
Val	AUC[ROC]: 0.882617	AUC[PR]: 0.132617
Epoch evaluation duration: 230.767684937
Epoch duration: 259.791032076

Epoch 19/1000
Epoch training duration: 28.630877018
Train	AUC[ROC]: 0.999413	AUC[PR]: 0.543411
Val	AUC[ROC]: 0.891243	AUC[PR]: 0.139753
Epoch evaluation duration: 225.328203917
Epoch duration: 253.959080935

Epoch 20/1000
Epoch training duration: 28.0897011757
Train	AUC[ROC]: 0.999483	AUC[PR]: 0.571196
Val	AUC[ROC]: 0.883812	AUC[PR]: 0.135818
Epoch evaluation duration: 225.315551996
Epoch duration: 253.405253172

Epoch 21/1000
Epoch training duration: 28.0188138485
Train	AUC[ROC]: 0.999574	AUC[PR]: 0.607543
Val	AUC[ROC]: 0.871657	AUC[PR]: 0.133034
Epoch evaluation duration: 225.587211132
Epoch duration: 253.606024981

Epoch 22/1000
Epoch training duration: 28.6870148182
Train	AUC[ROC]: 0.999558	AUC[PR]: 0.602652
Val	AUC[ROC]: 0.867005	AUC[PR]: 0.136448
Epoch evaluation duration: 224.972666025
Epoch duration: 253.659680843

Epoch 23/1000
Epoch training duration: 29.5680119991
Train	AUC[ROC]: 0.999633	AUC[PR]: 0.638879
Val	AUC[ROC]: 0.853425	AUC[PR]: 0.137104
Epoch evaluation duration: 225.644962072
Epoch duration: 255.212974072

Epoch 24/1000
Epoch training duration: 28.6895039082
Train	AUC[ROC]: 0.999658	AUC[PR]: 0.657395
Val	AUC[ROC]: 0.861873	AUC[PR]: 0.145965
Epoch evaluation duration: 224.667852163
Epoch duration: 253.357356071

Epoch 25/1000
Epoch training duration: 29.0408630371
Train	AUC[ROC]: 0.999704	AUC[PR]: 0.691929
Val	AUC[ROC]: 0.836491	AUC[PR]: 0.142552
Epoch evaluation duration: 226.873211861
Epoch duration: 255.914074898

Epoch 26/1000
Epoch training duration: 28.5192329884
Train	AUC[ROC]: 0.999732	AUC[PR]: 0.707466
Val	AUC[ROC]: 0.844124	AUC[PR]: 0.141922
Epoch evaluation duration: 229.711110115
Epoch duration: 258.230343103

Epoch 27/1000
Epoch training duration: 29.7187218666
Train	AUC[ROC]: 0.999727	AUC[PR]: 0.701298
Val	AUC[ROC]: 0.849972	AUC[PR]: 0.146247
Epoch evaluation duration: 224.852113962
Epoch duration: 254.570835829

Epoch 28/1000
Epoch training duration: 27.9486811161
Train	AUC[ROC]: 0.999768	AUC[PR]: 0.729539
Val	AUC[ROC]: 0.840613	AUC[PR]: 0.141090
Epoch evaluation duration: 226.317142963
Epoch duration: 254.26582408

Epoch 29/1000
Epoch training duration: 29.1160120964
Train	AUC[ROC]: 0.999786	AUC[PR]: 0.745278
Val	AUC[ROC]: 0.830652	AUC[PR]: 0.152145
Epoch evaluation duration: 225.921034813
Epoch duration: 255.037046909

Epoch 30/1000
Epoch training duration: 28.9176540375
Train	AUC[ROC]: 0.999778	AUC[PR]: 0.739227
Val	AUC[ROC]: 0.841720	AUC[PR]: 0.147763
Epoch evaluation duration: 225.445405006
Epoch duration: 254.363059044

Epoch 31/1000
Epoch training duration: 29.0784580708
Train	AUC[ROC]: 0.999813	AUC[PR]: 0.766659
Val	AUC[ROC]: 0.834309	AUC[PR]: 0.149377
Epoch evaluation duration: 229.729110003
Epoch duration: 258.807568073

Epoch 32/1000
Epoch training duration: 27.4025380611
Train	AUC[ROC]: 0.999824	AUC[PR]: 0.777670
Val	AUC[ROC]: 0.825140	AUC[PR]: 0.152179
Epoch evaluation duration: 228.040490866
Epoch duration: 255.443028927

Epoch 33/1000
Epoch training duration: 27.2452030182
Train	AUC[ROC]: 0.999843	AUC[PR]: 0.795774
Val	AUC[ROC]: 0.820693	AUC[PR]: 0.142203
Epoch evaluation duration: 222.5949471
Epoch duration: 249.840150118

Epoch 34/1000
Epoch training duration: 27.9743390083
Train	AUC[ROC]: 0.999845	AUC[PR]: 0.795446
Val	AUC[ROC]: 0.821277	AUC[PR]: 0.143130
Epoch evaluation duration: 224.047049046
Epoch duration: 252.021388054

Epoch 35/1000
Epoch training duration: 28.1497218609
Train	AUC[ROC]: 0.999829	AUC[PR]: 0.782868
Val	AUC[ROC]: 0.821613	AUC[PR]: 0.157915
Epoch evaluation duration: 226.666043043
Epoch duration: 254.815764904

Epoch 36/1000
Epoch training duration: 27.4020118713
Train	AUC[ROC]: 0.999837	AUC[PR]: 0.796048
Val	AUC[ROC]: 0.815722	AUC[PR]: 0.165361
Epoch evaluation duration: 272.048886061
Epoch duration: 299.450897932

Epoch 37/1000
Epoch training duration: 34.919948101
Train	AUC[ROC]: 0.999848	AUC[PR]: 0.810104
Val	AUC[ROC]: 0.803806	AUC[PR]: 0.147349
Epoch evaluation duration: 226.692926884
Epoch duration: 261.612874985

Epoch 38/1000
Epoch training duration: 27.3486180305
Train	AUC[ROC]: 0.999867	AUC[PR]: 0.823397
Val	AUC[ROC]: 0.807463	AUC[PR]: 0.152578
Epoch evaluation duration: 227.505306005
Epoch duration: 254.853924036

Epoch 39/1000
Epoch training duration: 27.5615320206
Train	AUC[ROC]: 0.999837	AUC[PR]: 0.799320
Val	AUC[ROC]: 0.813836	AUC[PR]: 0.159030
Epoch evaluation duration: 227.889668941
Epoch duration: 255.451200962

Epoch 40/1000
Epoch training duration: 27.9383721352
Train	AUC[ROC]: 0.999870	AUC[PR]: 0.832123
Val	AUC[ROC]: 0.811353	AUC[PR]: 0.151608
Epoch evaluation duration: 224.013084888
Epoch duration: 251.951457024

Epoch 41/1000
Epoch training duration: 28.5254161358
Train	AUC[ROC]: 0.999893	AUC[PR]: 0.854076
Val	AUC[ROC]: 0.803652	AUC[PR]: 0.151134
Epoch evaluation duration: 226.613592863
Epoch duration: 255.139008999

Epoch 42/1000
Epoch training duration: 28.7907409668
Train	AUC[ROC]: 0.999887	AUC[PR]: 0.845730
Val	AUC[ROC]: 0.803854	AUC[PR]: 0.154948
Epoch evaluation duration: 225.072643995
Epoch duration: 253.863384962

Epoch 43/1000
Epoch training duration: 27.7822461128
Train	AUC[ROC]: 0.999888	AUC[PR]: 0.846112
Val	AUC[ROC]: 0.807995	AUC[PR]: 0.153047
Epoch evaluation duration: 226.481302023
Epoch duration: 254.263548136

Epoch 44/1000
Epoch training duration: 27.5866599083
Train	AUC[ROC]: 0.999893	AUC[PR]: 0.852614
Val	AUC[ROC]: 0.805561	AUC[PR]: 0.157662
Epoch evaluation duration: 224.467608929
Epoch duration: 252.054268837

Epoch 45/1000
Epoch training duration: 27.7040820122
Train	AUC[ROC]: 0.999895	AUC[PR]: 0.856932
Val	AUC[ROC]: 0.809404	AUC[PR]: 0.154571
Epoch evaluation duration: 227.529298067
Epoch duration: 255.233380079

Epoch 46/1000
Epoch training duration: 27.9928100109
Train	AUC[ROC]: 0.999907	AUC[PR]: 0.870209
Val	AUC[ROC]: 0.813203	AUC[PR]: 0.152222
Epoch evaluation duration: 226.938648939
Epoch duration: 254.93145895

Epoch 47/1000
Epoch training duration: 27.6770119667
Train	AUC[ROC]: 0.999898	AUC[PR]: 0.863908
Val	AUC[ROC]: 0.808511	AUC[PR]: 0.168739
Epoch evaluation duration: 228.331646204
Epoch duration: 256.008658171

Epoch 48/1000
Epoch training duration: 28.6720538139
Train	AUC[ROC]: 0.999902	AUC[PR]: 0.866610
Val	AUC[ROC]: 0.812362	AUC[PR]: 0.163907
Epoch evaluation duration: 224.913109064
Epoch duration: 253.585162878

Epoch 49/1000
Epoch training duration: 28.6038980484
Train	AUC[ROC]: 0.999917	AUC[PR]: 0.883831
Val	AUC[ROC]: 0.803378	AUC[PR]: 0.161886
Epoch evaluation duration: 229.962980986
Epoch duration: 258.566879034

Epoch 50/1000
Epoch training duration: 26.3713269234
Train	AUC[ROC]: 0.999927	AUC[PR]: 0.896094
Val	AUC[ROC]: 0.796495	AUC[PR]: 0.147089
Epoch evaluation duration: 231.632186174
Epoch duration: 258.003513098

Epoch 51/1000
Epoch training duration: 27.0051689148
Train	AUC[ROC]: 0.999937	AUC[PR]: 0.909118
Val	AUC[ROC]: 0.798631	AUC[PR]: 0.155206
Epoch evaluation duration: 227.676012039
Epoch duration: 254.681180954

Epoch 52/1000
Epoch training duration: 27.064825058
Train	AUC[ROC]: 0.999930	AUC[PR]: 0.899381
Val	AUC[ROC]: 0.804092	AUC[PR]: 0.154982
Epoch evaluation duration: 223.857540846
Epoch duration: 250.922365904

Epoch 53/1000
Epoch training duration: 27.5334990025
Train	AUC[ROC]: 0.999933	AUC[PR]: 0.902067
Val	AUC[ROC]: 0.799015	AUC[PR]: 0.154542
Epoch evaluation duration: 223.485110998
Epoch duration: 251.018610001

Epoch 54/1000
Epoch training duration: 28.4390609264
Train	AUC[ROC]: 0.999929	AUC[PR]: 0.897207
Val	AUC[ROC]: 0.796608	AUC[PR]: 0.155246
Epoch evaluation duration: 227.337480068
Epoch duration: 255.776540995

Epoch 55/1000
Epoch training duration: 28.704832077
Train	AUC[ROC]: 0.999941	AUC[PR]: 0.912417
Val	AUC[ROC]: 0.795408	AUC[PR]: 0.152775
Epoch evaluation duration: 229.798168898
Epoch duration: 258.503000975

Epoch 56/1000
Epoch training duration: 28.5230009556
Train	AUC[ROC]: 0.999945	AUC[PR]: 0.918524
Val	AUC[ROC]: 0.795372	AUC[PR]: 0.154165
Epoch evaluation duration: 271.062218189
Epoch duration: 299.585219145

Epoch 57/1000
Epoch training duration: 28.1303780079
Train	AUC[ROC]: 0.999940	AUC[PR]: 0.916798
Val	AUC[ROC]: 0.797536	AUC[PR]: 0.164871
Epoch evaluation duration: 221.790402889
Epoch duration: 249.920780897

Epoch 58/1000
Epoch training duration: 28.1047661304
Train	AUC[ROC]: 0.999955	AUC[PR]: 0.933181
Val	AUC[ROC]: 0.791541	AUC[PR]: 0.147632
Epoch evaluation duration: 227.044840813
Epoch duration: 255.149606943

Epoch 59/1000
Epoch training duration: 27.7977380753
Train	AUC[ROC]: 0.999941	AUC[PR]: 0.920407
Val	AUC[ROC]: 0.799891	AUC[PR]: 0.150034
Epoch evaluation duration: 224.583954096
Epoch duration: 252.381692171

Epoch 60/1000
Epoch training duration: 27.218734026
Train	AUC[ROC]: 0.999926	AUC[PR]: 0.900042
Val	AUC[ROC]: 0.814332	AUC[PR]: 0.163601
Epoch evaluation duration: 229.653759003
Epoch duration: 256.872493029

Epoch 61/1000
Epoch training duration: 28.0732879639
Train	AUC[ROC]: 0.999941	AUC[PR]: 0.921576
Val	AUC[ROC]: 0.795539	AUC[PR]: 0.162231
Epoch evaluation duration: 225.904322863
Epoch duration: 253.977610826

Epoch 62/1000
Epoch training duration: 28.9095921516
Train	AUC[ROC]: 0.999933	AUC[PR]: 0.912729
Val	AUC[ROC]: 0.810593	AUC[PR]: 0.144925
Epoch evaluation duration: 225.509702921
Epoch duration: 254.419295073

Epoch 63/1000
Epoch training duration: 27.6266860962
Train	AUC[ROC]: 0.999935	AUC[PR]: 0.914369
Val	AUC[ROC]: 0.800515	AUC[PR]: 0.149874
Epoch evaluation duration: 224.703177929
Epoch duration: 252.329864025

Epoch 64/1000
Epoch training duration: 27.4495558739
Train	AUC[ROC]: 0.999941	AUC[PR]: 0.918583
Val	AUC[ROC]: 0.793356	AUC[PR]: 0.153173
Epoch evaluation duration: 225.970909119
Epoch duration: 253.420464993

Epoch 65/1000
Epoch training duration: 27.5324649811
Train	AUC[ROC]: 0.999936	AUC[PR]: 0.918680
Val	AUC[ROC]: 0.801270	AUC[PR]: 0.155274
Epoch evaluation duration: 230.527143955
Epoch duration: 258.059608936

Epoch 66/1000
Epoch training duration: 28.2395069599
Train	AUC[ROC]: 0.999945	AUC[PR]: 0.921067
Val	AUC[ROC]: 0.791496	AUC[PR]: 0.145577
Epoch evaluation duration: 227.651890039
Epoch duration: 255.891396999

Epoch 67/1000
Epoch training duration: 28.2328939438
Train	AUC[ROC]: 0.999955	AUC[PR]: 0.935226
Val	AUC[ROC]: 0.785709	AUC[PR]: 0.142087
Epoch evaluation duration: 227.823188066
Epoch duration: 256.05608201

Epoch 68/1000
Epoch training duration: 28.0408871174
Train	AUC[ROC]: 0.999938	AUC[PR]: 0.913564
Val	AUC[ROC]: 0.802258	AUC[PR]: 0.146555
Epoch evaluation duration: 224.439591885
Epoch duration: 252.480479002

Epoch 69/1000
Epoch training duration: 28.2262630463
Train	AUC[ROC]: 0.999955	AUC[PR]: 0.930398
Val	AUC[ROC]: 0.785474	AUC[PR]: 0.152429
Epoch evaluation duration: 224.539344072
Epoch duration: 252.765607119

Epoch 70/1000
Epoch training duration: 28.327133894
Train	AUC[ROC]: 0.999936	AUC[PR]: 0.909331
Val	AUC[ROC]: 0.810491	AUC[PR]: 0.151943
Epoch evaluation duration: 228.957217932
Epoch duration: 257.284351826

Epoch 71/1000
Epoch training duration: 26.9794781208
Train	AUC[ROC]: 0.999942	AUC[PR]: 0.918648
Val	AUC[ROC]: 0.802192	AUC[PR]: 0.156512
Epoch evaluation duration: 227.921504974
Epoch duration: 254.900983095

Epoch 72/1000
Epoch training duration: 27.793804884
Train	AUC[ROC]: 0.999955	AUC[PR]: 0.932671
Val	AUC[ROC]: 0.798484	AUC[PR]: 0.154769
Epoch evaluation duration: 223.316992044
Epoch duration: 251.110796928

Epoch 73/1000
Epoch training duration: 28.2406041622
Train	AUC[ROC]: 0.999954	AUC[PR]: 0.930139
Val	AUC[ROC]: 0.794870	AUC[PR]: 0.167414
Epoch evaluation duration: 222.036644936
Epoch duration: 250.277249098

Epoch 74/1000
Epoch training duration: 27.0245289803
Train	AUC[ROC]: 0.999950	AUC[PR]: 0.931440
Val	AUC[ROC]: 0.792708	AUC[PR]: 0.150354
Epoch evaluation duration: 224.911048889
Epoch duration: 251.935577869

Epoch 75/1000
Epoch training duration: 27.7309710979
Train	AUC[ROC]: 0.999962	AUC[PR]: 0.947249
Val	AUC[ROC]: 0.789976	AUC[PR]: 0.151468
Epoch evaluation duration: 252.810805082
Epoch duration: 280.54177618

Epoch 76/1000
Epoch training duration: 37.0809009075
Train	AUC[ROC]: 0.999962	AUC[PR]: 0.943762
Val	AUC[ROC]: 0.785204	AUC[PR]: 0.146024
Epoch evaluation duration: 239.681546926
Epoch duration: 276.762447834

Epoch 77/1000
Epoch training duration: 28.6496310234
Train	AUC[ROC]: 0.999964	AUC[PR]: 0.947967
Val	AUC[ROC]: 0.790077	AUC[PR]: 0.149995
Epoch evaluation duration: 226.679464102
Epoch duration: 255.329095125

Epoch 78/1000
Epoch training duration: 27.2471568584
Train	AUC[ROC]: 0.999966	AUC[PR]: 0.947443
Val	AUC[ROC]: 0.787368	AUC[PR]: 0.158305
Epoch evaluation duration: 225.215694189
Epoch duration: 252.462851048

Epoch 79/1000
Epoch training duration: 27.2173259258
Train	AUC[ROC]: 0.999964	AUC[PR]: 0.950525
Val	AUC[ROC]: 0.796313	AUC[PR]: 0.152050
Epoch evaluation duration: 223.574642897
Epoch duration: 250.791968822

Epoch 80/1000
Epoch training duration: 27.4371349812
Train	AUC[ROC]: 0.999961	AUC[PR]: 0.944902
Val	AUC[ROC]: 0.794082	AUC[PR]: 0.160423
Epoch evaluation duration: 230.676019192
Epoch duration: 258.113154173

Epoch 81/1000
Epoch training duration: 28.2866508961
Train	AUC[ROC]: 0.999968	AUC[PR]: 0.955211
Val	AUC[ROC]: 0.777763	AUC[PR]: 0.158536
Epoch evaluation duration: 224.706618071
Epoch duration: 252.993268967

Epoch 82/1000
Epoch training duration: 28.7947559357
Train	AUC[ROC]: 0.999972	AUC[PR]: 0.961135
Val	AUC[ROC]: 0.775930	AUC[PR]: 0.150894
Epoch evaluation duration: 223.49686408
Epoch duration: 252.291620016

Epoch 83/1000
Epoch training duration: 29.5615069866
Train	AUC[ROC]: 0.999967	AUC[PR]: 0.956217
Val	AUC[ROC]: 0.797296	AUC[PR]: 0.159041
Epoch evaluation duration: 222.025228024
Epoch duration: 251.58673501

Epoch 84/1000
Epoch training duration: 27.6995618343
Train	AUC[ROC]: 0.999966	AUC[PR]: 0.949819
Val	AUC[ROC]: 0.787607	AUC[PR]: 0.148142
Epoch evaluation duration: 224.730818033
Epoch duration: 252.430379868

Epoch 85/1000
Epoch training duration: 28.2028181553
Train	AUC[ROC]: 0.999970	AUC[PR]: 0.953280
Val	AUC[ROC]: 0.776281	AUC[PR]: 0.146519
Epoch evaluation duration: 231.899812937
Epoch duration: 260.102631092

Epoch 86/1000
Epoch training duration: 27.231317997
Train	AUC[ROC]: 0.999970	AUC[PR]: 0.956695
Val	AUC[ROC]: 0.783427	AUC[PR]: 0.153211
Epoch evaluation duration: 224.876575947
Epoch duration: 252.107893944

Epoch 87/1000
Epoch training duration: 28.9183590412
Train	AUC[ROC]: 0.999965	AUC[PR]: 0.951507
Val	AUC[ROC]: 0.793276	AUC[PR]: 0.152868
Epoch evaluation duration: 225.972396851
Epoch duration: 254.890755892

Epoch 88/1000
Epoch training duration: 27.7923121452
Train	AUC[ROC]: 0.999973	AUC[PR]: 0.962299
Val	AUC[ROC]: 0.775888	AUC[PR]: 0.143660
Epoch evaluation duration: 222.886456013
Epoch duration: 250.678768158

Epoch 89/1000
Epoch training duration: 27.3627319336
Train	AUC[ROC]: 0.999962	AUC[PR]: 0.946764
Val	AUC[ROC]: 0.799626	AUC[PR]: 0.150517
Epoch evaluation duration: 225.93423295
Epoch duration: 253.296964884

Epoch 90/1000
Epoch training duration: 27.6498329639
Train	AUC[ROC]: 0.999969	AUC[PR]: 0.953043
Val	AUC[ROC]: 0.785276	AUC[PR]: 0.148553
Epoch evaluation duration: 229.567777157
Epoch duration: 257.217610121

Epoch 91/1000
Epoch training duration: 27.4943330288
Train	AUC[ROC]: 0.999974	AUC[PR]: 0.957572
Val	AUC[ROC]: 0.754204	AUC[PR]: 0.132832
Epoch evaluation duration: 223.022338867
Epoch duration: 250.516671896

Epoch 92/1000
Epoch training duration: 27.6088559628
Train	AUC[ROC]: 0.999972	AUC[PR]: 0.959575
Val	AUC[ROC]: 0.786808	AUC[PR]: 0.138582
Epoch evaluation duration: 226.14846015
Epoch duration: 253.757316113

Epoch 93/1000
Epoch training duration: 27.5594658852
Train	AUC[ROC]: 0.999978	AUC[PR]: 0.962914
Val	AUC[ROC]: 0.765565	AUC[PR]: 0.140234
Epoch evaluation duration: 225.651128054
Epoch duration: 253.210593939

Epoch 94/1000
Epoch training duration: 27.4395549297
Train	AUC[ROC]: 0.999971	AUC[PR]: 0.954881
Val	AUC[ROC]: 0.790180	AUC[PR]: 0.153547
Epoch evaluation duration: 225.265295982
Epoch duration: 252.704850912

Epoch 95/1000
Epoch training duration: 27.4553949833
Train	AUC[ROC]: 0.999975	AUC[PR]: 0.961060
Val	AUC[ROC]: 0.773642	AUC[PR]: 0.146597
Epoch evaluation duration: 274.671153069
Epoch duration: 302.126548052

Epoch 96/1000
Epoch training duration: 27.5565960407
Train	AUC[ROC]: 0.999974	AUC[PR]: 0.962667
Val	AUC[ROC]: 0.775785	AUC[PR]: 0.142138
Epoch evaluation duration: 223.604676008
Epoch duration: 251.161272049

Epoch 97/1000
Epoch training duration: 28.5353469849
Train	AUC[ROC]: 0.999975	AUC[PR]: 0.959691
Val	AUC[ROC]: 0.780391	AUC[PR]: 0.136649
Epoch evaluation duration: 223.845952988
Epoch duration: 252.381299973

Epoch 98/1000
Epoch training duration: 28.2420809269
Train	AUC[ROC]: 0.999976	AUC[PR]: 0.965368
Val	AUC[ROC]: 0.756666	AUC[PR]: 0.127691
Epoch evaluation duration: 224.902777195
Epoch duration: 253.144858122

Epoch 99/1000
Epoch training duration: 28.1389479637
Train	AUC[ROC]: 0.999979	AUC[PR]: 0.966060
Val	AUC[ROC]: 0.759528	AUC[PR]: 0.136409
Epoch evaluation duration: 227.88577795
Epoch duration: 256.024725914

Epoch 100/1000
Epoch training duration: 27.3686609268
Train	AUC[ROC]: 0.999972	AUC[PR]: 0.961077
Val	AUC[ROC]: 0.791652	AUC[PR]: 0.125073
Epoch evaluation duration: 224.112483025
Epoch duration: 251.481143951

Epoch 101/1000
Epoch training duration: 27.2112870216
Train	AUC[ROC]: 0.999971	AUC[PR]: 0.960440
Val	AUC[ROC]: 0.774587	AUC[PR]: 0.119064
Epoch evaluation duration: 220.452773094
Epoch duration: 247.664060116

Epoch 102/1000
Epoch training duration: 28.2753179073
Train	AUC[ROC]: 0.999979	AUC[PR]: 0.968440
Val	AUC[ROC]: 0.738088	AUC[PR]: 0.117924
Epoch evaluation duration: 222.611236095
Epoch duration: 250.886554003

Epoch 103/1000
Epoch training duration: 28.6917989254
Train	AUC[ROC]: 0.999979	AUC[PR]: 0.971689
Val	AUC[ROC]: 0.765795	AUC[PR]: 0.115474
Epoch evaluation duration: 225.503693104
Epoch duration: 254.195492029

Epoch 104/1000
Epoch training duration: 28.4530739784
Train	AUC[ROC]: 0.999980	AUC[PR]: 0.971919
Val	AUC[ROC]: 0.735049	AUC[PR]: 0.109210
Epoch evaluation duration: 229.685988903
Epoch duration: 258.139062881

Epoch 105/1000
Epoch training duration: 27.839263916
Train	AUC[ROC]: 0.999980	AUC[PR]: 0.971657
Val	AUC[ROC]: 0.754087	AUC[PR]: 0.122079
Epoch evaluation duration: 224.629657984
Epoch duration: 252.4689219

Epoch 106/1000
Epoch training duration: 28.0583181381
Train	AUC[ROC]: 0.999977	AUC[PR]: 0.970260
Val	AUC[ROC]: 0.763021	AUC[PR]: 0.133795
Epoch evaluation duration: 221.837272882
Epoch duration: 249.895591021

Epoch 107/1000
Epoch training duration: 29.3229680061
Train	AUC[ROC]: 0.999964	AUC[PR]: 0.952528
Val	AUC[ROC]: 0.791724	AUC[PR]: 0.141271
Epoch evaluation duration: 222.736826181
Epoch duration: 252.059794188

Epoch 108/1000
Epoch training duration: 27.2983798981
Train	AUC[ROC]: 0.999978	AUC[PR]: 0.971247
Val	AUC[ROC]: 0.766748	AUC[PR]: 0.125350
Epoch evaluation duration: 225.794301987
Epoch duration: 253.092681885

Epoch 109/1000
Epoch training duration: 29.17208004
Train	AUC[ROC]: 0.999971	AUC[PR]: 0.960429
Val	AUC[ROC]: 0.773328	AUC[PR]: 0.127687
Epoch evaluation duration: 226.561069965
Epoch duration: 255.733150005

Epoch 110/1000
Epoch training duration: 28.7679669857
Train	AUC[ROC]: 0.999979	AUC[PR]: 0.971626
Val	AUC[ROC]: 0.743697	AUC[PR]: 0.124834
Epoch evaluation duration: 222.912596941
Epoch duration: 251.680563927

Epoch 111/1000
Epoch training duration: 28.4061050415
Train	AUC[ROC]: 0.999969	AUC[PR]: 0.956473
Val	AUC[ROC]: 0.772300	AUC[PR]: 0.123117
Epoch evaluation duration: 226.141453028
Epoch duration: 254.547558069

Epoch 112/1000
Epoch training duration: 28.3420910835
Train	AUC[ROC]: 0.999979	AUC[PR]: 0.971577
Val	AUC[ROC]: 0.751280	AUC[PR]: 0.122560
Epoch evaluation duration: 222.657877922
Epoch duration: 250.999969006

Epoch 113/1000
Epoch training duration: 28.6106910706
Train	AUC[ROC]: 0.999978	AUC[PR]: 0.969990
Val	AUC[ROC]: 0.746115	AUC[PR]: 0.127665
Epoch evaluation duration: 227.718746901
Epoch duration: 256.329437971

Epoch 114/1000
Epoch training duration: 28.1027479172
Train	AUC[ROC]: 0.999976	AUC[PR]: 0.965865
Val	AUC[ROC]: 0.761346	AUC[PR]: 0.132159
Epoch evaluation duration: 228.777900219
Epoch duration: 256.880648136

Epoch 115/1000
Epoch training duration: 29.1098558903
Train	AUC[ROC]: 0.999976	AUC[PR]: 0.965360
Val	AUC[ROC]: 0.760936	AUC[PR]: 0.124837
Epoch evaluation duration: 274.454005003
Epoch duration: 303.563860893

Epoch 116/1000
Epoch training duration: 28.135226965
Train	AUC[ROC]: 0.999976	AUC[PR]: 0.968619
Val	AUC[ROC]: 0.771060	AUC[PR]: 0.130014
Epoch evaluation duration: 223.439244986
Epoch duration: 251.574471951

Epoch 117/1000
Epoch training duration: 29.9287781715
Train	AUC[ROC]: 0.999981	AUC[PR]: 0.973498
Val	AUC[ROC]: 0.745896	AUC[PR]: 0.123042
Epoch evaluation duration: 222.947627783
Epoch duration: 252.876405954

Epoch 118/1000
Epoch training duration: 28.1058721542
Train	AUC[ROC]: 0.999974	AUC[PR]: 0.962429
Val	AUC[ROC]: 0.768770	AUC[PR]: 0.120776
Epoch evaluation duration: 225.285635948
Epoch duration: 253.391508102

Epoch 119/1000
Epoch training duration: 28.991574049
Train	AUC[ROC]: 0.999980	AUC[PR]: 0.973648
Val	AUC[ROC]: 0.765155	AUC[PR]: 0.121576
Epoch evaluation duration: 231.740696907
Epoch duration: 260.732270956

Epoch 120/1000
Epoch training duration: 27.7964911461
Train	AUC[ROC]: 0.999982	AUC[PR]: 0.977956
Val	AUC[ROC]: 0.765255	AUC[PR]: 0.127267
Epoch evaluation duration: 224.786311865
Epoch duration: 252.582803011

Epoch 121/1000
Epoch training duration: 28.3891501427
Train	AUC[ROC]: 0.999986	AUC[PR]: 0.980606
Val	AUC[ROC]: 0.755626	AUC[PR]: 0.121263
Epoch evaluation duration: 222.322973967
Epoch duration: 250.712124109

Epoch 122/1000
Epoch training duration: 29.0101568699
Train	AUC[ROC]: 0.999986	AUC[PR]: 0.982194
Val	AUC[ROC]: 0.756857	AUC[PR]: 0.125987
Epoch evaluation duration: 226.398869991
Epoch duration: 255.409026861

Epoch 123/1000
Epoch training duration: 28.6114590168
Train	AUC[ROC]: 0.999986	AUC[PR]: 0.980021
Val	AUC[ROC]: 0.752971	AUC[PR]: 0.128691
Epoch evaluation duration: 225.962162018
Epoch duration: 254.573621035

Epoch 124/1000
Epoch training duration: 28.2468891144
Train	AUC[ROC]: 0.999988	AUC[PR]: 0.982102
Val	AUC[ROC]: 0.740247	AUC[PR]: 0.122674
Epoch evaluation duration: 230.826086998
Epoch duration: 259.072976112

Epoch 125/1000
Epoch training duration: 28.7426178455
Train	AUC[ROC]: 0.999989	AUC[PR]: 0.984580
Val	AUC[ROC]: 0.745836	AUC[PR]: 0.117972
Epoch evaluation duration: 226.478638172
Epoch duration: 255.221256018

Epoch 126/1000
Epoch training duration: 28.6718189716
Train	AUC[ROC]: 0.999989	AUC[PR]: 0.983575
Val	AUC[ROC]: 0.736745	AUC[PR]: 0.122645
Epoch evaluation duration: 224.671082973
Epoch duration: 253.342901945

Epoch 127/1000
Epoch training duration: 27.550796032
Train	AUC[ROC]: 0.999991	AUC[PR]: 0.986058
Val	AUC[ROC]: 0.732387	AUC[PR]: 0.117639
Epoch evaluation duration: 226.27561903
Epoch duration: 253.826415062

Epoch 128/1000
Epoch training duration: 27.804546833
Train	AUC[ROC]: 0.999989	AUC[PR]: 0.981985
Val	AUC[ROC]: 0.726106	AUC[PR]: 0.117130
Epoch evaluation duration: 224.861591101
Epoch duration: 252.666137934

Epoch 129/1000
Epoch training duration: 28.4066100121
Train	AUC[ROC]: 0.999990	AUC[PR]: 0.983235
Val	AUC[ROC]: 0.725340	AUC[PR]: 0.117886
Epoch evaluation duration: 230.24674201
Epoch duration: 258.653352022

Epoch 130/1000
Epoch training duration: 29.4806659222
Train	AUC[ROC]: 0.999989	AUC[PR]: 0.982808
Val	AUC[ROC]: 0.743354	AUC[PR]: 0.117617
Epoch evaluation duration: 224.459640026
Epoch duration: 253.940305948

Epoch 131/1000
Epoch training duration: 27.6763598919
Train	AUC[ROC]: 0.999988	AUC[PR]: 0.979340
Val	AUC[ROC]: 0.720886	AUC[PR]: 0.116961
Epoch evaluation duration: 226.247270107
Epoch duration: 253.923629999

Epoch 132/1000
Epoch training duration: 27.6947910786
Train	AUC[ROC]: 0.999990	AUC[PR]: 0.984986
Val	AUC[ROC]: 0.741272	AUC[PR]: 0.120320
Epoch evaluation duration: 225.810299873
Epoch duration: 253.505090952

Epoch 133/1000
Epoch training duration: 28.576292038
Train	AUC[ROC]: 0.999983	AUC[PR]: 0.976299
Val	AUC[ROC]: 0.757739	AUC[PR]: 0.122176
Epoch evaluation duration: 224.752463102
Epoch duration: 253.32875514

Epoch 134/1000
Epoch training duration: 28.0893189907
Train	AUC[ROC]: 0.999980	AUC[PR]: 0.970507
Val	AUC[ROC]: 0.750902	AUC[PR]: 0.118687
Epoch evaluation duration: 253.212046862
Epoch duration: 281.301365852

Epoch 135/1000
Epoch training duration: 36.6332581043
Train	AUC[ROC]: 0.999974	AUC[PR]: 0.965475
Val	AUC[ROC]: 0.762959	AUC[PR]: 0.114883
Epoch evaluation duration: 233.23177886
Epoch duration: 269.865036964

Epoch 136/1000
Epoch training duration: 29.8210821152
Train	AUC[ROC]: 0.999976	AUC[PR]: 0.962539
Val	AUC[ROC]: 0.737489	AUC[PR]: 0.106541
Epoch evaluation duration: 219.208231926
Epoch duration: 249.029314041

Epoch 137/1000
Epoch training duration: 25.9110820293
Train	AUC[ROC]: 0.999974	AUC[PR]: 0.963139
Val	AUC[ROC]: 0.761226	AUC[PR]: 0.111703
Epoch evaluation duration: 178.920305014
Epoch duration: 204.831387043

Epoch 138/1000
Epoch training duration: 23.7748150826
Train	AUC[ROC]: 0.999973	AUC[PR]: 0.960516
Val	AUC[ROC]: 0.757304	AUC[PR]: 0.109705
Epoch evaluation duration: 179.347076893
Epoch duration: 203.121891975

Epoch 139/1000
Epoch training duration: 24.7336750031
Train	AUC[ROC]: 0.999975	AUC[PR]: 0.963940
Val	AUC[ROC]: 0.752697	AUC[PR]: 0.113577
Epoch evaluation duration: 182.26415801
Epoch duration: 206.997833014

Epoch 140/1000
Epoch training duration: 23.9513130188
Train	AUC[ROC]: 0.999974	AUC[PR]: 0.961759
Val	AUC[ROC]: 0.746620	AUC[PR]: 0.107491
Epoch evaluation duration: 179.661953926
Epoch duration: 203.613266945

Epoch 141/1000
Epoch training duration: 24.2980310917
Train	AUC[ROC]: 0.999974	AUC[PR]: 0.961017
Val	AUC[ROC]: 0.752846	AUC[PR]: 0.112353
Epoch evaluation duration: 178.686402082
Epoch duration: 202.984433174

Epoch 142/1000
Epoch training duration: 24.0997569561
Train	AUC[ROC]: 0.999974	AUC[PR]: 0.961178
Val	AUC[ROC]: 0.740757	AUC[PR]: 0.106482
Epoch evaluation duration: 178.460808992
Epoch duration: 202.560565948

Epoch 143/1000
Epoch training duration: 23.7409598827
Train	AUC[ROC]: 0.999971	AUC[PR]: 0.957712
Val	AUC[ROC]: 0.756837	AUC[PR]: 0.123120
Epoch evaluation duration: 178.915527105
Epoch duration: 202.656486988

Epoch 144/1000
Epoch training duration: 23.9563479424
Train	AUC[ROC]: 0.999972	AUC[PR]: 0.958215
Val	AUC[ROC]: 0.729331	AUC[PR]: 0.105561
Epoch evaluation duration: 177.464859009
Epoch duration: 201.421206951

Epoch 145/1000
Epoch training duration: 24.1752860546
Train	AUC[ROC]: 0.999973	AUC[PR]: 0.960761
Val	AUC[ROC]: 0.737774	AUC[PR]: 0.116690
Epoch evaluation duration: 178.290580988
Epoch duration: 202.465867043

Epoch 146/1000
Epoch training duration: 25.6751630306
Train	AUC[ROC]: 0.999972	AUC[PR]: 0.959895
Val	AUC[ROC]: 0.738080	AUC[PR]: 0.110190
Epoch evaluation duration: 181.223421812
Epoch duration: 206.898584843

Epoch 147/1000
Epoch training duration: 23.3817110062
Train	AUC[ROC]: 0.999973	AUC[PR]: 0.959364
Val	AUC[ROC]: 0.729882	AUC[PR]: 0.107843
Epoch evaluation duration: 179.976714134
Epoch duration: 203.35842514

Epoch 148/1000
Epoch training duration: 23.8212099075
Train	AUC[ROC]: 0.999976	AUC[PR]: 0.965151
Val	AUC[ROC]: 0.734284	AUC[PR]: 0.110381
Epoch evaluation duration: 179.376682997
Epoch duration: 203.197892904

Epoch 149/1000
Epoch training duration: 24.1107280254
Train	AUC[ROC]: 0.999974	AUC[PR]: 0.961956
Val	AUC[ROC]: 0.748700	AUC[PR]: 0.112625
Epoch evaluation duration: 177.255454063
Epoch duration: 201.366182089

Epoch 150/1000
Epoch training duration: 24.5957770348
Train	AUC[ROC]: 0.999977	AUC[PR]: 0.965651
Val	AUC[ROC]: 0.727653	AUC[PR]: 0.109986
Epoch evaluation duration: 177.842442989
Epoch duration: 202.438220024

Epoch 151/1000
Epoch training duration: 24.0757629871
Train	AUC[ROC]: 0.999976	AUC[PR]: 0.965976
Val	AUC[ROC]: 0.749226	AUC[PR]: 0.109261
Epoch evaluation duration: 180.987897873
Epoch duration: 205.06366086

Epoch 152/1000
Epoch training duration: 24.5031890869
Train	AUC[ROC]: 0.999977	AUC[PR]: 0.966467
Val	AUC[ROC]: 0.730651	AUC[PR]: 0.101530
Epoch evaluation duration: 182.447226048
Epoch duration: 206.950415134

Epoch 153/1000
Epoch training duration: 24.2039968967
Train	AUC[ROC]: 0.999976	AUC[PR]: 0.966208
Val	AUC[ROC]: 0.738644	AUC[PR]: 0.106422
Epoch evaluation duration: 178.775165081
Epoch duration: 202.979161978

Epoch 154/1000
Epoch training duration: 23.6858489513
Train	AUC[ROC]: 0.999974	AUC[PR]: 0.963055
Val	AUC[ROC]: 0.769300	AUC[PR]: 0.119756
Epoch evaluation duration: 178.540069103
Epoch duration: 202.225918055

Epoch 155/1000
Epoch training duration: 24.1753258705
Train	AUC[ROC]: 0.999974	AUC[PR]: 0.960907
Val	AUC[ROC]: 0.755131	AUC[PR]: 0.111925
Epoch evaluation duration: 177.801968098
Epoch duration: 201.977293968

Epoch 156/1000
Epoch training duration: 24.7303340435
Train	AUC[ROC]: 0.999975	AUC[PR]: 0.963829
Val	AUC[ROC]: 0.754073	AUC[PR]: 0.107449
Epoch evaluation duration: 179.973830938
Epoch duration: 204.704164982

Epoch 157/1000
Epoch training duration: 24.5545549393
Train	AUC[ROC]: 0.999973	AUC[PR]: 0.958406
Val	AUC[ROC]: 0.742872	AUC[PR]: 0.097187
Epoch evaluation duration: 178.465460062
Epoch duration: 203.020015001

Epoch 158/1000
Epoch training duration: 24.3535850048
Train	AUC[ROC]: 0.999974	AUC[PR]: 0.961259
Val	AUC[ROC]: 0.743485	AUC[PR]: 0.092386
Epoch evaluation duration: 196.973175049
Epoch duration: 221.326760054

Epoch 159/1000
Epoch training duration: 28.640901804
Train	AUC[ROC]: 0.999973	AUC[PR]: 0.958628
Val	AUC[ROC]: 0.744792	AUC[PR]: 0.105470
Epoch evaluation duration: 190.819669008
Epoch duration: 219.460570812

Epoch 160/1000
Epoch training duration: 25.3085010052
Train	AUC[ROC]: 0.999971	AUC[PR]: 0.958318
Val	AUC[ROC]: 0.763129	AUC[PR]: 0.106434
Epoch evaluation duration: 177.87599206
Epoch duration: 203.184493065

Epoch 161/1000
Epoch training duration: 24.7277121544
Train	AUC[ROC]: 0.999970	AUC[PR]: 0.955802
Val	AUC[ROC]: 0.760626	AUC[PR]: 0.102803
Epoch evaluation duration: 179.348617792
Epoch duration: 204.076329947

Epoch 162/1000
Epoch training duration: 25.284209013
Train	AUC[ROC]: 0.999965	AUC[PR]: 0.951138
Val	AUC[ROC]: 0.774133	AUC[PR]: 0.105242
Epoch evaluation duration: 179.009982109
Epoch duration: 204.294191122

Epoch 163/1000
Epoch training duration: 24.1947100163
Train	AUC[ROC]: 0.999967	AUC[PR]: 0.953058
Val	AUC[ROC]: 0.759324	AUC[PR]: 0.092733
Epoch evaluation duration: 179.127830029
Epoch duration: 203.322540045

Epoch 164/1000
Epoch training duration: 23.6940619946
Train	AUC[ROC]: 0.999968	AUC[PR]: 0.954628
Val	AUC[ROC]: 0.762243	AUC[PR]: 0.091061
Epoch evaluation duration: 178.402565956
Epoch duration: 202.096627951

Epoch 165/1000
Epoch training duration: 23.7377328873
Train	AUC[ROC]: 0.999970	AUC[PR]: 0.957877
Val	AUC[ROC]: 0.752747	AUC[PR]: 0.087813
Epoch evaluation duration: 176.594078064
Epoch duration: 200.331810951

Epoch 166/1000
Epoch training duration: 24.1023271084
Train	AUC[ROC]: 0.999970	AUC[PR]: 0.955289
Val	AUC[ROC]: 0.748847	AUC[PR]: 0.087857
Epoch evaluation duration: 176.419304848
Epoch duration: 200.521631956

Epoch 167/1000
Epoch training duration: 23.8295891285
Train	AUC[ROC]: 0.999973	AUC[PR]: 0.960840
Val	AUC[ROC]: 0.750891	AUC[PR]: 0.087419
Epoch evaluation duration: 178.915904999
Epoch duration: 202.745494127

Epoch 168/1000
Epoch training duration: 24.2543058395
Train	AUC[ROC]: 0.999966	AUC[PR]: 0.952199
Val	AUC[ROC]: 0.776126	AUC[PR]: 0.086749
Epoch evaluation duration: 177.69037509
Epoch duration: 201.944680929

Epoch 169/1000
Epoch training duration: 23.6981360912
Train	AUC[ROC]: 0.999970	AUC[PR]: 0.956182
Val	AUC[ROC]: 0.753793	AUC[PR]: 0.088082
Epoch evaluation duration: 179.49017787
Epoch duration: 203.188313961

Epoch 170/1000
Epoch training duration: 23.4509780407
Train	AUC[ROC]: 0.999969	AUC[PR]: 0.955678
Val	AUC[ROC]: 0.764922	AUC[PR]: 0.083305
Epoch evaluation duration: 180.959616899
Epoch duration: 204.41059494

Epoch 171/1000
Epoch training duration: 24.9044589996
Train	AUC[ROC]: 0.999971	AUC[PR]: 0.957791
Val	AUC[ROC]: 0.758109	AUC[PR]: 0.087665
Epoch evaluation duration: 179.798141003
Epoch duration: 204.702600002

Epoch 172/1000
Epoch training duration: 23.896679163
Train	AUC[ROC]: 0.999971	AUC[PR]: 0.956354
Val	AUC[ROC]: 0.748231	AUC[PR]: 0.090074
Epoch evaluation duration: 178.76799798
Epoch duration: 202.664677143

Epoch 173/1000
Epoch training duration: 24.3199689388
Train	AUC[ROC]: 0.999973	AUC[PR]: 0.961030
Val	AUC[ROC]: 0.758902	AUC[PR]: 0.097943
Epoch evaluation duration: 179.278347969
Epoch duration: 203.598316908

Epoch 174/1000
Epoch training duration: 23.7035069466
Train	AUC[ROC]: 0.999972	AUC[PR]: 0.958425
Val	AUC[ROC]: 0.748230	AUC[PR]: 0.093605
Epoch evaluation duration: 179.358654022
Epoch duration: 203.062160969

Epoch 175/1000
Epoch training duration: 24.585255146
Train	AUC[ROC]: 0.999972	AUC[PR]: 0.958716
Val	AUC[ROC]: 0.755103	AUC[PR]: 0.089633
Epoch evaluation duration: 181.576057911
Epoch duration: 206.161313057

Epoch 176/1000
Epoch training duration: 24.1053390503
Train	AUC[ROC]: 0.999971	AUC[PR]: 0.956984
Val	AUC[ROC]: 0.751991	AUC[PR]: 0.095749
Epoch evaluation duration: 181.550837994
Epoch duration: 205.656177044

Epoch 177/1000
Epoch training duration: 24.8464729786
Train	AUC[ROC]: 0.999970	AUC[PR]: 0.954950
Val	AUC[ROC]: 0.743662	AUC[PR]: 0.098314
Epoch evaluation duration: 176.604954958
Epoch duration: 201.451427937

Epoch 178/1000
Epoch training duration: 24.2888920307
Train	AUC[ROC]: 0.999968	AUC[PR]: 0.951568
Val	AUC[ROC]: 0.740927	AUC[PR]: 0.097279
Epoch evaluation duration: 177.995680094
Epoch duration: 202.284572124

Epoch 179/1000
Epoch training duration: 23.9302690029
Train	AUC[ROC]: 0.999966	AUC[PR]: 0.950586
Val	AUC[ROC]: 0.778491	AUC[PR]: 0.107267
Epoch evaluation duration: 180.39177084
Epoch duration: 204.322039843

Epoch 180/1000
Epoch training duration: 24.7526571751
Train	AUC[ROC]: 0.999969	AUC[PR]: 0.954751
Val	AUC[ROC]: 0.760715	AUC[PR]: 0.103997
Epoch evaluation duration: 175.258235931
Epoch duration: 200.010893106

Epoch 181/1000
Epoch training duration: 25.1344900131
Train	AUC[ROC]: 0.999968	AUC[PR]: 0.952319
Val	AUC[ROC]: 0.761486	AUC[PR]: 0.102193
Epoch evaluation duration: 178.439959049
Epoch duration: 203.574449062

Epoch 182/1000
Epoch training duration: 24.5073919296
Train	AUC[ROC]: 0.999969	AUC[PR]: 0.953615
Val	AUC[ROC]: 0.753855	AUC[PR]: 0.097057
Epoch evaluation duration: 178.279157877
Epoch duration: 202.786549807

Epoch 183/1000
Epoch training duration: 25.0980141163
Train	AUC[ROC]: 0.999971	AUC[PR]: 0.957042
Val	AUC[ROC]: 0.748441	AUC[PR]: 0.093518
Epoch evaluation duration: 180.976841927
Epoch duration: 206.074856043

Epoch 184/1000
Epoch training duration: 29.1698760986
Train	AUC[ROC]: 0.999970	AUC[PR]: 0.956300
Val	AUC[ROC]: 0.766102	AUC[PR]: 0.089393
Epoch evaluation duration: 180.161295891
Epoch duration: 209.331171989

Epoch 185/1000
Epoch training duration: 24.022094965
Train	AUC[ROC]: 0.999965	AUC[PR]: 0.950060
Val	AUC[ROC]: 0.766508	AUC[PR]: 0.090935
Epoch evaluation duration: 181.889966011
Epoch duration: 205.912060976

Epoch 186/1000
Epoch training duration: 24.6838531494
Train	AUC[ROC]: 0.999961	AUC[PR]: 0.943656
Val	AUC[ROC]: 0.766378	AUC[PR]: 0.089050
Epoch evaluation duration: 179.416653872
Epoch duration: 204.100507021

Epoch 187/1000
Epoch training duration: 23.9465920925
Train	AUC[ROC]: 0.999961	AUC[PR]: 0.943952
Val	AUC[ROC]: 0.767223	AUC[PR]: 0.088717
Epoch evaluation duration: 175.835134029
Epoch duration: 199.781726122

Epoch 188/1000
Epoch training duration: 25.4870178699
Train	AUC[ROC]: 0.999964	AUC[PR]: 0.946541
Val	AUC[ROC]: 0.760102	AUC[PR]: 0.087719
Epoch evaluation duration: 180.205996037
Epoch duration: 205.693013906

Epoch 189/1000
Epoch training duration: 25.5682859421
Train	AUC[ROC]: 0.999963	AUC[PR]: 0.943191
Val	AUC[ROC]: 0.753248	AUC[PR]: 0.087461
Epoch evaluation duration: 184.418111086
Epoch duration: 209.986397028

Epoch 190/1000
Epoch training duration: 23.7457120419
Train	AUC[ROC]: 0.999963	AUC[PR]: 0.944672
Val	AUC[ROC]: 0.756861	AUC[PR]: 0.092284
Epoch evaluation duration: 179.94966507
Epoch duration: 203.695377111

Epoch 191/1000
Epoch training duration: 24.4777648449
Train	AUC[ROC]: 0.999964	AUC[PR]: 0.946321
Val	AUC[ROC]: 0.760427	AUC[PR]: 0.085392
Epoch evaluation duration: 179.637638092
Epoch duration: 204.115402937

Epoch 192/1000
Epoch training duration: 23.5619089603
Train	AUC[ROC]: 0.999964	AUC[PR]: 0.946070
Val	AUC[ROC]: 0.761616	AUC[PR]: 0.091523
Epoch evaluation duration: 181.022960901
Epoch duration: 204.584869862

Epoch 193/1000
Epoch training duration: 23.8510611057
Train	AUC[ROC]: 0.999967	AUC[PR]: 0.951839
Val	AUC[ROC]: 0.754274	AUC[PR]: 0.088093
Epoch evaluation duration: 178.508090019
Epoch duration: 202.359151125

Epoch 194/1000
Epoch training duration: 24.8194949627
Train	AUC[ROC]: 0.999968	AUC[PR]: 0.953450
Val	AUC[ROC]: 0.751800	AUC[PR]: 0.091561
Epoch evaluation duration: 182.22289896
Epoch duration: 207.042393923

Epoch 195/1000
Epoch training duration: 24.3716261387
Train	AUC[ROC]: 0.999969	AUC[PR]: 0.954263
Val	AUC[ROC]: 0.745972	AUC[PR]: 0.090830
Epoch evaluation duration: 182.447490931
Epoch duration: 206.819117069

Epoch 196/1000
Epoch training duration: 23.9102530479
Train	AUC[ROC]: 0.999968	AUC[PR]: 0.953570
Val	AUC[ROC]: 0.767940	AUC[PR]: 0.090883
Epoch evaluation duration: 179.430415869
Epoch duration: 203.340668917

Epoch 197/1000
Epoch training duration: 24.3110191822
Train	AUC[ROC]: 0.999970	AUC[PR]: 0.954879
Val	AUC[ROC]: 0.750083	AUC[PR]: 0.092712
Epoch evaluation duration: 183.733157873
Epoch duration: 208.044177055

Epoch 198/1000
Epoch training duration: 23.7449131012
Train	AUC[ROC]: 0.999972	AUC[PR]: 0.959034
Val	AUC[ROC]: 0.764318	AUC[PR]: 0.089342
Epoch evaluation duration: 180.34296298
Epoch duration: 204.087876081

Epoch 199/1000
Epoch training duration: 25.0801010132
Train	AUC[ROC]: 0.999971	AUC[PR]: 0.957511
Val	AUC[ROC]: 0.766085	AUC[PR]: 0.088303
Epoch evaluation duration: 178.321614981
Epoch duration: 203.401715994

Epoch 200/1000
Epoch training duration: 24.3990139961
Train	AUC[ROC]: 0.999970	AUC[PR]: 0.955648
Val	AUC[ROC]: 0.749756	AUC[PR]: 0.084289
Epoch evaluation duration: 178.117554903
Epoch duration: 202.516568899

Epoch 201/1000
Epoch training duration: 25.1924071312
Train	AUC[ROC]: 0.999969	AUC[PR]: 0.952435
Val	AUC[ROC]: 0.743503	AUC[PR]: 0.084101
Epoch evaluation duration: 184.637557983
Epoch duration: 209.829965115

Epoch 202/1000
Epoch training duration: 25.176183939
Train	AUC[ROC]: 0.999968	AUC[PR]: 0.953569
Val	AUC[ROC]: 0.765355	AUC[PR]: 0.098021
Epoch evaluation duration: 145.038110971
Epoch duration: 170.21429491

Epoch 203/1000
Epoch training duration: 20.6339359283
Train	AUC[ROC]: 0.999971	AUC[PR]: 0.957546
Val	AUC[ROC]: 0.749005	AUC[PR]: 0.091600
Epoch evaluation duration: 138.802479982
Epoch duration: 159.436415911

Epoch 204/1000
Epoch training duration: 21.2375671864
Train	AUC[ROC]: 0.999971	AUC[PR]: 0.957461
Val	AUC[ROC]: 0.756419	AUC[PR]: 0.088169
Epoch evaluation duration: 142.963784933
Epoch duration: 164.201352119

Epoch 205/1000
Epoch training duration: 21.7381420135
Train	AUC[ROC]: 0.999970	AUC[PR]: 0.955375
Val	AUC[ROC]: 0.748730	AUC[PR]: 0.087999
Epoch evaluation duration: 140.271408081
Epoch duration: 162.009550095

Epoch 206/1000
Epoch training duration: 22.1409769058
Train	AUC[ROC]: 0.999970	AUC[PR]: 0.956553
Val	AUC[ROC]: 0.749354	AUC[PR]: 0.082748
Epoch evaluation duration: 138.680141926
Epoch duration: 160.821118832

Epoch 207/1000
Epoch training duration: 21.405932188
Train	AUC[ROC]: 0.999969	AUC[PR]: 0.954323
Val	AUC[ROC]: 0.736173	AUC[PR]: 0.086935
Epoch evaluation duration: 138.417346001
Epoch duration: 159.823278189

Epoch 208/1000
Epoch training duration: 21.2845659256
Train	AUC[ROC]: 0.999968	AUC[PR]: 0.952454
Val	AUC[ROC]: 0.735891	AUC[PR]: 0.085746
Epoch evaluation duration: 139.452960014
Epoch duration: 160.73752594

Epoch 209/1000
Epoch training duration: 22.6449279785
Train	AUC[ROC]: 0.999969	AUC[PR]: 0.953515
Val	AUC[ROC]: 0.735923	AUC[PR]: 0.082677
Epoch evaluation duration: 147.352844
Epoch duration: 169.997771978

Epoch 210/1000
Epoch training duration: 24.1105978489
Train	AUC[ROC]: 0.999971	AUC[PR]: 0.957481
Val	AUC[ROC]: 0.749510	AUC[PR]: 0.091770
Epoch evaluation duration: 153.753008127
Epoch duration: 177.863605976

Epoch 211/1000
Epoch training duration: 21.8951339722
Train	AUC[ROC]: 0.999969	AUC[PR]: 0.953793
Val	AUC[ROC]: 0.737302	AUC[PR]: 0.090397
Epoch evaluation duration: 141.817908049
Epoch duration: 163.713042021

Epoch 212/1000
Epoch training duration: 22.1382238865
Train	AUC[ROC]: 0.999971	AUC[PR]: 0.956657
Val	AUC[ROC]: 0.736103	AUC[PR]: 0.090211
Epoch evaluation duration: 140.039070129
Epoch duration: 162.177294016

Epoch 213/1000
Epoch training duration: 22.1912250519
Train	AUC[ROC]: 0.999971	AUC[PR]: 0.956706
Val	AUC[ROC]: 0.743506	AUC[PR]: 0.097241
Epoch evaluation duration: 143.352768898
Epoch duration: 165.54399395

Epoch 214/1000
Epoch training duration: 21.3059580326
Train	AUC[ROC]: 0.999972	AUC[PR]: 0.958317
Val	AUC[ROC]: 0.729088	AUC[PR]: 0.092076
Epoch evaluation duration: 140.609510899
Epoch duration: 161.915468931

Epoch 215/1000
Epoch training duration: 21.404925108
Train	AUC[ROC]: 0.999973	AUC[PR]: 0.960337
Val	AUC[ROC]: 0.742281	AUC[PR]: 0.095601
Epoch evaluation duration: 143.55009985
Epoch duration: 164.955024958

Epoch 216/1000
Epoch training duration: 21.6899821758
Train	AUC[ROC]: 0.999974	AUC[PR]: 0.961482
Val	AUC[ROC]: 0.742288	AUC[PR]: 0.096934
Epoch evaluation duration: 143.000668049
Epoch duration: 164.690650225

Epoch 217/1000
Epoch training duration: 21.4289669991
Train	AUC[ROC]: 0.999976	AUC[PR]: 0.964378
Val	AUC[ROC]: 0.740225	AUC[PR]: 0.093638
Epoch evaluation duration: 140.034057856
Epoch duration: 161.463024855

Epoch 218/1000
Epoch training duration: 22.514111042
Train	AUC[ROC]: 0.999974	AUC[PR]: 0.960563
Val	AUC[ROC]: 0.733852	AUC[PR]: 0.094156
Epoch evaluation duration: 140.219728947
Epoch duration: 162.733839989

Epoch 219/1000
Epoch training duration: 21.3468899727
Train	AUC[ROC]: 0.999973	AUC[PR]: 0.959579
Val	AUC[ROC]: 0.726000	AUC[PR]: 0.095272
Epoch evaluation duration: 141.615771055
Epoch duration: 162.962661028

Epoch 220/1000
Epoch training duration: 21.4563491344
Train	AUC[ROC]: 0.999976	AUC[PR]: 0.963995
Val	AUC[ROC]: 0.725106	AUC[PR]: 0.101723
Epoch evaluation duration: 141.53154397
Epoch duration: 162.987893105

Epoch 221/1000
Epoch training duration: 21.9128479958
Train	AUC[ROC]: 0.999975	AUC[PR]: 0.963391
Val	AUC[ROC]: 0.722818	AUC[PR]: 0.092914
Epoch evaluation duration: 143.418777943
Epoch duration: 165.331625938

Epoch 222/1000
Epoch training duration: 21.782818079
Train	AUC[ROC]: 0.999975	AUC[PR]: 0.963517
Val	AUC[ROC]: 0.733105	AUC[PR]: 0.093771
Epoch evaluation duration: 141.667757988
Epoch duration: 163.450576067

Epoch 223/1000
Epoch training duration: 21.061319828
Train	AUC[ROC]: 0.999977	AUC[PR]: 0.965232
Val	AUC[ROC]: 0.721801	AUC[PR]: 0.094624
Epoch evaluation duration: 142.444267035
Epoch duration: 163.505586863

Epoch 224/1000
Epoch training duration: 21.486618042
Train	AUC[ROC]: 0.999977	AUC[PR]: 0.966331
Val	AUC[ROC]: 0.732631	AUC[PR]: 0.098041
Epoch evaluation duration: 141.652298927
Epoch duration: 163.138916969

Epoch 225/1000
Epoch training duration: 21.7887210846
Train	AUC[ROC]: 0.999980	AUC[PR]: 0.970672
Val	AUC[ROC]: 0.710061	AUC[PR]: 0.090806
Epoch evaluation duration: 139.689887047
Epoch duration: 161.478608131

Epoch 226/1000
Epoch training duration: 21.0394108295
Train	AUC[ROC]: 0.999976	AUC[PR]: 0.964862
Val	AUC[ROC]: 0.734004	AUC[PR]: 0.089962
Epoch evaluation duration: 141.28037405
Epoch duration: 162.31978488

Epoch 227/1000
Epoch training duration: 21.1721971035
Train	AUC[ROC]: 0.999972	AUC[PR]: 0.958488
Val	AUC[ROC]: 0.738444	AUC[PR]: 0.091231
Epoch evaluation duration: 141.729104042
Epoch duration: 162.901301146

Epoch 228/1000
Epoch training duration: 21.7576169968
Train	AUC[ROC]: 0.999968	AUC[PR]: 0.953216
Val	AUC[ROC]: 0.735297	AUC[PR]: 0.082815
Epoch evaluation duration: 141.677531958
Epoch duration: 163.435148954

Epoch 229/1000
Epoch training duration: 21.8366558552
Train	AUC[ROC]: 0.999967	AUC[PR]: 0.952631
Val	AUC[ROC]: 0.763721	AUC[PR]: 0.086584
Epoch evaluation duration: 145.646047115
Epoch duration: 167.482702971

Epoch 230/1000
Epoch training duration: 21.2558569908
Train	AUC[ROC]: 0.999969	AUC[PR]: 0.955224
Val	AUC[ROC]: 0.752343	AUC[PR]: 0.083661
Epoch evaluation duration: 143.69026804
Epoch duration: 164.946125031

Epoch 231/1000
Epoch training duration: 21.1578900814
Train	AUC[ROC]: 0.999961	AUC[PR]: 0.945613
Val	AUC[ROC]: 0.752893	AUC[PR]: 0.079878
Epoch evaluation duration: 142.570296764
Epoch duration: 163.728186846

Epoch 232/1000
Epoch training duration: 22.0995681286
Train	AUC[ROC]: 0.999966	AUC[PR]: 0.952014
Val	AUC[ROC]: 0.746413	AUC[PR]: 0.081950
Epoch evaluation duration: 144.273211002
Epoch duration: 166.372779131

Epoch 233/1000
Epoch training duration: 20.431096077
Train	AUC[ROC]: 0.999965	AUC[PR]: 0.949846
Val	AUC[ROC]: 0.747094	AUC[PR]: 0.075409
Epoch evaluation duration: 140.873471975
Epoch duration: 161.304568052

Epoch 234/1000
Epoch training duration: 21.0746400356
Train	AUC[ROC]: 0.999964	AUC[PR]: 0.947539
Val	AUC[ROC]: 0.742159	AUC[PR]: 0.072875
Epoch evaluation duration: 141.780942917
Epoch duration: 162.855582952

Epoch 235/1000
Epoch training duration: 21.276747942
Train	AUC[ROC]: 0.999967	AUC[PR]: 0.950308
Val	AUC[ROC]: 0.730351	AUC[PR]: 0.078247
Epoch evaluation duration: 139.937977076
Epoch duration: 161.214725018

Epoch 236/1000
Epoch training duration: 21.5601918697
Train	AUC[ROC]: 0.999966	AUC[PR]: 0.950692
Val	AUC[ROC]: 0.749303	AUC[PR]: 0.080658
Epoch evaluation duration: 141.3374722
Epoch duration: 162.89766407

Epoch 237/1000
Epoch training duration: 21.6768319607
Train	AUC[ROC]: 0.999967	AUC[PR]: 0.951228
Val	AUC[ROC]: 0.737431	AUC[PR]: 0.086895
Epoch evaluation duration: 143.111709833
Epoch duration: 164.788541794

Epoch 238/1000
Epoch training duration: 21.3387901783
Train	AUC[ROC]: 0.999968	AUC[PR]: 0.951784
Val	AUC[ROC]: 0.730881	AUC[PR]: 0.089196
Epoch evaluation duration: 143.692749977
Epoch duration: 165.031540155

Epoch 239/1000
Epoch training duration: 20.858850956
Train	AUC[ROC]: 0.999963	AUC[PR]: 0.946038
Val	AUC[ROC]: 0.761225	AUC[PR]: 0.080796
Epoch evaluation duration: 141.964020014
Epoch duration: 162.82287097

Epoch 240/1000
Epoch training duration: 22.0813260078
Train	AUC[ROC]: 0.999969	AUC[PR]: 0.954989
Val	AUC[ROC]: 0.738236	AUC[PR]: 0.087524
Epoch evaluation duration: 140.23673892
Epoch duration: 162.318064928

Epoch 241/1000
Epoch training duration: 21.9630031586
Train	AUC[ROC]: 0.999968	AUC[PR]: 0.952417
Val	AUC[ROC]: 0.736426	AUC[PR]: 0.092310
Epoch evaluation duration: 142.111590862
Epoch duration: 164.074594021

Epoch 242/1000
Epoch training duration: 21.9429240227
Train	AUC[ROC]: 0.999969	AUC[PR]: 0.954842
Val	AUC[ROC]: 0.733270	AUC[PR]: 0.091666
Epoch evaluation duration: 140.257891893
Epoch duration: 162.200815916

Epoch 243/1000
Epoch training duration: 21.883849144
Train	AUC[ROC]: 0.999971	AUC[PR]: 0.957107
Val	AUC[ROC]: 0.728841	AUC[PR]: 0.088009
Epoch evaluation duration: 142.798393965
Epoch duration: 164.682243109

Epoch 244/1000
Epoch training duration: 22.0520939827
Train	AUC[ROC]: 0.999972	AUC[PR]: 0.958627
Val	AUC[ROC]: 0.729832	AUC[PR]: 0.086009
Epoch evaluation duration: 139.975654125
Epoch duration: 162.027748108

Epoch 245/1000
Epoch training duration: 21.7062849998
Train	AUC[ROC]: 0.999972	AUC[PR]: 0.958713
Val	AUC[ROC]: 0.723042	AUC[PR]: 0.087488
Epoch evaluation duration: 142.875580788
Epoch duration: 164.581865788

Epoch 246/1000
Epoch training duration: 21.266285181
Train	AUC[ROC]: 0.999965	AUC[PR]: 0.949343
Val	AUC[ROC]: 0.736022	AUC[PR]: 0.077812
Epoch evaluation duration: 139.482553959
Epoch duration: 160.74883914

Epoch 247/1000
Epoch training duration: 21.6569430828
Train	AUC[ROC]: 0.999967	AUC[PR]: 0.951545
Val	AUC[ROC]: 0.740086	AUC[PR]: 0.078280
Epoch evaluation duration: 144.544288874
Epoch duration: 166.201231956

Epoch 248/1000
Epoch training duration: 22.043859005
Train	AUC[ROC]: 0.999971	AUC[PR]: 0.958088
Val	AUC[ROC]: 0.726463	AUC[PR]: 0.080109
Epoch evaluation duration: 139.742038965
Epoch duration: 161.78589797

train precision: 0.863908459819
train roc: 0.999897649787
train hit in top 3418: 444.0 out of 444.0

val precision: 0.168739097518
val roc: 0.80851143607
val hit in top 427: 35.0 out of 55.0

test precision: 0.138763776656
test roc: 0.778616167297
test hit in top 427: 27.0 out of 55.0

ratio: 0.02, EF: 28.1818181818,	active: 55.0
ratio: 0.02, NEF: 0.563636363636
ratio: 0.01, EF: 49.0909090909,	active: 55.0
ratio: 0.01, NEF: 0.490909090909
ratio: 0.0015, EF: 206.060606061,	active: 55.0
ratio: 0.0015, NEF: 0.309090909091
ratio: 0.001, EF: 200.0,	active: 55.0
ratio: 0.001, NEF: 0.261904761905

