label_name_list  [u'PriA-SSB AS Activity']
train files  ['../datasets/keck_pria/fold_0.csv' '../datasets/keck_pria/fold_1.csv'
 '../datasets/keck_pria/fold_2.csv' '../datasets/keck_pria/fold_3.csv'
 '../datasets/keck_pria/fold_4.csv' '../datasets/keck_pria/fold_5.csv']
val files  ['../datasets/keck_pria/fold_6.csv']
test files  ['../datasets/keck_pria/fold_7.csv']
Class Weight  [{0: 1.0, 1: 766.6317365269462}]
Epoch 1/1000
Epoch training duration: 18.8613188267
Train	AUC[ROC]: 0.977073	AUC[PR]: 0.168026
Val	AUC[ROC]: 0.885304	AUC[PR]: 0.077645
Epoch evaluation duration: 134.887770176
Epoch duration: 153.749089003

Epoch 2/1000
Epoch training duration: 16.4026119709
Train	AUC[ROC]: 0.994037	AUC[PR]: 0.256021
Val	AUC[ROC]: 0.901572	AUC[PR]: 0.097309
Epoch evaluation duration: 124.685775995
Epoch duration: 141.088387966

Epoch 3/1000
Epoch training duration: 16.0517060757
Train	AUC[ROC]: 0.997892	AUC[PR]: 0.385305
Val	AUC[ROC]: 0.897639	AUC[PR]: 0.090007
Epoch evaluation duration: 127.56009388
Epoch duration: 143.611799955

Epoch 4/1000
Epoch training duration: 17.6671619415
Train	AUC[ROC]: 0.998882	AUC[PR]: 0.475899
Val	AUC[ROC]: 0.907463	AUC[PR]: 0.102429
Epoch evaluation duration: 121.129055023
Epoch duration: 138.796216965

Epoch 5/1000
Epoch training duration: 17.1705579758
Train	AUC[ROC]: 0.999159	AUC[PR]: 0.519457
Val	AUC[ROC]: 0.909320	AUC[PR]: 0.104360
Epoch evaluation duration: 124.170199156
Epoch duration: 141.340757132

Epoch 6/1000
Epoch training duration: 16.1431548595
Train	AUC[ROC]: 0.999601	AUC[PR]: 0.686776
Val	AUC[ROC]: 0.914322	AUC[PR]: 0.126244
Epoch evaluation duration: 122.242237091
Epoch duration: 138.385391951

Epoch 7/1000
Epoch training duration: 14.0698518753
Train	AUC[ROC]: 0.999597	AUC[PR]: 0.650990
Val	AUC[ROC]: 0.903707	AUC[PR]: 0.126683
Epoch evaluation duration: 127.751134157
Epoch duration: 141.820986032

Epoch 8/1000
Epoch training duration: 19.4047169685
Train	AUC[ROC]: 0.999737	AUC[PR]: 0.740796
Val	AUC[ROC]: 0.902279	AUC[PR]: 0.129910
Epoch evaluation duration: 127.412955999
Epoch duration: 146.817672968

Epoch 9/1000
Epoch training duration: 15.1779048443
Train	AUC[ROC]: 0.999713	AUC[PR]: 0.714988
Val	AUC[ROC]: 0.904517	AUC[PR]: 0.141175
Epoch evaluation duration: 121.677907228
Epoch duration: 136.855812073

Epoch 10/1000
Epoch training duration: 16.3936769962
Train	AUC[ROC]: 0.999844	AUC[PR]: 0.835490
Val	AUC[ROC]: 0.885669	AUC[PR]: 0.152076
Epoch evaluation duration: 124.340007782
Epoch duration: 140.733684778

Epoch 11/1000
Epoch training duration: 17.0657110214
Train	AUC[ROC]: 0.999902	AUC[PR]: 0.894426
Val	AUC[ROC]: 0.883304	AUC[PR]: 0.158051
Epoch evaluation duration: 125.499891996
Epoch duration: 142.565603018

Epoch 12/1000
Epoch training duration: 17.8017771244
Train	AUC[ROC]: 0.999919	AUC[PR]: 0.904138
Val	AUC[ROC]: 0.863632	AUC[PR]: 0.165160
Epoch evaluation duration: 121.825101852
Epoch duration: 139.626878977

Epoch 13/1000
Epoch training duration: 16.0055902004
Train	AUC[ROC]: 0.999929	AUC[PR]: 0.923063
Val	AUC[ROC]: 0.871822	AUC[PR]: 0.151586
Epoch evaluation duration: 117.780539036
Epoch duration: 133.786129236

Epoch 14/1000
Epoch training duration: 15.3855748177
Train	AUC[ROC]: 0.999926	AUC[PR]: 0.907949
Val	AUC[ROC]: 0.846852	AUC[PR]: 0.177181
Epoch evaluation duration: 126.005700111
Epoch duration: 141.391274929

Epoch 15/1000
Epoch training duration: 16.7611348629
Train	AUC[ROC]: 0.999947	AUC[PR]: 0.937923
Val	AUC[ROC]: 0.861907	AUC[PR]: 0.168088
Epoch evaluation duration: 126.069018126
Epoch duration: 142.830152988

Epoch 16/1000
Epoch training duration: 16.2278800011
Train	AUC[ROC]: 0.999960	AUC[PR]: 0.955749
Val	AUC[ROC]: 0.848484	AUC[PR]: 0.172695
Epoch evaluation duration: 121.625506878
Epoch duration: 137.853386879

Epoch 17/1000
Epoch training duration: 15.8887991905
Train	AUC[ROC]: 0.999967	AUC[PR]: 0.961841
Val	AUC[ROC]: 0.845435	AUC[PR]: 0.173950
Epoch evaluation duration: 129.522150993
Epoch duration: 145.410950184

Epoch 18/1000
Epoch training duration: 16.6897189617
Train	AUC[ROC]: 0.999968	AUC[PR]: 0.961018
Val	AUC[ROC]: 0.846335	AUC[PR]: 0.176295
Epoch evaluation duration: 128.424383879
Epoch duration: 145.11410284

Epoch 19/1000
Epoch training duration: 16.6540679932
Train	AUC[ROC]: 0.999980	AUC[PR]: 0.972974
Val	AUC[ROC]: 0.833871	AUC[PR]: 0.165262
Epoch evaluation duration: 127.550932169
Epoch duration: 144.205000162

Epoch 20/1000
Epoch training duration: 15.9835038185
Train	AUC[ROC]: 0.999946	AUC[PR]: 0.929949
Val	AUC[ROC]: 0.844653	AUC[PR]: 0.159644
Epoch evaluation duration: 120.717684031
Epoch duration: 136.701187849

Epoch 21/1000
Epoch training duration: 16.5652270317
Train	AUC[ROC]: 0.999974	AUC[PR]: 0.966588
Val	AUC[ROC]: 0.836229	AUC[PR]: 0.171357
Epoch evaluation duration: 119.593344927
Epoch duration: 136.158571959

Epoch 22/1000
Epoch training duration: 17.8080530167
Train	AUC[ROC]: 0.999984	AUC[PR]: 0.983274
Val	AUC[ROC]: 0.817306	AUC[PR]: 0.185833
Epoch evaluation duration: 118.734905958
Epoch duration: 136.542958975

Epoch 23/1000
Epoch training duration: 15.7655620575
Train	AUC[ROC]: 0.999989	AUC[PR]: 0.989859
Val	AUC[ROC]: 0.815073	AUC[PR]: 0.167771
Epoch evaluation duration: 129.485789061
Epoch duration: 145.251351118

Epoch 24/1000
Epoch training duration: 17.87895298
Train	AUC[ROC]: 0.999992	AUC[PR]: 0.992438
Val	AUC[ROC]: 0.823648	AUC[PR]: 0.181711
Epoch evaluation duration: 120.895607948
Epoch duration: 138.774560928

Epoch 25/1000
Epoch training duration: 15.7631540298
Train	AUC[ROC]: 0.999978	AUC[PR]: 0.951632
Val	AUC[ROC]: 0.837232	AUC[PR]: 0.163334
Epoch evaluation duration: 115.690622091
Epoch duration: 131.453776121

Epoch 26/1000
Epoch training duration: 16.1070480347
Train	AUC[ROC]: 0.999976	AUC[PR]: 0.961029
Val	AUC[ROC]: 0.826339	AUC[PR]: 0.168689
Epoch evaluation duration: 121.320533991
Epoch duration: 137.427582026

Epoch 27/1000
Epoch training duration: 15.9465379715
Train	AUC[ROC]: 0.999986	AUC[PR]: 0.974669
Val	AUC[ROC]: 0.825899	AUC[PR]: 0.171812
Epoch evaluation duration: 116.149355888
Epoch duration: 132.09589386

Epoch 28/1000
Epoch training duration: 15.3724930286
Train	AUC[ROC]: 0.999988	AUC[PR]: 0.984026
Val	AUC[ROC]: 0.825492	AUC[PR]: 0.186289
Epoch evaluation duration: 123.210386992
Epoch duration: 138.58288002

Epoch 29/1000
Epoch training duration: 16.5493121147
Train	AUC[ROC]: 0.999989	AUC[PR]: 0.989765
Val	AUC[ROC]: 0.833131	AUC[PR]: 0.184167
Epoch evaluation duration: 121.332051992
Epoch duration: 137.881364107

Epoch 30/1000
Epoch training duration: 15.6851129532
Train	AUC[ROC]: 0.999989	AUC[PR]: 0.984863
Val	AUC[ROC]: 0.825644	AUC[PR]: 0.169694
Epoch evaluation duration: 119.203506947
Epoch duration: 134.8886199

Epoch 31/1000
Epoch training duration: 15.8663449287
Train	AUC[ROC]: 0.999991	AUC[PR]: 0.990447
Val	AUC[ROC]: 0.831587	AUC[PR]: 0.174758
Epoch evaluation duration: 124.526242018
Epoch duration: 140.392586946

Epoch 32/1000
Epoch training duration: 16.6875481606
Train	AUC[ROC]: 0.999985	AUC[PR]: 0.975287
Val	AUC[ROC]: 0.844837	AUC[PR]: 0.161578
Epoch evaluation duration: 116.200289965
Epoch duration: 132.887838125

Epoch 33/1000
Epoch training duration: 16.6328129768
Train	AUC[ROC]: 0.999993	AUC[PR]: 0.992618
Val	AUC[ROC]: 0.817304	AUC[PR]: 0.175606
Epoch evaluation duration: 120.555958033
Epoch duration: 137.188771009

Epoch 34/1000
Epoch training duration: 17.8508360386
Train	AUC[ROC]: 0.999993	AUC[PR]: 0.989893
Val	AUC[ROC]: 0.818812	AUC[PR]: 0.180944
Epoch evaluation duration: 124.844353914
Epoch duration: 142.695189953

Epoch 35/1000
Epoch training duration: 16.4757220745
Train	AUC[ROC]: 0.999997	AUC[PR]: 0.997826
Val	AUC[ROC]: 0.814848	AUC[PR]: 0.184843
Epoch evaluation duration: 122.856340885
Epoch duration: 139.33206296

Epoch 36/1000
Epoch training duration: 17.1459770203
Train	AUC[ROC]: 0.999986	AUC[PR]: 0.974126
Val	AUC[ROC]: 0.839441	AUC[PR]: 0.176411
Epoch evaluation duration: 123.466929913
Epoch duration: 140.612906933

Epoch 37/1000
Epoch training duration: 18.6892170906
Train	AUC[ROC]: 0.999988	AUC[PR]: 0.972373
Val	AUC[ROC]: 0.821541	AUC[PR]: 0.173193
Epoch evaluation duration: 119.635944128
Epoch duration: 138.325161219

Epoch 38/1000
Epoch training duration: 16.784487009
Train	AUC[ROC]: 0.999989	AUC[PR]: 0.977428
Val	AUC[ROC]: 0.812734	AUC[PR]: 0.173373
Epoch evaluation duration: 119.925375938
Epoch duration: 136.709862947

Epoch 39/1000
Epoch training duration: 16.1727390289
Train	AUC[ROC]: 0.999994	AUC[PR]: 0.990438
Val	AUC[ROC]: 0.810391	AUC[PR]: 0.170850
Epoch evaluation duration: 114.185031891
Epoch duration: 130.35777092

Epoch 40/1000
Epoch training duration: 16.1237769127
Train	AUC[ROC]: 0.999995	AUC[PR]: 0.993773
Val	AUC[ROC]: 0.814055	AUC[PR]: 0.161226
Epoch evaluation duration: 112.967588186
Epoch duration: 129.091365099

Epoch 41/1000
Epoch training duration: 15.9620199203
Train	AUC[ROC]: 0.999972	AUC[PR]: 0.953477
Val	AUC[ROC]: 0.808296	AUC[PR]: 0.171595
Epoch evaluation duration: 124.353776932
Epoch duration: 140.315796852

Epoch 42/1000
Epoch training duration: 16.7208931446
Train	AUC[ROC]: 0.999987	AUC[PR]: 0.973125
Val	AUC[ROC]: 0.812340	AUC[PR]: 0.166320
Epoch evaluation duration: 117.901317835
Epoch duration: 134.622210979

Epoch 43/1000
Epoch training duration: 15.799008131
Train	AUC[ROC]: 0.999989	AUC[PR]: 0.975775
Val	AUC[ROC]: 0.815951	AUC[PR]: 0.173176
Epoch evaluation duration: 109.677386999
Epoch duration: 125.47639513

Epoch 44/1000
Epoch training duration: 16.888958931
Train	AUC[ROC]: 0.999983	AUC[PR]: 0.969925
Val	AUC[ROC]: 0.802813	AUC[PR]: 0.172032
Epoch evaluation duration: 124.451146126
Epoch duration: 141.340105057

Epoch 45/1000
Epoch training duration: 17.38199687
Train	AUC[ROC]: 0.999977	AUC[PR]: 0.957449
Val	AUC[ROC]: 0.807913	AUC[PR]: 0.149171
Epoch evaluation duration: 125.338424921
Epoch duration: 142.720421791

Epoch 46/1000
Epoch training duration: 16.1653962135
Train	AUC[ROC]: 0.999984	AUC[PR]: 0.969865
Val	AUC[ROC]: 0.811368	AUC[PR]: 0.152797
Epoch evaluation duration: 114.712157965
Epoch duration: 130.877554178

Epoch 47/1000
Epoch training duration: 15.5845270157
Train	AUC[ROC]: 0.999988	AUC[PR]: 0.975923
Val	AUC[ROC]: 0.802186	AUC[PR]: 0.154331
Epoch evaluation duration: 122.348538876
Epoch duration: 137.933065891

Epoch 48/1000
Epoch training duration: 16.8915901184
Train	AUC[ROC]: 0.999992	AUC[PR]: 0.980363
Val	AUC[ROC]: 0.809509	AUC[PR]: 0.157588
Epoch evaluation duration: 117.557266951
Epoch duration: 134.448857069

Epoch 49/1000
Epoch training duration: 18.1067459583
Train	AUC[ROC]: 0.999984	AUC[PR]: 0.969985
Val	AUC[ROC]: 0.801563	AUC[PR]: 0.162833
Epoch evaluation duration: 122.495944023
Epoch duration: 140.602689981

Epoch 50/1000
Epoch training duration: 15.8827068806
Train	AUC[ROC]: 0.999988	AUC[PR]: 0.970764
Val	AUC[ROC]: 0.802718	AUC[PR]: 0.163405
Epoch evaluation duration: 123.895204067
Epoch duration: 139.777910948

Epoch 51/1000
Epoch training duration: 17.0604021549
Train	AUC[ROC]: 0.999949	AUC[PR]: 0.919542
Val	AUC[ROC]: 0.779163	AUC[PR]: 0.118742
Epoch evaluation duration: 121.167783976
Epoch duration: 138.228186131

Epoch 52/1000
Epoch training duration: 16.2755830288
Train	AUC[ROC]: 0.999977	AUC[PR]: 0.957815
Val	AUC[ROC]: 0.817826	AUC[PR]: 0.133969
Epoch evaluation duration: 126.090333939
Epoch duration: 142.365916967

Epoch 53/1000
Epoch training duration: 17.7134339809
Train	AUC[ROC]: 0.999981	AUC[PR]: 0.964490
Val	AUC[ROC]: 0.786785	AUC[PR]: 0.129668
Epoch evaluation duration: 114.611288071
Epoch duration: 132.324722052

Epoch 54/1000
Epoch training duration: 16.5930538177
Train	AUC[ROC]: 0.999965	AUC[PR]: 0.941846
Val	AUC[ROC]: 0.793894	AUC[PR]: 0.103373
Epoch evaluation duration: 114.905090094
Epoch duration: 131.498143911

Epoch 55/1000
Epoch training duration: 14.6120450497
Train	AUC[ROC]: 0.999985	AUC[PR]: 0.975443
Val	AUC[ROC]: 0.799208	AUC[PR]: 0.140790
Epoch evaluation duration: 109.34355092
Epoch duration: 123.95559597

Epoch 56/1000
Epoch training duration: 16.4143950939
Train	AUC[ROC]: 0.999989	AUC[PR]: 0.978231
Val	AUC[ROC]: 0.799480	AUC[PR]: 0.144283
Epoch evaluation duration: 108.881650925
Epoch duration: 125.296046019

Epoch 57/1000
Epoch training duration: 15.6738879681
Train	AUC[ROC]: 0.999989	AUC[PR]: 0.977492
Val	AUC[ROC]: 0.801907	AUC[PR]: 0.150219
Epoch evaluation duration: 108.28324914
Epoch duration: 123.957137108

Epoch 58/1000
Epoch training duration: 16.8265469074
Train	AUC[ROC]: 0.999981	AUC[PR]: 0.967837
Val	AUC[ROC]: 0.787653	AUC[PR]: 0.133351
Epoch evaluation duration: 109.436187983
Epoch duration: 126.26273489

Epoch 59/1000
Epoch training duration: 12.9287409782
Train	AUC[ROC]: 0.999906	AUC[PR]: 0.876956
Val	AUC[ROC]: 0.743282	AUC[PR]: 0.064344
Epoch evaluation duration: 106.889456987
Epoch duration: 119.818197966

Epoch 60/1000
Epoch training duration: 15.7002990246
Train	AUC[ROC]: 0.999966	AUC[PR]: 0.948364
Val	AUC[ROC]: 0.766839	AUC[PR]: 0.100621
Epoch evaluation duration: 107.805673122
Epoch duration: 123.505972147

Epoch 61/1000
Epoch training duration: 15.3889088631
Train	AUC[ROC]: 0.999981	AUC[PR]: 0.968527
Val	AUC[ROC]: 0.767326	AUC[PR]: 0.111770
Epoch evaluation duration: 104.878729105
Epoch duration: 120.267637968

Epoch 62/1000
Epoch training duration: 16.5573999882
Train	AUC[ROC]: 0.999980	AUC[PR]: 0.964363
Val	AUC[ROC]: 0.753106	AUC[PR]: 0.111209
Epoch evaluation duration: 106.402498007
Epoch duration: 122.959897995

Epoch 63/1000
Epoch training duration: 16.3308758736
Train	AUC[ROC]: 0.999905	AUC[PR]: 0.860875
Val	AUC[ROC]: 0.749730	AUC[PR]: 0.091951
Epoch evaluation duration: 105.713895082
Epoch duration: 122.044770956

Epoch 64/1000
Epoch training duration: 17.2630388737
Train	AUC[ROC]: 0.999953	AUC[PR]: 0.929633
Val	AUC[ROC]: 0.778636	AUC[PR]: 0.107800
Epoch evaluation duration: 114.190031052
Epoch duration: 131.453069925

Epoch 65/1000
Epoch training duration: 15.2219200134
Train	AUC[ROC]: 0.999966	AUC[PR]: 0.945444
Val	AUC[ROC]: 0.757194	AUC[PR]: 0.114157
Epoch evaluation duration: 107.350306988
Epoch duration: 122.572227001

Epoch 66/1000
Epoch training duration: 15.6691501141
Train	AUC[ROC]: 0.999975	AUC[PR]: 0.958705
Val	AUC[ROC]: 0.763317	AUC[PR]: 0.107230
Epoch evaluation duration: 105.664142847
Epoch duration: 121.333292961

Epoch 67/1000
Epoch training duration: 16.1541621685
Train	AUC[ROC]: 0.999982	AUC[PR]: 0.969076
Val	AUC[ROC]: 0.757299	AUC[PR]: 0.122526
Epoch evaluation duration: 109.356050968
Epoch duration: 125.510213137

Epoch 68/1000
Epoch training duration: 15.8268558979
Train	AUC[ROC]: 0.999978	AUC[PR]: 0.962318
Val	AUC[ROC]: 0.773736	AUC[PR]: 0.121271
Epoch evaluation duration: 110.193186998
Epoch duration: 126.020042896

Epoch 69/1000
Epoch training duration: 14.2342860699
Train	AUC[ROC]: 0.999981	AUC[PR]: 0.967338
Val	AUC[ROC]: 0.743686	AUC[PR]: 0.110142
Epoch evaluation duration: 107.449461937
Epoch duration: 121.683748007

Epoch 70/1000
Epoch training duration: 16.9529731274
Train	AUC[ROC]: 0.999979	AUC[PR]: 0.968113
Val	AUC[ROC]: 0.787114	AUC[PR]: 0.104035
Epoch evaluation duration: 110.472337008
Epoch duration: 127.425310135

Epoch 71/1000
Epoch training duration: 16.899312973
Train	AUC[ROC]: 0.999984	AUC[PR]: 0.969478
Val	AUC[ROC]: 0.755908	AUC[PR]: 0.119931
Epoch evaluation duration: 111.032064915
Epoch duration: 127.931377888

Epoch 72/1000
Epoch training duration: 15.8947489262
Train	AUC[ROC]: 0.999984	AUC[PR]: 0.970923
Val	AUC[ROC]: 0.752928	AUC[PR]: 0.126851
Epoch evaluation duration: 119.069791079
Epoch duration: 134.964540005

Epoch 73/1000
Epoch training duration: 13.8590888977
Train	AUC[ROC]: 0.999960	AUC[PR]: 0.942464
Val	AUC[ROC]: 0.766749	AUC[PR]: 0.097109
Epoch evaluation duration: 113.027852058
Epoch duration: 126.886940956

Epoch 74/1000
Epoch training duration: 15.9117679596
Train	AUC[ROC]: 0.999974	AUC[PR]: 0.961662
Val	AUC[ROC]: 0.723146	AUC[PR]: 0.100067
Epoch evaluation duration: 113.519947052
Epoch duration: 129.431715012

Epoch 75/1000
Epoch training duration: 17.0479669571
Train	AUC[ROC]: 0.999974	AUC[PR]: 0.957476
Val	AUC[ROC]: 0.771008	AUC[PR]: 0.093080
Epoch evaluation duration: 117.155802011
Epoch duration: 134.203768969

Epoch 76/1000
Epoch training duration: 14.003606081
Train	AUC[ROC]: 0.999957	AUC[PR]: 0.932114
Val	AUC[ROC]: 0.763377	AUC[PR]: 0.078788
Epoch evaluation duration: 102.123966932
Epoch duration: 116.127573013

Epoch 77/1000
Epoch training duration: 14.74792099
Train	AUC[ROC]: 0.999981	AUC[PR]: 0.968489
Val	AUC[ROC]: 0.750257	AUC[PR]: 0.111776
Epoch evaluation duration: 126.105794191
Epoch duration: 140.853715181

Epoch 78/1000
Epoch training duration: 13.5176107883
Train	AUC[ROC]: 0.999980	AUC[PR]: 0.967838
Val	AUC[ROC]: 0.760992	AUC[PR]: 0.118765
Epoch evaluation duration: 109.632405043
Epoch duration: 123.150015831

Epoch 79/1000
Epoch training duration: 16.1182229519
Train	AUC[ROC]: 0.999979	AUC[PR]: 0.963411
Val	AUC[ROC]: 0.739501	AUC[PR]: 0.115128
Epoch evaluation duration: 110.180257082
Epoch duration: 126.298480034

Epoch 80/1000
Epoch training duration: 10.1183719635
Train	AUC[ROC]: 0.999980	AUC[PR]: 0.968140
Val	AUC[ROC]: 0.767225	AUC[PR]: 0.119334
Epoch evaluation duration: 70.9364380836
Epoch duration: 81.0548100471

Epoch 81/1000
Epoch training duration: 10.7638499737
Train	AUC[ROC]: 0.999981	AUC[PR]: 0.969180
Val	AUC[ROC]: 0.753572	AUC[PR]: 0.116606
Epoch evaluation duration: 78.6245598793
Epoch duration: 89.388409853

Epoch 82/1000
Epoch training duration: 12.5095431805
Train	AUC[ROC]: 0.999982	AUC[PR]: 0.968489
Val	AUC[ROC]: 0.739623	AUC[PR]: 0.111919
Epoch evaluation duration: 84.492980957
Epoch duration: 97.0025241375

Epoch 83/1000
Epoch training duration: 12.0069429874
Train	AUC[ROC]: 0.999982	AUC[PR]: 0.970389
Val	AUC[ROC]: 0.748748	AUC[PR]: 0.126235
Epoch evaluation duration: 84.0037589073
Epoch duration: 96.0107018948

Epoch 84/1000
Epoch training duration: 12.7015271187
Train	AUC[ROC]: 0.999983	AUC[PR]: 0.971099
Val	AUC[ROC]: 0.755751	AUC[PR]: 0.126855
Epoch evaluation duration: 75.3393819332
Epoch duration: 88.0409090519

Epoch 85/1000
Epoch training duration: 11.9582719803
Train	AUC[ROC]: 0.999982	AUC[PR]: 0.970602
Val	AUC[ROC]: 0.750767	AUC[PR]: 0.130212
Epoch evaluation duration: 72.3842871189
Epoch duration: 84.3425590992

Epoch 86/1000
Epoch training duration: 12.0768449306
Train	AUC[ROC]: 0.999946	AUC[PR]: 0.921330
Val	AUC[ROC]: 0.715800	AUC[PR]: 0.072385
Epoch evaluation duration: 65.6559410095
Epoch duration: 77.7327859402

Epoch 87/1000
Epoch training duration: 12.3424670696
Train	AUC[ROC]: 0.999972	AUC[PR]: 0.957893
Val	AUC[ROC]: 0.763116	AUC[PR]: 0.094510
Epoch evaluation duration: 80.5165719986
Epoch duration: 92.8590390682

Epoch 88/1000
Epoch training duration: 11.8865280151
Train	AUC[ROC]: 0.999977	AUC[PR]: 0.961232
Val	AUC[ROC]: 0.707207	AUC[PR]: 0.098555
Epoch evaluation duration: 72.3231058121
Epoch duration: 84.2096338272

Epoch 89/1000
Epoch training duration: 11.8095359802
Train	AUC[ROC]: 0.999982	AUC[PR]: 0.971445
Val	AUC[ROC]: 0.737406	AUC[PR]: 0.109586
Epoch evaluation duration: 74.4942381382
Epoch duration: 86.3037741184

Epoch 90/1000
Epoch training duration: 16.7360589504
Train	AUC[ROC]: 0.999980	AUC[PR]: 0.966604
Val	AUC[ROC]: 0.719967	AUC[PR]: 0.115277
Epoch evaluation duration: 110.22547698
Epoch duration: 126.961535931

Epoch 91/1000
Epoch training duration: 15.5425450802
Train	AUC[ROC]: 0.999979	AUC[PR]: 0.965761
Val	AUC[ROC]: 0.698159	AUC[PR]: 0.109560
Epoch evaluation duration: 114.606595993
Epoch duration: 130.149141073

Epoch 92/1000
Epoch training duration: 16.4827520847
Train	AUC[ROC]: 0.999975	AUC[PR]: 0.961827
Val	AUC[ROC]: 0.732756	AUC[PR]: 0.102040
Epoch evaluation duration: 102.332045794
Epoch duration: 118.814797878

Epoch 93/1000
Epoch training duration: 14.1030771732
Train	AUC[ROC]: 0.999977	AUC[PR]: 0.963496
Val	AUC[ROC]: 0.731981	AUC[PR]: 0.114960
Epoch evaluation duration: 115.65908289
Epoch duration: 129.762160063

Epoch 94/1000
Epoch training duration: 14.7897939682
Train	AUC[ROC]: 0.999978	AUC[PR]: 0.964420
Val	AUC[ROC]: 0.735129	AUC[PR]: 0.118606
Epoch evaluation duration: 106.128509998
Epoch duration: 120.918303967

Epoch 95/1000
Epoch training duration: 14.0466740131
Train	AUC[ROC]: 0.999978	AUC[PR]: 0.966072
Val	AUC[ROC]: 0.749877	AUC[PR]: 0.119692
Epoch evaluation duration: 103.323280096
Epoch duration: 117.369954109

Epoch 96/1000
Epoch training duration: 16.704944849
Train	AUC[ROC]: 0.999978	AUC[PR]: 0.964611
Val	AUC[ROC]: 0.752827	AUC[PR]: 0.118710
Epoch evaluation duration: 108.972585201
Epoch duration: 125.67753005

Epoch 97/1000
Epoch training duration: 14.1803100109
Train	AUC[ROC]: 0.999978	AUC[PR]: 0.964498
Val	AUC[ROC]: 0.752897	AUC[PR]: 0.118937
Epoch evaluation duration: 111.361491919
Epoch duration: 125.541801929

Epoch 98/1000
Epoch training duration: 14.7561619282
Train	AUC[ROC]: 0.999981	AUC[PR]: 0.970462
Val	AUC[ROC]: 0.763785	AUC[PR]: 0.124337
Epoch evaluation duration: 110.369966984
Epoch duration: 125.126128912

Epoch 99/1000
Epoch training duration: 15.5489201546
Train	AUC[ROC]: 0.999980	AUC[PR]: 0.969843
Val	AUC[ROC]: 0.758191	AUC[PR]: 0.128788
Epoch evaluation duration: 106.184832811
Epoch duration: 121.733752966

Epoch 100/1000
Epoch training duration: 15.8902142048
Train	AUC[ROC]: 0.999979	AUC[PR]: 0.966963
Val	AUC[ROC]: 0.753632	AUC[PR]: 0.126376
Epoch evaluation duration: 115.154690981
Epoch duration: 131.044905186

Epoch 101/1000
Epoch training duration: 16.1207280159
Train	AUC[ROC]: 0.999979	AUC[PR]: 0.966261
Val	AUC[ROC]: 0.754582	AUC[PR]: 0.127803
Epoch evaluation duration: 115.011747837
Epoch duration: 131.132475853

Epoch 102/1000
Epoch training duration: 16.5651481152
Train	AUC[ROC]: 0.999978	AUC[PR]: 0.964980
Val	AUC[ROC]: 0.753315	AUC[PR]: 0.126410
Epoch evaluation duration: 115.347658873
Epoch duration: 131.912806988

Epoch 103/1000
Epoch training duration: 16.8921151161
Train	AUC[ROC]: 0.999979	AUC[PR]: 0.966778
Val	AUC[ROC]: 0.758485	AUC[PR]: 0.129491
Epoch evaluation duration: 115.22932291
Epoch duration: 132.121438026

Epoch 104/1000
Epoch training duration: 16.6880230904
Train	AUC[ROC]: 0.999979	AUC[PR]: 0.967682
Val	AUC[ROC]: 0.761792	AUC[PR]: 0.132662
Epoch evaluation duration: 120.920794964
Epoch duration: 137.608818054

Epoch 105/1000
Epoch training duration: 15.3324930668
Train	AUC[ROC]: 0.999980	AUC[PR]: 0.968993
Val	AUC[ROC]: 0.763768	AUC[PR]: 0.130376
Epoch evaluation duration: 107.240556002
Epoch duration: 122.573049068

Epoch 106/1000
Epoch training duration: 17.1238930225
Train	AUC[ROC]: 0.999979	AUC[PR]: 0.967993
Val	AUC[ROC]: 0.762571	AUC[PR]: 0.130545
Epoch evaluation duration: 110.556923866
Epoch duration: 127.680816889

Epoch 107/1000
Epoch training duration: 17.0712840557
Train	AUC[ROC]: 0.999979	AUC[PR]: 0.968155
Val	AUC[ROC]: 0.764265	AUC[PR]: 0.133742
Epoch evaluation duration: 117.831599951
Epoch duration: 134.902884007

Epoch 108/1000
Epoch training duration: 16.128921032
Train	AUC[ROC]: 0.999979	AUC[PR]: 0.967327
Val	AUC[ROC]: 0.760371	AUC[PR]: 0.133175
Epoch evaluation duration: 106.301975012
Epoch duration: 122.430896044

Epoch 109/1000
Epoch training duration: 16.3799800873
Train	AUC[ROC]: 0.999980	AUC[PR]: 0.968829
Val	AUC[ROC]: 0.762136	AUC[PR]: 0.132703
Epoch evaluation duration: 129.364362955
Epoch duration: 145.744343042

Epoch 110/1000
Epoch training duration: 18.9590768814
Train	AUC[ROC]: 0.999980	AUC[PR]: 0.968906
Val	AUC[ROC]: 0.759181	AUC[PR]: 0.132767
Epoch evaluation duration: 124.838788033
Epoch duration: 143.797864914

Epoch 111/1000
Epoch training duration: 15.1808099747
Train	AUC[ROC]: 0.999982	AUC[PR]: 0.972918
Val	AUC[ROC]: 0.755312	AUC[PR]: 0.134734
Epoch evaluation duration: 137.161868095
Epoch duration: 152.34267807

Epoch 112/1000
Epoch training duration: 18.5417909622
Train	AUC[ROC]: 0.999961	AUC[PR]: 0.938138
Val	AUC[ROC]: 0.739922	AUC[PR]: 0.128806
Epoch evaluation duration: 131.145812988
Epoch duration: 149.687603951

Epoch 113/1000
Epoch training duration: 16.3948919773
Train	AUC[ROC]: 0.999975	AUC[PR]: 0.962703
Val	AUC[ROC]: 0.755839	AUC[PR]: 0.117021
Epoch evaluation duration: 129.532881975
Epoch duration: 145.927773952

Epoch 114/1000
Epoch training duration: 18.5684001446
Train	AUC[ROC]: 0.999982	AUC[PR]: 0.971883
Val	AUC[ROC]: 0.745171	AUC[PR]: 0.123873
Epoch evaluation duration: 130.933471918
Epoch duration: 149.501872063

Epoch 115/1000
Epoch training duration: 17.7777979374
Train	AUC[ROC]: 0.999979	AUC[PR]: 0.967661
Val	AUC[ROC]: 0.741707	AUC[PR]: 0.103956
Epoch evaluation duration: 131.306755066
Epoch duration: 149.084553003

Epoch 116/1000
Epoch training duration: 15.9497668743
Train	AUC[ROC]: 0.999982	AUC[PR]: 0.971778
Val	AUC[ROC]: 0.723145	AUC[PR]: 0.096631
Epoch evaluation duration: 124.158751011
Epoch duration: 140.108517885

Epoch 117/1000
Epoch training duration: 17.5003252029
Train	AUC[ROC]: 0.999980	AUC[PR]: 0.968653
Val	AUC[ROC]: 0.728385	AUC[PR]: 0.101332
Epoch evaluation duration: 134.713766813
Epoch duration: 152.214092016

Epoch 118/1000
Epoch training duration: 18.2456600666
Train	AUC[ROC]: 0.999980	AUC[PR]: 0.970055
Val	AUC[ROC]: 0.737920	AUC[PR]: 0.108432
Epoch evaluation duration: 127.2320261
Epoch duration: 145.477686167

Epoch 119/1000
Epoch training duration: 17.6712620258
Train	AUC[ROC]: 0.999981	AUC[PR]: 0.971738
Val	AUC[ROC]: 0.749144	AUC[PR]: 0.107989
Epoch evaluation duration: 127.360432863
Epoch duration: 145.031694889

Epoch 120/1000
Epoch training duration: 10.3490140438
Train	AUC[ROC]: 0.999981	AUC[PR]: 0.970326
Val	AUC[ROC]: 0.742178	AUC[PR]: 0.110925
Epoch evaluation duration: 60.4260840416
Epoch duration: 70.7750980854

Epoch 121/1000
Epoch training duration: 9.61318397522
Train	AUC[ROC]: 0.999981	AUC[PR]: 0.971832
Val	AUC[ROC]: 0.748968	AUC[PR]: 0.109832
Epoch evaluation duration: 65.9121210575
Epoch duration: 75.5253050327

Epoch 122/1000
Epoch training duration: 9.02513790131
Train	AUC[ROC]: 0.999981	AUC[PR]: 0.971600
Val	AUC[ROC]: 0.750219	AUC[PR]: 0.116636
Epoch evaluation duration: 48.278742075
Epoch duration: 57.3038799763

Epoch 123/1000
Epoch training duration: 8.46340799332
Train	AUC[ROC]: 0.999981	AUC[PR]: 0.970409
Val	AUC[ROC]: 0.745521	AUC[PR]: 0.120742
Epoch evaluation duration: 51.3550238609
Epoch duration: 59.8184318542

Epoch 124/1000
Epoch training duration: 9.50593304634
Train	AUC[ROC]: 0.999983	AUC[PR]: 0.974328
Val	AUC[ROC]: 0.760944	AUC[PR]: 0.116257
Epoch evaluation duration: 44.7234399319
Epoch duration: 54.2293729782

Epoch 125/1000
Epoch training duration: 8.11936306953
Train	AUC[ROC]: 0.999983	AUC[PR]: 0.973810
Val	AUC[ROC]: 0.754657	AUC[PR]: 0.119412
Epoch evaluation duration: 54.2912089825
Epoch duration: 62.410572052

Epoch 126/1000
Epoch training duration: 9.28924798965
Train	AUC[ROC]: 0.999982	AUC[PR]: 0.972881
Val	AUC[ROC]: 0.751034	AUC[PR]: 0.119210
Epoch evaluation duration: 48.0180020332
Epoch duration: 57.3072500229

Epoch 127/1000
Epoch training duration: 8.58324408531
Train	AUC[ROC]: 0.999983	AUC[PR]: 0.974779
Val	AUC[ROC]: 0.764675	AUC[PR]: 0.121802
Epoch evaluation duration: 51.5012509823
Epoch duration: 60.0844950676

Epoch 128/1000
Epoch training duration: 8.97044897079
Train	AUC[ROC]: 0.999983	AUC[PR]: 0.973735
Val	AUC[ROC]: 0.757724	AUC[PR]: 0.121494
Epoch evaluation duration: 47.297162056
Epoch duration: 56.2676110268

Epoch 129/1000
Epoch training duration: 9.18447804451
Train	AUC[ROC]: 0.999983	AUC[PR]: 0.973966
Val	AUC[ROC]: 0.763808	AUC[PR]: 0.122429
Epoch evaluation duration: 61.4481468201
Epoch duration: 70.6326248646

Epoch 130/1000
Epoch training duration: 8.88001513481
Train	AUC[ROC]: 0.999983	AUC[PR]: 0.974257
Val	AUC[ROC]: 0.760710	AUC[PR]: 0.123644
Epoch evaluation duration: 42.6419129372
Epoch duration: 51.521928072

Epoch 131/1000
Epoch training duration: 9.97051811218
Train	AUC[ROC]: 0.999983	AUC[PR]: 0.974259
Val	AUC[ROC]: 0.763602	AUC[PR]: 0.123077
Epoch evaluation duration: 44.198130846
Epoch duration: 54.1686489582

Epoch 132/1000
Epoch training duration: 9.68329906464
Train	AUC[ROC]: 0.999984	AUC[PR]: 0.975917
Val	AUC[ROC]: 0.759271	AUC[PR]: 0.119079
Epoch evaluation duration: 36.8383729458
Epoch duration: 46.5216720104

Epoch 133/1000
Epoch training duration: 8.62271809578
Train	AUC[ROC]: 0.999983	AUC[PR]: 0.975212
Val	AUC[ROC]: 0.757046	AUC[PR]: 0.122892
Epoch evaluation duration: 84.6611478329
Epoch duration: 93.2838659286

Epoch 134/1000
Epoch training duration: 18.2466080189
Train	AUC[ROC]: 0.999984	AUC[PR]: 0.975493
Val	AUC[ROC]: 0.758816	AUC[PR]: 0.123592
Epoch evaluation duration: 115.737903118
Epoch duration: 133.984511137

Epoch 135/1000
Epoch training duration: 16.4191019535
Train	AUC[ROC]: 0.999983	AUC[PR]: 0.975137
Val	AUC[ROC]: 0.774586	AUC[PR]: 0.129350
Epoch evaluation duration: 118.668473005
Epoch duration: 135.087574959

Epoch 136/1000
Epoch training duration: 16.7133719921
Train	AUC[ROC]: 0.999984	AUC[PR]: 0.975494
Val	AUC[ROC]: 0.775347	AUC[PR]: 0.127198
Epoch evaluation duration: 106.857773066
Epoch duration: 123.571145058

Epoch 137/1000
Epoch training duration: 16.696835041
Train	AUC[ROC]: 0.999984	AUC[PR]: 0.975425
Val	AUC[ROC]: 0.776235	AUC[PR]: 0.127191
Epoch evaluation duration: 115.543490887
Epoch duration: 132.240325928

Epoch 138/1000
Epoch training duration: 16.330550909
Train	AUC[ROC]: 0.999983	AUC[PR]: 0.974997
Val	AUC[ROC]: 0.760091	AUC[PR]: 0.124442
Epoch evaluation duration: 127.302207232
Epoch duration: 143.632758141

Epoch 139/1000
Epoch training duration: 17.6650338173
Train	AUC[ROC]: 0.999984	AUC[PR]: 0.975847
Val	AUC[ROC]: 0.775654	AUC[PR]: 0.130181
Epoch evaluation duration: 130.679772139
Epoch duration: 148.344805956

Epoch 140/1000
Epoch training duration: 17.5969338417
Train	AUC[ROC]: 0.999984	AUC[PR]: 0.976126
Val	AUC[ROC]: 0.772053	AUC[PR]: 0.128796
Epoch evaluation duration: 127.062498093
Epoch duration: 144.659431934

Epoch 141/1000
Epoch training duration: 16.5820810795
Train	AUC[ROC]: 0.999984	AUC[PR]: 0.975777
Val	AUC[ROC]: 0.756849	AUC[PR]: 0.124047
Epoch evaluation duration: 129.462399006
Epoch duration: 146.044480085

Epoch 142/1000
Epoch training duration: 17.4771728516
Train	AUC[ROC]: 0.999984	AUC[PR]: 0.976334
Val	AUC[ROC]: 0.778885	AUC[PR]: 0.121556
Epoch evaluation duration: 127.833817959
Epoch duration: 145.31099081

Epoch 143/1000
Epoch training duration: 17.7358720303
Train	AUC[ROC]: 0.999984	AUC[PR]: 0.975916
Val	AUC[ROC]: 0.757245	AUC[PR]: 0.118774
Epoch evaluation duration: 123.76929307
Epoch duration: 141.5051651

Epoch 144/1000
Epoch training duration: 16.869191885
Train	AUC[ROC]: 0.999984	AUC[PR]: 0.976126
Val	AUC[ROC]: 0.761234	AUC[PR]: 0.118633
Epoch evaluation duration: 130.02743721
Epoch duration: 146.896629095

Epoch 145/1000
Epoch training duration: 16.5190048218
Train	AUC[ROC]: 0.919076	AUC[PR]: 0.145819
Val	AUC[ROC]: 0.746691	AUC[PR]: 0.011944
Epoch evaluation duration: 118.74207902
Epoch duration: 135.261083841

Epoch 146/1000
Epoch training duration: 16.8016531467
Train	AUC[ROC]: 0.985478	AUC[PR]: 0.256045
Val	AUC[ROC]: 0.814251	AUC[PR]: 0.041461
Epoch evaluation duration: 129.07890892
Epoch duration: 145.880562067

Epoch 147/1000
Epoch training duration: 18.1802470684
Train	AUC[ROC]: 0.999397	AUC[PR]: 0.597629
Val	AUC[ROC]: 0.837490	AUC[PR]: 0.071070
Epoch evaluation duration: 114.364373922
Epoch duration: 132.544620991

Epoch 148/1000
Epoch training duration: 15.2128810883
Train	AUC[ROC]: 0.999653	AUC[PR]: 0.678007
Val	AUC[ROC]: 0.846403	AUC[PR]: 0.072772
Epoch evaluation duration: 113.091872931
Epoch duration: 128.304754019

Epoch 149/1000
Epoch training duration: 13.8577129841
Train	AUC[ROC]: 0.999732	AUC[PR]: 0.725672
Val	AUC[ROC]: 0.839333	AUC[PR]: 0.074160
Epoch evaluation duration: 103.227319956
Epoch duration: 117.08503294

Epoch 150/1000
Epoch training duration: 15.0306050777
Train	AUC[ROC]: 0.999789	AUC[PR]: 0.762054
Val	AUC[ROC]: 0.838922	AUC[PR]: 0.080052
Epoch evaluation duration: 103.644985914
Epoch duration: 118.675590992

Epoch 151/1000
Epoch training duration: 13.7234899998
Train	AUC[ROC]: 0.999789	AUC[PR]: 0.759154
Val	AUC[ROC]: 0.830433	AUC[PR]: 0.076909
Epoch evaluation duration: 109.450366974
Epoch duration: 123.173856974

Epoch 152/1000
Epoch training duration: 15.6007959843
Train	AUC[ROC]: 0.999809	AUC[PR]: 0.775285
Val	AUC[ROC]: 0.824329	AUC[PR]: 0.077112
Epoch evaluation duration: 113.905371189
Epoch duration: 129.506167173

Epoch 153/1000
Epoch training duration: 13.5308098793
Train	AUC[ROC]: 0.999827	AUC[PR]: 0.793443
Val	AUC[ROC]: 0.822572	AUC[PR]: 0.082995
Epoch evaluation duration: 97.4030189514
Epoch duration: 110.933828831

Epoch 154/1000
Epoch training duration: 16.001224041
Train	AUC[ROC]: 0.999840	AUC[PR]: 0.800025
Val	AUC[ROC]: 0.794784	AUC[PR]: 0.078069
Epoch evaluation duration: 125.949428082
Epoch duration: 141.950652122

Epoch 155/1000
Epoch training duration: 16.3407080173
Train	AUC[ROC]: 0.999858	AUC[PR]: 0.821267
Val	AUC[ROC]: 0.809937	AUC[PR]: 0.088708
Epoch evaluation duration: 120.862658978
Epoch duration: 137.203366995

Epoch 156/1000
Epoch training duration: 17.3480198383
Train	AUC[ROC]: 0.999868	AUC[PR]: 0.831787
Val	AUC[ROC]: 0.787880	AUC[PR]: 0.077843
Epoch evaluation duration: 121.506358147
Epoch duration: 138.854377985

Epoch 157/1000
Epoch training duration: 15.4811768532
Train	AUC[ROC]: 0.999882	AUC[PR]: 0.848401
Val	AUC[ROC]: 0.791365	AUC[PR]: 0.077758
Epoch evaluation duration: 114.193223
Epoch duration: 129.674399853

Epoch 158/1000
Epoch training duration: 15.1728510857
Train	AUC[ROC]: 0.999890	AUC[PR]: 0.854259
Val	AUC[ROC]: 0.785170	AUC[PR]: 0.081634
Epoch evaluation duration: 98.6223740578
Epoch duration: 113.795225143

Epoch 159/1000
Epoch training duration: 14.5512170792
Train	AUC[ROC]: 0.999904	AUC[PR]: 0.867636
Val	AUC[ROC]: 0.784270	AUC[PR]: 0.082180
Epoch evaluation duration: 99.7026557922
Epoch duration: 114.253872871

Epoch 160/1000
Epoch training duration: 16.6411790848
Train	AUC[ROC]: 0.999911	AUC[PR]: 0.875411
Val	AUC[ROC]: 0.779608	AUC[PR]: 0.085172
Epoch evaluation duration: 104.739733934
Epoch duration: 121.380913019

Epoch 161/1000
Epoch training duration: 15.7568230629
Train	AUC[ROC]: 0.999915	AUC[PR]: 0.879012
Val	AUC[ROC]: 0.772079	AUC[PR]: 0.081253
Epoch evaluation duration: 115.407416105
Epoch duration: 131.164239168

Epoch 162/1000
Epoch training duration: 16.0749139786
Train	AUC[ROC]: 0.999922	AUC[PR]: 0.888963
Val	AUC[ROC]: 0.772078	AUC[PR]: 0.084414
Epoch evaluation duration: 115.290976048
Epoch duration: 131.365890026

Epoch 163/1000
Epoch training duration: 16.1059978008
Train	AUC[ROC]: 0.999928	AUC[PR]: 0.899136
Val	AUC[ROC]: 0.783931	AUC[PR]: 0.091637
Epoch evaluation duration: 125.147542
Epoch duration: 141.253539801

Epoch 164/1000
Epoch training duration: 17.5471930504
Train	AUC[ROC]: 0.999935	AUC[PR]: 0.906941
Val	AUC[ROC]: 0.779413	AUC[PR]: 0.090651
Epoch evaluation duration: 107.325752974
Epoch duration: 124.872946024

Epoch 165/1000
Epoch training duration: 16.141313076
Train	AUC[ROC]: 0.999938	AUC[PR]: 0.910868
Val	AUC[ROC]: 0.777538	AUC[PR]: 0.096107
Epoch evaluation duration: 120.533185005
Epoch duration: 136.674498081

Epoch 166/1000
Epoch training duration: 16.5281429291
Train	AUC[ROC]: 0.999942	AUC[PR]: 0.913748
Val	AUC[ROC]: 0.774315	AUC[PR]: 0.094836
Epoch evaluation duration: 116.539023161
Epoch duration: 133.06716609

Epoch 167/1000
Epoch training duration: 15.8594927788
Train	AUC[ROC]: 0.999947	AUC[PR]: 0.921411
Val	AUC[ROC]: 0.775777	AUC[PR]: 0.096326
Epoch evaluation duration: 118.008231163
Epoch duration: 133.867723942

Epoch 168/1000
Epoch training duration: 14.3829529285
Train	AUC[ROC]: 0.999950	AUC[PR]: 0.924692
Val	AUC[ROC]: 0.781098	AUC[PR]: 0.094332
Epoch evaluation duration: 118.007291079
Epoch duration: 132.390244007

Epoch 169/1000
Epoch training duration: 16.0341539383
Train	AUC[ROC]: 0.999951	AUC[PR]: 0.924872
Val	AUC[ROC]: 0.777124	AUC[PR]: 0.096156
Epoch evaluation duration: 109.048147917
Epoch duration: 125.082301855

Epoch 170/1000
Epoch training duration: 17.42151618
Train	AUC[ROC]: 0.999949	AUC[PR]: 0.923929
Val	AUC[ROC]: 0.777919	AUC[PR]: 0.098635
Epoch evaluation duration: 111.375130892
Epoch duration: 128.796647072

Epoch 171/1000
Epoch training duration: 17.0438690186
Train	AUC[ROC]: 0.999953	AUC[PR]: 0.929408
Val	AUC[ROC]: 0.776645	AUC[PR]: 0.097871
Epoch evaluation duration: 106.403209925
Epoch duration: 123.447078943

Epoch 172/1000
Epoch training duration: 17.3361890316
Train	AUC[ROC]: 0.999954	AUC[PR]: 0.931153
Val	AUC[ROC]: 0.768812	AUC[PR]: 0.100323
Epoch evaluation duration: 114.202862978
Epoch duration: 131.53905201

Epoch 173/1000
Epoch training duration: 16.7748999596
Train	AUC[ROC]: 0.999958	AUC[PR]: 0.938498
Val	AUC[ROC]: 0.769328	AUC[PR]: 0.102131
Epoch evaluation duration: 124.157494068
Epoch duration: 140.932394028

Epoch 174/1000
Epoch training duration: 18.0687940121
Train	AUC[ROC]: 0.999960	AUC[PR]: 0.939044
Val	AUC[ROC]: 0.761841	AUC[PR]: 0.108165
Epoch evaluation duration: 109.32508707
Epoch duration: 127.393881083

Epoch 175/1000
Epoch training duration: 15.2497868538
Train	AUC[ROC]: 0.999960	AUC[PR]: 0.941625
Val	AUC[ROC]: 0.772075	AUC[PR]: 0.093166
Epoch evaluation duration: 108.83485508
Epoch duration: 124.084641933

Epoch 176/1000
Epoch training duration: 17.1784279346
Train	AUC[ROC]: 0.999961	AUC[PR]: 0.941726
Val	AUC[ROC]: 0.768222	AUC[PR]: 0.102840
Epoch evaluation duration: 117.185377121
Epoch duration: 134.363805056

Epoch 177/1000
Epoch training duration: 15.6163568497
Train	AUC[ROC]: 0.999964	AUC[PR]: 0.945584
Val	AUC[ROC]: 0.757711	AUC[PR]: 0.107231
Epoch evaluation duration: 117.63600421
Epoch duration: 133.252361059

Epoch 178/1000
Epoch training duration: 16.5775887966
Train	AUC[ROC]: 0.999968	AUC[PR]: 0.951710
Val	AUC[ROC]: 0.762023	AUC[PR]: 0.104333
Epoch evaluation duration: 129.58365202
Epoch duration: 146.161240816

Epoch 179/1000
Epoch training duration: 17.4569590092
Train	AUC[ROC]: 0.999969	AUC[PR]: 0.952405
Val	AUC[ROC]: 0.759744	AUC[PR]: 0.108350
Epoch evaluation duration: 113.578464031
Epoch duration: 131.03542304

Epoch 180/1000
Epoch training duration: 14.7192411423
Train	AUC[ROC]: 0.999968	AUC[PR]: 0.951385
Val	AUC[ROC]: 0.776625	AUC[PR]: 0.103160
Epoch evaluation duration: 124.465010881
Epoch duration: 139.184252024

Epoch 181/1000
Epoch training duration: 16.3960769176
Train	AUC[ROC]: 0.999955	AUC[PR]: 0.934104
Val	AUC[ROC]: 0.774266	AUC[PR]: 0.076702
Epoch evaluation duration: 129.990514994
Epoch duration: 146.386591911

Epoch 182/1000
Epoch training duration: 18.323734045
Train	AUC[ROC]: 0.999962	AUC[PR]: 0.942949
Val	AUC[ROC]: 0.742992	AUC[PR]: 0.091209
Epoch evaluation duration: 126.206987143
Epoch duration: 144.530721188

Epoch 183/1000
Epoch training duration: 16.1424138546
Train	AUC[ROC]: 0.999961	AUC[PR]: 0.941757
Val	AUC[ROC]: 0.734952	AUC[PR]: 0.091009
Epoch evaluation duration: 109.686788082
Epoch duration: 125.829201937

Epoch 184/1000
Epoch training duration: 18.0592360497
Train	AUC[ROC]: 0.999963	AUC[PR]: 0.943142
Val	AUC[ROC]: 0.732430	AUC[PR]: 0.095027
Epoch evaluation duration: 112.878253937
Epoch duration: 130.937489986

Epoch 185/1000
Epoch training duration: 14.5978560448
Train	AUC[ROC]: 0.999966	AUC[PR]: 0.946866
Val	AUC[ROC]: 0.726367	AUC[PR]: 0.094260
Epoch evaluation duration: 104.798512936
Epoch duration: 119.39636898

Epoch 186/1000
Epoch training duration: 14.7291970253
Train	AUC[ROC]: 0.999927	AUC[PR]: 0.900185
Val	AUC[ROC]: 0.789703	AUC[PR]: 0.086063
Epoch evaluation duration: 113.58949995
Epoch duration: 128.318696976

Epoch 187/1000
Epoch training duration: 15.9485621452
Train	AUC[ROC]: 0.999933	AUC[PR]: 0.906317
Val	AUC[ROC]: 0.803980	AUC[PR]: 0.114061
Epoch evaluation duration: 104.404969931
Epoch duration: 120.353532076

Epoch 188/1000
Epoch training duration: 15.119328022
Train	AUC[ROC]: 0.999887	AUC[PR]: 0.852389
Val	AUC[ROC]: 0.788068	AUC[PR]: 0.103453
Epoch evaluation duration: 117.798218966
Epoch duration: 132.917546988

Epoch 189/1000
Epoch training duration: 14.6784820557
Train	AUC[ROC]: 0.999935	AUC[PR]: 0.910046
Val	AUC[ROC]: 0.752607	AUC[PR]: 0.115277
Epoch evaluation duration: 115.934859991
Epoch duration: 130.613342047

Epoch 190/1000
Epoch training duration: 13.9417638779
Train	AUC[ROC]: 0.999957	AUC[PR]: 0.936850
Val	AUC[ROC]: 0.744389	AUC[PR]: 0.127870
Epoch evaluation duration: 111.070183039
Epoch duration: 125.011946917

Epoch 191/1000
Epoch training duration: 16.4135570526
Train	AUC[ROC]: 0.999945	AUC[PR]: 0.923368
Val	AUC[ROC]: 0.780532	AUC[PR]: 0.118851
Epoch evaluation duration: 124.090193987
Epoch duration: 140.50375104

Epoch 192/1000
Epoch training duration: 17.8012499809
Train	AUC[ROC]: 0.999961	AUC[PR]: 0.943397
Val	AUC[ROC]: 0.738713	AUC[PR]: 0.109894
Epoch evaluation duration: 128.166893005
Epoch duration: 145.968142986

Epoch 193/1000
Epoch training duration: 16.9416739941
Train	AUC[ROC]: 0.999967	AUC[PR]: 0.950030
Val	AUC[ROC]: 0.724329	AUC[PR]: 0.109092
Epoch evaluation duration: 138.942749977
Epoch duration: 155.884423971

Epoch 194/1000
Epoch training duration: 17.2902801037
Train	AUC[ROC]: 0.999966	AUC[PR]: 0.948021
Val	AUC[ROC]: 0.704819	AUC[PR]: 0.109448
Epoch evaluation duration: 93.691754818
Epoch duration: 110.982034922

Epoch 195/1000
Epoch training duration: 12.0512051582
Train	AUC[ROC]: 0.999968	AUC[PR]: 0.952916
Val	AUC[ROC]: 0.766089	AUC[PR]: 0.105544
Epoch evaluation duration: 76.8844299316
Epoch duration: 88.9356350899

Epoch 196/1000
Epoch training duration: 11.3653950691
Train	AUC[ROC]: 0.999965	AUC[PR]: 0.948572
Val	AUC[ROC]: 0.762293	AUC[PR]: 0.100753
Epoch evaluation duration: 69.3799479008
Epoch duration: 80.7453429699

Epoch 197/1000
Epoch training duration: 11.9184689522
Train	AUC[ROC]: 0.999963	AUC[PR]: 0.944876
Val	AUC[ROC]: 0.722771	AUC[PR]: 0.100352
Epoch evaluation duration: 70.7451591492
Epoch duration: 82.6636281013

Epoch 198/1000
Epoch training duration: 9.77461385727
Train	AUC[ROC]: 0.999968	AUC[PR]: 0.952777
Val	AUC[ROC]: 0.773173	AUC[PR]: 0.107464
Epoch evaluation duration: 71.5262219906
Epoch duration: 81.3008358479

Epoch 199/1000
Epoch training duration: 10.4092020988
Train	AUC[ROC]: 0.999863	AUC[PR]: 0.828057
Val	AUC[ROC]: 0.746587	AUC[PR]: 0.074202
Epoch evaluation duration: 71.15300107
Epoch duration: 81.5622031689

Epoch 200/1000
Epoch training duration: 11.4445919991
Train	AUC[ROC]: 0.999860	AUC[PR]: 0.826203
Val	AUC[ROC]: 0.755886	AUC[PR]: 0.080094
Epoch evaluation duration: 66.3392999172
Epoch duration: 77.7838919163

Epoch 201/1000
Epoch training duration: 11.9484140873
Train	AUC[ROC]: 0.999956	AUC[PR]: 0.937395
Val	AUC[ROC]: 0.710698	AUC[PR]: 0.091059
Epoch evaluation duration: 78.6545360088
Epoch duration: 90.6029500961

Epoch 202/1000
Epoch training duration: 10.5127899647
Train	AUC[ROC]: 0.999960	AUC[PR]: 0.941541
Val	AUC[ROC]: 0.717507	AUC[PR]: 0.089774
Epoch evaluation duration: 80.8174479008
Epoch duration: 91.3302378654

Epoch 203/1000
Epoch training duration: 11.1918320656
Train	AUC[ROC]: 0.999966	AUC[PR]: 0.950235
Val	AUC[ROC]: 0.754310	AUC[PR]: 0.093799
Epoch evaluation duration: 74.8055260181
Epoch duration: 85.9973580837

Epoch 204/1000
Epoch training duration: 10.9544138908
Train	AUC[ROC]: 0.999965	AUC[PR]: 0.948837
Val	AUC[ROC]: 0.730626	AUC[PR]: 0.093646
Epoch evaluation duration: 72.292235136
Epoch duration: 83.2466490269

Epoch 205/1000
Epoch training duration: 10.6294238567
Train	AUC[ROC]: 0.999966	AUC[PR]: 0.949975
Val	AUC[ROC]: 0.713428	AUC[PR]: 0.092421
Epoch evaluation duration: 76.9960811138
Epoch duration: 87.6255049706

Epoch 206/1000
Epoch training duration: 11.8735909462
Train	AUC[ROC]: 0.999968	AUC[PR]: 0.953128
Val	AUC[ROC]: 0.707084	AUC[PR]: 0.092746
Epoch evaluation duration: 78.931704998
Epoch duration: 90.8052959442

Epoch 207/1000
Epoch training duration: 12.2904510498
Train	AUC[ROC]: 0.999969	AUC[PR]: 0.954939
Val	AUC[ROC]: 0.717241	AUC[PR]: 0.092496
Epoch evaluation duration: 68.7383790016
Epoch duration: 81.0288300514

Epoch 208/1000
Epoch training duration: 12.3765568733
Train	AUC[ROC]: 0.999969	AUC[PR]: 0.954840
Val	AUC[ROC]: 0.721276	AUC[PR]: 0.090086
Epoch evaluation duration: 71.7121891975
Epoch duration: 84.0887460709

Epoch 209/1000
Epoch training duration: 10.8062968254
Train	AUC[ROC]: 0.999969	AUC[PR]: 0.953958
Val	AUC[ROC]: 0.721947	AUC[PR]: 0.089021
Epoch evaluation duration: 74.6417310238
Epoch duration: 85.4480278492

Epoch 210/1000
Epoch training duration: 10.941434145
Train	AUC[ROC]: 0.999968	AUC[PR]: 0.952929
Val	AUC[ROC]: 0.706210	AUC[PR]: 0.092309
Epoch evaluation duration: 68.9510779381
Epoch duration: 79.8925120831

Epoch 211/1000
Epoch training duration: 10.9602968693
Train	AUC[ROC]: 0.999968	AUC[PR]: 0.953463
Val	AUC[ROC]: 0.701800	AUC[PR]: 0.090175
Epoch evaluation duration: 72.4498560429
Epoch duration: 83.4101529121

Epoch 212/1000
Epoch training duration: 9.98608803749
Train	AUC[ROC]: 0.999968	AUC[PR]: 0.952382
Val	AUC[ROC]: 0.685531	AUC[PR]: 0.092271
Epoch evaluation duration: 69.0879480839
Epoch duration: 79.0740361214

Epoch 213/1000
Epoch training duration: 10.1815769672
Train	AUC[ROC]: 0.999968	AUC[PR]: 0.952102
Val	AUC[ROC]: 0.681560	AUC[PR]: 0.091044
Epoch evaluation duration: 74.4058189392
Epoch duration: 84.5873959064

Epoch 214/1000
Epoch training duration: 10.8773310184
Train	AUC[ROC]: 0.999969	AUC[PR]: 0.954370
Val	AUC[ROC]: 0.690604	AUC[PR]: 0.092888
Epoch evaluation duration: 72.653701067
Epoch duration: 83.5310320854

Epoch 215/1000
Epoch training duration: 10.9978070259
Train	AUC[ROC]: 0.999970	AUC[PR]: 0.955282
Val	AUC[ROC]: 0.695691	AUC[PR]: 0.093895
Epoch evaluation duration: 104.958580971
Epoch duration: 115.956387997

Epoch 216/1000
Epoch training duration: 16.7579259872
Train	AUC[ROC]: 0.999970	AUC[PR]: 0.955806
Val	AUC[ROC]: 0.710845	AUC[PR]: 0.088758
Epoch evaluation duration: 117.748806953
Epoch duration: 134.506732941

Epoch 217/1000
Epoch training duration: 17.8926820755
Train	AUC[ROC]: 0.999970	AUC[PR]: 0.956127
Val	AUC[ROC]: 0.732453	AUC[PR]: 0.077130
Epoch evaluation duration: 127.922721863
Epoch duration: 145.815403938

Epoch 218/1000
Epoch training duration: 16.1900000572
Train	AUC[ROC]: 0.999971	AUC[PR]: 0.956744
Val	AUC[ROC]: 0.679148	AUC[PR]: 0.091735
Epoch evaluation duration: 123.049566984
Epoch duration: 139.239567041

Epoch 219/1000
Epoch training duration: 16.248707056
Train	AUC[ROC]: 0.999971	AUC[PR]: 0.957130
Val	AUC[ROC]: 0.684059	AUC[PR]: 0.097399
Epoch evaluation duration: 117.723694086
Epoch duration: 133.972401142

Epoch 220/1000
Epoch training duration: 17.0800509453
Train	AUC[ROC]: 0.999970	AUC[PR]: 0.955762
Val	AUC[ROC]: 0.676298	AUC[PR]: 0.095693
Epoch evaluation duration: 118.686280966
Epoch duration: 135.766331911

Epoch 221/1000
Epoch training duration: 16.7312090397
Train	AUC[ROC]: 0.999972	AUC[PR]: 0.958673
Val	AUC[ROC]: 0.666686	AUC[PR]: 0.097119
Epoch evaluation duration: 116.851814985
Epoch duration: 133.583024025

Epoch 222/1000
Epoch training duration: 16.7509858608
Train	AUC[ROC]: 0.999976	AUC[PR]: 0.964498
Val	AUC[ROC]: 0.694259	AUC[PR]: 0.093013
Epoch evaluation duration: 126.094856024
Epoch duration: 142.845841885

Epoch 223/1000
Epoch training duration: 17.4515020847
Train	AUC[ROC]: 0.999976	AUC[PR]: 0.963786
Val	AUC[ROC]: 0.719094	AUC[PR]: 0.091699
Epoch evaluation duration: 118.146202087
Epoch duration: 135.597704172

Epoch 224/1000
Epoch training duration: 15.6941797733
Train	AUC[ROC]: 0.999975	AUC[PR]: 0.962516
Val	AUC[ROC]: 0.695437	AUC[PR]: 0.095712
Epoch evaluation duration: 122.325953007
Epoch duration: 138.02013278

Epoch 225/1000
Epoch training duration: 17.5685510635
Train	AUC[ROC]: 0.999977	AUC[PR]: 0.965200
Val	AUC[ROC]: 0.697996	AUC[PR]: 0.097844
Epoch evaluation duration: 120.90693593
Epoch duration: 138.475486994

Epoch 226/1000
Epoch training duration: 15.6918780804
Train	AUC[ROC]: 0.999973	AUC[PR]: 0.959633
Val	AUC[ROC]: 0.716580	AUC[PR]: 0.081073
Epoch evaluation duration: 124.542005062
Epoch duration: 140.233883142

Epoch 227/1000
Epoch training duration: 17.0404839516
Train	AUC[ROC]: 0.999971	AUC[PR]: 0.957874
Val	AUC[ROC]: 0.665761	AUC[PR]: 0.090596
Epoch evaluation duration: 123.844408035
Epoch duration: 140.884891987

Epoch 228/1000
Epoch training duration: 18.200494051
Train	AUC[ROC]: 0.999972	AUC[PR]: 0.958706
Val	AUC[ROC]: 0.663562	AUC[PR]: 0.098399
Epoch evaluation duration: 124.611367941
Epoch duration: 142.811861992

Epoch 229/1000
Epoch training duration: 17.1965649128
Train	AUC[ROC]: 0.999972	AUC[PR]: 0.959051
Val	AUC[ROC]: 0.651391	AUC[PR]: 0.098715
Epoch evaluation duration: 122.49101305
Epoch duration: 139.687577963

train precision: 0.984025959065
train roc: 0.999988073296
train hit in top 2563: 334.0 out of 334.0

val precision: 0.186289221082
val roc: 0.825492464185
val hit in top 427: 32.0 out of 55.0

test precision: 0.26038023471
test roc: 0.819560197021
test hit in top 427: 34.0 out of 55.0

ratio: 0.02, EF: 32.7272727273,	active: 55.0
ratio: 0.02, NEF: 0.654545454545
ratio: 0.01, EF: 61.8181818182,	active: 55.0
ratio: 0.01, NEF: 0.618181818182
ratio: 0.0015, EF: 278.787878788,	active: 55.0
ratio: 0.0015, NEF: 0.418181818182
ratio: 0.001, EF: 290.909090909,	active: 55.0
ratio: 0.001, NEF: 0.380952380952

