label_name_list  [u'PriA-SSB AS Activity']
train files  ['../datasets/keck_pria/fold_2.csv' '../datasets/keck_pria/fold_3.csv'
 '../datasets/keck_pria/fold_4.csv' '../datasets/keck_pria/fold_5.csv'
 '../datasets/keck_pria/fold_6.csv' '../datasets/keck_pria/fold_7.csv']
val files  ['../datasets/keck_pria/fold_0.csv']
test files  ['../datasets/keck_pria/fold_1.csv']
Class Weight  [{0: 1.0, 1: 771.25}]
Epoch 1/1000
Epoch training duration: 6.68637609482
Train	AUC[ROC]: 0.893410	AUC[PR]: 0.078726
Val	AUC[ROC]: 0.842287	AUC[PR]: 0.042534
Epoch evaluation duration: 46.1555640697
Epoch duration: 52.8419401646

Epoch 2/1000
Epoch training duration: 6.10999298096
Train	AUC[ROC]: 0.928180	AUC[PR]: 0.110677
Val	AUC[ROC]: 0.858969	AUC[PR]: 0.075820
Epoch evaluation duration: 56.5911810398
Epoch duration: 62.7011740208

Epoch 3/1000
Epoch training duration: 5.89942097664
Train	AUC[ROC]: 0.948560	AUC[PR]: 0.129537
Val	AUC[ROC]: 0.866919	AUC[PR]: 0.086355
Epoch evaluation duration: 45.1497750282
Epoch duration: 51.0491960049

Epoch 4/1000
Epoch training duration: 6.33018994331
Train	AUC[ROC]: 0.961521	AUC[PR]: 0.145521
Val	AUC[ROC]: 0.872544	AUC[PR]: 0.100162
Epoch evaluation duration: 46.6529369354
Epoch duration: 52.9831268787

Epoch 5/1000
Epoch training duration: 5.95759606361
Train	AUC[ROC]: 0.971282	AUC[PR]: 0.159307
Val	AUC[ROC]: 0.876327	AUC[PR]: 0.108263
Epoch evaluation duration: 49.0112810135
Epoch duration: 54.9688770771

Epoch 6/1000
Epoch training duration: 6.01932096481
Train	AUC[ROC]: 0.978932	AUC[PR]: 0.174853
Val	AUC[ROC]: 0.879284	AUC[PR]: 0.113405
Epoch evaluation duration: 50.3608419895
Epoch duration: 56.3801629543

Epoch 7/1000
Epoch training duration: 6.47711610794
Train	AUC[ROC]: 0.984099	AUC[PR]: 0.189577
Val	AUC[ROC]: 0.878284	AUC[PR]: 0.120485
Epoch evaluation duration: 48.392375946
Epoch duration: 54.869492054

Epoch 8/1000
Epoch training duration: 7.23892688751
Train	AUC[ROC]: 0.988076	AUC[PR]: 0.205597
Val	AUC[ROC]: 0.882047	AUC[PR]: 0.121388
Epoch evaluation duration: 41.5417661667
Epoch duration: 48.7806930542

Epoch 9/1000
Epoch training duration: 6.58645701408
Train	AUC[ROC]: 0.990841	AUC[PR]: 0.219211
Val	AUC[ROC]: 0.883342	AUC[PR]: 0.129950
Epoch evaluation duration: 53.2216358185
Epoch duration: 59.8080928326

Epoch 10/1000
Epoch training duration: 6.21676206589
Train	AUC[ROC]: 0.992526	AUC[PR]: 0.234683
Val	AUC[ROC]: 0.885749	AUC[PR]: 0.137453
Epoch evaluation duration: 59.2098660469
Epoch duration: 65.4266281128

Epoch 11/1000
Epoch training duration: 7.15199184418
Train	AUC[ROC]: 0.994220	AUC[PR]: 0.255094
Val	AUC[ROC]: 0.885950	AUC[PR]: 0.142675
Epoch evaluation duration: 44.8821232319
Epoch duration: 52.0341150761

Epoch 12/1000
Epoch training duration: 6.71254181862
Train	AUC[ROC]: 0.995534	AUC[PR]: 0.278813
Val	AUC[ROC]: 0.885888	AUC[PR]: 0.151461
Epoch evaluation duration: 45.0693421364
Epoch duration: 51.781883955

Epoch 13/1000
Epoch training duration: 7.45229792595
Train	AUC[ROC]: 0.996214	AUC[PR]: 0.297321
Val	AUC[ROC]: 0.884587	AUC[PR]: 0.157838
Epoch evaluation duration: 45.3683309555
Epoch duration: 52.8206288815

Epoch 14/1000
Epoch training duration: 6.45663309097
Train	AUC[ROC]: 0.996875	AUC[PR]: 0.315095
Val	AUC[ROC]: 0.884898	AUC[PR]: 0.159770
Epoch evaluation duration: 51.9089720249
Epoch duration: 58.3656051159

Epoch 15/1000
Epoch training duration: 6.29668903351
Train	AUC[ROC]: 0.997351	AUC[PR]: 0.332246
Val	AUC[ROC]: 0.887689	AUC[PR]: 0.165053
Epoch evaluation duration: 51.6811029911
Epoch duration: 57.9777920246

Epoch 16/1000
Epoch training duration: 6.97020483017
Train	AUC[ROC]: 0.997761	AUC[PR]: 0.352766
Val	AUC[ROC]: 0.886193	AUC[PR]: 0.171400
Epoch evaluation duration: 46.9396150112
Epoch duration: 53.9098198414

Epoch 17/1000
Epoch training duration: 7.57568216324
Train	AUC[ROC]: 0.997949	AUC[PR]: 0.367325
Val	AUC[ROC]: 0.885283	AUC[PR]: 0.169431
Epoch evaluation duration: 52.0776348114
Epoch duration: 59.6533169746

Epoch 18/1000
Epoch training duration: 6.80321907997
Train	AUC[ROC]: 0.998187	AUC[PR]: 0.383705
Val	AUC[ROC]: 0.884211	AUC[PR]: 0.172111
Epoch evaluation duration: 48.4620609283
Epoch duration: 55.2652800083

Epoch 19/1000
Epoch training duration: 5.85108709335
Train	AUC[ROC]: 0.998423	AUC[PR]: 0.402309
Val	AUC[ROC]: 0.883674	AUC[PR]: 0.178381
Epoch evaluation duration: 49.3908550739
Epoch duration: 55.2419421673

Epoch 20/1000
Epoch training duration: 5.4472489357
Train	AUC[ROC]: 0.998627	AUC[PR]: 0.427587
Val	AUC[ROC]: 0.883114	AUC[PR]: 0.180990
Epoch evaluation duration: 46.8992140293
Epoch duration: 52.346462965

Epoch 21/1000
Epoch training duration: 6.57058191299
Train	AUC[ROC]: 0.998800	AUC[PR]: 0.447637
Val	AUC[ROC]: 0.884487	AUC[PR]: 0.183669
Epoch evaluation duration: 44.7189660072
Epoch duration: 51.2895479202

Epoch 22/1000
Epoch training duration: 7.78749203682
Train	AUC[ROC]: 0.998912	AUC[PR]: 0.464792
Val	AUC[ROC]: 0.885928	AUC[PR]: 0.184267
Epoch evaluation duration: 55.5590429306
Epoch duration: 63.3465349674

Epoch 23/1000
Epoch training duration: 6.0029129982
Train	AUC[ROC]: 0.999045	AUC[PR]: 0.485638
Val	AUC[ROC]: 0.883384	AUC[PR]: 0.184723
Epoch evaluation duration: 44.9464781284
Epoch duration: 50.9493911266

Epoch 24/1000
Epoch training duration: 6.95899391174
Train	AUC[ROC]: 0.999117	AUC[PR]: 0.506322
Val	AUC[ROC]: 0.881507	AUC[PR]: 0.189986
Epoch evaluation duration: 45.729888916
Epoch duration: 52.6888828278

Epoch 25/1000
Epoch training duration: 6.11297702789
Train	AUC[ROC]: 0.999235	AUC[PR]: 0.525618
Val	AUC[ROC]: 0.884256	AUC[PR]: 0.196957
Epoch evaluation duration: 48.6617460251
Epoch duration: 54.774723053

Epoch 26/1000
Epoch training duration: 6.69789004326
Train	AUC[ROC]: 0.999251	AUC[PR]: 0.525966
Val	AUC[ROC]: 0.884190	AUC[PR]: 0.198019
Epoch evaluation duration: 47.8582689762
Epoch duration: 54.5561590195

Epoch 27/1000
Epoch training duration: 6.0298371315
Train	AUC[ROC]: 0.999344	AUC[PR]: 0.552537
Val	AUC[ROC]: 0.883334	AUC[PR]: 0.199236
Epoch evaluation duration: 49.3205089569
Epoch duration: 55.3503460884

Epoch 28/1000
Epoch training duration: 6.75769305229
Train	AUC[ROC]: 0.999400	AUC[PR]: 0.570273
Val	AUC[ROC]: 0.882363	AUC[PR]: 0.205480
Epoch evaluation duration: 42.2807238102
Epoch duration: 49.0384168625

Epoch 29/1000
Epoch training duration: 6.27544617653
Train	AUC[ROC]: 0.999462	AUC[PR]: 0.589095
Val	AUC[ROC]: 0.883695	AUC[PR]: 0.208458
Epoch evaluation duration: 53.4017407894
Epoch duration: 59.6771869659

Epoch 30/1000
Epoch training duration: 6.41227412224
Train	AUC[ROC]: 0.999491	AUC[PR]: 0.600727
Val	AUC[ROC]: 0.881962	AUC[PR]: 0.206650
Epoch evaluation duration: 49.7635819912
Epoch duration: 56.1758561134

Epoch 31/1000
Epoch training duration: 6.12166810036
Train	AUC[ROC]: 0.999531	AUC[PR]: 0.617131
Val	AUC[ROC]: 0.881582	AUC[PR]: 0.220001
Epoch evaluation duration: 47.3031518459
Epoch duration: 53.4248199463

Epoch 32/1000
Epoch training duration: 6.37241697311
Train	AUC[ROC]: 0.999548	AUC[PR]: 0.630206
Val	AUC[ROC]: 0.881107	AUC[PR]: 0.222721
Epoch evaluation duration: 53.9241020679
Epoch duration: 60.2965190411

Epoch 33/1000
Epoch training duration: 6.75340294838
Train	AUC[ROC]: 0.999595	AUC[PR]: 0.650704
Val	AUC[ROC]: 0.884893	AUC[PR]: 0.217305
Epoch evaluation duration: 46.1051871777
Epoch duration: 52.858590126

Epoch 34/1000
Epoch training duration: 7.06131887436
Train	AUC[ROC]: 0.999627	AUC[PR]: 0.674870
Val	AUC[ROC]: 0.882283	AUC[PR]: 0.224107
Epoch evaluation duration: 50.6536750793
Epoch duration: 57.7149939537

Epoch 35/1000
Epoch training duration: 6.7513859272
Train	AUC[ROC]: 0.999674	AUC[PR]: 0.698417
Val	AUC[ROC]: 0.884103	AUC[PR]: 0.215538
Epoch evaluation duration: 46.7192358971
Epoch duration: 53.4706218243

Epoch 36/1000
Epoch training duration: 7.26743721962
Train	AUC[ROC]: 0.999712	AUC[PR]: 0.722833
Val	AUC[ROC]: 0.882011	AUC[PR]: 0.222639
Epoch evaluation duration: 45.2601709366
Epoch duration: 52.5276081562

Epoch 37/1000
Epoch training duration: 6.66322994232
Train	AUC[ROC]: 0.999696	AUC[PR]: 0.709554
Val	AUC[ROC]: 0.881400	AUC[PR]: 0.223919
Epoch evaluation duration: 52.6627209187
Epoch duration: 59.325950861

Epoch 38/1000
Epoch training duration: 6.81598615646
Train	AUC[ROC]: 0.999725	AUC[PR]: 0.732334
Val	AUC[ROC]: 0.879129	AUC[PR]: 0.238962
Epoch evaluation duration: 41.6605620384
Epoch duration: 48.4765481949

Epoch 39/1000
Epoch training duration: 6.55427885056
Train	AUC[ROC]: 0.999744	AUC[PR]: 0.738738
Val	AUC[ROC]: 0.880058	AUC[PR]: 0.231454
Epoch evaluation duration: 59.253000021
Epoch duration: 65.8072788715

Epoch 40/1000
Epoch training duration: 6.49223804474
Train	AUC[ROC]: 0.999767	AUC[PR]: 0.754714
Val	AUC[ROC]: 0.878394	AUC[PR]: 0.230053
Epoch evaluation duration: 46.986219883
Epoch duration: 53.4784579277

Epoch 41/1000
Epoch training duration: 6.79692006111
Train	AUC[ROC]: 0.999791	AUC[PR]: 0.778114
Val	AUC[ROC]: 0.876121	AUC[PR]: 0.238424
Epoch evaluation duration: 45.9124000072
Epoch duration: 52.7093200684

Epoch 42/1000
Epoch training duration: 6.15207195282
Train	AUC[ROC]: 0.999795	AUC[PR]: 0.780319
Val	AUC[ROC]: 0.875118	AUC[PR]: 0.242877
Epoch evaluation duration: 46.451292038
Epoch duration: 52.6033639908

Epoch 43/1000
Epoch training duration: 6.44375801086
Train	AUC[ROC]: 0.999803	AUC[PR]: 0.785560
Val	AUC[ROC]: 0.876295	AUC[PR]: 0.241849
Epoch evaluation duration: 54.7861940861
Epoch duration: 61.2299520969

Epoch 44/1000
Epoch training duration: 6.51202583313
Train	AUC[ROC]: 0.999803	AUC[PR]: 0.783507
Val	AUC[ROC]: 0.874675	AUC[PR]: 0.236001
Epoch evaluation duration: 47.0946650505
Epoch duration: 53.6066908836

Epoch 45/1000
Epoch training duration: 6.87459516525
Train	AUC[ROC]: 0.999807	AUC[PR]: 0.787240
Val	AUC[ROC]: 0.873948	AUC[PR]: 0.238458
Epoch evaluation duration: 47.7267618179
Epoch duration: 54.6013569832

Epoch 46/1000
Epoch training duration: 7.17636013031
Train	AUC[ROC]: 0.999838	AUC[PR]: 0.811094
Val	AUC[ROC]: 0.878472	AUC[PR]: 0.239623
Epoch evaluation duration: 43.9905040264
Epoch duration: 51.1668641567

Epoch 47/1000
Epoch training duration: 6.09604096413
Train	AUC[ROC]: 0.999825	AUC[PR]: 0.800847
Val	AUC[ROC]: 0.882159	AUC[PR]: 0.237821
Epoch evaluation duration: 52.3953239918
Epoch duration: 58.4913649559

Epoch 48/1000
Epoch training duration: 6.03118300438
Train	AUC[ROC]: 0.999833	AUC[PR]: 0.805377
Val	AUC[ROC]: 0.880659	AUC[PR]: 0.238752
Epoch evaluation duration: 44.8197500706
Epoch duration: 50.850933075

Epoch 49/1000
Epoch training duration: 6.34775400162
Train	AUC[ROC]: 0.999847	AUC[PR]: 0.818266
Val	AUC[ROC]: 0.878280	AUC[PR]: 0.247602
Epoch evaluation duration: 37.293587923
Epoch duration: 43.6413419247

Epoch 50/1000
Epoch training duration: 4.90178894997
Train	AUC[ROC]: 0.999867	AUC[PR]: 0.837596
Val	AUC[ROC]: 0.879666	AUC[PR]: 0.250477
Epoch evaluation duration: 31.1105670929
Epoch duration: 36.0123560429

Epoch 51/1000
Epoch training duration: 5.03312397003
Train	AUC[ROC]: 0.999863	AUC[PR]: 0.826936
Val	AUC[ROC]: 0.875538	AUC[PR]: 0.250777
Epoch evaluation duration: 30.1552710533
Epoch duration: 35.1883950233

Epoch 52/1000
Epoch training duration: 5.35383796692
Train	AUC[ROC]: 0.999879	AUC[PR]: 0.848058
Val	AUC[ROC]: 0.868319	AUC[PR]: 0.252635
Epoch evaluation duration: 36.1725389957
Epoch duration: 41.5263769627

Epoch 53/1000
Epoch training duration: 6.43942284584
Train	AUC[ROC]: 0.999874	AUC[PR]: 0.843921
Val	AUC[ROC]: 0.866761	AUC[PR]: 0.252858
Epoch evaluation duration: 43.8211150169
Epoch duration: 50.2605378628

Epoch 54/1000
Epoch training duration: 6.73041796684
Train	AUC[ROC]: 0.999894	AUC[PR]: 0.866305
Val	AUC[ROC]: 0.869055	AUC[PR]: 0.262350
Epoch evaluation duration: 44.5209121704
Epoch duration: 51.2513301373

Epoch 55/1000
Epoch training duration: 7.43709802628
Train	AUC[ROC]: 0.999893	AUC[PR]: 0.861231
Val	AUC[ROC]: 0.873703	AUC[PR]: 0.259717
Epoch evaluation duration: 53.8173918724
Epoch duration: 61.2544898987

Epoch 56/1000
Epoch training duration: 7.10139799118
Train	AUC[ROC]: 0.999905	AUC[PR]: 0.875468
Val	AUC[ROC]: 0.873110	AUC[PR]: 0.257896
Epoch evaluation duration: 47.5123720169
Epoch duration: 54.6137700081

Epoch 57/1000
Epoch training duration: 6.6922659874
Train	AUC[ROC]: 0.999912	AUC[PR]: 0.883143
Val	AUC[ROC]: 0.865050	AUC[PR]: 0.266521
Epoch evaluation duration: 49.4005920887
Epoch duration: 56.0928580761

Epoch 58/1000
Epoch training duration: 6.73245406151
Train	AUC[ROC]: 0.999914	AUC[PR]: 0.880856
Val	AUC[ROC]: 0.869734	AUC[PR]: 0.252690
Epoch evaluation duration: 44.6198868752
Epoch duration: 51.3523409367

Epoch 59/1000
Epoch training duration: 6.44619011879
Train	AUC[ROC]: 0.999908	AUC[PR]: 0.873845
Val	AUC[ROC]: 0.879665	AUC[PR]: 0.255392
Epoch evaluation duration: 48.9737589359
Epoch duration: 55.4199490547

Epoch 60/1000
Epoch training duration: 7.16898488998
Train	AUC[ROC]: 0.999900	AUC[PR]: 0.865840
Val	AUC[ROC]: 0.880140	AUC[PR]: 0.248936
Epoch evaluation duration: 45.602257967
Epoch duration: 52.771242857

Epoch 61/1000
Epoch training duration: 6.70486307144
Train	AUC[ROC]: 0.999917	AUC[PR]: 0.884860
Val	AUC[ROC]: 0.872583	AUC[PR]: 0.251042
Epoch evaluation duration: 42.9887061119
Epoch duration: 49.6935691833

Epoch 62/1000
Epoch training duration: 6.63264894485
Train	AUC[ROC]: 0.999920	AUC[PR]: 0.889291
Val	AUC[ROC]: 0.867964	AUC[PR]: 0.256152
Epoch evaluation duration: 46.6957640648
Epoch duration: 53.3284130096

Epoch 63/1000
Epoch training duration: 7.01413583755
Train	AUC[ROC]: 0.999930	AUC[PR]: 0.900748
Val	AUC[ROC]: 0.865382	AUC[PR]: 0.262707
Epoch evaluation duration: 46.6185321808
Epoch duration: 53.6326680183

Epoch 64/1000
Epoch training duration: 6.25306200981
Train	AUC[ROC]: 0.999933	AUC[PR]: 0.905517
Val	AUC[ROC]: 0.861761	AUC[PR]: 0.261476
Epoch evaluation duration: 49.7709829807
Epoch duration: 56.0240449905

Epoch 65/1000
Epoch training duration: 6.56945800781
Train	AUC[ROC]: 0.999934	AUC[PR]: 0.905773
Val	AUC[ROC]: 0.860822	AUC[PR]: 0.272712
Epoch evaluation duration: 62.0466799736
Epoch duration: 68.6161379814

Epoch 66/1000
Epoch training duration: 6.88232302666
Train	AUC[ROC]: 0.999939	AUC[PR]: 0.909461
Val	AUC[ROC]: 0.857962	AUC[PR]: 0.256806
Epoch evaluation duration: 59.5760958195
Epoch duration: 66.4584188461

Epoch 67/1000
Epoch training duration: 7.03923296928
Train	AUC[ROC]: 0.999952	AUC[PR]: 0.928967
Val	AUC[ROC]: 0.849623	AUC[PR]: 0.259527
Epoch evaluation duration: 59.3060891628
Epoch duration: 66.3453221321

Epoch 68/1000
Epoch training duration: 7.23746204376
Train	AUC[ROC]: 0.999946	AUC[PR]: 0.919088
Val	AUC[ROC]: 0.855411	AUC[PR]: 0.271108
Epoch evaluation duration: 58.8464047909
Epoch duration: 66.0838668346

Epoch 69/1000
Epoch training duration: 7.85712003708
Train	AUC[ROC]: 0.999948	AUC[PR]: 0.923027
Val	AUC[ROC]: 0.845322	AUC[PR]: 0.267213
Epoch evaluation duration: 56.6967830658
Epoch duration: 64.5539031029

Epoch 70/1000
Epoch training duration: 7.12343096733
Train	AUC[ROC]: 0.999953	AUC[PR]: 0.928539
Val	AUC[ROC]: 0.847177	AUC[PR]: 0.261966
Epoch evaluation duration: 58.0254631042
Epoch duration: 65.1488940716

Epoch 71/1000
Epoch training duration: 8.74507403374
Train	AUC[ROC]: 0.999959	AUC[PR]: 0.937938
Val	AUC[ROC]: 0.846008	AUC[PR]: 0.256697
Epoch evaluation duration: 56.0395829678
Epoch duration: 64.7846570015

Epoch 72/1000
Epoch training duration: 6.36306405067
Train	AUC[ROC]: 0.999961	AUC[PR]: 0.941645
Val	AUC[ROC]: 0.850712	AUC[PR]: 0.257474
Epoch evaluation duration: 62.1287639141
Epoch duration: 68.4918279648

Epoch 73/1000
Epoch training duration: 6.69561696053
Train	AUC[ROC]: 0.999963	AUC[PR]: 0.941811
Val	AUC[ROC]: 0.850547	AUC[PR]: 0.255650
Epoch evaluation duration: 56.3375079632
Epoch duration: 63.0331249237

Epoch 74/1000
Epoch training duration: 7.16534996033
Train	AUC[ROC]: 0.999965	AUC[PR]: 0.946556
Val	AUC[ROC]: 0.846191	AUC[PR]: 0.269728
Epoch evaluation duration: 57.9193840027
Epoch duration: 65.084733963

Epoch 75/1000
Epoch training duration: 7.72244119644
Train	AUC[ROC]: 0.999966	AUC[PR]: 0.947155
Val	AUC[ROC]: 0.849539	AUC[PR]: 0.270560
Epoch evaluation duration: 62.4178848267
Epoch duration: 70.1403260231

Epoch 76/1000
Epoch training duration: 6.64917898178
Train	AUC[ROC]: 0.999971	AUC[PR]: 0.956404
Val	AUC[ROC]: 0.849595	AUC[PR]: 0.260141
Epoch evaluation duration: 57.255906105
Epoch duration: 63.9050850868

Epoch 77/1000
Epoch training duration: 7.03324198723
Train	AUC[ROC]: 0.999971	AUC[PR]: 0.955751
Val	AUC[ROC]: 0.850773	AUC[PR]: 0.262628
Epoch evaluation duration: 54.4950690269
Epoch duration: 61.5283110142

Epoch 78/1000
Epoch training duration: 5.70423007011
Train	AUC[ROC]: 0.999970	AUC[PR]: 0.956296
Val	AUC[ROC]: 0.852287	AUC[PR]: 0.257093
Epoch evaluation duration: 58.6090488434
Epoch duration: 64.3132789135

Epoch 79/1000
Epoch training duration: 7.72587895393
Train	AUC[ROC]: 0.999974	AUC[PR]: 0.962585
Val	AUC[ROC]: 0.844673	AUC[PR]: 0.261440
Epoch evaluation duration: 53.477148056
Epoch duration: 61.20302701

Epoch 80/1000
Epoch training duration: 6.5539419651
Train	AUC[ROC]: 0.999976	AUC[PR]: 0.965232
Val	AUC[ROC]: 0.837069	AUC[PR]: 0.246927
Epoch evaluation duration: 58.5719370842
Epoch duration: 65.1258790493

Epoch 81/1000
Epoch training duration: 6.96726989746
Train	AUC[ROC]: 0.999972	AUC[PR]: 0.958572
Val	AUC[ROC]: 0.835503	AUC[PR]: 0.261397
Epoch evaluation duration: 59.5748980045
Epoch duration: 66.542167902

Epoch 82/1000
Epoch training duration: 7.3226120472
Train	AUC[ROC]: 0.999974	AUC[PR]: 0.964830
Val	AUC[ROC]: 0.828776	AUC[PR]: 0.254261
Epoch evaluation duration: 51.0266230106
Epoch duration: 58.3492350578

Epoch 83/1000
Epoch training duration: 6.51850414276
Train	AUC[ROC]: 0.999972	AUC[PR]: 0.959172
Val	AUC[ROC]: 0.842598	AUC[PR]: 0.245940
Epoch evaluation duration: 66.6704897881
Epoch duration: 73.1889939308

Epoch 84/1000
Epoch training duration: 6.54861402512
Train	AUC[ROC]: 0.999979	AUC[PR]: 0.970951
Val	AUC[ROC]: 0.827775	AUC[PR]: 0.250330
Epoch evaluation duration: 58.1454780102
Epoch duration: 64.6940920353

Epoch 85/1000
Epoch training duration: 8.28030514717
Train	AUC[ROC]: 0.999974	AUC[PR]: 0.967542
Val	AUC[ROC]: 0.838866	AUC[PR]: 0.241342
Epoch evaluation duration: 53.1302609444
Epoch duration: 61.4105660915

Epoch 86/1000
Epoch training duration: 6.76890897751
Train	AUC[ROC]: 0.999979	AUC[PR]: 0.975642
Val	AUC[ROC]: 0.830074	AUC[PR]: 0.252666
Epoch evaluation duration: 56.0159499645
Epoch duration: 62.784858942

Epoch 87/1000
Epoch training duration: 6.57073092461
Train	AUC[ROC]: 0.999974	AUC[PR]: 0.967444
Val	AUC[ROC]: 0.831136	AUC[PR]: 0.251288
Epoch evaluation duration: 56.7769360542
Epoch duration: 63.3476669788

Epoch 88/1000
Epoch training duration: 7.78693604469
Train	AUC[ROC]: 0.999980	AUC[PR]: 0.974630
Val	AUC[ROC]: 0.825612	AUC[PR]: 0.256883
Epoch evaluation duration: 54.6810278893
Epoch duration: 62.4679639339

Epoch 89/1000
Epoch training duration: 7.3057551384
Train	AUC[ROC]: 0.999981	AUC[PR]: 0.976459
Val	AUC[ROC]: 0.827145	AUC[PR]: 0.254527
Epoch evaluation duration: 50.1180119514
Epoch duration: 57.4237670898

Epoch 90/1000
Epoch training duration: 7.64511013031
Train	AUC[ROC]: 0.999983	AUC[PR]: 0.979103
Val	AUC[ROC]: 0.821684	AUC[PR]: 0.261178
Epoch evaluation duration: 56.6567909718
Epoch duration: 64.3019011021

Epoch 91/1000
Epoch training duration: 6.34244799614
Train	AUC[ROC]: 0.999984	AUC[PR]: 0.977212
Val	AUC[ROC]: 0.832300	AUC[PR]: 0.256842
Epoch evaluation duration: 62.292924881
Epoch duration: 68.6353728771

Epoch 92/1000
Epoch training duration: 6.72060799599
Train	AUC[ROC]: 0.999986	AUC[PR]: 0.982387
Val	AUC[ROC]: 0.833707	AUC[PR]: 0.256764
Epoch evaluation duration: 55.6327900887
Epoch duration: 62.3533980846

Epoch 93/1000
Epoch training duration: 7.37062001228
Train	AUC[ROC]: 0.999986	AUC[PR]: 0.980850
Val	AUC[ROC]: 0.829314	AUC[PR]: 0.257855
Epoch evaluation duration: 55.7884688377
Epoch duration: 63.15908885

Epoch 94/1000
Epoch training duration: 7.28021502495
Train	AUC[ROC]: 0.999982	AUC[PR]: 0.970027
Val	AUC[ROC]: 0.831422	AUC[PR]: 0.249370
Epoch evaluation duration: 64.2226631641
Epoch duration: 71.5028781891

Epoch 95/1000
Epoch training duration: 6.96755099297
Train	AUC[ROC]: 0.999979	AUC[PR]: 0.969649
Val	AUC[ROC]: 0.830406	AUC[PR]: 0.253487
Epoch evaluation duration: 56.6242828369
Epoch duration: 63.5918338299

Epoch 96/1000
Epoch training duration: 8.33884716034
Train	AUC[ROC]: 0.999985	AUC[PR]: 0.976336
Val	AUC[ROC]: 0.826702	AUC[PR]: 0.249014
Epoch evaluation duration: 54.8152208328
Epoch duration: 63.1540679932

Epoch 97/1000
Epoch training duration: 6.94518208504
Train	AUC[ROC]: 0.999985	AUC[PR]: 0.977604
Val	AUC[ROC]: 0.833589	AUC[PR]: 0.246571
Epoch evaluation duration: 59.3528060913
Epoch duration: 66.2979881763

Epoch 98/1000
Epoch training duration: 5.31528282166
Train	AUC[ROC]: 0.999988	AUC[PR]: 0.981918
Val	AUC[ROC]: 0.828189	AUC[PR]: 0.251112
Epoch evaluation duration: 34.0500731468
Epoch duration: 39.3653559685

Epoch 99/1000
Epoch training duration: 5.76013684273
Train	AUC[ROC]: 0.999987	AUC[PR]: 0.980983
Val	AUC[ROC]: 0.825466	AUC[PR]: 0.246649
Epoch evaluation duration: 31.5855741501
Epoch duration: 37.3457109928

Epoch 100/1000
Epoch training duration: 5.76189494133
Train	AUC[ROC]: 0.999987	AUC[PR]: 0.982566
Val	AUC[ROC]: 0.832935	AUC[PR]: 0.237907
Epoch evaluation duration: 31.8005359173
Epoch duration: 37.5624308586

Epoch 101/1000
Epoch training duration: 6.02562618256
Train	AUC[ROC]: 0.999987	AUC[PR]: 0.983605
Val	AUC[ROC]: 0.835640	AUC[PR]: 0.234558
Epoch evaluation duration: 48.6974329948
Epoch duration: 54.7230591774

Epoch 102/1000
Epoch training duration: 7.40396499634
Train	AUC[ROC]: 0.999988	AUC[PR]: 0.985980
Val	AUC[ROC]: 0.858272	AUC[PR]: 0.233871
Epoch evaluation duration: 48.5822598934
Epoch duration: 55.9862248898

Epoch 103/1000
Epoch training duration: 6.59027004242
Train	AUC[ROC]: 0.999991	AUC[PR]: 0.991378
Val	AUC[ROC]: 0.843190	AUC[PR]: 0.232604
Epoch evaluation duration: 54.6473529339
Epoch duration: 61.2376229763

Epoch 104/1000
Epoch training duration: 6.63473296165
Train	AUC[ROC]: 0.999990	AUC[PR]: 0.991167
Val	AUC[ROC]: 0.845158	AUC[PR]: 0.234131
Epoch evaluation duration: 52.2799429893
Epoch duration: 58.914675951

Epoch 105/1000
Epoch training duration: 7.21976613998
Train	AUC[ROC]: 0.999991	AUC[PR]: 0.992117
Val	AUC[ROC]: 0.846618	AUC[PR]: 0.232283
Epoch evaluation duration: 54.2036938667
Epoch duration: 61.4234600067

Epoch 106/1000
Epoch training duration: 7.74408817291
Train	AUC[ROC]: 0.999991	AUC[PR]: 0.990929
Val	AUC[ROC]: 0.833929	AUC[PR]: 0.243299
Epoch evaluation duration: 46.1365129948
Epoch duration: 53.8806011677

Epoch 107/1000
Epoch training duration: 6.72722101212
Train	AUC[ROC]: 0.999989	AUC[PR]: 0.981433
Val	AUC[ROC]: 0.826689	AUC[PR]: 0.243845
Epoch evaluation duration: 55.7142958641
Epoch duration: 62.4415168762

Epoch 108/1000
Epoch training duration: 5.98674607277
Train	AUC[ROC]: 0.999988	AUC[PR]: 0.978444
Val	AUC[ROC]: 0.825822	AUC[PR]: 0.254703
Epoch evaluation duration: 54.2266769409
Epoch duration: 60.2134230137

Epoch 109/1000
Epoch training duration: 6.97496509552
Train	AUC[ROC]: 0.999991	AUC[PR]: 0.984060
Val	AUC[ROC]: 0.823168	AUC[PR]: 0.254985
Epoch evaluation duration: 52.6144599915
Epoch duration: 59.589425087

Epoch 110/1000
Epoch training duration: 6.25014805794
Train	AUC[ROC]: 0.999993	AUC[PR]: 0.988893
Val	AUC[ROC]: 0.820048	AUC[PR]: 0.257593
Epoch evaluation duration: 53.240721941
Epoch duration: 59.4908699989

Epoch 111/1000
Epoch training duration: 5.65910601616
Train	AUC[ROC]: 0.999992	AUC[PR]: 0.987363
Val	AUC[ROC]: 0.835018	AUC[PR]: 0.251252
Epoch evaluation duration: 57.7133069038
Epoch duration: 63.37241292

Epoch 112/1000
Epoch training duration: 7.01588702202
Train	AUC[ROC]: 0.999993	AUC[PR]: 0.988871
Val	AUC[ROC]: 0.834883	AUC[PR]: 0.237963
Epoch evaluation duration: 52.4717199802
Epoch duration: 59.4876070023

Epoch 113/1000
Epoch training duration: 7.82313895226
Train	AUC[ROC]: 0.999994	AUC[PR]: 0.989303
Val	AUC[ROC]: 0.827117	AUC[PR]: 0.248590
Epoch evaluation duration: 57.7656710148
Epoch duration: 65.588809967

Epoch 114/1000
Epoch training duration: 6.43800997734
Train	AUC[ROC]: 0.999994	AUC[PR]: 0.990213
Val	AUC[ROC]: 0.835566	AUC[PR]: 0.232250
Epoch evaluation duration: 50.2694351673
Epoch duration: 56.7074451447

Epoch 115/1000
Epoch training duration: 6.27867484093
Train	AUC[ROC]: 0.999995	AUC[PR]: 0.993029
Val	AUC[ROC]: 0.823639	AUC[PR]: 0.233187
Epoch evaluation duration: 52.7492539883
Epoch duration: 59.0279288292

Epoch 116/1000
Epoch training duration: 6.67270112038
Train	AUC[ROC]: 0.999994	AUC[PR]: 0.992609
Val	AUC[ROC]: 0.823980	AUC[PR]: 0.232656
Epoch evaluation duration: 48.8508200645
Epoch duration: 55.5235211849

Epoch 117/1000
Epoch training duration: 7.21167182922
Train	AUC[ROC]: 0.999994	AUC[PR]: 0.993461
Val	AUC[ROC]: 0.823668	AUC[PR]: 0.231938
Epoch evaluation duration: 48.049904108
Epoch duration: 55.2615759373

Epoch 118/1000
Epoch training duration: 6.86625289917
Train	AUC[ROC]: 0.999995	AUC[PR]: 0.994686
Val	AUC[ROC]: 0.820295	AUC[PR]: 0.229081
Epoch evaluation duration: 50.8736801147
Epoch duration: 57.7399330139

Epoch 119/1000
Epoch training duration: 6.84560394287
Train	AUC[ROC]: 0.999991	AUC[PR]: 0.986348
Val	AUC[ROC]: 0.821626	AUC[PR]: 0.230290
Epoch evaluation duration: 54.0804331303
Epoch duration: 60.9260370731

Epoch 120/1000
Epoch training duration: 6.6842777729
Train	AUC[ROC]: 0.999991	AUC[PR]: 0.987827
Val	AUC[ROC]: 0.818666	AUC[PR]: 0.228309
Epoch evaluation duration: 48.5061690807
Epoch duration: 55.1904468536

Epoch 121/1000
Epoch training duration: 7.56136512756
Train	AUC[ROC]: 0.999993	AUC[PR]: 0.991591
Val	AUC[ROC]: 0.805779	AUC[PR]: 0.229468
Epoch evaluation duration: 49.5955247879
Epoch duration: 57.1568899155

Epoch 122/1000
Epoch training duration: 6.99374604225
Train	AUC[ROC]: 0.999993	AUC[PR]: 0.991090
Val	AUC[ROC]: 0.811966	AUC[PR]: 0.237255
Epoch evaluation duration: 49.0207750797
Epoch duration: 56.014521122

Epoch 123/1000
Epoch training duration: 7.95252299309
Train	AUC[ROC]: 0.999994	AUC[PR]: 0.993556
Val	AUC[ROC]: 0.814020	AUC[PR]: 0.219752
Epoch evaluation duration: 49.6632359028
Epoch duration: 57.6157588959

Epoch 124/1000
Epoch training duration: 6.76485705376
Train	AUC[ROC]: 0.999995	AUC[PR]: 0.994228
Val	AUC[ROC]: 0.814028	AUC[PR]: 0.216369
Epoch evaluation duration: 53.5537509918
Epoch duration: 60.3186080456

Epoch 125/1000
Epoch training duration: 6.61400914192
Train	AUC[ROC]: 0.999995	AUC[PR]: 0.994233
Val	AUC[ROC]: 0.817991	AUC[PR]: 0.222444
Epoch evaluation duration: 54.2721879482
Epoch duration: 60.8861970901

Epoch 126/1000
Epoch training duration: 6.68154788017
Train	AUC[ROC]: 0.999995	AUC[PR]: 0.993743
Val	AUC[ROC]: 0.809399	AUC[PR]: 0.226764
Epoch evaluation duration: 46.4747760296
Epoch duration: 53.1563239098

Epoch 127/1000
Epoch training duration: 7.66203594208
Train	AUC[ROC]: 0.999996	AUC[PR]: 0.996184
Val	AUC[ROC]: 0.800921	AUC[PR]: 0.224609
Epoch evaluation duration: 53.727214098
Epoch duration: 61.3892500401

Epoch 128/1000
Epoch training duration: 6.67038702965
Train	AUC[ROC]: 0.999996	AUC[PR]: 0.994836
Val	AUC[ROC]: 0.808820	AUC[PR]: 0.222616
Epoch evaluation duration: 55.2885539532
Epoch duration: 61.9589409828

Epoch 129/1000
Epoch training duration: 6.95101714134
Train	AUC[ROC]: 0.999996	AUC[PR]: 0.994655
Val	AUC[ROC]: 0.801788	AUC[PR]: 0.223177
Epoch evaluation duration: 45.6265099049
Epoch duration: 52.5775270462

Epoch 130/1000
Epoch training duration: 7.20926189423
Train	AUC[ROC]: 0.999996	AUC[PR]: 0.994234
Val	AUC[ROC]: 0.799818	AUC[PR]: 0.231466
Epoch evaluation duration: 44.748167038
Epoch duration: 51.9574289322

Epoch 131/1000
Epoch training duration: 7.94741606712
Train	AUC[ROC]: 0.999996	AUC[PR]: 0.996408
Val	AUC[ROC]: 0.802685	AUC[PR]: 0.239482
Epoch evaluation duration: 44.5692329407
Epoch duration: 52.5166490078

Epoch 132/1000
Epoch training duration: 6.41629695892
Train	AUC[ROC]: 0.999997	AUC[PR]: 0.997081
Val	AUC[ROC]: 0.801187	AUC[PR]: 0.243352
Epoch evaluation duration: 54.0496511459
Epoch duration: 60.4659481049

Epoch 133/1000
Epoch training duration: 6.88723897934
Train	AUC[ROC]: 0.999998	AUC[PR]: 0.998012
Val	AUC[ROC]: 0.795012	AUC[PR]: 0.236763
Epoch evaluation duration: 49.9873888493
Epoch duration: 56.8746278286

Epoch 134/1000
Epoch training duration: 7.65743708611
Train	AUC[ROC]: 0.999999	AUC[PR]: 0.998932
Val	AUC[ROC]: 0.808962	AUC[PR]: 0.231613
Epoch evaluation duration: 41.2149600983
Epoch duration: 48.8723971844

Epoch 135/1000
Epoch training duration: 5.88911104202
Train	AUC[ROC]: 0.999998	AUC[PR]: 0.998007
Val	AUC[ROC]: 0.808945	AUC[PR]: 0.227770
Epoch evaluation duration: 57.3707568645
Epoch duration: 63.2598679066

Epoch 136/1000
Epoch training duration: 7.48101806641
Train	AUC[ROC]: 0.999998	AUC[PR]: 0.998305
Val	AUC[ROC]: 0.801449	AUC[PR]: 0.224875
Epoch evaluation duration: 49.0440468788
Epoch duration: 56.5250649452

Epoch 137/1000
Epoch training duration: 5.98558115959
Train	AUC[ROC]: 0.999996	AUC[PR]: 0.996307
Val	AUC[ROC]: 0.795850	AUC[PR]: 0.229512
Epoch evaluation duration: 50.0533540249
Epoch duration: 56.0389351845

Epoch 138/1000
Epoch training duration: 7.07552099228
Train	AUC[ROC]: 0.999997	AUC[PR]: 0.997743
Val	AUC[ROC]: 0.795564	AUC[PR]: 0.230744
Epoch evaluation duration: 54.9440338612
Epoch duration: 62.0195548534

Epoch 139/1000
Epoch training duration: 5.83200097084
Train	AUC[ROC]: 0.999999	AUC[PR]: 0.998929
Val	AUC[ROC]: 0.790481	AUC[PR]: 0.232484
Epoch evaluation duration: 48.1254661083
Epoch duration: 53.9574670792

Epoch 140/1000
Epoch training duration: 6.94259095192
Train	AUC[ROC]: 0.999999	AUC[PR]: 0.999524
Val	AUC[ROC]: 0.786635	AUC[PR]: 0.232891
Epoch evaluation duration: 49.7642920017
Epoch duration: 56.7068829536

Epoch 141/1000
Epoch training duration: 6.72462296486
Train	AUC[ROC]: 0.999993	AUC[PR]: 0.985973
Val	AUC[ROC]: 0.835836	AUC[PR]: 0.219041
Epoch evaluation duration: 56.4440050125
Epoch duration: 63.1686279774

Epoch 142/1000
Epoch training duration: 6.70048999786
Train	AUC[ROC]: 0.999995	AUC[PR]: 0.986007
Val	AUC[ROC]: 0.798498	AUC[PR]: 0.218891
Epoch evaluation duration: 55.0363299847
Epoch duration: 61.7368199825

Epoch 143/1000
Epoch training duration: 6.69162297249
Train	AUC[ROC]: 0.999995	AUC[PR]: 0.987367
Val	AUC[ROC]: 0.793637	AUC[PR]: 0.227090
Epoch evaluation duration: 50.8018751144
Epoch duration: 57.4934980869

Epoch 144/1000
Epoch training duration: 6.8189458847
Train	AUC[ROC]: 0.999996	AUC[PR]: 0.989855
Val	AUC[ROC]: 0.802417	AUC[PR]: 0.213983
Epoch evaluation duration: 47.2270979881
Epoch duration: 54.0460438728

Epoch 145/1000
Epoch training duration: 6.76894116402
Train	AUC[ROC]: 0.999994	AUC[PR]: 0.988225
Val	AUC[ROC]: 0.809885	AUC[PR]: 0.215001
Epoch evaluation duration: 50.2079589367
Epoch duration: 56.9769001007

Epoch 146/1000
Epoch training duration: 6.8038520813
Train	AUC[ROC]: 0.999995	AUC[PR]: 0.991603
Val	AUC[ROC]: 0.791201	AUC[PR]: 0.212786
Epoch evaluation duration: 63.9678719044
Epoch duration: 70.7717239857

Epoch 147/1000
Epoch training duration: 7.00932192802
Train	AUC[ROC]: 0.999993	AUC[PR]: 0.990108
Val	AUC[ROC]: 0.788470	AUC[PR]: 0.217067
Epoch evaluation duration: 47.978397131
Epoch duration: 54.987719059

Epoch 148/1000
Epoch training duration: 7.25201487541
Train	AUC[ROC]: 0.999994	AUC[PR]: 0.992886
Val	AUC[ROC]: 0.805630	AUC[PR]: 0.220177
Epoch evaluation duration: 46.2272450924
Epoch duration: 53.4792599678

Epoch 149/1000
Epoch training duration: 6.16357588768
Train	AUC[ROC]: 0.999995	AUC[PR]: 0.993514
Val	AUC[ROC]: 0.791469	AUC[PR]: 0.213159
Epoch evaluation duration: 52.6887760162
Epoch duration: 58.8523519039

Epoch 150/1000
Epoch training duration: 6.45977902412
Train	AUC[ROC]: 0.999993	AUC[PR]: 0.992731
Val	AUC[ROC]: 0.783116	AUC[PR]: 0.220278
Epoch evaluation duration: 49.2316839695
Epoch duration: 55.6914629936

Epoch 151/1000
Epoch training duration: 7.00162196159
Train	AUC[ROC]: 0.999996	AUC[PR]: 0.995838
Val	AUC[ROC]: 0.783588	AUC[PR]: 0.219807
Epoch evaluation duration: 55.900206089
Epoch duration: 62.9018280506

Epoch 152/1000
Epoch training duration: 7.59577608109
Train	AUC[ROC]: 0.999997	AUC[PR]: 0.997006
Val	AUC[ROC]: 0.792940	AUC[PR]: 0.217814
Epoch evaluation duration: 45.5962259769
Epoch duration: 53.192002058

Epoch 153/1000
Epoch training duration: 6.93954491615
Train	AUC[ROC]: 0.999997	AUC[PR]: 0.997492
Val	AUC[ROC]: 0.789311	AUC[PR]: 0.213981
Epoch evaluation duration: 55.7046251297
Epoch duration: 62.6441700459

Epoch 154/1000
Epoch training duration: 7.22937703133
Train	AUC[ROC]: 0.999998	AUC[PR]: 0.998526
Val	AUC[ROC]: 0.788298	AUC[PR]: 0.213198
Epoch evaluation duration: 59.4572839737
Epoch duration: 66.686661005

Epoch 155/1000
Epoch training duration: 7.36816382408
Train	AUC[ROC]: 0.999998	AUC[PR]: 0.998696
Val	AUC[ROC]: 0.778230	AUC[PR]: 0.212652
Epoch evaluation duration: 52.2681641579
Epoch duration: 59.6363279819

Epoch 156/1000
Epoch training duration: 6.87432193756
Train	AUC[ROC]: 0.999999	AUC[PR]: 0.998796
Val	AUC[ROC]: 0.788262	AUC[PR]: 0.219130
Epoch evaluation duration: 53.2628939152
Epoch duration: 60.1372158527

Epoch 157/1000
Epoch training duration: 7.20789813995
Train	AUC[ROC]: 0.999998	AUC[PR]: 0.998694
Val	AUC[ROC]: 0.779219	AUC[PR]: 0.218850
Epoch evaluation duration: 59.3398859501
Epoch duration: 66.54778409

Epoch 158/1000
Epoch training duration: 6.42931294441
Train	AUC[ROC]: 0.999999	AUC[PR]: 0.999128
Val	AUC[ROC]: 0.780185	AUC[PR]: 0.213314
Epoch evaluation duration: 50.3339231014
Epoch duration: 56.7632360458

Epoch 159/1000
Epoch training duration: 7.62712192535
Train	AUC[ROC]: 0.999999	AUC[PR]: 0.999250
Val	AUC[ROC]: 0.781629	AUC[PR]: 0.222098
Epoch evaluation duration: 50.3104000092
Epoch duration: 57.9375219345

Epoch 160/1000
Epoch training duration: 6.83020091057
Train	AUC[ROC]: 0.999999	AUC[PR]: 0.999389
Val	AUC[ROC]: 0.771187	AUC[PR]: 0.217489
Epoch evaluation duration: 47.5079090595
Epoch duration: 54.3381099701

Epoch 161/1000
Epoch training duration: 6.64892196655
Train	AUC[ROC]: 0.999999	AUC[PR]: 0.999518
Val	AUC[ROC]: 0.770328	AUC[PR]: 0.219994
Epoch evaluation duration: 51.8186421394
Epoch duration: 58.467564106

Epoch 162/1000
Epoch training duration: 6.69810700417
Train	AUC[ROC]: 1.000000	AUC[PR]: 0.999682
Val	AUC[ROC]: 0.769829	AUC[PR]: 0.223281
Epoch evaluation duration: 52.3331928253
Epoch duration: 59.0312998295

Epoch 163/1000
Epoch training duration: 7.5464861393
Train	AUC[ROC]: 0.999997	AUC[PR]: 0.996347
Val	AUC[ROC]: 0.786133	AUC[PR]: 0.225325
Epoch evaluation duration: 45.4335029125
Epoch duration: 52.9799890518

Epoch 164/1000
Epoch training duration: 7.8432071209
Train	AUC[ROC]: 0.999997	AUC[PR]: 0.997232
Val	AUC[ROC]: 0.785176	AUC[PR]: 0.222661
Epoch evaluation duration: 50.7262468338
Epoch duration: 58.5694539547

Epoch 165/1000
Epoch training duration: 6.09728312492
Train	AUC[ROC]: 0.999998	AUC[PR]: 0.997864
Val	AUC[ROC]: 0.775105	AUC[PR]: 0.222601
Epoch evaluation duration: 51.505671978
Epoch duration: 57.6029551029

Epoch 166/1000
Epoch training duration: 6.82672810555
Train	AUC[ROC]: 0.999999	AUC[PR]: 0.998846
Val	AUC[ROC]: 0.760465	AUC[PR]: 0.229393
Epoch evaluation duration: 48.2180628777
Epoch duration: 55.0447909832

Epoch 167/1000
Epoch training duration: 7.17952394485
Train	AUC[ROC]: 0.999999	AUC[PR]: 0.999012
Val	AUC[ROC]: 0.776835	AUC[PR]: 0.226816
Epoch evaluation duration: 51.5950231552
Epoch duration: 58.7745471001

Epoch 168/1000
Epoch training duration: 7.02338290215
Train	AUC[ROC]: 0.999999	AUC[PR]: 0.998749
Val	AUC[ROC]: 0.791887	AUC[PR]: 0.211399
Epoch evaluation duration: 55.9006500244
Epoch duration: 62.9240329266

Epoch 169/1000
Epoch training duration: 8.27553987503
Train	AUC[ROC]: 0.999999	AUC[PR]: 0.999175
Val	AUC[ROC]: 0.764839	AUC[PR]: 0.207748
Epoch evaluation duration: 44.0714020729
Epoch duration: 52.3469419479

Epoch 170/1000
Epoch training duration: 6.60549402237
Train	AUC[ROC]: 0.999997	AUC[PR]: 0.997273
Val	AUC[ROC]: 0.788476	AUC[PR]: 0.206696
Epoch evaluation duration: 47.7087879181
Epoch duration: 54.3142819405

Epoch 171/1000
Epoch training duration: 6.50657200813
Train	AUC[ROC]: 0.999994	AUC[PR]: 0.992069
Val	AUC[ROC]: 0.785372	AUC[PR]: 0.217767
Epoch evaluation duration: 59.6335110664
Epoch duration: 66.1400830746

Epoch 172/1000
Epoch training duration: 6.90582895279
Train	AUC[ROC]: 0.999996	AUC[PR]: 0.994465
Val	AUC[ROC]: 0.778202	AUC[PR]: 0.221032
Epoch evaluation duration: 48.3799409866
Epoch duration: 55.2857699394

Epoch 173/1000
Epoch training duration: 6.54313898087
Train	AUC[ROC]: 0.999997	AUC[PR]: 0.996326
Val	AUC[ROC]: 0.761468	AUC[PR]: 0.210312
Epoch evaluation duration: 51.8742170334
Epoch duration: 58.4173560143

Epoch 174/1000
Epoch training duration: 6.38068318367
Train	AUC[ROC]: 0.999998	AUC[PR]: 0.997347
Val	AUC[ROC]: 0.755997	AUC[PR]: 0.206353
Epoch evaluation duration: 46.6796188354
Epoch duration: 53.0603020191

Epoch 175/1000
Epoch training duration: 6.49328112602
Train	AUC[ROC]: 0.999999	AUC[PR]: 0.998691
Val	AUC[ROC]: 0.759120	AUC[PR]: 0.214711
Epoch evaluation duration: 52.1098208427
Epoch duration: 58.6031019688

Epoch 176/1000
Epoch training duration: 6.12482213974
Train	AUC[ROC]: 0.999999	AUC[PR]: 0.999135
Val	AUC[ROC]: 0.751161	AUC[PR]: 0.208742
Epoch evaluation duration: 53.4661748409
Epoch duration: 59.5909969807

Epoch 177/1000
Epoch training duration: 6.67334008217
Train	AUC[ROC]: 0.999996	AUC[PR]: 0.991315
Val	AUC[ROC]: 0.766061	AUC[PR]: 0.214219
Epoch evaluation duration: 48.1283330917
Epoch duration: 54.8016731739

Epoch 178/1000
Epoch training duration: 7.76551485062
Train	AUC[ROC]: 0.999996	AUC[PR]: 0.992381
Val	AUC[ROC]: 0.763773	AUC[PR]: 0.215089
Epoch evaluation duration: 53.7112469673
Epoch duration: 61.4767618179

Epoch 179/1000
Epoch training duration: 5.88259315491
Train	AUC[ROC]: 0.999996	AUC[PR]: 0.993629
Val	AUC[ROC]: 0.763732	AUC[PR]: 0.222677
Epoch evaluation duration: 52.8723299503
Epoch duration: 58.7549231052

Epoch 180/1000
Epoch training duration: 7.55983304977
Train	AUC[ROC]: 0.999997	AUC[PR]: 0.996187
Val	AUC[ROC]: 0.751586	AUC[PR]: 0.216309
Epoch evaluation duration: 47.0859060287
Epoch duration: 54.6457390785

Epoch 181/1000
Epoch training duration: 6.42584180832
Train	AUC[ROC]: 0.999997	AUC[PR]: 0.996550
Val	AUC[ROC]: 0.760981	AUC[PR]: 0.222315
Epoch evaluation duration: 60.4943430424
Epoch duration: 66.9201848507

Epoch 182/1000
Epoch training duration: 6.37363696098
Train	AUC[ROC]: 0.999998	AUC[PR]: 0.997044
Val	AUC[ROC]: 0.802100	AUC[PR]: 0.223421
Epoch evaluation duration: 53.2286021709
Epoch duration: 59.6022391319

Epoch 183/1000
Epoch training duration: 6.30976200104
Train	AUC[ROC]: 0.999998	AUC[PR]: 0.997656
Val	AUC[ROC]: 0.785010	AUC[PR]: 0.220897
Epoch evaluation duration: 45.7520229816
Epoch duration: 52.0617849827

Epoch 184/1000
Epoch training duration: 7.4276239872
Train	AUC[ROC]: 0.999998	AUC[PR]: 0.997875
Val	AUC[ROC]: 0.772712	AUC[PR]: 0.220825
Epoch evaluation duration: 52.8223230839
Epoch duration: 60.2499470711

Epoch 185/1000
Epoch training duration: 6.87374377251
Train	AUC[ROC]: 0.999999	AUC[PR]: 0.998810
Val	AUC[ROC]: 0.762379	AUC[PR]: 0.221834
Epoch evaluation duration: 51.5755720139
Epoch duration: 58.4493157864

Epoch 186/1000
Epoch training duration: 6.96155118942
Train	AUC[ROC]: 0.999998	AUC[PR]: 0.998229
Val	AUC[ROC]: 0.791427	AUC[PR]: 0.221993
Epoch evaluation duration: 53.185833931
Epoch duration: 60.1473851204

Epoch 187/1000
Epoch training duration: 6.26112389565
Train	AUC[ROC]: 0.999999	AUC[PR]: 0.998835
Val	AUC[ROC]: 0.770025	AUC[PR]: 0.218805
Epoch evaluation duration: 50.9734251499
Epoch duration: 57.2345490456

Epoch 188/1000
Epoch training duration: 7.33090996742
Train	AUC[ROC]: 0.999999	AUC[PR]: 0.999375
Val	AUC[ROC]: 0.750090	AUC[PR]: 0.211318
Epoch evaluation duration: 45.2378370762
Epoch duration: 52.5687470436

Epoch 189/1000
Epoch training duration: 6.4636528492
Train	AUC[ROC]: 1.000000	AUC[PR]: 0.999639
Val	AUC[ROC]: 0.750515	AUC[PR]: 0.215993
Epoch evaluation duration: 55.7921159267
Epoch duration: 62.2557687759

Epoch 190/1000
Epoch training duration: 7.65804004669
Train	AUC[ROC]: 0.999998	AUC[PR]: 0.998096
Val	AUC[ROC]: 0.776961	AUC[PR]: 0.208026
Epoch evaluation duration: 50.1020259857
Epoch duration: 57.7600660324

Epoch 191/1000
Epoch training duration: 7.27655410767
Train	AUC[ROC]: 0.999999	AUC[PR]: 0.998968
Val	AUC[ROC]: 0.752461	AUC[PR]: 0.207570
Epoch evaluation duration: 41.7315399647
Epoch duration: 49.0080940723

Epoch 192/1000
Epoch training duration: 6.26969909668
Train	AUC[ROC]: 0.999999	AUC[PR]: 0.998785
Val	AUC[ROC]: 0.760502	AUC[PR]: 0.195695
Epoch evaluation duration: 57.657946825
Epoch duration: 63.9276459217

Epoch 193/1000
Epoch training duration: 7.45569109917
Train	AUC[ROC]: 0.999999	AUC[PR]: 0.999417
Val	AUC[ROC]: 0.752031	AUC[PR]: 0.198655
Epoch evaluation duration: 43.4417450428
Epoch duration: 50.897436142

Epoch 194/1000
Epoch training duration: 6.38137602806
Train	AUC[ROC]: 0.999999	AUC[PR]: 0.999286
Val	AUC[ROC]: 0.737222	AUC[PR]: 0.209455
Epoch evaluation duration: 52.8373470306
Epoch duration: 59.2187230587

Epoch 195/1000
Epoch training duration: 6.80427980423
Train	AUC[ROC]: 1.000000	AUC[PR]: 0.999613
Val	AUC[ROC]: 0.746537	AUC[PR]: 0.209824
Epoch evaluation duration: 51.0366790295
Epoch duration: 57.8409588337

Epoch 196/1000
Epoch training duration: 6.35932397842
Train	AUC[ROC]: 0.999995	AUC[PR]: 0.990775
Val	AUC[ROC]: 0.777112	AUC[PR]: 0.183455
Epoch evaluation duration: 43.9069051743
Epoch duration: 50.2662291527

Epoch 197/1000
Epoch training duration: 6.76216101646
Train	AUC[ROC]: 0.999996	AUC[PR]: 0.992410
Val	AUC[ROC]: 0.756511	AUC[PR]: 0.186284
Epoch evaluation duration: 51.9498329163
Epoch duration: 58.7119939327

Epoch 198/1000
Epoch training duration: 6.85447502136
Train	AUC[ROC]: 0.999997	AUC[PR]: 0.995999
Val	AUC[ROC]: 0.740763	AUC[PR]: 0.192367
Epoch evaluation duration: 52.3828759193
Epoch duration: 59.2373509407

Epoch 199/1000
Epoch training duration: 6.34275794029
Train	AUC[ROC]: 0.999998	AUC[PR]: 0.997449
Val	AUC[ROC]: 0.754840	AUC[PR]: 0.201098
Epoch evaluation duration: 56.7201740742
Epoch duration: 63.0629320145

Epoch 200/1000
Epoch training duration: 7.30043792725
Train	AUC[ROC]: 0.999995	AUC[PR]: 0.992190
Val	AUC[ROC]: 0.778308	AUC[PR]: 0.209426
Epoch evaluation duration: 55.7743461132
Epoch duration: 63.0747840405

Epoch 201/1000
Epoch training duration: 7.25705599785
Train	AUC[ROC]: 0.999993	AUC[PR]: 0.989879
Val	AUC[ROC]: 0.797579	AUC[PR]: 0.201554
Epoch evaluation duration: 41.6206660271
Epoch duration: 48.8777220249

Epoch 202/1000
Epoch training duration: 6.80803203583
Train	AUC[ROC]: 0.999991	AUC[PR]: 0.983469
Val	AUC[ROC]: 0.772912	AUC[PR]: 0.200057
Epoch evaluation duration: 46.4159679413
Epoch duration: 53.2239999771

Epoch 203/1000
Epoch training duration: 6.32181191444
Train	AUC[ROC]: 0.999991	AUC[PR]: 0.984295
Val	AUC[ROC]: 0.775695	AUC[PR]: 0.204176
Epoch evaluation duration: 56.5180301666
Epoch duration: 62.8398420811

Epoch 204/1000
Epoch training duration: 6.88001990318
Train	AUC[ROC]: 0.999992	AUC[PR]: 0.984607
Val	AUC[ROC]: 0.764838	AUC[PR]: 0.200466
Epoch evaluation duration: 46.3629360199
Epoch duration: 53.2429559231

Epoch 205/1000
Epoch training duration: 7.41156792641
Train	AUC[ROC]: 0.999992	AUC[PR]: 0.984814
Val	AUC[ROC]: 0.769384	AUC[PR]: 0.197905
Epoch evaluation duration: 51.7950770855
Epoch duration: 59.2066450119

Epoch 206/1000
Epoch training duration: 7.26431488991
Train	AUC[ROC]: 0.999987	AUC[PR]: 0.976738
Val	AUC[ROC]: 0.780983	AUC[PR]: 0.174682
Epoch evaluation duration: 54.3280470371
Epoch duration: 61.592361927

Epoch 207/1000
Epoch training duration: 6.93031907082
Train	AUC[ROC]: 0.999987	AUC[PR]: 0.975324
Val	AUC[ROC]: 0.763909	AUC[PR]: 0.183837
Epoch evaluation duration: 47.6380698681
Epoch duration: 54.5683889389

Epoch 208/1000
Epoch training duration: 6.74774718285
Train	AUC[ROC]: 0.999988	AUC[PR]: 0.977096
Val	AUC[ROC]: 0.751462	AUC[PR]: 0.190573
Epoch evaluation duration: 55.6915769577
Epoch duration: 62.4393241405

Epoch 209/1000
Epoch training duration: 5.84010696411
Train	AUC[ROC]: 0.999989	AUC[PR]: 0.978585
Val	AUC[ROC]: 0.752189	AUC[PR]: 0.194094
Epoch evaluation duration: 55.7149698734
Epoch duration: 61.5550768375

Epoch 210/1000
Epoch training duration: 6.56525015831
Train	AUC[ROC]: 0.999990	AUC[PR]: 0.981925
Val	AUC[ROC]: 0.774640	AUC[PR]: 0.204596
Epoch evaluation duration: 45.1043159962
Epoch duration: 51.6695661545

Epoch 211/1000
Epoch training duration: 7.80313706398
Train	AUC[ROC]: 0.999990	AUC[PR]: 0.981766
Val	AUC[ROC]: 0.762279	AUC[PR]: 0.209386
Epoch evaluation duration: 50.4349269867
Epoch duration: 58.2380640507

Epoch 212/1000
Epoch training duration: 7.46431493759
Train	AUC[ROC]: 0.999991	AUC[PR]: 0.985216
Val	AUC[ROC]: 0.760003	AUC[PR]: 0.214896
Epoch evaluation duration: 56.4131059647
Epoch duration: 63.8774209023

Epoch 213/1000
Epoch training duration: 6.3177690506
Train	AUC[ROC]: 0.999992	AUC[PR]: 0.986663
Val	AUC[ROC]: 0.756482	AUC[PR]: 0.213312
Epoch evaluation duration: 31.0121028423
Epoch duration: 37.3298718929

Epoch 214/1000
Epoch training duration: 4.68550109863
Train	AUC[ROC]: 0.999993	AUC[PR]: 0.988269
Val	AUC[ROC]: 0.767429	AUC[PR]: 0.218184
Epoch evaluation duration: 28.5771501064
Epoch duration: 33.2626512051

Epoch 215/1000
Epoch training duration: 4.35577201843
Train	AUC[ROC]: 0.999994	AUC[PR]: 0.989884
Val	AUC[ROC]: 0.758561	AUC[PR]: 0.219186
Epoch evaluation duration: 33.2170038223
Epoch duration: 37.5727758408

Epoch 216/1000
Epoch training duration: 5.91461396217
Train	AUC[ROC]: 0.999995	AUC[PR]: 0.993261
Val	AUC[ROC]: 0.752091	AUC[PR]: 0.217807
Epoch evaluation duration: 50.9526240826
Epoch duration: 56.8672380447

Epoch 217/1000
Epoch training duration: 6.73008203506
Train	AUC[ROC]: 0.999996	AUC[PR]: 0.994845
Val	AUC[ROC]: 0.746697	AUC[PR]: 0.212431
Epoch evaluation duration: 48.5506370068
Epoch duration: 55.2807190418

Epoch 218/1000
Epoch training duration: 6.7277739048
Train	AUC[ROC]: 0.999996	AUC[PR]: 0.995827
Val	AUC[ROC]: 0.744537	AUC[PR]: 0.210681
Epoch evaluation duration: 50.3131921291
Epoch duration: 57.0409660339

Epoch 219/1000
Epoch training duration: 6.52093291283
Train	AUC[ROC]: 0.999997	AUC[PR]: 0.996728
Val	AUC[ROC]: 0.754836	AUC[PR]: 0.210709
Epoch evaluation duration: 48.3087940216
Epoch duration: 54.8297269344

Epoch 220/1000
Epoch training duration: 6.9719209671
Train	AUC[ROC]: 0.999997	AUC[PR]: 0.996994
Val	AUC[ROC]: 0.747727	AUC[PR]: 0.212055
Epoch evaluation duration: 48.6942880154
Epoch duration: 55.6662089825

Epoch 221/1000
Epoch training duration: 6.8363571167
Train	AUC[ROC]: 0.999998	AUC[PR]: 0.997801
Val	AUC[ROC]: 0.743831	AUC[PR]: 0.215995
Epoch evaluation duration: 61.6478879452
Epoch duration: 68.4842450619

Epoch 222/1000
Epoch training duration: 7.5165040493
Train	AUC[ROC]: 0.999995	AUC[PR]: 0.990219
Val	AUC[ROC]: 0.745865	AUC[PR]: 0.215730
Epoch evaluation duration: 55.6396639347
Epoch duration: 63.156167984

Epoch 223/1000
Epoch training duration: 7.4166200161
Train	AUC[ROC]: 0.999996	AUC[PR]: 0.992436
Val	AUC[ROC]: 0.752902	AUC[PR]: 0.216929
Epoch evaluation duration: 48.5297729969
Epoch duration: 55.946393013

Epoch 224/1000
Epoch training duration: 7.96059608459
Train	AUC[ROC]: 0.999997	AUC[PR]: 0.996310
Val	AUC[ROC]: 0.752184	AUC[PR]: 0.223558
Epoch evaluation duration: 54.6403858662
Epoch duration: 62.6009819508

Epoch 225/1000
Epoch training duration: 7.32816791534
Train	AUC[ROC]: 0.999997	AUC[PR]: 0.996664
Val	AUC[ROC]: 0.752242	AUC[PR]: 0.223883
Epoch evaluation duration: 49.3711280823
Epoch duration: 56.6992959976

Epoch 226/1000
Epoch training duration: 7.86735606194
Train	AUC[ROC]: 0.999998	AUC[PR]: 0.997698
Val	AUC[ROC]: 0.750853	AUC[PR]: 0.222481
Epoch evaluation duration: 52.379901886
Epoch duration: 60.2472579479

Epoch 227/1000
Epoch training duration: 6.60831809044
Train	AUC[ROC]: 0.999998	AUC[PR]: 0.998098
Val	AUC[ROC]: 0.753746	AUC[PR]: 0.223395
Epoch evaluation duration: 58.0824270248
Epoch duration: 64.6907451153

Epoch 228/1000
Epoch training duration: 7.02539587021
Train	AUC[ROC]: 0.999999	AUC[PR]: 0.998830
Val	AUC[ROC]: 0.760290	AUC[PR]: 0.225883
Epoch evaluation duration: 47.0479900837
Epoch duration: 54.0733859539

Epoch 229/1000
Epoch training duration: 7.49191999435
Train	AUC[ROC]: 0.999999	AUC[PR]: 0.999289
Val	AUC[ROC]: 0.750820	AUC[PR]: 0.224372
Epoch evaluation duration: 42.4598400593
Epoch duration: 49.9517600536

Epoch 230/1000
Epoch training duration: 7.19901895523
Train	AUC[ROC]: 0.999999	AUC[PR]: 0.999458
Val	AUC[ROC]: 0.760571	AUC[PR]: 0.227280
Epoch evaluation duration: 52.3223719597
Epoch duration: 59.5213909149

Epoch 231/1000
Epoch training duration: 5.9568939209
Train	AUC[ROC]: 1.000000	AUC[PR]: 0.999677
Val	AUC[ROC]: 0.750639	AUC[PR]: 0.222244
Epoch evaluation duration: 52.2551732063
Epoch duration: 58.2120671272

Epoch 232/1000
Epoch training duration: 7.22608685493
Train	AUC[ROC]: 1.000000	AUC[PR]: 0.999779
Val	AUC[ROC]: 0.745755	AUC[PR]: 0.222833
Epoch evaluation duration: 49.5111210346
Epoch duration: 56.7372078896

Epoch 233/1000
Epoch training duration: 8.01546311378
Train	AUC[ROC]: 1.000000	AUC[PR]: 0.999827
Val	AUC[ROC]: 0.761798	AUC[PR]: 0.221473
Epoch evaluation duration: 50.3687078953
Epoch duration: 58.3841710091

Epoch 234/1000
Epoch training duration: 6.86324691772
Train	AUC[ROC]: 1.000000	AUC[PR]: 0.999666
Val	AUC[ROC]: 0.763635	AUC[PR]: 0.219304
Epoch evaluation duration: 46.1079921722
Epoch duration: 52.97123909

Epoch 235/1000
Epoch training duration: 7.1301779747
Train	AUC[ROC]: 1.000000	AUC[PR]: 0.999836
Val	AUC[ROC]: 0.747618	AUC[PR]: 0.216297
Epoch evaluation duration: 42.4643468857
Epoch duration: 49.5945248604

Epoch 236/1000
Epoch training duration: 7.37261199951
Train	AUC[ROC]: 1.000000	AUC[PR]: 0.999644
Val	AUC[ROC]: 0.744951	AUC[PR]: 0.215278
Epoch evaluation duration: 44.5946691036
Epoch duration: 51.9672811031

Epoch 237/1000
Epoch training duration: 6.96211695671
Train	AUC[ROC]: 1.000000	AUC[PR]: 0.999666
Val	AUC[ROC]: 0.736986	AUC[PR]: 0.214610
Epoch evaluation duration: 47.1707530022
Epoch duration: 54.1328699589

Epoch 238/1000
Epoch training duration: 6.98041510582
Train	AUC[ROC]: 1.000000	AUC[PR]: 0.999827
Val	AUC[ROC]: 0.734119	AUC[PR]: 0.216999
Epoch evaluation duration: 43.7184729576
Epoch duration: 50.6988880634

Epoch 239/1000
Epoch training duration: 6.72139501572
Train	AUC[ROC]: 1.000000	AUC[PR]: 0.999799
Val	AUC[ROC]: 0.741581	AUC[PR]: 0.213488
Epoch evaluation duration: 53.1201398373
Epoch duration: 59.841534853

Epoch 240/1000
Epoch training duration: 6.77993917465
Train	AUC[ROC]: 1.000000	AUC[PR]: 0.999901
Val	AUC[ROC]: 0.740305	AUC[PR]: 0.220271
Epoch evaluation duration: 46.3849239349
Epoch duration: 53.1648631096

Epoch 241/1000
Epoch training duration: 6.25352191925
Train	AUC[ROC]: 1.000000	AUC[PR]: 0.999817
Val	AUC[ROC]: 0.736417	AUC[PR]: 0.218143
Epoch evaluation duration: 55.5316491127
Epoch duration: 61.785171032

Epoch 242/1000
Epoch training duration: 5.54503703117
Train	AUC[ROC]: 1.000000	AUC[PR]: 0.999891
Val	AUC[ROC]: 0.732223	AUC[PR]: 0.218131
Epoch evaluation duration: 57.9618217945
Epoch duration: 63.5068588257

Epoch 243/1000
Epoch training duration: 7.08831620216
Train	AUC[ROC]: 1.000000	AUC[PR]: 0.999900
Val	AUC[ROC]: 0.733774	AUC[PR]: 0.217701
Epoch evaluation duration: 52.5163929462
Epoch duration: 59.6047091484

Epoch 244/1000
Epoch training duration: 7.07498407364
Train	AUC[ROC]: 1.000000	AUC[PR]: 0.999693
Val	AUC[ROC]: 0.731633	AUC[PR]: 0.217969
Epoch evaluation duration: 49.6443269253
Epoch duration: 56.7193109989

Epoch 245/1000
Epoch training duration: 6.5070400238
Train	AUC[ROC]: 1.000000	AUC[PR]: 0.999863
Val	AUC[ROC]: 0.731144	AUC[PR]: 0.217908
Epoch evaluation duration: 55.205010891
Epoch duration: 61.7120509148

Epoch 246/1000
Epoch training duration: 7.0027821064
Train	AUC[ROC]: 1.000000	AUC[PR]: 0.999835
Val	AUC[ROC]: 0.733880	AUC[PR]: 0.217734
Epoch evaluation duration: 49.2821199894
Epoch duration: 56.2849020958

Epoch 247/1000
Epoch training duration: 7.16812801361
Train	AUC[ROC]: 0.999998	AUC[PR]: 0.997939
Val	AUC[ROC]: 0.772257	AUC[PR]: 0.217526
Epoch evaluation duration: 53.4952330589
Epoch duration: 60.6633610725

Epoch 248/1000
Epoch training duration: 6.0764567852
Train	AUC[ROC]: 0.999996	AUC[PR]: 0.993512
Val	AUC[ROC]: 0.752835	AUC[PR]: 0.216325
Epoch evaluation duration: 48.369343996
Epoch duration: 54.4458007812

Epoch 249/1000
Epoch training duration: 5.89655900002
Train	AUC[ROC]: 0.999997	AUC[PR]: 0.993120
Val	AUC[ROC]: 0.740908	AUC[PR]: 0.218014
Epoch evaluation duration: 50.8572981358
Epoch duration: 56.7538571358

Epoch 250/1000
Epoch training duration: 6.8645670414
Train	AUC[ROC]: 0.999998	AUC[PR]: 0.997267
Val	AUC[ROC]: 0.750423	AUC[PR]: 0.217065
Epoch evaluation duration: 55.7173018456
Epoch duration: 62.5818688869

Epoch 251/1000
Epoch training duration: 6.83208012581
Train	AUC[ROC]: 0.999998	AUC[PR]: 0.998046
Val	AUC[ROC]: 0.749832	AUC[PR]: 0.216887
Epoch evaluation duration: 54.0179259777
Epoch duration: 60.8500061035

Epoch 252/1000
Epoch training duration: 7.03549194336
Train	AUC[ROC]: 0.999999	AUC[PR]: 0.998817
Val	AUC[ROC]: 0.749421	AUC[PR]: 0.212646
Epoch evaluation duration: 48.8089940548
Epoch duration: 55.8444859982

Epoch 253/1000
Epoch training duration: 7.41608405113
Train	AUC[ROC]: 0.999999	AUC[PR]: 0.999056
Val	AUC[ROC]: 0.746212	AUC[PR]: 0.216976
Epoch evaluation duration: 55.104061842
Epoch duration: 62.5201458931

Epoch 254/1000
Epoch training duration: 6.74212002754
Train	AUC[ROC]: 0.999996	AUC[PR]: 0.993099
Val	AUC[ROC]: 0.771551	AUC[PR]: 0.205755
Epoch evaluation duration: 52.1692380905
Epoch duration: 58.9113581181

Epoch 255/1000
Epoch training duration: 6.87375807762
Train	AUC[ROC]: 0.999997	AUC[PR]: 0.997105
Val	AUC[ROC]: 0.754669	AUC[PR]: 0.206109
Epoch evaluation duration: 48.5643119812
Epoch duration: 55.4380700588

Epoch 256/1000
Epoch training duration: 7.41043686867
Train	AUC[ROC]: 0.999996	AUC[PR]: 0.996249
Val	AUC[ROC]: 0.760479	AUC[PR]: 0.216451
Epoch evaluation duration: 51.5463740826
Epoch duration: 58.9568109512

Epoch 257/1000
Epoch training duration: 7.41026091576
Train	AUC[ROC]: 0.999994	AUC[PR]: 0.993712
Val	AUC[ROC]: 0.758225	AUC[PR]: 0.218537
Epoch evaluation duration: 46.7975161076
Epoch duration: 54.2077770233

Epoch 258/1000
Epoch training duration: 7.2836689949
Train	AUC[ROC]: 0.999995	AUC[PR]: 0.994970
Val	AUC[ROC]: 0.752800	AUC[PR]: 0.203031
Epoch evaluation duration: 51.7361400127
Epoch duration: 59.0198090076

Epoch 259/1000
Epoch training duration: 6.54528689384
Train	AUC[ROC]: 0.999997	AUC[PR]: 0.997494
Val	AUC[ROC]: 0.746666	AUC[PR]: 0.214970
Epoch evaluation duration: 54.6348490715
Epoch duration: 61.1801359653

Epoch 260/1000
Epoch training duration: 7.60390305519
Train	AUC[ROC]: 0.999998	AUC[PR]: 0.998380
Val	AUC[ROC]: 0.749752	AUC[PR]: 0.201864
Epoch evaluation duration: 51.8244400024
Epoch duration: 59.4283430576

Epoch 261/1000
Epoch training duration: 7.27024483681
Train	AUC[ROC]: 0.999999	AUC[PR]: 0.999389
Val	AUC[ROC]: 0.744023	AUC[PR]: 0.199993
Epoch evaluation duration: 53.506772995
Epoch duration: 60.7770178318

Epoch 262/1000
Epoch training duration: 6.85767507553
Train	AUC[ROC]: 0.999999	AUC[PR]: 0.999200
Val	AUC[ROC]: 0.754097	AUC[PR]: 0.190568
Epoch evaluation duration: 52.7936480045
Epoch duration: 59.6513230801

Epoch 263/1000
Epoch training duration: 6.80405092239
Train	AUC[ROC]: 1.000000	AUC[PR]: 0.999632
Val	AUC[ROC]: 0.754740	AUC[PR]: 0.198077
Epoch evaluation duration: 47.1800420284
Epoch duration: 53.9840929508

Epoch 264/1000
Epoch training duration: 6.99325895309
Train	AUC[ROC]: 1.000000	AUC[PR]: 0.999846
Val	AUC[ROC]: 0.747347	AUC[PR]: 0.197808
Epoch evaluation duration: 53.7342331409
Epoch duration: 60.727492094

Epoch 265/1000
Epoch training duration: 7.10076189041
Train	AUC[ROC]: 0.999997	AUC[PR]: 0.994863
Val	AUC[ROC]: 0.745603	AUC[PR]: 0.193203
Epoch evaluation duration: 59.4972360134
Epoch duration: 66.5979979038

Epoch 266/1000
Epoch training duration: 7.64261293411
Train	AUC[ROC]: 0.999997	AUC[PR]: 0.994464
Val	AUC[ROC]: 0.733435	AUC[PR]: 0.197836
Epoch evaluation duration: 49.5095500946
Epoch duration: 57.1521630287

train precision: 0.905772859316
train roc: 0.999933831516
train hit in top 2563: 332.0 out of 332.0

val precision: 0.272711682822
val roc: 0.860822416985
val hit in top 427: 33.0 out of 56.0

test precision: 0.245390917325
test roc: 0.924062577414
test hit in top 427: 37.0 out of 56.0

ratio: 0.02, EF: 37.5,	active: 56.0
ratio: 0.02, NEF: 0.75
ratio: 0.01, EF: 66.0714285714,	active: 56.0
ratio: 0.01, NEF: 0.660714285714
ratio: 0.0015, EF: 226.19047619,	active: 56.0
ratio: 0.0015, NEF: 0.339285714286
ratio: 0.001, EF: 250.0,	active: 56.0
ratio: 0.001, NEF: 0.333333333333

