label_name_list  [u'PriA-SSB AS Activity']
train files  ['../datasets/keck_pria/fold_0.csv' '../datasets/keck_pria/fold_1.csv'
 '../datasets/keck_pria/fold_4.csv' '../datasets/keck_pria/fold_5.csv'
 '../datasets/keck_pria/fold_6.csv' '../datasets/keck_pria/fold_7.csv']
val files  ['../datasets/keck_pria/fold_2.csv']
test files  ['../datasets/keck_pria/fold_3.csv']
Class Weight  [{0: 1.0, 1: 771.2138554216867}]
Epoch 1/1000
Epoch training duration: 21.7378098965
Train	AUC[ROC]: 0.913401	AUC[PR]: 0.127512
Val	AUC[ROC]: 0.868442	AUC[PR]: 0.110151
Epoch evaluation duration: 206.080724955
Epoch duration: 227.818534851

Epoch 2/1000
Epoch training duration: 23.6281821728
Train	AUC[ROC]: 0.959914	AUC[PR]: 0.165984
Val	AUC[ROC]: 0.881064	AUC[PR]: 0.133216
Epoch evaluation duration: 209.370000839
Epoch duration: 232.998183012

Epoch 3/1000
Epoch training duration: 21.4569351673
Train	AUC[ROC]: 0.979950	AUC[PR]: 0.186783
Val	AUC[ROC]: 0.879485	AUC[PR]: 0.137639
Epoch evaluation duration: 188.368366003
Epoch duration: 209.82530117

Epoch 4/1000
Epoch training duration: 23.8595218658
Train	AUC[ROC]: 0.990553	AUC[PR]: 0.222793
Val	AUC[ROC]: 0.873383	AUC[PR]: 0.149041
Epoch evaluation duration: 206.092978954
Epoch duration: 229.95250082

Epoch 5/1000
Epoch training duration: 21.9829950333
Train	AUC[ROC]: 0.994234	AUC[PR]: 0.256628
Val	AUC[ROC]: 0.869728	AUC[PR]: 0.147494
Epoch evaluation duration: 206.206455946
Epoch duration: 228.189450979

Epoch 6/1000
Epoch training duration: 22.7872581482
Train	AUC[ROC]: 0.996384	AUC[PR]: 0.299440
Val	AUC[ROC]: 0.872945	AUC[PR]: 0.173671
Epoch evaluation duration: 208.082642078
Epoch duration: 230.869900227

Epoch 7/1000
Epoch training duration: 22.3075978756
Train	AUC[ROC]: 0.997451	AUC[PR]: 0.340174
Val	AUC[ROC]: 0.870809	AUC[PR]: 0.171862
Epoch evaluation duration: 209.459985971
Epoch duration: 231.767583847

Epoch 8/1000
Epoch training duration: 24.5437779427
Train	AUC[ROC]: 0.998102	AUC[PR]: 0.376743
Val	AUC[ROC]: 0.866302	AUC[PR]: 0.183765
Epoch evaluation duration: 209.173269033
Epoch duration: 233.717046976

Epoch 9/1000
Epoch training duration: 22.2316889763
Train	AUC[ROC]: 0.998609	AUC[PR]: 0.423312
Val	AUC[ROC]: 0.864958	AUC[PR]: 0.186686
Epoch evaluation duration: 202.099112988
Epoch duration: 224.330801964

Epoch 10/1000
Epoch training duration: 24.2099790573
Train	AUC[ROC]: 0.998841	AUC[PR]: 0.460205
Val	AUC[ROC]: 0.860651	AUC[PR]: 0.191090
Epoch evaluation duration: 206.258409023
Epoch duration: 230.468388081

Epoch 11/1000
Epoch training duration: 22.3644580841
Train	AUC[ROC]: 0.999131	AUC[PR]: 0.503422
Val	AUC[ROC]: 0.866978	AUC[PR]: 0.191741
Epoch evaluation duration: 208.636720896
Epoch duration: 231.00117898

Epoch 12/1000
Epoch training duration: 22.289411068
Train	AUC[ROC]: 0.999201	AUC[PR]: 0.531656
Val	AUC[ROC]: 0.868394	AUC[PR]: 0.199277
Epoch evaluation duration: 203.75902009
Epoch duration: 226.048431158

Epoch 13/1000
Epoch training duration: 22.2614507675
Train	AUC[ROC]: 0.999293	AUC[PR]: 0.550319
Val	AUC[ROC]: 0.858971	AUC[PR]: 0.198425
Epoch evaluation duration: 201.912508011
Epoch duration: 224.173958778

Epoch 14/1000
Epoch training duration: 22.3165872097
Train	AUC[ROC]: 0.999432	AUC[PR]: 0.599121
Val	AUC[ROC]: 0.857158	AUC[PR]: 0.206704
Epoch evaluation duration: 203.789903879
Epoch duration: 226.106491089

Epoch 15/1000
Epoch training duration: 20.7632539272
Train	AUC[ROC]: 0.999548	AUC[PR]: 0.643382
Val	AUC[ROC]: 0.858731	AUC[PR]: 0.203477
Epoch evaluation duration: 200.803852081
Epoch duration: 221.567106009

Epoch 16/1000
Epoch training duration: 20.612942934
Train	AUC[ROC]: 0.999602	AUC[PR]: 0.673541
Val	AUC[ROC]: 0.854835	AUC[PR]: 0.206318
Epoch evaluation duration: 201.983643055
Epoch duration: 222.596585989

Epoch 17/1000
Epoch training duration: 23.0583701134
Train	AUC[ROC]: 0.999692	AUC[PR]: 0.717775
Val	AUC[ROC]: 0.857301	AUC[PR]: 0.218293
Epoch evaluation duration: 201.078807831
Epoch duration: 224.137177944

Epoch 18/1000
Epoch training duration: 21.5349690914
Train	AUC[ROC]: 0.999716	AUC[PR]: 0.740835
Val	AUC[ROC]: 0.856566	AUC[PR]: 0.219278
Epoch evaluation duration: 209.115999937
Epoch duration: 230.650969028

Epoch 19/1000
Epoch training duration: 22.5145871639
Train	AUC[ROC]: 0.999740	AUC[PR]: 0.753110
Val	AUC[ROC]: 0.863369	AUC[PR]: 0.216589
Epoch evaluation duration: 208.038616896
Epoch duration: 230.55320406

Epoch 20/1000
Epoch training duration: 22.3519999981
Train	AUC[ROC]: 0.999801	AUC[PR]: 0.799789
Val	AUC[ROC]: 0.856537	AUC[PR]: 0.222251
Epoch evaluation duration: 204.105695963
Epoch duration: 226.457695961

Epoch 21/1000
Epoch training duration: 23.1247229576
Train	AUC[ROC]: 0.999808	AUC[PR]: 0.802948
Val	AUC[ROC]: 0.858360	AUC[PR]: 0.225878
Epoch evaluation duration: 206.742050171
Epoch duration: 229.866773129

Epoch 22/1000
Epoch training duration: 21.8678088188
Train	AUC[ROC]: 0.999811	AUC[PR]: 0.805321
Val	AUC[ROC]: 0.858587	AUC[PR]: 0.234006
Epoch evaluation duration: 204.013262987
Epoch duration: 225.881071806

Epoch 23/1000
Epoch training duration: 22.1776521206
Train	AUC[ROC]: 0.999841	AUC[PR]: 0.832253
Val	AUC[ROC]: 0.863355	AUC[PR]: 0.237186
Epoch evaluation duration: 204.424988985
Epoch duration: 226.602641106

Epoch 24/1000
Epoch training duration: 24.6459789276
Train	AUC[ROC]: 0.999845	AUC[PR]: 0.827961
Val	AUC[ROC]: 0.866039	AUC[PR]: 0.247872
Epoch evaluation duration: 204.06593895
Epoch duration: 228.711917877

Epoch 25/1000
Epoch training duration: 23.3946681023
Train	AUC[ROC]: 0.999864	AUC[PR]: 0.845395
Val	AUC[ROC]: 0.866712	AUC[PR]: 0.229387
Epoch evaluation duration: 210.125972986
Epoch duration: 233.520641088

Epoch 26/1000
Epoch training duration: 21.8583679199
Train	AUC[ROC]: 0.999885	AUC[PR]: 0.861671
Val	AUC[ROC]: 0.860208	AUC[PR]: 0.238306
Epoch evaluation duration: 205.472241163
Epoch duration: 227.330609083

Epoch 27/1000
Epoch training duration: 22.0991699696
Train	AUC[ROC]: 0.999879	AUC[PR]: 0.858149
Val	AUC[ROC]: 0.872024	AUC[PR]: 0.236773
Epoch evaluation duration: 207.624436855
Epoch duration: 229.723606825

Epoch 28/1000
Epoch training duration: 22.3868100643
Train	AUC[ROC]: 0.999917	AUC[PR]: 0.901741
Val	AUC[ROC]: 0.879463	AUC[PR]: 0.229635
Epoch evaluation duration: 206.373780966
Epoch duration: 228.76059103

Epoch 29/1000
Epoch training duration: 24.4886841774
Train	AUC[ROC]: 0.999912	AUC[PR]: 0.892910
Val	AUC[ROC]: 0.874607	AUC[PR]: 0.234047
Epoch evaluation duration: 208.065207005
Epoch duration: 232.553891182

Epoch 30/1000
Epoch training duration: 21.7831559181
Train	AUC[ROC]: 0.999930	AUC[PR]: 0.916550
Val	AUC[ROC]: 0.874068	AUC[PR]: 0.221330
Epoch evaluation duration: 202.373400927
Epoch duration: 224.156556845

Epoch 31/1000
Epoch training duration: 23.825480938
Train	AUC[ROC]: 0.999925	AUC[PR]: 0.911239
Val	AUC[ROC]: 0.874505	AUC[PR]: 0.231116
Epoch evaluation duration: 207.654994011
Epoch duration: 231.480474949

Epoch 32/1000
Epoch training duration: 19.9526970387
Train	AUC[ROC]: 0.999934	AUC[PR]: 0.919157
Val	AUC[ROC]: 0.874869	AUC[PR]: 0.229626
Epoch evaluation duration: 195.758409977
Epoch duration: 215.711107016

Epoch 33/1000
Epoch training duration: 23.5945169926
Train	AUC[ROC]: 0.999918	AUC[PR]: 0.896513
Val	AUC[ROC]: 0.878851	AUC[PR]: 0.235765
Epoch evaluation duration: 207.839076042
Epoch duration: 231.433593035

Epoch 34/1000
Epoch training duration: 22.4433660507
Train	AUC[ROC]: 0.999939	AUC[PR]: 0.917077
Val	AUC[ROC]: 0.876008	AUC[PR]: 0.227368
Epoch evaluation duration: 203.064491987
Epoch duration: 225.507858038

Epoch 35/1000
Epoch training duration: 22.9271221161
Train	AUC[ROC]: 0.999938	AUC[PR]: 0.919350
Val	AUC[ROC]: 0.877377	AUC[PR]: 0.241136
Epoch evaluation duration: 208.962730885
Epoch duration: 231.889853001

Epoch 36/1000
Epoch training duration: 22.3013329506
Train	AUC[ROC]: 0.999952	AUC[PR]: 0.941677
Val	AUC[ROC]: 0.870771	AUC[PR]: 0.238599
Epoch evaluation duration: 210.258330107
Epoch duration: 232.559663057

Epoch 37/1000
Epoch training duration: 22.0989639759
Train	AUC[ROC]: 0.999959	AUC[PR]: 0.948823
Val	AUC[ROC]: 0.865038	AUC[PR]: 0.241906
Epoch evaluation duration: 203.387449026
Epoch duration: 225.486413002

Epoch 38/1000
Epoch training duration: 22.1441099644
Train	AUC[ROC]: 0.999968	AUC[PR]: 0.960396
Val	AUC[ROC]: 0.866199	AUC[PR]: 0.238893
Epoch evaluation duration: 207.919951916
Epoch duration: 230.06406188

Epoch 39/1000
Epoch training duration: 22.4646811485
Train	AUC[ROC]: 0.999973	AUC[PR]: 0.966469
Val	AUC[ROC]: 0.867612	AUC[PR]: 0.234252
Epoch evaluation duration: 202.848340034
Epoch duration: 225.313021183

Epoch 40/1000
Epoch training duration: 20.6643028259
Train	AUC[ROC]: 0.999973	AUC[PR]: 0.966434
Val	AUC[ROC]: 0.862181	AUC[PR]: 0.243196
Epoch evaluation duration: 207.245041132
Epoch duration: 227.909343958

Epoch 41/1000
Epoch training duration: 21.0104010105
Train	AUC[ROC]: 0.999973	AUC[PR]: 0.967399
Val	AUC[ROC]: 0.868650	AUC[PR]: 0.239472
Epoch evaluation duration: 210.46259284
Epoch duration: 231.472993851

Epoch 42/1000
Epoch training duration: 21.0036821365
Train	AUC[ROC]: 0.999970	AUC[PR]: 0.963878
Val	AUC[ROC]: 0.858660	AUC[PR]: 0.238901
Epoch evaluation duration: 204.929316044
Epoch duration: 225.93299818

Epoch 43/1000
Epoch training duration: 22.1003818512
Train	AUC[ROC]: 0.999983	AUC[PR]: 0.975779
Val	AUC[ROC]: 0.865034	AUC[PR]: 0.236992
Epoch evaluation duration: 207.992114067
Epoch duration: 230.092495918

Epoch 44/1000
Epoch training duration: 21.5202338696
Train	AUC[ROC]: 0.999973	AUC[PR]: 0.962525
Val	AUC[ROC]: 0.860197	AUC[PR]: 0.234957
Epoch evaluation duration: 205.316125154
Epoch duration: 226.836359024

Epoch 45/1000
Epoch training duration: 22.5907289982
Train	AUC[ROC]: 0.999977	AUC[PR]: 0.968614
Val	AUC[ROC]: 0.865945	AUC[PR]: 0.239422
Epoch evaluation duration: 204.239933014
Epoch duration: 226.830662012

Epoch 46/1000
Epoch training duration: 23.0751218796
Train	AUC[ROC]: 0.999976	AUC[PR]: 0.967949
Val	AUC[ROC]: 0.848515	AUC[PR]: 0.253591
Epoch evaluation duration: 211.504763126
Epoch duration: 234.579885006

Epoch 47/1000
Epoch training duration: 25.2433588505
Train	AUC[ROC]: 0.999984	AUC[PR]: 0.978604
Val	AUC[ROC]: 0.858139	AUC[PR]: 0.249221
Epoch evaluation duration: 201.252806187
Epoch duration: 226.496165037

Epoch 48/1000
Epoch training duration: 22.1709239483
Train	AUC[ROC]: 0.999982	AUC[PR]: 0.976455
Val	AUC[ROC]: 0.855106	AUC[PR]: 0.253284
Epoch evaluation duration: 205.545724869
Epoch duration: 227.716648817

Epoch 49/1000
Epoch training duration: 22.1798989773
Train	AUC[ROC]: 0.999980	AUC[PR]: 0.970453
Val	AUC[ROC]: 0.837594	AUC[PR]: 0.267979
Epoch evaluation duration: 206.644659996
Epoch duration: 228.824558973

Epoch 50/1000
Epoch training duration: 22.4318060875
Train	AUC[ROC]: 0.999990	AUC[PR]: 0.985528
Val	AUC[ROC]: 0.848402	AUC[PR]: 0.251816
Epoch evaluation duration: 203.047322035
Epoch duration: 225.479128122

Epoch 51/1000
Epoch training duration: 21.8247559071
Train	AUC[ROC]: 0.999987	AUC[PR]: 0.980485
Val	AUC[ROC]: 0.846291	AUC[PR]: 0.253108
Epoch evaluation duration: 205.905820131
Epoch duration: 227.730576038

Epoch 52/1000
Epoch training duration: 22.6688718796
Train	AUC[ROC]: 0.999988	AUC[PR]: 0.984121
Val	AUC[ROC]: 0.848536	AUC[PR]: 0.259767
Epoch evaluation duration: 206.909896135
Epoch duration: 229.578768015

Epoch 53/1000
Epoch training duration: 22.808524847
Train	AUC[ROC]: 0.999983	AUC[PR]: 0.972543
Val	AUC[ROC]: 0.834914	AUC[PR]: 0.259266
Epoch evaluation duration: 207.252740145
Epoch duration: 230.061264992

Epoch 54/1000
Epoch training duration: 22.9527938366
Train	AUC[ROC]: 0.999986	AUC[PR]: 0.978233
Val	AUC[ROC]: 0.835691	AUC[PR]: 0.253758
Epoch evaluation duration: 206.438000202
Epoch duration: 229.390794039

Epoch 55/1000
Epoch training duration: 21.6940009594
Train	AUC[ROC]: 0.999988	AUC[PR]: 0.979751
Val	AUC[ROC]: 0.836357	AUC[PR]: 0.248972
Epoch evaluation duration: 209.132359028
Epoch duration: 230.826359987

Epoch 56/1000
Epoch training duration: 22.5607409477
Train	AUC[ROC]: 0.999986	AUC[PR]: 0.980418
Val	AUC[ROC]: 0.838766	AUC[PR]: 0.251280
Epoch evaluation duration: 203.046074867
Epoch duration: 225.606815815

Epoch 57/1000
Epoch training duration: 22.2852451801
Train	AUC[ROC]: 0.999983	AUC[PR]: 0.972311
Val	AUC[ROC]: 0.871173	AUC[PR]: 0.253248
Epoch evaluation duration: 207.968288898
Epoch duration: 230.253534079

Epoch 58/1000
Epoch training duration: 21.888076067
Train	AUC[ROC]: 0.999988	AUC[PR]: 0.984812
Val	AUC[ROC]: 0.847760	AUC[PR]: 0.253623
Epoch evaluation duration: 206.316570044
Epoch duration: 228.204646111

Epoch 59/1000
Epoch training duration: 22.600591898
Train	AUC[ROC]: 0.999986	AUC[PR]: 0.974162
Val	AUC[ROC]: 0.857297	AUC[PR]: 0.249609
Epoch evaluation duration: 204.542761087
Epoch duration: 227.143352985

Epoch 60/1000
Epoch training duration: 22.4004838467
Train	AUC[ROC]: 0.999992	AUC[PR]: 0.988331
Val	AUC[ROC]: 0.834785	AUC[PR]: 0.238121
Epoch evaluation duration: 204.529674053
Epoch duration: 226.9301579

Epoch 61/1000
Epoch training duration: 23.0926570892
Train	AUC[ROC]: 0.999980	AUC[PR]: 0.959993
Val	AUC[ROC]: 0.809735	AUC[PR]: 0.241130
Epoch evaluation duration: 202.015948057
Epoch duration: 225.108605146

Epoch 62/1000
Epoch training duration: 23.4599599838
Train	AUC[ROC]: 0.999977	AUC[PR]: 0.963545
Val	AUC[ROC]: 0.811547	AUC[PR]: 0.258095
Epoch evaluation duration: 209.688944817
Epoch duration: 233.1489048

Epoch 63/1000
Epoch training duration: 23.3855621815
Train	AUC[ROC]: 0.999979	AUC[PR]: 0.967873
Val	AUC[ROC]: 0.826384	AUC[PR]: 0.267936
Epoch evaluation duration: 208.375835896
Epoch duration: 231.761398077

Epoch 64/1000
Epoch training duration: 21.655725956
Train	AUC[ROC]: 0.999975	AUC[PR]: 0.958615
Val	AUC[ROC]: 0.810061	AUC[PR]: 0.261556
Epoch evaluation duration: 203.528731108
Epoch duration: 225.184457064

Epoch 65/1000
Epoch training duration: 20.8756430149
Train	AUC[ROC]: 0.999980	AUC[PR]: 0.967665
Val	AUC[ROC]: 0.825107	AUC[PR]: 0.269875
Epoch evaluation duration: 208.431955814
Epoch duration: 229.307598829

Epoch 66/1000
Epoch training duration: 22.7372541428
Train	AUC[ROC]: 0.999987	AUC[PR]: 0.974312
Val	AUC[ROC]: 0.826520	AUC[PR]: 0.249157
Epoch evaluation duration: 208.155894041
Epoch duration: 230.893148184

Epoch 67/1000
Epoch training duration: 21.9931969643
Train	AUC[ROC]: 0.999989	AUC[PR]: 0.984178
Val	AUC[ROC]: 0.837375	AUC[PR]: 0.246968
Epoch evaluation duration: 202.951262951
Epoch duration: 224.944459915

Epoch 68/1000
Epoch training duration: 22.0252819061
Train	AUC[ROC]: 0.999989	AUC[PR]: 0.979111
Val	AUC[ROC]: 0.819515	AUC[PR]: 0.229911
Epoch evaluation duration: 213.101230145
Epoch duration: 235.126512051

Epoch 69/1000
Epoch training duration: 21.4030249119
Train	AUC[ROC]: 0.999990	AUC[PR]: 0.980200
Val	AUC[ROC]: 0.825340	AUC[PR]: 0.229938
Epoch evaluation duration: 204.939846039
Epoch duration: 226.342870951

Epoch 70/1000
Epoch training duration: 21.8354270458
Train	AUC[ROC]: 0.999989	AUC[PR]: 0.977713
Val	AUC[ROC]: 0.824302	AUC[PR]: 0.230769
Epoch evaluation duration: 205.124115944
Epoch duration: 226.95954299

Epoch 71/1000
Epoch training duration: 19.8796880245
Train	AUC[ROC]: 0.999989	AUC[PR]: 0.979885
Val	AUC[ROC]: 0.817560	AUC[PR]: 0.245963
Epoch evaluation duration: 157.219413042
Epoch duration: 177.099101067

Epoch 72/1000
Epoch training duration: 18.5114369392
Train	AUC[ROC]: 0.999991	AUC[PR]: 0.977352
Val	AUC[ROC]: 0.799437	AUC[PR]: 0.241740
Epoch evaluation duration: 164.053478003
Epoch duration: 182.564914942

Epoch 73/1000
Epoch training duration: 20.4113879204
Train	AUC[ROC]: 0.999992	AUC[PR]: 0.983592
Val	AUC[ROC]: 0.815917	AUC[PR]: 0.236001
Epoch evaluation duration: 188.100785017
Epoch duration: 208.512172937

Epoch 74/1000
Epoch training duration: 21.3871099949
Train	AUC[ROC]: 0.999984	AUC[PR]: 0.975044
Val	AUC[ROC]: 0.793654	AUC[PR]: 0.206366
Epoch evaluation duration: 189.527228117
Epoch duration: 210.914338112

Epoch 75/1000
Epoch training duration: 21.8055319786
Train	AUC[ROC]: 0.999991	AUC[PR]: 0.982815
Val	AUC[ROC]: 0.805740	AUC[PR]: 0.224477
Epoch evaluation duration: 199.772530079
Epoch duration: 221.578062057

Epoch 76/1000
Epoch training duration: 21.1809508801
Train	AUC[ROC]: 0.999991	AUC[PR]: 0.981307
Val	AUC[ROC]: 0.814113	AUC[PR]: 0.228285
Epoch evaluation duration: 211.681138992
Epoch duration: 232.862089872

Epoch 77/1000
Epoch training duration: 23.045527935
Train	AUC[ROC]: 0.999992	AUC[PR]: 0.982418
Val	AUC[ROC]: 0.825692	AUC[PR]: 0.236206
Epoch evaluation duration: 204.965284109
Epoch duration: 228.010812044

Epoch 78/1000
Epoch training duration: 20.7830159664
Train	AUC[ROC]: 0.999991	AUC[PR]: 0.986142
Val	AUC[ROC]: 0.826912	AUC[PR]: 0.237070
Epoch evaluation duration: 205.118916988
Epoch duration: 225.901932955

Epoch 79/1000
Epoch training duration: 23.9387719631
Train	AUC[ROC]: 0.999992	AUC[PR]: 0.982727
Val	AUC[ROC]: 0.829200	AUC[PR]: 0.229408
Epoch evaluation duration: 203.27869916
Epoch duration: 227.217471123

Epoch 80/1000
Epoch training duration: 22.012005806
Train	AUC[ROC]: 0.999993	AUC[PR]: 0.987081
Val	AUC[ROC]: 0.848159	AUC[PR]: 0.231174
Epoch evaluation duration: 207.796856165
Epoch duration: 229.808861971

Epoch 81/1000
Epoch training duration: 23.6603929996
Train	AUC[ROC]: 0.999993	AUC[PR]: 0.984305
Val	AUC[ROC]: 0.804543	AUC[PR]: 0.229876
Epoch evaluation duration: 209.201382875
Epoch duration: 232.861775875

Epoch 82/1000
Epoch training duration: 21.0849380493
Train	AUC[ROC]: 0.999992	AUC[PR]: 0.983198
Val	AUC[ROC]: 0.804726	AUC[PR]: 0.239850
Epoch evaluation duration: 209.06637001
Epoch duration: 230.15130806

Epoch 83/1000
Epoch training duration: 23.9599919319
Train	AUC[ROC]: 0.999993	AUC[PR]: 0.988495
Val	AUC[ROC]: 0.817789	AUC[PR]: 0.232005
Epoch evaluation duration: 204.326227188
Epoch duration: 228.28621912

Epoch 84/1000
Epoch training duration: 22.317789793
Train	AUC[ROC]: 0.999991	AUC[PR]: 0.981902
Val	AUC[ROC]: 0.796289	AUC[PR]: 0.217360
Epoch evaluation duration: 206.087419987
Epoch duration: 228.40520978

Epoch 85/1000
Epoch training duration: 24.7001700401
Train	AUC[ROC]: 0.999992	AUC[PR]: 0.985955
Val	AUC[ROC]: 0.819562	AUC[PR]: 0.225044
Epoch evaluation duration: 206.645718098
Epoch duration: 231.345888138

Epoch 86/1000
Epoch training duration: 20.5114638805
Train	AUC[ROC]: 0.999995	AUC[PR]: 0.992887
Val	AUC[ROC]: 0.842008	AUC[PR]: 0.214292
Epoch evaluation duration: 208.49486208
Epoch duration: 229.00632596

Epoch 87/1000
Epoch training duration: 23.1422710419
Train	AUC[ROC]: 0.999993	AUC[PR]: 0.988206
Val	AUC[ROC]: 0.799548	AUC[PR]: 0.222261
Epoch evaluation duration: 206.885701895
Epoch duration: 230.027972937

Epoch 88/1000
Epoch training duration: 22.3005390167
Train	AUC[ROC]: 0.999991	AUC[PR]: 0.985667
Val	AUC[ROC]: 0.771173	AUC[PR]: 0.216844
Epoch evaluation duration: 199.193564177
Epoch duration: 221.494103193

Epoch 89/1000
Epoch training duration: 22.6982820034
Train	AUC[ROC]: 0.999993	AUC[PR]: 0.986071
Val	AUC[ROC]: 0.766772	AUC[PR]: 0.220133
Epoch evaluation duration: 204.806147814
Epoch duration: 227.504429817

Epoch 90/1000
Epoch training duration: 21.0914561749
Train	AUC[ROC]: 0.999995	AUC[PR]: 0.992963
Val	AUC[ROC]: 0.784253	AUC[PR]: 0.205103
Epoch evaluation duration: 209.259307861
Epoch duration: 230.350764036

Epoch 91/1000
Epoch training duration: 23.1344470978
Train	AUC[ROC]: 0.999994	AUC[PR]: 0.990926
Val	AUC[ROC]: 0.794861	AUC[PR]: 0.229207
Epoch evaluation duration: 209.803025961
Epoch duration: 232.937473059

Epoch 92/1000
Epoch training duration: 21.2895460129
Train	AUC[ROC]: 0.999982	AUC[PR]: 0.973418
Val	AUC[ROC]: 0.787595	AUC[PR]: 0.213630
Epoch evaluation duration: 206.355999947
Epoch duration: 227.645545959

Epoch 93/1000
Epoch training duration: 22.843184948
Train	AUC[ROC]: 0.999990	AUC[PR]: 0.982725
Val	AUC[ROC]: 0.740982	AUC[PR]: 0.224724
Epoch evaluation duration: 200.732764006
Epoch duration: 223.575948954

Epoch 94/1000
Epoch training duration: 21.7150421143
Train	AUC[ROC]: 0.999993	AUC[PR]: 0.988325
Val	AUC[ROC]: 0.748295	AUC[PR]: 0.227595
Epoch evaluation duration: 202.479402065
Epoch duration: 224.19444418

Epoch 95/1000
Epoch training duration: 23.0698058605
Train	AUC[ROC]: 0.999991	AUC[PR]: 0.984771
Val	AUC[ROC]: 0.778024	AUC[PR]: 0.227507
Epoch evaluation duration: 204.062735081
Epoch duration: 227.132540941

Epoch 96/1000
Epoch training duration: 21.8550789356
Train	AUC[ROC]: 0.999991	AUC[PR]: 0.985705
Val	AUC[ROC]: 0.789523	AUC[PR]: 0.221831
Epoch evaluation duration: 209.326169014
Epoch duration: 231.18124795

Epoch 97/1000
Epoch training duration: 22.0821149349
Train	AUC[ROC]: 0.999993	AUC[PR]: 0.988820
Val	AUC[ROC]: 0.760852	AUC[PR]: 0.228641
Epoch evaluation duration: 202.360522032
Epoch duration: 224.442636967

Epoch 98/1000
Epoch training duration: 23.3307490349
Train	AUC[ROC]: 0.999993	AUC[PR]: 0.988750
Val	AUC[ROC]: 0.761521	AUC[PR]: 0.225243
Epoch evaluation duration: 207.15517807
Epoch duration: 230.485927105

Epoch 99/1000
Epoch training duration: 22.5577559471
Train	AUC[ROC]: 0.999995	AUC[PR]: 0.991197
Val	AUC[ROC]: 0.792882	AUC[PR]: 0.218928
Epoch evaluation duration: 201.569987059
Epoch duration: 224.127743006

Epoch 100/1000
Epoch training duration: 22.1633939743
Train	AUC[ROC]: 0.999992	AUC[PR]: 0.987344
Val	AUC[ROC]: 0.793274	AUC[PR]: 0.196875
Epoch evaluation duration: 205.531332016
Epoch duration: 227.69472599

Epoch 101/1000
Epoch training duration: 22.0527768135
Train	AUC[ROC]: 0.999995	AUC[PR]: 0.992331
Val	AUC[ROC]: 0.772882	AUC[PR]: 0.207477
Epoch evaluation duration: 209.306451082
Epoch duration: 231.359227896

Epoch 102/1000
Epoch training duration: 22.3362181187
Train	AUC[ROC]: 0.999994	AUC[PR]: 0.991107
Val	AUC[ROC]: 0.745650	AUC[PR]: 0.218563
Epoch evaluation duration: 202.77083993
Epoch duration: 225.107058048

Epoch 103/1000
Epoch training duration: 21.068803072
Train	AUC[ROC]: 0.999993	AUC[PR]: 0.989298
Val	AUC[ROC]: 0.770193	AUC[PR]: 0.215394
Epoch evaluation duration: 202.804093838
Epoch duration: 223.87289691

Epoch 104/1000
Epoch training duration: 22.6924390793
Train	AUC[ROC]: 0.999991	AUC[PR]: 0.986398
Val	AUC[ROC]: 0.759829	AUC[PR]: 0.225992
Epoch evaluation duration: 202.609174967
Epoch duration: 225.301614046

Epoch 105/1000
Epoch training duration: 20.8200631142
Train	AUC[ROC]: 0.999993	AUC[PR]: 0.988383
Val	AUC[ROC]: 0.768510	AUC[PR]: 0.217934
Epoch evaluation duration: 202.229086876
Epoch duration: 223.04914999

Epoch 106/1000
Epoch training duration: 23.3596019745
Train	AUC[ROC]: 0.999991	AUC[PR]: 0.985743
Val	AUC[ROC]: 0.749267	AUC[PR]: 0.221205
Epoch evaluation duration: 206.896891117
Epoch duration: 230.256493092

Epoch 107/1000
Epoch training duration: 22.4634988308
Train	AUC[ROC]: 0.999992	AUC[PR]: 0.987270
Val	AUC[ROC]: 0.746658	AUC[PR]: 0.212500
Epoch evaluation duration: 209.750349045
Epoch duration: 232.213847876

Epoch 108/1000
Epoch training duration: 22.8215939999
Train	AUC[ROC]: 0.999992	AUC[PR]: 0.986930
Val	AUC[ROC]: 0.728898	AUC[PR]: 0.197938
Epoch evaluation duration: 206.31260705
Epoch duration: 229.13420105

Epoch 109/1000
Epoch training duration: 21.6637430191
Train	AUC[ROC]: 0.999992	AUC[PR]: 0.987979
Val	AUC[ROC]: 0.752067	AUC[PR]: 0.208142
Epoch evaluation duration: 205.876791
Epoch duration: 227.540534019

Epoch 110/1000
Epoch training duration: 22.702147007
Train	AUC[ROC]: 0.999992	AUC[PR]: 0.986283
Val	AUC[ROC]: 0.745761	AUC[PR]: 0.207956
Epoch evaluation duration: 202.027332067
Epoch duration: 224.729479074

Epoch 111/1000
Epoch training duration: 22.8776159286
Train	AUC[ROC]: 0.999993	AUC[PR]: 0.988590
Val	AUC[ROC]: 0.769484	AUC[PR]: 0.226395
Epoch evaluation duration: 202.763088942
Epoch duration: 225.64070487

Epoch 112/1000
Epoch training duration: 23.4693450928
Train	AUC[ROC]: 0.999992	AUC[PR]: 0.987372
Val	AUC[ROC]: 0.803785	AUC[PR]: 0.215459
Epoch evaluation duration: 206.829818964
Epoch duration: 230.299164057

Epoch 113/1000
Epoch training duration: 23.8021290302
Train	AUC[ROC]: 0.999992	AUC[PR]: 0.986837
Val	AUC[ROC]: 0.756853	AUC[PR]: 0.206745
Epoch evaluation duration: 204.310950994
Epoch duration: 228.113080025

Epoch 114/1000
Epoch training duration: 21.5056369305
Train	AUC[ROC]: 0.999992	AUC[PR]: 0.987037
Val	AUC[ROC]: 0.754442	AUC[PR]: 0.207441
Epoch evaluation duration: 205.011980057
Epoch duration: 226.517616987

Epoch 115/1000
Epoch training duration: 22.4056580067
Train	AUC[ROC]: 0.999993	AUC[PR]: 0.988304
Val	AUC[ROC]: 0.780365	AUC[PR]: 0.208889
Epoch evaluation duration: 210.316557884
Epoch duration: 232.722215891

Epoch 116/1000
Epoch training duration: 23.1273081303
Train	AUC[ROC]: 0.999993	AUC[PR]: 0.988864
Val	AUC[ROC]: 0.750471	AUC[PR]: 0.199542
Epoch evaluation duration: 201.687371969
Epoch duration: 224.814680099

Epoch 117/1000
Epoch training duration: 21.1288759708
Train	AUC[ROC]: 0.999994	AUC[PR]: 0.990438
Val	AUC[ROC]: 0.763967	AUC[PR]: 0.191043
Epoch evaluation duration: 201.52366209
Epoch duration: 222.652538061

Epoch 118/1000
Epoch training duration: 22.502177
Train	AUC[ROC]: 0.999993	AUC[PR]: 0.989483
Val	AUC[ROC]: 0.733951	AUC[PR]: 0.194525
Epoch evaluation duration: 212.386077881
Epoch duration: 234.888254881

Epoch 119/1000
Epoch training duration: 20.9245171547
Train	AUC[ROC]: 0.999988	AUC[PR]: 0.982196
Val	AUC[ROC]: 0.795815	AUC[PR]: 0.195999
Epoch evaluation duration: 209.758982897
Epoch duration: 230.683500051

Epoch 120/1000
Epoch training duration: 22.0377779007
Train	AUC[ROC]: 0.999993	AUC[PR]: 0.989715
Val	AUC[ROC]: 0.745074	AUC[PR]: 0.194840
Epoch evaluation duration: 203.945591211
Epoch duration: 225.983369112

Epoch 121/1000
Epoch training duration: 21.0682218075
Train	AUC[ROC]: 0.999994	AUC[PR]: 0.991469
Val	AUC[ROC]: 0.711736	AUC[PR]: 0.205337
Epoch evaluation duration: 201.094218016
Epoch duration: 222.162439823

Epoch 122/1000
Epoch training duration: 23.0628941059
Train	AUC[ROC]: 0.999993	AUC[PR]: 0.988413
Val	AUC[ROC]: 0.715769	AUC[PR]: 0.206093
Epoch evaluation duration: 206.272276878
Epoch duration: 229.335170984

Epoch 123/1000
Epoch training duration: 23.0625109673
Train	AUC[ROC]: 0.999993	AUC[PR]: 0.989483
Val	AUC[ROC]: 0.737043	AUC[PR]: 0.187668
Epoch evaluation duration: 199.998307228
Epoch duration: 223.060818195

Epoch 124/1000
Epoch training duration: 23.7825160027
Train	AUC[ROC]: 0.999996	AUC[PR]: 0.994712
Val	AUC[ROC]: 0.693538	AUC[PR]: 0.175363
Epoch evaluation duration: 207.787151814
Epoch duration: 231.569667816

Epoch 125/1000
Epoch training duration: 22.3879270554
Train	AUC[ROC]: 0.999993	AUC[PR]: 0.989096
Val	AUC[ROC]: 0.719808	AUC[PR]: 0.193431
Epoch evaluation duration: 201.19609499
Epoch duration: 223.584022045

Epoch 126/1000
Epoch training duration: 21.7693049908
Train	AUC[ROC]: 0.999995	AUC[PR]: 0.992807
Val	AUC[ROC]: 0.734229	AUC[PR]: 0.196673
Epoch evaluation duration: 202.970252037
Epoch duration: 224.739557028

Epoch 127/1000
Epoch training duration: 21.9802310467
Train	AUC[ROC]: 0.999991	AUC[PR]: 0.986975
Val	AUC[ROC]: 0.767794	AUC[PR]: 0.203229
Epoch evaluation duration: 206.970322847
Epoch duration: 228.950553894

Epoch 128/1000
Epoch training duration: 21.1346781254
Train	AUC[ROC]: 0.999959	AUC[PR]: 0.947140
Val	AUC[ROC]: 0.764988	AUC[PR]: 0.160371
Epoch evaluation duration: 200.840235949
Epoch duration: 221.974914074

Epoch 129/1000
Epoch training duration: 24.3890869617
Train	AUC[ROC]: 0.999988	AUC[PR]: 0.982407
Val	AUC[ROC]: 0.753840	AUC[PR]: 0.181091
Epoch evaluation duration: 210.790553093
Epoch duration: 235.179640055

Epoch 130/1000
Epoch training duration: 21.4366018772
Train	AUC[ROC]: 0.999988	AUC[PR]: 0.981082
Val	AUC[ROC]: 0.740260	AUC[PR]: 0.179767
Epoch evaluation duration: 204.161664009
Epoch duration: 225.598265886

Epoch 131/1000
Epoch training duration: 23.9908690453
Train	AUC[ROC]: 0.999990	AUC[PR]: 0.984928
Val	AUC[ROC]: 0.737122	AUC[PR]: 0.172909
Epoch evaluation duration: 205.328140974
Epoch duration: 229.319010019

Epoch 132/1000
Epoch training duration: 22.4056961536
Train	AUC[ROC]: 0.999991	AUC[PR]: 0.986520
Val	AUC[ROC]: 0.713046	AUC[PR]: 0.176111
Epoch evaluation duration: 175.105515957
Epoch duration: 197.511212111

Epoch 133/1000
Epoch training duration: 17.6539850235
Train	AUC[ROC]: 0.999992	AUC[PR]: 0.988356
Val	AUC[ROC]: 0.724399	AUC[PR]: 0.175204
Epoch evaluation duration: 153.507002831
Epoch duration: 171.160987854

Epoch 134/1000
Epoch training duration: 18.3659880161
Train	AUC[ROC]: 0.999993	AUC[PR]: 0.988916
Val	AUC[ROC]: 0.731523	AUC[PR]: 0.179848
Epoch evaluation duration: 151.290228128
Epoch duration: 169.656216145

Epoch 135/1000
Epoch training duration: 18.2895798683
Train	AUC[ROC]: 0.999990	AUC[PR]: 0.984773
Val	AUC[ROC]: 0.736462	AUC[PR]: 0.172599
Epoch evaluation duration: 206.925651073
Epoch duration: 225.215230942

Epoch 136/1000
Epoch training duration: 23.1002230644
Train	AUC[ROC]: 0.999991	AUC[PR]: 0.986053
Val	AUC[ROC]: 0.720472	AUC[PR]: 0.175300
Epoch evaluation duration: 206.535645962
Epoch duration: 229.635869026

Epoch 137/1000
Epoch training duration: 23.224050045
Train	AUC[ROC]: 0.999992	AUC[PR]: 0.987554
Val	AUC[ROC]: 0.742997	AUC[PR]: 0.173985
Epoch evaluation duration: 207.105864048
Epoch duration: 230.329914093

Epoch 138/1000
Epoch training duration: 23.1542448997
Train	AUC[ROC]: 0.999993	AUC[PR]: 0.990582
Val	AUC[ROC]: 0.735239	AUC[PR]: 0.177127
Epoch evaluation duration: 206.881181955
Epoch duration: 230.035426855

Epoch 139/1000
Epoch training duration: 22.8748970032
Train	AUC[ROC]: 0.999994	AUC[PR]: 0.990963
Val	AUC[ROC]: 0.724194	AUC[PR]: 0.181503
Epoch evaluation duration: 205.083563089
Epoch duration: 227.958460093

Epoch 140/1000
Epoch training duration: 23.4599158764
Train	AUC[ROC]: 0.999995	AUC[PR]: 0.991888
Val	AUC[ROC]: 0.723895	AUC[PR]: 0.179962
Epoch evaluation duration: 207.000039101
Epoch duration: 230.459954977

Epoch 141/1000
Epoch training duration: 23.3482069969
Train	AUC[ROC]: 0.999987	AUC[PR]: 0.982357
Val	AUC[ROC]: 0.733813	AUC[PR]: 0.152636
Epoch evaluation duration: 207.746721983
Epoch duration: 231.09492898

Epoch 142/1000
Epoch training duration: 23.1495490074
Train	AUC[ROC]: 0.999991	AUC[PR]: 0.986468
Val	AUC[ROC]: 0.721570	AUC[PR]: 0.161797
Epoch evaluation duration: 208.0658319
Epoch duration: 231.215380907

Epoch 143/1000
Epoch training duration: 23.2357940674
Train	AUC[ROC]: 0.999991	AUC[PR]: 0.986931
Val	AUC[ROC]: 0.704403	AUC[PR]: 0.158091
Epoch evaluation duration: 208.986649036
Epoch duration: 232.222443104

Epoch 144/1000
Epoch training duration: 23.1805698872
Train	AUC[ROC]: 0.999990	AUC[PR]: 0.984704
Val	AUC[ROC]: 0.711831	AUC[PR]: 0.164965
Epoch evaluation duration: 206.840533018
Epoch duration: 230.021102905

Epoch 145/1000
Epoch training duration: 23.3416740894
Train	AUC[ROC]: 0.999994	AUC[PR]: 0.991381
Val	AUC[ROC]: 0.712298	AUC[PR]: 0.165938
Epoch evaluation duration: 207.851701975
Epoch duration: 231.193376064

Epoch 146/1000
Epoch training duration: 23.0728099346
Train	AUC[ROC]: 0.999995	AUC[PR]: 0.992161
Val	AUC[ROC]: 0.714457	AUC[PR]: 0.167219
Epoch evaluation duration: 207.453025103
Epoch duration: 230.525835037

Epoch 147/1000
Epoch training duration: 22.9972229004
Train	AUC[ROC]: 0.999995	AUC[PR]: 0.992385
Val	AUC[ROC]: 0.717104	AUC[PR]: 0.172106
Epoch evaluation duration: 208.352219105
Epoch duration: 231.349442005

Epoch 148/1000
Epoch training duration: 23.1622369289
Train	AUC[ROC]: 0.999995	AUC[PR]: 0.992952
Val	AUC[ROC]: 0.725059	AUC[PR]: 0.184189
Epoch evaluation duration: 207.509618998
Epoch duration: 230.671855927

Epoch 149/1000
Epoch training duration: 23.3055720329
Train	AUC[ROC]: 0.999995	AUC[PR]: 0.992528
Val	AUC[ROC]: 0.721638	AUC[PR]: 0.186110
Epoch evaluation duration: 208.922079086
Epoch duration: 232.227651119

Epoch 150/1000
Epoch training duration: 23.4711928368
Train	AUC[ROC]: 0.999994	AUC[PR]: 0.990141
Val	AUC[ROC]: 0.748154	AUC[PR]: 0.183725
Epoch evaluation duration: 207.325225115
Epoch duration: 230.796417952

Epoch 151/1000
Epoch training duration: 23.2814929485
Train	AUC[ROC]: 0.999995	AUC[PR]: 0.992291
Val	AUC[ROC]: 0.723906	AUC[PR]: 0.184264
Epoch evaluation duration: 207.864711046
Epoch duration: 231.146203995

Epoch 152/1000
Epoch training duration: 23.1283240318
Train	AUC[ROC]: 0.999982	AUC[PR]: 0.974687
Val	AUC[ROC]: 0.721518	AUC[PR]: 0.139206
Epoch evaluation duration: 206.978507996
Epoch duration: 230.106832027

Epoch 153/1000
Epoch training duration: 23.4262938499
Train	AUC[ROC]: 0.999990	AUC[PR]: 0.985208
Val	AUC[ROC]: 0.728414	AUC[PR]: 0.146855
Epoch evaluation duration: 206.718737125
Epoch duration: 230.145030975

Epoch 154/1000
Epoch training duration: 23.0900628567
Train	AUC[ROC]: 0.999995	AUC[PR]: 0.991931
Val	AUC[ROC]: 0.729255	AUC[PR]: 0.162480
Epoch evaluation duration: 208.051501036
Epoch duration: 231.141563892

Epoch 155/1000
Epoch training duration: 23.2015600204
Train	AUC[ROC]: 0.999995	AUC[PR]: 0.992681
Val	AUC[ROC]: 0.742785	AUC[PR]: 0.166759
Epoch evaluation duration: 207.577638149
Epoch duration: 230.77919817

Epoch 156/1000
Epoch training duration: 22.8909928799
Train	AUC[ROC]: 0.999995	AUC[PR]: 0.992149
Val	AUC[ROC]: 0.742800	AUC[PR]: 0.172865
Epoch evaluation duration: 205.080183983
Epoch duration: 227.971176863

Epoch 157/1000
Epoch training duration: 22.6116709709
Train	AUC[ROC]: 0.999994	AUC[PR]: 0.991459
Val	AUC[ROC]: 0.728027	AUC[PR]: 0.174618
Epoch evaluation duration: 206.950921059
Epoch duration: 229.56259203

Epoch 158/1000
Epoch training duration: 22.9089829922
Train	AUC[ROC]: 0.999995	AUC[PR]: 0.991826
Val	AUC[ROC]: 0.726631	AUC[PR]: 0.171663
Epoch evaluation duration: 206.409953117
Epoch duration: 229.31893611

Epoch 159/1000
Epoch training duration: 23.297041893
Train	AUC[ROC]: 0.999995	AUC[PR]: 0.991624
Val	AUC[ROC]: 0.714994	AUC[PR]: 0.174852
Epoch evaluation duration: 207.895348072
Epoch duration: 231.192389965

Epoch 160/1000
Epoch training duration: 23.0681500435
Train	AUC[ROC]: 0.999995	AUC[PR]: 0.992075
Val	AUC[ROC]: 0.719276	AUC[PR]: 0.178627
Epoch evaluation duration: 208.324333906
Epoch duration: 231.39248395

Epoch 161/1000
Epoch training duration: 22.8080790043
Train	AUC[ROC]: 0.999994	AUC[PR]: 0.990184
Val	AUC[ROC]: 0.757725	AUC[PR]: 0.165025
Epoch evaluation duration: 207.565768957
Epoch duration: 230.373847961

Epoch 162/1000
Epoch training duration: 23.3018460274
Train	AUC[ROC]: 0.999993	AUC[PR]: 0.989085
Val	AUC[ROC]: 0.720780	AUC[PR]: 0.165168
Epoch evaluation duration: 208.012532949
Epoch duration: 231.314378977

Epoch 163/1000
Epoch training duration: 23.1843969822
Train	AUC[ROC]: 0.999991	AUC[PR]: 0.986865
Val	AUC[ROC]: 0.762914	AUC[PR]: 0.164709
Epoch evaluation duration: 206.520114183
Epoch duration: 229.704511166

Epoch 164/1000
Epoch training duration: 20.5243289471
Train	AUC[ROC]: 0.999991	AUC[PR]: 0.985366
Val	AUC[ROC]: 0.727626	AUC[PR]: 0.166198
Epoch evaluation duration: 197.341510057
Epoch duration: 217.865839005

Epoch 165/1000
Epoch training duration: 22.9114229679
Train	AUC[ROC]: 0.999991	AUC[PR]: 0.986060
Val	AUC[ROC]: 0.782774	AUC[PR]: 0.151506
Epoch evaluation duration: 207.423341036
Epoch duration: 230.334764004

Epoch 166/1000
Epoch training duration: 23.054915905
Train	AUC[ROC]: 0.999990	AUC[PR]: 0.985022
Val	AUC[ROC]: 0.745745	AUC[PR]: 0.153534
Epoch evaluation duration: 208.755634069
Epoch duration: 231.810549974

Epoch 167/1000
Epoch training duration: 23.1385598183
Train	AUC[ROC]: 0.999990	AUC[PR]: 0.984662
Val	AUC[ROC]: 0.725821	AUC[PR]: 0.165129
Epoch evaluation duration: 209.317305088
Epoch duration: 232.455864906

Epoch 168/1000
Epoch training duration: 23.2160739899
Train	AUC[ROC]: 0.999990	AUC[PR]: 0.985208
Val	AUC[ROC]: 0.718169	AUC[PR]: 0.177076
Epoch evaluation duration: 207.379885912
Epoch duration: 230.595959902

Epoch 169/1000
Epoch training duration: 23.0783560276
Train	AUC[ROC]: 0.999992	AUC[PR]: 0.987364
Val	AUC[ROC]: 0.714859	AUC[PR]: 0.183585
Epoch evaluation duration: 207.802117109
Epoch duration: 230.880473137

Epoch 170/1000
Epoch training duration: 23.0962789059
Train	AUC[ROC]: 0.999993	AUC[PR]: 0.988744
Val	AUC[ROC]: 0.717035	AUC[PR]: 0.180215
Epoch evaluation duration: 208.222507
Epoch duration: 231.318785906

Epoch 171/1000
Epoch training duration: 22.5693991184
Train	AUC[ROC]: 0.999993	AUC[PR]: 0.988355
Val	AUC[ROC]: 0.709776	AUC[PR]: 0.186293
Epoch evaluation duration: 193.340348005
Epoch duration: 215.909747124

Epoch 172/1000
Epoch training duration: 22.8696079254
Train	AUC[ROC]: 0.999993	AUC[PR]: 0.989120
Val	AUC[ROC]: 0.736849	AUC[PR]: 0.183597
Epoch evaluation duration: 208.723786116
Epoch duration: 231.593394041

Epoch 173/1000
Epoch training duration: 22.8789038658
Train	AUC[ROC]: 0.999988	AUC[PR]: 0.981396
Val	AUC[ROC]: 0.730587	AUC[PR]: 0.156121
Epoch evaluation duration: 207.221599102
Epoch duration: 230.100502968

Epoch 174/1000
Epoch training duration: 22.7949500084
Train	AUC[ROC]: 0.999987	AUC[PR]: 0.981217
Val	AUC[ROC]: 0.731849	AUC[PR]: 0.131221
Epoch evaluation duration: 208.956033945
Epoch duration: 231.750983953

Epoch 175/1000
Epoch training duration: 22.6800830364
Train	AUC[ROC]: 0.999987	AUC[PR]: 0.980034
Val	AUC[ROC]: 0.706449	AUC[PR]: 0.133488
Epoch evaluation duration: 209.050806999
Epoch duration: 231.730890036

Epoch 176/1000
Epoch training duration: 22.7603218555
Train	AUC[ROC]: 0.999962	AUC[PR]: 0.946533
Val	AUC[ROC]: 0.758617	AUC[PR]: 0.127145
Epoch evaluation duration: 208.755105972
Epoch duration: 231.515427828

Epoch 177/1000
Epoch training duration: 22.2934629917
Train	AUC[ROC]: 0.999979	AUC[PR]: 0.968930
Val	AUC[ROC]: 0.734033	AUC[PR]: 0.142589
Epoch evaluation duration: 208.256796122
Epoch duration: 230.550259113

Epoch 178/1000
Epoch training duration: 22.7722969055
Train	AUC[ROC]: 0.999980	AUC[PR]: 0.969634
Val	AUC[ROC]: 0.727460	AUC[PR]: 0.129394
Epoch evaluation duration: 207.476279974
Epoch duration: 230.24857688

Epoch 179/1000
Epoch training duration: 22.6498742104
Train	AUC[ROC]: 0.999980	AUC[PR]: 0.969669
Val	AUC[ROC]: 0.737452	AUC[PR]: 0.137040
Epoch evaluation duration: 208.91580987
Epoch duration: 231.56568408

Epoch 180/1000
Epoch training duration: 22.9633600712
Train	AUC[ROC]: 0.999983	AUC[PR]: 0.974730
Val	AUC[ROC]: 0.744841	AUC[PR]: 0.148624
Epoch evaluation duration: 208.159465075
Epoch duration: 231.122825146

Epoch 181/1000
Epoch training duration: 23.0653629303
Train	AUC[ROC]: 0.999983	AUC[PR]: 0.974613
Val	AUC[ROC]: 0.733276	AUC[PR]: 0.148114
Epoch evaluation duration: 206.889940977
Epoch duration: 229.955303907

Epoch 182/1000
Epoch training duration: 23.1966950893
Train	AUC[ROC]: 0.999986	AUC[PR]: 0.979138
Val	AUC[ROC]: 0.736474	AUC[PR]: 0.148153
Epoch evaluation duration: 207.938779831
Epoch duration: 231.13547492

Epoch 183/1000
Epoch training duration: 23.2691960335
Train	AUC[ROC]: 0.999987	AUC[PR]: 0.981089
Val	AUC[ROC]: 0.741471	AUC[PR]: 0.149697
Epoch evaluation duration: 208.368472099
Epoch duration: 231.637668133

Epoch 184/1000
Epoch training duration: 23.2691879272
Train	AUC[ROC]: 0.999989	AUC[PR]: 0.983445
Val	AUC[ROC]: 0.737832	AUC[PR]: 0.150836
Epoch evaluation duration: 209.171770096
Epoch duration: 232.440958023

Epoch 185/1000
Epoch training duration: 23.1298868656
Train	AUC[ROC]: 0.999990	AUC[PR]: 0.985302
Val	AUC[ROC]: 0.734937	AUC[PR]: 0.144522
Epoch evaluation duration: 206.820994139
Epoch duration: 229.950881004

Epoch 186/1000
Epoch training duration: 23.2381529808
Train	AUC[ROC]: 0.999992	AUC[PR]: 0.987659
Val	AUC[ROC]: 0.729085	AUC[PR]: 0.145185
Epoch evaluation duration: 207.838829041
Epoch duration: 231.076982021

Epoch 187/1000
Epoch training duration: 23.1603147984
Train	AUC[ROC]: 0.999987	AUC[PR]: 0.980730
Val	AUC[ROC]: 0.737037	AUC[PR]: 0.130890
Epoch evaluation duration: 206.212122202
Epoch duration: 229.372437

Epoch 188/1000
Epoch training duration: 23.4223959446
Train	AUC[ROC]: 0.999986	AUC[PR]: 0.979690
Val	AUC[ROC]: 0.742706	AUC[PR]: 0.132182
Epoch evaluation duration: 208.438578844
Epoch duration: 231.860974789

Epoch 189/1000
Epoch training duration: 23.4408690929
Train	AUC[ROC]: 0.999990	AUC[PR]: 0.984946
Val	AUC[ROC]: 0.730916	AUC[PR]: 0.132928
Epoch evaluation duration: 205.968250036
Epoch duration: 229.409119129

Epoch 190/1000
Epoch training duration: 23.6348359585
Train	AUC[ROC]: 0.999992	AUC[PR]: 0.988438
Val	AUC[ROC]: 0.717390	AUC[PR]: 0.134955
Epoch evaluation duration: 207.72605896
Epoch duration: 231.360894918

Epoch 191/1000
Epoch training duration: 23.2783529758
Train	AUC[ROC]: 0.999993	AUC[PR]: 0.989596
Val	AUC[ROC]: 0.720398	AUC[PR]: 0.136114
Epoch evaluation duration: 206.283277035
Epoch duration: 229.561630011

Epoch 192/1000
Epoch training duration: 23.0538389683
Train	AUC[ROC]: 0.999993	AUC[PR]: 0.989501
Val	AUC[ROC]: 0.711498	AUC[PR]: 0.139994
Epoch evaluation duration: 206.327080965
Epoch duration: 229.380919933

Epoch 193/1000
Epoch training duration: 23.7288000584
Train	AUC[ROC]: 0.999993	AUC[PR]: 0.989462
Val	AUC[ROC]: 0.706261	AUC[PR]: 0.145434
Epoch evaluation duration: 207.586904049
Epoch duration: 231.315704107

Epoch 194/1000
Epoch training duration: 23.497854948
Train	AUC[ROC]: 0.999991	AUC[PR]: 0.986791
Val	AUC[ROC]: 0.707159	AUC[PR]: 0.144271
Epoch evaluation duration: 205.430468082
Epoch duration: 228.92832303

Epoch 195/1000
Epoch training duration: 23.5965559483
Train	AUC[ROC]: 0.999991	AUC[PR]: 0.986676
Val	AUC[ROC]: 0.702797	AUC[PR]: 0.146188
Epoch evaluation duration: 206.705508947
Epoch duration: 230.302064896

Epoch 196/1000
Epoch training duration: 23.2414419651
Train	AUC[ROC]: 0.999991	AUC[PR]: 0.986634
Val	AUC[ROC]: 0.707248	AUC[PR]: 0.148177
Epoch evaluation duration: 207.804246187
Epoch duration: 231.045688152

Epoch 197/1000
Epoch training duration: 22.9269859791
Train	AUC[ROC]: 0.999991	AUC[PR]: 0.986949
Val	AUC[ROC]: 0.705130	AUC[PR]: 0.147576
Epoch evaluation duration: 206.870854855
Epoch duration: 229.797840834

Epoch 198/1000
Epoch training duration: 23.6342639923
Train	AUC[ROC]: 0.999991	AUC[PR]: 0.986717
Val	AUC[ROC]: 0.709023	AUC[PR]: 0.146782
Epoch evaluation duration: 206.722609043
Epoch duration: 230.356873035

Epoch 199/1000
Epoch training duration: 23.5637950897
Train	AUC[ROC]: 0.999991	AUC[PR]: 0.985814
Val	AUC[ROC]: 0.701334	AUC[PR]: 0.147166
Epoch evaluation duration: 206.065214872
Epoch duration: 229.629009962

Epoch 200/1000
Epoch training duration: 23.6756429672
Train	AUC[ROC]: 0.999992	AUC[PR]: 0.987368
Val	AUC[ROC]: 0.702149	AUC[PR]: 0.147127
Epoch evaluation duration: 205.739293098
Epoch duration: 229.414936066

Epoch 201/1000
Epoch training duration: 23.5687820911
Train	AUC[ROC]: 0.999991	AUC[PR]: 0.986909
Val	AUC[ROC]: 0.695619	AUC[PR]: 0.149643
Epoch evaluation duration: 207.986853838
Epoch duration: 231.555635929

Epoch 202/1000
Epoch training duration: 23.0654270649
Train	AUC[ROC]: 0.999992	AUC[PR]: 0.987809
Val	AUC[ROC]: 0.710885	AUC[PR]: 0.157062
Epoch evaluation duration: 200.925719976
Epoch duration: 223.991147041

Epoch 203/1000
Epoch training duration: 20.320909977
Train	AUC[ROC]: 0.999992	AUC[PR]: 0.987517
Val	AUC[ROC]: 0.700091	AUC[PR]: 0.148025
Epoch evaluation duration: 202.737895966
Epoch duration: 223.058805943

Epoch 204/1000
Epoch training duration: 23.4870221615
Train	AUC[ROC]: 0.999993	AUC[PR]: 0.989710
Val	AUC[ROC]: 0.692773	AUC[PR]: 0.152002
Epoch evaluation duration: 205.392933846
Epoch duration: 228.879956007

Epoch 205/1000
Epoch training duration: 23.5142321587
Train	AUC[ROC]: 0.999992	AUC[PR]: 0.987292
Val	AUC[ROC]: 0.697640	AUC[PR]: 0.153740
Epoch evaluation duration: 204.494380951
Epoch duration: 228.00861311

Epoch 206/1000
Epoch training duration: 23.4788839817
Train	AUC[ROC]: 0.999993	AUC[PR]: 0.989655
Val	AUC[ROC]: 0.690763	AUC[PR]: 0.147555
Epoch evaluation duration: 206.924715996
Epoch duration: 230.403599977

Epoch 207/1000
Epoch training duration: 22.9813110828
Train	AUC[ROC]: 0.999992	AUC[PR]: 0.987663
Val	AUC[ROC]: 0.695024	AUC[PR]: 0.155300
Epoch evaluation duration: 204.823145866
Epoch duration: 227.804456949

Epoch 208/1000
Epoch training duration: 22.7910940647
Train	AUC[ROC]: 0.999992	AUC[PR]: 0.987663
Val	AUC[ROC]: 0.690636	AUC[PR]: 0.150536
Epoch evaluation duration: 205.123219967
Epoch duration: 227.914314032

Epoch 209/1000
Epoch training duration: 22.5567409992
Train	AUC[ROC]: 0.999992	AUC[PR]: 0.987179
Val	AUC[ROC]: 0.685812	AUC[PR]: 0.158903
Epoch evaluation duration: 204.200349092
Epoch duration: 226.757090092

Epoch 210/1000
Epoch training duration: 23.5796480179
Train	AUC[ROC]: 0.999992	AUC[PR]: 0.987480
Val	AUC[ROC]: 0.689604	AUC[PR]: 0.162579
Epoch evaluation duration: 202.255818844
Epoch duration: 225.835466862

Epoch 211/1000
Epoch training duration: 23.120057106
Train	AUC[ROC]: 0.999992	AUC[PR]: 0.987292
Val	AUC[ROC]: 0.684938	AUC[PR]: 0.160663
Epoch evaluation duration: 204.1888659
Epoch duration: 227.308923006

Epoch 212/1000
Epoch training duration: 23.0764541626
Train	AUC[ROC]: 0.999993	AUC[PR]: 0.989996
Val	AUC[ROC]: 0.678273	AUC[PR]: 0.154871
Epoch evaluation duration: 206.475198984
Epoch duration: 229.551653147

Epoch 213/1000
Epoch training duration: 23.5000958443
Train	AUC[ROC]: 0.999992	AUC[PR]: 0.987700
Val	AUC[ROC]: 0.695668	AUC[PR]: 0.159775
Epoch evaluation duration: 205.80629015
Epoch duration: 229.306385994

Epoch 214/1000
Epoch training duration: 23.431540966
Train	AUC[ROC]: 0.999992	AUC[PR]: 0.987627
Val	AUC[ROC]: 0.695066	AUC[PR]: 0.153701
Epoch evaluation duration: 205.888995886
Epoch duration: 229.320536852

Epoch 215/1000
Epoch training duration: 22.8945760727
Train	AUC[ROC]: 0.999992	AUC[PR]: 0.987405
Val	AUC[ROC]: 0.690695	AUC[PR]: 0.155881
Epoch evaluation duration: 203.383590937
Epoch duration: 226.278167009

Epoch 216/1000
Epoch training duration: 23.3675329685
Train	AUC[ROC]: 0.999994	AUC[PR]: 0.990543
Val	AUC[ROC]: 0.691256	AUC[PR]: 0.158998
Epoch evaluation duration: 203.826927185
Epoch duration: 227.194460154

Epoch 217/1000
Epoch training duration: 23.5269258022
Train	AUC[ROC]: 0.999994	AUC[PR]: 0.990599
Val	AUC[ROC]: 0.689843	AUC[PR]: 0.161374
Epoch evaluation duration: 203.959826231
Epoch duration: 227.486752033

Epoch 218/1000
Epoch training duration: 23.0679218769
Train	AUC[ROC]: 0.999992	AUC[PR]: 0.987773
Val	AUC[ROC]: 0.699074	AUC[PR]: 0.161814
Epoch evaluation duration: 204.862984896
Epoch duration: 227.930906773

Epoch 219/1000
Epoch training duration: 23.6821870804
Train	AUC[ROC]: 0.999992	AUC[PR]: 0.987736
Val	AUC[ROC]: 0.696119	AUC[PR]: 0.158298
Epoch evaluation duration: 202.973923922
Epoch duration: 226.656111002

Epoch 220/1000
Epoch training duration: 22.8855071068
Train	AUC[ROC]: 0.999994	AUC[PR]: 0.990802
Val	AUC[ROC]: 0.709998	AUC[PR]: 0.161604
Epoch evaluation duration: 207.042731047
Epoch duration: 229.928238153

Epoch 221/1000
Epoch training duration: 23.0628559589
Train	AUC[ROC]: 0.999996	AUC[PR]: 0.993757
Val	AUC[ROC]: 0.695098	AUC[PR]: 0.159989
Epoch evaluation duration: 203.608505964
Epoch duration: 226.671361923

Epoch 222/1000
Epoch training duration: 23.1502249241
Train	AUC[ROC]: 0.999996	AUC[PR]: 0.993849
Val	AUC[ROC]: 0.709321	AUC[PR]: 0.162129
Epoch evaluation duration: 204.680250168
Epoch duration: 227.830475092

Epoch 223/1000
Epoch training duration: 22.8694319725
Train	AUC[ROC]: 0.999996	AUC[PR]: 0.993822
Val	AUC[ROC]: 0.705110	AUC[PR]: 0.161413
Epoch evaluation duration: 206.826170921
Epoch duration: 229.695602894

Epoch 224/1000
Epoch training duration: 23.5987269878
Train	AUC[ROC]: 0.999996	AUC[PR]: 0.993777
Val	AUC[ROC]: 0.720374	AUC[PR]: 0.169513
Epoch evaluation duration: 205.67655611
Epoch duration: 229.275283098

Epoch 225/1000
Epoch training duration: 23.1109008789
Train	AUC[ROC]: 0.999994	AUC[PR]: 0.990691
Val	AUC[ROC]: 0.699522	AUC[PR]: 0.161396
Epoch evaluation duration: 205.68959713
Epoch duration: 228.800498009

Epoch 226/1000
Epoch training duration: 22.2915730476
Train	AUC[ROC]: 0.999994	AUC[PR]: 0.990324
Val	AUC[ROC]: 0.678174	AUC[PR]: 0.158487
Epoch evaluation duration: 205.4592309
Epoch duration: 227.750803947

Epoch 227/1000
Epoch training duration: 22.9908270836
Train	AUC[ROC]: 0.999994	AUC[PR]: 0.990856
Val	AUC[ROC]: 0.688324	AUC[PR]: 0.159346
Epoch evaluation duration: 206.654586792
Epoch duration: 229.645413876

Epoch 228/1000
Epoch training duration: 23.4517650604
Train	AUC[ROC]: 0.999994	AUC[PR]: 0.990856
Val	AUC[ROC]: 0.681872	AUC[PR]: 0.159327
Epoch evaluation duration: 205.091434956
Epoch duration: 228.543200016

Epoch 229/1000
Epoch training duration: 23.510682106
Train	AUC[ROC]: 0.999996	AUC[PR]: 0.993494
Val	AUC[ROC]: 0.677332	AUC[PR]: 0.157704
Epoch evaluation duration: 204.552718878
Epoch duration: 228.063400984

Epoch 230/1000
Epoch training duration: 22.9244132042
Train	AUC[ROC]: 0.999994	AUC[PR]: 0.990910
Val	AUC[ROC]: 0.701349	AUC[PR]: 0.163249
Epoch evaluation duration: 203.91346097
Epoch duration: 226.837874174

Epoch 231/1000
Epoch training duration: 22.7307908535
Train	AUC[ROC]: 0.999994	AUC[PR]: 0.990747
Val	AUC[ROC]: 0.683988	AUC[PR]: 0.162818
Epoch evaluation duration: 207.464426994
Epoch duration: 230.195217848

Epoch 232/1000
Epoch training duration: 22.4883069992
Train	AUC[ROC]: 0.999994	AUC[PR]: 0.990856
Val	AUC[ROC]: 0.680139	AUC[PR]: 0.162123
Epoch evaluation duration: 207.844673157
Epoch duration: 230.332980156

Epoch 233/1000
Epoch training duration: 22.3307230473
Train	AUC[ROC]: 0.999994	AUC[PR]: 0.990991
Val	AUC[ROC]: 0.691001	AUC[PR]: 0.165023
Epoch evaluation duration: 206.30684185
Epoch duration: 228.637564898

Epoch 234/1000
Epoch training duration: 22.7443680763
Train	AUC[ROC]: 0.999994	AUC[PR]: 0.990747
Val	AUC[ROC]: 0.678034	AUC[PR]: 0.163073
Epoch evaluation duration: 205.018205881
Epoch duration: 227.762573957

Epoch 235/1000
Epoch training duration: 22.3812119961
Train	AUC[ROC]: 0.999994	AUC[PR]: 0.990829
Val	AUC[ROC]: 0.676647	AUC[PR]: 0.164999
Epoch evaluation duration: 204.756332159
Epoch duration: 227.137544155

Epoch 236/1000
Epoch training duration: 22.4639270306
Train	AUC[ROC]: 0.999994	AUC[PR]: 0.990829
Val	AUC[ROC]: 0.671528	AUC[PR]: 0.152362
Epoch evaluation duration: 202.960777998
Epoch duration: 225.424705029

Epoch 237/1000
Epoch training duration: 22.919552803
Train	AUC[ROC]: 0.999994	AUC[PR]: 0.990774
Val	AUC[ROC]: 0.667664	AUC[PR]: 0.154906
Epoch evaluation duration: 203.200956106
Epoch duration: 226.120508909

Epoch 238/1000
Epoch training duration: 22.5647339821
Train	AUC[ROC]: 0.999996	AUC[PR]: 0.993868
Val	AUC[ROC]: 0.663488	AUC[PR]: 0.152398
Epoch evaluation duration: 204.842545986
Epoch duration: 227.407279968

Epoch 239/1000
Epoch training duration: 22.8232691288
Train	AUC[ROC]: 0.999996	AUC[PR]: 0.993775
Val	AUC[ROC]: 0.660465	AUC[PR]: 0.151497
Epoch evaluation duration: 206.056689978
Epoch duration: 228.879959106

Epoch 240/1000
Epoch training duration: 22.8446559906
Train	AUC[ROC]: 0.999992	AUC[PR]: 0.987736
Val	AUC[ROC]: 0.716927	AUC[PR]: 0.159571
Epoch evaluation duration: 205.010648966
Epoch duration: 227.855304956

Epoch 241/1000
Epoch training duration: 22.777148962
Train	AUC[ROC]: 0.999996	AUC[PR]: 0.993822
Val	AUC[ROC]: 0.675790	AUC[PR]: 0.146819
Epoch evaluation duration: 205.641802073
Epoch duration: 228.418951035

Epoch 242/1000
Epoch training duration: 23.0889058113
Train	AUC[ROC]: 0.999996	AUC[PR]: 0.993719
Val	AUC[ROC]: 0.661557	AUC[PR]: 0.143616
Epoch evaluation duration: 206.138538122
Epoch duration: 229.227443933

Epoch 243/1000
Epoch training duration: 23.3786020279
Train	AUC[ROC]: 0.999996	AUC[PR]: 0.993867
Val	AUC[ROC]: 0.673539	AUC[PR]: 0.154239
Epoch evaluation duration: 206.073276997
Epoch duration: 229.451879025

Epoch 244/1000
Epoch training duration: 22.9868638515
Train	AUC[ROC]: 0.999994	AUC[PR]: 0.991018
Val	AUC[ROC]: 0.692850	AUC[PR]: 0.141063
Epoch evaluation duration: 204.767152071
Epoch duration: 227.754015923

Epoch 245/1000
Epoch training duration: 23.2655651569
Train	AUC[ROC]: 0.999994	AUC[PR]: 0.990883
Val	AUC[ROC]: 0.698498	AUC[PR]: 0.148171
Epoch evaluation duration: 205.82789278
Epoch duration: 229.093457937

Epoch 246/1000
Epoch training duration: 23.4797730446
Train	AUC[ROC]: 0.999994	AUC[PR]: 0.990719
Val	AUC[ROC]: 0.692256	AUC[PR]: 0.163382
Epoch evaluation duration: 206.316992998
Epoch duration: 229.796766043

Epoch 247/1000
Epoch training duration: 23.8089749813
Train	AUC[ROC]: 0.999994	AUC[PR]: 0.990937
Val	AUC[ROC]: 0.686163	AUC[PR]: 0.154546
Epoch evaluation duration: 203.265344143
Epoch duration: 227.074319124

Epoch 248/1000
Epoch training duration: 23.1734268665
Train	AUC[ROC]: 0.999994	AUC[PR]: 0.990964
Val	AUC[ROC]: 0.682231	AUC[PR]: 0.164642
Epoch evaluation duration: 206.098697186
Epoch duration: 229.272124052

Epoch 249/1000
Epoch training duration: 23.3765108585
Train	AUC[ROC]: 0.999994	AUC[PR]: 0.990829
Val	AUC[ROC]: 0.672922	AUC[PR]: 0.162895
Epoch evaluation duration: 204.791469097
Epoch duration: 228.167979956

Epoch 250/1000
Epoch training duration: 23.1975338459
Train	AUC[ROC]: 0.999994	AUC[PR]: 0.990937
Val	AUC[ROC]: 0.679848	AUC[PR]: 0.170233
Epoch evaluation duration: 205.376058102
Epoch duration: 228.573591948

Epoch 251/1000
Epoch training duration: 23.0715448856
Train	AUC[ROC]: 0.999994	AUC[PR]: 0.990552
Val	AUC[ROC]: 0.694432	AUC[PR]: 0.171140
Epoch evaluation duration: 204.929394007
Epoch duration: 228.000938892

Epoch 252/1000
Epoch training duration: 22.9048070908
Train	AUC[ROC]: 0.999994	AUC[PR]: 0.990910
Val	AUC[ROC]: 0.709274	AUC[PR]: 0.173710
Epoch evaluation duration: 203.379293919
Epoch duration: 226.284101009

Epoch 253/1000
Epoch training duration: 23.1994199753
Train	AUC[ROC]: 0.999994	AUC[PR]: 0.990719
Val	AUC[ROC]: 0.680956	AUC[PR]: 0.170551
Epoch evaluation duration: 205.967666149
Epoch duration: 229.167086124

Epoch 254/1000
Epoch training duration: 22.8982539177
Train	AUC[ROC]: 0.999994	AUC[PR]: 0.990801
Val	AUC[ROC]: 0.692383	AUC[PR]: 0.174197
Epoch evaluation duration: 203.294826984
Epoch duration: 226.193080902

Epoch 255/1000
Epoch training duration: 22.7475371361
Train	AUC[ROC]: 0.999994	AUC[PR]: 0.990883
Val	AUC[ROC]: 0.691406	AUC[PR]: 0.174670
Epoch evaluation duration: 203.845081806
Epoch duration: 226.592618942

Epoch 256/1000
Epoch training duration: 23.3752131462
Train	AUC[ROC]: 0.999994	AUC[PR]: 0.990856
Val	AUC[ROC]: 0.688431	AUC[PR]: 0.174050
Epoch evaluation duration: 208.298795938
Epoch duration: 231.674009085

Epoch 257/1000
Epoch training duration: 22.8990979195
Train	AUC[ROC]: 0.999994	AUC[PR]: 0.990883
Val	AUC[ROC]: 0.685825	AUC[PR]: 0.173810
Epoch evaluation duration: 206.423621178
Epoch duration: 229.322719097

Epoch 258/1000
Epoch training duration: 22.7133560181
Train	AUC[ROC]: 0.999994	AUC[PR]: 0.990991
Val	AUC[ROC]: 0.698528	AUC[PR]: 0.167732
Epoch evaluation duration: 205.404992819
Epoch duration: 228.118348837

Epoch 259/1000
Epoch training duration: 23.4335579872
Train	AUC[ROC]: 0.999994	AUC[PR]: 0.990937
Val	AUC[ROC]: 0.686370	AUC[PR]: 0.172816
Epoch evaluation duration: 207.56422019
Epoch duration: 230.997778177

Epoch 260/1000
Epoch training duration: 23.2737870216
Train	AUC[ROC]: 0.999994	AUC[PR]: 0.990856
Val	AUC[ROC]: 0.682851	AUC[PR]: 0.165099
Epoch evaluation duration: 204.694168806
Epoch duration: 227.967955828

Epoch 261/1000
Epoch training duration: 22.8729941845
Train	AUC[ROC]: 0.999994	AUC[PR]: 0.991018
Val	AUC[ROC]: 0.685360	AUC[PR]: 0.174367
Epoch evaluation duration: 207.027328014
Epoch duration: 229.900322199

Epoch 262/1000
Epoch training duration: 22.9454197884
Train	AUC[ROC]: 0.999994	AUC[PR]: 0.991018
Val	AUC[ROC]: 0.683613	AUC[PR]: 0.171105
Epoch evaluation duration: 206.743997097
Epoch duration: 229.689416885

Epoch 263/1000
Epoch training duration: 22.8686339855
Train	AUC[ROC]: 0.999994	AUC[PR]: 0.990991
Val	AUC[ROC]: 0.675172	AUC[PR]: 0.178881
Epoch evaluation duration: 206.575624943
Epoch duration: 229.444258928

Epoch 264/1000
Epoch training duration: 22.9053189754
Train	AUC[ROC]: 0.999994	AUC[PR]: 0.991018
Val	AUC[ROC]: 0.671787	AUC[PR]: 0.165614
Epoch evaluation duration: 206.337988138
Epoch duration: 229.243307114

Epoch 265/1000
Epoch training duration: 23.2255129814
Train	AUC[ROC]: 0.999994	AUC[PR]: 0.990774
Val	AUC[ROC]: 0.682255	AUC[PR]: 0.169480
Epoch evaluation duration: 206.200784922
Epoch duration: 229.426297903

Epoch 266/1000
Epoch training duration: 23.4120550156
Train	AUC[ROC]: 0.999994	AUC[PR]: 0.990937
Val	AUC[ROC]: 0.670656	AUC[PR]: 0.167976
Epoch evaluation duration: 207.392030001
Epoch duration: 230.804085016

train precision: 0.967664585833
train roc: 0.999980283809
train hit in top 2563: 332.0 out of 332.0

val precision: 0.269875361131
val roc: 0.825106604812
val hit in top 427: 37.0 out of 56.0

test precision: 0.144717509623
test roc: 0.722467832205
test hit in top 427: 31.0 out of 56.0

ratio: 0.02, EF: 28.5714285714,	active: 56.0
ratio: 0.02, NEF: 0.571428571429
ratio: 0.01, EF: 55.3571428571,	active: 56.0
ratio: 0.01, NEF: 0.553571428571
ratio: 0.0015, EF: 190.476190476,	active: 56.0
ratio: 0.0015, NEF: 0.285714285714
ratio: 0.001, EF: 196.428571429,	active: 56.0
ratio: 0.001, NEF: 0.261904761905

