label_name_list  [u'PriA-SSB AS Activity']
train files  ['../datasets/keck_pria/fold_0.csv' '../datasets/keck_pria/fold_1.csv'
 '../datasets/keck_pria/fold_2.csv' '../datasets/keck_pria/fold_3.csv'
 '../datasets/keck_pria/fold_6.csv' '../datasets/keck_pria/fold_7.csv']
val files  ['../datasets/keck_pria/fold_4.csv']
test files  ['../datasets/keck_pria/fold_5.csv']
Class Weight  [{0: 1.0, 1: 766.625748502994}]
Epoch 1/1000
Epoch training duration: 13.4830009937
Train	AUC[ROC]: 0.911529	AUC[PR]: 0.107073
Val	AUC[ROC]: 0.787787	AUC[PR]: 0.031068
Epoch evaluation duration: 107.56634903
Epoch duration: 121.049350023

Epoch 2/1000
Epoch training duration: 13.6403260231
Train	AUC[ROC]: 0.947698	AUC[PR]: 0.140271
Val	AUC[ROC]: 0.810478	AUC[PR]: 0.036133
Epoch evaluation duration: 116.411953926
Epoch duration: 130.052279949

Epoch 3/1000
Epoch training duration: 12.3879020214
Train	AUC[ROC]: 0.967872	AUC[PR]: 0.168504
Val	AUC[ROC]: 0.817435	AUC[PR]: 0.041231
Epoch evaluation duration: 111.492759943
Epoch duration: 123.880661964

Epoch 4/1000
Epoch training duration: 13.2703990936
Train	AUC[ROC]: 0.980707	AUC[PR]: 0.199081
Val	AUC[ROC]: 0.818713	AUC[PR]: 0.052109
Epoch evaluation duration: 115.011913061
Epoch duration: 128.282312155

Epoch 5/1000
Epoch training duration: 11.8372919559
Train	AUC[ROC]: 0.986474	AUC[PR]: 0.213621
Val	AUC[ROC]: 0.820756	AUC[PR]: 0.058262
Epoch evaluation duration: 112.104865074
Epoch duration: 123.94215703

Epoch 6/1000
Epoch training duration: 14.1955299377
Train	AUC[ROC]: 0.990562	AUC[PR]: 0.234908
Val	AUC[ROC]: 0.814074	AUC[PR]: 0.064682
Epoch evaluation duration: 112.670202017
Epoch duration: 126.865731955

Epoch 7/1000
Epoch training duration: 12.8237230778
Train	AUC[ROC]: 0.993453	AUC[PR]: 0.262312
Val	AUC[ROC]: 0.815100	AUC[PR]: 0.071981
Epoch evaluation duration: 112.320244789
Epoch duration: 125.143967867

Epoch 8/1000
Epoch training duration: 13.2206661701
Train	AUC[ROC]: 0.994817	AUC[PR]: 0.277019
Val	AUC[ROC]: 0.816799	AUC[PR]: 0.070788
Epoch evaluation duration: 112.925514936
Epoch duration: 126.146181107

Epoch 9/1000
Epoch training duration: 12.1275670528
Train	AUC[ROC]: 0.995933	AUC[PR]: 0.305355
Val	AUC[ROC]: 0.818120	AUC[PR]: 0.073153
Epoch evaluation duration: 111.491754055
Epoch duration: 123.619321108

Epoch 10/1000
Epoch training duration: 13.9446578026
Train	AUC[ROC]: 0.996843	AUC[PR]: 0.332174
Val	AUC[ROC]: 0.815978	AUC[PR]: 0.081741
Epoch evaluation duration: 117.128214121
Epoch duration: 131.072871923

Epoch 11/1000
Epoch training duration: 13.3966789246
Train	AUC[ROC]: 0.997372	AUC[PR]: 0.358170
Val	AUC[ROC]: 0.813819	AUC[PR]: 0.086012
Epoch evaluation duration: 109.135123968
Epoch duration: 122.531802893

Epoch 12/1000
Epoch training duration: 12.6910090446
Train	AUC[ROC]: 0.997787	AUC[PR]: 0.379696
Val	AUC[ROC]: 0.805957	AUC[PR]: 0.089543
Epoch evaluation duration: 110.145152092
Epoch duration: 122.836161137

Epoch 13/1000
Epoch training duration: 12.4070389271
Train	AUC[ROC]: 0.998294	AUC[PR]: 0.412436
Val	AUC[ROC]: 0.815057	AUC[PR]: 0.088758
Epoch evaluation duration: 114.394797087
Epoch duration: 126.801836014

Epoch 14/1000
Epoch training duration: 12.1166658401
Train	AUC[ROC]: 0.998632	AUC[PR]: 0.449100
Val	AUC[ROC]: 0.812526	AUC[PR]: 0.095724
Epoch evaluation duration: 114.556441069
Epoch duration: 126.673106909

Epoch 15/1000
Epoch training duration: 15.5742659569
Train	AUC[ROC]: 0.998809	AUC[PR]: 0.474800
Val	AUC[ROC]: 0.807637	AUC[PR]: 0.098100
Epoch evaluation duration: 113.808122158
Epoch duration: 129.382388115

Epoch 16/1000
Epoch training duration: 11.7786347866
Train	AUC[ROC]: 0.999025	AUC[PR]: 0.507117
Val	AUC[ROC]: 0.804411	AUC[PR]: 0.096506
Epoch evaluation duration: 104.919905186
Epoch duration: 116.698539972

Epoch 17/1000
Epoch training duration: 13.6279230118
Train	AUC[ROC]: 0.999083	AUC[PR]: 0.518847
Val	AUC[ROC]: 0.804330	AUC[PR]: 0.105967
Epoch evaluation duration: 104.963333845
Epoch duration: 118.591256857

Epoch 18/1000
Epoch training duration: 12.0762360096
Train	AUC[ROC]: 0.999248	AUC[PR]: 0.551254
Val	AUC[ROC]: 0.804754	AUC[PR]: 0.104928
Epoch evaluation duration: 107.816781998
Epoch duration: 119.893018007

Epoch 19/1000
Epoch training duration: 11.5345020294
Train	AUC[ROC]: 0.999388	AUC[PR]: 0.599522
Val	AUC[ROC]: 0.801170	AUC[PR]: 0.112082
Epoch evaluation duration: 113.228137016
Epoch duration: 124.762639046

Epoch 20/1000
Epoch training duration: 12.8235061169
Train	AUC[ROC]: 0.999433	AUC[PR]: 0.613065
Val	AUC[ROC]: 0.803206	AUC[PR]: 0.105404
Epoch evaluation duration: 114.898701906
Epoch duration: 127.722208023

Epoch 21/1000
Epoch training duration: 13.2739760876
Train	AUC[ROC]: 0.999495	AUC[PR]: 0.641165
Val	AUC[ROC]: 0.796837	AUC[PR]: 0.111741
Epoch evaluation duration: 115.348223925
Epoch duration: 128.622200012

Epoch 22/1000
Epoch training duration: 10.8411440849
Train	AUC[ROC]: 0.999565	AUC[PR]: 0.666578
Val	AUC[ROC]: 0.789531	AUC[PR]: 0.113620
Epoch evaluation duration: 112.001777887
Epoch duration: 122.842921972

Epoch 23/1000
Epoch training duration: 13.8010590076
Train	AUC[ROC]: 0.999586	AUC[PR]: 0.675392
Val	AUC[ROC]: 0.790627	AUC[PR]: 0.110359
Epoch evaluation duration: 108.473855972
Epoch duration: 122.27491498

Epoch 24/1000
Epoch training duration: 11.4272069931
Train	AUC[ROC]: 0.999642	AUC[PR]: 0.705385
Val	AUC[ROC]: 0.789760	AUC[PR]: 0.113078
Epoch evaluation duration: 116.279737949
Epoch duration: 127.706944942

Epoch 25/1000
Epoch training duration: 12.402973175
Train	AUC[ROC]: 0.999686	AUC[PR]: 0.719756
Val	AUC[ROC]: 0.786649	AUC[PR]: 0.113395
Epoch evaluation duration: 107.404985905
Epoch duration: 119.80795908

Epoch 26/1000
Epoch training duration: 12.8485300541
Train	AUC[ROC]: 0.999693	AUC[PR]: 0.719059
Val	AUC[ROC]: 0.783260	AUC[PR]: 0.113115
Epoch evaluation duration: 107.625339031
Epoch duration: 120.473869085

Epoch 27/1000
Epoch training duration: 12.3942220211
Train	AUC[ROC]: 0.999724	AUC[PR]: 0.735641
Val	AUC[ROC]: 0.777085	AUC[PR]: 0.116856
Epoch evaluation duration: 110.386133909
Epoch duration: 122.78035593

Epoch 28/1000
Epoch training duration: 11.2356119156
Train	AUC[ROC]: 0.999747	AUC[PR]: 0.751515
Val	AUC[ROC]: 0.779931	AUC[PR]: 0.116564
Epoch evaluation duration: 115.94074297
Epoch duration: 127.176354885

Epoch 29/1000
Epoch training duration: 12.6314461231
Train	AUC[ROC]: 0.999802	AUC[PR]: 0.792843
Val	AUC[ROC]: 0.777695	AUC[PR]: 0.119696
Epoch evaluation duration: 111.230839014
Epoch duration: 123.862285137

Epoch 30/1000
Epoch training duration: 14.1636738777
Train	AUC[ROC]: 0.999824	AUC[PR]: 0.809801
Val	AUC[ROC]: 0.773466	AUC[PR]: 0.124639
Epoch evaluation duration: 118.303151131
Epoch duration: 132.466825008

Epoch 31/1000
Epoch training duration: 12.0064439774
Train	AUC[ROC]: 0.999828	AUC[PR]: 0.813415
Val	AUC[ROC]: 0.770628	AUC[PR]: 0.130642
Epoch evaluation duration: 116.750555038
Epoch duration: 128.756999016

Epoch 32/1000
Epoch training duration: 12.4908368587
Train	AUC[ROC]: 0.999817	AUC[PR]: 0.803159
Val	AUC[ROC]: 0.757379	AUC[PR]: 0.138279
Epoch evaluation duration: 109.743664026
Epoch duration: 122.234500885

Epoch 33/1000
Epoch training duration: 12.2245640755
Train	AUC[ROC]: 0.999830	AUC[PR]: 0.812092
Val	AUC[ROC]: 0.768977	AUC[PR]: 0.128700
Epoch evaluation duration: 120.243479013
Epoch duration: 132.468043089

Epoch 34/1000
Epoch training duration: 12.5537559986
Train	AUC[ROC]: 0.999856	AUC[PR]: 0.831485
Val	AUC[ROC]: 0.754682	AUC[PR]: 0.142540
Epoch evaluation duration: 105.117500067
Epoch duration: 117.671256065

Epoch 35/1000
Epoch training duration: 12.4074139595
Train	AUC[ROC]: 0.999864	AUC[PR]: 0.838748
Val	AUC[ROC]: 0.746465	AUC[PR]: 0.137280
Epoch evaluation duration: 107.833602905
Epoch duration: 120.241016865

Epoch 36/1000
Epoch training duration: 12.0072250366
Train	AUC[ROC]: 0.999877	AUC[PR]: 0.856641
Val	AUC[ROC]: 0.745844	AUC[PR]: 0.128667
Epoch evaluation duration: 105.398994923
Epoch duration: 117.406219959

Epoch 37/1000
Epoch training duration: 14.2479600906
Train	AUC[ROC]: 0.999898	AUC[PR]: 0.876284
Val	AUC[ROC]: 0.754135	AUC[PR]: 0.141521
Epoch evaluation duration: 112.634702921
Epoch duration: 126.882663012

Epoch 38/1000
Epoch training duration: 11.7221541405
Train	AUC[ROC]: 0.999892	AUC[PR]: 0.870877
Val	AUC[ROC]: 0.767351	AUC[PR]: 0.143807
Epoch evaluation duration: 103.338579893
Epoch duration: 115.060734034

Epoch 39/1000
Epoch training duration: 11.2970860004
Train	AUC[ROC]: 0.999907	AUC[PR]: 0.886319
Val	AUC[ROC]: 0.755833	AUC[PR]: 0.141768
Epoch evaluation duration: 105.884565115
Epoch duration: 117.181651115

Epoch 40/1000
Epoch training duration: 12.7757658958
Train	AUC[ROC]: 0.999916	AUC[PR]: 0.895800
Val	AUC[ROC]: 0.745140	AUC[PR]: 0.137393
Epoch evaluation duration: 110.927120924
Epoch duration: 123.70288682

Epoch 41/1000
Epoch training duration: 11.8719770908
Train	AUC[ROC]: 0.999909	AUC[PR]: 0.890311
Val	AUC[ROC]: 0.744262	AUC[PR]: 0.141760
Epoch evaluation duration: 109.588329077
Epoch duration: 121.460306168

Epoch 42/1000
Epoch training duration: 11.6511349678
Train	AUC[ROC]: 0.999919	AUC[PR]: 0.900154
Val	AUC[ROC]: 0.743088	AUC[PR]: 0.138736
Epoch evaluation duration: 112.304026842
Epoch duration: 123.95516181

Epoch 43/1000
Epoch training duration: 14.2511670589
Train	AUC[ROC]: 0.999925	AUC[PR]: 0.905129
Val	AUC[ROC]: 0.741121	AUC[PR]: 0.141297
Epoch evaluation duration: 112.413360119
Epoch duration: 126.664527178

Epoch 44/1000
Epoch training duration: 11.4017999172
Train	AUC[ROC]: 0.999935	AUC[PR]: 0.916594
Val	AUC[ROC]: 0.731050	AUC[PR]: 0.142540
Epoch evaluation duration: 104.250678062
Epoch duration: 115.65247798

Epoch 45/1000
Epoch training duration: 12.1967248917
Train	AUC[ROC]: 0.999933	AUC[PR]: 0.914643
Val	AUC[ROC]: 0.725746	AUC[PR]: 0.125623
Epoch evaluation duration: 108.010593176
Epoch duration: 120.207318068

Epoch 46/1000
Epoch training duration: 12.94647789
Train	AUC[ROC]: 0.999922	AUC[PR]: 0.909644
Val	AUC[ROC]: 0.726572	AUC[PR]: 0.147023
Epoch evaluation duration: 105.310302973
Epoch duration: 118.256780863

Epoch 47/1000
Epoch training duration: 12.8848590851
Train	AUC[ROC]: 0.999935	AUC[PR]: 0.921981
Val	AUC[ROC]: 0.737199	AUC[PR]: 0.128182
Epoch evaluation duration: 105.241799831
Epoch duration: 118.126658916

Epoch 48/1000
Epoch training duration: 12.2009310722
Train	AUC[ROC]: 0.999930	AUC[PR]: 0.909521
Val	AUC[ROC]: 0.748837	AUC[PR]: 0.137549
Epoch evaluation duration: 92.7817709446
Epoch duration: 104.982702017

Epoch 49/1000
Epoch training duration: 10.8515810966
Train	AUC[ROC]: 0.999939	AUC[PR]: 0.918647
Val	AUC[ROC]: 0.736713	AUC[PR]: 0.140799
Epoch evaluation duration: 96.7778069973
Epoch duration: 107.629388094

Epoch 50/1000
Epoch training duration: 11.4787049294
Train	AUC[ROC]: 0.999939	AUC[PR]: 0.921110
Val	AUC[ROC]: 0.769723	AUC[PR]: 0.131103
Epoch evaluation duration: 94.0756270885
Epoch duration: 105.554332018

Epoch 51/1000
Epoch training duration: 11.6131529808
Train	AUC[ROC]: 0.999953	AUC[PR]: 0.942278
Val	AUC[ROC]: 0.743343	AUC[PR]: 0.131861
Epoch evaluation duration: 93.2399981022
Epoch duration: 104.853151083

Epoch 52/1000
Epoch training duration: 12.4493219852
Train	AUC[ROC]: 0.999957	AUC[PR]: 0.947627
Val	AUC[ROC]: 0.733493	AUC[PR]: 0.134509
Epoch evaluation duration: 98.7289958
Epoch duration: 111.178317785

Epoch 53/1000
Epoch training duration: 11.6081600189
Train	AUC[ROC]: 0.999947	AUC[PR]: 0.929527
Val	AUC[ROC]: 0.727945	AUC[PR]: 0.122134
Epoch evaluation duration: 99.2443780899
Epoch duration: 110.852538109

Epoch 54/1000
Epoch training duration: 12.8804559708
Train	AUC[ROC]: 0.999948	AUC[PR]: 0.934559
Val	AUC[ROC]: 0.727902	AUC[PR]: 0.118035
Epoch evaluation duration: 97.3387460709
Epoch duration: 110.219202042

Epoch 55/1000
Epoch training duration: 13.7824149132
Train	AUC[ROC]: 0.999954	AUC[PR]: 0.941871
Val	AUC[ROC]: 0.720592	AUC[PR]: 0.118031
Epoch evaluation duration: 95.2954571247
Epoch duration: 109.077872038

Epoch 56/1000
Epoch training duration: 8.73681688309
Train	AUC[ROC]: 0.999964	AUC[PR]: 0.958389
Val	AUC[ROC]: 0.724493	AUC[PR]: 0.127675
Epoch evaluation duration: 91.5443470478
Epoch duration: 100.281163931

Epoch 57/1000
Epoch training duration: 10.3910939693
Train	AUC[ROC]: 0.999972	AUC[PR]: 0.968281
Val	AUC[ROC]: 0.721729	AUC[PR]: 0.115560
Epoch evaluation duration: 99.5146780014
Epoch duration: 109.905771971

Epoch 58/1000
Epoch training duration: 11.4016239643
Train	AUC[ROC]: 0.999967	AUC[PR]: 0.961986
Val	AUC[ROC]: 0.715701	AUC[PR]: 0.123038
Epoch evaluation duration: 107.264426947
Epoch duration: 118.666050911

Epoch 59/1000
Epoch training duration: 10.327091217
Train	AUC[ROC]: 0.999977	AUC[PR]: 0.973716
Val	AUC[ROC]: 0.721397	AUC[PR]: 0.119101
Epoch evaluation duration: 104.677623987
Epoch duration: 115.004715204

Epoch 60/1000
Epoch training duration: 12.0057988167
Train	AUC[ROC]: 0.999974	AUC[PR]: 0.966700
Val	AUC[ROC]: 0.722086	AUC[PR]: 0.129543
Epoch evaluation duration: 104.31823802
Epoch duration: 116.324036837

Epoch 61/1000
Epoch training duration: 12.0533139706
Train	AUC[ROC]: 0.999977	AUC[PR]: 0.972810
Val	AUC[ROC]: 0.720790	AUC[PR]: 0.130865
Epoch evaluation duration: 106.012830019
Epoch duration: 118.06614399

Epoch 62/1000
Epoch training duration: 11.4966261387
Train	AUC[ROC]: 0.999978	AUC[PR]: 0.976174
Val	AUC[ROC]: 0.736629	AUC[PR]: 0.118016
Epoch evaluation duration: 104.453764915
Epoch duration: 115.950391054

Epoch 63/1000
Epoch training duration: 12.6996970177
Train	AUC[ROC]: 0.999978	AUC[PR]: 0.973913
Val	AUC[ROC]: 0.716910	AUC[PR]: 0.106028
Epoch evaluation duration: 96.3543460369
Epoch duration: 109.054043055

Epoch 64/1000
Epoch training duration: 12.1884250641
Train	AUC[ROC]: 0.999984	AUC[PR]: 0.982423
Val	AUC[ROC]: 0.704126	AUC[PR]: 0.121160
Epoch evaluation duration: 98.5038650036
Epoch duration: 110.692290068

Epoch 65/1000
Epoch training duration: 10.7313549519
Train	AUC[ROC]: 0.999982	AUC[PR]: 0.973965
Val	AUC[ROC]: 0.714437	AUC[PR]: 0.126036
Epoch evaluation duration: 97.3062078953
Epoch duration: 108.037562847

Epoch 66/1000
Epoch training duration: 12.0032219887
Train	AUC[ROC]: 0.999979	AUC[PR]: 0.972946
Val	AUC[ROC]: 0.725764	AUC[PR]: 0.125885
Epoch evaluation duration: 98.5324370861
Epoch duration: 110.535659075

Epoch 67/1000
Epoch training duration: 11.2357559204
Train	AUC[ROC]: 0.999981	AUC[PR]: 0.975505
Val	AUC[ROC]: 0.717488	AUC[PR]: 0.123730
Epoch evaluation duration: 108.721775055
Epoch duration: 119.957530975

Epoch 68/1000
Epoch training duration: 13.0456490517
Train	AUC[ROC]: 0.999981	AUC[PR]: 0.976194
Val	AUC[ROC]: 0.721054	AUC[PR]: 0.119971
Epoch evaluation duration: 97.8634359837
Epoch duration: 110.909085035

Epoch 69/1000
Epoch training duration: 11.5972659588
Train	AUC[ROC]: 0.999984	AUC[PR]: 0.979323
Val	AUC[ROC]: 0.693004	AUC[PR]: 0.109452
Epoch evaluation duration: 93.0967941284
Epoch duration: 104.694060087

Epoch 70/1000
Epoch training duration: 11.8154108524
Train	AUC[ROC]: 0.999984	AUC[PR]: 0.981466
Val	AUC[ROC]: 0.710484	AUC[PR]: 0.110283
Epoch evaluation duration: 100.130167007
Epoch duration: 111.94557786

Epoch 71/1000
Epoch training duration: 10.4114561081
Train	AUC[ROC]: 0.999982	AUC[PR]: 0.979031
Val	AUC[ROC]: 0.717277	AUC[PR]: 0.107618
Epoch evaluation duration: 90.3978278637
Epoch duration: 100.809283972

Epoch 72/1000
Epoch training duration: 10.8706459999
Train	AUC[ROC]: 0.999985	AUC[PR]: 0.984256
Val	AUC[ROC]: 0.704847	AUC[PR]: 0.101313
Epoch evaluation duration: 104.47162509
Epoch duration: 115.34227109

Epoch 73/1000
Epoch training duration: 12.0712418556
Train	AUC[ROC]: 0.999984	AUC[PR]: 0.980664
Val	AUC[ROC]: 0.697291	AUC[PR]: 0.115850
Epoch evaluation duration: 100.385211229
Epoch duration: 112.456453085

Epoch 74/1000
Epoch training duration: 10.2564687729
Train	AUC[ROC]: 0.999986	AUC[PR]: 0.984279
Val	AUC[ROC]: 0.697356	AUC[PR]: 0.110682
Epoch evaluation duration: 100.913680077
Epoch duration: 111.170148849

Epoch 75/1000
Epoch training duration: 10.7215690613
Train	AUC[ROC]: 0.999987	AUC[PR]: 0.985621
Val	AUC[ROC]: 0.678683	AUC[PR]: 0.122368
Epoch evaluation duration: 99.6949660778
Epoch duration: 110.416535139

Epoch 76/1000
Epoch training duration: 12.1427798271
Train	AUC[ROC]: 0.999990	AUC[PR]: 0.990457
Val	AUC[ROC]: 0.696630	AUC[PR]: 0.114315
Epoch evaluation duration: 102.855183125
Epoch duration: 114.997962952

Epoch 77/1000
Epoch training duration: 11.1386978626
Train	AUC[ROC]: 0.999990	AUC[PR]: 0.990060
Val	AUC[ROC]: 0.709662	AUC[PR]: 0.115180
Epoch evaluation duration: 100.679412127
Epoch duration: 111.818109989

Epoch 78/1000
Epoch training duration: 9.93034291267
Train	AUC[ROC]: 0.999993	AUC[PR]: 0.993976
Val	AUC[ROC]: 0.692282	AUC[PR]: 0.114836
Epoch evaluation duration: 101.537230015
Epoch duration: 111.467572927

Epoch 79/1000
Epoch training duration: 10.96342206
Train	AUC[ROC]: 0.999993	AUC[PR]: 0.993536
Val	AUC[ROC]: 0.680116	AUC[PR]: 0.114475
Epoch evaluation duration: 97.5672879219
Epoch duration: 108.530709982

Epoch 80/1000
Epoch training duration: 9.7391679287
Train	AUC[ROC]: 0.999993	AUC[PR]: 0.993800
Val	AUC[ROC]: 0.684548	AUC[PR]: 0.112475
Epoch evaluation duration: 94.0391850471
Epoch duration: 103.778352976

Epoch 81/1000
Epoch training duration: 11.79819417
Train	AUC[ROC]: 0.999995	AUC[PR]: 0.995647
Val	AUC[ROC]: 0.679633	AUC[PR]: 0.111760
Epoch evaluation duration: 102.010319948
Epoch duration: 113.808514118

Epoch 82/1000
Epoch training duration: 11.456802845
Train	AUC[ROC]: 0.999995	AUC[PR]: 0.995619
Val	AUC[ROC]: 0.672807	AUC[PR]: 0.110825
Epoch evaluation duration: 103.08505702
Epoch duration: 114.541859865

Epoch 83/1000
Epoch training duration: 10.9036240578
Train	AUC[ROC]: 0.999980	AUC[PR]: 0.956751
Val	AUC[ROC]: 0.692004	AUC[PR]: 0.096410
Epoch evaluation duration: 97.681992054
Epoch duration: 108.585616112

Epoch 84/1000
Epoch training duration: 11.7613279819
Train	AUC[ROC]: 0.999984	AUC[PR]: 0.964794
Val	AUC[ROC]: 0.669658	AUC[PR]: 0.096361
Epoch evaluation duration: 91.7776350975
Epoch duration: 103.538963079

Epoch 85/1000
Epoch training duration: 10.2451889515
Train	AUC[ROC]: 0.999985	AUC[PR]: 0.971838
Val	AUC[ROC]: 0.679811	AUC[PR]: 0.102988
Epoch evaluation duration: 83.8964378834
Epoch duration: 94.1416268349

Epoch 86/1000
Epoch training duration: 11.3042440414
Train	AUC[ROC]: 0.999984	AUC[PR]: 0.974810
Val	AUC[ROC]: 0.684828	AUC[PR]: 0.102188
Epoch evaluation duration: 99.8711190224
Epoch duration: 111.175363064

Epoch 87/1000
Epoch training duration: 12.3037030697
Train	AUC[ROC]: 0.999989	AUC[PR]: 0.981731
Val	AUC[ROC]: 0.650304	AUC[PR]: 0.101745
Epoch evaluation duration: 97.7993960381
Epoch duration: 110.103099108

Epoch 88/1000
Epoch training duration: 11.9646959305
Train	AUC[ROC]: 0.999990	AUC[PR]: 0.985257
Val	AUC[ROC]: 0.684436	AUC[PR]: 0.106860
Epoch evaluation duration: 103.704499006
Epoch duration: 115.669194937

Epoch 89/1000
Epoch training duration: 11.2398810387
Train	AUC[ROC]: 0.999988	AUC[PR]: 0.985648
Val	AUC[ROC]: 0.688471	AUC[PR]: 0.105167
Epoch evaluation duration: 108.988163948
Epoch duration: 120.228044987

Epoch 90/1000
Epoch training duration: 12.1014170647
Train	AUC[ROC]: 0.999991	AUC[PR]: 0.989672
Val	AUC[ROC]: 0.670714	AUC[PR]: 0.106656
Epoch evaluation duration: 106.332028866
Epoch duration: 118.43344593

Epoch 91/1000
Epoch training duration: 12.4849219322
Train	AUC[ROC]: 0.999993	AUC[PR]: 0.992529
Val	AUC[ROC]: 0.661939	AUC[PR]: 0.115668
Epoch evaluation duration: 113.57983613
Epoch duration: 126.064758062

Epoch 92/1000
Epoch training duration: 13.213367939
Train	AUC[ROC]: 0.999995	AUC[PR]: 0.995157
Val	AUC[ROC]: 0.674033	AUC[PR]: 0.108185
Epoch evaluation duration: 114.549973965
Epoch duration: 127.763341904

Epoch 93/1000
Epoch training duration: 10.9322631359
Train	AUC[ROC]: 0.999996	AUC[PR]: 0.996321
Val	AUC[ROC]: 0.665095	AUC[PR]: 0.105143
Epoch evaluation duration: 110.934073925
Epoch duration: 121.866337061

Epoch 94/1000
Epoch training duration: 13.9487440586
Train	AUC[ROC]: 0.999997	AUC[PR]: 0.997550
Val	AUC[ROC]: 0.640599	AUC[PR]: 0.109263
Epoch evaluation duration: 108.031396866
Epoch duration: 121.980140924

Epoch 95/1000
Epoch training duration: 10.2673511505
Train	AUC[ROC]: 0.999997	AUC[PR]: 0.997691
Val	AUC[ROC]: 0.657299	AUC[PR]: 0.111902
Epoch evaluation duration: 97.9947860241
Epoch duration: 108.262137175

Epoch 96/1000
Epoch training duration: 11.2196729183
Train	AUC[ROC]: 0.999998	AUC[PR]: 0.998501
Val	AUC[ROC]: 0.658875	AUC[PR]: 0.109521
Epoch evaluation duration: 98.4019908905
Epoch duration: 109.621663809

Epoch 97/1000
Epoch training duration: 13.7999691963
Train	AUC[ROC]: 0.999996	AUC[PR]: 0.991816
Val	AUC[ROC]: 0.655291	AUC[PR]: 0.100829
Epoch evaluation duration: 107.740539789
Epoch duration: 121.540508986

Epoch 98/1000
Epoch training duration: 13.0165660381
Train	AUC[ROC]: 0.999995	AUC[PR]: 0.990035
Val	AUC[ROC]: 0.666740	AUC[PR]: 0.109539
Epoch evaluation duration: 115.815406084
Epoch duration: 128.831972122

Epoch 99/1000
Epoch training duration: 12.5046579838
Train	AUC[ROC]: 0.999991	AUC[PR]: 0.984003
Val	AUC[ROC]: 0.653948	AUC[PR]: 0.101954
Epoch evaluation duration: 108.137072086
Epoch duration: 120.64173007

Epoch 100/1000
Epoch training duration: 9.27817583084
Train	AUC[ROC]: 0.999992	AUC[PR]: 0.988162
Val	AUC[ROC]: 0.655137	AUC[PR]: 0.105376
Epoch evaluation duration: 112.368242979
Epoch duration: 121.64641881

Epoch 101/1000
Epoch training duration: 14.8059871197
Train	AUC[ROC]: 0.999994	AUC[PR]: 0.992649
Val	AUC[ROC]: 0.648539	AUC[PR]: 0.102178
Epoch evaluation duration: 113.742541075
Epoch duration: 128.548528194

Epoch 102/1000
Epoch training duration: 12.8537340164
Train	AUC[ROC]: 0.999995	AUC[PR]: 0.995409
Val	AUC[ROC]: 0.631021	AUC[PR]: 0.093289
Epoch evaluation duration: 116.115212917
Epoch duration: 128.968946934

Epoch 103/1000
Epoch training duration: 13.2179150581
Train	AUC[ROC]: 0.999997	AUC[PR]: 0.997772
Val	AUC[ROC]: 0.619287	AUC[PR]: 0.096694
Epoch evaluation duration: 110.839221001
Epoch duration: 124.057136059

Epoch 104/1000
Epoch training duration: 12.0824139118
Train	AUC[ROC]: 0.999998	AUC[PR]: 0.998244
Val	AUC[ROC]: 0.636104	AUC[PR]: 0.093880
Epoch evaluation duration: 106.184366941
Epoch duration: 118.266780853

Epoch 105/1000
Epoch training duration: 12.3715920448
Train	AUC[ROC]: 0.999999	AUC[PR]: 0.999053
Val	AUC[ROC]: 0.636060	AUC[PR]: 0.100102
Epoch evaluation duration: 114.535543919
Epoch duration: 126.907135963

Epoch 106/1000
Epoch training duration: 13.2071371078
Train	AUC[ROC]: 0.999997	AUC[PR]: 0.996425
Val	AUC[ROC]: 0.643072	AUC[PR]: 0.092213
Epoch evaluation duration: 105.226495981
Epoch duration: 118.433633089

Epoch 107/1000
Epoch training duration: 12.2918400764
Train	AUC[ROC]: 0.999998	AUC[PR]: 0.997653
Val	AUC[ROC]: 0.620308	AUC[PR]: 0.099968
Epoch evaluation duration: 110.636453867
Epoch duration: 122.928293943

Epoch 108/1000
Epoch training duration: 11.4514911175
Train	AUC[ROC]: 0.999998	AUC[PR]: 0.998120
Val	AUC[ROC]: 0.632784	AUC[PR]: 0.100112
Epoch evaluation duration: 106.697407007
Epoch duration: 118.148898125

Epoch 109/1000
Epoch training duration: 11.6304080486
Train	AUC[ROC]: 0.999998	AUC[PR]: 0.998169
Val	AUC[ROC]: 0.623323	AUC[PR]: 0.098824
Epoch evaluation duration: 108.812862873
Epoch duration: 120.443270922

Epoch 110/1000
Epoch training duration: 12.4872610569
Train	AUC[ROC]: 0.999998	AUC[PR]: 0.998739
Val	AUC[ROC]: 0.625064	AUC[PR]: 0.102942
Epoch evaluation duration: 109.84227109
Epoch duration: 122.329532146

Epoch 111/1000
Epoch training duration: 11.5159678459
Train	AUC[ROC]: 0.999994	AUC[PR]: 0.988945
Val	AUC[ROC]: 0.673985	AUC[PR]: 0.086009
Epoch evaluation duration: 107.099955082
Epoch duration: 118.615922928

Epoch 112/1000
Epoch training duration: 14.614397049
Train	AUC[ROC]: 0.999994	AUC[PR]: 0.988757
Val	AUC[ROC]: 0.628922	AUC[PR]: 0.093122
Epoch evaluation duration: 111.747408867
Epoch duration: 126.361805916

Epoch 113/1000
Epoch training duration: 13.5513679981
Train	AUC[ROC]: 0.999995	AUC[PR]: 0.992895
Val	AUC[ROC]: 0.637438	AUC[PR]: 0.101333
Epoch evaluation duration: 106.80290103
Epoch duration: 120.354269028

Epoch 114/1000
Epoch training duration: 13.2848520279
Train	AUC[ROC]: 0.999994	AUC[PR]: 0.991464
Val	AUC[ROC]: 0.624392	AUC[PR]: 0.098416
Epoch evaluation duration: 110.145368099
Epoch duration: 123.430220127

Epoch 115/1000
Epoch training duration: 11.9745109081
Train	AUC[ROC]: 0.999991	AUC[PR]: 0.985102
Val	AUC[ROC]: 0.627437	AUC[PR]: 0.103249
Epoch evaluation duration: 110.017761946
Epoch duration: 121.992272854

Epoch 116/1000
Epoch training duration: 11.8808851242
Train	AUC[ROC]: 0.999993	AUC[PR]: 0.990408
Val	AUC[ROC]: 0.662819	AUC[PR]: 0.101264
Epoch evaluation duration: 109.491859913
Epoch duration: 121.372745037

Epoch 117/1000
Epoch training duration: 12.3334629536
Train	AUC[ROC]: 0.999995	AUC[PR]: 0.994233
Val	AUC[ROC]: 0.644201	AUC[PR]: 0.101884
Epoch evaluation duration: 107.298974037
Epoch duration: 119.632436991

Epoch 118/1000
Epoch training duration: 12.6196439266
Train	AUC[ROC]: 0.999996	AUC[PR]: 0.996654
Val	AUC[ROC]: 0.626073	AUC[PR]: 0.101190
Epoch evaluation duration: 105.365702152
Epoch duration: 117.985346079

Epoch 119/1000
Epoch training duration: 12.7753648758
Train	AUC[ROC]: 0.999997	AUC[PR]: 0.997213
Val	AUC[ROC]: 0.633363	AUC[PR]: 0.098429
Epoch evaluation duration: 117.656816959
Epoch duration: 130.432181835

Epoch 120/1000
Epoch training duration: 13.0297050476
Train	AUC[ROC]: 0.999999	AUC[PR]: 0.998899
Val	AUC[ROC]: 0.619050	AUC[PR]: 0.097135
Epoch evaluation duration: 113.273483038
Epoch duration: 126.303188086

Epoch 121/1000
Epoch training duration: 13.4382059574
Train	AUC[ROC]: 0.999995	AUC[PR]: 0.986383
Val	AUC[ROC]: 0.619582	AUC[PR]: 0.082632
Epoch evaluation duration: 105.554919958
Epoch duration: 118.993125916

Epoch 122/1000
Epoch training duration: 11.39270401
Train	AUC[ROC]: 0.999991	AUC[PR]: 0.975320
Val	AUC[ROC]: 0.629252	AUC[PR]: 0.084030
Epoch evaluation duration: 110.275696993
Epoch duration: 121.668401003

Epoch 123/1000
Epoch training duration: 13.4639160633
Train	AUC[ROC]: 0.999988	AUC[PR]: 0.973571
Val	AUC[ROC]: 0.623572	AUC[PR]: 0.092146
Epoch evaluation duration: 112.726305008
Epoch duration: 126.190221071

Epoch 124/1000
Epoch training duration: 11.3008511066
Train	AUC[ROC]: 0.999989	AUC[PR]: 0.977791
Val	AUC[ROC]: 0.627008	AUC[PR]: 0.097612
Epoch evaluation duration: 103.042514801
Epoch duration: 114.343365908

Epoch 125/1000
Epoch training duration: 11.147439003
Train	AUC[ROC]: 0.999991	AUC[PR]: 0.982469
Val	AUC[ROC]: 0.622467	AUC[PR]: 0.100585
Epoch evaluation duration: 107.570738077
Epoch duration: 118.71817708

Epoch 126/1000
Epoch training duration: 11.5653290749
Train	AUC[ROC]: 0.999987	AUC[PR]: 0.974258
Val	AUC[ROC]: 0.621393	AUC[PR]: 0.097309
Epoch evaluation duration: 111.536032915
Epoch duration: 123.10136199

Epoch 127/1000
Epoch training duration: 11.9074981213
Train	AUC[ROC]: 0.999990	AUC[PR]: 0.985458
Val	AUC[ROC]: 0.625647	AUC[PR]: 0.095143
Epoch evaluation duration: 111.740726948
Epoch duration: 123.648225069

Epoch 128/1000
Epoch training duration: 11.6418850422
Train	AUC[ROC]: 0.999991	AUC[PR]: 0.986209
Val	AUC[ROC]: 0.597827	AUC[PR]: 0.092795
Epoch evaluation duration: 102.414894819
Epoch duration: 114.056779861

Epoch 129/1000
Epoch training duration: 12.3790562153
Train	AUC[ROC]: 0.999993	AUC[PR]: 0.991776
Val	AUC[ROC]: 0.597147	AUC[PR]: 0.100721
Epoch evaluation duration: 108.689318895
Epoch duration: 121.068375111

Epoch 130/1000
Epoch training duration: 11.7781078815
Train	AUC[ROC]: 0.999991	AUC[PR]: 0.982690
Val	AUC[ROC]: 0.607778	AUC[PR]: 0.096585
Epoch evaluation duration: 107.409605026
Epoch duration: 119.187712908

Epoch 131/1000
Epoch training duration: 11.4534831047
Train	AUC[ROC]: 0.999993	AUC[PR]: 0.989402
Val	AUC[ROC]: 0.601480	AUC[PR]: 0.097270
Epoch evaluation duration: 101.731301069
Epoch duration: 113.184784174

Epoch 132/1000
Epoch training duration: 10.9601078033
Train	AUC[ROC]: 0.999995	AUC[PR]: 0.995048
Val	AUC[ROC]: 0.632062	AUC[PR]: 0.099456
Epoch evaluation duration: 109.818715096
Epoch duration: 120.778822899

Epoch 133/1000
Epoch training duration: 11.1317670345
Train	AUC[ROC]: 0.999997	AUC[PR]: 0.997289
Val	AUC[ROC]: 0.605562	AUC[PR]: 0.112563
Epoch evaluation duration: 102.146441936
Epoch duration: 113.278208971

Epoch 134/1000
Epoch training duration: 11.557502985
Train	AUC[ROC]: 0.999998	AUC[PR]: 0.998727
Val	AUC[ROC]: 0.582866	AUC[PR]: 0.103241
Epoch evaluation duration: 107.996643066
Epoch duration: 119.554146051

Epoch 135/1000
Epoch training duration: 12.4038310051
Train	AUC[ROC]: 0.999999	AUC[PR]: 0.999142
Val	AUC[ROC]: 0.585770	AUC[PR]: 0.104791
Epoch evaluation duration: 110.607371092
Epoch duration: 123.011202097

Epoch 136/1000
Epoch training duration: 12.8271458149
Train	AUC[ROC]: 0.999999	AUC[PR]: 0.999460
Val	AUC[ROC]: 0.591142	AUC[PR]: 0.102987
Epoch evaluation duration: 114.364340067
Epoch duration: 127.191485882

Epoch 137/1000
Epoch training duration: 13.611593008
Train	AUC[ROC]: 0.999996	AUC[PR]: 0.989383
Val	AUC[ROC]: 0.627762	AUC[PR]: 0.112632
Epoch evaluation duration: 105.21330905
Epoch duration: 118.824902058

Epoch 138/1000
Epoch training duration: 13.7152140141
Train	AUC[ROC]: 0.999996	AUC[PR]: 0.990194
Val	AUC[ROC]: 0.586747	AUC[PR]: 0.107989
Epoch evaluation duration: 112.349289894
Epoch duration: 126.064503908

Epoch 139/1000
Epoch training duration: 12.2778320312
Train	AUC[ROC]: 0.999996	AUC[PR]: 0.991758
Val	AUC[ROC]: 0.619359	AUC[PR]: 0.105302
Epoch evaluation duration: 110.178002119
Epoch duration: 122.45583415

Epoch 140/1000
Epoch training duration: 13.2057569027
Train	AUC[ROC]: 0.999996	AUC[PR]: 0.990251
Val	AUC[ROC]: 0.595353	AUC[PR]: 0.106369
Epoch evaluation duration: 109.096354008
Epoch duration: 122.30211091

Epoch 141/1000
Epoch training duration: 11.1927769184
Train	AUC[ROC]: 0.999995	AUC[PR]: 0.993902
Val	AUC[ROC]: 0.600834	AUC[PR]: 0.105909
Epoch evaluation duration: 113.131848097
Epoch duration: 124.324625015

Epoch 142/1000
Epoch training duration: 13.2717139721
Train	AUC[ROC]: 0.999997	AUC[PR]: 0.996713
Val	AUC[ROC]: 0.589864	AUC[PR]: 0.101781
Epoch evaluation duration: 112.38684988
Epoch duration: 125.658563852

Epoch 143/1000
Epoch training duration: 12.5709941387
Train	AUC[ROC]: 0.999997	AUC[PR]: 0.996805
Val	AUC[ROC]: 0.605776	AUC[PR]: 0.107751
Epoch evaluation duration: 111.055351973
Epoch duration: 123.626346111

Epoch 144/1000
Epoch training duration: 12.8340520859
Train	AUC[ROC]: 0.999995	AUC[PR]: 0.989129
Val	AUC[ROC]: 0.590618	AUC[PR]: 0.102198
Epoch evaluation duration: 109.387158871
Epoch duration: 122.221210957

Epoch 145/1000
Epoch training duration: 12.5294830799
Train	AUC[ROC]: 0.999996	AUC[PR]: 0.994530
Val	AUC[ROC]: 0.591564	AUC[PR]: 0.106417
Epoch evaluation duration: 109.677139997
Epoch duration: 122.206623077

Epoch 146/1000
Epoch training duration: 12.1857879162
Train	AUC[ROC]: 0.999998	AUC[PR]: 0.997233
Val	AUC[ROC]: 0.587563	AUC[PR]: 0.102517
Epoch evaluation duration: 114.970599174
Epoch duration: 127.156387091

Epoch 147/1000
Epoch training duration: 11.3133637905
Train	AUC[ROC]: 0.999998	AUC[PR]: 0.998282
Val	AUC[ROC]: 0.614308	AUC[PR]: 0.098033
Epoch evaluation duration: 108.205039978
Epoch duration: 119.518403769

Epoch 148/1000
Epoch training duration: 13.412427187
Train	AUC[ROC]: 0.999999	AUC[PR]: 0.999305
Val	AUC[ROC]: 0.613886	AUC[PR]: 0.104751
Epoch evaluation duration: 114.283946991
Epoch duration: 127.696374178

Epoch 149/1000
Epoch training duration: 11.2999479771
Train	AUC[ROC]: 0.999998	AUC[PR]: 0.998709
Val	AUC[ROC]: 0.609250	AUC[PR]: 0.098860
Epoch evaluation duration: 112.832742929
Epoch duration: 124.132690907

Epoch 150/1000
Epoch training duration: 11.0456609726
Train	AUC[ROC]: 0.999999	AUC[PR]: 0.999363
Val	AUC[ROC]: 0.605912	AUC[PR]: 0.101792
Epoch evaluation duration: 113.448023081
Epoch duration: 124.493684053

Epoch 151/1000
Epoch training duration: 13.8032178879
Train	AUC[ROC]: 0.999997	AUC[PR]: 0.994931
Val	AUC[ROC]: 0.617343	AUC[PR]: 0.101743
Epoch evaluation duration: 109.93912816
Epoch duration: 123.742346048

Epoch 152/1000
Epoch training duration: 13.1380169392
Train	AUC[ROC]: 0.999994	AUC[PR]: 0.990494
Val	AUC[ROC]: 0.608247	AUC[PR]: 0.107266
Epoch evaluation duration: 111.017134905
Epoch duration: 124.155151844

Epoch 153/1000
Epoch training duration: 12.2488820553
Train	AUC[ROC]: 0.999995	AUC[PR]: 0.990247
Val	AUC[ROC]: 0.591628	AUC[PR]: 0.103496
Epoch evaluation duration: 105.218852043
Epoch duration: 117.467734098

Epoch 154/1000
Epoch training duration: 12.1211469173
Train	AUC[ROC]: 0.999992	AUC[PR]: 0.986243
Val	AUC[ROC]: 0.628048	AUC[PR]: 0.096547
Epoch evaluation duration: 114.704231977
Epoch duration: 126.825378895

Epoch 155/1000
Epoch training duration: 11.6395959854
Train	AUC[ROC]: 0.999994	AUC[PR]: 0.990101
Val	AUC[ROC]: 0.605244	AUC[PR]: 0.107786
Epoch evaluation duration: 108.997545004
Epoch duration: 120.637140989

Epoch 156/1000
Epoch training duration: 11.8222360611
Train	AUC[ROC]: 0.999996	AUC[PR]: 0.994818
Val	AUC[ROC]: 0.597449	AUC[PR]: 0.099133
Epoch evaluation duration: 105.187510967
Epoch duration: 117.009747028

Epoch 157/1000
Epoch training duration: 12.7598249912
Train	AUC[ROC]: 0.999991	AUC[PR]: 0.982505
Val	AUC[ROC]: 0.601929	AUC[PR]: 0.097133
Epoch evaluation duration: 113.065494061
Epoch duration: 125.825319052

Epoch 158/1000
Epoch training duration: 12.9091961384
Train	AUC[ROC]: 0.999990	AUC[PR]: 0.983249
Val	AUC[ROC]: 0.606216	AUC[PR]: 0.095679
Epoch evaluation duration: 109.823111773
Epoch duration: 122.732307911

Epoch 159/1000
Epoch training duration: 13.3825790882
Train	AUC[ROC]: 0.999992	AUC[PR]: 0.986751
Val	AUC[ROC]: 0.593147	AUC[PR]: 0.097661
Epoch evaluation duration: 109.795150042
Epoch duration: 123.17772913

Epoch 160/1000
Epoch training duration: 13.377120018
Train	AUC[ROC]: 0.999994	AUC[PR]: 0.988705
Val	AUC[ROC]: 0.589183	AUC[PR]: 0.097114
Epoch evaluation duration: 120.77480793
Epoch duration: 134.151927948

Epoch 161/1000
Epoch training duration: 11.4610490799
Train	AUC[ROC]: 0.999988	AUC[PR]: 0.979506
Val	AUC[ROC]: 0.594957	AUC[PR]: 0.099063
Epoch evaluation duration: 114.902341843
Epoch duration: 126.363390923

Epoch 162/1000
Epoch training duration: 12.1212060452
Train	AUC[ROC]: 0.999991	AUC[PR]: 0.986427
Val	AUC[ROC]: 0.598913	AUC[PR]: 0.101555
Epoch evaluation duration: 107.305098057
Epoch duration: 119.426304102

Epoch 163/1000
Epoch training duration: 12.5452821255
Train	AUC[ROC]: 0.999991	AUC[PR]: 0.983610
Val	AUC[ROC]: 0.603049	AUC[PR]: 0.100590
Epoch evaluation duration: 112.335661888
Epoch duration: 124.880944014

Epoch 164/1000
Epoch training duration: 12.8033649921
Train	AUC[ROC]: 0.999992	AUC[PR]: 0.988717
Val	AUC[ROC]: 0.604863	AUC[PR]: 0.099286
Epoch evaluation duration: 108.53708005
Epoch duration: 121.340445042

Epoch 165/1000
Epoch training duration: 12.1320779324
Train	AUC[ROC]: 0.999994	AUC[PR]: 0.990176
Val	AUC[ROC]: 0.591552	AUC[PR]: 0.094399
Epoch evaluation duration: 106.755490065
Epoch duration: 118.887567997

Epoch 166/1000
Epoch training duration: 12.4546060562
Train	AUC[ROC]: 0.999995	AUC[PR]: 0.991336
Val	AUC[ROC]: 0.588985	AUC[PR]: 0.095759
Epoch evaluation duration: 113.627410889
Epoch duration: 126.082016945

Epoch 167/1000
Epoch training duration: 12.4395480156
Train	AUC[ROC]: 0.999996	AUC[PR]: 0.991843
Val	AUC[ROC]: 0.587248	AUC[PR]: 0.099142
Epoch evaluation duration: 107.330324888
Epoch duration: 119.769872904

Epoch 168/1000
Epoch training duration: 12.4899041653
Train	AUC[ROC]: 0.999996	AUC[PR]: 0.992488
Val	AUC[ROC]: 0.595184	AUC[PR]: 0.095719
Epoch evaluation duration: 110.949903011
Epoch duration: 123.439807177

Epoch 169/1000
Epoch training duration: 12.728320837
Train	AUC[ROC]: 0.999997	AUC[PR]: 0.993374
Val	AUC[ROC]: 0.610461	AUC[PR]: 0.095657
Epoch evaluation duration: 113.337836981
Epoch duration: 126.066157818

Epoch 170/1000
Epoch training duration: 13.609675169
Train	AUC[ROC]: 0.999989	AUC[PR]: 0.980497
Val	AUC[ROC]: 0.607520	AUC[PR]: 0.080856
Epoch evaluation duration: 110.387835026
Epoch duration: 123.997510195

Epoch 171/1000
Epoch training duration: 13.3925688267
Train	AUC[ROC]: 0.999989	AUC[PR]: 0.980437
Val	AUC[ROC]: 0.611108	AUC[PR]: 0.080715
Epoch evaluation duration: 107.760573149
Epoch duration: 121.153141975

Epoch 172/1000
Epoch training duration: 13.3103690147
Train	AUC[ROC]: 0.999990	AUC[PR]: 0.980745
Val	AUC[ROC]: 0.597363	AUC[PR]: 0.087696
Epoch evaluation duration: 116.207712889
Epoch duration: 129.518081903

Epoch 173/1000
Epoch training duration: 12.2510490417
Train	AUC[ROC]: 0.999990	AUC[PR]: 0.981810
Val	AUC[ROC]: 0.605745	AUC[PR]: 0.092412
Epoch evaluation duration: 110.583077908
Epoch duration: 122.834126949

Epoch 174/1000
Epoch training duration: 11.6507720947
Train	AUC[ROC]: 0.999987	AUC[PR]: 0.979131
Val	AUC[ROC]: 0.639293	AUC[PR]: 0.092293
Epoch evaluation duration: 101.501769066
Epoch duration: 113.152541161

Epoch 175/1000
Epoch training duration: 12.4751558304
Train	AUC[ROC]: 0.999990	AUC[PR]: 0.983023
Val	AUC[ROC]: 0.600869	AUC[PR]: 0.089422
Epoch evaluation duration: 115.865302086
Epoch duration: 128.340457916

Epoch 176/1000
Epoch training duration: 12.6233069897
Train	AUC[ROC]: 0.999992	AUC[PR]: 0.985452
Val	AUC[ROC]: 0.598546	AUC[PR]: 0.093550
Epoch evaluation duration: 117.792033911
Epoch duration: 130.4153409

Epoch 177/1000
Epoch training duration: 12.0525979996
Train	AUC[ROC]: 0.999993	AUC[PR]: 0.986951
Val	AUC[ROC]: 0.600041	AUC[PR]: 0.094970
Epoch evaluation duration: 110.242399216
Epoch duration: 122.294997215

Epoch 178/1000
Epoch training duration: 13.7619028091
Train	AUC[ROC]: 0.999993	AUC[PR]: 0.987504
Val	AUC[ROC]: 0.600059	AUC[PR]: 0.092138
Epoch evaluation duration: 115.124063969
Epoch duration: 128.885966778

Epoch 179/1000
Epoch training duration: 11.839217186
Train	AUC[ROC]: 0.999991	AUC[PR]: 0.984717
Val	AUC[ROC]: 0.598385	AUC[PR]: 0.086837
Epoch evaluation duration: 108.641479969
Epoch duration: 120.480697155

Epoch 180/1000
Epoch training duration: 11.9120159149
Train	AUC[ROC]: 0.999992	AUC[PR]: 0.986213
Val	AUC[ROC]: 0.605991	AUC[PR]: 0.097081
Epoch evaluation duration: 114.373314142
Epoch duration: 126.285330057

Epoch 181/1000
Epoch training duration: 13.2072060108
Train	AUC[ROC]: 0.999985	AUC[PR]: 0.973450
Val	AUC[ROC]: 0.666607	AUC[PR]: 0.064656
Epoch evaluation duration: 104.201447964
Epoch duration: 117.408653975

Epoch 182/1000
Epoch training duration: 10.8236539364
Train	AUC[ROC]: 0.999987	AUC[PR]: 0.976792
Val	AUC[ROC]: 0.617470	AUC[PR]: 0.088595
Epoch evaluation duration: 111.582163095
Epoch duration: 122.405817032

Epoch 183/1000
Epoch training duration: 11.9015510082
Train	AUC[ROC]: 0.999987	AUC[PR]: 0.975126
Val	AUC[ROC]: 0.596561	AUC[PR]: 0.091980
Epoch evaluation duration: 107.291380882
Epoch duration: 119.19293189

Epoch 184/1000
Epoch training duration: 10.9750189781
Train	AUC[ROC]: 0.999988	AUC[PR]: 0.977923
Val	AUC[ROC]: 0.592977	AUC[PR]: 0.094660
Epoch evaluation duration: 108.653419018
Epoch duration: 119.628437996

Epoch 185/1000
Epoch training duration: 12.6841061115
Train	AUC[ROC]: 0.999987	AUC[PR]: 0.978712
Val	AUC[ROC]: 0.595320	AUC[PR]: 0.098473
Epoch evaluation duration: 116.820303917
Epoch duration: 129.504410028

Epoch 186/1000
Epoch training duration: 11.9654519558
Train	AUC[ROC]: 0.999986	AUC[PR]: 0.978369
Val	AUC[ROC]: 0.611836	AUC[PR]: 0.094195
Epoch evaluation duration: 108.376127958
Epoch duration: 120.341579914

Epoch 187/1000
Epoch training duration: 12.2419340611
Train	AUC[ROC]: 0.999989	AUC[PR]: 0.982711
Val	AUC[ROC]: 0.595700	AUC[PR]: 0.097328
Epoch evaluation duration: 115.949805021
Epoch duration: 128.191739082

Epoch 188/1000
Epoch training duration: 12.2407228947
Train	AUC[ROC]: 0.999991	AUC[PR]: 0.985247
Val	AUC[ROC]: 0.589796	AUC[PR]: 0.100783
Epoch evaluation duration: 108.271610975
Epoch duration: 120.51233387

Epoch 189/1000
Epoch training duration: 12.5473151207
Train	AUC[ROC]: 0.999987	AUC[PR]: 0.979668
Val	AUC[ROC]: 0.634398	AUC[PR]: 0.100008
Epoch evaluation duration: 112.06815505
Epoch duration: 124.615470171

Epoch 190/1000
Epoch training duration: 10.7728300095
Train	AUC[ROC]: 0.999987	AUC[PR]: 0.979377
Val	AUC[ROC]: 0.597108	AUC[PR]: 0.099291
Epoch evaluation duration: 111.340631962
Epoch duration: 122.113461971

Epoch 191/1000
Epoch training duration: 12.9592039585
Train	AUC[ROC]: 0.999990	AUC[PR]: 0.984066
Val	AUC[ROC]: 0.594549	AUC[PR]: 0.103854
Epoch evaluation duration: 113.831556082
Epoch duration: 126.79076004

Epoch 192/1000
Epoch training duration: 11.7543809414
Train	AUC[ROC]: 0.999991	AUC[PR]: 0.986019
Val	AUC[ROC]: 0.601777	AUC[PR]: 0.101982
Epoch evaluation duration: 114.181574106
Epoch duration: 125.935955048

Epoch 193/1000
Epoch training duration: 10.3337538242
Train	AUC[ROC]: 0.999992	AUC[PR]: 0.985315
Val	AUC[ROC]: 0.593744	AUC[PR]: 0.102299
Epoch evaluation duration: 109.445853949
Epoch duration: 119.779607773

Epoch 194/1000
Epoch training duration: 11.599157095
Train	AUC[ROC]: 0.999993	AUC[PR]: 0.986842
Val	AUC[ROC]: 0.589304	AUC[PR]: 0.106149
Epoch evaluation duration: 108.268326998
Epoch duration: 119.867484093

Epoch 195/1000
Epoch training duration: 11.9563860893
Train	AUC[ROC]: 0.999992	AUC[PR]: 0.987590
Val	AUC[ROC]: 0.599481	AUC[PR]: 0.107638
Epoch evaluation duration: 108.998124838
Epoch duration: 120.954510927

Epoch 196/1000
Epoch training duration: 12.5376250744
Train	AUC[ROC]: 0.999993	AUC[PR]: 0.986393
Val	AUC[ROC]: 0.597690	AUC[PR]: 0.102920
Epoch evaluation duration: 111.379580021
Epoch duration: 123.917205095

Epoch 197/1000
Epoch training duration: 11.5877439976
Train	AUC[ROC]: 0.999989	AUC[PR]: 0.981103
Val	AUC[ROC]: 0.598386	AUC[PR]: 0.100314
Epoch evaluation duration: 111.510704041
Epoch duration: 123.098448038

Epoch 198/1000
Epoch training duration: 12.4334869385
Train	AUC[ROC]: 0.999989	AUC[PR]: 0.981337
Val	AUC[ROC]: 0.592294	AUC[PR]: 0.102495
Epoch evaluation duration: 117.430660009
Epoch duration: 129.864146948

Epoch 199/1000
Epoch training duration: 11.9864721298
Train	AUC[ROC]: 0.999990	AUC[PR]: 0.981843
Val	AUC[ROC]: 0.597812	AUC[PR]: 0.103216
Epoch evaluation duration: 111.700921774
Epoch duration: 123.687393904

Epoch 200/1000
Epoch training duration: 11.9276361465
Train	AUC[ROC]: 0.999990	AUC[PR]: 0.981396
Val	AUC[ROC]: 0.590881	AUC[PR]: 0.100939
Epoch evaluation duration: 111.81000185
Epoch duration: 123.737637997

Epoch 201/1000
Epoch training duration: 13.0472280979
Train	AUC[ROC]: 0.999991	AUC[PR]: 0.984465
Val	AUC[ROC]: 0.586423	AUC[PR]: 0.099202
Epoch evaluation duration: 107.932004929
Epoch duration: 120.979233027

Epoch 202/1000
Epoch training duration: 10.272922039
Train	AUC[ROC]: 0.999990	AUC[PR]: 0.981943
Val	AUC[ROC]: 0.593196	AUC[PR]: 0.101124
Epoch evaluation duration: 111.915869951
Epoch duration: 122.18879199

Epoch 203/1000
Epoch training duration: 12.955286026
Train	AUC[ROC]: 0.999989	AUC[PR]: 0.982624
Val	AUC[ROC]: 0.617046	AUC[PR]: 0.104296
Epoch evaluation duration: 118.050702095
Epoch duration: 131.005988121

Epoch 204/1000
Epoch training duration: 12.3144929409
Train	AUC[ROC]: 0.999990	AUC[PR]: 0.983391
Val	AUC[ROC]: 0.604257	AUC[PR]: 0.105227
Epoch evaluation duration: 110.09863615
Epoch duration: 122.413129091

Epoch 205/1000
Epoch training duration: 11.8373188972
Train	AUC[ROC]: 0.999990	AUC[PR]: 0.983112
Val	AUC[ROC]: 0.595968	AUC[PR]: 0.108225
Epoch evaluation duration: 113.524116993
Epoch duration: 125.36143589

Epoch 206/1000
Epoch training duration: 12.5774838924
Train	AUC[ROC]: 0.999990	AUC[PR]: 0.983510
Val	AUC[ROC]: 0.600317	AUC[PR]: 0.109707
Epoch evaluation duration: 100.718327045
Epoch duration: 113.295810938

Epoch 207/1000
Epoch training duration: 11.3431630135
Train	AUC[ROC]: 0.999992	AUC[PR]: 0.987736
Val	AUC[ROC]: 0.611136	AUC[PR]: 0.099787
Epoch evaluation duration: 123.382931948
Epoch duration: 134.726094961

Epoch 208/1000
Epoch training duration: 11.9770610332
Train	AUC[ROC]: 0.999992	AUC[PR]: 0.987037
Val	AUC[ROC]: 0.604352	AUC[PR]: 0.102811
Epoch evaluation duration: 109.85542202
Epoch duration: 121.832483053

Epoch 209/1000
Epoch training duration: 12.9785740376
Train	AUC[ROC]: 0.999993	AUC[PR]: 0.988436
Val	AUC[ROC]: 0.601036	AUC[PR]: 0.106589
Epoch evaluation duration: 104.233148098
Epoch duration: 117.211722136

Epoch 210/1000
Epoch training duration: 11.5941598415
Train	AUC[ROC]: 0.999988	AUC[PR]: 0.982672
Val	AUC[ROC]: 0.652547	AUC[PR]: 0.080460
Epoch evaluation duration: 107.240756989
Epoch duration: 118.83491683

Epoch 211/1000
Epoch training duration: 12.1643230915
Train	AUC[ROC]: 0.999990	AUC[PR]: 0.982689
Val	AUC[ROC]: 0.597748	AUC[PR]: 0.090261
Epoch evaluation duration: 109.740226984
Epoch duration: 121.904550076

Epoch 212/1000
Epoch training duration: 11.9967730045
Train	AUC[ROC]: 0.999990	AUC[PR]: 0.983003
Val	AUC[ROC]: 0.593776	AUC[PR]: 0.101386
Epoch evaluation duration: 113.008131981
Epoch duration: 125.004904985

Epoch 213/1000
Epoch training duration: 12.528026104
Train	AUC[ROC]: 0.999985	AUC[PR]: 0.975219
Val	AUC[ROC]: 0.627460	AUC[PR]: 0.093700
Epoch evaluation duration: 112.819356918
Epoch duration: 125.347383022

Epoch 214/1000
Epoch training duration: 12.4939138889
Train	AUC[ROC]: 0.999984	AUC[PR]: 0.972649
Val	AUC[ROC]: 0.615892	AUC[PR]: 0.094308
Epoch evaluation duration: 109.798293114
Epoch duration: 122.292207003

Epoch 215/1000
Epoch training duration: 13.4008829594
Train	AUC[ROC]: 0.999984	AUC[PR]: 0.972534
Val	AUC[ROC]: 0.608300	AUC[PR]: 0.095536
Epoch evaluation duration: 116.15565896
Epoch duration: 129.55654192

Epoch 216/1000
Epoch training duration: 12.3562011719
Train	AUC[ROC]: 0.999984	AUC[PR]: 0.971204
Val	AUC[ROC]: 0.602945	AUC[PR]: 0.097172
Epoch evaluation duration: 116.762899876
Epoch duration: 129.119101048

Epoch 217/1000
Epoch training duration: 11.5931589603
Train	AUC[ROC]: 0.999982	AUC[PR]: 0.970620
Val	AUC[ROC]: 0.643996	AUC[PR]: 0.078206
Epoch evaluation duration: 105.832869053
Epoch duration: 117.426028013

Epoch 218/1000
Epoch training duration: 13.0277340412
Train	AUC[ROC]: 0.999982	AUC[PR]: 0.969872
Val	AUC[ROC]: 0.623431	AUC[PR]: 0.090524
Epoch evaluation duration: 108.799315929
Epoch duration: 121.827049971

Epoch 219/1000
Epoch training duration: 13.5846481323
Train	AUC[ROC]: 0.999982	AUC[PR]: 0.970411
Val	AUC[ROC]: 0.621650	AUC[PR]: 0.084897
Epoch evaluation duration: 111.605209827
Epoch duration: 125.18985796

Epoch 220/1000
Epoch training duration: 11.2388939857
Train	AUC[ROC]: 0.999983	AUC[PR]: 0.972978
Val	AUC[ROC]: 0.657178	AUC[PR]: 0.095381
Epoch evaluation duration: 108.207457066
Epoch duration: 119.446351051

Epoch 221/1000
Epoch training duration: 11.5733370781
Train	AUC[ROC]: 0.999981	AUC[PR]: 0.967492
Val	AUC[ROC]: 0.613489	AUC[PR]: 0.095447
Epoch evaluation duration: 104.569572926
Epoch duration: 116.142910004

Epoch 222/1000
Epoch training duration: 11.9185190201
Train	AUC[ROC]: 0.999981	AUC[PR]: 0.965774
Val	AUC[ROC]: 0.606138	AUC[PR]: 0.094349
Epoch evaluation duration: 106.243364096
Epoch duration: 118.161883116

Epoch 223/1000
Epoch training duration: 11.4402658939
Train	AUC[ROC]: 0.999981	AUC[PR]: 0.967200
Val	AUC[ROC]: 0.592240	AUC[PR]: 0.093800
Epoch evaluation duration: 100.135319948
Epoch duration: 111.575585842

Epoch 224/1000
Epoch training duration: 12.2457671165
Train	AUC[ROC]: 0.999982	AUC[PR]: 0.970856
Val	AUC[ROC]: 0.625503	AUC[PR]: 0.087278
Epoch evaluation duration: 99.6556818485
Epoch duration: 111.901448965

Epoch 225/1000
Epoch training duration: 12.5015530586
Train	AUC[ROC]: 0.999982	AUC[PR]: 0.970354
Val	AUC[ROC]: 0.601684	AUC[PR]: 0.087251
Epoch evaluation duration: 94.4946401119
Epoch duration: 106.996193171

Epoch 226/1000
Epoch training duration: 10.4098310471
Train	AUC[ROC]: 0.999982	AUC[PR]: 0.971072
Val	AUC[ROC]: 0.611701	AUC[PR]: 0.086789
Epoch evaluation duration: 102.017603874
Epoch duration: 112.427434921

Epoch 227/1000
Epoch training duration: 13.4275391102
Train	AUC[ROC]: 0.999984	AUC[PR]: 0.973956
Val	AUC[ROC]: 0.601221	AUC[PR]: 0.099368
Epoch evaluation duration: 105.959285975
Epoch duration: 119.386825085

Epoch 228/1000
Epoch training duration: 11.1604278088
Train	AUC[ROC]: 0.999987	AUC[PR]: 0.979315
Val	AUC[ROC]: 0.614962	AUC[PR]: 0.098298
Epoch evaluation duration: 90.68090415
Epoch duration: 101.841331959

Epoch 229/1000
Epoch training duration: 11.347826004
Train	AUC[ROC]: 0.999988	AUC[PR]: 0.979736
Val	AUC[ROC]: 0.600442	AUC[PR]: 0.099174
Epoch evaluation duration: 104.340331078
Epoch duration: 115.688157082

Epoch 230/1000
Epoch training duration: 10.0045127869
Train	AUC[ROC]: 0.999989	AUC[PR]: 0.982227
Val	AUC[ROC]: 0.592874	AUC[PR]: 0.098926
Epoch evaluation duration: 99.0659220219
Epoch duration: 109.070434809

Epoch 231/1000
Epoch training duration: 10.5828771591
Train	AUC[ROC]: 0.999992	AUC[PR]: 0.987999
Val	AUC[ROC]: 0.593857	AUC[PR]: 0.100998
Epoch evaluation duration: 96.0026938915
Epoch duration: 106.585571051

Epoch 232/1000
Epoch training duration: 11.7046730518
Train	AUC[ROC]: 0.999994	AUC[PR]: 0.989667
Val	AUC[ROC]: 0.592041	AUC[PR]: 0.100863
Epoch evaluation duration: 98.006939888
Epoch duration: 109.71161294

Epoch 233/1000
Epoch training duration: 11.1150510311
Train	AUC[ROC]: 0.999994	AUC[PR]: 0.988906
Val	AUC[ROC]: 0.583997	AUC[PR]: 0.099829
Epoch evaluation duration: 104.312634945
Epoch duration: 115.427685976

Epoch 234/1000
Epoch training duration: 11.9180521965
Train	AUC[ROC]: 0.999994	AUC[PR]: 0.990035
Val	AUC[ROC]: 0.604649	AUC[PR]: 0.098333
Epoch evaluation duration: 104.077063799
Epoch duration: 115.995115995

Epoch 235/1000
Epoch training duration: 10.4167451859
Train	AUC[ROC]: 0.999992	AUC[PR]: 0.986869
Val	AUC[ROC]: 0.607103	AUC[PR]: 0.095133
Epoch evaluation duration: 93.8680579662
Epoch duration: 104.284803152

Epoch 236/1000
Epoch training duration: 11.7788710594
Train	AUC[ROC]: 0.999989	AUC[PR]: 0.983288
Val	AUC[ROC]: 0.600420	AUC[PR]: 0.096266
Epoch evaluation duration: 98.2622208595
Epoch duration: 110.041091919

Epoch 237/1000
Epoch training duration: 11.8912961483
Train	AUC[ROC]: 0.999989	AUC[PR]: 0.981209
Val	AUC[ROC]: 0.602662	AUC[PR]: 0.096207
Epoch evaluation duration: 106.35349679
Epoch duration: 118.244792938

Epoch 238/1000
Epoch training duration: 11.3674681187
Train	AUC[ROC]: 0.999986	AUC[PR]: 0.977866
Val	AUC[ROC]: 0.599525	AUC[PR]: 0.093087
Epoch evaluation duration: 117.578013897
Epoch duration: 128.945482016

Epoch 239/1000
Epoch training duration: 12.7080221176
Train	AUC[ROC]: 0.999985	AUC[PR]: 0.974923
Val	AUC[ROC]: 0.594916	AUC[PR]: 0.099089
Epoch evaluation duration: 98.529515028
Epoch duration: 111.237537146

Epoch 240/1000
Epoch training duration: 11.177672863
Train	AUC[ROC]: 0.999987	AUC[PR]: 0.978598
Val	AUC[ROC]: 0.598687	AUC[PR]: 0.096600
Epoch evaluation duration: 106.22015214
Epoch duration: 117.397825003

Epoch 241/1000
Epoch training duration: 12.3744478226
Train	AUC[ROC]: 0.999986	AUC[PR]: 0.976351
Val	AUC[ROC]: 0.583480	AUC[PR]: 0.096834
Epoch evaluation duration: 98.9905810356
Epoch duration: 111.365028858

Epoch 242/1000
Epoch training duration: 10.9617071152
Train	AUC[ROC]: 0.999987	AUC[PR]: 0.980067
Val	AUC[ROC]: 0.584005	AUC[PR]: 0.093122
Epoch evaluation duration: 96.8566670418
Epoch duration: 107.818374157

Epoch 243/1000
Epoch training duration: 11.9299499989
Train	AUC[ROC]: 0.999989	AUC[PR]: 0.981452
Val	AUC[ROC]: 0.575242	AUC[PR]: 0.093538
Epoch evaluation duration: 101.647186995
Epoch duration: 113.577136993

Epoch 244/1000
Epoch training duration: 12.5425069332
Train	AUC[ROC]: 0.999989	AUC[PR]: 0.981527
Val	AUC[ROC]: 0.574209	AUC[PR]: 0.095752
Epoch evaluation duration: 99.9708890915
Epoch duration: 112.513396025

Epoch 245/1000
Epoch training duration: 8.7636449337
Train	AUC[ROC]: 0.999986	AUC[PR]: 0.977451
Val	AUC[ROC]: 0.611241	AUC[PR]: 0.079245
Epoch evaluation duration: 103.437561989
Epoch duration: 112.201206923

Epoch 246/1000
Epoch training duration: 10.19885993
Train	AUC[ROC]: 0.999985	AUC[PR]: 0.975505
Val	AUC[ROC]: 0.589390	AUC[PR]: 0.089736
Epoch evaluation duration: 104.088454962
Epoch duration: 114.287314892

Epoch 247/1000
Epoch training duration: 11.569671154
Train	AUC[ROC]: 0.999985	AUC[PR]: 0.976545
Val	AUC[ROC]: 0.630042	AUC[PR]: 0.079427
Epoch evaluation duration: 97.782763958
Epoch duration: 109.352435112

train precision: 0.909644393754
train roc: 0.999921978868
train hit in top 2563: 334.0 out of 334.0

val precision: 0.147023098113
val roc: 0.726571869841
val hit in top 427: 28.0 out of 55.0

test precision: 0.25583360528
test roc: 0.923270290192
test hit in top 427: 41.0 out of 55.0

ratio: 0.02, EF: 39.0909090909,	active: 55.0
ratio: 0.02, NEF: 0.781818181818
ratio: 0.01, EF: 74.5454545455,	active: 55.0
ratio: 0.01, NEF: 0.745454545455
ratio: 0.0015, EF: 230.303030303,	active: 55.0
ratio: 0.0015, NEF: 0.345454545455
ratio: 0.001, EF: 272.727272727,	active: 55.0
ratio: 0.001, NEF: 0.357142857143

