label_name_list  [u'PriA-SSB AS Activity']
train files  ['../datasets/keck_pria/fold_0.csv' '../datasets/keck_pria/fold_1.csv'
 '../datasets/keck_pria/fold_2.csv' '../datasets/keck_pria/fold_3.csv'
 '../datasets/keck_pria/fold_4.csv' '../datasets/keck_pria/fold_5.csv'
 '../datasets/keck_pria/fold_6.csv' '../datasets/keck_pria/fold_7.csv']
val files  ['../datasets/keck_pria/fold_8.csv']
test files  ['../datasets/keck_pria/fold_9.csv']
Class Weight  [{0: 1.0, 1: 768.9234234234234}]
Epoch 1/1000
Epoch training duration: 18.1376128197
Train	AUC[ROC]: 0.887109	AUC[PR]: 0.094211
Val	AUC[ROC]: 0.881830	AUC[PR]: 0.042364
Epoch evaluation duration: 152.71074295
Epoch duration: 170.84835577

Epoch 2/1000
Epoch training duration: 18.0120232105
Train	AUC[ROC]: 0.919571	AUC[PR]: 0.118082
Val	AUC[ROC]: 0.907750	AUC[PR]: 0.052788
Epoch evaluation duration: 141.160679817
Epoch duration: 159.172703028

Epoch 3/1000
Epoch training duration: 18.2909619808
Train	AUC[ROC]: 0.941747	AUC[PR]: 0.134060
Val	AUC[ROC]: 0.919793	AUC[PR]: 0.062740
Epoch evaluation duration: 150.845756054
Epoch duration: 169.136718035

Epoch 4/1000
Epoch training duration: 17.9100680351
Train	AUC[ROC]: 0.957290	AUC[PR]: 0.147464
Val	AUC[ROC]: 0.926105	AUC[PR]: 0.069957
Epoch evaluation duration: 131.611284018
Epoch duration: 149.521352053

Epoch 5/1000
Epoch training duration: 10.5111100674
Train	AUC[ROC]: 0.969580	AUC[PR]: 0.164343
Val	AUC[ROC]: 0.927306	AUC[PR]: 0.080370
Epoch evaluation duration: 92.9268479347
Epoch duration: 103.437958002

Epoch 6/1000
Epoch training duration: 9.93736600876
Train	AUC[ROC]: 0.978498	AUC[PR]: 0.179391
Val	AUC[ROC]: 0.927769	AUC[PR]: 0.084860
Epoch evaluation duration: 89.0223019123
Epoch duration: 98.9596679211

Epoch 7/1000
Epoch training duration: 10.5120370388
Train	AUC[ROC]: 0.984889	AUC[PR]: 0.193342
Val	AUC[ROC]: 0.928237	AUC[PR]: 0.090974
Epoch evaluation duration: 91.3060290813
Epoch duration: 101.81806612

Epoch 8/1000
Epoch training duration: 9.50978398323
Train	AUC[ROC]: 0.988574	AUC[PR]: 0.209162
Val	AUC[ROC]: 0.926635	AUC[PR]: 0.092417
Epoch evaluation duration: 78.6903150082
Epoch duration: 88.2000989914

Epoch 9/1000
Epoch training duration: 7.85438489914
Train	AUC[ROC]: 0.991667	AUC[PR]: 0.225566
Val	AUC[ROC]: 0.927121	AUC[PR]: 0.094427
Epoch evaluation duration: 80.891160965
Epoch duration: 88.7455458641

Epoch 10/1000
Epoch training duration: 11.0854980946
Train	AUC[ROC]: 0.993452	AUC[PR]: 0.239184
Val	AUC[ROC]: 0.925093	AUC[PR]: 0.093482
Epoch evaluation duration: 89.8353960514
Epoch duration: 100.920894146

Epoch 11/1000
Epoch training duration: 10.7902560234
Train	AUC[ROC]: 0.994747	AUC[PR]: 0.253946
Val	AUC[ROC]: 0.924166	AUC[PR]: 0.098452
Epoch evaluation duration: 84.6310329437
Epoch duration: 95.4212889671

Epoch 12/1000
Epoch training duration: 8.44418692589
Train	AUC[ROC]: 0.995783	AUC[PR]: 0.267896
Val	AUC[ROC]: 0.924591	AUC[PR]: 0.098493
Epoch evaluation duration: 79.3704731464
Epoch duration: 87.8146600723

Epoch 13/1000
Epoch training duration: 8.25436592102
Train	AUC[ROC]: 0.996619	AUC[PR]: 0.284869
Val	AUC[ROC]: 0.923458	AUC[PR]: 0.104413
Epoch evaluation duration: 85.152187109
Epoch duration: 93.40655303

Epoch 14/1000
Epoch training duration: 8.73927688599
Train	AUC[ROC]: 0.997301	AUC[PR]: 0.305876
Val	AUC[ROC]: 0.920804	AUC[PR]: 0.104624
Epoch evaluation duration: 84.5147778988
Epoch duration: 93.2540547848

Epoch 15/1000
Epoch training duration: 9.52252721786
Train	AUC[ROC]: 0.997624	AUC[PR]: 0.317398
Val	AUC[ROC]: 0.921078	AUC[PR]: 0.103650
Epoch evaluation duration: 77.9972829819
Epoch duration: 87.5198101997

Epoch 16/1000
Epoch training duration: 9.40628695488
Train	AUC[ROC]: 0.997960	AUC[PR]: 0.339437
Val	AUC[ROC]: 0.917569	AUC[PR]: 0.108141
Epoch evaluation duration: 88.8114368916
Epoch duration: 98.2177238464

Epoch 17/1000
Epoch training duration: 9.6396009922
Train	AUC[ROC]: 0.998251	AUC[PR]: 0.356011
Val	AUC[ROC]: 0.917138	AUC[PR]: 0.107178
Epoch evaluation duration: 79.1084890366
Epoch duration: 88.7480900288

Epoch 18/1000
Epoch training duration: 9.62522101402
Train	AUC[ROC]: 0.998496	AUC[PR]: 0.381051
Val	AUC[ROC]: 0.913558	AUC[PR]: 0.110919
Epoch evaluation duration: 100.698515892
Epoch duration: 110.323736906

Epoch 19/1000
Epoch training duration: 19.3590400219
Train	AUC[ROC]: 0.998595	AUC[PR]: 0.393729
Val	AUC[ROC]: 0.912397	AUC[PR]: 0.113757
Epoch evaluation duration: 159.042766094
Epoch duration: 178.401806116

Epoch 20/1000
Epoch training duration: 16.6533110142
Train	AUC[ROC]: 0.998755	AUC[PR]: 0.413144
Val	AUC[ROC]: 0.909707	AUC[PR]: 0.112200
Epoch evaluation duration: 155.042620897
Epoch duration: 171.695931911

Epoch 21/1000
Epoch training duration: 17.9643111229
Train	AUC[ROC]: 0.998938	AUC[PR]: 0.442061
Val	AUC[ROC]: 0.907048	AUC[PR]: 0.117788
Epoch evaluation duration: 152.435633898
Epoch duration: 170.399945021

Epoch 22/1000
Epoch training duration: 16.0381350517
Train	AUC[ROC]: 0.999042	AUC[PR]: 0.459386
Val	AUC[ROC]: 0.903857	AUC[PR]: 0.123467
Epoch evaluation duration: 155.823811054
Epoch duration: 171.861946106

Epoch 23/1000
Epoch training duration: 17.1765129566
Train	AUC[ROC]: 0.999158	AUC[PR]: 0.481728
Val	AUC[ROC]: 0.900628	AUC[PR]: 0.123523
Epoch evaluation duration: 166.870055914
Epoch duration: 184.046568871

Epoch 24/1000
Epoch training duration: 18.4453802109
Train	AUC[ROC]: 0.999232	AUC[PR]: 0.497371
Val	AUC[ROC]: 0.899282	AUC[PR]: 0.131228
Epoch evaluation duration: 147.78251791
Epoch duration: 166.227898121

Epoch 25/1000
Epoch training duration: 18.7005929947
Train	AUC[ROC]: 0.999334	AUC[PR]: 0.526369
Val	AUC[ROC]: 0.893212	AUC[PR]: 0.131939
Epoch evaluation duration: 156.70827508
Epoch duration: 175.408868074

Epoch 26/1000
Epoch training duration: 17.7035357952
Train	AUC[ROC]: 0.999400	AUC[PR]: 0.550100
Val	AUC[ROC]: 0.887560	AUC[PR]: 0.134619
Epoch evaluation duration: 151.862996101
Epoch duration: 169.566531897

Epoch 27/1000
Epoch training duration: 17.846462965
Train	AUC[ROC]: 0.999447	AUC[PR]: 0.564269
Val	AUC[ROC]: 0.886138	AUC[PR]: 0.139295
Epoch evaluation duration: 154.688234091
Epoch duration: 172.534697056

Epoch 28/1000
Epoch training duration: 17.2623698711
Train	AUC[ROC]: 0.999483	AUC[PR]: 0.575148
Val	AUC[ROC]: 0.886972	AUC[PR]: 0.136439
Epoch evaluation duration: 144.692988157
Epoch duration: 161.955358028

Epoch 29/1000
Epoch training duration: 15.6956038475
Train	AUC[ROC]: 0.999513	AUC[PR]: 0.590755
Val	AUC[ROC]: 0.880660	AUC[PR]: 0.134238
Epoch evaluation duration: 152.077618122
Epoch duration: 167.77322197

Epoch 30/1000
Epoch training duration: 17.6006639004
Train	AUC[ROC]: 0.999550	AUC[PR]: 0.605007
Val	AUC[ROC]: 0.876375	AUC[PR]: 0.138860
Epoch evaluation duration: 153.829869986
Epoch duration: 171.430533886

Epoch 31/1000
Epoch training duration: 17.5964369774
Train	AUC[ROC]: 0.999568	AUC[PR]: 0.615543
Val	AUC[ROC]: 0.876337	AUC[PR]: 0.140501
Epoch evaluation duration: 153.82476902
Epoch duration: 171.421205997

Epoch 32/1000
Epoch training duration: 17.5064599514
Train	AUC[ROC]: 0.999637	AUC[PR]: 0.652476
Val	AUC[ROC]: 0.866969	AUC[PR]: 0.142478
Epoch evaluation duration: 151.43208003
Epoch duration: 168.938539982

Epoch 33/1000
Epoch training duration: 16.7383770943
Train	AUC[ROC]: 0.999645	AUC[PR]: 0.654921
Val	AUC[ROC]: 0.868632	AUC[PR]: 0.144864
Epoch evaluation duration: 151.341026068
Epoch duration: 168.079403162

Epoch 34/1000
Epoch training duration: 17.9311659336
Train	AUC[ROC]: 0.999654	AUC[PR]: 0.658554
Val	AUC[ROC]: 0.864664	AUC[PR]: 0.149065
Epoch evaluation duration: 150.665191889
Epoch duration: 168.596357822

Epoch 35/1000
Epoch training duration: 18.0365571976
Train	AUC[ROC]: 0.999662	AUC[PR]: 0.664746
Val	AUC[ROC]: 0.862077	AUC[PR]: 0.149178
Epoch evaluation duration: 148.790205956
Epoch duration: 166.826763153

Epoch 36/1000
Epoch training duration: 17.2728078365
Train	AUC[ROC]: 0.999696	AUC[PR]: 0.687564
Val	AUC[ROC]: 0.852927	AUC[PR]: 0.146753
Epoch evaluation duration: 151.488461018
Epoch duration: 168.761268854

Epoch 37/1000
Epoch training duration: 16.9129521847
Train	AUC[ROC]: 0.999709	AUC[PR]: 0.697166
Val	AUC[ROC]: 0.857966	AUC[PR]: 0.150966
Epoch evaluation duration: 152.645020962
Epoch duration: 169.557973146

Epoch 38/1000
Epoch training duration: 18.687764883
Train	AUC[ROC]: 0.999736	AUC[PR]: 0.713613
Val	AUC[ROC]: 0.850531	AUC[PR]: 0.150691
Epoch evaluation duration: 152.389712095
Epoch duration: 171.077476978

Epoch 39/1000
Epoch training duration: 16.8343498707
Train	AUC[ROC]: 0.999741	AUC[PR]: 0.716934
Val	AUC[ROC]: 0.849313	AUC[PR]: 0.152371
Epoch evaluation duration: 155.630093098
Epoch duration: 172.464442968

Epoch 40/1000
Epoch training duration: 19.2399001122
Train	AUC[ROC]: 0.999772	AUC[PR]: 0.739029
Val	AUC[ROC]: 0.844726	AUC[PR]: 0.143889
Epoch evaluation duration: 151.751704931
Epoch duration: 170.991605043

Epoch 41/1000
Epoch training duration: 17.5988988876
Train	AUC[ROC]: 0.999788	AUC[PR]: 0.750760
Val	AUC[ROC]: 0.842978	AUC[PR]: 0.144385
Epoch evaluation duration: 153.834797144
Epoch duration: 171.433696032

Epoch 42/1000
Epoch training duration: 17.7492239475
Train	AUC[ROC]: 0.999800	AUC[PR]: 0.758783
Val	AUC[ROC]: 0.842870	AUC[PR]: 0.147448
Epoch evaluation duration: 147.615383863
Epoch duration: 165.364607811

Epoch 43/1000
Epoch training duration: 15.6277132034
Train	AUC[ROC]: 0.999785	AUC[PR]: 0.746303
Val	AUC[ROC]: 0.845513	AUC[PR]: 0.157176
Epoch evaluation duration: 144.468791008
Epoch duration: 160.096504211

Epoch 44/1000
Epoch training duration: 17.0884509087
Train	AUC[ROC]: 0.999808	AUC[PR]: 0.767725
Val	AUC[ROC]: 0.829169	AUC[PR]: 0.147391
Epoch evaluation duration: 150.526917934
Epoch duration: 167.615368843

Epoch 45/1000
Epoch training duration: 18.1737761497
Train	AUC[ROC]: 0.999829	AUC[PR]: 0.784011
Val	AUC[ROC]: 0.826851	AUC[PR]: 0.151121
Epoch evaluation duration: 153.14207983
Epoch duration: 171.31585598

Epoch 46/1000
Epoch training duration: 17.4984710217
Train	AUC[ROC]: 0.999818	AUC[PR]: 0.775285
Val	AUC[ROC]: 0.826751	AUC[PR]: 0.157546
Epoch evaluation duration: 150.030910969
Epoch duration: 167.52938199

Epoch 47/1000
Epoch training duration: 17.6066381931
Train	AUC[ROC]: 0.999825	AUC[PR]: 0.786647
Val	AUC[ROC]: 0.822098	AUC[PR]: 0.151202
Epoch evaluation duration: 155.091626883
Epoch duration: 172.698265076

Epoch 48/1000
Epoch training duration: 18.6851570606
Train	AUC[ROC]: 0.999830	AUC[PR]: 0.789358
Val	AUC[ROC]: 0.828095	AUC[PR]: 0.158650
Epoch evaluation duration: 149.347780943
Epoch duration: 168.032938004

Epoch 49/1000
Epoch training duration: 18.0198271275
Train	AUC[ROC]: 0.999852	AUC[PR]: 0.805544
Val	AUC[ROC]: 0.831418	AUC[PR]: 0.158352
Epoch evaluation duration: 155.230788946
Epoch duration: 173.250616074

Epoch 50/1000
Epoch training duration: 15.0736539364
Train	AUC[ROC]: 0.999868	AUC[PR]: 0.822951
Val	AUC[ROC]: 0.819728	AUC[PR]: 0.160009
Epoch evaluation duration: 148.87638998
Epoch duration: 163.950043917

Epoch 51/1000
Epoch training duration: 18.215585947
Train	AUC[ROC]: 0.999869	AUC[PR]: 0.820793
Val	AUC[ROC]: 0.825254	AUC[PR]: 0.152588
Epoch evaluation duration: 144.949506998
Epoch duration: 163.165092945

Epoch 52/1000
Epoch training duration: 16.691639185
Train	AUC[ROC]: 0.999879	AUC[PR]: 0.832396
Val	AUC[ROC]: 0.824134	AUC[PR]: 0.155944
Epoch evaluation duration: 152.778934002
Epoch duration: 169.470573187

Epoch 53/1000
Epoch training duration: 18.2620899677
Train	AUC[ROC]: 0.999884	AUC[PR]: 0.837448
Val	AUC[ROC]: 0.818403	AUC[PR]: 0.163457
Epoch evaluation duration: 146.136989832
Epoch duration: 164.3990798

Epoch 54/1000
Epoch training duration: 16.911935091
Train	AUC[ROC]: 0.999896	AUC[PR]: 0.850026
Val	AUC[ROC]: 0.819150	AUC[PR]: 0.157857
Epoch evaluation duration: 153.966528893
Epoch duration: 170.878463984

Epoch 55/1000
Epoch training duration: 18.0665681362
Train	AUC[ROC]: 0.999902	AUC[PR]: 0.857711
Val	AUC[ROC]: 0.817979	AUC[PR]: 0.160612
Epoch evaluation duration: 148.584475994
Epoch duration: 166.65104413

Epoch 56/1000
Epoch training duration: 15.9926049709
Train	AUC[ROC]: 0.999906	AUC[PR]: 0.863630
Val	AUC[ROC]: 0.815869	AUC[PR]: 0.160238
Epoch evaluation duration: 153.952306032
Epoch duration: 169.944911003

Epoch 57/1000
Epoch training duration: 19.1367750168
Train	AUC[ROC]: 0.999906	AUC[PR]: 0.861372
Val	AUC[ROC]: 0.817489	AUC[PR]: 0.158123
Epoch evaluation duration: 151.660568953
Epoch duration: 170.797343969

Epoch 58/1000
Epoch training duration: 17.8637111187
Train	AUC[ROC]: 0.999916	AUC[PR]: 0.874197
Val	AUC[ROC]: 0.812860	AUC[PR]: 0.156393
Epoch evaluation duration: 153.158873796
Epoch duration: 171.022584915

Epoch 59/1000
Epoch training duration: 19.5267860889
Train	AUC[ROC]: 0.999912	AUC[PR]: 0.870044
Val	AUC[ROC]: 0.815481	AUC[PR]: 0.153030
Epoch evaluation duration: 166.293456078
Epoch duration: 185.820242167

Epoch 60/1000
Epoch training duration: 20.6741349697
Train	AUC[ROC]: 0.999923	AUC[PR]: 0.882023
Val	AUC[ROC]: 0.808675	AUC[PR]: 0.156983
Epoch evaluation duration: 148.287911892
Epoch duration: 168.962046862

Epoch 61/1000
Epoch training duration: 16.0231349468
Train	AUC[ROC]: 0.999915	AUC[PR]: 0.875608
Val	AUC[ROC]: 0.811108	AUC[PR]: 0.154529
Epoch evaluation duration: 152.112970114
Epoch duration: 168.136105061

Epoch 62/1000
Epoch training duration: 17.5337760448
Train	AUC[ROC]: 0.999921	AUC[PR]: 0.883230
Val	AUC[ROC]: 0.814961	AUC[PR]: 0.158603
Epoch evaluation duration: 152.637975931
Epoch duration: 170.171751976

Epoch 63/1000
Epoch training duration: 17.6004619598
Train	AUC[ROC]: 0.999923	AUC[PR]: 0.887552
Val	AUC[ROC]: 0.814347	AUC[PR]: 0.159122
Epoch evaluation duration: 153.254646063
Epoch duration: 170.855108023

Epoch 64/1000
Epoch training duration: 18.6651370525
Train	AUC[ROC]: 0.999915	AUC[PR]: 0.881493
Val	AUC[ROC]: 0.817304	AUC[PR]: 0.162312
Epoch evaluation duration: 155.788599014
Epoch duration: 174.453736067

Epoch 65/1000
Epoch training duration: 17.5914800167
Train	AUC[ROC]: 0.999932	AUC[PR]: 0.900840
Val	AUC[ROC]: 0.809713	AUC[PR]: 0.156614
Epoch evaluation duration: 152.530313969
Epoch duration: 170.121793985

Epoch 66/1000
Epoch training duration: 16.3974099159
Train	AUC[ROC]: 0.999934	AUC[PR]: 0.904368
Val	AUC[ROC]: 0.811867	AUC[PR]: 0.161682
Epoch evaluation duration: 152.267897129
Epoch duration: 168.665307045

Epoch 67/1000
Epoch training duration: 16.9577548504
Train	AUC[ROC]: 0.999932	AUC[PR]: 0.900925
Val	AUC[ROC]: 0.812550	AUC[PR]: 0.163121
Epoch evaluation duration: 155.069169998
Epoch duration: 172.026924849

Epoch 68/1000
Epoch training duration: 17.1115870476
Train	AUC[ROC]: 0.999942	AUC[PR]: 0.915557
Val	AUC[ROC]: 0.809081	AUC[PR]: 0.155975
Epoch evaluation duration: 152.594039917
Epoch duration: 169.705626965

Epoch 69/1000
Epoch training duration: 16.9777600765
Train	AUC[ROC]: 0.999949	AUC[PR]: 0.928762
Val	AUC[ROC]: 0.809196	AUC[PR]: 0.154101
Epoch evaluation duration: 148.158100128
Epoch duration: 165.135860205

Epoch 70/1000
Epoch training duration: 16.8169977665
Train	AUC[ROC]: 0.999945	AUC[PR]: 0.919556
Val	AUC[ROC]: 0.812208	AUC[PR]: 0.158666
Epoch evaluation duration: 143.560139179
Epoch duration: 160.377136946

Epoch 71/1000
Epoch training duration: 16.0271039009
Train	AUC[ROC]: 0.999936	AUC[PR]: 0.906356
Val	AUC[ROC]: 0.811097	AUC[PR]: 0.161225
Epoch evaluation duration: 150.92317605
Epoch duration: 166.950279951

Epoch 72/1000
Epoch training duration: 17.5066878796
Train	AUC[ROC]: 0.999944	AUC[PR]: 0.916077
Val	AUC[ROC]: 0.805475	AUC[PR]: 0.162645
Epoch evaluation duration: 152.892590046
Epoch duration: 170.399277925

Epoch 73/1000
Epoch training duration: 18.5823299885
Train	AUC[ROC]: 0.999940	AUC[PR]: 0.911820
Val	AUC[ROC]: 0.806962	AUC[PR]: 0.159934
Epoch evaluation duration: 152.465555191
Epoch duration: 171.04788518

Epoch 74/1000
Epoch training duration: 18.2465798855
Train	AUC[ROC]: 0.999941	AUC[PR]: 0.915789
Val	AUC[ROC]: 0.809532	AUC[PR]: 0.150173
Epoch evaluation duration: 149.115870953
Epoch duration: 167.362450838

Epoch 75/1000
Epoch training duration: 17.4312729836
Train	AUC[ROC]: 0.999956	AUC[PR]: 0.937067
Val	AUC[ROC]: 0.799821	AUC[PR]: 0.146189
Epoch evaluation duration: 150.878113031
Epoch duration: 168.309386015

Epoch 76/1000
Epoch training duration: 17.3612771034
Train	AUC[ROC]: 0.999952	AUC[PR]: 0.932513
Val	AUC[ROC]: 0.799904	AUC[PR]: 0.152184
Epoch evaluation duration: 150.003000021
Epoch duration: 167.364277124

Epoch 77/1000
Epoch training duration: 18.7669129372
Train	AUC[ROC]: 0.999961	AUC[PR]: 0.943724
Val	AUC[ROC]: 0.804562	AUC[PR]: 0.153218
Epoch evaluation duration: 151.991275072
Epoch duration: 170.758188009

Epoch 78/1000
Epoch training duration: 17.4369668961
Train	AUC[ROC]: 0.999966	AUC[PR]: 0.953088
Val	AUC[ROC]: 0.796163	AUC[PR]: 0.148845
Epoch evaluation duration: 153.703197002
Epoch duration: 171.140163898

Epoch 79/1000
Epoch training duration: 17.4971849918
Train	AUC[ROC]: 0.999964	AUC[PR]: 0.950612
Val	AUC[ROC]: 0.795924	AUC[PR]: 0.149785
Epoch evaluation duration: 153.715440035
Epoch duration: 171.212625027

Epoch 80/1000
Epoch training duration: 16.0142629147
Train	AUC[ROC]: 0.999965	AUC[PR]: 0.948514
Val	AUC[ROC]: 0.793512	AUC[PR]: 0.150480
Epoch evaluation duration: 151.374814987
Epoch duration: 167.389077902

Epoch 81/1000
Epoch training duration: 17.41822505
Train	AUC[ROC]: 0.999963	AUC[PR]: 0.945419
Val	AUC[ROC]: 0.797124	AUC[PR]: 0.160763
Epoch evaluation duration: 149.766878128
Epoch duration: 167.185103178

Epoch 82/1000
Epoch training duration: 17.812142849
Train	AUC[ROC]: 0.999959	AUC[PR]: 0.940825
Val	AUC[ROC]: 0.803620	AUC[PR]: 0.160152
Epoch evaluation duration: 153.332010031
Epoch duration: 171.14415288

Epoch 83/1000
Epoch training duration: 17.4665100574
Train	AUC[ROC]: 0.999967	AUC[PR]: 0.952828
Val	AUC[ROC]: 0.793477	AUC[PR]: 0.149863
Epoch evaluation duration: 151.457185984
Epoch duration: 168.923696041

Epoch 84/1000
Epoch training duration: 17.0161669254
Train	AUC[ROC]: 0.999971	AUC[PR]: 0.957976
Val	AUC[ROC]: 0.790993	AUC[PR]: 0.154203
Epoch evaluation duration: 148.725333929
Epoch duration: 165.741500854

Epoch 85/1000
Epoch training duration: 16.7299580574
Train	AUC[ROC]: 0.999974	AUC[PR]: 0.964578
Val	AUC[ROC]: 0.790213	AUC[PR]: 0.152261
Epoch evaluation duration: 157.280734062
Epoch duration: 174.01069212

Epoch 86/1000
Epoch training duration: 17.8513960838
Train	AUC[ROC]: 0.999976	AUC[PR]: 0.968343
Val	AUC[ROC]: 0.788032	AUC[PR]: 0.147697
Epoch evaluation duration: 154.932237864
Epoch duration: 172.783633947

Epoch 87/1000
Epoch training duration: 17.8008980751
Train	AUC[ROC]: 0.999978	AUC[PR]: 0.970684
Val	AUC[ROC]: 0.781119	AUC[PR]: 0.144667
Epoch evaluation duration: 145.70310998
Epoch duration: 163.504008055

Epoch 88/1000
Epoch training duration: 18.3854289055
Train	AUC[ROC]: 0.999979	AUC[PR]: 0.972803
Val	AUC[ROC]: 0.794292	AUC[PR]: 0.142911
Epoch evaluation duration: 150.942914009
Epoch duration: 169.328342915

Epoch 89/1000
Epoch training duration: 18.8145270348
Train	AUC[ROC]: 0.999978	AUC[PR]: 0.971383
Val	AUC[ROC]: 0.788949	AUC[PR]: 0.143563
Epoch evaluation duration: 152.833270073
Epoch duration: 171.647797108

Epoch 90/1000
Epoch training duration: 17.7971339226
Train	AUC[ROC]: 0.999981	AUC[PR]: 0.976173
Val	AUC[ROC]: 0.786791	AUC[PR]: 0.140683
Epoch evaluation duration: 151.489308119
Epoch duration: 169.286442041

Epoch 91/1000
Epoch training duration: 16.7417440414
Train	AUC[ROC]: 0.999979	AUC[PR]: 0.972430
Val	AUC[ROC]: 0.797202	AUC[PR]: 0.148705
Epoch evaluation duration: 154.620057821
Epoch duration: 171.361801863

Epoch 92/1000
Epoch training duration: 16.9894371033
Train	AUC[ROC]: 0.999985	AUC[PR]: 0.981409
Val	AUC[ROC]: 0.787096	AUC[PR]: 0.142099
Epoch evaluation duration: 154.809278011
Epoch duration: 171.798715115

Epoch 93/1000
Epoch training duration: 17.8493640423
Train	AUC[ROC]: 0.999985	AUC[PR]: 0.982229
Val	AUC[ROC]: 0.794126	AUC[PR]: 0.142319
Epoch evaluation duration: 150.186608791
Epoch duration: 168.035972834

Epoch 94/1000
Epoch training duration: 17.9586811066
Train	AUC[ROC]: 0.999981	AUC[PR]: 0.975904
Val	AUC[ROC]: 0.801004	AUC[PR]: 0.153147
Epoch evaluation duration: 151.13429594
Epoch duration: 169.092977047

Epoch 95/1000
Epoch training duration: 18.3070421219
Train	AUC[ROC]: 0.999984	AUC[PR]: 0.978482
Val	AUC[ROC]: 0.798412	AUC[PR]: 0.150003
Epoch evaluation duration: 166.862443924
Epoch duration: 185.169486046

Epoch 96/1000
Epoch training duration: 18.4504249096
Train	AUC[ROC]: 0.999985	AUC[PR]: 0.979670
Val	AUC[ROC]: 0.794822	AUC[PR]: 0.142858
Epoch evaluation duration: 153.524352074
Epoch duration: 171.974776983

Epoch 97/1000
Epoch training duration: 16.7743489742
Train	AUC[ROC]: 0.999988	AUC[PR]: 0.983883
Val	AUC[ROC]: 0.792098	AUC[PR]: 0.142775
Epoch evaluation duration: 145.866163015
Epoch duration: 162.64051199

Epoch 98/1000
Epoch training duration: 16.0744810104
Train	AUC[ROC]: 0.999987	AUC[PR]: 0.981049
Val	AUC[ROC]: 0.787803	AUC[PR]: 0.139258
Epoch evaluation duration: 146.555546999
Epoch duration: 162.630028009

Epoch 99/1000
Epoch training duration: 17.8263671398
Train	AUC[ROC]: 0.999988	AUC[PR]: 0.983056
Val	AUC[ROC]: 0.786088	AUC[PR]: 0.144674
Epoch evaluation duration: 151.816709995
Epoch duration: 169.643077135

Epoch 100/1000
Epoch training duration: 17.4456689358
Train	AUC[ROC]: 0.999990	AUC[PR]: 0.986312
Val	AUC[ROC]: 0.790336	AUC[PR]: 0.136518
Epoch evaluation duration: 148.580535889
Epoch duration: 166.026204824

Epoch 101/1000
Epoch training duration: 17.7386770248
Train	AUC[ROC]: 0.999988	AUC[PR]: 0.984559
Val	AUC[ROC]: 0.799476	AUC[PR]: 0.147986
Epoch evaluation duration: 149.35385704
Epoch duration: 167.092534065

Epoch 102/1000
Epoch training duration: 16.296610117
Train	AUC[ROC]: 0.999990	AUC[PR]: 0.985401
Val	AUC[ROC]: 0.782157	AUC[PR]: 0.138298
Epoch evaluation duration: 143.289825916
Epoch duration: 159.586436033

Epoch 103/1000
Epoch training duration: 18.7482728958
Train	AUC[ROC]: 0.999991	AUC[PR]: 0.987815
Val	AUC[ROC]: 0.775809	AUC[PR]: 0.141770
Epoch evaluation duration: 143.463015079
Epoch duration: 162.211287975

Epoch 104/1000
Epoch training duration: 18.4094109535
Train	AUC[ROC]: 0.999989	AUC[PR]: 0.984440
Val	AUC[ROC]: 0.778487	AUC[PR]: 0.144334
Epoch evaluation duration: 149.291538
Epoch duration: 167.700948954

Epoch 105/1000
Epoch training duration: 18.4752941132
Train	AUC[ROC]: 0.999988	AUC[PR]: 0.982480
Val	AUC[ROC]: 0.778033	AUC[PR]: 0.139454
Epoch evaluation duration: 149.896893978
Epoch duration: 168.372188091

Epoch 106/1000
Epoch training duration: 17.9500398636
Train	AUC[ROC]: 0.999987	AUC[PR]: 0.982340
Val	AUC[ROC]: 0.786669	AUC[PR]: 0.145092
Epoch evaluation duration: 143.226062059
Epoch duration: 161.176101923

Epoch 107/1000
Epoch training duration: 16.9221260548
Train	AUC[ROC]: 0.999988	AUC[PR]: 0.984896
Val	AUC[ROC]: 0.776799	AUC[PR]: 0.134471
Epoch evaluation duration: 149.244117022
Epoch duration: 166.166243076

Epoch 108/1000
Epoch training duration: 18.2677049637
Train	AUC[ROC]: 0.999986	AUC[PR]: 0.980318
Val	AUC[ROC]: 0.786198	AUC[PR]: 0.137818
Epoch evaluation duration: 150.559237957
Epoch duration: 168.826942921

Epoch 109/1000
Epoch training duration: 18.9542460442
Train	AUC[ROC]: 0.999986	AUC[PR]: 0.981700
Val	AUC[ROC]: 0.771045	AUC[PR]: 0.130137
Epoch evaluation duration: 146.310585976
Epoch duration: 165.26483202

Epoch 110/1000
Epoch training duration: 17.485558033
Train	AUC[ROC]: 0.999988	AUC[PR]: 0.984296
Val	AUC[ROC]: 0.781095	AUC[PR]: 0.134839
Epoch evaluation duration: 147.374726057
Epoch duration: 164.86028409

Epoch 111/1000
Epoch training duration: 18.0630328655
Train	AUC[ROC]: 0.999989	AUC[PR]: 0.985697
Val	AUC[ROC]: 0.783843	AUC[PR]: 0.131777
Epoch evaluation duration: 154.023643017
Epoch duration: 172.086675882

Epoch 112/1000
Epoch training duration: 17.7576470375
Train	AUC[ROC]: 0.999986	AUC[PR]: 0.980640
Val	AUC[ROC]: 0.776785	AUC[PR]: 0.133635
Epoch evaluation duration: 149.413448095
Epoch duration: 167.171095133

Epoch 113/1000
Epoch training duration: 18.0051338673
Train	AUC[ROC]: 0.999989	AUC[PR]: 0.984835
Val	AUC[ROC]: 0.774933	AUC[PR]: 0.134077
Epoch evaluation duration: 149.161587954
Epoch duration: 167.166721821

Epoch 114/1000
Epoch training duration: 18.2573812008
Train	AUC[ROC]: 0.999983	AUC[PR]: 0.977566
Val	AUC[ROC]: 0.793140	AUC[PR]: 0.136324
Epoch evaluation duration: 139.543235779
Epoch duration: 157.80061698

Epoch 115/1000
Epoch training duration: 17.9435892105
Train	AUC[ROC]: 0.999984	AUC[PR]: 0.978790
Val	AUC[ROC]: 0.791509	AUC[PR]: 0.136264
Epoch evaluation duration: 152.804891825
Epoch duration: 170.748481035

Epoch 116/1000
Epoch training duration: 17.5393521786
Train	AUC[ROC]: 0.999985	AUC[PR]: 0.980338
Val	AUC[ROC]: 0.776290	AUC[PR]: 0.132029
Epoch evaluation duration: 142.904882908
Epoch duration: 160.444235086

Epoch 117/1000
Epoch training duration: 16.6961429119
Train	AUC[ROC]: 0.999985	AUC[PR]: 0.980476
Val	AUC[ROC]: 0.780751	AUC[PR]: 0.133483
Epoch evaluation duration: 152.373166084
Epoch duration: 169.069308996

Epoch 118/1000
Epoch training duration: 17.3629350662
Train	AUC[ROC]: 0.999988	AUC[PR]: 0.984647
Val	AUC[ROC]: 0.767936	AUC[PR]: 0.132235
Epoch evaluation duration: 149.783277035
Epoch duration: 167.146212101

Epoch 119/1000
Epoch training duration: 17.7505459785
Train	AUC[ROC]: 0.999991	AUC[PR]: 0.988046
Val	AUC[ROC]: 0.759849	AUC[PR]: 0.126947
Epoch evaluation duration: 153.00721097
Epoch duration: 170.757756948

Epoch 120/1000
Epoch training duration: 17.0354859829
Train	AUC[ROC]: 0.999992	AUC[PR]: 0.989528
Val	AUC[ROC]: 0.752518	AUC[PR]: 0.127226
Epoch evaluation duration: 147.053633928
Epoch duration: 164.089119911

Epoch 121/1000
Epoch training duration: 17.3075940609
Train	AUC[ROC]: 0.999993	AUC[PR]: 0.989397
Val	AUC[ROC]: 0.762177	AUC[PR]: 0.128842
Epoch evaluation duration: 149.223978043
Epoch duration: 166.531572104

Epoch 122/1000
Epoch training duration: 17.8462979794
Train	AUC[ROC]: 0.999994	AUC[PR]: 0.991567
Val	AUC[ROC]: 0.753372	AUC[PR]: 0.130695
Epoch evaluation duration: 150.580862045
Epoch duration: 168.427160025

Epoch 123/1000
Epoch training duration: 15.4531149864
Train	AUC[ROC]: 0.999992	AUC[PR]: 0.986925
Val	AUC[ROC]: 0.770025	AUC[PR]: 0.141769
Epoch evaluation duration: 145.329119921
Epoch duration: 160.782234907

Epoch 124/1000
Epoch training duration: 16.3242809772
Train	AUC[ROC]: 0.999994	AUC[PR]: 0.990004
Val	AUC[ROC]: 0.752495	AUC[PR]: 0.135544
Epoch evaluation duration: 149.429927111
Epoch duration: 165.754208088

Epoch 125/1000
Epoch training duration: 17.2939138412
Train	AUC[ROC]: 0.999996	AUC[PR]: 0.991983
Val	AUC[ROC]: 0.740830	AUC[PR]: 0.132857
Epoch evaluation duration: 142.573143959
Epoch duration: 159.8670578

Epoch 126/1000
Epoch training duration: 17.5076072216
Train	AUC[ROC]: 0.999991	AUC[PR]: 0.984435
Val	AUC[ROC]: 0.761127	AUC[PR]: 0.135686
Epoch evaluation duration: 143.962920904
Epoch duration: 161.470528126

Epoch 127/1000
Epoch training duration: 17.4981389046
Train	AUC[ROC]: 0.999993	AUC[PR]: 0.987926
Val	AUC[ROC]: 0.739248	AUC[PR]: 0.126555
Epoch evaluation duration: 143.66377306
Epoch duration: 161.161911964

Epoch 128/1000
Epoch training duration: 16.4975409508
Train	AUC[ROC]: 0.999991	AUC[PR]: 0.983062
Val	AUC[ROC]: 0.747614	AUC[PR]: 0.134886
Epoch evaluation duration: 151.503054142
Epoch duration: 168.000595093

Epoch 129/1000
Epoch training duration: 17.20125103
Train	AUC[ROC]: 0.999991	AUC[PR]: 0.984563
Val	AUC[ROC]: 0.746551	AUC[PR]: 0.131350
Epoch evaluation duration: 146.742815018
Epoch duration: 163.944066048

Epoch 130/1000
Epoch training duration: 18.0986168385
Train	AUC[ROC]: 0.999989	AUC[PR]: 0.980137
Val	AUC[ROC]: 0.747395	AUC[PR]: 0.127791
Epoch evaluation duration: 148.799699068
Epoch duration: 166.898315907

Epoch 131/1000
Epoch training duration: 18.0847630501
Train	AUC[ROC]: 0.999990	AUC[PR]: 0.983117
Val	AUC[ROC]: 0.735429	AUC[PR]: 0.126226
Epoch evaluation duration: 148.517048836
Epoch duration: 166.601811886

Epoch 132/1000
Epoch training duration: 17.5560171604
Train	AUC[ROC]: 0.999991	AUC[PR]: 0.987548
Val	AUC[ROC]: 0.754489	AUC[PR]: 0.127965
Epoch evaluation duration: 167.783987999
Epoch duration: 185.340005159

Epoch 133/1000
Epoch training duration: 17.0207920074
Train	AUC[ROC]: 0.999992	AUC[PR]: 0.987728
Val	AUC[ROC]: 0.754156	AUC[PR]: 0.133240
Epoch evaluation duration: 154.044531822
Epoch duration: 171.06532383

Epoch 134/1000
Epoch training duration: 17.8537511826
Train	AUC[ROC]: 0.999993	AUC[PR]: 0.988903
Val	AUC[ROC]: 0.738213	AUC[PR]: 0.130241
Epoch evaluation duration: 144.783741951
Epoch duration: 162.637493134

Epoch 135/1000
Epoch training duration: 17.0025699139
Train	AUC[ROC]: 0.999994	AUC[PR]: 0.988395
Val	AUC[ROC]: 0.741734	AUC[PR]: 0.130232
Epoch evaluation duration: 144.807538033
Epoch duration: 161.810107946

Epoch 136/1000
Epoch training duration: 17.7913680077
Train	AUC[ROC]: 0.999992	AUC[PR]: 0.987794
Val	AUC[ROC]: 0.741494	AUC[PR]: 0.124241
Epoch evaluation duration: 144.825562
Epoch duration: 162.616930008

Epoch 137/1000
Epoch training duration: 16.8113479614
Train	AUC[ROC]: 0.999989	AUC[PR]: 0.984079
Val	AUC[ROC]: 0.751129	AUC[PR]: 0.128915
Epoch evaluation duration: 149.638108969
Epoch duration: 166.44945693

Epoch 138/1000
Epoch training duration: 18.9877030849
Train	AUC[ROC]: 0.999989	AUC[PR]: 0.982020
Val	AUC[ROC]: 0.738545	AUC[PR]: 0.124627
Epoch evaluation duration: 147.288918972
Epoch duration: 166.276622057

Epoch 139/1000
Epoch training duration: 18.3850469589
Train	AUC[ROC]: 0.999991	AUC[PR]: 0.986346
Val	AUC[ROC]: 0.747066	AUC[PR]: 0.132562
Epoch evaluation duration: 149.139322042
Epoch duration: 167.524369001

Epoch 140/1000
Epoch training duration: 15.7109789848
Train	AUC[ROC]: 0.999991	AUC[PR]: 0.986298
Val	AUC[ROC]: 0.745038	AUC[PR]: 0.135296
Epoch evaluation duration: 146.85036993
Epoch duration: 162.561348915

Epoch 141/1000
Epoch training duration: 17.4460780621
Train	AUC[ROC]: 0.999993	AUC[PR]: 0.988413
Val	AUC[ROC]: 0.742566	AUC[PR]: 0.135859
Epoch evaluation duration: 142.654848099
Epoch duration: 160.100926161

Epoch 142/1000
Epoch training duration: 17.5216798782
Train	AUC[ROC]: 0.999990	AUC[PR]: 0.985061
Val	AUC[ROC]: 0.748558	AUC[PR]: 0.138913
Epoch evaluation duration: 154.518884182
Epoch duration: 172.04056406

Epoch 143/1000
Epoch training duration: 18.6061279774
Train	AUC[ROC]: 0.999993	AUC[PR]: 0.988031
Val	AUC[ROC]: 0.737307	AUC[PR]: 0.131252
Epoch evaluation duration: 147.941910982
Epoch duration: 166.54803896

Epoch 144/1000
Epoch training duration: 18.9414048195
Train	AUC[ROC]: 0.999991	AUC[PR]: 0.987329
Val	AUC[ROC]: 0.758243	AUC[PR]: 0.133478
Epoch evaluation duration: 146.137809038
Epoch duration: 165.079213858

Epoch 145/1000
Epoch training duration: 16.9772920609
Train	AUC[ROC]: 0.999990	AUC[PR]: 0.987068
Val	AUC[ROC]: 0.739613	AUC[PR]: 0.124217
Epoch evaluation duration: 147.331826925
Epoch duration: 164.309118986

Epoch 146/1000
Epoch training duration: 18.0693809986
Train	AUC[ROC]: 0.999993	AUC[PR]: 0.989361
Val	AUC[ROC]: 0.721856	AUC[PR]: 0.120742
Epoch evaluation duration: 148.00496316
Epoch duration: 166.074344158

Epoch 147/1000
Epoch training duration: 16.4830238819
Train	AUC[ROC]: 0.999993	AUC[PR]: 0.989286
Val	AUC[ROC]: 0.719197	AUC[PR]: 0.119716
Epoch evaluation duration: 152.067857027
Epoch duration: 168.550880909

Epoch 148/1000
Epoch training duration: 17.5837039948
Train	AUC[ROC]: 0.999995	AUC[PR]: 0.991014
Val	AUC[ROC]: 0.724965	AUC[PR]: 0.127960
Epoch evaluation duration: 146.358026981
Epoch duration: 163.941730976

Epoch 149/1000
Epoch training duration: 18.3636629581
Train	AUC[ROC]: 0.999995	AUC[PR]: 0.991427
Val	AUC[ROC]: 0.728776	AUC[PR]: 0.128922
Epoch evaluation duration: 142.920772076
Epoch duration: 161.284435034

Epoch 150/1000
Epoch training duration: 17.6019339561
Train	AUC[ROC]: 0.999996	AUC[PR]: 0.991518
Val	AUC[ROC]: 0.722481	AUC[PR]: 0.127250
Epoch evaluation duration: 149.409024
Epoch duration: 167.010957956

Epoch 151/1000
Epoch training duration: 16.994312048
Train	AUC[ROC]: 0.999993	AUC[PR]: 0.989899
Val	AUC[ROC]: 0.729437	AUC[PR]: 0.116209
Epoch evaluation duration: 152.582113981
Epoch duration: 169.576426029

Epoch 152/1000
Epoch training duration: 18.0136659145
Train	AUC[ROC]: 0.999995	AUC[PR]: 0.990020
Val	AUC[ROC]: 0.715274	AUC[PR]: 0.111142
Epoch evaluation duration: 154.964524031
Epoch duration: 172.978189945

Epoch 153/1000
Epoch training duration: 16.7584891319
Train	AUC[ROC]: 0.999996	AUC[PR]: 0.991689
Val	AUC[ROC]: 0.722285	AUC[PR]: 0.121004
Epoch evaluation duration: 154.360908985
Epoch duration: 171.119398117

Epoch 154/1000
Epoch training duration: 17.4406518936
Train	AUC[ROC]: 0.999995	AUC[PR]: 0.991147
Val	AUC[ROC]: 0.724875	AUC[PR]: 0.119454
Epoch evaluation duration: 150.331493139
Epoch duration: 167.772145033

Epoch 155/1000
Epoch training duration: 17.8679089546
Train	AUC[ROC]: 0.999995	AUC[PR]: 0.991444
Val	AUC[ROC]: 0.728713	AUC[PR]: 0.115944
Epoch evaluation duration: 146.863579035
Epoch duration: 164.731487989

Epoch 156/1000
Epoch training duration: 18.2211849689
Train	AUC[ROC]: 0.999996	AUC[PR]: 0.992138
Val	AUC[ROC]: 0.733907	AUC[PR]: 0.116647
Epoch evaluation duration: 150.641850948
Epoch duration: 168.863035917

Epoch 157/1000
Epoch training duration: 16.9512500763
Train	AUC[ROC]: 0.999996	AUC[PR]: 0.992008
Val	AUC[ROC]: 0.716817	AUC[PR]: 0.109621
Epoch evaluation duration: 156.599834919
Epoch duration: 173.551084995

Epoch 158/1000
Epoch training duration: 16.6842839718
Train	AUC[ROC]: 0.999997	AUC[PR]: 0.991894
Val	AUC[ROC]: 0.707903	AUC[PR]: 0.106267
Epoch evaluation duration: 144.504376173
Epoch duration: 161.188660145

Epoch 159/1000
Epoch training duration: 16.8405048847
Train	AUC[ROC]: 0.999994	AUC[PR]: 0.986863
Val	AUC[ROC]: 0.729625	AUC[PR]: 0.122316
Epoch evaluation duration: 149.704699039
Epoch duration: 166.545203924

Epoch 160/1000
Epoch training duration: 20.1914680004
Train	AUC[ROC]: 0.999994	AUC[PR]: 0.984786
Val	AUC[ROC]: 0.712866	AUC[PR]: 0.113298
Epoch evaluation duration: 153.956189871
Epoch duration: 174.147657871

Epoch 161/1000
Epoch training duration: 16.5230121613
Train	AUC[ROC]: 0.999994	AUC[PR]: 0.986832
Val	AUC[ROC]: 0.726903	AUC[PR]: 0.124156
Epoch evaluation duration: 151.197722912
Epoch duration: 167.720735073

Epoch 162/1000
Epoch training duration: 17.3756070137
Train	AUC[ROC]: 0.999993	AUC[PR]: 0.985139
Val	AUC[ROC]: 0.727181	AUC[PR]: 0.116710
Epoch evaluation duration: 150.389230967
Epoch duration: 167.76483798

Epoch 163/1000
Epoch training duration: 17.571969986
Train	AUC[ROC]: 0.999994	AUC[PR]: 0.987337
Val	AUC[ROC]: 0.720587	AUC[PR]: 0.116371
Epoch evaluation duration: 153.342539072
Epoch duration: 170.914509058

Epoch 164/1000
Epoch training duration: 16.8319959641
Train	AUC[ROC]: 0.999994	AUC[PR]: 0.987410
Val	AUC[ROC]: 0.714801	AUC[PR]: 0.113024
Epoch evaluation duration: 147.826699018
Epoch duration: 164.658694983

Epoch 165/1000
Epoch training duration: 16.6514699459
Train	AUC[ROC]: 0.999993	AUC[PR]: 0.987509
Val	AUC[ROC]: 0.716273	AUC[PR]: 0.113466
Epoch evaluation duration: 151.038367987
Epoch duration: 167.689837933

Epoch 166/1000
Epoch training duration: 17.3182351589
Train	AUC[ROC]: 0.999994	AUC[PR]: 0.988931
Val	AUC[ROC]: 0.708703	AUC[PR]: 0.107722
Epoch evaluation duration: 148.781114817
Epoch duration: 166.099349976

Epoch 167/1000
Epoch training duration: 17.9287161827
Train	AUC[ROC]: 0.999994	AUC[PR]: 0.990720
Val	AUC[ROC]: 0.719338	AUC[PR]: 0.112717
Epoch evaluation duration: 146.314802885
Epoch duration: 164.243519068

Epoch 168/1000
Epoch training duration: 18.2193961143
Train	AUC[ROC]: 0.999995	AUC[PR]: 0.991317
Val	AUC[ROC]: 0.716731	AUC[PR]: 0.111613
Epoch evaluation duration: 156.196456909
Epoch duration: 174.415853024

Epoch 169/1000
Epoch training duration: 21.5082859993
Train	AUC[ROC]: 0.999995	AUC[PR]: 0.991614
Val	AUC[ROC]: 0.709040	AUC[PR]: 0.115414
Epoch evaluation duration: 158.543715954
Epoch duration: 180.052001953

Epoch 170/1000
Epoch training duration: 19.331553936
Train	AUC[ROC]: 0.999996	AUC[PR]: 0.992449
Val	AUC[ROC]: 0.712035	AUC[PR]: 0.117845
Epoch evaluation duration: 152.199108124
Epoch duration: 171.53066206

Epoch 171/1000
Epoch training duration: 17.6735460758
Train	AUC[ROC]: 0.999996	AUC[PR]: 0.991710
Val	AUC[ROC]: 0.697480	AUC[PR]: 0.109006
Epoch evaluation duration: 150.583416939
Epoch duration: 168.256963015

Epoch 172/1000
Epoch training duration: 18.6256439686
Train	AUC[ROC]: 0.999996	AUC[PR]: 0.992567
Val	AUC[ROC]: 0.713132	AUC[PR]: 0.116502
Epoch evaluation duration: 148.888643026
Epoch duration: 167.514286995

Epoch 173/1000
Epoch training duration: 18.7044689655
Train	AUC[ROC]: 0.999997	AUC[PR]: 0.993293
Val	AUC[ROC]: 0.710138	AUC[PR]: 0.116075
Epoch evaluation duration: 152.220307112
Epoch duration: 170.924776077

Epoch 174/1000
Epoch training duration: 18.0641598701
Train	AUC[ROC]: 0.999997	AUC[PR]: 0.993176
Val	AUC[ROC]: 0.703793	AUC[PR]: 0.113108
Epoch evaluation duration: 153.533720016
Epoch duration: 171.597879887

Epoch 175/1000
Epoch training duration: 16.2283871174
Train	AUC[ROC]: 0.999993	AUC[PR]: 0.988845
Val	AUC[ROC]: 0.728987	AUC[PR]: 0.120924
Epoch evaluation duration: 149.363160849
Epoch duration: 165.591547966

Epoch 176/1000
Epoch training duration: 18.5719320774
Train	AUC[ROC]: 0.999993	AUC[PR]: 0.986876
Val	AUC[ROC]: 0.710761	AUC[PR]: 0.111780
Epoch evaluation duration: 150.825370073
Epoch duration: 169.397302151

Epoch 177/1000
Epoch training duration: 19.1781308651
Train	AUC[ROC]: 0.999993	AUC[PR]: 0.987954
Val	AUC[ROC]: 0.707520	AUC[PR]: 0.110357
Epoch evaluation duration: 141.748695135
Epoch duration: 160.926826

Epoch 178/1000
Epoch training duration: 18.7781047821
Train	AUC[ROC]: 0.999992	AUC[PR]: 0.986820
Val	AUC[ROC]: 0.711895	AUC[PR]: 0.109227
Epoch evaluation duration: 151.246446133
Epoch duration: 170.024550915

Epoch 179/1000
Epoch training duration: 17.2551820278
Train	AUC[ROC]: 0.999993	AUC[PR]: 0.988572
Val	AUC[ROC]: 0.707540	AUC[PR]: 0.110322
Epoch evaluation duration: 153.431784868
Epoch duration: 170.686966896

Epoch 180/1000
Epoch training duration: 18.0171711445
Train	AUC[ROC]: 0.999988	AUC[PR]: 0.982587
Val	AUC[ROC]: 0.733745	AUC[PR]: 0.106870
Epoch evaluation duration: 146.538820982
Epoch duration: 164.555992126

Epoch 181/1000
Epoch training duration: 17.7400150299
Train	AUC[ROC]: 0.999989	AUC[PR]: 0.981678
Val	AUC[ROC]: 0.721639	AUC[PR]: 0.100315
Epoch evaluation duration: 155.577637911
Epoch duration: 173.317652941

Epoch 182/1000
Epoch training duration: 18.4802598953
Train	AUC[ROC]: 0.999990	AUC[PR]: 0.985120
Val	AUC[ROC]: 0.724932	AUC[PR]: 0.104445
Epoch evaluation duration: 148.366630077
Epoch duration: 166.846889973

Epoch 183/1000
Epoch training duration: 18.6030011177
Train	AUC[ROC]: 0.999991	AUC[PR]: 0.984543
Val	AUC[ROC]: 0.711023	AUC[PR]: 0.101921
Epoch evaluation duration: 155.389123917
Epoch duration: 173.992125034

Epoch 184/1000
Epoch training duration: 18.2067070007
Train	AUC[ROC]: 0.999992	AUC[PR]: 0.987149
Val	AUC[ROC]: 0.713155	AUC[PR]: 0.107476
Epoch evaluation duration: 151.74436307
Epoch duration: 169.95107007

Epoch 185/1000
Epoch training duration: 17.632381916
Train	AUC[ROC]: 0.999993	AUC[PR]: 0.987508
Val	AUC[ROC]: 0.713775	AUC[PR]: 0.104605
Epoch evaluation duration: 150.005100965
Epoch duration: 167.637482882

Epoch 186/1000
Epoch training duration: 16.7312171459
Train	AUC[ROC]: 0.999992	AUC[PR]: 0.986933
Val	AUC[ROC]: 0.710842	AUC[PR]: 0.101293
Epoch evaluation duration: 153.255240917
Epoch duration: 169.986458063

Epoch 187/1000
Epoch training duration: 18.1219050884
Train	AUC[ROC]: 0.999992	AUC[PR]: 0.985828
Val	AUC[ROC]: 0.700520	AUC[PR]: 0.092875
Epoch evaluation duration: 157.347681999
Epoch duration: 175.469587088

Epoch 188/1000
Epoch training duration: 18.463092804
Train	AUC[ROC]: 0.999992	AUC[PR]: 0.986201
Val	AUC[ROC]: 0.697504	AUC[PR]: 0.096862
Epoch evaluation duration: 151.592555046
Epoch duration: 170.05564785

Epoch 189/1000
Epoch training duration: 17.7440421581
Train	AUC[ROC]: 0.999993	AUC[PR]: 0.986977
Val	AUC[ROC]: 0.695932	AUC[PR]: 0.097850
Epoch evaluation duration: 145.484924793
Epoch duration: 163.228966951

Epoch 190/1000
Epoch training duration: 15.5926601887
Train	AUC[ROC]: 0.999993	AUC[PR]: 0.987768
Val	AUC[ROC]: 0.710218	AUC[PR]: 0.101241
Epoch evaluation duration: 149.021023989
Epoch duration: 164.613684177

Epoch 191/1000
Epoch training duration: 19.1246328354
Train	AUC[ROC]: 0.999992	AUC[PR]: 0.985742
Val	AUC[ROC]: 0.697928	AUC[PR]: 0.093345
Epoch evaluation duration: 151.127327204
Epoch duration: 170.251960039

Epoch 192/1000
Epoch training duration: 17.9887998104
Train	AUC[ROC]: 0.999991	AUC[PR]: 0.985234
Val	AUC[ROC]: 0.705001	AUC[PR]: 0.098726
Epoch evaluation duration: 155.00982213
Epoch duration: 172.998621941

Epoch 193/1000
Epoch training duration: 18.0012478828
Train	AUC[ROC]: 0.999993	AUC[PR]: 0.987581
Val	AUC[ROC]: 0.694692	AUC[PR]: 0.095264
Epoch evaluation duration: 153.395111084
Epoch duration: 171.396358967

Epoch 194/1000
Epoch training duration: 17.5250079632
Train	AUC[ROC]: 0.999991	AUC[PR]: 0.985889
Val	AUC[ROC]: 0.698517	AUC[PR]: 0.101162
Epoch evaluation duration: 152.899938107
Epoch duration: 170.42494607

Epoch 195/1000
Epoch training duration: 17.7464869022
Train	AUC[ROC]: 0.999992	AUC[PR]: 0.987203
Val	AUC[ROC]: 0.697935	AUC[PR]: 0.101281
Epoch evaluation duration: 150.331200123
Epoch duration: 168.077687025

Epoch 196/1000
Epoch training duration: 19.1456239223
Train	AUC[ROC]: 0.999990	AUC[PR]: 0.984314
Val	AUC[ROC]: 0.708268	AUC[PR]: 0.101003
Epoch evaluation duration: 148.738584042
Epoch duration: 167.884207964

Epoch 197/1000
Epoch training duration: 16.1326079369
Train	AUC[ROC]: 0.999991	AUC[PR]: 0.985537
Val	AUC[ROC]: 0.702325	AUC[PR]: 0.100592
Epoch evaluation duration: 144.091053009
Epoch duration: 160.223660946

Epoch 198/1000
Epoch training duration: 18.6014518738
Train	AUC[ROC]: 0.999992	AUC[PR]: 0.987576
Val	AUC[ROC]: 0.692986	AUC[PR]: 0.101250
Epoch evaluation duration: 147.766803026
Epoch duration: 166.3682549

Epoch 199/1000
Epoch training duration: 16.6360280514
Train	AUC[ROC]: 0.999993	AUC[PR]: 0.988923
Val	AUC[ROC]: 0.686677	AUC[PR]: 0.099118
Epoch evaluation duration: 148.149334908
Epoch duration: 164.785362959

Epoch 200/1000
Epoch training duration: 17.8852732182
Train	AUC[ROC]: 0.999992	AUC[PR]: 0.988932
Val	AUC[ROC]: 0.693346	AUC[PR]: 0.105510
Epoch evaluation duration: 146.008686781
Epoch duration: 163.893959999

Epoch 201/1000
Epoch training duration: 17.7094621658
Train	AUC[ROC]: 0.999992	AUC[PR]: 0.985790
Val	AUC[ROC]: 0.689072	AUC[PR]: 0.102317
Epoch evaluation duration: 151.950233936
Epoch duration: 169.659696102

Epoch 202/1000
Epoch training duration: 16.2139770985
Train	AUC[ROC]: 0.999992	AUC[PR]: 0.987292
Val	AUC[ROC]: 0.705591	AUC[PR]: 0.099294
Epoch evaluation duration: 144.811515808
Epoch duration: 161.025492907

Epoch 203/1000
Epoch training duration: 16.8536031246
Train	AUC[ROC]: 0.999994	AUC[PR]: 0.989642
Val	AUC[ROC]: 0.689491	AUC[PR]: 0.095093
Epoch evaluation duration: 149.158082962
Epoch duration: 166.011686087

Epoch 204/1000
Epoch training duration: 17.7563099861
Train	AUC[ROC]: 0.999994	AUC[PR]: 0.990178
Val	AUC[ROC]: 0.692717	AUC[PR]: 0.097872
Epoch evaluation duration: 145.863794088
Epoch duration: 163.620104074

Epoch 205/1000
Epoch training duration: 19.5656218529
Train	AUC[ROC]: 0.999994	AUC[PR]: 0.990653
Val	AUC[ROC]: 0.697028	AUC[PR]: 0.101504
Epoch evaluation duration: 170.314359188
Epoch duration: 189.879981041

Epoch 206/1000
Epoch training duration: 20.1592929363
Train	AUC[ROC]: 0.999994	AUC[PR]: 0.991103
Val	AUC[ROC]: 0.706860	AUC[PR]: 0.102147
Epoch evaluation duration: 161.04636693
Epoch duration: 181.205659866

Epoch 207/1000
Epoch training duration: 17.6509549618
Train	AUC[ROC]: 0.999993	AUC[PR]: 0.990716
Val	AUC[ROC]: 0.712234	AUC[PR]: 0.098597
Epoch evaluation duration: 154.553208113
Epoch duration: 172.204163074

Epoch 208/1000
Epoch training duration: 15.9962010384
Train	AUC[ROC]: 0.999991	AUC[PR]: 0.987322
Val	AUC[ROC]: 0.709730	AUC[PR]: 0.099968
Epoch evaluation duration: 152.476092815
Epoch duration: 168.472293854

Epoch 209/1000
Epoch training duration: 17.8802511692
Train	AUC[ROC]: 0.999993	AUC[PR]: 0.990487
Val	AUC[ROC]: 0.713084	AUC[PR]: 0.102577
Epoch evaluation duration: 154.617136002
Epoch duration: 172.497387171

Epoch 210/1000
Epoch training duration: 18.0160939693
Train	AUC[ROC]: 0.999994	AUC[PR]: 0.991555
Val	AUC[ROC]: 0.700490	AUC[PR]: 0.102412
Epoch evaluation duration: 153.477575064
Epoch duration: 171.493669033

Epoch 211/1000
Epoch training duration: 18.7214598656
Train	AUC[ROC]: 0.999993	AUC[PR]: 0.987656
Val	AUC[ROC]: 0.705971	AUC[PR]: 0.104607
Epoch evaluation duration: 146.330489159
Epoch duration: 165.051949024

Epoch 212/1000
Epoch training duration: 15.8761179447
Train	AUC[ROC]: 0.999994	AUC[PR]: 0.990451
Val	AUC[ROC]: 0.688867	AUC[PR]: 0.099859
Epoch evaluation duration: 137.774852037
Epoch duration: 153.650969982

Epoch 213/1000
Epoch training duration: 14.4002490044
Train	AUC[ROC]: 0.999993	AUC[PR]: 0.989739
Val	AUC[ROC]: 0.688392	AUC[PR]: 0.095109
Epoch evaluation duration: 142.06761694
Epoch duration: 156.467865944

Epoch 214/1000
Epoch training duration: 16.5848560333
Train	AUC[ROC]: 0.999991	AUC[PR]: 0.987001
Val	AUC[ROC]: 0.705273	AUC[PR]: 0.099311
Epoch evaluation duration: 149.582335949
Epoch duration: 166.167191982

Epoch 215/1000
Epoch training duration: 17.1451630592
Train	AUC[ROC]: 0.999992	AUC[PR]: 0.986519
Val	AUC[ROC]: 0.689578	AUC[PR]: 0.092656
Epoch evaluation duration: 142.479389906
Epoch duration: 159.624552965

Epoch 216/1000
Epoch training duration: 14.6836140156
Train	AUC[ROC]: 0.999993	AUC[PR]: 0.987154
Val	AUC[ROC]: 0.679009	AUC[PR]: 0.091858
Epoch evaluation duration: 139.529192924
Epoch duration: 154.21280694

Epoch 217/1000
Epoch training duration: 15.8023581505
Train	AUC[ROC]: 0.999995	AUC[PR]: 0.991188
Val	AUC[ROC]: 0.683088	AUC[PR]: 0.094047
Epoch evaluation duration: 141.326602936
Epoch duration: 157.128961086

Epoch 218/1000
Epoch training duration: 16.5541830063
Train	AUC[ROC]: 0.999995	AUC[PR]: 0.991639
Val	AUC[ROC]: 0.675847	AUC[PR]: 0.094254
Epoch evaluation duration: 144.131356001
Epoch duration: 160.685539007

Epoch 219/1000
Epoch training duration: 15.9095978737
Train	AUC[ROC]: 0.999995	AUC[PR]: 0.992190
Val	AUC[ROC]: 0.675921	AUC[PR]: 0.096079
Epoch evaluation duration: 142.317749023
Epoch duration: 158.227346897

Epoch 220/1000
Epoch training duration: 15.4139051437
Train	AUC[ROC]: 0.999996	AUC[PR]: 0.992936
Val	AUC[ROC]: 0.676764	AUC[PR]: 0.099149
Epoch evaluation duration: 151.743355036
Epoch duration: 167.15726018

Epoch 221/1000
Epoch training duration: 17.1596958637
Train	AUC[ROC]: 0.999996	AUC[PR]: 0.994282
Val	AUC[ROC]: 0.688384	AUC[PR]: 0.106751
Epoch evaluation duration: 155.770013094
Epoch duration: 172.929708958

Epoch 222/1000
Epoch training duration: 16.9145839214
Train	AUC[ROC]: 0.999996	AUC[PR]: 0.993209
Val	AUC[ROC]: 0.665474	AUC[PR]: 0.097834
Epoch evaluation duration: 145.731575966
Epoch duration: 162.646159887

Epoch 223/1000
Epoch training duration: 15.8829729557
Train	AUC[ROC]: 0.999996	AUC[PR]: 0.993925
Val	AUC[ROC]: 0.691965	AUC[PR]: 0.107692
Epoch evaluation duration: 143.871549129
Epoch duration: 159.754522085

Epoch 224/1000
Epoch training duration: 16.6064710617
Train	AUC[ROC]: 0.999996	AUC[PR]: 0.994048
Val	AUC[ROC]: 0.683161	AUC[PR]: 0.108186
Epoch evaluation duration: 137.726740837
Epoch duration: 154.333211899

Epoch 225/1000
Epoch training duration: 15.9029810429
Train	AUC[ROC]: 0.999995	AUC[PR]: 0.993645
Val	AUC[ROC]: 0.692438	AUC[PR]: 0.114659
Epoch evaluation duration: 134.586350918
Epoch duration: 150.489331961

Epoch 226/1000
Epoch training duration: 16.1793231964
Train	AUC[ROC]: 0.999994	AUC[PR]: 0.992753
Val	AUC[ROC]: 0.710390	AUC[PR]: 0.115520
Epoch evaluation duration: 112.157388926
Epoch duration: 128.336712122

Epoch 227/1000
Epoch training duration: 9.38720798492
Train	AUC[ROC]: 0.999993	AUC[PR]: 0.988703
Val	AUC[ROC]: 0.688682	AUC[PR]: 0.102291
Epoch evaluation duration: 94.3021140099
Epoch duration: 103.689321995

Epoch 228/1000
Epoch training duration: 13.1123120785
Train	AUC[ROC]: 0.999994	AUC[PR]: 0.990562
Val	AUC[ROC]: 0.685656	AUC[PR]: 0.103956
Epoch evaluation duration: 97.5850458145
Epoch duration: 110.697357893

Epoch 229/1000
Epoch training duration: 10.4359271526
Train	AUC[ROC]: 0.999995	AUC[PR]: 0.990818
Val	AUC[ROC]: 0.675669	AUC[PR]: 0.103377
Epoch evaluation duration: 99.3949580193
Epoch duration: 109.830885172

Epoch 230/1000
Epoch training duration: 12.7202608585
Train	AUC[ROC]: 0.999991	AUC[PR]: 0.984462
Val	AUC[ROC]: 0.684344	AUC[PR]: 0.104142
Epoch evaluation duration: 100.764002085
Epoch duration: 113.484262943

Epoch 231/1000
Epoch training duration: 12.0001490116
Train	AUC[ROC]: 0.999992	AUC[PR]: 0.986746
Val	AUC[ROC]: 0.666998	AUC[PR]: 0.098769
Epoch evaluation duration: 107.003764868
Epoch duration: 119.003913879

Epoch 232/1000
Epoch training duration: 12.2267820835
Train	AUC[ROC]: 0.999993	AUC[PR]: 0.987784
Val	AUC[ROC]: 0.665118	AUC[PR]: 0.100161
Epoch evaluation duration: 98.8446900845
Epoch duration: 111.071472168

Epoch 233/1000
Epoch training duration: 11.8793580532
Train	AUC[ROC]: 0.999993	AUC[PR]: 0.989843
Val	AUC[ROC]: 0.676989	AUC[PR]: 0.103794
Epoch evaluation duration: 112.640755892
Epoch duration: 124.520113945

Epoch 234/1000
Epoch training duration: 13.4804840088
Train	AUC[ROC]: 0.999994	AUC[PR]: 0.991036
Val	AUC[ROC]: 0.686646	AUC[PR]: 0.105109
Epoch evaluation duration: 113.321676016
Epoch duration: 126.802160025

Epoch 235/1000
Epoch training duration: 13.3638188839
Train	AUC[ROC]: 0.999994	AUC[PR]: 0.990887
Val	AUC[ROC]: 0.682355	AUC[PR]: 0.101499
Epoch evaluation duration: 100.904850006
Epoch duration: 114.26866889

Epoch 236/1000
Epoch training duration: 11.3738791943
Train	AUC[ROC]: 0.999994	AUC[PR]: 0.991373
Val	AUC[ROC]: 0.690672	AUC[PR]: 0.104012
Epoch evaluation duration: 101.603936911
Epoch duration: 112.977816105

Epoch 237/1000
Epoch training duration: 12.0553500652
Train	AUC[ROC]: 0.999993	AUC[PR]: 0.988964
Val	AUC[ROC]: 0.711269	AUC[PR]: 0.109783
Epoch evaluation duration: 96.1778240204
Epoch duration: 108.233174086

Epoch 238/1000
Epoch training duration: 10.9228317738
Train	AUC[ROC]: 0.999993	AUC[PR]: 0.987043
Val	AUC[ROC]: 0.681745	AUC[PR]: 0.097005
Epoch evaluation duration: 98.5472462177
Epoch duration: 109.470077991

Epoch 239/1000
Epoch training duration: 12.06265378
Train	AUC[ROC]: 0.999993	AUC[PR]: 0.987537
Val	AUC[ROC]: 0.683216	AUC[PR]: 0.100036
Epoch evaluation duration: 106.440866232
Epoch duration: 118.503520012

Epoch 240/1000
Epoch training duration: 11.9180979729
Train	AUC[ROC]: 0.999995	AUC[PR]: 0.991264
Val	AUC[ROC]: 0.689570	AUC[PR]: 0.108075
Epoch evaluation duration: 104.635689974
Epoch duration: 116.553787947

Epoch 241/1000
Epoch training duration: 12.3963499069
Train	AUC[ROC]: 0.999993	AUC[PR]: 0.988306
Val	AUC[ROC]: 0.683547	AUC[PR]: 0.098914
Epoch evaluation duration: 105.841990948
Epoch duration: 118.238340855

Epoch 242/1000
Epoch training duration: 12.5350010395
Train	AUC[ROC]: 0.999994	AUC[PR]: 0.990282
Val	AUC[ROC]: 0.676552	AUC[PR]: 0.096751
Epoch evaluation duration: 108.755959034
Epoch duration: 121.290960073

Epoch 243/1000
Epoch training duration: 13.1449320316
Train	AUC[ROC]: 0.999995	AUC[PR]: 0.991008
Val	AUC[ROC]: 0.678961	AUC[PR]: 0.101331
Epoch evaluation duration: 105.71676302
Epoch duration: 118.861695051

Epoch 244/1000
Epoch training duration: 11.7150850296
Train	AUC[ROC]: 0.999994	AUC[PR]: 0.990260
Val	AUC[ROC]: 0.684751	AUC[PR]: 0.100813
Epoch evaluation duration: 113.414542913
Epoch duration: 125.129627943

Epoch 245/1000
Epoch training duration: 11.9124939442
Train	AUC[ROC]: 0.999992	AUC[PR]: 0.989137
Val	AUC[ROC]: 0.717471	AUC[PR]: 0.101689
Epoch evaluation duration: 109.592374086
Epoch duration: 121.504868031

Epoch 246/1000
Epoch training duration: 12.0050780773
Train	AUC[ROC]: 0.999987	AUC[PR]: 0.981265
Val	AUC[ROC]: 0.721815	AUC[PR]: 0.089866
Epoch evaluation duration: 108.324222803
Epoch duration: 120.32930088

Epoch 247/1000
Epoch training duration: 12.2810001373
Train	AUC[ROC]: 0.999989	AUC[PR]: 0.983718
Val	AUC[ROC]: 0.698102	AUC[PR]: 0.088611
Epoch evaluation duration: 113.445981026
Epoch duration: 125.726981163

Epoch 248/1000
Epoch training duration: 11.4147019386
Train	AUC[ROC]: 0.999989	AUC[PR]: 0.983877
Val	AUC[ROC]: 0.689851	AUC[PR]: 0.089930
Epoch evaluation duration: 109.333098888
Epoch duration: 120.747800827

Epoch 249/1000
Epoch training duration: 12.5661931038
Train	AUC[ROC]: 0.999989	AUC[PR]: 0.984855
Val	AUC[ROC]: 0.686288	AUC[PR]: 0.092289
Epoch evaluation duration: 109.457603931
Epoch duration: 122.023797035

Epoch 250/1000
Epoch training duration: 12.4813420773
Train	AUC[ROC]: 0.999992	AUC[PR]: 0.988530
Val	AUC[ROC]: 0.690722	AUC[PR]: 0.093012
Epoch evaluation duration: 109.130929947
Epoch duration: 121.612272024

Epoch 251/1000
Epoch training duration: 11.0773010254
Train	AUC[ROC]: 0.999993	AUC[PR]: 0.988998
Val	AUC[ROC]: 0.681944	AUC[PR]: 0.090043
Epoch evaluation duration: 108.308740139
Epoch duration: 119.386041164

Epoch 252/1000
Epoch training duration: 11.9503068924
Train	AUC[ROC]: 0.999992	AUC[PR]: 0.988677
Val	AUC[ROC]: 0.685161	AUC[PR]: 0.092387
Epoch evaluation duration: 105.425368071
Epoch duration: 117.375674963

Epoch 253/1000
Epoch training duration: 12.1421918869
Train	AUC[ROC]: 0.999993	AUC[PR]: 0.989093
Val	AUC[ROC]: 0.681620	AUC[PR]: 0.089005
Epoch evaluation duration: 109.590563059
Epoch duration: 121.732754946

Epoch 254/1000
Epoch training duration: 12.2342579365
Train	AUC[ROC]: 0.999992	AUC[PR]: 0.986779
Val	AUC[ROC]: 0.682784	AUC[PR]: 0.096022
Epoch evaluation duration: 110.20153904
Epoch duration: 122.435796976

train precision: 0.83744822202
train roc: 0.999883753063
train hit in top 3418: 444.0 out of 444.0

val precision: 0.163457108626
val roc: 0.818402955312
val hit in top 427: 34.0 out of 55.0

test precision: 0.129940124208
test roc: 0.800594385929
test hit in top 427: 30.0 out of 55.0

ratio: 0.02, EF: 28.1818181818,	active: 55.0
ratio: 0.02, NEF: 0.563636363636
ratio: 0.01, EF: 54.5454545455,	active: 55.0
ratio: 0.01, NEF: 0.545454545455
ratio: 0.0015, EF: 193.939393939,	active: 55.0
ratio: 0.0015, NEF: 0.290909090909
ratio: 0.001, EF: 200.0,	active: 55.0
ratio: 0.001, NEF: 0.261904761905

