label_name_list  [u'PriA-SSB AS Activity']
train files  ['../datasets/keck_pria/fold_0.csv' '../datasets/keck_pria/fold_1.csv'
 '../datasets/keck_pria/fold_2.csv' '../datasets/keck_pria/fold_3.csv'
 '../datasets/keck_pria/fold_4.csv' '../datasets/keck_pria/fold_5.csv']
val files  ['../datasets/keck_pria/fold_6.csv']
test files  ['../datasets/keck_pria/fold_7.csv']
Class Weight  [{0: 0.5, 1: 0.5}]
Epoch 1/200
Epoch training duration: 6.72539901733
Train	AUC[ROC]: 0.650648	AUC[PR]: 0.003330
Val	AUC[ROC]: 0.663018	AUC[PR]: 0.003682
Epoch evaluation duration: 32.7115700245
Epoch duration: 39.4369690418

Epoch 2/200
Epoch training duration: 6.41240811348
Train	AUC[ROC]: 0.696840	AUC[PR]: 0.004929
Val	AUC[ROC]: 0.644348	AUC[PR]: 0.004225
Epoch evaluation duration: 30.7041428089
Epoch duration: 37.1165509224

Epoch 3/200
Epoch training duration: 5.79839897156
Train	AUC[ROC]: 0.797213	AUC[PR]: 0.026792
Val	AUC[ROC]: 0.718878	AUC[PR]: 0.010930
Epoch evaluation duration: 29.1160399914
Epoch duration: 34.9144389629

Epoch 4/200
Epoch training duration: 6.50322723389
Train	AUC[ROC]: 0.851964	AUC[PR]: 0.057761
Val	AUC[ROC]: 0.709633	AUC[PR]: 0.025794
Epoch evaluation duration: 31.5296719074
Epoch duration: 38.0328991413

Epoch 5/200
Epoch training duration: 6.7810280323
Train	AUC[ROC]: 0.883210	AUC[PR]: 0.128405
Val	AUC[ROC]: 0.746113	AUC[PR]: 0.028080
Epoch evaluation duration: 29.6798279285
Epoch duration: 36.4608559608

Epoch 6/200
Epoch training duration: 6.4543569088
Train	AUC[ROC]: 0.921303	AUC[PR]: 0.212165
Val	AUC[ROC]: 0.764904	AUC[PR]: 0.041723
Epoch evaluation duration: 29.5231220722
Epoch duration: 35.977478981

Epoch 7/200
Epoch training duration: 6.38254594803
Train	AUC[ROC]: 0.933526	AUC[PR]: 0.269490
Val	AUC[ROC]: 0.768784	AUC[PR]: 0.052183
Epoch evaluation duration: 28.3411970139
Epoch duration: 34.7237429619

Epoch 8/200
Epoch training duration: 6.7367579937
Train	AUC[ROC]: 0.953659	AUC[PR]: 0.373586
Val	AUC[ROC]: 0.784366	AUC[PR]: 0.074995
Epoch evaluation duration: 32.5665500164
Epoch duration: 39.3033080101

Epoch 9/200
Epoch training duration: 6.72212600708
Train	AUC[ROC]: 0.970721	AUC[PR]: 0.424457
Val	AUC[ROC]: 0.779214	AUC[PR]: 0.069599
Epoch evaluation duration: 31.0694899559
Epoch duration: 37.791615963

Epoch 10/200
Epoch training duration: 5.8565530777
Train	AUC[ROC]: 0.981659	AUC[PR]: 0.507819
Val	AUC[ROC]: 0.809295	AUC[PR]: 0.097037
Epoch evaluation duration: 31.695702076
Epoch duration: 37.5522551537

Epoch 11/200
Epoch training duration: 5.77227497101
Train	AUC[ROC]: 0.987750	AUC[PR]: 0.574414
Val	AUC[ROC]: 0.834005	AUC[PR]: 0.098185
Epoch evaluation duration: 29.0163938999
Epoch duration: 34.7886688709

Epoch 12/200
Epoch training duration: 6.14363312721
Train	AUC[ROC]: 0.991950	AUC[PR]: 0.624128
Val	AUC[ROC]: 0.840179	AUC[PR]: 0.118593
Epoch evaluation duration: 31.3232500553
Epoch duration: 37.4668831825

Epoch 13/200
Epoch training duration: 6.08412098885
Train	AUC[ROC]: 0.995562	AUC[PR]: 0.647574
Val	AUC[ROC]: 0.811172	AUC[PR]: 0.121999
Epoch evaluation duration: 29.9434869289
Epoch duration: 36.0276079178

Epoch 14/200
Epoch training duration: 6.36890602112
Train	AUC[ROC]: 0.996946	AUC[PR]: 0.679619
Val	AUC[ROC]: 0.825099	AUC[PR]: 0.127606
Epoch evaluation duration: 31.7446849346
Epoch duration: 38.1135909557

Epoch 15/200
Epoch training duration: 6.81348109245
Train	AUC[ROC]: 0.998924	AUC[PR]: 0.728347
Val	AUC[ROC]: 0.852947	AUC[PR]: 0.121359
Epoch evaluation duration: 31.3165738583
Epoch duration: 38.1300549507

Epoch 16/200
Epoch training duration: 6.54958415031
Train	AUC[ROC]: 0.999407	AUC[PR]: 0.746544
Val	AUC[ROC]: 0.860928	AUC[PR]: 0.138290
Epoch evaluation duration: 31.3842749596
Epoch duration: 37.9338591099

Epoch 17/200
Epoch training duration: 6.5389790535
Train	AUC[ROC]: 0.999514	AUC[PR]: 0.746462
Val	AUC[ROC]: 0.882984	AUC[PR]: 0.135025
Epoch evaluation duration: 32.1147079468
Epoch duration: 38.6536870003

Epoch 18/200
Epoch training duration: 6.89662098885
Train	AUC[ROC]: 0.999664	AUC[PR]: 0.814375
Val	AUC[ROC]: 0.875754	AUC[PR]: 0.157172
Epoch evaluation duration: 31.7829039097
Epoch duration: 38.6795248985

Epoch 19/200
Epoch training duration: 6.78001308441
Train	AUC[ROC]: 0.999714	AUC[PR]: 0.823383
Val	AUC[ROC]: 0.863136	AUC[PR]: 0.168099
Epoch evaluation duration: 30.7814729214
Epoch duration: 37.5614860058

Epoch 20/200
Epoch training duration: 5.86207103729
Train	AUC[ROC]: 0.999751	AUC[PR]: 0.838977
Val	AUC[ROC]: 0.885591	AUC[PR]: 0.178702
Epoch evaluation duration: 29.6734499931
Epoch duration: 35.5355210304

Epoch 21/200
Epoch training duration: 6.13818311691
Train	AUC[ROC]: 0.999818	AUC[PR]: 0.877416
Val	AUC[ROC]: 0.889017	AUC[PR]: 0.193995
Epoch evaluation duration: 32.7331209183
Epoch duration: 38.8713040352

Epoch 22/200
Epoch training duration: 6.49579310417
Train	AUC[ROC]: 0.999844	AUC[PR]: 0.887423
Val	AUC[ROC]: 0.885726	AUC[PR]: 0.187194
Epoch evaluation duration: 31.9302778244
Epoch duration: 38.4260709286

Epoch 23/200
Epoch training duration: 6.85139703751
Train	AUC[ROC]: 0.999903	AUC[PR]: 0.933225
Val	AUC[ROC]: 0.906348	AUC[PR]: 0.195934
Epoch evaluation duration: 29.6217520237
Epoch duration: 36.4731490612

Epoch 24/200
Epoch training duration: 6.07122206688
Train	AUC[ROC]: 0.999932	AUC[PR]: 0.951411
Val	AUC[ROC]: 0.908725	AUC[PR]: 0.182577
Epoch evaluation duration: 30.3620760441
Epoch duration: 36.433298111

Epoch 25/200
Epoch training duration: 5.81236982346
Train	AUC[ROC]: 0.999948	AUC[PR]: 0.961115
Val	AUC[ROC]: 0.879230	AUC[PR]: 0.189133
Epoch evaluation duration: 30.90218997
Epoch duration: 36.7145597935

Epoch 26/200
Epoch training duration: 6.10699701309
Train	AUC[ROC]: 0.999961	AUC[PR]: 0.971329
Val	AUC[ROC]: 0.887463	AUC[PR]: 0.187945
Epoch evaluation duration: 28.6865730286
Epoch duration: 34.7935700417

Epoch 27/200
Epoch training duration: 5.81180000305
Train	AUC[ROC]: 0.999977	AUC[PR]: 0.982290
Val	AUC[ROC]: 0.892728	AUC[PR]: 0.200263
Epoch evaluation duration: 29.4064071178
Epoch duration: 35.2182071209

Epoch 28/200
Epoch training duration: 6.19459486008
Train	AUC[ROC]: 0.999985	AUC[PR]: 0.987415
Val	AUC[ROC]: 0.886131	AUC[PR]: 0.172699
Epoch evaluation duration: 30.0465500355
Epoch duration: 36.2411448956

Epoch 29/200
Epoch training duration: 5.82450294495
Train	AUC[ROC]: 0.999990	AUC[PR]: 0.992273
Val	AUC[ROC]: 0.912965	AUC[PR]: 0.210020
Epoch evaluation duration: 29.5444591045
Epoch duration: 35.3689620495

Epoch 30/200
Epoch training duration: 6.03166794777
Train	AUC[ROC]: 0.999994	AUC[PR]: 0.995338
Val	AUC[ROC]: 0.884076	AUC[PR]: 0.204250
Epoch evaluation duration: 28.4596071243
Epoch duration: 34.4912750721

Epoch 31/200
Epoch training duration: 5.89270186424
Train	AUC[ROC]: 0.999994	AUC[PR]: 0.993710
Val	AUC[ROC]: 0.886212	AUC[PR]: 0.178037
Epoch evaluation duration: 30.4213221073
Epoch duration: 36.3140239716

Epoch 32/200
Epoch training duration: 6.2932908535
Train	AUC[ROC]: 0.999997	AUC[PR]: 0.997676
Val	AUC[ROC]: 0.882307	AUC[PR]: 0.206852
Epoch evaluation duration: 29.0668580532
Epoch duration: 35.3601489067

Epoch 33/200
Epoch training duration: 5.89824104309
Train	AUC[ROC]: 0.999998	AUC[PR]: 0.998534
Val	AUC[ROC]: 0.894284	AUC[PR]: 0.205782
Epoch evaluation duration: 31.0648739338
Epoch duration: 36.9631149769

Epoch 34/200
Epoch training duration: 5.93409395218
Train	AUC[ROC]: 0.999997	AUC[PR]: 0.997346
Val	AUC[ROC]: 0.873502	AUC[PR]: 0.197110
Epoch evaluation duration: 28.8940811157
Epoch duration: 34.8281750679

Epoch 35/200
Epoch training duration: 5.84506607056
Train	AUC[ROC]: 0.999998	AUC[PR]: 0.998399
Val	AUC[ROC]: 0.882772	AUC[PR]: 0.189853
Epoch evaluation duration: 28.4028699398
Epoch duration: 34.2479360104

Epoch 36/200
Epoch training duration: 5.97359395027
Train	AUC[ROC]: 0.999998	AUC[PR]: 0.997657
Val	AUC[ROC]: 0.878219	AUC[PR]: 0.199386
Epoch evaluation duration: 27.5833001137
Epoch duration: 33.5568940639

Epoch 37/200
Epoch training duration: 5.88541603088
Train	AUC[ROC]: 0.999998	AUC[PR]: 0.998645
Val	AUC[ROC]: 0.866125	AUC[PR]: 0.198429
Epoch evaluation duration: 30.3137428761
Epoch duration: 36.1991589069

Epoch 38/200
Epoch training duration: 7.19815802574
Train	AUC[ROC]: 0.999999	AUC[PR]: 0.999493
Val	AUC[ROC]: 0.891653	AUC[PR]: 0.189260
Epoch evaluation duration: 30.8344249725
Epoch duration: 38.0325829983

Epoch 39/200
Epoch training duration: 7.06174492836
Train	AUC[ROC]: 1.000000	AUC[PR]: 0.999601
Val	AUC[ROC]: 0.878571	AUC[PR]: 0.182160
Epoch evaluation duration: 31.4303891659
Epoch duration: 38.4921340942

Epoch 40/200
Epoch training duration: 6.60263991356
Train	AUC[ROC]: 0.999999	AUC[PR]: 0.999529
Val	AUC[ROC]: 0.885633	AUC[PR]: 0.192308
Epoch evaluation duration: 30.3413779736
Epoch duration: 36.9440178871

Epoch 41/200
Epoch training duration: 5.83107304573
Train	AUC[ROC]: 0.999999	AUC[PR]: 0.999508
Val	AUC[ROC]: 0.888827	AUC[PR]: 0.187290
Epoch evaluation duration: 30.8338088989
Epoch duration: 36.6648819447

Epoch 42/200
Epoch training duration: 6.0357401371
Train	AUC[ROC]: 0.999999	AUC[PR]: 0.999418
Val	AUC[ROC]: 0.874459	AUC[PR]: 0.162191
Epoch evaluation duration: 28.7195408344
Epoch duration: 34.7552809715

Epoch 43/200
Epoch training duration: 6.36648321152
Train	AUC[ROC]: 1.000000	AUC[PR]: 0.999673
Val	AUC[ROC]: 0.871422	AUC[PR]: 0.179548
Epoch evaluation duration: 28.8967018127
Epoch duration: 35.2631850243

Epoch 44/200
Epoch training duration: 6.04599499702
Train	AUC[ROC]: 0.999999	AUC[PR]: 0.999535
Val	AUC[ROC]: 0.870939	AUC[PR]: 0.172495
Epoch evaluation duration: 29.1109549999
Epoch duration: 35.1569499969

Epoch 45/200
Epoch training duration: 6.03571915627
Train	AUC[ROC]: 0.999999	AUC[PR]: 0.999591
Val	AUC[ROC]: 0.831075	AUC[PR]: 0.182883
Epoch evaluation duration: 33.1042690277
Epoch duration: 39.139988184

Epoch 46/200
Epoch training duration: 6.64946293831
Train	AUC[ROC]: 1.000000	AUC[PR]: 0.999767
Val	AUC[ROC]: 0.846724	AUC[PR]: 0.174393
Epoch evaluation duration: 29.8218638897
Epoch duration: 36.471326828

Epoch 47/200
Epoch training duration: 5.8913640976
Train	AUC[ROC]: 1.000000	AUC[PR]: 0.999820
Val	AUC[ROC]: 0.828161	AUC[PR]: 0.169365
Epoch evaluation duration: 31.0197398663
Epoch duration: 36.9111039639

Epoch 48/200
Epoch training duration: 6.41277503967
Train	AUC[ROC]: 0.999999	AUC[PR]: 0.999375
Val	AUC[ROC]: 0.858733	AUC[PR]: 0.180669
Epoch evaluation duration: 29.2843010426
Epoch duration: 35.6970760822

Epoch 49/200
Epoch training duration: 7.07459712029
Train	AUC[ROC]: 1.000000	AUC[PR]: 0.999847
Val	AUC[ROC]: 0.858573	AUC[PR]: 0.189854
Epoch evaluation duration: 30.9836468697
Epoch duration: 38.0582439899

Epoch 50/200
Epoch training duration: 6.2648229599
Train	AUC[ROC]: 0.999999	AUC[PR]: 0.999571
Val	AUC[ROC]: 0.837402	AUC[PR]: 0.180574
Epoch evaluation duration: 32.9225461483
Epoch duration: 39.1873691082

Epoch 51/200
Epoch training duration: 5.9255490303
Train	AUC[ROC]: 1.000000	AUC[PR]: 0.999911
Val	AUC[ROC]: 0.852512	AUC[PR]: 0.180406
Epoch evaluation duration: 30.5008039474
Epoch duration: 36.4263529778

Epoch 52/200
Epoch training duration: 5.98792791367
Train	AUC[ROC]: 1.000000	AUC[PR]: 0.999877
Val	AUC[ROC]: 0.837710	AUC[PR]: 0.184944
Epoch evaluation duration: 29.1170949936
Epoch duration: 35.1050229073

Epoch 53/200
Epoch training duration: 5.92150211334
Train	AUC[ROC]: 1.000000	AUC[PR]: 0.999760
Val	AUC[ROC]: 0.839473	AUC[PR]: 0.187309
Epoch evaluation duration: 30.3913450241
Epoch duration: 36.3128471375

Epoch 54/200
Epoch training duration: 5.88171982765
Train	AUC[ROC]: 1.000000	AUC[PR]: 0.999903
Val	AUC[ROC]: 0.835268	AUC[PR]: 0.175330
Epoch evaluation duration: 30.5397210121
Epoch duration: 36.4214408398

Epoch 55/200
Epoch training duration: 6.84484195709
Train	AUC[ROC]: 1.000000	AUC[PR]: 0.999883
Val	AUC[ROC]: 0.841001	AUC[PR]: 0.183282
Epoch evaluation duration: 33.6057190895
Epoch duration: 40.4505610466

Epoch 56/200
Epoch training duration: 6.93834114075
Train	AUC[ROC]: 1.000000	AUC[PR]: 0.999746
Val	AUC[ROC]: 0.832951	AUC[PR]: 0.168855
Epoch evaluation duration: 29.4397609234
Epoch duration: 36.3781020641

Epoch 57/200
Epoch training duration: 5.95625400543
Train	AUC[ROC]: 1.000000	AUC[PR]: 0.999893
Val	AUC[ROC]: 0.836834	AUC[PR]: 0.171031
Epoch evaluation duration: 28.5210380554
Epoch duration: 34.4772920609

Epoch 58/200
Epoch training duration: 6.18235397339
Train	AUC[ROC]: 1.000000	AUC[PR]: 0.999884
Val	AUC[ROC]: 0.835713	AUC[PR]: 0.152465
Epoch evaluation duration: 28.0780448914
Epoch duration: 34.2603988647

Epoch 59/200
Epoch training duration: 5.95339798927
Train	AUC[ROC]: 1.000000	AUC[PR]: 0.999858
Val	AUC[ROC]: 0.842770	AUC[PR]: 0.153045
Epoch evaluation duration: 32.3816430569
Epoch duration: 38.3350410461

Epoch 60/200
Epoch training duration: 6.6476380825
Train	AUC[ROC]: 1.000000	AUC[PR]: 0.999895
Val	AUC[ROC]: 0.841124	AUC[PR]: 0.156703
Epoch evaluation duration: 34.7508769035
Epoch duration: 41.398514986

Epoch 61/200
Epoch training duration: 6.57772111893
Train	AUC[ROC]: 0.999999	AUC[PR]: 0.998849
Val	AUC[ROC]: 0.857219	AUC[PR]: 0.149777
Epoch evaluation duration: 31.1164209843
Epoch duration: 37.6941421032

Epoch 62/200
Epoch training duration: 6.08643984795
Train	AUC[ROC]: 1.000000	AUC[PR]: 0.999875
Val	AUC[ROC]: 0.864322	AUC[PR]: 0.165971
Epoch evaluation duration: 28.9124269485
Epoch duration: 34.9988667965

Epoch 63/200
Epoch training duration: 6.15793013573
Train	AUC[ROC]: 1.000000	AUC[PR]: 0.999938
Val	AUC[ROC]: 0.856499	AUC[PR]: 0.171594
Epoch evaluation duration: 30.329529047
Epoch duration: 36.4874591827

Epoch 64/200
Epoch training duration: 6.10235881805
Train	AUC[ROC]: 1.000000	AUC[PR]: 0.999816
Val	AUC[ROC]: 0.864432	AUC[PR]: 0.162910
Epoch evaluation duration: 29.7658140659
Epoch duration: 35.868172884

Epoch 65/200
Epoch training duration: 6.19015097618
Train	AUC[ROC]: 1.000000	AUC[PR]: 0.999876
Val	AUC[ROC]: 0.841945	AUC[PR]: 0.164620
Epoch evaluation duration: 31.5998520851
Epoch duration: 37.7900030613

Epoch 66/200
Epoch training duration: 6.46224808693
Train	AUC[ROC]: 0.999999	AUC[PR]: 0.999262
Val	AUC[ROC]: 0.836997	AUC[PR]: 0.141887
Epoch evaluation duration: 31.6697778702
Epoch duration: 38.1320259571

Epoch 67/200
Epoch training duration: 5.79842305183
Train	AUC[ROC]: 0.999999	AUC[PR]: 0.999443
Val	AUC[ROC]: 0.841253	AUC[PR]: 0.148008
Epoch evaluation duration: 30.2285380363
Epoch duration: 36.0269610882

Epoch 68/200
Epoch training duration: 6.195114851
Train	AUC[ROC]: 1.000000	AUC[PR]: 0.999893
Val	AUC[ROC]: 0.830339	AUC[PR]: 0.153241
Epoch evaluation duration: 30.2662911415
Epoch duration: 36.4614059925

Epoch 69/200
Epoch training duration: 5.98703789711
Train	AUC[ROC]: 1.000000	AUC[PR]: 0.999884
Val	AUC[ROC]: 0.817431	AUC[PR]: 0.152974
Epoch evaluation duration: 28.5596399307
Epoch duration: 34.5466778278

Epoch 70/200
Epoch training duration: 5.98635101318
Train	AUC[ROC]: 0.999998	AUC[PR]: 0.999078
Val	AUC[ROC]: 0.830946	AUC[PR]: 0.147025
Epoch evaluation duration: 29.4058132172
Epoch duration: 35.3921642303

Epoch 71/200
Epoch training duration: 6.19576692581
Train	AUC[ROC]: 1.000000	AUC[PR]: 0.999946
Val	AUC[ROC]: 0.857104	AUC[PR]: 0.145183
Epoch evaluation duration: 29.9530689716
Epoch duration: 36.1488358974

Epoch 72/200
Epoch training duration: 6.15178894997
Train	AUC[ROC]: 1.000000	AUC[PR]: 0.999902
Val	AUC[ROC]: 0.833268	AUC[PR]: 0.149730
Epoch evaluation duration: 30.1224529743
Epoch duration: 36.2742419243

Epoch 73/200
Epoch training duration: 7.15811109543
Train	AUC[ROC]: 1.000000	AUC[PR]: 0.999875
Val	AUC[ROC]: 0.846145	AUC[PR]: 0.153412
Epoch evaluation duration: 33.300057888
Epoch duration: 40.4581689835

Epoch 74/200
Epoch training duration: 6.50039505959
Train	AUC[ROC]: 1.000000	AUC[PR]: 0.999824
Val	AUC[ROC]: 0.841928	AUC[PR]: 0.160934
Epoch evaluation duration: 31.7827939987
Epoch duration: 38.2831890583

Epoch 75/200
Epoch training duration: 5.97297406197
Train	AUC[ROC]: 1.000000	AUC[PR]: 0.999893
Val	AUC[ROC]: 0.818130	AUC[PR]: 0.164214
Epoch evaluation duration: 31.2284998894
Epoch duration: 37.2014739513

Epoch 76/200
Epoch training duration: 6.1512401104
Train	AUC[ROC]: 1.000000	AUC[PR]: 0.999685
Val	AUC[ROC]: 0.827742	AUC[PR]: 0.137112
Epoch evaluation duration: 34.1058340073
Epoch duration: 40.2570741177

Epoch 77/200
Epoch training duration: 6.60489702225
Train	AUC[ROC]: 1.000000	AUC[PR]: 0.999884
Val	AUC[ROC]: 0.796742	AUC[PR]: 0.158936
Epoch evaluation duration: 30.7782049179
Epoch duration: 37.3831019402

Epoch 78/200
Epoch training duration: 6.00547003746
Train	AUC[ROC]: 0.999999	AUC[PR]: 0.999283
Val	AUC[ROC]: 0.810218	AUC[PR]: 0.145398
Epoch evaluation duration: 30.8961570263
Epoch duration: 36.9016270638

Epoch 79/200
Epoch training duration: 5.98534083366
Train	AUC[ROC]: 0.999999	AUC[PR]: 0.999535
Val	AUC[ROC]: 0.820778	AUC[PR]: 0.156327
Epoch evaluation duration: 31.085362196
Epoch duration: 37.0707030296

Epoch 80/200
Epoch training duration: 6.72219896317
Train	AUC[ROC]: 1.000000	AUC[PR]: 0.999892
Val	AUC[ROC]: 0.822420	AUC[PR]: 0.167260
Epoch evaluation duration: 30.8144788742
Epoch duration: 37.5366778374

train precision: 0.992273016862
train roc: 0.999989657677
train hit in top 2563: 334.0 out of 334.0

val precision: 0.21001951856
val roc: 0.912964797358
val hit in top 427: 31.0 out of 55.0

test precision: 0.283259445521
test roc: 0.888612502983
test hit in top 427: 36.0 out of 55.0

ratio: 0.02, EF: 33.6363636364,	active: 55.0
ratio: 0.02, NEF: 0.672727272727
ratio: 0.01, EF: 65.4545454545,	active: 55.0
ratio: 0.01, NEF: 0.654545454545
ratio: 0.0015, EF: 254.545454545,	active: 55.0
ratio: 0.0015, NEF: 0.381818181818
ratio: 0.001, EF: 345.454545455,	active: 55.0
ratio: 0.001, NEF: 0.452380952381

