label_name_list  [u'PriA-SSB AS Activity']
train files  ['../datasets/keck_pria/fold_0.csv' '../datasets/keck_pria/fold_1.csv'
 '../datasets/keck_pria/fold_2.csv' '../datasets/keck_pria/fold_3.csv'
 '../datasets/keck_pria/fold_4.csv' '../datasets/keck_pria/fold_5.csv']
val files  ['../datasets/keck_pria/fold_6.csv']
test files  ['../datasets/keck_pria/fold_7.csv']
Class Weight  [{0: 0.5, 1: 0.5}]
Epoch 1/1000
Epoch training duration: 15.2017159462
Train	AUC[ROC]: 0.664910	AUC[PR]: 0.003523
Val	AUC[ROC]: 0.647934	AUC[PR]: 0.003446
Epoch evaluation duration: 98.1300489902
Epoch duration: 113.331764936

Epoch 2/1000
Epoch training duration: 15.269256115
Train	AUC[ROC]: 0.734739	AUC[PR]: 0.009742
Val	AUC[ROC]: 0.711844	AUC[PR]: 0.005684
Epoch evaluation duration: 95.4490668774
Epoch duration: 110.718322992

Epoch 3/1000
Epoch training duration: 12.5209169388
Train	AUC[ROC]: 0.786776	AUC[PR]: 0.021888
Val	AUC[ROC]: 0.706040	AUC[PR]: 0.023052
Epoch evaluation duration: 84.5324230194
Epoch duration: 97.0533399582

Epoch 4/1000
Epoch training duration: 13.8675220013
Train	AUC[ROC]: 0.842892	AUC[PR]: 0.055026
Val	AUC[ROC]: 0.759874	AUC[PR]: 0.025125
Epoch evaluation duration: 96.0236651897
Epoch duration: 109.891187191

Epoch 5/1000
Epoch training duration: 15.1361899376
Train	AUC[ROC]: 0.865371	AUC[PR]: 0.086021
Val	AUC[ROC]: 0.729484	AUC[PR]: 0.025815
Epoch evaluation duration: 97.6768679619
Epoch duration: 112.813057899

Epoch 6/1000
Epoch training duration: 15.3032479286
Train	AUC[ROC]: 0.906369	AUC[PR]: 0.160699
Val	AUC[ROC]: 0.766288	AUC[PR]: 0.029734
Epoch evaluation duration: 97.6214060783
Epoch duration: 112.924654007

Epoch 7/1000
Epoch training duration: 15.0414950848
Train	AUC[ROC]: 0.933886	AUC[PR]: 0.246580
Val	AUC[ROC]: 0.746113	AUC[PR]: 0.058630
Epoch evaluation duration: 97.2802379131
Epoch duration: 112.321732998

Epoch 8/1000
Epoch training duration: 14.9577870369
Train	AUC[ROC]: 0.958900	AUC[PR]: 0.335213
Val	AUC[ROC]: 0.759279	AUC[PR]: 0.053314
Epoch evaluation duration: 95.2534179688
Epoch duration: 110.211205006

Epoch 9/1000
Epoch training duration: 15.5704979897
Train	AUC[ROC]: 0.968136	AUC[PR]: 0.381627
Val	AUC[ROC]: 0.772141	AUC[PR]: 0.071834
Epoch evaluation duration: 96.2992038727
Epoch duration: 111.869701862

Epoch 10/1000
Epoch training duration: 15.1946780682
Train	AUC[ROC]: 0.986388	AUC[PR]: 0.505901
Val	AUC[ROC]: 0.798673	AUC[PR]: 0.088981
Epoch evaluation duration: 93.8764259815
Epoch duration: 109.07110405

Epoch 11/1000
Epoch training duration: 14.9982459545
Train	AUC[ROC]: 0.988346	AUC[PR]: 0.551269
Val	AUC[ROC]: 0.808410	AUC[PR]: 0.104618
Epoch evaluation duration: 95.880133152
Epoch duration: 110.878379107

Epoch 12/1000
Epoch training duration: 15.1822369099
Train	AUC[ROC]: 0.994283	AUC[PR]: 0.609421
Val	AUC[ROC]: 0.825196	AUC[PR]: 0.139894
Epoch evaluation duration: 96.5875561237
Epoch duration: 111.769793034

Epoch 13/1000
Epoch training duration: 15.5638580322
Train	AUC[ROC]: 0.997476	AUC[PR]: 0.652912
Val	AUC[ROC]: 0.823673	AUC[PR]: 0.146030
Epoch evaluation duration: 96.2845618725
Epoch duration: 111.848419905

Epoch 14/1000
Epoch training duration: 15.4151871204
Train	AUC[ROC]: 0.997811	AUC[PR]: 0.695338
Val	AUC[ROC]: 0.812522	AUC[PR]: 0.160103
Epoch evaluation duration: 96.0150518417
Epoch duration: 111.430238962

Epoch 15/1000
Epoch training duration: 15.671434164
Train	AUC[ROC]: 0.998946	AUC[PR]: 0.712200
Val	AUC[ROC]: 0.846275	AUC[PR]: 0.166795
Epoch evaluation duration: 97.21012187
Epoch duration: 112.881556034

Epoch 16/1000
Epoch training duration: 14.9050829411
Train	AUC[ROC]: 0.999274	AUC[PR]: 0.750579
Val	AUC[ROC]: 0.833825	AUC[PR]: 0.188925
Epoch evaluation duration: 96.8031010628
Epoch duration: 111.708184004

Epoch 17/1000
Epoch training duration: 15.2965159416
Train	AUC[ROC]: 0.999570	AUC[PR]: 0.781580
Val	AUC[ROC]: 0.862707	AUC[PR]: 0.181682
Epoch evaluation duration: 97.9369361401
Epoch duration: 113.233452082

Epoch 18/1000
Epoch training duration: 15.1303138733
Train	AUC[ROC]: 0.999661	AUC[PR]: 0.806095
Val	AUC[ROC]: 0.868033	AUC[PR]: 0.192274
Epoch evaluation duration: 97.7848651409
Epoch duration: 112.915179014

Epoch 19/1000
Epoch training duration: 14.8823490143
Train	AUC[ROC]: 0.999640	AUC[PR]: 0.798256
Val	AUC[ROC]: 0.849181	AUC[PR]: 0.190584
Epoch evaluation duration: 95.8366138935
Epoch duration: 110.718962908

Epoch 20/1000
Epoch training duration: 15.3369069099
Train	AUC[ROC]: 0.999777	AUC[PR]: 0.857568
Val	AUC[ROC]: 0.849722	AUC[PR]: 0.209770
Epoch evaluation duration: 97.1401510239
Epoch duration: 112.477057934

Epoch 21/1000
Epoch training duration: 14.6802551746
Train	AUC[ROC]: 0.999802	AUC[PR]: 0.871116
Val	AUC[ROC]: 0.864676	AUC[PR]: 0.213060
Epoch evaluation duration: 95.7009789944
Epoch duration: 110.381234169

Epoch 22/1000
Epoch training duration: 14.6515009403
Train	AUC[ROC]: 0.999835	AUC[PR]: 0.889669
Val	AUC[ROC]: 0.867505	AUC[PR]: 0.204822
Epoch evaluation duration: 96.7941269875
Epoch duration: 111.445627928

Epoch 23/1000
Epoch training duration: 15.6982278824
Train	AUC[ROC]: 0.999882	AUC[PR]: 0.918613
Val	AUC[ROC]: 0.848674	AUC[PR]: 0.180474
Epoch evaluation duration: 96.2638959885
Epoch duration: 111.962123871

Epoch 24/1000
Epoch training duration: 15.82625103
Train	AUC[ROC]: 0.999931	AUC[PR]: 0.951383
Val	AUC[ROC]: 0.856771	AUC[PR]: 0.216975
Epoch evaluation duration: 97.7231509686
Epoch duration: 113.549401999

Epoch 25/1000
Epoch training duration: 15.4328570366
Train	AUC[ROC]: 0.999940	AUC[PR]: 0.957457
Val	AUC[ROC]: 0.869051	AUC[PR]: 0.220512
Epoch evaluation duration: 95.8744211197
Epoch duration: 111.307278156

Epoch 26/1000
Epoch training duration: 15.6848130226
Train	AUC[ROC]: 0.999960	AUC[PR]: 0.970829
Val	AUC[ROC]: 0.872363	AUC[PR]: 0.211334
Epoch evaluation duration: 97.8208339214
Epoch duration: 113.505646944

Epoch 27/1000
Epoch training duration: 15.490404129
Train	AUC[ROC]: 0.999970	AUC[PR]: 0.978461
Val	AUC[ROC]: 0.863715	AUC[PR]: 0.235733
Epoch evaluation duration: 94.9440259933
Epoch duration: 110.434430122

Epoch 28/1000
Epoch training duration: 15.5061428547
Train	AUC[ROC]: 0.999986	AUC[PR]: 0.989085
Val	AUC[ROC]: 0.891263	AUC[PR]: 0.218724
Epoch evaluation duration: 98.0994899273
Epoch duration: 113.605632782

Epoch 29/1000
Epoch training duration: 15.604019165
Train	AUC[ROC]: 0.999988	AUC[PR]: 0.990642
Val	AUC[ROC]: 0.870159	AUC[PR]: 0.199948
Epoch evaluation duration: 94.5521490574
Epoch duration: 110.156168222

Epoch 30/1000
Epoch training duration: 15.4399189949
Train	AUC[ROC]: 0.999994	AUC[PR]: 0.995447
Val	AUC[ROC]: 0.865897	AUC[PR]: 0.203876
Epoch evaluation duration: 95.3913879395
Epoch duration: 110.831306934

Epoch 31/1000
Epoch training duration: 15.1981289387
Train	AUC[ROC]: 0.999996	AUC[PR]: 0.997032
Val	AUC[ROC]: 0.875742	AUC[PR]: 0.213476
Epoch evaluation duration: 95.105643034
Epoch duration: 110.303771973

Epoch 32/1000
Epoch training duration: 15.1163010597
Train	AUC[ROC]: 0.999996	AUC[PR]: 0.996951
Val	AUC[ROC]: 0.860576	AUC[PR]: 0.215979
Epoch evaluation duration: 94.4599688053
Epoch duration: 109.576269865

Epoch 33/1000
Epoch training duration: 14.7372500896
Train	AUC[ROC]: 0.999997	AUC[PR]: 0.997838
Val	AUC[ROC]: 0.876569	AUC[PR]: 0.216970
Epoch evaluation duration: 96.9430370331
Epoch duration: 111.680287123

Epoch 34/1000
Epoch training duration: 15.4918460846
Train	AUC[ROC]: 0.999999	AUC[PR]: 0.999270
Val	AUC[ROC]: 0.865051	AUC[PR]: 0.231975
Epoch evaluation duration: 97.7674939632
Epoch duration: 113.259340048

Epoch 35/1000
Epoch training duration: 15.7544598579
Train	AUC[ROC]: 0.999999	AUC[PR]: 0.999356
Val	AUC[ROC]: 0.858507	AUC[PR]: 0.236331
Epoch evaluation duration: 97.1851251125
Epoch duration: 112.93958497

Epoch 36/1000
Epoch training duration: 14.6107308865
Train	AUC[ROC]: 0.999999	AUC[PR]: 0.999257
Val	AUC[ROC]: 0.855317	AUC[PR]: 0.226705
Epoch evaluation duration: 95.3828630447
Epoch duration: 109.993593931

Epoch 37/1000
Epoch training duration: 15.1105890274
Train	AUC[ROC]: 0.999999	AUC[PR]: 0.999548
Val	AUC[ROC]: 0.855588	AUC[PR]: 0.220678
Epoch evaluation duration: 97.9739780426
Epoch duration: 113.08456707

Epoch 38/1000
Epoch training duration: 15.3812630177
Train	AUC[ROC]: 0.999999	AUC[PR]: 0.999444
Val	AUC[ROC]: 0.842277	AUC[PR]: 0.198903
Epoch evaluation duration: 88.558866024
Epoch duration: 103.940129042

Epoch 39/1000
Epoch training duration: 13.921104908
Train	AUC[ROC]: 1.000000	AUC[PR]: 0.999695
Val	AUC[ROC]: 0.859033	AUC[PR]: 0.207412
Epoch evaluation duration: 111.135945082
Epoch duration: 125.05704999

Epoch 40/1000
Epoch training duration: 16.9582169056
Train	AUC[ROC]: 0.999999	AUC[PR]: 0.999266
Val	AUC[ROC]: 0.857487	AUC[PR]: 0.199859
Epoch evaluation duration: 115.661015034
Epoch duration: 132.619231939

Epoch 41/1000
Epoch training duration: 18.2101159096
Train	AUC[ROC]: 0.999999	AUC[PR]: 0.999511
Val	AUC[ROC]: 0.849548	AUC[PR]: 0.207264
Epoch evaluation duration: 118.811087132
Epoch duration: 137.021203041

Epoch 42/1000
Epoch training duration: 15.747385025
Train	AUC[ROC]: 1.000000	AUC[PR]: 0.999670
Val	AUC[ROC]: 0.849850	AUC[PR]: 0.207448
Epoch evaluation duration: 116.002560854
Epoch duration: 131.749945879

Epoch 43/1000
Epoch training duration: 17.6150979996
Train	AUC[ROC]: 0.999999	AUC[PR]: 0.999171
Val	AUC[ROC]: 0.867559	AUC[PR]: 0.227604
Epoch evaluation duration: 117.096307993
Epoch duration: 134.711405993

Epoch 44/1000
Epoch training duration: 18.6740641594
Train	AUC[ROC]: 1.000000	AUC[PR]: 0.999937
Val	AUC[ROC]: 0.857848	AUC[PR]: 0.198666
Epoch evaluation duration: 117.841830969
Epoch duration: 136.515895128

Epoch 45/1000
Epoch training duration: 15.6805448532
Train	AUC[ROC]: 0.999999	AUC[PR]: 0.999125
Val	AUC[ROC]: 0.873508	AUC[PR]: 0.183360
Epoch evaluation duration: 121.691098213
Epoch duration: 137.371643066

Epoch 46/1000
Epoch training duration: 16.1817419529
Train	AUC[ROC]: 0.999999	AUC[PR]: 0.998632
Val	AUC[ROC]: 0.845302	AUC[PR]: 0.195717
Epoch evaluation duration: 117.399081945
Epoch duration: 133.580823898

Epoch 47/1000
Epoch training duration: 17.5242528915
Train	AUC[ROC]: 1.000000	AUC[PR]: 0.999780
Val	AUC[ROC]: 0.858666	AUC[PR]: 0.192457
Epoch evaluation duration: 115.898787022
Epoch duration: 133.423039913

Epoch 48/1000
Epoch training duration: 16.9955821037
Train	AUC[ROC]: 0.999999	AUC[PR]: 0.999068
Val	AUC[ROC]: 0.850288	AUC[PR]: 0.199975
Epoch evaluation duration: 112.313589096
Epoch duration: 129.3091712

Epoch 49/1000
Epoch training duration: 17.8593828678
Train	AUC[ROC]: 1.000000	AUC[PR]: 0.999824
Val	AUC[ROC]: 0.839957	AUC[PR]: 0.206370
Epoch evaluation duration: 115.505573034
Epoch duration: 133.364955902

Epoch 50/1000
Epoch training duration: 16.0383610725
Train	AUC[ROC]: 1.000000	AUC[PR]: 0.999893
Val	AUC[ROC]: 0.850677	AUC[PR]: 0.198342
Epoch evaluation duration: 115.029836893
Epoch duration: 131.068197966

Epoch 51/1000
Epoch training duration: 19.7596170902
Train	AUC[ROC]: 1.000000	AUC[PR]: 0.999653
Val	AUC[ROC]: 0.843206	AUC[PR]: 0.189446
Epoch evaluation duration: 119.780768871
Epoch duration: 139.540385962

Epoch 52/1000
Epoch training duration: 18.3508999348
Train	AUC[ROC]: 1.000000	AUC[PR]: 0.999799
Val	AUC[ROC]: 0.817112	AUC[PR]: 0.188590
Epoch evaluation duration: 116.215363026
Epoch duration: 134.56626296

Epoch 53/1000
Epoch training duration: 15.7985510826
Train	AUC[ROC]: 0.999999	AUC[PR]: 0.999480
Val	AUC[ROC]: 0.845350	AUC[PR]: 0.177702
Epoch evaluation duration: 117.04755497
Epoch duration: 132.846106052

Epoch 54/1000
Epoch training duration: 18.2869679928
Train	AUC[ROC]: 1.000000	AUC[PR]: 0.999859
Val	AUC[ROC]: 0.827973	AUC[PR]: 0.180444
Epoch evaluation duration: 113.968034983
Epoch duration: 132.255002975

Epoch 55/1000
Epoch training duration: 18.5546720028
Train	AUC[ROC]: 1.000000	AUC[PR]: 0.999841
Val	AUC[ROC]: 0.802732	AUC[PR]: 0.186199
Epoch evaluation duration: 115.512956142
Epoch duration: 134.067628145

Epoch 56/1000
Epoch training duration: 16.6088399887
Train	AUC[ROC]: 1.000000	AUC[PR]: 0.999911
Val	AUC[ROC]: 0.819303	AUC[PR]: 0.183660
Epoch evaluation duration: 115.419908047
Epoch duration: 132.028748035

Epoch 57/1000
Epoch training duration: 17.907542944
Train	AUC[ROC]: 1.000000	AUC[PR]: 0.999830
Val	AUC[ROC]: 0.831600	AUC[PR]: 0.181692
Epoch evaluation duration: 112.822365046
Epoch duration: 130.72990799

Epoch 58/1000
Epoch training duration: 17.9335889816
Train	AUC[ROC]: 1.000000	AUC[PR]: 0.999849
Val	AUC[ROC]: 0.854257	AUC[PR]: 0.190534
Epoch evaluation duration: 104.911295891
Epoch duration: 122.844884872

Epoch 59/1000
Epoch training duration: 15.4384529591
Train	AUC[ROC]: 1.000000	AUC[PR]: 0.999885
Val	AUC[ROC]: 0.838438	AUC[PR]: 0.192894
Epoch evaluation duration: 110.605132103
Epoch duration: 126.043585062

Epoch 60/1000
Epoch training duration: 15.7713830471
Train	AUC[ROC]: 1.000000	AUC[PR]: 0.999884
Val	AUC[ROC]: 0.847880	AUC[PR]: 0.203643
Epoch evaluation duration: 116.321012974
Epoch duration: 132.092396021

Epoch 61/1000
Epoch training duration: 16.6439650059
Train	AUC[ROC]: 1.000000	AUC[PR]: 0.999883
Val	AUC[ROC]: 0.856005	AUC[PR]: 0.194411
Epoch evaluation duration: 117.667351961
Epoch duration: 134.311316967

Epoch 62/1000
Epoch training duration: 15.5302269459
Train	AUC[ROC]: 1.000000	AUC[PR]: 0.999792
Val	AUC[ROC]: 0.859752	AUC[PR]: 0.183850
Epoch evaluation duration: 113.257616043
Epoch duration: 128.787842989

Epoch 63/1000
Epoch training duration: 15.2027060986
Train	AUC[ROC]: 0.999999	AUC[PR]: 0.999504
Val	AUC[ROC]: 0.840500	AUC[PR]: 0.191025
Epoch evaluation duration: 111.37733078
Epoch duration: 126.580036879

Epoch 64/1000
Epoch training duration: 17.0256121159
Train	AUC[ROC]: 1.000000	AUC[PR]: 0.999866
Val	AUC[ROC]: 0.828459	AUC[PR]: 0.174374
Epoch evaluation duration: 118.06375289
Epoch duration: 135.089365005

Epoch 65/1000
Epoch training duration: 17.6254889965
Train	AUC[ROC]: 1.000000	AUC[PR]: 0.999903
Val	AUC[ROC]: 0.849445	AUC[PR]: 0.192678
Epoch evaluation duration: 115.817835093
Epoch duration: 133.443324089

Epoch 66/1000
Epoch training duration: 17.1531829834
Train	AUC[ROC]: 1.000000	AUC[PR]: 0.999735
Val	AUC[ROC]: 0.864212	AUC[PR]: 0.199057
Epoch evaluation duration: 116.273281097
Epoch duration: 133.426464081

Epoch 67/1000
Epoch training duration: 15.4494669437
Train	AUC[ROC]: 1.000000	AUC[PR]: 0.999884
Val	AUC[ROC]: 0.849679	AUC[PR]: 0.179386
Epoch evaluation duration: 117.585737944
Epoch duration: 133.035204887

Epoch 68/1000
Epoch training duration: 16.6170890331
Train	AUC[ROC]: 0.999998	AUC[PR]: 0.998024
Val	AUC[ROC]: 0.856054	AUC[PR]: 0.170137
Epoch evaluation duration: 120.77203393
Epoch duration: 137.389122963

Epoch 69/1000
Epoch training duration: 17.5110940933
Train	AUC[ROC]: 1.000000	AUC[PR]: 0.999756
Val	AUC[ROC]: 0.868839	AUC[PR]: 0.181108
Epoch evaluation duration: 121.25679493
Epoch duration: 138.767889023

Epoch 70/1000
Epoch training duration: 16.2371621132
Train	AUC[ROC]: 1.000000	AUC[PR]: 0.999884
Val	AUC[ROC]: 0.830714	AUC[PR]: 0.188925
Epoch evaluation duration: 119.833293915
Epoch duration: 136.070456028

Epoch 71/1000
Epoch training duration: 16.2456159592
Train	AUC[ROC]: 1.000000	AUC[PR]: 0.999876
Val	AUC[ROC]: 0.817755	AUC[PR]: 0.170159
Epoch evaluation duration: 114.205865145
Epoch duration: 130.451481104

Epoch 72/1000
Epoch training duration: 18.8160099983
Train	AUC[ROC]: 0.999999	AUC[PR]: 0.998925
Val	AUC[ROC]: 0.842882	AUC[PR]: 0.171735
Epoch evaluation duration: 114.882122993
Epoch duration: 133.698132992

Epoch 73/1000
Epoch training duration: 16.2843580246
Train	AUC[ROC]: 0.999999	AUC[PR]: 0.999573
Val	AUC[ROC]: 0.839100	AUC[PR]: 0.188508
Epoch evaluation duration: 112.24670887
Epoch duration: 128.531066895

Epoch 74/1000
Epoch training duration: 16.369066
Train	AUC[ROC]: 1.000000	AUC[PR]: 0.999893
Val	AUC[ROC]: 0.820442	AUC[PR]: 0.157866
Epoch evaluation duration: 120.541805029
Epoch duration: 136.910871029

Epoch 75/1000
Epoch training duration: 16.3554480076
Train	AUC[ROC]: 0.999999	AUC[PR]: 0.999462
Val	AUC[ROC]: 0.826096	AUC[PR]: 0.150517
Epoch evaluation duration: 116.412833929
Epoch duration: 132.768281937

Epoch 76/1000
Epoch training duration: 16.917468071
Train	AUC[ROC]: 0.999999	AUC[PR]: 0.999536
Val	AUC[ROC]: 0.800836	AUC[PR]: 0.168090
Epoch evaluation duration: 114.464314938
Epoch duration: 131.381783009

Epoch 77/1000
Epoch training duration: 18.5762381554
Train	AUC[ROC]: 1.000000	AUC[PR]: 0.999812
Val	AUC[ROC]: 0.825608	AUC[PR]: 0.170829
Epoch evaluation duration: 115.059002876
Epoch duration: 133.635241032

Epoch 78/1000
Epoch training duration: 15.4787409306
Train	AUC[ROC]: 0.999999	AUC[PR]: 0.999497
Val	AUC[ROC]: 0.837537	AUC[PR]: 0.166404
Epoch evaluation duration: 117.22501421
Epoch duration: 132.70375514

Epoch 79/1000
Epoch training duration: 16.6394898891
Train	AUC[ROC]: 0.999999	AUC[PR]: 0.998988
Val	AUC[ROC]: 0.820870	AUC[PR]: 0.174694
Epoch evaluation duration: 119.862562895
Epoch duration: 136.502052784

Epoch 80/1000
Epoch training duration: 18.3740491867
Train	AUC[ROC]: 1.000000	AUC[PR]: 0.999832
Val	AUC[ROC]: 0.833881	AUC[PR]: 0.165490
Epoch evaluation duration: 116.727422953
Epoch duration: 135.101472139

Epoch 81/1000
Epoch training duration: 16.7437748909
Train	AUC[ROC]: 0.999997	AUC[PR]: 0.997116
Val	AUC[ROC]: 0.781226	AUC[PR]: 0.144909
Epoch evaluation duration: 123.944992065
Epoch duration: 140.688766956

Epoch 82/1000
Epoch training duration: 16.7116680145
Train	AUC[ROC]: 0.999998	AUC[PR]: 0.997600
Val	AUC[ROC]: 0.808109	AUC[PR]: 0.169648
Epoch evaluation duration: 119.877532959
Epoch duration: 136.589200974

Epoch 83/1000
Epoch training duration: 18.3535249233
Train	AUC[ROC]: 0.999999	AUC[PR]: 0.999120
Val	AUC[ROC]: 0.809551	AUC[PR]: 0.177506
Epoch evaluation duration: 121.756323099
Epoch duration: 140.109848022

Epoch 84/1000
Epoch training duration: 16.6724119186
Train	AUC[ROC]: 1.000000	AUC[PR]: 0.999624
Val	AUC[ROC]: 0.775256	AUC[PR]: 0.178838
Epoch evaluation duration: 118.05607605
Epoch duration: 134.728487968

Epoch 85/1000
Epoch training duration: 15.2640841007
Train	AUC[ROC]: 1.000000	AUC[PR]: 0.999850
Val	AUC[ROC]: 0.808842	AUC[PR]: 0.173886
Epoch evaluation duration: 116.536257982
Epoch duration: 131.800342083

Epoch 86/1000
Epoch training duration: 17.6896739006
Train	AUC[ROC]: 0.999999	AUC[PR]: 0.999219
Val	AUC[ROC]: 0.807187	AUC[PR]: 0.166334
Epoch evaluation duration: 118.085172176
Epoch duration: 135.774846077

Epoch 87/1000
Epoch training duration: 15.5832028389
Train	AUC[ROC]: 1.000000	AUC[PR]: 0.999849
Val	AUC[ROC]: 0.817046	AUC[PR]: 0.169081
Epoch evaluation duration: 112.05027914
Epoch duration: 127.633481979

Epoch 88/1000
Epoch training duration: 16.541946888
Train	AUC[ROC]: 1.000000	AUC[PR]: 0.999761
Val	AUC[ROC]: 0.826158	AUC[PR]: 0.173567
Epoch evaluation duration: 121.887994051
Epoch duration: 138.429940939

Epoch 89/1000
Epoch training duration: 16.5006439686
Train	AUC[ROC]: 1.000000	AUC[PR]: 0.999664
Val	AUC[ROC]: 0.787699	AUC[PR]: 0.175207
Epoch evaluation duration: 113.578572035
Epoch duration: 130.079216003

Epoch 90/1000
Epoch training duration: 16.8753578663
Train	AUC[ROC]: 1.000000	AUC[PR]: 0.999823
Val	AUC[ROC]: 0.824566	AUC[PR]: 0.183711
Epoch evaluation duration: 115.380511999
Epoch duration: 132.255869865

Epoch 91/1000
Epoch training duration: 16.5172431469
Train	AUC[ROC]: 1.000000	AUC[PR]: 0.999828
Val	AUC[ROC]: 0.823519	AUC[PR]: 0.183183
Epoch evaluation duration: 114.701377869
Epoch duration: 131.218621016

Epoch 92/1000
Epoch training duration: 17.0886981487
Train	AUC[ROC]: 0.999999	AUC[PR]: 0.999163
Val	AUC[ROC]: 0.849974	AUC[PR]: 0.178070
Epoch evaluation duration: 115.744737864
Epoch duration: 132.833436012

Epoch 93/1000
Epoch training duration: 17.9147660732
Train	AUC[ROC]: 0.999904	AUC[PR]: 0.997069
Val	AUC[ROC]: 0.812372	AUC[PR]: 0.175697
Epoch evaluation duration: 112.883388996
Epoch duration: 130.798155069

Epoch 94/1000
Epoch training duration: 16.4056971073
Train	AUC[ROC]: 0.999997	AUC[PR]: 0.995206
Val	AUC[ROC]: 0.809199	AUC[PR]: 0.185042
Epoch evaluation duration: 118.854172945
Epoch duration: 135.259870052

Epoch 95/1000
Epoch training duration: 16.4431369305
Train	AUC[ROC]: 0.999998	AUC[PR]: 0.997523
Val	AUC[ROC]: 0.788874	AUC[PR]: 0.175702
Epoch evaluation duration: 121.63618207
Epoch duration: 138.079319

Epoch 96/1000
Epoch training duration: 19.6343910694
Train	AUC[ROC]: 0.999996	AUC[PR]: 0.998514
Val	AUC[ROC]: 0.797512	AUC[PR]: 0.181075
Epoch evaluation duration: 112.47345686
Epoch duration: 132.107847929

Epoch 97/1000
Epoch training duration: 16.854031086
Train	AUC[ROC]: 0.999997	AUC[PR]: 0.998264
Val	AUC[ROC]: 0.808855	AUC[PR]: 0.177733
Epoch evaluation duration: 115.801372051
Epoch duration: 132.655403137

Epoch 98/1000
Epoch training duration: 16.6739079952
Train	AUC[ROC]: 1.000000	AUC[PR]: 0.999920
Val	AUC[ROC]: 0.814264	AUC[PR]: 0.151335
Epoch evaluation duration: 113.754748821
Epoch duration: 130.428656816

Epoch 99/1000
Epoch training duration: 16.8673169613
Train	AUC[ROC]: 0.999999	AUC[PR]: 0.999221
Val	AUC[ROC]: 0.803200	AUC[PR]: 0.181132
Epoch evaluation duration: 113.611746073
Epoch duration: 130.479063034

Epoch 100/1000
Epoch training duration: 15.257997036
Train	AUC[ROC]: 1.000000	AUC[PR]: 0.999937
Val	AUC[ROC]: 0.779066	AUC[PR]: 0.182665
Epoch evaluation duration: 114.135582924
Epoch duration: 129.39357996

Epoch 101/1000
Epoch training duration: 17.4514839649
Train	AUC[ROC]: 1.000000	AUC[PR]: 0.999929
Val	AUC[ROC]: 0.819600	AUC[PR]: 0.174399
Epoch evaluation duration: 116.041511059
Epoch duration: 133.492995024

Epoch 102/1000
Epoch training duration: 17.2437691689
Train	AUC[ROC]: 0.999998	AUC[PR]: 0.998232
Val	AUC[ROC]: 0.836298	AUC[PR]: 0.163920
Epoch evaluation duration: 123.105838776
Epoch duration: 140.349607944

Epoch 103/1000
Epoch training duration: 15.0478792191
Train	AUC[ROC]: 1.000000	AUC[PR]: 0.999844
Val	AUC[ROC]: 0.822442	AUC[PR]: 0.176906
Epoch evaluation duration: 116.995279789
Epoch duration: 132.043159008

Epoch 104/1000
Epoch training duration: 17.2055351734
Train	AUC[ROC]: 1.000000	AUC[PR]: 0.999911
Val	AUC[ROC]: 0.822980	AUC[PR]: 0.171767
Epoch evaluation duration: 119.679203987
Epoch duration: 136.884739161

Epoch 105/1000
Epoch training duration: 16.6166470051
Train	AUC[ROC]: 1.000000	AUC[PR]: 0.999946
Val	AUC[ROC]: 0.835719	AUC[PR]: 0.178296
Epoch evaluation duration: 118.802788973
Epoch duration: 135.419435978

Epoch 106/1000
Epoch training duration: 15.2941329479
Train	AUC[ROC]: 0.999995	AUC[PR]: 0.996967
Val	AUC[ROC]: 0.829419	AUC[PR]: 0.169474
Epoch evaluation duration: 116.20065403
Epoch duration: 131.494786978

Epoch 107/1000
Epoch training duration: 17.374147892
Train	AUC[ROC]: 0.999967	AUC[PR]: 0.997296
Val	AUC[ROC]: 0.790708	AUC[PR]: 0.170230
Epoch evaluation duration: 115.401017189
Epoch duration: 132.775165081

Epoch 108/1000
Epoch training duration: 16.0313529968
Train	AUC[ROC]: 0.999999	AUC[PR]: 0.999588
Val	AUC[ROC]: 0.826839	AUC[PR]: 0.189320
Epoch evaluation duration: 118.230155945
Epoch duration: 134.261508942

Epoch 109/1000
Epoch training duration: 16.271488905
Train	AUC[ROC]: 0.999999	AUC[PR]: 0.999333
Val	AUC[ROC]: 0.773568	AUC[PR]: 0.180229
Epoch evaluation duration: 118.89708209
Epoch duration: 135.168570995

Epoch 110/1000
Epoch training duration: 17.5492999554
Train	AUC[ROC]: 1.000000	AUC[PR]: 0.999894
Val	AUC[ROC]: 0.812306	AUC[PR]: 0.185930
Epoch evaluation duration: 114.727900982
Epoch duration: 132.277200937

Epoch 111/1000
Epoch training duration: 17.1788320541
Train	AUC[ROC]: 0.999999	AUC[PR]: 0.999075
Val	AUC[ROC]: 0.819910	AUC[PR]: 0.194860
Epoch evaluation duration: 118.505528927
Epoch duration: 135.684360981

Epoch 112/1000
Epoch training duration: 15.7840440273
Train	AUC[ROC]: 0.999998	AUC[PR]: 0.997831
Val	AUC[ROC]: 0.829144	AUC[PR]: 0.186378
Epoch evaluation duration: 115.9535079
Epoch duration: 131.737551928

Epoch 113/1000
Epoch training duration: 16.3669102192
Train	AUC[ROC]: 1.000000	AUC[PR]: 0.999946
Val	AUC[ROC]: 0.828828	AUC[PR]: 0.185858
Epoch evaluation duration: 118.260648966
Epoch duration: 134.627559185

Epoch 114/1000
Epoch training duration: 16.8774838448
Train	AUC[ROC]: 1.000000	AUC[PR]: 0.999659
Val	AUC[ROC]: 0.812472	AUC[PR]: 0.179629
Epoch evaluation duration: 116.862253189
Epoch duration: 133.739737034

Epoch 115/1000
Epoch training duration: 17.272589922
Train	AUC[ROC]: 1.000000	AUC[PR]: 0.999793
Val	AUC[ROC]: 0.810078	AUC[PR]: 0.192733
Epoch evaluation duration: 117.099893093
Epoch duration: 134.372483015

Epoch 116/1000
Epoch training duration: 15.9714369774
Train	AUC[ROC]: 0.999997	AUC[PR]: 0.996507
Val	AUC[ROC]: 0.818748	AUC[PR]: 0.185728
Epoch evaluation duration: 120.713815928
Epoch duration: 136.685252905

Epoch 117/1000
Epoch training duration: 15.8862578869
Train	AUC[ROC]: 0.999994	AUC[PR]: 0.987513
Val	AUC[ROC]: 0.814982	AUC[PR]: 0.182242
Epoch evaluation duration: 121.424307108
Epoch duration: 137.310564995

Epoch 118/1000
Epoch training duration: 18.4831380844
Train	AUC[ROC]: 1.000000	AUC[PR]: 0.999850
Val	AUC[ROC]: 0.803349	AUC[PR]: 0.194292
Epoch evaluation duration: 116.244128942
Epoch duration: 134.727267027

Epoch 119/1000
Epoch training duration: 16.4478318691
Train	AUC[ROC]: 1.000000	AUC[PR]: 0.999946
Val	AUC[ROC]: 0.801421	AUC[PR]: 0.152772
Epoch evaluation duration: 114.683224201
Epoch duration: 131.13105607

Epoch 120/1000
Epoch training duration: 17.2639839649
Train	AUC[ROC]: 1.000000	AUC[PR]: 0.999929
Val	AUC[ROC]: 0.840918	AUC[PR]: 0.172799
Epoch evaluation duration: 118.356873035
Epoch duration: 135.620857

Epoch 121/1000
Epoch training duration: 17.1541399956
Train	AUC[ROC]: 1.000000	AUC[PR]: 0.999705
Val	AUC[ROC]: 0.837514	AUC[PR]: 0.167425
Epoch evaluation duration: 115.181513786
Epoch duration: 132.335653782

Epoch 122/1000
Epoch training duration: 15.7234940529
Train	AUC[ROC]: 1.000000	AUC[PR]: 0.999946
Val	AUC[ROC]: 0.813592	AUC[PR]: 0.153823
Epoch evaluation duration: 117.248286009
Epoch duration: 132.971780062

Epoch 123/1000
Epoch training duration: 16.6955399513
Train	AUC[ROC]: 1.000000	AUC[PR]: 0.999938
Val	AUC[ROC]: 0.817982	AUC[PR]: 0.158142
Epoch evaluation duration: 119.481981993
Epoch duration: 136.177521944

Epoch 124/1000
Epoch training duration: 15.7665531635
Train	AUC[ROC]: 1.000000	AUC[PR]: 0.999938
Val	AUC[ROC]: 0.809862	AUC[PR]: 0.167818
Epoch evaluation duration: 121.536942959
Epoch duration: 137.303496122

Epoch 125/1000
Epoch training duration: 16.7167890072
Train	AUC[ROC]: 1.000000	AUC[PR]: 0.999911
Val	AUC[ROC]: 0.823675	AUC[PR]: 0.154391
Epoch evaluation duration: 113.615517855
Epoch duration: 130.332306862

Epoch 126/1000
Epoch training duration: 17.3818371296
Train	AUC[ROC]: 1.000000	AUC[PR]: 0.999790
Val	AUC[ROC]: 0.808022	AUC[PR]: 0.150263
Epoch evaluation duration: 119.197086096
Epoch duration: 136.578923225

Epoch 127/1000
Epoch training duration: 17.4236798286
Train	AUC[ROC]: 0.999998	AUC[PR]: 0.997628
Val	AUC[ROC]: 0.807246	AUC[PR]: 0.161628
Epoch evaluation duration: 118.655846119
Epoch duration: 136.079525948

Epoch 128/1000
Epoch training duration: 15.2921948433
Train	AUC[ROC]: 1.000000	AUC[PR]: 0.999946
Val	AUC[ROC]: 0.820830	AUC[PR]: 0.171772
Epoch evaluation duration: 115.144688129
Epoch duration: 130.436882973

Epoch 129/1000
Epoch training duration: 17.7620339394
Train	AUC[ROC]: 1.000000	AUC[PR]: 0.999946
Val	AUC[ROC]: 0.797739	AUC[PR]: 0.167981
Epoch evaluation duration: 115.96323204
Epoch duration: 133.72526598

Epoch 130/1000
Epoch training duration: 16.3415000439
Train	AUC[ROC]: 1.000000	AUC[PR]: 0.999629
Val	AUC[ROC]: 0.808291	AUC[PR]: 0.180433
Epoch evaluation duration: 120.220413923
Epoch duration: 136.561913967

Epoch 131/1000
Epoch training duration: 17.2633879185
Train	AUC[ROC]: 1.000000	AUC[PR]: 0.999893
Val	AUC[ROC]: 0.831222	AUC[PR]: 0.207175
Epoch evaluation duration: 120.606597185
Epoch duration: 137.869985104

Epoch 132/1000
Epoch training duration: 17.3681378365
Train	AUC[ROC]: 1.000000	AUC[PR]: 0.999892
Val	AUC[ROC]: 0.810480	AUC[PR]: 0.164445
Epoch evaluation duration: 117.159840107
Epoch duration: 134.527977943

Epoch 133/1000
Epoch training duration: 16.2774369717
Train	AUC[ROC]: 1.000000	AUC[PR]: 0.999650
Val	AUC[ROC]: 0.814050	AUC[PR]: 0.160990
Epoch evaluation duration: 119.927778006
Epoch duration: 136.205214977

Epoch 134/1000
Epoch training duration: 15.5390930176
Train	AUC[ROC]: 1.000000	AUC[PR]: 0.999695
Val	AUC[ROC]: 0.823460	AUC[PR]: 0.166311
Epoch evaluation duration: 114.78006506
Epoch duration: 130.319158077

Epoch 135/1000
Epoch training duration: 17.5886948109
Train	AUC[ROC]: 1.000000	AUC[PR]: 0.999865
Val	AUC[ROC]: 0.819805	AUC[PR]: 0.181080
Epoch evaluation duration: 117.081516027
Epoch duration: 134.670210838

Epoch 136/1000
Epoch training duration: 15.5407521725
Train	AUC[ROC]: 1.000000	AUC[PR]: 0.999893
Val	AUC[ROC]: 0.851412	AUC[PR]: 0.191485
Epoch evaluation duration: 113.139128923
Epoch duration: 128.679881096

Epoch 137/1000
Epoch training duration: 16.0613179207
Train	AUC[ROC]: 1.000000	AUC[PR]: 0.999846
Val	AUC[ROC]: 0.831768	AUC[PR]: 0.183028
Epoch evaluation duration: 118.07814002
Epoch duration: 134.139457941

Epoch 138/1000
Epoch training duration: 16.8884501457
Train	AUC[ROC]: 1.000000	AUC[PR]: 0.999856
Val	AUC[ROC]: 0.853530	AUC[PR]: 0.182770
Epoch evaluation duration: 113.136528015
Epoch duration: 130.024978161

Epoch 139/1000
Epoch training duration: 16.0197408199
Train	AUC[ROC]: 0.999997	AUC[PR]: 0.998643
Val	AUC[ROC]: 0.812381	AUC[PR]: 0.169291
Epoch evaluation duration: 113.21113801
Epoch duration: 129.23087883

Epoch 140/1000
Epoch training duration: 17.7555260658
Train	AUC[ROC]: 1.000000	AUC[PR]: 0.999764
Val	AUC[ROC]: 0.838171	AUC[PR]: 0.178408
Epoch evaluation duration: 117.409682035
Epoch duration: 135.165208101

Epoch 141/1000
Epoch training duration: 15.3775320053
Train	AUC[ROC]: 1.000000	AUC[PR]: 0.999937
Val	AUC[ROC]: 0.807708	AUC[PR]: 0.165994
Epoch evaluation duration: 112.673079967
Epoch duration: 128.050611973

Epoch 142/1000
Epoch training duration: 17.2521948814
Train	AUC[ROC]: 1.000000	AUC[PR]: 0.999705
Val	AUC[ROC]: 0.821652	AUC[PR]: 0.192817
Epoch evaluation duration: 118.364848137
Epoch duration: 135.617043018

Epoch 143/1000
Epoch training duration: 15.623144865
Train	AUC[ROC]: 1.000000	AUC[PR]: 0.999929
Val	AUC[ROC]: 0.824859	AUC[PR]: 0.174334
Epoch evaluation duration: 115.997864008
Epoch duration: 131.621008873

Epoch 144/1000
Epoch training duration: 14.7464270592
Train	AUC[ROC]: 1.000000	AUC[PR]: 0.999929
Val	AUC[ROC]: 0.828263	AUC[PR]: 0.184883
Epoch evaluation duration: 114.880736113
Epoch duration: 129.627163172

Epoch 145/1000
Epoch training duration: 16.8868279457
Train	AUC[ROC]: 1.000000	AUC[PR]: 0.999895
Val	AUC[ROC]: 0.827919	AUC[PR]: 0.186619
Epoch evaluation duration: 118.733000994
Epoch duration: 135.619828939

Epoch 146/1000
Epoch training duration: 15.2644250393
Train	AUC[ROC]: 1.000000	AUC[PR]: 0.999919
Val	AUC[ROC]: 0.850491	AUC[PR]: 0.168130
Epoch evaluation duration: 117.631928921
Epoch duration: 132.89635396

Epoch 147/1000
Epoch training duration: 17.1791470051
Train	AUC[ROC]: 1.000000	AUC[PR]: 0.999760
Val	AUC[ROC]: 0.815160	AUC[PR]: 0.150895
Epoch evaluation duration: 115.866729975
Epoch duration: 133.04587698

Epoch 148/1000
Epoch training duration: 16.7607929707
Train	AUC[ROC]: 1.000000	AUC[PR]: 0.999928
Val	AUC[ROC]: 0.839568	AUC[PR]: 0.166281
Epoch evaluation duration: 111.650320053
Epoch duration: 128.411113024

Epoch 149/1000
Epoch training duration: 15.2508831024
Train	AUC[ROC]: 1.000000	AUC[PR]: 0.999903
Val	AUC[ROC]: 0.828507	AUC[PR]: 0.151983
Epoch evaluation duration: 117.699187994
Epoch duration: 132.950071096

Epoch 150/1000
Epoch training duration: 16.2846138477
Train	AUC[ROC]: 1.000000	AUC[PR]: 0.999946
Val	AUC[ROC]: 0.842132	AUC[PR]: 0.170184
Epoch evaluation duration: 121.394394159
Epoch duration: 137.679008007

Epoch 151/1000
Epoch training duration: 15.4720568657
Train	AUC[ROC]: 1.000000	AUC[PR]: 0.999920
Val	AUC[ROC]: 0.827952	AUC[PR]: 0.151586
Epoch evaluation duration: 118.162985086
Epoch duration: 133.635041952

Epoch 152/1000
Epoch training duration: 17.6658880711
Train	AUC[ROC]: 1.000000	AUC[PR]: 0.999874
Val	AUC[ROC]: 0.835450	AUC[PR]: 0.163543
Epoch evaluation duration: 116.019571781
Epoch duration: 133.685459852

Epoch 153/1000
Epoch training duration: 16.9640190601
Train	AUC[ROC]: 1.000000	AUC[PR]: 0.999937
Val	AUC[ROC]: 0.809215	AUC[PR]: 0.178474
Epoch evaluation duration: 119.735249043
Epoch duration: 136.699268103

Epoch 154/1000
Epoch training duration: 16.2921750546
Train	AUC[ROC]: 1.000000	AUC[PR]: 0.999910
Val	AUC[ROC]: 0.812778	AUC[PR]: 0.193166
Epoch evaluation duration: 113.952467918
Epoch duration: 130.244642973

Epoch 155/1000
Epoch training duration: 17.7717249393
Train	AUC[ROC]: 1.000000	AUC[PR]: 0.999812
Val	AUC[ROC]: 0.819981	AUC[PR]: 0.170232
Epoch evaluation duration: 111.30492115
Epoch duration: 129.07664609

Epoch 156/1000
Epoch training duration: 17.4326798916
Train	AUC[ROC]: 1.000000	AUC[PR]: 0.999874
Val	AUC[ROC]: 0.808610	AUC[PR]: 0.178350
Epoch evaluation duration: 108.221051931
Epoch duration: 125.653731823

Epoch 157/1000
Epoch training duration: 18.0619761944
Train	AUC[ROC]: 1.000000	AUC[PR]: 0.999929
Val	AUC[ROC]: 0.802788	AUC[PR]: 0.171562
Epoch evaluation duration: 112.421324968
Epoch duration: 130.483301163

Epoch 158/1000
Epoch training duration: 16.1102459431
Train	AUC[ROC]: 1.000000	AUC[PR]: 0.999920
Val	AUC[ROC]: 0.821299	AUC[PR]: 0.178566
Epoch evaluation duration: 116.520695925
Epoch duration: 132.630941868

Epoch 159/1000
Epoch training duration: 19.0154511929
Train	AUC[ROC]: 0.999998	AUC[PR]: 0.998185
Val	AUC[ROC]: 0.794912	AUC[PR]: 0.172068
Epoch evaluation duration: 114.202422857
Epoch duration: 133.21787405

Epoch 160/1000
Epoch training duration: 16.5631270409
Train	AUC[ROC]: 1.000000	AUC[PR]: 0.999937
Val	AUC[ROC]: 0.813044	AUC[PR]: 0.188960
Epoch evaluation duration: 117.651032925
Epoch duration: 134.214159966

Epoch 161/1000
Epoch training duration: 17.3029520512
Train	AUC[ROC]: 1.000000	AUC[PR]: 0.999928
Val	AUC[ROC]: 0.820318	AUC[PR]: 0.181435
Epoch evaluation duration: 112.948138952
Epoch duration: 130.251091003

Epoch 162/1000
Epoch training duration: 16.7386550903
Train	AUC[ROC]: 0.999999	AUC[PR]: 0.999517
Val	AUC[ROC]: 0.796635	AUC[PR]: 0.172851
Epoch evaluation duration: 116.186531067
Epoch duration: 132.925186157

Epoch 163/1000
Epoch training duration: 18.004529953
Train	AUC[ROC]: 1.000000	AUC[PR]: 0.999946
Val	AUC[ROC]: 0.809442	AUC[PR]: 0.175592
Epoch evaluation duration: 116.286104918
Epoch duration: 134.290634871

Epoch 164/1000
Epoch training duration: 17.0042669773
Train	AUC[ROC]: 1.000000	AUC[PR]: 0.999838
Val	AUC[ROC]: 0.816425	AUC[PR]: 0.173857
Epoch evaluation duration: 121.073922157
Epoch duration: 138.078189135

Epoch 165/1000
Epoch training duration: 17.1372640133
Train	AUC[ROC]: 1.000000	AUC[PR]: 0.999853
Val	AUC[ROC]: 0.799811	AUC[PR]: 0.170367
Epoch evaluation duration: 112.613945961
Epoch duration: 129.751209974

Epoch 166/1000
Epoch training duration: 15.1216878891
Train	AUC[ROC]: 1.000000	AUC[PR]: 0.999946
Val	AUC[ROC]: 0.827020	AUC[PR]: 0.184545
Epoch evaluation duration: 111.76137805
Epoch duration: 126.883065939

Epoch 167/1000
Epoch training duration: 17.6081380844
Train	AUC[ROC]: 1.000000	AUC[PR]: 0.999946
Val	AUC[ROC]: 0.816046	AUC[PR]: 0.179768
Epoch evaluation duration: 116.127082825
Epoch duration: 133.735220909

Epoch 168/1000
Epoch training duration: 16.7356650829
Train	AUC[ROC]: 0.999999	AUC[PR]: 0.998851
Val	AUC[ROC]: 0.816204	AUC[PR]: 0.177725
Epoch evaluation duration: 115.018745899
Epoch duration: 131.754410982

Epoch 169/1000
Epoch training duration: 16.1786811352
Train	AUC[ROC]: 0.999999	AUC[PR]: 0.998977
Val	AUC[ROC]: 0.807620	AUC[PR]: 0.189382
Epoch evaluation duration: 116.882766962
Epoch duration: 133.061448097

Epoch 170/1000
Epoch training duration: 17.3320889473
Train	AUC[ROC]: 1.000000	AUC[PR]: 0.999946
Val	AUC[ROC]: 0.782396	AUC[PR]: 0.181073
Epoch evaluation duration: 114.436997175
Epoch duration: 131.769086123

Epoch 171/1000
Epoch training duration: 16.5360019207
Train	AUC[ROC]: 1.000000	AUC[PR]: 0.999783
Val	AUC[ROC]: 0.815895	AUC[PR]: 0.190942
Epoch evaluation duration: 115.023511887
Epoch duration: 131.559513807

Epoch 172/1000
Epoch training duration: 17.6290590763
Train	AUC[ROC]: 1.000000	AUC[PR]: 0.999946
Val	AUC[ROC]: 0.820540	AUC[PR]: 0.183922
Epoch evaluation duration: 114.399605036
Epoch duration: 132.028664112

Epoch 173/1000
Epoch training duration: 15.6751818657
Train	AUC[ROC]: 1.000000	AUC[PR]: 0.999818
Val	AUC[ROC]: 0.845227	AUC[PR]: 0.174940
Epoch evaluation duration: 118.245974064
Epoch duration: 133.92115593

Epoch 174/1000
Epoch training duration: 17.2040159702
Train	AUC[ROC]: 0.999996	AUC[PR]: 0.998423
Val	AUC[ROC]: 0.799087	AUC[PR]: 0.177248
Epoch evaluation duration: 113.339246988
Epoch duration: 130.543262959

Epoch 175/1000
Epoch training duration: 17.4067139626
Train	AUC[ROC]: 1.000000	AUC[PR]: 0.999901
Val	AUC[ROC]: 0.832776	AUC[PR]: 0.191981
Epoch evaluation duration: 108.978316069
Epoch duration: 126.385030031

Epoch 176/1000
Epoch training duration: 16.5631611347
Train	AUC[ROC]: 1.000000	AUC[PR]: 0.999911
Val	AUC[ROC]: 0.807003	AUC[PR]: 0.184951
Epoch evaluation duration: 116.59410882
Epoch duration: 133.157269955

Epoch 177/1000
Epoch training duration: 16.3669490814
Train	AUC[ROC]: 1.000000	AUC[PR]: 0.999893
Val	AUC[ROC]: 0.806088	AUC[PR]: 0.192676
Epoch evaluation duration: 116.498322964
Epoch duration: 132.865272045

Epoch 178/1000
Epoch training duration: 17.8423581123
Train	AUC[ROC]: 1.000000	AUC[PR]: 0.999929
Val	AUC[ROC]: 0.800058	AUC[PR]: 0.189825
Epoch evaluation duration: 122.701663017
Epoch duration: 140.54402113

Epoch 179/1000
Epoch training duration: 16.9424109459
Train	AUC[ROC]: 1.000000	AUC[PR]: 0.999938
Val	AUC[ROC]: 0.796960	AUC[PR]: 0.185925
Epoch evaluation duration: 114.060453892
Epoch duration: 131.002864838

Epoch 180/1000
Epoch training duration: 17.1291031837
Train	AUC[ROC]: 1.000000	AUC[PR]: 0.999606
Val	AUC[ROC]: 0.826147	AUC[PR]: 0.195341
Epoch evaluation duration: 115.306932926
Epoch duration: 132.43603611

Epoch 181/1000
Epoch training duration: 16.3205449581
Train	AUC[ROC]: 1.000000	AUC[PR]: 0.999946
Val	AUC[ROC]: 0.746512	AUC[PR]: 0.163440
Epoch evaluation duration: 115.235213041
Epoch duration: 131.555757999

Epoch 182/1000
Epoch training duration: 17.0558750629
Train	AUC[ROC]: 0.999998	AUC[PR]: 0.997846
Val	AUC[ROC]: 0.768804	AUC[PR]: 0.181065
Epoch evaluation duration: 115.260312796
Epoch duration: 132.316187859

Epoch 183/1000
Epoch training duration: 18.5310020447
Train	AUC[ROC]: 1.000000	AUC[PR]: 0.999920
Val	AUC[ROC]: 0.761245	AUC[PR]: 0.182280
Epoch evaluation duration: 115.964436054
Epoch duration: 134.495438099

Epoch 184/1000
Epoch training duration: 16.1321680546
Train	AUC[ROC]: 1.000000	AUC[PR]: 0.999938
Val	AUC[ROC]: 0.769164	AUC[PR]: 0.191656
Epoch evaluation duration: 115.143245935
Epoch duration: 131.27541399

Epoch 185/1000
Epoch training duration: 18.2629151344
Train	AUC[ROC]: 1.000000	AUC[PR]: 0.999684
Val	AUC[ROC]: 0.764223	AUC[PR]: 0.186151
Epoch evaluation duration: 114.801664829
Epoch duration: 133.064579964

Epoch 186/1000
Epoch training duration: 16.051058054
Train	AUC[ROC]: 0.999999	AUC[PR]: 0.998956
Val	AUC[ROC]: 0.786539	AUC[PR]: 0.186304
Epoch evaluation duration: 112.869426012
Epoch duration: 128.920484066

Epoch 187/1000
Epoch training duration: 19.461220026
Train	AUC[ROC]: 1.000000	AUC[PR]: 0.999856
Val	AUC[ROC]: 0.798225	AUC[PR]: 0.175121
Epoch evaluation duration: 112.687046051
Epoch duration: 132.148266077

Epoch 188/1000
Epoch training duration: 15.5855720043
Train	AUC[ROC]: 1.000000	AUC[PR]: 0.999938
Val	AUC[ROC]: 0.790774	AUC[PR]: 0.197664
Epoch evaluation duration: 112.792521954
Epoch duration: 128.378093958

Epoch 189/1000
Epoch training duration: 16.6544489861
Train	AUC[ROC]: 1.000000	AUC[PR]: 0.999946
Val	AUC[ROC]: 0.806777	AUC[PR]: 0.201147
Epoch evaluation duration: 111.894806862
Epoch duration: 128.549255848

Epoch 190/1000
Epoch training duration: 16.7793631554
Train	AUC[ROC]: 1.000000	AUC[PR]: 0.999920
Val	AUC[ROC]: 0.807384	AUC[PR]: 0.194096
Epoch evaluation duration: 115.887923956
Epoch duration: 132.667287111

Epoch 191/1000
Epoch training duration: 17.6783139706
Train	AUC[ROC]: 1.000000	AUC[PR]: 0.999946
Val	AUC[ROC]: 0.796221	AUC[PR]: 0.191560
Epoch evaluation duration: 116.580060005
Epoch duration: 134.258373976

Epoch 192/1000
Epoch training duration: 17.4791209698
Train	AUC[ROC]: 1.000000	AUC[PR]: 0.999836
Val	AUC[ROC]: 0.780762	AUC[PR]: 0.189893
Epoch evaluation duration: 122.249145031
Epoch duration: 139.728266001

Epoch 193/1000
Epoch training duration: 16.4927051067
Train	AUC[ROC]: 1.000000	AUC[PR]: 0.999868
Val	AUC[ROC]: 0.795020	AUC[PR]: 0.158653
Epoch evaluation duration: 115.274320841
Epoch duration: 131.767025948

Epoch 194/1000
Epoch training duration: 16.2771170139
Train	AUC[ROC]: 1.000000	AUC[PR]: 0.999794
Val	AUC[ROC]: 0.794089	AUC[PR]: 0.169254
Epoch evaluation duration: 117.656727076
Epoch duration: 133.93384409

Epoch 195/1000
Epoch training duration: 17.9147698879
Train	AUC[ROC]: 1.000000	AUC[PR]: 0.999946
Val	AUC[ROC]: 0.778080	AUC[PR]: 0.152969
Epoch evaluation duration: 117.568454027
Epoch duration: 135.483223915

Epoch 196/1000
Epoch training duration: 16.1885199547
Train	AUC[ROC]: 1.000000	AUC[PR]: 0.999929
Val	AUC[ROC]: 0.791786	AUC[PR]: 0.176076
Epoch evaluation duration: 116.260503054
Epoch duration: 132.449023008

Epoch 197/1000
Epoch training duration: 16.9646990299
Train	AUC[ROC]: 1.000000	AUC[PR]: 0.999928
Val	AUC[ROC]: 0.777850	AUC[PR]: 0.172874
Epoch evaluation duration: 118.20878005
Epoch duration: 135.17347908

Epoch 198/1000
Epoch training duration: 18.1868870258
Train	AUC[ROC]: 1.000000	AUC[PR]: 0.999800
Val	AUC[ROC]: 0.787333	AUC[PR]: 0.176948
Epoch evaluation duration: 114.853343964
Epoch duration: 133.040230989

Epoch 199/1000
Epoch training duration: 16.1514639854
Train	AUC[ROC]: 1.000000	AUC[PR]: 0.999929
Val	AUC[ROC]: 0.771219	AUC[PR]: 0.181841
Epoch evaluation duration: 116.243788958
Epoch duration: 132.395252943

Epoch 200/1000
Epoch training duration: 16.7057380676
Train	AUC[ROC]: 1.000000	AUC[PR]: 0.999929
Val	AUC[ROC]: 0.802800	AUC[PR]: 0.183754
Epoch evaluation duration: 109.773485899
Epoch duration: 126.479223967

Epoch 201/1000
Epoch training duration: 15.3314230442
Train	AUC[ROC]: 1.000000	AUC[PR]: 0.999946
Val	AUC[ROC]: 0.758562	AUC[PR]: 0.171961
Epoch evaluation duration: 118.650547028
Epoch duration: 133.981970072

Epoch 202/1000
Epoch training duration: 18.104031086
Train	AUC[ROC]: 1.000000	AUC[PR]: 0.999937
Val	AUC[ROC]: 0.780466	AUC[PR]: 0.175870
Epoch evaluation duration: 110.824680805
Epoch duration: 128.928711891

Epoch 203/1000
Epoch training duration: 17.6447341442
Train	AUC[ROC]: 0.999997	AUC[PR]: 0.995309
Val	AUC[ROC]: 0.782285	AUC[PR]: 0.166317
Epoch evaluation duration: 112.469794989
Epoch duration: 130.114529133

Epoch 204/1000
Epoch training duration: 17.4075479507
Train	AUC[ROC]: 0.999997	AUC[PR]: 0.994312
Val	AUC[ROC]: 0.777607	AUC[PR]: 0.178300
Epoch evaluation duration: 113.37735796
Epoch duration: 130.78490591

Epoch 205/1000
Epoch training duration: 16.8964271545
Train	AUC[ROC]: 1.000000	AUC[PR]: 0.999874
Val	AUC[ROC]: 0.772898	AUC[PR]: 0.186156
Epoch evaluation duration: 117.997656822
Epoch duration: 134.894083977

Epoch 206/1000
Epoch training duration: 15.2557730675
Train	AUC[ROC]: 1.000000	AUC[PR]: 0.999911
Val	AUC[ROC]: 0.793070	AUC[PR]: 0.179466
Epoch evaluation duration: 124.007543087
Epoch duration: 139.263316154

Epoch 207/1000
Epoch training duration: 16.0354208946
Train	AUC[ROC]: 1.000000	AUC[PR]: 0.999901
Val	AUC[ROC]: 0.788008	AUC[PR]: 0.183277
Epoch evaluation duration: 115.05984211
Epoch duration: 131.095263004

Epoch 208/1000
Epoch training duration: 16.6663210392
Train	AUC[ROC]: 1.000000	AUC[PR]: 0.999938
Val	AUC[ROC]: 0.790043	AUC[PR]: 0.177104
Epoch evaluation duration: 121.035090923
Epoch duration: 137.701411963

Epoch 209/1000
Epoch training duration: 16.8567380905
Train	AUC[ROC]: 1.000000	AUC[PR]: 0.999938
Val	AUC[ROC]: 0.790194	AUC[PR]: 0.193541
Epoch evaluation duration: 118.579638958
Epoch duration: 135.436377048

Epoch 210/1000
Epoch training duration: 15.5763199329
Train	AUC[ROC]: 1.000000	AUC[PR]: 0.999946
Val	AUC[ROC]: 0.770715	AUC[PR]: 0.192269
Epoch evaluation duration: 115.784669876
Epoch duration: 131.360989809

Epoch 211/1000
Epoch training duration: 15.5186390877
Train	AUC[ROC]: 1.000000	AUC[PR]: 0.999946
Val	AUC[ROC]: 0.776606	AUC[PR]: 0.181988
Epoch evaluation duration: 114.489634991
Epoch duration: 130.008274078

Epoch 212/1000
Epoch training duration: 17.7962629795
Train	AUC[ROC]: 1.000000	AUC[PR]: 0.999946
Val	AUC[ROC]: 0.781607	AUC[PR]: 0.184149
Epoch evaluation duration: 116.171988964
Epoch duration: 133.968251944

Epoch 213/1000
Epoch training duration: 17.9241189957
Train	AUC[ROC]: 1.000000	AUC[PR]: 0.999736
Val	AUC[ROC]: 0.778363	AUC[PR]: 0.187880
Epoch evaluation duration: 113.132524014
Epoch duration: 131.056643009

Epoch 214/1000
Epoch training duration: 15.5997171402
Train	AUC[ROC]: 1.000000	AUC[PR]: 0.999946
Val	AUC[ROC]: 0.756608	AUC[PR]: 0.173258
Epoch evaluation duration: 111.168051958
Epoch duration: 126.767769098

Epoch 215/1000
Epoch training duration: 16.3936290741
Train	AUC[ROC]: 1.000000	AUC[PR]: 0.999636
Val	AUC[ROC]: 0.784796	AUC[PR]: 0.178997
Epoch evaluation duration: 115.797972918
Epoch duration: 132.191601992

Epoch 216/1000
Epoch training duration: 15.8077719212
Train	AUC[ROC]: 1.000000	AUC[PR]: 0.999937
Val	AUC[ROC]: 0.743396	AUC[PR]: 0.184653
Epoch evaluation duration: 119.25632906
Epoch duration: 135.064100981

Epoch 217/1000
Epoch training duration: 17.3916549683
Train	AUC[ROC]: 1.000000	AUC[PR]: 0.999877
Val	AUC[ROC]: 0.784320	AUC[PR]: 0.170011
Epoch evaluation duration: 118.076065063
Epoch duration: 135.467720032

Epoch 218/1000
Epoch training duration: 16.7589678764
Train	AUC[ROC]: 1.000000	AUC[PR]: 0.999946
Val	AUC[ROC]: 0.799603	AUC[PR]: 0.177185
Epoch evaluation duration: 117.512109041
Epoch duration: 134.271076918

Epoch 219/1000
Epoch training duration: 15.8736720085
Train	AUC[ROC]: 1.000000	AUC[PR]: 0.999920
Val	AUC[ROC]: 0.774756	AUC[PR]: 0.184782
Epoch evaluation duration: 119.000777006
Epoch duration: 134.874449015

Epoch 220/1000
Epoch training duration: 15.3831470013
Train	AUC[ROC]: 1.000000	AUC[PR]: 0.999946
Val	AUC[ROC]: 0.793810	AUC[PR]: 0.158744
Epoch evaluation duration: 114.505702019
Epoch duration: 129.88884902

Epoch 221/1000
Epoch training duration: 16.0369000435
Train	AUC[ROC]: 1.000000	AUC[PR]: 0.999946
Val	AUC[ROC]: 0.793550	AUC[PR]: 0.161473
Epoch evaluation duration: 113.542078972
Epoch duration: 129.578979015

Epoch 222/1000
Epoch training duration: 16.4806480408
Train	AUC[ROC]: 1.000000	AUC[PR]: 0.999946
Val	AUC[ROC]: 0.768377	AUC[PR]: 0.143542
Epoch evaluation duration: 116.608344078
Epoch duration: 133.088992119

Epoch 223/1000
Epoch training duration: 17.5733017921
Train	AUC[ROC]: 1.000000	AUC[PR]: 0.999946
Val	AUC[ROC]: 0.783801	AUC[PR]: 0.162390
Epoch evaluation duration: 113.618229151
Epoch duration: 131.191530943

Epoch 224/1000
Epoch training duration: 17.165858984
Train	AUC[ROC]: 1.000000	AUC[PR]: 0.999937
Val	AUC[ROC]: 0.763473	AUC[PR]: 0.160161
Epoch evaluation duration: 117.844482899
Epoch duration: 135.010341883

Epoch 225/1000
Epoch training duration: 17.4478111267
Train	AUC[ROC]: 1.000000	AUC[PR]: 0.999946
Val	AUC[ROC]: 0.789773	AUC[PR]: 0.163972
Epoch evaluation duration: 118.327712059
Epoch duration: 135.775523186

Epoch 226/1000
Epoch training duration: 16.8585438728
Train	AUC[ROC]: 1.000000	AUC[PR]: 0.999856
Val	AUC[ROC]: 0.772115	AUC[PR]: 0.158470
Epoch evaluation duration: 118.951900005
Epoch duration: 135.810443878

Epoch 227/1000
Epoch training duration: 16.8273370266
Train	AUC[ROC]: 1.000000	AUC[PR]: 0.999946
Val	AUC[ROC]: 0.755580	AUC[PR]: 0.166719
Epoch evaluation duration: 121.77986598
Epoch duration: 138.607203007

Epoch 228/1000
Epoch training duration: 16.7494409084
Train	AUC[ROC]: 1.000000	AUC[PR]: 0.999937
Val	AUC[ROC]: 0.755817	AUC[PR]: 0.160790
Epoch evaluation duration: 117.864214182
Epoch duration: 134.61365509

Epoch 229/1000
Epoch training duration: 17.7226018906
Train	AUC[ROC]: 1.000000	AUC[PR]: 0.999920
Val	AUC[ROC]: 0.763439	AUC[PR]: 0.166238
Epoch evaluation duration: 111.178534031
Epoch duration: 128.901135921

train precision: 0.989085440893
train roc: 0.999986149823
train hit in top 2563: 334.0 out of 334.0

val precision: 0.218724151084
val roc: 0.891262715024
val hit in top 427: 33.0 out of 55.0

test precision: 0.288586905348
test roc: 0.930706531002
test hit in top 427: 35.0 out of 55.0

ratio: 0.02, EF: 33.6363636364,	active: 55.0
ratio: 0.02, NEF: 0.672727272727
ratio: 0.01, EF: 63.6363636364,	active: 55.0
ratio: 0.01, NEF: 0.636363636364
ratio: 0.0015, EF: 242.424242424,	active: 55.0
ratio: 0.0015, NEF: 0.363636363636
ratio: 0.001, EF: 309.090909091,	active: 55.0
ratio: 0.001, NEF: 0.404761904762

