label_name_list  [u'PriA-SSB AS Activity']
train files  ['../datasets/keck_pria/fold_0.csv' '../datasets/keck_pria/fold_1.csv'
 '../datasets/keck_pria/fold_2.csv' '../datasets/keck_pria/fold_3.csv'
 '../datasets/keck_pria/fold_4.csv' '../datasets/keck_pria/fold_5.csv'
 '../datasets/keck_pria/fold_6.csv' '../datasets/keck_pria/fold_7.csv']
val files  ['../datasets/keck_pria/fold_8.csv']
test files  ['../datasets/keck_pria/fold_9.csv']
Class Weight  [{0: 0.5, 1: 0.5}]
Epoch 1/1000
Epoch training duration: 10.3451759815
Train	AUC[ROC]: 0.653048	AUC[PR]: 0.003795
Val	AUC[ROC]: 0.662107	AUC[PR]: 0.007522
Epoch evaluation duration: 65.9029128551
Epoch duration: 76.2480888367

Epoch 2/1000
Epoch training duration: 9.93351101875
Train	AUC[ROC]: 0.759429	AUC[PR]: 0.018701
Val	AUC[ROC]: 0.704782	AUC[PR]: 0.027410
Epoch evaluation duration: 66.8765211105
Epoch duration: 76.8100321293

Epoch 3/1000
Epoch training duration: 10.6164300442
Train	AUC[ROC]: 0.816775	AUC[PR]: 0.050077
Val	AUC[ROC]: 0.735396	AUC[PR]: 0.032671
Epoch evaluation duration: 63.0709629059
Epoch duration: 73.6873929501

Epoch 4/1000
Epoch training duration: 12.2185549736
Train	AUC[ROC]: 0.848521	AUC[PR]: 0.088530
Val	AUC[ROC]: 0.744419	AUC[PR]: 0.022430
Epoch evaluation duration: 72.9921340942
Epoch duration: 85.2106890678

Epoch 5/1000
Epoch training duration: 11.123664856
Train	AUC[ROC]: 0.892566	AUC[PR]: 0.170740
Val	AUC[ROC]: 0.737638	AUC[PR]: 0.060742
Epoch evaluation duration: 67.1833930016
Epoch duration: 78.3070578575

Epoch 6/1000
Epoch training duration: 10.7652180195
Train	AUC[ROC]: 0.921956	AUC[PR]: 0.244769
Val	AUC[ROC]: 0.749777	AUC[PR]: 0.079213
Epoch evaluation duration: 72.5312621593
Epoch duration: 83.2964801788

Epoch 7/1000
Epoch training duration: 9.80525493622
Train	AUC[ROC]: 0.951595	AUC[PR]: 0.309529
Val	AUC[ROC]: 0.794908	AUC[PR]: 0.136552
Epoch evaluation duration: 77.1060118675
Epoch duration: 86.9112668037

Epoch 8/1000
Epoch training duration: 10.4323801994
Train	AUC[ROC]: 0.975760	AUC[PR]: 0.389860
Val	AUC[ROC]: 0.819132	AUC[PR]: 0.151763
Epoch evaluation duration: 72.0892598629
Epoch duration: 82.5216400623

Epoch 9/1000
Epoch training duration: 10.8450450897
Train	AUC[ROC]: 0.983127	AUC[PR]: 0.428146
Val	AUC[ROC]: 0.837920	AUC[PR]: 0.159104
Epoch evaluation duration: 69.5532269478
Epoch duration: 80.3982720375

Epoch 10/1000
Epoch training duration: 10.7655010223
Train	AUC[ROC]: 0.991899	AUC[PR]: 0.510920
Val	AUC[ROC]: 0.857107	AUC[PR]: 0.157287
Epoch evaluation duration: 71.1995508671
Epoch duration: 81.9650518894

Epoch 11/1000
Epoch training duration: 11.0208950043
Train	AUC[ROC]: 0.995181	AUC[PR]: 0.557113
Val	AUC[ROC]: 0.860234	AUC[PR]: 0.179368
Epoch evaluation duration: 63.4051880836
Epoch duration: 74.4260830879

Epoch 12/1000
Epoch training duration: 10.4084000587
Train	AUC[ROC]: 0.997596	AUC[PR]: 0.608156
Val	AUC[ROC]: 0.880893	AUC[PR]: 0.176942
Epoch evaluation duration: 63.8671419621
Epoch duration: 74.2755420208

Epoch 13/1000
Epoch training duration: 11.2185659409
Train	AUC[ROC]: 0.998715	AUC[PR]: 0.628129
Val	AUC[ROC]: 0.911062	AUC[PR]: 0.190728
Epoch evaluation duration: 68.9868180752
Epoch duration: 80.205384016

Epoch 14/1000
Epoch training duration: 9.96971392632
Train	AUC[ROC]: 0.999301	AUC[PR]: 0.687732
Val	AUC[ROC]: 0.906505	AUC[PR]: 0.204963
Epoch evaluation duration: 61.8611831665
Epoch duration: 71.8308970928

Epoch 15/1000
Epoch training duration: 10.6995298862
Train	AUC[ROC]: 0.999446	AUC[PR]: 0.706550
Val	AUC[ROC]: 0.904456	AUC[PR]: 0.234812
Epoch evaluation duration: 59.3175919056
Epoch duration: 70.0171217918

Epoch 16/1000
Epoch training duration: 10.8430080414
Train	AUC[ROC]: 0.999604	AUC[PR]: 0.771032
Val	AUC[ROC]: 0.904307	AUC[PR]: 0.220912
Epoch evaluation duration: 65.5768799782
Epoch duration: 76.4198880196

Epoch 17/1000
Epoch training duration: 10.3811790943
Train	AUC[ROC]: 0.999635	AUC[PR]: 0.773414
Val	AUC[ROC]: 0.925504	AUC[PR]: 0.238407
Epoch evaluation duration: 65.4382050037
Epoch duration: 75.8193840981

Epoch 18/1000
Epoch training duration: 9.98941588402
Train	AUC[ROC]: 0.999808	AUC[PR]: 0.869462
Val	AUC[ROC]: 0.922183	AUC[PR]: 0.212812
Epoch evaluation duration: 62.9744591713
Epoch duration: 72.9638750553

Epoch 19/1000
Epoch training duration: 10.7695558071
Train	AUC[ROC]: 0.999817	AUC[PR]: 0.877560
Val	AUC[ROC]: 0.927511	AUC[PR]: 0.206293
Epoch evaluation duration: 69.7486460209
Epoch duration: 80.518201828

Epoch 20/1000
Epoch training duration: 10.6913011074
Train	AUC[ROC]: 0.999878	AUC[PR]: 0.918326
Val	AUC[ROC]: 0.918451	AUC[PR]: 0.201145
Epoch evaluation duration: 69.8866648674
Epoch duration: 80.5779659748

Epoch 21/1000
Epoch training duration: 9.9434671402
Train	AUC[ROC]: 0.999899	AUC[PR]: 0.931791
Val	AUC[ROC]: 0.931055	AUC[PR]: 0.202845
Epoch evaluation duration: 69.6583030224
Epoch duration: 79.6017701626

Epoch 22/1000
Epoch training duration: 11.8441269398
Train	AUC[ROC]: 0.999933	AUC[PR]: 0.952949
Val	AUC[ROC]: 0.922518	AUC[PR]: 0.201903
Epoch evaluation duration: 57.995415926
Epoch duration: 69.8395428658

Epoch 23/1000
Epoch training duration: 11.2883210182
Train	AUC[ROC]: 0.999978	AUC[PR]: 0.983759
Val	AUC[ROC]: 0.918910	AUC[PR]: 0.191151
Epoch evaluation duration: 63.0284881592
Epoch duration: 74.3168091774

Epoch 24/1000
Epoch training duration: 11.0291149616
Train	AUC[ROC]: 0.999983	AUC[PR]: 0.986746
Val	AUC[ROC]: 0.904945	AUC[PR]: 0.204162
Epoch evaluation duration: 73.2714159489
Epoch duration: 84.3005309105

Epoch 25/1000
Epoch training duration: 12.543432951
Train	AUC[ROC]: 0.999988	AUC[PR]: 0.989811
Val	AUC[ROC]: 0.913452	AUC[PR]: 0.196051
Epoch evaluation duration: 63.6027891636
Epoch duration: 76.1462221146

Epoch 26/1000
Epoch training duration: 11.0944299698
Train	AUC[ROC]: 0.999990	AUC[PR]: 0.992352
Val	AUC[ROC]: 0.921347	AUC[PR]: 0.208737
Epoch evaluation duration: 72.3410568237
Epoch duration: 83.4354867935

Epoch 27/1000
Epoch training duration: 10.49477911
Train	AUC[ROC]: 0.999997	AUC[PR]: 0.997167
Val	AUC[ROC]: 0.912863	AUC[PR]: 0.186471
Epoch evaluation duration: 71.9756639004
Epoch duration: 82.4704430103

Epoch 28/1000
Epoch training duration: 9.80171108246
Train	AUC[ROC]: 0.999998	AUC[PR]: 0.998270
Val	AUC[ROC]: 0.922124	AUC[PR]: 0.200832
Epoch evaluation duration: 68.6812250614
Epoch duration: 78.4829361439

Epoch 29/1000
Epoch training duration: 10.316272974
Train	AUC[ROC]: 0.999999	AUC[PR]: 0.998907
Val	AUC[ROC]: 0.917562	AUC[PR]: 0.177064
Epoch evaluation duration: 63.2241010666
Epoch duration: 73.5403740406

Epoch 30/1000
Epoch training duration: 11.1326990128
Train	AUC[ROC]: 0.999999	AUC[PR]: 0.999150
Val	AUC[ROC]: 0.899473	AUC[PR]: 0.192335
Epoch evaluation duration: 69.9924499989
Epoch duration: 81.1251490116

Epoch 31/1000
Epoch training duration: 11.6659297943
Train	AUC[ROC]: 0.999999	AUC[PR]: 0.999153
Val	AUC[ROC]: 0.903542	AUC[PR]: 0.181880
Epoch evaluation duration: 70.3392651081
Epoch duration: 82.0051949024

Epoch 32/1000
Epoch training duration: 10.5130269527
Train	AUC[ROC]: 0.999999	AUC[PR]: 0.999530
Val	AUC[ROC]: 0.904033	AUC[PR]: 0.198983
Epoch evaluation duration: 65.6411700249
Epoch duration: 76.1541969776

Epoch 33/1000
Epoch training duration: 12.3714380264
Train	AUC[ROC]: 0.999999	AUC[PR]: 0.999110
Val	AUC[ROC]: 0.910158	AUC[PR]: 0.203677
Epoch evaluation duration: 68.121450901
Epoch duration: 80.4928889275

Epoch 34/1000
Epoch training duration: 10.4433200359
Train	AUC[ROC]: 1.000000	AUC[PR]: 0.999651
Val	AUC[ROC]: 0.903879	AUC[PR]: 0.190012
Epoch evaluation duration: 73.0088131428
Epoch duration: 83.4521331787

Epoch 35/1000
Epoch training duration: 10.6808028221
Train	AUC[ROC]: 0.999999	AUC[PR]: 0.999589
Val	AUC[ROC]: 0.911113	AUC[PR]: 0.166734
Epoch evaluation duration: 68.5992991924
Epoch duration: 79.2801020145

Epoch 36/1000
Epoch training duration: 12.6160948277
Train	AUC[ROC]: 0.999999	AUC[PR]: 0.999571
Val	AUC[ROC]: 0.885356	AUC[PR]: 0.162037
Epoch evaluation duration: 69.7669939995
Epoch duration: 82.3830888271

Epoch 37/1000
Epoch training duration: 10.9926359653
Train	AUC[ROC]: 0.999999	AUC[PR]: 0.998993
Val	AUC[ROC]: 0.894469	AUC[PR]: 0.164966
Epoch evaluation duration: 70.1905391216
Epoch duration: 81.183175087

Epoch 38/1000
Epoch training duration: 10.5398960114
Train	AUC[ROC]: 0.999999	AUC[PR]: 0.998965
Val	AUC[ROC]: 0.896863	AUC[PR]: 0.179663
Epoch evaluation duration: 70.5482029915
Epoch duration: 81.0880990028

Epoch 39/1000
Epoch training duration: 10.5923788548
Train	AUC[ROC]: 0.999998	AUC[PR]: 0.998408
Val	AUC[ROC]: 0.907911	AUC[PR]: 0.200013
Epoch evaluation duration: 65.910528183
Epoch duration: 76.5029070377

Epoch 40/1000
Epoch training duration: 10.4027268887
Train	AUC[ROC]: 1.000000	AUC[PR]: 0.999775
Val	AUC[ROC]: 0.891156	AUC[PR]: 0.165704
Epoch evaluation duration: 73.5202400684
Epoch duration: 83.9229669571

Epoch 41/1000
Epoch training duration: 10.5744788647
Train	AUC[ROC]: 0.999999	AUC[PR]: 0.998853
Val	AUC[ROC]: 0.895632	AUC[PR]: 0.194056
Epoch evaluation duration: 69.3917541504
Epoch duration: 79.9662330151

Epoch 42/1000
Epoch training duration: 11.4625768661
Train	AUC[ROC]: 1.000000	AUC[PR]: 0.999650
Val	AUC[ROC]: 0.868867	AUC[PR]: 0.196532
Epoch evaluation duration: 76.8710741997
Epoch duration: 88.3336510658

Epoch 43/1000
Epoch training duration: 11.5469918251
Train	AUC[ROC]: 1.000000	AUC[PR]: 0.999614
Val	AUC[ROC]: 0.889667	AUC[PR]: 0.193225
Epoch evaluation duration: 69.2344250679
Epoch duration: 80.781416893

Epoch 44/1000
Epoch training duration: 12.8127369881
Train	AUC[ROC]: 0.999999	AUC[PR]: 0.999255
Val	AUC[ROC]: 0.878394	AUC[PR]: 0.200952
Epoch evaluation duration: 69.2947390079
Epoch duration: 82.107475996

Epoch 45/1000
Epoch training duration: 11.1904289722
Train	AUC[ROC]: 0.999999	AUC[PR]: 0.998557
Val	AUC[ROC]: 0.868798	AUC[PR]: 0.165086
Epoch evaluation duration: 69.6832151413
Epoch duration: 80.8736441135

Epoch 46/1000
Epoch training duration: 11.5796918869
Train	AUC[ROC]: 0.999999	AUC[PR]: 0.999408
Val	AUC[ROC]: 0.871691	AUC[PR]: 0.181191
Epoch evaluation duration: 65.0204238892
Epoch duration: 76.6001157761

Epoch 47/1000
Epoch training duration: 11.5778381824
Train	AUC[ROC]: 1.000000	AUC[PR]: 0.999721
Val	AUC[ROC]: 0.867308	AUC[PR]: 0.149545
Epoch evaluation duration: 65.1498188972
Epoch duration: 76.7276570797

Epoch 48/1000
Epoch training duration: 10.7957599163
Train	AUC[ROC]: 0.999999	AUC[PR]: 0.999449
Val	AUC[ROC]: 0.877355	AUC[PR]: 0.166326
Epoch evaluation duration: 67.1632940769
Epoch duration: 77.9590539932

Epoch 49/1000
Epoch training duration: 11.0724799633
Train	AUC[ROC]: 0.999998	AUC[PR]: 0.998278
Val	AUC[ROC]: 0.878449	AUC[PR]: 0.175297
Epoch evaluation duration: 73.7110641003
Epoch duration: 84.7835440636

Epoch 50/1000
Epoch training duration: 11.1194500923
Train	AUC[ROC]: 0.999999	AUC[PR]: 0.999565
Val	AUC[ROC]: 0.875126	AUC[PR]: 0.148849
Epoch evaluation duration: 70.1702768803
Epoch duration: 81.2897269726

Epoch 51/1000
Epoch training duration: 11.4978079796
Train	AUC[ROC]: 0.999999	AUC[PR]: 0.999036
Val	AUC[ROC]: 0.847087	AUC[PR]: 0.140729
Epoch evaluation duration: 64.3558580875
Epoch duration: 75.8536660671

Epoch 52/1000
Epoch training duration: 11.8625209332
Train	AUC[ROC]: 0.999998	AUC[PR]: 0.998170
Val	AUC[ROC]: 0.868594	AUC[PR]: 0.152678
Epoch evaluation duration: 71.7337329388
Epoch duration: 83.5962538719

Epoch 53/1000
Epoch training duration: 11.3901629448
Train	AUC[ROC]: 0.999999	AUC[PR]: 0.999228
Val	AUC[ROC]: 0.857163	AUC[PR]: 0.155752
Epoch evaluation duration: 64.7521440983
Epoch duration: 76.1423070431

Epoch 54/1000
Epoch training duration: 11.2244050503
Train	AUC[ROC]: 0.999999	AUC[PR]: 0.999403
Val	AUC[ROC]: 0.832880	AUC[PR]: 0.136202
Epoch evaluation duration: 72.7466430664
Epoch duration: 83.9710481167

Epoch 55/1000
Epoch training duration: 11.445982933
Train	AUC[ROC]: 1.000000	AUC[PR]: 0.999755
Val	AUC[ROC]: 0.854168	AUC[PR]: 0.140228
Epoch evaluation duration: 66.3388659954
Epoch duration: 77.7848489285

Epoch 56/1000
Epoch training duration: 11.9076550007
Train	AUC[ROC]: 0.999996	AUC[PR]: 0.997469
Val	AUC[ROC]: 0.819092	AUC[PR]: 0.130340
Epoch evaluation duration: 68.1946880817
Epoch duration: 80.1023430824

Epoch 57/1000
Epoch training duration: 13.1249949932
Train	AUC[ROC]: 1.000000	AUC[PR]: 0.999676
Val	AUC[ROC]: 0.849506	AUC[PR]: 0.138276
Epoch evaluation duration: 72.5696358681
Epoch duration: 85.6946308613

Epoch 58/1000
Epoch training duration: 10.8266451359
Train	AUC[ROC]: 0.999999	AUC[PR]: 0.999173
Val	AUC[ROC]: 0.867383	AUC[PR]: 0.157531
Epoch evaluation duration: 72.4055998325
Epoch duration: 83.2322449684

Epoch 59/1000
Epoch training duration: 11.5875060558
Train	AUC[ROC]: 0.999993	AUC[PR]: 0.998064
Val	AUC[ROC]: 0.893560	AUC[PR]: 0.171674
Epoch evaluation duration: 75.0753929615
Epoch duration: 86.6628990173

Epoch 60/1000
Epoch training duration: 13.1618471146
Train	AUC[ROC]: 0.999998	AUC[PR]: 0.998405
Val	AUC[ROC]: 0.894139	AUC[PR]: 0.147384
Epoch evaluation duration: 69.834884882
Epoch duration: 82.9967319965

Epoch 61/1000
Epoch training duration: 11.7761530876
Train	AUC[ROC]: 0.999999	AUC[PR]: 0.999294
Val	AUC[ROC]: 0.884190	AUC[PR]: 0.156698
Epoch evaluation duration: 68.532558918
Epoch duration: 80.3087120056

Epoch 62/1000
Epoch training duration: 11.7599320412
Train	AUC[ROC]: 1.000000	AUC[PR]: 0.999854
Val	AUC[ROC]: 0.872310	AUC[PR]: 0.167340
Epoch evaluation duration: 68.8358609676
Epoch duration: 80.5957930088

Epoch 63/1000
Epoch training duration: 10.7527310848
Train	AUC[ROC]: 0.999992	AUC[PR]: 0.998128
Val	AUC[ROC]: 0.855473	AUC[PR]: 0.146482
Epoch evaluation duration: 68.0950038433
Epoch duration: 78.8477349281

Epoch 64/1000
Epoch training duration: 11.5073330402
Train	AUC[ROC]: 1.000000	AUC[PR]: 0.999691
Val	AUC[ROC]: 0.857615	AUC[PR]: 0.143110
Epoch evaluation duration: 69.9497580528
Epoch duration: 81.4570910931

Epoch 65/1000
Epoch training duration: 10.9517970085
Train	AUC[ROC]: 0.999999	AUC[PR]: 0.999333
Val	AUC[ROC]: 0.826420	AUC[PR]: 0.143803
Epoch evaluation duration: 71.4204940796
Epoch duration: 82.3722910881

Epoch 66/1000
Epoch training duration: 11.1174299717
Train	AUC[ROC]: 0.999866	AUC[PR]: 0.997008
Val	AUC[ROC]: 0.852454	AUC[PR]: 0.152041
Epoch evaluation duration: 70.5132558346
Epoch duration: 81.6306858063

Epoch 67/1000
Epoch training duration: 11.1684260368
Train	AUC[ROC]: 0.999998	AUC[PR]: 0.998564
Val	AUC[ROC]: 0.838874	AUC[PR]: 0.145159
Epoch evaluation duration: 73.0164241791
Epoch duration: 84.1848502159

Epoch 68/1000
Epoch training duration: 11.4284069538
Train	AUC[ROC]: 0.999999	AUC[PR]: 0.999240
Val	AUC[ROC]: 0.853391	AUC[PR]: 0.147567
Epoch evaluation duration: 69.543364048
Epoch duration: 80.9717710018

Epoch 69/1000
Epoch training duration: 12.8290219307
Train	AUC[ROC]: 0.999998	AUC[PR]: 0.998602
Val	AUC[ROC]: 0.839092	AUC[PR]: 0.134116
Epoch evaluation duration: 66.6986370087
Epoch duration: 79.5276589394

Epoch 70/1000
Epoch training duration: 11.7149329185
Train	AUC[ROC]: 0.999999	AUC[PR]: 0.999122
Val	AUC[ROC]: 0.846000	AUC[PR]: 0.132387
Epoch evaluation duration: 64.2473249435
Epoch duration: 75.9622578621

Epoch 71/1000
Epoch training duration: 12.4581170082
Train	AUC[ROC]: 0.999997	AUC[PR]: 0.998531
Val	AUC[ROC]: 0.852714	AUC[PR]: 0.144914
Epoch evaluation duration: 69.8744621277
Epoch duration: 82.3325791359

Epoch 72/1000
Epoch training duration: 11.0870199203
Train	AUC[ROC]: 0.999998	AUC[PR]: 0.999086
Val	AUC[ROC]: 0.841162	AUC[PR]: 0.146963
Epoch evaluation duration: 68.5874791145
Epoch duration: 79.6744990349

Epoch 73/1000
Epoch training duration: 10.9365718365
Train	AUC[ROC]: 0.999998	AUC[PR]: 0.998101
Val	AUC[ROC]: 0.846230	AUC[PR]: 0.136026
Epoch evaluation duration: 70.7642621994
Epoch duration: 81.7008340359

Epoch 74/1000
Epoch training duration: 11.5979700089
Train	AUC[ROC]: 0.999999	AUC[PR]: 0.999351
Val	AUC[ROC]: 0.851236	AUC[PR]: 0.134480
Epoch evaluation duration: 62.5395917892
Epoch duration: 74.1375617981

Epoch 75/1000
Epoch training duration: 10.7267911434
Train	AUC[ROC]: 0.999999	AUC[PR]: 0.999248
Val	AUC[ROC]: 0.828487	AUC[PR]: 0.143630
Epoch evaluation duration: 72.689098835
Epoch duration: 83.4158899784

Epoch 76/1000
Epoch training duration: 11.6390860081
Train	AUC[ROC]: 0.999999	AUC[PR]: 0.999585
Val	AUC[ROC]: 0.863344	AUC[PR]: 0.139331
Epoch evaluation duration: 73.922175169
Epoch duration: 85.5612611771

Epoch 77/1000
Epoch training duration: 11.1541190147
Train	AUC[ROC]: 0.999876	AUC[PR]: 0.997017
Val	AUC[ROC]: 0.814903	AUC[PR]: 0.140882
Epoch evaluation duration: 68.2923228741
Epoch duration: 79.4464418888

Epoch 78/1000
Epoch training duration: 11.2103321552
Train	AUC[ROC]: 0.999990	AUC[PR]: 0.996398
Val	AUC[ROC]: 0.826882	AUC[PR]: 0.135487
Epoch evaluation duration: 70.0591118336
Epoch duration: 81.2694439888

Epoch 79/1000
Epoch training duration: 11.7616519928
Train	AUC[ROC]: 0.999997	AUC[PR]: 0.995803
Val	AUC[ROC]: 0.830465	AUC[PR]: 0.137738
Epoch evaluation duration: 73.8815720081
Epoch duration: 85.6432240009

Epoch 80/1000
Epoch training duration: 10.8019800186
Train	AUC[ROC]: 0.999998	AUC[PR]: 0.998829
Val	AUC[ROC]: 0.837742	AUC[PR]: 0.133901
Epoch evaluation duration: 63.941576004
Epoch duration: 74.7435560226

Epoch 81/1000
Epoch training duration: 11.2789080143
Train	AUC[ROC]: 1.000000	AUC[PR]: 0.999878
Val	AUC[ROC]: 0.862825	AUC[PR]: 0.150564
Epoch evaluation duration: 73.6018970013
Epoch duration: 84.8808050156

Epoch 82/1000
Epoch training duration: 10.2450559139
Train	AUC[ROC]: 1.000000	AUC[PR]: 0.999648
Val	AUC[ROC]: 0.829598	AUC[PR]: 0.135936
Epoch evaluation duration: 42.1746921539
Epoch duration: 52.4197480679

Epoch 83/1000
Epoch training duration: 7.91130805016
Train	AUC[ROC]: 0.999998	AUC[PR]: 0.997615
Val	AUC[ROC]: 0.810888	AUC[PR]: 0.140322
Epoch evaluation duration: 37.3132939339
Epoch duration: 45.224601984

Epoch 84/1000
Epoch training duration: 8.13015794754
Train	AUC[ROC]: 1.000000	AUC[PR]: 0.999682
Val	AUC[ROC]: 0.778944	AUC[PR]: 0.122461
Epoch evaluation duration: 61.2015240192
Epoch duration: 69.3316819668

Epoch 85/1000
Epoch training duration: 10.8170669079
Train	AUC[ROC]: 1.000000	AUC[PR]: 0.999761
Val	AUC[ROC]: 0.797618	AUC[PR]: 0.147624
Epoch evaluation duration: 62.5312421322
Epoch duration: 73.3483090401

Epoch 86/1000
Epoch training duration: 10.6898429394
Train	AUC[ROC]: 0.998426	AUC[PR]: 0.997210
Val	AUC[ROC]: 0.812477	AUC[PR]: 0.145488
Epoch evaluation duration: 64.2379720211
Epoch duration: 74.9278149605

Epoch 87/1000
Epoch training duration: 11.0846040249
Train	AUC[ROC]: 0.999165	AUC[PR]: 0.997313
Val	AUC[ROC]: 0.815716	AUC[PR]: 0.133484
Epoch evaluation duration: 69.2027029991
Epoch duration: 80.287307024

Epoch 88/1000
Epoch training duration: 10.6748960018
Train	AUC[ROC]: 1.000000	AUC[PR]: 0.999730
Val	AUC[ROC]: 0.817230	AUC[PR]: 0.141375
Epoch evaluation duration: 73.1130690575
Epoch duration: 83.7879650593

Epoch 89/1000
Epoch training duration: 10.5967040062
Train	AUC[ROC]: 0.999999	AUC[PR]: 0.999590
Val	AUC[ROC]: 0.813143	AUC[PR]: 0.119806
Epoch evaluation duration: 70.111301899
Epoch duration: 80.7080059052

Epoch 90/1000
Epoch training duration: 10.7443749905
Train	AUC[ROC]: 0.999999	AUC[PR]: 0.999584
Val	AUC[ROC]: 0.813692	AUC[PR]: 0.124124
Epoch evaluation duration: 62.94394207
Epoch duration: 73.6883170605

Epoch 91/1000
Epoch training duration: 12.086509943
Train	AUC[ROC]: 1.000000	AUC[PR]: 0.999868
Val	AUC[ROC]: 0.833325	AUC[PR]: 0.128887
Epoch evaluation duration: 59.1944279671
Epoch duration: 71.2809379101

Epoch 92/1000
Epoch training duration: 9.66755509377
Train	AUC[ROC]: 0.999999	AUC[PR]: 0.999413
Val	AUC[ROC]: 0.848783	AUC[PR]: 0.139321
Epoch evaluation duration: 60.7553889751
Epoch duration: 70.4229440689

Epoch 93/1000
Epoch training duration: 9.84032702446
Train	AUC[ROC]: 0.999999	AUC[PR]: 0.999257
Val	AUC[ROC]: 0.807283	AUC[PR]: 0.127123
Epoch evaluation duration: 69.9259579182
Epoch duration: 79.7662849426

Epoch 94/1000
Epoch training duration: 11.1440739632
Train	AUC[ROC]: 0.998820	AUC[PR]: 0.995822
Val	AUC[ROC]: 0.831440	AUC[PR]: 0.134656
Epoch evaluation duration: 57.9887909889
Epoch duration: 69.1328649521

Epoch 95/1000
Epoch training duration: 10.6197640896
Train	AUC[ROC]: 0.999999	AUC[PR]: 0.999508
Val	AUC[ROC]: 0.835884	AUC[PR]: 0.128968
Epoch evaluation duration: 65.4605329037
Epoch duration: 76.0802969933

Epoch 96/1000
Epoch training duration: 10.7621049881
Train	AUC[ROC]: 0.999998	AUC[PR]: 0.997211
Val	AUC[ROC]: 0.860990	AUC[PR]: 0.147022
Epoch evaluation duration: 70.8607020378
Epoch duration: 81.6228070259

Epoch 97/1000
Epoch training duration: 11.2514441013
Train	AUC[ROC]: 0.999999	AUC[PR]: 0.998557
Val	AUC[ROC]: 0.859542	AUC[PR]: 0.135237
Epoch evaluation duration: 66.155780077
Epoch duration: 77.4072241783

Epoch 98/1000
Epoch training duration: 10.9711768627
Train	AUC[ROC]: 0.999999	AUC[PR]: 0.999453
Val	AUC[ROC]: 0.840159	AUC[PR]: 0.133938
Epoch evaluation duration: 60.5290989876
Epoch duration: 71.5002758503

Epoch 99/1000
Epoch training duration: 10.8679721355
Train	AUC[ROC]: 0.999998	AUC[PR]: 0.999080
Val	AUC[ROC]: 0.830019	AUC[PR]: 0.131681
Epoch evaluation duration: 59.9235208035
Epoch duration: 70.791492939

Epoch 100/1000
Epoch training duration: 10.6452100277
Train	AUC[ROC]: 1.000000	AUC[PR]: 0.999879
Val	AUC[ROC]: 0.837444	AUC[PR]: 0.142751
Epoch evaluation duration: 60.1799061298
Epoch duration: 70.8251161575

Epoch 101/1000
Epoch training duration: 11.125246048
Train	AUC[ROC]: 1.000000	AUC[PR]: 0.999621
Val	AUC[ROC]: 0.837243	AUC[PR]: 0.137124
Epoch evaluation duration: 56.2169878483
Epoch duration: 67.3422338963

Epoch 102/1000
Epoch training duration: 11.3953261375
Train	AUC[ROC]: 0.999999	AUC[PR]: 0.999274
Val	AUC[ROC]: 0.839593	AUC[PR]: 0.153130
Epoch evaluation duration: 67.1376159191
Epoch duration: 78.5329420567

Epoch 103/1000
Epoch training duration: 10.9527869225
Train	AUC[ROC]: 0.999998	AUC[PR]: 0.998385
Val	AUC[ROC]: 0.842315	AUC[PR]: 0.137208
Epoch evaluation duration: 74.3700721264
Epoch duration: 85.3228590488

Epoch 104/1000
Epoch training duration: 10.5734870434
Train	AUC[ROC]: 0.999999	AUC[PR]: 0.999377
Val	AUC[ROC]: 0.820798	AUC[PR]: 0.146939
Epoch evaluation duration: 74.4957478046
Epoch duration: 85.069234848

Epoch 105/1000
Epoch training duration: 10.7806580067
Train	AUC[ROC]: 0.999999	AUC[PR]: 0.999512
Val	AUC[ROC]: 0.851637	AUC[PR]: 0.170741
Epoch evaluation duration: 74.8627481461
Epoch duration: 85.6434061527

Epoch 106/1000
Epoch training duration: 11.3530218601
Train	AUC[ROC]: 1.000000	AUC[PR]: 0.999784
Val	AUC[ROC]: 0.832725	AUC[PR]: 0.155402
Epoch evaluation duration: 67.9693441391
Epoch duration: 79.3223659992

Epoch 107/1000
Epoch training duration: 10.6003918648
Train	AUC[ROC]: 0.999999	AUC[PR]: 0.999352
Val	AUC[ROC]: 0.804188	AUC[PR]: 0.137517
Epoch evaluation duration: 66.321844101
Epoch duration: 76.9222359657

Epoch 108/1000
Epoch training duration: 11.7856330872
Train	AUC[ROC]: 0.999999	AUC[PR]: 0.999415
Val	AUC[ROC]: 0.839182	AUC[PR]: 0.144205
Epoch evaluation duration: 69.9515578747
Epoch duration: 81.7371909618

Epoch 109/1000
Epoch training duration: 11.3202049732
Train	AUC[ROC]: 0.999999	AUC[PR]: 0.999510
Val	AUC[ROC]: 0.815041	AUC[PR]: 0.145620
Epoch evaluation duration: 61.1559460163
Epoch duration: 72.4761509895

Epoch 110/1000
Epoch training duration: 10.8034949303
Train	AUC[ROC]: 1.000000	AUC[PR]: 0.999800
Val	AUC[ROC]: 0.818284	AUC[PR]: 0.143368
Epoch evaluation duration: 63.7521121502
Epoch duration: 74.5556070805

Epoch 111/1000
Epoch training duration: 11.37469697
Train	AUC[ROC]: 1.000000	AUC[PR]: 0.999702
Val	AUC[ROC]: 0.810785	AUC[PR]: 0.155108
Epoch evaluation duration: 67.9647920132
Epoch duration: 79.3394889832

Epoch 112/1000
Epoch training duration: 10.0684559345
Train	AUC[ROC]: 1.000000	AUC[PR]: 0.999899
Val	AUC[ROC]: 0.781637	AUC[PR]: 0.123131
Epoch evaluation duration: 61.6384921074
Epoch duration: 71.7069480419

Epoch 113/1000
Epoch training duration: 11.213244915
Train	AUC[ROC]: 0.999999	AUC[PR]: 0.998808
Val	AUC[ROC]: 0.778514	AUC[PR]: 0.128904
Epoch evaluation duration: 63.1793310642
Epoch duration: 74.3925759792

Epoch 114/1000
Epoch training duration: 10.0817658901
Train	AUC[ROC]: 1.000000	AUC[PR]: 0.999863
Val	AUC[ROC]: 0.792064	AUC[PR]: 0.132958
Epoch evaluation duration: 61.9166121483
Epoch duration: 71.9983780384

Epoch 115/1000
Epoch training duration: 10.2511630058
Train	AUC[ROC]: 0.999999	AUC[PR]: 0.998970
Val	AUC[ROC]: 0.814866	AUC[PR]: 0.136831
Epoch evaluation duration: 63.7043659687
Epoch duration: 73.9555289745

Epoch 116/1000
Epoch training duration: 10.8418958187
Train	AUC[ROC]: 0.999998	AUC[PR]: 0.998267
Val	AUC[ROC]: 0.835499	AUC[PR]: 0.136824
Epoch evaluation duration: 63.0148820877
Epoch duration: 73.8567779064

Epoch 117/1000
Epoch training duration: 10.9870750904
Train	AUC[ROC]: 0.999999	AUC[PR]: 0.999252
Val	AUC[ROC]: 0.794789	AUC[PR]: 0.127628
Epoch evaluation duration: 63.8619580269
Epoch duration: 74.8490331173

Epoch 118/1000
Epoch training duration: 10.000513792
Train	AUC[ROC]: 0.999996	AUC[PR]: 0.998643
Val	AUC[ROC]: 0.812054	AUC[PR]: 0.131897
Epoch evaluation duration: 71.3911781311
Epoch duration: 81.3916919231

Epoch 119/1000
Epoch training duration: 12.1756229401
Train	AUC[ROC]: 0.999999	AUC[PR]: 0.999432
Val	AUC[ROC]: 0.839297	AUC[PR]: 0.134748
Epoch evaluation duration: 64.5740201473
Epoch duration: 76.7496430874

Epoch 120/1000
Epoch training duration: 11.0110108852
Train	AUC[ROC]: 1.000000	AUC[PR]: 0.999643
Val	AUC[ROC]: 0.836644	AUC[PR]: 0.120261
Epoch evaluation duration: 55.9507279396
Epoch duration: 66.9617388248

Epoch 121/1000
Epoch training duration: 10.0295701027
Train	AUC[ROC]: 1.000000	AUC[PR]: 0.999666
Val	AUC[ROC]: 0.838411	AUC[PR]: 0.131683
Epoch evaluation duration: 69.9987540245
Epoch duration: 80.0283241272

Epoch 122/1000
Epoch training duration: 12.0865678787
Train	AUC[ROC]: 1.000000	AUC[PR]: 0.999778
Val	AUC[ROC]: 0.835722	AUC[PR]: 0.119699
Epoch evaluation duration: 66.5267150402
Epoch duration: 78.6132829189

Epoch 123/1000
Epoch training duration: 11.2625091076
Train	AUC[ROC]: 1.000000	AUC[PR]: 0.999592
Val	AUC[ROC]: 0.840560	AUC[PR]: 0.125248
Epoch evaluation duration: 64.7855689526
Epoch duration: 76.0480780602

Epoch 124/1000
Epoch training duration: 10.3515758514
Train	AUC[ROC]: 1.000000	AUC[PR]: 0.999914
Val	AUC[ROC]: 0.860383	AUC[PR]: 0.128192
Epoch evaluation duration: 43.4878101349
Epoch duration: 53.8393859863

Epoch 125/1000
Epoch training duration: 9.24413990974
Train	AUC[ROC]: 1.000000	AUC[PR]: 0.999769
Val	AUC[ROC]: 0.831120	AUC[PR]: 0.129005
Epoch evaluation duration: 55.1626660824
Epoch duration: 64.4068059921

Epoch 126/1000
Epoch training duration: 10.7208509445
Train	AUC[ROC]: 1.000000	AUC[PR]: 0.999861
Val	AUC[ROC]: 0.851955	AUC[PR]: 0.131700
Epoch evaluation duration: 75.2128660679
Epoch duration: 85.9337170124

Epoch 127/1000
Epoch training duration: 11.0021429062
Train	AUC[ROC]: 1.000000	AUC[PR]: 0.999840
Val	AUC[ROC]: 0.846697	AUC[PR]: 0.137504
Epoch evaluation duration: 71.8371069431
Epoch duration: 82.8392498493

Epoch 128/1000
Epoch training duration: 11.7016210556
Train	AUC[ROC]: 1.000000	AUC[PR]: 0.999801
Val	AUC[ROC]: 0.849212	AUC[PR]: 0.137969
Epoch evaluation duration: 61.9969000816
Epoch duration: 73.6985211372

Epoch 129/1000
Epoch training duration: 10.4135229588
Train	AUC[ROC]: 1.000000	AUC[PR]: 0.999846
Val	AUC[ROC]: 0.841172	AUC[PR]: 0.116360
Epoch evaluation duration: 63.8288938999
Epoch duration: 74.2424168587

Epoch 130/1000
Epoch training duration: 11.423317194
Train	AUC[ROC]: 0.997868	AUC[PR]: 0.997326
Val	AUC[ROC]: 0.788328	AUC[PR]: 0.104823
Epoch evaluation duration: 66.8210840225
Epoch duration: 78.2444012165

Epoch 131/1000
Epoch training duration: 10.5785930157
Train	AUC[ROC]: 0.999994	AUC[PR]: 0.998430
Val	AUC[ROC]: 0.864092	AUC[PR]: 0.142578
Epoch evaluation duration: 59.3010189533
Epoch duration: 69.879611969

Epoch 132/1000
Epoch training duration: 8.53481984138
Train	AUC[ROC]: 1.000000	AUC[PR]: 0.999865
Val	AUC[ROC]: 0.849464	AUC[PR]: 0.139269
Epoch evaluation duration: 40.2887041569
Epoch duration: 48.8235239983

Epoch 133/1000
Epoch training duration: 9.33259391785
Train	AUC[ROC]: 1.000000	AUC[PR]: 0.999868
Val	AUC[ROC]: 0.841799	AUC[PR]: 0.126782
Epoch evaluation duration: 43.3883121014
Epoch duration: 52.7209060192

Epoch 134/1000
Epoch training duration: 9.27795481682
Train	AUC[ROC]: 1.000000	AUC[PR]: 0.999806
Val	AUC[ROC]: 0.837063	AUC[PR]: 0.148320
Epoch evaluation duration: 43.2923409939
Epoch duration: 52.5702958107

Epoch 135/1000
Epoch training duration: 8.98801612854
Train	AUC[ROC]: 1.000000	AUC[PR]: 0.999850
Val	AUC[ROC]: 0.840140	AUC[PR]: 0.139609
Epoch evaluation duration: 39.8291170597
Epoch duration: 48.8171331882

Epoch 136/1000
Epoch training duration: 9.69976592064
Train	AUC[ROC]: 1.000000	AUC[PR]: 0.999824
Val	AUC[ROC]: 0.856632	AUC[PR]: 0.157608
Epoch evaluation duration: 39.9351201057
Epoch duration: 49.6348860264

Epoch 137/1000
Epoch training duration: 10.2695698738
Train	AUC[ROC]: 0.999995	AUC[PR]: 0.998445
Val	AUC[ROC]: 0.791858	AUC[PR]: 0.135125
Epoch evaluation duration: 39.3778760433
Epoch duration: 49.6474459171

Epoch 138/1000
Epoch training duration: 9.73948097229
Train	AUC[ROC]: 0.999990	AUC[PR]: 0.998142
Val	AUC[ROC]: 0.802474	AUC[PR]: 0.138878
Epoch evaluation duration: 41.8862659931
Epoch duration: 51.6257469654

Epoch 139/1000
Epoch training duration: 9.71995401382
Train	AUC[ROC]: 1.000000	AUC[PR]: 0.999850
Val	AUC[ROC]: 0.830453	AUC[PR]: 0.130793
Epoch evaluation duration: 41.1407721043
Epoch duration: 50.8607261181

Epoch 140/1000
Epoch training duration: 9.93489384651
Train	AUC[ROC]: 0.999999	AUC[PR]: 0.999214
Val	AUC[ROC]: 0.825977	AUC[PR]: 0.122254
Epoch evaluation duration: 40.3102490902
Epoch duration: 50.2451429367

Epoch 141/1000
Epoch training duration: 9.61859893799
Train	AUC[ROC]: 1.000000	AUC[PR]: 0.999924
Val	AUC[ROC]: 0.784364	AUC[PR]: 0.122175
Epoch evaluation duration: 40.9539670944
Epoch duration: 50.5725660324

Epoch 142/1000
Epoch training duration: 9.35872101784
Train	AUC[ROC]: 0.999998	AUC[PR]: 0.998380
Val	AUC[ROC]: 0.817106	AUC[PR]: 0.131820
Epoch evaluation duration: 41.2024998665
Epoch duration: 50.5612208843

Epoch 143/1000
Epoch training duration: 9.41573810577
Train	AUC[ROC]: 1.000000	AUC[PR]: 0.999619
Val	AUC[ROC]: 0.836103	AUC[PR]: 0.150706
Epoch evaluation duration: 40.7536358833
Epoch duration: 50.1693739891

Epoch 144/1000
Epoch training duration: 9.22455596924
Train	AUC[ROC]: 1.000000	AUC[PR]: 0.999914
Val	AUC[ROC]: 0.818293	AUC[PR]: 0.151000
Epoch evaluation duration: 41.5604250431
Epoch duration: 50.7849810123

Epoch 145/1000
Epoch training duration: 9.27036213875
Train	AUC[ROC]: 1.000000	AUC[PR]: 0.999919
Val	AUC[ROC]: 0.816169	AUC[PR]: 0.153355
Epoch evaluation duration: 41.8582558632
Epoch duration: 51.1286180019

Epoch 146/1000
Epoch training duration: 8.98069095612
Train	AUC[ROC]: 1.000000	AUC[PR]: 0.999850
Val	AUC[ROC]: 0.799093	AUC[PR]: 0.152375
Epoch evaluation duration: 39.6783020496
Epoch duration: 48.6589930058

Epoch 147/1000
Epoch training duration: 9.50479197502
Train	AUC[ROC]: 1.000000	AUC[PR]: 0.999873
Val	AUC[ROC]: 0.801799	AUC[PR]: 0.154114
Epoch evaluation duration: 41.8406691551
Epoch duration: 51.3454611301

Epoch 148/1000
Epoch training duration: 11.5096998215
Train	AUC[ROC]: 1.000000	AUC[PR]: 0.999909
Val	AUC[ROC]: 0.756312	AUC[PR]: 0.131789
Epoch evaluation duration: 96.1762080193
Epoch duration: 107.685907841

Epoch 149/1000
Epoch training duration: 13.105574131
Train	AUC[ROC]: 1.000000	AUC[PR]: 0.999904
Val	AUC[ROC]: 0.816700	AUC[PR]: 0.160771
Epoch evaluation duration: 92.6327819824
Epoch duration: 105.738356113

Epoch 150/1000
Epoch training duration: 12.241232872
Train	AUC[ROC]: 1.000000	AUC[PR]: 0.999899
Val	AUC[ROC]: 0.800107	AUC[PR]: 0.141630
Epoch evaluation duration: 82.1896271706
Epoch duration: 94.4308600426

Epoch 151/1000
Epoch training duration: 12.1034379005
Train	AUC[ROC]: 1.000000	AUC[PR]: 0.999827
Val	AUC[ROC]: 0.780330	AUC[PR]: 0.148961
Epoch evaluation duration: 83.4464440346
Epoch duration: 95.5498819351

Epoch 152/1000
Epoch training duration: 13.5684869289
Train	AUC[ROC]: 1.000000	AUC[PR]: 0.999914
Val	AUC[ROC]: 0.804364	AUC[PR]: 0.168400
Epoch evaluation duration: 88.2964279652
Epoch duration: 101.864914894

Epoch 153/1000
Epoch training duration: 12.6813790798
Train	AUC[ROC]: 1.000000	AUC[PR]: 0.999899
Val	AUC[ROC]: 0.808537	AUC[PR]: 0.169904
Epoch evaluation duration: 94.6036539078
Epoch duration: 107.285032988

Epoch 154/1000
Epoch training duration: 12.6806480885
Train	AUC[ROC]: 1.000000	AUC[PR]: 0.999904
Val	AUC[ROC]: 0.798662	AUC[PR]: 0.160176
Epoch evaluation duration: 91.2146809101
Epoch duration: 103.895328999

Epoch 155/1000
Epoch training duration: 13.0154020786
Train	AUC[ROC]: 1.000000	AUC[PR]: 0.999919
Val	AUC[ROC]: 0.795215	AUC[PR]: 0.135780
Epoch evaluation duration: 88.1466610432
Epoch duration: 101.162063122

Epoch 156/1000
Epoch training duration: 14.2269279957
Train	AUC[ROC]: 1.000000	AUC[PR]: 0.999868
Val	AUC[ROC]: 0.798163	AUC[PR]: 0.146366
Epoch evaluation duration: 88.3210859299
Epoch duration: 102.548013926

Epoch 157/1000
Epoch training duration: 13.3478739262
Train	AUC[ROC]: 1.000000	AUC[PR]: 0.999924
Val	AUC[ROC]: 0.811944	AUC[PR]: 0.141522
Epoch evaluation duration: 92.2292380333
Epoch duration: 105.577111959

Epoch 158/1000
Epoch training duration: 12.4863071442
Train	AUC[ROC]: 1.000000	AUC[PR]: 0.999774
Val	AUC[ROC]: 0.810925	AUC[PR]: 0.115586
Epoch evaluation duration: 96.0693349838
Epoch duration: 108.555642128

Epoch 159/1000
Epoch training duration: 12.5957648754
Train	AUC[ROC]: 1.000000	AUC[PR]: 0.999919
Val	AUC[ROC]: 0.800124	AUC[PR]: 0.135204
Epoch evaluation duration: 93.7951521873
Epoch duration: 106.390917063

Epoch 160/1000
Epoch training duration: 12.929297924
Train	AUC[ROC]: 1.000000	AUC[PR]: 0.999914
Val	AUC[ROC]: 0.821765	AUC[PR]: 0.144639
Epoch evaluation duration: 91.4055199623
Epoch duration: 104.334817886

Epoch 161/1000
Epoch training duration: 11.6808340549
Train	AUC[ROC]: 1.000000	AUC[PR]: 0.999852
Val	AUC[ROC]: 0.780202	AUC[PR]: 0.110927
Epoch evaluation duration: 98.6467559338
Epoch duration: 110.327589989

Epoch 162/1000
Epoch training duration: 11.835752964
Train	AUC[ROC]: 0.999999	AUC[PR]: 0.998835
Val	AUC[ROC]: 0.795311	AUC[PR]: 0.119049
Epoch evaluation duration: 92.9915120602
Epoch duration: 104.827265024

Epoch 163/1000
Epoch training duration: 12.9669349194
Train	AUC[ROC]: 1.000000	AUC[PR]: 0.999924
Val	AUC[ROC]: 0.778281	AUC[PR]: 0.106562
Epoch evaluation duration: 83.5966961384
Epoch duration: 96.5636310577

Epoch 164/1000
Epoch training duration: 13.3372550011
Train	AUC[ROC]: 1.000000	AUC[PR]: 0.999764
Val	AUC[ROC]: 0.792425	AUC[PR]: 0.123448
Epoch evaluation duration: 84.0641570091
Epoch duration: 97.4014120102

Epoch 165/1000
Epoch training duration: 14.00740695
Train	AUC[ROC]: 0.999999	AUC[PR]: 0.999435
Val	AUC[ROC]: 0.796090	AUC[PR]: 0.116799
Epoch evaluation duration: 86.2070069313
Epoch duration: 100.214413881

Epoch 166/1000
Epoch training duration: 12.6288230419
Train	AUC[ROC]: 1.000000	AUC[PR]: 0.999899
Val	AUC[ROC]: 0.765172	AUC[PR]: 0.112608
Epoch evaluation duration: 83.8686139584
Epoch duration: 96.4974370003

Epoch 167/1000
Epoch training duration: 13.0291230679
Train	AUC[ROC]: 0.999999	AUC[PR]: 0.999372
Val	AUC[ROC]: 0.818367	AUC[PR]: 0.116043
Epoch evaluation duration: 93.8271579742
Epoch duration: 106.856281042

Epoch 168/1000
Epoch training duration: 13.2717549801
Train	AUC[ROC]: 1.000000	AUC[PR]: 0.999821
Val	AUC[ROC]: 0.798043	AUC[PR]: 0.119715
Epoch evaluation duration: 97.0303790569
Epoch duration: 110.302134037

Epoch 169/1000
Epoch training duration: 12.7643070221
Train	AUC[ROC]: 1.000000	AUC[PR]: 0.999851
Val	AUC[ROC]: 0.788578	AUC[PR]: 0.110919
Epoch evaluation duration: 91.8948500156
Epoch duration: 104.659157038

Epoch 170/1000
Epoch training duration: 14.6868498325
Train	AUC[ROC]: 1.000000	AUC[PR]: 0.999924
Val	AUC[ROC]: 0.795514	AUC[PR]: 0.118208
Epoch evaluation duration: 95.0082330704
Epoch duration: 109.695082903

Epoch 171/1000
Epoch training duration: 13.0937719345
Train	AUC[ROC]: 1.000000	AUC[PR]: 0.999899
Val	AUC[ROC]: 0.797000	AUC[PR]: 0.112226
Epoch evaluation duration: 88.8378381729
Epoch duration: 101.931610107

Epoch 172/1000
Epoch training duration: 13.4143979549
Train	AUC[ROC]: 1.000000	AUC[PR]: 0.999883
Val	AUC[ROC]: 0.763079	AUC[PR]: 0.109931
Epoch evaluation duration: 91.5280418396
Epoch duration: 104.942439795

Epoch 173/1000
Epoch training duration: 13.1100771427
Train	AUC[ROC]: 1.000000	AUC[PR]: 0.999878
Val	AUC[ROC]: 0.787410	AUC[PR]: 0.114566
Epoch evaluation duration: 85.8121628761
Epoch duration: 98.9222400188

Epoch 174/1000
Epoch training duration: 13.1427841187
Train	AUC[ROC]: 1.000000	AUC[PR]: 0.999909
Val	AUC[ROC]: 0.797852	AUC[PR]: 0.124003
Epoch evaluation duration: 81.3649120331
Epoch duration: 94.5076961517

Epoch 175/1000
Epoch training duration: 12.8223600388
Train	AUC[ROC]: 1.000000	AUC[PR]: 0.999924
Val	AUC[ROC]: 0.757218	AUC[PR]: 0.109226
Epoch evaluation duration: 94.5765349865
Epoch duration: 107.398895025

Epoch 176/1000
Epoch training duration: 13.1129629612
Train	AUC[ROC]: 1.000000	AUC[PR]: 0.999924
Val	AUC[ROC]: 0.772040	AUC[PR]: 0.113955
Epoch evaluation duration: 99.1345758438
Epoch duration: 112.247538805

Epoch 177/1000
Epoch training duration: 12.4693951607
Train	AUC[ROC]: 1.000000	AUC[PR]: 0.999924
Val	AUC[ROC]: 0.821443	AUC[PR]: 0.128798
Epoch evaluation duration: 92.6628739834
Epoch duration: 105.132269144

Epoch 178/1000
Epoch training duration: 13.4100129604
Train	AUC[ROC]: 1.000000	AUC[PR]: 0.999904
Val	AUC[ROC]: 0.797400	AUC[PR]: 0.120103
Epoch evaluation duration: 93.696461916
Epoch duration: 107.106474876

Epoch 179/1000
Epoch training duration: 12.7546629906
Train	AUC[ROC]: 1.000000	AUC[PR]: 0.999919
Val	AUC[ROC]: 0.787591	AUC[PR]: 0.121630
Epoch evaluation duration: 81.4730341434
Epoch duration: 94.227697134

Epoch 180/1000
Epoch training duration: 11.530315876
Train	AUC[ROC]: 1.000000	AUC[PR]: 0.999899
Val	AUC[ROC]: 0.750943	AUC[PR]: 0.110020
Epoch evaluation duration: 83.176087141
Epoch duration: 94.706403017

Epoch 181/1000
Epoch training duration: 14.7114858627
Train	AUC[ROC]: 0.999999	AUC[PR]: 0.999536
Val	AUC[ROC]: 0.796331	AUC[PR]: 0.113029
Epoch evaluation duration: 80.5572931767
Epoch duration: 95.2687790394

Epoch 182/1000
Epoch training duration: 11.5788259506
Train	AUC[ROC]: 1.000000	AUC[PR]: 0.999817
Val	AUC[ROC]: 0.783760	AUC[PR]: 0.121628
Epoch evaluation duration: 80.9563858509
Epoch duration: 92.5352118015

Epoch 183/1000
Epoch training duration: 11.5895450115
Train	AUC[ROC]: 1.000000	AUC[PR]: 0.999909
Val	AUC[ROC]: 0.774575	AUC[PR]: 0.120449
Epoch evaluation duration: 75.6351730824
Epoch duration: 87.2247180939

Epoch 184/1000
Epoch training duration: 12.6770780087
Train	AUC[ROC]: 1.000000	AUC[PR]: 0.999660
Val	AUC[ROC]: 0.765420	AUC[PR]: 0.108557
Epoch evaluation duration: 73.8225419521
Epoch duration: 86.4996199608

Epoch 185/1000
Epoch training duration: 12.1190421581
Train	AUC[ROC]: 1.000000	AUC[PR]: 0.999859
Val	AUC[ROC]: 0.776637	AUC[PR]: 0.119061
Epoch evaluation duration: 82.5198998451
Epoch duration: 94.6389420033

Epoch 186/1000
Epoch training duration: 11.2591381073
Train	AUC[ROC]: 1.000000	AUC[PR]: 0.999924
Val	AUC[ROC]: 0.824607	AUC[PR]: 0.125855
Epoch evaluation duration: 75.5596399307
Epoch duration: 86.818778038

Epoch 187/1000
Epoch training duration: 11.8814480305
Train	AUC[ROC]: 1.000000	AUC[PR]: 0.999904
Val	AUC[ROC]: 0.810437	AUC[PR]: 0.120899
Epoch evaluation duration: 72.1494190693
Epoch duration: 84.0308670998

Epoch 188/1000
Epoch training duration: 12.4891848564
Train	AUC[ROC]: 0.999999	AUC[PR]: 0.999107
Val	AUC[ROC]: 0.831336	AUC[PR]: 0.122660
Epoch evaluation duration: 85.5629470348
Epoch duration: 98.0521318913

Epoch 189/1000
Epoch training duration: 12.1221959591
Train	AUC[ROC]: 1.000000	AUC[PR]: 0.999914
Val	AUC[ROC]: 0.822526	AUC[PR]: 0.116039
Epoch evaluation duration: 79.8888449669
Epoch duration: 92.011040926

Epoch 190/1000
Epoch training duration: 12.5210280418
Train	AUC[ROC]: 1.000000	AUC[PR]: 0.999905
Val	AUC[ROC]: 0.817395	AUC[PR]: 0.123864
Epoch evaluation duration: 73.8889970779
Epoch duration: 86.4100251198

Epoch 191/1000
Epoch training duration: 12.6541280746
Train	AUC[ROC]: 1.000000	AUC[PR]: 0.999883
Val	AUC[ROC]: 0.824505	AUC[PR]: 0.125446
Epoch evaluation duration: 72.9185628891
Epoch duration: 85.5726909637

Epoch 192/1000
Epoch training duration: 13.951458931
Train	AUC[ROC]: 1.000000	AUC[PR]: 0.999909
Val	AUC[ROC]: 0.824534	AUC[PR]: 0.110762
Epoch evaluation duration: 69.9126679897
Epoch duration: 83.8641269207

Epoch 193/1000
Epoch training duration: 13.0097301006
Train	AUC[ROC]: 0.999999	AUC[PR]: 0.999371
Val	AUC[ROC]: 0.799480	AUC[PR]: 0.101813
Epoch evaluation duration: 80.1590600014
Epoch duration: 93.168790102

Epoch 194/1000
Epoch training duration: 11.2732229233
Train	AUC[ROC]: 1.000000	AUC[PR]: 0.999914
Val	AUC[ROC]: 0.782131	AUC[PR]: 0.099631
Epoch evaluation duration: 77.0693850517
Epoch duration: 88.342607975

Epoch 195/1000
Epoch training duration: 11.2749819756
Train	AUC[ROC]: 1.000000	AUC[PR]: 0.999924
Val	AUC[ROC]: 0.790627	AUC[PR]: 0.108591
Epoch evaluation duration: 74.9715371132
Epoch duration: 86.2465190887

Epoch 196/1000
Epoch training duration: 11.8473010063
Train	AUC[ROC]: 1.000000	AUC[PR]: 0.999787
Val	AUC[ROC]: 0.800357	AUC[PR]: 0.117090
Epoch evaluation duration: 74.1679530144
Epoch duration: 86.0152540207

Epoch 197/1000
Epoch training duration: 12.7131068707
Train	AUC[ROC]: 1.000000	AUC[PR]: 0.999919
Val	AUC[ROC]: 0.776190	AUC[PR]: 0.117449
Epoch evaluation duration: 80.6691510677
Epoch duration: 93.3822579384

Epoch 198/1000
Epoch training duration: 12.1174280643
Train	AUC[ROC]: 1.000000	AUC[PR]: 0.999904
Val	AUC[ROC]: 0.792765	AUC[PR]: 0.113531
Epoch evaluation duration: 79.9741559029
Epoch duration: 92.0915839672

Epoch 199/1000
Epoch training duration: 12.7186830044
Train	AUC[ROC]: 1.000000	AUC[PR]: 0.999904
Val	AUC[ROC]: 0.788231	AUC[PR]: 0.120617
Epoch evaluation duration: 77.9148828983
Epoch duration: 90.6335659027

Epoch 200/1000
Epoch training duration: 14.4114971161
Train	AUC[ROC]: 1.000000	AUC[PR]: 0.999924
Val	AUC[ROC]: 0.783571	AUC[PR]: 0.120316
Epoch evaluation duration: 86.9431929588
Epoch duration: 101.354690075

Epoch 201/1000
Epoch training duration: 12.9395310879
Train	AUC[ROC]: 1.000000	AUC[PR]: 0.999894
Val	AUC[ROC]: 0.800212	AUC[PR]: 0.110125
Epoch evaluation duration: 75.6900098324
Epoch duration: 88.6295409203

Epoch 202/1000
Epoch training duration: 12.1964130402
Train	AUC[ROC]: 1.000000	AUC[PR]: 0.999791
Val	AUC[ROC]: 0.795758	AUC[PR]: 0.117618
Epoch evaluation duration: 77.8862280846
Epoch duration: 90.0826411247

Epoch 203/1000
Epoch training duration: 11.9274618626
Train	AUC[ROC]: 1.000000	AUC[PR]: 0.999884
Val	AUC[ROC]: 0.764647	AUC[PR]: 0.105224
Epoch evaluation duration: 75.3848290443
Epoch duration: 87.3122909069

Epoch 204/1000
Epoch training duration: 11.1321101189
Train	AUC[ROC]: 0.999999	AUC[PR]: 0.999510
Val	AUC[ROC]: 0.810352	AUC[PR]: 0.117030
Epoch evaluation duration: 67.302628994
Epoch duration: 78.4347391129

Epoch 205/1000
Epoch training duration: 9.89281797409
Train	AUC[ROC]: 1.000000	AUC[PR]: 0.999924
Val	AUC[ROC]: 0.801297	AUC[PR]: 0.115124
Epoch evaluation duration: 77.7580270767
Epoch duration: 87.6508450508

Epoch 206/1000
Epoch training duration: 12.3631458282
Train	AUC[ROC]: 1.000000	AUC[PR]: 0.999924
Val	AUC[ROC]: 0.794262	AUC[PR]: 0.099256
Epoch evaluation duration: 76.136439085
Epoch duration: 88.4995849133

Epoch 207/1000
Epoch training duration: 11.3217608929
Train	AUC[ROC]: 1.000000	AUC[PR]: 0.999909
Val	AUC[ROC]: 0.812556	AUC[PR]: 0.102107
Epoch evaluation duration: 69.8675692081
Epoch duration: 81.189330101

Epoch 208/1000
Epoch training duration: 12.2102937698
Train	AUC[ROC]: 1.000000	AUC[PR]: 0.999842
Val	AUC[ROC]: 0.784790	AUC[PR]: 0.116031
Epoch evaluation duration: 68.6737692356
Epoch duration: 80.8840630054

Epoch 209/1000
Epoch training duration: 12.422729969
Train	AUC[ROC]: 1.000000	AUC[PR]: 0.999924
Val	AUC[ROC]: 0.812233	AUC[PR]: 0.111607
Epoch evaluation duration: 74.9764997959
Epoch duration: 87.3992297649

Epoch 210/1000
Epoch training duration: 13.0360610485
Train	AUC[ROC]: 1.000000	AUC[PR]: 0.999924
Val	AUC[ROC]: 0.767454	AUC[PR]: 0.115148
Epoch evaluation duration: 87.8516881466
Epoch duration: 100.887749195

Epoch 211/1000
Epoch training duration: 12.5732469559
Train	AUC[ROC]: 1.000000	AUC[PR]: 0.999924
Val	AUC[ROC]: 0.778011	AUC[PR]: 0.112723
Epoch evaluation duration: 78.3877968788
Epoch duration: 90.9610438347

Epoch 212/1000
Epoch training duration: 12.1362321377
Train	AUC[ROC]: 1.000000	AUC[PR]: 0.999924
Val	AUC[ROC]: 0.811456	AUC[PR]: 0.124393
Epoch evaluation duration: 69.600538969
Epoch duration: 81.7367711067

Epoch 213/1000
Epoch training duration: 11.4076590538
Train	AUC[ROC]: 1.000000	AUC[PR]: 0.999711
Val	AUC[ROC]: 0.754014	AUC[PR]: 0.099287
Epoch evaluation duration: 76.4438519478
Epoch duration: 87.8515110016

Epoch 214/1000
Epoch training duration: 11.2849910259
Train	AUC[ROC]: 1.000000	AUC[PR]: 0.999919
Val	AUC[ROC]: 0.767204	AUC[PR]: 0.100964
Epoch evaluation duration: 78.3674139977
Epoch duration: 89.6524050236

Epoch 215/1000
Epoch training duration: 11.7593300343
Train	AUC[ROC]: 1.000000	AUC[PR]: 0.999849
Val	AUC[ROC]: 0.736886	AUC[PR]: 0.082512
Epoch evaluation duration: 89.9378550053
Epoch duration: 101.69718504

Epoch 216/1000
Epoch training duration: 11.1502528191
Train	AUC[ROC]: 1.000000	AUC[PR]: 0.999909
Val	AUC[ROC]: 0.787108	AUC[PR]: 0.113665
Epoch evaluation duration: 73.2438120842
Epoch duration: 84.3940649033

Epoch 217/1000
Epoch training duration: 12.3839240074
Train	AUC[ROC]: 1.000000	AUC[PR]: 0.999914
Val	AUC[ROC]: 0.782376	AUC[PR]: 0.101439
Epoch evaluation duration: 73.2328391075
Epoch duration: 85.6167631149

Epoch 218/1000
Epoch training duration: 12.2132058144
Train	AUC[ROC]: 1.000000	AUC[PR]: 0.999909
Val	AUC[ROC]: 0.753972	AUC[PR]: 0.097585
Epoch evaluation duration: 75.5608170033
Epoch duration: 87.7740228176

train precision: 0.773414016327
train roc: 0.999634637875
train hit in top 3418: 444.0 out of 444.0

val precision: 0.238407359995
val roc: 0.925504269353
val hit in top 427: 36.0 out of 55.0

test precision: 0.126865347224
test roc: 0.841502198589
test hit in top 427: 31.0 out of 55.0

ratio: 0.02, EF: 29.0909090909,	active: 55.0
ratio: 0.02, NEF: 0.581818181818
ratio: 0.01, EF: 56.3636363636,	active: 55.0
ratio: 0.01, NEF: 0.563636363636
ratio: 0.0015, EF: 169.696969697,	active: 55.0
ratio: 0.0015, NEF: 0.254545454545
ratio: 0.001, EF: 200.0,	active: 55.0
ratio: 0.001, NEF: 0.261904761905

