label_name_list  [u'PriA-SSB AS Activity']
train files  ['../datasets/keck_pria/fold_0.csv' '../datasets/keck_pria/fold_1.csv'
 '../datasets/keck_pria/fold_2.csv' '../datasets/keck_pria/fold_3.csv'
 '../datasets/keck_pria/fold_6.csv' '../datasets/keck_pria/fold_7.csv']
val files  ['../datasets/keck_pria/fold_4.csv']
test files  ['../datasets/keck_pria/fold_5.csv']
Class Weight  [{0: 0.5, 1: 0.5}]
Epoch 1/1000
Epoch training duration: 16.9207408428
Train	AUC[ROC]: 0.725752	AUC[PR]: 0.008265
Val	AUC[ROC]: 0.617507	AUC[PR]: 0.007279
Epoch evaluation duration: 112.348344088
Epoch duration: 129.26908493

Epoch 2/1000
Epoch training duration: 16.6507270336
Train	AUC[ROC]: 0.835546	AUC[PR]: 0.063452
Val	AUC[ROC]: 0.753511	AUC[PR]: 0.054776
Epoch evaluation duration: 116.32533884
Epoch duration: 132.976065874

Epoch 3/1000
Epoch training duration: 15.7100040913
Train	AUC[ROC]: 0.847020	AUC[PR]: 0.086055
Val	AUC[ROC]: 0.724808	AUC[PR]: 0.032014
Epoch evaluation duration: 111.337310076
Epoch duration: 127.047314167

Epoch 4/1000
Epoch training duration: 16.9340558052
Train	AUC[ROC]: 0.860980	AUC[PR]: 0.096384
Val	AUC[ROC]: 0.749025	AUC[PR]: 0.064395
Epoch evaluation duration: 108.880669117
Epoch duration: 125.814724922

Epoch 5/1000
Epoch training duration: 16.6633620262
Train	AUC[ROC]: 0.872853	AUC[PR]: 0.131384
Val	AUC[ROC]: 0.775859	AUC[PR]: 0.076146
Epoch evaluation duration: 113.116407871
Epoch duration: 129.779769897

Epoch 6/1000
Epoch training duration: 16.6677641869
Train	AUC[ROC]: 0.829388	AUC[PR]: 0.113135
Val	AUC[ROC]: 0.689449	AUC[PR]: 0.048288
Epoch evaluation duration: 112.987669945
Epoch duration: 129.655434132

Epoch 7/1000
Epoch training duration: 16.5413990021
Train	AUC[ROC]: 0.840544	AUC[PR]: 0.113210
Val	AUC[ROC]: 0.672377	AUC[PR]: 0.096889
Epoch evaluation duration: 114.459044933
Epoch duration: 131.000443935

Epoch 8/1000
Epoch training duration: 17.1538751125
Train	AUC[ROC]: 0.858400	AUC[PR]: 0.128789
Val	AUC[ROC]: 0.697825	AUC[PR]: 0.038459
Epoch evaluation duration: 113.126477003
Epoch duration: 130.280352116

Epoch 9/1000
Epoch training duration: 16.6120858192
Train	AUC[ROC]: 0.877614	AUC[PR]: 0.149892
Val	AUC[ROC]: 0.733664	AUC[PR]: 0.099879
Epoch evaluation duration: 107.91672802
Epoch duration: 124.528813839

Epoch 10/1000
Epoch training duration: 17.1378161907
Train	AUC[ROC]: 0.878969	AUC[PR]: 0.134475
Val	AUC[ROC]: 0.754026	AUC[PR]: 0.052737
Epoch evaluation duration: 112.240234852
Epoch duration: 129.378051043

Epoch 11/1000
Epoch training duration: 16.2941000462
Train	AUC[ROC]: 0.896436	AUC[PR]: 0.158750
Val	AUC[ROC]: 0.773587	AUC[PR]: 0.086299
Epoch evaluation duration: 111.430413961
Epoch duration: 127.724514008

Epoch 12/1000
Epoch training duration: 17.7291691303
Train	AUC[ROC]: 0.899779	AUC[PR]: 0.149166
Val	AUC[ROC]: 0.790812	AUC[PR]: 0.088611
Epoch evaluation duration: 110.094086885
Epoch duration: 127.823256016

Epoch 13/1000
Epoch training duration: 15.7226240635
Train	AUC[ROC]: 0.914643	AUC[PR]: 0.184139
Val	AUC[ROC]: 0.784323	AUC[PR]: 0.080147
Epoch evaluation duration: 112.096179962
Epoch duration: 127.818804026

Epoch 14/1000
Epoch training duration: 15.8427200317
Train	AUC[ROC]: 0.911898	AUC[PR]: 0.171164
Val	AUC[ROC]: 0.759885	AUC[PR]: 0.100383
Epoch evaluation duration: 110.356508017
Epoch duration: 126.199228048

Epoch 15/1000
Epoch training duration: 16.4562239647
Train	AUC[ROC]: 0.941724	AUC[PR]: 0.187091
Val	AUC[ROC]: 0.780299	AUC[PR]: 0.104970
Epoch evaluation duration: 112.022790909
Epoch duration: 128.479014874

Epoch 16/1000
Epoch training duration: 17.6403410435
Train	AUC[ROC]: 0.943033	AUC[PR]: 0.211016
Val	AUC[ROC]: 0.788387	AUC[PR]: 0.087475
Epoch evaluation duration: 113.317193985
Epoch duration: 130.957535028

Epoch 17/1000
Epoch training duration: 16.6816689968
Train	AUC[ROC]: 0.941934	AUC[PR]: 0.199828
Val	AUC[ROC]: 0.785191	AUC[PR]: 0.108192
Epoch evaluation duration: 110.393013
Epoch duration: 127.074681997

Epoch 18/1000
Epoch training duration: 17.11404109
Train	AUC[ROC]: 0.959133	AUC[PR]: 0.208723
Val	AUC[ROC]: 0.785587	AUC[PR]: 0.090792
Epoch evaluation duration: 111.379382849
Epoch duration: 128.493423939

Epoch 19/1000
Epoch training duration: 17.3545331955
Train	AUC[ROC]: 0.954095	AUC[PR]: 0.232996
Val	AUC[ROC]: 0.774829	AUC[PR]: 0.101550
Epoch evaluation duration: 107.330142021
Epoch duration: 124.684675217

Epoch 20/1000
Epoch training duration: 15.6038658619
Train	AUC[ROC]: 0.972314	AUC[PR]: 0.247013
Val	AUC[ROC]: 0.800991	AUC[PR]: 0.097729
Epoch evaluation duration: 115.978640079
Epoch duration: 131.582505941

Epoch 21/1000
Epoch training duration: 16.7228360176
Train	AUC[ROC]: 0.974866	AUC[PR]: 0.257756
Val	AUC[ROC]: 0.786589	AUC[PR]: 0.106250
Epoch evaluation duration: 113.566891909
Epoch duration: 130.289727926

Epoch 22/1000
Epoch training duration: 15.2353789806
Train	AUC[ROC]: 0.977761	AUC[PR]: 0.265630
Val	AUC[ROC]: 0.778609	AUC[PR]: 0.097119
Epoch evaluation duration: 110.209439039
Epoch duration: 125.44481802

Epoch 23/1000
Epoch training duration: 15.9654200077
Train	AUC[ROC]: 0.982697	AUC[PR]: 0.269801
Val	AUC[ROC]: 0.807513	AUC[PR]: 0.098299
Epoch evaluation duration: 110.365139008
Epoch duration: 126.330559015

Epoch 24/1000
Epoch training duration: 17.5301749706
Train	AUC[ROC]: 0.987440	AUC[PR]: 0.284493
Val	AUC[ROC]: 0.798425	AUC[PR]: 0.100639
Epoch evaluation duration: 113.05005002
Epoch duration: 130.580224991

Epoch 25/1000
Epoch training duration: 20.0871288776
Train	AUC[ROC]: 0.987369	AUC[PR]: 0.296178
Val	AUC[ROC]: 0.797309	AUC[PR]: 0.102095
Epoch evaluation duration: 113.850710154
Epoch duration: 133.937839031

Epoch 26/1000
Epoch training duration: 15.6938860416
Train	AUC[ROC]: 0.990040	AUC[PR]: 0.322789
Val	AUC[ROC]: 0.800686	AUC[PR]: 0.107537
Epoch evaluation duration: 112.153227806
Epoch duration: 127.847113848

Epoch 27/1000
Epoch training duration: 17.388335228
Train	AUC[ROC]: 0.992939	AUC[PR]: 0.351396
Val	AUC[ROC]: 0.800943	AUC[PR]: 0.098251
Epoch evaluation duration: 109.483684778
Epoch duration: 126.872020006

Epoch 28/1000
Epoch training duration: 16.2266290188
Train	AUC[ROC]: 0.994733	AUC[PR]: 0.387797
Val	AUC[ROC]: 0.809708	AUC[PR]: 0.104906
Epoch evaluation duration: 110.89006114
Epoch duration: 127.116690159

Epoch 29/1000
Epoch training duration: 16.8124279976
Train	AUC[ROC]: 0.995651	AUC[PR]: 0.399938
Val	AUC[ROC]: 0.801088	AUC[PR]: 0.103304
Epoch evaluation duration: 112.951536894
Epoch duration: 129.763964891

Epoch 30/1000
Epoch training duration: 15.1591911316
Train	AUC[ROC]: 0.996387	AUC[PR]: 0.426826
Val	AUC[ROC]: 0.813619	AUC[PR]: 0.111906
Epoch evaluation duration: 111.538426876
Epoch duration: 126.697618008

Epoch 31/1000
Epoch training duration: 17.0243799686
Train	AUC[ROC]: 0.997107	AUC[PR]: 0.465867
Val	AUC[ROC]: 0.795537	AUC[PR]: 0.124229
Epoch evaluation duration: 112.549880981
Epoch duration: 129.57426095

Epoch 32/1000
Epoch training duration: 17.1316370964
Train	AUC[ROC]: 0.997689	AUC[PR]: 0.498338
Val	AUC[ROC]: 0.791819	AUC[PR]: 0.122304
Epoch evaluation duration: 109.307651997
Epoch duration: 126.439289093

Epoch 33/1000
Epoch training duration: 16.5947029591
Train	AUC[ROC]: 0.998060	AUC[PR]: 0.535570
Val	AUC[ROC]: 0.792664	AUC[PR]: 0.114977
Epoch evaluation duration: 110.087363005
Epoch duration: 126.682065964

Epoch 34/1000
Epoch training duration: 15.0434911251
Train	AUC[ROC]: 0.998606	AUC[PR]: 0.575625
Val	AUC[ROC]: 0.807195	AUC[PR]: 0.109808
Epoch evaluation duration: 114.922446966
Epoch duration: 129.965938091

Epoch 35/1000
Epoch training duration: 15.8259048462
Train	AUC[ROC]: 0.998651	AUC[PR]: 0.581485
Val	AUC[ROC]: 0.800974	AUC[PR]: 0.120693
Epoch evaluation duration: 110.740038157
Epoch duration: 126.565943003

Epoch 36/1000
Epoch training duration: 15.621090889
Train	AUC[ROC]: 0.999038	AUC[PR]: 0.646897
Val	AUC[ROC]: 0.791597	AUC[PR]: 0.116894
Epoch evaluation duration: 113.939083099
Epoch duration: 129.560173988

Epoch 37/1000
Epoch training duration: 16.6672110558
Train	AUC[ROC]: 0.999219	AUC[PR]: 0.681043
Val	AUC[ROC]: 0.793764	AUC[PR]: 0.108711
Epoch evaluation duration: 112.894502878
Epoch duration: 129.561713934

Epoch 38/1000
Epoch training duration: 15.5262830257
Train	AUC[ROC]: 0.999468	AUC[PR]: 0.747198
Val	AUC[ROC]: 0.794237	AUC[PR]: 0.119458
Epoch evaluation duration: 113.890440941
Epoch duration: 129.416723967

Epoch 39/1000
Epoch training duration: 16.3110971451
Train	AUC[ROC]: 0.999516	AUC[PR]: 0.762150
Val	AUC[ROC]: 0.771058	AUC[PR]: 0.122899
Epoch evaluation duration: 111.930028915
Epoch duration: 128.24112606

Epoch 40/1000
Epoch training duration: 16.2260820866
Train	AUC[ROC]: 0.999643	AUC[PR]: 0.803391
Val	AUC[ROC]: 0.776232	AUC[PR]: 0.114203
Epoch evaluation duration: 112.538476944
Epoch duration: 128.764559031

Epoch 41/1000
Epoch training duration: 15.882037878
Train	AUC[ROC]: 0.999712	AUC[PR]: 0.830585
Val	AUC[ROC]: 0.775709	AUC[PR]: 0.118512
Epoch evaluation duration: 113.309446096
Epoch duration: 129.191483974

Epoch 42/1000
Epoch training duration: 16.6849429607
Train	AUC[ROC]: 0.999795	AUC[PR]: 0.880495
Val	AUC[ROC]: 0.780065	AUC[PR]: 0.118017
Epoch evaluation duration: 114.200783968
Epoch duration: 130.885726929

Epoch 43/1000
Epoch training duration: 15.9050440788
Train	AUC[ROC]: 0.999857	AUC[PR]: 0.910445
Val	AUC[ROC]: 0.788314	AUC[PR]: 0.111601
Epoch evaluation duration: 111.265598059
Epoch duration: 127.170642138

Epoch 44/1000
Epoch training duration: 16.8097159863
Train	AUC[ROC]: 0.999854	AUC[PR]: 0.905275
Val	AUC[ROC]: 0.771996	AUC[PR]: 0.119026
Epoch evaluation duration: 111.565923929
Epoch duration: 128.375639915

Epoch 45/1000
Epoch training duration: 15.7421629429
Train	AUC[ROC]: 0.999925	AUC[PR]: 0.949623
Val	AUC[ROC]: 0.772225	AUC[PR]: 0.115908
Epoch evaluation duration: 112.494826078
Epoch duration: 128.236989021

Epoch 46/1000
Epoch training duration: 17.328181982
Train	AUC[ROC]: 0.999927	AUC[PR]: 0.949208
Val	AUC[ROC]: 0.772869	AUC[PR]: 0.114090
Epoch evaluation duration: 110.302232027
Epoch duration: 127.630414009

Epoch 47/1000
Epoch training duration: 16.8391740322
Train	AUC[ROC]: 0.999948	AUC[PR]: 0.963405
Val	AUC[ROC]: 0.761918	AUC[PR]: 0.131461
Epoch evaluation duration: 110.927906036
Epoch duration: 127.767080069

Epoch 48/1000
Epoch training duration: 17.8312358856
Train	AUC[ROC]: 0.999970	AUC[PR]: 0.978394
Val	AUC[ROC]: 0.777897	AUC[PR]: 0.113916
Epoch evaluation duration: 113.119806051
Epoch duration: 130.951041937

Epoch 49/1000
Epoch training duration: 16.2759020329
Train	AUC[ROC]: 0.999978	AUC[PR]: 0.984019
Val	AUC[ROC]: 0.764164	AUC[PR]: 0.121301
Epoch evaluation duration: 109.521851063
Epoch duration: 125.797753096

Epoch 50/1000
Epoch training duration: 16.6436998844
Train	AUC[ROC]: 0.999985	AUC[PR]: 0.988308
Val	AUC[ROC]: 0.757811	AUC[PR]: 0.116900
Epoch evaluation duration: 112.352019072
Epoch duration: 128.995718956

Epoch 51/1000
Epoch training duration: 15.4293818474
Train	AUC[ROC]: 0.999988	AUC[PR]: 0.990599
Val	AUC[ROC]: 0.766915	AUC[PR]: 0.115104
Epoch evaluation duration: 109.640269995
Epoch duration: 125.069651842

Epoch 52/1000
Epoch training duration: 16.4964301586
Train	AUC[ROC]: 0.999995	AUC[PR]: 0.996138
Val	AUC[ROC]: 0.750104	AUC[PR]: 0.119587
Epoch evaluation duration: 110.640041828
Epoch duration: 127.136471987

Epoch 53/1000
Epoch training duration: 16.4428491592
Train	AUC[ROC]: 0.999994	AUC[PR]: 0.995093
Val	AUC[ROC]: 0.747227	AUC[PR]: 0.122196
Epoch evaluation duration: 113.48524785
Epoch duration: 129.92809701

Epoch 54/1000
Epoch training duration: 15.4732182026
Train	AUC[ROC]: 0.999995	AUC[PR]: 0.996594
Val	AUC[ROC]: 0.745855	AUC[PR]: 0.116236
Epoch evaluation duration: 116.14594388
Epoch duration: 131.619162083

Epoch 55/1000
Epoch training duration: 16.8590419292
Train	AUC[ROC]: 0.999996	AUC[PR]: 0.996927
Val	AUC[ROC]: 0.731094	AUC[PR]: 0.127537
Epoch evaluation duration: 113.956931114
Epoch duration: 130.815973043

Epoch 56/1000
Epoch training duration: 15.4470920563
Train	AUC[ROC]: 0.999998	AUC[PR]: 0.998344
Val	AUC[ROC]: 0.747817	AUC[PR]: 0.119477
Epoch evaluation duration: 112.52334094
Epoch duration: 127.970432997

Epoch 57/1000
Epoch training duration: 15.8185830116
Train	AUC[ROC]: 0.999998	AUC[PR]: 0.998733
Val	AUC[ROC]: 0.721040	AUC[PR]: 0.126720
Epoch evaluation duration: 111.619387865
Epoch duration: 127.437970877

Epoch 58/1000
Epoch training duration: 15.9035210609
Train	AUC[ROC]: 0.999999	AUC[PR]: 0.999235
Val	AUC[ROC]: 0.725605	AUC[PR]: 0.130953
Epoch evaluation duration: 109.446439981
Epoch duration: 125.349961042

Epoch 59/1000
Epoch training duration: 16.3486020565
Train	AUC[ROC]: 0.999999	AUC[PR]: 0.999022
Val	AUC[ROC]: 0.733723	AUC[PR]: 0.115399
Epoch evaluation duration: 115.380548954
Epoch duration: 131.729151011

Epoch 60/1000
Epoch training duration: 16.091643095
Train	AUC[ROC]: 0.999999	AUC[PR]: 0.999063
Val	AUC[ROC]: 0.725126	AUC[PR]: 0.120994
Epoch evaluation duration: 111.209314823
Epoch duration: 127.300957918

Epoch 61/1000
Epoch training duration: 16.8401710987
Train	AUC[ROC]: 0.999999	AUC[PR]: 0.999417
Val	AUC[ROC]: 0.710966	AUC[PR]: 0.116486
Epoch evaluation duration: 115.412642002
Epoch duration: 132.252813101

Epoch 62/1000
Epoch training duration: 14.8806340694
Train	AUC[ROC]: 0.999999	AUC[PR]: 0.999015
Val	AUC[ROC]: 0.735461	AUC[PR]: 0.120352
Epoch evaluation duration: 110.608146906
Epoch duration: 125.488780975

Epoch 63/1000
Epoch training duration: 17.2163801193
Train	AUC[ROC]: 0.999999	AUC[PR]: 0.999316
Val	AUC[ROC]: 0.725174	AUC[PR]: 0.118477
Epoch evaluation duration: 109.309501886
Epoch duration: 126.525882006

Epoch 64/1000
Epoch training duration: 15.7802009583
Train	AUC[ROC]: 0.999999	AUC[PR]: 0.999531
Val	AUC[ROC]: 0.701104	AUC[PR]: 0.114474
Epoch evaluation duration: 117.790644169
Epoch duration: 133.570845127

Epoch 65/1000
Epoch training duration: 17.5997209549
Train	AUC[ROC]: 1.000000	AUC[PR]: 0.999605
Val	AUC[ROC]: 0.731975	AUC[PR]: 0.104290
Epoch evaluation duration: 111.110610008
Epoch duration: 128.710330963

Epoch 66/1000
Epoch training duration: 16.32771492
Train	AUC[ROC]: 0.999999	AUC[PR]: 0.999524
Val	AUC[ROC]: 0.712527	AUC[PR]: 0.108718
Epoch evaluation duration: 108.286147118
Epoch duration: 124.613862038

Epoch 67/1000
Epoch training duration: 17.4737257957
Train	AUC[ROC]: 1.000000	AUC[PR]: 0.999758
Val	AUC[ROC]: 0.708934	AUC[PR]: 0.112903
Epoch evaluation duration: 113.132037163
Epoch duration: 130.605762959

Epoch 68/1000
Epoch training duration: 15.9566328526
Train	AUC[ROC]: 1.000000	AUC[PR]: 0.999669
Val	AUC[ROC]: 0.718825	AUC[PR]: 0.104949
Epoch evaluation duration: 112.633269072
Epoch duration: 128.589901924

Epoch 69/1000
Epoch training duration: 15.9194691181
Train	AUC[ROC]: 1.000000	AUC[PR]: 0.999775
Val	AUC[ROC]: 0.715032	AUC[PR]: 0.110381
Epoch evaluation duration: 90.5745079517
Epoch duration: 106.49397707

Epoch 70/1000
Epoch training duration: 12.1514780521
Train	AUC[ROC]: 1.000000	AUC[PR]: 0.999681
Val	AUC[ROC]: 0.705014	AUC[PR]: 0.100309
Epoch evaluation duration: 89.2118518353
Epoch duration: 101.363329887

Epoch 71/1000
Epoch training duration: 13.4094669819
Train	AUC[ROC]: 1.000000	AUC[PR]: 0.999778
Val	AUC[ROC]: 0.700593	AUC[PR]: 0.097619
Epoch evaluation duration: 84.4846081734
Epoch duration: 97.8940751553

Epoch 72/1000
Epoch training duration: 13.8246259689
Train	AUC[ROC]: 1.000000	AUC[PR]: 0.999743
Val	AUC[ROC]: 0.718378	AUC[PR]: 0.108575
Epoch evaluation duration: 99.958701849
Epoch duration: 113.783327818

Epoch 73/1000
Epoch training duration: 14.9366362095
Train	AUC[ROC]: 1.000000	AUC[PR]: 0.999786
Val	AUC[ROC]: 0.703375	AUC[PR]: 0.103960
Epoch evaluation duration: 102.880632877
Epoch duration: 117.817269087

Epoch 74/1000
Epoch training duration: 14.349435091
Train	AUC[ROC]: 1.000000	AUC[PR]: 0.999813
Val	AUC[ROC]: 0.702139	AUC[PR]: 0.104849
Epoch evaluation duration: 105.821298838
Epoch duration: 120.170733929

Epoch 75/1000
Epoch training duration: 15.8717241287
Train	AUC[ROC]: 1.000000	AUC[PR]: 0.999786
Val	AUC[ROC]: 0.688809	AUC[PR]: 0.113145
Epoch evaluation duration: 101.092794895
Epoch duration: 116.964519024

Epoch 76/1000
Epoch training duration: 15.0517561436
Train	AUC[ROC]: 0.999999	AUC[PR]: 0.999266
Val	AUC[ROC]: 0.709300	AUC[PR]: 0.100255
Epoch evaluation duration: 101.99770093
Epoch duration: 117.049457073

Epoch 77/1000
Epoch training duration: 16.9023740292
Train	AUC[ROC]: 0.999999	AUC[PR]: 0.999170
Val	AUC[ROC]: 0.708677	AUC[PR]: 0.108270
Epoch evaluation duration: 112.470490932
Epoch duration: 129.372864962

Epoch 78/1000
Epoch training duration: 15.9268579483
Train	AUC[ROC]: 1.000000	AUC[PR]: 0.999696
Val	AUC[ROC]: 0.749986	AUC[PR]: 0.094395
Epoch evaluation duration: 113.793980122
Epoch duration: 129.72083807

Epoch 79/1000
Epoch training duration: 15.875895977
Train	AUC[ROC]: 1.000000	AUC[PR]: 0.999635
Val	AUC[ROC]: 0.714885	AUC[PR]: 0.090503
Epoch evaluation duration: 114.914438963
Epoch duration: 130.79033494

Epoch 80/1000
Epoch training duration: 15.5729999542
Train	AUC[ROC]: 1.000000	AUC[PR]: 0.999876
Val	AUC[ROC]: 0.694524	AUC[PR]: 0.103339
Epoch evaluation duration: 108.411962032
Epoch duration: 123.984961987

Epoch 81/1000
Epoch training duration: 16.9280290604
Train	AUC[ROC]: 1.000000	AUC[PR]: 0.999893
Val	AUC[ROC]: 0.688101	AUC[PR]: 0.090455
Epoch evaluation duration: 111.455010891
Epoch duration: 128.383039951

Epoch 82/1000
Epoch training duration: 16.0684089661
Train	AUC[ROC]: 1.000000	AUC[PR]: 0.999805
Val	AUC[ROC]: 0.682990	AUC[PR]: 0.113436
Epoch evaluation duration: 111.90114212
Epoch duration: 127.969551086

Epoch 83/1000
Epoch training duration: 16.9868381023
Train	AUC[ROC]: 1.000000	AUC[PR]: 0.999866
Val	AUC[ROC]: 0.681502	AUC[PR]: 0.098139
Epoch evaluation duration: 111.051808834
Epoch duration: 128.038646936

Epoch 84/1000
Epoch training duration: 15.2121961117
Train	AUC[ROC]: 1.000000	AUC[PR]: 0.999920
Val	AUC[ROC]: 0.696045	AUC[PR]: 0.094724
Epoch evaluation duration: 112.920825958
Epoch duration: 128.13302207

Epoch 85/1000
Epoch training duration: 16.6325790882
Train	AUC[ROC]: 1.000000	AUC[PR]: 0.999858
Val	AUC[ROC]: 0.692974	AUC[PR]: 0.097604
Epoch evaluation duration: 112.703024864
Epoch duration: 129.335603952

Epoch 86/1000
Epoch training duration: 15.6988909245
Train	AUC[ROC]: 1.000000	AUC[PR]: 0.999902
Val	AUC[ROC]: 0.659924	AUC[PR]: 0.102819
Epoch evaluation duration: 111.893614054
Epoch duration: 127.592504978

Epoch 87/1000
Epoch training duration: 17.5967991352
Train	AUC[ROC]: 1.000000	AUC[PR]: 0.999894
Val	AUC[ROC]: 0.675655	AUC[PR]: 0.115250
Epoch evaluation duration: 112.795421839
Epoch duration: 130.392220974

Epoch 88/1000
Epoch training duration: 15.8284261227
Train	AUC[ROC]: 1.000000	AUC[PR]: 0.999849
Val	AUC[ROC]: 0.659808	AUC[PR]: 0.110936
Epoch evaluation duration: 111.858947039
Epoch duration: 127.687373161

Epoch 89/1000
Epoch training duration: 17.2925648689
Train	AUC[ROC]: 1.000000	AUC[PR]: 0.999796
Val	AUC[ROC]: 0.670618	AUC[PR]: 0.109060
Epoch evaluation duration: 111.153423071
Epoch duration: 128.44598794

Epoch 90/1000
Epoch training duration: 17.1271119118
Train	AUC[ROC]: 1.000000	AUC[PR]: 0.999648
Val	AUC[ROC]: 0.678777	AUC[PR]: 0.096906
Epoch evaluation duration: 113.310440063
Epoch duration: 130.437551975

Epoch 91/1000
Epoch training duration: 16.7164449692
Train	AUC[ROC]: 1.000000	AUC[PR]: 0.999911
Val	AUC[ROC]: 0.684014	AUC[PR]: 0.102845
Epoch evaluation duration: 111.450501919
Epoch duration: 128.166946888

Epoch 92/1000
Epoch training duration: 16.1990301609
Train	AUC[ROC]: 1.000000	AUC[PR]: 0.999830
Val	AUC[ROC]: 0.668130	AUC[PR]: 0.109744
Epoch evaluation duration: 111.131837845
Epoch duration: 127.330868006

Epoch 93/1000
Epoch training duration: 16.4655201435
Train	AUC[ROC]: 1.000000	AUC[PR]: 0.999847
Val	AUC[ROC]: 0.679751	AUC[PR]: 0.099265
Epoch evaluation duration: 112.751035929
Epoch duration: 129.216556072

Epoch 94/1000
Epoch training duration: 16.8107819557
Train	AUC[ROC]: 1.000000	AUC[PR]: 0.999823
Val	AUC[ROC]: 0.671368	AUC[PR]: 0.089299
Epoch evaluation duration: 117.677278996
Epoch duration: 134.488060951

Epoch 95/1000
Epoch training duration: 15.789618969
Train	AUC[ROC]: 1.000000	AUC[PR]: 0.999807
Val	AUC[ROC]: 0.668245	AUC[PR]: 0.088504
Epoch evaluation duration: 107.461663008
Epoch duration: 123.251281977

Epoch 96/1000
Epoch training duration: 15.6084470749
Train	AUC[ROC]: 1.000000	AUC[PR]: 0.999857
Val	AUC[ROC]: 0.679888	AUC[PR]: 0.094495
Epoch evaluation duration: 115.323189974
Epoch duration: 130.931637049

Epoch 97/1000
Epoch training duration: 16.4957489967
Train	AUC[ROC]: 1.000000	AUC[PR]: 0.999831
Val	AUC[ROC]: 0.666685	AUC[PR]: 0.094035
Epoch evaluation duration: 109.832736969
Epoch duration: 126.328485966

Epoch 98/1000
Epoch training duration: 17.3804709911
Train	AUC[ROC]: 1.000000	AUC[PR]: 0.999920
Val	AUC[ROC]: 0.682355	AUC[PR]: 0.086280
Epoch evaluation duration: 113.274011135
Epoch duration: 130.654482126

Epoch 99/1000
Epoch training duration: 15.2333290577
Train	AUC[ROC]: 1.000000	AUC[PR]: 0.999859
Val	AUC[ROC]: 0.684351	AUC[PR]: 0.099136
Epoch evaluation duration: 112.820999861
Epoch duration: 128.054328918

Epoch 100/1000
Epoch training duration: 16.9540560246
Train	AUC[ROC]: 1.000000	AUC[PR]: 0.999946
Val	AUC[ROC]: 0.677971	AUC[PR]: 0.099937
Epoch evaluation duration: 107.826009989
Epoch duration: 124.780066013

Epoch 101/1000
Epoch training duration: 14.7994370461
Train	AUC[ROC]: 1.000000	AUC[PR]: 0.999883
Val	AUC[ROC]: 0.685365	AUC[PR]: 0.102208
Epoch evaluation duration: 110.719619989
Epoch duration: 125.519057035

Epoch 102/1000
Epoch training duration: 16.9183130264
Train	AUC[ROC]: 1.000000	AUC[PR]: 0.999829
Val	AUC[ROC]: 0.709468	AUC[PR]: 0.099113
Epoch evaluation duration: 111.426045895
Epoch duration: 128.344358921

Epoch 103/1000
Epoch training duration: 15.6524820328
Train	AUC[ROC]: 1.000000	AUC[PR]: 0.999747
Val	AUC[ROC]: 0.696121	AUC[PR]: 0.104291
Epoch evaluation duration: 108.723933935
Epoch duration: 124.376415968

Epoch 104/1000
Epoch training duration: 17.0171370506
Train	AUC[ROC]: 1.000000	AUC[PR]: 0.999911
Val	AUC[ROC]: 0.656726	AUC[PR]: 0.098694
Epoch evaluation duration: 116.582520962
Epoch duration: 133.599658012

Epoch 105/1000
Epoch training duration: 16.3903701305
Train	AUC[ROC]: 1.000000	AUC[PR]: 0.999885
Val	AUC[ROC]: 0.661154	AUC[PR]: 0.102364
Epoch evaluation duration: 113.429533958
Epoch duration: 129.819904089

Epoch 106/1000
Epoch training duration: 18.4659919739
Train	AUC[ROC]: 1.000000	AUC[PR]: 0.999840
Val	AUC[ROC]: 0.679992	AUC[PR]: 0.098822
Epoch evaluation duration: 111.092401981
Epoch duration: 129.558393955

Epoch 107/1000
Epoch training duration: 16.0100159645
Train	AUC[ROC]: 0.999999	AUC[PR]: 0.999471
Val	AUC[ROC]: 0.657616	AUC[PR]: 0.101417
Epoch evaluation duration: 112.818961143
Epoch duration: 128.828977108

Epoch 108/1000
Epoch training duration: 17.0452289581
Train	AUC[ROC]: 1.000000	AUC[PR]: 0.999825
Val	AUC[ROC]: 0.672732	AUC[PR]: 0.109273
Epoch evaluation duration: 110.022985935
Epoch duration: 127.068214893

Epoch 109/1000
Epoch training duration: 16.1894299984
Train	AUC[ROC]: 1.000000	AUC[PR]: 0.999796
Val	AUC[ROC]: 0.649918	AUC[PR]: 0.101603
Epoch evaluation duration: 107.541682005
Epoch duration: 123.731112003

Epoch 110/1000
Epoch training duration: 16.9286379814
Train	AUC[ROC]: 0.999999	AUC[PR]: 0.999613
Val	AUC[ROC]: 0.628456	AUC[PR]: 0.108756
Epoch evaluation duration: 110.943685055
Epoch duration: 127.872323036

Epoch 111/1000
Epoch training duration: 15.1074631214
Train	AUC[ROC]: 1.000000	AUC[PR]: 0.999850
Val	AUC[ROC]: 0.674882	AUC[PR]: 0.102536
Epoch evaluation duration: 109.301227808
Epoch duration: 124.408690929

Epoch 112/1000
Epoch training duration: 18.020991087
Train	AUC[ROC]: 1.000000	AUC[PR]: 0.999632
Val	AUC[ROC]: 0.660380	AUC[PR]: 0.118057
Epoch evaluation duration: 110.504242897
Epoch duration: 128.525233984

Epoch 113/1000
Epoch training duration: 16.3687801361
Train	AUC[ROC]: 1.000000	AUC[PR]: 0.999875
Val	AUC[ROC]: 0.641122	AUC[PR]: 0.102920
Epoch evaluation duration: 109.857555866
Epoch duration: 126.226336002

Epoch 114/1000
Epoch training duration: 17.0150580406
Train	AUC[ROC]: 1.000000	AUC[PR]: 0.999867
Val	AUC[ROC]: 0.646796	AUC[PR]: 0.110064
Epoch evaluation duration: 114.891770124
Epoch duration: 131.906828165

Epoch 115/1000
Epoch training duration: 16.1939079762
Train	AUC[ROC]: 1.000000	AUC[PR]: 0.999867
Val	AUC[ROC]: 0.652059	AUC[PR]: 0.119844
Epoch evaluation duration: 109.249284029
Epoch duration: 125.443192005

Epoch 116/1000
Epoch training duration: 17.8629069328
Train	AUC[ROC]: 1.000000	AUC[PR]: 0.999894
Val	AUC[ROC]: 0.647110	AUC[PR]: 0.100202
Epoch evaluation duration: 111.181905985
Epoch duration: 129.044812918

Epoch 117/1000
Epoch training duration: 15.1266040802
Train	AUC[ROC]: 1.000000	AUC[PR]: 0.999920
Val	AUC[ROC]: 0.639985	AUC[PR]: 0.096228
Epoch evaluation duration: 112.055702925
Epoch duration: 127.182307005

Epoch 118/1000
Epoch training duration: 17.0756049156
Train	AUC[ROC]: 1.000000	AUC[PR]: 0.999885
Val	AUC[ROC]: 0.658653	AUC[PR]: 0.100415
Epoch evaluation duration: 113.186305046
Epoch duration: 130.261909962

Epoch 119/1000
Epoch training duration: 14.9786820412
Train	AUC[ROC]: 1.000000	AUC[PR]: 0.999938
Val	AUC[ROC]: 0.657651	AUC[PR]: 0.104041
Epoch evaluation duration: 110.177335978
Epoch duration: 125.156018019

Epoch 120/1000
Epoch training duration: 15.9092850685
Train	AUC[ROC]: 1.000000	AUC[PR]: 0.999875
Val	AUC[ROC]: 0.656308	AUC[PR]: 0.090660
Epoch evaluation duration: 109.745472908
Epoch duration: 125.654757977

Epoch 121/1000
Epoch training duration: 15.4584989548
Train	AUC[ROC]: 1.000000	AUC[PR]: 0.999894
Val	AUC[ROC]: 0.666047	AUC[PR]: 0.093590
Epoch evaluation duration: 113.434823036
Epoch duration: 128.893321991

Epoch 122/1000
Epoch training duration: 16.3533041477
Train	AUC[ROC]: 1.000000	AUC[PR]: 0.999670
Val	AUC[ROC]: 0.662609	AUC[PR]: 0.102070
Epoch evaluation duration: 111.176733971
Epoch duration: 127.530038118

Epoch 123/1000
Epoch training duration: 15.4807519913
Train	AUC[ROC]: 1.000000	AUC[PR]: 0.999831
Val	AUC[ROC]: 0.666070	AUC[PR]: 0.088287
Epoch evaluation duration: 109.345200062
Epoch duration: 124.825952053

Epoch 124/1000
Epoch training duration: 16.5549249649
Train	AUC[ROC]: 1.000000	AUC[PR]: 0.999902
Val	AUC[ROC]: 0.671767	AUC[PR]: 0.098755
Epoch evaluation duration: 117.411412954
Epoch duration: 133.966337919

Epoch 125/1000
Epoch training duration: 16.8020830154
Train	AUC[ROC]: 1.000000	AUC[PR]: 0.999920
Val	AUC[ROC]: 0.676370	AUC[PR]: 0.098423
Epoch evaluation duration: 109.820593834
Epoch duration: 126.622676849

Epoch 126/1000
Epoch training duration: 15.6938900948
Train	AUC[ROC]: 1.000000	AUC[PR]: 0.999652
Val	AUC[ROC]: 0.679047	AUC[PR]: 0.104026
Epoch evaluation duration: 106.209341049
Epoch duration: 121.903231144

Epoch 127/1000
Epoch training duration: 15.6189930439
Train	AUC[ROC]: 1.000000	AUC[PR]: 0.999920
Val	AUC[ROC]: 0.667966	AUC[PR]: 0.089198
Epoch evaluation duration: 114.199407816
Epoch duration: 129.81840086

Epoch 128/1000
Epoch training duration: 15.8912041187
Train	AUC[ROC]: 1.000000	AUC[PR]: 0.999920
Val	AUC[ROC]: 0.697471	AUC[PR]: 0.092900
Epoch evaluation duration: 109.724126101
Epoch duration: 125.615330219

Epoch 129/1000
Epoch training duration: 15.0071868896
Train	AUC[ROC]: 1.000000	AUC[PR]: 0.999902
Val	AUC[ROC]: 0.665484	AUC[PR]: 0.091844
Epoch evaluation duration: 110.017318964
Epoch duration: 125.024505854

Epoch 130/1000
Epoch training duration: 17.0011329651
Train	AUC[ROC]: 1.000000	AUC[PR]: 0.999885
Val	AUC[ROC]: 0.667904	AUC[PR]: 0.100232
Epoch evaluation duration: 108.650779963
Epoch duration: 125.651912928

Epoch 131/1000
Epoch training duration: 15.9149851799
Train	AUC[ROC]: 1.000000	AUC[PR]: 0.999911
Val	AUC[ROC]: 0.686695	AUC[PR]: 0.102117
Epoch evaluation duration: 111.274291039
Epoch duration: 127.189276218

Epoch 132/1000
Epoch training duration: 17.2360749245
Train	AUC[ROC]: 1.000000	AUC[PR]: 0.999830
Val	AUC[ROC]: 0.654319	AUC[PR]: 0.104848
Epoch evaluation duration: 111.242308855
Epoch duration: 128.47838378

Epoch 133/1000
Epoch training duration: 17.0276629925
Train	AUC[ROC]: 1.000000	AUC[PR]: 0.999866
Val	AUC[ROC]: 0.667872	AUC[PR]: 0.097161
Epoch evaluation duration: 114.447390079
Epoch duration: 131.475053072

Epoch 134/1000
Epoch training duration: 17.4075269699
Train	AUC[ROC]: 1.000000	AUC[PR]: 0.999919
Val	AUC[ROC]: 0.674303	AUC[PR]: 0.096451
Epoch evaluation duration: 113.732409
Epoch duration: 131.13993597

Epoch 135/1000
Epoch training duration: 15.3826601505
Train	AUC[ROC]: 1.000000	AUC[PR]: 0.999893
Val	AUC[ROC]: 0.676024	AUC[PR]: 0.106298
Epoch evaluation duration: 113.513873816
Epoch duration: 128.896533966

Epoch 136/1000
Epoch training duration: 16.2551290989
Train	AUC[ROC]: 1.000000	AUC[PR]: 0.999902
Val	AUC[ROC]: 0.683140	AUC[PR]: 0.093492
Epoch evaluation duration: 109.075095892
Epoch duration: 125.330224991

Epoch 137/1000
Epoch training duration: 16.2042911053
Train	AUC[ROC]: 1.000000	AUC[PR]: 0.999884
Val	AUC[ROC]: 0.686015	AUC[PR]: 0.093400
Epoch evaluation duration: 112.31287694
Epoch duration: 128.517168045

Epoch 138/1000
Epoch training duration: 15.7118470669
Train	AUC[ROC]: 1.000000	AUC[PR]: 0.999866
Val	AUC[ROC]: 0.645867	AUC[PR]: 0.101015
Epoch evaluation duration: 111.726578951
Epoch duration: 127.438426018

Epoch 139/1000
Epoch training duration: 17.982008934
Train	AUC[ROC]: 1.000000	AUC[PR]: 0.999839
Val	AUC[ROC]: 0.658285	AUC[PR]: 0.107564
Epoch evaluation duration: 108.565444231
Epoch duration: 126.547453165

Epoch 140/1000
Epoch training duration: 15.3026788235
Train	AUC[ROC]: 1.000000	AUC[PR]: 0.999885
Val	AUC[ROC]: 0.648645	AUC[PR]: 0.108956
Epoch evaluation duration: 113.470102072
Epoch duration: 128.772780895

Epoch 141/1000
Epoch training duration: 16.4596998692
Train	AUC[ROC]: 1.000000	AUC[PR]: 0.999920
Val	AUC[ROC]: 0.660850	AUC[PR]: 0.116549
Epoch evaluation duration: 110.118927002
Epoch duration: 126.578626871

Epoch 142/1000
Epoch training duration: 15.5747680664
Train	AUC[ROC]: 1.000000	AUC[PR]: 0.999920
Val	AUC[ROC]: 0.667654	AUC[PR]: 0.110244
Epoch evaluation duration: 109.32181406
Epoch duration: 124.896582127

Epoch 143/1000
Epoch training duration: 15.9457249641
Train	AUC[ROC]: 1.000000	AUC[PR]: 0.999848
Val	AUC[ROC]: 0.671198	AUC[PR]: 0.115330
Epoch evaluation duration: 116.616951942
Epoch duration: 132.562676907

Epoch 144/1000
Epoch training duration: 17.5042221546
Train	AUC[ROC]: 1.000000	AUC[PR]: 0.999808
Val	AUC[ROC]: 0.658975	AUC[PR]: 0.106887
Epoch evaluation duration: 109.092270851
Epoch duration: 126.596493006

Epoch 145/1000
Epoch training duration: 17.3569619656
Train	AUC[ROC]: 1.000000	AUC[PR]: 0.999929
Val	AUC[ROC]: 0.692236	AUC[PR]: 0.115208
Epoch evaluation duration: 110.342371225
Epoch duration: 127.699333191

Epoch 146/1000
Epoch training duration: 15.6052269936
Train	AUC[ROC]: 1.000000	AUC[PR]: 0.999868
Val	AUC[ROC]: 0.666448	AUC[PR]: 0.102355
Epoch evaluation duration: 111.786206007
Epoch duration: 127.391433001

Epoch 147/1000
Epoch training duration: 17.7742118835
Train	AUC[ROC]: 1.000000	AUC[PR]: 0.999912
Val	AUC[ROC]: 0.681268	AUC[PR]: 0.109247
Epoch evaluation duration: 113.514465094
Epoch duration: 131.288676977

Epoch 148/1000
Epoch training duration: 17.2103848457
Train	AUC[ROC]: 1.000000	AUC[PR]: 0.999929
Val	AUC[ROC]: 0.669733	AUC[PR]: 0.106817
Epoch evaluation duration: 112.225509167
Epoch duration: 129.435894012

Epoch 149/1000
Epoch training duration: 16.2231860161
Train	AUC[ROC]: 1.000000	AUC[PR]: 0.999911
Val	AUC[ROC]: 0.652839	AUC[PR]: 0.100412
Epoch evaluation duration: 111.793362856
Epoch duration: 128.016548872

Epoch 150/1000
Epoch training duration: 16.0842039585
Train	AUC[ROC]: 1.000000	AUC[PR]: 0.999920
Val	AUC[ROC]: 0.647527	AUC[PR]: 0.097637
Epoch evaluation duration: 108.922702074
Epoch duration: 125.006906033

Epoch 151/1000
Epoch training duration: 16.4380888939
Train	AUC[ROC]: 1.000000	AUC[PR]: 0.999946
Val	AUC[ROC]: 0.680821	AUC[PR]: 0.100784
Epoch evaluation duration: 108.795288086
Epoch duration: 125.23337698

Epoch 152/1000
Epoch training duration: 15.8836641312
Train	AUC[ROC]: 1.000000	AUC[PR]: 0.999821
Val	AUC[ROC]: 0.666456	AUC[PR]: 0.105624
Epoch evaluation duration: 109.437694788
Epoch duration: 125.321358919

Epoch 153/1000
Epoch training duration: 17.3596930504
Train	AUC[ROC]: 1.000000	AUC[PR]: 0.999867
Val	AUC[ROC]: 0.696886	AUC[PR]: 0.105923
Epoch evaluation duration: 116.217405081
Epoch duration: 133.577098131

Epoch 154/1000
Epoch training duration: 15.9168310165
Train	AUC[ROC]: 1.000000	AUC[PR]: 0.999911
Val	AUC[ROC]: 0.691230	AUC[PR]: 0.101497
Epoch evaluation duration: 110.645393848
Epoch duration: 126.562224865

Epoch 155/1000
Epoch training duration: 18.2037911415
Train	AUC[ROC]: 1.000000	AUC[PR]: 0.999912
Val	AUC[ROC]: 0.673997	AUC[PR]: 0.107885
Epoch evaluation duration: 116.017190933
Epoch duration: 134.220982075

Epoch 156/1000
Epoch training duration: 16.6822140217
Train	AUC[ROC]: 1.000000	AUC[PR]: 0.999885
Val	AUC[ROC]: 0.685263	AUC[PR]: 0.109533
Epoch evaluation duration: 109.010802031
Epoch duration: 125.693016052

Epoch 157/1000
Epoch training duration: 16.5468249321
Train	AUC[ROC]: 1.000000	AUC[PR]: 0.999928
Val	AUC[ROC]: 0.669769	AUC[PR]: 0.097774
Epoch evaluation duration: 110.981953144
Epoch duration: 127.528778076

Epoch 158/1000
Epoch training duration: 15.4175629616
Train	AUC[ROC]: 1.000000	AUC[PR]: 0.999929
Val	AUC[ROC]: 0.668399	AUC[PR]: 0.112289
Epoch evaluation duration: 106.773217916
Epoch duration: 122.190780878

Epoch 159/1000
Epoch training duration: 17.2090890408
Train	AUC[ROC]: 1.000000	AUC[PR]: 0.999929
Val	AUC[ROC]: 0.666032	AUC[PR]: 0.117788
Epoch evaluation duration: 110.683808088
Epoch duration: 127.892897129

Epoch 160/1000
Epoch training duration: 16.411937952
Train	AUC[ROC]: 1.000000	AUC[PR]: 0.999919
Val	AUC[ROC]: 0.664167	AUC[PR]: 0.117331
Epoch evaluation duration: 112.657667875
Epoch duration: 129.069605827

Epoch 161/1000
Epoch training duration: 17.0014350414
Train	AUC[ROC]: 1.000000	AUC[PR]: 0.999893
Val	AUC[ROC]: 0.685310	AUC[PR]: 0.111252
Epoch evaluation duration: 110.829987049
Epoch duration: 127.831422091

Epoch 162/1000
Epoch training duration: 15.1943199635
Train	AUC[ROC]: 1.000000	AUC[PR]: 0.999848
Val	AUC[ROC]: 0.689533	AUC[PR]: 0.105540
Epoch evaluation duration: 109.692291021
Epoch duration: 124.886610985

Epoch 163/1000
Epoch training duration: 15.8143069744
Train	AUC[ROC]: 1.000000	AUC[PR]: 0.999937
Val	AUC[ROC]: 0.668123	AUC[PR]: 0.099028
Epoch evaluation duration: 112.138174057
Epoch duration: 127.952481031

Epoch 164/1000
Epoch training duration: 15.9937829971
Train	AUC[ROC]: 1.000000	AUC[PR]: 0.999912
Val	AUC[ROC]: 0.657337	AUC[PR]: 0.103207
Epoch evaluation duration: 114.770030022
Epoch duration: 130.763813019

Epoch 165/1000
Epoch training duration: 16.0287599564
Train	AUC[ROC]: 1.000000	AUC[PR]: 0.999911
Val	AUC[ROC]: 0.692987	AUC[PR]: 0.115021
Epoch evaluation duration: 108.291735888
Epoch duration: 124.320495844

Epoch 166/1000
Epoch training duration: 15.1135640144
Train	AUC[ROC]: 1.000000	AUC[PR]: 0.999875
Val	AUC[ROC]: 0.666311	AUC[PR]: 0.097558
Epoch evaluation duration: 112.375370026
Epoch duration: 127.48893404

Epoch 167/1000
Epoch training duration: 16.02323699
Train	AUC[ROC]: 1.000000	AUC[PR]: 0.999911
Val	AUC[ROC]: 0.684523	AUC[PR]: 0.090738
Epoch evaluation duration: 107.588475943
Epoch duration: 123.611712933

Epoch 168/1000
Epoch training duration: 15.0883991718
Train	AUC[ROC]: 1.000000	AUC[PR]: 0.999892
Val	AUC[ROC]: 0.658956	AUC[PR]: 0.107591
Epoch evaluation duration: 113.166486979
Epoch duration: 128.25488615

Epoch 169/1000
Epoch training duration: 15.8959999084
Train	AUC[ROC]: 1.000000	AUC[PR]: 0.999884
Val	AUC[ROC]: 0.664311	AUC[PR]: 0.106768
Epoch evaluation duration: 110.277080059
Epoch duration: 126.173079967

Epoch 170/1000
Epoch training duration: 16.8016290665
Train	AUC[ROC]: 1.000000	AUC[PR]: 0.999929
Val	AUC[ROC]: 0.650492	AUC[PR]: 0.102898
Epoch evaluation duration: 111.283054829
Epoch duration: 128.084683895

Epoch 171/1000
Epoch training duration: 15.7620542049
Train	AUC[ROC]: 1.000000	AUC[PR]: 0.999938
Val	AUC[ROC]: 0.693764	AUC[PR]: 0.110371
Epoch evaluation duration: 111.416476011
Epoch duration: 127.178530216

Epoch 172/1000
Epoch training duration: 15.8920698166
Train	AUC[ROC]: 1.000000	AUC[PR]: 0.999946
Val	AUC[ROC]: 0.681060	AUC[PR]: 0.103193
Epoch evaluation duration: 110.835477114
Epoch duration: 126.72754693

Epoch 173/1000
Epoch training duration: 16.5920188427
Train	AUC[ROC]: 1.000000	AUC[PR]: 0.999937
Val	AUC[ROC]: 0.687519	AUC[PR]: 0.104897
Epoch evaluation duration: 116.716996193
Epoch duration: 133.309015036

Epoch 174/1000
Epoch training duration: 16.5131108761
Train	AUC[ROC]: 1.000000	AUC[PR]: 0.999929
Val	AUC[ROC]: 0.693707	AUC[PR]: 0.107212
Epoch evaluation duration: 110.745404959
Epoch duration: 127.258515835

Epoch 175/1000
Epoch training duration: 16.0741481781
Train	AUC[ROC]: 1.000000	AUC[PR]: 0.999859
Val	AUC[ROC]: 0.706106	AUC[PR]: 0.105384
Epoch evaluation duration: 111.029093027
Epoch duration: 127.103241205

Epoch 176/1000
Epoch training duration: 17.701187849
Train	AUC[ROC]: 1.000000	AUC[PR]: 0.999929
Val	AUC[ROC]: 0.689402	AUC[PR]: 0.103944
Epoch evaluation duration: 112.048632145
Epoch duration: 129.749819994

Epoch 177/1000
Epoch training duration: 15.7297928333
Train	AUC[ROC]: 1.000000	AUC[PR]: 0.999866
Val	AUC[ROC]: 0.689094	AUC[PR]: 0.100625
Epoch evaluation duration: 111.828366041
Epoch duration: 127.558158875

Epoch 178/1000
Epoch training duration: 15.959084034
Train	AUC[ROC]: 1.000000	AUC[PR]: 0.999946
Val	AUC[ROC]: 0.689006	AUC[PR]: 0.109919
Epoch evaluation duration: 98.511633873
Epoch duration: 114.470717907

Epoch 179/1000
Epoch training duration: 13.6190152168
Train	AUC[ROC]: 1.000000	AUC[PR]: 0.999902
Val	AUC[ROC]: 0.679097	AUC[PR]: 0.105300
Epoch evaluation duration: 83.3297679424
Epoch duration: 96.9487831593

Epoch 180/1000
Epoch training duration: 13.4537270069
Train	AUC[ROC]: 1.000000	AUC[PR]: 0.999946
Val	AUC[ROC]: 0.705260	AUC[PR]: 0.102218
Epoch evaluation duration: 81.3566160202
Epoch duration: 94.8103430271

Epoch 181/1000
Epoch training duration: 14.537722826
Train	AUC[ROC]: 1.000000	AUC[PR]: 0.999946
Val	AUC[ROC]: 0.707001	AUC[PR]: 0.103476
Epoch evaluation duration: 82.6166810989
Epoch duration: 97.1544039249

Epoch 182/1000
Epoch training duration: 12.6200840473
Train	AUC[ROC]: 1.000000	AUC[PR]: 0.999902
Val	AUC[ROC]: 0.667658	AUC[PR]: 0.099247
Epoch evaluation duration: 81.2133569717
Epoch duration: 93.8334410191

Epoch 183/1000
Epoch training duration: 13.0497319698
Train	AUC[ROC]: 1.000000	AUC[PR]: 0.999946
Val	AUC[ROC]: 0.690618	AUC[PR]: 0.101530
Epoch evaluation duration: 99.1984109879
Epoch duration: 112.248142958

Epoch 184/1000
Epoch training duration: 17.020430088
Train	AUC[ROC]: 1.000000	AUC[PR]: 0.999946
Val	AUC[ROC]: 0.684944	AUC[PR]: 0.100558
Epoch evaluation duration: 109.138516903
Epoch duration: 126.158946991

Epoch 185/1000
Epoch training duration: 16.8244991302
Train	AUC[ROC]: 1.000000	AUC[PR]: 0.999920
Val	AUC[ROC]: 0.691375	AUC[PR]: 0.094760
Epoch evaluation duration: 108.332726955
Epoch duration: 125.157226086

Epoch 186/1000
Epoch training duration: 17.0447158813
Train	AUC[ROC]: 1.000000	AUC[PR]: 0.999946
Val	AUC[ROC]: 0.702862	AUC[PR]: 0.105199
Epoch evaluation duration: 107.846075058
Epoch duration: 124.890790939

Epoch 187/1000
Epoch training duration: 17.0774860382
Train	AUC[ROC]: 1.000000	AUC[PR]: 0.999838
Val	AUC[ROC]: 0.699224	AUC[PR]: 0.099166
Epoch evaluation duration: 107.972100019
Epoch duration: 125.049586058

Epoch 188/1000
Epoch training duration: 17.124475956
Train	AUC[ROC]: 1.000000	AUC[PR]: 0.999929
Val	AUC[ROC]: 0.685352	AUC[PR]: 0.095634
Epoch evaluation duration: 108.604624987
Epoch duration: 125.729100943

Epoch 189/1000
Epoch training duration: 16.7420079708
Train	AUC[ROC]: 1.000000	AUC[PR]: 0.999867
Val	AUC[ROC]: 0.728945	AUC[PR]: 0.092674
Epoch evaluation duration: 108.429350138
Epoch duration: 125.171358109

Epoch 190/1000
Epoch training duration: 16.7383749485
Train	AUC[ROC]: 1.000000	AUC[PR]: 0.999920
Val	AUC[ROC]: 0.701431	AUC[PR]: 0.095589
Epoch evaluation duration: 108.544740915
Epoch duration: 125.283115864

Epoch 191/1000
Epoch training duration: 16.987267971
Train	AUC[ROC]: 1.000000	AUC[PR]: 0.999903
Val	AUC[ROC]: 0.684059	AUC[PR]: 0.104749
Epoch evaluation duration: 107.966460943
Epoch duration: 124.953728914

Epoch 192/1000
Epoch training duration: 16.5589461327
Train	AUC[ROC]: 1.000000	AUC[PR]: 0.999937
Val	AUC[ROC]: 0.673703	AUC[PR]: 0.102707
Epoch evaluation duration: 107.826772928
Epoch duration: 124.385719061

Epoch 193/1000
Epoch training duration: 17.2107689381
Train	AUC[ROC]: 1.000000	AUC[PR]: 0.999920
Val	AUC[ROC]: 0.691980	AUC[PR]: 0.103488
Epoch evaluation duration: 107.583665133
Epoch duration: 124.794434071

Epoch 194/1000
Epoch training duration: 17.2269558907
Train	AUC[ROC]: 1.000000	AUC[PR]: 0.999894
Val	AUC[ROC]: 0.681026	AUC[PR]: 0.105885
Epoch evaluation duration: 109.023048162
Epoch duration: 126.250004053

Epoch 195/1000
Epoch training duration: 16.4134528637
Train	AUC[ROC]: 1.000000	AUC[PR]: 0.999920
Val	AUC[ROC]: 0.685166	AUC[PR]: 0.103725
Epoch evaluation duration: 108.868345022
Epoch duration: 125.281797886

Epoch 196/1000
Epoch training duration: 16.9297480583
Train	AUC[ROC]: 1.000000	AUC[PR]: 0.999911
Val	AUC[ROC]: 0.689909	AUC[PR]: 0.104050
Epoch evaluation duration: 108.209322929
Epoch duration: 125.139070988

Epoch 197/1000
Epoch training duration: 16.557295084
Train	AUC[ROC]: 1.000000	AUC[PR]: 0.999929
Val	AUC[ROC]: 0.694450	AUC[PR]: 0.104786
Epoch evaluation duration: 109.285382032
Epoch duration: 125.842677116

Epoch 198/1000
Epoch training duration: 17.0427348614
Train	AUC[ROC]: 1.000000	AUC[PR]: 0.999876
Val	AUC[ROC]: 0.681952	AUC[PR]: 0.102805
Epoch evaluation duration: 108.877911091
Epoch duration: 125.920645952

Epoch 199/1000
Epoch training duration: 16.9720780849
Train	AUC[ROC]: 1.000000	AUC[PR]: 0.999929
Val	AUC[ROC]: 0.688065	AUC[PR]: 0.098096
Epoch evaluation duration: 109.766646862
Epoch duration: 126.738724947

Epoch 200/1000
Epoch training duration: 16.8762750626
Train	AUC[ROC]: 1.000000	AUC[PR]: 0.999946
Val	AUC[ROC]: 0.709246	AUC[PR]: 0.107112
Epoch evaluation duration: 108.336606979
Epoch duration: 125.212882042

Epoch 201/1000
Epoch training duration: 17.001046896
Train	AUC[ROC]: 1.000000	AUC[PR]: 0.999903
Val	AUC[ROC]: 0.687661	AUC[PR]: 0.112195
Epoch evaluation duration: 108.473459005
Epoch duration: 125.474505901

Epoch 202/1000
Epoch training duration: 17.2804331779
Train	AUC[ROC]: 1.000000	AUC[PR]: 0.999946
Val	AUC[ROC]: 0.673692	AUC[PR]: 0.111108
Epoch evaluation duration: 108.987380028
Epoch duration: 126.267813206

Epoch 203/1000
Epoch training duration: 17.3002758026
Train	AUC[ROC]: 1.000000	AUC[PR]: 0.999946
Val	AUC[ROC]: 0.667677	AUC[PR]: 0.112496
Epoch evaluation duration: 108.316945076
Epoch duration: 125.617220879

Epoch 204/1000
Epoch training duration: 17.2314639091
Train	AUC[ROC]: 1.000000	AUC[PR]: 0.999946
Val	AUC[ROC]: 0.668530	AUC[PR]: 0.110595
Epoch evaluation duration: 108.274441004
Epoch duration: 125.505904913

Epoch 205/1000
Epoch training duration: 17.1110091209
Train	AUC[ROC]: 1.000000	AUC[PR]: 0.999903
Val	AUC[ROC]: 0.679242	AUC[PR]: 0.115089
Epoch evaluation duration: 108.646818876
Epoch duration: 125.757827997

Epoch 206/1000
Epoch training duration: 17.0790660381
Train	AUC[ROC]: 1.000000	AUC[PR]: 0.999929
Val	AUC[ROC]: 0.675080	AUC[PR]: 0.109129
Epoch evaluation duration: 109.112221003
Epoch duration: 126.191287041

Epoch 207/1000
Epoch training duration: 16.8927590847
Train	AUC[ROC]: 1.000000	AUC[PR]: 0.999946
Val	AUC[ROC]: 0.684378	AUC[PR]: 0.113334
Epoch evaluation duration: 108.875403881
Epoch duration: 125.768162966

Epoch 208/1000
Epoch training duration: 16.8672020435
Train	AUC[ROC]: 1.000000	AUC[PR]: 0.999937
Val	AUC[ROC]: 0.674280	AUC[PR]: 0.112057
Epoch evaluation duration: 108.017914057
Epoch duration: 124.8851161

Epoch 209/1000
Epoch training duration: 16.6741909981
Train	AUC[ROC]: 1.000000	AUC[PR]: 0.999937
Val	AUC[ROC]: 0.682996	AUC[PR]: 0.108246
Epoch evaluation duration: 109.934493065
Epoch duration: 126.608684063

Epoch 210/1000
Epoch training duration: 16.5297179222
Train	AUC[ROC]: 1.000000	AUC[PR]: 0.999946
Val	AUC[ROC]: 0.677548	AUC[PR]: 0.102989
Epoch evaluation duration: 108.873240948
Epoch duration: 125.40295887

Epoch 211/1000
Epoch training duration: 16.9403381348
Train	AUC[ROC]: 1.000000	AUC[PR]: 0.999920
Val	AUC[ROC]: 0.658115	AUC[PR]: 0.098767
Epoch evaluation duration: 108.835177898
Epoch duration: 125.775516033

Epoch 212/1000
Epoch training duration: 16.9058849812
Train	AUC[ROC]: 1.000000	AUC[PR]: 0.999946
Val	AUC[ROC]: 0.710836	AUC[PR]: 0.110912
Epoch evaluation duration: 108.873064041
Epoch duration: 125.778949022

Epoch 213/1000
Epoch training duration: 17.0989060402
Train	AUC[ROC]: 1.000000	AUC[PR]: 0.999920
Val	AUC[ROC]: 0.683266	AUC[PR]: 0.105903
Epoch evaluation duration: 108.521473885
Epoch duration: 125.620379925

Epoch 214/1000
Epoch training duration: 17.3790171146
Train	AUC[ROC]: 1.000000	AUC[PR]: 0.999937
Val	AUC[ROC]: 0.662393	AUC[PR]: 0.096728
Epoch evaluation duration: 108.403392076
Epoch duration: 125.782409191

Epoch 215/1000
Epoch training duration: 17.1296989918
Train	AUC[ROC]: 1.000000	AUC[PR]: 0.999929
Val	AUC[ROC]: 0.673427	AUC[PR]: 0.098827
Epoch evaluation duration: 108.748343945
Epoch duration: 125.878042936

Epoch 216/1000
Epoch training duration: 16.6195189953
Train	AUC[ROC]: 1.000000	AUC[PR]: 0.999892
Val	AUC[ROC]: 0.692660	AUC[PR]: 0.099320
Epoch evaluation duration: 108.474623919
Epoch duration: 125.094142914

Epoch 217/1000
Epoch training duration: 17.040017128
Train	AUC[ROC]: 1.000000	AUC[PR]: 0.999946
Val	AUC[ROC]: 0.681462	AUC[PR]: 0.099099
Epoch evaluation duration: 108.102528811
Epoch duration: 125.142545938

Epoch 218/1000
Epoch training duration: 16.8577132225
Train	AUC[ROC]: 1.000000	AUC[PR]: 0.999892
Val	AUC[ROC]: 0.695556	AUC[PR]: 0.117633
Epoch evaluation duration: 108.846687794
Epoch duration: 125.704401016

Epoch 219/1000
Epoch training duration: 16.9836950302
Train	AUC[ROC]: 1.000000	AUC[PR]: 0.999828
Val	AUC[ROC]: 0.645767	AUC[PR]: 0.090545
Epoch evaluation duration: 108.360614061
Epoch duration: 125.344309092

Epoch 220/1000
Epoch training duration: 16.9077999592
Train	AUC[ROC]: 1.000000	AUC[PR]: 0.999811
Val	AUC[ROC]: 0.681337	AUC[PR]: 0.113848
Epoch evaluation duration: 109.008330107
Epoch duration: 125.916130066

Epoch 221/1000
Epoch training duration: 16.8134968281
Train	AUC[ROC]: 1.000000	AUC[PR]: 0.999929
Val	AUC[ROC]: 0.687845	AUC[PR]: 0.106809
Epoch evaluation duration: 108.216219187
Epoch duration: 125.029716015

Epoch 222/1000
Epoch training duration: 17.0705959797
Train	AUC[ROC]: 1.000000	AUC[PR]: 0.999903
Val	AUC[ROC]: 0.682457	AUC[PR]: 0.103474
Epoch evaluation duration: 108.890139818
Epoch duration: 125.960735798

Epoch 223/1000
Epoch training duration: 16.2775690556
Train	AUC[ROC]: 1.000000	AUC[PR]: 0.999946
Val	AUC[ROC]: 0.684161	AUC[PR]: 0.105895
Epoch evaluation duration: 107.065900087
Epoch duration: 123.343469143

Epoch 224/1000
Epoch training duration: 17.0446848869
Train	AUC[ROC]: 1.000000	AUC[PR]: 0.999946
Val	AUC[ROC]: 0.685509	AUC[PR]: 0.108555
Epoch evaluation duration: 109.260603189
Epoch duration: 126.305288076

Epoch 225/1000
Epoch training duration: 16.93440485
Train	AUC[ROC]: 1.000000	AUC[PR]: 0.999946
Val	AUC[ROC]: 0.685064	AUC[PR]: 0.099614
Epoch evaluation duration: 108.219939947
Epoch duration: 125.154344797

Epoch 226/1000
Epoch training duration: 16.7201080322
Train	AUC[ROC]: 1.000000	AUC[PR]: 0.999946
Val	AUC[ROC]: 0.686764	AUC[PR]: 0.099944
Epoch evaluation duration: 108.319019079
Epoch duration: 125.039127111

Epoch 227/1000
Epoch training duration: 16.864921093
Train	AUC[ROC]: 1.000000	AUC[PR]: 0.999946
Val	AUC[ROC]: 0.686532	AUC[PR]: 0.106080
Epoch evaluation duration: 108.83214283
Epoch duration: 125.697063923

Epoch 228/1000
Epoch training duration: 17.1032660007
Train	AUC[ROC]: 1.000000	AUC[PR]: 0.999938
Val	AUC[ROC]: 0.700564	AUC[PR]: 0.106317
Epoch evaluation duration: 108.032479048
Epoch duration: 125.135745049

Epoch 229/1000
Epoch training duration: 17.1909580231
Train	AUC[ROC]: 1.000000	AUC[PR]: 0.999937
Val	AUC[ROC]: 0.701464	AUC[PR]: 0.098444
Epoch evaluation duration: 109.08020401
Epoch duration: 126.271162033

Epoch 230/1000
Epoch training duration: 17.0811350346
Train	AUC[ROC]: 1.000000	AUC[PR]: 0.999929
Val	AUC[ROC]: 0.709331	AUC[PR]: 0.106792
Epoch evaluation duration: 108.477298975
Epoch duration: 125.55843401

Epoch 231/1000
Epoch training duration: 16.3489420414
Train	AUC[ROC]: 1.000000	AUC[PR]: 0.999946
Val	AUC[ROC]: 0.700870	AUC[PR]: 0.104161
Epoch evaluation duration: 109.133450031
Epoch duration: 125.482392073

Epoch 232/1000
Epoch training duration: 16.9616878033
Train	AUC[ROC]: 1.000000	AUC[PR]: 0.999928
Val	AUC[ROC]: 0.689371	AUC[PR]: 0.100588
Epoch evaluation duration: 108.47695303
Epoch duration: 125.438640833

Epoch 233/1000
Epoch training duration: 17.1789469719
Train	AUC[ROC]: 1.000000	AUC[PR]: 0.999946
Val	AUC[ROC]: 0.703356	AUC[PR]: 0.113616
Epoch evaluation duration: 109.192988157
Epoch duration: 126.371935129

Epoch 234/1000
Epoch training duration: 17.5451579094
Train	AUC[ROC]: 1.000000	AUC[PR]: 0.999946
Val	AUC[ROC]: 0.701546	AUC[PR]: 0.112781
Epoch evaluation duration: 107.929471016
Epoch duration: 125.474628925

Epoch 235/1000
Epoch training duration: 17.3180780411
Train	AUC[ROC]: 1.000000	AUC[PR]: 0.999946
Val	AUC[ROC]: 0.672117	AUC[PR]: 0.108529
Epoch evaluation duration: 109.397199869
Epoch duration: 126.71527791

Epoch 236/1000
Epoch training duration: 16.9126191139
Train	AUC[ROC]: 1.000000	AUC[PR]: 0.999911
Val	AUC[ROC]: 0.691822	AUC[PR]: 0.118273
Epoch evaluation duration: 98.618514061
Epoch duration: 115.531133175

Epoch 237/1000
Epoch training duration: 15.0501279831
Train	AUC[ROC]: 1.000000	AUC[PR]: 0.999946
Val	AUC[ROC]: 0.677341	AUC[PR]: 0.101183
Epoch evaluation duration: 106.688925982
Epoch duration: 121.739053965

Epoch 238/1000
Epoch training duration: 16.5908708572
Train	AUC[ROC]: 1.000000	AUC[PR]: 0.999946
Val	AUC[ROC]: 0.681443	AUC[PR]: 0.099168
Epoch evaluation duration: 108.673343182
Epoch duration: 125.264214039

Epoch 239/1000
Epoch training duration: 17.1668410301
Train	AUC[ROC]: 1.000000	AUC[PR]: 0.999946
Val	AUC[ROC]: 0.683803	AUC[PR]: 0.096645
Epoch evaluation duration: 107.849859953
Epoch duration: 125.016700983

Epoch 240/1000
Epoch training duration: 17.1285979748
Train	AUC[ROC]: 1.000000	AUC[PR]: 0.999929
Val	AUC[ROC]: 0.699015	AUC[PR]: 0.097813
Epoch evaluation duration: 108.943803072
Epoch duration: 126.072401047

Epoch 241/1000
Epoch training duration: 17.0859699249
Train	AUC[ROC]: 1.000000	AUC[PR]: 0.999929
Val	AUC[ROC]: 0.713365	AUC[PR]: 0.100036
Epoch evaluation duration: 108.90426898
Epoch duration: 125.990238905

Epoch 242/1000
Epoch training duration: 16.727907896
Train	AUC[ROC]: 1.000000	AUC[PR]: 0.999912
Val	AUC[ROC]: 0.718761	AUC[PR]: 0.104165
Epoch evaluation duration: 109.688809156
Epoch duration: 126.416717052

Epoch 243/1000
Epoch training duration: 17.1000409126
Train	AUC[ROC]: 1.000000	AUC[PR]: 0.999929
Val	AUC[ROC]: 0.691127	AUC[PR]: 0.096791
Epoch evaluation duration: 108.215884924
Epoch duration: 125.315925837

Epoch 244/1000
Epoch training duration: 17.0378551483
Train	AUC[ROC]: 1.000000	AUC[PR]: 0.999920
Val	AUC[ROC]: 0.675673	AUC[PR]: 0.095953
Epoch evaluation duration: 109.194437981
Epoch duration: 126.232293129

Epoch 245/1000
Epoch training duration: 16.9166588783
Train	AUC[ROC]: 1.000000	AUC[PR]: 0.999920
Val	AUC[ROC]: 0.668150	AUC[PR]: 0.091935
Epoch evaluation duration: 107.841448069
Epoch duration: 124.758106947

Epoch 246/1000
Epoch training duration: 17.2282109261
Train	AUC[ROC]: 1.000000	AUC[PR]: 0.999929
Val	AUC[ROC]: 0.694797	AUC[PR]: 0.101370
Epoch evaluation duration: 109.52475214
Epoch duration: 126.752963066

Epoch 247/1000
Epoch training duration: 16.6646809578
Train	AUC[ROC]: 1.000000	AUC[PR]: 0.999946
Val	AUC[ROC]: 0.677639	AUC[PR]: 0.091233
Epoch evaluation duration: 108.015364885
Epoch duration: 124.680045843

Epoch 248/1000
Epoch training duration: 16.7203631401
Train	AUC[ROC]: 1.000000	AUC[PR]: 0.999946
Val	AUC[ROC]: 0.688432	AUC[PR]: 0.096996
Epoch evaluation duration: 109.814308882
Epoch duration: 126.534672022

train precision: 0.96340536838
train roc: 0.999947516246
train hit in top 2563: 334.0 out of 334.0

val precision: 0.131460906795
val roc: 0.761917665229
val hit in top 427: 27.0 out of 55.0

test precision: 0.260701527408
test roc: 0.897826651953
test hit in top 427: 40.0 out of 55.0

ratio: 0.02, EF: 37.2727272727,	active: 55.0
ratio: 0.02, NEF: 0.745454545455
ratio: 0.01, EF: 72.7272727273,	active: 55.0
ratio: 0.01, NEF: 0.727272727273
ratio: 0.0015, EF: 230.303030303,	active: 55.0
ratio: 0.0015, NEF: 0.345454545455
ratio: 0.001, EF: 236.363636364,	active: 55.0
ratio: 0.001, NEF: 0.309523809524

