label_name_list  [u'PriA-SSB AS Activity']
train files  ['../datasets/keck_pria/fold_0.csv' '../datasets/keck_pria/fold_1.csv'
 '../datasets/keck_pria/fold_2.csv' '../datasets/keck_pria/fold_3.csv'
 '../datasets/keck_pria/fold_6.csv' '../datasets/keck_pria/fold_7.csv']
val files  ['../datasets/keck_pria/fold_4.csv']
test files  ['../datasets/keck_pria/fold_5.csv']
Class Weight  [{0: 1.0, 1: 766.625748502994}]
Epoch 1/1000
Epoch training duration: 14.3474020958
Train	AUC[ROC]: 0.858137	AUC[PR]: 0.096002
Val	AUC[ROC]: 0.763289	AUC[PR]: 0.040264
Epoch evaluation duration: 109.138046026
Epoch duration: 123.485448122

Epoch 2/1000
Epoch training duration: 12.9762578011
Train	AUC[ROC]: 0.906659	AUC[PR]: 0.147733
Val	AUC[ROC]: 0.795906	AUC[PR]: 0.045604
Epoch evaluation duration: 112.453104019
Epoch duration: 125.42936182

Epoch 3/1000
Epoch training duration: 14.3196160793
Train	AUC[ROC]: 0.926154	AUC[PR]: 0.169985
Val	AUC[ROC]: 0.808138	AUC[PR]: 0.057129
Epoch evaluation duration: 110.454859972
Epoch duration: 124.774476051

Epoch 4/1000
Epoch training duration: 12.6242229939
Train	AUC[ROC]: 0.941760	AUC[PR]: 0.183239
Val	AUC[ROC]: 0.814593	AUC[PR]: 0.060413
Epoch evaluation duration: 108.181909084
Epoch duration: 120.806132078

Epoch 5/1000
Epoch training duration: 13.771600008
Train	AUC[ROC]: 0.952503	AUC[PR]: 0.193588
Val	AUC[ROC]: 0.817940	AUC[PR]: 0.061610
Epoch evaluation duration: 108.906640053
Epoch duration: 122.678240061

Epoch 6/1000
Epoch training duration: 14.698472023
Train	AUC[ROC]: 0.961400	AUC[PR]: 0.204471
Val	AUC[ROC]: 0.818786	AUC[PR]: 0.065560
Epoch evaluation duration: 115.285447836
Epoch duration: 129.983919859

Epoch 7/1000
Epoch training duration: 14.2592129707
Train	AUC[ROC]: 0.968590	AUC[PR]: 0.215295
Val	AUC[ROC]: 0.822942	AUC[PR]: 0.069328
Epoch evaluation duration: 111.134329081
Epoch duration: 125.393542051

Epoch 8/1000
Epoch training duration: 13.8998699188
Train	AUC[ROC]: 0.974330	AUC[PR]: 0.219285
Val	AUC[ROC]: 0.823251	AUC[PR]: 0.070645
Epoch evaluation duration: 112.755891085
Epoch duration: 126.655761003

Epoch 9/1000
Epoch training duration: 12.9964590073
Train	AUC[ROC]: 0.978197	AUC[PR]: 0.227452
Val	AUC[ROC]: 0.824297	AUC[PR]: 0.064991
Epoch evaluation duration: 112.88586092
Epoch duration: 125.882319927

Epoch 10/1000
Epoch training duration: 13.9299221039
Train	AUC[ROC]: 0.982288	AUC[PR]: 0.236804
Val	AUC[ROC]: 0.823395	AUC[PR]: 0.071612
Epoch evaluation duration: 117.427973032
Epoch duration: 131.357895136

Epoch 11/1000
Epoch training duration: 14.6197359562
Train	AUC[ROC]: 0.985663	AUC[PR]: 0.247005
Val	AUC[ROC]: 0.823907	AUC[PR]: 0.075564
Epoch evaluation duration: 118.145083904
Epoch duration: 132.76481986

Epoch 12/1000
Epoch training duration: 13.3280301094
Train	AUC[ROC]: 0.988180	AUC[PR]: 0.256902
Val	AUC[ROC]: 0.822685	AUC[PR]: 0.077398
Epoch evaluation duration: 114.408406973
Epoch duration: 127.736437082

Epoch 13/1000
Epoch training duration: 15.5448729992
Train	AUC[ROC]: 0.990070	AUC[PR]: 0.267911
Val	AUC[ROC]: 0.822791	AUC[PR]: 0.082955
Epoch evaluation duration: 108.788150072
Epoch duration: 124.333023071

Epoch 14/1000
Epoch training duration: 15.0197110176
Train	AUC[ROC]: 0.991632	AUC[PR]: 0.280889
Val	AUC[ROC]: 0.823412	AUC[PR]: 0.085709
Epoch evaluation duration: 112.386519909
Epoch duration: 127.406230927

Epoch 15/1000
Epoch training duration: 15.6915090084
Train	AUC[ROC]: 0.992762	AUC[PR]: 0.289020
Val	AUC[ROC]: 0.822367	AUC[PR]: 0.086131
Epoch evaluation duration: 108.719161034
Epoch duration: 124.410670042

Epoch 16/1000
Epoch training duration: 13.3834600449
Train	AUC[ROC]: 0.993631	AUC[PR]: 0.294686
Val	AUC[ROC]: 0.820753	AUC[PR]: 0.080972
Epoch evaluation duration: 112.958598852
Epoch duration: 126.342058897

Epoch 17/1000
Epoch training duration: 16.1795210838
Train	AUC[ROC]: 0.994514	AUC[PR]: 0.307519
Val	AUC[ROC]: 0.820969	AUC[PR]: 0.083777
Epoch evaluation duration: 112.771883011
Epoch duration: 128.951404095

Epoch 18/1000
Epoch training duration: 13.9559700489
Train	AUC[ROC]: 0.995289	AUC[PR]: 0.318262
Val	AUC[ROC]: 0.818615	AUC[PR]: 0.086728
Epoch evaluation duration: 109.626060963
Epoch duration: 123.582031012

Epoch 19/1000
Epoch training duration: 15.2757508755
Train	AUC[ROC]: 0.995890	AUC[PR]: 0.327138
Val	AUC[ROC]: 0.817660	AUC[PR]: 0.088113
Epoch evaluation duration: 112.347612143
Epoch duration: 127.623363018

Epoch 20/1000
Epoch training duration: 14.7181489468
Train	AUC[ROC]: 0.996240	AUC[PR]: 0.335875
Val	AUC[ROC]: 0.819129	AUC[PR]: 0.092560
Epoch evaluation duration: 109.180698872
Epoch duration: 123.898847818

Epoch 21/1000
Epoch training duration: 14.2559862137
Train	AUC[ROC]: 0.996711	AUC[PR]: 0.346351
Val	AUC[ROC]: 0.819078	AUC[PR]: 0.093135
Epoch evaluation duration: 116.65781188
Epoch duration: 130.913798094

Epoch 22/1000
Epoch training duration: 14.5790920258
Train	AUC[ROC]: 0.997066	AUC[PR]: 0.356827
Val	AUC[ROC]: 0.817260	AUC[PR]: 0.094908
Epoch evaluation duration: 114.5187819
Epoch duration: 129.097873926

Epoch 23/1000
Epoch training duration: 13.8737380505
Train	AUC[ROC]: 0.997379	AUC[PR]: 0.366478
Val	AUC[ROC]: 0.814770	AUC[PR]: 0.094022
Epoch evaluation duration: 114.435383081
Epoch duration: 128.309121132

Epoch 24/1000
Epoch training duration: 16.0095088482
Train	AUC[ROC]: 0.997711	AUC[PR]: 0.378093
Val	AUC[ROC]: 0.814927	AUC[PR]: 0.094364
Epoch evaluation duration: 117.781733036
Epoch duration: 133.791241884

Epoch 25/1000
Epoch training duration: 15.5611720085
Train	AUC[ROC]: 0.997931	AUC[PR]: 0.389612
Val	AUC[ROC]: 0.813542	AUC[PR]: 0.095219
Epoch evaluation duration: 115.906046152
Epoch duration: 131.467218161

Epoch 26/1000
Epoch training duration: 14.5845270157
Train	AUC[ROC]: 0.998060	AUC[PR]: 0.396884
Val	AUC[ROC]: 0.811875	AUC[PR]: 0.106418
Epoch evaluation duration: 116.39338994
Epoch duration: 130.977916956

Epoch 27/1000
Epoch training duration: 13.5416910648
Train	AUC[ROC]: 0.998230	AUC[PR]: 0.408349
Val	AUC[ROC]: 0.812022	AUC[PR]: 0.096703
Epoch evaluation duration: 112.374386787
Epoch duration: 125.916077852

Epoch 28/1000
Epoch training duration: 15.0958740711
Train	AUC[ROC]: 0.998391	AUC[PR]: 0.419670
Val	AUC[ROC]: 0.811464	AUC[PR]: 0.100349
Epoch evaluation duration: 111.928313017
Epoch duration: 127.024187088

Epoch 29/1000
Epoch training duration: 15.0173840523
Train	AUC[ROC]: 0.998545	AUC[PR]: 0.431778
Val	AUC[ROC]: 0.809357	AUC[PR]: 0.097394
Epoch evaluation duration: 112.685586929
Epoch duration: 127.702970982

Epoch 30/1000
Epoch training duration: 12.9990279675
Train	AUC[ROC]: 0.998653	AUC[PR]: 0.444005
Val	AUC[ROC]: 0.810021	AUC[PR]: 0.097475
Epoch evaluation duration: 107.12438798
Epoch duration: 120.123415947

Epoch 31/1000
Epoch training duration: 14.149312973
Train	AUC[ROC]: 0.998794	AUC[PR]: 0.462295
Val	AUC[ROC]: 0.807119	AUC[PR]: 0.102997
Epoch evaluation duration: 117.60743022
Epoch duration: 131.756743193

Epoch 32/1000
Epoch training duration: 14.3324868679
Train	AUC[ROC]: 0.998875	AUC[PR]: 0.476454
Val	AUC[ROC]: 0.808565	AUC[PR]: 0.104015
Epoch evaluation duration: 108.447022915
Epoch duration: 122.779509783

Epoch 33/1000
Epoch training duration: 15.7707672119
Train	AUC[ROC]: 0.998951	AUC[PR]: 0.483874
Val	AUC[ROC]: 0.809104	AUC[PR]: 0.100211
Epoch evaluation duration: 110.636907816
Epoch duration: 126.407675028

Epoch 34/1000
Epoch training duration: 14.3111670017
Train	AUC[ROC]: 0.999062	AUC[PR]: 0.500389
Val	AUC[ROC]: 0.808981	AUC[PR]: 0.100744
Epoch evaluation duration: 107.444455147
Epoch duration: 121.755622149

Epoch 35/1000
Epoch training duration: 15.2107079029
Train	AUC[ROC]: 0.999125	AUC[PR]: 0.510353
Val	AUC[ROC]: 0.806362	AUC[PR]: 0.105512
Epoch evaluation duration: 111.405785084
Epoch duration: 126.616492987

Epoch 36/1000
Epoch training duration: 13.5579469204
Train	AUC[ROC]: 0.999198	AUC[PR]: 0.525605
Val	AUC[ROC]: 0.803059	AUC[PR]: 0.103574
Epoch evaluation duration: 113.955748081
Epoch duration: 127.513695002

Epoch 37/1000
Epoch training duration: 15.1282939911
Train	AUC[ROC]: 0.999242	AUC[PR]: 0.537223
Val	AUC[ROC]: 0.801117	AUC[PR]: 0.103645
Epoch evaluation duration: 110.750690937
Epoch duration: 125.878984928

Epoch 38/1000
Epoch training duration: 13.4841930866
Train	AUC[ROC]: 0.999308	AUC[PR]: 0.554169
Val	AUC[ROC]: 0.798871	AUC[PR]: 0.102749
Epoch evaluation duration: 114.896801949
Epoch duration: 128.380995035

Epoch 39/1000
Epoch training duration: 16.1779229641
Train	AUC[ROC]: 0.999338	AUC[PR]: 0.561754
Val	AUC[ROC]: 0.797234	AUC[PR]: 0.103739
Epoch evaluation duration: 116.305773973
Epoch duration: 132.483696938

Epoch 40/1000
Epoch training duration: 13.0743210316
Train	AUC[ROC]: 0.999355	AUC[PR]: 0.566342
Val	AUC[ROC]: 0.795505	AUC[PR]: 0.108345
Epoch evaluation duration: 110.768625021
Epoch duration: 123.842946053

Epoch 41/1000
Epoch training duration: 14.0771119595
Train	AUC[ROC]: 0.999379	AUC[PR]: 0.577311
Val	AUC[ROC]: 0.795048	AUC[PR]: 0.108981
Epoch evaluation duration: 109.031729937
Epoch duration: 123.108841896

Epoch 42/1000
Epoch training duration: 14.2830851078
Train	AUC[ROC]: 0.999402	AUC[PR]: 0.585774
Val	AUC[ROC]: 0.791417	AUC[PR]: 0.109388
Epoch evaluation duration: 107.155207872
Epoch duration: 121.43829298

Epoch 43/1000
Epoch training duration: 13.1612992287
Train	AUC[ROC]: 0.999444	AUC[PR]: 0.594769
Val	AUC[ROC]: 0.792668	AUC[PR]: 0.110966
Epoch evaluation duration: 112.558362961
Epoch duration: 125.719662189

Epoch 44/1000
Epoch training duration: 14.4164619446
Train	AUC[ROC]: 0.999492	AUC[PR]: 0.613970
Val	AUC[ROC]: 0.791600	AUC[PR]: 0.110606
Epoch evaluation duration: 107.956029892
Epoch duration: 122.372491837

Epoch 45/1000
Epoch training duration: 12.3154571056
Train	AUC[ROC]: 0.999509	AUC[PR]: 0.618533
Val	AUC[ROC]: 0.793173	AUC[PR]: 0.110671
Epoch evaluation duration: 115.69859004
Epoch duration: 128.014047146

Epoch 46/1000
Epoch training duration: 15.7710938454
Train	AUC[ROC]: 0.999551	AUC[PR]: 0.632237
Val	AUC[ROC]: 0.793380	AUC[PR]: 0.108631
Epoch evaluation duration: 115.496183157
Epoch duration: 131.267277002

Epoch 47/1000
Epoch training duration: 13.066534996
Train	AUC[ROC]: 0.999587	AUC[PR]: 0.650182
Val	AUC[ROC]: 0.790998	AUC[PR]: 0.112640
Epoch evaluation duration: 115.502099037
Epoch duration: 128.568634033

Epoch 48/1000
Epoch training duration: 13.4704639912
Train	AUC[ROC]: 0.999593	AUC[PR]: 0.651685
Val	AUC[ROC]: 0.789255	AUC[PR]: 0.112459
Epoch evaluation duration: 115.739341021
Epoch duration: 129.209805012

Epoch 49/1000
Epoch training duration: 14.1707499027
Train	AUC[ROC]: 0.999601	AUC[PR]: 0.659638
Val	AUC[ROC]: 0.786757	AUC[PR]: 0.112556
Epoch evaluation duration: 115.388494968
Epoch duration: 129.559244871

Epoch 50/1000
Epoch training duration: 12.436784029
Train	AUC[ROC]: 0.999650	AUC[PR]: 0.682338
Val	AUC[ROC]: 0.782273	AUC[PR]: 0.113694
Epoch evaluation duration: 112.377253056
Epoch duration: 124.814037085

Epoch 51/1000
Epoch training duration: 13.3633329868
Train	AUC[ROC]: 0.999657	AUC[PR]: 0.686617
Val	AUC[ROC]: 0.781680	AUC[PR]: 0.114093
Epoch evaluation duration: 112.492128849
Epoch duration: 125.855461836

Epoch 52/1000
Epoch training duration: 13.7348999977
Train	AUC[ROC]: 0.999685	AUC[PR]: 0.700364
Val	AUC[ROC]: 0.777314	AUC[PR]: 0.115129
Epoch evaluation duration: 112.774005175
Epoch duration: 126.508905172

Epoch 53/1000
Epoch training duration: 13.1209778786
Train	AUC[ROC]: 0.999683	AUC[PR]: 0.699038
Val	AUC[ROC]: 0.777027	AUC[PR]: 0.114978
Epoch evaluation duration: 112.848577023
Epoch duration: 125.969554901

Epoch 54/1000
Epoch training duration: 14.7590560913
Train	AUC[ROC]: 0.999712	AUC[PR]: 0.719536
Val	AUC[ROC]: 0.774253	AUC[PR]: 0.114367
Epoch evaluation duration: 111.919882059
Epoch duration: 126.67893815

Epoch 55/1000
Epoch training duration: 12.76897192
Train	AUC[ROC]: 0.999723	AUC[PR]: 0.726382
Val	AUC[ROC]: 0.771192	AUC[PR]: 0.116475
Epoch evaluation duration: 115.738874912
Epoch duration: 128.507846832

Epoch 56/1000
Epoch training duration: 12.4811580181
Train	AUC[ROC]: 0.999744	AUC[PR]: 0.740441
Val	AUC[ROC]: 0.767106	AUC[PR]: 0.115542
Epoch evaluation duration: 112.406934023
Epoch duration: 124.888092041

Epoch 57/1000
Epoch training duration: 14.0586030483
Train	AUC[ROC]: 0.999747	AUC[PR]: 0.741901
Val	AUC[ROC]: 0.762990	AUC[PR]: 0.118722
Epoch evaluation duration: 114.149002075
Epoch duration: 128.207605124

Epoch 58/1000
Epoch training duration: 15.6082439423
Train	AUC[ROC]: 0.999759	AUC[PR]: 0.747836
Val	AUC[ROC]: 0.765327	AUC[PR]: 0.113636
Epoch evaluation duration: 110.993206024
Epoch duration: 126.601449966

Epoch 59/1000
Epoch training duration: 13.6365020275
Train	AUC[ROC]: 0.999771	AUC[PR]: 0.753618
Val	AUC[ROC]: 0.762637	AUC[PR]: 0.114956
Epoch evaluation duration: 114.582590818
Epoch duration: 128.219092846

Epoch 60/1000
Epoch training duration: 14.1723051071
Train	AUC[ROC]: 0.999785	AUC[PR]: 0.765531
Val	AUC[ROC]: 0.759339	AUC[PR]: 0.115968
Epoch evaluation duration: 113.885220051
Epoch duration: 128.057525158

Epoch 61/1000
Epoch training duration: 16.8653378487
Train	AUC[ROC]: 0.999800	AUC[PR]: 0.777960
Val	AUC[ROC]: 0.757135	AUC[PR]: 0.118082
Epoch evaluation duration: 112.837901115
Epoch duration: 129.703238964

Epoch 62/1000
Epoch training duration: 14.3480648994
Train	AUC[ROC]: 0.999801	AUC[PR]: 0.776188
Val	AUC[ROC]: 0.753403	AUC[PR]: 0.115735
Epoch evaluation duration: 118.908333063
Epoch duration: 133.256397963

Epoch 63/1000
Epoch training duration: 14.5089819431
Train	AUC[ROC]: 0.999817	AUC[PR]: 0.787859
Val	AUC[ROC]: 0.752487	AUC[PR]: 0.116473
Epoch evaluation duration: 110.225974083
Epoch duration: 124.734956026

Epoch 64/1000
Epoch training duration: 12.4622049332
Train	AUC[ROC]: 0.999804	AUC[PR]: 0.776308
Val	AUC[ROC]: 0.756148	AUC[PR]: 0.119367
Epoch evaluation duration: 112.973777056
Epoch duration: 125.435981989

Epoch 65/1000
Epoch training duration: 14.4618389606
Train	AUC[ROC]: 0.999816	AUC[PR]: 0.786018
Val	AUC[ROC]: 0.754055	AUC[PR]: 0.122020
Epoch evaluation duration: 115.278734922
Epoch duration: 129.740573883

Epoch 66/1000
Epoch training duration: 15.7660901546
Train	AUC[ROC]: 0.999831	AUC[PR]: 0.799347
Val	AUC[ROC]: 0.755999	AUC[PR]: 0.120503
Epoch evaluation duration: 107.755313873
Epoch duration: 123.521404028

Epoch 67/1000
Epoch training duration: 12.7497580051
Train	AUC[ROC]: 0.999847	AUC[PR]: 0.812405
Val	AUC[ROC]: 0.748609	AUC[PR]: 0.123044
Epoch evaluation duration: 115.715552092
Epoch duration: 128.465310097

Epoch 68/1000
Epoch training duration: 13.3205850124
Train	AUC[ROC]: 0.999846	AUC[PR]: 0.812606
Val	AUC[ROC]: 0.759196	AUC[PR]: 0.120771
Epoch evaluation duration: 115.382274866
Epoch duration: 128.702859879

Epoch 69/1000
Epoch training duration: 12.980905056
Train	AUC[ROC]: 0.999857	AUC[PR]: 0.823104
Val	AUC[ROC]: 0.753105	AUC[PR]: 0.122818
Epoch evaluation duration: 118.631835938
Epoch duration: 131.612740993

Epoch 70/1000
Epoch training duration: 13.640786171
Train	AUC[ROC]: 0.999849	AUC[PR]: 0.815709
Val	AUC[ROC]: 0.744292	AUC[PR]: 0.128061
Epoch evaluation duration: 109.509193897
Epoch duration: 123.149980068

Epoch 71/1000
Epoch training duration: 13.6072731018
Train	AUC[ROC]: 0.999854	AUC[PR]: 0.818549
Val	AUC[ROC]: 0.740069	AUC[PR]: 0.124127
Epoch evaluation duration: 115.262511969
Epoch duration: 128.86978507

Epoch 72/1000
Epoch training duration: 14.5944960117
Train	AUC[ROC]: 0.999864	AUC[PR]: 0.828837
Val	AUC[ROC]: 0.741004	AUC[PR]: 0.122896
Epoch evaluation duration: 116.251837015
Epoch duration: 130.846333027

Epoch 73/1000
Epoch training duration: 14.9364778996
Train	AUC[ROC]: 0.999872	AUC[PR]: 0.837883
Val	AUC[ROC]: 0.739362	AUC[PR]: 0.121686
Epoch evaluation duration: 109.171721935
Epoch duration: 124.108199835

Epoch 74/1000
Epoch training duration: 14.3109099865
Train	AUC[ROC]: 0.999869	AUC[PR]: 0.833837
Val	AUC[ROC]: 0.738379	AUC[PR]: 0.122619
Epoch evaluation duration: 111.411617041
Epoch duration: 125.722527027

Epoch 75/1000
Epoch training duration: 13.8295741081
Train	AUC[ROC]: 0.999870	AUC[PR]: 0.834794
Val	AUC[ROC]: 0.733912	AUC[PR]: 0.120535
Epoch evaluation duration: 110.042347908
Epoch duration: 123.871922016

Epoch 76/1000
Epoch training duration: 15.7253141403
Train	AUC[ROC]: 0.999885	AUC[PR]: 0.849247
Val	AUC[ROC]: 0.726273	AUC[PR]: 0.124183
Epoch evaluation duration: 116.299772024
Epoch duration: 132.025086164

Epoch 77/1000
Epoch training duration: 15.1693639755
Train	AUC[ROC]: 0.999889	AUC[PR]: 0.851332
Val	AUC[ROC]: 0.723983	AUC[PR]: 0.127740
Epoch evaluation duration: 117.110164881
Epoch duration: 132.279528856

Epoch 78/1000
Epoch training duration: 14.6657369137
Train	AUC[ROC]: 0.999892	AUC[PR]: 0.853913
Val	AUC[ROC]: 0.723275	AUC[PR]: 0.128612
Epoch evaluation duration: 111.956722021
Epoch duration: 126.622458935

Epoch 79/1000
Epoch training duration: 15.4995200634
Train	AUC[ROC]: 0.999894	AUC[PR]: 0.855250
Val	AUC[ROC]: 0.724959	AUC[PR]: 0.126124
Epoch evaluation duration: 111.028406143
Epoch duration: 126.527926207

Epoch 80/1000
Epoch training duration: 13.1121468544
Train	AUC[ROC]: 0.999889	AUC[PR]: 0.851523
Val	AUC[ROC]: 0.727296	AUC[PR]: 0.126714
Epoch evaluation duration: 111.518862009
Epoch duration: 124.631008863

Epoch 81/1000
Epoch training duration: 15.1759960651
Train	AUC[ROC]: 0.999906	AUC[PR]: 0.868317
Val	AUC[ROC]: 0.721012	AUC[PR]: 0.125793
Epoch evaluation duration: 115.885357857
Epoch duration: 131.061353922

Epoch 82/1000
Epoch training duration: 13.7859601974
Train	AUC[ROC]: 0.999904	AUC[PR]: 0.865843
Val	AUC[ROC]: 0.720234	AUC[PR]: 0.124115
Epoch evaluation duration: 104.618736982
Epoch duration: 118.40469718

Epoch 83/1000
Epoch training duration: 14.1416978836
Train	AUC[ROC]: 0.999890	AUC[PR]: 0.851490
Val	AUC[ROC]: 0.719744	AUC[PR]: 0.128463
Epoch evaluation duration: 115.632023096
Epoch duration: 129.77372098

Epoch 84/1000
Epoch training duration: 13.5938298702
Train	AUC[ROC]: 0.999900	AUC[PR]: 0.862796
Val	AUC[ROC]: 0.714000	AUC[PR]: 0.126235
Epoch evaluation duration: 106.321428061
Epoch duration: 119.915257931

Epoch 85/1000
Epoch training duration: 13.7630569935
Train	AUC[ROC]: 0.999907	AUC[PR]: 0.871431
Val	AUC[ROC]: 0.712725	AUC[PR]: 0.127678
Epoch evaluation duration: 111.323286057
Epoch duration: 125.08634305

Epoch 86/1000
Epoch training duration: 15.5662209988
Train	AUC[ROC]: 0.999914	AUC[PR]: 0.878966
Val	AUC[ROC]: 0.719130	AUC[PR]: 0.124650
Epoch evaluation duration: 111.17491889
Epoch duration: 126.741139889

Epoch 87/1000
Epoch training duration: 12.734236002
Train	AUC[ROC]: 0.999912	AUC[PR]: 0.877283
Val	AUC[ROC]: 0.717822	AUC[PR]: 0.127966
Epoch evaluation duration: 108.939975977
Epoch duration: 121.674211979

Epoch 88/1000
Epoch training duration: 14.4767529964
Train	AUC[ROC]: 0.999910	AUC[PR]: 0.874420
Val	AUC[ROC]: 0.720134	AUC[PR]: 0.127061
Epoch evaluation duration: 114.475999117
Epoch duration: 128.952752113

Epoch 89/1000
Epoch training duration: 12.7095160484
Train	AUC[ROC]: 0.999918	AUC[PR]: 0.881268
Val	AUC[ROC]: 0.714243	AUC[PR]: 0.125640
Epoch evaluation duration: 112.052420855
Epoch duration: 124.761936903

Epoch 90/1000
Epoch training duration: 13.5234210491
Train	AUC[ROC]: 0.999921	AUC[PR]: 0.883000
Val	AUC[ROC]: 0.714933	AUC[PR]: 0.126877
Epoch evaluation duration: 109.73832798
Epoch duration: 123.261749029

Epoch 91/1000
Epoch training duration: 13.8378851414
Train	AUC[ROC]: 0.999919	AUC[PR]: 0.879127
Val	AUC[ROC]: 0.715090	AUC[PR]: 0.122384
Epoch evaluation duration: 114.897997856
Epoch duration: 128.735882998

Epoch 92/1000
Epoch training duration: 14.5929999352
Train	AUC[ROC]: 0.999921	AUC[PR]: 0.879778
Val	AUC[ROC]: 0.713003	AUC[PR]: 0.122939
Epoch evaluation duration: 110.676566124
Epoch duration: 125.269566059

Epoch 93/1000
Epoch training duration: 14.8190419674
Train	AUC[ROC]: 0.999924	AUC[PR]: 0.883909
Val	AUC[ROC]: 0.712251	AUC[PR]: 0.122771
Epoch evaluation duration: 110.47004509
Epoch duration: 125.289087057

Epoch 94/1000
Epoch training duration: 13.946846962
Train	AUC[ROC]: 0.999931	AUC[PR]: 0.892939
Val	AUC[ROC]: 0.707607	AUC[PR]: 0.123712
Epoch evaluation duration: 111.152863979
Epoch duration: 125.099710941

Epoch 95/1000
Epoch training duration: 12.4166800976
Train	AUC[ROC]: 0.999932	AUC[PR]: 0.895122
Val	AUC[ROC]: 0.707653	AUC[PR]: 0.118718
Epoch evaluation duration: 108.60262084
Epoch duration: 121.019300938

Epoch 96/1000
Epoch training duration: 16.9961440563
Train	AUC[ROC]: 0.999931	AUC[PR]: 0.895526
Val	AUC[ROC]: 0.710799	AUC[PR]: 0.116715
Epoch evaluation duration: 116.627285957
Epoch duration: 133.623430014

Epoch 97/1000
Epoch training duration: 13.8448660374
Train	AUC[ROC]: 0.999919	AUC[PR]: 0.881883
Val	AUC[ROC]: 0.715113	AUC[PR]: 0.123049
Epoch evaluation duration: 109.647443056
Epoch duration: 123.492309093

Epoch 98/1000
Epoch training duration: 13.5302078724
Train	AUC[ROC]: 0.999930	AUC[PR]: 0.894672
Val	AUC[ROC]: 0.705631	AUC[PR]: 0.122532
Epoch evaluation duration: 115.117190123
Epoch duration: 128.647397995

Epoch 99/1000
Epoch training duration: 13.583081007
Train	AUC[ROC]: 0.999932	AUC[PR]: 0.898202
Val	AUC[ROC]: 0.705438	AUC[PR]: 0.122796
Epoch evaluation duration: 115.418426991
Epoch duration: 129.001507998

Epoch 100/1000
Epoch training duration: 15.4263088703
Train	AUC[ROC]: 0.999936	AUC[PR]: 0.903606
Val	AUC[ROC]: 0.702746	AUC[PR]: 0.121076
Epoch evaluation duration: 112.506267071
Epoch duration: 127.932575941

Epoch 101/1000
Epoch training duration: 13.4703030586
Train	AUC[ROC]: 0.999939	AUC[PR]: 0.910748
Val	AUC[ROC]: 0.703565	AUC[PR]: 0.119221
Epoch evaluation duration: 108.330314875
Epoch duration: 121.800617933

Epoch 102/1000
Epoch training duration: 13.613227129
Train	AUC[ROC]: 0.999944	AUC[PR]: 0.917714
Val	AUC[ROC]: 0.699651	AUC[PR]: 0.116842
Epoch evaluation duration: 112.18947196
Epoch duration: 125.802699089

Epoch 103/1000
Epoch training duration: 12.8211560249
Train	AUC[ROC]: 0.999946	AUC[PR]: 0.918275
Val	AUC[ROC]: 0.698669	AUC[PR]: 0.121607
Epoch evaluation duration: 105.625046968
Epoch duration: 118.446202993

Epoch 104/1000
Epoch training duration: 13.4027690887
Train	AUC[ROC]: 0.999948	AUC[PR]: 0.920496
Val	AUC[ROC]: 0.695166	AUC[PR]: 0.121096
Epoch evaluation duration: 108.69562602
Epoch duration: 122.098395109

Epoch 105/1000
Epoch training duration: 16.2923870087
Train	AUC[ROC]: 0.999948	AUC[PR]: 0.920101
Val	AUC[ROC]: 0.699108	AUC[PR]: 0.120847
Epoch evaluation duration: 112.832121849
Epoch duration: 129.124508858

Epoch 106/1000
Epoch training duration: 14.5869879723
Train	AUC[ROC]: 0.999945	AUC[PR]: 0.917697
Val	AUC[ROC]: 0.700768	AUC[PR]: 0.118604
Epoch evaluation duration: 109.447148085
Epoch duration: 124.034136057

Epoch 107/1000
Epoch training duration: 15.5047109127
Train	AUC[ROC]: 0.999943	AUC[PR]: 0.912760
Val	AUC[ROC]: 0.700679	AUC[PR]: 0.119041
Epoch evaluation duration: 112.893536091
Epoch duration: 128.398247004

Epoch 108/1000
Epoch training duration: 14.5857229233
Train	AUC[ROC]: 0.999938	AUC[PR]: 0.906305
Val	AUC[ROC]: 0.701613	AUC[PR]: 0.124714
Epoch evaluation duration: 109.150871992
Epoch duration: 123.736594915

Epoch 109/1000
Epoch training duration: 14.1272749901
Train	AUC[ROC]: 0.999938	AUC[PR]: 0.907725
Val	AUC[ROC]: 0.701026	AUC[PR]: 0.120355
Epoch evaluation duration: 110.676813126
Epoch duration: 124.804088116

Epoch 110/1000
Epoch training duration: 15.0995049477
Train	AUC[ROC]: 0.999944	AUC[PR]: 0.915669
Val	AUC[ROC]: 0.692269	AUC[PR]: 0.120010
Epoch evaluation duration: 113.785747051
Epoch duration: 128.885251999

Epoch 111/1000
Epoch training duration: 13.6354930401
Train	AUC[ROC]: 0.999951	AUC[PR]: 0.925429
Val	AUC[ROC]: 0.684913	AUC[PR]: 0.119406
Epoch evaluation duration: 118.053375006
Epoch duration: 131.688868046

Epoch 112/1000
Epoch training duration: 13.5050718784
Train	AUC[ROC]: 0.999950	AUC[PR]: 0.922442
Val	AUC[ROC]: 0.690042	AUC[PR]: 0.116230
Epoch evaluation duration: 109.897782087
Epoch duration: 123.402853966

Epoch 113/1000
Epoch training duration: 14.0566279888
Train	AUC[ROC]: 0.999952	AUC[PR]: 0.927098
Val	AUC[ROC]: 0.695791	AUC[PR]: 0.113530
Epoch evaluation duration: 105.766782999
Epoch duration: 119.823410988

Epoch 114/1000
Epoch training duration: 13.3153400421
Train	AUC[ROC]: 0.999956	AUC[PR]: 0.931589
Val	AUC[ROC]: 0.689942	AUC[PR]: 0.116086
Epoch evaluation duration: 111.395341873
Epoch duration: 124.710681915

Epoch 115/1000
Epoch training duration: 13.6624410152
Train	AUC[ROC]: 0.999959	AUC[PR]: 0.934586
Val	AUC[ROC]: 0.688951	AUC[PR]: 0.115960
Epoch evaluation duration: 110.134542942
Epoch duration: 123.796983957

Epoch 116/1000
Epoch training duration: 14.7359330654
Train	AUC[ROC]: 0.999955	AUC[PR]: 0.932846
Val	AUC[ROC]: 0.697387	AUC[PR]: 0.112571
Epoch evaluation duration: 112.061399937
Epoch duration: 126.797333002

Epoch 117/1000
Epoch training duration: 14.9027450085
Train	AUC[ROC]: 0.999955	AUC[PR]: 0.931794
Val	AUC[ROC]: 0.694555	AUC[PR]: 0.112740
Epoch evaluation duration: 110.250416994
Epoch duration: 125.153162003

Epoch 118/1000
Epoch training duration: 14.0148770809
Train	AUC[ROC]: 0.999956	AUC[PR]: 0.935996
Val	AUC[ROC]: 0.692522	AUC[PR]: 0.116150
Epoch evaluation duration: 113.659019947
Epoch duration: 127.673897028

Epoch 119/1000
Epoch training duration: 13.2936911583
Train	AUC[ROC]: 0.999962	AUC[PR]: 0.943153
Val	AUC[ROC]: 0.683618	AUC[PR]: 0.113121
Epoch evaluation duration: 112.192648888
Epoch duration: 125.486340046

Epoch 120/1000
Epoch training duration: 14.2017059326
Train	AUC[ROC]: 0.999962	AUC[PR]: 0.944712
Val	AUC[ROC]: 0.683667	AUC[PR]: 0.114737
Epoch evaluation duration: 110.211121082
Epoch duration: 124.412827015

Epoch 121/1000
Epoch training duration: 15.1511359215
Train	AUC[ROC]: 0.999962	AUC[PR]: 0.944873
Val	AUC[ROC]: 0.685901	AUC[PR]: 0.119330
Epoch evaluation duration: 111.457208157
Epoch duration: 126.608344078

Epoch 122/1000
Epoch training duration: 15.4027378559
Train	AUC[ROC]: 0.999967	AUC[PR]: 0.951602
Val	AUC[ROC]: 0.675126	AUC[PR]: 0.121204
Epoch evaluation duration: 109.922767162
Epoch duration: 125.325505018

Epoch 123/1000
Epoch training duration: 12.4725089073
Train	AUC[ROC]: 0.999964	AUC[PR]: 0.951784
Val	AUC[ROC]: 0.678767	AUC[PR]: 0.116052
Epoch evaluation duration: 106.187239885
Epoch duration: 118.659748793

Epoch 124/1000
Epoch training duration: 13.8733801842
Train	AUC[ROC]: 0.999969	AUC[PR]: 0.958425
Val	AUC[ROC]: 0.671794	AUC[PR]: 0.119089
Epoch evaluation duration: 113.212626934
Epoch duration: 127.086007118

Epoch 125/1000
Epoch training duration: 15.9061899185
Train	AUC[ROC]: 0.999965	AUC[PR]: 0.954176
Val	AUC[ROC]: 0.684498	AUC[PR]: 0.105702
Epoch evaluation duration: 111.619192123
Epoch duration: 127.525382042

Epoch 126/1000
Epoch training duration: 16.6442449093
Train	AUC[ROC]: 0.999970	AUC[PR]: 0.958130
Val	AUC[ROC]: 0.683172	AUC[PR]: 0.121518
Epoch evaluation duration: 117.362389088
Epoch duration: 134.006633997

Epoch 127/1000
Epoch training duration: 14.7952229977
Train	AUC[ROC]: 0.999972	AUC[PR]: 0.961779
Val	AUC[ROC]: 0.676489	AUC[PR]: 0.118423
Epoch evaluation duration: 110.069994926
Epoch duration: 124.865217924

Epoch 128/1000
Epoch training duration: 14.6439619064
Train	AUC[ROC]: 0.999973	AUC[PR]: 0.964198
Val	AUC[ROC]: 0.672573	AUC[PR]: 0.115073
Epoch evaluation duration: 111.361376047
Epoch duration: 126.005337954

Epoch 129/1000
Epoch training duration: 13.0874540806
Train	AUC[ROC]: 0.999974	AUC[PR]: 0.966019
Val	AUC[ROC]: 0.666910	AUC[PR]: 0.120322
Epoch evaluation duration: 111.672373056
Epoch duration: 124.759827137

Epoch 130/1000
Epoch training duration: 14.4338748455
Train	AUC[ROC]: 0.999976	AUC[PR]: 0.969997
Val	AUC[ROC]: 0.666118	AUC[PR]: 0.117079
Epoch evaluation duration: 112.398635149
Epoch duration: 126.832509995

Epoch 131/1000
Epoch training duration: 13.9024589062
Train	AUC[ROC]: 0.999974	AUC[PR]: 0.968052
Val	AUC[ROC]: 0.670973	AUC[PR]: 0.112493
Epoch evaluation duration: 113.687114954
Epoch duration: 127.58957386

Epoch 132/1000
Epoch training duration: 13.9357721806
Train	AUC[ROC]: 0.999974	AUC[PR]: 0.966018
Val	AUC[ROC]: 0.668479	AUC[PR]: 0.107920
Epoch evaluation duration: 109.545565844
Epoch duration: 123.481338024

Epoch 133/1000
Epoch training duration: 14.4209280014
Train	AUC[ROC]: 0.999977	AUC[PR]: 0.969972
Val	AUC[ROC]: 0.662661	AUC[PR]: 0.107907
Epoch evaluation duration: 111.516013145
Epoch duration: 125.936941147

Epoch 134/1000
Epoch training duration: 14.8731868267
Train	AUC[ROC]: 0.999977	AUC[PR]: 0.970822
Val	AUC[ROC]: 0.661456	AUC[PR]: 0.107616
Epoch evaluation duration: 109.002686024
Epoch duration: 123.87587285

Epoch 135/1000
Epoch training duration: 12.9199681282
Train	AUC[ROC]: 0.999979	AUC[PR]: 0.975551
Val	AUC[ROC]: 0.658327	AUC[PR]: 0.106938
Epoch evaluation duration: 112.034569025
Epoch duration: 124.954537153

Epoch 136/1000
Epoch training duration: 14.5578849316
Train	AUC[ROC]: 0.999968	AUC[PR]: 0.958623
Val	AUC[ROC]: 0.680094	AUC[PR]: 0.112700
Epoch evaluation duration: 104.853188038
Epoch duration: 119.411072969

Epoch 137/1000
Epoch training duration: 14.0803329945
Train	AUC[ROC]: 0.999972	AUC[PR]: 0.962590
Val	AUC[ROC]: 0.673846	AUC[PR]: 0.109178
Epoch evaluation duration: 113.4252069
Epoch duration: 127.505539894

Epoch 138/1000
Epoch training duration: 12.7608640194
Train	AUC[ROC]: 0.999978	AUC[PR]: 0.969224
Val	AUC[ROC]: 0.662688	AUC[PR]: 0.111112
Epoch evaluation duration: 108.016182899
Epoch duration: 120.777046919

Epoch 139/1000
Epoch training duration: 15.8686141968
Train	AUC[ROC]: 0.999979	AUC[PR]: 0.972087
Val	AUC[ROC]: 0.659369	AUC[PR]: 0.110118
Epoch evaluation duration: 113.956743002
Epoch duration: 129.825357199

Epoch 140/1000
Epoch training duration: 14.2672958374
Train	AUC[ROC]: 0.999982	AUC[PR]: 0.975051
Val	AUC[ROC]: 0.657695	AUC[PR]: 0.110959
Epoch evaluation duration: 111.956490993
Epoch duration: 126.223786831

Epoch 141/1000
Epoch training duration: 15.9879350662
Train	AUC[ROC]: 0.999981	AUC[PR]: 0.974136
Val	AUC[ROC]: 0.655516	AUC[PR]: 0.110893
Epoch evaluation duration: 117.481449127
Epoch duration: 133.469384193

Epoch 142/1000
Epoch training duration: 13.8476018906
Train	AUC[ROC]: 0.999982	AUC[PR]: 0.975087
Val	AUC[ROC]: 0.653597	AUC[PR]: 0.106591
Epoch evaluation duration: 109.195312023
Epoch duration: 123.042913914

Epoch 143/1000
Epoch training duration: 16.1637020111
Train	AUC[ROC]: 0.999982	AUC[PR]: 0.976329
Val	AUC[ROC]: 0.653541	AUC[PR]: 0.109957
Epoch evaluation duration: 114.596212864
Epoch duration: 130.759914875

Epoch 144/1000
Epoch training duration: 15.415749073
Train	AUC[ROC]: 0.999981	AUC[PR]: 0.976251
Val	AUC[ROC]: 0.653286	AUC[PR]: 0.111997
Epoch evaluation duration: 111.849731922
Epoch duration: 127.265480995

Epoch 145/1000
Epoch training duration: 14.997218132
Train	AUC[ROC]: 0.999984	AUC[PR]: 0.979161
Val	AUC[ROC]: 0.648619	AUC[PR]: 0.109839
Epoch evaluation duration: 112.570749998
Epoch duration: 127.56796813

Epoch 146/1000
Epoch training duration: 16.7501249313
Train	AUC[ROC]: 0.999981	AUC[PR]: 0.975928
Val	AUC[ROC]: 0.655536	AUC[PR]: 0.110187
Epoch evaluation duration: 112.38132
Epoch duration: 129.131444931

Epoch 147/1000
Epoch training duration: 15.7550799847
Train	AUC[ROC]: 0.999982	AUC[PR]: 0.977433
Val	AUC[ROC]: 0.654462	AUC[PR]: 0.109894
Epoch evaluation duration: 109.713780165
Epoch duration: 125.468860149

Epoch 148/1000
Epoch training duration: 13.5534420013
Train	AUC[ROC]: 0.999980	AUC[PR]: 0.974148
Val	AUC[ROC]: 0.653206	AUC[PR]: 0.114767
Epoch evaluation duration: 112.108859777
Epoch duration: 125.662301779

Epoch 149/1000
Epoch training duration: 14.8047420979
Train	AUC[ROC]: 0.999984	AUC[PR]: 0.979414
Val	AUC[ROC]: 0.644833	AUC[PR]: 0.111706
Epoch evaluation duration: 105.379142046
Epoch duration: 120.183884144

Epoch 150/1000
Epoch training duration: 12.4464528561
Train	AUC[ROC]: 0.999986	AUC[PR]: 0.983179
Val	AUC[ROC]: 0.638987	AUC[PR]: 0.120678
Epoch evaluation duration: 112.630888224
Epoch duration: 125.07734108

Epoch 151/1000
Epoch training duration: 14.5528488159
Train	AUC[ROC]: 0.999988	AUC[PR]: 0.985105
Val	AUC[ROC]: 0.634083	AUC[PR]: 0.110088
Epoch evaluation duration: 109.699571133
Epoch duration: 124.252419949

Epoch 152/1000
Epoch training duration: 12.3730108738
Train	AUC[ROC]: 0.999979	AUC[PR]: 0.974281
Val	AUC[ROC]: 0.655852	AUC[PR]: 0.109428
Epoch evaluation duration: 106.854774952
Epoch duration: 119.227785826

Epoch 153/1000
Epoch training duration: 13.6390941143
Train	AUC[ROC]: 0.999978	AUC[PR]: 0.973803
Val	AUC[ROC]: 0.661376	AUC[PR]: 0.112382
Epoch evaluation duration: 112.943967104
Epoch duration: 126.583061218

Epoch 154/1000
Epoch training duration: 14.7714970112
Train	AUC[ROC]: 0.999983	AUC[PR]: 0.980685
Val	AUC[ROC]: 0.642831	AUC[PR]: 0.110151
Epoch evaluation duration: 111.414681911
Epoch duration: 126.186178923

Epoch 155/1000
Epoch training duration: 13.2999389172
Train	AUC[ROC]: 0.999984	AUC[PR]: 0.980980
Val	AUC[ROC]: 0.641529	AUC[PR]: 0.105136
Epoch evaluation duration: 114.080134153
Epoch duration: 127.380073071

Epoch 156/1000
Epoch training duration: 16.7516498566
Train	AUC[ROC]: 0.999984	AUC[PR]: 0.982472
Val	AUC[ROC]: 0.647798	AUC[PR]: 0.105248
Epoch evaluation duration: 114.621505022
Epoch duration: 131.373154879

Epoch 157/1000
Epoch training duration: 13.5434091091
Train	AUC[ROC]: 0.999986	AUC[PR]: 0.985581
Val	AUC[ROC]: 0.641707	AUC[PR]: 0.106662
Epoch evaluation duration: 115.097658873
Epoch duration: 128.641067982

Epoch 158/1000
Epoch training duration: 13.7900879383
Train	AUC[ROC]: 0.999988	AUC[PR]: 0.987386
Val	AUC[ROC]: 0.640360	AUC[PR]: 0.103766
Epoch evaluation duration: 114.063414097
Epoch duration: 127.853502035

Epoch 159/1000
Epoch training duration: 14.6962358952
Train	AUC[ROC]: 0.999988	AUC[PR]: 0.988292
Val	AUC[ROC]: 0.637996	AUC[PR]: 0.103746
Epoch evaluation duration: 110.441456079
Epoch duration: 125.137691975

Epoch 160/1000
Epoch training duration: 16.527962923
Train	AUC[ROC]: 0.999989	AUC[PR]: 0.989401
Val	AUC[ROC]: 0.632147	AUC[PR]: 0.101990
Epoch evaluation duration: 107.847773075
Epoch duration: 124.375735998

Epoch 161/1000
Epoch training duration: 13.1942811012
Train	AUC[ROC]: 0.999989	AUC[PR]: 0.988822
Val	AUC[ROC]: 0.636440	AUC[PR]: 0.103462
Epoch evaluation duration: 114.845371008
Epoch duration: 128.039652109

Epoch 162/1000
Epoch training duration: 13.8255519867
Train	AUC[ROC]: 0.999991	AUC[PR]: 0.992005
Val	AUC[ROC]: 0.624666	AUC[PR]: 0.100738
Epoch evaluation duration: 110.684573889
Epoch duration: 124.510125875

Epoch 163/1000
Epoch training duration: 14.0100030899
Train	AUC[ROC]: 0.999992	AUC[PR]: 0.992181
Val	AUC[ROC]: 0.625841	AUC[PR]: 0.121726
Epoch evaluation duration: 108.408354044
Epoch duration: 122.418357134

Epoch 164/1000
Epoch training duration: 14.9313809872
Train	AUC[ROC]: 0.999991	AUC[PR]: 0.991245
Val	AUC[ROC]: 0.631885	AUC[PR]: 0.117287
Epoch evaluation duration: 105.617689848
Epoch duration: 120.549070835

Epoch 165/1000
Epoch training duration: 13.2916710377
Train	AUC[ROC]: 0.999985	AUC[PR]: 0.984986
Val	AUC[ROC]: 0.657128	AUC[PR]: 0.101561
Epoch evaluation duration: 112.465460062
Epoch duration: 125.7571311

Epoch 166/1000
Epoch training duration: 15.0981690884
Train	AUC[ROC]: 0.999985	AUC[PR]: 0.985028
Val	AUC[ROC]: 0.655128	AUC[PR]: 0.094927
Epoch evaluation duration: 114.154316902
Epoch duration: 129.252485991

Epoch 167/1000
Epoch training duration: 15.2021200657
Train	AUC[ROC]: 0.999985	AUC[PR]: 0.985505
Val	AUC[ROC]: 0.652033	AUC[PR]: 0.098874
Epoch evaluation duration: 113.416213989
Epoch duration: 128.618334055

Epoch 168/1000
Epoch training duration: 14.0701479912
Train	AUC[ROC]: 0.999988	AUC[PR]: 0.988715
Val	AUC[ROC]: 0.645399	AUC[PR]: 0.098615
Epoch evaluation duration: 114.210657835
Epoch duration: 128.280805826

Epoch 169/1000
Epoch training duration: 13.8452000618
Train	AUC[ROC]: 0.999991	AUC[PR]: 0.991670
Val	AUC[ROC]: 0.639795	AUC[PR]: 0.099038
Epoch evaluation duration: 112.688539028
Epoch duration: 126.53373909

Epoch 170/1000
Epoch training duration: 16.2401790619
Train	AUC[ROC]: 0.999990	AUC[PR]: 0.991096
Val	AUC[ROC]: 0.642591	AUC[PR]: 0.099768
Epoch evaluation duration: 110.312975883
Epoch duration: 126.553154945

Epoch 171/1000
Epoch training duration: 13.2668001652
Train	AUC[ROC]: 0.999986	AUC[PR]: 0.985818
Val	AUC[ROC]: 0.657282	AUC[PR]: 0.100760
Epoch evaluation duration: 107.224350929
Epoch duration: 120.491151094

Epoch 172/1000
Epoch training duration: 13.7334759235
Train	AUC[ROC]: 0.999985	AUC[PR]: 0.984661
Val	AUC[ROC]: 0.659811	AUC[PR]: 0.096402
Epoch evaluation duration: 112.307237148
Epoch duration: 126.040713072

Epoch 173/1000
Epoch training duration: 14.5711529255
Train	AUC[ROC]: 0.999987	AUC[PR]: 0.987694
Val	AUC[ROC]: 0.644607	AUC[PR]: 0.097539
Epoch evaluation duration: 111.627181053
Epoch duration: 126.198333979

Epoch 174/1000
Epoch training duration: 12.7906320095
Train	AUC[ROC]: 0.999988	AUC[PR]: 0.989041
Val	AUC[ROC]: 0.643932	AUC[PR]: 0.099046
Epoch evaluation duration: 113.308494806
Epoch duration: 126.099126816

Epoch 175/1000
Epoch training duration: 12.9502460957
Train	AUC[ROC]: 0.999988	AUC[PR]: 0.988905
Val	AUC[ROC]: 0.648545	AUC[PR]: 0.096590
Epoch evaluation duration: 114.249053955
Epoch duration: 127.199300051

Epoch 176/1000
Epoch training duration: 15.341283083
Train	AUC[ROC]: 0.999990	AUC[PR]: 0.990772
Val	AUC[ROC]: 0.636029	AUC[PR]: 0.100325
Epoch evaluation duration: 113.648658991
Epoch duration: 128.989942074

Epoch 177/1000
Epoch training duration: 15.2053968906
Train	AUC[ROC]: 0.999992	AUC[PR]: 0.992600
Val	AUC[ROC]: 0.632976	AUC[PR]: 0.100889
Epoch evaluation duration: 115.252344131
Epoch duration: 130.457741022

Epoch 178/1000
Epoch training duration: 16.4145190716
Train	AUC[ROC]: 0.999992	AUC[PR]: 0.993067
Val	AUC[ROC]: 0.637796	AUC[PR]: 0.101576
Epoch evaluation duration: 113.81236887
Epoch duration: 130.226887941

Epoch 179/1000
Epoch training duration: 14.0776720047
Train	AUC[ROC]: 0.999993	AUC[PR]: 0.993840
Val	AUC[ROC]: 0.633317	AUC[PR]: 0.101144
Epoch evaluation duration: 114.404305935
Epoch duration: 128.48197794

Epoch 180/1000
Epoch training duration: 16.2313261032
Train	AUC[ROC]: 0.999994	AUC[PR]: 0.994842
Val	AUC[ROC]: 0.629566	AUC[PR]: 0.101943
Epoch evaluation duration: 105.881125927
Epoch duration: 122.11245203

Epoch 181/1000
Epoch training duration: 14.9282469749
Train	AUC[ROC]: 0.999994	AUC[PR]: 0.994369
Val	AUC[ROC]: 0.632814	AUC[PR]: 0.106402
Epoch evaluation duration: 101.164554119
Epoch duration: 116.092801094

Epoch 182/1000
Epoch training duration: 11.7331750393
Train	AUC[ROC]: 0.999995	AUC[PR]: 0.995726
Val	AUC[ROC]: 0.629501	AUC[PR]: 0.102987
Epoch evaluation duration: 112.021978855
Epoch duration: 123.755153894

Epoch 183/1000
Epoch training duration: 15.9668669701
Train	AUC[ROC]: 0.999995	AUC[PR]: 0.995865
Val	AUC[ROC]: 0.625229	AUC[PR]: 0.104831
Epoch evaluation duration: 111.783785105
Epoch duration: 127.750652075

Epoch 184/1000
Epoch training duration: 12.6162610054
Train	AUC[ROC]: 0.999994	AUC[PR]: 0.994297
Val	AUC[ROC]: 0.633060	AUC[PR]: 0.104387
Epoch evaluation duration: 115.783863068
Epoch duration: 128.400124073

Epoch 185/1000
Epoch training duration: 16.336838007
Train	AUC[ROC]: 0.999995	AUC[PR]: 0.995341
Val	AUC[ROC]: 0.627284	AUC[PR]: 0.103359
Epoch evaluation duration: 114.655200958
Epoch duration: 130.992038965

Epoch 186/1000
Epoch training duration: 16.0304648876
Train	AUC[ROC]: 0.999990	AUC[PR]: 0.990242
Val	AUC[ROC]: 0.644891	AUC[PR]: 0.094846
Epoch evaluation duration: 112.532420158
Epoch duration: 128.562885046

Epoch 187/1000
Epoch training duration: 13.7414360046
Train	AUC[ROC]: 0.999990	AUC[PR]: 0.990665
Val	AUC[ROC]: 0.638216	AUC[PR]: 0.094085
Epoch evaluation duration: 108.150481939
Epoch duration: 121.891917944

Epoch 188/1000
Epoch training duration: 13.025151968
Train	AUC[ROC]: 0.999990	AUC[PR]: 0.991107
Val	AUC[ROC]: 0.630738	AUC[PR]: 0.096249
Epoch evaluation duration: 114.868155956
Epoch duration: 127.893307924

Epoch 189/1000
Epoch training duration: 15.9565930367
Train	AUC[ROC]: 0.999992	AUC[PR]: 0.992960
Val	AUC[ROC]: 0.626526	AUC[PR]: 0.096233
Epoch evaluation duration: 107.419509888
Epoch duration: 123.376102924

Epoch 190/1000
Epoch training duration: 13.3727061749
Train	AUC[ROC]: 0.999991	AUC[PR]: 0.990325
Val	AUC[ROC]: 0.626924	AUC[PR]: 0.095883
Epoch evaluation duration: 107.317874908
Epoch duration: 120.690581083

Epoch 191/1000
Epoch training duration: 14.2567551136
Train	AUC[ROC]: 0.999992	AUC[PR]: 0.991873
Val	AUC[ROC]: 0.623859	AUC[PR]: 0.095173
Epoch evaluation duration: 114.586885929
Epoch duration: 128.843641043

Epoch 192/1000
Epoch training duration: 14.3933200836
Train	AUC[ROC]: 0.999993	AUC[PR]: 0.993212
Val	AUC[ROC]: 0.618559	AUC[PR]: 0.094251
Epoch evaluation duration: 112.293174982
Epoch duration: 126.686495066

Epoch 193/1000
Epoch training duration: 15.6426668167
Train	AUC[ROC]: 0.999993	AUC[PR]: 0.993155
Val	AUC[ROC]: 0.622434	AUC[PR]: 0.095373
Epoch evaluation duration: 114.395266056
Epoch duration: 130.037932873

Epoch 194/1000
Epoch training duration: 13.382969141
Train	AUC[ROC]: 0.999994	AUC[PR]: 0.994005
Val	AUC[ROC]: 0.623909	AUC[PR]: 0.092306
Epoch evaluation duration: 107.577140808
Epoch duration: 120.960109949

Epoch 195/1000
Epoch training duration: 15.3163762093
Train	AUC[ROC]: 0.999992	AUC[PR]: 0.992705
Val	AUC[ROC]: 0.634884	AUC[PR]: 0.089514
Epoch evaluation duration: 110.345777988
Epoch duration: 125.662154198

Epoch 196/1000
Epoch training duration: 15.1109659672
Train	AUC[ROC]: 0.999993	AUC[PR]: 0.993270
Val	AUC[ROC]: 0.629160	AUC[PR]: 0.089099
Epoch evaluation duration: 113.056457996
Epoch duration: 128.167423964

Epoch 197/1000
Epoch training duration: 13.9617438316
Train	AUC[ROC]: 0.999991	AUC[PR]: 0.990257
Val	AUC[ROC]: 0.634730	AUC[PR]: 0.093624
Epoch evaluation duration: 107.782296181
Epoch duration: 121.744040012

Epoch 198/1000
Epoch training duration: 14.5649068356
Train	AUC[ROC]: 0.999989	AUC[PR]: 0.989010
Val	AUC[ROC]: 0.635716	AUC[PR]: 0.090163
Epoch evaluation duration: 113.869961023
Epoch duration: 128.434867859

Epoch 199/1000
Epoch training duration: 13.335419178
Train	AUC[ROC]: 0.999992	AUC[PR]: 0.991794
Val	AUC[ROC]: 0.623069	AUC[PR]: 0.090807
Epoch evaluation duration: 109.128209829
Epoch duration: 122.463629007

Epoch 200/1000
Epoch training duration: 14.7040910721
Train	AUC[ROC]: 0.999994	AUC[PR]: 0.994186
Val	AUC[ROC]: 0.613713	AUC[PR]: 0.091752
Epoch evaluation duration: 113.16581893
Epoch duration: 127.869910002

Epoch 201/1000
Epoch training duration: 14.2825081348
Train	AUC[ROC]: 0.999995	AUC[PR]: 0.995453
Val	AUC[ROC]: 0.609585	AUC[PR]: 0.091455
Epoch evaluation duration: 114.551488876
Epoch duration: 128.833997011

Epoch 202/1000
Epoch training duration: 14.4789190292
Train	AUC[ROC]: 0.999994	AUC[PR]: 0.994736
Val	AUC[ROC]: 0.618590	AUC[PR]: 0.088831
Epoch evaluation duration: 112.03251195
Epoch duration: 126.511430979

Epoch 203/1000
Epoch training duration: 13.4010391235
Train	AUC[ROC]: 0.999995	AUC[PR]: 0.995078
Val	AUC[ROC]: 0.620230	AUC[PR]: 0.088605
Epoch evaluation duration: 112.019292831
Epoch duration: 125.420331955

Epoch 204/1000
Epoch training duration: 13.9242801666
Train	AUC[ROC]: 0.999995	AUC[PR]: 0.994839
Val	AUC[ROC]: 0.625483	AUC[PR]: 0.089897
Epoch evaluation duration: 109.240448952
Epoch duration: 123.164729118

Epoch 205/1000
Epoch training duration: 13.3162369728
Train	AUC[ROC]: 0.999995	AUC[PR]: 0.995855
Val	AUC[ROC]: 0.616092	AUC[PR]: 0.090636
Epoch evaluation duration: 109.866061926
Epoch duration: 123.182298899

Epoch 206/1000
Epoch training duration: 15.8216860294
Train	AUC[ROC]: 0.999995	AUC[PR]: 0.995762
Val	AUC[ROC]: 0.611846	AUC[PR]: 0.092612
Epoch evaluation duration: 113.068587065
Epoch duration: 128.890273094

Epoch 207/1000
Epoch training duration: 14.1389689445
Train	AUC[ROC]: 0.999996	AUC[PR]: 0.996417
Val	AUC[ROC]: 0.609901	AUC[PR]: 0.089205
Epoch evaluation duration: 111.85371995
Epoch duration: 125.992688894

Epoch 208/1000
Epoch training duration: 14.8720300198
Train	AUC[ROC]: 0.999996	AUC[PR]: 0.995537
Val	AUC[ROC]: 0.602547	AUC[PR]: 0.091179
Epoch evaluation duration: 115.052012205
Epoch duration: 129.924042225

Epoch 209/1000
Epoch training duration: 12.8349938393
Train	AUC[ROC]: 0.999996	AUC[PR]: 0.996074
Val	AUC[ROC]: 0.600861	AUC[PR]: 0.089050
Epoch evaluation duration: 115.461405993
Epoch duration: 128.296399832

Epoch 210/1000
Epoch training duration: 14.1042289734
Train	AUC[ROC]: 0.999996	AUC[PR]: 0.996070
Val	AUC[ROC]: 0.600116	AUC[PR]: 0.090300
Epoch evaluation duration: 111.332983971
Epoch duration: 125.437212944

Epoch 211/1000
Epoch training duration: 13.1524159908
Train	AUC[ROC]: 0.999991	AUC[PR]: 0.991686
Val	AUC[ROC]: 0.621056	AUC[PR]: 0.081631
Epoch evaluation duration: 106.801531076
Epoch duration: 119.953947067

Epoch 212/1000
Epoch training duration: 15.2098150253
Train	AUC[ROC]: 0.999993	AUC[PR]: 0.993295
Val	AUC[ROC]: 0.613719	AUC[PR]: 0.084185
Epoch evaluation duration: 110.102895975
Epoch duration: 125.312711

Epoch 213/1000
Epoch training duration: 13.9524650574
Train	AUC[ROC]: 0.999990	AUC[PR]: 0.990962
Val	AUC[ROC]: 0.623379	AUC[PR]: 0.082374
Epoch evaluation duration: 109.51463604
Epoch duration: 123.467101097

Epoch 214/1000
Epoch training duration: 14.118065834
Train	AUC[ROC]: 0.999993	AUC[PR]: 0.993132
Val	AUC[ROC]: 0.616089	AUC[PR]: 0.084927
Epoch evaluation duration: 107.855527163
Epoch duration: 121.973592997

Epoch 215/1000
Epoch training duration: 13.7344059944
Train	AUC[ROC]: 0.999995	AUC[PR]: 0.995374
Val	AUC[ROC]: 0.612181	AUC[PR]: 0.084669
Epoch evaluation duration: 115.47379303
Epoch duration: 129.208199024

Epoch 216/1000
Epoch training duration: 14.8711099625
Train	AUC[ROC]: 0.999996	AUC[PR]: 0.996492
Val	AUC[ROC]: 0.609544	AUC[PR]: 0.085080
Epoch evaluation duration: 116.204741955
Epoch duration: 131.075851917

Epoch 217/1000
Epoch training duration: 14.4166090488
Train	AUC[ROC]: 0.999995	AUC[PR]: 0.995898
Val	AUC[ROC]: 0.610385	AUC[PR]: 0.086417
Epoch evaluation duration: 111.422790051
Epoch duration: 125.839399099

Epoch 218/1000
Epoch training duration: 15.0390799046
Train	AUC[ROC]: 0.999996	AUC[PR]: 0.996437
Val	AUC[ROC]: 0.602360	AUC[PR]: 0.086885
Epoch evaluation duration: 113.54945612
Epoch duration: 128.588536024

Epoch 219/1000
Epoch training duration: 12.8101019859
Train	AUC[ROC]: 0.999997	AUC[PR]: 0.997046
Val	AUC[ROC]: 0.600998	AUC[PR]: 0.085475
Epoch evaluation duration: 107.266176939
Epoch duration: 120.076278925

Epoch 220/1000
Epoch training duration: 14.9447090626
Train	AUC[ROC]: 0.999997	AUC[PR]: 0.997794
Val	AUC[ROC]: 0.597599	AUC[PR]: 0.084081
Epoch evaluation duration: 114.852512836
Epoch duration: 129.797221899

Epoch 221/1000
Epoch training duration: 13.4841849804
Train	AUC[ROC]: 0.999994	AUC[PR]: 0.994185
Val	AUC[ROC]: 0.614502	AUC[PR]: 0.080687
Epoch evaluation duration: 105.596632004
Epoch duration: 119.080816984

Epoch 222/1000
Epoch training duration: 15.5940270424
Train	AUC[ROC]: 0.999995	AUC[PR]: 0.995094
Val	AUC[ROC]: 0.608484	AUC[PR]: 0.080975
Epoch evaluation duration: 114.843928099
Epoch duration: 130.437955141

Epoch 223/1000
Epoch training duration: 14.5169248581
Train	AUC[ROC]: 0.999993	AUC[PR]: 0.993206
Val	AUC[ROC]: 0.611312	AUC[PR]: 0.083091
Epoch evaluation duration: 107.467233181
Epoch duration: 121.984158039

Epoch 224/1000
Epoch training duration: 14.3233809471
Train	AUC[ROC]: 0.999990	AUC[PR]: 0.989611
Val	AUC[ROC]: 0.618933	AUC[PR]: 0.080508
Epoch evaluation duration: 113.608803988
Epoch duration: 127.932184935

Epoch 225/1000
Epoch training duration: 14.5923769474
Train	AUC[ROC]: 0.999988	AUC[PR]: 0.988038
Val	AUC[ROC]: 0.622642	AUC[PR]: 0.078253
Epoch evaluation duration: 106.006997108
Epoch duration: 120.599374056

Epoch 226/1000
Epoch training duration: 14.9778168201
Train	AUC[ROC]: 0.999988	AUC[PR]: 0.987685
Val	AUC[ROC]: 0.615660	AUC[PR]: 0.072023
Epoch evaluation duration: 115.507882118
Epoch duration: 130.485698938

Epoch 227/1000
Epoch training duration: 15.2656619549
Train	AUC[ROC]: 0.999990	AUC[PR]: 0.990098
Val	AUC[ROC]: 0.604356	AUC[PR]: 0.076655
Epoch evaluation duration: 106.394221067
Epoch duration: 121.659883022

Epoch 228/1000
Epoch training duration: 13.3838849068
Train	AUC[ROC]: 0.999992	AUC[PR]: 0.991752
Val	AUC[ROC]: 0.594598	AUC[PR]: 0.080456
Epoch evaluation duration: 110.845129967
Epoch duration: 124.229014874

Epoch 229/1000
Epoch training duration: 14.3943481445
Train	AUC[ROC]: 0.999992	AUC[PR]: 0.992961
Val	AUC[ROC]: 0.601530	AUC[PR]: 0.086707
Epoch evaluation duration: 110.848047018
Epoch duration: 125.242395163

Epoch 230/1000
Epoch training duration: 12.1001520157
Train	AUC[ROC]: 0.999994	AUC[PR]: 0.994239
Val	AUC[ROC]: 0.590033	AUC[PR]: 0.085127
Epoch evaluation duration: 108.485273838
Epoch duration: 120.585425854

Epoch 231/1000
Epoch training duration: 13.3530590534
Train	AUC[ROC]: 0.999993	AUC[PR]: 0.992960
Val	AUC[ROC]: 0.598464	AUC[PR]: 0.081194
Epoch evaluation duration: 112.057472944
Epoch duration: 125.410531998

Epoch 232/1000
Epoch training duration: 15.4395141602
Train	AUC[ROC]: 0.999993	AUC[PR]: 0.993384
Val	AUC[ROC]: 0.590257	AUC[PR]: 0.083590
Epoch evaluation duration: 111.729737997
Epoch duration: 127.169252157

Epoch 233/1000
Epoch training duration: 13.963534832
Train	AUC[ROC]: 0.999994	AUC[PR]: 0.995055
Val	AUC[ROC]: 0.589349	AUC[PR]: 0.085271
Epoch evaluation duration: 106.303271055
Epoch duration: 120.266805887

Epoch 234/1000
Epoch training duration: 16.6827220917
Train	AUC[ROC]: 0.999994	AUC[PR]: 0.994405
Val	AUC[ROC]: 0.598989	AUC[PR]: 0.078059
Epoch evaluation duration: 115.995496988
Epoch duration: 132.67821908

Epoch 235/1000
Epoch training duration: 12.7972729206
Train	AUC[ROC]: 0.999987	AUC[PR]: 0.986967
Val	AUC[ROC]: 0.608247	AUC[PR]: 0.079457
Epoch evaluation duration: 109.357986927
Epoch duration: 122.155259848

Epoch 236/1000
Epoch training duration: 13.9147770405
Train	AUC[ROC]: 0.999990	AUC[PR]: 0.989846
Val	AUC[ROC]: 0.598612	AUC[PR]: 0.078704
Epoch evaluation duration: 117.096575975
Epoch duration: 131.011353016

Epoch 237/1000
Epoch training duration: 13.1071941853
Train	AUC[ROC]: 0.999993	AUC[PR]: 0.992628
Val	AUC[ROC]: 0.588863	AUC[PR]: 0.079404
Epoch evaluation duration: 110.016000986
Epoch duration: 123.123195171

Epoch 238/1000
Epoch training duration: 13.8610649109
Train	AUC[ROC]: 0.999993	AUC[PR]: 0.993231
Val	AUC[ROC]: 0.594571	AUC[PR]: 0.080232
Epoch evaluation duration: 105.69415307
Epoch duration: 119.555217981

Epoch 239/1000
Epoch training duration: 14.1698799133
Train	AUC[ROC]: 0.999994	AUC[PR]: 0.994523
Val	AUC[ROC]: 0.591758	AUC[PR]: 0.079315
Epoch evaluation duration: 113.525482893
Epoch duration: 127.695362806

Epoch 240/1000
Epoch training duration: 16.5152611732
Train	AUC[ROC]: 0.999995	AUC[PR]: 0.995382
Val	AUC[ROC]: 0.588958	AUC[PR]: 0.079319
Epoch evaluation duration: 111.751323938
Epoch duration: 128.266585112

Epoch 241/1000
Epoch training duration: 12.8841280937
Train	AUC[ROC]: 0.999996	AUC[PR]: 0.996874
Val	AUC[ROC]: 0.589135	AUC[PR]: 0.081840
Epoch evaluation duration: 114.589775801
Epoch duration: 127.473903894

Epoch 242/1000
Epoch training duration: 16.2987451553
Train	AUC[ROC]: 0.999995	AUC[PR]: 0.995819
Val	AUC[ROC]: 0.598851	AUC[PR]: 0.082322
Epoch evaluation duration: 108.936441898
Epoch duration: 125.235187054

Epoch 243/1000
Epoch training duration: 15.0993199348
Train	AUC[ROC]: 0.999995	AUC[PR]: 0.995568
Val	AUC[ROC]: 0.604735	AUC[PR]: 0.079205
Epoch evaluation duration: 112.825145006
Epoch duration: 127.924464941

Epoch 244/1000
Epoch training duration: 14.6474440098
Train	AUC[ROC]: 0.999997	AUC[PR]: 0.997367
Val	AUC[ROC]: 0.593290	AUC[PR]: 0.079694
Epoch evaluation duration: 109.827250004
Epoch duration: 124.474694014

Epoch 245/1000
Epoch training duration: 15.1053481102
Train	AUC[ROC]: 0.999998	AUC[PR]: 0.998080
Val	AUC[ROC]: 0.588761	AUC[PR]: 0.083080
Epoch evaluation duration: 108.129004002
Epoch duration: 123.234352112

Epoch 246/1000
Epoch training duration: 14.4870829582
Train	AUC[ROC]: 0.999998	AUC[PR]: 0.998352
Val	AUC[ROC]: 0.588878	AUC[PR]: 0.081114
Epoch evaluation duration: 116.50307107
Epoch duration: 130.990154028

Epoch 247/1000
Epoch training duration: 13.3310649395
Train	AUC[ROC]: 0.999998	AUC[PR]: 0.997889
Val	AUC[ROC]: 0.590781	AUC[PR]: 0.079194
Epoch evaluation duration: 112.441648006
Epoch duration: 125.772712946

Epoch 248/1000
Epoch training duration: 12.7351551056
Train	AUC[ROC]: 0.999998	AUC[PR]: 0.998206
Val	AUC[ROC]: 0.586624	AUC[PR]: 0.077125
Epoch evaluation duration: 112.361218929
Epoch duration: 125.096374035

Epoch 249/1000
Epoch training duration: 15.1171278954
Train	AUC[ROC]: 0.999998	AUC[PR]: 0.998661
Val	AUC[ROC]: 0.579806	AUC[PR]: 0.079460
Epoch evaluation duration: 113.165750027
Epoch duration: 128.282877922

Epoch 250/1000
Epoch training duration: 15.0562989712
Train	AUC[ROC]: 0.999998	AUC[PR]: 0.998744
Val	AUC[ROC]: 0.578339	AUC[PR]: 0.078285
Epoch evaluation duration: 110.588883162
Epoch duration: 125.645182133

Epoch 251/1000
Epoch training duration: 15.5059278011
Train	AUC[ROC]: 0.999999	AUC[PR]: 0.998923
Val	AUC[ROC]: 0.577635	AUC[PR]: 0.079352
Epoch evaluation duration: 110.426791191
Epoch duration: 125.932718992

Epoch 252/1000
Epoch training duration: 13.0772948265
Train	AUC[ROC]: 0.999996	AUC[PR]: 0.996524
Val	AUC[ROC]: 0.588872	AUC[PR]: 0.070789
Epoch evaluation duration: 106.181900024
Epoch duration: 119.259194851

Epoch 253/1000
Epoch training duration: 14.1364820004
Train	AUC[ROC]: 0.999995	AUC[PR]: 0.995706
Val	AUC[ROC]: 0.594374	AUC[PR]: 0.071855
Epoch evaluation duration: 108.433691025
Epoch duration: 122.570173025

Epoch 254/1000
Epoch training duration: 13.579636097
Train	AUC[ROC]: 0.999997	AUC[PR]: 0.997344
Val	AUC[ROC]: 0.583966	AUC[PR]: 0.072731
Epoch evaluation duration: 109.282662868
Epoch duration: 122.862298965

Epoch 255/1000
Epoch training duration: 14.0831811428
Train	AUC[ROC]: 0.999998	AUC[PR]: 0.998463
Val	AUC[ROC]: 0.579000	AUC[PR]: 0.075819
Epoch evaluation duration: 113.839732885
Epoch duration: 127.922914028

Epoch 256/1000
Epoch training duration: 14.9711170197
Train	AUC[ROC]: 0.999999	AUC[PR]: 0.998844
Val	AUC[ROC]: 0.577311	AUC[PR]: 0.080179
Epoch evaluation duration: 114.294994116
Epoch duration: 129.266111135

Epoch 257/1000
Epoch training duration: 15.1446039677
Train	AUC[ROC]: 0.999999	AUC[PR]: 0.998945
Val	AUC[ROC]: 0.575570	AUC[PR]: 0.078006
Epoch evaluation duration: 112.920459986
Epoch duration: 128.065063953

Epoch 258/1000
Epoch training duration: 12.9195699692
Train	AUC[ROC]: 0.999997	AUC[PR]: 0.997616
Val	AUC[ROC]: 0.583973	AUC[PR]: 0.073793
Epoch evaluation duration: 111.425894022
Epoch duration: 124.345463991

Epoch 259/1000
Epoch training duration: 13.6465849876
Train	AUC[ROC]: 0.999998	AUC[PR]: 0.998423
Val	AUC[ROC]: 0.580827	AUC[PR]: 0.077833
Epoch evaluation duration: 108.542984009
Epoch duration: 122.189568996

Epoch 260/1000
Epoch training duration: 14.5760149956
Train	AUC[ROC]: 0.999998	AUC[PR]: 0.998098
Val	AUC[ROC]: 0.579275	AUC[PR]: 0.080134
Epoch evaluation duration: 113.260792017
Epoch duration: 127.836807013

Epoch 261/1000
Epoch training duration: 14.4061398506
Train	AUC[ROC]: 0.999998	AUC[PR]: 0.998178
Val	AUC[ROC]: 0.573071	AUC[PR]: 0.079482
Epoch evaluation duration: 115.111512184
Epoch duration: 129.517652035

Epoch 262/1000
Epoch training duration: 14.9343340397
Train	AUC[ROC]: 0.999998	AUC[PR]: 0.998507
Val	AUC[ROC]: 0.568841	AUC[PR]: 0.079130
Epoch evaluation duration: 113.395769835
Epoch duration: 128.330103874

Epoch 263/1000
Epoch training duration: 16.1966180801
Train	AUC[ROC]: 0.999997	AUC[PR]: 0.997768
Val	AUC[ROC]: 0.583678	AUC[PR]: 0.068730
Epoch evaluation duration: 110.347151995
Epoch duration: 126.543770075

Epoch 264/1000
Epoch training duration: 13.9080960751
Train	AUC[ROC]: 0.999998	AUC[PR]: 0.998780
Val	AUC[ROC]: 0.578805	AUC[PR]: 0.068488
Epoch evaluation duration: 94.5299549103
Epoch duration: 108.438050985

Epoch 265/1000
Epoch training duration: 11.9626169205
Train	AUC[ROC]: 0.999999	AUC[PR]: 0.999161
Val	AUC[ROC]: 0.573881	AUC[PR]: 0.069448
Epoch evaluation duration: 90.7653980255
Epoch duration: 102.728014946

Epoch 266/1000
Epoch training duration: 10.9549369812
Train	AUC[ROC]: 0.999999	AUC[PR]: 0.998921
Val	AUC[ROC]: 0.587402	AUC[PR]: 0.070395
Epoch evaluation duration: 90.7885801792
Epoch duration: 101.74351716

Epoch 267/1000
Epoch training duration: 10.3114190102
Train	AUC[ROC]: 0.999997	AUC[PR]: 0.997231
Val	AUC[ROC]: 0.593801	AUC[PR]: 0.069766
Epoch evaluation duration: 94.6020548344
Epoch duration: 104.913473845

Epoch 268/1000
Epoch training duration: 12.7939901352
Train	AUC[ROC]: 0.999996	AUC[PR]: 0.996722
Val	AUC[ROC]: 0.589427	AUC[PR]: 0.071828
Epoch evaluation duration: 92.1313648224
Epoch duration: 104.925354958

Epoch 269/1000
Epoch training duration: 10.9205100536
Train	AUC[ROC]: 0.999997	AUC[PR]: 0.997349
Val	AUC[ROC]: 0.585794	AUC[PR]: 0.070812
Epoch evaluation duration: 87.7019219398
Epoch duration: 98.6224319935

Epoch 270/1000
Epoch training duration: 10.222725153
Train	AUC[ROC]: 0.999998	AUC[PR]: 0.997857
Val	AUC[ROC]: 0.583677	AUC[PR]: 0.069141
Epoch evaluation duration: 89.4812779427
Epoch duration: 99.7040030956

Epoch 271/1000
Epoch training duration: 10.9526789188
Train	AUC[ROC]: 0.999997	AUC[PR]: 0.997269
Val	AUC[ROC]: 0.597174	AUC[PR]: 0.068664
Epoch evaluation duration: 93.4478371143
Epoch duration: 104.400516033

Epoch 272/1000
Epoch training duration: 10.7388160229
Train	AUC[ROC]: 0.999998	AUC[PR]: 0.997926
Val	AUC[ROC]: 0.597065	AUC[PR]: 0.068665
Epoch evaluation duration: 91.4411039352
Epoch duration: 102.179919958

Epoch 273/1000
Epoch training duration: 11.6778149605
Train	AUC[ROC]: 0.999998	AUC[PR]: 0.998432
Val	AUC[ROC]: 0.589969	AUC[PR]: 0.068102
Epoch evaluation duration: 91.8311140537
Epoch duration: 103.508929014

Epoch 274/1000
Epoch training duration: 11.1207489967
Train	AUC[ROC]: 0.999996	AUC[PR]: 0.996886
Val	AUC[ROC]: 0.597494	AUC[PR]: 0.068685
Epoch evaluation duration: 94.2617549896
Epoch duration: 105.382503986

Epoch 275/1000
Epoch training duration: 11.4937059879
Train	AUC[ROC]: 0.999995	AUC[PR]: 0.995161
Val	AUC[ROC]: 0.593357	AUC[PR]: 0.069495
Epoch evaluation duration: 92.1580591202
Epoch duration: 103.651765108

Epoch 276/1000
Epoch training duration: 11.602080822
Train	AUC[ROC]: 0.999996	AUC[PR]: 0.995830
Val	AUC[ROC]: 0.586601	AUC[PR]: 0.067758
Epoch evaluation duration: 92.2377460003
Epoch duration: 103.839826822

Epoch 277/1000
Epoch training duration: 12.9856700897
Train	AUC[ROC]: 0.999996	AUC[PR]: 0.996548
Val	AUC[ROC]: 0.583934	AUC[PR]: 0.067521
Epoch evaluation duration: 90.2045209408
Epoch duration: 103.190191031

Epoch 278/1000
Epoch training duration: 10.7752649784
Train	AUC[ROC]: 0.999996	AUC[PR]: 0.996617
Val	AUC[ROC]: 0.588830	AUC[PR]: 0.070717
Epoch evaluation duration: 91.5558710098
Epoch duration: 102.331135988

Epoch 279/1000
Epoch training duration: 13.1844789982
Train	AUC[ROC]: 0.999997	AUC[PR]: 0.996875
Val	AUC[ROC]: 0.587304	AUC[PR]: 0.068881
Epoch evaluation duration: 89.875688076
Epoch duration: 103.060167074

train precision: 0.853913066485
train roc: 0.999892337269
train hit in top 2563: 334.0 out of 334.0

val precision: 0.12861223361
val roc: 0.723275070565
val hit in top 427: 26.0 out of 55.0

test precision: 0.230354303991
test roc: 0.947965761567
test hit in top 427: 40.0 out of 55.0

ratio: 0.02, EF: 40.0,	active: 55.0
ratio: 0.02, NEF: 0.8
ratio: 0.01, EF: 72.7272727273,	active: 55.0
ratio: 0.01, NEF: 0.727272727273
ratio: 0.0015, EF: 193.939393939,	active: 55.0
ratio: 0.0015, NEF: 0.290909090909
ratio: 0.001, EF: 218.181818182,	active: 55.0
ratio: 0.001, NEF: 0.285714285714

