8434714 lines in all
168695 	 168695
invalid	 Cc1ccc(cc1C=N=O)Br
(168694, 4)

168695 	 168695
(168695, 4)

168695 	 168695
(168695, 4)

168695 	 168695
(168695, 4)

168695 	 168695
invalid	 c1cc(ccc1C(=O)N=N=Cc2cc(ccc2N3CCCCC3)[N+](=O)[O-])Cl
invalid	 Cc1ccc(cc1C)NC(=O)COc2ccc(cc2OC)C=N=NC(=O)c3ccc(cc3)Cl
(168693, 4)

168695 	 168695
(168695, 4)

168695 	 168695
(168695, 4)

168695 	 168695
(168695, 4)

168695 	 168695
(168695, 4)

168695 	 168695
(168695, 4)

168695 	 168695
(168695, 4)

168695 	 168695
(168695, 4)

168695 	 168695
(168695, 4)

168695 	 168695
(168695, 4)

168694 	 168694
(168694, 4)

168694 	 168694
(168694, 4)

168694 	 168694
invalid	 C(CC(=O)C=N=N)C(C(=O)[O-])[NH3+]
invalid	 CCCCC(C(=O)OC)NC(=O)C=N=N
(168692, 4)

168694 	 168694
(168694, 4)

168694 	 168694
(168694, 4)

168694 	 168694
(168694, 4)

168694 	 168694
(168694, 4)

168694 	 168694
(168694, 4)

168694 	 168694
(168694, 4)

168694 	 168694
(168694, 4)

168694 	 168694
(168694, 4)

168694 	 168694
(168694, 4)

168694 	 168694
(168694, 4)

168694 	 168694
(168694, 4)

168694 	 168694
(168694, 4)

168694 	 168694
(168694, 4)

168694 	 168694
(168694, 4)

168694 	 168694
(168694, 4)

168694 	 168694
(168694, 4)

168694 	 168694
(168694, 4)

168694 	 168694
(168694, 4)

168694 	 168694
(168694, 4)

168694 	 168694
(168694, 4)

168694 	 168694
(168694, 4)

168694 	 168694
(168694, 4)

168694 	 168694
(168694, 4)

168694 	 168694
(168694, 4)

168694 	 168694
invalid	 CSc1ccc(cc1)C=N(=C)n2c(nnn2)N
(168693, 4)

168694 	 168694
(168694, 4)

168694 	 168694
(168694, 4)

168694 	 168694
(168694, 4)

168694 	 168694
(168694, 4)

168694 	 168694
(168694, 4)

168694 	 168694
invalid	 c1ccc2c(c1)nc(s2)N=N=Cc3ccccn3
(168693, 4)

168694 	 168694
(168694, 4)

168694 	 168694
(168694, 4)

[23:34:24] Explicit valence for atom # 8 N, 4, is greater than permitted
[23:50:28] Explicit valence for atom # 9 N, 4, is greater than permitted
[23:50:28] Explicit valence for atom # 22 N, 4, is greater than permitted
[00:47:04] Explicit valence for atom # 5 N, 4, is greater than permitted
[00:47:04] Explicit valence for atom # 13 N, 4, is greater than permitted
[01:57:37] Conflicting single bond directions around double bond at index 10.
[01:57:37]   BondStereo set to STEREONONE and single bond directions set to NONE.
[02:44:16] Explicit valence for atom # 9 N, 5, is greater than permitted
[03:12:58] Explicit valence for atom # 10 N, 4, is greater than permitted
