label_name_list  [u'PriA-SSB AS Activity']
train files  ['../datasets/keck_pria/fold_0.csv' '../datasets/keck_pria/fold_1.csv'
 '../datasets/keck_pria/fold_2.csv' '../datasets/keck_pria/fold_4.csv'
 '../datasets/keck_pria/fold_5.csv' '../datasets/keck_pria/fold_6.csv'
 '../datasets/keck_pria/fold_7.csv']
test files  ['../datasets/keck_pria/fold_3.csv']
train precision: 0.989795918367
train roc: 0.999993304857
train hit in top 2991: 388.0 out of 388.0

test precision: 0.0603004270693
test roc: 0.745009347405
test hit in top 427: 29.0 out of 56.0

ratio: 0.02, EF: 30.3571428571,	active: 56.0
ratio: 0.02, NEF: 0.607142857143
ratio: 0.01, EF: 51.7857142857,	active: 56.0
ratio: 0.01, NEF: 0.517857142857
ratio: 0.0015, EF: 59.5238095238,	active: 56.0
ratio: 0.0015, NEF: 0.0892857142857
ratio: 0.001, EF: 35.7142857143,	active: 56.0
ratio: 0.001, NEF: 0.047619047619

train precision: 0.989795918367
train roc: 0.999993304857
train hit in top 2991: 388.0 out of 388.0

test precision: 0.0603004270693
test roc: 0.745009347405
test hit in top 427: 29.0 out of 56.0

ratio: 0.02, EF: 30.3571428571,	active: 56.0
ratio: 0.02, NEF: 0.607142857143
ratio: 0.01, EF: 51.7857142857,	active: 56.0
ratio: 0.01, NEF: 0.517857142857
ratio: 0.0015, EF: 59.5238095238,	active: 56.0
ratio: 0.0015, NEF: 0.0892857142857
ratio: 0.001, EF: 35.7142857143,	active: 56.0
ratio: 0.001, NEF: 0.047619047619

