label_name_list  [u'PriA-SSB AS Activity']
train files  ['../datasets/keck_pria/fold_0.csv' '../datasets/keck_pria/fold_1.csv'
 '../datasets/keck_pria/fold_2.csv' '../datasets/keck_pria/fold_3.csv'
 '../datasets/keck_pria/fold_4.csv' '../datasets/keck_pria/fold_5.csv'
 '../datasets/keck_pria/fold_6.csv']
test files  ['../datasets/keck_pria/fold_7.csv']
train precision: 0.992346938776
train roc: 0.999994978743
train hit in top 2991: 389.0 out of 389.0

test precision: 0.12553055085
test roc: 0.861518730613
test hit in top 427: 34.0 out of 55.0

ratio: 0.02, EF: 35.4545454545,	active: 55.0
ratio: 0.02, NEF: 0.709090909091
ratio: 0.01, EF: 61.8181818182,	active: 55.0
ratio: 0.01, NEF: 0.618181818182
ratio: 0.0015, EF: 157.575757576,	active: 55.0
ratio: 0.0015, NEF: 0.236363636364
ratio: 0.001, EF: 163.636363636,	active: 55.0
ratio: 0.001, NEF: 0.214285714286

train precision: 0.992346938776
train roc: 0.999994978743
train hit in top 2991: 389.0 out of 389.0

test precision: 0.12553055085
test roc: 0.861518730613
test hit in top 427: 34.0 out of 55.0

ratio: 0.02, EF: 35.4545454545,	active: 55.0
ratio: 0.02, NEF: 0.709090909091
ratio: 0.01, EF: 61.8181818182,	active: 55.0
ratio: 0.01, NEF: 0.618181818182
ratio: 0.0015, EF: 157.575757576,	active: 55.0
ratio: 0.0015, NEF: 0.236363636364
ratio: 0.001, EF: 163.636363636,	active: 55.0
ratio: 0.001, NEF: 0.214285714286

