label_name_list  [u'PriA-SSB AS Activity', u'PriA-SSB AS % inhibition (Primary Median)']
train files  ['../datasets/keck_pria/fold_0.csv' '../datasets/keck_pria/fold_1.csv'
 '../datasets/keck_pria/fold_2.csv' '../datasets/keck_pria/fold_3.csv'
 '../datasets/keck_pria/fold_6.csv' '../datasets/keck_pria/fold_7.csv']
val files  ['../datasets/keck_pria/fold_4.csv']
test files  ['../datasets/keck_pria/fold_5.csv']
done data preparation
Sample Weight	 [17092.46666667 12819.35        6104.45238095 ...    20.86822399
    20.86822399    21.05675099]
Epoch 1/1000
Epoch training duration: 14.5256679058
Train	AUC[ROC]: 0.886733	AUC[PR]: 0.089134
Val	AUC[ROC]: 0.786480	AUC[PR]: 0.054623
Epoch evaluation duration: 106.398969889
Epoch duration: 120.924637794

Epoch 2/1000
Epoch training duration: 15.4756829739
Train	AUC[ROC]: 0.928033	AUC[PR]: 0.094107
Val	AUC[ROC]: 0.799559	AUC[PR]: 0.032017
Epoch evaluation duration: 102.307160139
Epoch duration: 117.782843113

Epoch 3/1000
Epoch training duration: 14.864718914
Train	AUC[ROC]: 0.960536	AUC[PR]: 0.139050
Val	AUC[ROC]: 0.797920	AUC[PR]: 0.043556
Epoch evaluation duration: 99.8043041229
Epoch duration: 114.669023037

Epoch 4/1000
Epoch training duration: 15.1339428425
Train	AUC[ROC]: 0.979874	AUC[PR]: 0.151101
Val	AUC[ROC]: 0.814931	AUC[PR]: 0.039651
Epoch evaluation duration: 109.090121984
Epoch duration: 124.224064827

Epoch 5/1000
Epoch training duration: 13.6663210392
Train	AUC[ROC]: 0.989960	AUC[PR]: 0.153167
Val	AUC[ROC]: 0.811797	AUC[PR]: 0.035558
Epoch evaluation duration: 98.3986880779
Epoch duration: 112.065009117

Epoch 6/1000
Epoch training duration: 15.4878070354
Train	AUC[ROC]: 0.992853	AUC[PR]: 0.180149
Val	AUC[ROC]: 0.819546	AUC[PR]: 0.046670
Epoch evaluation duration: 102.375951052
Epoch duration: 117.863758087

Epoch 7/1000
Epoch training duration: 15.2245228291
Train	AUC[ROC]: 0.994639	AUC[PR]: 0.214637
Val	AUC[ROC]: 0.832121	AUC[PR]: 0.052346
Epoch evaluation duration: 107.02660203
Epoch duration: 122.251124859

Epoch 8/1000
Epoch training duration: 13.8336780071
Train	AUC[ROC]: 0.995051	AUC[PR]: 0.230611
Val	AUC[ROC]: 0.847644	AUC[PR]: 0.047390
Epoch evaluation duration: 102.49853611
Epoch duration: 116.332214117

Epoch 9/1000
Epoch training duration: 14.750015974
Train	AUC[ROC]: 0.994464	AUC[PR]: 0.189778
Val	AUC[ROC]: 0.828549	AUC[PR]: 0.033988
Epoch evaluation duration: 106.276183844
Epoch duration: 121.026199818

Epoch 10/1000
Epoch training duration: 12.1618430614
Train	AUC[ROC]: 0.995463	AUC[PR]: 0.227448
Val	AUC[ROC]: 0.817919	AUC[PR]: 0.044339
Epoch evaluation duration: 101.929752111
Epoch duration: 114.091595173

Epoch 11/1000
Epoch training duration: 13.9624259472
Train	AUC[ROC]: 0.995900	AUC[PR]: 0.246335
Val	AUC[ROC]: 0.832833	AUC[PR]: 0.052559
Epoch evaluation duration: 102.544564009
Epoch duration: 116.506989956

Epoch 12/1000
Epoch training duration: 14.8918890953
Train	AUC[ROC]: 0.995664	AUC[PR]: 0.219312
Val	AUC[ROC]: 0.840385	AUC[PR]: 0.047295
Epoch evaluation duration: 103.163596869
Epoch duration: 118.055485964

Epoch 13/1000
Epoch training duration: 15.6609199047
Train	AUC[ROC]: 0.995770	AUC[PR]: 0.214012
Val	AUC[ROC]: 0.837972	AUC[PR]: 0.038566
Epoch evaluation duration: 96.8538751602
Epoch duration: 112.514795065

Epoch 14/1000
Epoch training duration: 14.3547339439
Train	AUC[ROC]: 0.995163	AUC[PR]: 0.198296
Val	AUC[ROC]: 0.820009	AUC[PR]: 0.035485
Epoch evaluation duration: 100.05249095
Epoch duration: 114.407224894

Epoch 15/1000
Epoch training duration: 14.0629460812
Train	AUC[ROC]: 0.996515	AUC[PR]: 0.241157
Val	AUC[ROC]: 0.834457	AUC[PR]: 0.045671
Epoch evaluation duration: 97.5667030811
Epoch duration: 111.629649162

Epoch 16/1000
Epoch training duration: 13.8557808399
Train	AUC[ROC]: 0.996363	AUC[PR]: 0.233922
Val	AUC[ROC]: 0.839571	AUC[PR]: 0.054531
Epoch evaluation duration: 102.144996166
Epoch duration: 116.000777006

Epoch 17/1000
Epoch training duration: 17.2649719715
Train	AUC[ROC]: 0.996042	AUC[PR]: 0.222840
Val	AUC[ROC]: 0.829344	AUC[PR]: 0.041964
Epoch evaluation duration: 106.819945812
Epoch duration: 124.084917784

Epoch 18/1000
Epoch training duration: 15.3523070812
Train	AUC[ROC]: 0.996461	AUC[PR]: 0.231148
Val	AUC[ROC]: 0.842016	AUC[PR]: 0.048739
Epoch evaluation duration: 102.453059912
Epoch duration: 117.805366993

Epoch 19/1000
Epoch training duration: 15.6828382015
Train	AUC[ROC]: 0.996639	AUC[PR]: 0.258810
Val	AUC[ROC]: 0.833920	AUC[PR]: 0.053169
Epoch evaluation duration: 98.1596338749
Epoch duration: 113.842472076

Epoch 20/1000
Epoch training duration: 14.2501330376
Train	AUC[ROC]: 0.996936	AUC[PR]: 0.267660
Val	AUC[ROC]: 0.833996	AUC[PR]: 0.057663
Epoch evaluation duration: 103.585684061
Epoch duration: 117.835817099

Epoch 21/1000
Epoch training duration: 14.3455719948
Train	AUC[ROC]: 0.996928	AUC[PR]: 0.263748
Val	AUC[ROC]: 0.823824	AUC[PR]: 0.053191
Epoch evaluation duration: 104.388213873
Epoch duration: 118.733785868

Epoch 22/1000
Epoch training duration: 14.4903039932
Train	AUC[ROC]: 0.997240	AUC[PR]: 0.277179
Val	AUC[ROC]: 0.844733	AUC[PR]: 0.052660
Epoch evaluation duration: 102.453382015
Epoch duration: 116.943686008

Epoch 23/1000
Epoch training duration: 12.6624100208
Train	AUC[ROC]: 0.997205	AUC[PR]: 0.269822
Val	AUC[ROC]: 0.858291	AUC[PR]: 0.064479
Epoch evaluation duration: 98.9736599922
Epoch duration: 111.636070013

Epoch 24/1000
Epoch training duration: 13.9990680218
Train	AUC[ROC]: 0.995087	AUC[PR]: 0.259992
Val	AUC[ROC]: 0.857783	AUC[PR]: 0.053377
Epoch evaluation duration: 103.468044043
Epoch duration: 117.467112064

Epoch 25/1000
Epoch training duration: 15.2156078815
Train	AUC[ROC]: 0.996970	AUC[PR]: 0.258920
Val	AUC[ROC]: 0.843148	AUC[PR]: 0.049065
Epoch evaluation duration: 98.8094232082
Epoch duration: 114.02503109

Epoch 26/1000
Epoch training duration: 14.0576748848
Train	AUC[ROC]: 0.997263	AUC[PR]: 0.272489
Val	AUC[ROC]: 0.857018	AUC[PR]: 0.061752
Epoch evaluation duration: 101.120423079
Epoch duration: 115.178097963

Epoch 27/1000
Epoch training duration: 13.6404490471
Train	AUC[ROC]: 0.997124	AUC[PR]: 0.274020
Val	AUC[ROC]: 0.852434	AUC[PR]: 0.062485
Epoch evaluation duration: 100.47378993
Epoch duration: 114.114238977

Epoch 28/1000
Epoch training duration: 14.3122909069
Train	AUC[ROC]: 0.997124	AUC[PR]: 0.263489
Val	AUC[ROC]: 0.837765	AUC[PR]: 0.055524
Epoch evaluation duration: 106.61108017
Epoch duration: 120.923371077

Epoch 29/1000
Epoch training duration: 13.7961759567
Train	AUC[ROC]: 0.997221	AUC[PR]: 0.274316
Val	AUC[ROC]: 0.855299	AUC[PR]: 0.059553
Epoch evaluation duration: 99.7564740181
Epoch duration: 113.552649975

Epoch 30/1000
Epoch training duration: 14.1110539436
Train	AUC[ROC]: 0.996876	AUC[PR]: 0.239789
Val	AUC[ROC]: 0.848254	AUC[PR]: 0.046294
Epoch evaluation duration: 102.88269186
Epoch duration: 116.993745804

Epoch 31/1000
Epoch training duration: 14.2893970013
Train	AUC[ROC]: 0.997113	AUC[PR]: 0.266575
Val	AUC[ROC]: 0.844367	AUC[PR]: 0.060523
Epoch evaluation duration: 101.176596165
Epoch duration: 115.465993166

Epoch 32/1000
Epoch training duration: 14.4441268444
Train	AUC[ROC]: 0.997069	AUC[PR]: 0.266837
Val	AUC[ROC]: 0.836031	AUC[PR]: 0.059217
Epoch evaluation duration: 97.3278172016
Epoch duration: 111.771944046

Epoch 33/1000
Epoch training duration: 14.4537498951
Train	AUC[ROC]: 0.997340	AUC[PR]: 0.264470
Val	AUC[ROC]: 0.852500	AUC[PR]: 0.060079
Epoch evaluation duration: 103.889301062
Epoch duration: 118.343050957

Epoch 34/1000
Epoch training duration: 14.9108660221
Train	AUC[ROC]: 0.997176	AUC[PR]: 0.267101
Val	AUC[ROC]: 0.849669	AUC[PR]: 0.058550
Epoch evaluation duration: 117.631131887
Epoch duration: 132.54199791

Epoch 35/1000
Epoch training duration: 15.130685091
Train	AUC[ROC]: 0.997206	AUC[PR]: 0.263235
Val	AUC[ROC]: 0.852537	AUC[PR]: 0.057542
Epoch evaluation duration: 102.355006933
Epoch duration: 117.485692024

Epoch 36/1000
Epoch training duration: 13.8809120655
Train	AUC[ROC]: 0.997373	AUC[PR]: 0.273224
Val	AUC[ROC]: 0.841017	AUC[PR]: 0.062159
Epoch evaluation duration: 105.580531836
Epoch duration: 119.461443901

Epoch 37/1000
Epoch training duration: 13.6392362118
Train	AUC[ROC]: 0.997513	AUC[PR]: 0.277152
Val	AUC[ROC]: 0.842026	AUC[PR]: 0.071673
Epoch evaluation duration: 102.904501915
Epoch duration: 116.543738127

Epoch 38/1000
Epoch training duration: 14.4864919186
Train	AUC[ROC]: 0.997122	AUC[PR]: 0.278309
Val	AUC[ROC]: 0.831467	AUC[PR]: 0.063449
Epoch evaluation duration: 100.803730965
Epoch duration: 115.290222883

Epoch 39/1000
Epoch training duration: 14.2169320583
Train	AUC[ROC]: 0.997414	AUC[PR]: 0.277084
Val	AUC[ROC]: 0.849126	AUC[PR]: 0.066564
Epoch evaluation duration: 106.988369942
Epoch duration: 121.205302

Epoch 40/1000
Epoch training duration: 14.6759941578
Train	AUC[ROC]: 0.997533	AUC[PR]: 0.287351
Val	AUC[ROC]: 0.837766	AUC[PR]: 0.062878
Epoch evaluation duration: 104.052688837
Epoch duration: 118.728682995

Epoch 41/1000
Epoch training duration: 14.0213911533
Train	AUC[ROC]: 0.997617	AUC[PR]: 0.297644
Val	AUC[ROC]: 0.847722	AUC[PR]: 0.074993
Epoch evaluation duration: 101.721109867
Epoch duration: 115.74250102

Epoch 42/1000
Epoch training duration: 15.1681540012
Train	AUC[ROC]: 0.997559	AUC[PR]: 0.282648
Val	AUC[ROC]: 0.841739	AUC[PR]: 0.061954
Epoch evaluation duration: 107.258759975
Epoch duration: 122.426913977

Epoch 43/1000
Epoch training duration: 13.3279550076
Train	AUC[ROC]: 0.997530	AUC[PR]: 0.290811
Val	AUC[ROC]: 0.844152	AUC[PR]: 0.069883
Epoch evaluation duration: 100.356763124
Epoch duration: 113.684718132

Epoch 44/1000
Epoch training duration: 13.9176900387
Train	AUC[ROC]: 0.997424	AUC[PR]: 0.278393
Val	AUC[ROC]: 0.844431	AUC[PR]: 0.068109
Epoch evaluation duration: 97.506415844
Epoch duration: 111.424105883

Epoch 45/1000
Epoch training duration: 16.0673451424
Train	AUC[ROC]: 0.997659	AUC[PR]: 0.286973
Val	AUC[ROC]: 0.846655	AUC[PR]: 0.075342
Epoch evaluation duration: 100.26215601
Epoch duration: 116.329501152

Epoch 46/1000
Epoch training duration: 15.3516309261
Train	AUC[ROC]: 0.997667	AUC[PR]: 0.287698
Val	AUC[ROC]: 0.846168	AUC[PR]: 0.074209
Epoch evaluation duration: 103.599688053
Epoch duration: 118.951318979

Epoch 47/1000
Epoch training duration: 13.3322880268
Train	AUC[ROC]: 0.997446	AUC[PR]: 0.271147
Val	AUC[ROC]: 0.843042	AUC[PR]: 0.059501
Epoch evaluation duration: 105.170122862
Epoch duration: 118.502410889

Epoch 48/1000
Epoch training duration: 14.8953921795
Train	AUC[ROC]: 0.997499	AUC[PR]: 0.270866
Val	AUC[ROC]: 0.845188	AUC[PR]: 0.065508
Epoch evaluation duration: 96.4728238583
Epoch duration: 111.368216038

Epoch 49/1000
Epoch training duration: 14.5406570435
Train	AUC[ROC]: 0.997810	AUC[PR]: 0.301293
Val	AUC[ROC]: 0.839051	AUC[PR]: 0.072232
Epoch evaluation duration: 99.1158239841
Epoch duration: 113.656481028

Epoch 50/1000
Epoch training duration: 15.7837350368
Train	AUC[ROC]: 0.997667	AUC[PR]: 0.281766
Val	AUC[ROC]: 0.848661	AUC[PR]: 0.073614
Epoch evaluation duration: 105.142529964
Epoch duration: 120.926265001

Epoch 51/1000
Epoch training duration: 15.0076470375
Train	AUC[ROC]: 0.997589	AUC[PR]: 0.289763
Val	AUC[ROC]: 0.852411	AUC[PR]: 0.064365
Epoch evaluation duration: 96.8353428841
Epoch duration: 111.842989922

Epoch 52/1000
Epoch training duration: 13.1403980255
Train	AUC[ROC]: 0.997800	AUC[PR]: 0.290540
Val	AUC[ROC]: 0.847215	AUC[PR]: 0.057835
Epoch evaluation duration: 101.394359112
Epoch duration: 114.534757137

Epoch 53/1000
Epoch training duration: 13.0999698639
Train	AUC[ROC]: 0.997772	AUC[PR]: 0.291027
Val	AUC[ROC]: 0.847254	AUC[PR]: 0.065156
Epoch evaluation duration: 102.165066004
Epoch duration: 115.265035868

Epoch 54/1000
Epoch training duration: 15.2249729633
Train	AUC[ROC]: 0.997660	AUC[PR]: 0.285873
Val	AUC[ROC]: 0.845267	AUC[PR]: 0.065686
Epoch evaluation duration: 98.8187901974
Epoch duration: 114.043763161

Epoch 55/1000
Epoch training duration: 13.619948864
Train	AUC[ROC]: 0.997714	AUC[PR]: 0.284235
Val	AUC[ROC]: 0.857742	AUC[PR]: 0.065780
Epoch evaluation duration: 101.65794611
Epoch duration: 115.277894974

Epoch 56/1000
Epoch training duration: 14.0298309326
Train	AUC[ROC]: 0.997810	AUC[PR]: 0.293817
Val	AUC[ROC]: 0.858877	AUC[PR]: 0.074324
Epoch evaluation duration: 99.727741003
Epoch duration: 113.757571936

Epoch 57/1000
Epoch training duration: 13.9247059822
Train	AUC[ROC]: 0.997743	AUC[PR]: 0.288783
Val	AUC[ROC]: 0.851667	AUC[PR]: 0.070155
Epoch evaluation duration: 104.694890976
Epoch duration: 118.619596958

Epoch 58/1000
Epoch training duration: 15.9561920166
Train	AUC[ROC]: 0.997861	AUC[PR]: 0.295282
Val	AUC[ROC]: 0.849955	AUC[PR]: 0.078835
Epoch evaluation duration: 111.017511129
Epoch duration: 126.973703146

Epoch 59/1000
Epoch training duration: 12.95480299
Train	AUC[ROC]: 0.997810	AUC[PR]: 0.295976
Val	AUC[ROC]: 0.852445	AUC[PR]: 0.077325
Epoch evaluation duration: 98.1808648109
Epoch duration: 111.135667801

Epoch 60/1000
Epoch training duration: 14.2295629978
Train	AUC[ROC]: 0.997669	AUC[PR]: 0.288019
Val	AUC[ROC]: 0.861015	AUC[PR]: 0.071837
Epoch evaluation duration: 103.459135056
Epoch duration: 117.688698053

Epoch 61/1000
Epoch training duration: 15.843173027
Train	AUC[ROC]: 0.997912	AUC[PR]: 0.301701
Val	AUC[ROC]: 0.856707	AUC[PR]: 0.078453
Epoch evaluation duration: 97.5273020267
Epoch duration: 113.370475054

Epoch 62/1000
Epoch training duration: 14.4157509804
Train	AUC[ROC]: 0.997666	AUC[PR]: 0.278398
Val	AUC[ROC]: 0.851673	AUC[PR]: 0.068615
Epoch evaluation duration: 102.701575041
Epoch duration: 117.117326021

Epoch 63/1000
Epoch training duration: 14.409070015
Train	AUC[ROC]: 0.997640	AUC[PR]: 0.283960
Val	AUC[ROC]: 0.858022	AUC[PR]: 0.066721
Epoch evaluation duration: 102.843114853
Epoch duration: 117.252184868

Epoch 64/1000
Epoch training duration: 14.2253420353
Train	AUC[ROC]: 0.997786	AUC[PR]: 0.287561
Val	AUC[ROC]: 0.850946	AUC[PR]: 0.070512
Epoch evaluation duration: 103.330919981
Epoch duration: 117.556262016

Epoch 65/1000
Epoch training duration: 16.4316160679
Train	AUC[ROC]: 0.997693	AUC[PR]: 0.292122
Val	AUC[ROC]: 0.853183	AUC[PR]: 0.055108
Epoch evaluation duration: 105.983848095
Epoch duration: 122.415464163

Epoch 66/1000
Epoch training duration: 13.5057649612
Train	AUC[ROC]: 0.997769	AUC[PR]: 0.285274
Val	AUC[ROC]: 0.861489	AUC[PR]: 0.078103
Epoch evaluation duration: 102.061853886
Epoch duration: 115.567618847

Epoch 67/1000
Epoch training duration: 14.1980981827
Train	AUC[ROC]: 0.997777	AUC[PR]: 0.284273
Val	AUC[ROC]: 0.858034	AUC[PR]: 0.065705
Epoch evaluation duration: 102.689068794
Epoch duration: 116.887166977

Epoch 68/1000
Epoch training duration: 13.1429040432
Train	AUC[ROC]: 0.997767	AUC[PR]: 0.286733
Val	AUC[ROC]: 0.855144	AUC[PR]: 0.068215
Epoch evaluation duration: 100.231201172
Epoch duration: 113.374105215

Epoch 69/1000
Epoch training duration: 14.6273999214
Train	AUC[ROC]: 0.997900	AUC[PR]: 0.295934
Val	AUC[ROC]: 0.856618	AUC[PR]: 0.064924
Epoch evaluation duration: 103.966794968
Epoch duration: 118.594194889

Epoch 70/1000
Epoch training duration: 14.4714519978
Train	AUC[ROC]: 0.997857	AUC[PR]: 0.294670
Val	AUC[ROC]: 0.846198	AUC[PR]: 0.069350
Epoch evaluation duration: 100.287544012
Epoch duration: 114.75899601

Epoch 71/1000
Epoch training duration: 14.0388810635
Train	AUC[ROC]: 0.997793	AUC[PR]: 0.287161
Val	AUC[ROC]: 0.853181	AUC[PR]: 0.058810
Epoch evaluation duration: 114.481375933
Epoch duration: 128.520256996

Epoch 72/1000
Epoch training duration: 18.923691988
Train	AUC[ROC]: 0.997886	AUC[PR]: 0.295655
Val	AUC[ROC]: 0.850051	AUC[PR]: 0.062109
Epoch evaluation duration: 104.236004114
Epoch duration: 123.159696102

Epoch 73/1000
Epoch training duration: 14.1460518837
Train	AUC[ROC]: 0.997807	AUC[PR]: 0.289989
Val	AUC[ROC]: 0.855467	AUC[PR]: 0.060968
Epoch evaluation duration: 105.034188032
Epoch duration: 119.180239916

Epoch 74/1000
Epoch training duration: 13.1227550507
Train	AUC[ROC]: 0.997620	AUC[PR]: 0.271733
Val	AUC[ROC]: 0.850471	AUC[PR]: 0.060109
Epoch evaluation duration: 104.576494932
Epoch duration: 117.699249983

Epoch 75/1000
Epoch training duration: 14.2037689686
Train	AUC[ROC]: 0.997833	AUC[PR]: 0.281999
Val	AUC[ROC]: 0.857910	AUC[PR]: 0.073972
Epoch evaluation duration: 103.250705957
Epoch duration: 117.454474926

Epoch 76/1000
Epoch training duration: 13.2139291763
Train	AUC[ROC]: 0.997839	AUC[PR]: 0.294390
Val	AUC[ROC]: 0.856149	AUC[PR]: 0.065368
Epoch evaluation duration: 97.9099838734
Epoch duration: 111.12391305

Epoch 77/1000
Epoch training duration: 12.7862980366
Train	AUC[ROC]: 0.997979	AUC[PR]: 0.298074
Val	AUC[ROC]: 0.849004	AUC[PR]: 0.071447
Epoch evaluation duration: 104.055121899
Epoch duration: 116.841419935

Epoch 78/1000
Epoch training duration: 14.4697539806
Train	AUC[ROC]: 0.997971	AUC[PR]: 0.294411
Val	AUC[ROC]: 0.853928	AUC[PR]: 0.066716
Epoch evaluation duration: 105.831783056
Epoch duration: 120.301537037

Epoch 79/1000
Epoch training duration: 16.5286209583
Train	AUC[ROC]: 0.997971	AUC[PR]: 0.295360
Val	AUC[ROC]: 0.864944	AUC[PR]: 0.064175
Epoch evaluation duration: 104.317312002
Epoch duration: 120.845932961

Epoch 80/1000
Epoch training duration: 13.4970111847
Train	AUC[ROC]: 0.997990	AUC[PR]: 0.300958
Val	AUC[ROC]: 0.844906	AUC[PR]: 0.065399
Epoch evaluation duration: 98.4668309689
Epoch duration: 111.963842154

Epoch 81/1000
Epoch training duration: 14.7385418415
Train	AUC[ROC]: 0.997993	AUC[PR]: 0.301075
Val	AUC[ROC]: 0.858163	AUC[PR]: 0.070084
Epoch evaluation duration: 104.92930007
Epoch duration: 119.667841911

Epoch 82/1000
Epoch training duration: 14.6805970669
Train	AUC[ROC]: 0.998020	AUC[PR]: 0.304214
Val	AUC[ROC]: 0.853053	AUC[PR]: 0.071208
Epoch evaluation duration: 109.225775003
Epoch duration: 123.90637207

Epoch 83/1000
Epoch training duration: 14.1442890167
Train	AUC[ROC]: 0.998005	AUC[PR]: 0.299116
Val	AUC[ROC]: 0.852422	AUC[PR]: 0.078201
Epoch evaluation duration: 106.040701866
Epoch duration: 120.184990883

Epoch 84/1000
Epoch training duration: 14.0035841465
Train	AUC[ROC]: 0.997984	AUC[PR]: 0.295634
Val	AUC[ROC]: 0.856397	AUC[PR]: 0.067653
Epoch evaluation duration: 106.941123962
Epoch duration: 120.944708109

Epoch 85/1000
Epoch training duration: 14.4427578449
Train	AUC[ROC]: 0.998024	AUC[PR]: 0.300674
Val	AUC[ROC]: 0.859352	AUC[PR]: 0.069970
Epoch evaluation duration: 101.377873182
Epoch duration: 115.820631027

Epoch 86/1000
Epoch training duration: 14.0463449955
Train	AUC[ROC]: 0.998046	AUC[PR]: 0.309632
Val	AUC[ROC]: 0.848274	AUC[PR]: 0.064807
Epoch evaluation duration: 100.907738924
Epoch duration: 114.95408392

Epoch 87/1000
Epoch training duration: 14.0705718994
Train	AUC[ROC]: 0.998022	AUC[PR]: 0.301999
Val	AUC[ROC]: 0.850575	AUC[PR]: 0.061740
Epoch evaluation duration: 98.3340890408
Epoch duration: 112.40466094

Epoch 88/1000
Epoch training duration: 12.8303041458
Train	AUC[ROC]: 0.998004	AUC[PR]: 0.303032
Val	AUC[ROC]: 0.847995	AUC[PR]: 0.072012
Epoch evaluation duration: 105.406199932
Epoch duration: 118.236504078

Epoch 89/1000
Epoch training duration: 14.7829520702
Train	AUC[ROC]: 0.998057	AUC[PR]: 0.306145
Val	AUC[ROC]: 0.859151	AUC[PR]: 0.070014
Epoch evaluation duration: 104.425135851
Epoch duration: 119.208087921

Epoch 90/1000
Epoch training duration: 13.5631041527
Train	AUC[ROC]: 0.998055	AUC[PR]: 0.313251
Val	AUC[ROC]: 0.857026	AUC[PR]: 0.073950
Epoch evaluation duration: 102.148490906
Epoch duration: 115.711595058

Epoch 91/1000
Epoch training duration: 14.3414359093
Train	AUC[ROC]: 0.998050	AUC[PR]: 0.308624
Val	AUC[ROC]: 0.851762	AUC[PR]: 0.069218
Epoch evaluation duration: 114.638614178
Epoch duration: 128.980050087

Epoch 92/1000
Epoch training duration: 17.7530968189
Train	AUC[ROC]: 0.998034	AUC[PR]: 0.308087
Val	AUC[ROC]: 0.857720	AUC[PR]: 0.073051
Epoch evaluation duration: 98.8682730198
Epoch duration: 116.621369839

Epoch 93/1000
Epoch training duration: 16.0616381168
Train	AUC[ROC]: 0.998037	AUC[PR]: 0.309764
Val	AUC[ROC]: 0.856025	AUC[PR]: 0.071776
Epoch evaluation duration: 108.056169033
Epoch duration: 124.11780715

Epoch 94/1000
Epoch training duration: 15.178798914
Train	AUC[ROC]: 0.998082	AUC[PR]: 0.313937
Val	AUC[ROC]: 0.857925	AUC[PR]: 0.065911
Epoch evaluation duration: 99.0976359844
Epoch duration: 114.276434898

Epoch 95/1000
Epoch training duration: 15.202450037
Train	AUC[ROC]: 0.998027	AUC[PR]: 0.314031
Val	AUC[ROC]: 0.859213	AUC[PR]: 0.070585
Epoch evaluation duration: 101.450525999
Epoch duration: 116.652976036

Epoch 96/1000
Epoch training duration: 14.3508450985
Train	AUC[ROC]: 0.998051	AUC[PR]: 0.310290
Val	AUC[ROC]: 0.860138	AUC[PR]: 0.069421
Epoch evaluation duration: 109.167862892
Epoch duration: 123.518707991

Epoch 97/1000
Epoch training duration: 16.7944869995
Train	AUC[ROC]: 0.998100	AUC[PR]: 0.313139
Val	AUC[ROC]: 0.857033	AUC[PR]: 0.071913
Epoch evaluation duration: 99.1227691174
Epoch duration: 115.917256117

Epoch 98/1000
Epoch training duration: 14.9358999729
Train	AUC[ROC]: 0.998085	AUC[PR]: 0.318448
Val	AUC[ROC]: 0.863700	AUC[PR]: 0.088371
Epoch evaluation duration: 104.96970892
Epoch duration: 119.905608892

Epoch 99/1000
Epoch training duration: 14.2841749191
Train	AUC[ROC]: 0.998078	AUC[PR]: 0.310112
Val	AUC[ROC]: 0.861127	AUC[PR]: 0.071627
Epoch evaluation duration: 102.991297007
Epoch duration: 117.275471926

Epoch 100/1000
Epoch training duration: 13.5715270042
Train	AUC[ROC]: 0.998086	AUC[PR]: 0.309792
Val	AUC[ROC]: 0.860834	AUC[PR]: 0.074755
Epoch evaluation duration: 105.344403982
Epoch duration: 118.915930986

Epoch 101/1000
Epoch training duration: 14.5501921177
Train	AUC[ROC]: 0.998125	AUC[PR]: 0.316993
Val	AUC[ROC]: 0.856439	AUC[PR]: 0.085726
Epoch evaluation duration: 99.5824608803
Epoch duration: 114.132652998

Epoch 102/1000
Epoch training duration: 14.7597711086
Train	AUC[ROC]: 0.998092	AUC[PR]: 0.314990
Val	AUC[ROC]: 0.864249	AUC[PR]: 0.072698
Epoch evaluation duration: 97.8466069698
Epoch duration: 112.606378078

Epoch 103/1000
Epoch training duration: 14.166467905
Train	AUC[ROC]: 0.998099	AUC[PR]: 0.317177
Val	AUC[ROC]: 0.851377	AUC[PR]: 0.065276
Epoch evaluation duration: 106.026643038
Epoch duration: 120.193110943

Epoch 104/1000
Epoch training duration: 14.0152349472
Train	AUC[ROC]: 0.998129	AUC[PR]: 0.310218
Val	AUC[ROC]: 0.857921	AUC[PR]: 0.066753
Epoch evaluation duration: 102.01585412
Epoch duration: 116.031089067

Epoch 105/1000
Epoch training duration: 14.4337899685
Train	AUC[ROC]: 0.998135	AUC[PR]: 0.320947
Val	AUC[ROC]: 0.853407	AUC[PR]: 0.071753
Epoch evaluation duration: 100.342478991
Epoch duration: 114.776268959

Epoch 106/1000
Epoch training duration: 14.796227932
Train	AUC[ROC]: 0.998071	AUC[PR]: 0.304753
Val	AUC[ROC]: 0.853387	AUC[PR]: 0.068117
Epoch evaluation duration: 102.074684143
Epoch duration: 116.870912075

Epoch 107/1000
Epoch training duration: 16.4886209965
Train	AUC[ROC]: 0.998107	AUC[PR]: 0.309280
Val	AUC[ROC]: 0.863740	AUC[PR]: 0.073019
Epoch evaluation duration: 103.023108006
Epoch duration: 119.511729002

Epoch 108/1000
Epoch training duration: 14.3407359123
Train	AUC[ROC]: 0.998132	AUC[PR]: 0.313309
Val	AUC[ROC]: 0.854206	AUC[PR]: 0.075608
Epoch evaluation duration: 103.208577156
Epoch duration: 117.549313068

Epoch 109/1000
Epoch training duration: 15.2778098583
Train	AUC[ROC]: 0.998165	AUC[PR]: 0.320107
Val	AUC[ROC]: 0.858644	AUC[PR]: 0.075464
Epoch evaluation duration: 109.255243063
Epoch duration: 124.533052921

Epoch 110/1000
Epoch training duration: 15.1616199017
Train	AUC[ROC]: 0.998134	AUC[PR]: 0.317458
Val	AUC[ROC]: 0.858609	AUC[PR]: 0.066883
Epoch evaluation duration: 106.756970167
Epoch duration: 121.918590069

Epoch 111/1000
Epoch training duration: 13.6328439713
Train	AUC[ROC]: 0.998158	AUC[PR]: 0.314751
Val	AUC[ROC]: 0.855465	AUC[PR]: 0.063362
Epoch evaluation duration: 107.067036867
Epoch duration: 120.699880838

Epoch 112/1000
Epoch training duration: 13.5543310642
Train	AUC[ROC]: 0.998144	AUC[PR]: 0.316312
Val	AUC[ROC]: 0.848268	AUC[PR]: 0.064711
Epoch evaluation duration: 95.814604044
Epoch duration: 109.368935108

Epoch 113/1000
Epoch training duration: 14.9992079735
Train	AUC[ROC]: 0.998151	AUC[PR]: 0.315258
Val	AUC[ROC]: 0.860341	AUC[PR]: 0.070209
Epoch evaluation duration: 103.002830029
Epoch duration: 118.002038002

Epoch 114/1000
Epoch training duration: 15.2183039188
Train	AUC[ROC]: 0.998127	AUC[PR]: 0.314183
Val	AUC[ROC]: 0.855121	AUC[PR]: 0.071751
Epoch evaluation duration: 112.243633032
Epoch duration: 127.461936951

Epoch 115/1000
Epoch training duration: 17.1918349266
Train	AUC[ROC]: 0.998137	AUC[PR]: 0.316403
Val	AUC[ROC]: 0.855612	AUC[PR]: 0.068677
Epoch evaluation duration: 103.7363801
Epoch duration: 120.928215027

Epoch 116/1000
Epoch training duration: 14.751625061
Train	AUC[ROC]: 0.998142	AUC[PR]: 0.320481
Val	AUC[ROC]: 0.852497	AUC[PR]: 0.074568
Epoch evaluation duration: 103.975606918
Epoch duration: 118.727231979

Epoch 117/1000
Epoch training duration: 13.3443419933
Train	AUC[ROC]: 0.998145	AUC[PR]: 0.317967
Val	AUC[ROC]: 0.850470	AUC[PR]: 0.085950
Epoch evaluation duration: 98.5360250473
Epoch duration: 111.880367041

Epoch 118/1000
Epoch training duration: 14.184401989
Train	AUC[ROC]: 0.998167	AUC[PR]: 0.313822
Val	AUC[ROC]: 0.851630	AUC[PR]: 0.065729
Epoch evaluation duration: 96.1025309563
Epoch duration: 110.286932945

Epoch 119/1000
Epoch training duration: 14.9046020508
Train	AUC[ROC]: 0.998138	AUC[PR]: 0.312552
Val	AUC[ROC]: 0.856306	AUC[PR]: 0.066102
Epoch evaluation duration: 99.251899004
Epoch duration: 114.156501055

Epoch 120/1000
Epoch training duration: 14.1123838425
Train	AUC[ROC]: 0.998143	AUC[PR]: 0.310815
Val	AUC[ROC]: 0.860910	AUC[PR]: 0.074480
Epoch evaluation duration: 103.793177128
Epoch duration: 117.90556097

Epoch 121/1000
Epoch training duration: 14.8066370487
Train	AUC[ROC]: 0.998082	AUC[PR]: 0.316713
Val	AUC[ROC]: 0.855590	AUC[PR]: 0.069283
Epoch evaluation duration: 105.021793842
Epoch duration: 119.828430891

Epoch 122/1000
Epoch training duration: 13.7700641155
Train	AUC[ROC]: 0.998165	AUC[PR]: 0.315729
Val	AUC[ROC]: 0.851808	AUC[PR]: 0.069460
Epoch evaluation duration: 103.146265984
Epoch duration: 116.916330099

Epoch 123/1000
Epoch training duration: 14.8802070618
Train	AUC[ROC]: 0.998141	AUC[PR]: 0.319176
Val	AUC[ROC]: 0.856899	AUC[PR]: 0.077951
Epoch evaluation duration: 106.646929026
Epoch duration: 121.527136087

Epoch 124/1000
Epoch training duration: 14.2798418999
Train	AUC[ROC]: 0.998178	AUC[PR]: 0.314068
Val	AUC[ROC]: 0.863737	AUC[PR]: 0.074855
Epoch evaluation duration: 97.7474761009
Epoch duration: 112.027318001

Epoch 125/1000
Epoch training duration: 15.3466279507
Train	AUC[ROC]: 0.998179	AUC[PR]: 0.314555
Val	AUC[ROC]: 0.846385	AUC[PR]: 0.068524
Epoch evaluation duration: 106.175760984
Epoch duration: 121.522388935

Epoch 126/1000
Epoch training duration: 16.2347118855
Train	AUC[ROC]: 0.998127	AUC[PR]: 0.311303
Val	AUC[ROC]: 0.858454	AUC[PR]: 0.069491
Epoch evaluation duration: 102.257093191
Epoch duration: 118.491805077

Epoch 127/1000
Epoch training duration: 15.1492788792
Train	AUC[ROC]: 0.998178	AUC[PR]: 0.320855
Val	AUC[ROC]: 0.850964	AUC[PR]: 0.069936
Epoch evaluation duration: 102.941383123
Epoch duration: 118.090662003

Epoch 128/1000
Epoch training duration: 14.2355988026
Train	AUC[ROC]: 0.998156	AUC[PR]: 0.316422
Val	AUC[ROC]: 0.862701	AUC[PR]: 0.069367
Epoch evaluation duration: 102.197721004
Epoch duration: 116.433319807

Epoch 129/1000
Epoch training duration: 16.6980891228
Train	AUC[ROC]: 0.998134	AUC[PR]: 0.316990
Val	AUC[ROC]: 0.857221	AUC[PR]: 0.071366
Epoch evaluation duration: 105.122099876
Epoch duration: 121.820188999

Epoch 130/1000
Epoch training duration: 13.2590880394
Train	AUC[ROC]: 0.998192	AUC[PR]: 0.318268
Val	AUC[ROC]: 0.852211	AUC[PR]: 0.072964
Epoch evaluation duration: 107.583229065
Epoch duration: 120.842317104

Epoch 131/1000
Epoch training duration: 15.2071950436
Train	AUC[ROC]: 0.998167	AUC[PR]: 0.316337
Val	AUC[ROC]: 0.850307	AUC[PR]: 0.079565
Epoch evaluation duration: 107.770139933
Epoch duration: 122.977334976

Epoch 132/1000
Epoch training duration: 13.7864489555
Train	AUC[ROC]: 0.998197	AUC[PR]: 0.322614
Val	AUC[ROC]: 0.843610	AUC[PR]: 0.069640
Epoch evaluation duration: 98.665719986
Epoch duration: 112.452168941

Epoch 133/1000
Epoch training duration: 15.9006011486
Train	AUC[ROC]: 0.998170	AUC[PR]: 0.316985
Val	AUC[ROC]: 0.852002	AUC[PR]: 0.074955
Epoch evaluation duration: 103.513716936
Epoch duration: 119.414318085

Epoch 134/1000
Epoch training duration: 13.2611939907
Train	AUC[ROC]: 0.998171	AUC[PR]: 0.322870
Val	AUC[ROC]: 0.857853	AUC[PR]: 0.067546
Epoch evaluation duration: 126.862149954
Epoch duration: 140.123343945

Epoch 135/1000
Epoch training duration: 14.4318349361
Train	AUC[ROC]: 0.998163	AUC[PR]: 0.321525
Val	AUC[ROC]: 0.864667	AUC[PR]: 0.073198
Epoch evaluation duration: 108.343840122
Epoch duration: 122.775675058

Epoch 136/1000
Epoch training duration: 12.8411109447
Train	AUC[ROC]: 0.998171	AUC[PR]: 0.317171
Val	AUC[ROC]: 0.843990	AUC[PR]: 0.067468
Epoch evaluation duration: 102.030241966
Epoch duration: 114.871352911

Epoch 137/1000
Epoch training duration: 15.6153960228
Train	AUC[ROC]: 0.998192	AUC[PR]: 0.319873
Val	AUC[ROC]: 0.850056	AUC[PR]: 0.070262
Epoch evaluation duration: 106.816354036
Epoch duration: 122.431750059

Epoch 138/1000
Epoch training duration: 12.4993588924
Train	AUC[ROC]: 0.998175	AUC[PR]: 0.317758
Val	AUC[ROC]: 0.856017	AUC[PR]: 0.064575
Epoch evaluation duration: 104.598801136
Epoch duration: 117.098160028

Epoch 139/1000
Epoch training duration: 14.9021658897
Train	AUC[ROC]: 0.998149	AUC[PR]: 0.311605
Val	AUC[ROC]: 0.853542	AUC[PR]: 0.070913
Epoch evaluation duration: 103.481781006
Epoch duration: 118.383946896

Epoch 140/1000
Epoch training duration: 16.4535980225
Train	AUC[ROC]: 0.998167	AUC[PR]: 0.315757
Val	AUC[ROC]: 0.841433	AUC[PR]: 0.065787
Epoch evaluation duration: 98.2008709908
Epoch duration: 114.654469013

Epoch 141/1000
Epoch training duration: 14.1692340374
Train	AUC[ROC]: 0.998205	AUC[PR]: 0.325595
Val	AUC[ROC]: 0.851179	AUC[PR]: 0.071769
Epoch evaluation duration: 99.801363945
Epoch duration: 113.970597982

Epoch 142/1000
Epoch training duration: 13.2222020626
Train	AUC[ROC]: 0.998157	AUC[PR]: 0.316468
Val	AUC[ROC]: 0.841905	AUC[PR]: 0.073051
Epoch evaluation duration: 100.001827955
Epoch duration: 113.224030018

Epoch 143/1000
Epoch training duration: 13.4386279583
Train	AUC[ROC]: 0.998217	AUC[PR]: 0.322621
Val	AUC[ROC]: 0.835772	AUC[PR]: 0.069671
Epoch evaluation duration: 104.015580177
Epoch duration: 117.454208136

Epoch 144/1000
Epoch training duration: 16.7304899693
Train	AUC[ROC]: 0.998214	AUC[PR]: 0.319189
Val	AUC[ROC]: 0.852035	AUC[PR]: 0.072905
Epoch evaluation duration: 99.6681249142
Epoch duration: 116.398614883

Epoch 145/1000
Epoch training duration: 14.0147681236
Train	AUC[ROC]: 0.998205	AUC[PR]: 0.322078
Val	AUC[ROC]: 0.851335	AUC[PR]: 0.069462
Epoch evaluation duration: 98.6564638615
Epoch duration: 112.671231985

Epoch 146/1000
Epoch training duration: 13.7233400345
Train	AUC[ROC]: 0.998196	AUC[PR]: 0.321588
Val	AUC[ROC]: 0.842140	AUC[PR]: 0.074166
Epoch evaluation duration: 105.670334101
Epoch duration: 119.393674135

Epoch 147/1000
Epoch training duration: 13.8170750141
Train	AUC[ROC]: 0.998204	AUC[PR]: 0.322743
Val	AUC[ROC]: 0.856767	AUC[PR]: 0.068862
Epoch evaluation duration: 108.365607977
Epoch duration: 122.182682991

Epoch 148/1000
Epoch training duration: 12.3709800243
Train	AUC[ROC]: 0.998219	AUC[PR]: 0.321656
Val	AUC[ROC]: 0.848947	AUC[PR]: 0.062472
Epoch evaluation duration: 99.9651939869
Epoch duration: 112.336174011

Epoch 149/1000
Epoch training duration: 14.2335338593
Train	AUC[ROC]: 0.998166	AUC[PR]: 0.319785
Val	AUC[ROC]: 0.845768	AUC[PR]: 0.062891
Epoch evaluation duration: 99.2156729698
Epoch duration: 113.449206829

Epoch 150/1000
Epoch training duration: 14.8991901875
Train	AUC[ROC]: 0.998190	AUC[PR]: 0.318068
Val	AUC[ROC]: 0.848944	AUC[PR]: 0.063577
Epoch evaluation duration: 103.350370884
Epoch duration: 118.249561071

Epoch 151/1000
Epoch training duration: 14.0530810356
Train	AUC[ROC]: 0.998195	AUC[PR]: 0.318700
Val	AUC[ROC]: 0.848674	AUC[PR]: 0.062943
Epoch evaluation duration: 104.579293966
Epoch duration: 118.632375002

Epoch 152/1000
Epoch training duration: 14.4154310226
Train	AUC[ROC]: 0.998215	AUC[PR]: 0.318394
Val	AUC[ROC]: 0.839263	AUC[PR]: 0.060529
Epoch evaluation duration: 104.433851004
Epoch duration: 118.849282026

Epoch 153/1000
Epoch training duration: 13.8450880051
Train	AUC[ROC]: 0.998198	AUC[PR]: 0.317495
Val	AUC[ROC]: 0.845721	AUC[PR]: 0.061291
Epoch evaluation duration: 103.107192993
Epoch duration: 116.952280998

Epoch 154/1000
Epoch training duration: 14.6659240723
Train	AUC[ROC]: 0.998193	AUC[PR]: 0.314398
Val	AUC[ROC]: 0.840659	AUC[PR]: 0.063174
Epoch evaluation duration: 102.309128046
Epoch duration: 116.975052118

Epoch 155/1000
Epoch training duration: 13.9106040001
Train	AUC[ROC]: 0.998262	AUC[PR]: 0.323649
Val	AUC[ROC]: 0.840733	AUC[PR]: 0.065647
Epoch evaluation duration: 99.9574518204
Epoch duration: 113.86805582

Epoch 156/1000
Epoch training duration: 15.6123230457
Train	AUC[ROC]: 0.998246	AUC[PR]: 0.322218
Val	AUC[ROC]: 0.849691	AUC[PR]: 0.066638
Epoch evaluation duration: 103.814894915
Epoch duration: 119.42721796

Epoch 157/1000
Epoch training duration: 15.5494639874
Train	AUC[ROC]: 0.998234	AUC[PR]: 0.322755
Val	AUC[ROC]: 0.844718	AUC[PR]: 0.062539
Epoch evaluation duration: 105.404668093
Epoch duration: 120.95413208

Epoch 158/1000
Epoch training duration: 14.2827079296
Train	AUC[ROC]: 0.998221	AUC[PR]: 0.322028
Val	AUC[ROC]: 0.861689	AUC[PR]: 0.064707
Epoch evaluation duration: 103.930050135
Epoch duration: 118.212758064

Epoch 159/1000
Epoch training duration: 14.3918628693
Train	AUC[ROC]: 0.998268	AUC[PR]: 0.325942
Val	AUC[ROC]: 0.852125	AUC[PR]: 0.065347
Epoch evaluation duration: 102.829577208
Epoch duration: 117.221440077

Epoch 160/1000
Epoch training duration: 13.8105068207
Train	AUC[ROC]: 0.998236	AUC[PR]: 0.325593
Val	AUC[ROC]: 0.854629	AUC[PR]: 0.072307
Epoch evaluation duration: 101.060559988
Epoch duration: 114.871066809

Epoch 161/1000
Epoch training duration: 12.9301571846
Train	AUC[ROC]: 0.998266	AUC[PR]: 0.329911
Val	AUC[ROC]: 0.848400	AUC[PR]: 0.070107
Epoch evaluation duration: 101.66809392
Epoch duration: 114.598251104

Epoch 162/1000
Epoch training duration: 14.5493199825
Train	AUC[ROC]: 0.998234	AUC[PR]: 0.326026
Val	AUC[ROC]: 0.846058	AUC[PR]: 0.073618
Epoch evaluation duration: 103.628000975
Epoch duration: 118.177320957

Epoch 163/1000
Epoch training duration: 14.7583260536
Train	AUC[ROC]: 0.998223	AUC[PR]: 0.319869
Val	AUC[ROC]: 0.842900	AUC[PR]: 0.066174
Epoch evaluation duration: 101.133517981
Epoch duration: 115.891844034

Epoch 164/1000
Epoch training duration: 14.1532318592
Train	AUC[ROC]: 0.998226	AUC[PR]: 0.320038
Val	AUC[ROC]: 0.845169	AUC[PR]: 0.068314
Epoch evaluation duration: 102.147345066
Epoch duration: 116.300576925

Epoch 165/1000
Epoch training duration: 13.5776259899
Train	AUC[ROC]: 0.998215	AUC[PR]: 0.321739
Val	AUC[ROC]: 0.840593	AUC[PR]: 0.069881
Epoch evaluation duration: 99.5789899826
Epoch duration: 113.156615973

Epoch 166/1000
Epoch training duration: 15.2767791748
Train	AUC[ROC]: 0.998236	AUC[PR]: 0.322004
Val	AUC[ROC]: 0.839470	AUC[PR]: 0.070939
Epoch evaluation duration: 102.101331949
Epoch duration: 117.378111124

Epoch 167/1000
Epoch training duration: 15.0799999237
Train	AUC[ROC]: 0.998261	AUC[PR]: 0.324651
Val	AUC[ROC]: 0.854804	AUC[PR]: 0.073482
Epoch evaluation duration: 105.887678146
Epoch duration: 120.96767807

Epoch 168/1000
Epoch training duration: 14.552631855
Train	AUC[ROC]: 0.998210	AUC[PR]: 0.317227
Val	AUC[ROC]: 0.851209	AUC[PR]: 0.071136
Epoch evaluation duration: 104.72555995
Epoch duration: 119.278191805

Epoch 169/1000
Epoch training duration: 15.1815471649
Train	AUC[ROC]: 0.998246	AUC[PR]: 0.323356
Val	AUC[ROC]: 0.846537	AUC[PR]: 0.064994
Epoch evaluation duration: 99.9177258015
Epoch duration: 115.099272966

Epoch 170/1000
Epoch training duration: 16.7488980293
Train	AUC[ROC]: 0.998230	AUC[PR]: 0.321961
Val	AUC[ROC]: 0.851407	AUC[PR]: 0.070442
Epoch evaluation duration: 101.269320011
Epoch duration: 118.01821804

Epoch 171/1000
Epoch training duration: 14.3729331493
Train	AUC[ROC]: 0.998239	AUC[PR]: 0.320179
Val	AUC[ROC]: 0.854606	AUC[PR]: 0.069156
Epoch evaluation duration: 97.5780289173
Epoch duration: 111.950962067

Epoch 172/1000
Epoch training duration: 13.8195099831
Train	AUC[ROC]: 0.998229	AUC[PR]: 0.327224
Val	AUC[ROC]: 0.846376	AUC[PR]: 0.069084
Epoch evaluation duration: 106.774317026
Epoch duration: 120.593827009

Epoch 173/1000
Epoch training duration: 13.2649569511
Train	AUC[ROC]: 0.998288	AUC[PR]: 0.333844
Val	AUC[ROC]: 0.839614	AUC[PR]: 0.071514
Epoch evaluation duration: 98.2870619297
Epoch duration: 111.552018881

Epoch 174/1000
Epoch training duration: 15.5343270302
Train	AUC[ROC]: 0.998237	AUC[PR]: 0.324732
Val	AUC[ROC]: 0.848368	AUC[PR]: 0.069211
Epoch evaluation duration: 100.401940107
Epoch duration: 115.936267138

Epoch 175/1000
Epoch training duration: 13.5660588741
Train	AUC[ROC]: 0.998231	AUC[PR]: 0.321343
Val	AUC[ROC]: 0.842899	AUC[PR]: 0.067088
Epoch evaluation duration: 100.370151043
Epoch duration: 113.936209917

Epoch 176/1000
Epoch training duration: 13.8310770988
Train	AUC[ROC]: 0.998228	AUC[PR]: 0.328475
Val	AUC[ROC]: 0.856232	AUC[PR]: 0.069312
Epoch evaluation duration: 104.054293871
Epoch duration: 117.88537097

Epoch 177/1000
Epoch training duration: 14.1549880505
Train	AUC[ROC]: 0.998216	AUC[PR]: 0.322595
Val	AUC[ROC]: 0.856756	AUC[PR]: 0.068507
Epoch evaluation duration: 98.2569460869
Epoch duration: 112.411934137

Epoch 178/1000
Epoch training duration: 14.0666260719
Train	AUC[ROC]: 0.998235	AUC[PR]: 0.323724
Val	AUC[ROC]: 0.854446	AUC[PR]: 0.065280
Epoch evaluation duration: 108.616442919
Epoch duration: 122.683068991

Epoch 179/1000
Epoch training duration: 14.9043929577
Train	AUC[ROC]: 0.998245	AUC[PR]: 0.327481
Val	AUC[ROC]: 0.846985	AUC[PR]: 0.070335
Epoch evaluation duration: 102.047720909
Epoch duration: 116.952113867

Epoch 180/1000
Epoch training duration: 14.164039135
Train	AUC[ROC]: 0.998242	AUC[PR]: 0.322178
Val	AUC[ROC]: 0.852650	AUC[PR]: 0.065636
Epoch evaluation duration: 105.260931969
Epoch duration: 119.424971104

Epoch 181/1000
Epoch training duration: 15.2471549511
Train	AUC[ROC]: 0.998284	AUC[PR]: 0.326431
Val	AUC[ROC]: 0.843797	AUC[PR]: 0.068950
Epoch evaluation duration: 107.861165047
Epoch duration: 123.108319998

Epoch 182/1000
Epoch training duration: 14.6386110783
Train	AUC[ROC]: 0.998246	AUC[PR]: 0.320954
Val	AUC[ROC]: 0.846471	AUC[PR]: 0.069508
Epoch evaluation duration: 105.622117996
Epoch duration: 120.260729074

Epoch 183/1000
Epoch training duration: 13.9157598019
Train	AUC[ROC]: 0.998251	AUC[PR]: 0.322343
Val	AUC[ROC]: 0.845727	AUC[PR]: 0.069475
Epoch evaluation duration: 105.159928083
Epoch duration: 119.075687885

Epoch 184/1000
Epoch training duration: 14.2333340645
Train	AUC[ROC]: 0.998249	AUC[PR]: 0.323096
Val	AUC[ROC]: 0.845714	AUC[PR]: 0.068053
Epoch evaluation duration: 98.0130748749
Epoch duration: 112.246408939

Epoch 185/1000
Epoch training duration: 15.071103096
Train	AUC[ROC]: 0.998257	AUC[PR]: 0.321926
Val	AUC[ROC]: 0.848539	AUC[PR]: 0.066488
Epoch evaluation duration: 104.339458942
Epoch duration: 119.410562038

Epoch 186/1000
Epoch training duration: 14.5446331501
Train	AUC[ROC]: 0.998256	AUC[PR]: 0.322509
Val	AUC[ROC]: 0.843965	AUC[PR]: 0.066235
Epoch evaluation duration: 102.853284836
Epoch duration: 117.397917986

Epoch 187/1000
Epoch training duration: 13.2776551247
Train	AUC[ROC]: 0.998236	AUC[PR]: 0.321375
Val	AUC[ROC]: 0.849788	AUC[PR]: 0.063133
Epoch evaluation duration: 105.681221008
Epoch duration: 118.958876133

Epoch 188/1000
Epoch training duration: 16.0610599518
Train	AUC[ROC]: 0.998265	AUC[PR]: 0.326338
Val	AUC[ROC]: 0.844023	AUC[PR]: 0.065844
Epoch evaluation duration: 102.797736883
Epoch duration: 118.858796835

Epoch 189/1000
Epoch training duration: 16.0040791035
Train	AUC[ROC]: 0.998262	AUC[PR]: 0.321758
Val	AUC[ROC]: 0.848050	AUC[PR]: 0.065351
Epoch evaluation duration: 112.187798023
Epoch duration: 128.191877127

Epoch 190/1000
Epoch training duration: 13.8323349953
Train	AUC[ROC]: 0.998267	AUC[PR]: 0.324905
Val	AUC[ROC]: 0.843418	AUC[PR]: 0.066474
Epoch evaluation duration: 104.462385893
Epoch duration: 118.294720888

Epoch 191/1000
Epoch training duration: 15.547298193
Train	AUC[ROC]: 0.998249	AUC[PR]: 0.320902
Val	AUC[ROC]: 0.838708	AUC[PR]: 0.068248
Epoch evaluation duration: 102.858438969
Epoch duration: 118.405737162

Epoch 192/1000
Epoch training duration: 13.8464989662
Train	AUC[ROC]: 0.998293	AUC[PR]: 0.326014
Val	AUC[ROC]: 0.851895	AUC[PR]: 0.071556
Epoch evaluation duration: 104.21426487
Epoch duration: 118.060763836

Epoch 193/1000
Epoch training duration: 14.9447281361
Train	AUC[ROC]: 0.998273	AUC[PR]: 0.326068
Val	AUC[ROC]: 0.841048	AUC[PR]: 0.071664
Epoch evaluation duration: 102.411797047
Epoch duration: 117.356525183

Epoch 194/1000
Epoch training duration: 13.9007079601
Train	AUC[ROC]: 0.998260	AUC[PR]: 0.324857
Val	AUC[ROC]: 0.841699	AUC[PR]: 0.073383
Epoch evaluation duration: 102.690305948
Epoch duration: 116.591013908

Epoch 195/1000
Epoch training duration: 13.9822149277
Train	AUC[ROC]: 0.998264	AUC[PR]: 0.330595
Val	AUC[ROC]: 0.844708	AUC[PR]: 0.071015
Epoch evaluation duration: 104.924240112
Epoch duration: 118.90645504

Epoch 196/1000
Epoch training duration: 14.9166369438
Train	AUC[ROC]: 0.998276	AUC[PR]: 0.326004
Val	AUC[ROC]: 0.845831	AUC[PR]: 0.071025
Epoch evaluation duration: 105.801018953
Epoch duration: 120.717655897

Epoch 197/1000
Epoch training duration: 16.7754440308
Train	AUC[ROC]: 0.998268	AUC[PR]: 0.322740
Val	AUC[ROC]: 0.851264	AUC[PR]: 0.067723
Epoch evaluation duration: 102.717303038
Epoch duration: 119.492747068

Epoch 198/1000
Epoch training duration: 15.4515390396
Train	AUC[ROC]: 0.998238	AUC[PR]: 0.323826
Val	AUC[ROC]: 0.849897	AUC[PR]: 0.069465
Epoch evaluation duration: 100.080549955
Epoch duration: 115.532088995

Epoch 199/1000
Epoch training duration: 14.1706130505
Train	AUC[ROC]: 0.998280	AUC[PR]: 0.324132
Val	AUC[ROC]: 0.858258	AUC[PR]: 0.073091
Epoch evaluation duration: 101.971519947
Epoch duration: 116.142132998

Epoch 200/1000
Epoch training duration: 14.9452769756
Train	AUC[ROC]: 0.998235	AUC[PR]: 0.322073
Val	AUC[ROC]: 0.839497	AUC[PR]: 0.064315
Epoch evaluation duration: 101.103023052
Epoch duration: 116.048300028

Epoch 201/1000
Epoch training duration: 14.7291340828
Train	AUC[ROC]: 0.998269	AUC[PR]: 0.328288
Val	AUC[ROC]: 0.850866	AUC[PR]: 0.069951
Epoch evaluation duration: 108.320091963
Epoch duration: 123.049226046

Epoch 202/1000
Epoch training duration: 13.7772569656
Train	AUC[ROC]: 0.998270	AUC[PR]: 0.325694
Val	AUC[ROC]: 0.850879	AUC[PR]: 0.071607
Epoch evaluation duration: 104.555073023
Epoch duration: 118.332329988

Epoch 203/1000
Epoch training duration: 14.2103550434
Train	AUC[ROC]: 0.998226	AUC[PR]: 0.320126
Val	AUC[ROC]: 0.845017	AUC[PR]: 0.069073
Epoch evaluation duration: 100.995692968
Epoch duration: 115.206048012

Epoch 204/1000
Epoch training duration: 15.0541818142
Train	AUC[ROC]: 0.998250	AUC[PR]: 0.320102
Val	AUC[ROC]: 0.860729	AUC[PR]: 0.068608
Epoch evaluation duration: 101.28215003
Epoch duration: 116.336331844

Epoch 205/1000
Epoch training duration: 14.9043161869
Train	AUC[ROC]: 0.998252	AUC[PR]: 0.316841
Val	AUC[ROC]: 0.851794	AUC[PR]: 0.069449
Epoch evaluation duration: 97.6291048527
Epoch duration: 112.53342104

Epoch 206/1000
Epoch training duration: 14.2481651306
Train	AUC[ROC]: 0.998259	AUC[PR]: 0.323550
Val	AUC[ROC]: 0.858552	AUC[PR]: 0.066537
Epoch evaluation duration: 107.280458927
Epoch duration: 121.528624058

Epoch 207/1000
Epoch training duration: 13.6635270119
Train	AUC[ROC]: 0.998250	AUC[PR]: 0.324327
Val	AUC[ROC]: 0.854379	AUC[PR]: 0.069384
Epoch evaluation duration: 103.465991974
Epoch duration: 117.129518986

Epoch 208/1000
Epoch training duration: 15.6608400345
Train	AUC[ROC]: 0.998230	AUC[PR]: 0.321196
Val	AUC[ROC]: 0.858459	AUC[PR]: 0.067931
Epoch evaluation duration: 106.765183926
Epoch duration: 122.42602396

Epoch 209/1000
Epoch training duration: 14.232088089
Train	AUC[ROC]: 0.998267	AUC[PR]: 0.323142
Val	AUC[ROC]: 0.864271	AUC[PR]: 0.074222
Epoch evaluation duration: 99.6147458553
Epoch duration: 113.846833944

Epoch 210/1000
Epoch training duration: 15.1206951141
Train	AUC[ROC]: 0.998224	AUC[PR]: 0.319729
Val	AUC[ROC]: 0.856857	AUC[PR]: 0.072767
Epoch evaluation duration: 106.322145939
Epoch duration: 121.442841053

Epoch 211/1000
Epoch training duration: 14.3012421131
Train	AUC[ROC]: 0.998232	AUC[PR]: 0.314449
Val	AUC[ROC]: 0.857473	AUC[PR]: 0.071537
Epoch evaluation duration: 102.153714895
Epoch duration: 116.454957008

Epoch 212/1000
Epoch training duration: 13.9543161392
Train	AUC[ROC]: 0.998235	AUC[PR]: 0.323164
Val	AUC[ROC]: 0.852569	AUC[PR]: 0.071053
Epoch evaluation duration: 103.148093939
Epoch duration: 117.102410078

Epoch 213/1000
Epoch training duration: 15.40691185
Train	AUC[ROC]: 0.998241	AUC[PR]: 0.318618
Val	AUC[ROC]: 0.845390	AUC[PR]: 0.072361
Epoch evaluation duration: 104.573984146
Epoch duration: 119.980895996

Epoch 214/1000
Epoch training duration: 14.9617779255
Train	AUC[ROC]: 0.998264	AUC[PR]: 0.328101
Val	AUC[ROC]: 0.849939	AUC[PR]: 0.071491
Epoch evaluation duration: 106.325711966
Epoch duration: 121.287489891

Epoch 215/1000
Epoch training duration: 16.1328320503
Train	AUC[ROC]: 0.998264	AUC[PR]: 0.322832
Val	AUC[ROC]: 0.856667	AUC[PR]: 0.072851
Epoch evaluation duration: 104.475857973
Epoch duration: 120.608690023

Epoch 216/1000
Epoch training duration: 14.1237881184
Train	AUC[ROC]: 0.998278	AUC[PR]: 0.327244
Val	AUC[ROC]: 0.854269	AUC[PR]: 0.069982
Epoch evaluation duration: 107.47320199
Epoch duration: 121.596990108

Epoch 217/1000
Epoch training duration: 14.0403540134
Train	AUC[ROC]: 0.998275	AUC[PR]: 0.328695
Val	AUC[ROC]: 0.854465	AUC[PR]: 0.073896
Epoch evaluation duration: 90.1569299698
Epoch duration: 104.197283983

Epoch 218/1000
Epoch training duration: 12.8655798435
Train	AUC[ROC]: 0.998305	AUC[PR]: 0.333288
Val	AUC[ROC]: 0.862516	AUC[PR]: 0.078890
Epoch evaluation duration: 92.7263071537
Epoch duration: 105.591886997

Epoch 219/1000
Epoch training duration: 17.7359509468
Train	AUC[ROC]: 0.998273	AUC[PR]: 0.326023
Val	AUC[ROC]: 0.865011	AUC[PR]: 0.082417
Epoch evaluation duration: 100.401447058
Epoch duration: 118.137398005

Epoch 220/1000
Epoch training duration: 14.7361578941
Train	AUC[ROC]: 0.998254	AUC[PR]: 0.318564
Val	AUC[ROC]: 0.855623	AUC[PR]: 0.072065
Epoch evaluation duration: 105.630844116
Epoch duration: 120.36700201

Epoch 221/1000
Epoch training duration: 14.9014718533
Train	AUC[ROC]: 0.998291	AUC[PR]: 0.329762
Val	AUC[ROC]: 0.860766	AUC[PR]: 0.079536
Epoch evaluation duration: 107.979116201
Epoch duration: 122.880588055

Epoch 222/1000
Epoch training duration: 14.7668647766
Train	AUC[ROC]: 0.998306	AUC[PR]: 0.332964
Val	AUC[ROC]: 0.858675	AUC[PR]: 0.074962
Epoch evaluation duration: 103.41765523
Epoch duration: 118.184520006

Epoch 223/1000
Epoch training duration: 14.145870924
Train	AUC[ROC]: 0.998294	AUC[PR]: 0.327954
Val	AUC[ROC]: 0.855096	AUC[PR]: 0.077835
Epoch evaluation duration: 100.930027962
Epoch duration: 115.075898886

Epoch 224/1000
Epoch training duration: 14.890196085
Train	AUC[ROC]: 0.998288	AUC[PR]: 0.325102
Val	AUC[ROC]: 0.853584	AUC[PR]: 0.070384
Epoch evaluation duration: 101.063922882
Epoch duration: 115.954118967

Epoch 225/1000
Epoch training duration: 13.9236590862
Train	AUC[ROC]: 0.998302	AUC[PR]: 0.326313
Val	AUC[ROC]: 0.851058	AUC[PR]: 0.068559
Epoch evaluation duration: 101.732900858
Epoch duration: 115.656559944

Epoch 226/1000
Epoch training duration: 14.9041750431
Train	AUC[ROC]: 0.998287	AUC[PR]: 0.326822
Val	AUC[ROC]: 0.841259	AUC[PR]: 0.072718
Epoch evaluation duration: 100.376703978
Epoch duration: 115.280879021

Epoch 227/1000
Epoch training duration: 14.9609119892
Train	AUC[ROC]: 0.998272	AUC[PR]: 0.329437
Val	AUC[ROC]: 0.850716	AUC[PR]: 0.071661
Epoch evaluation duration: 109.028573036
Epoch duration: 123.989485025

Epoch 228/1000
Epoch training duration: 14.0998010635
Train	AUC[ROC]: 0.998285	AUC[PR]: 0.330466
Val	AUC[ROC]: 0.853792	AUC[PR]: 0.074243
Epoch evaluation duration: 102.464742899
Epoch duration: 116.564543962

Epoch 229/1000
Epoch training duration: 14.4935610294
Train	AUC[ROC]: 0.998273	AUC[PR]: 0.322806
Val	AUC[ROC]: 0.850046	AUC[PR]: 0.074706
Epoch evaluation duration: 102.307621956
Epoch duration: 116.801182985

Epoch 230/1000
Epoch training duration: 13.9297711849
Train	AUC[ROC]: 0.998262	AUC[PR]: 0.328183
Val	AUC[ROC]: 0.839695	AUC[PR]: 0.072379
Epoch evaluation duration: 98.7264988422
Epoch duration: 112.656270027

Epoch 231/1000
Epoch training duration: 14.1939439774
Train	AUC[ROC]: 0.998282	AUC[PR]: 0.327300
Val	AUC[ROC]: 0.848347	AUC[PR]: 0.072537
Epoch evaluation duration: 103.910557985
Epoch duration: 118.104501963

Epoch 232/1000
Epoch training duration: 17.7704100609
Train	AUC[ROC]: 0.998285	AUC[PR]: 0.326869
Val	AUC[ROC]: 0.857565	AUC[PR]: 0.072307
Epoch evaluation duration: 103.782612085
Epoch duration: 121.553022146

Epoch 233/1000
Epoch training duration: 15.3844239712
Train	AUC[ROC]: 0.998277	AUC[PR]: 0.329194
Val	AUC[ROC]: 0.851638	AUC[PR]: 0.065011
Epoch evaluation duration: 100.454250097
Epoch duration: 115.838674068

Epoch 234/1000
Epoch training duration: 14.3640799522
Train	AUC[ROC]: 0.998320	AUC[PR]: 0.336471
Val	AUC[ROC]: 0.839637	AUC[PR]: 0.070228
Epoch evaluation duration: 99.5606629848
Epoch duration: 113.924742937

Epoch 235/1000
Epoch training duration: 16.7234098911
Train	AUC[ROC]: 0.998298	AUC[PR]: 0.331707
Val	AUC[ROC]: 0.840285	AUC[PR]: 0.074729
Epoch evaluation duration: 104.322391987
Epoch duration: 121.045801878

Epoch 236/1000
Epoch training duration: 13.143435955
Train	AUC[ROC]: 0.998274	AUC[PR]: 0.327606
Val	AUC[ROC]: 0.843902	AUC[PR]: 0.070443
Epoch evaluation duration: 102.615259171
Epoch duration: 115.758695126

Epoch 237/1000
Epoch training duration: 15.6122858524
Train	AUC[ROC]: 0.998311	AUC[PR]: 0.334094
Val	AUC[ROC]: 0.843578	AUC[PR]: 0.074488
Epoch evaluation duration: 102.147276163
Epoch duration: 117.759562016

Epoch 238/1000
Epoch training duration: 14.9742138386
Train	AUC[ROC]: 0.998279	AUC[PR]: 0.328325
Val	AUC[ROC]: 0.836066	AUC[PR]: 0.072672
Epoch evaluation duration: 100.111736059
Epoch duration: 115.085949898

Epoch 239/1000
Epoch training duration: 15.433989048
Train	AUC[ROC]: 0.998309	AUC[PR]: 0.330086
Val	AUC[ROC]: 0.837867	AUC[PR]: 0.073179
Epoch evaluation duration: 100.51808095
Epoch duration: 115.952069998

Epoch 240/1000
Epoch training duration: 14.6959180832
Train	AUC[ROC]: 0.998290	AUC[PR]: 0.328075
Val	AUC[ROC]: 0.838810	AUC[PR]: 0.072053
Epoch evaluation duration: 99.4109158516
Epoch duration: 114.106833935

Epoch 241/1000
Epoch training duration: 15.911272049
Train	AUC[ROC]: 0.998321	AUC[PR]: 0.334782
Val	AUC[ROC]: 0.838318	AUC[PR]: 0.072696
Epoch evaluation duration: 100.209995031
Epoch duration: 116.12126708

Epoch 242/1000
Epoch training duration: 14.8370919228
Train	AUC[ROC]: 0.998285	AUC[PR]: 0.330263
Val	AUC[ROC]: 0.845338	AUC[PR]: 0.073009
Epoch evaluation duration: 104.75309515
Epoch duration: 119.590187073

Epoch 243/1000
Epoch training duration: 15.9981198311
Train	AUC[ROC]: 0.998300	AUC[PR]: 0.328550
Val	AUC[ROC]: 0.843206	AUC[PR]: 0.071142
Epoch evaluation duration: 104.725099087
Epoch duration: 120.723218918

Epoch 244/1000
Epoch training duration: 13.7810730934
Train	AUC[ROC]: 0.998307	AUC[PR]: 0.327556
Val	AUC[ROC]: 0.840837	AUC[PR]: 0.074780
Epoch evaluation duration: 106.458660841
Epoch duration: 120.239733934

Epoch 245/1000
Epoch training duration: 13.7605061531
Train	AUC[ROC]: 0.998300	AUC[PR]: 0.326595
Val	AUC[ROC]: 0.850555	AUC[PR]: 0.081532
Epoch evaluation duration: 101.717648029
Epoch duration: 115.478154182

Epoch 246/1000
Epoch training duration: 13.8093848228
Train	AUC[ROC]: 0.998311	AUC[PR]: 0.330874
Val	AUC[ROC]: 0.842783	AUC[PR]: 0.078994
Epoch evaluation duration: 104.359899998
Epoch duration: 118.169284821

Epoch 247/1000
Epoch training duration: 14.0920681953
Train	AUC[ROC]: 0.998298	AUC[PR]: 0.332907
Val	AUC[ROC]: 0.842304	AUC[PR]: 0.073991
Epoch evaluation duration: 105.057029009
Epoch duration: 119.149097204

Epoch 248/1000
Epoch training duration: 15.195723772
Train	AUC[ROC]: 0.998305	AUC[PR]: 0.327547
Val	AUC[ROC]: 0.844844	AUC[PR]: 0.075657
Epoch evaluation duration: 100.440065145
Epoch duration: 115.635788918

Epoch 249/1000
Epoch training duration: 14.4031789303
Train	AUC[ROC]: 0.998298	AUC[PR]: 0.332814
Val	AUC[ROC]: 0.845511	AUC[PR]: 0.070314
Epoch evaluation duration: 106.549719095
Epoch duration: 120.952898026

Epoch 250/1000
Epoch training duration: 14.7912569046
Train	AUC[ROC]: 0.998281	AUC[PR]: 0.327621
Val	AUC[ROC]: 0.853270	AUC[PR]: 0.072593
Epoch evaluation duration: 105.70448494
Epoch duration: 120.495741844

Epoch 251/1000
Epoch training duration: 15.0090351105
Train	AUC[ROC]: 0.998292	AUC[PR]: 0.329516
Val	AUC[ROC]: 0.852186	AUC[PR]: 0.067095
Epoch evaluation duration: 99.9875290394
Epoch duration: 114.99656415

Epoch 252/1000
Epoch training duration: 15.6758170128
Train	AUC[ROC]: 0.998302	AUC[PR]: 0.328790
Val	AUC[ROC]: 0.854228	AUC[PR]: 0.070097
Epoch evaluation duration: 102.47691083
Epoch duration: 118.152727842

Epoch 253/1000
Epoch training duration: 14.1090600491
Train	AUC[ROC]: 0.998305	AUC[PR]: 0.331615
Val	AUC[ROC]: 0.841741	AUC[PR]: 0.068502
Epoch evaluation duration: 102.339009047
Epoch duration: 116.448069096

Epoch 254/1000
Epoch training duration: 13.8982489109
Train	AUC[ROC]: 0.998294	AUC[PR]: 0.327252
Val	AUC[ROC]: 0.841023	AUC[PR]: 0.067107
Epoch evaluation duration: 103.412387133
Epoch duration: 117.310636044

Epoch 255/1000
Epoch training duration: 14.7429890633
Train	AUC[ROC]: 0.998290	AUC[PR]: 0.329842
Val	AUC[ROC]: 0.846361	AUC[PR]: 0.068035
Epoch evaluation duration: 100.202158928
Epoch duration: 114.945147991

Epoch 256/1000
Epoch training duration: 13.9277698994
Train	AUC[ROC]: 0.998303	AUC[PR]: 0.334823
Val	AUC[ROC]: 0.848979	AUC[PR]: 0.069030
Epoch evaluation duration: 101.555857182
Epoch duration: 115.483627081

Epoch 257/1000
Epoch training duration: 14.9804878235
Train	AUC[ROC]: 0.998294	AUC[PR]: 0.328500
Val	AUC[ROC]: 0.846177	AUC[PR]: 0.066970
Epoch evaluation duration: 106.48466301
Epoch duration: 121.465150833

Epoch 258/1000
Epoch training duration: 16.3544800282
Train	AUC[ROC]: 0.998312	AUC[PR]: 0.330740
Val	AUC[ROC]: 0.848924	AUC[PR]: 0.073329
Epoch evaluation duration: 100.001569033
Epoch duration: 116.356049061

Epoch 259/1000
Epoch training duration: 14.4218809605
Train	AUC[ROC]: 0.998310	AUC[PR]: 0.334519
Val	AUC[ROC]: 0.842507	AUC[PR]: 0.076670
Epoch evaluation duration: 103.032101154
Epoch duration: 117.453982115

Epoch 260/1000
Epoch training duration: 14.2743959427
Train	AUC[ROC]: 0.998303	AUC[PR]: 0.332654
Val	AUC[ROC]: 0.843011	AUC[PR]: 0.068092
Epoch evaluation duration: 104.496407032
Epoch duration: 118.770802975

Epoch 261/1000
Epoch training duration: 15.3609969616
Train	AUC[ROC]: 0.998327	AUC[PR]: 0.332831
Val	AUC[ROC]: 0.844139	AUC[PR]: 0.065726
Epoch evaluation duration: 106.63101387
Epoch duration: 121.992010832

Epoch 262/1000
Epoch training duration: 14.3343100548
Train	AUC[ROC]: 0.998300	AUC[PR]: 0.330992
Val	AUC[ROC]: 0.852826	AUC[PR]: 0.066862
Epoch evaluation duration: 101.329285145
Epoch duration: 115.6635952

Epoch 263/1000
Epoch training duration: 14.9224038124
Train	AUC[ROC]: 0.998294	AUC[PR]: 0.326753
Val	AUC[ROC]: 0.852859	AUC[PR]: 0.061559
Epoch evaluation duration: 101.033849001
Epoch duration: 115.956252813

Epoch 264/1000
Epoch training duration: 14.1040210724
Train	AUC[ROC]: 0.998281	AUC[PR]: 0.327871
Val	AUC[ROC]: 0.850382	AUC[PR]: 0.064301
Epoch evaluation duration: 105.781524897
Epoch duration: 119.885545969

Epoch 265/1000
Epoch training duration: 16.5911290646
Train	AUC[ROC]: 0.998309	AUC[PR]: 0.330576
Val	AUC[ROC]: 0.849650	AUC[PR]: 0.072395
Epoch evaluation duration: 111.865595102
Epoch duration: 128.456724167

Epoch 266/1000
Epoch training duration: 14.4603769779
Train	AUC[ROC]: 0.998325	AUC[PR]: 0.330523
Val	AUC[ROC]: 0.840432	AUC[PR]: 0.072047
Epoch evaluation duration: 105.152242899
Epoch duration: 119.612619877

Epoch 267/1000
Epoch training duration: 14.8774740696
Train	AUC[ROC]: 0.998334	AUC[PR]: 0.335891
Val	AUC[ROC]: 0.835264	AUC[PR]: 0.071008
Epoch evaluation duration: 105.998027086
Epoch duration: 120.875501156

Epoch 268/1000
Epoch training duration: 15.8848509789
Train	AUC[ROC]: 0.998315	AUC[PR]: 0.331453
Val	AUC[ROC]: 0.842025	AUC[PR]: 0.063240
Epoch evaluation duration: 109.410609007
Epoch duration: 125.295459986

Epoch 269/1000
Epoch training duration: 14.8869798183
Train	AUC[ROC]: 0.998313	AUC[PR]: 0.331687
Val	AUC[ROC]: 0.841743	AUC[PR]: 0.061687
Epoch evaluation duration: 103.792029142
Epoch duration: 118.679008961

Epoch 270/1000
Epoch training duration: 14.0456068516
Train	AUC[ROC]: 0.998336	AUC[PR]: 0.337234
Val	AUC[ROC]: 0.845182	AUC[PR]: 0.065407
Epoch evaluation duration: 104.054149151
Epoch duration: 118.099756002

Epoch 271/1000
Epoch training duration: 14.9596409798
Train	AUC[ROC]: 0.998316	AUC[PR]: 0.327849
Val	AUC[ROC]: 0.847432	AUC[PR]: 0.066438
Epoch evaluation duration: 102.987739086
Epoch duration: 117.947380066

Epoch 272/1000
Epoch training duration: 13.7314248085
Train	AUC[ROC]: 0.998317	AUC[PR]: 0.334237
Val	AUC[ROC]: 0.842897	AUC[PR]: 0.070616
Epoch evaluation duration: 101.95083499
Epoch duration: 115.682259798

Epoch 273/1000
Epoch training duration: 14.3984730244
Train	AUC[ROC]: 0.998307	AUC[PR]: 0.330584
Val	AUC[ROC]: 0.841705	AUC[PR]: 0.064644
Epoch evaluation duration: 106.129151106
Epoch duration: 120.52762413

Epoch 274/1000
Epoch training duration: 15.1632049084
Train	AUC[ROC]: 0.998304	AUC[PR]: 0.328965
Val	AUC[ROC]: 0.835559	AUC[PR]: 0.063397
Epoch evaluation duration: 107.345288038
Epoch duration: 122.508492947

Epoch 275/1000
Epoch training duration: 15.5351490974
Train	AUC[ROC]: 0.998290	AUC[PR]: 0.328193
Val	AUC[ROC]: 0.838802	AUC[PR]: 0.066164
Epoch evaluation duration: 114.753903866
Epoch duration: 130.289052963

Epoch 276/1000
Epoch training duration: 14.4399459362
Train	AUC[ROC]: 0.998283	AUC[PR]: 0.326093
Val	AUC[ROC]: 0.843985	AUC[PR]: 0.062729
Epoch evaluation duration: 102.325041056
Epoch duration: 116.764986992

Epoch 277/1000
Epoch training duration: 16.2147059441
Train	AUC[ROC]: 0.998281	AUC[PR]: 0.329210
Val	AUC[ROC]: 0.843974	AUC[PR]: 0.067156
Epoch evaluation duration: 107.916493177
Epoch duration: 124.131199121

Epoch 278/1000
Epoch training duration: 16.1228969097
Train	AUC[ROC]: 0.998316	AUC[PR]: 0.331147
Val	AUC[ROC]: 0.850331	AUC[PR]: 0.071129
Epoch evaluation duration: 107.304085016
Epoch duration: 123.426981926

Epoch 279/1000
Epoch training duration: 14.8911449909
Train	AUC[ROC]: 0.998281	AUC[PR]: 0.326328
Val	AUC[ROC]: 0.854577	AUC[PR]: 0.066537
Epoch evaluation duration: 100.620588064
Epoch duration: 115.511733055

Epoch 280/1000
Epoch training duration: 14.187379837
Train	AUC[ROC]: 0.998304	AUC[PR]: 0.325189
Val	AUC[ROC]: 0.838344	AUC[PR]: 0.064480
Epoch evaluation duration: 109.380286217
Epoch duration: 123.567666054

Epoch 281/1000
Epoch training duration: 14.9062860012
Train	AUC[ROC]: 0.998295	AUC[PR]: 0.327065
Val	AUC[ROC]: 0.846484	AUC[PR]: 0.061727
Epoch evaluation duration: 98.8405909538
Epoch duration: 113.746876955

Epoch 282/1000
Epoch training duration: 15.7803230286
Train	AUC[ROC]: 0.998296	AUC[PR]: 0.326312
Val	AUC[ROC]: 0.844626	AUC[PR]: 0.063080
Epoch evaluation duration: 98.0253889561
Epoch duration: 113.805711985

Epoch 283/1000
Epoch training duration: 14.8130190372
Train	AUC[ROC]: 0.998279	AUC[PR]: 0.326916
Val	AUC[ROC]: 0.845577	AUC[PR]: 0.061462
Epoch evaluation duration: 105.661846876
Epoch duration: 120.474865913

Epoch 284/1000
Epoch training duration: 14.5527710915
Train	AUC[ROC]: 0.998294	AUC[PR]: 0.324629
Val	AUC[ROC]: 0.848257	AUC[PR]: 0.062159
Epoch evaluation duration: 104.349740028
Epoch duration: 118.90251112

Epoch 285/1000
Epoch training duration: 14.1471989155
Train	AUC[ROC]: 0.998313	AUC[PR]: 0.334048
Val	AUC[ROC]: 0.843042	AUC[PR]: 0.069440
Epoch evaluation duration: 106.717027903
Epoch duration: 120.864226818

Epoch 286/1000
Epoch training duration: 15.3680610657
Train	AUC[ROC]: 0.998292	AUC[PR]: 0.329617
Val	AUC[ROC]: 0.841449	AUC[PR]: 0.069963
Epoch evaluation duration: 98.4208869934
Epoch duration: 113.788948059

Epoch 287/1000
Epoch training duration: 13.9173259735
Train	AUC[ROC]: 0.998273	AUC[PR]: 0.325788
Val	AUC[ROC]: 0.851668	AUC[PR]: 0.073122
Epoch evaluation duration: 103.265021086
Epoch duration: 117.182347059

Epoch 288/1000
Epoch training duration: 14.4361760616
Train	AUC[ROC]: 0.998325	AUC[PR]: 0.336280
Val	AUC[ROC]: 0.840523	AUC[PR]: 0.076805
Epoch evaluation duration: 107.951270819
Epoch duration: 122.38744688

Epoch 289/1000
Epoch training duration: 13.8284480572
Train	AUC[ROC]: 0.998290	AUC[PR]: 0.331868
Val	AUC[ROC]: 0.849054	AUC[PR]: 0.073833
Epoch evaluation duration: 85.3735301495
Epoch duration: 99.2019782066

Epoch 290/1000
Epoch training duration: 11.06645298
Train	AUC[ROC]: 0.998281	AUC[PR]: 0.328867
Val	AUC[ROC]: 0.838388	AUC[PR]: 0.064829
Epoch evaluation duration: 70.8795390129
Epoch duration: 81.945991993

Epoch 291/1000
Epoch training duration: 10.8222548962
Train	AUC[ROC]: 0.998297	AUC[PR]: 0.329758
Val	AUC[ROC]: 0.849382	AUC[PR]: 0.071273
Epoch evaluation duration: 73.7296879292
Epoch duration: 84.5519428253

Epoch 292/1000
Epoch training duration: 10.9234981537
Train	AUC[ROC]: 0.998294	AUC[PR]: 0.331639
Val	AUC[ROC]: 0.852605	AUC[PR]: 0.069340
Epoch evaluation duration: 71.1710178852
Epoch duration: 82.0945160389

Epoch 293/1000
Epoch training duration: 11.0649130344
Train	AUC[ROC]: 0.998337	AUC[PR]: 0.334790
Val	AUC[ROC]: 0.852647	AUC[PR]: 0.071411
Epoch evaluation duration: 72.7919249535
Epoch duration: 83.8568379879

Epoch 294/1000
Epoch training duration: 10.7013759613
Train	AUC[ROC]: 0.998318	AUC[PR]: 0.331659
Val	AUC[ROC]: 0.851846	AUC[PR]: 0.064063
Epoch evaluation duration: 73.4966211319
Epoch duration: 84.1979970932

Epoch 295/1000
Epoch training duration: 10.9114840031
Train	AUC[ROC]: 0.998323	AUC[PR]: 0.329338
Val	AUC[ROC]: 0.854594	AUC[PR]: 0.065432
Epoch evaluation duration: 72.5533020496
Epoch duration: 83.4647860527

Epoch 296/1000
Epoch training duration: 10.8833220005
Train	AUC[ROC]: 0.998335	AUC[PR]: 0.336181
Val	AUC[ROC]: 0.854243	AUC[PR]: 0.063204
Epoch evaluation duration: 71.1444518566
Epoch duration: 82.0277738571

Epoch 297/1000
Epoch training duration: 11.1655709743
Train	AUC[ROC]: 0.998327	AUC[PR]: 0.327642
Val	AUC[ROC]: 0.853971	AUC[PR]: 0.064119
Epoch evaluation duration: 71.5099291801
Epoch duration: 82.6755001545

Epoch 298/1000
Epoch training duration: 10.5540959835
Train	AUC[ROC]: 0.998328	AUC[PR]: 0.330690
Val	AUC[ROC]: 0.861035	AUC[PR]: 0.069470
Epoch evaluation duration: 72.983620882
Epoch duration: 83.5377168655

Epoch 299/1000
Epoch training duration: 10.6586761475
Train	AUC[ROC]: 0.998331	AUC[PR]: 0.333976
Val	AUC[ROC]: 0.862612	AUC[PR]: 0.068889
Epoch evaluation duration: 68.8595309258
Epoch duration: 79.5182070732

train precision: 0.318448441996
train roc: 0.998085170241
train hit: 333.0 out of 334.0

val precision: 0.0883707868559
val roc: 0.863700484635
val hit: 25.0 out of 55.0

test precision: 0.186672565005
test roc: 0.911521173207
test hit: 36.0 out of 55.0

ratio: 0.02, EF: 34.5454545455,	active: 55.0
ratio: 0.02, NEF: 0.690909090909
ratio: 0.01, EF: 65.4545454545,	active: 55.0
ratio: 0.01, NEF: 0.654545454545
ratio: 0.0015, EF: 157.575757576,	active: 55.0
ratio: 0.0015, NEF: 0.236363636364
ratio: 0.001, EF: 181.818181818,	active: 55.0
ratio: 0.001, NEF: 0.238095238095

