label_name_list  [u'PriA-SSB AS Activity', u'PriA-SSB AS % inhibition (Primary Median)']
train files  ['../datasets/keck_pria/fold_2.csv' '../datasets/keck_pria/fold_3.csv'
 '../datasets/keck_pria/fold_4.csv' '../datasets/keck_pria/fold_5.csv'
 '../datasets/keck_pria/fold_6.csv' '../datasets/keck_pria/fold_7.csv']
val files  ['../datasets/keck_pria/fold_0.csv']
test files  ['../datasets/keck_pria/fold_1.csv']
done data preparation
Sample Weight	 [2.84874444e+04 4.27311667e+04 2.05109600e+03 ... 2.10861913e+01
 2.10861913e+01 2.09210118e+01]
Epoch 1/1000
Epoch training duration: 12.4024269581
Train	AUC[ROC]: 0.856416	AUC[PR]: 0.031690
Val	AUC[ROC]: 0.818683	AUC[PR]: 0.031491
Epoch evaluation duration: 70.8846621513
Epoch duration: 83.2870891094

Epoch 2/1000
Epoch training duration: 13.3546588421
Train	AUC[ROC]: 0.867984	AUC[PR]: 0.039232
Val	AUC[ROC]: 0.830162	AUC[PR]: 0.033357
Epoch evaluation duration: 75.086081028
Epoch duration: 88.4407398701

Epoch 3/1000
Epoch training duration: 12.769780159
Train	AUC[ROC]: 0.905552	AUC[PR]: 0.050519
Val	AUC[ROC]: 0.865825	AUC[PR]: 0.051193
Epoch evaluation duration: 72.2573559284
Epoch duration: 85.0271360874

Epoch 4/1000
Epoch training duration: 13.3047969341
Train	AUC[ROC]: 0.920395	AUC[PR]: 0.049553
Val	AUC[ROC]: 0.875401	AUC[PR]: 0.042897
Epoch evaluation duration: 81.1898469925
Epoch duration: 94.4946439266

Epoch 5/1000
Epoch training duration: 13.3500771523
Train	AUC[ROC]: 0.939832	AUC[PR]: 0.073272
Val	AUC[ROC]: 0.892261	AUC[PR]: 0.057886
Epoch evaluation duration: 66.7508399487
Epoch duration: 80.1009171009

Epoch 6/1000
Epoch training duration: 12.9666938782
Train	AUC[ROC]: 0.956179	AUC[PR]: 0.088877
Val	AUC[ROC]: 0.896240	AUC[PR]: 0.077601
Epoch evaluation duration: 74.2807230949
Epoch duration: 87.2474169731

Epoch 7/1000
Epoch training duration: 13.3796329498
Train	AUC[ROC]: 0.965720	AUC[PR]: 0.120769
Val	AUC[ROC]: 0.913623	AUC[PR]: 0.082479
Epoch evaluation duration: 77.3829820156
Epoch duration: 90.7626149654

Epoch 8/1000
Epoch training duration: 13.7202908993
Train	AUC[ROC]: 0.970701	AUC[PR]: 0.130291
Val	AUC[ROC]: 0.912803	AUC[PR]: 0.088259
Epoch evaluation duration: 75.4219260216
Epoch duration: 89.1422169209

Epoch 9/1000
Epoch training duration: 13.0456860065
Train	AUC[ROC]: 0.976590	AUC[PR]: 0.161583
Val	AUC[ROC]: 0.914619	AUC[PR]: 0.119905
Epoch evaluation duration: 63.6610810757
Epoch duration: 76.7067670822

Epoch 10/1000
Epoch training duration: 13.4987111092
Train	AUC[ROC]: 0.977314	AUC[PR]: 0.158470
Val	AUC[ROC]: 0.922668	AUC[PR]: 0.106849
Epoch evaluation duration: 56.0440459251
Epoch duration: 69.5427570343

Epoch 11/1000
Epoch training duration: 12.5793719292
Train	AUC[ROC]: 0.983393	AUC[PR]: 0.145562
Val	AUC[ROC]: 0.929584	AUC[PR]: 0.105443
Epoch evaluation duration: 50.3796241283
Epoch duration: 62.9589960575

Epoch 12/1000
Epoch training duration: 12.2424168587
Train	AUC[ROC]: 0.984386	AUC[PR]: 0.182336
Val	AUC[ROC]: 0.912399	AUC[PR]: 0.109951
Epoch evaluation duration: 54.0040590763
Epoch duration: 66.246475935

Epoch 13/1000
Epoch training duration: 12.335447073
Train	AUC[ROC]: 0.987906	AUC[PR]: 0.170856
Val	AUC[ROC]: 0.928283	AUC[PR]: 0.098730
Epoch evaluation duration: 50.6501238346
Epoch duration: 62.9855709076

Epoch 14/1000
Epoch training duration: 12.2669639587
Train	AUC[ROC]: 0.989393	AUC[PR]: 0.186837
Val	AUC[ROC]: 0.925295	AUC[PR]: 0.112054
Epoch evaluation duration: 55.1303281784
Epoch duration: 67.3972921371

Epoch 15/1000
Epoch training duration: 12.6789009571
Train	AUC[ROC]: 0.989389	AUC[PR]: 0.193420
Val	AUC[ROC]: 0.927443	AUC[PR]: 0.115592
Epoch evaluation duration: 51.4598519802
Epoch duration: 64.1387529373

Epoch 16/1000
Epoch training duration: 12.3101959229
Train	AUC[ROC]: 0.990292	AUC[PR]: 0.192723
Val	AUC[ROC]: 0.930655	AUC[PR]: 0.102877
Epoch evaluation duration: 54.4816040993
Epoch duration: 66.7918000221

Epoch 17/1000
Epoch training duration: 11.8594830036
Train	AUC[ROC]: 0.991237	AUC[PR]: 0.193473
Val	AUC[ROC]: 0.938497	AUC[PR]: 0.112525
Epoch evaluation duration: 51.578455925
Epoch duration: 63.4379389286

Epoch 18/1000
Epoch training duration: 12.2047989368
Train	AUC[ROC]: 0.992022	AUC[PR]: 0.189665
Val	AUC[ROC]: 0.927524	AUC[PR]: 0.096305
Epoch evaluation duration: 47.1822371483
Epoch duration: 59.3870360851

Epoch 19/1000
Epoch training duration: 12.5401308537
Train	AUC[ROC]: 0.993401	AUC[PR]: 0.204936
Val	AUC[ROC]: 0.933004	AUC[PR]: 0.109727
Epoch evaluation duration: 57.80834198
Epoch duration: 70.3484728336

Epoch 20/1000
Epoch training duration: 12.6879000664
Train	AUC[ROC]: 0.993898	AUC[PR]: 0.224383
Val	AUC[ROC]: 0.932569	AUC[PR]: 0.140895
Epoch evaluation duration: 60.4826099873
Epoch duration: 73.1705100536

Epoch 21/1000
Epoch training duration: 12.6193201542
Train	AUC[ROC]: 0.993939	AUC[PR]: 0.206575
Val	AUC[ROC]: 0.938603	AUC[PR]: 0.116037
Epoch evaluation duration: 62.4759378433
Epoch duration: 75.0952579975

Epoch 22/1000
Epoch training duration: 12.6832921505
Train	AUC[ROC]: 0.994614	AUC[PR]: 0.227105
Val	AUC[ROC]: 0.941337	AUC[PR]: 0.118670
Epoch evaluation duration: 59.1411738396
Epoch duration: 71.8244659901

Epoch 23/1000
Epoch training duration: 13.0085651875
Train	AUC[ROC]: 0.994884	AUC[PR]: 0.221530
Val	AUC[ROC]: 0.929354	AUC[PR]: 0.134995
Epoch evaluation duration: 58.8904738426
Epoch duration: 71.8990390301

Epoch 24/1000
Epoch training duration: 12.7771699429
Train	AUC[ROC]: 0.994576	AUC[PR]: 0.209604
Val	AUC[ROC]: 0.934695	AUC[PR]: 0.107410
Epoch evaluation duration: 57.063642025
Epoch duration: 69.8408119678

Epoch 25/1000
Epoch training duration: 13.1219391823
Train	AUC[ROC]: 0.994701	AUC[PR]: 0.211718
Val	AUC[ROC]: 0.938912	AUC[PR]: 0.120789
Epoch evaluation duration: 58.4921967983
Epoch duration: 71.6141359806

Epoch 26/1000
Epoch training duration: 13.4693720341
Train	AUC[ROC]: 0.995309	AUC[PR]: 0.213386
Val	AUC[ROC]: 0.942205	AUC[PR]: 0.097198
Epoch evaluation duration: 61.7039840221
Epoch duration: 75.1733560562

Epoch 27/1000
Epoch training duration: 12.7310841084
Train	AUC[ROC]: 0.995739	AUC[PR]: 0.231988
Val	AUC[ROC]: 0.934480	AUC[PR]: 0.122416
Epoch evaluation duration: 62.9658479691
Epoch duration: 75.6969320774

Epoch 28/1000
Epoch training duration: 12.4927618504
Train	AUC[ROC]: 0.995789	AUC[PR]: 0.243193
Val	AUC[ROC]: 0.939156	AUC[PR]: 0.125844
Epoch evaluation duration: 67.3654100895
Epoch duration: 79.8581719398

Epoch 29/1000
Epoch training duration: 12.878633976
Train	AUC[ROC]: 0.995696	AUC[PR]: 0.226522
Val	AUC[ROC]: 0.943444	AUC[PR]: 0.121508
Epoch evaluation duration: 60.3802599907
Epoch duration: 73.2588939667

Epoch 30/1000
Epoch training duration: 12.8649380207
Train	AUC[ROC]: 0.996085	AUC[PR]: 0.242227
Val	AUC[ROC]: 0.940442	AUC[PR]: 0.133637
Epoch evaluation duration: 61.0378911495
Epoch duration: 73.9028291702

Epoch 31/1000
Epoch training duration: 12.3442378044
Train	AUC[ROC]: 0.995758	AUC[PR]: 0.221266
Val	AUC[ROC]: 0.939393	AUC[PR]: 0.108171
Epoch evaluation duration: 62.0273761749
Epoch duration: 74.3716139793

Epoch 32/1000
Epoch training duration: 12.835711956
Train	AUC[ROC]: 0.996100	AUC[PR]: 0.242958
Val	AUC[ROC]: 0.940263	AUC[PR]: 0.130183
Epoch evaluation duration: 62.7865839005
Epoch duration: 75.6222958565

Epoch 33/1000
Epoch training duration: 12.2054300308
Train	AUC[ROC]: 0.996095	AUC[PR]: 0.228978
Val	AUC[ROC]: 0.944341	AUC[PR]: 0.110520
Epoch evaluation duration: 54.8566470146
Epoch duration: 67.0620770454

Epoch 34/1000
Epoch training duration: 12.7936139107
Train	AUC[ROC]: 0.996441	AUC[PR]: 0.244814
Val	AUC[ROC]: 0.930759	AUC[PR]: 0.118812
Epoch evaluation duration: 61.7879362106
Epoch duration: 74.5815501213

Epoch 35/1000
Epoch training duration: 12.640942812
Train	AUC[ROC]: 0.996327	AUC[PR]: 0.253432
Val	AUC[ROC]: 0.945836	AUC[PR]: 0.133990
Epoch evaluation duration: 60.177175045
Epoch duration: 72.818117857

Epoch 36/1000
Epoch training duration: 12.4465579987
Train	AUC[ROC]: 0.996194	AUC[PR]: 0.236181
Val	AUC[ROC]: 0.931414	AUC[PR]: 0.119203
Epoch evaluation duration: 66.6999061108
Epoch duration: 79.1464641094

Epoch 37/1000
Epoch training duration: 13.0171158314
Train	AUC[ROC]: 0.995947	AUC[PR]: 0.231229
Val	AUC[ROC]: 0.944088	AUC[PR]: 0.116879
Epoch evaluation duration: 60.3354511261
Epoch duration: 73.3525669575

Epoch 38/1000
Epoch training duration: 13.0652658939
Train	AUC[ROC]: 0.996452	AUC[PR]: 0.244664
Val	AUC[ROC]: 0.939354	AUC[PR]: 0.122647
Epoch evaluation duration: 57.9994101524
Epoch duration: 71.0646760464

Epoch 39/1000
Epoch training duration: 13.1590509415
Train	AUC[ROC]: 0.996302	AUC[PR]: 0.235605
Val	AUC[ROC]: 0.936208	AUC[PR]: 0.104497
Epoch evaluation duration: 57.0681509972
Epoch duration: 70.2272019386

Epoch 40/1000
Epoch training duration: 12.4994440079
Train	AUC[ROC]: 0.996354	AUC[PR]: 0.237265
Val	AUC[ROC]: 0.941422	AUC[PR]: 0.122066
Epoch evaluation duration: 56.6438519955
Epoch duration: 69.1432960033

Epoch 41/1000
Epoch training duration: 12.112967968
Train	AUC[ROC]: 0.996517	AUC[PR]: 0.246218
Val	AUC[ROC]: 0.937194	AUC[PR]: 0.123638
Epoch evaluation duration: 61.6733798981
Epoch duration: 73.7863478661

Epoch 42/1000
Epoch training duration: 12.7216751575
Train	AUC[ROC]: 0.996677	AUC[PR]: 0.242938
Val	AUC[ROC]: 0.942993	AUC[PR]: 0.107689
Epoch evaluation duration: 59.7427780628
Epoch duration: 72.4644532204

Epoch 43/1000
Epoch training duration: 12.4067518711
Train	AUC[ROC]: 0.996684	AUC[PR]: 0.246657
Val	AUC[ROC]: 0.937930	AUC[PR]: 0.113865
Epoch evaluation duration: 60.5357711315
Epoch duration: 72.9425230026

Epoch 44/1000
Epoch training duration: 12.4019007683
Train	AUC[ROC]: 0.996747	AUC[PR]: 0.245962
Val	AUC[ROC]: 0.938441	AUC[PR]: 0.117254
Epoch evaluation duration: 64.2514481544
Epoch duration: 76.6533489227

Epoch 45/1000
Epoch training duration: 12.6881029606
Train	AUC[ROC]: 0.996794	AUC[PR]: 0.247971
Val	AUC[ROC]: 0.943074	AUC[PR]: 0.128468
Epoch evaluation duration: 55.7473170757
Epoch duration: 68.4354200363

Epoch 46/1000
Epoch training duration: 12.92771101
Train	AUC[ROC]: 0.996866	AUC[PR]: 0.252526
Val	AUC[ROC]: 0.938830	AUC[PR]: 0.117497
Epoch evaluation duration: 63.9181478024
Epoch duration: 76.8458588123

Epoch 47/1000
Epoch training duration: 12.1530070305
Train	AUC[ROC]: 0.996857	AUC[PR]: 0.256585
Val	AUC[ROC]: 0.943239	AUC[PR]: 0.132152
Epoch evaluation duration: 60.5408391953
Epoch duration: 72.6938462257

Epoch 48/1000
Epoch training duration: 12.0253489017
Train	AUC[ROC]: 0.997039	AUC[PR]: 0.260262
Val	AUC[ROC]: 0.942437	AUC[PR]: 0.113529
Epoch evaluation duration: 60.2470018864
Epoch duration: 72.2723507881

Epoch 49/1000
Epoch training duration: 12.6216402054
Train	AUC[ROC]: 0.996868	AUC[PR]: 0.244374
Val	AUC[ROC]: 0.943019	AUC[PR]: 0.118594
Epoch evaluation duration: 61.2391858101
Epoch duration: 73.8608260155

Epoch 50/1000
Epoch training duration: 12.7482690811
Train	AUC[ROC]: 0.997133	AUC[PR]: 0.256105
Val	AUC[ROC]: 0.941212	AUC[PR]: 0.110699
Epoch evaluation duration: 60.7113790512
Epoch duration: 73.4596481323

Epoch 51/1000
Epoch training duration: 13.1975018978
Train	AUC[ROC]: 0.997129	AUC[PR]: 0.258893
Val	AUC[ROC]: 0.933114	AUC[PR]: 0.122885
Epoch evaluation duration: 61.2441029549
Epoch duration: 74.4416048527

Epoch 52/1000
Epoch training duration: 12.5007750988
Train	AUC[ROC]: 0.997106	AUC[PR]: 0.257942
Val	AUC[ROC]: 0.943773	AUC[PR]: 0.114617
Epoch evaluation duration: 62.0237510204
Epoch duration: 74.5245261192

Epoch 53/1000
Epoch training duration: 12.660779953
Train	AUC[ROC]: 0.997062	AUC[PR]: 0.254641
Val	AUC[ROC]: 0.938244	AUC[PR]: 0.118752
Epoch evaluation duration: 58.5599820614
Epoch duration: 71.2207620144

Epoch 54/1000
Epoch training duration: 12.6985349655
Train	AUC[ROC]: 0.997057	AUC[PR]: 0.251972
Val	AUC[ROC]: 0.939516	AUC[PR]: 0.119374
Epoch evaluation duration: 61.8404910564
Epoch duration: 74.539026022

Epoch 55/1000
Epoch training duration: 12.5709249973
Train	AUC[ROC]: 0.997154	AUC[PR]: 0.253073
Val	AUC[ROC]: 0.936434	AUC[PR]: 0.118996
Epoch evaluation duration: 58.5177979469
Epoch duration: 71.0887229443

Epoch 56/1000
Epoch training duration: 12.4469959736
Train	AUC[ROC]: 0.997178	AUC[PR]: 0.263356
Val	AUC[ROC]: 0.931427	AUC[PR]: 0.123836
Epoch evaluation duration: 58.82553792
Epoch duration: 71.2725338936

Epoch 57/1000
Epoch training duration: 12.5950551033
Train	AUC[ROC]: 0.997068	AUC[PR]: 0.245575
Val	AUC[ROC]: 0.938234	AUC[PR]: 0.111074
Epoch evaluation duration: 62.8112919331
Epoch duration: 75.4063470364

Epoch 58/1000
Epoch training duration: 13.0745120049
Train	AUC[ROC]: 0.997080	AUC[PR]: 0.258088
Val	AUC[ROC]: 0.935214	AUC[PR]: 0.115422
Epoch evaluation duration: 55.0146551132
Epoch duration: 68.0891671181

Epoch 59/1000
Epoch training duration: 12.7841470242
Train	AUC[ROC]: 0.997159	AUC[PR]: 0.254145
Val	AUC[ROC]: 0.939889	AUC[PR]: 0.123042
Epoch evaluation duration: 59.6683828831
Epoch duration: 72.4525299072

Epoch 60/1000
Epoch training duration: 13.2071170807
Train	AUC[ROC]: 0.997364	AUC[PR]: 0.272864
Val	AUC[ROC]: 0.939266	AUC[PR]: 0.140162
Epoch evaluation duration: 56.0153238773
Epoch duration: 69.222440958

Epoch 61/1000
Epoch training duration: 13.1076161861
Train	AUC[ROC]: 0.997358	AUC[PR]: 0.262544
Val	AUC[ROC]: 0.943365	AUC[PR]: 0.114286
Epoch evaluation duration: 64.8488078117
Epoch duration: 77.9564239979

Epoch 62/1000
Epoch training duration: 12.6430621147
Train	AUC[ROC]: 0.997330	AUC[PR]: 0.261917
Val	AUC[ROC]: 0.940726	AUC[PR]: 0.136597
Epoch evaluation duration: 59.6335260868
Epoch duration: 72.2765882015

Epoch 63/1000
Epoch training duration: 12.4667649269
Train	AUC[ROC]: 0.997429	AUC[PR]: 0.269590
Val	AUC[ROC]: 0.944141	AUC[PR]: 0.123224
Epoch evaluation duration: 59.9801988602
Epoch duration: 72.4469637871

Epoch 64/1000
Epoch training duration: 12.9039740562
Train	AUC[ROC]: 0.997454	AUC[PR]: 0.280304
Val	AUC[ROC]: 0.938245	AUC[PR]: 0.130251
Epoch evaluation duration: 54.0858180523
Epoch duration: 66.9897921085

Epoch 65/1000
Epoch training duration: 13.1784660816
Train	AUC[ROC]: 0.997364	AUC[PR]: 0.267494
Val	AUC[ROC]: 0.938701	AUC[PR]: 0.124704
Epoch evaluation duration: 58.1824069023
Epoch duration: 71.3608729839

Epoch 66/1000
Epoch training duration: 13.1345820427
Train	AUC[ROC]: 0.997411	AUC[PR]: 0.264403
Val	AUC[ROC]: 0.938793	AUC[PR]: 0.120105
Epoch evaluation duration: 61.902119875
Epoch duration: 75.0367019176

Epoch 67/1000
Epoch training duration: 12.924724102
Train	AUC[ROC]: 0.997285	AUC[PR]: 0.265960
Val	AUC[ROC]: 0.952603	AUC[PR]: 0.122863
Epoch evaluation duration: 60.172921896
Epoch duration: 73.097645998

Epoch 68/1000
Epoch training duration: 12.9385390282
Train	AUC[ROC]: 0.997432	AUC[PR]: 0.269265
Val	AUC[ROC]: 0.945166	AUC[PR]: 0.120520
Epoch evaluation duration: 58.0576751232
Epoch duration: 70.9962141514

Epoch 69/1000
Epoch training duration: 13.0749299526
Train	AUC[ROC]: 0.997419	AUC[PR]: 0.267809
Val	AUC[ROC]: 0.939240	AUC[PR]: 0.124605
Epoch evaluation duration: 61.3564639091
Epoch duration: 74.4313938618

Epoch 70/1000
Epoch training duration: 12.4338340759
Train	AUC[ROC]: 0.997287	AUC[PR]: 0.259350
Val	AUC[ROC]: 0.936500	AUC[PR]: 0.109870
Epoch evaluation duration: 56.1925709248
Epoch duration: 68.6264050007

Epoch 71/1000
Epoch training duration: 12.6702620983
Train	AUC[ROC]: 0.997374	AUC[PR]: 0.258926
Val	AUC[ROC]: 0.936122	AUC[PR]: 0.130806
Epoch evaluation duration: 58.6707360744
Epoch duration: 71.3409981728

Epoch 72/1000
Epoch training duration: 13.2749078274
Train	AUC[ROC]: 0.997299	AUC[PR]: 0.255143
Val	AUC[ROC]: 0.945253	AUC[PR]: 0.115924
Epoch evaluation duration: 58.5585620403
Epoch duration: 71.8334698677

Epoch 73/1000
Epoch training duration: 12.4408519268
Train	AUC[ROC]: 0.997329	AUC[PR]: 0.264154
Val	AUC[ROC]: 0.934360	AUC[PR]: 0.131731
Epoch evaluation duration: 61.8746140003
Epoch duration: 74.3154659271

Epoch 74/1000
Epoch training duration: 12.7519090176
Train	AUC[ROC]: 0.997504	AUC[PR]: 0.267622
Val	AUC[ROC]: 0.940316	AUC[PR]: 0.121042
Epoch evaluation duration: 58.9670860767
Epoch duration: 71.7189950943

Epoch 75/1000
Epoch training duration: 12.3469691277
Train	AUC[ROC]: 0.997458	AUC[PR]: 0.262091
Val	AUC[ROC]: 0.937621	AUC[PR]: 0.121270
Epoch evaluation duration: 58.3731098175
Epoch duration: 70.7200789452

Epoch 76/1000
Epoch training duration: 12.7772071362
Train	AUC[ROC]: 0.997523	AUC[PR]: 0.270827
Val	AUC[ROC]: 0.937751	AUC[PR]: 0.131774
Epoch evaluation duration: 60.0235128403
Epoch duration: 72.8007199764

Epoch 77/1000
Epoch training duration: 12.55133605
Train	AUC[ROC]: 0.997485	AUC[PR]: 0.269048
Val	AUC[ROC]: 0.948148	AUC[PR]: 0.118505
Epoch evaluation duration: 63.6328411102
Epoch duration: 76.1841771603

Epoch 78/1000
Epoch training duration: 12.8182640076
Train	AUC[ROC]: 0.997534	AUC[PR]: 0.268144
Val	AUC[ROC]: 0.941120	AUC[PR]: 0.122454
Epoch evaluation duration: 59.0748209953
Epoch duration: 71.8930850029

Epoch 79/1000
Epoch training duration: 12.5903599262
Train	AUC[ROC]: 0.997549	AUC[PR]: 0.273969
Val	AUC[ROC]: 0.946112	AUC[PR]: 0.124243
Epoch evaluation duration: 57.8176810741
Epoch duration: 70.4080410004

Epoch 80/1000
Epoch training duration: 12.3634498119
Train	AUC[ROC]: 0.997504	AUC[PR]: 0.272208
Val	AUC[ROC]: 0.944072	AUC[PR]: 0.123902
Epoch evaluation duration: 56.1481781006
Epoch duration: 68.5116279125

Epoch 81/1000
Epoch training duration: 12.8814749718
Train	AUC[ROC]: 0.997574	AUC[PR]: 0.272117
Val	AUC[ROC]: 0.937642	AUC[PR]: 0.130734
Epoch evaluation duration: 57.638833046
Epoch duration: 70.5203080177

Epoch 82/1000
Epoch training duration: 12.8587069511
Train	AUC[ROC]: 0.997547	AUC[PR]: 0.264637
Val	AUC[ROC]: 0.933747	AUC[PR]: 0.120601
Epoch evaluation duration: 59.7420971394
Epoch duration: 72.6008040905

Epoch 83/1000
Epoch training duration: 12.3882169724
Train	AUC[ROC]: 0.997640	AUC[PR]: 0.277994
Val	AUC[ROC]: 0.944750	AUC[PR]: 0.123904
Epoch evaluation duration: 61.8022379875
Epoch duration: 74.1904549599

Epoch 84/1000
Epoch training duration: 12.4986979961
Train	AUC[ROC]: 0.997497	AUC[PR]: 0.259506
Val	AUC[ROC]: 0.935103	AUC[PR]: 0.120130
Epoch evaluation duration: 56.4135499001
Epoch duration: 68.9122478962

Epoch 85/1000
Epoch training duration: 11.8537671566
Train	AUC[ROC]: 0.997554	AUC[PR]: 0.271750
Val	AUC[ROC]: 0.938292	AUC[PR]: 0.126076
Epoch evaluation duration: 58.6216759682
Epoch duration: 70.4754431248

Epoch 86/1000
Epoch training duration: 12.3084850311
Train	AUC[ROC]: 0.997574	AUC[PR]: 0.273257
Val	AUC[ROC]: 0.946527	AUC[PR]: 0.134173
Epoch evaluation duration: 63.2495629787
Epoch duration: 75.5580480099

Epoch 87/1000
Epoch training duration: 12.8165888786
Train	AUC[ROC]: 0.997501	AUC[PR]: 0.271695
Val	AUC[ROC]: 0.935903	AUC[PR]: 0.135744
Epoch evaluation duration: 60.0853450298
Epoch duration: 72.9019339085

Epoch 88/1000
Epoch training duration: 13.1142709255
Train	AUC[ROC]: 0.997623	AUC[PR]: 0.272939
Val	AUC[ROC]: 0.938056	AUC[PR]: 0.117026
Epoch evaluation duration: 62.2255270481
Epoch duration: 75.3397979736

Epoch 89/1000
Epoch training duration: 12.6607179642
Train	AUC[ROC]: 0.997649	AUC[PR]: 0.273222
Val	AUC[ROC]: 0.940477	AUC[PR]: 0.125247
Epoch evaluation duration: 58.1925981045
Epoch duration: 70.8533160686

Epoch 90/1000
Epoch training duration: 12.1541059017
Train	AUC[ROC]: 0.997655	AUC[PR]: 0.273668
Val	AUC[ROC]: 0.938593	AUC[PR]: 0.133109
Epoch evaluation duration: 57.3724660873
Epoch duration: 69.5265719891

Epoch 91/1000
Epoch training duration: 12.4773230553
Train	AUC[ROC]: 0.997618	AUC[PR]: 0.275234
Val	AUC[ROC]: 0.938065	AUC[PR]: 0.125537
Epoch evaluation duration: 56.4942638874
Epoch duration: 68.9715869427

Epoch 92/1000
Epoch training duration: 12.0847079754
Train	AUC[ROC]: 0.997560	AUC[PR]: 0.269145
Val	AUC[ROC]: 0.930003	AUC[PR]: 0.122334
Epoch evaluation duration: 57.1000721455
Epoch duration: 69.1847801208

Epoch 93/1000
Epoch training duration: 12.4273359776
Train	AUC[ROC]: 0.997497	AUC[PR]: 0.263026
Val	AUC[ROC]: 0.944497	AUC[PR]: 0.116069
Epoch evaluation duration: 62.2919518948
Epoch duration: 74.7192878723

Epoch 94/1000
Epoch training duration: 12.7330400944
Train	AUC[ROC]: 0.997672	AUC[PR]: 0.276376
Val	AUC[ROC]: 0.934078	AUC[PR]: 0.129484
Epoch evaluation duration: 65.108232975
Epoch duration: 77.8412730694

Epoch 95/1000
Epoch training duration: 12.522539854
Train	AUC[ROC]: 0.997602	AUC[PR]: 0.280285
Val	AUC[ROC]: 0.938375	AUC[PR]: 0.127701
Epoch evaluation duration: 58.078138113
Epoch duration: 70.6006779671

Epoch 96/1000
Epoch training duration: 12.3477909565
Train	AUC[ROC]: 0.997599	AUC[PR]: 0.269563
Val	AUC[ROC]: 0.938413	AUC[PR]: 0.121718
Epoch evaluation duration: 52.6793329716
Epoch duration: 65.0271239281

Epoch 97/1000
Epoch training duration: 12.7041611671
Train	AUC[ROC]: 0.997597	AUC[PR]: 0.263638
Val	AUC[ROC]: 0.938230	AUC[PR]: 0.121475
Epoch evaluation duration: 57.5128397942
Epoch duration: 70.2170009613

Epoch 98/1000
Epoch training duration: 12.7007741928
Train	AUC[ROC]: 0.997650	AUC[PR]: 0.270632
Val	AUC[ROC]: 0.941897	AUC[PR]: 0.129966
Epoch evaluation duration: 60.491437912
Epoch duration: 73.1922121048

Epoch 99/1000
Epoch training duration: 12.3265120983
Train	AUC[ROC]: 0.997633	AUC[PR]: 0.269946
Val	AUC[ROC]: 0.941702	AUC[PR]: 0.123888
Epoch evaluation duration: 57.9829809666
Epoch duration: 70.3094930649

Epoch 100/1000
Epoch training duration: 12.2446818352
Train	AUC[ROC]: 0.997699	AUC[PR]: 0.274223
Val	AUC[ROC]: 0.937525	AUC[PR]: 0.121611
Epoch evaluation duration: 58.4763190746
Epoch duration: 70.7210009098

Epoch 101/1000
Epoch training duration: 12.9227380753
Train	AUC[ROC]: 0.997679	AUC[PR]: 0.272309
Val	AUC[ROC]: 0.939246	AUC[PR]: 0.120920
Epoch evaluation duration: 60.0233690739
Epoch duration: 72.9461071491

Epoch 102/1000
Epoch training duration: 12.6745998859
Train	AUC[ROC]: 0.997715	AUC[PR]: 0.277367
Val	AUC[ROC]: 0.940156	AUC[PR]: 0.126157
Epoch evaluation duration: 61.6896290779
Epoch duration: 74.3642289639

Epoch 103/1000
Epoch training duration: 13.0462448597
Train	AUC[ROC]: 0.997523	AUC[PR]: 0.267561
Val	AUC[ROC]: 0.936206	AUC[PR]: 0.120433
Epoch evaluation duration: 58.8094420433
Epoch duration: 71.855686903

Epoch 104/1000
Epoch training duration: 12.7504661083
Train	AUC[ROC]: 0.997705	AUC[PR]: 0.278335
Val	AUC[ROC]: 0.941858	AUC[PR]: 0.122307
Epoch evaluation duration: 59.4948568344
Epoch duration: 72.2453229427

Epoch 105/1000
Epoch training duration: 12.5069570541
Train	AUC[ROC]: 0.997669	AUC[PR]: 0.270884
Val	AUC[ROC]: 0.932541	AUC[PR]: 0.123450
Epoch evaluation duration: 58.7020449638
Epoch duration: 71.209002018

Epoch 106/1000
Epoch training duration: 12.6299431324
Train	AUC[ROC]: 0.997726	AUC[PR]: 0.284000
Val	AUC[ROC]: 0.937506	AUC[PR]: 0.127013
Epoch evaluation duration: 58.4191219807
Epoch duration: 71.0490651131

Epoch 107/1000
Epoch training duration: 12.472894907
Train	AUC[ROC]: 0.997608	AUC[PR]: 0.271050
Val	AUC[ROC]: 0.933158	AUC[PR]: 0.122886
Epoch evaluation duration: 56.5897939205
Epoch duration: 69.0626888275

Epoch 108/1000
Epoch training duration: 12.575977087
Train	AUC[ROC]: 0.997679	AUC[PR]: 0.273369
Val	AUC[ROC]: 0.938010	AUC[PR]: 0.111223
Epoch evaluation duration: 60.2706141472
Epoch duration: 72.8465912342

Epoch 109/1000
Epoch training duration: 12.9499998093
Train	AUC[ROC]: 0.997605	AUC[PR]: 0.282124
Val	AUC[ROC]: 0.946644	AUC[PR]: 0.128301
Epoch evaluation duration: 57.4121060371
Epoch duration: 70.3621058464

Epoch 110/1000
Epoch training duration: 12.2149150372
Train	AUC[ROC]: 0.997495	AUC[PR]: 0.263901
Val	AUC[ROC]: 0.923866	AUC[PR]: 0.113404
Epoch evaluation duration: 56.9497818947
Epoch duration: 69.1646969318

Epoch 111/1000
Epoch training duration: 12.3051841259
Train	AUC[ROC]: 0.997690	AUC[PR]: 0.271804
Val	AUC[ROC]: 0.932086	AUC[PR]: 0.123135
Epoch evaluation duration: 59.1891160011
Epoch duration: 71.494300127

Epoch 112/1000
Epoch training duration: 12.1683430672
Train	AUC[ROC]: 0.997635	AUC[PR]: 0.271097
Val	AUC[ROC]: 0.930795	AUC[PR]: 0.111795
Epoch evaluation duration: 62.2059979439
Epoch duration: 74.374341011

Epoch 113/1000
Epoch training duration: 12.460162878
Train	AUC[ROC]: 0.997660	AUC[PR]: 0.275199
Val	AUC[ROC]: 0.932532	AUC[PR]: 0.118419
Epoch evaluation duration: 67.645179987
Epoch duration: 80.105342865

Epoch 114/1000
Epoch training duration: 12.5401051044
Train	AUC[ROC]: 0.997627	AUC[PR]: 0.274442
Val	AUC[ROC]: 0.936393	AUC[PR]: 0.133374
Epoch evaluation duration: 50.277971983
Epoch duration: 62.8180770874

Epoch 115/1000
Epoch training duration: 12.3515179157
Train	AUC[ROC]: 0.997635	AUC[PR]: 0.268659
Val	AUC[ROC]: 0.936702	AUC[PR]: 0.123190
Epoch evaluation duration: 55.4077651501
Epoch duration: 67.7592830658

Epoch 116/1000
Epoch training duration: 12.7025249004
Train	AUC[ROC]: 0.997775	AUC[PR]: 0.282045
Val	AUC[ROC]: 0.934439	AUC[PR]: 0.130499
Epoch evaluation duration: 54.9161450863
Epoch duration: 67.6186699867

Epoch 117/1000
Epoch training duration: 12.2065908909
Train	AUC[ROC]: 0.997744	AUC[PR]: 0.278232
Val	AUC[ROC]: 0.939272	AUC[PR]: 0.122121
Epoch evaluation duration: 61.6551761627
Epoch duration: 73.8617670536

Epoch 118/1000
Epoch training duration: 12.3251488209
Train	AUC[ROC]: 0.997696	AUC[PR]: 0.272557
Val	AUC[ROC]: 0.938411	AUC[PR]: 0.127993
Epoch evaluation duration: 59.3021500111
Epoch duration: 71.6272988319

Epoch 119/1000
Epoch training duration: 12.2545220852
Train	AUC[ROC]: 0.997768	AUC[PR]: 0.281938
Val	AUC[ROC]: 0.937661	AUC[PR]: 0.123476
Epoch evaluation duration: 60.959031105
Epoch duration: 73.2135531902

Epoch 120/1000
Epoch training duration: 13.0070919991
Train	AUC[ROC]: 0.997732	AUC[PR]: 0.277507
Val	AUC[ROC]: 0.935423	AUC[PR]: 0.131885
Epoch evaluation duration: 56.5437607765
Epoch duration: 69.5508527756

Epoch 121/1000
Epoch training duration: 13.0321230888
Train	AUC[ROC]: 0.997705	AUC[PR]: 0.278381
Val	AUC[ROC]: 0.940214	AUC[PR]: 0.122565
Epoch evaluation duration: 60.1724090576
Epoch duration: 73.2045321465

Epoch 122/1000
Epoch training duration: 13.2269029617
Train	AUC[ROC]: 0.997777	AUC[PR]: 0.280574
Val	AUC[ROC]: 0.936211	AUC[PR]: 0.128937
Epoch evaluation duration: 60.127204895
Epoch duration: 73.3541078568

Epoch 123/1000
Epoch training duration: 12.8130772114
Train	AUC[ROC]: 0.997543	AUC[PR]: 0.265675
Val	AUC[ROC]: 0.935400	AUC[PR]: 0.114194
Epoch evaluation duration: 58.1770629883
Epoch duration: 70.9901401997

Epoch 124/1000
Epoch training duration: 12.8714118004
Train	AUC[ROC]: 0.997772	AUC[PR]: 0.276207
Val	AUC[ROC]: 0.943883	AUC[PR]: 0.122004
Epoch evaluation duration: 59.5524640083
Epoch duration: 72.4238758087

Epoch 125/1000
Epoch training duration: 12.6648921967
Train	AUC[ROC]: 0.997733	AUC[PR]: 0.280301
Val	AUC[ROC]: 0.935415	AUC[PR]: 0.131659
Epoch evaluation duration: 60.8545939922
Epoch duration: 73.5194861889

Epoch 126/1000
Epoch training duration: 12.9134318829
Train	AUC[ROC]: 0.997741	AUC[PR]: 0.280811
Val	AUC[ROC]: 0.935217	AUC[PR]: 0.126263
Epoch evaluation duration: 61.6598539352
Epoch duration: 74.5732858181

Epoch 127/1000
Epoch training duration: 13.687333107
Train	AUC[ROC]: 0.997813	AUC[PR]: 0.277590
Val	AUC[ROC]: 0.934132	AUC[PR]: 0.118923
Epoch evaluation duration: 61.9071550369
Epoch duration: 75.5944881439

Epoch 128/1000
Epoch training duration: 13.764649868
Train	AUC[ROC]: 0.997763	AUC[PR]: 0.278080
Val	AUC[ROC]: 0.938775	AUC[PR]: 0.128084
Epoch evaluation duration: 57.4366970062
Epoch duration: 71.2013468742

Epoch 129/1000
Epoch training duration: 13.0588860512
Train	AUC[ROC]: 0.997778	AUC[PR]: 0.277212
Val	AUC[ROC]: 0.936977	AUC[PR]: 0.127598
Epoch evaluation duration: 61.8968000412
Epoch duration: 74.9556860924

Epoch 130/1000
Epoch training duration: 13.2026810646
Train	AUC[ROC]: 0.997780	AUC[PR]: 0.278644
Val	AUC[ROC]: 0.938176	AUC[PR]: 0.125120
Epoch evaluation duration: 59.5324749947
Epoch duration: 72.7351560593

Epoch 131/1000
Epoch training duration: 12.2045550346
Train	AUC[ROC]: 0.997880	AUC[PR]: 0.286166
Val	AUC[ROC]: 0.935325	AUC[PR]: 0.128979
Epoch evaluation duration: 60.7994887829
Epoch duration: 73.0040438175

Epoch 132/1000
Epoch training duration: 12.6590201855
Train	AUC[ROC]: 0.997753	AUC[PR]: 0.279066
Val	AUC[ROC]: 0.934577	AUC[PR]: 0.134253
Epoch evaluation duration: 61.1441860199
Epoch duration: 73.8032062054

Epoch 133/1000
Epoch training duration: 13.0905709267
Train	AUC[ROC]: 0.997865	AUC[PR]: 0.279422
Val	AUC[ROC]: 0.935809	AUC[PR]: 0.130268
Epoch evaluation duration: 60.8589410782
Epoch duration: 73.9495120049

Epoch 134/1000
Epoch training duration: 12.9004290104
Train	AUC[ROC]: 0.997896	AUC[PR]: 0.289881
Val	AUC[ROC]: 0.934315	AUC[PR]: 0.138608
Epoch evaluation duration: 58.7857937813
Epoch duration: 71.6862227917

Epoch 135/1000
Epoch training duration: 11.9712731838
Train	AUC[ROC]: 0.997740	AUC[PR]: 0.278277
Val	AUC[ROC]: 0.936563	AUC[PR]: 0.123353
Epoch evaluation duration: 55.2913899422
Epoch duration: 67.262663126

Epoch 136/1000
Epoch training duration: 12.3778998852
Train	AUC[ROC]: 0.997826	AUC[PR]: 0.279958
Val	AUC[ROC]: 0.937509	AUC[PR]: 0.117210
Epoch evaluation duration: 61.5985159874
Epoch duration: 73.9764158726

Epoch 137/1000
Epoch training duration: 12.4826340675
Train	AUC[ROC]: 0.997814	AUC[PR]: 0.277646
Val	AUC[ROC]: 0.932932	AUC[PR]: 0.128145
Epoch evaluation duration: 55.9993331432
Epoch duration: 68.4819672108

Epoch 138/1000
Epoch training duration: 12.8238518238
Train	AUC[ROC]: 0.997828	AUC[PR]: 0.280457
Val	AUC[ROC]: 0.934217	AUC[PR]: 0.130242
Epoch evaluation duration: 61.1841731071
Epoch duration: 74.008024931

Epoch 139/1000
Epoch training duration: 13.114511013
Train	AUC[ROC]: 0.997865	AUC[PR]: 0.284578
Val	AUC[ROC]: 0.938989	AUC[PR]: 0.135059
Epoch evaluation duration: 56.9129419327
Epoch duration: 70.0274529457

Epoch 140/1000
Epoch training duration: 12.7375121117
Train	AUC[ROC]: 0.997796	AUC[PR]: 0.284208
Val	AUC[ROC]: 0.940426	AUC[PR]: 0.127126
Epoch evaluation duration: 60.179256916
Epoch duration: 72.9167690277

Epoch 141/1000
Epoch training duration: 12.9577319622
Train	AUC[ROC]: 0.997806	AUC[PR]: 0.276620
Val	AUC[ROC]: 0.928361	AUC[PR]: 0.123409
Epoch evaluation duration: 58.475646019
Epoch duration: 71.4333779812

Epoch 142/1000
Epoch training duration: 12.5127789974
Train	AUC[ROC]: 0.997748	AUC[PR]: 0.272960
Val	AUC[ROC]: 0.932038	AUC[PR]: 0.122743
Epoch evaluation duration: 62.9984309673
Epoch duration: 75.5112099648

Epoch 143/1000
Epoch training duration: 12.5991101265
Train	AUC[ROC]: 0.997740	AUC[PR]: 0.269420
Val	AUC[ROC]: 0.933947	AUC[PR]: 0.114971
Epoch evaluation duration: 67.9652168751
Epoch duration: 80.5643270016

Epoch 144/1000
Epoch training duration: 12.8327260017
Train	AUC[ROC]: 0.997831	AUC[PR]: 0.279841
Val	AUC[ROC]: 0.934712	AUC[PR]: 0.133996
Epoch evaluation duration: 63.3752980232
Epoch duration: 76.208024025

Epoch 145/1000
Epoch training duration: 12.7037699223
Train	AUC[ROC]: 0.997820	AUC[PR]: 0.278962
Val	AUC[ROC]: 0.930118	AUC[PR]: 0.123266
Epoch evaluation duration: 58.0515601635
Epoch duration: 70.7553300858

Epoch 146/1000
Epoch training duration: 12.5555069447
Train	AUC[ROC]: 0.997820	AUC[PR]: 0.277316
Val	AUC[ROC]: 0.933146	AUC[PR]: 0.123485
Epoch evaluation duration: 57.9478690624
Epoch duration: 70.5033760071

Epoch 147/1000
Epoch training duration: 12.9244098663
Train	AUC[ROC]: 0.997877	AUC[PR]: 0.282931
Val	AUC[ROC]: 0.939480	AUC[PR]: 0.119423
Epoch evaluation duration: 58.1049280167
Epoch duration: 71.029337883

Epoch 148/1000
Epoch training duration: 13.1398749352
Train	AUC[ROC]: 0.997803	AUC[PR]: 0.277329
Val	AUC[ROC]: 0.937552	AUC[PR]: 0.117249
Epoch evaluation duration: 61.7104790211
Epoch duration: 74.8503539562

Epoch 149/1000
Epoch training duration: 12.8810741901
Train	AUC[ROC]: 0.997847	AUC[PR]: 0.284183
Val	AUC[ROC]: 0.940511	AUC[PR]: 0.133913
Epoch evaluation duration: 59.9396319389
Epoch duration: 72.8207061291

Epoch 150/1000
Epoch training duration: 12.7816598415
Train	AUC[ROC]: 0.997849	AUC[PR]: 0.288054
Val	AUC[ROC]: 0.933465	AUC[PR]: 0.145390
Epoch evaluation duration: 57.1621031761
Epoch duration: 69.9437630177

Epoch 151/1000
Epoch training duration: 12.4925470352
Train	AUC[ROC]: 0.997806	AUC[PR]: 0.277566
Val	AUC[ROC]: 0.932837	AUC[PR]: 0.116015
Epoch evaluation duration: 57.0820817947
Epoch duration: 69.57462883

Epoch 152/1000
Epoch training duration: 12.6936070919
Train	AUC[ROC]: 0.997840	AUC[PR]: 0.282615
Val	AUC[ROC]: 0.944190	AUC[PR]: 0.130492
Epoch evaluation duration: 60.8381450176
Epoch duration: 73.5317521095

Epoch 153/1000
Epoch training duration: 12.5366489887
Train	AUC[ROC]: 0.997873	AUC[PR]: 0.282551
Val	AUC[ROC]: 0.937980	AUC[PR]: 0.126976
Epoch evaluation duration: 63.9142479897
Epoch duration: 76.4508969784

Epoch 154/1000
Epoch training duration: 12.5664639473
Train	AUC[ROC]: 0.997797	AUC[PR]: 0.279090
Val	AUC[ROC]: 0.936400	AUC[PR]: 0.132730
Epoch evaluation duration: 59.0897350311
Epoch duration: 71.6561989784

Epoch 155/1000
Epoch training duration: 12.4056010246
Train	AUC[ROC]: 0.997893	AUC[PR]: 0.280826
Val	AUC[ROC]: 0.943979	AUC[PR]: 0.124218
Epoch evaluation duration: 60.0145981312
Epoch duration: 72.4201991558

Epoch 156/1000
Epoch training duration: 12.157407999
Train	AUC[ROC]: 0.997810	AUC[PR]: 0.276964
Val	AUC[ROC]: 0.941552	AUC[PR]: 0.128928
Epoch evaluation duration: 58.0061359406
Epoch duration: 70.1635439396

Epoch 157/1000
Epoch training duration: 12.2356958389
Train	AUC[ROC]: 0.997860	AUC[PR]: 0.283067
Val	AUC[ROC]: 0.929115	AUC[PR]: 0.125587
Epoch evaluation duration: 56.1511731148
Epoch duration: 68.3868689537

Epoch 158/1000
Epoch training duration: 12.1353590488
Train	AUC[ROC]: 0.997823	AUC[PR]: 0.283169
Val	AUC[ROC]: 0.937520	AUC[PR]: 0.133806
Epoch evaluation duration: 59.7777328491
Epoch duration: 71.913091898

Epoch 159/1000
Epoch training duration: 12.7374670506
Train	AUC[ROC]: 0.997894	AUC[PR]: 0.287846
Val	AUC[ROC]: 0.942399	AUC[PR]: 0.129292
Epoch evaluation duration: 58.0771260262
Epoch duration: 70.8145930767

Epoch 160/1000
Epoch training duration: 12.4280409813
Train	AUC[ROC]: 0.997853	AUC[PR]: 0.279887
Val	AUC[ROC]: 0.933275	AUC[PR]: 0.122468
Epoch evaluation duration: 58.4133410454
Epoch duration: 70.8413820267

Epoch 161/1000
Epoch training duration: 12.743776083
Train	AUC[ROC]: 0.997840	AUC[PR]: 0.283337
Val	AUC[ROC]: 0.935061	AUC[PR]: 0.123665
Epoch evaluation duration: 60.9947738647
Epoch duration: 73.7385499477

Epoch 162/1000
Epoch training duration: 12.9665100574
Train	AUC[ROC]: 0.997824	AUC[PR]: 0.284978
Val	AUC[ROC]: 0.933050	AUC[PR]: 0.123959
Epoch evaluation duration: 57.9311909676
Epoch duration: 70.897701025

Epoch 163/1000
Epoch training duration: 11.9850740433
Train	AUC[ROC]: 0.997920	AUC[PR]: 0.286901
Val	AUC[ROC]: 0.935348	AUC[PR]: 0.124351
Epoch evaluation duration: 58.4272198677
Epoch duration: 70.412293911

Epoch 164/1000
Epoch training duration: 11.53495121
Train	AUC[ROC]: 0.997932	AUC[PR]: 0.288616
Val	AUC[ROC]: 0.931110	AUC[PR]: 0.129470
Epoch evaluation duration: 57.5736308098
Epoch duration: 69.1085820198

Epoch 165/1000
Epoch training duration: 11.5661661625
Train	AUC[ROC]: 0.997841	AUC[PR]: 0.283971
Val	AUC[ROC]: 0.940981	AUC[PR]: 0.125098
Epoch evaluation duration: 60.2366468906
Epoch duration: 71.8028130531

Epoch 166/1000
Epoch training duration: 12.5861399174
Train	AUC[ROC]: 0.997845	AUC[PR]: 0.279747
Val	AUC[ROC]: 0.930921	AUC[PR]: 0.131011
Epoch evaluation duration: 58.1437580585
Epoch duration: 70.7298979759

Epoch 167/1000
Epoch training duration: 12.8277449608
Train	AUC[ROC]: 0.997923	AUC[PR]: 0.291754
Val	AUC[ROC]: 0.936743	AUC[PR]: 0.134024
Epoch evaluation duration: 60.4413721561
Epoch duration: 73.2691171169

Epoch 168/1000
Epoch training duration: 12.7873778343
Train	AUC[ROC]: 0.997870	AUC[PR]: 0.283981
Val	AUC[ROC]: 0.942957	AUC[PR]: 0.136501
Epoch evaluation duration: 60.2043271065
Epoch duration: 72.9917049408

Epoch 169/1000
Epoch training duration: 12.518652916
Train	AUC[ROC]: 0.997890	AUC[PR]: 0.289016
Val	AUC[ROC]: 0.928667	AUC[PR]: 0.134047
Epoch evaluation duration: 64.5905060768
Epoch duration: 77.1091589928

Epoch 170/1000
Epoch training duration: 12.6285619736
Train	AUC[ROC]: 0.997812	AUC[PR]: 0.280353
Val	AUC[ROC]: 0.935930	AUC[PR]: 0.128169
Epoch evaluation duration: 60.9512879848
Epoch duration: 73.5798499584

Epoch 171/1000
Epoch training duration: 12.7036390305
Train	AUC[ROC]: 0.997920	AUC[PR]: 0.285525
Val	AUC[ROC]: 0.939326	AUC[PR]: 0.123981
Epoch evaluation duration: 60.0815739632
Epoch duration: 72.7852129936

Epoch 172/1000
Epoch training duration: 12.8572490215
Train	AUC[ROC]: 0.997873	AUC[PR]: 0.280894
Val	AUC[ROC]: 0.934228	AUC[PR]: 0.123523
Epoch evaluation duration: 59.6838579178
Epoch duration: 72.5411069393

Epoch 173/1000
Epoch training duration: 12.6311211586
Train	AUC[ROC]: 0.997967	AUC[PR]: 0.290674
Val	AUC[ROC]: 0.940140	AUC[PR]: 0.140435
Epoch evaluation duration: 61.4767739773
Epoch duration: 74.1078951359

Epoch 174/1000
Epoch training duration: 12.1334140301
Train	AUC[ROC]: 0.997870	AUC[PR]: 0.283726
Val	AUC[ROC]: 0.938136	AUC[PR]: 0.127637
Epoch evaluation duration: 57.6168069839
Epoch duration: 69.750221014

Epoch 175/1000
Epoch training duration: 12.4393699169
Train	AUC[ROC]: 0.997905	AUC[PR]: 0.285539
Val	AUC[ROC]: 0.923869	AUC[PR]: 0.133108
Epoch evaluation duration: 59.1787910461
Epoch duration: 71.6181609631

Epoch 176/1000
Epoch training duration: 12.0966589451
Train	AUC[ROC]: 0.997917	AUC[PR]: 0.284215
Val	AUC[ROC]: 0.944978	AUC[PR]: 0.136788
Epoch evaluation duration: 58.2180089951
Epoch duration: 70.3146679401

Epoch 177/1000
Epoch training duration: 12.1773540974
Train	AUC[ROC]: 0.997882	AUC[PR]: 0.284383
Val	AUC[ROC]: 0.942235	AUC[PR]: 0.122289
Epoch evaluation duration: 64.2437839508
Epoch duration: 76.4211380482

Epoch 178/1000
Epoch training duration: 11.8785760403
Train	AUC[ROC]: 0.997945	AUC[PR]: 0.289125
Val	AUC[ROC]: 0.936896	AUC[PR]: 0.126621
Epoch evaluation duration: 59.8685090542
Epoch duration: 71.7470850945

Epoch 179/1000
Epoch training duration: 10.9444279671
Train	AUC[ROC]: 0.997804	AUC[PR]: 0.277410
Val	AUC[ROC]: 0.935730	AUC[PR]: 0.124750
Epoch evaluation duration: 58.0843398571
Epoch duration: 69.0287678242

Epoch 180/1000
Epoch training duration: 12.291216135
Train	AUC[ROC]: 0.997930	AUC[PR]: 0.287395
Val	AUC[ROC]: 0.930845	AUC[PR]: 0.128951
Epoch evaluation duration: 59.0216019154
Epoch duration: 71.3128180504

Epoch 181/1000
Epoch training duration: 11.6283781528
Train	AUC[ROC]: 0.997921	AUC[PR]: 0.286446
Val	AUC[ROC]: 0.938806	AUC[PR]: 0.130412
Epoch evaluation duration: 59.6962249279
Epoch duration: 71.3246030807

Epoch 182/1000
Epoch training duration: 12.3845319748
Train	AUC[ROC]: 0.997839	AUC[PR]: 0.279953
Val	AUC[ROC]: 0.933705	AUC[PR]: 0.123544
Epoch evaluation duration: 64.4458749294
Epoch duration: 76.8304069042

Epoch 183/1000
Epoch training duration: 11.8499729633
Train	AUC[ROC]: 0.997864	AUC[PR]: 0.279882
Val	AUC[ROC]: 0.939711	AUC[PR]: 0.117777
Epoch evaluation duration: 61.6235251427
Epoch duration: 73.473498106

Epoch 184/1000
Epoch training duration: 11.8591518402
Train	AUC[ROC]: 0.997907	AUC[PR]: 0.285858
Val	AUC[ROC]: 0.945372	AUC[PR]: 0.124714
Epoch evaluation duration: 56.9739391804
Epoch duration: 68.8330910206

Epoch 185/1000
Epoch training duration: 11.8190310001
Train	AUC[ROC]: 0.997883	AUC[PR]: 0.287925
Val	AUC[ROC]: 0.935331	AUC[PR]: 0.129922
Epoch evaluation duration: 56.5724349022
Epoch duration: 68.3914659023

Epoch 186/1000
Epoch training duration: 12.3133380413
Train	AUC[ROC]: 0.997966	AUC[PR]: 0.292891
Val	AUC[ROC]: 0.944490	AUC[PR]: 0.135199
Epoch evaluation duration: 63.4493660927
Epoch duration: 75.762704134

Epoch 187/1000
Epoch training duration: 13.1119558811
Train	AUC[ROC]: 0.997875	AUC[PR]: 0.281795
Val	AUC[ROC]: 0.932401	AUC[PR]: 0.119757
Epoch evaluation duration: 62.4361169338
Epoch duration: 75.5480728149

Epoch 188/1000
Epoch training duration: 12.8989360332
Train	AUC[ROC]: 0.997882	AUC[PR]: 0.286618
Val	AUC[ROC]: 0.936318	AUC[PR]: 0.130952
Epoch evaluation duration: 58.2065410614
Epoch duration: 71.1054770947

Epoch 189/1000
Epoch training duration: 12.7999339104
Train	AUC[ROC]: 0.997959	AUC[PR]: 0.291238
Val	AUC[ROC]: 0.935399	AUC[PR]: 0.132535
Epoch evaluation duration: 58.6092309952
Epoch duration: 71.4091649055

Epoch 190/1000
Epoch training duration: 12.8693890572
Train	AUC[ROC]: 0.997906	AUC[PR]: 0.286872
Val	AUC[ROC]: 0.941735	AUC[PR]: 0.127520
Epoch evaluation duration: 59.3097689152
Epoch duration: 72.1791579723

Epoch 191/1000
Epoch training duration: 13.6801621914
Train	AUC[ROC]: 0.997872	AUC[PR]: 0.283776
Val	AUC[ROC]: 0.936675	AUC[PR]: 0.122977
Epoch evaluation duration: 59.1394598484
Epoch duration: 72.8196220398

Epoch 192/1000
Epoch training duration: 13.0245611668
Train	AUC[ROC]: 0.997918	AUC[PR]: 0.290454
Val	AUC[ROC]: 0.940073	AUC[PR]: 0.130501
Epoch evaluation duration: 64.9177877903
Epoch duration: 77.9423489571

Epoch 193/1000
Epoch training duration: 13.2369041443
Train	AUC[ROC]: 0.997916	AUC[PR]: 0.286542
Val	AUC[ROC]: 0.927122	AUC[PR]: 0.132857
Epoch evaluation duration: 61.0426778793
Epoch duration: 74.2795820236

Epoch 194/1000
Epoch training duration: 13.7686011791
Train	AUC[ROC]: 0.997940	AUC[PR]: 0.287160
Val	AUC[ROC]: 0.939148	AUC[PR]: 0.132417
Epoch evaluation duration: 63.5819518566
Epoch duration: 77.3505530357

Epoch 195/1000
Epoch training duration: 13.0747671127
Train	AUC[ROC]: 0.997917	AUC[PR]: 0.285591
Val	AUC[ROC]: 0.930746	AUC[PR]: 0.132551
Epoch evaluation duration: 60.3700139523
Epoch duration: 73.444781065

Epoch 196/1000
Epoch training duration: 13.0673489571
Train	AUC[ROC]: 0.997959	AUC[PR]: 0.289239
Val	AUC[ROC]: 0.943358	AUC[PR]: 0.130570
Epoch evaluation duration: 59.4974911213
Epoch duration: 72.5648400784

Epoch 197/1000
Epoch training duration: 12.9407730103
Train	AUC[ROC]: 0.997965	AUC[PR]: 0.293405
Val	AUC[ROC]: 0.938374	AUC[PR]: 0.123918
Epoch evaluation duration: 63.2139708996
Epoch duration: 76.1547439098

Epoch 198/1000
Epoch training duration: 13.3206729889
Train	AUC[ROC]: 0.998028	AUC[PR]: 0.296251
Val	AUC[ROC]: 0.931350	AUC[PR]: 0.134823
Epoch evaluation duration: 64.9184689522
Epoch duration: 78.2391419411

Epoch 199/1000
Epoch training duration: 12.8989980221
Train	AUC[ROC]: 0.997892	AUC[PR]: 0.287164
Val	AUC[ROC]: 0.934337	AUC[PR]: 0.121986
Epoch evaluation duration: 62.7175130844
Epoch duration: 75.6165111065

Epoch 200/1000
Epoch training duration: 13.1934869289
Train	AUC[ROC]: 0.997930	AUC[PR]: 0.286999
Val	AUC[ROC]: 0.941366	AUC[PR]: 0.128326
Epoch evaluation duration: 70.5265510082
Epoch duration: 83.7200379372

Epoch 201/1000
Epoch training duration: 13.7040119171
Train	AUC[ROC]: 0.997819	AUC[PR]: 0.280052
Val	AUC[ROC]: 0.932295	AUC[PR]: 0.119705
Epoch evaluation duration: 59.1518671513
Epoch duration: 72.8558790684

Epoch 202/1000
Epoch training duration: 13.8948040009
Train	AUC[ROC]: 0.997971	AUC[PR]: 0.291827
Val	AUC[ROC]: 0.931525	AUC[PR]: 0.123223
Epoch evaluation duration: 60.6423728466
Epoch duration: 74.5371768475

Epoch 203/1000
Epoch training duration: 12.805658102
Train	AUC[ROC]: 0.997931	AUC[PR]: 0.287397
Val	AUC[ROC]: 0.937153	AUC[PR]: 0.131945
Epoch evaluation duration: 56.2656071186
Epoch duration: 69.0712652206

Epoch 204/1000
Epoch training duration: 12.6994698048
Train	AUC[ROC]: 0.997860	AUC[PR]: 0.281448
Val	AUC[ROC]: 0.939180	AUC[PR]: 0.127061
Epoch evaluation duration: 59.9138770103
Epoch duration: 72.6133468151

Epoch 205/1000
Epoch training duration: 12.6657471657
Train	AUC[ROC]: 0.997908	AUC[PR]: 0.285979
Val	AUC[ROC]: 0.926251	AUC[PR]: 0.126511
Epoch evaluation duration: 55.7427577972
Epoch duration: 68.4085049629

Epoch 206/1000
Epoch training duration: 12.3870410919
Train	AUC[ROC]: 0.997900	AUC[PR]: 0.286529
Val	AUC[ROC]: 0.933989	AUC[PR]: 0.126627
Epoch evaluation duration: 59.6744849682
Epoch duration: 72.0615260601

Epoch 207/1000
Epoch training duration: 12.3557620049
Train	AUC[ROC]: 0.997943	AUC[PR]: 0.288331
Val	AUC[ROC]: 0.929539	AUC[PR]: 0.130353
Epoch evaluation duration: 55.2615289688
Epoch duration: 67.6172909737

Epoch 208/1000
Epoch training duration: 12.3930311203
Train	AUC[ROC]: 0.997937	AUC[PR]: 0.284579
Val	AUC[ROC]: 0.933767	AUC[PR]: 0.120879
Epoch evaluation duration: 56.8663170338
Epoch duration: 69.2593481541

Epoch 209/1000
Epoch training duration: 12.2767548561
Train	AUC[ROC]: 0.997938	AUC[PR]: 0.288547
Val	AUC[ROC]: 0.933627	AUC[PR]: 0.139860
Epoch evaluation duration: 55.491079092
Epoch duration: 67.7678339481

Epoch 210/1000
Epoch training duration: 12.2883770466
Train	AUC[ROC]: 0.997967	AUC[PR]: 0.292425
Val	AUC[ROC]: 0.936221	AUC[PR]: 0.133921
Epoch evaluation duration: 59.506896019
Epoch duration: 71.7952730656

Epoch 211/1000
Epoch training duration: 12.8733789921
Train	AUC[ROC]: 0.997972	AUC[PR]: 0.289635
Val	AUC[ROC]: 0.932391	AUC[PR]: 0.123955
Epoch evaluation duration: 58.8734128475
Epoch duration: 71.7467918396

Epoch 212/1000
Epoch training duration: 12.7870659828
Train	AUC[ROC]: 0.997906	AUC[PR]: 0.284492
Val	AUC[ROC]: 0.927865	AUC[PR]: 0.137352
Epoch evaluation duration: 62.7971661091
Epoch duration: 75.5842320919

Epoch 213/1000
Epoch training duration: 11.9761688709
Train	AUC[ROC]: 0.997888	AUC[PR]: 0.282578
Val	AUC[ROC]: 0.936414	AUC[PR]: 0.127533
Epoch evaluation duration: 53.3533291817
Epoch duration: 65.3294980526

Epoch 214/1000
Epoch training duration: 12.4025008678
Train	AUC[ROC]: 0.997934	AUC[PR]: 0.286820
Val	AUC[ROC]: 0.936325	AUC[PR]: 0.127127
Epoch evaluation duration: 57.3241870403
Epoch duration: 69.7266879082

Epoch 215/1000
Epoch training duration: 12.0701010227
Train	AUC[ROC]: 0.997889	AUC[PR]: 0.283097
Val	AUC[ROC]: 0.932315	AUC[PR]: 0.127980
Epoch evaluation duration: 59.7626769543
Epoch duration: 71.832777977

Epoch 216/1000
Epoch training duration: 12.4018421173
Train	AUC[ROC]: 0.997979	AUC[PR]: 0.289721
Val	AUC[ROC]: 0.933781	AUC[PR]: 0.132657
Epoch evaluation duration: 54.9788320065
Epoch duration: 67.3806741238

Epoch 217/1000
Epoch training duration: 12.6470768452
Train	AUC[ROC]: 0.998009	AUC[PR]: 0.293983
Val	AUC[ROC]: 0.934957	AUC[PR]: 0.137441
Epoch evaluation duration: 55.542935133
Epoch duration: 68.1900119781

Epoch 218/1000
Epoch training duration: 12.2601790428
Train	AUC[ROC]: 0.997986	AUC[PR]: 0.291278
Val	AUC[ROC]: 0.931389	AUC[PR]: 0.130006
Epoch evaluation duration: 55.3693509102
Epoch duration: 67.629529953

Epoch 219/1000
Epoch training duration: 12.2923359871
Train	AUC[ROC]: 0.997924	AUC[PR]: 0.285890
Val	AUC[ROC]: 0.931036	AUC[PR]: 0.121756
Epoch evaluation duration: 62.1456758976
Epoch duration: 74.4380118847

Epoch 220/1000
Epoch training duration: 12.4411211014
Train	AUC[ROC]: 0.997976	AUC[PR]: 0.292032
Val	AUC[ROC]: 0.933398	AUC[PR]: 0.134445
Epoch evaluation duration: 57.0739278793
Epoch duration: 69.5150489807

Epoch 221/1000
Epoch training duration: 12.4065902233
Train	AUC[ROC]: 0.997983	AUC[PR]: 0.291318
Val	AUC[ROC]: 0.934505	AUC[PR]: 0.128166
Epoch evaluation duration: 55.365926981
Epoch duration: 67.7725172043

Epoch 222/1000
Epoch training duration: 12.3926999569
Train	AUC[ROC]: 0.997922	AUC[PR]: 0.286577
Val	AUC[ROC]: 0.933213	AUC[PR]: 0.120435
Epoch evaluation duration: 55.4839730263
Epoch duration: 67.8766729832

Epoch 223/1000
Epoch training duration: 12.4471030235
Train	AUC[ROC]: 0.997924	AUC[PR]: 0.284528
Val	AUC[ROC]: 0.933075	AUC[PR]: 0.128266
Epoch evaluation duration: 57.3207228184
Epoch duration: 69.7678258419

Epoch 224/1000
Epoch training duration: 12.4438180923
Train	AUC[ROC]: 0.998001	AUC[PR]: 0.295168
Val	AUC[ROC]: 0.940533	AUC[PR]: 0.134695
Epoch evaluation duration: 58.3839850426
Epoch duration: 70.8278031349

Epoch 225/1000
Epoch training duration: 12.2289128304
Train	AUC[ROC]: 0.997896	AUC[PR]: 0.289137
Val	AUC[ROC]: 0.928372	AUC[PR]: 0.133987
Epoch evaluation duration: 52.3809111118
Epoch duration: 64.6098239422

Epoch 226/1000
Epoch training duration: 12.3076500893
Train	AUC[ROC]: 0.997972	AUC[PR]: 0.290364
Val	AUC[ROC]: 0.940191	AUC[PR]: 0.137111
Epoch evaluation duration: 57.6280479431
Epoch duration: 69.9356980324

Epoch 227/1000
Epoch training duration: 12.3375620842
Train	AUC[ROC]: 0.997998	AUC[PR]: 0.291877
Val	AUC[ROC]: 0.930770	AUC[PR]: 0.131179
Epoch evaluation duration: 55.7800149918
Epoch duration: 68.117577076

Epoch 228/1000
Epoch training duration: 12.4083449841
Train	AUC[ROC]: 0.997960	AUC[PR]: 0.291770
Val	AUC[ROC]: 0.937663	AUC[PR]: 0.133674
Epoch evaluation duration: 57.8063659668
Epoch duration: 70.2147109509

Epoch 229/1000
Epoch training duration: 12.703619957
Train	AUC[ROC]: 0.997979	AUC[PR]: 0.289749
Val	AUC[ROC]: 0.933619	AUC[PR]: 0.128899
Epoch evaluation duration: 54.7379989624
Epoch duration: 67.4416189194

Epoch 230/1000
Epoch training duration: 12.0447471142
Train	AUC[ROC]: 0.997903	AUC[PR]: 0.287246
Val	AUC[ROC]: 0.936015	AUC[PR]: 0.122965
Epoch evaluation duration: 57.3493978977
Epoch duration: 69.3941450119

Epoch 231/1000
Epoch training duration: 12.5206360817
Train	AUC[ROC]: 0.997919	AUC[PR]: 0.287796
Val	AUC[ROC]: 0.934383	AUC[PR]: 0.130126
Epoch evaluation duration: 55.3916368484
Epoch duration: 67.9122729301

Epoch 232/1000
Epoch training duration: 12.4527750015
Train	AUC[ROC]: 0.998000	AUC[PR]: 0.287891
Val	AUC[ROC]: 0.927196	AUC[PR]: 0.128257
Epoch evaluation duration: 56.7498581409
Epoch duration: 69.2026331425

Epoch 233/1000
Epoch training duration: 12.8044168949
Train	AUC[ROC]: 0.997927	AUC[PR]: 0.284422
Val	AUC[ROC]: 0.929862	AUC[PR]: 0.135507
Epoch evaluation duration: 57.0435740948
Epoch duration: 69.8479909897

Epoch 234/1000
Epoch training duration: 13.7627830505
Train	AUC[ROC]: 0.997970	AUC[PR]: 0.288212
Val	AUC[ROC]: 0.930003	AUC[PR]: 0.132659
Epoch evaluation duration: 57.3823149204
Epoch duration: 71.145097971

Epoch 235/1000
Epoch training duration: 13.3461780548
Train	AUC[ROC]: 0.997917	AUC[PR]: 0.289644
Val	AUC[ROC]: 0.932233	AUC[PR]: 0.127820
Epoch evaluation duration: 60.1748650074
Epoch duration: 73.5210430622

Epoch 236/1000
Epoch training duration: 12.7111318111
Train	AUC[ROC]: 0.997962	AUC[PR]: 0.288735
Val	AUC[ROC]: 0.930129	AUC[PR]: 0.139208
Epoch evaluation duration: 65.9642980099
Epoch duration: 78.675429821

Epoch 237/1000
Epoch training duration: 12.1670022011
Train	AUC[ROC]: 0.997980	AUC[PR]: 0.292232
Val	AUC[ROC]: 0.938641	AUC[PR]: 0.128731
Epoch evaluation duration: 55.087749958
Epoch duration: 67.2547521591

Epoch 238/1000
Epoch training duration: 12.4837579727
Train	AUC[ROC]: 0.997980	AUC[PR]: 0.290142
Val	AUC[ROC]: 0.928397	AUC[PR]: 0.129243
Epoch evaluation duration: 54.2894599438
Epoch duration: 66.7732179165

Epoch 239/1000
Epoch training duration: 12.3872640133
Train	AUC[ROC]: 0.997926	AUC[PR]: 0.282054
Val	AUC[ROC]: 0.932421	AUC[PR]: 0.125598
Epoch evaluation duration: 61.1053230762
Epoch duration: 73.4925870895

Epoch 240/1000
Epoch training duration: 12.9029419422
Train	AUC[ROC]: 0.997952	AUC[PR]: 0.292628
Val	AUC[ROC]: 0.928974	AUC[PR]: 0.132952
Epoch evaluation duration: 57.9736189842
Epoch duration: 70.8765609264

Epoch 241/1000
Epoch training duration: 12.6603269577
Train	AUC[ROC]: 0.997952	AUC[PR]: 0.289143
Val	AUC[ROC]: 0.928168	AUC[PR]: 0.121027
Epoch evaluation duration: 59.0221860409
Epoch duration: 71.6825129986

Epoch 242/1000
Epoch training duration: 12.3185019493
Train	AUC[ROC]: 0.997902	AUC[PR]: 0.281313
Val	AUC[ROC]: 0.934507	AUC[PR]: 0.116478
Epoch evaluation duration: 57.8125081062
Epoch duration: 70.1310100555

Epoch 243/1000
Epoch training duration: 12.4934270382
Train	AUC[ROC]: 0.997954	AUC[PR]: 0.289108
Val	AUC[ROC]: 0.932213	AUC[PR]: 0.131382
Epoch evaluation duration: 58.1306939125
Epoch duration: 70.6241209507

Epoch 244/1000
Epoch training duration: 12.6199710369
Train	AUC[ROC]: 0.997991	AUC[PR]: 0.295291
Val	AUC[ROC]: 0.931830	AUC[PR]: 0.142191
Epoch evaluation duration: 57.6792919636
Epoch duration: 70.2992630005

Epoch 245/1000
Epoch training duration: 12.9997589588
Train	AUC[ROC]: 0.998028	AUC[PR]: 0.296758
Val	AUC[ROC]: 0.934840	AUC[PR]: 0.143566
Epoch evaluation duration: 57.0519931316
Epoch duration: 70.0517520905

Epoch 246/1000
Epoch training duration: 12.277987957
Train	AUC[ROC]: 0.997933	AUC[PR]: 0.290909
Val	AUC[ROC]: 0.935110	AUC[PR]: 0.130265
Epoch evaluation duration: 57.4413838387
Epoch duration: 69.7193717957

Epoch 247/1000
Epoch training duration: 12.90817523
Train	AUC[ROC]: 0.997929	AUC[PR]: 0.288867
Val	AUC[ROC]: 0.934845	AUC[PR]: 0.133082
Epoch evaluation duration: 56.1345508099
Epoch duration: 69.0427260399

Epoch 248/1000
Epoch training duration: 12.4200739861
Train	AUC[ROC]: 0.997921	AUC[PR]: 0.285732
Val	AUC[ROC]: 0.927848	AUC[PR]: 0.128342
Epoch evaluation duration: 57.1958940029
Epoch duration: 69.615967989

Epoch 249/1000
Epoch training duration: 12.844271183
Train	AUC[ROC]: 0.997926	AUC[PR]: 0.282678
Val	AUC[ROC]: 0.928273	AUC[PR]: 0.118594
Epoch evaluation duration: 58.4463298321
Epoch duration: 71.2906010151

Epoch 250/1000
Epoch training duration: 12.2285840511
Train	AUC[ROC]: 0.997999	AUC[PR]: 0.295444
Val	AUC[ROC]: 0.941031	AUC[PR]: 0.132422
Epoch evaluation duration: 59.0665030479
Epoch duration: 71.2950870991

Epoch 251/1000
Epoch training duration: 13.2251429558
Train	AUC[ROC]: 0.997977	AUC[PR]: 0.292884
Val	AUC[ROC]: 0.932764	AUC[PR]: 0.134727
Epoch evaluation duration: 55.6736609936
Epoch duration: 68.8988039494

Epoch 252/1000
Epoch training duration: 11.8316271305
Train	AUC[ROC]: 0.997938	AUC[PR]: 0.288051
Val	AUC[ROC]: 0.937199	AUC[PR]: 0.126060
Epoch evaluation duration: 55.7491259575
Epoch duration: 67.580753088

Epoch 253/1000
Epoch training duration: 12.1064319611
Train	AUC[ROC]: 0.997894	AUC[PR]: 0.293444
Val	AUC[ROC]: 0.936626	AUC[PR]: 0.128797
Epoch evaluation duration: 59.4931030273
Epoch duration: 71.5995349884

Epoch 254/1000
Epoch training duration: 12.2367179394
Train	AUC[ROC]: 0.997984	AUC[PR]: 0.292222
Val	AUC[ROC]: 0.931150	AUC[PR]: 0.132083
Epoch evaluation duration: 59.3997468948
Epoch duration: 71.6364648342

Epoch 255/1000
Epoch training duration: 12.2804942131
Train	AUC[ROC]: 0.997953	AUC[PR]: 0.288324
Val	AUC[ROC]: 0.939900	AUC[PR]: 0.134687
Epoch evaluation duration: 56.7465538979
Epoch duration: 69.027048111

Epoch 256/1000
Epoch training duration: 11.9710240364
Train	AUC[ROC]: 0.997922	AUC[PR]: 0.283600
Val	AUC[ROC]: 0.934185	AUC[PR]: 0.120472
Epoch evaluation duration: 54.0439419746
Epoch duration: 66.014966011

Epoch 257/1000
Epoch training duration: 12.7461020947
Train	AUC[ROC]: 0.997992	AUC[PR]: 0.297308
Val	AUC[ROC]: 0.936080	AUC[PR]: 0.142052
Epoch evaluation duration: 56.9375879765
Epoch duration: 69.6836900711

Epoch 258/1000
Epoch training duration: 12.2299468517
Train	AUC[ROC]: 0.997953	AUC[PR]: 0.291147
Val	AUC[ROC]: 0.933770	AUC[PR]: 0.130307
Epoch evaluation duration: 57.6598050594
Epoch duration: 69.8897519112

Epoch 259/1000
Epoch training duration: 13.0002009869
Train	AUC[ROC]: 0.998030	AUC[PR]: 0.292316
Val	AUC[ROC]: 0.934961	AUC[PR]: 0.128227
Epoch evaluation duration: 52.6091909409
Epoch duration: 65.6093919277

Epoch 260/1000
Epoch training duration: 12.7282590866
Train	AUC[ROC]: 0.997965	AUC[PR]: 0.291181
Val	AUC[ROC]: 0.932789	AUC[PR]: 0.134031
Epoch evaluation duration: 54.5524671078
Epoch duration: 67.2807261944

Epoch 261/1000
Epoch training duration: 12.4802320004
Train	AUC[ROC]: 0.997978	AUC[PR]: 0.293765
Val	AUC[ROC]: 0.933679	AUC[PR]: 0.138427
Epoch evaluation duration: 53.7990188599
Epoch duration: 66.2792508602

Epoch 262/1000
Epoch training duration: 11.8532400131
Train	AUC[ROC]: 0.998003	AUC[PR]: 0.292845
Val	AUC[ROC]: 0.931966	AUC[PR]: 0.127411
Epoch evaluation duration: 60.7165429592
Epoch duration: 72.5697829723

Epoch 263/1000
Epoch training duration: 12.2079980373
Train	AUC[ROC]: 0.997961	AUC[PR]: 0.290392
Val	AUC[ROC]: 0.928728	AUC[PR]: 0.139972
Epoch evaluation duration: 57.3326599598
Epoch duration: 69.5406579971

Epoch 264/1000
Epoch training duration: 12.3452000618
Train	AUC[ROC]: 0.998033	AUC[PR]: 0.295006
Val	AUC[ROC]: 0.932959	AUC[PR]: 0.137754
Epoch evaluation duration: 52.7925000191
Epoch duration: 65.1377000809

Epoch 265/1000
Epoch training duration: 12.2974040508
Train	AUC[ROC]: 0.997977	AUC[PR]: 0.289657
Val	AUC[ROC]: 0.932857	AUC[PR]: 0.133780
Epoch evaluation duration: 56.5004889965
Epoch duration: 68.7978930473

Epoch 266/1000
Epoch training duration: 12.3301868439
Train	AUC[ROC]: 0.997951	AUC[PR]: 0.287154
Val	AUC[ROC]: 0.934040	AUC[PR]: 0.127949
Epoch evaluation duration: 59.2824361324
Epoch duration: 71.6126229763

Epoch 267/1000
Epoch training duration: 12.4152648449
Train	AUC[ROC]: 0.997961	AUC[PR]: 0.287120
Val	AUC[ROC]: 0.939272	AUC[PR]: 0.128214
Epoch evaluation duration: 58.1750791073
Epoch duration: 70.5903439522

Epoch 268/1000
Epoch training duration: 12.2284910679
Train	AUC[ROC]: 0.998051	AUC[PR]: 0.297654
Val	AUC[ROC]: 0.934308	AUC[PR]: 0.136753
Epoch evaluation duration: 56.1261179447
Epoch duration: 68.3546090126

Epoch 269/1000
Epoch training duration: 12.4719219208
Train	AUC[ROC]: 0.998025	AUC[PR]: 0.295020
Val	AUC[ROC]: 0.933220	AUC[PR]: 0.139658
Epoch evaluation duration: 55.1730480194
Epoch duration: 67.6449699402

Epoch 270/1000
Epoch training duration: 12.3454260826
Train	AUC[ROC]: 0.997985	AUC[PR]: 0.292577
Val	AUC[ROC]: 0.936938	AUC[PR]: 0.126701
Epoch evaluation duration: 62.244353056
Epoch duration: 74.5897791386

Epoch 271/1000
Epoch training duration: 12.4838628769
Train	AUC[ROC]: 0.997912	AUC[PR]: 0.291076
Val	AUC[ROC]: 0.938339	AUC[PR]: 0.137570
Epoch evaluation duration: 56.8065879345
Epoch duration: 69.2904508114

Epoch 272/1000
Epoch training duration: 12.3789482117
Train	AUC[ROC]: 0.998009	AUC[PR]: 0.293898
Val	AUC[ROC]: 0.936151	AUC[PR]: 0.132196
Epoch evaluation duration: 54.7843468189
Epoch duration: 67.1632950306

Epoch 273/1000
Epoch training duration: 12.0698261261
Train	AUC[ROC]: 0.997925	AUC[PR]: 0.287024
Val	AUC[ROC]: 0.932986	AUC[PR]: 0.120142
Epoch evaluation duration: 55.6521070004
Epoch duration: 67.7219331264

Epoch 274/1000
Epoch training duration: 12.4170179367
Train	AUC[ROC]: 0.997967	AUC[PR]: 0.290798
Val	AUC[ROC]: 0.931996	AUC[PR]: 0.131376
Epoch evaluation duration: 59.407681942
Epoch duration: 71.8246998787

Epoch 275/1000
Epoch training duration: 12.6071579456
Train	AUC[ROC]: 0.998036	AUC[PR]: 0.294993
Val	AUC[ROC]: 0.933474	AUC[PR]: 0.130260
Epoch evaluation duration: 57.5952470303
Epoch duration: 70.2024049759

Epoch 276/1000
Epoch training duration: 12.1371850967
Train	AUC[ROC]: 0.997930	AUC[PR]: 0.287915
Val	AUC[ROC]: 0.930722	AUC[PR]: 0.119392
Epoch evaluation duration: 57.8094189167
Epoch duration: 69.9466040134

Epoch 277/1000
Epoch training duration: 12.137045145
Train	AUC[ROC]: 0.998076	AUC[PR]: 0.297528
Val	AUC[ROC]: 0.937132	AUC[PR]: 0.128512
Epoch evaluation duration: 56.4734809399
Epoch duration: 68.6105260849

Epoch 278/1000
Epoch training duration: 12.1133460999
Train	AUC[ROC]: 0.998000	AUC[PR]: 0.295044
Val	AUC[ROC]: 0.928643	AUC[PR]: 0.133705
Epoch evaluation duration: 67.3714878559
Epoch duration: 79.4848339558

Epoch 279/1000
Epoch training duration: 11.7784769535
Train	AUC[ROC]: 0.997967	AUC[PR]: 0.288545
Val	AUC[ROC]: 0.934810	AUC[PR]: 0.127007
Epoch evaluation duration: 66.7027761936
Epoch duration: 78.4812531471

Epoch 280/1000
Epoch training duration: 12.5476799011
Train	AUC[ROC]: 0.997979	AUC[PR]: 0.292628
Val	AUC[ROC]: 0.936737	AUC[PR]: 0.129866
Epoch evaluation duration: 57.3738639355
Epoch duration: 69.9215438366

Epoch 281/1000
Epoch training duration: 11.6830210686
Train	AUC[ROC]: 0.997966	AUC[PR]: 0.289069
Val	AUC[ROC]: 0.935350	AUC[PR]: 0.124382
Epoch evaluation duration: 54.7287170887
Epoch duration: 66.4117381573

Epoch 282/1000
Epoch training duration: 12.2966148853
Train	AUC[ROC]: 0.998000	AUC[PR]: 0.294280
Val	AUC[ROC]: 0.930149	AUC[PR]: 0.134409
Epoch evaluation duration: 60.7561209202
Epoch duration: 73.0527358055

Epoch 283/1000
Epoch training duration: 12.3920559883
Train	AUC[ROC]: 0.998030	AUC[PR]: 0.293577
Val	AUC[ROC]: 0.933023	AUC[PR]: 0.132113
Epoch evaluation duration: 60.2824511528
Epoch duration: 72.6745071411

Epoch 284/1000
Epoch training duration: 12.1920309067
Train	AUC[ROC]: 0.998035	AUC[PR]: 0.294748
Val	AUC[ROC]: 0.930934	AUC[PR]: 0.133993
Epoch evaluation duration: 55.6806240082
Epoch duration: 67.8726549149

Epoch 285/1000
Epoch training duration: 12.166285038
Train	AUC[ROC]: 0.997961	AUC[PR]: 0.291141
Val	AUC[ROC]: 0.936422	AUC[PR]: 0.123206
Epoch evaluation duration: 53.7831480503
Epoch duration: 65.9494330883

Epoch 286/1000
Epoch training duration: 12.3194990158
Train	AUC[ROC]: 0.997990	AUC[PR]: 0.294507
Val	AUC[ROC]: 0.931217	AUC[PR]: 0.133396
Epoch evaluation duration: 55.4765689373
Epoch duration: 67.7960679531

Epoch 287/1000
Epoch training duration: 12.4135940075
Train	AUC[ROC]: 0.998021	AUC[PR]: 0.295656
Val	AUC[ROC]: 0.940387	AUC[PR]: 0.124001
Epoch evaluation duration: 57.1352880001
Epoch duration: 69.5488820076

Epoch 288/1000
Epoch training duration: 13.0737659931
Train	AUC[ROC]: 0.997988	AUC[PR]: 0.292296
Val	AUC[ROC]: 0.931651	AUC[PR]: 0.132770
Epoch evaluation duration: 57.074395895
Epoch duration: 70.1481618881

Epoch 289/1000
Epoch training duration: 12.1774630547
Train	AUC[ROC]: 0.998110	AUC[PR]: 0.301949
Val	AUC[ROC]: 0.936761	AUC[PR]: 0.144565
Epoch evaluation duration: 55.0582931042
Epoch duration: 67.2357561588

Epoch 290/1000
Epoch training duration: 12.4427130222
Train	AUC[ROC]: 0.998056	AUC[PR]: 0.297616
Val	AUC[ROC]: 0.935033	AUC[PR]: 0.132279
Epoch evaluation duration: 56.8835999966
Epoch duration: 69.3263130188

Epoch 291/1000
Epoch training duration: 12.2230248451
Train	AUC[ROC]: 0.998028	AUC[PR]: 0.293792
Val	AUC[ROC]: 0.931540	AUC[PR]: 0.129892
Epoch evaluation duration: 63.4659559727
Epoch duration: 75.6889808178

Epoch 292/1000
Epoch training duration: 12.8952250481
Train	AUC[ROC]: 0.998003	AUC[PR]: 0.292348
Val	AUC[ROC]: 0.925973	AUC[PR]: 0.128700
Epoch evaluation duration: 57.3951561451
Epoch duration: 70.2903811932

Epoch 293/1000
Epoch training duration: 11.6699178219
Train	AUC[ROC]: 0.997994	AUC[PR]: 0.292030
Val	AUC[ROC]: 0.929749	AUC[PR]: 0.121909
Epoch evaluation duration: 58.5077700615
Epoch duration: 70.1776878834

Epoch 294/1000
Epoch training duration: 12.5368261337
Train	AUC[ROC]: 0.998002	AUC[PR]: 0.290011
Val	AUC[ROC]: 0.938170	AUC[PR]: 0.129325
Epoch evaluation duration: 57.660161972
Epoch duration: 70.1969881058

Epoch 295/1000
Epoch training duration: 12.2343149185
Train	AUC[ROC]: 0.998027	AUC[PR]: 0.293096
Val	AUC[ROC]: 0.938148	AUC[PR]: 0.129445
Epoch evaluation duration: 58.0613648891
Epoch duration: 70.2956798077

Epoch 296/1000
Epoch training duration: 11.8142390251
Train	AUC[ROC]: 0.998036	AUC[PR]: 0.296018
Val	AUC[ROC]: 0.935653	AUC[PR]: 0.137788
Epoch evaluation duration: 61.5306770802
Epoch duration: 73.3449161053

Epoch 297/1000
Epoch training duration: 12.5804259777
Train	AUC[ROC]: 0.998015	AUC[PR]: 0.293270
Val	AUC[ROC]: 0.935224	AUC[PR]: 0.128623
Epoch evaluation duration: 57.0353000164
Epoch duration: 69.6157259941

Epoch 298/1000
Epoch training duration: 12.266037941
Train	AUC[ROC]: 0.997980	AUC[PR]: 0.288671
Val	AUC[ROC]: 0.929262	AUC[PR]: 0.123158
Epoch evaluation duration: 55.5502669811
Epoch duration: 67.8163049221

Epoch 299/1000
Epoch training duration: 12.5742840767
Train	AUC[ROC]: 0.998091	AUC[PR]: 0.299578
Val	AUC[ROC]: 0.934244	AUC[PR]: 0.137070
Epoch evaluation duration: 57.042331934
Epoch duration: 69.6166160107

Epoch 300/1000
Epoch training duration: 12.3883340359
Train	AUC[ROC]: 0.998071	AUC[PR]: 0.298382
Val	AUC[ROC]: 0.936896	AUC[PR]: 0.133625
Epoch evaluation duration: 57.5493109226
Epoch duration: 69.9376449585

Epoch 301/1000
Epoch training duration: 12.4458122253
Train	AUC[ROC]: 0.998029	AUC[PR]: 0.294573
Val	AUC[ROC]: 0.925358	AUC[PR]: 0.134505
Epoch evaluation duration: 62.272274971
Epoch duration: 74.7180871964

Epoch 302/1000
Epoch training duration: 12.5138959885
Train	AUC[ROC]: 0.997972	AUC[PR]: 0.293672
Val	AUC[ROC]: 0.933224	AUC[PR]: 0.132259
Epoch evaluation duration: 60.6692810059
Epoch duration: 73.1831769943

Epoch 303/1000
Epoch training duration: 12.6772899628
Train	AUC[ROC]: 0.998004	AUC[PR]: 0.291385
Val	AUC[ROC]: 0.932103	AUC[PR]: 0.131385
Epoch evaluation duration: 58.8331170082
Epoch duration: 71.510406971

Epoch 304/1000
Epoch training duration: 12.5607168674
Train	AUC[ROC]: 0.998048	AUC[PR]: 0.292023
Val	AUC[ROC]: 0.934147	AUC[PR]: 0.127460
Epoch evaluation duration: 60.1508581638
Epoch duration: 72.7115750313

Epoch 305/1000
Epoch training duration: 12.8101849556
Train	AUC[ROC]: 0.998031	AUC[PR]: 0.295049
Val	AUC[ROC]: 0.931490	AUC[PR]: 0.134126
Epoch evaluation duration: 57.0384159088
Epoch duration: 69.8486008644

Epoch 306/1000
Epoch training duration: 12.9902701378
Train	AUC[ROC]: 0.998051	AUC[PR]: 0.297174
Val	AUC[ROC]: 0.932283	AUC[PR]: 0.138858
Epoch evaluation duration: 59.1480820179
Epoch duration: 72.1383521557

Epoch 307/1000
Epoch training duration: 11.8959188461
Train	AUC[ROC]: 0.997990	AUC[PR]: 0.292997
Val	AUC[ROC]: 0.932613	AUC[PR]: 0.132102
Epoch evaluation duration: 54.7238271236
Epoch duration: 66.6197459698

Epoch 308/1000
Epoch training duration: 12.4060540199
Train	AUC[ROC]: 0.998045	AUC[PR]: 0.297136
Val	AUC[ROC]: 0.934172	AUC[PR]: 0.128486
Epoch evaluation duration: 62.627081871
Epoch duration: 75.033135891

Epoch 309/1000
Epoch training duration: 12.6012101173
Train	AUC[ROC]: 0.998032	AUC[PR]: 0.293235
Val	AUC[ROC]: 0.932965	AUC[PR]: 0.126123
Epoch evaluation duration: 59.4448208809
Epoch duration: 72.0460309982

Epoch 310/1000
Epoch training duration: 12.5053019524
Train	AUC[ROC]: 0.997980	AUC[PR]: 0.290843
Val	AUC[ROC]: 0.935603	AUC[PR]: 0.125887
Epoch evaluation duration: 55.7398910522
Epoch duration: 68.2451930046

Epoch 311/1000
Epoch training duration: 12.7531900406
Train	AUC[ROC]: 0.998005	AUC[PR]: 0.289972
Val	AUC[ROC]: 0.938158	AUC[PR]: 0.126155
Epoch evaluation duration: 58.9973530769
Epoch duration: 71.7505431175

Epoch 312/1000
Epoch training duration: 12.7669689655
Train	AUC[ROC]: 0.997952	AUC[PR]: 0.288871
Val	AUC[ROC]: 0.938828	AUC[PR]: 0.123125
Epoch evaluation duration: 62.3091299534
Epoch duration: 75.0760989189

Epoch 313/1000
Epoch training duration: 12.4770059586
Train	AUC[ROC]: 0.998001	AUC[PR]: 0.291150
Val	AUC[ROC]: 0.936196	AUC[PR]: 0.120860
Epoch evaluation duration: 60.7205860615
Epoch duration: 73.19759202

Epoch 314/1000
Epoch training duration: 12.8950140476
Train	AUC[ROC]: 0.998033	AUC[PR]: 0.294706
Val	AUC[ROC]: 0.934668	AUC[PR]: 0.132518
Epoch evaluation duration: 56.938436985
Epoch duration: 69.8334510326

Epoch 315/1000
Epoch training duration: 12.3965580463
Train	AUC[ROC]: 0.998033	AUC[PR]: 0.293449
Val	AUC[ROC]: 0.933355	AUC[PR]: 0.125030
Epoch evaluation duration: 55.257174015
Epoch duration: 67.6537320614

Epoch 316/1000
Epoch training duration: 12.3083817959
Train	AUC[ROC]: 0.998042	AUC[PR]: 0.292299
Val	AUC[ROC]: 0.934534	AUC[PR]: 0.128743
Epoch evaluation duration: 59.5245220661
Epoch duration: 71.832903862

Epoch 317/1000
Epoch training duration: 11.9146931171
Train	AUC[ROC]: 0.997975	AUC[PR]: 0.289538
Val	AUC[ROC]: 0.928853	AUC[PR]: 0.129342
Epoch evaluation duration: 59.2757639885
Epoch duration: 71.1904571056

Epoch 318/1000
Epoch training duration: 12.1285238266
Train	AUC[ROC]: 0.998077	AUC[PR]: 0.298648
Val	AUC[ROC]: 0.934037	AUC[PR]: 0.134024
Epoch evaluation duration: 56.0224740505
Epoch duration: 68.1509978771

Epoch 319/1000
Epoch training duration: 12.202944994
Train	AUC[ROC]: 0.998080	AUC[PR]: 0.298891
Val	AUC[ROC]: 0.935420	AUC[PR]: 0.132695
Epoch evaluation duration: 59.4850001335
Epoch duration: 71.6879451275

Epoch 320/1000
Epoch training duration: 12.410779953
Train	AUC[ROC]: 0.997993	AUC[PR]: 0.297585
Val	AUC[ROC]: 0.931219	AUC[PR]: 0.144066
Epoch evaluation duration: 58.5112469196
Epoch duration: 70.9220268726

Epoch 321/1000
Epoch training duration: 12.2839751244
Train	AUC[ROC]: 0.998062	AUC[PR]: 0.296830
Val	AUC[ROC]: 0.934604	AUC[PR]: 0.130977
Epoch evaluation duration: 60.7285468578
Epoch duration: 73.0125219822

Epoch 322/1000
Epoch training duration: 12.0108289719
Train	AUC[ROC]: 0.998016	AUC[PR]: 0.294678
Val	AUC[ROC]: 0.929247	AUC[PR]: 0.131572
Epoch evaluation duration: 59.1590139866
Epoch duration: 71.1698429585

Epoch 323/1000
Epoch training duration: 11.2702491283
Train	AUC[ROC]: 0.998078	AUC[PR]: 0.300026
Val	AUC[ROC]: 0.936375	AUC[PR]: 0.144177
Epoch evaluation duration: 58.2923970222
Epoch duration: 69.5626461506

Epoch 324/1000
Epoch training duration: 12.3090939522
Train	AUC[ROC]: 0.998110	AUC[PR]: 0.299036
Val	AUC[ROC]: 0.937527	AUC[PR]: 0.140573
Epoch evaluation duration: 56.5035660267
Epoch duration: 68.8126599789

Epoch 325/1000
Epoch training duration: 12.4611210823
Train	AUC[ROC]: 0.998032	AUC[PR]: 0.296303
Val	AUC[ROC]: 0.936294	AUC[PR]: 0.139305
Epoch evaluation duration: 59.9948048592
Epoch duration: 72.4559259415

Epoch 326/1000
Epoch training duration: 12.3403360844
Train	AUC[ROC]: 0.998055	AUC[PR]: 0.296419
Val	AUC[ROC]: 0.931844	AUC[PR]: 0.134306
Epoch evaluation duration: 43.3417789936
Epoch duration: 55.682115078

Epoch 327/1000
Epoch training duration: 11.5938029289
Train	AUC[ROC]: 0.998025	AUC[PR]: 0.296132
Val	AUC[ROC]: 0.933634	AUC[PR]: 0.132277
Epoch evaluation duration: 41.1952691078
Epoch duration: 52.7890720367

Epoch 328/1000
Epoch training duration: 11.6043188572
Train	AUC[ROC]: 0.998073	AUC[PR]: 0.297846
Val	AUC[ROC]: 0.932363	AUC[PR]: 0.137261
Epoch evaluation duration: 39.7029099464
Epoch duration: 51.3072288036

Epoch 329/1000
Epoch training duration: 11.7910621166
Train	AUC[ROC]: 0.998031	AUC[PR]: 0.294746
Val	AUC[ROC]: 0.938485	AUC[PR]: 0.138706
Epoch evaluation duration: 43.2254889011
Epoch duration: 55.0165510178

Epoch 330/1000
Epoch training duration: 12.1735651493
Train	AUC[ROC]: 0.998030	AUC[PR]: 0.292843
Val	AUC[ROC]: 0.930578	AUC[PR]: 0.128394
Epoch evaluation duration: 40.4237580299
Epoch duration: 52.5973231792

Epoch 331/1000
Epoch training duration: 11.2434120178
Train	AUC[ROC]: 0.998015	AUC[PR]: 0.292578
Val	AUC[ROC]: 0.933931	AUC[PR]: 0.132262
Epoch evaluation duration: 41.2517697811
Epoch duration: 52.4951817989

Epoch 332/1000
Epoch training duration: 11.1197910309
Train	AUC[ROC]: 0.998059	AUC[PR]: 0.295278
Val	AUC[ROC]: 0.937998	AUC[PR]: 0.136269
Epoch evaluation duration: 41.5598061085
Epoch duration: 52.6795971394

Epoch 333/1000
Epoch training duration: 11.2453110218
Train	AUC[ROC]: 0.998013	AUC[PR]: 0.293821
Val	AUC[ROC]: 0.928645	AUC[PR]: 0.130200
Epoch evaluation duration: 48.9582359791
Epoch duration: 60.2035470009

Epoch 334/1000
Epoch training duration: 11.8294630051
Train	AUC[ROC]: 0.998038	AUC[PR]: 0.296170
Val	AUC[ROC]: 0.930936	AUC[PR]: 0.132491
Epoch evaluation duration: 44.6291348934
Epoch duration: 56.4585978985

Epoch 335/1000
Epoch training duration: 11.776913166
Train	AUC[ROC]: 0.998016	AUC[PR]: 0.295842
Val	AUC[ROC]: 0.932052	AUC[PR]: 0.140423
Epoch evaluation duration: 43.7934718132
Epoch duration: 55.5703849792

Epoch 336/1000
Epoch training duration: 11.3215081692
Train	AUC[ROC]: 0.998059	AUC[PR]: 0.297979
Val	AUC[ROC]: 0.933533	AUC[PR]: 0.133053
Epoch evaluation duration: 43.7114949226
Epoch duration: 55.0330030918

Epoch 337/1000
Epoch training duration: 11.8235371113
Train	AUC[ROC]: 0.998043	AUC[PR]: 0.291635
Val	AUC[ROC]: 0.931451	AUC[PR]: 0.124304
Epoch evaluation duration: 44.3377218246
Epoch duration: 56.1612589359

Epoch 338/1000
Epoch training duration: 11.9463629723
Train	AUC[ROC]: 0.998030	AUC[PR]: 0.295878
Val	AUC[ROC]: 0.929629	AUC[PR]: 0.129934
Epoch evaluation duration: 46.541159153
Epoch duration: 58.4875221252

Epoch 339/1000
Epoch training duration: 13.0956618786
Train	AUC[ROC]: 0.998063	AUC[PR]: 0.296686
Val	AUC[ROC]: 0.933414	AUC[PR]: 0.133437
Epoch evaluation duration: 68.6625020504
Epoch duration: 81.758163929

Epoch 340/1000
Epoch training duration: 12.1985239983
Train	AUC[ROC]: 0.998047	AUC[PR]: 0.295661
Val	AUC[ROC]: 0.936049	AUC[PR]: 0.124848
Epoch evaluation duration: 59.4717071056
Epoch duration: 71.6702311039

Epoch 341/1000
Epoch training duration: 12.6448338032
Train	AUC[ROC]: 0.998071	AUC[PR]: 0.298955
Val	AUC[ROC]: 0.940866	AUC[PR]: 0.130491
Epoch evaluation duration: 65.9489250183
Epoch duration: 78.5937588215

Epoch 342/1000
Epoch training duration: 13.1718289852
Train	AUC[ROC]: 0.998035	AUC[PR]: 0.294560
Val	AUC[ROC]: 0.932526	AUC[PR]: 0.130683
Epoch evaluation duration: 66.0237181187
Epoch duration: 79.1955471039

Epoch 343/1000
Epoch training duration: 13.0832059383
Train	AUC[ROC]: 0.998017	AUC[PR]: 0.294526
Val	AUC[ROC]: 0.928921	AUC[PR]: 0.135892
Epoch evaluation duration: 70.1584780216
Epoch duration: 83.24168396

Epoch 344/1000
Epoch training duration: 12.1817970276
Train	AUC[ROC]: 0.998099	AUC[PR]: 0.295311
Val	AUC[ROC]: 0.934355	AUC[PR]: 0.131481
Epoch evaluation duration: 62.3229050636
Epoch duration: 74.5047020912

Epoch 345/1000
Epoch training duration: 12.5283849239
Train	AUC[ROC]: 0.998095	AUC[PR]: 0.298871
Val	AUC[ROC]: 0.938411	AUC[PR]: 0.129403
Epoch evaluation duration: 57.9421720505
Epoch duration: 70.4705569744

Epoch 346/1000
Epoch training duration: 12.9214389324
Train	AUC[ROC]: 0.998058	AUC[PR]: 0.296820
Val	AUC[ROC]: 0.928526	AUC[PR]: 0.129866
Epoch evaluation duration: 63.2246210575
Epoch duration: 76.1460599899

Epoch 347/1000
Epoch training duration: 13.0261869431
Train	AUC[ROC]: 0.998040	AUC[PR]: 0.297540
Val	AUC[ROC]: 0.934542	AUC[PR]: 0.130690
Epoch evaluation duration: 71.4383571148
Epoch duration: 84.4645440578

Epoch 348/1000
Epoch training duration: 12.7038369179
Train	AUC[ROC]: 0.998078	AUC[PR]: 0.297624
Val	AUC[ROC]: 0.936123	AUC[PR]: 0.134434
Epoch evaluation duration: 58.2124578953
Epoch duration: 70.9162948132

Epoch 349/1000
Epoch training duration: 12.8232791424
Train	AUC[ROC]: 0.998094	AUC[PR]: 0.297180
Val	AUC[ROC]: 0.934699	AUC[PR]: 0.129917
Epoch evaluation duration: 66.1474459171
Epoch duration: 78.9707250595

Epoch 350/1000
Epoch training duration: 12.9934029579
Train	AUC[ROC]: 0.998055	AUC[PR]: 0.299530
Val	AUC[ROC]: 0.936920	AUC[PR]: 0.123513
Epoch evaluation duration: 62.1325740814
Epoch duration: 75.1259770393

Epoch 351/1000
Epoch training duration: 13.1317830086
Train	AUC[ROC]: 0.998103	AUC[PR]: 0.298238
Val	AUC[ROC]: 0.935074	AUC[PR]: 0.126976
Epoch evaluation duration: 68.6016919613
Epoch duration: 81.7334749699

train precision: 0.288054114611
train roc: 0.997848500875
train hit: 331.0 out of 332.0

val precision: 0.145390349658
val roc: 0.933465372885
val hit: 35.0 out of 56.0

test precision: 0.156892814567
test roc: 0.943206050523
test hit: 37.0 out of 56.0

ratio: 0.02, EF: 36.6071428571,	active: 56.0
ratio: 0.02, NEF: 0.732142857143
ratio: 0.01, EF: 66.0714285714,	active: 56.0
ratio: 0.01, NEF: 0.660714285714
ratio: 0.0015, EF: 166.666666667,	active: 56.0
ratio: 0.0015, NEF: 0.25
ratio: 0.001, EF: 178.571428571,	active: 56.0
ratio: 0.001, NEF: 0.238095238095

