label_name_list  [u'PriA-SSB AS Activity', u'PriA-SSB AS % inhibition (Primary Median)']
train files  ['../datasets/keck_pria/fold_0.csv' '../datasets/keck_pria/fold_1.csv'
 '../datasets/keck_pria/fold_2.csv' '../datasets/keck_pria/fold_3.csv'
 '../datasets/keck_pria/fold_4.csv' '../datasets/keck_pria/fold_5.csv']
val files  ['../datasets/keck_pria/fold_6.csv']
test files  ['../datasets/keck_pria/fold_7.csv']
done data preparation
Sample Weight	 [18313.5        15081.70588235  6574.07692308 ...    21.20669975
    20.92629775    21.61249262]
Epoch 1/200
Epoch training duration: 13.2481739521
Train	AUC[ROC]: 0.856833	AUC[PR]: 0.041611
Val	AUC[ROC]: 0.832999	AUC[PR]: 0.038336
Epoch evaluation duration: 82.4246759415
Epoch duration: 95.6728498936

Epoch 2/200
Epoch training duration: 13.1193051338
Train	AUC[ROC]: 0.862544	AUC[PR]: 0.054837
Val	AUC[ROC]: 0.839183	AUC[PR]: 0.045682
Epoch evaluation duration: 82.522797823
Epoch duration: 95.6421029568

Epoch 3/200
Epoch training duration: 13.3382501602
Train	AUC[ROC]: 0.865357	AUC[PR]: 0.070334
Val	AUC[ROC]: 0.843848	AUC[PR]: 0.054504
Epoch evaluation duration: 81.8656690121
Epoch duration: 95.2039191723

Epoch 4/200
Epoch training duration: 13.4320669174
Train	AUC[ROC]: 0.866713	AUC[PR]: 0.081925
Val	AUC[ROC]: 0.847392	AUC[PR]: 0.060386
Epoch evaluation duration: 81.716506958
Epoch duration: 95.1485738754

Epoch 5/200
Epoch training duration: 13.4855010509
Train	AUC[ROC]: 0.872993	AUC[PR]: 0.084168
Val	AUC[ROC]: 0.849735	AUC[PR]: 0.064358
Epoch evaluation duration: 82.0342700481
Epoch duration: 95.5197710991

Epoch 6/200
Epoch training duration: 13.2575659752
Train	AUC[ROC]: 0.886119	AUC[PR]: 0.091961
Val	AUC[ROC]: 0.854240	AUC[PR]: 0.062469
Epoch evaluation duration: 81.5770878792
Epoch duration: 94.8346538544

Epoch 7/200
Epoch training duration: 13.2177569866
Train	AUC[ROC]: 0.899149	AUC[PR]: 0.091584
Val	AUC[ROC]: 0.857051	AUC[PR]: 0.060085
Epoch evaluation duration: 82.4539661407
Epoch duration: 95.6717231274

Epoch 8/200
Epoch training duration: 13.2825610638
Train	AUC[ROC]: 0.911189	AUC[PR]: 0.101735
Val	AUC[ROC]: 0.859631	AUC[PR]: 0.064827
Epoch evaluation duration: 81.714304924
Epoch duration: 94.9968659878

Epoch 9/200
Epoch training duration: 13.4590349197
Train	AUC[ROC]: 0.921293	AUC[PR]: 0.107197
Val	AUC[ROC]: 0.862711	AUC[PR]: 0.068046
Epoch evaluation duration: 82.3888640404
Epoch duration: 95.8478989601

Epoch 10/200
Epoch training duration: 13.1775960922
Train	AUC[ROC]: 0.929694	AUC[PR]: 0.113440
Val	AUC[ROC]: 0.866982	AUC[PR]: 0.063723
Epoch evaluation duration: 81.7604019642
Epoch duration: 94.9379980564

Epoch 11/200
Epoch training duration: 13.242980957
Train	AUC[ROC]: 0.937293	AUC[PR]: 0.114903
Val	AUC[ROC]: 0.871192	AUC[PR]: 0.060713
Epoch evaluation duration: 82.0091788769
Epoch duration: 95.2521598339

Epoch 12/200
Epoch training duration: 13.5798032284
Train	AUC[ROC]: 0.943523	AUC[PR]: 0.122370
Val	AUC[ROC]: 0.876154	AUC[PR]: 0.060402
Epoch evaluation duration: 82.3283407688
Epoch duration: 95.9081439972

Epoch 13/200
Epoch training duration: 13.9919531345
Train	AUC[ROC]: 0.949008	AUC[PR]: 0.131290
Val	AUC[ROC]: 0.878142	AUC[PR]: 0.064729
Epoch evaluation duration: 81.8879749775
Epoch duration: 95.879928112

Epoch 14/200
Epoch training duration: 13.2175068855
Train	AUC[ROC]: 0.953579	AUC[PR]: 0.140413
Val	AUC[ROC]: 0.883003	AUC[PR]: 0.064470
Epoch evaluation duration: 82.3569931984
Epoch duration: 95.5745000839

Epoch 15/200
Epoch training duration: 13.1316168308
Train	AUC[ROC]: 0.957872	AUC[PR]: 0.146848
Val	AUC[ROC]: 0.887909	AUC[PR]: 0.066201
Epoch evaluation duration: 82.0739161968
Epoch duration: 95.2055330276

Epoch 16/200
Epoch training duration: 13.1555068493
Train	AUC[ROC]: 0.961636	AUC[PR]: 0.163381
Val	AUC[ROC]: 0.888228	AUC[PR]: 0.072574
Epoch evaluation duration: 81.9501299858
Epoch duration: 95.1056368351

Epoch 17/200
Epoch training duration: 13.044754982
Train	AUC[ROC]: 0.965604	AUC[PR]: 0.156828
Val	AUC[ROC]: 0.891656	AUC[PR]: 0.064824
Epoch evaluation duration: 82.5231800079
Epoch duration: 95.5679349899

Epoch 18/200
Epoch training duration: 13.4815740585
Train	AUC[ROC]: 0.969657	AUC[PR]: 0.185458
Val	AUC[ROC]: 0.894871	AUC[PR]: 0.073607
Epoch evaluation duration: 82.1491699219
Epoch duration: 95.6307439804

Epoch 19/200
Epoch training duration: 12.9653451443
Train	AUC[ROC]: 0.972291	AUC[PR]: 0.171934
Val	AUC[ROC]: 0.897392	AUC[PR]: 0.067915
Epoch evaluation duration: 82.0156710148
Epoch duration: 94.9810161591

Epoch 20/200
Epoch training duration: 13.3022320271
Train	AUC[ROC]: 0.974600	AUC[PR]: 0.202513
Val	AUC[ROC]: 0.898637	AUC[PR]: 0.078379
Epoch evaluation duration: 81.3895568848
Epoch duration: 94.6917889118

Epoch 21/200
Epoch training duration: 13.2219741344
Train	AUC[ROC]: 0.976900	AUC[PR]: 0.180912
Val	AUC[ROC]: 0.898005	AUC[PR]: 0.071762
Epoch evaluation duration: 82.4322218895
Epoch duration: 95.6541960239

Epoch 22/200
Epoch training duration: 13.0222809315
Train	AUC[ROC]: 0.979716	AUC[PR]: 0.202868
Val	AUC[ROC]: 0.902089	AUC[PR]: 0.077773
Epoch evaluation duration: 82.8813960552
Epoch duration: 95.9036769867

Epoch 23/200
Epoch training duration: 13.4249501228
Train	AUC[ROC]: 0.981981	AUC[PR]: 0.204832
Val	AUC[ROC]: 0.900754	AUC[PR]: 0.079296
Epoch evaluation duration: 81.8825378418
Epoch duration: 95.3074879646

Epoch 24/200
Epoch training duration: 13.543792963
Train	AUC[ROC]: 0.983454	AUC[PR]: 0.210311
Val	AUC[ROC]: 0.902566	AUC[PR]: 0.077729
Epoch evaluation duration: 81.4974820614
Epoch duration: 95.0412750244

Epoch 25/200
Epoch training duration: 13.34928298
Train	AUC[ROC]: 0.985703	AUC[PR]: 0.213819
Val	AUC[ROC]: 0.902649	AUC[PR]: 0.075377
Epoch evaluation duration: 82.5928721428
Epoch duration: 95.9421551228

Epoch 26/200
Epoch training duration: 13.2318308353
Train	AUC[ROC]: 0.986582	AUC[PR]: 0.221193
Val	AUC[ROC]: 0.904843	AUC[PR]: 0.078439
Epoch evaluation duration: 82.4017131329
Epoch duration: 95.6335439682

Epoch 27/200
Epoch training duration: 13.1426329613
Train	AUC[ROC]: 0.988054	AUC[PR]: 0.223459
Val	AUC[ROC]: 0.903320	AUC[PR]: 0.082153
Epoch evaluation duration: 82.5642390251
Epoch duration: 95.7068719864

Epoch 28/200
Epoch training duration: 13.4227499962
Train	AUC[ROC]: 0.989205	AUC[PR]: 0.233633
Val	AUC[ROC]: 0.906820	AUC[PR]: 0.087701
Epoch evaluation duration: 82.2206828594
Epoch duration: 95.6434328556

Epoch 29/200
Epoch training duration: 13.1816790104
Train	AUC[ROC]: 0.990318	AUC[PR]: 0.227168
Val	AUC[ROC]: 0.906016	AUC[PR]: 0.087411
Epoch evaluation duration: 82.6379389763
Epoch duration: 95.8196179867

Epoch 30/200
Epoch training duration: 13.3794620037
Train	AUC[ROC]: 0.991093	AUC[PR]: 0.231904
Val	AUC[ROC]: 0.906585	AUC[PR]: 0.087700
Epoch evaluation duration: 81.4461040497
Epoch duration: 94.8255660534

Epoch 31/200
Epoch training duration: 13.3180589676
Train	AUC[ROC]: 0.991615	AUC[PR]: 0.230882
Val	AUC[ROC]: 0.904804	AUC[PR]: 0.082053
Epoch evaluation duration: 82.6499521732
Epoch duration: 95.9680111408

Epoch 32/200
Epoch training duration: 13.1447169781
Train	AUC[ROC]: 0.992936	AUC[PR]: 0.258608
Val	AUC[ROC]: 0.907699	AUC[PR]: 0.093195
Epoch evaluation duration: 81.905009985
Epoch duration: 95.049726963

Epoch 33/200
Epoch training duration: 13.4848270416
Train	AUC[ROC]: 0.992931	AUC[PR]: 0.225341
Val	AUC[ROC]: 0.906535	AUC[PR]: 0.078413
Epoch evaluation duration: 82.0329048634
Epoch duration: 95.517731905

Epoch 34/200
Epoch training duration: 13.2283790112
Train	AUC[ROC]: 0.993312	AUC[PR]: 0.256167
Val	AUC[ROC]: 0.913609	AUC[PR]: 0.097442
Epoch evaluation duration: 81.7733819485
Epoch duration: 95.0017609596

Epoch 35/200
Epoch training duration: 13.4000980854
Train	AUC[ROC]: 0.993812	AUC[PR]: 0.222822
Val	AUC[ROC]: 0.908450	AUC[PR]: 0.075285
Epoch evaluation duration: 82.9595069885
Epoch duration: 96.3596050739

Epoch 36/200
Epoch training duration: 13.0856618881
Train	AUC[ROC]: 0.994286	AUC[PR]: 0.253274
Val	AUC[ROC]: 0.913350	AUC[PR]: 0.088824
Epoch evaluation duration: 82.2482481003
Epoch duration: 95.3339099884

Epoch 37/200
Epoch training duration: 13.4124400616
Train	AUC[ROC]: 0.994486	AUC[PR]: 0.235360
Val	AUC[ROC]: 0.908202	AUC[PR]: 0.078879
Epoch evaluation duration: 82.1128158569
Epoch duration: 95.5252559185

Epoch 38/200
Epoch training duration: 13.1922562122
Train	AUC[ROC]: 0.994806	AUC[PR]: 0.256525
Val	AUC[ROC]: 0.914105	AUC[PR]: 0.092047
Epoch evaluation duration: 82.1523377895
Epoch duration: 95.3445940018

Epoch 39/200
Epoch training duration: 13.0589010715
Train	AUC[ROC]: 0.995077	AUC[PR]: 0.251625
Val	AUC[ROC]: 0.913707	AUC[PR]: 0.086921
Epoch evaluation duration: 83.3937430382
Epoch duration: 96.4526441097

Epoch 40/200
Epoch training duration: 13.1778609753
Train	AUC[ROC]: 0.995284	AUC[PR]: 0.257578
Val	AUC[ROC]: 0.914807	AUC[PR]: 0.091410
Epoch evaluation duration: 82.5672039986
Epoch duration: 95.7450649738

Epoch 41/200
Epoch training duration: 13.254805088
Train	AUC[ROC]: 0.995344	AUC[PR]: 0.245472
Val	AUC[ROC]: 0.912170	AUC[PR]: 0.085274
Epoch evaluation duration: 82.640889883
Epoch duration: 95.8956949711

Epoch 42/200
Epoch training duration: 13.3811039925
Train	AUC[ROC]: 0.995695	AUC[PR]: 0.254736
Val	AUC[ROC]: 0.917739	AUC[PR]: 0.097529
Epoch evaluation duration: 81.9816710949
Epoch duration: 95.3627750874

Epoch 43/200
Epoch training duration: 13.7612788677
Train	AUC[ROC]: 0.995885	AUC[PR]: 0.255366
Val	AUC[ROC]: 0.916708	AUC[PR]: 0.089962
Epoch evaluation duration: 81.3847970963
Epoch duration: 95.146075964

Epoch 44/200
Epoch training duration: 13.2347149849
Train	AUC[ROC]: 0.995971	AUC[PR]: 0.266335
Val	AUC[ROC]: 0.922230	AUC[PR]: 0.105540
Epoch evaluation duration: 81.6271378994
Epoch duration: 94.8618528843

Epoch 45/200
Epoch training duration: 13.4147291183
Train	AUC[ROC]: 0.995953	AUC[PR]: 0.251728
Val	AUC[ROC]: 0.922338	AUC[PR]: 0.089383
Epoch evaluation duration: 81.651927948
Epoch duration: 95.0666570663

Epoch 46/200
Epoch training duration: 13.0161440372
Train	AUC[ROC]: 0.996233	AUC[PR]: 0.270527
Val	AUC[ROC]: 0.919221	AUC[PR]: 0.097832
Epoch evaluation duration: 81.9626190662
Epoch duration: 94.9787631035

Epoch 47/200
Epoch training duration: 13.3169388771
Train	AUC[ROC]: 0.996261	AUC[PR]: 0.264705
Val	AUC[ROC]: 0.918904	AUC[PR]: 0.098158
Epoch evaluation duration: 77.7052710056
Epoch duration: 91.0222098827

Epoch 48/200
Epoch training duration: 11.080062151
Train	AUC[ROC]: 0.996399	AUC[PR]: 0.264131
Val	AUC[ROC]: 0.919485	AUC[PR]: 0.096535
Epoch evaluation duration: 67.274769783
Epoch duration: 78.354831934

Epoch 49/200
Epoch training duration: 13.3757061958
Train	AUC[ROC]: 0.996483	AUC[PR]: 0.272118
Val	AUC[ROC]: 0.921552	AUC[PR]: 0.103909
Epoch evaluation duration: 81.9198458195
Epoch duration: 95.2955520153

Epoch 50/200
Epoch training duration: 13.1549420357
Train	AUC[ROC]: 0.996504	AUC[PR]: 0.254070
Val	AUC[ROC]: 0.919427	AUC[PR]: 0.091885
Epoch evaluation duration: 81.8587110043
Epoch duration: 95.0136530399

Epoch 51/200
Epoch training duration: 13.2507021427
Train	AUC[ROC]: 0.996528	AUC[PR]: 0.265178
Val	AUC[ROC]: 0.926296	AUC[PR]: 0.095317
Epoch evaluation duration: 82.300650835
Epoch duration: 95.5513529778

Epoch 52/200
Epoch training duration: 12.9237930775
Train	AUC[ROC]: 0.996624	AUC[PR]: 0.262708
Val	AUC[ROC]: 0.921466	AUC[PR]: 0.095444
Epoch evaluation duration: 82.9412059784
Epoch duration: 95.8649990559

Epoch 53/200
Epoch training duration: 12.9543180466
Train	AUC[ROC]: 0.996469	AUC[PR]: 0.251175
Val	AUC[ROC]: 0.917675	AUC[PR]: 0.088566
Epoch evaluation duration: 82.2888760567
Epoch duration: 95.2431941032

Epoch 54/200
Epoch training duration: 12.9847588539
Train	AUC[ROC]: 0.996719	AUC[PR]: 0.271499
Val	AUC[ROC]: 0.922491	AUC[PR]: 0.100187
Epoch evaluation duration: 82.0756239891
Epoch duration: 95.060382843

Epoch 55/200
Epoch training duration: 13.3527951241
Train	AUC[ROC]: 0.996849	AUC[PR]: 0.266220
Val	AUC[ROC]: 0.923067	AUC[PR]: 0.092306
Epoch evaluation duration: 81.6711130142
Epoch duration: 95.0239081383

Epoch 56/200
Epoch training duration: 13.4873738289
Train	AUC[ROC]: 0.996890	AUC[PR]: 0.274545
Val	AUC[ROC]: 0.926115	AUC[PR]: 0.099354
Epoch evaluation duration: 81.5458631516
Epoch duration: 95.0332369804

Epoch 57/200
Epoch training duration: 13.1274359226
Train	AUC[ROC]: 0.996861	AUC[PR]: 0.263753
Val	AUC[ROC]: 0.923701	AUC[PR]: 0.095573
Epoch evaluation duration: 81.7672021389
Epoch duration: 94.8946380615

Epoch 58/200
Epoch training duration: 13.3123178482
Train	AUC[ROC]: 0.996968	AUC[PR]: 0.270173
Val	AUC[ROC]: 0.925998	AUC[PR]: 0.097253
Epoch evaluation duration: 82.5966470242
Epoch duration: 95.9089648724

Epoch 59/200
Epoch training duration: 13.236397028
Train	AUC[ROC]: 0.996975	AUC[PR]: 0.276257
Val	AUC[ROC]: 0.925036	AUC[PR]: 0.097652
Epoch evaluation duration: 81.8255798817
Epoch duration: 95.0619769096

Epoch 60/200
Epoch training duration: 13.380918026
Train	AUC[ROC]: 0.997010	AUC[PR]: 0.274888
Val	AUC[ROC]: 0.929116	AUC[PR]: 0.102689
Epoch evaluation duration: 81.7070260048
Epoch duration: 95.0879440308

Epoch 61/200
Epoch training duration: 13.416011095
Train	AUC[ROC]: 0.996966	AUC[PR]: 0.273129
Val	AUC[ROC]: 0.926438	AUC[PR]: 0.099227
Epoch evaluation duration: 81.2563281059
Epoch duration: 94.672339201

Epoch 62/200
Epoch training duration: 13.2313728333
Train	AUC[ROC]: 0.997154	AUC[PR]: 0.275240
Val	AUC[ROC]: 0.924496	AUC[PR]: 0.104458
Epoch evaluation duration: 81.3884251118
Epoch duration: 94.619797945

Epoch 63/200
Epoch training duration: 13.2284228802
Train	AUC[ROC]: 0.997114	AUC[PR]: 0.279597
Val	AUC[ROC]: 0.925979	AUC[PR]: 0.103573
Epoch evaluation duration: 82.1802799702
Epoch duration: 95.4087028503

Epoch 64/200
Epoch training duration: 12.9523410797
Train	AUC[ROC]: 0.997115	AUC[PR]: 0.264751
Val	AUC[ROC]: 0.925174	AUC[PR]: 0.101817
Epoch evaluation duration: 81.9511709213
Epoch duration: 94.903512001

Epoch 65/200
Epoch training duration: 13.3062601089
Train	AUC[ROC]: 0.997157	AUC[PR]: 0.268671
Val	AUC[ROC]: 0.926381	AUC[PR]: 0.093450
Epoch evaluation duration: 82.1435859203
Epoch duration: 95.4498460293

Epoch 66/200
Epoch training duration: 13.9942340851
Train	AUC[ROC]: 0.997096	AUC[PR]: 0.271290
Val	AUC[ROC]: 0.925940	AUC[PR]: 0.100071
Epoch evaluation duration: 82.0933570862
Epoch duration: 96.0875911713

Epoch 67/200
Epoch training duration: 13.3264667988
Train	AUC[ROC]: 0.997177	AUC[PR]: 0.277911
Val	AUC[ROC]: 0.928213	AUC[PR]: 0.099060
Epoch evaluation duration: 82.7065520287
Epoch duration: 96.0330188274

Epoch 68/200
Epoch training duration: 13.4367010593
Train	AUC[ROC]: 0.997391	AUC[PR]: 0.295410
Val	AUC[ROC]: 0.931776	AUC[PR]: 0.108332
Epoch evaluation duration: 82.8664031029
Epoch duration: 96.3031041622

Epoch 69/200
Epoch training duration: 13.1669669151
Train	AUC[ROC]: 0.997270	AUC[PR]: 0.278889
Val	AUC[ROC]: 0.928138	AUC[PR]: 0.104087
Epoch evaluation duration: 82.5748729706
Epoch duration: 95.7418398857

Epoch 70/200
Epoch training duration: 13.4361069202
Train	AUC[ROC]: 0.997386	AUC[PR]: 0.287192
Val	AUC[ROC]: 0.930103	AUC[PR]: 0.111144
Epoch evaluation duration: 82.3399000168
Epoch duration: 95.776006937

Epoch 71/200
Epoch training duration: 13.1748659611
Train	AUC[ROC]: 0.997272	AUC[PR]: 0.278243
Val	AUC[ROC]: 0.925105	AUC[PR]: 0.101963
Epoch evaluation duration: 82.4159021378
Epoch duration: 95.5907680988

Epoch 72/200
Epoch training duration: 13.2004618645
Train	AUC[ROC]: 0.997394	AUC[PR]: 0.275949
Val	AUC[ROC]: 0.928295	AUC[PR]: 0.102926
Epoch evaluation duration: 81.4423961639
Epoch duration: 94.6428580284

Epoch 73/200
Epoch training duration: 13.5196909904
Train	AUC[ROC]: 0.997450	AUC[PR]: 0.284838
Val	AUC[ROC]: 0.926325	AUC[PR]: 0.104023
Epoch evaluation duration: 82.1125500202
Epoch duration: 95.6322410107

Epoch 74/200
Epoch training duration: 13.2473750114
Train	AUC[ROC]: 0.997407	AUC[PR]: 0.280721
Val	AUC[ROC]: 0.932122	AUC[PR]: 0.103872
Epoch evaluation duration: 82.9478228092
Epoch duration: 96.1951978207

Epoch 75/200
Epoch training duration: 13.4550960064
Train	AUC[ROC]: 0.997463	AUC[PR]: 0.289681
Val	AUC[ROC]: 0.930412	AUC[PR]: 0.102772
Epoch evaluation duration: 81.8003702164
Epoch duration: 95.2554662228

Epoch 76/200
Epoch training duration: 13.1522529125
Train	AUC[ROC]: 0.997435	AUC[PR]: 0.286062
Val	AUC[ROC]: 0.933485	AUC[PR]: 0.102247
Epoch evaluation duration: 82.1733279228
Epoch duration: 95.3255808353

Epoch 77/200
Epoch training duration: 13.234951973
Train	AUC[ROC]: 0.997505	AUC[PR]: 0.291276
Val	AUC[ROC]: 0.930308	AUC[PR]: 0.108022
Epoch evaluation duration: 81.5899350643
Epoch duration: 94.8248870373

Epoch 78/200
Epoch training duration: 13.471216917
Train	AUC[ROC]: 0.997449	AUC[PR]: 0.292556
Val	AUC[ROC]: 0.934257	AUC[PR]: 0.113850
Epoch evaluation duration: 81.5747990608
Epoch duration: 95.0460159779

Epoch 79/200
Epoch training duration: 13.5709590912
Train	AUC[ROC]: 0.997467	AUC[PR]: 0.280898
Val	AUC[ROC]: 0.935669	AUC[PR]: 0.114779
Epoch evaluation duration: 82.2340779305
Epoch duration: 95.8050370216

Epoch 80/200
Epoch training duration: 13.2816839218
Train	AUC[ROC]: 0.997480	AUC[PR]: 0.288579
Val	AUC[ROC]: 0.929711	AUC[PR]: 0.102614
Epoch evaluation duration: 82.091864109
Epoch duration: 95.3735480309

Epoch 81/200
Epoch training duration: 13.3337218761
Train	AUC[ROC]: 0.997509	AUC[PR]: 0.291779
Val	AUC[ROC]: 0.931664	AUC[PR]: 0.113239
Epoch evaluation duration: 82.5552010536
Epoch duration: 95.8889229298

Epoch 82/200
Epoch training duration: 13.282389164
Train	AUC[ROC]: 0.997475	AUC[PR]: 0.280911
Val	AUC[ROC]: 0.931566	AUC[PR]: 0.105213
Epoch evaluation duration: 81.9650959969
Epoch duration: 95.2474851608

Epoch 83/200
Epoch training duration: 13.1354467869
Train	AUC[ROC]: 0.997508	AUC[PR]: 0.274703
Val	AUC[ROC]: 0.933646	AUC[PR]: 0.103035
Epoch evaluation duration: 82.3146722317
Epoch duration: 95.4501190186

Epoch 84/200
Epoch training duration: 13.0276818275
Train	AUC[ROC]: 0.997601	AUC[PR]: 0.291488
Val	AUC[ROC]: 0.931817	AUC[PR]: 0.111657
Epoch evaluation duration: 81.4938280582
Epoch duration: 94.5215098858

Epoch 85/200
Epoch training duration: 13.4097778797
Train	AUC[ROC]: 0.997568	AUC[PR]: 0.287983
Val	AUC[ROC]: 0.935714	AUC[PR]: 0.111416
Epoch evaluation duration: 82.5531060696
Epoch duration: 95.9628839493

Epoch 86/200
Epoch training duration: 13.1877729893
Train	AUC[ROC]: 0.997543	AUC[PR]: 0.285119
Val	AUC[ROC]: 0.930754	AUC[PR]: 0.105156
Epoch evaluation duration: 82.1433260441
Epoch duration: 95.3310990334

Epoch 87/200
Epoch training duration: 13.3290770054
Train	AUC[ROC]: 0.997653	AUC[PR]: 0.302819
Val	AUC[ROC]: 0.936112	AUC[PR]: 0.112311
Epoch evaluation duration: 81.4800229073
Epoch duration: 94.8090999126

Epoch 88/200
Epoch training duration: 13.3800082207
Train	AUC[ROC]: 0.997580	AUC[PR]: 0.285411
Val	AUC[ROC]: 0.930224	AUC[PR]: 0.100566
Epoch evaluation duration: 82.3137998581
Epoch duration: 95.6938080788

Epoch 89/200
Epoch training duration: 13.2446539402
Train	AUC[ROC]: 0.997607	AUC[PR]: 0.285253
Val	AUC[ROC]: 0.931133	AUC[PR]: 0.108890
Epoch evaluation duration: 82.0185849667
Epoch duration: 95.2632389069

Epoch 90/200
Epoch training duration: 13.1791541576
Train	AUC[ROC]: 0.997575	AUC[PR]: 0.282986
Val	AUC[ROC]: 0.934869	AUC[PR]: 0.108269
Epoch evaluation duration: 82.5662488937
Epoch duration: 95.7454030514

Epoch 91/200
Epoch training duration: 13.1461479664
Train	AUC[ROC]: 0.997545	AUC[PR]: 0.281376
Val	AUC[ROC]: 0.932569	AUC[PR]: 0.102832
Epoch evaluation duration: 82.1646170616
Epoch duration: 95.310765028

Epoch 92/200
Epoch training duration: 12.9680521488
Train	AUC[ROC]: 0.997685	AUC[PR]: 0.299231
Val	AUC[ROC]: 0.936311	AUC[PR]: 0.111240
Epoch evaluation duration: 82.5772068501
Epoch duration: 95.5452589989

Epoch 93/200
Epoch training duration: 13.1281960011
Train	AUC[ROC]: 0.997668	AUC[PR]: 0.293115
Val	AUC[ROC]: 0.934915	AUC[PR]: 0.115229
Epoch evaluation duration: 82.2199649811
Epoch duration: 95.3481609821

Epoch 94/200
Epoch training duration: 13.288228035
Train	AUC[ROC]: 0.997686	AUC[PR]: 0.296033
Val	AUC[ROC]: 0.936850	AUC[PR]: 0.110459
Epoch evaluation duration: 75.7710740566
Epoch duration: 89.0593020916

Epoch 95/200
Epoch training duration: 11.3992409706
Train	AUC[ROC]: 0.997664	AUC[PR]: 0.289429
Val	AUC[ROC]: 0.935569	AUC[PR]: 0.108169
Epoch evaluation duration: 71.3961119652
Epoch duration: 82.7953529358

Epoch 96/200
Epoch training duration: 13.3489069939
Train	AUC[ROC]: 0.997636	AUC[PR]: 0.291458
Val	AUC[ROC]: 0.934130	AUC[PR]: 0.113838
Epoch evaluation duration: 81.8890750408
Epoch duration: 95.2379820347

Epoch 97/200
Epoch training duration: 13.3223640919
Train	AUC[ROC]: 0.997650	AUC[PR]: 0.281198
Val	AUC[ROC]: 0.933695	AUC[PR]: 0.105604
Epoch evaluation duration: 67.9760019779
Epoch duration: 81.2983660698

Epoch 98/200
Epoch training duration: 11.4956848621
Train	AUC[ROC]: 0.997637	AUC[PR]: 0.280964
Val	AUC[ROC]: 0.934299	AUC[PR]: 0.109628
Epoch evaluation duration: 67.6618831158
Epoch duration: 79.1575679779

Epoch 99/200
Epoch training duration: 11.474711895
Train	AUC[ROC]: 0.997744	AUC[PR]: 0.296892
Val	AUC[ROC]: 0.934361	AUC[PR]: 0.111977
Epoch evaluation duration: 69.1415560246
Epoch duration: 80.6162679195

Epoch 100/200
Epoch training duration: 11.3236320019
Train	AUC[ROC]: 0.997638	AUC[PR]: 0.284117
Val	AUC[ROC]: 0.933577	AUC[PR]: 0.105694
Epoch evaluation duration: 66.5127909184
Epoch duration: 77.8364229202

Epoch 101/200
Epoch training duration: 11.4436500072
Train	AUC[ROC]: 0.997574	AUC[PR]: 0.284002
Val	AUC[ROC]: 0.934029	AUC[PR]: 0.108850
Epoch evaluation duration: 67.8158371449
Epoch duration: 79.2594871521

Epoch 102/200
Epoch training duration: 11.452532053
Train	AUC[ROC]: 0.997688	AUC[PR]: 0.291107
Val	AUC[ROC]: 0.933651	AUC[PR]: 0.107041
Epoch evaluation duration: 74.9019098282
Epoch duration: 86.3544418812

Epoch 103/200
Epoch training duration: 13.2035861015
Train	AUC[ROC]: 0.997742	AUC[PR]: 0.290149
Val	AUC[ROC]: 0.931707	AUC[PR]: 0.111381
Epoch evaluation duration: 81.9386029243
Epoch duration: 95.1421890259

Epoch 104/200
Epoch training duration: 13.6947491169
Train	AUC[ROC]: 0.997711	AUC[PR]: 0.297447
Val	AUC[ROC]: 0.935479	AUC[PR]: 0.111516
Epoch evaluation duration: 80.2772929668
Epoch duration: 93.9720420837

Epoch 105/200
Epoch training duration: 13.3261680603
Train	AUC[ROC]: 0.997704	AUC[PR]: 0.284871
Val	AUC[ROC]: 0.935641	AUC[PR]: 0.106491
Epoch evaluation duration: 82.429407835
Epoch duration: 95.7555758953

Epoch 106/200
Epoch training duration: 13.4239661694
Train	AUC[ROC]: 0.997767	AUC[PR]: 0.301192
Val	AUC[ROC]: 0.936050	AUC[PR]: 0.109150
Epoch evaluation duration: 82.9979519844
Epoch duration: 96.4219181538

Epoch 107/200
Epoch training duration: 13.6037538052
Train	AUC[ROC]: 0.997753	AUC[PR]: 0.295514
Val	AUC[ROC]: 0.937189	AUC[PR]: 0.111339
Epoch evaluation duration: 82.3097631931
Epoch duration: 95.9135169983

Epoch 108/200
Epoch training duration: 13.0860188007
Train	AUC[ROC]: 0.997814	AUC[PR]: 0.302705
Val	AUC[ROC]: 0.936323	AUC[PR]: 0.114314
Epoch evaluation duration: 81.619508028
Epoch duration: 94.7055268288

Epoch 109/200
Epoch training duration: 13.5261881351
Train	AUC[ROC]: 0.997749	AUC[PR]: 0.289812
Val	AUC[ROC]: 0.939416	AUC[PR]: 0.119383
Epoch evaluation duration: 82.3307030201
Epoch duration: 95.8568911552

Epoch 110/200
Epoch training duration: 13.3165090084
Train	AUC[ROC]: 0.997808	AUC[PR]: 0.296686
Val	AUC[ROC]: 0.934466	AUC[PR]: 0.111773
Epoch evaluation duration: 81.9547259808
Epoch duration: 95.2712349892

Epoch 111/200
Epoch training duration: 13.3358929157
Train	AUC[ROC]: 0.997780	AUC[PR]: 0.298390
Val	AUC[ROC]: 0.937538	AUC[PR]: 0.119289
Epoch evaluation duration: 82.0372960567
Epoch duration: 95.3731889725

Epoch 112/200
Epoch training duration: 13.2638318539
Train	AUC[ROC]: 0.997789	AUC[PR]: 0.294644
Val	AUC[ROC]: 0.936509	AUC[PR]: 0.110454
Epoch evaluation duration: 82.246666193
Epoch duration: 95.5104980469

Epoch 113/200
Epoch training duration: 13.2115008831
Train	AUC[ROC]: 0.997763	AUC[PR]: 0.287823
Val	AUC[ROC]: 0.935498	AUC[PR]: 0.110980
Epoch evaluation duration: 82.2759449482
Epoch duration: 95.4874458313

Epoch 114/200
Epoch training duration: 13.39204216
Train	AUC[ROC]: 0.997765	AUC[PR]: 0.303281
Val	AUC[ROC]: 0.938023	AUC[PR]: 0.107562
Epoch evaluation duration: 81.7893998623
Epoch duration: 95.1814420223

Epoch 115/200
Epoch training duration: 13.3608961105
Train	AUC[ROC]: 0.997841	AUC[PR]: 0.301440
Val	AUC[ROC]: 0.938015	AUC[PR]: 0.116670
Epoch evaluation duration: 81.8488678932
Epoch duration: 95.2097640038

Epoch 116/200
Epoch training duration: 13.563699007
Train	AUC[ROC]: 0.997841	AUC[PR]: 0.300136
Val	AUC[ROC]: 0.936029	AUC[PR]: 0.123293
Epoch evaluation duration: 81.8517291546
Epoch duration: 95.4154281616

Epoch 117/200
Epoch training duration: 13.2118639946
Train	AUC[ROC]: 0.997804	AUC[PR]: 0.289456
Val	AUC[ROC]: 0.935588	AUC[PR]: 0.116546
Epoch evaluation duration: 82.0512588024
Epoch duration: 95.263122797

Epoch 118/200
Epoch training duration: 13.181645155
Train	AUC[ROC]: 0.997791	AUC[PR]: 0.286744
Val	AUC[ROC]: 0.935564	AUC[PR]: 0.115365
Epoch evaluation duration: 82.607446909
Epoch duration: 95.7890920639

Epoch 119/200
Epoch training duration: 13.4980061054
Train	AUC[ROC]: 0.997832	AUC[PR]: 0.307127
Val	AUC[ROC]: 0.936826	AUC[PR]: 0.123872
Epoch evaluation duration: 83.2420809269
Epoch duration: 96.7400870323

Epoch 120/200
Epoch training duration: 13.6944680214
Train	AUC[ROC]: 0.997698	AUC[PR]: 0.290364
Val	AUC[ROC]: 0.934918	AUC[PR]: 0.111821
Epoch evaluation duration: 82.7302289009
Epoch duration: 96.4246969223

Epoch 121/200
Epoch training duration: 13.1815910339
Train	AUC[ROC]: 0.997839	AUC[PR]: 0.299847
Val	AUC[ROC]: 0.937387	AUC[PR]: 0.118008
Epoch evaluation duration: 82.4671649933
Epoch duration: 95.6487560272

Epoch 122/200
Epoch training duration: 13.1546909809
Train	AUC[ROC]: 0.997792	AUC[PR]: 0.291810
Val	AUC[ROC]: 0.934054	AUC[PR]: 0.109406
Epoch evaluation duration: 82.2318100929
Epoch duration: 95.3865010738

Epoch 123/200
Epoch training duration: 13.6956470013
Train	AUC[ROC]: 0.997834	AUC[PR]: 0.298109
Val	AUC[ROC]: 0.936525	AUC[PR]: 0.110845
Epoch evaluation duration: 82.2527289391
Epoch duration: 95.9483759403

Epoch 124/200
Epoch training duration: 13.3040881157
Train	AUC[ROC]: 0.997846	AUC[PR]: 0.300348
Val	AUC[ROC]: 0.937677	AUC[PR]: 0.116278
Epoch evaluation duration: 82.7870709896
Epoch duration: 96.0911591053

Epoch 125/200
Epoch training duration: 13.0498230457
Train	AUC[ROC]: 0.997853	AUC[PR]: 0.296889
Val	AUC[ROC]: 0.937708	AUC[PR]: 0.113197
Epoch evaluation duration: 82.2049739361
Epoch duration: 95.2547969818

Epoch 126/200
Epoch training duration: 13.4974908829
Train	AUC[ROC]: 0.997868	AUC[PR]: 0.306094
Val	AUC[ROC]: 0.936786	AUC[PR]: 0.122646
Epoch evaluation duration: 82.2210969925
Epoch duration: 95.7185878754

Epoch 127/200
Epoch training duration: 13.4778411388
Train	AUC[ROC]: 0.997849	AUC[PR]: 0.295203
Val	AUC[ROC]: 0.934260	AUC[PR]: 0.109051
Epoch evaluation duration: 81.7951350212
Epoch duration: 95.27297616

Epoch 128/200
Epoch training duration: 13.4074759483
Train	AUC[ROC]: 0.997835	AUC[PR]: 0.295258
Val	AUC[ROC]: 0.935569	AUC[PR]: 0.111579
Epoch evaluation duration: 82.0029399395
Epoch duration: 95.4104158878

Epoch 129/200
Epoch training duration: 13.3913099766
Train	AUC[ROC]: 0.997876	AUC[PR]: 0.307197
Val	AUC[ROC]: 0.936013	AUC[PR]: 0.117294
Epoch evaluation duration: 82.3635439873
Epoch duration: 95.7548539639

Epoch 130/200
Epoch training duration: 13.2312710285
Train	AUC[ROC]: 0.997843	AUC[PR]: 0.291544
Val	AUC[ROC]: 0.939276	AUC[PR]: 0.111285
Epoch evaluation duration: 82.5251891613
Epoch duration: 95.7564601898

Epoch 131/200
Epoch training duration: 13.2168178558
Train	AUC[ROC]: 0.997904	AUC[PR]: 0.308972
Val	AUC[ROC]: 0.937972	AUC[PR]: 0.120184
Epoch evaluation duration: 82.9834039211
Epoch duration: 96.200221777

Epoch 132/200
Epoch training duration: 13.2641301155
Train	AUC[ROC]: 0.997889	AUC[PR]: 0.296519
Val	AUC[ROC]: 0.940117	AUC[PR]: 0.116724
Epoch evaluation duration: 82.7046320438
Epoch duration: 95.9687621593

Epoch 133/200
Epoch training duration: 13.1765840054
Train	AUC[ROC]: 0.997926	AUC[PR]: 0.306442
Val	AUC[ROC]: 0.938889	AUC[PR]: 0.116680
Epoch evaluation duration: 83.4764740467
Epoch duration: 96.6530580521

Epoch 134/200
Epoch training duration: 13.1889100075
Train	AUC[ROC]: 0.997871	AUC[PR]: 0.299911
Val	AUC[ROC]: 0.938388	AUC[PR]: 0.113858
Epoch evaluation duration: 82.6907308102
Epoch duration: 95.8796408176

Epoch 135/200
Epoch training duration: 13.3420050144
Train	AUC[ROC]: 0.997924	AUC[PR]: 0.303105
Val	AUC[ROC]: 0.938048	AUC[PR]: 0.111212
Epoch evaluation duration: 82.7174589634
Epoch duration: 96.0594639778

Epoch 136/200
Epoch training duration: 13.5870761871
Train	AUC[ROC]: 0.997891	AUC[PR]: 0.303448
Val	AUC[ROC]: 0.935124	AUC[PR]: 0.119389
Epoch evaluation duration: 81.843667984
Epoch duration: 95.4307441711

Epoch 137/200
Epoch training duration: 13.4366149902
Train	AUC[ROC]: 0.997884	AUC[PR]: 0.296703
Val	AUC[ROC]: 0.937332	AUC[PR]: 0.112436
Epoch evaluation duration: 81.9246079922
Epoch duration: 95.3612229824

Epoch 138/200
Epoch training duration: 13.3999989033
Train	AUC[ROC]: 0.997928	AUC[PR]: 0.302517
Val	AUC[ROC]: 0.938506	AUC[PR]: 0.116692
Epoch evaluation duration: 82.1076760292
Epoch duration: 95.5076749325

Epoch 139/200
Epoch training duration: 13.2928819656
Train	AUC[ROC]: 0.997902	AUC[PR]: 0.305762
Val	AUC[ROC]: 0.938875	AUC[PR]: 0.119226
Epoch evaluation duration: 82.0998520851
Epoch duration: 95.3927340508

Epoch 140/200
Epoch training duration: 13.2789030075
Train	AUC[ROC]: 0.997860	AUC[PR]: 0.292760
Val	AUC[ROC]: 0.937335	AUC[PR]: 0.115853
Epoch evaluation duration: 82.4246990681
Epoch duration: 95.7036020756

Epoch 141/200
Epoch training duration: 13.284006834
Train	AUC[ROC]: 0.997952	AUC[PR]: 0.308596
Val	AUC[ROC]: 0.938152	AUC[PR]: 0.121215
Epoch evaluation duration: 82.5179080963
Epoch duration: 95.8019149303

Epoch 142/200
Epoch training duration: 13.6386320591
Train	AUC[ROC]: 0.997876	AUC[PR]: 0.302154
Val	AUC[ROC]: 0.936716	AUC[PR]: 0.114925
Epoch evaluation duration: 82.1035277843
Epoch duration: 95.7421598434

Epoch 143/200
Epoch training duration: 13.3300402164
Train	AUC[ROC]: 0.997874	AUC[PR]: 0.297624
Val	AUC[ROC]: 0.940293	AUC[PR]: 0.117701
Epoch evaluation duration: 82.478153944
Epoch duration: 95.8081941605

Epoch 144/200
Epoch training duration: 13.3407979012
Train	AUC[ROC]: 0.997895	AUC[PR]: 0.297452
Val	AUC[ROC]: 0.937342	AUC[PR]: 0.113668
Epoch evaluation duration: 82.6352980137
Epoch duration: 95.9760959148

Epoch 145/200
Epoch training duration: 13.3438000679
Train	AUC[ROC]: 0.997909	AUC[PR]: 0.298990
Val	AUC[ROC]: 0.938099	AUC[PR]: 0.115382
Epoch evaluation duration: 83.1540429592
Epoch duration: 96.4978430271

Epoch 146/200
Epoch training duration: 13.2390730381
Train	AUC[ROC]: 0.997910	AUC[PR]: 0.298055
Val	AUC[ROC]: 0.939000	AUC[PR]: 0.116908
Epoch evaluation duration: 82.8243539333
Epoch duration: 96.0634269714

Epoch 147/200
Epoch training duration: 13.4637589455
Train	AUC[ROC]: 0.997926	AUC[PR]: 0.300878
Val	AUC[ROC]: 0.939662	AUC[PR]: 0.115767
Epoch evaluation duration: 82.0380470753
Epoch duration: 95.5018060207

Epoch 148/200
Epoch training duration: 13.4145340919
Train	AUC[ROC]: 0.997912	AUC[PR]: 0.302820
Val	AUC[ROC]: 0.939207	AUC[PR]: 0.114425
Epoch evaluation duration: 82.0250248909
Epoch duration: 95.4395589828

Epoch 149/200
Epoch training duration: 13.4899439812
Train	AUC[ROC]: 0.997958	AUC[PR]: 0.308499
Val	AUC[ROC]: 0.937676	AUC[PR]: 0.118142
Epoch evaluation duration: 82.1813280582
Epoch duration: 95.6712720394

Epoch 150/200
Epoch training duration: 13.4519689083
Train	AUC[ROC]: 0.997952	AUC[PR]: 0.303439
Val	AUC[ROC]: 0.941478	AUC[PR]: 0.121695
Epoch evaluation duration: 82.7536420822
Epoch duration: 96.2056109905

Epoch 151/200
Epoch training duration: 13.2966299057
Train	AUC[ROC]: 0.997943	AUC[PR]: 0.307426
Val	AUC[ROC]: 0.936155	AUC[PR]: 0.111304
Epoch evaluation duration: 81.9218111038
Epoch duration: 95.2184410095

Epoch 152/200
Epoch training duration: 13.2057840824
Train	AUC[ROC]: 0.997924	AUC[PR]: 0.297296
Val	AUC[ROC]: 0.937877	AUC[PR]: 0.113851
Epoch evaluation duration: 82.4431829453
Epoch duration: 95.6489670277

Epoch 153/200
Epoch training duration: 13.298361063
Train	AUC[ROC]: 0.997949	AUC[PR]: 0.303296
Val	AUC[ROC]: 0.938191	AUC[PR]: 0.116078
Epoch evaluation duration: 82.6224799156
Epoch duration: 95.9208409786

Epoch 154/200
Epoch training duration: 13.2070970535
Train	AUC[ROC]: 0.997891	AUC[PR]: 0.293082
Val	AUC[ROC]: 0.938059	AUC[PR]: 0.107868
Epoch evaluation duration: 80.9459228516
Epoch duration: 94.1530199051

Epoch 155/200
Epoch training duration: 13.5140340328
Train	AUC[ROC]: 0.997949	AUC[PR]: 0.299648
Val	AUC[ROC]: 0.937157	AUC[PR]: 0.116938
Epoch evaluation duration: 81.9003801346
Epoch duration: 95.4144141674

Epoch 156/200
Epoch training duration: 13.3099138737
Train	AUC[ROC]: 0.997985	AUC[PR]: 0.302712
Val	AUC[ROC]: 0.939044	AUC[PR]: 0.123653
Epoch evaluation duration: 82.4018111229
Epoch duration: 95.7117249966

Epoch 157/200
Epoch training duration: 13.5301008224
Train	AUC[ROC]: 0.997939	AUC[PR]: 0.298308
Val	AUC[ROC]: 0.936519	AUC[PR]: 0.116625
Epoch evaluation duration: 82.5760700703
Epoch duration: 96.1061708927

Epoch 158/200
Epoch training duration: 13.2520689964
Train	AUC[ROC]: 0.998017	AUC[PR]: 0.319550
Val	AUC[ROC]: 0.937775	AUC[PR]: 0.116480
Epoch evaluation duration: 82.741204977
Epoch duration: 95.9932739735

Epoch 159/200
Epoch training duration: 13.1805269718
Train	AUC[ROC]: 0.997925	AUC[PR]: 0.303322
Val	AUC[ROC]: 0.938233	AUC[PR]: 0.110652
Epoch evaluation duration: 83.1026639938
Epoch duration: 96.2831909657

Epoch 160/200
Epoch training duration: 13.4934551716
Train	AUC[ROC]: 0.997966	AUC[PR]: 0.304815
Val	AUC[ROC]: 0.938872	AUC[PR]: 0.112408
Epoch evaluation duration: 82.1391019821
Epoch duration: 95.6325571537

Epoch 161/200
Epoch training duration: 13.5653319359
Train	AUC[ROC]: 0.997968	AUC[PR]: 0.298145
Val	AUC[ROC]: 0.936415	AUC[PR]: 0.113262
Epoch evaluation duration: 82.4275069237
Epoch duration: 95.9928388596

Epoch 162/200
Epoch training duration: 13.2507359982
Train	AUC[ROC]: 0.997957	AUC[PR]: 0.311535
Val	AUC[ROC]: 0.938939	AUC[PR]: 0.121625
Epoch evaluation duration: 81.7571229935
Epoch duration: 95.0078589916

Epoch 163/200
Epoch training duration: 13.1895401478
Train	AUC[ROC]: 0.997936	AUC[PR]: 0.291404
Val	AUC[ROC]: 0.937218	AUC[PR]: 0.112846
Epoch evaluation duration: 82.3627588749
Epoch duration: 95.5522990227

Epoch 164/200
Epoch training duration: 13.1446151733
Train	AUC[ROC]: 0.997971	AUC[PR]: 0.304220
Val	AUC[ROC]: 0.939377	AUC[PR]: 0.118861
Epoch evaluation duration: 82.242030859
Epoch duration: 95.3866460323

Epoch 165/200
Epoch training duration: 13.321860075
Train	AUC[ROC]: 0.998015	AUC[PR]: 0.310251
Val	AUC[ROC]: 0.941060	AUC[PR]: 0.117748
Epoch evaluation duration: 82.9333729744
Epoch duration: 96.2552330494

Epoch 166/200
Epoch training duration: 13.049767971
Train	AUC[ROC]: 0.997951	AUC[PR]: 0.294357
Val	AUC[ROC]: 0.938127	AUC[PR]: 0.112785
Epoch evaluation duration: 82.5239510536
Epoch duration: 95.5737190247

Epoch 167/200
Epoch training duration: 13.9496200085
Train	AUC[ROC]: 0.997982	AUC[PR]: 0.308681
Val	AUC[ROC]: 0.939248	AUC[PR]: 0.114839
Epoch evaluation duration: 81.9198720455
Epoch duration: 95.869492054

Epoch 168/200
Epoch training duration: 13.532971859
Train	AUC[ROC]: 0.997976	AUC[PR]: 0.301107
Val	AUC[ROC]: 0.936595	AUC[PR]: 0.115498
Epoch evaluation duration: 82.0633180141
Epoch duration: 95.5962898731

Epoch 169/200
Epoch training duration: 13.4120490551
Train	AUC[ROC]: 0.997996	AUC[PR]: 0.306124
Val	AUC[ROC]: 0.937681	AUC[PR]: 0.115187
Epoch evaluation duration: 82.4402179718
Epoch duration: 95.8522670269

Epoch 170/200
Epoch training duration: 13.3408439159
Train	AUC[ROC]: 0.997996	AUC[PR]: 0.310320
Val	AUC[ROC]: 0.938640	AUC[PR]: 0.120426
Epoch evaluation duration: 82.5859200954
Epoch duration: 95.9267640114

Epoch 171/200
Epoch training duration: 13.2801909447
Train	AUC[ROC]: 0.997980	AUC[PR]: 0.305674
Val	AUC[ROC]: 0.940048	AUC[PR]: 0.120191
Epoch evaluation duration: 82.7538509369
Epoch duration: 96.0340418816

Epoch 172/200
Epoch training duration: 13.6225450039
Train	AUC[ROC]: 0.998008	AUC[PR]: 0.303744
Val	AUC[ROC]: 0.940818	AUC[PR]: 0.121643
Epoch evaluation duration: 82.3999290466
Epoch duration: 96.0224740505

Epoch 173/200
Epoch training duration: 13.0849511623
Train	AUC[ROC]: 0.997975	AUC[PR]: 0.304780
Val	AUC[ROC]: 0.938724	AUC[PR]: 0.122379
Epoch evaluation duration: 82.3002460003
Epoch duration: 95.3851971626

Epoch 174/200
Epoch training duration: 13.0789859295
Train	AUC[ROC]: 0.998004	AUC[PR]: 0.296595
Val	AUC[ROC]: 0.942187	AUC[PR]: 0.118288
Epoch evaluation duration: 82.2371258736
Epoch duration: 95.3161118031

Epoch 175/200
Epoch training duration: 13.3585782051
Train	AUC[ROC]: 0.998051	AUC[PR]: 0.317170
Val	AUC[ROC]: 0.942382	AUC[PR]: 0.122503
Epoch evaluation duration: 82.2638909817
Epoch duration: 95.6224691868

Epoch 176/200
Epoch training duration: 13.298322916
Train	AUC[ROC]: 0.997980	AUC[PR]: 0.297661
Val	AUC[ROC]: 0.937835	AUC[PR]: 0.117471
Epoch evaluation duration: 82.2307240963
Epoch duration: 95.5290470123

Epoch 177/200
Epoch training duration: 13.4212520123
Train	AUC[ROC]: 0.998067	AUC[PR]: 0.315812
Val	AUC[ROC]: 0.937198	AUC[PR]: 0.121416
Epoch evaluation duration: 82.1307179928
Epoch duration: 95.551970005

Epoch 178/200
Epoch training duration: 13.294574976
Train	AUC[ROC]: 0.997996	AUC[PR]: 0.306608
Val	AUC[ROC]: 0.937242	AUC[PR]: 0.115954
Epoch evaluation duration: 82.4535028934
Epoch duration: 95.7480778694

Epoch 179/200
Epoch training duration: 13.5116300583
Train	AUC[ROC]: 0.998023	AUC[PR]: 0.307564
Val	AUC[ROC]: 0.937371	AUC[PR]: 0.119008
Epoch evaluation duration: 81.9644908905
Epoch duration: 95.4761209488

Epoch 180/200
Epoch training duration: 13.3711481094
Train	AUC[ROC]: 0.998003	AUC[PR]: 0.305716
Val	AUC[ROC]: 0.941733	AUC[PR]: 0.117894
Epoch evaluation duration: 82.1862049103
Epoch duration: 95.5573530197

Epoch 181/200
Epoch training duration: 13.4242529869
Train	AUC[ROC]: 0.997987	AUC[PR]: 0.300958
Val	AUC[ROC]: 0.937536	AUC[PR]: 0.115288
Epoch evaluation duration: 82.3742940426
Epoch duration: 95.7985470295

Epoch 182/200
Epoch training duration: 13.2432630062
Train	AUC[ROC]: 0.998007	AUC[PR]: 0.311010
Val	AUC[ROC]: 0.939925	AUC[PR]: 0.123316
Epoch evaluation duration: 83.0310769081
Epoch duration: 96.2743399143

Epoch 183/200
Epoch training duration: 13.0770280361
Train	AUC[ROC]: 0.998025	AUC[PR]: 0.309422
Val	AUC[ROC]: 0.940796	AUC[PR]: 0.124096
Epoch evaluation duration: 82.6328001022
Epoch duration: 95.7098281384

Epoch 184/200
Epoch training duration: 13.5100209713
Train	AUC[ROC]: 0.997997	AUC[PR]: 0.302365
Val	AUC[ROC]: 0.940749	AUC[PR]: 0.120661
Epoch evaluation duration: 82.7019729614
Epoch duration: 96.2119939327

Epoch 185/200
Epoch training duration: 13.279916048
Train	AUC[ROC]: 0.998003	AUC[PR]: 0.303119
Val	AUC[ROC]: 0.939454	AUC[PR]: 0.119878
Epoch evaluation duration: 82.8909020424
Epoch duration: 96.1708180904

Epoch 186/200
Epoch training duration: 13.657779932
Train	AUC[ROC]: 0.998004	AUC[PR]: 0.298648
Val	AUC[ROC]: 0.939317	AUC[PR]: 0.111144
Epoch evaluation duration: 82.4778859615
Epoch duration: 96.1356658936

Epoch 187/200
Epoch training duration: 13.1320829391
Train	AUC[ROC]: 0.998025	AUC[PR]: 0.306490
Val	AUC[ROC]: 0.939473	AUC[PR]: 0.117166
Epoch evaluation duration: 81.741300106
Epoch duration: 94.8733830452

Epoch 188/200
Epoch training duration: 13.3507859707
Train	AUC[ROC]: 0.998008	AUC[PR]: 0.307796
Val	AUC[ROC]: 0.939104	AUC[PR]: 0.119729
Epoch evaluation duration: 81.7814791203
Epoch duration: 95.1322650909

Epoch 189/200
Epoch training duration: 13.7668128014
Train	AUC[ROC]: 0.997990	AUC[PR]: 0.292818
Val	AUC[ROC]: 0.938372	AUC[PR]: 0.115591
Epoch evaluation duration: 82.1284351349
Epoch duration: 95.8952479362

Epoch 190/200
Epoch training duration: 13.2916328907
Train	AUC[ROC]: 0.997944	AUC[PR]: 0.302450
Val	AUC[ROC]: 0.934948	AUC[PR]: 0.115444
Epoch evaluation duration: 82.006893158
Epoch duration: 95.2985260487

Epoch 191/200
Epoch training duration: 13.4448349476
Train	AUC[ROC]: 0.997977	AUC[PR]: 0.293433
Val	AUC[ROC]: 0.939569	AUC[PR]: 0.112065
Epoch evaluation duration: 81.8460679054
Epoch duration: 95.290902853

Epoch 192/200
Epoch training duration: 13.5880820751
Train	AUC[ROC]: 0.998024	AUC[PR]: 0.306971
Val	AUC[ROC]: 0.939162	AUC[PR]: 0.121498
Epoch evaluation duration: 81.7201340199
Epoch duration: 95.308216095

Epoch 193/200
Epoch training duration: 13.3231620789
Train	AUC[ROC]: 0.997947	AUC[PR]: 0.294447
Val	AUC[ROC]: 0.939391	AUC[PR]: 0.113735
Epoch evaluation duration: 82.9374098778
Epoch duration: 96.2605719566

Epoch 194/200
Epoch training duration: 13.3031830788
Train	AUC[ROC]: 0.998010	AUC[PR]: 0.305527
Val	AUC[ROC]: 0.939132	AUC[PR]: 0.118194
Epoch evaluation duration: 82.4365558624
Epoch duration: 95.7397389412

Epoch 195/200
Epoch training duration: 13.2601790428
Train	AUC[ROC]: 0.998025	AUC[PR]: 0.299511
Val	AUC[ROC]: 0.939225	AUC[PR]: 0.118155
Epoch evaluation duration: 82.0149681568
Epoch duration: 95.2751471996

Epoch 196/200
Epoch training duration: 13.3059499264
Train	AUC[ROC]: 0.998017	AUC[PR]: 0.308831
Val	AUC[ROC]: 0.937271	AUC[PR]: 0.114807
Epoch evaluation duration: 82.3513400555
Epoch duration: 95.6572899818

Epoch 197/200
Epoch training duration: 13.3787178993
Train	AUC[ROC]: 0.998003	AUC[PR]: 0.301655
Val	AUC[ROC]: 0.939228	AUC[PR]: 0.114808
Epoch evaluation duration: 82.2023220062
Epoch duration: 95.5810399055

Epoch 198/200
Epoch training duration: 13.5971980095
Train	AUC[ROC]: 0.998019	AUC[PR]: 0.301711
Val	AUC[ROC]: 0.942067	AUC[PR]: 0.123502
Epoch evaluation duration: 82.5405440331
Epoch duration: 96.1377420425

Epoch 199/200
Epoch training duration: 13.2597980499
Train	AUC[ROC]: 0.998013	AUC[PR]: 0.300294
Val	AUC[ROC]: 0.938650	AUC[PR]: 0.112484
Epoch evaluation duration: 82.5531589985
Epoch duration: 95.8129570484

Epoch 200/200
Epoch training duration: 13.3710138798
Train	AUC[ROC]: 0.998045	AUC[PR]: 0.302187
Val	AUC[ROC]: 0.943434	AUC[PR]: 0.117268
Epoch evaluation duration: 82.0489759445
Epoch duration: 95.4199898243

train precision: 0.302186965326
train roc: 0.998044915032
train hit: 334.0 out of 334.0

val precision: 0.117268077465
val roc: 0.943434414443
val hit: 32.0 out of 55.0

test precision: 0.129425924588
test roc: 0.943486467601
test hit: 36.0 out of 55.0

ratio: 0.02, EF: 36.3636363636,	active: 55.0
ratio: 0.02, NEF: 0.727272727273
ratio: 0.01, EF: 65.4545454545,	active: 55.0
ratio: 0.01, NEF: 0.654545454545
ratio: 0.0015, EF: 157.575757576,	active: 55.0
ratio: 0.0015, NEF: 0.236363636364
ratio: 0.001, EF: 181.818181818,	active: 55.0
ratio: 0.001, NEF: 0.238095238095

