label_name_list  [u'PriA-SSB AS Activity', u'PriA-SSB AS % inhibition (Primary Median)']
train files  ['../datasets/keck_pria/fold_0.csv' '../datasets/keck_pria/fold_1.csv'
 '../datasets/keck_pria/fold_4.csv' '../datasets/keck_pria/fold_5.csv'
 '../datasets/keck_pria/fold_6.csv' '../datasets/keck_pria/fold_7.csv']
val files  ['../datasets/keck_pria/fold_2.csv']
test files  ['../datasets/keck_pria/fold_3.csv']
done data preparation
Sample Weight	 [2.56375000e+04 1.70916667e+04 6.74671053e+03 ... 2.11199440e+01
 2.11199440e+01 2.09012718e+01]
Epoch 1/1000
Epoch training duration: 6.01004099846
Train	AUC[ROC]: 0.852514	AUC[PR]: 0.032828
Val	AUC[ROC]: 0.823248	AUC[PR]: 0.052003
Epoch evaluation duration: 39.1513988972
Epoch duration: 45.1614398956

Epoch 2/1000
Epoch training duration: 5.4226500988
Train	AUC[ROC]: 0.863436	AUC[PR]: 0.038150
Val	AUC[ROC]: 0.821547	AUC[PR]: 0.057507
Epoch evaluation duration: 39.4068250656
Epoch duration: 44.8294751644

Epoch 3/1000
Epoch training duration: 5.80862784386
Train	AUC[ROC]: 0.878276	AUC[PR]: 0.055116
Val	AUC[ROC]: 0.824518	AUC[PR]: 0.082095
Epoch evaluation duration: 34.6041810513
Epoch duration: 40.4128088951

Epoch 4/1000
Epoch training duration: 5.3558280468
Train	AUC[ROC]: 0.884317	AUC[PR]: 0.049505
Val	AUC[ROC]: 0.821855	AUC[PR]: 0.075633
Epoch evaluation duration: 33.7941660881
Epoch duration: 39.1499941349

Epoch 5/1000
Epoch training duration: 5.90736484528
Train	AUC[ROC]: 0.897352	AUC[PR]: 0.054454
Val	AUC[ROC]: 0.827905	AUC[PR]: 0.091815
Epoch evaluation duration: 39.7059211731
Epoch duration: 45.6132860184

Epoch 6/1000
Epoch training duration: 5.63233780861
Train	AUC[ROC]: 0.905801	AUC[PR]: 0.051937
Val	AUC[ROC]: 0.829465	AUC[PR]: 0.085243
Epoch evaluation duration: 39.3459670544
Epoch duration: 44.978304863

Epoch 7/1000
Epoch training duration: 5.60568213463
Train	AUC[ROC]: 0.913153	AUC[PR]: 0.052507
Val	AUC[ROC]: 0.825296	AUC[PR]: 0.085761
Epoch evaluation duration: 34.4646849632
Epoch duration: 40.0703670979

Epoch 8/1000
Epoch training duration: 5.5742149353
Train	AUC[ROC]: 0.925620	AUC[PR]: 0.066778
Val	AUC[ROC]: 0.833553	AUC[PR]: 0.095698
Epoch evaluation duration: 34.355535984
Epoch duration: 39.9297509193

Epoch 9/1000
Epoch training duration: 5.45186901093
Train	AUC[ROC]: 0.933725	AUC[PR]: 0.071220
Val	AUC[ROC]: 0.833109	AUC[PR]: 0.106669
Epoch evaluation duration: 34.9554541111
Epoch duration: 40.407323122

Epoch 10/1000
Epoch training duration: 5.97316288948
Train	AUC[ROC]: 0.942086	AUC[PR]: 0.083528
Val	AUC[ROC]: 0.838346	AUC[PR]: 0.109850
Epoch evaluation duration: 34.7662100792
Epoch duration: 40.7393729687

Epoch 11/1000
Epoch training duration: 5.85197782516
Train	AUC[ROC]: 0.948050	AUC[PR]: 0.089783
Val	AUC[ROC]: 0.839402	AUC[PR]: 0.110680
Epoch evaluation duration: 35.4819710255
Epoch duration: 41.3339488506

Epoch 12/1000
Epoch training duration: 5.25857114792
Train	AUC[ROC]: 0.954029	AUC[PR]: 0.092900
Val	AUC[ROC]: 0.836402	AUC[PR]: 0.118895
Epoch evaluation duration: 42.8879330158
Epoch duration: 48.1465041637

Epoch 13/1000
Epoch training duration: 5.38940691948
Train	AUC[ROC]: 0.958721	AUC[PR]: 0.105043
Val	AUC[ROC]: 0.844347	AUC[PR]: 0.112652
Epoch evaluation duration: 36.0886359215
Epoch duration: 41.478042841

Epoch 14/1000
Epoch training duration: 5.8607571125
Train	AUC[ROC]: 0.964114	AUC[PR]: 0.130048
Val	AUC[ROC]: 0.850790	AUC[PR]: 0.121142
Epoch evaluation duration: 44.5220239162
Epoch duration: 50.3827810287

Epoch 15/1000
Epoch training duration: 5.55239295959
Train	AUC[ROC]: 0.967610	AUC[PR]: 0.130565
Val	AUC[ROC]: 0.849991	AUC[PR]: 0.123552
Epoch evaluation duration: 32.8766560555
Epoch duration: 38.429049015

Epoch 16/1000
Epoch training duration: 5.94899606705
Train	AUC[ROC]: 0.970053	AUC[PR]: 0.144040
Val	AUC[ROC]: 0.846587	AUC[PR]: 0.117790
Epoch evaluation duration: 40.6778149605
Epoch duration: 46.6268110275

Epoch 17/1000
Epoch training duration: 6.30252194405
Train	AUC[ROC]: 0.973712	AUC[PR]: 0.144689
Val	AUC[ROC]: 0.851754	AUC[PR]: 0.110642
Epoch evaluation duration: 37.8252811432
Epoch duration: 44.1278030872

Epoch 18/1000
Epoch training duration: 5.50485396385
Train	AUC[ROC]: 0.976878	AUC[PR]: 0.168359
Val	AUC[ROC]: 0.852542	AUC[PR]: 0.113811
Epoch evaluation duration: 36.2112119198
Epoch duration: 41.7160658836

Epoch 19/1000
Epoch training duration: 6.15646290779
Train	AUC[ROC]: 0.979184	AUC[PR]: 0.174253
Val	AUC[ROC]: 0.859665	AUC[PR]: 0.133716
Epoch evaluation duration: 36.6977090836
Epoch duration: 42.8541719913

Epoch 20/1000
Epoch training duration: 5.2694580555
Train	AUC[ROC]: 0.981132	AUC[PR]: 0.182331
Val	AUC[ROC]: 0.860299	AUC[PR]: 0.112464
Epoch evaluation duration: 37.3173649311
Epoch duration: 42.5868229866

Epoch 21/1000
Epoch training duration: 6.61761713028
Train	AUC[ROC]: 0.983162	AUC[PR]: 0.198018
Val	AUC[ROC]: 0.859876	AUC[PR]: 0.121688
Epoch evaluation duration: 39.4718878269
Epoch duration: 46.0895049572

Epoch 22/1000
Epoch training duration: 5.74373912811
Train	AUC[ROC]: 0.985055	AUC[PR]: 0.189707
Val	AUC[ROC]: 0.869356	AUC[PR]: 0.114549
Epoch evaluation duration: 40.9565489292
Epoch duration: 46.7002880573

Epoch 23/1000
Epoch training duration: 7.29914402962
Train	AUC[ROC]: 0.986063	AUC[PR]: 0.198502
Val	AUC[ROC]: 0.865102	AUC[PR]: 0.125069
Epoch evaluation duration: 34.708024025
Epoch duration: 42.0071680546

Epoch 24/1000
Epoch training duration: 5.54611802101
Train	AUC[ROC]: 0.987216	AUC[PR]: 0.194488
Val	AUC[ROC]: 0.862526	AUC[PR]: 0.095983
Epoch evaluation duration: 34.757997036
Epoch duration: 40.304115057

Epoch 25/1000
Epoch training duration: 5.39869379997
Train	AUC[ROC]: 0.987753	AUC[PR]: 0.194760
Val	AUC[ROC]: 0.872055	AUC[PR]: 0.115037
Epoch evaluation duration: 38.0755541325
Epoch duration: 43.4742479324

Epoch 26/1000
Epoch training duration: 8.38546609879
Train	AUC[ROC]: 0.988882	AUC[PR]: 0.203686
Val	AUC[ROC]: 0.868168	AUC[PR]: 0.116505
Epoch evaluation duration: 39.5705127716
Epoch duration: 47.9559788704

Epoch 27/1000
Epoch training duration: 6.04299211502
Train	AUC[ROC]: 0.990473	AUC[PR]: 0.207102
Val	AUC[ROC]: 0.872763	AUC[PR]: 0.123010
Epoch evaluation duration: 32.6981670856
Epoch duration: 38.7411592007

Epoch 28/1000
Epoch training duration: 5.71515679359
Train	AUC[ROC]: 0.990478	AUC[PR]: 0.217328
Val	AUC[ROC]: 0.876100	AUC[PR]: 0.141813
Epoch evaluation duration: 43.7182610035
Epoch duration: 49.4334177971

Epoch 29/1000
Epoch training duration: 5.31808304787
Train	AUC[ROC]: 0.991204	AUC[PR]: 0.219345
Val	AUC[ROC]: 0.875030	AUC[PR]: 0.135469
Epoch evaluation duration: 34.2107450962
Epoch duration: 39.5288281441

Epoch 30/1000
Epoch training duration: 5.73243093491
Train	AUC[ROC]: 0.991190	AUC[PR]: 0.216511
Val	AUC[ROC]: 0.869787	AUC[PR]: 0.112380
Epoch evaluation duration: 42.7000861168
Epoch duration: 48.4325170517

Epoch 31/1000
Epoch training duration: 6.50966501236
Train	AUC[ROC]: 0.992279	AUC[PR]: 0.212037
Val	AUC[ROC]: 0.873772	AUC[PR]: 0.114982
Epoch evaluation duration: 36.9848768711
Epoch duration: 43.4945418835

Epoch 32/1000
Epoch training duration: 5.65199899673
Train	AUC[ROC]: 0.992586	AUC[PR]: 0.228203
Val	AUC[ROC]: 0.878479	AUC[PR]: 0.137637
Epoch evaluation duration: 36.1767120361
Epoch duration: 41.8287110329

Epoch 33/1000
Epoch training duration: 5.61085605621
Train	AUC[ROC]: 0.993070	AUC[PR]: 0.220359
Val	AUC[ROC]: 0.873175	AUC[PR]: 0.114321
Epoch evaluation duration: 36.9597890377
Epoch duration: 42.5706450939

Epoch 34/1000
Epoch training duration: 6.34710383415
Train	AUC[ROC]: 0.992847	AUC[PR]: 0.220868
Val	AUC[ROC]: 0.879379	AUC[PR]: 0.110078
Epoch evaluation duration: 36.4558131695
Epoch duration: 42.8029170036

Epoch 35/1000
Epoch training duration: 5.53264284134
Train	AUC[ROC]: 0.993750	AUC[PR]: 0.233558
Val	AUC[ROC]: 0.886477	AUC[PR]: 0.139518
Epoch evaluation duration: 37.0321900845
Epoch duration: 42.5648329258

Epoch 36/1000
Epoch training duration: 6.71643805504
Train	AUC[ROC]: 0.993784	AUC[PR]: 0.229976
Val	AUC[ROC]: 0.876676	AUC[PR]: 0.108208
Epoch evaluation duration: 43.9645190239
Epoch duration: 50.6809570789

Epoch 37/1000
Epoch training duration: 5.41824388504
Train	AUC[ROC]: 0.994173	AUC[PR]: 0.243374
Val	AUC[ROC]: 0.877880	AUC[PR]: 0.130566
Epoch evaluation duration: 32.298584938
Epoch duration: 37.7168288231

Epoch 38/1000
Epoch training duration: 5.80729413033
Train	AUC[ROC]: 0.994640	AUC[PR]: 0.245613
Val	AUC[ROC]: 0.885408	AUC[PR]: 0.126805
Epoch evaluation duration: 40.0983698368
Epoch duration: 45.9056639671

Epoch 39/1000
Epoch training duration: 5.20009899139
Train	AUC[ROC]: 0.994651	AUC[PR]: 0.254136
Val	AUC[ROC]: 0.892142	AUC[PR]: 0.136326
Epoch evaluation duration: 41.3677241802
Epoch duration: 46.5678231716

Epoch 40/1000
Epoch training duration: 5.38288092613
Train	AUC[ROC]: 0.994779	AUC[PR]: 0.231128
Val	AUC[ROC]: 0.882799	AUC[PR]: 0.136838
Epoch evaluation duration: 33.1475250721
Epoch duration: 38.5304059982

Epoch 41/1000
Epoch training duration: 5.63053584099
Train	AUC[ROC]: 0.995040	AUC[PR]: 0.257000
Val	AUC[ROC]: 0.898391	AUC[PR]: 0.129527
Epoch evaluation duration: 44.2271821499
Epoch duration: 49.8577179909

Epoch 42/1000
Epoch training duration: 6.38743686676
Train	AUC[ROC]: 0.995156	AUC[PR]: 0.238339
Val	AUC[ROC]: 0.885086	AUC[PR]: 0.129219
Epoch evaluation duration: 40.9792909622
Epoch duration: 47.366727829

Epoch 43/1000
Epoch training duration: 5.61301612854
Train	AUC[ROC]: 0.994997	AUC[PR]: 0.259779
Val	AUC[ROC]: 0.888931	AUC[PR]: 0.130833
Epoch evaluation duration: 35.7051479816
Epoch duration: 41.3181641102

Epoch 44/1000
Epoch training duration: 5.99126291275
Train	AUC[ROC]: 0.995113	AUC[PR]: 0.240519
Val	AUC[ROC]: 0.896506	AUC[PR]: 0.121832
Epoch evaluation duration: 34.8288650513
Epoch duration: 40.820127964

Epoch 45/1000
Epoch training duration: 5.62702894211
Train	AUC[ROC]: 0.995428	AUC[PR]: 0.245236
Val	AUC[ROC]: 0.894538	AUC[PR]: 0.128887
Epoch evaluation duration: 42.1217391491
Epoch duration: 47.7487680912

Epoch 46/1000
Epoch training duration: 6.32322096825
Train	AUC[ROC]: 0.995451	AUC[PR]: 0.247493
Val	AUC[ROC]: 0.901878	AUC[PR]: 0.137293
Epoch evaluation duration: 39.235006094
Epoch duration: 45.5582270622

Epoch 47/1000
Epoch training duration: 6.02512598038
Train	AUC[ROC]: 0.995406	AUC[PR]: 0.236779
Val	AUC[ROC]: 0.894277	AUC[PR]: 0.118506
Epoch evaluation duration: 49.2605638504
Epoch duration: 55.2856898308

Epoch 48/1000
Epoch training duration: 5.79737901688
Train	AUC[ROC]: 0.995781	AUC[PR]: 0.259905
Val	AUC[ROC]: 0.907643	AUC[PR]: 0.151129
Epoch evaluation duration: 37.4958441257
Epoch duration: 43.2932231426

Epoch 49/1000
Epoch training duration: 5.73868083954
Train	AUC[ROC]: 0.995751	AUC[PR]: 0.250597
Val	AUC[ROC]: 0.898763	AUC[PR]: 0.137171
Epoch evaluation duration: 36.0194311142
Epoch duration: 41.7581119537

Epoch 50/1000
Epoch training duration: 5.75877594948
Train	AUC[ROC]: 0.995669	AUC[PR]: 0.249277
Val	AUC[ROC]: 0.900679	AUC[PR]: 0.142807
Epoch evaluation duration: 32.895455122
Epoch duration: 38.6542310715

Epoch 51/1000
Epoch training duration: 5.51089596748
Train	AUC[ROC]: 0.995814	AUC[PR]: 0.246288
Val	AUC[ROC]: 0.898183	AUC[PR]: 0.119170
Epoch evaluation duration: 33.7344529629
Epoch duration: 39.2453489304

Epoch 52/1000
Epoch training duration: 6.1485080719
Train	AUC[ROC]: 0.996026	AUC[PR]: 0.252414
Val	AUC[ROC]: 0.904736	AUC[PR]: 0.126649
Epoch evaluation duration: 40.1320397854
Epoch duration: 46.2805478573

Epoch 53/1000
Epoch training duration: 6.84578514099
Train	AUC[ROC]: 0.995892	AUC[PR]: 0.250673
Val	AUC[ROC]: 0.897078	AUC[PR]: 0.133861
Epoch evaluation duration: 42.3383550644
Epoch duration: 49.1841402054

Epoch 54/1000
Epoch training duration: 5.66755080223
Train	AUC[ROC]: 0.995939	AUC[PR]: 0.255208
Val	AUC[ROC]: 0.904666	AUC[PR]: 0.124251
Epoch evaluation duration: 38.2158231735
Epoch duration: 43.8833739758

Epoch 55/1000
Epoch training duration: 5.31240200996
Train	AUC[ROC]: 0.995974	AUC[PR]: 0.257696
Val	AUC[ROC]: 0.908501	AUC[PR]: 0.126011
Epoch evaluation duration: 43.5825150013
Epoch duration: 48.8949170113

Epoch 56/1000
Epoch training duration: 5.05961990356
Train	AUC[ROC]: 0.996028	AUC[PR]: 0.261458
Val	AUC[ROC]: 0.904669	AUC[PR]: 0.143078
Epoch evaluation duration: 36.8626070023
Epoch duration: 41.9222269058

Epoch 57/1000
Epoch training duration: 5.7165749073
Train	AUC[ROC]: 0.996314	AUC[PR]: 0.259594
Val	AUC[ROC]: 0.905920	AUC[PR]: 0.129878
Epoch evaluation duration: 34.8800830841
Epoch duration: 40.5966579914

Epoch 58/1000
Epoch training duration: 5.45183897018
Train	AUC[ROC]: 0.996197	AUC[PR]: 0.269061
Val	AUC[ROC]: 0.910609	AUC[PR]: 0.140579
Epoch evaluation duration: 34.2214119434
Epoch duration: 39.6732509136

Epoch 59/1000
Epoch training duration: 5.45006299019
Train	AUC[ROC]: 0.996145	AUC[PR]: 0.238873
Val	AUC[ROC]: 0.912140	AUC[PR]: 0.107626
Epoch evaluation duration: 33.35039711
Epoch duration: 38.8004601002

Epoch 60/1000
Epoch training duration: 5.62602710724
Train	AUC[ROC]: 0.996371	AUC[PR]: 0.262076
Val	AUC[ROC]: 0.914145	AUC[PR]: 0.136392
Epoch evaluation duration: 34.6755747795
Epoch duration: 40.3016018867

Epoch 61/1000
Epoch training duration: 5.88625407219
Train	AUC[ROC]: 0.996243	AUC[PR]: 0.246316
Val	AUC[ROC]: 0.916268	AUC[PR]: 0.113422
Epoch evaluation duration: 35.7834219933
Epoch duration: 41.6696760654

Epoch 62/1000
Epoch training duration: 5.90595602989
Train	AUC[ROC]: 0.996458	AUC[PR]: 0.279683
Val	AUC[ROC]: 0.907704	AUC[PR]: 0.143367
Epoch evaluation duration: 35.9971859455
Epoch duration: 41.9031419754

Epoch 63/1000
Epoch training duration: 6.36524701118
Train	AUC[ROC]: 0.996364	AUC[PR]: 0.253773
Val	AUC[ROC]: 0.912865	AUC[PR]: 0.122371
Epoch evaluation duration: 39.4696769714
Epoch duration: 45.8349239826

Epoch 64/1000
Epoch training duration: 5.49805402756
Train	AUC[ROC]: 0.996727	AUC[PR]: 0.264224
Val	AUC[ROC]: 0.913366	AUC[PR]: 0.148219
Epoch evaluation duration: 41.7537629604
Epoch duration: 47.251816988

Epoch 65/1000
Epoch training duration: 6.20699214935
Train	AUC[ROC]: 0.996614	AUC[PR]: 0.270047
Val	AUC[ROC]: 0.914443	AUC[PR]: 0.124333
Epoch evaluation duration: 37.8476939201
Epoch duration: 44.0546860695

Epoch 66/1000
Epoch training duration: 6.019562006
Train	AUC[ROC]: 0.996534	AUC[PR]: 0.258512
Val	AUC[ROC]: 0.908273	AUC[PR]: 0.119553
Epoch evaluation duration: 43.2404510975
Epoch duration: 49.2600131035

Epoch 67/1000
Epoch training duration: 6.74760699272
Train	AUC[ROC]: 0.996540	AUC[PR]: 0.250806
Val	AUC[ROC]: 0.914616	AUC[PR]: 0.130439
Epoch evaluation duration: 34.6703150272
Epoch duration: 41.41792202

Epoch 68/1000
Epoch training duration: 5.50501084328
Train	AUC[ROC]: 0.996430	AUC[PR]: 0.252264
Val	AUC[ROC]: 0.900027	AUC[PR]: 0.131305
Epoch evaluation duration: 27.8690991402
Epoch duration: 33.3741099834

Epoch 69/1000
Epoch training duration: 4.74212384224
Train	AUC[ROC]: 0.996525	AUC[PR]: 0.261415
Val	AUC[ROC]: 0.906630	AUC[PR]: 0.140778
Epoch evaluation duration: 28.5099430084
Epoch duration: 33.2520668507

Epoch 70/1000
Epoch training duration: 5.60285305977
Train	AUC[ROC]: 0.996793	AUC[PR]: 0.263428
Val	AUC[ROC]: 0.910087	AUC[PR]: 0.125548
Epoch evaluation duration: 33.5150699615
Epoch duration: 39.1179230213

Epoch 71/1000
Epoch training duration: 5.98887300491
Train	AUC[ROC]: 0.996787	AUC[PR]: 0.275404
Val	AUC[ROC]: 0.915395	AUC[PR]: 0.139610
Epoch evaluation duration: 40.0438280106
Epoch duration: 46.0327010155

Epoch 72/1000
Epoch training duration: 5.94970202446
Train	AUC[ROC]: 0.996751	AUC[PR]: 0.262371
Val	AUC[ROC]: 0.910904	AUC[PR]: 0.124643
Epoch evaluation duration: 39.2001030445
Epoch duration: 45.149805069

Epoch 73/1000
Epoch training duration: 5.62469291687
Train	AUC[ROC]: 0.996914	AUC[PR]: 0.269402
Val	AUC[ROC]: 0.911456	AUC[PR]: 0.136794
Epoch evaluation duration: 37.1779110432
Epoch duration: 42.80260396

Epoch 74/1000
Epoch training duration: 6.20696902275
Train	AUC[ROC]: 0.996997	AUC[PR]: 0.272681
Val	AUC[ROC]: 0.910935	AUC[PR]: 0.140154
Epoch evaluation duration: 41.0730080605
Epoch duration: 47.2799770832

Epoch 75/1000
Epoch training duration: 6.00191998482
Train	AUC[ROC]: 0.996982	AUC[PR]: 0.276821
Val	AUC[ROC]: 0.914263	AUC[PR]: 0.133303
Epoch evaluation duration: 36.7397010326
Epoch duration: 42.7416210175

Epoch 76/1000
Epoch training duration: 6.8914949894
Train	AUC[ROC]: 0.996965	AUC[PR]: 0.262894
Val	AUC[ROC]: 0.912475	AUC[PR]: 0.136605
Epoch evaluation duration: 40.077600956
Epoch duration: 46.9690959454

Epoch 77/1000
Epoch training duration: 6.28583407402
Train	AUC[ROC]: 0.996901	AUC[PR]: 0.273835
Val	AUC[ROC]: 0.917020	AUC[PR]: 0.148567
Epoch evaluation duration: 36.1884028912
Epoch duration: 42.4742369652

Epoch 78/1000
Epoch training duration: 6.26700496674
Train	AUC[ROC]: 0.997082	AUC[PR]: 0.273362
Val	AUC[ROC]: 0.907517	AUC[PR]: 0.138986
Epoch evaluation duration: 39.283178091
Epoch duration: 45.5501830578

Epoch 79/1000
Epoch training duration: 5.99385905266
Train	AUC[ROC]: 0.996985	AUC[PR]: 0.259752
Val	AUC[ROC]: 0.915445	AUC[PR]: 0.135957
Epoch evaluation duration: 36.4846508503
Epoch duration: 42.478509903

Epoch 80/1000
Epoch training duration: 6.00761294365
Train	AUC[ROC]: 0.997077	AUC[PR]: 0.272705
Val	AUC[ROC]: 0.915717	AUC[PR]: 0.136117
Epoch evaluation duration: 44.429336071
Epoch duration: 50.4369490147

Epoch 81/1000
Epoch training duration: 7.36549091339
Train	AUC[ROC]: 0.997059	AUC[PR]: 0.263358
Val	AUC[ROC]: 0.914794	AUC[PR]: 0.144051
Epoch evaluation duration: 36.4865980148
Epoch duration: 43.8520889282

Epoch 82/1000
Epoch training duration: 5.60112118721
Train	AUC[ROC]: 0.997007	AUC[PR]: 0.256452
Val	AUC[ROC]: 0.915166	AUC[PR]: 0.127682
Epoch evaluation duration: 39.2479348183
Epoch duration: 44.8490560055

Epoch 83/1000
Epoch training duration: 6.33562302589
Train	AUC[ROC]: 0.997021	AUC[PR]: 0.263368
Val	AUC[ROC]: 0.915119	AUC[PR]: 0.137185
Epoch evaluation duration: 35.2785720825
Epoch duration: 41.6141951084

Epoch 84/1000
Epoch training duration: 5.95202708244
Train	AUC[ROC]: 0.997062	AUC[PR]: 0.267984
Val	AUC[ROC]: 0.917265	AUC[PR]: 0.148944
Epoch evaluation duration: 37.484910965
Epoch duration: 43.4369380474

Epoch 85/1000
Epoch training duration: 6.25712394714
Train	AUC[ROC]: 0.997244	AUC[PR]: 0.279184
Val	AUC[ROC]: 0.911207	AUC[PR]: 0.143127
Epoch evaluation duration: 41.1788299084
Epoch duration: 47.4359538555

Epoch 86/1000
Epoch training duration: 5.94450807571
Train	AUC[ROC]: 0.997062	AUC[PR]: 0.250802
Val	AUC[ROC]: 0.909694	AUC[PR]: 0.112344
Epoch evaluation duration: 44.217015028
Epoch duration: 50.1615231037

Epoch 87/1000
Epoch training duration: 6.06711506844
Train	AUC[ROC]: 0.997222	AUC[PR]: 0.267830
Val	AUC[ROC]: 0.920498	AUC[PR]: 0.131038
Epoch evaluation duration: 34.6225240231
Epoch duration: 40.6896390915

Epoch 88/1000
Epoch training duration: 6.57865285873
Train	AUC[ROC]: 0.997183	AUC[PR]: 0.264100
Val	AUC[ROC]: 0.915665	AUC[PR]: 0.138656
Epoch evaluation duration: 39.033741951
Epoch duration: 45.6123948097

Epoch 89/1000
Epoch training duration: 6.26117110252
Train	AUC[ROC]: 0.997168	AUC[PR]: 0.270907
Val	AUC[ROC]: 0.919086	AUC[PR]: 0.130493
Epoch evaluation duration: 36.9640250206
Epoch duration: 43.2251961231

Epoch 90/1000
Epoch training duration: 6.72618603706
Train	AUC[ROC]: 0.997217	AUC[PR]: 0.270188
Val	AUC[ROC]: 0.914310	AUC[PR]: 0.147582
Epoch evaluation duration: 38.196928978
Epoch duration: 44.923115015

Epoch 91/1000
Epoch training duration: 5.88009500504
Train	AUC[ROC]: 0.997232	AUC[PR]: 0.271911
Val	AUC[ROC]: 0.917583	AUC[PR]: 0.135014
Epoch evaluation duration: 40.8674869537
Epoch duration: 46.7475819588

Epoch 92/1000
Epoch training duration: 6.89718604088
Train	AUC[ROC]: 0.997159	AUC[PR]: 0.281839
Val	AUC[ROC]: 0.919674	AUC[PR]: 0.137929
Epoch evaluation duration: 37.9482629299
Epoch duration: 44.8454489708

Epoch 93/1000
Epoch training duration: 5.92260193825
Train	AUC[ROC]: 0.997252	AUC[PR]: 0.271040
Val	AUC[ROC]: 0.917787	AUC[PR]: 0.137991
Epoch evaluation duration: 41.6529061794
Epoch duration: 47.5755081177

Epoch 94/1000
Epoch training duration: 6.56114387512
Train	AUC[ROC]: 0.997253	AUC[PR]: 0.277966
Val	AUC[ROC]: 0.924216	AUC[PR]: 0.144180
Epoch evaluation duration: 44.226444006
Epoch duration: 50.7875878811

Epoch 95/1000
Epoch training duration: 5.76082897186
Train	AUC[ROC]: 0.997168	AUC[PR]: 0.260570
Val	AUC[ROC]: 0.916516	AUC[PR]: 0.110663
Epoch evaluation duration: 38.7021811008
Epoch duration: 44.4630100727

Epoch 96/1000
Epoch training duration: 5.74211883545
Train	AUC[ROC]: 0.997350	AUC[PR]: 0.282285
Val	AUC[ROC]: 0.920316	AUC[PR]: 0.159694
Epoch evaluation duration: 35.5975840092
Epoch duration: 41.3397028446

Epoch 97/1000
Epoch training duration: 6.19673109055
Train	AUC[ROC]: 0.997269	AUC[PR]: 0.267267
Val	AUC[ROC]: 0.918151	AUC[PR]: 0.143671
Epoch evaluation duration: 37.5112519264
Epoch duration: 43.707983017

Epoch 98/1000
Epoch training duration: 6.24454712868
Train	AUC[ROC]: 0.997325	AUC[PR]: 0.279297
Val	AUC[ROC]: 0.920520	AUC[PR]: 0.142458
Epoch evaluation duration: 36.9816579819
Epoch duration: 43.2262051105

Epoch 99/1000
Epoch training duration: 6.04668498039
Train	AUC[ROC]: 0.997304	AUC[PR]: 0.273671
Val	AUC[ROC]: 0.918015	AUC[PR]: 0.135868
Epoch evaluation duration: 43.7900528908
Epoch duration: 49.8367378712

Epoch 100/1000
Epoch training duration: 5.88510608673
Train	AUC[ROC]: 0.997261	AUC[PR]: 0.282898
Val	AUC[ROC]: 0.919239	AUC[PR]: 0.148481
Epoch evaluation duration: 39.8624970913
Epoch duration: 45.747603178

Epoch 101/1000
Epoch training duration: 6.72845983505
Train	AUC[ROC]: 0.997298	AUC[PR]: 0.272613
Val	AUC[ROC]: 0.921579	AUC[PR]: 0.130014
Epoch evaluation duration: 34.5760631561
Epoch duration: 41.3045229912

Epoch 102/1000
Epoch training duration: 6.71366786957
Train	AUC[ROC]: 0.997320	AUC[PR]: 0.268993
Val	AUC[ROC]: 0.913963	AUC[PR]: 0.131405
Epoch evaluation duration: 39.2843849659
Epoch duration: 45.9980528355

Epoch 103/1000
Epoch training duration: 5.76036405563
Train	AUC[ROC]: 0.997336	AUC[PR]: 0.276907
Val	AUC[ROC]: 0.926749	AUC[PR]: 0.154276
Epoch evaluation duration: 41.2852530479
Epoch duration: 47.0456171036

Epoch 104/1000
Epoch training duration: 6.50244402885
Train	AUC[ROC]: 0.997471	AUC[PR]: 0.277036
Val	AUC[ROC]: 0.925030	AUC[PR]: 0.136852
Epoch evaluation duration: 35.8335978985
Epoch duration: 42.3360419273

Epoch 105/1000
Epoch training duration: 5.93120312691
Train	AUC[ROC]: 0.997365	AUC[PR]: 0.273959
Val	AUC[ROC]: 0.917824	AUC[PR]: 0.152227
Epoch evaluation duration: 43.0735118389
Epoch duration: 49.0047149658

Epoch 106/1000
Epoch training duration: 6.05754208565
Train	AUC[ROC]: 0.997463	AUC[PR]: 0.291578
Val	AUC[ROC]: 0.924495	AUC[PR]: 0.141422
Epoch evaluation duration: 36.4690630436
Epoch duration: 42.5266051292

Epoch 107/1000
Epoch training duration: 5.61146688461
Train	AUC[ROC]: 0.997339	AUC[PR]: 0.273266
Val	AUC[ROC]: 0.924321	AUC[PR]: 0.148746
Epoch evaluation duration: 47.796544075
Epoch duration: 53.4080109596

Epoch 108/1000
Epoch training duration: 6.54660010338
Train	AUC[ROC]: 0.997321	AUC[PR]: 0.271770
Val	AUC[ROC]: 0.921031	AUC[PR]: 0.138879
Epoch evaluation duration: 37.9967758656
Epoch duration: 44.5433759689

Epoch 109/1000
Epoch training duration: 5.88253211975
Train	AUC[ROC]: 0.997371	AUC[PR]: 0.278265
Val	AUC[ROC]: 0.929299	AUC[PR]: 0.141328
Epoch evaluation duration: 43.9588739872
Epoch duration: 49.8414061069

Epoch 110/1000
Epoch training duration: 6.01725482941
Train	AUC[ROC]: 0.997420	AUC[PR]: 0.278490
Val	AUC[ROC]: 0.920030	AUC[PR]: 0.145169
Epoch evaluation duration: 39.4502191544
Epoch duration: 45.4674739838

Epoch 111/1000
Epoch training duration: 6.08682894707
Train	AUC[ROC]: 0.997377	AUC[PR]: 0.270405
Val	AUC[ROC]: 0.926550	AUC[PR]: 0.129382
Epoch evaluation duration: 40.4610068798
Epoch duration: 46.5478358269

Epoch 112/1000
Epoch training duration: 6.18249416351
Train	AUC[ROC]: 0.997381	AUC[PR]: 0.272185
Val	AUC[ROC]: 0.928916	AUC[PR]: 0.145611
Epoch evaluation duration: 38.5070250034
Epoch duration: 44.6895191669

Epoch 113/1000
Epoch training duration: 6.09811496735
Train	AUC[ROC]: 0.997454	AUC[PR]: 0.275661
Val	AUC[ROC]: 0.924153	AUC[PR]: 0.145114
Epoch evaluation duration: 35.8732590675
Epoch duration: 41.9713740349

Epoch 114/1000
Epoch training duration: 6.00022602081
Train	AUC[ROC]: 0.997348	AUC[PR]: 0.269582
Val	AUC[ROC]: 0.922364	AUC[PR]: 0.129077
Epoch evaluation duration: 41.1195678711
Epoch duration: 47.1197938919

Epoch 115/1000
Epoch training duration: 6.0369489193
Train	AUC[ROC]: 0.997399	AUC[PR]: 0.271724
Val	AUC[ROC]: 0.925422	AUC[PR]: 0.145342
Epoch evaluation duration: 38.6034450531
Epoch duration: 44.6403939724

Epoch 116/1000
Epoch training duration: 6.20995116234
Train	AUC[ROC]: 0.997507	AUC[PR]: 0.284623
Val	AUC[ROC]: 0.925744	AUC[PR]: 0.136061
Epoch evaluation duration: 38.7653129101
Epoch duration: 44.9752640724

Epoch 117/1000
Epoch training duration: 6.1222178936
Train	AUC[ROC]: 0.997406	AUC[PR]: 0.272860
Val	AUC[ROC]: 0.921589	AUC[PR]: 0.137167
Epoch evaluation duration: 37.7602570057
Epoch duration: 43.8824748993

Epoch 118/1000
Epoch training duration: 5.96397399902
Train	AUC[ROC]: 0.997382	AUC[PR]: 0.272175
Val	AUC[ROC]: 0.918710	AUC[PR]: 0.146869
Epoch evaluation duration: 41.3158450127
Epoch duration: 47.2798190117

Epoch 119/1000
Epoch training duration: 6.59184598923
Train	AUC[ROC]: 0.997501	AUC[PR]: 0.279712
Val	AUC[ROC]: 0.925109	AUC[PR]: 0.146158
Epoch evaluation duration: 38.2718491554
Epoch duration: 44.8636951447

Epoch 120/1000
Epoch training duration: 6.10197496414
Train	AUC[ROC]: 0.997465	AUC[PR]: 0.275813
Val	AUC[ROC]: 0.924221	AUC[PR]: 0.137324
Epoch evaluation duration: 45.0242989063
Epoch duration: 51.1262738705

Epoch 121/1000
Epoch training duration: 5.84755015373
Train	AUC[ROC]: 0.997514	AUC[PR]: 0.281563
Val	AUC[ROC]: 0.927716	AUC[PR]: 0.133588
Epoch evaluation duration: 36.9588429928
Epoch duration: 42.8063931465

Epoch 122/1000
Epoch training duration: 5.49269294739
Train	AUC[ROC]: 0.997501	AUC[PR]: 0.284572
Val	AUC[ROC]: 0.930502	AUC[PR]: 0.148708
Epoch evaluation duration: 35.4583718777
Epoch duration: 40.9510648251

Epoch 123/1000
Epoch training duration: 6.06908917427
Train	AUC[ROC]: 0.997517	AUC[PR]: 0.279494
Val	AUC[ROC]: 0.929694	AUC[PR]: 0.140919
Epoch evaluation duration: 36.9496958256
Epoch duration: 43.0187849998

Epoch 124/1000
Epoch training duration: 5.91669011116
Train	AUC[ROC]: 0.997535	AUC[PR]: 0.283569
Val	AUC[ROC]: 0.920437	AUC[PR]: 0.136660
Epoch evaluation duration: 38.5193030834
Epoch duration: 44.4359931946

Epoch 125/1000
Epoch training duration: 6.4876499176
Train	AUC[ROC]: 0.997454	AUC[PR]: 0.283218
Val	AUC[ROC]: 0.924396	AUC[PR]: 0.145153
Epoch evaluation duration: 35.1123199463
Epoch duration: 41.5999698639

Epoch 126/1000
Epoch training duration: 6.60329508781
Train	AUC[ROC]: 0.997591	AUC[PR]: 0.284973
Val	AUC[ROC]: 0.927034	AUC[PR]: 0.145655
Epoch evaluation duration: 40.8595249653
Epoch duration: 47.4628200531

Epoch 127/1000
Epoch training duration: 5.97091603279
Train	AUC[ROC]: 0.997546	AUC[PR]: 0.286864
Val	AUC[ROC]: 0.927726	AUC[PR]: 0.155365
Epoch evaluation duration: 37.2176339626
Epoch duration: 43.1885499954

Epoch 128/1000
Epoch training duration: 5.38998985291
Train	AUC[ROC]: 0.997542	AUC[PR]: 0.277472
Val	AUC[ROC]: 0.925757	AUC[PR]: 0.138589
Epoch evaluation duration: 40.2250831127
Epoch duration: 45.6150729656

Epoch 129/1000
Epoch training duration: 6.09599995613
Train	AUC[ROC]: 0.997558	AUC[PR]: 0.279490
Val	AUC[ROC]: 0.924261	AUC[PR]: 0.153659
Epoch evaluation duration: 40.3824231625
Epoch duration: 46.4784231186

Epoch 130/1000
Epoch training duration: 6.37041282654
Train	AUC[ROC]: 0.997607	AUC[PR]: 0.284875
Val	AUC[ROC]: 0.929389	AUC[PR]: 0.146518
Epoch evaluation duration: 40.2275910378
Epoch duration: 46.5980038643

Epoch 131/1000
Epoch training duration: 5.98881697655
Train	AUC[ROC]: 0.997507	AUC[PR]: 0.281562
Val	AUC[ROC]: 0.927476	AUC[PR]: 0.136193
Epoch evaluation duration: 42.0296430588
Epoch duration: 48.0184600353

Epoch 132/1000
Epoch training duration: 6.25122189522
Train	AUC[ROC]: 0.997530	AUC[PR]: 0.273811
Val	AUC[ROC]: 0.924721	AUC[PR]: 0.138024
Epoch evaluation duration: 39.7075920105
Epoch duration: 45.9588139057

Epoch 133/1000
Epoch training duration: 6.82042717934
Train	AUC[ROC]: 0.997570	AUC[PR]: 0.280364
Val	AUC[ROC]: 0.923536	AUC[PR]: 0.146692
Epoch evaluation duration: 41.6176879406
Epoch duration: 48.4381151199

Epoch 134/1000
Epoch training duration: 6.44924092293
Train	AUC[ROC]: 0.997585	AUC[PR]: 0.286877
Val	AUC[ROC]: 0.926339	AUC[PR]: 0.165171
Epoch evaluation duration: 36.5009510517
Epoch duration: 42.9501919746

Epoch 135/1000
Epoch training duration: 5.81363987923
Train	AUC[ROC]: 0.997515	AUC[PR]: 0.269969
Val	AUC[ROC]: 0.924874	AUC[PR]: 0.127026
Epoch evaluation duration: 38.7234671116
Epoch duration: 44.5371069908

Epoch 136/1000
Epoch training duration: 6.56122493744
Train	AUC[ROC]: 0.997598	AUC[PR]: 0.285221
Val	AUC[ROC]: 0.930089	AUC[PR]: 0.145799
Epoch evaluation duration: 39.4071440697
Epoch duration: 45.9683690071

Epoch 137/1000
Epoch training duration: 5.95989608765
Train	AUC[ROC]: 0.997645	AUC[PR]: 0.290220
Val	AUC[ROC]: 0.927196	AUC[PR]: 0.138723
Epoch evaluation duration: 42.2061829567
Epoch duration: 48.1660790443

Epoch 138/1000
Epoch training duration: 5.65750288963
Train	AUC[ROC]: 0.997549	AUC[PR]: 0.271317
Val	AUC[ROC]: 0.921163	AUC[PR]: 0.132691
Epoch evaluation duration: 35.9397001266
Epoch duration: 41.5972030163

Epoch 139/1000
Epoch training duration: 5.969632864
Train	AUC[ROC]: 0.997626	AUC[PR]: 0.283754
Val	AUC[ROC]: 0.921445	AUC[PR]: 0.149174
Epoch evaluation duration: 37.8271710873
Epoch duration: 43.7968039513

Epoch 140/1000
Epoch training duration: 5.44307899475
Train	AUC[ROC]: 0.997615	AUC[PR]: 0.282127
Val	AUC[ROC]: 0.923796	AUC[PR]: 0.138582
Epoch evaluation duration: 36.9502060413
Epoch duration: 42.3932850361

Epoch 141/1000
Epoch training duration: 6.3196849823
Train	AUC[ROC]: 0.997661	AUC[PR]: 0.283389
Val	AUC[ROC]: 0.917371	AUC[PR]: 0.136739
Epoch evaluation duration: 39.5754220486
Epoch duration: 45.8951070309

Epoch 142/1000
Epoch training duration: 6.45391893387
Train	AUC[ROC]: 0.997627	AUC[PR]: 0.287390
Val	AUC[ROC]: 0.926097	AUC[PR]: 0.150753
Epoch evaluation duration: 38.8045549393
Epoch duration: 45.2584738731

Epoch 143/1000
Epoch training duration: 6.00439405441
Train	AUC[ROC]: 0.997593	AUC[PR]: 0.275064
Val	AUC[ROC]: 0.926112	AUC[PR]: 0.143412
Epoch evaluation duration: 40.2727239132
Epoch duration: 46.2771179676

Epoch 144/1000
Epoch training duration: 6.023458004
Train	AUC[ROC]: 0.997661	AUC[PR]: 0.292065
Val	AUC[ROC]: 0.926111	AUC[PR]: 0.141140
Epoch evaluation duration: 36.0026791096
Epoch duration: 42.0261371136

Epoch 145/1000
Epoch training duration: 6.23825788498
Train	AUC[ROC]: 0.997599	AUC[PR]: 0.284486
Val	AUC[ROC]: 0.924456	AUC[PR]: 0.143827
Epoch evaluation duration: 38.5038599968
Epoch duration: 44.7421178818

Epoch 146/1000
Epoch training duration: 6.12042403221
Train	AUC[ROC]: 0.997640	AUC[PR]: 0.282200
Val	AUC[ROC]: 0.930912	AUC[PR]: 0.142045
Epoch evaluation duration: 39.814729929
Epoch duration: 45.9351539612

Epoch 147/1000
Epoch training duration: 7.04466104507
Train	AUC[ROC]: 0.997700	AUC[PR]: 0.290994
Val	AUC[ROC]: 0.923451	AUC[PR]: 0.149158
Epoch evaluation duration: 43.4242019653
Epoch duration: 50.4688630104

Epoch 148/1000
Epoch training duration: 5.93827915192
Train	AUC[ROC]: 0.997590	AUC[PR]: 0.283657
Val	AUC[ROC]: 0.922689	AUC[PR]: 0.142280
Epoch evaluation duration: 38.7552978992
Epoch duration: 44.6935770512

Epoch 149/1000
Epoch training duration: 6.31575012207
Train	AUC[ROC]: 0.997648	AUC[PR]: 0.282279
Val	AUC[ROC]: 0.922829	AUC[PR]: 0.148647
Epoch evaluation duration: 42.9384720325
Epoch duration: 49.2542221546

Epoch 150/1000
Epoch training duration: 6.19795894623
Train	AUC[ROC]: 0.997687	AUC[PR]: 0.285101
Val	AUC[ROC]: 0.924476	AUC[PR]: 0.147980
Epoch evaluation duration: 37.1198918819
Epoch duration: 43.3178508282

Epoch 151/1000
Epoch training duration: 6.4137070179
Train	AUC[ROC]: 0.997679	AUC[PR]: 0.281855
Val	AUC[ROC]: 0.921782	AUC[PR]: 0.141047
Epoch evaluation duration: 42.3423061371
Epoch duration: 48.756013155

Epoch 152/1000
Epoch training duration: 6.0144469738
Train	AUC[ROC]: 0.997695	AUC[PR]: 0.289606
Val	AUC[ROC]: 0.922018	AUC[PR]: 0.156389
Epoch evaluation duration: 42.0904569626
Epoch duration: 48.1049039364

Epoch 153/1000
Epoch training duration: 6.7033469677
Train	AUC[ROC]: 0.997724	AUC[PR]: 0.287527
Val	AUC[ROC]: 0.924616	AUC[PR]: 0.149864
Epoch evaluation duration: 37.7373280525
Epoch duration: 44.4406750202

Epoch 154/1000
Epoch training duration: 6.03095602989
Train	AUC[ROC]: 0.997642	AUC[PR]: 0.277689
Val	AUC[ROC]: 0.915720	AUC[PR]: 0.134142
Epoch evaluation duration: 39.3407988548
Epoch duration: 45.3717548847

Epoch 155/1000
Epoch training duration: 7.09873795509
Train	AUC[ROC]: 0.997746	AUC[PR]: 0.291776
Val	AUC[ROC]: 0.923107	AUC[PR]: 0.136045
Epoch evaluation duration: 44.4752781391
Epoch duration: 51.5740160942

Epoch 156/1000
Epoch training duration: 6.19194507599
Train	AUC[ROC]: 0.997603	AUC[PR]: 0.274547
Val	AUC[ROC]: 0.920617	AUC[PR]: 0.121277
Epoch evaluation duration: 42.2701737881
Epoch duration: 48.4621188641

Epoch 157/1000
Epoch training duration: 5.94971609116
Train	AUC[ROC]: 0.997685	AUC[PR]: 0.297569
Val	AUC[ROC]: 0.927772	AUC[PR]: 0.166910
Epoch evaluation duration: 37.0174920559
Epoch duration: 42.967208147

Epoch 158/1000
Epoch training duration: 5.72296595573
Train	AUC[ROC]: 0.997653	AUC[PR]: 0.284490
Val	AUC[ROC]: 0.929997	AUC[PR]: 0.140663
Epoch evaluation duration: 43.3125829697
Epoch duration: 49.0355489254

Epoch 159/1000
Epoch training duration: 5.51148414612
Train	AUC[ROC]: 0.997744	AUC[PR]: 0.289586
Val	AUC[ROC]: 0.926287	AUC[PR]: 0.139986
Epoch evaluation duration: 45.3804268837
Epoch duration: 50.8919110298

Epoch 160/1000
Epoch training duration: 6.90277600288
Train	AUC[ROC]: 0.997749	AUC[PR]: 0.288800
Val	AUC[ROC]: 0.924936	AUC[PR]: 0.150170
Epoch evaluation duration: 42.1980159283
Epoch duration: 49.1007919312

Epoch 161/1000
Epoch training duration: 6.35953116417
Train	AUC[ROC]: 0.997720	AUC[PR]: 0.289487
Val	AUC[ROC]: 0.920343	AUC[PR]: 0.156575
Epoch evaluation duration: 39.8923950195
Epoch duration: 46.2519261837

Epoch 162/1000
Epoch training duration: 6.28982686996
Train	AUC[ROC]: 0.997737	AUC[PR]: 0.288550
Val	AUC[ROC]: 0.930430	AUC[PR]: 0.152632
Epoch evaluation duration: 38.4026949406
Epoch duration: 44.6925218105

Epoch 163/1000
Epoch training duration: 6.2113339901
Train	AUC[ROC]: 0.997761	AUC[PR]: 0.298275
Val	AUC[ROC]: 0.935280	AUC[PR]: 0.148137
Epoch evaluation duration: 38.0461471081
Epoch duration: 44.2574810982

Epoch 164/1000
Epoch training duration: 6.47304201126
Train	AUC[ROC]: 0.997779	AUC[PR]: 0.291514
Val	AUC[ROC]: 0.926385	AUC[PR]: 0.144572
Epoch evaluation duration: 40.1481900215
Epoch duration: 46.6212320328

Epoch 165/1000
Epoch training duration: 5.54257488251
Train	AUC[ROC]: 0.997667	AUC[PR]: 0.279930
Val	AUC[ROC]: 0.925900	AUC[PR]: 0.127273
Epoch evaluation duration: 41.9038951397
Epoch duration: 47.4464700222

Epoch 166/1000
Epoch training duration: 6.09286189079
Train	AUC[ROC]: 0.997789	AUC[PR]: 0.293931
Val	AUC[ROC]: 0.931231	AUC[PR]: 0.152689
Epoch evaluation duration: 39.8564679623
Epoch duration: 45.9493298531

Epoch 167/1000
Epoch training duration: 5.79886412621
Train	AUC[ROC]: 0.997679	AUC[PR]: 0.277867
Val	AUC[ROC]: 0.924885	AUC[PR]: 0.140893
Epoch evaluation duration: 43.171216011
Epoch duration: 48.9700801373

Epoch 168/1000
Epoch training duration: 6.4562728405
Train	AUC[ROC]: 0.997746	AUC[PR]: 0.287229
Val	AUC[ROC]: 0.929901	AUC[PR]: 0.141085
Epoch evaluation duration: 42.6083610058
Epoch duration: 49.0646338463

Epoch 169/1000
Epoch training duration: 6.14720416069
Train	AUC[ROC]: 0.997734	AUC[PR]: 0.290170
Val	AUC[ROC]: 0.928641	AUC[PR]: 0.148151
Epoch evaluation duration: 45.7533040047
Epoch duration: 51.9005081654

Epoch 170/1000
Epoch training duration: 6.82444095612
Train	AUC[ROC]: 0.997762	AUC[PR]: 0.292725
Val	AUC[ROC]: 0.930440	AUC[PR]: 0.154024
Epoch evaluation duration: 35.8321769238
Epoch duration: 42.6566178799

Epoch 171/1000
Epoch training duration: 5.32395410538
Train	AUC[ROC]: 0.997801	AUC[PR]: 0.296869
Val	AUC[ROC]: 0.929832	AUC[PR]: 0.144433
Epoch evaluation duration: 31.2196559906
Epoch duration: 36.543610096

Epoch 172/1000
Epoch training duration: 5.31816101074
Train	AUC[ROC]: 0.997758	AUC[PR]: 0.286535
Val	AUC[ROC]: 0.927198	AUC[PR]: 0.141399
Epoch evaluation duration: 30.999227047
Epoch duration: 36.3173880577

Epoch 173/1000
Epoch training duration: 5.79802298546
Train	AUC[ROC]: 0.997758	AUC[PR]: 0.295345
Val	AUC[ROC]: 0.931953	AUC[PR]: 0.155553
Epoch evaluation duration: 37.2219769955
Epoch duration: 43.0199999809

Epoch 174/1000
Epoch training duration: 6.17896485329
Train	AUC[ROC]: 0.997797	AUC[PR]: 0.291436
Val	AUC[ROC]: 0.925291	AUC[PR]: 0.142591
Epoch evaluation duration: 47.1938149929
Epoch duration: 53.3727798462

Epoch 175/1000
Epoch training duration: 6.76650595665
Train	AUC[ROC]: 0.997765	AUC[PR]: 0.292235
Val	AUC[ROC]: 0.919100	AUC[PR]: 0.144021
Epoch evaluation duration: 47.327933073
Epoch duration: 54.0944390297

Epoch 176/1000
Epoch training duration: 6.05847811699
Train	AUC[ROC]: 0.997736	AUC[PR]: 0.280636
Val	AUC[ROC]: 0.920317	AUC[PR]: 0.135099
Epoch evaluation duration: 50.0060698986
Epoch duration: 56.0645480156

Epoch 177/1000
Epoch training duration: 6.4489030838
Train	AUC[ROC]: 0.997728	AUC[PR]: 0.279177
Val	AUC[ROC]: 0.926417	AUC[PR]: 0.139293
Epoch evaluation duration: 39.7571439743
Epoch duration: 46.2060470581

Epoch 178/1000
Epoch training duration: 6.64679193497
Train	AUC[ROC]: 0.997786	AUC[PR]: 0.294324
Val	AUC[ROC]: 0.925586	AUC[PR]: 0.157871
Epoch evaluation duration: 49.3391549587
Epoch duration: 55.9859468937

Epoch 179/1000
Epoch training duration: 6.58726811409
Train	AUC[ROC]: 0.997755	AUC[PR]: 0.282563
Val	AUC[ROC]: 0.923341	AUC[PR]: 0.135624
Epoch evaluation duration: 46.6070129871
Epoch duration: 53.1942811012

Epoch 180/1000
Epoch training duration: 7.14814686775
Train	AUC[ROC]: 0.997836	AUC[PR]: 0.292102
Val	AUC[ROC]: 0.927441	AUC[PR]: 0.132990
Epoch evaluation duration: 49.3872191906
Epoch duration: 56.5353660583

Epoch 181/1000
Epoch training duration: 6.12911295891
Train	AUC[ROC]: 0.997764	AUC[PR]: 0.285759
Val	AUC[ROC]: 0.925200	AUC[PR]: 0.137874
Epoch evaluation duration: 43.0310719013
Epoch duration: 49.1601848602

Epoch 182/1000
Epoch training duration: 6.80282115936
Train	AUC[ROC]: 0.997857	AUC[PR]: 0.295656
Val	AUC[ROC]: 0.925721	AUC[PR]: 0.142670
Epoch evaluation duration: 48.2308228016
Epoch duration: 55.033643961

Epoch 183/1000
Epoch training duration: 5.74441003799
Train	AUC[ROC]: 0.997780	AUC[PR]: 0.279672
Val	AUC[ROC]: 0.928007	AUC[PR]: 0.135910
Epoch evaluation duration: 46.3985090256
Epoch duration: 52.1429190636

Epoch 184/1000
Epoch training duration: 6.86728191376
Train	AUC[ROC]: 0.997776	AUC[PR]: 0.289452
Val	AUC[ROC]: 0.928194	AUC[PR]: 0.155927
Epoch evaluation duration: 44.8871819973
Epoch duration: 51.7544639111

Epoch 185/1000
Epoch training duration: 6.07580304146
Train	AUC[ROC]: 0.997809	AUC[PR]: 0.292674
Val	AUC[ROC]: 0.927004	AUC[PR]: 0.132146
Epoch evaluation duration: 49.0720059872
Epoch duration: 55.1478090286

Epoch 186/1000
Epoch training duration: 6.4090681076
Train	AUC[ROC]: 0.997864	AUC[PR]: 0.293234
Val	AUC[ROC]: 0.928055	AUC[PR]: 0.150195
Epoch evaluation duration: 45.0629448891
Epoch duration: 51.4720129967

Epoch 187/1000
Epoch training duration: 6.74069213867
Train	AUC[ROC]: 0.997775	AUC[PR]: 0.285203
Val	AUC[ROC]: 0.927343	AUC[PR]: 0.136374
Epoch evaluation duration: 45.8800330162
Epoch duration: 52.6207251549

Epoch 188/1000
Epoch training duration: 6.85401582718
Train	AUC[ROC]: 0.997785	AUC[PR]: 0.290171
Val	AUC[ROC]: 0.928494	AUC[PR]: 0.132503
Epoch evaluation duration: 38.3729171753
Epoch duration: 45.2269330025

Epoch 189/1000
Epoch training duration: 5.80320000648
Train	AUC[ROC]: 0.997819	AUC[PR]: 0.288946
Val	AUC[ROC]: 0.926595	AUC[PR]: 0.149301
Epoch evaluation duration: 40.9875929356
Epoch duration: 46.790792942

Epoch 190/1000
Epoch training duration: 5.74097704887
Train	AUC[ROC]: 0.997798	AUC[PR]: 0.290206
Val	AUC[ROC]: 0.925627	AUC[PR]: 0.146893
Epoch evaluation duration: 36.8054330349
Epoch duration: 42.5464100838

Epoch 191/1000
Epoch training duration: 5.93250489235
Train	AUC[ROC]: 0.997823	AUC[PR]: 0.295723
Val	AUC[ROC]: 0.931560	AUC[PR]: 0.153920
Epoch evaluation duration: 34.1418600082
Epoch duration: 40.0743649006

Epoch 192/1000
Epoch training duration: 5.23196196556
Train	AUC[ROC]: 0.997815	AUC[PR]: 0.294045
Val	AUC[ROC]: 0.922215	AUC[PR]: 0.151267
Epoch evaluation duration: 37.02780509
Epoch duration: 42.2597670555

Epoch 193/1000
Epoch training duration: 6.20682096481
Train	AUC[ROC]: 0.997814	AUC[PR]: 0.296308
Val	AUC[ROC]: 0.928159	AUC[PR]: 0.148570
Epoch evaluation duration: 36.9737689495
Epoch duration: 43.1805899143

Epoch 194/1000
Epoch training duration: 5.77005004883
Train	AUC[ROC]: 0.997819	AUC[PR]: 0.288088
Val	AUC[ROC]: 0.926648	AUC[PR]: 0.145634
Epoch evaluation duration: 38.5988080502
Epoch duration: 44.368858099

Epoch 195/1000
Epoch training duration: 6.10387682915
Train	AUC[ROC]: 0.997880	AUC[PR]: 0.295330
Val	AUC[ROC]: 0.926638	AUC[PR]: 0.145073
Epoch evaluation duration: 38.9538750648
Epoch duration: 45.057751894

Epoch 196/1000
Epoch training duration: 5.49134206772
Train	AUC[ROC]: 0.997837	AUC[PR]: 0.299198
Val	AUC[ROC]: 0.930922	AUC[PR]: 0.150334
Epoch evaluation duration: 33.4455759525
Epoch duration: 38.9369180202

Epoch 197/1000
Epoch training duration: 5.54590797424
Train	AUC[ROC]: 0.997807	AUC[PR]: 0.286759
Val	AUC[ROC]: 0.928949	AUC[PR]: 0.138875
Epoch evaluation duration: 42.5635330677
Epoch duration: 48.1094410419

Epoch 198/1000
Epoch training duration: 5.53320789337
Train	AUC[ROC]: 0.997871	AUC[PR]: 0.301591
Val	AUC[ROC]: 0.934175	AUC[PR]: 0.159260
Epoch evaluation duration: 35.6657290459
Epoch duration: 41.1989369392

Epoch 199/1000
Epoch training duration: 7.01872611046
Train	AUC[ROC]: 0.997819	AUC[PR]: 0.284574
Val	AUC[ROC]: 0.926356	AUC[PR]: 0.142706
Epoch evaluation duration: 40.0369470119
Epoch duration: 47.0556731224

Epoch 200/1000
Epoch training duration: 5.42204093933
Train	AUC[ROC]: 0.997773	AUC[PR]: 0.284034
Val	AUC[ROC]: 0.923273	AUC[PR]: 0.146875
Epoch evaluation duration: 39.8812460899
Epoch duration: 45.3032870293

Epoch 201/1000
Epoch training duration: 5.64775896072
Train	AUC[ROC]: 0.997854	AUC[PR]: 0.294571
Val	AUC[ROC]: 0.928804	AUC[PR]: 0.150937
Epoch evaluation duration: 38.1395900249
Epoch duration: 43.7873489857

Epoch 202/1000
Epoch training duration: 5.53223896027
Train	AUC[ROC]: 0.997829	AUC[PR]: 0.298494
Val	AUC[ROC]: 0.930170	AUC[PR]: 0.155757
Epoch evaluation duration: 36.2731268406
Epoch duration: 41.8053658009

Epoch 203/1000
Epoch training duration: 5.96270799637
Train	AUC[ROC]: 0.997833	AUC[PR]: 0.292735
Val	AUC[ROC]: 0.931647	AUC[PR]: 0.138422
Epoch evaluation duration: 34.0756900311
Epoch duration: 40.0383980274

Epoch 204/1000
Epoch training duration: 5.93251919746
Train	AUC[ROC]: 0.997855	AUC[PR]: 0.296613
Val	AUC[ROC]: 0.927909	AUC[PR]: 0.149865
Epoch evaluation duration: 43.0069849491
Epoch duration: 48.9395041466

Epoch 205/1000
Epoch training duration: 6.55179286003
Train	AUC[ROC]: 0.997836	AUC[PR]: 0.289374
Val	AUC[ROC]: 0.928333	AUC[PR]: 0.156300
Epoch evaluation duration: 38.5934951305
Epoch duration: 45.1452879906

Epoch 206/1000
Epoch training duration: 6.59081697464
Train	AUC[ROC]: 0.997801	AUC[PR]: 0.286004
Val	AUC[ROC]: 0.926680	AUC[PR]: 0.147381
Epoch evaluation duration: 44.0290219784
Epoch duration: 50.619838953

Epoch 207/1000
Epoch training duration: 6.10312390327
Train	AUC[ROC]: 0.997858	AUC[PR]: 0.290750
Val	AUC[ROC]: 0.923823	AUC[PR]: 0.152012
Epoch evaluation duration: 36.0531010628
Epoch duration: 42.156224966

Epoch 208/1000
Epoch training duration: 5.3214199543
Train	AUC[ROC]: 0.997867	AUC[PR]: 0.290114
Val	AUC[ROC]: 0.933084	AUC[PR]: 0.140079
Epoch evaluation duration: 35.220345974
Epoch duration: 40.5417659283

Epoch 209/1000
Epoch training duration: 5.97751307487
Train	AUC[ROC]: 0.997880	AUC[PR]: 0.291400
Val	AUC[ROC]: 0.927960	AUC[PR]: 0.146817
Epoch evaluation duration: 36.4900040627
Epoch duration: 42.4675171375

Epoch 210/1000
Epoch training duration: 6.79549098015
Train	AUC[ROC]: 0.997849	AUC[PR]: 0.294615
Val	AUC[ROC]: 0.927740	AUC[PR]: 0.138898
Epoch evaluation duration: 35.014772892
Epoch duration: 41.8102638721

Epoch 211/1000
Epoch training duration: 6.38346004486
Train	AUC[ROC]: 0.997860	AUC[PR]: 0.289901
Val	AUC[ROC]: 0.928430	AUC[PR]: 0.159742
Epoch evaluation duration: 38.9694530964
Epoch duration: 45.3529131413

Epoch 212/1000
Epoch training duration: 6.22369885445
Train	AUC[ROC]: 0.997887	AUC[PR]: 0.298452
Val	AUC[ROC]: 0.928921	AUC[PR]: 0.149511
Epoch evaluation duration: 44.7527251244
Epoch duration: 50.9764239788

Epoch 213/1000
Epoch training duration: 5.26365590096
Train	AUC[ROC]: 0.997830	AUC[PR]: 0.289709
Val	AUC[ROC]: 0.922224	AUC[PR]: 0.135339
Epoch evaluation duration: 40.0865950584
Epoch duration: 45.3502509594

Epoch 214/1000
Epoch training duration: 6.04321503639
Train	AUC[ROC]: 0.997854	AUC[PR]: 0.294609
Val	AUC[ROC]: 0.925903	AUC[PR]: 0.143313
Epoch evaluation duration: 36.3688368797
Epoch duration: 42.4120519161

Epoch 215/1000
Epoch training duration: 5.83835315704
Train	AUC[ROC]: 0.997849	AUC[PR]: 0.287732
Val	AUC[ROC]: 0.926351	AUC[PR]: 0.141818
Epoch evaluation duration: 36.654145956
Epoch duration: 42.4924991131

Epoch 216/1000
Epoch training duration: 5.6168820858
Train	AUC[ROC]: 0.997837	AUC[PR]: 0.286365
Val	AUC[ROC]: 0.925394	AUC[PR]: 0.136052
Epoch evaluation duration: 40.6212887764
Epoch duration: 46.2381708622

Epoch 217/1000
Epoch training duration: 6.06833004951
Train	AUC[ROC]: 0.997912	AUC[PR]: 0.295342
Val	AUC[ROC]: 0.928324	AUC[PR]: 0.143315
Epoch evaluation duration: 37.3689639568
Epoch duration: 43.4372940063

Epoch 218/1000
Epoch training duration: 5.78674817085
Train	AUC[ROC]: 0.997831	AUC[PR]: 0.286126
Val	AUC[ROC]: 0.925810	AUC[PR]: 0.141377
Epoch evaluation duration: 36.3794560432
Epoch duration: 42.1662042141

Epoch 219/1000
Epoch training duration: 5.86953783035
Train	AUC[ROC]: 0.997849	AUC[PR]: 0.285991
Val	AUC[ROC]: 0.929760	AUC[PR]: 0.131642
Epoch evaluation duration: 41.1196689606
Epoch duration: 46.9892067909

Epoch 220/1000
Epoch training duration: 5.60801005363
Train	AUC[ROC]: 0.997862	AUC[PR]: 0.286920
Val	AUC[ROC]: 0.927231	AUC[PR]: 0.148915
Epoch evaluation duration: 37.3949780464
Epoch duration: 43.0029881001

Epoch 221/1000
Epoch training duration: 5.52121090889
Train	AUC[ROC]: 0.997754	AUC[PR]: 0.285084
Val	AUC[ROC]: 0.927899	AUC[PR]: 0.130176
Epoch evaluation duration: 34.0394570827
Epoch duration: 39.5606679916

Epoch 222/1000
Epoch training duration: 5.65267205238
Train	AUC[ROC]: 0.997888	AUC[PR]: 0.292452
Val	AUC[ROC]: 0.928286	AUC[PR]: 0.138291
Epoch evaluation duration: 37.2307858467
Epoch duration: 42.8834578991

Epoch 223/1000
Epoch training duration: 6.0151309967
Train	AUC[ROC]: 0.997833	AUC[PR]: 0.291836
Val	AUC[ROC]: 0.924871	AUC[PR]: 0.146138
Epoch evaluation duration: 39.1701540947
Epoch duration: 45.1852850914

Epoch 224/1000
Epoch training duration: 5.82131505013
Train	AUC[ROC]: 0.997848	AUC[PR]: 0.293659
Val	AUC[ROC]: 0.925909	AUC[PR]: 0.149942
Epoch evaluation duration: 45.1710400581
Epoch duration: 50.9923551083

Epoch 225/1000
Epoch training duration: 5.97873282433
Train	AUC[ROC]: 0.997911	AUC[PR]: 0.296947
Val	AUC[ROC]: 0.927813	AUC[PR]: 0.137656
Epoch evaluation duration: 41.1124000549
Epoch duration: 47.0911328793

Epoch 226/1000
Epoch training duration: 6.45298814774
Train	AUC[ROC]: 0.997920	AUC[PR]: 0.290895
Val	AUC[ROC]: 0.930205	AUC[PR]: 0.143502
Epoch evaluation duration: 38.1474838257
Epoch duration: 44.6004719734

Epoch 227/1000
Epoch training duration: 6.74016714096
Train	AUC[ROC]: 0.997843	AUC[PR]: 0.290584
Val	AUC[ROC]: 0.922159	AUC[PR]: 0.126681
Epoch evaluation duration: 38.535367012
Epoch duration: 45.275534153

Epoch 228/1000
Epoch training duration: 5.75328302383
Train	AUC[ROC]: 0.997836	AUC[PR]: 0.286689
Val	AUC[ROC]: 0.927697	AUC[PR]: 0.142529
Epoch evaluation duration: 33.8935399055
Epoch duration: 39.6468229294

Epoch 229/1000
Epoch training duration: 6.24532389641
Train	AUC[ROC]: 0.997933	AUC[PR]: 0.304542
Val	AUC[ROC]: 0.923418	AUC[PR]: 0.151417
Epoch evaluation duration: 36.6407461166
Epoch duration: 42.886070013

Epoch 230/1000
Epoch training duration: 5.70746207237
Train	AUC[ROC]: 0.997845	AUC[PR]: 0.284862
Val	AUC[ROC]: 0.923283	AUC[PR]: 0.128352
Epoch evaluation duration: 45.8685147762
Epoch duration: 51.5759768486

Epoch 231/1000
Epoch training duration: 5.78424906731
Train	AUC[ROC]: 0.997869	AUC[PR]: 0.293934
Val	AUC[ROC]: 0.932537	AUC[PR]: 0.150395
Epoch evaluation duration: 39.5263440609
Epoch duration: 45.3105931282

Epoch 232/1000
Epoch training duration: 6.10350203514
Train	AUC[ROC]: 0.997881	AUC[PR]: 0.293929
Val	AUC[ROC]: 0.932408	AUC[PR]: 0.154209
Epoch evaluation duration: 41.977588892
Epoch duration: 48.0810909271

Epoch 233/1000
Epoch training duration: 6.12259507179
Train	AUC[ROC]: 0.997898	AUC[PR]: 0.296534
Val	AUC[ROC]: 0.924537	AUC[PR]: 0.150011
Epoch evaluation duration: 36.4879920483
Epoch duration: 42.6105871201

Epoch 234/1000
Epoch training duration: 5.98560500145
Train	AUC[ROC]: 0.997889	AUC[PR]: 0.294725
Val	AUC[ROC]: 0.929548	AUC[PR]: 0.149973
Epoch evaluation duration: 36.9269478321
Epoch duration: 42.9125528336

Epoch 235/1000
Epoch training duration: 5.95654821396
Train	AUC[ROC]: 0.997943	AUC[PR]: 0.298566
Val	AUC[ROC]: 0.927750	AUC[PR]: 0.154889
Epoch evaluation duration: 36.8576509953
Epoch duration: 42.8141992092

Epoch 236/1000
Epoch training duration: 5.64208984375
Train	AUC[ROC]: 0.997910	AUC[PR]: 0.297479
Val	AUC[ROC]: 0.934244	AUC[PR]: 0.149989
Epoch evaluation duration: 38.3537199497
Epoch duration: 43.9958097935

Epoch 237/1000
Epoch training duration: 6.48528814316
Train	AUC[ROC]: 0.997891	AUC[PR]: 0.289304
Val	AUC[ROC]: 0.928328	AUC[PR]: 0.145579
Epoch evaluation duration: 40.847755909
Epoch duration: 47.3330440521

Epoch 238/1000
Epoch training duration: 7.44087505341
Train	AUC[ROC]: 0.997952	AUC[PR]: 0.298366
Val	AUC[ROC]: 0.929481	AUC[PR]: 0.143084
Epoch evaluation duration: 38.8892300129
Epoch duration: 46.3301050663

Epoch 239/1000
Epoch training duration: 5.97810101509
Train	AUC[ROC]: 0.997839	AUC[PR]: 0.288701
Val	AUC[ROC]: 0.925334	AUC[PR]: 0.144914
Epoch evaluation duration: 35.5353589058
Epoch duration: 41.5134599209

Epoch 240/1000
Epoch training duration: 6.27952218056
Train	AUC[ROC]: 0.997937	AUC[PR]: 0.296750
Val	AUC[ROC]: 0.927756	AUC[PR]: 0.149674
Epoch evaluation duration: 37.5008587837
Epoch duration: 43.7803809643

Epoch 241/1000
Epoch training duration: 5.72824501991
Train	AUC[ROC]: 0.997944	AUC[PR]: 0.290669
Val	AUC[ROC]: 0.931133	AUC[PR]: 0.144182
Epoch evaluation duration: 37.0339291096
Epoch duration: 42.7621741295

Epoch 242/1000
Epoch training duration: 5.42730808258
Train	AUC[ROC]: 0.997927	AUC[PR]: 0.294406
Val	AUC[ROC]: 0.930822	AUC[PR]: 0.157567
Epoch evaluation duration: 41.308978796
Epoch duration: 46.7362868786

Epoch 243/1000
Epoch training duration: 6.33216118813
Train	AUC[ROC]: 0.997911	AUC[PR]: 0.293703
Val	AUC[ROC]: 0.926811	AUC[PR]: 0.151998
Epoch evaluation duration: 35.1723430157
Epoch duration: 41.5045042038

Epoch 244/1000
Epoch training duration: 5.4020087719
Train	AUC[ROC]: 0.997904	AUC[PR]: 0.296318
Val	AUC[ROC]: 0.925818	AUC[PR]: 0.134439
Epoch evaluation duration: 32.7890951633
Epoch duration: 38.1911039352

Epoch 245/1000
Epoch training duration: 5.61476683617
Train	AUC[ROC]: 0.997898	AUC[PR]: 0.297965
Val	AUC[ROC]: 0.931410	AUC[PR]: 0.158459
Epoch evaluation duration: 37.3136720657
Epoch duration: 42.9284389019

Epoch 246/1000
Epoch training duration: 5.97215008736
Train	AUC[ROC]: 0.997876	AUC[PR]: 0.290150
Val	AUC[ROC]: 0.923603	AUC[PR]: 0.125094
Epoch evaluation duration: 43.9349000454
Epoch duration: 49.9070501328

Epoch 247/1000
Epoch training duration: 5.49209499359
Train	AUC[ROC]: 0.997932	AUC[PR]: 0.293829
Val	AUC[ROC]: 0.931273	AUC[PR]: 0.154186
Epoch evaluation duration: 40.9783380032
Epoch duration: 46.4704329967

Epoch 248/1000
Epoch training duration: 6.01043987274
Train	AUC[ROC]: 0.997900	AUC[PR]: 0.292512
Val	AUC[ROC]: 0.931016	AUC[PR]: 0.142709
Epoch evaluation duration: 37.0220620632
Epoch duration: 43.032501936

Epoch 249/1000
Epoch training duration: 6.15833306313
Train	AUC[ROC]: 0.997911	AUC[PR]: 0.295170
Val	AUC[ROC]: 0.930642	AUC[PR]: 0.144984
Epoch evaluation duration: 39.4154598713
Epoch duration: 45.5737929344

Epoch 250/1000
Epoch training duration: 5.63939094543
Train	AUC[ROC]: 0.997901	AUC[PR]: 0.293252
Val	AUC[ROC]: 0.933485	AUC[PR]: 0.156433
Epoch evaluation duration: 39.1296160221
Epoch duration: 44.7690069675

Epoch 251/1000
Epoch training duration: 5.89219617844
Train	AUC[ROC]: 0.997945	AUC[PR]: 0.297943
Val	AUC[ROC]: 0.926638	AUC[PR]: 0.143544
Epoch evaluation duration: 46.2248499393
Epoch duration: 52.1170461178

Epoch 252/1000
Epoch training duration: 6.13146996498
Train	AUC[ROC]: 0.998009	AUC[PR]: 0.303434
Val	AUC[ROC]: 0.934873	AUC[PR]: 0.150861
Epoch evaluation duration: 37.7029309273
Epoch duration: 43.8344008923

Epoch 253/1000
Epoch training duration: 5.83574104309
Train	AUC[ROC]: 0.997966	AUC[PR]: 0.296849
Val	AUC[ROC]: 0.928215	AUC[PR]: 0.150983
Epoch evaluation duration: 37.7766170502
Epoch duration: 43.6123580933

Epoch 254/1000
Epoch training duration: 6.5088698864
Train	AUC[ROC]: 0.997961	AUC[PR]: 0.301827
Val	AUC[ROC]: 0.927178	AUC[PR]: 0.147772
Epoch evaluation duration: 36.6461071968
Epoch duration: 43.1549770832

Epoch 255/1000
Epoch training duration: 5.38457584381
Train	AUC[ROC]: 0.997890	AUC[PR]: 0.292626
Val	AUC[ROC]: 0.928275	AUC[PR]: 0.149832
Epoch evaluation duration: 38.6258990765
Epoch duration: 44.0104749203

Epoch 256/1000
Epoch training duration: 6.82635593414
Train	AUC[ROC]: 0.997953	AUC[PR]: 0.298619
Val	AUC[ROC]: 0.932267	AUC[PR]: 0.150233
Epoch evaluation duration: 39.126019001
Epoch duration: 45.9523749352

Epoch 257/1000
Epoch training duration: 7.11806893349
Train	AUC[ROC]: 0.997866	AUC[PR]: 0.290321
Val	AUC[ROC]: 0.928938	AUC[PR]: 0.143704
Epoch evaluation duration: 43.7513160706
Epoch duration: 50.869385004

Epoch 258/1000
Epoch training duration: 6.2083261013
Train	AUC[ROC]: 0.997897	AUC[PR]: 0.288149
Val	AUC[ROC]: 0.926778	AUC[PR]: 0.132931
Epoch evaluation duration: 38.060188055
Epoch duration: 44.2685141563

Epoch 259/1000
Epoch training duration: 5.6295208931
Train	AUC[ROC]: 0.997915	AUC[PR]: 0.290277
Val	AUC[ROC]: 0.929000	AUC[PR]: 0.134017
Epoch evaluation duration: 47.9400129318
Epoch duration: 53.5695338249

Epoch 260/1000
Epoch training duration: 5.9749121666
Train	AUC[ROC]: 0.997951	AUC[PR]: 0.292379
Val	AUC[ROC]: 0.932406	AUC[PR]: 0.130292
Epoch evaluation duration: 40.2439517975
Epoch duration: 46.2188639641

Epoch 261/1000
Epoch training duration: 5.56883811951
Train	AUC[ROC]: 0.997961	AUC[PR]: 0.292605
Val	AUC[ROC]: 0.931849	AUC[PR]: 0.146911
Epoch evaluation duration: 44.0504670143
Epoch duration: 49.6193051338

Epoch 262/1000
Epoch training duration: 7.00769901276
Train	AUC[ROC]: 0.998016	AUC[PR]: 0.300633
Val	AUC[ROC]: 0.933078	AUC[PR]: 0.146924
Epoch evaluation duration: 36.3684659004
Epoch duration: 43.3761649132

Epoch 263/1000
Epoch training duration: 6.18355202675
Train	AUC[ROC]: 0.997965	AUC[PR]: 0.293788
Val	AUC[ROC]: 0.929832	AUC[PR]: 0.133948
Epoch evaluation duration: 39.0539069176
Epoch duration: 45.2374589443

Epoch 264/1000
Epoch training duration: 6.40054821968
Train	AUC[ROC]: 0.997998	AUC[PR]: 0.300635
Val	AUC[ROC]: 0.930632	AUC[PR]: 0.143392
Epoch evaluation duration: 42.1453709602
Epoch duration: 48.5459191799

Epoch 265/1000
Epoch training duration: 6.00342082977
Train	AUC[ROC]: 0.997980	AUC[PR]: 0.296739
Val	AUC[ROC]: 0.932253	AUC[PR]: 0.136622
Epoch evaluation duration: 39.8115460873
Epoch duration: 45.814966917

Epoch 266/1000
Epoch training duration: 6.77887105942
Train	AUC[ROC]: 0.998012	AUC[PR]: 0.298144
Val	AUC[ROC]: 0.929102	AUC[PR]: 0.139374
Epoch evaluation duration: 41.4693138599
Epoch duration: 48.2481849194

Epoch 267/1000
Epoch training duration: 6.22584915161
Train	AUC[ROC]: 0.998042	AUC[PR]: 0.306962
Val	AUC[ROC]: 0.932208	AUC[PR]: 0.152942
Epoch evaluation duration: 42.7803349495
Epoch duration: 49.0061841011

Epoch 268/1000
Epoch training duration: 5.55422496796
Train	AUC[ROC]: 0.997968	AUC[PR]: 0.295321
Val	AUC[ROC]: 0.925974	AUC[PR]: 0.135963
Epoch evaluation duration: 37.4423561096
Epoch duration: 42.9965810776

Epoch 269/1000
Epoch training duration: 6.04309797287
Train	AUC[ROC]: 0.997992	AUC[PR]: 0.293544
Val	AUC[ROC]: 0.926280	AUC[PR]: 0.148480
Epoch evaluation duration: 37.8455169201
Epoch duration: 43.888614893

Epoch 270/1000
Epoch training duration: 6.18522405624
Train	AUC[ROC]: 0.997929	AUC[PR]: 0.292341
Val	AUC[ROC]: 0.932781	AUC[PR]: 0.136658
Epoch evaluation duration: 39.1545450687
Epoch duration: 45.339769125

Epoch 271/1000
Epoch training duration: 5.61372494698
Train	AUC[ROC]: 0.998004	AUC[PR]: 0.299338
Val	AUC[ROC]: 0.929591	AUC[PR]: 0.146465
Epoch evaluation duration: 39.5452978611
Epoch duration: 45.1590228081

Epoch 272/1000
Epoch training duration: 6.65291404724
Train	AUC[ROC]: 0.998000	AUC[PR]: 0.295476
Val	AUC[ROC]: 0.930204	AUC[PR]: 0.132042
Epoch evaluation duration: 40.9686899185
Epoch duration: 47.6216039658

Epoch 273/1000
Epoch training duration: 5.93141412735
Train	AUC[ROC]: 0.998023	AUC[PR]: 0.302204
Val	AUC[ROC]: 0.926295	AUC[PR]: 0.149942
Epoch evaluation duration: 40.0201330185
Epoch duration: 45.9515471458

Epoch 274/1000
Epoch training duration: 5.07924485207
Train	AUC[ROC]: 0.997988	AUC[PR]: 0.299976
Val	AUC[ROC]: 0.929330	AUC[PR]: 0.141374
Epoch evaluation duration: 39.1744921207
Epoch duration: 44.2537369728

Epoch 275/1000
Epoch training duration: 6.11408400536
Train	AUC[ROC]: 0.997987	AUC[PR]: 0.299350
Val	AUC[ROC]: 0.928876	AUC[PR]: 0.147734
Epoch evaluation duration: 37.1743478775
Epoch duration: 43.2884318829

Epoch 276/1000
Epoch training duration: 6.28113222122
Train	AUC[ROC]: 0.997937	AUC[PR]: 0.297837
Val	AUC[ROC]: 0.931084	AUC[PR]: 0.146756
Epoch evaluation duration: 36.8883500099
Epoch duration: 43.1694822311

Epoch 277/1000
Epoch training duration: 6.24905490875
Train	AUC[ROC]: 0.997992	AUC[PR]: 0.301053
Val	AUC[ROC]: 0.929928	AUC[PR]: 0.153183
Epoch evaluation duration: 44.2518188953
Epoch duration: 50.5008738041

Epoch 278/1000
Epoch training duration: 5.6419980526
Train	AUC[ROC]: 0.997989	AUC[PR]: 0.301322
Val	AUC[ROC]: 0.931763	AUC[PR]: 0.151739
Epoch evaluation duration: 40.0673000813
Epoch duration: 45.7092981339

Epoch 279/1000
Epoch training duration: 6.13078784943
Train	AUC[ROC]: 0.997945	AUC[PR]: 0.296173
Val	AUC[ROC]: 0.927551	AUC[PR]: 0.147500
Epoch evaluation duration: 41.1740450859
Epoch duration: 47.3048329353

Epoch 280/1000
Epoch training duration: 5.5966861248
Train	AUC[ROC]: 0.997943	AUC[PR]: 0.293338
Val	AUC[ROC]: 0.930939	AUC[PR]: 0.142757
Epoch evaluation duration: 38.4754939079
Epoch duration: 44.0721800327

Epoch 281/1000
Epoch training duration: 5.78517794609
Train	AUC[ROC]: 0.997949	AUC[PR]: 0.297333
Val	AUC[ROC]: 0.930103	AUC[PR]: 0.145286
Epoch evaluation duration: 41.7861299515
Epoch duration: 47.5713078976

Epoch 282/1000
Epoch training duration: 5.99988818169
Train	AUC[ROC]: 0.998036	AUC[PR]: 0.304418
Val	AUC[ROC]: 0.928703	AUC[PR]: 0.147967
Epoch evaluation duration: 46.1256718636
Epoch duration: 52.1255600452

Epoch 283/1000
Epoch training duration: 6.34509301186
Train	AUC[ROC]: 0.997940	AUC[PR]: 0.299515
Val	AUC[ROC]: 0.928640	AUC[PR]: 0.142709
Epoch evaluation duration: 41.6037490368
Epoch duration: 47.9488420486

Epoch 284/1000
Epoch training duration: 6.47491598129
Train	AUC[ROC]: 0.997987	AUC[PR]: 0.301079
Val	AUC[ROC]: 0.930489	AUC[PR]: 0.150222
Epoch evaluation duration: 36.8078401089
Epoch duration: 43.2827560902

Epoch 285/1000
Epoch training duration: 6.17159891129
Train	AUC[ROC]: 0.997952	AUC[PR]: 0.293040
Val	AUC[ROC]: 0.929148	AUC[PR]: 0.139232
Epoch evaluation duration: 40.6135439873
Epoch duration: 46.7851428986

Epoch 286/1000
Epoch training duration: 5.85444498062
Train	AUC[ROC]: 0.997985	AUC[PR]: 0.298726
Val	AUC[ROC]: 0.931608	AUC[PR]: 0.132373
Epoch evaluation duration: 41.3759460449
Epoch duration: 47.2303910255

Epoch 287/1000
Epoch training duration: 6.29701185226
Train	AUC[ROC]: 0.997972	AUC[PR]: 0.295105
Val	AUC[ROC]: 0.928725	AUC[PR]: 0.135714
Epoch evaluation duration: 34.1015532017
Epoch duration: 40.3985650539

Epoch 288/1000
Epoch training duration: 5.67663288116
Train	AUC[ROC]: 0.998033	AUC[PR]: 0.300384
Val	AUC[ROC]: 0.931365	AUC[PR]: 0.140885
Epoch evaluation duration: 36.8128530979
Epoch duration: 42.4894859791

Epoch 289/1000
Epoch training duration: 5.71473288536
Train	AUC[ROC]: 0.997966	AUC[PR]: 0.296276
Val	AUC[ROC]: 0.928074	AUC[PR]: 0.146901
Epoch evaluation duration: 42.8201971054
Epoch duration: 48.5349299908

Epoch 290/1000
Epoch training duration: 6.87252092361
Train	AUC[ROC]: 0.997975	AUC[PR]: 0.291438
Val	AUC[ROC]: 0.929672	AUC[PR]: 0.130749
Epoch evaluation duration: 46.1383430958
Epoch duration: 53.0108640194

Epoch 291/1000
Epoch training duration: 6.4506289959
Train	AUC[ROC]: 0.998015	AUC[PR]: 0.299051
Val	AUC[ROC]: 0.927736	AUC[PR]: 0.131718
Epoch evaluation duration: 36.1906888485
Epoch duration: 42.6413178444

Epoch 292/1000
Epoch training duration: 6.85723400116
Train	AUC[ROC]: 0.998010	AUC[PR]: 0.299794
Val	AUC[ROC]: 0.930967	AUC[PR]: 0.147786
Epoch evaluation duration: 43.7456181049
Epoch duration: 50.6028521061

Epoch 293/1000
Epoch training duration: 6.95803689957
Train	AUC[ROC]: 0.997997	AUC[PR]: 0.298094
Val	AUC[ROC]: 0.934435	AUC[PR]: 0.138418
Epoch evaluation duration: 37.6453921795
Epoch duration: 44.6034290791

Epoch 294/1000
Epoch training duration: 5.84206295013
Train	AUC[ROC]: 0.997990	AUC[PR]: 0.292853
Val	AUC[ROC]: 0.928779	AUC[PR]: 0.133482
Epoch evaluation duration: 42.2395279408
Epoch duration: 48.0815908909

Epoch 295/1000
Epoch training duration: 5.8945081234
Train	AUC[ROC]: 0.998085	AUC[PR]: 0.304125
Val	AUC[ROC]: 0.927734	AUC[PR]: 0.157192
Epoch evaluation duration: 40.6412768364
Epoch duration: 46.5357849598

Epoch 296/1000
Epoch training duration: 5.81523299217
Train	AUC[ROC]: 0.997955	AUC[PR]: 0.295119
Val	AUC[ROC]: 0.923278	AUC[PR]: 0.135057
Epoch evaluation duration: 38.978315115
Epoch duration: 44.7935481071

Epoch 297/1000
Epoch training duration: 5.70448899269
Train	AUC[ROC]: 0.998004	AUC[PR]: 0.301191
Val	AUC[ROC]: 0.928603	AUC[PR]: 0.151559
Epoch evaluation duration: 40.9763119221
Epoch duration: 46.6808009148

Epoch 298/1000
Epoch training duration: 5.97759890556
Train	AUC[ROC]: 0.998008	AUC[PR]: 0.301162
Val	AUC[ROC]: 0.929482	AUC[PR]: 0.152234
Epoch evaluation duration: 42.9840140343
Epoch duration: 48.9616129398

Epoch 299/1000
Epoch training duration: 5.81346201897
Train	AUC[ROC]: 0.998037	AUC[PR]: 0.301617
Val	AUC[ROC]: 0.929777	AUC[PR]: 0.150044
Epoch evaluation duration: 39.3536081314
Epoch duration: 45.1670701504

Epoch 300/1000
Epoch training duration: 5.99635791779
Train	AUC[ROC]: 0.998020	AUC[PR]: 0.296439
Val	AUC[ROC]: 0.930790	AUC[PR]: 0.147353
Epoch evaluation duration: 43.6407599449
Epoch duration: 49.6371178627

Epoch 301/1000
Epoch training duration: 5.70114302635
Train	AUC[ROC]: 0.997971	AUC[PR]: 0.297030
Val	AUC[ROC]: 0.927928	AUC[PR]: 0.147288
Epoch evaluation duration: 37.4313960075
Epoch duration: 43.1325390339

Epoch 302/1000
Epoch training duration: 6.14314293861
Train	AUC[ROC]: 0.997980	AUC[PR]: 0.298585
Val	AUC[ROC]: 0.930498	AUC[PR]: 0.143276
Epoch evaluation duration: 37.7969920635
Epoch duration: 43.9401350021

Epoch 303/1000
Epoch training duration: 5.62622308731
Train	AUC[ROC]: 0.997985	AUC[PR]: 0.298247
Val	AUC[ROC]: 0.930828	AUC[PR]: 0.148181
Epoch evaluation duration: 51.0448138714
Epoch duration: 56.6710369587

Epoch 304/1000
Epoch training duration: 5.74943208694
Train	AUC[ROC]: 0.998017	AUC[PR]: 0.300339
Val	AUC[ROC]: 0.923531	AUC[PR]: 0.147187
Epoch evaluation duration: 43.0926690102
Epoch duration: 48.8421010971

Epoch 305/1000
Epoch training duration: 5.55660486221
Train	AUC[ROC]: 0.997967	AUC[PR]: 0.293139
Val	AUC[ROC]: 0.926612	AUC[PR]: 0.150238
Epoch evaluation duration: 38.8349680901
Epoch duration: 44.3915729523

Epoch 306/1000
Epoch training duration: 5.8084359169
Train	AUC[ROC]: 0.998050	AUC[PR]: 0.299500
Val	AUC[ROC]: 0.931969	AUC[PR]: 0.150035
Epoch evaluation duration: 37.770843029
Epoch duration: 43.5792789459

Epoch 307/1000
Epoch training duration: 5.3241109848
Train	AUC[ROC]: 0.998019	AUC[PR]: 0.305952
Val	AUC[ROC]: 0.930384	AUC[PR]: 0.152149
Epoch evaluation duration: 35.0827100277
Epoch duration: 40.4068210125

Epoch 308/1000
Epoch training duration: 5.88931798935
Train	AUC[ROC]: 0.998033	AUC[PR]: 0.302301
Val	AUC[ROC]: 0.932535	AUC[PR]: 0.148181
Epoch evaluation duration: 39.2378101349
Epoch duration: 45.1271281242

Epoch 309/1000
Epoch training duration: 5.8362839222
Train	AUC[ROC]: 0.998051	AUC[PR]: 0.304229
Val	AUC[ROC]: 0.930932	AUC[PR]: 0.155573
Epoch evaluation duration: 45.0621459484
Epoch duration: 50.8984298706

Epoch 310/1000
Epoch training duration: 5.75655817986
Train	AUC[ROC]: 0.998010	AUC[PR]: 0.298073
Val	AUC[ROC]: 0.930604	AUC[PR]: 0.135758
Epoch evaluation duration: 37.6906898022
Epoch duration: 43.447247982

Epoch 311/1000
Epoch training duration: 5.69845509529
Train	AUC[ROC]: 0.997987	AUC[PR]: 0.296860
Val	AUC[ROC]: 0.922349	AUC[PR]: 0.133529
Epoch evaluation duration: 47.5996611118
Epoch duration: 53.2981162071

Epoch 312/1000
Epoch training duration: 6.52809977531
Train	AUC[ROC]: 0.998079	AUC[PR]: 0.309147
Val	AUC[ROC]: 0.933368	AUC[PR]: 0.157209
Epoch evaluation duration: 38.3527450562
Epoch duration: 44.8808448315

Epoch 313/1000
Epoch training duration: 6.41596412659
Train	AUC[ROC]: 0.997989	AUC[PR]: 0.300371
Val	AUC[ROC]: 0.934655	AUC[PR]: 0.146051
Epoch evaluation duration: 40.239454031
Epoch duration: 46.6554181576

Epoch 314/1000
Epoch training duration: 5.96148300171
Train	AUC[ROC]: 0.998030	AUC[PR]: 0.299900
Val	AUC[ROC]: 0.931388	AUC[PR]: 0.145124
Epoch evaluation duration: 36.8437409401
Epoch duration: 42.8052239418

Epoch 315/1000
Epoch training duration: 6.09574604034
Train	AUC[ROC]: 0.997988	AUC[PR]: 0.301487
Val	AUC[ROC]: 0.933912	AUC[PR]: 0.141665
Epoch evaluation duration: 42.5333178043
Epoch duration: 48.6290638447

Epoch 316/1000
Epoch training duration: 7.83034110069
Train	AUC[ROC]: 0.997972	AUC[PR]: 0.296929
Val	AUC[ROC]: 0.930143	AUC[PR]: 0.145708
Epoch evaluation duration: 41.3086979389
Epoch duration: 49.1390390396

Epoch 317/1000
Epoch training duration: 6.64228510857
Train	AUC[ROC]: 0.998055	AUC[PR]: 0.303450
Val	AUC[ROC]: 0.931543	AUC[PR]: 0.146857
Epoch evaluation duration: 42.2968158722
Epoch duration: 48.9391009808

Epoch 318/1000
Epoch training duration: 5.85893702507
Train	AUC[ROC]: 0.998008	AUC[PR]: 0.294465
Val	AUC[ROC]: 0.931017	AUC[PR]: 0.138448
Epoch evaluation duration: 37.1509771347
Epoch duration: 43.0099141598

Epoch 319/1000
Epoch training duration: 5.58666300774
Train	AUC[ROC]: 0.997953	AUC[PR]: 0.295372
Val	AUC[ROC]: 0.926664	AUC[PR]: 0.147071
Epoch evaluation duration: 47.4231758118
Epoch duration: 53.0098388195

Epoch 320/1000
Epoch training duration: 7.43443512917
Train	AUC[ROC]: 0.998025	AUC[PR]: 0.301582
Val	AUC[ROC]: 0.926205	AUC[PR]: 0.137538
Epoch evaluation duration: 37.0570020676
Epoch duration: 44.4914371967

Epoch 321/1000
Epoch training duration: 6.66744184494
Train	AUC[ROC]: 0.998014	AUC[PR]: 0.302293
Val	AUC[ROC]: 0.937216	AUC[PR]: 0.148322
Epoch evaluation duration: 37.6665740013
Epoch duration: 44.3340158463

Epoch 322/1000
Epoch training duration: 7.34555506706
Train	AUC[ROC]: 0.998047	AUC[PR]: 0.301129
Val	AUC[ROC]: 0.932337	AUC[PR]: 0.147080
Epoch evaluation duration: 41.0540950298
Epoch duration: 48.3996500969

Epoch 323/1000
Epoch training duration: 6.73642802238
Train	AUC[ROC]: 0.998015	AUC[PR]: 0.304762
Val	AUC[ROC]: 0.929541	AUC[PR]: 0.155879
Epoch evaluation duration: 38.647908926
Epoch duration: 45.3843369484

Epoch 324/1000
Epoch training duration: 7.28498911858
Train	AUC[ROC]: 0.997927	AUC[PR]: 0.288616
Val	AUC[ROC]: 0.927136	AUC[PR]: 0.129438
Epoch evaluation duration: 39.3431668282
Epoch duration: 46.6281559467

Epoch 325/1000
Epoch training duration: 6.33397603035
Train	AUC[ROC]: 0.998072	AUC[PR]: 0.300891
Val	AUC[ROC]: 0.930092	AUC[PR]: 0.149811
Epoch evaluation duration: 39.8603789806
Epoch duration: 46.194355011

Epoch 326/1000
Epoch training duration: 6.07643198967
Train	AUC[ROC]: 0.998038	AUC[PR]: 0.299911
Val	AUC[ROC]: 0.932890	AUC[PR]: 0.140183
Epoch evaluation duration: 40.9084720612
Epoch duration: 46.9849040508

Epoch 327/1000
Epoch training duration: 5.82195901871
Train	AUC[ROC]: 0.998029	AUC[PR]: 0.300623
Val	AUC[ROC]: 0.931571	AUC[PR]: 0.155334
Epoch evaluation duration: 40.0776059628
Epoch duration: 45.8995649815

Epoch 328/1000
Epoch training duration: 5.81782007217
Train	AUC[ROC]: 0.998095	AUC[PR]: 0.308469
Val	AUC[ROC]: 0.932082	AUC[PR]: 0.150209
Epoch evaluation duration: 49.5147218704
Epoch duration: 55.3325419426

Epoch 329/1000
Epoch training duration: 5.5767261982
Train	AUC[ROC]: 0.998064	AUC[PR]: 0.301183
Val	AUC[ROC]: 0.928936	AUC[PR]: 0.141340
Epoch evaluation duration: 41.4543647766
Epoch duration: 47.0310909748

Epoch 330/1000
Epoch training duration: 5.97332811356
Train	AUC[ROC]: 0.998017	AUC[PR]: 0.300419
Val	AUC[ROC]: 0.927485	AUC[PR]: 0.155877
Epoch evaluation duration: 37.6940369606
Epoch duration: 43.6673650742

Epoch 331/1000
Epoch training duration: 5.4593539238
Train	AUC[ROC]: 0.998047	AUC[PR]: 0.307498
Val	AUC[ROC]: 0.933635	AUC[PR]: 0.141801
Epoch evaluation duration: 38.8971710205
Epoch duration: 44.3565249443

Epoch 332/1000
Epoch training duration: 5.54928898811
Train	AUC[ROC]: 0.998031	AUC[PR]: 0.300524
Val	AUC[ROC]: 0.933745	AUC[PR]: 0.145885
Epoch evaluation duration: 39.5386981964
Epoch duration: 45.0879871845

Epoch 333/1000
Epoch training duration: 6.6480410099
Train	AUC[ROC]: 0.998037	AUC[PR]: 0.304635
Val	AUC[ROC]: 0.933564	AUC[PR]: 0.153247
Epoch evaluation duration: 41.6672840118
Epoch duration: 48.3153250217

Epoch 334/1000
Epoch training duration: 5.93987298012
Train	AUC[ROC]: 0.998058	AUC[PR]: 0.303546
Val	AUC[ROC]: 0.931464	AUC[PR]: 0.147084
Epoch evaluation duration: 44.4476869106
Epoch duration: 50.3875598907

Epoch 335/1000
Epoch training duration: 5.78342199326
Train	AUC[ROC]: 0.998053	AUC[PR]: 0.303388
Val	AUC[ROC]: 0.930122	AUC[PR]: 0.159810
Epoch evaluation duration: 40.9518609047
Epoch duration: 46.7352828979

Epoch 336/1000
Epoch training duration: 6.37390112877
Train	AUC[ROC]: 0.998042	AUC[PR]: 0.299485
Val	AUC[ROC]: 0.930519	AUC[PR]: 0.138644
Epoch evaluation duration: 47.7434749603
Epoch duration: 54.1173760891

Epoch 337/1000
Epoch training duration: 6.38199806213
Train	AUC[ROC]: 0.998049	AUC[PR]: 0.300715
Val	AUC[ROC]: 0.931276	AUC[PR]: 0.140378
Epoch evaluation duration: 39.0377309322
Epoch duration: 45.4197289944

Epoch 338/1000
Epoch training duration: 6.3178999424
Train	AUC[ROC]: 0.998037	AUC[PR]: 0.305409
Val	AUC[ROC]: 0.934163	AUC[PR]: 0.149715
Epoch evaluation duration: 46.0153939724
Epoch duration: 52.3332939148

Epoch 339/1000
Epoch training duration: 6.26559019089
Train	AUC[ROC]: 0.998075	AUC[PR]: 0.303261
Val	AUC[ROC]: 0.932038	AUC[PR]: 0.149229
Epoch evaluation duration: 37.0225589275
Epoch duration: 43.2881491184

Epoch 340/1000
Epoch training duration: 6.40758800507
Train	AUC[ROC]: 0.998068	AUC[PR]: 0.301933
Val	AUC[ROC]: 0.935988	AUC[PR]: 0.144667
Epoch evaluation duration: 43.64823699
Epoch duration: 50.055824995

Epoch 341/1000
Epoch training duration: 6.66118597984
Train	AUC[ROC]: 0.998072	AUC[PR]: 0.306284
Val	AUC[ROC]: 0.927594	AUC[PR]: 0.146232
Epoch evaluation duration: 44.9411380291
Epoch duration: 51.6023240089

Epoch 342/1000
Epoch training duration: 5.59535002708
Train	AUC[ROC]: 0.998047	AUC[PR]: 0.302631
Val	AUC[ROC]: 0.932200	AUC[PR]: 0.149384
Epoch evaluation duration: 45.4345428944
Epoch duration: 51.0298929214

Epoch 343/1000
Epoch training duration: 5.52033996582
Train	AUC[ROC]: 0.998066	AUC[PR]: 0.301723
Val	AUC[ROC]: 0.930025	AUC[PR]: 0.152721
Epoch evaluation duration: 37.7189421654
Epoch duration: 43.2392821312

Epoch 344/1000
Epoch training duration: 5.97696685791
Train	AUC[ROC]: 0.998044	AUC[PR]: 0.299260
Val	AUC[ROC]: 0.927337	AUC[PR]: 0.141515
Epoch evaluation duration: 41.9371881485
Epoch duration: 47.9141550064

Epoch 345/1000
Epoch training duration: 6.33205699921
Train	AUC[ROC]: 0.998082	AUC[PR]: 0.307550
Val	AUC[ROC]: 0.933132	AUC[PR]: 0.161388
Epoch evaluation duration: 42.1545789242
Epoch duration: 48.4866359234

Epoch 346/1000
Epoch training duration: 7.39126205444
Train	AUC[ROC]: 0.998058	AUC[PR]: 0.305969
Val	AUC[ROC]: 0.932531	AUC[PR]: 0.159116
Epoch evaluation duration: 46.3674509525
Epoch duration: 53.758713007

Epoch 347/1000
Epoch training duration: 6.09575510025
Train	AUC[ROC]: 0.998045	AUC[PR]: 0.300233
Val	AUC[ROC]: 0.926795	AUC[PR]: 0.145944
Epoch evaluation duration: 40.613702774
Epoch duration: 46.7094578743

Epoch 348/1000
Epoch training duration: 6.74711704254
Train	AUC[ROC]: 0.998101	AUC[PR]: 0.305262
Val	AUC[ROC]: 0.932147	AUC[PR]: 0.148230
Epoch evaluation duration: 42.0702180862
Epoch duration: 48.8173351288

Epoch 349/1000
Epoch training duration: 5.52467608452
Train	AUC[ROC]: 0.998056	AUC[PR]: 0.300687
Val	AUC[ROC]: 0.936512	AUC[PR]: 0.143320
Epoch evaluation duration: 38.7840998173
Epoch duration: 44.3087759018

Epoch 350/1000
Epoch training duration: 5.87547397614
Train	AUC[ROC]: 0.998069	AUC[PR]: 0.303778
Val	AUC[ROC]: 0.930149	AUC[PR]: 0.145258
Epoch evaluation duration: 42.1007261276
Epoch duration: 47.9762001038

Epoch 351/1000
Epoch training duration: 5.2848238945
Train	AUC[ROC]: 0.998049	AUC[PR]: 0.299570
Val	AUC[ROC]: 0.929090	AUC[PR]: 0.135340
Epoch evaluation duration: 42.881029129
Epoch duration: 48.1658530235

Epoch 352/1000
Epoch training duration: 6.29110598564
Train	AUC[ROC]: 0.998032	AUC[PR]: 0.298947
Val	AUC[ROC]: 0.925920	AUC[PR]: 0.138820
Epoch evaluation duration: 38.7885918617
Epoch duration: 45.0796978474

Epoch 353/1000
Epoch training duration: 5.30667519569
Train	AUC[ROC]: 0.998048	AUC[PR]: 0.307726
Val	AUC[ROC]: 0.932434	AUC[PR]: 0.145728
Epoch evaluation duration: 46.0070748329
Epoch duration: 51.3137500286

Epoch 354/1000
Epoch training duration: 6.03904509544
Train	AUC[ROC]: 0.998070	AUC[PR]: 0.301491
Val	AUC[ROC]: 0.932635	AUC[PR]: 0.146730
Epoch evaluation duration: 34.1963551044
Epoch duration: 40.2354001999

Epoch 355/1000
Epoch training duration: 5.95605587959
Train	AUC[ROC]: 0.998035	AUC[PR]: 0.298341
Val	AUC[ROC]: 0.932525	AUC[PR]: 0.131853
Epoch evaluation duration: 40.5330920219
Epoch duration: 46.4891479015

Epoch 356/1000
Epoch training duration: 6.50598597527
Train	AUC[ROC]: 0.998063	AUC[PR]: 0.303454
Val	AUC[ROC]: 0.928175	AUC[PR]: 0.150777
Epoch evaluation duration: 41.8496170044
Epoch duration: 48.3556029797

Epoch 357/1000
Epoch training duration: 7.60851788521
Train	AUC[ROC]: 0.998105	AUC[PR]: 0.309194
Val	AUC[ROC]: 0.935435	AUC[PR]: 0.155211
Epoch evaluation duration: 43.9174940586
Epoch duration: 51.5260119438

Epoch 358/1000
Epoch training duration: 6.98079204559
Train	AUC[ROC]: 0.998055	AUC[PR]: 0.297192
Val	AUC[ROC]: 0.929498	AUC[PR]: 0.138585
Epoch evaluation duration: 41.8470740318
Epoch duration: 48.8278660774

train precision: 0.297568954996
train roc: 0.997684670953
train hit: 325.0 out of 332.0

val precision: 0.166910220412
val roc: 0.927771892478
val hit: 35.0 out of 56.0

test precision: 0.0810148897013
test roc: 0.918275893234
test hit: 28.0 out of 56.0

ratio: 0.02, EF: 31.25,	active: 56.0
ratio: 0.02, NEF: 0.625
ratio: 0.01, EF: 50.0,	active: 56.0
ratio: 0.01, NEF: 0.5
ratio: 0.0015, EF: 107.142857143,	active: 56.0
ratio: 0.0015, NEF: 0.160714285714
ratio: 0.001, EF: 107.142857143,	active: 56.0
ratio: 0.001, NEF: 0.142857142857

