label_name_list  [u'PriA-SSB AS Activity', u'PriA-SSB AS % inhibition (Primary Median)']
train files  ['../datasets/keck_pria/fold_0.csv' '../datasets/keck_pria/fold_1.csv'
 '../datasets/keck_pria/fold_4.csv' '../datasets/keck_pria/fold_5.csv'
 '../datasets/keck_pria/fold_6.csv' '../datasets/keck_pria/fold_7.csv']
val files  ['../datasets/keck_pria/fold_2.csv']
test files  ['../datasets/keck_pria/fold_3.csv']
done data preparation
Sample Weight	 [2.56375000e+04 1.70916667e+04 6.74671053e+03 ... 2.11199440e+01
 2.11199440e+01 2.09012718e+01]
Epoch 1/1000
Epoch training duration: 10.5641121864
Train	AUC[ROC]: 0.882962	AUC[PR]: 0.062231
Val	AUC[ROC]: 0.822019	AUC[PR]: 0.063700
Epoch evaluation duration: 74.3533539772
Epoch duration: 84.9174661636

Epoch 2/1000
Epoch training duration: 10.5337510109
Train	AUC[ROC]: 0.927406	AUC[PR]: 0.083005
Val	AUC[ROC]: 0.832252	AUC[PR]: 0.062525
Epoch evaluation duration: 73.869604826
Epoch duration: 84.4033558369

Epoch 3/1000
Epoch training duration: 10.3983950615
Train	AUC[ROC]: 0.953016	AUC[PR]: 0.080335
Val	AUC[ROC]: 0.838525	AUC[PR]: 0.103211
Epoch evaluation duration: 79.4043779373
Epoch duration: 89.8027729988

Epoch 4/1000
Epoch training duration: 10.5979111195
Train	AUC[ROC]: 0.970808	AUC[PR]: 0.089029
Val	AUC[ROC]: 0.848361	AUC[PR]: 0.068253
Epoch evaluation duration: 73.639744997
Epoch duration: 84.2376561165

Epoch 5/1000
Epoch training duration: 10.1563210487
Train	AUC[ROC]: 0.985852	AUC[PR]: 0.136733
Val	AUC[ROC]: 0.869775	AUC[PR]: 0.102828
Epoch evaluation duration: 72.6326849461
Epoch duration: 82.7890059948

Epoch 6/1000
Epoch training duration: 10.1982889175
Train	AUC[ROC]: 0.987693	AUC[PR]: 0.171772
Val	AUC[ROC]: 0.863420	AUC[PR]: 0.106629
Epoch evaluation duration: 74.0115511417
Epoch duration: 84.2098400593

Epoch 7/1000
Epoch training duration: 10.4414758682
Train	AUC[ROC]: 0.992077	AUC[PR]: 0.144112
Val	AUC[ROC]: 0.858610	AUC[PR]: 0.097517
Epoch evaluation duration: 78.7302751541
Epoch duration: 89.1717510223

Epoch 8/1000
Epoch training duration: 11.2000288963
Train	AUC[ROC]: 0.993598	AUC[PR]: 0.178328
Val	AUC[ROC]: 0.885128	AUC[PR]: 0.110535
Epoch evaluation duration: 82.5790169239
Epoch duration: 93.7790458202

Epoch 9/1000
Epoch training duration: 11.5558362007
Train	AUC[ROC]: 0.993537	AUC[PR]: 0.160599
Val	AUC[ROC]: 0.892941	AUC[PR]: 0.090032
Epoch evaluation duration: 77.2077310085
Epoch duration: 88.7635672092

Epoch 10/1000
Epoch training duration: 10.3245148659
Train	AUC[ROC]: 0.994571	AUC[PR]: 0.197452
Val	AUC[ROC]: 0.885279	AUC[PR]: 0.106786
Epoch evaluation duration: 75.5717139244
Epoch duration: 85.8962287903

Epoch 11/1000
Epoch training duration: 10.180535078
Train	AUC[ROC]: 0.995505	AUC[PR]: 0.183457
Val	AUC[ROC]: 0.900416	AUC[PR]: 0.095205
Epoch evaluation duration: 73.5917289257
Epoch duration: 83.7722640038

Epoch 12/1000
Epoch training duration: 10.394231081
Train	AUC[ROC]: 0.995268	AUC[PR]: 0.184371
Val	AUC[ROC]: 0.906313	AUC[PR]: 0.094269
Epoch evaluation duration: 73.955065012
Epoch duration: 84.349296093

Epoch 13/1000
Epoch training duration: 10.081111908
Train	AUC[ROC]: 0.995929	AUC[PR]: 0.200304
Val	AUC[ROC]: 0.874384	AUC[PR]: 0.114946
Epoch evaluation duration: 79.324889183
Epoch duration: 89.406001091

Epoch 14/1000
Epoch training duration: 11.0242669582
Train	AUC[ROC]: 0.996359	AUC[PR]: 0.208551
Val	AUC[ROC]: 0.898347	AUC[PR]: 0.122157
Epoch evaluation duration: 75.3618848324
Epoch duration: 86.3861517906

Epoch 15/1000
Epoch training duration: 10.1625151634
Train	AUC[ROC]: 0.996208	AUC[PR]: 0.206398
Val	AUC[ROC]: 0.905397	AUC[PR]: 0.121988
Epoch evaluation duration: 72.7581698895
Epoch duration: 82.9206850529

Epoch 16/1000
Epoch training duration: 10.0048120022
Train	AUC[ROC]: 0.996460	AUC[PR]: 0.215535
Val	AUC[ROC]: 0.909819	AUC[PR]: 0.125035
Epoch evaluation duration: 73.3774311543
Epoch duration: 83.3822431564

Epoch 17/1000
Epoch training duration: 10.2836267948
Train	AUC[ROC]: 0.996092	AUC[PR]: 0.208845
Val	AUC[ROC]: 0.915859	AUC[PR]: 0.112321
Epoch evaluation duration: 74.2686831951
Epoch duration: 84.5523099899

Epoch 18/1000
Epoch training duration: 10.4679729939
Train	AUC[ROC]: 0.996337	AUC[PR]: 0.221551
Val	AUC[ROC]: 0.900448	AUC[PR]: 0.095432
Epoch evaluation duration: 72.9556839466
Epoch duration: 83.4236569405

Epoch 19/1000
Epoch training duration: 10.1217188835
Train	AUC[ROC]: 0.996117	AUC[PR]: 0.235213
Val	AUC[ROC]: 0.914949	AUC[PR]: 0.104492
Epoch evaluation duration: 74.6674900055
Epoch duration: 84.789208889

Epoch 20/1000
Epoch training duration: 10.8392691612
Train	AUC[ROC]: 0.996648	AUC[PR]: 0.217952
Val	AUC[ROC]: 0.924274	AUC[PR]: 0.100108
Epoch evaluation duration: 79.1993169785
Epoch duration: 90.0385861397

Epoch 21/1000
Epoch training duration: 12.1362199783
Train	AUC[ROC]: 0.995981	AUC[PR]: 0.239121
Val	AUC[ROC]: 0.904328	AUC[PR]: 0.108410
Epoch evaluation duration: 75.9619600773
Epoch duration: 88.0981800556

Epoch 22/1000
Epoch training duration: 11.3160188198
Train	AUC[ROC]: 0.996871	AUC[PR]: 0.237414
Val	AUC[ROC]: 0.909612	AUC[PR]: 0.102750
Epoch evaluation duration: 73.3721981049
Epoch duration: 84.6882169247

Epoch 23/1000
Epoch training duration: 10.797025919
Train	AUC[ROC]: 0.995061	AUC[PR]: 0.166895
Val	AUC[ROC]: 0.911240	AUC[PR]: 0.088325
Epoch evaluation duration: 81.3259940147
Epoch duration: 92.1230199337

Epoch 24/1000
Epoch training duration: 10.7421021461
Train	AUC[ROC]: 0.996862	AUC[PR]: 0.229163
Val	AUC[ROC]: 0.907463	AUC[PR]: 0.109290
Epoch evaluation duration: 79.0822558403
Epoch duration: 89.8243579865

Epoch 25/1000
Epoch training duration: 10.4390611649
Train	AUC[ROC]: 0.996993	AUC[PR]: 0.230802
Val	AUC[ROC]: 0.910542	AUC[PR]: 0.127631
Epoch evaluation duration: 74.6411139965
Epoch duration: 85.0801751614

Epoch 26/1000
Epoch training duration: 10.5616497993
Train	AUC[ROC]: 0.996771	AUC[PR]: 0.230899
Val	AUC[ROC]: 0.898529	AUC[PR]: 0.120575
Epoch evaluation duration: 76.3578910828
Epoch duration: 86.9195408821

Epoch 27/1000
Epoch training duration: 10.078715086
Train	AUC[ROC]: 0.996413	AUC[PR]: 0.220461
Val	AUC[ROC]: 0.920246	AUC[PR]: 0.116658
Epoch evaluation duration: 74.8889718056
Epoch duration: 84.9676868916

Epoch 28/1000
Epoch training duration: 11.0083420277
Train	AUC[ROC]: 0.996351	AUC[PR]: 0.206549
Val	AUC[ROC]: 0.917913	AUC[PR]: 0.089323
Epoch evaluation duration: 78.538020134
Epoch duration: 89.5463621616

Epoch 29/1000
Epoch training duration: 10.6416568756
Train	AUC[ROC]: 0.996946	AUC[PR]: 0.243352
Val	AUC[ROC]: 0.914267	AUC[PR]: 0.147787
Epoch evaluation duration: 75.3760011196
Epoch duration: 86.0176579952

Epoch 30/1000
Epoch training duration: 10.3536279202
Train	AUC[ROC]: 0.996908	AUC[PR]: 0.233543
Val	AUC[ROC]: 0.910391	AUC[PR]: 0.119267
Epoch evaluation duration: 79.9243860245
Epoch duration: 90.2780139446

Epoch 31/1000
Epoch training duration: 10.7574920654
Train	AUC[ROC]: 0.997128	AUC[PR]: 0.239926
Val	AUC[ROC]: 0.903884	AUC[PR]: 0.130652
Epoch evaluation duration: 78.7757959366
Epoch duration: 89.533288002

Epoch 32/1000
Epoch training duration: 10.1804730892
Train	AUC[ROC]: 0.997309	AUC[PR]: 0.243718
Val	AUC[ROC]: 0.925013	AUC[PR]: 0.131539
Epoch evaluation duration: 74.4577739239
Epoch duration: 84.6382470131

Epoch 33/1000
Epoch training duration: 10.4753370285
Train	AUC[ROC]: 0.997287	AUC[PR]: 0.249748
Val	AUC[ROC]: 0.907823	AUC[PR]: 0.145385
Epoch evaluation duration: 77.4926269054
Epoch duration: 87.9679639339

Epoch 34/1000
Epoch training duration: 10.6552591324
Train	AUC[ROC]: 0.997109	AUC[PR]: 0.238395
Val	AUC[ROC]: 0.927057	AUC[PR]: 0.116056
Epoch evaluation duration: 78.5038559437
Epoch duration: 89.1591150761

Epoch 35/1000
Epoch training duration: 10.0804920197
Train	AUC[ROC]: 0.997268	AUC[PR]: 0.242366
Val	AUC[ROC]: 0.927892	AUC[PR]: 0.114291
Epoch evaluation duration: 73.0799438953
Epoch duration: 83.160435915

Epoch 36/1000
Epoch training duration: 10.3823180199
Train	AUC[ROC]: 0.997295	AUC[PR]: 0.236740
Val	AUC[ROC]: 0.891278	AUC[PR]: 0.103656
Epoch evaluation duration: 72.8786420822
Epoch duration: 83.2609601021

Epoch 37/1000
Epoch training duration: 10.280452013
Train	AUC[ROC]: 0.997528	AUC[PR]: 0.264327
Val	AUC[ROC]: 0.924402	AUC[PR]: 0.111871
Epoch evaluation duration: 75.8838179111
Epoch duration: 86.1642699242

Epoch 38/1000
Epoch training duration: 10.2072329521
Train	AUC[ROC]: 0.997363	AUC[PR]: 0.253619
Val	AUC[ROC]: 0.912810	AUC[PR]: 0.120098
Epoch evaluation duration: 73.3968160152
Epoch duration: 83.6040489674

Epoch 39/1000
Epoch training duration: 11.0242831707
Train	AUC[ROC]: 0.997175	AUC[PR]: 0.259610
Val	AUC[ROC]: 0.919386	AUC[PR]: 0.127829
Epoch evaluation duration: 74.2135198116
Epoch duration: 85.2378029823

Epoch 40/1000
Epoch training duration: 10.0930271149
Train	AUC[ROC]: 0.997451	AUC[PR]: 0.258228
Val	AUC[ROC]: 0.917745	AUC[PR]: 0.118510
Epoch evaluation duration: 75.1463868618
Epoch duration: 85.2394139767

Epoch 41/1000
Epoch training duration: 10.1177990437
Train	AUC[ROC]: 0.997473	AUC[PR]: 0.258561
Val	AUC[ROC]: 0.890882	AUC[PR]: 0.112230
Epoch evaluation duration: 75.1890909672
Epoch duration: 85.3068900108

Epoch 42/1000
Epoch training duration: 10.8445792198
Train	AUC[ROC]: 0.997660	AUC[PR]: 0.275378
Val	AUC[ROC]: 0.929258	AUC[PR]: 0.126331
Epoch evaluation duration: 73.4844830036
Epoch duration: 84.3290622234

Epoch 43/1000
Epoch training duration: 10.1029958725
Train	AUC[ROC]: 0.997676	AUC[PR]: 0.266588
Val	AUC[ROC]: 0.922703	AUC[PR]: 0.123985
Epoch evaluation duration: 74.8393719196
Epoch duration: 84.9423677921

Epoch 44/1000
Epoch training duration: 10.3112831116
Train	AUC[ROC]: 0.997578	AUC[PR]: 0.266285
Val	AUC[ROC]: 0.916269	AUC[PR]: 0.101486
Epoch evaluation duration: 74.7687819004
Epoch duration: 85.080065012

Epoch 45/1000
Epoch training duration: 10.4470720291
Train	AUC[ROC]: 0.997550	AUC[PR]: 0.262292
Val	AUC[ROC]: 0.925216	AUC[PR]: 0.102069
Epoch evaluation duration: 77.8431661129
Epoch duration: 88.290238142

Epoch 46/1000
Epoch training duration: 11.3358490467
Train	AUC[ROC]: 0.997503	AUC[PR]: 0.257619
Val	AUC[ROC]: 0.923980	AUC[PR]: 0.107278
Epoch evaluation duration: 76.185833931
Epoch duration: 87.5216829777

Epoch 47/1000
Epoch training duration: 10.1828110218
Train	AUC[ROC]: 0.996970	AUC[PR]: 0.263358
Val	AUC[ROC]: 0.913226	AUC[PR]: 0.103266
Epoch evaluation duration: 76.4991028309
Epoch duration: 86.6819138527

Epoch 48/1000
Epoch training duration: 10.6807100773
Train	AUC[ROC]: 0.997809	AUC[PR]: 0.282359
Val	AUC[ROC]: 0.914525	AUC[PR]: 0.124114
Epoch evaluation duration: 74.1496551037
Epoch duration: 84.830365181

Epoch 49/1000
Epoch training duration: 10.8275279999
Train	AUC[ROC]: 0.997613	AUC[PR]: 0.273243
Val	AUC[ROC]: 0.924048	AUC[PR]: 0.127214
Epoch evaluation duration: 72.0788798332
Epoch duration: 82.9064078331

Epoch 50/1000
Epoch training duration: 10.3565139771
Train	AUC[ROC]: 0.997685	AUC[PR]: 0.268336
Val	AUC[ROC]: 0.922318	AUC[PR]: 0.119791
Epoch evaluation duration: 76.5266301632
Epoch duration: 86.8831441402

Epoch 51/1000
Epoch training duration: 10.2352199554
Train	AUC[ROC]: 0.997694	AUC[PR]: 0.276242
Val	AUC[ROC]: 0.926352	AUC[PR]: 0.112241
Epoch evaluation duration: 77.2540180683
Epoch duration: 87.4892380238

Epoch 52/1000
Epoch training duration: 10.9279940128
Train	AUC[ROC]: 0.996693	AUC[PR]: 0.247827
Val	AUC[ROC]: 0.929676	AUC[PR]: 0.105308
Epoch evaluation duration: 77.8984508514
Epoch duration: 88.8264448643

Epoch 53/1000
Epoch training duration: 10.0925199986
Train	AUC[ROC]: 0.997361	AUC[PR]: 0.269769
Val	AUC[ROC]: 0.924004	AUC[PR]: 0.137621
Epoch evaluation duration: 73.9446120262
Epoch duration: 84.0371320248

Epoch 54/1000
Epoch training duration: 10.5254359245
Train	AUC[ROC]: 0.997272	AUC[PR]: 0.250291
Val	AUC[ROC]: 0.932321	AUC[PR]: 0.106823
Epoch evaluation duration: 74.2413430214
Epoch duration: 84.7667789459

Epoch 55/1000
Epoch training duration: 10.4439702034
Train	AUC[ROC]: 0.997651	AUC[PR]: 0.271784
Val	AUC[ROC]: 0.914261	AUC[PR]: 0.123602
Epoch evaluation duration: 72.9979708195
Epoch duration: 83.4419410229

Epoch 56/1000
Epoch training duration: 10.3732771873
Train	AUC[ROC]: 0.997555	AUC[PR]: 0.255485
Val	AUC[ROC]: 0.917155	AUC[PR]: 0.098621
Epoch evaluation duration: 74.0894818306
Epoch duration: 84.4627590179

Epoch 57/1000
Epoch training duration: 10.0229520798
Train	AUC[ROC]: 0.997577	AUC[PR]: 0.276886
Val	AUC[ROC]: 0.929354	AUC[PR]: 0.102631
Epoch evaluation duration: 73.8370289803
Epoch duration: 83.85998106

Epoch 58/1000
Epoch training duration: 10.5830879211
Train	AUC[ROC]: 0.997399	AUC[PR]: 0.236924
Val	AUC[ROC]: 0.927683	AUC[PR]: 0.096851
Epoch evaluation duration: 73.1767861843
Epoch duration: 83.7598741055

Epoch 59/1000
Epoch training duration: 10.1476378441
Train	AUC[ROC]: 0.997568	AUC[PR]: 0.257962
Val	AUC[ROC]: 0.917888	AUC[PR]: 0.109505
Epoch evaluation duration: 75.1800229549
Epoch duration: 85.327660799

Epoch 60/1000
Epoch training duration: 10.3100581169
Train	AUC[ROC]: 0.997688	AUC[PR]: 0.259736
Val	AUC[ROC]: 0.921686	AUC[PR]: 0.117337
Epoch evaluation duration: 72.8163509369
Epoch duration: 83.1264090538

Epoch 61/1000
Epoch training duration: 10.5022621155
Train	AUC[ROC]: 0.997818	AUC[PR]: 0.270899
Val	AUC[ROC]: 0.931519	AUC[PR]: 0.123828
Epoch evaluation duration: 73.8562760353
Epoch duration: 84.3585381508

Epoch 62/1000
Epoch training duration: 10.0727138519
Train	AUC[ROC]: 0.997816	AUC[PR]: 0.272394
Val	AUC[ROC]: 0.931762	AUC[PR]: 0.122572
Epoch evaluation duration: 78.062869072
Epoch duration: 88.1355829239

Epoch 63/1000
Epoch training duration: 10.7065050602
Train	AUC[ROC]: 0.997545	AUC[PR]: 0.260329
Val	AUC[ROC]: 0.928663	AUC[PR]: 0.111358
Epoch evaluation duration: 73.9128599167
Epoch duration: 84.6193649769

Epoch 64/1000
Epoch training duration: 10.5780780315
Train	AUC[ROC]: 0.997830	AUC[PR]: 0.275987
Val	AUC[ROC]: 0.911818	AUC[PR]: 0.123018
Epoch evaluation duration: 73.2254400253
Epoch duration: 83.8035180569

Epoch 65/1000
Epoch training duration: 10.5941228867
Train	AUC[ROC]: 0.997780	AUC[PR]: 0.269446
Val	AUC[ROC]: 0.918242	AUC[PR]: 0.129771
Epoch evaluation duration: 73.3855891228
Epoch duration: 83.9797120094

Epoch 66/1000
Epoch training duration: 10.1313459873
Train	AUC[ROC]: 0.997903	AUC[PR]: 0.284262
Val	AUC[ROC]: 0.919785	AUC[PR]: 0.144761
Epoch evaluation duration: 81.4227850437
Epoch duration: 91.554131031

Epoch 67/1000
Epoch training duration: 11.0173408985
Train	AUC[ROC]: 0.997825	AUC[PR]: 0.267562
Val	AUC[ROC]: 0.929182	AUC[PR]: 0.118999
Epoch evaluation duration: 78.1094648838
Epoch duration: 89.1268057823

Epoch 68/1000
Epoch training duration: 10.4938950539
Train	AUC[ROC]: 0.997856	AUC[PR]: 0.275152
Val	AUC[ROC]: 0.912495	AUC[PR]: 0.105506
Epoch evaluation duration: 76.905506134
Epoch duration: 87.3994011879

Epoch 69/1000
Epoch training duration: 10.775028944
Train	AUC[ROC]: 0.997807	AUC[PR]: 0.271842
Val	AUC[ROC]: 0.919546	AUC[PR]: 0.113317
Epoch evaluation duration: 80.0053908825
Epoch duration: 90.7804198265

Epoch 70/1000
Epoch training duration: 10.8880691528
Train	AUC[ROC]: 0.997894	AUC[PR]: 0.286015
Val	AUC[ROC]: 0.928638	AUC[PR]: 0.137900
Epoch evaluation duration: 77.6842598915
Epoch duration: 88.5723290443

Epoch 71/1000
Epoch training duration: 10.2143890858
Train	AUC[ROC]: 0.997840	AUC[PR]: 0.278444
Val	AUC[ROC]: 0.920510	AUC[PR]: 0.116729
Epoch evaluation duration: 73.1921029091
Epoch duration: 83.4064919949

Epoch 72/1000
Epoch training duration: 10.5126299858
Train	AUC[ROC]: 0.997786	AUC[PR]: 0.275106
Val	AUC[ROC]: 0.917598	AUC[PR]: 0.121951
Epoch evaluation duration: 74.805891037
Epoch duration: 85.3185210228

Epoch 73/1000
Epoch training duration: 10.4438710213
Train	AUC[ROC]: 0.997784	AUC[PR]: 0.265394
Val	AUC[ROC]: 0.930360	AUC[PR]: 0.138584
Epoch evaluation duration: 78.7701630592
Epoch duration: 89.2140340805

Epoch 74/1000
Epoch training duration: 10.1940889359
Train	AUC[ROC]: 0.997909	AUC[PR]: 0.279203
Val	AUC[ROC]: 0.918699	AUC[PR]: 0.119739
Epoch evaluation duration: 75.2511680126
Epoch duration: 85.4452569485

Epoch 75/1000
Epoch training duration: 10.500549078
Train	AUC[ROC]: 0.997825	AUC[PR]: 0.273892
Val	AUC[ROC]: 0.920753	AUC[PR]: 0.121970
Epoch evaluation duration: 76.0261898041
Epoch duration: 86.5267388821

Epoch 76/1000
Epoch training duration: 10.3325231075
Train	AUC[ROC]: 0.997815	AUC[PR]: 0.276686
Val	AUC[ROC]: 0.921356	AUC[PR]: 0.126925
Epoch evaluation duration: 76.3296020031
Epoch duration: 86.6621251106

Epoch 77/1000
Epoch training duration: 10.6063859463
Train	AUC[ROC]: 0.997826	AUC[PR]: 0.284099
Val	AUC[ROC]: 0.920995	AUC[PR]: 0.129275
Epoch evaluation duration: 78.8612220287
Epoch duration: 89.467607975

Epoch 78/1000
Epoch training duration: 10.4330489635
Train	AUC[ROC]: 0.997907	AUC[PR]: 0.277511
Val	AUC[ROC]: 0.903716	AUC[PR]: 0.128351
Epoch evaluation duration: 73.3327319622
Epoch duration: 83.7657809258

Epoch 79/1000
Epoch training duration: 10.3618412018
Train	AUC[ROC]: 0.997893	AUC[PR]: 0.278463
Val	AUC[ROC]: 0.900301	AUC[PR]: 0.120782
Epoch evaluation duration: 75.2554078102
Epoch duration: 85.617249012

Epoch 80/1000
Epoch training duration: 10.4076600075
Train	AUC[ROC]: 0.997907	AUC[PR]: 0.280498
Val	AUC[ROC]: 0.906662	AUC[PR]: 0.133153
Epoch evaluation duration: 74.3191161156
Epoch duration: 84.726776123

Epoch 81/1000
Epoch training duration: 10.3299040794
Train	AUC[ROC]: 0.997886	AUC[PR]: 0.276557
Val	AUC[ROC]: 0.920566	AUC[PR]: 0.131348
Epoch evaluation duration: 77.9762189388
Epoch duration: 88.3061230183

Epoch 82/1000
Epoch training duration: 10.2910499573
Train	AUC[ROC]: 0.997900	AUC[PR]: 0.276546
Val	AUC[ROC]: 0.915318	AUC[PR]: 0.128740
Epoch evaluation duration: 78.6417789459
Epoch duration: 88.9328289032

Epoch 83/1000
Epoch training duration: 10.9930400848
Train	AUC[ROC]: 0.997931	AUC[PR]: 0.286469
Val	AUC[ROC]: 0.916190	AUC[PR]: 0.164311
Epoch evaluation duration: 77.3255338669
Epoch duration: 88.3185739517

Epoch 84/1000
Epoch training duration: 10.3652980328
Train	AUC[ROC]: 0.998010	AUC[PR]: 0.282814
Val	AUC[ROC]: 0.915165	AUC[PR]: 0.138809
Epoch evaluation duration: 75.1993939877
Epoch duration: 85.5646920204

Epoch 85/1000
Epoch training duration: 11.4045829773
Train	AUC[ROC]: 0.998006	AUC[PR]: 0.289227
Val	AUC[ROC]: 0.915144	AUC[PR]: 0.147300
Epoch evaluation duration: 77.071475029
Epoch duration: 88.4760580063

Epoch 86/1000
Epoch training duration: 10.300661087
Train	AUC[ROC]: 0.997929	AUC[PR]: 0.279389
Val	AUC[ROC]: 0.918299	AUC[PR]: 0.116163
Epoch evaluation duration: 74.6207818985
Epoch duration: 84.9214429855

Epoch 87/1000
Epoch training duration: 10.141782999
Train	AUC[ROC]: 0.997959	AUC[PR]: 0.284145
Val	AUC[ROC]: 0.906480	AUC[PR]: 0.117231
Epoch evaluation duration: 73.8245530128
Epoch duration: 83.9663360119

Epoch 88/1000
Epoch training duration: 10.2033290863
Train	AUC[ROC]: 0.997980	AUC[PR]: 0.283012
Val	AUC[ROC]: 0.916078	AUC[PR]: 0.131400
Epoch evaluation duration: 73.9638569355
Epoch duration: 84.1671860218

Epoch 89/1000
Epoch training duration: 10.0786499977
Train	AUC[ROC]: 0.997907	AUC[PR]: 0.284254
Val	AUC[ROC]: 0.912754	AUC[PR]: 0.126276
Epoch evaluation duration: 75.9630260468
Epoch duration: 86.0416760445

Epoch 90/1000
Epoch training duration: 10.1956849098
Train	AUC[ROC]: 0.998013	AUC[PR]: 0.287536
Val	AUC[ROC]: 0.920272	AUC[PR]: 0.139539
Epoch evaluation duration: 76.6182901859
Epoch duration: 86.8139750957

Epoch 91/1000
Epoch training duration: 10.3371999264
Train	AUC[ROC]: 0.998027	AUC[PR]: 0.289618
Val	AUC[ROC]: 0.923094	AUC[PR]: 0.128762
Epoch evaluation duration: 73.8548719883
Epoch duration: 84.1920719147

Epoch 92/1000
Epoch training duration: 10.2258019447
Train	AUC[ROC]: 0.997985	AUC[PR]: 0.291695
Val	AUC[ROC]: 0.909663	AUC[PR]: 0.140364
Epoch evaluation duration: 74.3859069347
Epoch duration: 84.6117088795

Epoch 93/1000
Epoch training duration: 10.4274032116
Train	AUC[ROC]: 0.998041	AUC[PR]: 0.291509
Val	AUC[ROC]: 0.916742	AUC[PR]: 0.143458
Epoch evaluation duration: 76.2790219784
Epoch duration: 86.70642519

Epoch 94/1000
Epoch training duration: 10.8946378231
Train	AUC[ROC]: 0.998028	AUC[PR]: 0.291462
Val	AUC[ROC]: 0.909262	AUC[PR]: 0.149359
Epoch evaluation duration: 82.0158071518
Epoch duration: 92.9104449749

Epoch 95/1000
Epoch training duration: 11.3403558731
Train	AUC[ROC]: 0.998012	AUC[PR]: 0.292443
Val	AUC[ROC]: 0.916104	AUC[PR]: 0.140800
Epoch evaluation duration: 74.0880401134
Epoch duration: 85.4283959866

Epoch 96/1000
Epoch training duration: 11.3166599274
Train	AUC[ROC]: 0.997989	AUC[PR]: 0.288616
Val	AUC[ROC]: 0.917959	AUC[PR]: 0.131262
Epoch evaluation duration: 80.0635330677
Epoch duration: 91.3801929951

Epoch 97/1000
Epoch training duration: 10.7025120258
Train	AUC[ROC]: 0.998018	AUC[PR]: 0.294021
Val	AUC[ROC]: 0.913086	AUC[PR]: 0.129221
Epoch evaluation duration: 79.6496548653
Epoch duration: 90.3521668911

Epoch 98/1000
Epoch training duration: 10.9108581543
Train	AUC[ROC]: 0.997977	AUC[PR]: 0.281781
Val	AUC[ROC]: 0.910985	AUC[PR]: 0.133020
Epoch evaluation duration: 75.5848288536
Epoch duration: 86.4956870079

Epoch 99/1000
Epoch training duration: 10.4034450054
Train	AUC[ROC]: 0.998047	AUC[PR]: 0.291055
Val	AUC[ROC]: 0.904371	AUC[PR]: 0.135785
Epoch evaluation duration: 74.5216159821
Epoch duration: 84.9250609875

Epoch 100/1000
Epoch training duration: 9.95777511597
Train	AUC[ROC]: 0.998041	AUC[PR]: 0.290452
Val	AUC[ROC]: 0.904764	AUC[PR]: 0.135091
Epoch evaluation duration: 75.320982933
Epoch duration: 85.278758049

Epoch 101/1000
Epoch training duration: 10.9794039726
Train	AUC[ROC]: 0.998033	AUC[PR]: 0.287914
Val	AUC[ROC]: 0.912093	AUC[PR]: 0.151704
Epoch evaluation duration: 58.1482160091
Epoch duration: 69.1276199818

Epoch 102/1000
Epoch training duration: 8.39065408707
Train	AUC[ROC]: 0.998015	AUC[PR]: 0.288109
Val	AUC[ROC]: 0.901085	AUC[PR]: 0.131654
Epoch evaluation duration: 55.2545230389
Epoch duration: 63.6451771259

Epoch 103/1000
Epoch training duration: 8.58433890343
Train	AUC[ROC]: 0.998054	AUC[PR]: 0.288964
Val	AUC[ROC]: 0.910770	AUC[PR]: 0.148061
Epoch evaluation duration: 55.0748701096
Epoch duration: 63.659209013

Epoch 104/1000
Epoch training duration: 8.48322081566
Train	AUC[ROC]: 0.998078	AUC[PR]: 0.295276
Val	AUC[ROC]: 0.909046	AUC[PR]: 0.159045
Epoch evaluation duration: 56.5792632103
Epoch duration: 65.062484026

Epoch 105/1000
Epoch training duration: 8.45391392708
Train	AUC[ROC]: 0.998064	AUC[PR]: 0.293940
Val	AUC[ROC]: 0.917954	AUC[PR]: 0.141305
Epoch evaluation duration: 56.2115330696
Epoch duration: 64.6654469967

Epoch 106/1000
Epoch training duration: 8.54522681236
Train	AUC[ROC]: 0.998030	AUC[PR]: 0.290827
Val	AUC[ROC]: 0.914866	AUC[PR]: 0.139711
Epoch evaluation duration: 56.2839660645
Epoch duration: 64.8291928768

Epoch 107/1000
Epoch training duration: 8.59876203537
Train	AUC[ROC]: 0.998075	AUC[PR]: 0.294486
Val	AUC[ROC]: 0.912861	AUC[PR]: 0.133628
Epoch evaluation duration: 56.9413449764
Epoch duration: 65.5401070118

Epoch 108/1000
Epoch training duration: 8.5911090374
Train	AUC[ROC]: 0.998116	AUC[PR]: 0.300113
Val	AUC[ROC]: 0.913028	AUC[PR]: 0.145176
Epoch evaluation duration: 56.273649931
Epoch duration: 64.8647589684

Epoch 109/1000
Epoch training duration: 8.49807500839
Train	AUC[ROC]: 0.998066	AUC[PR]: 0.297814
Val	AUC[ROC]: 0.905777	AUC[PR]: 0.135541
Epoch evaluation duration: 56.6366159916
Epoch duration: 65.134691

Epoch 110/1000
Epoch training duration: 8.73285508156
Train	AUC[ROC]: 0.998092	AUC[PR]: 0.293871
Val	AUC[ROC]: 0.917125	AUC[PR]: 0.134816
Epoch evaluation duration: 55.5769560337
Epoch duration: 64.3098111153

Epoch 111/1000
Epoch training duration: 8.68593001366
Train	AUC[ROC]: 0.998080	AUC[PR]: 0.298668
Val	AUC[ROC]: 0.920321	AUC[PR]: 0.130903
Epoch evaluation duration: 56.2844119072
Epoch duration: 64.9703419209

Epoch 112/1000
Epoch training duration: 8.29927706718
Train	AUC[ROC]: 0.998059	AUC[PR]: 0.294677
Val	AUC[ROC]: 0.908023	AUC[PR]: 0.154696
Epoch evaluation duration: 56.2442858219
Epoch duration: 64.5435628891

Epoch 113/1000
Epoch training duration: 8.65629220009
Train	AUC[ROC]: 0.998061	AUC[PR]: 0.294275
Val	AUC[ROC]: 0.909625	AUC[PR]: 0.134127
Epoch evaluation duration: 57.0572009087
Epoch duration: 65.7134931087

Epoch 114/1000
Epoch training duration: 8.7746090889
Train	AUC[ROC]: 0.998020	AUC[PR]: 0.288663
Val	AUC[ROC]: 0.899841	AUC[PR]: 0.127960
Epoch evaluation duration: 56.4888308048
Epoch duration: 65.2634398937

Epoch 115/1000
Epoch training duration: 8.73714399338
Train	AUC[ROC]: 0.998091	AUC[PR]: 0.296954
Val	AUC[ROC]: 0.909735	AUC[PR]: 0.156480
Epoch evaluation duration: 56.7143871784
Epoch duration: 65.4515311718

Epoch 116/1000
Epoch training duration: 8.58113288879
Train	AUC[ROC]: 0.998108	AUC[PR]: 0.296401
Val	AUC[ROC]: 0.915306	AUC[PR]: 0.152262
Epoch evaluation duration: 57.2434999943
Epoch duration: 65.8246328831

Epoch 117/1000
Epoch training duration: 8.87688994408
Train	AUC[ROC]: 0.998079	AUC[PR]: 0.293247
Val	AUC[ROC]: 0.917625	AUC[PR]: 0.150485
Epoch evaluation duration: 56.1601881981
Epoch duration: 65.0370781422

Epoch 118/1000
Epoch training duration: 8.81612801552
Train	AUC[ROC]: 0.998073	AUC[PR]: 0.293944
Val	AUC[ROC]: 0.910705	AUC[PR]: 0.146249
Epoch evaluation duration: 56.5004029274
Epoch duration: 65.3165309429

Epoch 119/1000
Epoch training duration: 8.68160891533
Train	AUC[ROC]: 0.998146	AUC[PR]: 0.301167
Val	AUC[ROC]: 0.924450	AUC[PR]: 0.179196
Epoch evaluation duration: 55.8054859638
Epoch duration: 64.4870948792

Epoch 120/1000
Epoch training duration: 8.82726812363
Train	AUC[ROC]: 0.998127	AUC[PR]: 0.298636
Val	AUC[ROC]: 0.914191	AUC[PR]: 0.138552
Epoch evaluation duration: 57.6766629219
Epoch duration: 66.5039310455

Epoch 121/1000
Epoch training duration: 8.76122713089
Train	AUC[ROC]: 0.998146	AUC[PR]: 0.303083
Val	AUC[ROC]: 0.921876	AUC[PR]: 0.152176
Epoch evaluation duration: 56.8777809143
Epoch duration: 65.6390080452

Epoch 122/1000
Epoch training duration: 8.5638051033
Train	AUC[ROC]: 0.998044	AUC[PR]: 0.295951
Val	AUC[ROC]: 0.918804	AUC[PR]: 0.137729
Epoch evaluation duration: 55.6123628616
Epoch duration: 64.1761679649

Epoch 123/1000
Epoch training duration: 8.56700706482
Train	AUC[ROC]: 0.998106	AUC[PR]: 0.295357
Val	AUC[ROC]: 0.904278	AUC[PR]: 0.153832
Epoch evaluation duration: 56.7483808994
Epoch duration: 65.3153879642

Epoch 124/1000
Epoch training duration: 9.23865103722
Train	AUC[ROC]: 0.998111	AUC[PR]: 0.294545
Val	AUC[ROC]: 0.909051	AUC[PR]: 0.141797
Epoch evaluation duration: 56.7801201344
Epoch duration: 66.0187711716

Epoch 125/1000
Epoch training duration: 8.69217586517
Train	AUC[ROC]: 0.998080	AUC[PR]: 0.300702
Val	AUC[ROC]: 0.914702	AUC[PR]: 0.139110
Epoch evaluation duration: 55.7227990627
Epoch duration: 64.4149749279

Epoch 126/1000
Epoch training duration: 8.44243788719
Train	AUC[ROC]: 0.998160	AUC[PR]: 0.303076
Val	AUC[ROC]: 0.911764	AUC[PR]: 0.136551
Epoch evaluation duration: 56.3446819782
Epoch duration: 64.7871198654

Epoch 127/1000
Epoch training duration: 8.59642720222
Train	AUC[ROC]: 0.998162	AUC[PR]: 0.296726
Val	AUC[ROC]: 0.916828	AUC[PR]: 0.142282
Epoch evaluation duration: 56.553426981
Epoch duration: 65.1498541832

Epoch 128/1000
Epoch training duration: 8.51145482063
Train	AUC[ROC]: 0.998125	AUC[PR]: 0.298918
Val	AUC[ROC]: 0.908337	AUC[PR]: 0.147066
Epoch evaluation duration: 57.2186741829
Epoch duration: 65.7301290035

Epoch 129/1000
Epoch training duration: 8.34066581726
Train	AUC[ROC]: 0.998098	AUC[PR]: 0.292803
Val	AUC[ROC]: 0.906487	AUC[PR]: 0.115688
Epoch evaluation duration: 56.12936306
Epoch duration: 64.4700288773

Epoch 130/1000
Epoch training duration: 8.57764410973
Train	AUC[ROC]: 0.998131	AUC[PR]: 0.299390
Val	AUC[ROC]: 0.909020	AUC[PR]: 0.141054
Epoch evaluation duration: 56.5415380001
Epoch duration: 65.1191821098

Epoch 131/1000
Epoch training duration: 8.79732084274
Train	AUC[ROC]: 0.998100	AUC[PR]: 0.294678
Val	AUC[ROC]: 0.918906	AUC[PR]: 0.140141
Epoch evaluation duration: 56.0719890594
Epoch duration: 64.8693099022

Epoch 132/1000
Epoch training duration: 8.82703113556
Train	AUC[ROC]: 0.998154	AUC[PR]: 0.292024
Val	AUC[ROC]: 0.911719	AUC[PR]: 0.125774
Epoch evaluation duration: 56.5410118103
Epoch duration: 65.3680429459

Epoch 133/1000
Epoch training duration: 8.71220898628
Train	AUC[ROC]: 0.998080	AUC[PR]: 0.289596
Val	AUC[ROC]: 0.910789	AUC[PR]: 0.124715
Epoch evaluation duration: 57.3912479877
Epoch duration: 66.103456974

Epoch 134/1000
Epoch training duration: 8.68776202202
Train	AUC[ROC]: 0.998088	AUC[PR]: 0.295513
Val	AUC[ROC]: 0.905146	AUC[PR]: 0.128244
Epoch evaluation duration: 57.3779041767
Epoch duration: 66.0656661987

Epoch 135/1000
Epoch training duration: 8.6422150135
Train	AUC[ROC]: 0.998085	AUC[PR]: 0.297299
Val	AUC[ROC]: 0.903195	AUC[PR]: 0.125631
Epoch evaluation duration: 57.2215948105
Epoch duration: 65.863809824

Epoch 136/1000
Epoch training duration: 8.45440506935
Train	AUC[ROC]: 0.998122	AUC[PR]: 0.298166
Val	AUC[ROC]: 0.902982	AUC[PR]: 0.126147
Epoch evaluation duration: 55.8905498981
Epoch duration: 64.3449549675

Epoch 137/1000
Epoch training duration: 8.62149500847
Train	AUC[ROC]: 0.998131	AUC[PR]: 0.300220
Val	AUC[ROC]: 0.908711	AUC[PR]: 0.126034
Epoch evaluation duration: 56.8408801556
Epoch duration: 65.462375164

Epoch 138/1000
Epoch training duration: 8.55713200569
Train	AUC[ROC]: 0.998149	AUC[PR]: 0.297280
Val	AUC[ROC]: 0.896562	AUC[PR]: 0.119969
Epoch evaluation duration: 56.7222540379
Epoch duration: 65.2793860435

Epoch 139/1000
Epoch training duration: 8.65451288223
Train	AUC[ROC]: 0.998148	AUC[PR]: 0.299281
Val	AUC[ROC]: 0.904102	AUC[PR]: 0.130879
Epoch evaluation duration: 57.1627280712
Epoch duration: 65.8172409534

Epoch 140/1000
Epoch training duration: 8.57177305222
Train	AUC[ROC]: 0.998116	AUC[PR]: 0.293624
Val	AUC[ROC]: 0.901273	AUC[PR]: 0.121457
Epoch evaluation duration: 56.3767409325
Epoch duration: 64.9485139847

Epoch 141/1000
Epoch training duration: 8.78869009018
Train	AUC[ROC]: 0.998173	AUC[PR]: 0.301267
Val	AUC[ROC]: 0.910963	AUC[PR]: 0.130855
Epoch evaluation duration: 56.3499848843
Epoch duration: 65.1386749744

Epoch 142/1000
Epoch training duration: 8.83324790001
Train	AUC[ROC]: 0.998151	AUC[PR]: 0.301900
Val	AUC[ROC]: 0.901465	AUC[PR]: 0.120217
Epoch evaluation duration: 57.4977281094
Epoch duration: 66.3309760094

Epoch 143/1000
Epoch training duration: 8.56986188889
Train	AUC[ROC]: 0.998151	AUC[PR]: 0.301455
Val	AUC[ROC]: 0.904000	AUC[PR]: 0.131169
Epoch evaluation duration: 56.0103640556
Epoch duration: 64.5802259445

Epoch 144/1000
Epoch training duration: 8.72393393517
Train	AUC[ROC]: 0.998159	AUC[PR]: 0.309897
Val	AUC[ROC]: 0.903923	AUC[PR]: 0.136743
Epoch evaluation duration: 55.8465611935
Epoch duration: 64.5704951286

Epoch 145/1000
Epoch training duration: 8.54662179947
Train	AUC[ROC]: 0.998149	AUC[PR]: 0.305074
Val	AUC[ROC]: 0.916021	AUC[PR]: 0.133496
Epoch evaluation duration: 55.967290163
Epoch duration: 64.5139119625

Epoch 146/1000
Epoch training duration: 8.9647538662
Train	AUC[ROC]: 0.998147	AUC[PR]: 0.303747
Val	AUC[ROC]: 0.899113	AUC[PR]: 0.131780
Epoch evaluation duration: 54.9498541355
Epoch duration: 63.9146080017

Epoch 147/1000
Epoch training duration: 8.90070796013
Train	AUC[ROC]: 0.998197	AUC[PR]: 0.304355
Val	AUC[ROC]: 0.908556	AUC[PR]: 0.128158
Epoch evaluation duration: 55.0671699047
Epoch duration: 63.9678778648

Epoch 148/1000
Epoch training duration: 8.26532101631
Train	AUC[ROC]: 0.998153	AUC[PR]: 0.300966
Val	AUC[ROC]: 0.914204	AUC[PR]: 0.127668
Epoch evaluation duration: 55.0412859917
Epoch duration: 63.306607008

Epoch 149/1000
Epoch training duration: 8.23467612267
Train	AUC[ROC]: 0.998154	AUC[PR]: 0.299925
Val	AUC[ROC]: 0.918365	AUC[PR]: 0.141082
Epoch evaluation duration: 62.2789778709
Epoch duration: 70.5136539936

Epoch 150/1000
Epoch training duration: 9.92202615738
Train	AUC[ROC]: 0.998116	AUC[PR]: 0.293242
Val	AUC[ROC]: 0.913835	AUC[PR]: 0.127123
Epoch evaluation duration: 66.0736489296
Epoch duration: 75.995675087

Epoch 151/1000
Epoch training duration: 10.2252020836
Train	AUC[ROC]: 0.998159	AUC[PR]: 0.301944
Val	AUC[ROC]: 0.917929	AUC[PR]: 0.133955
Epoch evaluation duration: 66.197868824
Epoch duration: 76.4230709076

Epoch 152/1000
Epoch training duration: 10.0161089897
Train	AUC[ROC]: 0.998167	AUC[PR]: 0.304128
Val	AUC[ROC]: 0.906594	AUC[PR]: 0.132527
Epoch evaluation duration: 66.9930040836
Epoch duration: 77.0091130733

Epoch 153/1000
Epoch training duration: 9.78518009186
Train	AUC[ROC]: 0.998155	AUC[PR]: 0.303860
Val	AUC[ROC]: 0.916332	AUC[PR]: 0.132785
Epoch evaluation duration: 65.5357019901
Epoch duration: 75.320882082

Epoch 154/1000
Epoch training duration: 10.3405268192
Train	AUC[ROC]: 0.998150	AUC[PR]: 0.304556
Val	AUC[ROC]: 0.909788	AUC[PR]: 0.132922
Epoch evaluation duration: 65.7593421936
Epoch duration: 76.0998690128

Epoch 155/1000
Epoch training duration: 9.72182798386
Train	AUC[ROC]: 0.998186	AUC[PR]: 0.303769
Val	AUC[ROC]: 0.912869	AUC[PR]: 0.137257
Epoch evaluation duration: 66.7943148613
Epoch duration: 76.5161428452

Epoch 156/1000
Epoch training duration: 9.92054700851
Train	AUC[ROC]: 0.998197	AUC[PR]: 0.306945
Val	AUC[ROC]: 0.911361	AUC[PR]: 0.137525
Epoch evaluation duration: 64.9773221016
Epoch duration: 74.8978691101

Epoch 157/1000
Epoch training duration: 10.353028059
Train	AUC[ROC]: 0.998155	AUC[PR]: 0.300238
Val	AUC[ROC]: 0.915034	AUC[PR]: 0.135381
Epoch evaluation duration: 66.1190679073
Epoch duration: 76.4720959663

Epoch 158/1000
Epoch training duration: 10.1315350533
Train	AUC[ROC]: 0.998170	AUC[PR]: 0.302558
Val	AUC[ROC]: 0.907344	AUC[PR]: 0.131801
Epoch evaluation duration: 65.9914219379
Epoch duration: 76.1229569912

Epoch 159/1000
Epoch training duration: 10.1125409603
Train	AUC[ROC]: 0.998167	AUC[PR]: 0.302576
Val	AUC[ROC]: 0.906886	AUC[PR]: 0.129351
Epoch evaluation duration: 65.9310381413
Epoch duration: 76.0435791016

Epoch 160/1000
Epoch training duration: 10.6144518852
Train	AUC[ROC]: 0.998160	AUC[PR]: 0.301916
Val	AUC[ROC]: 0.909078	AUC[PR]: 0.142480
Epoch evaluation duration: 65.8328199387
Epoch duration: 76.4472718239

Epoch 161/1000
Epoch training duration: 10.2014460564
Train	AUC[ROC]: 0.998164	AUC[PR]: 0.302803
Val	AUC[ROC]: 0.916277	AUC[PR]: 0.141385
Epoch evaluation duration: 65.7273390293
Epoch duration: 75.9287850857

Epoch 162/1000
Epoch training duration: 9.97411799431
Train	AUC[ROC]: 0.998213	AUC[PR]: 0.305922
Val	AUC[ROC]: 0.913431	AUC[PR]: 0.152490
Epoch evaluation duration: 65.6382620335
Epoch duration: 75.6123800278

Epoch 163/1000
Epoch training duration: 10.3956370354
Train	AUC[ROC]: 0.998151	AUC[PR]: 0.301029
Val	AUC[ROC]: 0.915078	AUC[PR]: 0.142047
Epoch evaluation duration: 65.1818230152
Epoch duration: 75.5774600506

Epoch 164/1000
Epoch training duration: 10.3933539391
Train	AUC[ROC]: 0.998217	AUC[PR]: 0.301530
Val	AUC[ROC]: 0.910189	AUC[PR]: 0.139517
Epoch evaluation duration: 65.7213220596
Epoch duration: 76.1146759987

Epoch 165/1000
Epoch training duration: 10.0593738556
Train	AUC[ROC]: 0.998155	AUC[PR]: 0.300408
Val	AUC[ROC]: 0.914735	AUC[PR]: 0.125476
Epoch evaluation duration: 65.667345047
Epoch duration: 75.7267189026

Epoch 166/1000
Epoch training duration: 10.6077549458
Train	AUC[ROC]: 0.998194	AUC[PR]: 0.303991
Val	AUC[ROC]: 0.926587	AUC[PR]: 0.129719
Epoch evaluation duration: 65.2528481483
Epoch duration: 75.8606030941

Epoch 167/1000
Epoch training duration: 10.0077428818
Train	AUC[ROC]: 0.998172	AUC[PR]: 0.305340
Val	AUC[ROC]: 0.916995	AUC[PR]: 0.127180
Epoch evaluation duration: 65.9377000332
Epoch duration: 75.945442915

Epoch 168/1000
Epoch training duration: 10.0411570072
Train	AUC[ROC]: 0.998188	AUC[PR]: 0.306558
Val	AUC[ROC]: 0.913222	AUC[PR]: 0.123985
Epoch evaluation duration: 66.817898035
Epoch duration: 76.8590550423

Epoch 169/1000
Epoch training duration: 10.2695770264
Train	AUC[ROC]: 0.998201	AUC[PR]: 0.308117
Val	AUC[ROC]: 0.920308	AUC[PR]: 0.119325
Epoch evaluation duration: 65.3466038704
Epoch duration: 75.6161808968

Epoch 170/1000
Epoch training duration: 10.0394990444
Train	AUC[ROC]: 0.998191	AUC[PR]: 0.304113
Val	AUC[ROC]: 0.919861	AUC[PR]: 0.128471
Epoch evaluation duration: 66.146531105
Epoch duration: 76.1860301495

Epoch 171/1000
Epoch training duration: 9.80829000473
Train	AUC[ROC]: 0.998152	AUC[PR]: 0.297763
Val	AUC[ROC]: 0.918018	AUC[PR]: 0.130845
Epoch evaluation duration: 65.6009290218
Epoch duration: 75.4092190266

Epoch 172/1000
Epoch training duration: 10.3889548779
Train	AUC[ROC]: 0.998203	AUC[PR]: 0.303512
Val	AUC[ROC]: 0.923652	AUC[PR]: 0.136514
Epoch evaluation duration: 65.5494561195
Epoch duration: 75.9384109974

Epoch 173/1000
Epoch training duration: 9.84692788124
Train	AUC[ROC]: 0.998214	AUC[PR]: 0.304694
Val	AUC[ROC]: 0.920784	AUC[PR]: 0.132614
Epoch evaluation duration: 66.3880259991
Epoch duration: 76.2349538803

Epoch 174/1000
Epoch training duration: 10.0894019604
Train	AUC[ROC]: 0.998205	AUC[PR]: 0.304312
Val	AUC[ROC]: 0.918134	AUC[PR]: 0.137609
Epoch evaluation duration: 64.9685549736
Epoch duration: 75.057956934

Epoch 175/1000
Epoch training duration: 10.3702261448
Train	AUC[ROC]: 0.998230	AUC[PR]: 0.308254
Val	AUC[ROC]: 0.919115	AUC[PR]: 0.141453
Epoch evaluation duration: 65.3081548214
Epoch duration: 75.6783809662

Epoch 176/1000
Epoch training duration: 10.0730662346
Train	AUC[ROC]: 0.998237	AUC[PR]: 0.309492
Val	AUC[ROC]: 0.918291	AUC[PR]: 0.139267
Epoch evaluation duration: 65.2673008442
Epoch duration: 75.3403670788

Epoch 177/1000
Epoch training duration: 9.94285702705
Train	AUC[ROC]: 0.998217	AUC[PR]: 0.306849
Val	AUC[ROC]: 0.919429	AUC[PR]: 0.137090
Epoch evaluation duration: 65.5829920769
Epoch duration: 75.5258491039

Epoch 178/1000
Epoch training duration: 10.1567499638
Train	AUC[ROC]: 0.998231	AUC[PR]: 0.305826
Val	AUC[ROC]: 0.926295	AUC[PR]: 0.146860
Epoch evaluation duration: 65.8729829788
Epoch duration: 76.0297329426

Epoch 179/1000
Epoch training duration: 10.3172540665
Train	AUC[ROC]: 0.998198	AUC[PR]: 0.302681
Val	AUC[ROC]: 0.921781	AUC[PR]: 0.137373
Epoch evaluation duration: 65.5694768429
Epoch duration: 75.8867309093

Epoch 180/1000
Epoch training duration: 10.1402320862
Train	AUC[ROC]: 0.998233	AUC[PR]: 0.304698
Val	AUC[ROC]: 0.919414	AUC[PR]: 0.130086
Epoch evaluation duration: 65.9388520718
Epoch duration: 76.0790841579

Epoch 181/1000
Epoch training duration: 9.95203399658
Train	AUC[ROC]: 0.998197	AUC[PR]: 0.301736
Val	AUC[ROC]: 0.922642	AUC[PR]: 0.134995
Epoch evaluation duration: 65.4750509262
Epoch duration: 75.4270849228

Epoch 182/1000
Epoch training duration: 10.085506916
Train	AUC[ROC]: 0.998218	AUC[PR]: 0.306052
Val	AUC[ROC]: 0.915195	AUC[PR]: 0.142376
Epoch evaluation duration: 66.3823649883
Epoch duration: 76.4678719044

Epoch 183/1000
Epoch training duration: 10.1150619984
Train	AUC[ROC]: 0.998204	AUC[PR]: 0.307945
Val	AUC[ROC]: 0.922718	AUC[PR]: 0.142345
Epoch evaluation duration: 65.421724081
Epoch duration: 75.5367860794

Epoch 184/1000
Epoch training duration: 10.3118000031
Train	AUC[ROC]: 0.998212	AUC[PR]: 0.309376
Val	AUC[ROC]: 0.925729	AUC[PR]: 0.142689
Epoch evaluation duration: 65.9126710892
Epoch duration: 76.2244710922

Epoch 185/1000
Epoch training duration: 9.83581280708
Train	AUC[ROC]: 0.998221	AUC[PR]: 0.308648
Val	AUC[ROC]: 0.917581	AUC[PR]: 0.136695
Epoch evaluation duration: 66.8202621937
Epoch duration: 76.6560750008

Epoch 186/1000
Epoch training duration: 10.2878079414
Train	AUC[ROC]: 0.998183	AUC[PR]: 0.306890
Val	AUC[ROC]: 0.923778	AUC[PR]: 0.115002
Epoch evaluation duration: 65.8101980686
Epoch duration: 76.0980060101

Epoch 187/1000
Epoch training duration: 10.3366239071
Train	AUC[ROC]: 0.998213	AUC[PR]: 0.309591
Val	AUC[ROC]: 0.917853	AUC[PR]: 0.123255
Epoch evaluation duration: 65.8470509052
Epoch duration: 76.1836748123

Epoch 188/1000
Epoch training duration: 10.2021460533
Train	AUC[ROC]: 0.998212	AUC[PR]: 0.306233
Val	AUC[ROC]: 0.920089	AUC[PR]: 0.119415
Epoch evaluation duration: 65.7562100887
Epoch duration: 75.958356142

Epoch 189/1000
Epoch training duration: 10.1178109646
Train	AUC[ROC]: 0.998210	AUC[PR]: 0.306050
Val	AUC[ROC]: 0.924116	AUC[PR]: 0.120224
Epoch evaluation duration: 66.2855529785
Epoch duration: 76.4033639431

Epoch 190/1000
Epoch training duration: 10.2617681026
Train	AUC[ROC]: 0.998199	AUC[PR]: 0.307983
Val	AUC[ROC]: 0.920113	AUC[PR]: 0.125041
Epoch evaluation duration: 65.7677528858
Epoch duration: 76.0295209885

Epoch 191/1000
Epoch training duration: 9.93690609932
Train	AUC[ROC]: 0.998209	AUC[PR]: 0.309525
Val	AUC[ROC]: 0.921748	AUC[PR]: 0.138502
Epoch evaluation duration: 66.09998703
Epoch duration: 76.0368931293

Epoch 192/1000
Epoch training duration: 9.87767791748
Train	AUC[ROC]: 0.998218	AUC[PR]: 0.306950
Val	AUC[ROC]: 0.910954	AUC[PR]: 0.127627
Epoch evaluation duration: 65.4212229252
Epoch duration: 75.2989008427

Epoch 193/1000
Epoch training duration: 10.289509058
Train	AUC[ROC]: 0.998238	AUC[PR]: 0.315500
Val	AUC[ROC]: 0.922010	AUC[PR]: 0.124430
Epoch evaluation duration: 65.5168828964
Epoch duration: 75.8063919544

Epoch 194/1000
Epoch training duration: 9.88059711456
Train	AUC[ROC]: 0.998227	AUC[PR]: 0.309398
Val	AUC[ROC]: 0.919608	AUC[PR]: 0.134916
Epoch evaluation duration: 66.180603981
Epoch duration: 76.0612010956

Epoch 195/1000
Epoch training duration: 9.98908209801
Train	AUC[ROC]: 0.998215	AUC[PR]: 0.307301
Val	AUC[ROC]: 0.921889	AUC[PR]: 0.129373
Epoch evaluation duration: 65.3468458652
Epoch duration: 75.3359279633

Epoch 196/1000
Epoch training duration: 10.2648699284
Train	AUC[ROC]: 0.998204	AUC[PR]: 0.304228
Val	AUC[ROC]: 0.912649	AUC[PR]: 0.121964
Epoch evaluation duration: 65.2700660229
Epoch duration: 75.5349359512

Epoch 197/1000
Epoch training duration: 10.1015841961
Train	AUC[ROC]: 0.998223	AUC[PR]: 0.307131
Val	AUC[ROC]: 0.913636	AUC[PR]: 0.128641
Epoch evaluation duration: 65.6103839874
Epoch duration: 75.7119681835

Epoch 198/1000
Epoch training duration: 10.0453958511
Train	AUC[ROC]: 0.998240	AUC[PR]: 0.310495
Val	AUC[ROC]: 0.918970	AUC[PR]: 0.139213
Epoch evaluation duration: 66.109085083
Epoch duration: 76.1544809341

Epoch 199/1000
Epoch training duration: 10.1589338779
Train	AUC[ROC]: 0.998227	AUC[PR]: 0.310958
Val	AUC[ROC]: 0.912086	AUC[PR]: 0.149120
Epoch evaluation duration: 65.3114039898
Epoch duration: 75.4703378677

Epoch 200/1000
Epoch training duration: 10.0495691299
Train	AUC[ROC]: 0.998237	AUC[PR]: 0.311068
Val	AUC[ROC]: 0.919348	AUC[PR]: 0.146594
Epoch evaluation duration: 65.7434210777
Epoch duration: 75.7929902077

Epoch 201/1000
Epoch training duration: 9.85025191307
Train	AUC[ROC]: 0.998222	AUC[PR]: 0.307991
Val	AUC[ROC]: 0.911311	AUC[PR]: 0.154711
Epoch evaluation duration: 66.230150938
Epoch duration: 76.0804028511

Epoch 202/1000
Epoch training duration: 10.5767841339
Train	AUC[ROC]: 0.998240	AUC[PR]: 0.308542
Val	AUC[ROC]: 0.911726	AUC[PR]: 0.136455
Epoch evaluation duration: 65.3660018444
Epoch duration: 75.9427859783

Epoch 203/1000
Epoch training duration: 10.0580329895
Train	AUC[ROC]: 0.998211	AUC[PR]: 0.306344
Val	AUC[ROC]: 0.907802	AUC[PR]: 0.124700
Epoch evaluation duration: 65.9843850136
Epoch duration: 76.0424180031

Epoch 204/1000
Epoch training duration: 9.94161009789
Train	AUC[ROC]: 0.998228	AUC[PR]: 0.308769
Val	AUC[ROC]: 0.910524	AUC[PR]: 0.121564
Epoch evaluation duration: 65.614346981
Epoch duration: 75.5559570789

Epoch 205/1000
Epoch training duration: 10.2060239315
Train	AUC[ROC]: 0.998191	AUC[PR]: 0.301025
Val	AUC[ROC]: 0.913317	AUC[PR]: 0.116570
Epoch evaluation duration: 65.8379070759
Epoch duration: 76.0439310074

Epoch 206/1000
Epoch training duration: 10.0169930458
Train	AUC[ROC]: 0.998155	AUC[PR]: 0.302786
Val	AUC[ROC]: 0.910142	AUC[PR]: 0.129625
Epoch evaluation duration: 66.0145289898
Epoch duration: 76.0315220356

Epoch 207/1000
Epoch training duration: 9.76614785194
Train	AUC[ROC]: 0.998177	AUC[PR]: 0.298889
Val	AUC[ROC]: 0.895609	AUC[PR]: 0.158488
Epoch evaluation duration: 66.1420311928
Epoch duration: 75.9081790447

Epoch 208/1000
Epoch training duration: 9.80041790009
Train	AUC[ROC]: 0.998225	AUC[PR]: 0.309252
Val	AUC[ROC]: 0.901504	AUC[PR]: 0.140056
Epoch evaluation duration: 65.4765949249
Epoch duration: 75.277012825

Epoch 209/1000
Epoch training duration: 9.78215503693
Train	AUC[ROC]: 0.998226	AUC[PR]: 0.305465
Val	AUC[ROC]: 0.891730	AUC[PR]: 0.122554
Epoch evaluation duration: 65.7813501358
Epoch duration: 75.5635051727

Epoch 210/1000
Epoch training duration: 9.5923178196
Train	AUC[ROC]: 0.998211	AUC[PR]: 0.305718
Val	AUC[ROC]: 0.895700	AUC[PR]: 0.132574
Epoch evaluation duration: 66.5921971798
Epoch duration: 76.1845149994

Epoch 211/1000
Epoch training duration: 9.94726681709
Train	AUC[ROC]: 0.998227	AUC[PR]: 0.308006
Val	AUC[ROC]: 0.887112	AUC[PR]: 0.137104
Epoch evaluation duration: 65.5625691414
Epoch duration: 75.5098359585

Epoch 212/1000
Epoch training duration: 9.97354984283
Train	AUC[ROC]: 0.998213	AUC[PR]: 0.303643
Val	AUC[ROC]: 0.885327	AUC[PR]: 0.127258
Epoch evaluation duration: 65.682393074
Epoch duration: 75.6559429169

Epoch 213/1000
Epoch training duration: 9.97228813171
Train	AUC[ROC]: 0.998228	AUC[PR]: 0.306545
Val	AUC[ROC]: 0.889536	AUC[PR]: 0.133365
Epoch evaluation duration: 65.2876567841
Epoch duration: 75.2599449158

Epoch 214/1000
Epoch training duration: 10.2486870289
Train	AUC[ROC]: 0.998204	AUC[PR]: 0.306162
Val	AUC[ROC]: 0.901487	AUC[PR]: 0.133004
Epoch evaluation duration: 65.4051029682
Epoch duration: 75.6537899971

Epoch 215/1000
Epoch training duration: 9.98004007339
Train	AUC[ROC]: 0.998222	AUC[PR]: 0.305612
Val	AUC[ROC]: 0.899669	AUC[PR]: 0.128934
Epoch evaluation duration: 65.2734489441
Epoch duration: 75.2534890175

Epoch 216/1000
Epoch training duration: 9.99143314362
Train	AUC[ROC]: 0.998235	AUC[PR]: 0.309138
Val	AUC[ROC]: 0.906597	AUC[PR]: 0.140332
Epoch evaluation duration: 65.1626620293
Epoch duration: 75.1540951729

Epoch 217/1000
Epoch training duration: 10.0882868767
Train	AUC[ROC]: 0.998229	AUC[PR]: 0.307595
Val	AUC[ROC]: 0.907858	AUC[PR]: 0.141051
Epoch evaluation duration: 65.9300169945
Epoch duration: 76.0183038712

Epoch 218/1000
Epoch training duration: 10.3250460625
Train	AUC[ROC]: 0.998247	AUC[PR]: 0.307054
Val	AUC[ROC]: 0.905115	AUC[PR]: 0.142567
Epoch evaluation duration: 67.1052999496
Epoch duration: 77.4303460121

Epoch 219/1000
Epoch training duration: 10.0989770889
Train	AUC[ROC]: 0.998228	AUC[PR]: 0.307983
Val	AUC[ROC]: 0.895790	AUC[PR]: 0.132509
Epoch evaluation duration: 66.1695559025
Epoch duration: 76.2685329914

Epoch 220/1000
Epoch training duration: 10.1574449539
Train	AUC[ROC]: 0.998232	AUC[PR]: 0.310939
Val	AUC[ROC]: 0.908870	AUC[PR]: 0.133785
Epoch evaluation duration: 65.0029950142
Epoch duration: 75.1604399681

Epoch 221/1000
Epoch training duration: 10.0452361107
Train	AUC[ROC]: 0.998211	AUC[PR]: 0.308118
Val	AUC[ROC]: 0.904383	AUC[PR]: 0.132353
Epoch evaluation duration: 66.2528650761
Epoch duration: 76.2981011868

Epoch 222/1000
Epoch training duration: 10.0968878269
Train	AUC[ROC]: 0.998223	AUC[PR]: 0.309254
Val	AUC[ROC]: 0.906423	AUC[PR]: 0.147573
Epoch evaluation duration: 65.8775231838
Epoch duration: 75.9744110107

Epoch 223/1000
Epoch training duration: 9.98351097107
Train	AUC[ROC]: 0.998234	AUC[PR]: 0.306357
Val	AUC[ROC]: 0.899392	AUC[PR]: 0.134446
Epoch evaluation duration: 66.0563378334
Epoch duration: 76.0398488045

Epoch 224/1000
Epoch training duration: 8.45437312126
Train	AUC[ROC]: 0.998253	AUC[PR]: 0.312980
Val	AUC[ROC]: 0.894788	AUC[PR]: 0.157141
Epoch evaluation duration: 56.1499938965
Epoch duration: 64.6043670177

Epoch 225/1000
Epoch training duration: 8.64083313942
Train	AUC[ROC]: 0.998229	AUC[PR]: 0.308271
Val	AUC[ROC]: 0.896021	AUC[PR]: 0.149229
Epoch evaluation duration: 62.2059538364
Epoch duration: 70.8467869759

Epoch 226/1000
Epoch training duration: 10.0516541004
Train	AUC[ROC]: 0.998258	AUC[PR]: 0.307799
Val	AUC[ROC]: 0.901637	AUC[PR]: 0.139288
Epoch evaluation duration: 66.4168169498
Epoch duration: 76.4684710503

Epoch 227/1000
Epoch training duration: 10.1186239719
Train	AUC[ROC]: 0.998234	AUC[PR]: 0.306745
Val	AUC[ROC]: 0.901354	AUC[PR]: 0.155509
Epoch evaluation duration: 65.4013211727
Epoch duration: 75.5199451447

Epoch 228/1000
Epoch training duration: 10.1737928391
Train	AUC[ROC]: 0.998262	AUC[PR]: 0.309760
Val	AUC[ROC]: 0.897688	AUC[PR]: 0.150080
Epoch evaluation duration: 65.9848270416
Epoch duration: 76.1586198807

Epoch 229/1000
Epoch training duration: 10.103760004
Train	AUC[ROC]: 0.998233	AUC[PR]: 0.307983
Val	AUC[ROC]: 0.890103	AUC[PR]: 0.154139
Epoch evaluation duration: 65.4891419411
Epoch duration: 75.5929019451

Epoch 230/1000
Epoch training duration: 10.2550501823
Train	AUC[ROC]: 0.998234	AUC[PR]: 0.307060
Val	AUC[ROC]: 0.895310	AUC[PR]: 0.140531
Epoch evaluation duration: 66.8404278755
Epoch duration: 77.0954780579

Epoch 231/1000
Epoch training duration: 10.1560270786
Train	AUC[ROC]: 0.998249	AUC[PR]: 0.305870
Val	AUC[ROC]: 0.890339	AUC[PR]: 0.140781
Epoch evaluation duration: 65.2530829906
Epoch duration: 75.4091100693

Epoch 232/1000
Epoch training duration: 10.0653870106
Train	AUC[ROC]: 0.998236	AUC[PR]: 0.306708
Val	AUC[ROC]: 0.892764	AUC[PR]: 0.145761
Epoch evaluation duration: 66.2086498737
Epoch duration: 76.2740368843

Epoch 233/1000
Epoch training duration: 9.65058302879
Train	AUC[ROC]: 0.998265	AUC[PR]: 0.310215
Val	AUC[ROC]: 0.891622	AUC[PR]: 0.152831
Epoch evaluation duration: 66.0244560242
Epoch duration: 75.675039053

Epoch 234/1000
Epoch training duration: 10.3369369507
Train	AUC[ROC]: 0.998262	AUC[PR]: 0.310521
Val	AUC[ROC]: 0.892415	AUC[PR]: 0.159799
Epoch evaluation duration: 65.3881471157
Epoch duration: 75.7250840664

Epoch 235/1000
Epoch training duration: 9.99995589256
Train	AUC[ROC]: 0.998242	AUC[PR]: 0.305825
Val	AUC[ROC]: 0.903098	AUC[PR]: 0.140342
Epoch evaluation duration: 66.3067669868
Epoch duration: 76.3067228794

Epoch 236/1000
Epoch training duration: 10.0777230263
Train	AUC[ROC]: 0.998232	AUC[PR]: 0.306891
Val	AUC[ROC]: 0.900248	AUC[PR]: 0.138128
Epoch evaluation duration: 65.2820770741
Epoch duration: 75.3598001003

Epoch 237/1000
Epoch training duration: 10.0471098423
Train	AUC[ROC]: 0.998224	AUC[PR]: 0.304682
Val	AUC[ROC]: 0.901147	AUC[PR]: 0.137372
Epoch evaluation duration: 65.6934361458
Epoch duration: 75.7405459881

Epoch 238/1000
Epoch training duration: 10.1532800198
Train	AUC[ROC]: 0.998230	AUC[PR]: 0.306448
Val	AUC[ROC]: 0.900054	AUC[PR]: 0.134994
Epoch evaluation duration: 65.856897831
Epoch duration: 76.0101778507

Epoch 239/1000
Epoch training duration: 9.87577700615
Train	AUC[ROC]: 0.998246	AUC[PR]: 0.309730
Val	AUC[ROC]: 0.897446	AUC[PR]: 0.133210
Epoch evaluation duration: 65.7576680183
Epoch duration: 75.6334450245

Epoch 240/1000
Epoch training duration: 9.86320900917
Train	AUC[ROC]: 0.998225	AUC[PR]: 0.308477
Val	AUC[ROC]: 0.899374	AUC[PR]: 0.129444
Epoch evaluation duration: 65.0645570755
Epoch duration: 74.9277660847

Epoch 241/1000
Epoch training duration: 9.67438411713
Train	AUC[ROC]: 0.998251	AUC[PR]: 0.311406
Val	AUC[ROC]: 0.895845	AUC[PR]: 0.137270
Epoch evaluation duration: 66.1924409866
Epoch duration: 75.8668251038

Epoch 242/1000
Epoch training duration: 9.68487000465
Train	AUC[ROC]: 0.998261	AUC[PR]: 0.311852
Val	AUC[ROC]: 0.891188	AUC[PR]: 0.132926
Epoch evaluation duration: 66.0276169777
Epoch duration: 75.7124869823

Epoch 243/1000
Epoch training duration: 9.83844780922
Train	AUC[ROC]: 0.998231	AUC[PR]: 0.306729
Val	AUC[ROC]: 0.893436	AUC[PR]: 0.132671
Epoch evaluation duration: 65.5845530033
Epoch duration: 75.4230008125

Epoch 244/1000
Epoch training duration: 10.2062931061
Train	AUC[ROC]: 0.998241	AUC[PR]: 0.304636
Val	AUC[ROC]: 0.906180	AUC[PR]: 0.142681
Epoch evaluation duration: 65.9604399204
Epoch duration: 76.1667330265

Epoch 245/1000
Epoch training duration: 10.0304701328
Train	AUC[ROC]: 0.998276	AUC[PR]: 0.307534
Val	AUC[ROC]: 0.900485	AUC[PR]: 0.142534
Epoch evaluation duration: 65.8088450432
Epoch duration: 75.839315176

Epoch 246/1000
Epoch training duration: 10.2385048866
Train	AUC[ROC]: 0.998255	AUC[PR]: 0.309037
Val	AUC[ROC]: 0.894443	AUC[PR]: 0.141679
Epoch evaluation duration: 66.0104680061
Epoch duration: 76.2489728928

Epoch 247/1000
Epoch training duration: 10.0721309185
Train	AUC[ROC]: 0.998267	AUC[PR]: 0.310249
Val	AUC[ROC]: 0.888149	AUC[PR]: 0.141706
Epoch evaluation duration: 65.5597991943
Epoch duration: 75.6319301128

Epoch 248/1000
Epoch training duration: 10.1951258183
Train	AUC[ROC]: 0.998223	AUC[PR]: 0.307441
Val	AUC[ROC]: 0.904611	AUC[PR]: 0.136343
Epoch evaluation duration: 66.2191121578
Epoch duration: 76.4142379761

Epoch 249/1000
Epoch training duration: 9.530148983
Train	AUC[ROC]: 0.998279	AUC[PR]: 0.313211
Val	AUC[ROC]: 0.912318	AUC[PR]: 0.132528
Epoch evaluation duration: 65.5054819584
Epoch duration: 75.0356309414

Epoch 250/1000
Epoch training duration: 10.0926668644
Train	AUC[ROC]: 0.998253	AUC[PR]: 0.309893
Val	AUC[ROC]: 0.899278	AUC[PR]: 0.128961
Epoch evaluation duration: 66.0208590031
Epoch duration: 76.1135258675

Epoch 251/1000
Epoch training duration: 10.0060191154
Train	AUC[ROC]: 0.998270	AUC[PR]: 0.312155
Val	AUC[ROC]: 0.912175	AUC[PR]: 0.128298
Epoch evaluation duration: 66.2577159405
Epoch duration: 76.2637350559

Epoch 252/1000
Epoch training duration: 10.772906065
Train	AUC[ROC]: 0.998237	AUC[PR]: 0.309422
Val	AUC[ROC]: 0.907481	AUC[PR]: 0.128994
Epoch evaluation duration: 64.9594819546
Epoch duration: 75.7323880196

Epoch 253/1000
Epoch training duration: 10.2329139709
Train	AUC[ROC]: 0.998258	AUC[PR]: 0.309264
Val	AUC[ROC]: 0.912913	AUC[PR]: 0.138535
Epoch evaluation duration: 66.4921121597
Epoch duration: 76.7250261307

Epoch 254/1000
Epoch training duration: 10.1517288685
Train	AUC[ROC]: 0.998237	AUC[PR]: 0.306824
Val	AUC[ROC]: 0.908947	AUC[PR]: 0.135881
Epoch evaluation duration: 66.0711500645
Epoch duration: 76.222878933

Epoch 255/1000
Epoch training duration: 10.1867189407
Train	AUC[ROC]: 0.998236	AUC[PR]: 0.306404
Val	AUC[ROC]: 0.910493	AUC[PR]: 0.134803
Epoch evaluation duration: 66.1438219547
Epoch duration: 76.3305408955

train precision: 0.250290762619
train roc: 0.997272289637
train hit: 323.0 out of 332.0

val precision: 0.10682332308
val roc: 0.932321424388
val hit: 34.0 out of 56.0

test precision: 0.0699976054455
test roc: 0.915722302558
test hit: 27.0 out of 56.0

ratio: 0.02, EF: 28.5714285714,	active: 56.0
ratio: 0.02, NEF: 0.571428571429
ratio: 0.01, EF: 48.2142857143,	active: 56.0
ratio: 0.01, NEF: 0.482142857143
ratio: 0.0015, EF: 107.142857143,	active: 56.0
ratio: 0.0015, NEF: 0.160714285714
ratio: 0.001, EF: 107.142857143,	active: 56.0
ratio: 0.001, NEF: 0.142857142857

