label_name_list  [u'PriA-SSB AS Activity', u'PriA-SSB AS % inhibition (Primary Median)']
train files  ['../datasets/keck_pria/fold_0.csv' '../datasets/keck_pria/fold_1.csv'
 '../datasets/keck_pria/fold_2.csv' '../datasets/keck_pria/fold_3.csv'
 '../datasets/keck_pria/fold_4.csv' '../datasets/keck_pria/fold_5.csv'
 '../datasets/keck_pria/fold_6.csv' '../datasets/keck_pria/fold_7.csv']
val files  ['../datasets/keck_pria/fold_8.csv']
test files  ['../datasets/keck_pria/fold_9.csv']
done data preparation
Sample Weight	 [20108.58823529 16278.38095238  6836.92       ...    20.99533227
    20.99533227    20.99275362]
Epoch 1/1000
Epoch training duration: 14.4020721912
Train	AUC[ROC]: 0.860025	AUC[PR]: 0.110670
Val	AUC[ROC]: 0.831135	AUC[PR]: 0.060256
Epoch evaluation duration: 81.3317408562
Epoch duration: 95.7338130474

Epoch 2/1000
Epoch training duration: 14.2426559925
Train	AUC[ROC]: 0.888542	AUC[PR]: 0.058295
Val	AUC[ROC]: 0.856250	AUC[PR]: 0.030492
Epoch evaluation duration: 82.1155200005
Epoch duration: 96.358175993

Epoch 3/1000
Epoch training duration: 14.2804529667
Train	AUC[ROC]: 0.925981	AUC[PR]: 0.127986
Val	AUC[ROC]: 0.895026	AUC[PR]: 0.081911
Epoch evaluation duration: 81.6474480629
Epoch duration: 95.9279010296

Epoch 4/1000
Epoch training duration: 14.3039309978
Train	AUC[ROC]: 0.954333	AUC[PR]: 0.088615
Val	AUC[ROC]: 0.906004	AUC[PR]: 0.030486
Epoch evaluation duration: 81.6478250027
Epoch duration: 95.9517560005

Epoch 5/1000
Epoch training duration: 14.1890699863
Train	AUC[ROC]: 0.969829	AUC[PR]: 0.141800
Val	AUC[ROC]: 0.918936	AUC[PR]: 0.065115
Epoch evaluation duration: 81.5441141129
Epoch duration: 95.7331840992

Epoch 6/1000
Epoch training duration: 14.0493249893
Train	AUC[ROC]: 0.968586	AUC[PR]: 0.169559
Val	AUC[ROC]: 0.904761	AUC[PR]: 0.079315
Epoch evaluation duration: 82.2750408649
Epoch duration: 96.3243658543

Epoch 7/1000
Epoch training duration: 14.4216799736
Train	AUC[ROC]: 0.974483	AUC[PR]: 0.131552
Val	AUC[ROC]: 0.924675	AUC[PR]: 0.077255
Epoch evaluation duration: 81.703813076
Epoch duration: 96.1254930496

Epoch 8/1000
Epoch training duration: 14.0877170563
Train	AUC[ROC]: 0.978796	AUC[PR]: 0.146455
Val	AUC[ROC]: 0.898668	AUC[PR]: 0.055626
Epoch evaluation duration: 81.3084819317
Epoch duration: 95.396198988

Epoch 9/1000
Epoch training duration: 14.3620960712
Train	AUC[ROC]: 0.984368	AUC[PR]: 0.149828
Val	AUC[ROC]: 0.926248	AUC[PR]: 0.060855
Epoch evaluation duration: 81.6379299164
Epoch duration: 96.0000259876

Epoch 10/1000
Epoch training duration: 14.319190979
Train	AUC[ROC]: 0.990476	AUC[PR]: 0.186050
Val	AUC[ROC]: 0.924541	AUC[PR]: 0.074840
Epoch evaluation duration: 81.1293530464
Epoch duration: 95.4485440254

Epoch 11/1000
Epoch training duration: 14.0772891045
Train	AUC[ROC]: 0.990079	AUC[PR]: 0.158391
Val	AUC[ROC]: 0.929954	AUC[PR]: 0.084949
Epoch evaluation duration: 81.4776418209
Epoch duration: 95.5549309254

Epoch 12/1000
Epoch training duration: 14.2378749847
Train	AUC[ROC]: 0.990921	AUC[PR]: 0.164585
Val	AUC[ROC]: 0.923348	AUC[PR]: 0.072635
Epoch evaluation duration: 81.2276890278
Epoch duration: 95.4655640125

Epoch 13/1000
Epoch training duration: 14.0853600502
Train	AUC[ROC]: 0.992740	AUC[PR]: 0.195222
Val	AUC[ROC]: 0.927216	AUC[PR]: 0.095907
Epoch evaluation duration: 81.6010220051
Epoch duration: 95.6863820553

Epoch 14/1000
Epoch training duration: 14.3587660789
Train	AUC[ROC]: 0.992797	AUC[PR]: 0.184332
Val	AUC[ROC]: 0.925490	AUC[PR]: 0.092215
Epoch evaluation duration: 81.2452230453
Epoch duration: 95.6039891243

Epoch 15/1000
Epoch training duration: 14.2068078518
Train	AUC[ROC]: 0.993411	AUC[PR]: 0.174921
Val	AUC[ROC]: 0.937779	AUC[PR]: 0.071879
Epoch evaluation duration: 81.8301820755
Epoch duration: 96.0369899273

Epoch 16/1000
Epoch training duration: 14.2565000057
Train	AUC[ROC]: 0.992690	AUC[PR]: 0.219050
Val	AUC[ROC]: 0.926858	AUC[PR]: 0.103957
Epoch evaluation duration: 82.0398988724
Epoch duration: 96.2963988781

Epoch 17/1000
Epoch training duration: 14.1348609924
Train	AUC[ROC]: 0.994272	AUC[PR]: 0.181246
Val	AUC[ROC]: 0.938913	AUC[PR]: 0.080289
Epoch evaluation duration: 81.9464230537
Epoch duration: 96.0812840462

Epoch 18/1000
Epoch training duration: 14.0216710567
Train	AUC[ROC]: 0.994779	AUC[PR]: 0.212298
Val	AUC[ROC]: 0.930831	AUC[PR]: 0.101080
Epoch evaluation duration: 81.1767270565
Epoch duration: 95.1983981133

Epoch 19/1000
Epoch training duration: 14.2885990143
Train	AUC[ROC]: 0.994898	AUC[PR]: 0.214765
Val	AUC[ROC]: 0.927459	AUC[PR]: 0.120270
Epoch evaluation duration: 82.2550668716
Epoch duration: 96.5436658859

Epoch 20/1000
Epoch training duration: 14.5077519417
Train	AUC[ROC]: 0.991538	AUC[PR]: 0.173728
Val	AUC[ROC]: 0.921804	AUC[PR]: 0.063258
Epoch evaluation duration: 81.1033551693
Epoch duration: 95.611107111

Epoch 21/1000
Epoch training duration: 14.2822618484
Train	AUC[ROC]: 0.992732	AUC[PR]: 0.215927
Val	AUC[ROC]: 0.942184	AUC[PR]: 0.075069
Epoch evaluation duration: 81.7522881031
Epoch duration: 96.0345499516

Epoch 22/1000
Epoch training duration: 14.1112780571
Train	AUC[ROC]: 0.992643	AUC[PR]: 0.183073
Val	AUC[ROC]: 0.932761	AUC[PR]: 0.069572
Epoch evaluation duration: 82.5609240532
Epoch duration: 96.6722021103

Epoch 23/1000
Epoch training duration: 13.8744959831
Train	AUC[ROC]: 0.995147	AUC[PR]: 0.220746
Val	AUC[ROC]: 0.944002	AUC[PR]: 0.120528
Epoch evaluation duration: 81.6630268097
Epoch duration: 95.5375227928

Epoch 24/1000
Epoch training duration: 14.3377940655
Train	AUC[ROC]: 0.995351	AUC[PR]: 0.219772
Val	AUC[ROC]: 0.946189	AUC[PR]: 0.090050
Epoch evaluation duration: 80.9997420311
Epoch duration: 95.3375360966

Epoch 25/1000
Epoch training duration: 14.0485229492
Train	AUC[ROC]: 0.994797	AUC[PR]: 0.218420
Val	AUC[ROC]: 0.938914	AUC[PR]: 0.094603
Epoch evaluation duration: 81.6249139309
Epoch duration: 95.6734368801

Epoch 26/1000
Epoch training duration: 14.2709012032
Train	AUC[ROC]: 0.995165	AUC[PR]: 0.193171
Val	AUC[ROC]: 0.937996	AUC[PR]: 0.100231
Epoch evaluation duration: 81.1239628792
Epoch duration: 95.3948640823

Epoch 27/1000
Epoch training duration: 14.3184399605
Train	AUC[ROC]: 0.995601	AUC[PR]: 0.225433
Val	AUC[ROC]: 0.941792	AUC[PR]: 0.106986
Epoch evaluation duration: 81.9529540539
Epoch duration: 96.2713940144

Epoch 28/1000
Epoch training duration: 14.0863699913
Train	AUC[ROC]: 0.995534	AUC[PR]: 0.201973
Val	AUC[ROC]: 0.940784	AUC[PR]: 0.098220
Epoch evaluation duration: 81.7685329914
Epoch duration: 95.8549029827

Epoch 29/1000
Epoch training duration: 14.1614360809
Train	AUC[ROC]: 0.996013	AUC[PR]: 0.217233
Val	AUC[ROC]: 0.945358	AUC[PR]: 0.108016
Epoch evaluation duration: 81.9628639221
Epoch duration: 96.1243000031

Epoch 30/1000
Epoch training duration: 14.2431769371
Train	AUC[ROC]: 0.995821	AUC[PR]: 0.211243
Val	AUC[ROC]: 0.944526	AUC[PR]: 0.109603
Epoch evaluation duration: 81.5010790825
Epoch duration: 95.7442560196

Epoch 31/1000
Epoch training duration: 14.5673320293
Train	AUC[ROC]: 0.995794	AUC[PR]: 0.211476
Val	AUC[ROC]: 0.944889	AUC[PR]: 0.097058
Epoch evaluation duration: 81.572122097
Epoch duration: 96.1394541264

Epoch 32/1000
Epoch training duration: 14.1430928707
Train	AUC[ROC]: 0.996096	AUC[PR]: 0.230199
Val	AUC[ROC]: 0.949396	AUC[PR]: 0.113541
Epoch evaluation duration: 82.3765220642
Epoch duration: 96.5196149349

Epoch 33/1000
Epoch training duration: 14.385174036
Train	AUC[ROC]: 0.995746	AUC[PR]: 0.216113
Val	AUC[ROC]: 0.936423	AUC[PR]: 0.104264
Epoch evaluation duration: 81.5478389263
Epoch duration: 95.9330129623

Epoch 34/1000
Epoch training duration: 14.072674036
Train	AUC[ROC]: 0.996238	AUC[PR]: 0.228623
Val	AUC[ROC]: 0.947036	AUC[PR]: 0.122499
Epoch evaluation duration: 81.5579779148
Epoch duration: 95.6306519508

Epoch 35/1000
Epoch training duration: 13.9211339951
Train	AUC[ROC]: 0.996138	AUC[PR]: 0.232467
Val	AUC[ROC]: 0.942489	AUC[PR]: 0.114486
Epoch evaluation duration: 81.8671431541
Epoch duration: 95.7882771492

Epoch 36/1000
Epoch training duration: 14.3126828671
Train	AUC[ROC]: 0.996283	AUC[PR]: 0.232136
Val	AUC[ROC]: 0.942563	AUC[PR]: 0.105913
Epoch evaluation duration: 81.9120459557
Epoch duration: 96.2247288227

Epoch 37/1000
Epoch training duration: 14.3205230236
Train	AUC[ROC]: 0.996371	AUC[PR]: 0.255459
Val	AUC[ROC]: 0.944174	AUC[PR]: 0.117260
Epoch evaluation duration: 81.6713299751
Epoch duration: 95.9918529987

Epoch 38/1000
Epoch training duration: 14.0969731808
Train	AUC[ROC]: 0.996525	AUC[PR]: 0.247528
Val	AUC[ROC]: 0.940158	AUC[PR]: 0.103915
Epoch evaluation duration: 81.788918972
Epoch duration: 95.8858921528

Epoch 39/1000
Epoch training duration: 13.9959638119
Train	AUC[ROC]: 0.996631	AUC[PR]: 0.243518
Val	AUC[ROC]: 0.956167	AUC[PR]: 0.117846
Epoch evaluation duration: 80.9446752071
Epoch duration: 94.940639019

Epoch 40/1000
Epoch training duration: 14.307243824
Train	AUC[ROC]: 0.996083	AUC[PR]: 0.227214
Val	AUC[ROC]: 0.944597	AUC[PR]: 0.092552
Epoch evaluation duration: 81.656042099
Epoch duration: 95.963285923

Epoch 41/1000
Epoch training duration: 14.164730072
Train	AUC[ROC]: 0.996442	AUC[PR]: 0.243540
Val	AUC[ROC]: 0.948007	AUC[PR]: 0.123940
Epoch evaluation duration: 81.1829140186
Epoch duration: 95.3476440907

Epoch 42/1000
Epoch training duration: 14.3991019726
Train	AUC[ROC]: 0.996316	AUC[PR]: 0.228935
Val	AUC[ROC]: 0.944268	AUC[PR]: 0.100963
Epoch evaluation duration: 81.3183820248
Epoch duration: 95.7174839973

Epoch 43/1000
Epoch training duration: 14.1819469929
Train	AUC[ROC]: 0.996786	AUC[PR]: 0.263281
Val	AUC[ROC]: 0.950444	AUC[PR]: 0.119353
Epoch evaluation duration: 81.9384307861
Epoch duration: 96.120377779

Epoch 44/1000
Epoch training duration: 14.0154340267
Train	AUC[ROC]: 0.996627	AUC[PR]: 0.244542
Val	AUC[ROC]: 0.950109	AUC[PR]: 0.106199
Epoch evaluation duration: 81.6012940407
Epoch duration: 95.6167280674

Epoch 45/1000
Epoch training duration: 14.1689901352
Train	AUC[ROC]: 0.996447	AUC[PR]: 0.251914
Val	AUC[ROC]: 0.942466	AUC[PR]: 0.120299
Epoch evaluation duration: 82.0239658356
Epoch duration: 96.1929559708

Epoch 46/1000
Epoch training duration: 14.2053179741
Train	AUC[ROC]: 0.996632	AUC[PR]: 0.236657
Val	AUC[ROC]: 0.946692	AUC[PR]: 0.099883
Epoch evaluation duration: 81.2944011688
Epoch duration: 95.4997191429

Epoch 47/1000
Epoch training duration: 14.0501589775
Train	AUC[ROC]: 0.996844	AUC[PR]: 0.259133
Val	AUC[ROC]: 0.945892	AUC[PR]: 0.143440
Epoch evaluation duration: 81.7906348705
Epoch duration: 95.840793848

Epoch 48/1000
Epoch training duration: 14.2495970726
Train	AUC[ROC]: 0.996356	AUC[PR]: 0.234551
Val	AUC[ROC]: 0.947528	AUC[PR]: 0.088563
Epoch evaluation duration: 81.4660670757
Epoch duration: 95.7156641483

Epoch 49/1000
Epoch training duration: 14.1743090153
Train	AUC[ROC]: 0.996931	AUC[PR]: 0.251253
Val	AUC[ROC]: 0.945295	AUC[PR]: 0.107779
Epoch evaluation duration: 81.6008520126
Epoch duration: 95.7751610279

Epoch 50/1000
Epoch training duration: 13.9582118988
Train	AUC[ROC]: 0.996974	AUC[PR]: 0.265360
Val	AUC[ROC]: 0.949821	AUC[PR]: 0.129189
Epoch evaluation duration: 81.3530550003
Epoch duration: 95.3112668991

Epoch 51/1000
Epoch training duration: 14.32741189
Train	AUC[ROC]: 0.996694	AUC[PR]: 0.235163
Val	AUC[ROC]: 0.945827	AUC[PR]: 0.117690
Epoch evaluation duration: 80.9170861244
Epoch duration: 95.2444980145

Epoch 52/1000
Epoch training duration: 14.4641420841
Train	AUC[ROC]: 0.996641	AUC[PR]: 0.243601
Val	AUC[ROC]: 0.946230	AUC[PR]: 0.095938
Epoch evaluation duration: 80.958796978
Epoch duration: 95.4229390621

Epoch 53/1000
Epoch training duration: 14.166549921
Train	AUC[ROC]: 0.996880	AUC[PR]: 0.246427
Val	AUC[ROC]: 0.932475	AUC[PR]: 0.110858
Epoch evaluation duration: 81.75710392
Epoch duration: 95.923653841

Epoch 54/1000
Epoch training duration: 14.2968420982
Train	AUC[ROC]: 0.996942	AUC[PR]: 0.249906
Val	AUC[ROC]: 0.955442	AUC[PR]: 0.115664
Epoch evaluation duration: 81.6112270355
Epoch duration: 95.9080691338

Epoch 55/1000
Epoch training duration: 14.1130750179
Train	AUC[ROC]: 0.996951	AUC[PR]: 0.259673
Val	AUC[ROC]: 0.950013	AUC[PR]: 0.122377
Epoch evaluation duration: 81.3614418507
Epoch duration: 95.4745168686

Epoch 56/1000
Epoch training duration: 13.9782361984
Train	AUC[ROC]: 0.997087	AUC[PR]: 0.255224
Val	AUC[ROC]: 0.945502	AUC[PR]: 0.102351
Epoch evaluation duration: 81.8811388016
Epoch duration: 95.859375

Epoch 57/1000
Epoch training duration: 14.2426300049
Train	AUC[ROC]: 0.996961	AUC[PR]: 0.246080
Val	AUC[ROC]: 0.947902	AUC[PR]: 0.113372
Epoch evaluation duration: 81.0352389812
Epoch duration: 95.2778689861

Epoch 58/1000
Epoch training duration: 14.5829660892
Train	AUC[ROC]: 0.997062	AUC[PR]: 0.249083
Val	AUC[ROC]: 0.948040	AUC[PR]: 0.114411
Epoch evaluation duration: 81.1156620979
Epoch duration: 95.6986281872

Epoch 59/1000
Epoch training duration: 14.8731799126
Train	AUC[ROC]: 0.996992	AUC[PR]: 0.244224
Val	AUC[ROC]: 0.943062	AUC[PR]: 0.106945
Epoch evaluation duration: 82.2515809536
Epoch duration: 97.1247608662

Epoch 60/1000
Epoch training duration: 14.2642359734
Train	AUC[ROC]: 0.996734	AUC[PR]: 0.242270
Val	AUC[ROC]: 0.948998	AUC[PR]: 0.096996
Epoch evaluation duration: 80.5991590023
Epoch duration: 94.8633949757

Epoch 61/1000
Epoch training duration: 14.3557040691
Train	AUC[ROC]: 0.997139	AUC[PR]: 0.257392
Val	AUC[ROC]: 0.953323	AUC[PR]: 0.141869
Epoch evaluation duration: 81.7691369057
Epoch duration: 96.1248409748

Epoch 62/1000
Epoch training duration: 14.2438759804
Train	AUC[ROC]: 0.997195	AUC[PR]: 0.258795
Val	AUC[ROC]: 0.940309	AUC[PR]: 0.087417
Epoch evaluation duration: 81.404364109
Epoch duration: 95.6482400894

Epoch 63/1000
Epoch training duration: 14.2500948906
Train	AUC[ROC]: 0.996851	AUC[PR]: 0.250146
Val	AUC[ROC]: 0.949991	AUC[PR]: 0.094858
Epoch evaluation duration: 81.3490641117
Epoch duration: 95.5991590023

Epoch 64/1000
Epoch training duration: 14.1417429447
Train	AUC[ROC]: 0.997043	AUC[PR]: 0.250182
Val	AUC[ROC]: 0.939270	AUC[PR]: 0.106000
Epoch evaluation duration: 80.5212540627
Epoch duration: 94.6629970074

Epoch 65/1000
Epoch training duration: 14.448515892
Train	AUC[ROC]: 0.997118	AUC[PR]: 0.260696
Val	AUC[ROC]: 0.953989	AUC[PR]: 0.104565
Epoch evaluation duration: 81.3491201401
Epoch duration: 95.7976360321

Epoch 66/1000
Epoch training duration: 14.137791872
Train	AUC[ROC]: 0.997091	AUC[PR]: 0.253602
Val	AUC[ROC]: 0.951782	AUC[PR]: 0.119664
Epoch evaluation duration: 81.8998529911
Epoch duration: 96.0376448631

Epoch 67/1000
Epoch training duration: 14.1377530098
Train	AUC[ROC]: 0.997307	AUC[PR]: 0.282931
Val	AUC[ROC]: 0.947544	AUC[PR]: 0.127894
Epoch evaluation duration: 81.938229084
Epoch duration: 96.0759820938

Epoch 68/1000
Epoch training duration: 14.0484399796
Train	AUC[ROC]: 0.997091	AUC[PR]: 0.259774
Val	AUC[ROC]: 0.957797	AUC[PR]: 0.106476
Epoch evaluation duration: 82.0432760715
Epoch duration: 96.0917160511

Epoch 69/1000
Epoch training duration: 14.0761198997
Train	AUC[ROC]: 0.997311	AUC[PR]: 0.269597
Val	AUC[ROC]: 0.954224	AUC[PR]: 0.113726
Epoch evaluation duration: 81.5149250031
Epoch duration: 95.5910449028

Epoch 70/1000
Epoch training duration: 14.2983090878
Train	AUC[ROC]: 0.997229	AUC[PR]: 0.261444
Val	AUC[ROC]: 0.950828	AUC[PR]: 0.108103
Epoch evaluation duration: 80.875841856
Epoch duration: 95.1741509438

Epoch 71/1000
Epoch training duration: 14.284954071
Train	AUC[ROC]: 0.997333	AUC[PR]: 0.260411
Val	AUC[ROC]: 0.958376	AUC[PR]: 0.112132
Epoch evaluation duration: 81.6047461033
Epoch duration: 95.8897001743

Epoch 72/1000
Epoch training duration: 14.4449579716
Train	AUC[ROC]: 0.997294	AUC[PR]: 0.268727
Val	AUC[ROC]: 0.950108	AUC[PR]: 0.111713
Epoch evaluation duration: 82.0140910149
Epoch duration: 96.4590489864

Epoch 73/1000
Epoch training duration: 14.3223068714
Train	AUC[ROC]: 0.997143	AUC[PR]: 0.251561
Val	AUC[ROC]: 0.951531	AUC[PR]: 0.096152
Epoch evaluation duration: 81.9507319927
Epoch duration: 96.2730388641

Epoch 74/1000
Epoch training duration: 14.0875141621
Train	AUC[ROC]: 0.997257	AUC[PR]: 0.269828
Val	AUC[ROC]: 0.951056	AUC[PR]: 0.125975
Epoch evaluation duration: 81.7840838432
Epoch duration: 95.8715980053

Epoch 75/1000
Epoch training duration: 14.185885191
Train	AUC[ROC]: 0.997402	AUC[PR]: 0.275225
Val	AUC[ROC]: 0.954395	AUC[PR]: 0.109801
Epoch evaluation duration: 81.6900138855
Epoch duration: 95.8758990765

Epoch 76/1000
Epoch training duration: 14.0784521103
Train	AUC[ROC]: 0.997451	AUC[PR]: 0.277634
Val	AUC[ROC]: 0.951926	AUC[PR]: 0.118091
Epoch evaluation duration: 81.9537649155
Epoch duration: 96.0322170258

Epoch 77/1000
Epoch training duration: 14.2370400429
Train	AUC[ROC]: 0.997242	AUC[PR]: 0.267303
Val	AUC[ROC]: 0.944216	AUC[PR]: 0.118864
Epoch evaluation duration: 81.3422398567
Epoch duration: 95.5792798996

Epoch 78/1000
Epoch training duration: 14.2288970947
Train	AUC[ROC]: 0.997349	AUC[PR]: 0.273037
Val	AUC[ROC]: 0.939319	AUC[PR]: 0.132469
Epoch evaluation duration: 82.0099620819
Epoch duration: 96.2388591766

Epoch 79/1000
Epoch training duration: 14.1784729958
Train	AUC[ROC]: 0.997311	AUC[PR]: 0.257600
Val	AUC[ROC]: 0.952956	AUC[PR]: 0.105734
Epoch evaluation duration: 81.4024088383
Epoch duration: 95.580881834

Epoch 80/1000
Epoch training duration: 14.135985136
Train	AUC[ROC]: 0.997428	AUC[PR]: 0.272202
Val	AUC[ROC]: 0.941950	AUC[PR]: 0.097288
Epoch evaluation duration: 81.6087589264
Epoch duration: 95.7447440624

Epoch 81/1000
Epoch training duration: 14.1910750866
Train	AUC[ROC]: 0.997094	AUC[PR]: 0.247504
Val	AUC[ROC]: 0.939773	AUC[PR]: 0.088373
Epoch evaluation duration: 81.4732458591
Epoch duration: 95.6643209457

Epoch 82/1000
Epoch training duration: 14.4101669788
Train	AUC[ROC]: 0.997564	AUC[PR]: 0.278259
Val	AUC[ROC]: 0.947849	AUC[PR]: 0.119655
Epoch evaluation duration: 81.6168031693
Epoch duration: 96.0269701481

Epoch 83/1000
Epoch training duration: 14.1694569588
Train	AUC[ROC]: 0.997370	AUC[PR]: 0.257656
Val	AUC[ROC]: 0.948980	AUC[PR]: 0.096562
Epoch evaluation duration: 81.2950348854
Epoch duration: 95.4644918442

Epoch 84/1000
Epoch training duration: 14.3810260296
Train	AUC[ROC]: 0.997262	AUC[PR]: 0.263829
Val	AUC[ROC]: 0.954912	AUC[PR]: 0.102447
Epoch evaluation duration: 80.8124611378
Epoch duration: 95.1934871674

Epoch 85/1000
Epoch training duration: 14.1645348072
Train	AUC[ROC]: 0.997588	AUC[PR]: 0.277658
Val	AUC[ROC]: 0.952706	AUC[PR]: 0.114249
Epoch evaluation duration: 82.1069161892
Epoch duration: 96.2714509964

Epoch 86/1000
Epoch training duration: 14.190089941
Train	AUC[ROC]: 0.997422	AUC[PR]: 0.271465
Val	AUC[ROC]: 0.945308	AUC[PR]: 0.115763
Epoch evaluation duration: 81.7184200287
Epoch duration: 95.9085099697

Epoch 87/1000
Epoch training duration: 14.0082039833
Train	AUC[ROC]: 0.997484	AUC[PR]: 0.267739
Val	AUC[ROC]: 0.951397	AUC[PR]: 0.104794
Epoch evaluation duration: 81.4001209736
Epoch duration: 95.4083249569

Epoch 88/1000
Epoch training duration: 14.1074330807
Train	AUC[ROC]: 0.997480	AUC[PR]: 0.275720
Val	AUC[ROC]: 0.952669	AUC[PR]: 0.112859
Epoch evaluation duration: 81.6627287865
Epoch duration: 95.7701618671

Epoch 89/1000
Epoch training duration: 14.210901022
Train	AUC[ROC]: 0.997419	AUC[PR]: 0.263037
Val	AUC[ROC]: 0.958994	AUC[PR]: 0.104216
Epoch evaluation duration: 81.2231040001
Epoch duration: 95.434005022

Epoch 90/1000
Epoch training duration: 14.5363311768
Train	AUC[ROC]: 0.997530	AUC[PR]: 0.277431
Val	AUC[ROC]: 0.952520	AUC[PR]: 0.112393
Epoch evaluation duration: 81.2056310177
Epoch duration: 95.7419621944

Epoch 91/1000
Epoch training duration: 14.3449118137
Train	AUC[ROC]: 0.997415	AUC[PR]: 0.263900
Val	AUC[ROC]: 0.961863	AUC[PR]: 0.107963
Epoch evaluation duration: 83.5928900242
Epoch duration: 97.9378018379

Epoch 92/1000
Epoch training duration: 14.9700291157
Train	AUC[ROC]: 0.997430	AUC[PR]: 0.266592
Val	AUC[ROC]: 0.958428	AUC[PR]: 0.105300
Epoch evaluation duration: 86.5973138809
Epoch duration: 101.567342997

Epoch 93/1000
Epoch training duration: 14.655559063
Train	AUC[ROC]: 0.997559	AUC[PR]: 0.268531
Val	AUC[ROC]: 0.962192	AUC[PR]: 0.107231
Epoch evaluation duration: 86.4813809395
Epoch duration: 101.136940002

Epoch 94/1000
Epoch training duration: 14.7496111393
Train	AUC[ROC]: 0.997627	AUC[PR]: 0.268944
Val	AUC[ROC]: 0.956399	AUC[PR]: 0.116365
Epoch evaluation duration: 87.0248639584
Epoch duration: 101.774475098

Epoch 95/1000
Epoch training duration: 14.901337862
Train	AUC[ROC]: 0.997003	AUC[PR]: 0.256710
Val	AUC[ROC]: 0.941367	AUC[PR]: 0.087262
Epoch evaluation duration: 86.5355861187
Epoch duration: 101.436923981

Epoch 96/1000
Epoch training duration: 14.7472639084
Train	AUC[ROC]: 0.997439	AUC[PR]: 0.261988
Val	AUC[ROC]: 0.951872	AUC[PR]: 0.103738
Epoch evaluation duration: 86.5036971569
Epoch duration: 101.250961065

Epoch 97/1000
Epoch training duration: 14.9894328117
Train	AUC[ROC]: 0.997485	AUC[PR]: 0.271076
Val	AUC[ROC]: 0.956676	AUC[PR]: 0.106081
Epoch evaluation duration: 87.1018099785
Epoch duration: 102.09124279

Epoch 98/1000
Epoch training duration: 15.1532711983
Train	AUC[ROC]: 0.997654	AUC[PR]: 0.285877
Val	AUC[ROC]: 0.954694	AUC[PR]: 0.110588
Epoch evaluation duration: 87.2216289043
Epoch duration: 102.374900103

Epoch 99/1000
Epoch training duration: 14.9321861267
Train	AUC[ROC]: 0.997535	AUC[PR]: 0.269225
Val	AUC[ROC]: 0.952107	AUC[PR]: 0.106740
Epoch evaluation duration: 86.7774238586
Epoch duration: 101.709609985

Epoch 100/1000
Epoch training duration: 14.7020950317
Train	AUC[ROC]: 0.997444	AUC[PR]: 0.265705
Val	AUC[ROC]: 0.956400	AUC[PR]: 0.095429
Epoch evaluation duration: 87.1511809826
Epoch duration: 101.853276014

Epoch 101/1000
Epoch training duration: 14.5760340691
Train	AUC[ROC]: 0.997419	AUC[PR]: 0.293895
Val	AUC[ROC]: 0.954615	AUC[PR]: 0.121755
Epoch evaluation duration: 86.3450119495
Epoch duration: 100.921046019

Epoch 102/1000
Epoch training duration: 14.8074660301
Train	AUC[ROC]: 0.997570	AUC[PR]: 0.279230
Val	AUC[ROC]: 0.952192	AUC[PR]: 0.098535
Epoch evaluation duration: 86.9256439209
Epoch duration: 101.733109951

Epoch 103/1000
Epoch training duration: 14.4814860821
Train	AUC[ROC]: 0.997600	AUC[PR]: 0.272267
Val	AUC[ROC]: 0.959378	AUC[PR]: 0.101341
Epoch evaluation duration: 87.5554890633
Epoch duration: 102.036975145

Epoch 104/1000
Epoch training duration: 14.7434380054
Train	AUC[ROC]: 0.997606	AUC[PR]: 0.279342
Val	AUC[ROC]: 0.960230	AUC[PR]: 0.113831
Epoch evaluation duration: 86.7927927971
Epoch duration: 101.536230803

Epoch 105/1000
Epoch training duration: 15.0316970348
Train	AUC[ROC]: 0.997663	AUC[PR]: 0.284249
Val	AUC[ROC]: 0.958946	AUC[PR]: 0.120933
Epoch evaluation duration: 87.2217609882
Epoch duration: 102.253458023

Epoch 106/1000
Epoch training duration: 14.6079330444
Train	AUC[ROC]: 0.997644	AUC[PR]: 0.276778
Val	AUC[ROC]: 0.954805	AUC[PR]: 0.123274
Epoch evaluation duration: 88.1699080467
Epoch duration: 102.777841091

Epoch 107/1000
Epoch training duration: 14.5465328693
Train	AUC[ROC]: 0.997437	AUC[PR]: 0.263382
Val	AUC[ROC]: 0.956723	AUC[PR]: 0.092432
Epoch evaluation duration: 85.7836830616
Epoch duration: 100.330215931

Epoch 108/1000
Epoch training duration: 15.030862093
Train	AUC[ROC]: 0.997634	AUC[PR]: 0.270122
Val	AUC[ROC]: 0.957395	AUC[PR]: 0.111784
Epoch evaluation duration: 80.7621438503
Epoch duration: 95.7930059433

Epoch 109/1000
Epoch training duration: 14.0794591904
Train	AUC[ROC]: 0.997653	AUC[PR]: 0.277935
Val	AUC[ROC]: 0.959133	AUC[PR]: 0.115289
Epoch evaluation duration: 81.9560849667
Epoch duration: 96.035544157

Epoch 110/1000
Epoch training duration: 14.2217988968
Train	AUC[ROC]: 0.997690	AUC[PR]: 0.284092
Val	AUC[ROC]: 0.956828	AUC[PR]: 0.105659
Epoch evaluation duration: 82.5181291103
Epoch duration: 96.7399280071

Epoch 111/1000
Epoch training duration: 14.11982584
Train	AUC[ROC]: 0.997469	AUC[PR]: 0.257604
Val	AUC[ROC]: 0.959647	AUC[PR]: 0.095438
Epoch evaluation duration: 81.3915100098
Epoch duration: 95.5113358498

Epoch 112/1000
Epoch training duration: 14.0732200146
Train	AUC[ROC]: 0.997705	AUC[PR]: 0.285411
Val	AUC[ROC]: 0.961659	AUC[PR]: 0.128243
Epoch evaluation duration: 82.0421061516
Epoch duration: 96.1153261662

Epoch 113/1000
Epoch training duration: 14.3208179474
Train	AUC[ROC]: 0.997603	AUC[PR]: 0.274261
Val	AUC[ROC]: 0.954802	AUC[PR]: 0.101791
Epoch evaluation duration: 81.4529969692
Epoch duration: 95.7738149166

Epoch 114/1000
Epoch training duration: 14.1064479351
Train	AUC[ROC]: 0.997607	AUC[PR]: 0.273667
Val	AUC[ROC]: 0.956375	AUC[PR]: 0.105131
Epoch evaluation duration: 81.3575460911
Epoch duration: 95.4639940262

Epoch 115/1000
Epoch training duration: 14.3179419041
Train	AUC[ROC]: 0.997692	AUC[PR]: 0.276417
Val	AUC[ROC]: 0.953444	AUC[PR]: 0.111824
Epoch evaluation duration: 81.8764770031
Epoch duration: 96.1944189072

Epoch 116/1000
Epoch training duration: 14.2336270809
Train	AUC[ROC]: 0.997549	AUC[PR]: 0.278188
Val	AUC[ROC]: 0.947584	AUC[PR]: 0.104853
Epoch evaluation duration: 81.439250946
Epoch duration: 95.672878027

Epoch 117/1000
Epoch training duration: 14.2729530334
Train	AUC[ROC]: 0.997699	AUC[PR]: 0.286686
Val	AUC[ROC]: 0.952153	AUC[PR]: 0.123715
Epoch evaluation duration: 80.9917581081
Epoch duration: 95.2647111416

Epoch 118/1000
Epoch training duration: 13.9560480118
Train	AUC[ROC]: 0.997730	AUC[PR]: 0.284899
Val	AUC[ROC]: 0.958307	AUC[PR]: 0.106478
Epoch evaluation duration: 81.6246638298
Epoch duration: 95.5807118416

Epoch 119/1000
Epoch training duration: 14.1042590141
Train	AUC[ROC]: 0.997630	AUC[PR]: 0.272660
Val	AUC[ROC]: 0.953086	AUC[PR]: 0.115873
Epoch evaluation duration: 81.2965669632
Epoch duration: 95.4008259773

Epoch 120/1000
Epoch training duration: 14.0746731758
Train	AUC[ROC]: 0.997707	AUC[PR]: 0.270513
Val	AUC[ROC]: 0.959281	AUC[PR]: 0.093810
Epoch evaluation duration: 80.9786248207
Epoch duration: 95.0532979965

Epoch 121/1000
Epoch training duration: 14.5085492134
Train	AUC[ROC]: 0.997816	AUC[PR]: 0.289359
Val	AUC[ROC]: 0.951626	AUC[PR]: 0.106563
Epoch evaluation duration: 80.9004099369
Epoch duration: 95.4089591503

Epoch 122/1000
Epoch training duration: 14.1341438293
Train	AUC[ROC]: 0.997705	AUC[PR]: 0.276769
Val	AUC[ROC]: 0.957569	AUC[PR]: 0.110732
Epoch evaluation duration: 81.545664072
Epoch duration: 95.6798079014

Epoch 123/1000
Epoch training duration: 14.4002079964
Train	AUC[ROC]: 0.997693	AUC[PR]: 0.280727
Val	AUC[ROC]: 0.961951	AUC[PR]: 0.100330
Epoch evaluation duration: 82.455837965
Epoch duration: 96.8560459614

Epoch 124/1000
Epoch training duration: 14.1436581612
Train	AUC[ROC]: 0.997803	AUC[PR]: 0.286370
Val	AUC[ROC]: 0.956714	AUC[PR]: 0.110521
Epoch evaluation duration: 81.5010240078
Epoch duration: 95.644682169

Epoch 125/1000
Epoch training duration: 14.1442120075
Train	AUC[ROC]: 0.997678	AUC[PR]: 0.272331
Val	AUC[ROC]: 0.956827	AUC[PR]: 0.090910
Epoch evaluation duration: 81.8336548805
Epoch duration: 95.977866888

Epoch 126/1000
Epoch training duration: 14.1843619347
Train	AUC[ROC]: 0.997756	AUC[PR]: 0.285925
Val	AUC[ROC]: 0.959652	AUC[PR]: 0.110043
Epoch evaluation duration: 81.088973999
Epoch duration: 95.2733359337

Epoch 127/1000
Epoch training duration: 14.3026871681
Train	AUC[ROC]: 0.997622	AUC[PR]: 0.267524
Val	AUC[ROC]: 0.959928	AUC[PR]: 0.094615
Epoch evaluation duration: 81.4427068233
Epoch duration: 95.7453939915

Epoch 128/1000
Epoch training duration: 14.0036242008
Train	AUC[ROC]: 0.997802	AUC[PR]: 0.281254
Val	AUC[ROC]: 0.959757	AUC[PR]: 0.109829
Epoch evaluation duration: 81.6846609116
Epoch duration: 95.6882851124

Epoch 129/1000
Epoch training duration: 14.0394120216
Train	AUC[ROC]: 0.997762	AUC[PR]: 0.276767
Val	AUC[ROC]: 0.958786	AUC[PR]: 0.106405
Epoch evaluation duration: 81.4387278557
Epoch duration: 95.4781398773

Epoch 130/1000
Epoch training duration: 13.9808280468
Train	AUC[ROC]: 0.997821	AUC[PR]: 0.295776
Val	AUC[ROC]: 0.958152	AUC[PR]: 0.127911
Epoch evaluation duration: 81.6618480682
Epoch duration: 95.642676115

Epoch 131/1000
Epoch training duration: 14.1060380936
Train	AUC[ROC]: 0.997770	AUC[PR]: 0.279669
Val	AUC[ROC]: 0.961061	AUC[PR]: 0.105599
Epoch evaluation duration: 81.387693882
Epoch duration: 95.4937319756

Epoch 132/1000
Epoch training duration: 14.4817020893
Train	AUC[ROC]: 0.997684	AUC[PR]: 0.272211
Val	AUC[ROC]: 0.960191	AUC[PR]: 0.104137
Epoch evaluation duration: 80.8505749702
Epoch duration: 95.3322770596

Epoch 133/1000
Epoch training duration: 14.3255000114
Train	AUC[ROC]: 0.997688	AUC[PR]: 0.282170
Val	AUC[ROC]: 0.956717	AUC[PR]: 0.101907
Epoch evaluation duration: 80.8065018654
Epoch duration: 95.1320018768

Epoch 134/1000
Epoch training duration: 14.6464450359
Train	AUC[ROC]: 0.997785	AUC[PR]: 0.282567
Val	AUC[ROC]: 0.953960	AUC[PR]: 0.101887
Epoch evaluation duration: 81.0237050056
Epoch duration: 95.6701500416

Epoch 135/1000
Epoch training duration: 14.2014529705
Train	AUC[ROC]: 0.997729	AUC[PR]: 0.277798
Val	AUC[ROC]: 0.954907	AUC[PR]: 0.110804
Epoch evaluation duration: 81.4570741653
Epoch duration: 95.6585271358

Epoch 136/1000
Epoch training duration: 14.1375398636
Train	AUC[ROC]: 0.997747	AUC[PR]: 0.277278
Val	AUC[ROC]: 0.959284	AUC[PR]: 0.099249
Epoch evaluation duration: 81.2954330444
Epoch duration: 95.432972908

Epoch 137/1000
Epoch training duration: 14.8284699917
Train	AUC[ROC]: 0.997798	AUC[PR]: 0.286760
Val	AUC[ROC]: 0.957009	AUC[PR]: 0.114066
Epoch evaluation duration: 81.6085169315
Epoch duration: 96.4369869232

Epoch 138/1000
Epoch training duration: 14.5314400196
Train	AUC[ROC]: 0.997743	AUC[PR]: 0.282243
Val	AUC[ROC]: 0.959630	AUC[PR]: 0.105188
Epoch evaluation duration: 81.3779740334
Epoch duration: 95.909414053

Epoch 139/1000
Epoch training duration: 14.2794680595
Train	AUC[ROC]: 0.997657	AUC[PR]: 0.280125
Val	AUC[ROC]: 0.958859	AUC[PR]: 0.110850
Epoch evaluation duration: 69.7407619953
Epoch duration: 84.0202300549

Epoch 140/1000
Epoch training duration: 12.0736908913
Train	AUC[ROC]: 0.997851	AUC[PR]: 0.287579
Val	AUC[ROC]: 0.955809	AUC[PR]: 0.107907
Epoch evaluation duration: 69.563352108
Epoch duration: 81.6370429993

Epoch 141/1000
Epoch training duration: 14.1439130306
Train	AUC[ROC]: 0.997677	AUC[PR]: 0.277438
Val	AUC[ROC]: 0.964797	AUC[PR]: 0.098818
Epoch evaluation duration: 81.8771920204
Epoch duration: 96.021105051

Epoch 142/1000
Epoch training duration: 14.152094841
Train	AUC[ROC]: 0.997766	AUC[PR]: 0.284713
Val	AUC[ROC]: 0.952715	AUC[PR]: 0.101135
Epoch evaluation duration: 81.9538021088
Epoch duration: 96.1058969498

Epoch 143/1000
Epoch training duration: 14.191617012
Train	AUC[ROC]: 0.997812	AUC[PR]: 0.278686
Val	AUC[ROC]: 0.955411	AUC[PR]: 0.108399
Epoch evaluation duration: 81.3568139076
Epoch duration: 95.5484309196

Epoch 144/1000
Epoch training duration: 14.0540339947
Train	AUC[ROC]: 0.997798	AUC[PR]: 0.280876
Val	AUC[ROC]: 0.961207	AUC[PR]: 0.103859
Epoch evaluation duration: 81.4590530396
Epoch duration: 95.5130870342

Epoch 145/1000
Epoch training duration: 14.4246349335
Train	AUC[ROC]: 0.997710	AUC[PR]: 0.280395
Val	AUC[ROC]: 0.956819	AUC[PR]: 0.098214
Epoch evaluation duration: 74.46017313
Epoch duration: 88.8848080635

Epoch 146/1000
Epoch training duration: 12.171298027
Train	AUC[ROC]: 0.997745	AUC[PR]: 0.282610
Val	AUC[ROC]: 0.956916	AUC[PR]: 0.100086
Epoch evaluation duration: 70.6085510254
Epoch duration: 82.7798490524

Epoch 147/1000
Epoch training duration: 14.3313009739
Train	AUC[ROC]: 0.997725	AUC[PR]: 0.264003
Val	AUC[ROC]: 0.953636	AUC[PR]: 0.085756
Epoch evaluation duration: 82.0776388645
Epoch duration: 96.4089398384

Epoch 148/1000
Epoch training duration: 14.2551641464
Train	AUC[ROC]: 0.997876	AUC[PR]: 0.298161
Val	AUC[ROC]: 0.963398	AUC[PR]: 0.124804
Epoch evaluation duration: 82.230992794
Epoch duration: 96.4861569405

Epoch 149/1000
Epoch training duration: 14.121527195
Train	AUC[ROC]: 0.997815	AUC[PR]: 0.287640
Val	AUC[ROC]: 0.954524	AUC[PR]: 0.100052
Epoch evaluation duration: 81.49269104
Epoch duration: 95.614218235

Epoch 150/1000
Epoch training duration: 14.3900229931
Train	AUC[ROC]: 0.997765	AUC[PR]: 0.279200
Val	AUC[ROC]: 0.961170	AUC[PR]: 0.108245
Epoch evaluation duration: 82.3152189255
Epoch duration: 96.7052419186

Epoch 151/1000
Epoch training duration: 14.0202350616
Train	AUC[ROC]: 0.997901	AUC[PR]: 0.287114
Val	AUC[ROC]: 0.959045	AUC[PR]: 0.110816
Epoch evaluation duration: 81.9974668026
Epoch duration: 96.0177018642

Epoch 152/1000
Epoch training duration: 14.2636771202
Train	AUC[ROC]: 0.997724	AUC[PR]: 0.287743
Val	AUC[ROC]: 0.963143	AUC[PR]: 0.102238
Epoch evaluation duration: 81.7076780796
Epoch duration: 95.9713551998

Epoch 153/1000
Epoch training duration: 14.2519669533
Train	AUC[ROC]: 0.997865	AUC[PR]: 0.286283
Val	AUC[ROC]: 0.959024	AUC[PR]: 0.110561
Epoch evaluation duration: 81.4409320354
Epoch duration: 95.6928989887

Epoch 154/1000
Epoch training duration: 14.403097868
Train	AUC[ROC]: 0.997757	AUC[PR]: 0.279200
Val	AUC[ROC]: 0.958090	AUC[PR]: 0.096911
Epoch evaluation duration: 81.1898541451
Epoch duration: 95.592952013

Epoch 155/1000
Epoch training duration: 14.3191609383
Train	AUC[ROC]: 0.997836	AUC[PR]: 0.280692
Val	AUC[ROC]: 0.955935	AUC[PR]: 0.099924
Epoch evaluation duration: 81.9325380325
Epoch duration: 96.2516989708

Epoch 156/1000
Epoch training duration: 14.3479809761
Train	AUC[ROC]: 0.997864	AUC[PR]: 0.293196
Val	AUC[ROC]: 0.959108	AUC[PR]: 0.106406
Epoch evaluation duration: 80.9061348438
Epoch duration: 95.2541158199

Epoch 157/1000
Epoch training duration: 14.5519831181
Train	AUC[ROC]: 0.997817	AUC[PR]: 0.286502
Val	AUC[ROC]: 0.956916	AUC[PR]: 0.100223
Epoch evaluation duration: 81.4924869537
Epoch duration: 96.0444700718

Epoch 158/1000
Epoch training duration: 14.0233340263
Train	AUC[ROC]: 0.997785	AUC[PR]: 0.280656
Val	AUC[ROC]: 0.957465	AUC[PR]: 0.099452
Epoch evaluation duration: 82.1793129444
Epoch duration: 96.2026469707

Epoch 159/1000
Epoch training duration: 13.7601890564
Train	AUC[ROC]: 0.997807	AUC[PR]: 0.279789
Val	AUC[ROC]: 0.952706	AUC[PR]: 0.095903
Epoch evaluation duration: 81.5095779896
Epoch duration: 95.269767046

Epoch 160/1000
Epoch training duration: 14.0907559395
Train	AUC[ROC]: 0.997914	AUC[PR]: 0.293969
Val	AUC[ROC]: 0.958336	AUC[PR]: 0.096286
Epoch evaluation duration: 81.5787630081
Epoch duration: 95.6695189476

Epoch 161/1000
Epoch training duration: 14.1253430843
Train	AUC[ROC]: 0.997850	AUC[PR]: 0.289756
Val	AUC[ROC]: 0.956931	AUC[PR]: 0.103101
Epoch evaluation duration: 81.4742929935
Epoch duration: 95.5996360779

Epoch 162/1000
Epoch training duration: 14.2130300999
Train	AUC[ROC]: 0.997829	AUC[PR]: 0.288131
Val	AUC[ROC]: 0.962061	AUC[PR]: 0.099471
Epoch evaluation duration: 80.6312139034
Epoch duration: 94.8442440033

Epoch 163/1000
Epoch training duration: 14.4629199505
Train	AUC[ROC]: 0.997809	AUC[PR]: 0.287473
Val	AUC[ROC]: 0.956621	AUC[PR]: 0.102836
Epoch evaluation duration: 82.5325651169
Epoch duration: 96.9954850674

Epoch 164/1000
Epoch training duration: 14.1050078869
Train	AUC[ROC]: 0.997714	AUC[PR]: 0.291910
Val	AUC[ROC]: 0.958280	AUC[PR]: 0.100214
Epoch evaluation duration: 81.3806610107
Epoch duration: 95.4856688976

Epoch 165/1000
Epoch training duration: 14.294793129
Train	AUC[ROC]: 0.997829	AUC[PR]: 0.286504
Val	AUC[ROC]: 0.953027	AUC[PR]: 0.092785
Epoch evaluation duration: 81.5525169373
Epoch duration: 95.8473100662

Epoch 166/1000
Epoch training duration: 13.969326973
Train	AUC[ROC]: 0.997772	AUC[PR]: 0.288461
Val	AUC[ROC]: 0.960580	AUC[PR]: 0.108477
Epoch evaluation duration: 81.791779995
Epoch duration: 95.7611069679

Epoch 167/1000
Epoch training duration: 14.3737828732
Train	AUC[ROC]: 0.997811	AUC[PR]: 0.286442
Val	AUC[ROC]: 0.950182	AUC[PR]: 0.105514
Epoch evaluation duration: 82.1940381527
Epoch duration: 96.5678210258

Epoch 168/1000
Epoch training duration: 14.1820008755
Train	AUC[ROC]: 0.997845	AUC[PR]: 0.286309
Val	AUC[ROC]: 0.960113	AUC[PR]: 0.105367
Epoch evaluation duration: 81.8323590755
Epoch duration: 96.014359951

Epoch 169/1000
Epoch training duration: 14.1471281052
Train	AUC[ROC]: 0.997741	AUC[PR]: 0.290450
Val	AUC[ROC]: 0.960696	AUC[PR]: 0.109495
Epoch evaluation duration: 81.4703388214
Epoch duration: 95.6174669266

Epoch 170/1000
Epoch training duration: 14.2145590782
Train	AUC[ROC]: 0.997882	AUC[PR]: 0.291569
Val	AUC[ROC]: 0.949704	AUC[PR]: 0.106407
Epoch evaluation duration: 81.3478739262
Epoch duration: 95.5624330044

Epoch 171/1000
Epoch training duration: 14.1476311684
Train	AUC[ROC]: 0.997789	AUC[PR]: 0.283912
Val	AUC[ROC]: 0.959157	AUC[PR]: 0.095080
Epoch evaluation duration: 81.3927659988
Epoch duration: 95.5403971672

Epoch 172/1000
Epoch training duration: 14.2347238064
Train	AUC[ROC]: 0.997893	AUC[PR]: 0.290071
Val	AUC[ROC]: 0.960091	AUC[PR]: 0.102045
Epoch evaluation duration: 82.0859560966
Epoch duration: 96.320679903

Epoch 173/1000
Epoch training duration: 14.2682290077
Train	AUC[ROC]: 0.997808	AUC[PR]: 0.283670
Val	AUC[ROC]: 0.958102	AUC[PR]: 0.106192
Epoch evaluation duration: 81.6515130997
Epoch duration: 95.9197421074

Epoch 174/1000
Epoch training duration: 14.3332228661
Train	AUC[ROC]: 0.997867	AUC[PR]: 0.286302
Val	AUC[ROC]: 0.957639	AUC[PR]: 0.104308
Epoch evaluation duration: 81.690415144
Epoch duration: 96.02363801

Epoch 175/1000
Epoch training duration: 14.2610919476
Train	AUC[ROC]: 0.997918	AUC[PR]: 0.293240
Val	AUC[ROC]: 0.957690	AUC[PR]: 0.106386
Epoch evaluation duration: 81.671407938
Epoch duration: 95.9324998856

Epoch 176/1000
Epoch training duration: 14.5501499176
Train	AUC[ROC]: 0.997843	AUC[PR]: 0.290049
Val	AUC[ROC]: 0.958686	AUC[PR]: 0.100185
Epoch evaluation duration: 81.671569109
Epoch duration: 96.2217190266

Epoch 177/1000
Epoch training duration: 14.3338758945
Train	AUC[ROC]: 0.997891	AUC[PR]: 0.297082
Val	AUC[ROC]: 0.960114	AUC[PR]: 0.107982
Epoch evaluation duration: 82.0333161354
Epoch duration: 96.36719203

Epoch 178/1000
Epoch training duration: 14.1620590687
Train	AUC[ROC]: 0.997856	AUC[PR]: 0.289789
Val	AUC[ROC]: 0.957059	AUC[PR]: 0.107210
Epoch evaluation duration: 81.6282169819
Epoch duration: 95.7902760506

Epoch 179/1000
Epoch training duration: 14.2478158474
Train	AUC[ROC]: 0.997809	AUC[PR]: 0.283917
Val	AUC[ROC]: 0.952870	AUC[PR]: 0.103351
Epoch evaluation duration: 81.6949400902
Epoch duration: 95.9427559376

Epoch 180/1000
Epoch training duration: 14.0361049175
Train	AUC[ROC]: 0.997881	AUC[PR]: 0.283400
Val	AUC[ROC]: 0.966716	AUC[PR]: 0.108919
Epoch evaluation duration: 81.947081089
Epoch duration: 95.9831860065

Epoch 181/1000
Epoch training duration: 14.1741900444
Train	AUC[ROC]: 0.997885	AUC[PR]: 0.287848
Val	AUC[ROC]: 0.963521	AUC[PR]: 0.100582
Epoch evaluation duration: 81.387706995
Epoch duration: 95.5618970394

Epoch 182/1000
Epoch training duration: 14.1698379517
Train	AUC[ROC]: 0.997926	AUC[PR]: 0.292578
Val	AUC[ROC]: 0.958060	AUC[PR]: 0.103457
Epoch evaluation duration: 81.1726679802
Epoch duration: 95.3425059319

Epoch 183/1000
Epoch training duration: 14.1781260967
Train	AUC[ROC]: 0.997887	AUC[PR]: 0.287358
Val	AUC[ROC]: 0.958955	AUC[PR]: 0.109223
Epoch evaluation duration: 81.7125937939
Epoch duration: 95.8907198906

Epoch 184/1000
Epoch training duration: 14.1973190308
Train	AUC[ROC]: 0.997781	AUC[PR]: 0.283827
Val	AUC[ROC]: 0.961250	AUC[PR]: 0.103119
Epoch evaluation duration: 81.2424020767
Epoch duration: 95.4397211075

Epoch 185/1000
Epoch training duration: 14.3175880909
Train	AUC[ROC]: 0.997960	AUC[PR]: 0.294516
Val	AUC[ROC]: 0.958243	AUC[PR]: 0.105631
Epoch evaluation duration: 82.4729878902
Epoch duration: 96.7905759811

Epoch 186/1000
Epoch training duration: 14.2468600273
Train	AUC[ROC]: 0.997992	AUC[PR]: 0.299194
Val	AUC[ROC]: 0.957698	AUC[PR]: 0.106067
Epoch evaluation duration: 81.0962560177
Epoch duration: 95.343116045

Epoch 187/1000
Epoch training duration: 14.1215269566
Train	AUC[ROC]: 0.997883	AUC[PR]: 0.290478
Val	AUC[ROC]: 0.958098	AUC[PR]: 0.101945
Epoch evaluation duration: 81.8277220726
Epoch duration: 95.9492490292

Epoch 188/1000
Epoch training duration: 14.1811509132
Train	AUC[ROC]: 0.997936	AUC[PR]: 0.290363
Val	AUC[ROC]: 0.955901	AUC[PR]: 0.111546
Epoch evaluation duration: 81.376652956
Epoch duration: 95.5578038692

Epoch 189/1000
Epoch training duration: 14.3428251743
Train	AUC[ROC]: 0.997902	AUC[PR]: 0.287120
Val	AUC[ROC]: 0.958278	AUC[PR]: 0.098275
Epoch evaluation duration: 81.5391488075
Epoch duration: 95.8819739819

Epoch 190/1000
Epoch training duration: 14.6051590443
Train	AUC[ROC]: 0.997913	AUC[PR]: 0.291062
Val	AUC[ROC]: 0.961374	AUC[PR]: 0.114061
Epoch evaluation duration: 81.237705946
Epoch duration: 95.8428649902

Epoch 191/1000
Epoch training duration: 14.1234681606
Train	AUC[ROC]: 0.997957	AUC[PR]: 0.289111
Val	AUC[ROC]: 0.958509	AUC[PR]: 0.096198
Epoch evaluation duration: 81.7260398865
Epoch duration: 95.8495080471

Epoch 192/1000
Epoch training duration: 14.2599711418
Train	AUC[ROC]: 0.997895	AUC[PR]: 0.284820
Val	AUC[ROC]: 0.957307	AUC[PR]: 0.093972
Epoch evaluation duration: 81.5380330086
Epoch duration: 95.7980041504

Epoch 193/1000
Epoch training duration: 14.1968269348
Train	AUC[ROC]: 0.997885	AUC[PR]: 0.282323
Val	AUC[ROC]: 0.960561	AUC[PR]: 0.101296
Epoch evaluation duration: 81.2896959782
Epoch duration: 95.486522913

Epoch 194/1000
Epoch training duration: 14.063076973
Train	AUC[ROC]: 0.997865	AUC[PR]: 0.279585
Val	AUC[ROC]: 0.954932	AUC[PR]: 0.090419
Epoch evaluation duration: 81.5353341103
Epoch duration: 95.5984110832

Epoch 195/1000
Epoch training duration: 14.2715129852
Train	AUC[ROC]: 0.997928	AUC[PR]: 0.288095
Val	AUC[ROC]: 0.958398	AUC[PR]: 0.091142
Epoch evaluation duration: 81.0014338493
Epoch duration: 95.2729468346

Epoch 196/1000
Epoch training duration: 14.3841650486
Train	AUC[ROC]: 0.998018	AUC[PR]: 0.293686
Val	AUC[ROC]: 0.954664	AUC[PR]: 0.103566
Epoch evaluation duration: 80.9995980263
Epoch duration: 95.3837630749

Epoch 197/1000
Epoch training duration: 14.0980699062
Train	AUC[ROC]: 0.997911	AUC[PR]: 0.286377
Val	AUC[ROC]: 0.957436	AUC[PR]: 0.106884
Epoch evaluation duration: 81.522495985
Epoch duration: 95.6205658913

Epoch 198/1000
Epoch training duration: 14.1847751141
Train	AUC[ROC]: 0.997880	AUC[PR]: 0.286147
Val	AUC[ROC]: 0.956355	AUC[PR]: 0.095765
Epoch evaluation duration: 81.1550819874
Epoch duration: 95.3398571014

Epoch 199/1000
Epoch training duration: 13.9711859226
Train	AUC[ROC]: 0.997944	AUC[PR]: 0.287649
Val	AUC[ROC]: 0.956144	AUC[PR]: 0.102713
Epoch evaluation duration: 81.5659899712
Epoch duration: 95.5371758938

Epoch 200/1000
Epoch training duration: 14.2612991333
Train	AUC[ROC]: 0.997925	AUC[PR]: 0.301513
Val	AUC[ROC]: 0.952027	AUC[PR]: 0.104745
Epoch evaluation duration: 81.7640900612
Epoch duration: 96.0253891945

Epoch 201/1000
Epoch training duration: 14.2732918262
Train	AUC[ROC]: 0.997872	AUC[PR]: 0.290437
Val	AUC[ROC]: 0.957023	AUC[PR]: 0.100320
Epoch evaluation duration: 81.5217311382
Epoch duration: 95.7950229645

Epoch 202/1000
Epoch training duration: 14.0823688507
Train	AUC[ROC]: 0.997923	AUC[PR]: 0.287897
Val	AUC[ROC]: 0.959470	AUC[PR]: 0.103230
Epoch evaluation duration: 80.881278038
Epoch duration: 94.9636468887

Epoch 203/1000
Epoch training duration: 14.3014309406
Train	AUC[ROC]: 0.997936	AUC[PR]: 0.293915
Val	AUC[ROC]: 0.951436	AUC[PR]: 0.102718
Epoch evaluation duration: 82.255243063
Epoch duration: 96.5566740036

Epoch 204/1000
Epoch training duration: 14.0812261105
Train	AUC[ROC]: 0.997970	AUC[PR]: 0.292672
Val	AUC[ROC]: 0.955682	AUC[PR]: 0.108283
Epoch evaluation duration: 81.5770230293
Epoch duration: 95.6582491398

Epoch 205/1000
Epoch training duration: 14.1491129398
Train	AUC[ROC]: 0.997963	AUC[PR]: 0.295464
Val	AUC[ROC]: 0.959376	AUC[PR]: 0.118385
Epoch evaluation duration: 81.1056010723
Epoch duration: 95.2547140121

Epoch 206/1000
Epoch training duration: 14.1946079731
Train	AUC[ROC]: 0.997952	AUC[PR]: 0.297599
Val	AUC[ROC]: 0.950831	AUC[PR]: 0.102314
Epoch evaluation duration: 80.7826468945
Epoch duration: 94.9772548676

Epoch 207/1000
Epoch training duration: 14.2772591114
Train	AUC[ROC]: 0.997913	AUC[PR]: 0.293465
Val	AUC[ROC]: 0.954125	AUC[PR]: 0.105684
Epoch evaluation duration: 81.0709910393
Epoch duration: 95.3482501507

Epoch 208/1000
Epoch training duration: 14.6041898727
Train	AUC[ROC]: 0.997967	AUC[PR]: 0.293222
Val	AUC[ROC]: 0.958884	AUC[PR]: 0.110187
Epoch evaluation duration: 81.1521229744
Epoch duration: 95.7563128471

Epoch 209/1000
Epoch training duration: 14.2059540749
Train	AUC[ROC]: 0.998023	AUC[PR]: 0.303111
Val	AUC[ROC]: 0.959576	AUC[PR]: 0.108384
Epoch evaluation duration: 81.7648148537
Epoch duration: 95.9707689285

Epoch 210/1000
Epoch training duration: 14.3089120388
Train	AUC[ROC]: 0.997980	AUC[PR]: 0.296401
Val	AUC[ROC]: 0.961263	AUC[PR]: 0.110473
Epoch evaluation duration: 81.5873041153
Epoch duration: 95.8962161541

Epoch 211/1000
Epoch training duration: 13.988973856
Train	AUC[ROC]: 0.997935	AUC[PR]: 0.292967
Val	AUC[ROC]: 0.957300	AUC[PR]: 0.096479
Epoch evaluation duration: 81.5804760456
Epoch duration: 95.5694499016

Epoch 212/1000
Epoch training duration: 14.0007181168
Train	AUC[ROC]: 0.998034	AUC[PR]: 0.300205
Val	AUC[ROC]: 0.963622	AUC[PR]: 0.111179
Epoch evaluation duration: 81.2334728241
Epoch duration: 95.2341909409

Epoch 213/1000
Epoch training duration: 14.1574680805
Train	AUC[ROC]: 0.998012	AUC[PR]: 0.293728
Val	AUC[ROC]: 0.960625	AUC[PR]: 0.098044
Epoch evaluation duration: 81.2862451077
Epoch duration: 95.4437131882

Epoch 214/1000
Epoch training duration: 14.482131958
Train	AUC[ROC]: 0.997968	AUC[PR]: 0.298216
Val	AUC[ROC]: 0.955338	AUC[PR]: 0.110167
Epoch evaluation duration: 81.4851169586
Epoch duration: 95.9672489166

Epoch 215/1000
Epoch training duration: 14.0718460083
Train	AUC[ROC]: 0.997966	AUC[PR]: 0.287582
Val	AUC[ROC]: 0.962572	AUC[PR]: 0.104409
Epoch evaluation duration: 81.6634459496
Epoch duration: 95.7352919579

Epoch 216/1000
Epoch training duration: 14.0402851105
Train	AUC[ROC]: 0.998004	AUC[PR]: 0.297351
Val	AUC[ROC]: 0.962120	AUC[PR]: 0.116860
Epoch evaluation duration: 82.2151620388
Epoch duration: 96.2554471493

Epoch 217/1000
Epoch training duration: 13.9227209091
Train	AUC[ROC]: 0.997936	AUC[PR]: 0.290171
Val	AUC[ROC]: 0.958663	AUC[PR]: 0.103887
Epoch evaluation duration: 81.2606589794
Epoch duration: 95.1833798885

Epoch 218/1000
Epoch training duration: 14.0318229198
Train	AUC[ROC]: 0.997945	AUC[PR]: 0.290707
Val	AUC[ROC]: 0.962247	AUC[PR]: 0.094770
Epoch evaluation duration: 81.4433450699
Epoch duration: 95.4751679897

Epoch 219/1000
Epoch training duration: 13.9691839218
Train	AUC[ROC]: 0.997987	AUC[PR]: 0.299697
Val	AUC[ROC]: 0.965528	AUC[PR]: 0.107954
Epoch evaluation duration: 81.4773390293
Epoch duration: 95.4465229511

Epoch 220/1000
Epoch training duration: 14.348031044
Train	AUC[ROC]: 0.997815	AUC[PR]: 0.283569
Val	AUC[ROC]: 0.955449	AUC[PR]: 0.086983
Epoch evaluation duration: 81.5100491047
Epoch duration: 95.8580801487

Epoch 221/1000
Epoch training duration: 14.3758239746
Train	AUC[ROC]: 0.997927	AUC[PR]: 0.293170
Val	AUC[ROC]: 0.955305	AUC[PR]: 0.108019
Epoch evaluation duration: 81.1983380318
Epoch duration: 95.5741620064

Epoch 222/1000
Epoch training duration: 13.9532978535
Train	AUC[ROC]: 0.997989	AUC[PR]: 0.293730
Val	AUC[ROC]: 0.961688	AUC[PR]: 0.104489
Epoch evaluation duration: 81.5162680149
Epoch duration: 95.4695658684

Epoch 223/1000
Epoch training duration: 14.1603889465
Train	AUC[ROC]: 0.997945	AUC[PR]: 0.283932
Val	AUC[ROC]: 0.960043	AUC[PR]: 0.104908
Epoch evaluation duration: 82.1120359898
Epoch duration: 96.2724249363

Epoch 224/1000
Epoch training duration: 14.0152840614
Train	AUC[ROC]: 0.997984	AUC[PR]: 0.294460
Val	AUC[ROC]: 0.960737	AUC[PR]: 0.102404
Epoch evaluation duration: 81.5074951649
Epoch duration: 95.5227792263

Epoch 225/1000
Epoch training duration: 14.3798418045
Train	AUC[ROC]: 0.997968	AUC[PR]: 0.290031
Val	AUC[ROC]: 0.960932	AUC[PR]: 0.099361
Epoch evaluation duration: 81.3868970871
Epoch duration: 95.7667388916

Epoch 226/1000
Epoch training duration: 14.364413023
Train	AUC[ROC]: 0.997966	AUC[PR]: 0.285240
Val	AUC[ROC]: 0.954658	AUC[PR]: 0.092098
Epoch evaluation duration: 81.1709549427
Epoch duration: 95.5353679657

Epoch 227/1000
Epoch training duration: 14.42582798
Train	AUC[ROC]: 0.997952	AUC[PR]: 0.288441
Val	AUC[ROC]: 0.961460	AUC[PR]: 0.103624
Epoch evaluation duration: 81.6283910275
Epoch duration: 96.0542190075

Epoch 228/1000
Epoch training duration: 13.86054492
Train	AUC[ROC]: 0.997971	AUC[PR]: 0.296758
Val	AUC[ROC]: 0.959437	AUC[PR]: 0.104044
Epoch evaluation duration: 81.5548260212
Epoch duration: 95.4153709412

Epoch 229/1000
Epoch training duration: 14.0557370186
Train	AUC[ROC]: 0.997921	AUC[PR]: 0.287160
Val	AUC[ROC]: 0.965560	AUC[PR]: 0.105161
Epoch evaluation duration: 82.8635721207
Epoch duration: 96.9193091393

Epoch 230/1000
Epoch training duration: 14.143640995
Train	AUC[ROC]: 0.997978	AUC[PR]: 0.303157
Val	AUC[ROC]: 0.962598	AUC[PR]: 0.102039
Epoch evaluation duration: 80.9949810505
Epoch duration: 95.1386220455

Epoch 231/1000
Epoch training duration: 14.1493098736
Train	AUC[ROC]: 0.997957	AUC[PR]: 0.299226
Val	AUC[ROC]: 0.960892	AUC[PR]: 0.105911
Epoch evaluation duration: 81.5901141167
Epoch duration: 95.7394239902

Epoch 232/1000
Epoch training duration: 14.1875879765
Train	AUC[ROC]: 0.997974	AUC[PR]: 0.290923
Val	AUC[ROC]: 0.959183	AUC[PR]: 0.092743
Epoch evaluation duration: 81.2792518139
Epoch duration: 95.4668397903

Epoch 233/1000
Epoch training duration: 14.2420802116
Train	AUC[ROC]: 0.998007	AUC[PR]: 0.303576
Val	AUC[ROC]: 0.960130	AUC[PR]: 0.108334
Epoch evaluation duration: 81.5223999023
Epoch duration: 95.764480114

Epoch 234/1000
Epoch training duration: 14.245016098
Train	AUC[ROC]: 0.997976	AUC[PR]: 0.297774
Val	AUC[ROC]: 0.957125	AUC[PR]: 0.101156
Epoch evaluation duration: 81.5654578209
Epoch duration: 95.8104739189

Epoch 235/1000
Epoch training duration: 14.2632131577
Train	AUC[ROC]: 0.997984	AUC[PR]: 0.292948
Val	AUC[ROC]: 0.962745	AUC[PR]: 0.100343
Epoch evaluation duration: 81.4501588345
Epoch duration: 95.7133719921

Epoch 236/1000
Epoch training duration: 14.2746450901
Train	AUC[ROC]: 0.998041	AUC[PR]: 0.299718
Val	AUC[ROC]: 0.965322	AUC[PR]: 0.108717
Epoch evaluation duration: 81.0765869617
Epoch duration: 95.3512320518

Epoch 237/1000
Epoch training duration: 14.3878190517
Train	AUC[ROC]: 0.998018	AUC[PR]: 0.305497
Val	AUC[ROC]: 0.963474	AUC[PR]: 0.102051
Epoch evaluation duration: 81.6995899677
Epoch duration: 96.0874090195

Epoch 238/1000
Epoch training duration: 14.1015479565
Train	AUC[ROC]: 0.997915	AUC[PR]: 0.290384
Val	AUC[ROC]: 0.959350	AUC[PR]: 0.101727
Epoch evaluation duration: 82.0088059902
Epoch duration: 96.1103539467

Epoch 239/1000
Epoch training duration: 14.0954110622
Train	AUC[ROC]: 0.998027	AUC[PR]: 0.297008
Val	AUC[ROC]: 0.961748	AUC[PR]: 0.099693
Epoch evaluation duration: 81.2465639114
Epoch duration: 95.3419749737

Epoch 240/1000
Epoch training duration: 14.2647311687
Train	AUC[ROC]: 0.997967	AUC[PR]: 0.294872
Val	AUC[ROC]: 0.961437	AUC[PR]: 0.095347
Epoch evaluation duration: 81.1497778893
Epoch duration: 95.414509058

Epoch 241/1000
Epoch training duration: 13.9964010715
Train	AUC[ROC]: 0.998025	AUC[PR]: 0.297468
Val	AUC[ROC]: 0.961635	AUC[PR]: 0.099848
Epoch evaluation duration: 81.780397892
Epoch duration: 95.7767989635

Epoch 242/1000
Epoch training duration: 13.9995760918
Train	AUC[ROC]: 0.998007	AUC[PR]: 0.291516
Val	AUC[ROC]: 0.964350	AUC[PR]: 0.093239
Epoch evaluation duration: 82.6129930019
Epoch duration: 96.6125690937

Epoch 243/1000
Epoch training duration: 13.7984099388
Train	AUC[ROC]: 0.997998	AUC[PR]: 0.291029
Val	AUC[ROC]: 0.957750	AUC[PR]: 0.092150
Epoch evaluation duration: 81.8756110668
Epoch duration: 95.6740210056

Epoch 244/1000
Epoch training duration: 13.8418998718
Train	AUC[ROC]: 0.997992	AUC[PR]: 0.285581
Val	AUC[ROC]: 0.959861	AUC[PR]: 0.096297
Epoch evaluation duration: 81.3648340702
Epoch duration: 95.206733942

Epoch 245/1000
Epoch training duration: 14.1301159859
Train	AUC[ROC]: 0.997939	AUC[PR]: 0.283137
Val	AUC[ROC]: 0.956251	AUC[PR]: 0.094045
Epoch evaluation duration: 81.4179420471
Epoch duration: 95.548058033

Epoch 246/1000
Epoch training duration: 14.4481539726
Train	AUC[ROC]: 0.998019	AUC[PR]: 0.297685
Val	AUC[ROC]: 0.960816	AUC[PR]: 0.107129
Epoch evaluation duration: 81.1474061012
Epoch duration: 95.5955600739

Epoch 247/1000
Epoch training duration: 14.3638148308
Train	AUC[ROC]: 0.997977	AUC[PR]: 0.288673
Val	AUC[ROC]: 0.963161	AUC[PR]: 0.090953
Epoch evaluation duration: 81.4153590202
Epoch duration: 95.779173851

Epoch 248/1000
Epoch training duration: 14.1298351288
Train	AUC[ROC]: 0.997968	AUC[PR]: 0.293143
Val	AUC[ROC]: 0.958526	AUC[PR]: 0.098047
Epoch evaluation duration: 81.8123879433
Epoch duration: 95.9422230721

Epoch 249/1000
Epoch training duration: 13.9920918941
Train	AUC[ROC]: 0.997917	AUC[PR]: 0.288417
Val	AUC[ROC]: 0.958715	AUC[PR]: 0.091807
Epoch evaluation duration: 81.8360850811
Epoch duration: 95.8281769753

Epoch 250/1000
Epoch training duration: 13.9715180397
Train	AUC[ROC]: 0.997965	AUC[PR]: 0.288931
Val	AUC[ROC]: 0.959102	AUC[PR]: 0.096439
Epoch evaluation duration: 81.6457180977
Epoch duration: 95.6172361374

Epoch 251/1000
Epoch training duration: 14.164883852
Train	AUC[ROC]: 0.998025	AUC[PR]: 0.300774
Val	AUC[ROC]: 0.960628	AUC[PR]: 0.099200
Epoch evaluation duration: 80.5147030354
Epoch duration: 94.6795868874

Epoch 252/1000
Epoch training duration: 14.4489378929
Train	AUC[ROC]: 0.998026	AUC[PR]: 0.292383
Val	AUC[ROC]: 0.962987	AUC[PR]: 0.091838
Epoch evaluation duration: 81.6193540096
Epoch duration: 96.0682919025

Epoch 253/1000
Epoch training duration: 14.2081730366
Train	AUC[ROC]: 0.998026	AUC[PR]: 0.297469
Val	AUC[ROC]: 0.961526	AUC[PR]: 0.106383
Epoch evaluation duration: 81.5732190609
Epoch duration: 95.7813920975

Epoch 254/1000
Epoch training duration: 14.24010396
Train	AUC[ROC]: 0.998084	AUC[PR]: 0.308037
Val	AUC[ROC]: 0.957667	AUC[PR]: 0.101201
Epoch evaluation duration: 81.9257440567
Epoch duration: 96.1658480167

Epoch 255/1000
Epoch training duration: 14.0883119106
Train	AUC[ROC]: 0.998053	AUC[PR]: 0.306824
Val	AUC[ROC]: 0.958933	AUC[PR]: 0.091896
Epoch evaluation duration: 82.2393751144
Epoch duration: 96.3276870251

Epoch 256/1000
Epoch training duration: 14.3226399422
Train	AUC[ROC]: 0.998039	AUC[PR]: 0.298749
Val	AUC[ROC]: 0.961737	AUC[PR]: 0.099930
Epoch evaluation duration: 81.3611650467
Epoch duration: 95.6838049889

Epoch 257/1000
Epoch training duration: 14.3273830414
Train	AUC[ROC]: 0.998028	AUC[PR]: 0.294032
Val	AUC[ROC]: 0.960734	AUC[PR]: 0.105550
Epoch evaluation duration: 81.4593839645
Epoch duration: 95.7867670059

Epoch 258/1000
Epoch training duration: 14.070925951
Train	AUC[ROC]: 0.998027	AUC[PR]: 0.296250
Val	AUC[ROC]: 0.959388	AUC[PR]: 0.105857
Epoch evaluation duration: 81.2099120617
Epoch duration: 95.2808380127

Epoch 259/1000
Epoch training duration: 14.5512280464
Train	AUC[ROC]: 0.998004	AUC[PR]: 0.298265
Val	AUC[ROC]: 0.952121	AUC[PR]: 0.103971
Epoch evaluation duration: 81.1566858292
Epoch duration: 95.7079138756

Epoch 260/1000
Epoch training duration: 14.1621279716
Train	AUC[ROC]: 0.998071	AUC[PR]: 0.301474
Val	AUC[ROC]: 0.962787	AUC[PR]: 0.098807
Epoch evaluation duration: 81.2147400379
Epoch duration: 95.3768680096

Epoch 261/1000
Epoch training duration: 14.133728981
Train	AUC[ROC]: 0.998039	AUC[PR]: 0.296368
Val	AUC[ROC]: 0.961549	AUC[PR]: 0.102317
Epoch evaluation duration: 81.2838511467
Epoch duration: 95.4175801277

Epoch 262/1000
Epoch training duration: 14.2441618443
Train	AUC[ROC]: 0.998003	AUC[PR]: 0.297980
Val	AUC[ROC]: 0.957761	AUC[PR]: 0.095167
Epoch evaluation duration: 81.6187031269
Epoch duration: 95.8628649712

Epoch 263/1000
Epoch training duration: 14.0518500805
Train	AUC[ROC]: 0.997959	AUC[PR]: 0.289342
Val	AUC[ROC]: 0.962218	AUC[PR]: 0.097407
Epoch evaluation duration: 81.8746109009
Epoch duration: 95.9264609814

Epoch 264/1000
Epoch training duration: 14.2364070415
Train	AUC[ROC]: 0.998032	AUC[PR]: 0.301158
Val	AUC[ROC]: 0.958440	AUC[PR]: 0.098761
Epoch evaluation duration: 81.2030940056
Epoch duration: 95.4395010471

Epoch 265/1000
Epoch training duration: 14.4941399097
Train	AUC[ROC]: 0.997982	AUC[PR]: 0.290098
Val	AUC[ROC]: 0.955632	AUC[PR]: 0.100663
Epoch evaluation duration: 80.9130511284
Epoch duration: 95.4071910381

Epoch 266/1000
Epoch training duration: 14.067704916
Train	AUC[ROC]: 0.998035	AUC[PR]: 0.302212
Val	AUC[ROC]: 0.962170	AUC[PR]: 0.101569
Epoch evaluation duration: 81.3654980659
Epoch duration: 95.4332029819

Epoch 267/1000
Epoch training duration: 14.083771944
Train	AUC[ROC]: 0.998081	AUC[PR]: 0.307949
Val	AUC[ROC]: 0.962651	AUC[PR]: 0.117330
Epoch evaluation duration: 81.7282419205
Epoch duration: 95.8120138645

Epoch 268/1000
Epoch training duration: 14.1194310188
Train	AUC[ROC]: 0.997992	AUC[PR]: 0.292892
Val	AUC[ROC]: 0.962388	AUC[PR]: 0.091371
Epoch evaluation duration: 81.4481430054
Epoch duration: 95.5675740242

Epoch 269/1000
Epoch training duration: 14.5396609306
Train	AUC[ROC]: 0.998081	AUC[PR]: 0.304621
Val	AUC[ROC]: 0.959897	AUC[PR]: 0.104645
Epoch evaluation duration: 82.1625571251
Epoch duration: 96.7022180557

Epoch 270/1000
Epoch training duration: 13.8906490803
Train	AUC[ROC]: 0.998041	AUC[PR]: 0.296007
Val	AUC[ROC]: 0.956715	AUC[PR]: 0.099037
Epoch evaluation duration: 81.7589578629
Epoch duration: 95.6496069431

Epoch 271/1000
Epoch training duration: 14.2104151249
Train	AUC[ROC]: 0.998041	AUC[PR]: 0.300173
Val	AUC[ROC]: 0.958949	AUC[PR]: 0.108339
Epoch evaluation duration: 80.8280038834
Epoch duration: 95.0384190083

Epoch 272/1000
Epoch training duration: 14.1721849442
Train	AUC[ROC]: 0.997986	AUC[PR]: 0.285416
Val	AUC[ROC]: 0.955622	AUC[PR]: 0.091323
Epoch evaluation duration: 81.1785180569
Epoch duration: 95.350703001

Epoch 273/1000
Epoch training duration: 14.1160769463
Train	AUC[ROC]: 0.998083	AUC[PR]: 0.299512
Val	AUC[ROC]: 0.956260	AUC[PR]: 0.105546
Epoch evaluation duration: 81.7754361629
Epoch duration: 95.8915131092

Epoch 274/1000
Epoch training duration: 13.9526770115
Train	AUC[ROC]: 0.998075	AUC[PR]: 0.306928
Val	AUC[ROC]: 0.956350	AUC[PR]: 0.109927
Epoch evaluation duration: 80.9753890038
Epoch duration: 94.9280660152

Epoch 275/1000
Epoch training duration: 14.2931818962
Train	AUC[ROC]: 0.998037	AUC[PR]: 0.293909
Val	AUC[ROC]: 0.959568	AUC[PR]: 0.103624
Epoch evaluation duration: 81.73350811
Epoch duration: 96.0266900063

Epoch 276/1000
Epoch training duration: 14.2728509903
Train	AUC[ROC]: 0.998018	AUC[PR]: 0.297985
Val	AUC[ROC]: 0.951849	AUC[PR]: 0.101883
Epoch evaluation duration: 81.4073138237
Epoch duration: 95.680164814

Epoch 277/1000
Epoch training duration: 14.2021250725
Train	AUC[ROC]: 0.998088	AUC[PR]: 0.309807
Val	AUC[ROC]: 0.951035	AUC[PR]: 0.107644
Epoch evaluation duration: 81.3444731236
Epoch duration: 95.546598196

Epoch 278/1000
Epoch training duration: 14.4845337868
Train	AUC[ROC]: 0.998014	AUC[PR]: 0.294341
Val	AUC[ROC]: 0.953994	AUC[PR]: 0.098980
Epoch evaluation duration: 81.1510570049
Epoch duration: 95.6355907917

Epoch 279/1000
Epoch training duration: 14.2045731544
Train	AUC[ROC]: 0.998028	AUC[PR]: 0.296274
Val	AUC[ROC]: 0.953083	AUC[PR]: 0.096764
Epoch evaluation duration: 81.4077298641
Epoch duration: 95.6123030186

Epoch 280/1000
Epoch training duration: 14.1655070782
Train	AUC[ROC]: 0.997975	AUC[PR]: 0.290729
Val	AUC[ROC]: 0.954343	AUC[PR]: 0.093061
Epoch evaluation duration: 81.4108400345
Epoch duration: 95.5763471127

Epoch 281/1000
Epoch training duration: 14.1606009007
Train	AUC[ROC]: 0.998023	AUC[PR]: 0.293626
Val	AUC[ROC]: 0.954554	AUC[PR]: 0.093746
Epoch evaluation duration: 81.6168780327
Epoch duration: 95.7774789333

Epoch 282/1000
Epoch training duration: 13.9946670532
Train	AUC[ROC]: 0.998021	AUC[PR]: 0.299151
Val	AUC[ROC]: 0.954810	AUC[PR]: 0.098060
Epoch evaluation duration: 82.4402339458
Epoch duration: 96.4349009991

Epoch 283/1000
Epoch training duration: 14.0705881119
Train	AUC[ROC]: 0.998051	AUC[PR]: 0.302148
Val	AUC[ROC]: 0.956277	AUC[PR]: 0.105112
Epoch evaluation duration: 81.2896449566
Epoch duration: 95.3602330685

Epoch 284/1000
Epoch training duration: 14.5186829567
Train	AUC[ROC]: 0.998055	AUC[PR]: 0.297571
Val	AUC[ROC]: 0.950343	AUC[PR]: 0.099512
Epoch evaluation duration: 80.8196630478
Epoch duration: 95.3383460045

Epoch 285/1000
Epoch training duration: 14.0653610229
Train	AUC[ROC]: 0.998097	AUC[PR]: 0.296996
Val	AUC[ROC]: 0.951994	AUC[PR]: 0.099183
Epoch evaluation duration: 81.0950679779
Epoch duration: 95.1604290009

Epoch 286/1000
Epoch training duration: 14.5142650604
Train	AUC[ROC]: 0.998054	AUC[PR]: 0.300939
Val	AUC[ROC]: 0.951861	AUC[PR]: 0.094230
Epoch evaluation duration: 81.2857699394
Epoch duration: 95.8000349998

Epoch 287/1000
Epoch training duration: 14.3640120029
Train	AUC[ROC]: 0.998026	AUC[PR]: 0.292485
Val	AUC[ROC]: 0.947806	AUC[PR]: 0.103659
Epoch evaluation duration: 81.395786047
Epoch duration: 95.7597980499

Epoch 288/1000
Epoch training duration: 14.3194918633
Train	AUC[ROC]: 0.998017	AUC[PR]: 0.288383
Val	AUC[ROC]: 0.952020	AUC[PR]: 0.089855
Epoch evaluation duration: 80.982517004
Epoch duration: 95.3020088673

Epoch 289/1000
Epoch training duration: 14.1058909893
Train	AUC[ROC]: 0.998049	AUC[PR]: 0.298547
Val	AUC[ROC]: 0.950196	AUC[PR]: 0.092868
Epoch evaluation duration: 81.613255024
Epoch duration: 95.7191460133

Epoch 290/1000
Epoch training duration: 14.4472811222
Train	AUC[ROC]: 0.998045	AUC[PR]: 0.292702
Val	AUC[ROC]: 0.958392	AUC[PR]: 0.098738
Epoch evaluation duration: 80.6729559898
Epoch duration: 95.120237112

Epoch 291/1000
Epoch training duration: 14.2781789303
Train	AUC[ROC]: 0.998064	AUC[PR]: 0.303799
Val	AUC[ROC]: 0.952439	AUC[PR]: 0.102512
Epoch evaluation duration: 81.0372390747
Epoch duration: 95.315418005

Epoch 292/1000
Epoch training duration: 14.1966319084
Train	AUC[ROC]: 0.998051	AUC[PR]: 0.303781
Val	AUC[ROC]: 0.954863	AUC[PR]: 0.101727
Epoch evaluation duration: 82.3960409164
Epoch duration: 96.5926728249

Epoch 293/1000
Epoch training duration: 14.0585331917
Train	AUC[ROC]: 0.998046	AUC[PR]: 0.302893
Val	AUC[ROC]: 0.957256	AUC[PR]: 0.097084
Epoch evaluation duration: 81.414637804
Epoch duration: 95.4731709957

Epoch 294/1000
Epoch training duration: 14.0262951851
Train	AUC[ROC]: 0.998105	AUC[PR]: 0.303519
Val	AUC[ROC]: 0.954097	AUC[PR]: 0.102768
Epoch evaluation duration: 81.2821059227
Epoch duration: 95.3084011078

Epoch 295/1000
Epoch training duration: 14.064647913
Train	AUC[ROC]: 0.998096	AUC[PR]: 0.298598
Val	AUC[ROC]: 0.952783	AUC[PR]: 0.102426
Epoch evaluation duration: 82.2050311565
Epoch duration: 96.2696790695

Epoch 296/1000
Epoch training duration: 14.027381897
Train	AUC[ROC]: 0.998094	AUC[PR]: 0.303703
Val	AUC[ROC]: 0.949375	AUC[PR]: 0.100216
Epoch evaluation duration: 81.0095329285
Epoch duration: 95.0369148254

Epoch 297/1000
Epoch training duration: 14.2729241848
Train	AUC[ROC]: 0.998071	AUC[PR]: 0.296757
Val	AUC[ROC]: 0.954776	AUC[PR]: 0.092408
Epoch evaluation duration: 80.918776989
Epoch duration: 95.1917011738

Epoch 298/1000
Epoch training duration: 14.261526823
Train	AUC[ROC]: 0.998037	AUC[PR]: 0.293911
Val	AUC[ROC]: 0.953776	AUC[PR]: 0.094783
Epoch evaluation duration: 81.5782489777
Epoch duration: 95.8397758007

Epoch 299/1000
Epoch training duration: 14.1186301708
Train	AUC[ROC]: 0.998093	AUC[PR]: 0.304626
Val	AUC[ROC]: 0.955219	AUC[PR]: 0.103861
Epoch evaluation duration: 81.9148910046
Epoch duration: 96.0335211754

Epoch 300/1000
Epoch training duration: 14.0274999142
Train	AUC[ROC]: 0.998059	AUC[PR]: 0.297789
Val	AUC[ROC]: 0.952548	AUC[PR]: 0.094421
Epoch evaluation duration: 81.4390830994
Epoch duration: 95.4665830135

Epoch 301/1000
Epoch training duration: 14.1072068214
Train	AUC[ROC]: 0.998060	AUC[PR]: 0.296323
Val	AUC[ROC]: 0.950961	AUC[PR]: 0.093681
Epoch evaluation duration: 82.2312860489
Epoch duration: 96.3384928703

Epoch 302/1000
Epoch training duration: 14.2035851479
Train	AUC[ROC]: 0.998077	AUC[PR]: 0.302775
Val	AUC[ROC]: 0.951281	AUC[PR]: 0.109034
Epoch evaluation duration: 81.1340198517
Epoch duration: 95.3376049995

Epoch 303/1000
Epoch training duration: 14.1056940556
Train	AUC[ROC]: 0.998074	AUC[PR]: 0.304337
Val	AUC[ROC]: 0.951834	AUC[PR]: 0.098733
Epoch evaluation duration: 81.4122149944
Epoch duration: 95.51790905

Epoch 304/1000
Epoch training duration: 14.3979299068
Train	AUC[ROC]: 0.998096	AUC[PR]: 0.304416
Val	AUC[ROC]: 0.947822	AUC[PR]: 0.102795
Epoch evaluation duration: 81.4350161552
Epoch duration: 95.8329460621

Epoch 305/1000
Epoch training duration: 14.3126978874
Train	AUC[ROC]: 0.998072	AUC[PR]: 0.299157
Val	AUC[ROC]: 0.946313	AUC[PR]: 0.098764
Epoch evaluation duration: 81.5603480339
Epoch duration: 95.8730459213

Epoch 306/1000
Epoch training duration: 14.1333649158
Train	AUC[ROC]: 0.998061	AUC[PR]: 0.291143
Val	AUC[ROC]: 0.950394	AUC[PR]: 0.099609
Epoch evaluation duration: 80.9977040291
Epoch duration: 95.1310689449

Epoch 307/1000
Epoch training duration: 14.2176921368
Train	AUC[ROC]: 0.998092	AUC[PR]: 0.299296
Val	AUC[ROC]: 0.952605	AUC[PR]: 0.096028
Epoch evaluation duration: 81.2593309879
Epoch duration: 95.4770231247

Epoch 308/1000
Epoch training duration: 14.2222490311
Train	AUC[ROC]: 0.998071	AUC[PR]: 0.303133
Val	AUC[ROC]: 0.948286	AUC[PR]: 0.103778
Epoch evaluation duration: 82.1148169041
Epoch duration: 96.3370659351

Epoch 309/1000
Epoch training duration: 14.117454052
Train	AUC[ROC]: 0.998062	AUC[PR]: 0.302279
Val	AUC[ROC]: 0.945384	AUC[PR]: 0.088930
Epoch evaluation duration: 81.0450558662
Epoch duration: 95.1625099182

Epoch 310/1000
Epoch training duration: 14.4253461361
Train	AUC[ROC]: 0.998043	AUC[PR]: 0.301001
Val	AUC[ROC]: 0.944505	AUC[PR]: 0.099799
Epoch evaluation duration: 80.8525528908
Epoch duration: 95.2778990269

Epoch 311/1000
Epoch training duration: 14.2912631035
Train	AUC[ROC]: 0.998061	AUC[PR]: 0.299397
Val	AUC[ROC]: 0.953431	AUC[PR]: 0.093973
Epoch evaluation duration: 81.875674963
Epoch duration: 96.1669380665

Epoch 312/1000
Epoch training duration: 14.090775013
Train	AUC[ROC]: 0.998071	AUC[PR]: 0.295156
Val	AUC[ROC]: 0.947965	AUC[PR]: 0.089269
Epoch evaluation duration: 81.5081250668
Epoch duration: 95.5989000797

Epoch 313/1000
Epoch training duration: 14.1669738293
Train	AUC[ROC]: 0.998063	AUC[PR]: 0.301611
Val	AUC[ROC]: 0.952466	AUC[PR]: 0.103378
Epoch evaluation duration: 81.0023369789
Epoch duration: 95.1693108082

Epoch 314/1000
Epoch training duration: 14.1055190563
Train	AUC[ROC]: 0.998036	AUC[PR]: 0.300145
Val	AUC[ROC]: 0.948606	AUC[PR]: 0.112277
Epoch evaluation duration: 80.797932148
Epoch duration: 94.9034512043

Epoch 315/1000
Epoch training duration: 14.3076488972
Train	AUC[ROC]: 0.998055	AUC[PR]: 0.294532
Val	AUC[ROC]: 0.954356	AUC[PR]: 0.096283
Epoch evaluation duration: 80.4038159847
Epoch duration: 94.7114648819

Epoch 316/1000
Epoch training duration: 14.6056799889
Train	AUC[ROC]: 0.998098	AUC[PR]: 0.305292
Val	AUC[ROC]: 0.948299	AUC[PR]: 0.092006
Epoch evaluation duration: 80.5020580292
Epoch duration: 95.107738018

Epoch 317/1000
Epoch training duration: 14.3287389278
Train	AUC[ROC]: 0.998070	AUC[PR]: 0.302518
Val	AUC[ROC]: 0.951241	AUC[PR]: 0.090090
Epoch evaluation duration: 81.3007371426
Epoch duration: 95.6294760704

Epoch 318/1000
Epoch training duration: 14.2981729507
Train	AUC[ROC]: 0.998069	AUC[PR]: 0.302624
Val	AUC[ROC]: 0.947167	AUC[PR]: 0.091930
Epoch evaluation duration: 81.7400619984
Epoch duration: 96.0382349491

Epoch 319/1000
Epoch training duration: 13.9620859623
Train	AUC[ROC]: 0.998120	AUC[PR]: 0.300631
Val	AUC[ROC]: 0.952615	AUC[PR]: 0.093741
Epoch evaluation duration: 82.0652449131
Epoch duration: 96.0273308754

Epoch 320/1000
Epoch training duration: 14.1094231606
Train	AUC[ROC]: 0.998078	AUC[PR]: 0.298932
Val	AUC[ROC]: 0.948266	AUC[PR]: 0.099452
Epoch evaluation duration: 81.4067080021
Epoch duration: 95.5161311626

Epoch 321/1000
Epoch training duration: 14.0172569752
Train	AUC[ROC]: 0.998069	AUC[PR]: 0.304769
Val	AUC[ROC]: 0.946908	AUC[PR]: 0.093243
Epoch evaluation duration: 82.4238040447
Epoch duration: 96.4410610199

Epoch 322/1000
Epoch training duration: 14.1168119907
Train	AUC[ROC]: 0.998037	AUC[PR]: 0.292147
Val	AUC[ROC]: 0.946123	AUC[PR]: 0.094797
Epoch evaluation duration: 81.5470788479
Epoch duration: 95.6638908386

Epoch 323/1000
Epoch training duration: 14.0434191227
Train	AUC[ROC]: 0.998099	AUC[PR]: 0.311519
Val	AUC[ROC]: 0.953110	AUC[PR]: 0.096361
Epoch evaluation duration: 82.298625946
Epoch duration: 96.3420450687

Epoch 324/1000
Epoch training duration: 13.9837760925
Train	AUC[ROC]: 0.998074	AUC[PR]: 0.306027
Val	AUC[ROC]: 0.946372	AUC[PR]: 0.096314
Epoch evaluation duration: 80.85232687
Epoch duration: 94.8361029625

Epoch 325/1000
Epoch training duration: 14.1326081753
Train	AUC[ROC]: 0.998094	AUC[PR]: 0.309628
Val	AUC[ROC]: 0.946428	AUC[PR]: 0.100286
Epoch evaluation duration: 81.3338198662
Epoch duration: 95.4664280415

Epoch 326/1000
Epoch training duration: 14.159637928
Train	AUC[ROC]: 0.998113	AUC[PR]: 0.304304
Val	AUC[ROC]: 0.951951	AUC[PR]: 0.100528
Epoch evaluation duration: 81.3981251717
Epoch duration: 95.5577630997

Epoch 327/1000
Epoch training duration: 14.3274970055
Train	AUC[ROC]: 0.998091	AUC[PR]: 0.298260
Val	AUC[ROC]: 0.946873	AUC[PR]: 0.097363
Epoch evaluation duration: 81.5058119297
Epoch duration: 95.8333089352

Epoch 328/1000
Epoch training duration: 14.1483540535
Train	AUC[ROC]: 0.998081	AUC[PR]: 0.300647
Val	AUC[ROC]: 0.944563	AUC[PR]: 0.089329
Epoch evaluation duration: 80.894906044
Epoch duration: 95.0432600975

Epoch 329/1000
Epoch training duration: 14.5351319313
Train	AUC[ROC]: 0.998046	AUC[PR]: 0.298967
Val	AUC[ROC]: 0.949648	AUC[PR]: 0.090553
Epoch evaluation duration: 81.2793009281
Epoch duration: 95.8144328594

Epoch 330/1000
Epoch training duration: 14.0593109131
Train	AUC[ROC]: 0.998068	AUC[PR]: 0.304952
Val	AUC[ROC]: 0.950825	AUC[PR]: 0.092225
Epoch evaluation duration: 81.3335101604
Epoch duration: 95.3928210735

Epoch 331/1000
Epoch training duration: 14.2283830643
Train	AUC[ROC]: 0.998069	AUC[PR]: 0.298148
Val	AUC[ROC]: 0.953114	AUC[PR]: 0.100877
Epoch evaluation duration: 81.6522688866
Epoch duration: 95.8806519508

Epoch 332/1000
Epoch training duration: 14.2853679657
Train	AUC[ROC]: 0.998089	AUC[PR]: 0.299250
Val	AUC[ROC]: 0.947804	AUC[PR]: 0.097475
Epoch evaluation duration: 81.5263171196
Epoch duration: 95.8116850853

Epoch 333/1000
Epoch training duration: 14.2958409786
Train	AUC[ROC]: 0.998057	AUC[PR]: 0.297706
Val	AUC[ROC]: 0.950415	AUC[PR]: 0.090717
Epoch evaluation duration: 81.3660700321
Epoch duration: 95.6619110107

Epoch 334/1000
Epoch training duration: 14.5093297958
Train	AUC[ROC]: 0.998048	AUC[PR]: 0.301957
Val	AUC[ROC]: 0.950502	AUC[PR]: 0.102110
Epoch evaluation duration: 75.9633710384
Epoch duration: 90.4727008343

Epoch 335/1000
Epoch training duration: 13.1636610031
Train	AUC[ROC]: 0.998063	AUC[PR]: 0.300937
Val	AUC[ROC]: 0.950713	AUC[PR]: 0.096917
Epoch evaluation duration: 70.1150810719
Epoch duration: 83.278742075

Epoch 336/1000
Epoch training duration: 14.2570550442
Train	AUC[ROC]: 0.998085	AUC[PR]: 0.294731
Val	AUC[ROC]: 0.953608	AUC[PR]: 0.094467
Epoch evaluation duration: 81.8344068527
Epoch duration: 96.0914618969

Epoch 337/1000
Epoch training duration: 14.1791181564
Train	AUC[ROC]: 0.998033	AUC[PR]: 0.291612
Val	AUC[ROC]: 0.946464	AUC[PR]: 0.089913
Epoch evaluation duration: 81.798060894
Epoch duration: 95.9771790504

Epoch 338/1000
Epoch training duration: 14.3406040668
Train	AUC[ROC]: 0.998053	AUC[PR]: 0.297132
Val	AUC[ROC]: 0.948610	AUC[PR]: 0.093866
Epoch evaluation duration: 81.5832788944
Epoch duration: 95.9238829613

Epoch 339/1000
Epoch training duration: 14.1390850544
Train	AUC[ROC]: 0.998091	AUC[PR]: 0.301826
Val	AUC[ROC]: 0.950003	AUC[PR]: 0.097886
Epoch evaluation duration: 81.8380241394
Epoch duration: 95.9771091938

Epoch 340/1000
Epoch training duration: 14.2158257961
Train	AUC[ROC]: 0.998107	AUC[PR]: 0.306151
Val	AUC[ROC]: 0.950272	AUC[PR]: 0.101954
Epoch evaluation duration: 81.0660982132
Epoch duration: 95.2819240093

Epoch 341/1000
Epoch training duration: 14.721668005
Train	AUC[ROC]: 0.998105	AUC[PR]: 0.301762
Val	AUC[ROC]: 0.955324	AUC[PR]: 0.093234
Epoch evaluation duration: 81.3590419292
Epoch duration: 96.0807099342

Epoch 342/1000
Epoch training duration: 14.2501728535
Train	AUC[ROC]: 0.998080	AUC[PR]: 0.294488
Val	AUC[ROC]: 0.952625	AUC[PR]: 0.093152
Epoch evaluation duration: 81.828690052
Epoch duration: 96.0788629055

Epoch 343/1000
Epoch training duration: 14.461097002
Train	AUC[ROC]: 0.998138	AUC[PR]: 0.316175
Val	AUC[ROC]: 0.956223	AUC[PR]: 0.110097
Epoch evaluation duration: 81.5243661404
Epoch duration: 95.9854631424

Epoch 344/1000
Epoch training duration: 14.2666649818
Train	AUC[ROC]: 0.998136	AUC[PR]: 0.301833
Val	AUC[ROC]: 0.951870	AUC[PR]: 0.099259
Epoch evaluation duration: 81.644961834
Epoch duration: 95.9116268158

Epoch 345/1000
Epoch training duration: 13.9880931377
Train	AUC[ROC]: 0.998073	AUC[PR]: 0.300411
Val	AUC[ROC]: 0.954481	AUC[PR]: 0.100144
Epoch evaluation duration: 81.8819680214
Epoch duration: 95.8700611591

Epoch 346/1000
Epoch training duration: 14.3689749241
Train	AUC[ROC]: 0.998123	AUC[PR]: 0.306823
Val	AUC[ROC]: 0.951412	AUC[PR]: 0.097029
Epoch evaluation duration: 81.0026640892
Epoch duration: 95.3716390133

Epoch 347/1000
Epoch training duration: 14.3020579815
Train	AUC[ROC]: 0.998115	AUC[PR]: 0.307199
Val	AUC[ROC]: 0.950883	AUC[PR]: 0.097511
Epoch evaluation duration: 80.9040908813
Epoch duration: 95.2061488628

Epoch 348/1000
Epoch training duration: 14.4194631577
Train	AUC[ROC]: 0.998155	AUC[PR]: 0.309950
Val	AUC[ROC]: 0.944766	AUC[PR]: 0.096679
Epoch evaluation duration: 82.7192289829
Epoch duration: 97.1386921406

Epoch 349/1000
Epoch training duration: 14.0399568081
Train	AUC[ROC]: 0.998008	AUC[PR]: 0.306653
Val	AUC[ROC]: 0.946000	AUC[PR]: 0.098108
Epoch evaluation duration: 81.8478300571
Epoch duration: 95.8877868652

Epoch 350/1000
Epoch training duration: 14.1070029736
Train	AUC[ROC]: 0.998138	AUC[PR]: 0.309453
Val	AUC[ROC]: 0.947437	AUC[PR]: 0.101572
Epoch evaluation duration: 81.4285590649
Epoch duration: 95.5355620384

Epoch 351/1000
Epoch training duration: 13.9387381077
Train	AUC[ROC]: 0.998103	AUC[PR]: 0.299874
Val	AUC[ROC]: 0.949657	AUC[PR]: 0.090384
Epoch evaluation duration: 81.1523118019
Epoch duration: 95.0910499096

Epoch 352/1000
Epoch training duration: 14.3012990952
Train	AUC[ROC]: 0.998072	AUC[PR]: 0.310493
Val	AUC[ROC]: 0.951539	AUC[PR]: 0.100513
Epoch evaluation duration: 81.2828390598
Epoch duration: 95.584138155

Epoch 353/1000
Epoch training duration: 14.3784298897
Train	AUC[ROC]: 0.998070	AUC[PR]: 0.297371
Val	AUC[ROC]: 0.947275	AUC[PR]: 0.093812
Epoch evaluation duration: 81.1474840641
Epoch duration: 95.5259139538

Epoch 354/1000
Epoch training duration: 14.3008840084
Train	AUC[ROC]: 0.998107	AUC[PR]: 0.295125
Val	AUC[ROC]: 0.956886	AUC[PR]: 0.092360
Epoch evaluation duration: 81.3548789024
Epoch duration: 95.6557629108

Epoch 355/1000
Epoch training duration: 14.0461120605
Train	AUC[ROC]: 0.998143	AUC[PR]: 0.309954
Val	AUC[ROC]: 0.950394	AUC[PR]: 0.108118
Epoch evaluation duration: 81.9141719341
Epoch duration: 95.9602839947

Epoch 356/1000
Epoch training duration: 14.2140460014
Train	AUC[ROC]: 0.998117	AUC[PR]: 0.300608
Val	AUC[ROC]: 0.948652	AUC[PR]: 0.095251
Epoch evaluation duration: 81.6544029713
Epoch duration: 95.8684489727

Epoch 357/1000
Epoch training duration: 14.1855790615
Train	AUC[ROC]: 0.998107	AUC[PR]: 0.310214
Val	AUC[ROC]: 0.945675	AUC[PR]: 0.096481
Epoch evaluation duration: 81.167979002
Epoch duration: 95.3535580635

Epoch 358/1000
Epoch training duration: 14.5104660988
Train	AUC[ROC]: 0.998099	AUC[PR]: 0.301367
Val	AUC[ROC]: 0.946935	AUC[PR]: 0.093928
Epoch evaluation duration: 81.3050310612
Epoch duration: 95.81549716

Epoch 359/1000
Epoch training duration: 14.070884943
Train	AUC[ROC]: 0.998123	AUC[PR]: 0.307420
Val	AUC[ROC]: 0.952307	AUC[PR]: 0.108336
Epoch evaluation duration: 80.8917019367
Epoch duration: 94.9625868797

Epoch 360/1000
Epoch training duration: 14.372549057
Train	AUC[ROC]: 0.998117	AUC[PR]: 0.305020
Val	AUC[ROC]: 0.951672	AUC[PR]: 0.095309
Epoch evaluation duration: 81.4330039024
Epoch duration: 95.8055529594

Epoch 361/1000
Epoch training duration: 14.2254469395
Train	AUC[ROC]: 0.998079	AUC[PR]: 0.306660
Val	AUC[ROC]: 0.949638	AUC[PR]: 0.101393
Epoch evaluation duration: 82.3156330585
Epoch duration: 96.541079998

Epoch 362/1000
Epoch training duration: 14.0006129742
Train	AUC[ROC]: 0.998045	AUC[PR]: 0.297538
Val	AUC[ROC]: 0.944875	AUC[PR]: 0.098122
Epoch evaluation duration: 81.097645998
Epoch duration: 95.0982589722

Epoch 363/1000
Epoch training duration: 14.5377280712
Train	AUC[ROC]: 0.998126	AUC[PR]: 0.307224
Val	AUC[ROC]: 0.953879	AUC[PR]: 0.103579
Epoch evaluation duration: 81.1326460838
Epoch duration: 95.670374155

Epoch 364/1000
Epoch training duration: 14.1303358078
Train	AUC[ROC]: 0.997939	AUC[PR]: 0.293985
Val	AUC[ROC]: 0.952634	AUC[PR]: 0.089563
Epoch evaluation duration: 81.8442242146
Epoch duration: 95.9745600224

Epoch 365/1000
Epoch training duration: 14.3103239536
Train	AUC[ROC]: 0.998006	AUC[PR]: 0.293585
Val	AUC[ROC]: 0.948984	AUC[PR]: 0.089216
Epoch evaluation duration: 81.0661308765
Epoch duration: 95.3764548302

Epoch 366/1000
Epoch training duration: 14.4543421268
Train	AUC[ROC]: 0.998126	AUC[PR]: 0.311987
Val	AUC[ROC]: 0.953999	AUC[PR]: 0.098233
Epoch evaluation duration: 81.1909458637
Epoch duration: 95.6452879906

Epoch 367/1000
Epoch training duration: 14.1389241219
Train	AUC[ROC]: 0.998079	AUC[PR]: 0.303629
Val	AUC[ROC]: 0.956598	AUC[PR]: 0.094173
Epoch evaluation duration: 81.1983499527
Epoch duration: 95.3372740746

Epoch 368/1000
Epoch training duration: 14.0768020153
Train	AUC[ROC]: 0.998139	AUC[PR]: 0.306003
Val	AUC[ROC]: 0.952096	AUC[PR]: 0.096824
Epoch evaluation duration: 81.6693429947
Epoch duration: 95.74614501

Epoch 369/1000
Epoch training duration: 14.1214160919
Train	AUC[ROC]: 0.998135	AUC[PR]: 0.303791
Val	AUC[ROC]: 0.948481	AUC[PR]: 0.094789
Epoch evaluation duration: 81.3704168797
Epoch duration: 95.4918329716

Epoch 370/1000
Epoch training duration: 14.1503539085
Train	AUC[ROC]: 0.998123	AUC[PR]: 0.305393
Val	AUC[ROC]: 0.953036	AUC[PR]: 0.100135
Epoch evaluation duration: 81.6121151447
Epoch duration: 95.7624690533

Epoch 371/1000
Epoch training duration: 14.2062420845
Train	AUC[ROC]: 0.998125	AUC[PR]: 0.306283
Val	AUC[ROC]: 0.953266	AUC[PR]: 0.098289
Epoch evaluation duration: 81.2886869907
Epoch duration: 95.4949290752

Epoch 372/1000
Epoch training duration: 14.4847738743
Train	AUC[ROC]: 0.998090	AUC[PR]: 0.298800
Val	AUC[ROC]: 0.949616	AUC[PR]: 0.092236
Epoch evaluation duration: 80.9057629108
Epoch duration: 95.3905367851

Epoch 373/1000
Epoch training duration: 14.2147960663
Train	AUC[ROC]: 0.998097	AUC[PR]: 0.303663
Val	AUC[ROC]: 0.954571	AUC[PR]: 0.101547
Epoch evaluation duration: 77.2577280998
Epoch duration: 91.4725241661

Epoch 374/1000
Epoch training duration: 14.0645060539
Train	AUC[ROC]: 0.998120	AUC[PR]: 0.307056
Val	AUC[ROC]: 0.952644	AUC[PR]: 0.094129
Epoch evaluation duration: 108.539865971
Epoch duration: 122.604372025

Epoch 375/1000
Epoch training duration: 16.6773428917
Train	AUC[ROC]: 0.998154	AUC[PR]: 0.312743
Val	AUC[ROC]: 0.949300	AUC[PR]: 0.105810
Epoch evaluation duration: 103.403829098
Epoch duration: 120.081171989

Epoch 376/1000
Epoch training duration: 16.4782679081
Train	AUC[ROC]: 0.998038	AUC[PR]: 0.295841
Val	AUC[ROC]: 0.950270	AUC[PR]: 0.088703
Epoch evaluation duration: 102.9179461
Epoch duration: 119.396214008

Epoch 377/1000
Epoch training duration: 17.0484440327
Train	AUC[ROC]: 0.998124	AUC[PR]: 0.301674
Val	AUC[ROC]: 0.953271	AUC[PR]: 0.092022
Epoch evaluation duration: 103.166404963
Epoch duration: 120.214848995

Epoch 378/1000
Epoch training duration: 17.0108759403
Train	AUC[ROC]: 0.998104	AUC[PR]: 0.298817
Val	AUC[ROC]: 0.948020	AUC[PR]: 0.089114
Epoch evaluation duration: 103.100224972
Epoch duration: 120.111100912

Epoch 379/1000
Epoch training duration: 16.7580420971
Train	AUC[ROC]: 0.998128	AUC[PR]: 0.310218
Val	AUC[ROC]: 0.954240	AUC[PR]: 0.099609
Epoch evaluation duration: 107.147468805
Epoch duration: 123.905510902

Epoch 380/1000
Epoch training duration: 17.2595660686
Train	AUC[ROC]: 0.998083	AUC[PR]: 0.302605
Val	AUC[ROC]: 0.955918	AUC[PR]: 0.090065
Epoch evaluation duration: 103.285400152
Epoch duration: 120.544966221

Epoch 381/1000
Epoch training duration: 16.8720049858
Train	AUC[ROC]: 0.998091	AUC[PR]: 0.300762
Val	AUC[ROC]: 0.951622	AUC[PR]: 0.089750
Epoch evaluation duration: 103.304066896
Epoch duration: 120.176071882

train precision: 0.283399845171
train roc: 0.997880536834
train hit: 442.0 out of 444.0

val precision: 0.108919449607
val roc: 0.966715666224
val hit: 30.0 out of 55.0

test precision: 0.0592699560322
test roc: 0.900538142959
test hit: 24.0 out of 55.0

ratio: 0.02, EF: 28.1818181818,	active: 55.0
ratio: 0.02, NEF: 0.563636363636
ratio: 0.01, EF: 43.6363636364,	active: 55.0
ratio: 0.01, NEF: 0.436363636364
ratio: 0.0015, EF: 84.8484848485,	active: 55.0
ratio: 0.0015, NEF: 0.127272727273
ratio: 0.001, EF: 90.9090909091,	active: 55.0
ratio: 0.001, NEF: 0.119047619048

