label_name_list  [u'PriA-SSB AS Activity', u'PriA-SSB AS % inhibition (Primary Median)']
train files  ['../datasets/keck_pria/fold_0.csv' '../datasets/keck_pria/fold_1.csv'
 '../datasets/keck_pria/fold_4.csv' '../datasets/keck_pria/fold_5.csv'
 '../datasets/keck_pria/fold_6.csv' '../datasets/keck_pria/fold_7.csv']
val files  ['../datasets/keck_pria/fold_2.csv']
test files  ['../datasets/keck_pria/fold_3.csv']
done data preparation
Sample Weight	 [2.56375000e+04 1.70916667e+04 6.74671053e+03 ... 2.11199440e+01
 2.11199440e+01 2.09012718e+01]
Epoch 1/1000
Epoch training duration: 6.31522202492
Train	AUC[ROC]: 0.888273	AUC[PR]: 0.046507
Val	AUC[ROC]: 0.825204	AUC[PR]: 0.047901
Epoch evaluation duration: 28.1636829376
Epoch duration: 34.4789049625

Epoch 2/1000
Epoch training duration: 6.19004607201
Train	AUC[ROC]: 0.942702	AUC[PR]: 0.122671
Val	AUC[ROC]: 0.827865	AUC[PR]: 0.139219
Epoch evaluation duration: 31.3713409901
Epoch duration: 37.5613870621

Epoch 3/1000
Epoch training duration: 6.76677393913
Train	AUC[ROC]: 0.950925	AUC[PR]: 0.108826
Val	AUC[ROC]: 0.828811	AUC[PR]: 0.085136
Epoch evaluation duration: 30.7708389759
Epoch duration: 37.537612915

Epoch 4/1000
Epoch training duration: 5.82482004166
Train	AUC[ROC]: 0.964807	AUC[PR]: 0.072051
Val	AUC[ROC]: 0.850573	AUC[PR]: 0.052565
Epoch evaluation duration: 29.8768529892
Epoch duration: 35.7016730309

Epoch 5/1000
Epoch training duration: 6.79475808144
Train	AUC[ROC]: 0.979669	AUC[PR]: 0.154161
Val	AUC[ROC]: 0.867645	AUC[PR]: 0.128627
Epoch evaluation duration: 31.6242589951
Epoch duration: 38.4190170765

Epoch 6/1000
Epoch training duration: 6.17422103882
Train	AUC[ROC]: 0.980567	AUC[PR]: 0.128009
Val	AUC[ROC]: 0.860684	AUC[PR]: 0.089462
Epoch evaluation duration: 30.1917638779
Epoch duration: 36.3659849167

Epoch 7/1000
Epoch training duration: 6.31994605064
Train	AUC[ROC]: 0.981251	AUC[PR]: 0.166469
Val	AUC[ROC]: 0.852272	AUC[PR]: 0.105364
Epoch evaluation duration: 29.9099400043
Epoch duration: 36.229886055

Epoch 8/1000
Epoch training duration: 6.29521512985
Train	AUC[ROC]: 0.981108	AUC[PR]: 0.137728
Val	AUC[ROC]: 0.865426	AUC[PR]: 0.065839
Epoch evaluation duration: 28.824764967
Epoch duration: 35.1199800968

Epoch 9/1000
Epoch training duration: 6.27558994293
Train	AUC[ROC]: 0.987214	AUC[PR]: 0.149177
Val	AUC[ROC]: 0.867640	AUC[PR]: 0.089227
Epoch evaluation duration: 28.3553950787
Epoch duration: 34.6309850216

Epoch 10/1000
Epoch training duration: 6.16431283951
Train	AUC[ROC]: 0.990173	AUC[PR]: 0.160409
Val	AUC[ROC]: 0.858741	AUC[PR]: 0.094606
Epoch evaluation duration: 29.8921380043
Epoch duration: 36.0564508438

Epoch 11/1000
Epoch training duration: 6.25729107857
Train	AUC[ROC]: 0.990872	AUC[PR]: 0.179552
Val	AUC[ROC]: 0.872474	AUC[PR]: 0.105235
Epoch evaluation duration: 28.8960309029
Epoch duration: 35.1533219814

Epoch 12/1000
Epoch training duration: 6.76524496078
Train	AUC[ROC]: 0.994184	AUC[PR]: 0.189758
Val	AUC[ROC]: 0.875786	AUC[PR]: 0.114834
Epoch evaluation duration: 28.9974191189
Epoch duration: 35.7626640797

Epoch 13/1000
Epoch training duration: 6.31686306
Train	AUC[ROC]: 0.994389	AUC[PR]: 0.218576
Val	AUC[ROC]: 0.888426	AUC[PR]: 0.113768
Epoch evaluation duration: 30.5815780163
Epoch duration: 36.8984410763

Epoch 14/1000
Epoch training duration: 6.02886795998
Train	AUC[ROC]: 0.994976	AUC[PR]: 0.200937
Val	AUC[ROC]: 0.880897	AUC[PR]: 0.106967
Epoch evaluation duration: 29.4354388714
Epoch duration: 35.4643068314

Epoch 15/1000
Epoch training duration: 6.46357297897
Train	AUC[ROC]: 0.995503	AUC[PR]: 0.234563
Val	AUC[ROC]: 0.895816	AUC[PR]: 0.128937
Epoch evaluation duration: 30.6050891876
Epoch duration: 37.0686621666

Epoch 16/1000
Epoch training duration: 6.31693696976
Train	AUC[ROC]: 0.995092	AUC[PR]: 0.191169
Val	AUC[ROC]: 0.883910	AUC[PR]: 0.106406
Epoch evaluation duration: 31.1544320583
Epoch duration: 37.4713690281

Epoch 17/1000
Epoch training duration: 6.16195678711
Train	AUC[ROC]: 0.995267	AUC[PR]: 0.207217
Val	AUC[ROC]: 0.888262	AUC[PR]: 0.103244
Epoch evaluation duration: 28.706952095
Epoch duration: 34.8689088821

Epoch 18/1000
Epoch training duration: 5.83787989616
Train	AUC[ROC]: 0.995756	AUC[PR]: 0.232770
Val	AUC[ROC]: 0.873525	AUC[PR]: 0.193799
Epoch evaluation duration: 28.8249120712
Epoch duration: 34.6627919674

Epoch 19/1000
Epoch training duration: 5.76100111008
Train	AUC[ROC]: 0.995982	AUC[PR]: 0.217755
Val	AUC[ROC]: 0.902808	AUC[PR]: 0.111621
Epoch evaluation duration: 28.9622929096
Epoch duration: 34.7232940197

Epoch 20/1000
Epoch training duration: 6.73553109169
Train	AUC[ROC]: 0.994662	AUC[PR]: 0.211858
Val	AUC[ROC]: 0.901409	AUC[PR]: 0.104585
Epoch evaluation duration: 31.2128608227
Epoch duration: 37.9483919144

Epoch 21/1000
Epoch training duration: 6.51684117317
Train	AUC[ROC]: 0.994034	AUC[PR]: 0.192756
Val	AUC[ROC]: 0.890817	AUC[PR]: 0.096370
Epoch evaluation duration: 31.1311538219
Epoch duration: 37.6479949951

Epoch 22/1000
Epoch training duration: 5.83943605423
Train	AUC[ROC]: 0.991525	AUC[PR]: 0.155010
Val	AUC[ROC]: 0.869547	AUC[PR]: 0.056208
Epoch evaluation duration: 29.146212101
Epoch duration: 34.9856481552

Epoch 23/1000
Epoch training duration: 6.2086648941
Train	AUC[ROC]: 0.995482	AUC[PR]: 0.203512
Val	AUC[ROC]: 0.885878	AUC[PR]: 0.106738
Epoch evaluation duration: 28.919604063
Epoch duration: 35.1282689571

Epoch 24/1000
Epoch training duration: 5.97406005859
Train	AUC[ROC]: 0.996438	AUC[PR]: 0.236249
Val	AUC[ROC]: 0.904598	AUC[PR]: 0.134836
Epoch evaluation duration: 29.7680180073
Epoch duration: 35.7420780659

Epoch 25/1000
Epoch training duration: 6.3251979351
Train	AUC[ROC]: 0.996196	AUC[PR]: 0.220571
Val	AUC[ROC]: 0.896362	AUC[PR]: 0.129574
Epoch evaluation duration: 29.3028330803
Epoch duration: 35.6280310154

Epoch 26/1000
Epoch training duration: 6.04997992516
Train	AUC[ROC]: 0.996596	AUC[PR]: 0.232234
Val	AUC[ROC]: 0.911116	AUC[PR]: 0.115022
Epoch evaluation duration: 28.9915120602
Epoch duration: 35.0414919853

Epoch 27/1000
Epoch training duration: 6.31797599792
Train	AUC[ROC]: 0.996592	AUC[PR]: 0.234766
Val	AUC[ROC]: 0.902644	AUC[PR]: 0.120496
Epoch evaluation duration: 30.6251659393
Epoch duration: 36.9431419373

Epoch 28/1000
Epoch training duration: 6.08311605453
Train	AUC[ROC]: 0.996296	AUC[PR]: 0.246071
Val	AUC[ROC]: 0.922024	AUC[PR]: 0.130854
Epoch evaluation duration: 30.311964035
Epoch duration: 36.3950800896

Epoch 29/1000
Epoch training duration: 6.2670378685
Train	AUC[ROC]: 0.996511	AUC[PR]: 0.236706
Val	AUC[ROC]: 0.899667	AUC[PR]: 0.114009
Epoch evaluation duration: 29.5564360619
Epoch duration: 35.8234739304

Epoch 30/1000
Epoch training duration: 6.39171600342
Train	AUC[ROC]: 0.996912	AUC[PR]: 0.242948
Val	AUC[ROC]: 0.901734	AUC[PR]: 0.107744
Epoch evaluation duration: 30.3627178669
Epoch duration: 36.7544338703

Epoch 31/1000
Epoch training duration: 6.48881602287
Train	AUC[ROC]: 0.996754	AUC[PR]: 0.234692
Val	AUC[ROC]: 0.916074	AUC[PR]: 0.103819
Epoch evaluation duration: 29.1397590637
Epoch duration: 35.6285750866

Epoch 32/1000
Epoch training duration: 6.12974500656
Train	AUC[ROC]: 0.996912	AUC[PR]: 0.240306
Val	AUC[ROC]: 0.908111	AUC[PR]: 0.129447
Epoch evaluation duration: 27.9786109924
Epoch duration: 34.108355999

Epoch 33/1000
Epoch training duration: 6.32105207443
Train	AUC[ROC]: 0.996834	AUC[PR]: 0.243765
Val	AUC[ROC]: 0.902839	AUC[PR]: 0.106908
Epoch evaluation duration: 28.2892529964
Epoch duration: 34.6103050709

Epoch 34/1000
Epoch training duration: 5.98707890511
Train	AUC[ROC]: 0.997051	AUC[PR]: 0.247340
Val	AUC[ROC]: 0.918155	AUC[PR]: 0.127122
Epoch evaluation duration: 30.0808200836
Epoch duration: 36.0678989887

Epoch 35/1000
Epoch training duration: 6.1409869194
Train	AUC[ROC]: 0.996967	AUC[PR]: 0.241279
Val	AUC[ROC]: 0.908754	AUC[PR]: 0.111494
Epoch evaluation duration: 29.3555381298
Epoch duration: 35.4965250492

Epoch 36/1000
Epoch training duration: 6.21528196335
Train	AUC[ROC]: 0.996889	AUC[PR]: 0.249821
Val	AUC[ROC]: 0.900352	AUC[PR]: 0.131680
Epoch evaluation duration: 29.1146509647
Epoch duration: 35.3299329281

Epoch 37/1000
Epoch training duration: 6.24858188629
Train	AUC[ROC]: 0.996930	AUC[PR]: 0.249439
Val	AUC[ROC]: 0.911424	AUC[PR]: 0.120886
Epoch evaluation duration: 29.9844610691
Epoch duration: 36.2330429554

Epoch 38/1000
Epoch training duration: 6.22628903389
Train	AUC[ROC]: 0.996534	AUC[PR]: 0.224901
Val	AUC[ROC]: 0.915045	AUC[PR]: 0.082821
Epoch evaluation duration: 31.3285059929
Epoch duration: 37.5547950268

Epoch 39/1000
Epoch training duration: 5.9194560051
Train	AUC[ROC]: 0.996765	AUC[PR]: 0.251591
Val	AUC[ROC]: 0.906271	AUC[PR]: 0.112643
Epoch evaluation duration: 29.7996590137
Epoch duration: 35.7191150188

Epoch 40/1000
Epoch training duration: 5.96324896812
Train	AUC[ROC]: 0.996985	AUC[PR]: 0.228941
Val	AUC[ROC]: 0.903726	AUC[PR]: 0.120688
Epoch evaluation duration: 30.060559988
Epoch duration: 36.0238089561

Epoch 41/1000
Epoch training duration: 6.40698194504
Train	AUC[ROC]: 0.996620	AUC[PR]: 0.238677
Val	AUC[ROC]: 0.900259	AUC[PR]: 0.113025
Epoch evaluation duration: 29.0746870041
Epoch duration: 35.4816689491

Epoch 42/1000
Epoch training duration: 5.97948408127
Train	AUC[ROC]: 0.996913	AUC[PR]: 0.236474
Val	AUC[ROC]: 0.906679	AUC[PR]: 0.135325
Epoch evaluation duration: 28.8298408985
Epoch duration: 34.8093249798

Epoch 43/1000
Epoch training duration: 6.36717510223
Train	AUC[ROC]: 0.996996	AUC[PR]: 0.252493
Val	AUC[ROC]: 0.902816	AUC[PR]: 0.124416
Epoch evaluation duration: 28.7501559258
Epoch duration: 35.117331028

Epoch 44/1000
Epoch training duration: 6.27773118019
Train	AUC[ROC]: 0.997180	AUC[PR]: 0.245437
Val	AUC[ROC]: 0.898980	AUC[PR]: 0.107921
Epoch evaluation duration: 29.2709269524
Epoch duration: 35.5486581326

Epoch 45/1000
Epoch training duration: 6.3322429657
Train	AUC[ROC]: 0.997240	AUC[PR]: 0.260941
Val	AUC[ROC]: 0.903294	AUC[PR]: 0.121103
Epoch evaluation duration: 30.4625880718
Epoch duration: 36.7948310375

Epoch 46/1000
Epoch training duration: 6.29022097588
Train	AUC[ROC]: 0.997160	AUC[PR]: 0.244856
Val	AUC[ROC]: 0.902326	AUC[PR]: 0.114092
Epoch evaluation duration: 29.2057788372
Epoch duration: 35.4959998131

Epoch 47/1000
Epoch training duration: 7.00376200676
Train	AUC[ROC]: 0.997458	AUC[PR]: 0.270906
Val	AUC[ROC]: 0.910181	AUC[PR]: 0.119656
Epoch evaluation duration: 30.0228960514
Epoch duration: 37.0266580582

Epoch 48/1000
Epoch training duration: 6.01877903938
Train	AUC[ROC]: 0.997208	AUC[PR]: 0.241145
Val	AUC[ROC]: 0.899773	AUC[PR]: 0.113161
Epoch evaluation duration: 29.5694589615
Epoch duration: 35.5882380009

Epoch 49/1000
Epoch training duration: 6.28680300713
Train	AUC[ROC]: 0.997311	AUC[PR]: 0.260273
Val	AUC[ROC]: 0.900754	AUC[PR]: 0.114440
Epoch evaluation duration: 30.3540420532
Epoch duration: 36.6408450603

Epoch 50/1000
Epoch training duration: 6.14345192909
Train	AUC[ROC]: 0.996964	AUC[PR]: 0.248570
Val	AUC[ROC]: 0.901642	AUC[PR]: 0.120604
Epoch evaluation duration: 29.3864929676
Epoch duration: 35.5299448967

Epoch 51/1000
Epoch training duration: 6.71356606483
Train	AUC[ROC]: 0.996806	AUC[PR]: 0.249039
Val	AUC[ROC]: 0.892093	AUC[PR]: 0.100026
Epoch evaluation duration: 30.1512949467
Epoch duration: 36.8648610115

Epoch 52/1000
Epoch training duration: 6.43124604225
Train	AUC[ROC]: 0.997106	AUC[PR]: 0.253391
Val	AUC[ROC]: 0.897456	AUC[PR]: 0.109875
Epoch evaluation duration: 28.2180390358
Epoch duration: 34.649285078

Epoch 53/1000
Epoch training duration: 5.99177908897
Train	AUC[ROC]: 0.997163	AUC[PR]: 0.254902
Val	AUC[ROC]: 0.916429	AUC[PR]: 0.118446
Epoch evaluation duration: 29.0417478085
Epoch duration: 35.0335268974

Epoch 54/1000
Epoch training duration: 5.96201300621
Train	AUC[ROC]: 0.997183	AUC[PR]: 0.260849
Val	AUC[ROC]: 0.903302	AUC[PR]: 0.131262
Epoch evaluation duration: 29.6556911469
Epoch duration: 35.6177041531

Epoch 55/1000
Epoch training duration: 7.600730896
Train	AUC[ROC]: 0.997210	AUC[PR]: 0.263001
Val	AUC[ROC]: 0.912969	AUC[PR]: 0.129311
Epoch evaluation duration: 31.6382670403
Epoch duration: 39.2389979362

Epoch 56/1000
Epoch training duration: 6.64058208466
Train	AUC[ROC]: 0.997454	AUC[PR]: 0.262524
Val	AUC[ROC]: 0.908724	AUC[PR]: 0.126079
Epoch evaluation duration: 27.9703738689
Epoch duration: 34.6109559536

Epoch 57/1000
Epoch training duration: 6.18595004082
Train	AUC[ROC]: 0.997289	AUC[PR]: 0.263271
Val	AUC[ROC]: 0.913566	AUC[PR]: 0.137151
Epoch evaluation duration: 29.6980350018
Epoch duration: 35.8839850426

Epoch 58/1000
Epoch training duration: 6.38102006912
Train	AUC[ROC]: 0.997326	AUC[PR]: 0.254090
Val	AUC[ROC]: 0.908776	AUC[PR]: 0.122089
Epoch evaluation duration: 29.0249319077
Epoch duration: 35.4059519768

Epoch 59/1000
Epoch training duration: 6.05477905273
Train	AUC[ROC]: 0.997518	AUC[PR]: 0.281391
Val	AUC[ROC]: 0.902867	AUC[PR]: 0.135408
Epoch evaluation duration: 28.1295809746
Epoch duration: 34.1843600273

Epoch 60/1000
Epoch training duration: 5.98084211349
Train	AUC[ROC]: 0.997513	AUC[PR]: 0.270950
Val	AUC[ROC]: 0.909189	AUC[PR]: 0.141983
Epoch evaluation duration: 29.1966187954
Epoch duration: 35.1774609089

Epoch 61/1000
Epoch training duration: 6.34489512444
Train	AUC[ROC]: 0.997543	AUC[PR]: 0.282017
Val	AUC[ROC]: 0.912335	AUC[PR]: 0.153513
Epoch evaluation duration: 31.2169508934
Epoch duration: 37.5618460178

Epoch 62/1000
Epoch training duration: 6.27213311195
Train	AUC[ROC]: 0.997574	AUC[PR]: 0.266699
Val	AUC[ROC]: 0.905962	AUC[PR]: 0.132142
Epoch evaluation duration: 29.7439730167
Epoch duration: 36.0161061287

Epoch 63/1000
Epoch training duration: 5.87795901299
Train	AUC[ROC]: 0.997568	AUC[PR]: 0.261910
Val	AUC[ROC]: 0.908814	AUC[PR]: 0.119347
Epoch evaluation duration: 29.5932059288
Epoch duration: 35.4711649418

Epoch 64/1000
Epoch training duration: 5.51679611206
Train	AUC[ROC]: 0.997574	AUC[PR]: 0.275152
Val	AUC[ROC]: 0.916788	AUC[PR]: 0.131302
Epoch evaluation duration: 29.4707198143
Epoch duration: 34.9875159264

Epoch 65/1000
Epoch training duration: 6.1736869812
Train	AUC[ROC]: 0.997270	AUC[PR]: 0.256725
Val	AUC[ROC]: 0.914388	AUC[PR]: 0.111634
Epoch evaluation duration: 30.1412181854
Epoch duration: 36.3149051666

Epoch 66/1000
Epoch training duration: 5.82999992371
Train	AUC[ROC]: 0.997429	AUC[PR]: 0.270230
Val	AUC[ROC]: 0.912813	AUC[PR]: 0.132436
Epoch evaluation duration: 29.485699892
Epoch duration: 35.3156998158

Epoch 67/1000
Epoch training duration: 6.10805416107
Train	AUC[ROC]: 0.997271	AUC[PR]: 0.255702
Val	AUC[ROC]: 0.911897	AUC[PR]: 0.124755
Epoch evaluation duration: 28.5048308372
Epoch duration: 34.6128849983

Epoch 68/1000
Epoch training duration: 5.58134412766
Train	AUC[ROC]: 0.997553	AUC[PR]: 0.285705
Val	AUC[ROC]: 0.922848	AUC[PR]: 0.149968
Epoch evaluation duration: 29.3488929272
Epoch duration: 34.9302370548

Epoch 69/1000
Epoch training duration: 5.5065870285
Train	AUC[ROC]: 0.997401	AUC[PR]: 0.263605
Val	AUC[ROC]: 0.916408	AUC[PR]: 0.126008
Epoch evaluation duration: 28.5102009773
Epoch duration: 34.0167880058

Epoch 70/1000
Epoch training duration: 5.43791699409
Train	AUC[ROC]: 0.997647	AUC[PR]: 0.280752
Val	AUC[ROC]: 0.918500	AUC[PR]: 0.138246
Epoch evaluation duration: 28.512499094
Epoch duration: 33.9504160881

Epoch 71/1000
Epoch training duration: 5.73730587959
Train	AUC[ROC]: 0.997555	AUC[PR]: 0.273403
Val	AUC[ROC]: 0.916919	AUC[PR]: 0.119051
Epoch evaluation duration: 28.5406200886
Epoch duration: 34.2779259682

Epoch 72/1000
Epoch training duration: 6.23981189728
Train	AUC[ROC]: 0.997434	AUC[PR]: 0.262361
Val	AUC[ROC]: 0.918796	AUC[PR]: 0.104397
Epoch evaluation duration: 27.1412901878
Epoch duration: 33.3811020851

Epoch 73/1000
Epoch training duration: 5.38101696968
Train	AUC[ROC]: 0.997601	AUC[PR]: 0.276189
Val	AUC[ROC]: 0.912810	AUC[PR]: 0.130236
Epoch evaluation duration: 28.5492179394
Epoch duration: 33.9302349091

Epoch 74/1000
Epoch training duration: 6.0773088932
Train	AUC[ROC]: 0.997619	AUC[PR]: 0.272237
Val	AUC[ROC]: 0.912502	AUC[PR]: 0.123757
Epoch evaluation duration: 28.7881360054
Epoch duration: 34.8654448986

Epoch 75/1000
Epoch training duration: 6.05159401894
Train	AUC[ROC]: 0.997605	AUC[PR]: 0.280218
Val	AUC[ROC]: 0.921144	AUC[PR]: 0.130986
Epoch evaluation duration: 27.3284480572
Epoch duration: 33.3800420761

Epoch 76/1000
Epoch training duration: 5.43450593948
Train	AUC[ROC]: 0.997644	AUC[PR]: 0.267094
Val	AUC[ROC]: 0.916907	AUC[PR]: 0.122123
Epoch evaluation duration: 27.3092551231
Epoch duration: 32.7437610626

Epoch 77/1000
Epoch training duration: 5.49806690216
Train	AUC[ROC]: 0.997404	AUC[PR]: 0.264636
Val	AUC[ROC]: 0.921512	AUC[PR]: 0.137371
Epoch evaluation duration: 28.9398829937
Epoch duration: 34.4379498959

Epoch 78/1000
Epoch training duration: 5.43419694901
Train	AUC[ROC]: 0.997495	AUC[PR]: 0.263289
Val	AUC[ROC]: 0.911786	AUC[PR]: 0.137413
Epoch evaluation duration: 28.6485760212
Epoch duration: 34.0827729702

Epoch 79/1000
Epoch training duration: 5.7485229969
Train	AUC[ROC]: 0.997669	AUC[PR]: 0.280129
Val	AUC[ROC]: 0.914590	AUC[PR]: 0.143661
Epoch evaluation duration: 29.2663681507
Epoch duration: 35.0148911476

Epoch 80/1000
Epoch training duration: 5.43419599533
Train	AUC[ROC]: 0.997633	AUC[PR]: 0.265433
Val	AUC[ROC]: 0.935547	AUC[PR]: 0.130212
Epoch evaluation duration: 29.6266059875
Epoch duration: 35.0608019829

Epoch 81/1000
Epoch training duration: 5.62563896179
Train	AUC[ROC]: 0.997684	AUC[PR]: 0.274634
Val	AUC[ROC]: 0.914063	AUC[PR]: 0.124312
Epoch evaluation duration: 30.0389709473
Epoch duration: 35.6646099091

Epoch 82/1000
Epoch training duration: 5.60240101814
Train	AUC[ROC]: 0.997766	AUC[PR]: 0.274683
Val	AUC[ROC]: 0.917931	AUC[PR]: 0.123347
Epoch evaluation duration: 30.3520770073
Epoch duration: 35.9544780254

Epoch 83/1000
Epoch training duration: 5.36019206047
Train	AUC[ROC]: 0.997701	AUC[PR]: 0.286966
Val	AUC[ROC]: 0.928287	AUC[PR]: 0.137740
Epoch evaluation duration: 28.2076208591
Epoch duration: 33.5678129196

Epoch 84/1000
Epoch training duration: 5.65434002876
Train	AUC[ROC]: 0.997837	AUC[PR]: 0.292773
Val	AUC[ROC]: 0.929690	AUC[PR]: 0.154106
Epoch evaluation duration: 29.3638820648
Epoch duration: 35.0182220936

Epoch 85/1000
Epoch training duration: 5.26624202728
Train	AUC[ROC]: 0.997598	AUC[PR]: 0.269066
Val	AUC[ROC]: 0.917913	AUC[PR]: 0.128211
Epoch evaluation duration: 29.3121058941
Epoch duration: 34.5783479214

Epoch 86/1000
Epoch training duration: 5.85628509521
Train	AUC[ROC]: 0.997794	AUC[PR]: 0.295440
Val	AUC[ROC]: 0.922816	AUC[PR]: 0.177532
Epoch evaluation duration: 28.4039869308
Epoch duration: 34.2602720261

Epoch 87/1000
Epoch training duration: 5.54348611832
Train	AUC[ROC]: 0.997565	AUC[PR]: 0.267557
Val	AUC[ROC]: 0.915153	AUC[PR]: 0.131644
Epoch evaluation duration: 29.2379100323
Epoch duration: 34.7813961506

Epoch 88/1000
Epoch training duration: 5.78337693214
Train	AUC[ROC]: 0.997851	AUC[PR]: 0.289871
Val	AUC[ROC]: 0.916789	AUC[PR]: 0.155728
Epoch evaluation duration: 28.7500538826
Epoch duration: 34.5334308147

Epoch 89/1000
Epoch training duration: 5.41369509697
Train	AUC[ROC]: 0.997695	AUC[PR]: 0.281424
Val	AUC[ROC]: 0.920588	AUC[PR]: 0.147854
Epoch evaluation duration: 29.0010590553
Epoch duration: 34.4147541523

Epoch 90/1000
Epoch training duration: 5.66925692558
Train	AUC[ROC]: 0.997817	AUC[PR]: 0.298477
Val	AUC[ROC]: 0.915792	AUC[PR]: 0.176541
Epoch evaluation duration: 29.8386449814
Epoch duration: 35.507901907

Epoch 91/1000
Epoch training duration: 5.64719796181
Train	AUC[ROC]: 0.997782	AUC[PR]: 0.289182
Val	AUC[ROC]: 0.922398	AUC[PR]: 0.121911
Epoch evaluation duration: 29.0268530846
Epoch duration: 34.6740510464

Epoch 92/1000
Epoch training duration: 5.45716094971
Train	AUC[ROC]: 0.997696	AUC[PR]: 0.304648
Val	AUC[ROC]: 0.916426	AUC[PR]: 0.130061
Epoch evaluation duration: 28.5009450912
Epoch duration: 33.958106041

Epoch 93/1000
Epoch training duration: 5.71585798264
Train	AUC[ROC]: 0.997651	AUC[PR]: 0.280996
Val	AUC[ROC]: 0.919787	AUC[PR]: 0.135556
Epoch evaluation duration: 29.9035718441
Epoch duration: 35.6194298267

Epoch 94/1000
Epoch training duration: 5.39734911919
Train	AUC[ROC]: 0.997736	AUC[PR]: 0.287547
Val	AUC[ROC]: 0.915787	AUC[PR]: 0.139291
Epoch evaluation duration: 30.9562730789
Epoch duration: 36.3536221981

Epoch 95/1000
Epoch training duration: 5.83319091797
Train	AUC[ROC]: 0.997744	AUC[PR]: 0.278657
Val	AUC[ROC]: 0.921742	AUC[PR]: 0.122859
Epoch evaluation duration: 29.7358019352
Epoch duration: 35.5689928532

Epoch 96/1000
Epoch training duration: 5.90113401413
Train	AUC[ROC]: 0.997767	AUC[PR]: 0.272515
Val	AUC[ROC]: 0.920968	AUC[PR]: 0.155418
Epoch evaluation duration: 30.4954140186
Epoch duration: 36.3965480328

Epoch 97/1000
Epoch training duration: 6.05842709541
Train	AUC[ROC]: 0.997798	AUC[PR]: 0.286828
Val	AUC[ROC]: 0.928099	AUC[PR]: 0.140292
Epoch evaluation duration: 30.3097319603
Epoch duration: 36.3681590557

Epoch 98/1000
Epoch training duration: 5.67493200302
Train	AUC[ROC]: 0.997791	AUC[PR]: 0.280937
Val	AUC[ROC]: 0.913464	AUC[PR]: 0.126398
Epoch evaluation duration: 29.3628320694
Epoch duration: 35.0377640724

Epoch 99/1000
Epoch training duration: 5.51963686943
Train	AUC[ROC]: 0.997822	AUC[PR]: 0.285085
Val	AUC[ROC]: 0.912266	AUC[PR]: 0.136214
Epoch evaluation duration: 28.463383913
Epoch duration: 33.9830207825

Epoch 100/1000
Epoch training duration: 5.41168522835
Train	AUC[ROC]: 0.997789	AUC[PR]: 0.277897
Val	AUC[ROC]: 0.911695	AUC[PR]: 0.128188
Epoch evaluation duration: 30.3078238964
Epoch duration: 35.7195091248

Epoch 101/1000
Epoch training duration: 6.21482896805
Train	AUC[ROC]: 0.997830	AUC[PR]: 0.283263
Val	AUC[ROC]: 0.914838	AUC[PR]: 0.122575
Epoch evaluation duration: 29.4524669647
Epoch duration: 35.6672959328

Epoch 102/1000
Epoch training duration: 5.41621303558
Train	AUC[ROC]: 0.997909	AUC[PR]: 0.293509
Val	AUC[ROC]: 0.916429	AUC[PR]: 0.150800
Epoch evaluation duration: 29.8417301178
Epoch duration: 35.2579431534

Epoch 103/1000
Epoch training duration: 5.45875096321
Train	AUC[ROC]: 0.997772	AUC[PR]: 0.277696
Val	AUC[ROC]: 0.919612	AUC[PR]: 0.118382
Epoch evaluation duration: 29.6068029404
Epoch duration: 35.0655539036

Epoch 104/1000
Epoch training duration: 5.73734307289
Train	AUC[ROC]: 0.997864	AUC[PR]: 0.291189
Val	AUC[ROC]: 0.915699	AUC[PR]: 0.170819
Epoch evaluation duration: 29.2374830246
Epoch duration: 34.9748260975

Epoch 105/1000
Epoch training duration: 5.43318891525
Train	AUC[ROC]: 0.997931	AUC[PR]: 0.281192
Val	AUC[ROC]: 0.914001	AUC[PR]: 0.155866
Epoch evaluation duration: 30.1981549263
Epoch duration: 35.6313438416

Epoch 106/1000
Epoch training duration: 5.52747702599
Train	AUC[ROC]: 0.997928	AUC[PR]: 0.293382
Val	AUC[ROC]: 0.911987	AUC[PR]: 0.140980
Epoch evaluation duration: 29.771032095
Epoch duration: 35.2985091209

Epoch 107/1000
Epoch training duration: 5.83259296417
Train	AUC[ROC]: 0.997947	AUC[PR]: 0.287900
Val	AUC[ROC]: 0.927538	AUC[PR]: 0.138972
Epoch evaluation duration: 28.4868469238
Epoch duration: 34.319439888

Epoch 108/1000
Epoch training duration: 5.50748801231
Train	AUC[ROC]: 0.997847	AUC[PR]: 0.286221
Val	AUC[ROC]: 0.909182	AUC[PR]: 0.133131
Epoch evaluation duration: 28.6340301037
Epoch duration: 34.141518116

Epoch 109/1000
Epoch training duration: 5.77654099464
Train	AUC[ROC]: 0.997896	AUC[PR]: 0.287465
Val	AUC[ROC]: 0.922559	AUC[PR]: 0.147551
Epoch evaluation duration: 30.0119729042
Epoch duration: 35.7885138988

Epoch 110/1000
Epoch training duration: 5.39745402336
Train	AUC[ROC]: 0.997838	AUC[PR]: 0.289533
Val	AUC[ROC]: 0.911413	AUC[PR]: 0.149258
Epoch evaluation duration: 28.8119990826
Epoch duration: 34.2094531059

Epoch 111/1000
Epoch training duration: 5.51705288887
Train	AUC[ROC]: 0.997876	AUC[PR]: 0.284902
Val	AUC[ROC]: 0.909661	AUC[PR]: 0.134476
Epoch evaluation duration: 28.3867089748
Epoch duration: 33.9037618637

Epoch 112/1000
Epoch training duration: 5.5416829586
Train	AUC[ROC]: 0.997895	AUC[PR]: 0.305409
Val	AUC[ROC]: 0.923760	AUC[PR]: 0.169684
Epoch evaluation duration: 28.7294511795
Epoch duration: 34.2711341381

Epoch 113/1000
Epoch training duration: 5.27274894714
Train	AUC[ROC]: 0.997759	AUC[PR]: 0.276896
Val	AUC[ROC]: 0.910260	AUC[PR]: 0.115157
Epoch evaluation duration: 29.597591877
Epoch duration: 34.8703408241

Epoch 114/1000
Epoch training duration: 5.82915210724
Train	AUC[ROC]: 0.997881	AUC[PR]: 0.284985
Val	AUC[ROC]: 0.907659	AUC[PR]: 0.128705
Epoch evaluation duration: 30.5489039421
Epoch duration: 36.3780560493

Epoch 115/1000
Epoch training duration: 5.42497110367
Train	AUC[ROC]: 0.997856	AUC[PR]: 0.287129
Val	AUC[ROC]: 0.921221	AUC[PR]: 0.124671
Epoch evaluation duration: 29.9308259487
Epoch duration: 35.3557970524

Epoch 116/1000
Epoch training duration: 6.30683302879
Train	AUC[ROC]: 0.997902	AUC[PR]: 0.290768
Val	AUC[ROC]: 0.909837	AUC[PR]: 0.123606
Epoch evaluation duration: 30.2913029194
Epoch duration: 36.5981359482

Epoch 117/1000
Epoch training duration: 5.30189609528
Train	AUC[ROC]: 0.997998	AUC[PR]: 0.293945
Val	AUC[ROC]: 0.925372	AUC[PR]: 0.135489
Epoch evaluation duration: 30.2124049664
Epoch duration: 35.5143010616

Epoch 118/1000
Epoch training duration: 5.394313097
Train	AUC[ROC]: 0.998012	AUC[PR]: 0.296702
Val	AUC[ROC]: 0.912205	AUC[PR]: 0.143409
Epoch evaluation duration: 28.2783648968
Epoch duration: 33.6726779938

Epoch 119/1000
Epoch training duration: 5.47351002693
Train	AUC[ROC]: 0.997938	AUC[PR]: 0.300376
Val	AUC[ROC]: 0.920480	AUC[PR]: 0.148853
Epoch evaluation duration: 27.9605669975
Epoch duration: 33.4340770245

Epoch 120/1000
Epoch training duration: 5.35418486595
Train	AUC[ROC]: 0.997820	AUC[PR]: 0.272241
Val	AUC[ROC]: 0.918671	AUC[PR]: 0.142733
Epoch evaluation duration: 27.7123911381
Epoch duration: 33.066576004

Epoch 121/1000
Epoch training duration: 5.29479503632
Train	AUC[ROC]: 0.997936	AUC[PR]: 0.295543
Val	AUC[ROC]: 0.916060	AUC[PR]: 0.131092
Epoch evaluation duration: 28.5912649632
Epoch duration: 33.8860599995

Epoch 122/1000
Epoch training duration: 5.46421289444
Train	AUC[ROC]: 0.997902	AUC[PR]: 0.283273
Val	AUC[ROC]: 0.912903	AUC[PR]: 0.137234
Epoch evaluation duration: 28.4963281155
Epoch duration: 33.9605410099

Epoch 123/1000
Epoch training duration: 5.46367192268
Train	AUC[ROC]: 0.997871	AUC[PR]: 0.292202
Val	AUC[ROC]: 0.919249	AUC[PR]: 0.144940
Epoch evaluation duration: 27.2314641476
Epoch duration: 32.6951360703

Epoch 124/1000
Epoch training duration: 5.57643079758
Train	AUC[ROC]: 0.998013	AUC[PR]: 0.299100
Val	AUC[ROC]: 0.916607	AUC[PR]: 0.139513
Epoch evaluation duration: 26.3393411636
Epoch duration: 31.9157719612

Epoch 125/1000
Epoch training duration: 5.16475987434
Train	AUC[ROC]: 0.997779	AUC[PR]: 0.290430
Val	AUC[ROC]: 0.912566	AUC[PR]: 0.137212
Epoch evaluation duration: 27.5306921005
Epoch duration: 32.6954519749

Epoch 126/1000
Epoch training duration: 5.52522802353
Train	AUC[ROC]: 0.997864	AUC[PR]: 0.279256
Val	AUC[ROC]: 0.901161	AUC[PR]: 0.126637
Epoch evaluation duration: 28.7853419781
Epoch duration: 34.3105700016

Epoch 127/1000
Epoch training duration: 5.40396595001
Train	AUC[ROC]: 0.997950	AUC[PR]: 0.291729
Val	AUC[ROC]: 0.920397	AUC[PR]: 0.152520
Epoch evaluation duration: 27.8747110367
Epoch duration: 33.2786769867

Epoch 128/1000
Epoch training duration: 5.41654086113
Train	AUC[ROC]: 0.997976	AUC[PR]: 0.300837
Val	AUC[ROC]: 0.914621	AUC[PR]: 0.141965
Epoch evaluation duration: 27.4042351246
Epoch duration: 32.8207759857

Epoch 129/1000
Epoch training duration: 5.40785193443
Train	AUC[ROC]: 0.997942	AUC[PR]: 0.292707
Val	AUC[ROC]: 0.917912	AUC[PR]: 0.141272
Epoch evaluation duration: 27.3034901619
Epoch duration: 32.7113420963

Epoch 130/1000
Epoch training duration: 5.41744995117
Train	AUC[ROC]: 0.997957	AUC[PR]: 0.298613
Val	AUC[ROC]: 0.915122	AUC[PR]: 0.131241
Epoch evaluation duration: 26.3812658787
Epoch duration: 31.7987158298

Epoch 131/1000
Epoch training duration: 5.07564401627
Train	AUC[ROC]: 0.997835	AUC[PR]: 0.286414
Val	AUC[ROC]: 0.907644	AUC[PR]: 0.122608
Epoch evaluation duration: 28.4812290668
Epoch duration: 33.5568730831

Epoch 132/1000
Epoch training duration: 5.63120794296
Train	AUC[ROC]: 0.998005	AUC[PR]: 0.300254
Val	AUC[ROC]: 0.912339	AUC[PR]: 0.134340
Epoch evaluation duration: 26.5370819569
Epoch duration: 32.1682898998

Epoch 133/1000
Epoch training duration: 5.30027318001
Train	AUC[ROC]: 0.997994	AUC[PR]: 0.294895
Val	AUC[ROC]: 0.921207	AUC[PR]: 0.140421
Epoch evaluation duration: 27.8364617825
Epoch duration: 33.1367349625

Epoch 134/1000
Epoch training duration: 5.40359902382
Train	AUC[ROC]: 0.997880	AUC[PR]: 0.292068
Val	AUC[ROC]: 0.910095	AUC[PR]: 0.143005
Epoch evaluation duration: 28.4973421097
Epoch duration: 33.9009411335

Epoch 135/1000
Epoch training duration: 5.47027087212
Train	AUC[ROC]: 0.997845	AUC[PR]: 0.283492
Val	AUC[ROC]: 0.920172	AUC[PR]: 0.124237
Epoch evaluation duration: 28.391505003
Epoch duration: 33.8617758751

Epoch 136/1000
Epoch training duration: 5.4126060009
Train	AUC[ROC]: 0.997989	AUC[PR]: 0.303259
Val	AUC[ROC]: 0.919555	AUC[PR]: 0.156964
Epoch evaluation duration: 26.1776750088
Epoch duration: 31.5902810097

Epoch 137/1000
Epoch training duration: 5.25233697891
Train	AUC[ROC]: 0.997970	AUC[PR]: 0.300186
Val	AUC[ROC]: 0.924152	AUC[PR]: 0.135147
Epoch evaluation duration: 28.3111112118
Epoch duration: 33.5634481907

Epoch 138/1000
Epoch training duration: 5.32579278946
Train	AUC[ROC]: 0.998038	AUC[PR]: 0.300267
Val	AUC[ROC]: 0.919971	AUC[PR]: 0.145730
Epoch evaluation duration: 27.1253201962
Epoch duration: 32.4511129856

Epoch 139/1000
Epoch training duration: 5.56447291374
Train	AUC[ROC]: 0.998012	AUC[PR]: 0.294771
Val	AUC[ROC]: 0.921719	AUC[PR]: 0.128995
Epoch evaluation duration: 27.4729700089
Epoch duration: 33.0374429226

Epoch 140/1000
Epoch training duration: 5.1070330143
Train	AUC[ROC]: 0.998054	AUC[PR]: 0.308960
Val	AUC[ROC]: 0.911636	AUC[PR]: 0.150526
Epoch evaluation duration: 29.0462419987
Epoch duration: 34.153275013

Epoch 141/1000
Epoch training duration: 5.89635396004
Train	AUC[ROC]: 0.998010	AUC[PR]: 0.293396
Val	AUC[ROC]: 0.919917	AUC[PR]: 0.131549
Epoch evaluation duration: 28.7895729542
Epoch duration: 34.6859269142

Epoch 142/1000
Epoch training duration: 5.32495117188
Train	AUC[ROC]: 0.998021	AUC[PR]: 0.298804
Val	AUC[ROC]: 0.915243	AUC[PR]: 0.135561
Epoch evaluation duration: 29.9509398937
Epoch duration: 35.2758910656

Epoch 143/1000
Epoch training duration: 6.18340492249
Train	AUC[ROC]: 0.998024	AUC[PR]: 0.296824
Val	AUC[ROC]: 0.921237	AUC[PR]: 0.145755
Epoch evaluation duration: 30.5856699944
Epoch duration: 36.7690749168

Epoch 144/1000
Epoch training duration: 6.23341298103
Train	AUC[ROC]: 0.997991	AUC[PR]: 0.299987
Val	AUC[ROC]: 0.911791	AUC[PR]: 0.128894
Epoch evaluation duration: 28.6902940273
Epoch duration: 34.9237070084

Epoch 145/1000
Epoch training duration: 6.42577815056
Train	AUC[ROC]: 0.998032	AUC[PR]: 0.304638
Val	AUC[ROC]: 0.914841	AUC[PR]: 0.138266
Epoch evaluation duration: 28.7532420158
Epoch duration: 35.1790201664

Epoch 146/1000
Epoch training duration: 6.01310181618
Train	AUC[ROC]: 0.998013	AUC[PR]: 0.296922
Val	AUC[ROC]: 0.916814	AUC[PR]: 0.133844
Epoch evaluation duration: 28.2056071758
Epoch duration: 34.218708992

Epoch 147/1000
Epoch training duration: 5.48442101479
Train	AUC[ROC]: 0.998084	AUC[PR]: 0.303433
Val	AUC[ROC]: 0.918313	AUC[PR]: 0.155654
Epoch evaluation duration: 28.2999129295
Epoch duration: 33.7843339443

Epoch 148/1000
Epoch training duration: 5.38267707825
Train	AUC[ROC]: 0.998087	AUC[PR]: 0.305289
Val	AUC[ROC]: 0.912591	AUC[PR]: 0.137635
Epoch evaluation duration: 28.491298914
Epoch duration: 33.8739759922

Epoch 149/1000
Epoch training duration: 5.51311707497
Train	AUC[ROC]: 0.997933	AUC[PR]: 0.296497
Val	AUC[ROC]: 0.917482	AUC[PR]: 0.135115
Epoch evaluation duration: 28.4903948307
Epoch duration: 34.0035119057

Epoch 150/1000
Epoch training duration: 5.34715604782
Train	AUC[ROC]: 0.998048	AUC[PR]: 0.302066
Val	AUC[ROC]: 0.913375	AUC[PR]: 0.151189
Epoch evaluation duration: 27.5277810097
Epoch duration: 32.8749370575

Epoch 151/1000
Epoch training duration: 5.73948907852
Train	AUC[ROC]: 0.998073	AUC[PR]: 0.295711
Val	AUC[ROC]: 0.918045	AUC[PR]: 0.134264
Epoch evaluation duration: 28.5572988987
Epoch duration: 34.2967879772

Epoch 152/1000
Epoch training duration: 5.62766098976
Train	AUC[ROC]: 0.998068	AUC[PR]: 0.293133
Val	AUC[ROC]: 0.917620	AUC[PR]: 0.139706
Epoch evaluation duration: 30.1056909561
Epoch duration: 35.7333519459

Epoch 153/1000
Epoch training duration: 5.33609414101
Train	AUC[ROC]: 0.998054	AUC[PR]: 0.294214
Val	AUC[ROC]: 0.913203	AUC[PR]: 0.133822
Epoch evaluation duration: 29.5945949554
Epoch duration: 34.9306890965

Epoch 154/1000
Epoch training duration: 5.8914399147
Train	AUC[ROC]: 0.998121	AUC[PR]: 0.305539
Val	AUC[ROC]: 0.914489	AUC[PR]: 0.151550
Epoch evaluation duration: 28.3793621063
Epoch duration: 34.270802021

Epoch 155/1000
Epoch training duration: 5.41720890999
Train	AUC[ROC]: 0.998061	AUC[PR]: 0.294099
Val	AUC[ROC]: 0.921010	AUC[PR]: 0.128214
Epoch evaluation duration: 29.2101421356
Epoch duration: 34.6273510456

Epoch 156/1000
Epoch training duration: 5.67952299118
Train	AUC[ROC]: 0.997965	AUC[PR]: 0.293589
Val	AUC[ROC]: 0.915857	AUC[PR]: 0.120861
Epoch evaluation duration: 29.2078928947
Epoch duration: 34.8874158859

Epoch 157/1000
Epoch training duration: 5.35218214989
Train	AUC[ROC]: 0.998033	AUC[PR]: 0.296818
Val	AUC[ROC]: 0.920984	AUC[PR]: 0.132262
Epoch evaluation duration: 29.0554988384
Epoch duration: 34.4076809883

Epoch 158/1000
Epoch training duration: 5.75167107582
Train	AUC[ROC]: 0.998109	AUC[PR]: 0.308739
Val	AUC[ROC]: 0.910377	AUC[PR]: 0.156530
Epoch evaluation duration: 28.3348419666
Epoch duration: 34.0865130424

Epoch 159/1000
Epoch training duration: 5.64854812622
Train	AUC[ROC]: 0.998033	AUC[PR]: 0.294471
Val	AUC[ROC]: 0.915679	AUC[PR]: 0.143419
Epoch evaluation duration: 29.0552248955
Epoch duration: 34.7037730217

Epoch 160/1000
Epoch training duration: 5.49323606491
Train	AUC[ROC]: 0.998028	AUC[PR]: 0.301115
Val	AUC[ROC]: 0.915171	AUC[PR]: 0.150892
Epoch evaluation duration: 30.1915869713
Epoch duration: 35.6848230362

Epoch 161/1000
Epoch training duration: 5.83124899864
Train	AUC[ROC]: 0.998126	AUC[PR]: 0.306900
Val	AUC[ROC]: 0.915131	AUC[PR]: 0.155912
Epoch evaluation duration: 28.5251288414
Epoch duration: 34.35637784

Epoch 162/1000
Epoch training duration: 5.46274614334
Train	AUC[ROC]: 0.998030	AUC[PR]: 0.294889
Val	AUC[ROC]: 0.911878	AUC[PR]: 0.135834
Epoch evaluation duration: 28.7238519192
Epoch duration: 34.1865980625

Epoch 163/1000
Epoch training duration: 6.40951299667
Train	AUC[ROC]: 0.998041	AUC[PR]: 0.296950
Val	AUC[ROC]: 0.913943	AUC[PR]: 0.126221
Epoch evaluation duration: 30.4056270123
Epoch duration: 36.8151400089

Epoch 164/1000
Epoch training duration: 5.79281306267
Train	AUC[ROC]: 0.998096	AUC[PR]: 0.315059
Val	AUC[ROC]: 0.914543	AUC[PR]: 0.140280
Epoch evaluation duration: 29.5559620857
Epoch duration: 35.3487751484

Epoch 165/1000
Epoch training duration: 5.86231088638
Train	AUC[ROC]: 0.998020	AUC[PR]: 0.297148
Val	AUC[ROC]: 0.918898	AUC[PR]: 0.134252
Epoch evaluation duration: 30.1269979477
Epoch duration: 35.9893088341

Epoch 166/1000
Epoch training duration: 6.38839411736
Train	AUC[ROC]: 0.998060	AUC[PR]: 0.308261
Val	AUC[ROC]: 0.909942	AUC[PR]: 0.147957
Epoch evaluation duration: 31.3734920025
Epoch duration: 37.7618861198

Epoch 167/1000
Epoch training duration: 5.33963894844
Train	AUC[ROC]: 0.998104	AUC[PR]: 0.305217
Val	AUC[ROC]: 0.920507	AUC[PR]: 0.138592
Epoch evaluation duration: 29.6259179115
Epoch duration: 34.96555686

Epoch 168/1000
Epoch training duration: 5.28246116638
Train	AUC[ROC]: 0.998104	AUC[PR]: 0.310359
Val	AUC[ROC]: 0.908729	AUC[PR]: 0.149537
Epoch evaluation duration: 28.793533802
Epoch duration: 34.0759949684

Epoch 169/1000
Epoch training duration: 5.67014503479
Train	AUC[ROC]: 0.998099	AUC[PR]: 0.303519
Val	AUC[ROC]: 0.913331	AUC[PR]: 0.139024
Epoch evaluation duration: 30.792579174
Epoch duration: 36.4627242088

Epoch 170/1000
Epoch training duration: 6.07995986938
Train	AUC[ROC]: 0.998082	AUC[PR]: 0.300156
Val	AUC[ROC]: 0.907204	AUC[PR]: 0.131687
Epoch evaluation duration: 30.0687510967
Epoch duration: 36.1487109661

Epoch 171/1000
Epoch training duration: 5.69384384155
Train	AUC[ROC]: 0.998140	AUC[PR]: 0.311319
Val	AUC[ROC]: 0.910903	AUC[PR]: 0.151394
Epoch evaluation duration: 29.0992832184
Epoch duration: 34.7931270599

Epoch 172/1000
Epoch training duration: 6.03091692924
Train	AUC[ROC]: 0.998068	AUC[PR]: 0.297585
Val	AUC[ROC]: 0.906889	AUC[PR]: 0.131607
Epoch evaluation duration: 28.4094970226
Epoch duration: 34.4404139519

Epoch 173/1000
Epoch training duration: 5.29540801048
Train	AUC[ROC]: 0.998049	AUC[PR]: 0.303690
Val	AUC[ROC]: 0.909896	AUC[PR]: 0.149520
Epoch evaluation duration: 27.5378959179
Epoch duration: 32.8333039284

Epoch 174/1000
Epoch training duration: 5.48730993271
Train	AUC[ROC]: 0.998088	AUC[PR]: 0.296492
Val	AUC[ROC]: 0.907671	AUC[PR]: 0.146895
Epoch evaluation duration: 27.5828039646
Epoch duration: 33.0701138973

Epoch 175/1000
Epoch training duration: 5.63223314285
Train	AUC[ROC]: 0.998102	AUC[PR]: 0.306497
Val	AUC[ROC]: 0.911572	AUC[PR]: 0.136029
Epoch evaluation duration: 29.2623519897
Epoch duration: 34.8945851326

Epoch 176/1000
Epoch training duration: 5.1987760067
Train	AUC[ROC]: 0.998114	AUC[PR]: 0.303080
Val	AUC[ROC]: 0.916620	AUC[PR]: 0.147994
Epoch evaluation duration: 28.983620882
Epoch duration: 34.1823968887

Epoch 177/1000
Epoch training duration: 5.65531516075
Train	AUC[ROC]: 0.998077	AUC[PR]: 0.300611
Val	AUC[ROC]: 0.912882	AUC[PR]: 0.144321
Epoch evaluation duration: 29.4619829655
Epoch duration: 35.1172981262

Epoch 178/1000
Epoch training duration: 6.23687195778
Train	AUC[ROC]: 0.998031	AUC[PR]: 0.300883
Val	AUC[ROC]: 0.909763	AUC[PR]: 0.135307
Epoch evaluation duration: 30.4327321053
Epoch duration: 36.669604063

Epoch 179/1000
Epoch training duration: 6.10028481483
Train	AUC[ROC]: 0.998097	AUC[PR]: 0.307760
Val	AUC[ROC]: 0.913192	AUC[PR]: 0.158849
Epoch evaluation duration: 30.3367640972
Epoch duration: 36.437048912

Epoch 180/1000
Epoch training duration: 5.72048401833
Train	AUC[ROC]: 0.998115	AUC[PR]: 0.306080
Val	AUC[ROC]: 0.910196	AUC[PR]: 0.141459
Epoch evaluation duration: 28.93521595
Epoch duration: 34.6556999683

Epoch 181/1000
Epoch training duration: 5.26814699173
Train	AUC[ROC]: 0.998134	AUC[PR]: 0.303943
Val	AUC[ROC]: 0.910395	AUC[PR]: 0.146367
Epoch evaluation duration: 28.8102021217
Epoch duration: 34.0783491135

Epoch 182/1000
Epoch training duration: 5.50820493698
Train	AUC[ROC]: 0.998058	AUC[PR]: 0.298645
Val	AUC[ROC]: 0.906371	AUC[PR]: 0.134085
Epoch evaluation duration: 27.2790389061
Epoch duration: 32.7872438431

Epoch 183/1000
Epoch training duration: 5.43331599236
Train	AUC[ROC]: 0.998045	AUC[PR]: 0.291151
Val	AUC[ROC]: 0.915515	AUC[PR]: 0.124002
Epoch evaluation duration: 27.1979379654
Epoch duration: 32.6312539577

Epoch 184/1000
Epoch training duration: 5.37984704971
Train	AUC[ROC]: 0.998058	AUC[PR]: 0.302278
Val	AUC[ROC]: 0.909444	AUC[PR]: 0.153916
Epoch evaluation duration: 27.6638729572
Epoch duration: 33.0437200069

Epoch 185/1000
Epoch training duration: 5.49048709869
Train	AUC[ROC]: 0.998107	AUC[PR]: 0.306504
Val	AUC[ROC]: 0.907896	AUC[PR]: 0.145567
Epoch evaluation duration: 27.8706419468
Epoch duration: 33.3611290455

Epoch 186/1000
Epoch training duration: 5.15603995323
Train	AUC[ROC]: 0.998072	AUC[PR]: 0.308875
Val	AUC[ROC]: 0.913646	AUC[PR]: 0.139759
Epoch evaluation duration: 27.3498961926
Epoch duration: 32.5059361458

Epoch 187/1000
Epoch training duration: 5.78950881958
Train	AUC[ROC]: 0.998084	AUC[PR]: 0.300845
Val	AUC[ROC]: 0.909911	AUC[PR]: 0.132221
Epoch evaluation duration: 28.3734960556
Epoch duration: 34.1630048752

Epoch 188/1000
Epoch training duration: 5.37128210068
Train	AUC[ROC]: 0.998161	AUC[PR]: 0.305461
Val	AUC[ROC]: 0.905920	AUC[PR]: 0.140797
Epoch evaluation duration: 28.4477698803
Epoch duration: 33.819051981

Epoch 189/1000
Epoch training duration: 5.79647994041
Train	AUC[ROC]: 0.998122	AUC[PR]: 0.307229
Val	AUC[ROC]: 0.911702	AUC[PR]: 0.133365
Epoch evaluation duration: 29.8346011639
Epoch duration: 35.6310811043

Epoch 190/1000
Epoch training duration: 5.56009888649
Train	AUC[ROC]: 0.998141	AUC[PR]: 0.300781
Val	AUC[ROC]: 0.910185	AUC[PR]: 0.122535
Epoch evaluation duration: 28.4952130318
Epoch duration: 34.0553119183

Epoch 191/1000
Epoch training duration: 5.59707593918
Train	AUC[ROC]: 0.998105	AUC[PR]: 0.306066
Val	AUC[ROC]: 0.913243	AUC[PR]: 0.140966
Epoch evaluation duration: 29.3514640331
Epoch duration: 34.9485399723

Epoch 192/1000
Epoch training duration: 5.57101798058
Train	AUC[ROC]: 0.998122	AUC[PR]: 0.302019
Val	AUC[ROC]: 0.912167	AUC[PR]: 0.125921
Epoch evaluation duration: 29.6340920925
Epoch duration: 35.2051100731

Epoch 193/1000
Epoch training duration: 5.78318095207
Train	AUC[ROC]: 0.998079	AUC[PR]: 0.307460
Val	AUC[ROC]: 0.914503	AUC[PR]: 0.158165
Epoch evaluation duration: 29.2394320965
Epoch duration: 35.0226130486

Epoch 194/1000
Epoch training duration: 5.58008885384
Train	AUC[ROC]: 0.998132	AUC[PR]: 0.300329
Val	AUC[ROC]: 0.910019	AUC[PR]: 0.134522
Epoch evaluation duration: 29.8614161015
Epoch duration: 35.4415049553

Epoch 195/1000
Epoch training duration: 5.29384303093
Train	AUC[ROC]: 0.998059	AUC[PR]: 0.298464
Val	AUC[ROC]: 0.907409	AUC[PR]: 0.140805
Epoch evaluation duration: 28.0082550049
Epoch duration: 33.3020980358

Epoch 196/1000
Epoch training duration: 5.8550620079
Train	AUC[ROC]: 0.998088	AUC[PR]: 0.301660
Val	AUC[ROC]: 0.904195	AUC[PR]: 0.137487
Epoch evaluation duration: 29.0745828152
Epoch duration: 34.9296448231

Epoch 197/1000
Epoch training duration: 5.40788412094
Train	AUC[ROC]: 0.998161	AUC[PR]: 0.308290
Val	AUC[ROC]: 0.914227	AUC[PR]: 0.157667
Epoch evaluation duration: 30.4781870842
Epoch duration: 35.8860712051

Epoch 198/1000
Epoch training duration: 5.73791384697
Train	AUC[ROC]: 0.998156	AUC[PR]: 0.304906
Val	AUC[ROC]: 0.906171	AUC[PR]: 0.156492
Epoch evaluation duration: 29.350249052
Epoch duration: 35.088162899

Epoch 199/1000
Epoch training duration: 5.53738307953
Train	AUC[ROC]: 0.998048	AUC[PR]: 0.294691
Val	AUC[ROC]: 0.908008	AUC[PR]: 0.146762
Epoch evaluation duration: 30.7266418934
Epoch duration: 36.2640249729

Epoch 200/1000
Epoch training duration: 6.24640011787
Train	AUC[ROC]: 0.998154	AUC[PR]: 0.312616
Val	AUC[ROC]: 0.905967	AUC[PR]: 0.160949
Epoch evaluation duration: 28.6208069324
Epoch duration: 34.8672070503

Epoch 201/1000
Epoch training duration: 5.55695199966
Train	AUC[ROC]: 0.998153	AUC[PR]: 0.304229
Val	AUC[ROC]: 0.905457	AUC[PR]: 0.141088
Epoch evaluation duration: 31.0379369259
Epoch duration: 36.5948889256

Epoch 202/1000
Epoch training duration: 6.23049712181
Train	AUC[ROC]: 0.998122	AUC[PR]: 0.304236
Val	AUC[ROC]: 0.911079	AUC[PR]: 0.131946
Epoch evaluation duration: 30.6192438602
Epoch duration: 36.8497409821

Epoch 203/1000
Epoch training duration: 5.49728918076
Train	AUC[ROC]: 0.998090	AUC[PR]: 0.300433
Val	AUC[ROC]: 0.902888	AUC[PR]: 0.139696
Epoch evaluation duration: 30.1261229515
Epoch duration: 35.6234121323

Epoch 204/1000
Epoch training duration: 6.49665188789
Train	AUC[ROC]: 0.998209	AUC[PR]: 0.306169
Val	AUC[ROC]: 0.906366	AUC[PR]: 0.159404
Epoch evaluation duration: 30.6013021469
Epoch duration: 37.0979540348

Epoch 205/1000
Epoch training duration: 6.05061292648
Train	AUC[ROC]: 0.998174	AUC[PR]: 0.307244
Val	AUC[ROC]: 0.904074	AUC[PR]: 0.135242
Epoch evaluation duration: 29.5446760654
Epoch duration: 35.5952889919

Epoch 206/1000
Epoch training duration: 6.18437695503
Train	AUC[ROC]: 0.998213	AUC[PR]: 0.313978
Val	AUC[ROC]: 0.901112	AUC[PR]: 0.174714
Epoch evaluation duration: 29.4456570148
Epoch duration: 35.6300339699

Epoch 207/1000
Epoch training duration: 5.76247596741
Train	AUC[ROC]: 0.998173	AUC[PR]: 0.307072
Val	AUC[ROC]: 0.911495	AUC[PR]: 0.133053
Epoch evaluation duration: 29.5960309505
Epoch duration: 35.358506918

Epoch 208/1000
Epoch training duration: 6.13159203529
Train	AUC[ROC]: 0.998101	AUC[PR]: 0.294780
Val	AUC[ROC]: 0.907038	AUC[PR]: 0.134269
Epoch evaluation duration: 30.6807439327
Epoch duration: 36.812335968

Epoch 209/1000
Epoch training duration: 6.19755005836
Train	AUC[ROC]: 0.998166	AUC[PR]: 0.314650
Val	AUC[ROC]: 0.911349	AUC[PR]: 0.137825
Epoch evaluation duration: 30.2073450089
Epoch duration: 36.4048950672

Epoch 210/1000
Epoch training duration: 6.45682191849
Train	AUC[ROC]: 0.998114	AUC[PR]: 0.298520
Val	AUC[ROC]: 0.902693	AUC[PR]: 0.128854
Epoch evaluation duration: 30.5581231117
Epoch duration: 37.0149450302

Epoch 211/1000
Epoch training duration: 5.94603085518
Train	AUC[ROC]: 0.998158	AUC[PR]: 0.308272
Val	AUC[ROC]: 0.908208	AUC[PR]: 0.151867
Epoch evaluation duration: 29.5924022198
Epoch duration: 35.538433075

Epoch 212/1000
Epoch training duration: 6.23452782631
Train	AUC[ROC]: 0.998180	AUC[PR]: 0.310048
Val	AUC[ROC]: 0.903896	AUC[PR]: 0.160086
Epoch evaluation duration: 30.2218949795
Epoch duration: 36.4564228058

Epoch 213/1000
Epoch training duration: 6.41831111908
Train	AUC[ROC]: 0.998172	AUC[PR]: 0.313084
Val	AUC[ROC]: 0.908375	AUC[PR]: 0.150967
Epoch evaluation duration: 30.0834028721
Epoch duration: 36.5017139912

Epoch 214/1000
Epoch training duration: 5.6890912056
Train	AUC[ROC]: 0.998127	AUC[PR]: 0.307762
Val	AUC[ROC]: 0.903780	AUC[PR]: 0.144770
Epoch evaluation duration: 29.5007719994
Epoch duration: 35.189863205

Epoch 215/1000
Epoch training duration: 5.47579479218
Train	AUC[ROC]: 0.998135	AUC[PR]: 0.300259
Val	AUC[ROC]: 0.910474	AUC[PR]: 0.133836
Epoch evaluation duration: 29.5260720253
Epoch duration: 35.0018668175

Epoch 216/1000
Epoch training duration: 5.52537918091
Train	AUC[ROC]: 0.998114	AUC[PR]: 0.301926
Val	AUC[ROC]: 0.898223	AUC[PR]: 0.137157
Epoch evaluation duration: 30.2408518791
Epoch duration: 35.76623106

Epoch 217/1000
Epoch training duration: 6.20784807205
Train	AUC[ROC]: 0.998135	AUC[PR]: 0.304714
Val	AUC[ROC]: 0.907978	AUC[PR]: 0.141665
Epoch evaluation duration: 31.3259868622
Epoch duration: 37.5338349342

Epoch 218/1000
Epoch training duration: 6.43516111374
Train	AUC[ROC]: 0.998206	AUC[PR]: 0.305817
Val	AUC[ROC]: 0.913440	AUC[PR]: 0.145641
Epoch evaluation duration: 31.1513669491
Epoch duration: 37.5865280628

Epoch 219/1000
Epoch training duration: 6.47735404968
Train	AUC[ROC]: 0.998140	AUC[PR]: 0.305131
Val	AUC[ROC]: 0.905942	AUC[PR]: 0.140752
Epoch evaluation duration: 30.0048298836
Epoch duration: 36.4821839333

Epoch 220/1000
Epoch training duration: 6.04688119888
Train	AUC[ROC]: 0.998273	AUC[PR]: 0.312644
Val	AUC[ROC]: 0.899556	AUC[PR]: 0.147312
Epoch evaluation duration: 31.0223309994
Epoch duration: 37.0692121983

Epoch 221/1000
Epoch training duration: 6.38828897476
Train	AUC[ROC]: 0.998144	AUC[PR]: 0.304509
Val	AUC[ROC]: 0.904906	AUC[PR]: 0.130602
Epoch evaluation duration: 28.3622848988
Epoch duration: 34.7505738735

Epoch 222/1000
Epoch training duration: 5.91964197159
Train	AUC[ROC]: 0.998129	AUC[PR]: 0.300053
Val	AUC[ROC]: 0.913069	AUC[PR]: 0.148998
Epoch evaluation duration: 28.0424740314
Epoch duration: 33.962116003

Epoch 223/1000
Epoch training duration: 5.74318289757
Train	AUC[ROC]: 0.998203	AUC[PR]: 0.308108
Val	AUC[ROC]: 0.900527	AUC[PR]: 0.142217
Epoch evaluation duration: 27.6539180279
Epoch duration: 33.3971009254

Epoch 224/1000
Epoch training duration: 6.37288618088
Train	AUC[ROC]: 0.998127	AUC[PR]: 0.299452
Val	AUC[ROC]: 0.909079	AUC[PR]: 0.131009
Epoch evaluation duration: 28.6901359558
Epoch duration: 35.0630221367

Epoch 225/1000
Epoch training duration: 6.11421394348
Train	AUC[ROC]: 0.998138	AUC[PR]: 0.301732
Val	AUC[ROC]: 0.907087	AUC[PR]: 0.128206
Epoch evaluation duration: 29.4296360016
Epoch duration: 35.5438499451

Epoch 226/1000
Epoch training duration: 6.02774190903
Train	AUC[ROC]: 0.998179	AUC[PR]: 0.309792
Val	AUC[ROC]: 0.900979	AUC[PR]: 0.146774
Epoch evaluation duration: 28.5693449974
Epoch duration: 34.5970869064

Epoch 227/1000
Epoch training duration: 5.90482401848
Train	AUC[ROC]: 0.998167	AUC[PR]: 0.305916
Val	AUC[ROC]: 0.901215	AUC[PR]: 0.145205
Epoch evaluation duration: 30.480643034
Epoch duration: 36.3854670525

Epoch 228/1000
Epoch training duration: 6.38701915741
Train	AUC[ROC]: 0.998203	AUC[PR]: 0.313590
Val	AUC[ROC]: 0.900096	AUC[PR]: 0.151127
Epoch evaluation duration: 28.0244719982
Epoch duration: 34.4114911556

Epoch 229/1000
Epoch training duration: 6.0273578167
Train	AUC[ROC]: 0.998154	AUC[PR]: 0.304940
Val	AUC[ROC]: 0.894519	AUC[PR]: 0.140033
Epoch evaluation duration: 28.902878046
Epoch duration: 34.9302358627

Epoch 230/1000
Epoch training duration: 6.23682498932
Train	AUC[ROC]: 0.998124	AUC[PR]: 0.297648
Val	AUC[ROC]: 0.894732	AUC[PR]: 0.138570
Epoch evaluation duration: 28.7180559635
Epoch duration: 34.9548809528

Epoch 231/1000
Epoch training duration: 5.98505401611
Train	AUC[ROC]: 0.998012	AUC[PR]: 0.299148
Val	AUC[ROC]: 0.897514	AUC[PR]: 0.129608
Epoch evaluation duration: 29.2132840157
Epoch duration: 35.1983380318

Epoch 232/1000
Epoch training duration: 6.35217809677
Train	AUC[ROC]: 0.998171	AUC[PR]: 0.308101
Val	AUC[ROC]: 0.908336	AUC[PR]: 0.156374
Epoch evaluation duration: 29.207365036
Epoch duration: 35.5595431328

Epoch 233/1000
Epoch training duration: 6.5396258831
Train	AUC[ROC]: 0.998136	AUC[PR]: 0.304534
Val	AUC[ROC]: 0.906589	AUC[PR]: 0.149827
Epoch evaluation duration: 29.2631390095
Epoch duration: 35.8027648926

Epoch 234/1000
Epoch training duration: 6.180134058
Train	AUC[ROC]: 0.998094	AUC[PR]: 0.296855
Val	AUC[ROC]: 0.905246	AUC[PR]: 0.139567
Epoch evaluation duration: 30.2350590229
Epoch duration: 36.4151930809

Epoch 235/1000
Epoch training duration: 6.40365791321
Train	AUC[ROC]: 0.998180	AUC[PR]: 0.311854
Val	AUC[ROC]: 0.901863	AUC[PR]: 0.145551
Epoch evaluation duration: 29.6771979332
Epoch duration: 36.0808558464

Epoch 236/1000
Epoch training duration: 6.476760149
Train	AUC[ROC]: 0.998147	AUC[PR]: 0.308277
Val	AUC[ROC]: 0.912583	AUC[PR]: 0.143144
Epoch evaluation duration: 30.2745008469
Epoch duration: 36.7512609959

Epoch 237/1000
Epoch training duration: 5.66821217537
Train	AUC[ROC]: 0.998179	AUC[PR]: 0.311485
Val	AUC[ROC]: 0.905779	AUC[PR]: 0.156481
Epoch evaluation duration: 27.9869098663
Epoch duration: 33.6551220417

Epoch 238/1000
Epoch training duration: 5.29118895531
Train	AUC[ROC]: 0.998124	AUC[PR]: 0.303180
Val	AUC[ROC]: 0.906990	AUC[PR]: 0.140713
Epoch evaluation duration: 28.6330831051
Epoch duration: 33.9242720604

Epoch 239/1000
Epoch training duration: 5.81011199951
Train	AUC[ROC]: 0.998181	AUC[PR]: 0.306901
Val	AUC[ROC]: 0.894687	AUC[PR]: 0.135287
Epoch evaluation duration: 28.3940079212
Epoch duration: 34.2041199207

Epoch 240/1000
Epoch training duration: 6.3086950779
Train	AUC[ROC]: 0.998174	AUC[PR]: 0.308383
Val	AUC[ROC]: 0.904340	AUC[PR]: 0.141945
Epoch evaluation duration: 28.3980269432
Epoch duration: 34.7067220211

Epoch 241/1000
Epoch training duration: 5.63407897949
Train	AUC[ROC]: 0.998214	AUC[PR]: 0.308933
Val	AUC[ROC]: 0.905784	AUC[PR]: 0.146910
Epoch evaluation duration: 28.1303780079
Epoch duration: 33.7644569874

Epoch 242/1000
Epoch training duration: 5.9938890934
Train	AUC[ROC]: 0.998132	AUC[PR]: 0.304164
Val	AUC[ROC]: 0.897824	AUC[PR]: 0.136588
Epoch evaluation duration: 27.3636519909
Epoch duration: 33.3575410843

Epoch 243/1000
Epoch training duration: 6.35645985603
Train	AUC[ROC]: 0.998219	AUC[PR]: 0.310647
Val	AUC[ROC]: 0.905694	AUC[PR]: 0.139269
Epoch evaluation duration: 29.9980950356
Epoch duration: 36.3545548916

Epoch 244/1000
Epoch training duration: 5.96370911598
Train	AUC[ROC]: 0.998166	AUC[PR]: 0.306662
Val	AUC[ROC]: 0.908313	AUC[PR]: 0.137118
Epoch evaluation duration: 29.0021059513
Epoch duration: 34.9658150673

Epoch 245/1000
Epoch training duration: 6.68482589722
Train	AUC[ROC]: 0.998176	AUC[PR]: 0.305265
Val	AUC[ROC]: 0.897491	AUC[PR]: 0.124890
Epoch evaluation duration: 29.0888562202
Epoch duration: 35.7736821175

Epoch 246/1000
Epoch training duration: 6.09493684769
Train	AUC[ROC]: 0.998166	AUC[PR]: 0.306116
Val	AUC[ROC]: 0.902685	AUC[PR]: 0.136374
Epoch evaluation duration: 27.6325371265
Epoch duration: 33.7274739742

Epoch 247/1000
Epoch training duration: 6.44695186615
Train	AUC[ROC]: 0.998200	AUC[PR]: 0.307289
Val	AUC[ROC]: 0.898340	AUC[PR]: 0.146178
Epoch evaluation duration: 28.5808260441
Epoch duration: 35.0277779102

Epoch 248/1000
Epoch training duration: 5.78193807602
Train	AUC[ROC]: 0.998221	AUC[PR]: 0.308210
Val	AUC[ROC]: 0.906158	AUC[PR]: 0.151558
Epoch evaluation duration: 28.4797120094
Epoch duration: 34.2616500854

Epoch 249/1000
Epoch training duration: 5.7465159893
Train	AUC[ROC]: 0.998154	AUC[PR]: 0.306967
Val	AUC[ROC]: 0.901433	AUC[PR]: 0.152497
Epoch evaluation duration: 27.615653038
Epoch duration: 33.3621690273

Epoch 250/1000
Epoch training duration: 5.64240288734
Train	AUC[ROC]: 0.998221	AUC[PR]: 0.313164
Val	AUC[ROC]: 0.902441	AUC[PR]: 0.155864
Epoch evaluation duration: 28.098664999
Epoch duration: 33.7410678864

Epoch 251/1000
Epoch training duration: 5.89936900139
Train	AUC[ROC]: 0.998172	AUC[PR]: 0.312633
Val	AUC[ROC]: 0.902429	AUC[PR]: 0.146103
Epoch evaluation duration: 28.0662751198
Epoch duration: 33.9656441212

Epoch 252/1000
Epoch training duration: 6.28041887283
Train	AUC[ROC]: 0.998228	AUC[PR]: 0.311761
Val	AUC[ROC]: 0.901090	AUC[PR]: 0.148066
Epoch evaluation duration: 30.1025691032
Epoch duration: 36.3829879761

Epoch 253/1000
Epoch training duration: 5.83230185509
Train	AUC[ROC]: 0.998104	AUC[PR]: 0.304087
Val	AUC[ROC]: 0.904488	AUC[PR]: 0.134645
Epoch evaluation duration: 28.7160351276
Epoch duration: 34.5483369827

Epoch 254/1000
Epoch training duration: 6.00207185745
Train	AUC[ROC]: 0.998158	AUC[PR]: 0.306676
Val	AUC[ROC]: 0.903221	AUC[PR]: 0.141284
Epoch evaluation duration: 27.2827301025
Epoch duration: 33.28480196

Epoch 255/1000
Epoch training duration: 5.90374994278
Train	AUC[ROC]: 0.998142	AUC[PR]: 0.299908
Val	AUC[ROC]: 0.900191	AUC[PR]: 0.130472
Epoch evaluation duration: 26.9131190777
Epoch duration: 32.8168690205

Epoch 256/1000
Epoch training duration: 6.24124097824
Train	AUC[ROC]: 0.998210	AUC[PR]: 0.313184
Val	AUC[ROC]: 0.912609	AUC[PR]: 0.151922
Epoch evaluation duration: 29.0481069088
Epoch duration: 35.289347887

Epoch 257/1000
Epoch training duration: 6.03296303749
Train	AUC[ROC]: 0.998207	AUC[PR]: 0.305363
Val	AUC[ROC]: 0.906191	AUC[PR]: 0.144094
Epoch evaluation duration: 28.4729020596
Epoch duration: 34.505865097

Epoch 258/1000
Epoch training duration: 6.5907459259
Train	AUC[ROC]: 0.998178	AUC[PR]: 0.305883
Val	AUC[ROC]: 0.906983	AUC[PR]: 0.137227
Epoch evaluation duration: 27.0072691441
Epoch duration: 33.59801507

Epoch 259/1000
Epoch training duration: 6.13028287888
Train	AUC[ROC]: 0.998196	AUC[PR]: 0.308544
Val	AUC[ROC]: 0.905196	AUC[PR]: 0.158439
Epoch evaluation duration: 25.8099570274
Epoch duration: 31.9402399063

Epoch 260/1000
Epoch training duration: 6.81711101532
Train	AUC[ROC]: 0.998207	AUC[PR]: 0.313782
Val	AUC[ROC]: 0.901442	AUC[PR]: 0.149987
Epoch evaluation duration: 28.0617489815
Epoch duration: 34.8788599968

Epoch 261/1000
Epoch training duration: 6.37058091164
Train	AUC[ROC]: 0.998201	AUC[PR]: 0.311855
Val	AUC[ROC]: 0.901354	AUC[PR]: 0.145634
Epoch evaluation duration: 30.2108039856
Epoch duration: 36.5813848972

Epoch 262/1000
Epoch training duration: 6.95658612251
Train	AUC[ROC]: 0.998197	AUC[PR]: 0.310143
Val	AUC[ROC]: 0.904667	AUC[PR]: 0.146433
Epoch evaluation duration: 31.6995658875
Epoch duration: 38.65615201

Epoch 263/1000
Epoch training duration: 7.1790561676
Train	AUC[ROC]: 0.998160	AUC[PR]: 0.304668
Val	AUC[ROC]: 0.899479	AUC[PR]: 0.140819
Epoch evaluation duration: 30.7103500366
Epoch duration: 37.8894062042

Epoch 264/1000
Epoch training duration: 7.1302587986
Train	AUC[ROC]: 0.998143	AUC[PR]: 0.305555
Val	AUC[ROC]: 0.906045	AUC[PR]: 0.142540
Epoch evaluation duration: 31.0583770275
Epoch duration: 38.1886358261

Epoch 265/1000
Epoch training duration: 6.5809340477
Train	AUC[ROC]: 0.998220	AUC[PR]: 0.311675
Val	AUC[ROC]: 0.906958	AUC[PR]: 0.147651
Epoch evaluation duration: 30.0639719963
Epoch duration: 36.644906044

Epoch 266/1000
Epoch training duration: 7.15905308723
Train	AUC[ROC]: 0.998079	AUC[PR]: 0.305244
Val	AUC[ROC]: 0.886718	AUC[PR]: 0.140032
Epoch evaluation duration: 30.7401869297
Epoch duration: 37.8992400169

Epoch 267/1000
Epoch training duration: 7.00236105919
Train	AUC[ROC]: 0.998243	AUC[PR]: 0.313612
Val	AUC[ROC]: 0.906281	AUC[PR]: 0.165942
Epoch evaluation duration: 31.2867970467
Epoch duration: 38.2891581059

Epoch 268/1000
Epoch training duration: 6.60115480423
Train	AUC[ROC]: 0.998199	AUC[PR]: 0.308022
Val	AUC[ROC]: 0.910834	AUC[PR]: 0.149312
Epoch evaluation duration: 29.4765090942
Epoch duration: 36.0776638985

Epoch 269/1000
Epoch training duration: 7.30575203896
Train	AUC[ROC]: 0.998207	AUC[PR]: 0.312658
Val	AUC[ROC]: 0.897896	AUC[PR]: 0.160456
Epoch evaluation duration: 28.4539370537
Epoch duration: 35.7596890926

Epoch 270/1000
Epoch training duration: 6.81764793396
Train	AUC[ROC]: 0.998094	AUC[PR]: 0.295972
Val	AUC[ROC]: 0.905010	AUC[PR]: 0.148525
Epoch evaluation duration: 30.2035360336
Epoch duration: 37.0211839676

Epoch 271/1000
Epoch training duration: 6.91891384125
Train	AUC[ROC]: 0.998112	AUC[PR]: 0.293754
Val	AUC[ROC]: 0.906901	AUC[PR]: 0.137449
Epoch evaluation duration: 29.7925670147
Epoch duration: 36.7114808559

Epoch 272/1000
Epoch training duration: 7.02096104622
Train	AUC[ROC]: 0.998213	AUC[PR]: 0.308290
Val	AUC[ROC]: 0.908424	AUC[PR]: 0.153502
Epoch evaluation duration: 31.3304109573
Epoch duration: 38.3513720036

Epoch 273/1000
Epoch training duration: 6.97842216492
Train	AUC[ROC]: 0.998211	AUC[PR]: 0.306737
Val	AUC[ROC]: 0.907315	AUC[PR]: 0.136572
Epoch evaluation duration: 30.0611557961
Epoch duration: 37.039577961

Epoch 274/1000
Epoch training duration: 6.67975115776
Train	AUC[ROC]: 0.998181	AUC[PR]: 0.303576
Val	AUC[ROC]: 0.902080	AUC[PR]: 0.141475
Epoch evaluation duration: 28.7146940231
Epoch duration: 35.3944451809

Epoch 275/1000
Epoch training duration: 6.54991793633
Train	AUC[ROC]: 0.998231	AUC[PR]: 0.309642
Val	AUC[ROC]: 0.907255	AUC[PR]: 0.149133
Epoch evaluation duration: 29.7933659554
Epoch duration: 36.3432838917

Epoch 276/1000
Epoch training duration: 6.42967700958
Train	AUC[ROC]: 0.998218	AUC[PR]: 0.304087
Val	AUC[ROC]: 0.902267	AUC[PR]: 0.138942
Epoch evaluation duration: 27.8535320759
Epoch duration: 34.2832090855

Epoch 277/1000
Epoch training duration: 5.67851185799
Train	AUC[ROC]: 0.998230	AUC[PR]: 0.315084
Val	AUC[ROC]: 0.895736	AUC[PR]: 0.146343
Epoch evaluation duration: 28.6405451298
Epoch duration: 34.3190569878

Epoch 278/1000
Epoch training duration: 6.53231406212
Train	AUC[ROC]: 0.998233	AUC[PR]: 0.307214
Val	AUC[ROC]: 0.900250	AUC[PR]: 0.141527
Epoch evaluation duration: 30.524379015
Epoch duration: 37.0566930771

Epoch 279/1000
Epoch training duration: 6.77779793739
Train	AUC[ROC]: 0.998225	AUC[PR]: 0.309868
Val	AUC[ROC]: 0.903922	AUC[PR]: 0.164079
Epoch evaluation duration: 31.2875800133
Epoch duration: 38.0653779507

Epoch 280/1000
Epoch training duration: 7.44671583176
Train	AUC[ROC]: 0.998167	AUC[PR]: 0.306237
Val	AUC[ROC]: 0.904212	AUC[PR]: 0.136060
Epoch evaluation duration: 28.9950761795
Epoch duration: 36.4417920113

Epoch 281/1000
Epoch training duration: 6.35007190704
Train	AUC[ROC]: 0.998206	AUC[PR]: 0.307375
Val	AUC[ROC]: 0.906527	AUC[PR]: 0.147989
Epoch evaluation duration: 28.3876199722
Epoch duration: 34.7376918793

train precision: 0.265433278111
train roc: 0.997632757139
train hit: 327.0 out of 332.0

val precision: 0.130211589027
val roc: 0.935547182252
val hit: 37.0 out of 56.0

test precision: 0.0681816540153
test roc: 0.896441291264
test hit: 27.0 out of 56.0

ratio: 0.02, EF: 28.5714285714,	active: 56.0
ratio: 0.02, NEF: 0.571428571429
ratio: 0.01, EF: 48.2142857143,	active: 56.0
ratio: 0.01, NEF: 0.482142857143
ratio: 0.0015, EF: 95.2380952381,	active: 56.0
ratio: 0.0015, NEF: 0.142857142857
ratio: 0.001, EF: 71.4285714286,	active: 56.0
ratio: 0.001, NEF: 0.0952380952381

