label_name_list  [u'PriA-SSB AS Activity', u'PriA-SSB AS % inhibition (Primary Median)']
train files  ['../datasets/keck_pria/fold_0.csv' '../datasets/keck_pria/fold_1.csv'
 '../datasets/keck_pria/fold_2.csv' '../datasets/keck_pria/fold_3.csv'
 '../datasets/keck_pria/fold_4.csv' '../datasets/keck_pria/fold_5.csv'
 '../datasets/keck_pria/fold_6.csv' '../datasets/keck_pria/fold_7.csv']
val files  ['../datasets/keck_pria/fold_8.csv']
test files  ['../datasets/keck_pria/fold_9.csv']
done data preparation
Sample Weight	 [20108.58823529 16278.38095238  6836.92       ...    20.99533227
    20.99533227    20.99275362]
Epoch 1/200
Epoch training duration: 14.8613831997
Train	AUC[ROC]: 0.855992	AUC[PR]: 0.041277
Val	AUC[ROC]: 0.866214	AUC[PR]: 0.026938
Epoch evaluation duration: 99.2283289433
Epoch duration: 114.089712143

Epoch 2/200
Epoch training duration: 15.5573558807
Train	AUC[ROC]: 0.869552	AUC[PR]: 0.053400
Val	AUC[ROC]: 0.858347	AUC[PR]: 0.029908
Epoch evaluation duration: 103.05591917
Epoch duration: 118.613275051

Epoch 3/200
Epoch training duration: 15.4133198261
Train	AUC[ROC]: 0.890590	AUC[PR]: 0.056626
Val	AUC[ROC]: 0.872523	AUC[PR]: 0.025329
Epoch evaluation duration: 97.0421261787
Epoch duration: 112.455446005

Epoch 4/200
Epoch training duration: 15.8181579113
Train	AUC[ROC]: 0.908069	AUC[PR]: 0.062170
Val	AUC[ROC]: 0.880159	AUC[PR]: 0.021810
Epoch evaluation duration: 104.14524889
Epoch duration: 119.963406801

Epoch 5/200
Epoch training duration: 16.0128540993
Train	AUC[ROC]: 0.926245	AUC[PR]: 0.084171
Val	AUC[ROC]: 0.893292	AUC[PR]: 0.029132
Epoch evaluation duration: 100.342951059
Epoch duration: 116.355805159

Epoch 6/200
Epoch training duration: 15.7317969799
Train	AUC[ROC]: 0.943809	AUC[PR]: 0.095676
Val	AUC[ROC]: 0.901296	AUC[PR]: 0.038907
Epoch evaluation duration: 104.884585857
Epoch duration: 120.616382837

Epoch 7/200
Epoch training duration: 15.8934400082
Train	AUC[ROC]: 0.951439	AUC[PR]: 0.103977
Val	AUC[ROC]: 0.905077	AUC[PR]: 0.032413
Epoch evaluation duration: 108.205123186
Epoch duration: 124.098563194

Epoch 8/200
Epoch training duration: 16.14782691
Train	AUC[ROC]: 0.960007	AUC[PR]: 0.111782
Val	AUC[ROC]: 0.908747	AUC[PR]: 0.042693
Epoch evaluation duration: 109.076802969
Epoch duration: 125.224629879

Epoch 9/200
Epoch training duration: 16.054708004
Train	AUC[ROC]: 0.965677	AUC[PR]: 0.122848
Val	AUC[ROC]: 0.901787	AUC[PR]: 0.045376
Epoch evaluation duration: 92.9701290131
Epoch duration: 109.024837017

Epoch 10/200
Epoch training duration: 15.9275901318
Train	AUC[ROC]: 0.974566	AUC[PR]: 0.143674
Val	AUC[ROC]: 0.916728	AUC[PR]: 0.051825
Epoch evaluation duration: 97.1446387768
Epoch duration: 113.072228909

Epoch 11/200
Epoch training duration: 16.2694330215
Train	AUC[ROC]: 0.978789	AUC[PR]: 0.155505
Val	AUC[ROC]: 0.918512	AUC[PR]: 0.061278
Epoch evaluation duration: 106.251507998
Epoch duration: 122.520941019

Epoch 12/200
Epoch training duration: 15.1709861755
Train	AUC[ROC]: 0.981918	AUC[PR]: 0.174124
Val	AUC[ROC]: 0.918896	AUC[PR]: 0.069818
Epoch evaluation duration: 102.355022907
Epoch duration: 117.526009083

Epoch 13/200
Epoch training duration: 15.7824120522
Train	AUC[ROC]: 0.984046	AUC[PR]: 0.180792
Val	AUC[ROC]: 0.913800	AUC[PR]: 0.066854
Epoch evaluation duration: 95.3969008923
Epoch duration: 111.179312944

Epoch 14/200
Epoch training duration: 15.6784331799
Train	AUC[ROC]: 0.985038	AUC[PR]: 0.158394
Val	AUC[ROC]: 0.918092	AUC[PR]: 0.066681
Epoch evaluation duration: 101.659811974
Epoch duration: 117.338245153

Epoch 15/200
Epoch training duration: 15.8222019672
Train	AUC[ROC]: 0.985359	AUC[PR]: 0.177036
Val	AUC[ROC]: 0.911332	AUC[PR]: 0.068187
Epoch evaluation duration: 100.667984009
Epoch duration: 116.490185976

Epoch 16/200
Epoch training duration: 15.5789599419
Train	AUC[ROC]: 0.988354	AUC[PR]: 0.181338
Val	AUC[ROC]: 0.920207	AUC[PR]: 0.079898
Epoch evaluation duration: 91.0334410667
Epoch duration: 106.612401009

Epoch 17/200
Epoch training duration: 15.7516930103
Train	AUC[ROC]: 0.990089	AUC[PR]: 0.199876
Val	AUC[ROC]: 0.920664	AUC[PR]: 0.088532
Epoch evaluation duration: 97.5135319233
Epoch duration: 113.265224934

Epoch 18/200
Epoch training duration: 15.198319912
Train	AUC[ROC]: 0.990687	AUC[PR]: 0.203685
Val	AUC[ROC]: 0.927037	AUC[PR]: 0.085539
Epoch evaluation duration: 85.2345011234
Epoch duration: 100.432821035

Epoch 19/200
Epoch training duration: 15.565598011
Train	AUC[ROC]: 0.991374	AUC[PR]: 0.211898
Val	AUC[ROC]: 0.923923	AUC[PR]: 0.103637
Epoch evaluation duration: 89.7083649635
Epoch duration: 105.273962975

Epoch 20/200
Epoch training duration: 15.5676970482
Train	AUC[ROC]: 0.992934	AUC[PR]: 0.229528
Val	AUC[ROC]: 0.924745	AUC[PR]: 0.104601
Epoch evaluation duration: 92.9682929516
Epoch duration: 108.53599

Epoch 21/200
Epoch training duration: 15.2585189342
Train	AUC[ROC]: 0.993090	AUC[PR]: 0.213158
Val	AUC[ROC]: 0.925632	AUC[PR]: 0.102566
Epoch evaluation duration: 110.35742712
Epoch duration: 125.615946054

Epoch 22/200
Epoch training duration: 15.6248729229
Train	AUC[ROC]: 0.993232	AUC[PR]: 0.211164
Val	AUC[ROC]: 0.929219	AUC[PR]: 0.095878
Epoch evaluation duration: 90.5335180759
Epoch duration: 106.158390999

Epoch 23/200
Epoch training duration: 15.1600840092
Train	AUC[ROC]: 0.994066	AUC[PR]: 0.217004
Val	AUC[ROC]: 0.932960	AUC[PR]: 0.105273
Epoch evaluation duration: 92.6597180367
Epoch duration: 107.819802046

Epoch 24/200
Epoch training duration: 15.3091609478
Train	AUC[ROC]: 0.994054	AUC[PR]: 0.219823
Val	AUC[ROC]: 0.919362	AUC[PR]: 0.095922
Epoch evaluation duration: 76.9082758427
Epoch duration: 92.2174367905

Epoch 25/200
Epoch training duration: 15.405878067
Train	AUC[ROC]: 0.994641	AUC[PR]: 0.230838
Val	AUC[ROC]: 0.927572	AUC[PR]: 0.104159
Epoch evaluation duration: 85.8788430691
Epoch duration: 101.284721136

Epoch 26/200
Epoch training duration: 15.2445309162
Train	AUC[ROC]: 0.994560	AUC[PR]: 0.221545
Val	AUC[ROC]: 0.921387	AUC[PR]: 0.101120
Epoch evaluation duration: 84.6586079597
Epoch duration: 99.903138876

Epoch 27/200
Epoch training duration: 15.6894011497
Train	AUC[ROC]: 0.994737	AUC[PR]: 0.227984
Val	AUC[ROC]: 0.926146	AUC[PR]: 0.095818
Epoch evaluation duration: 86.3287718296
Epoch duration: 102.018172979

Epoch 28/200
Epoch training duration: 15.8760662079
Train	AUC[ROC]: 0.994752	AUC[PR]: 0.223097
Val	AUC[ROC]: 0.934977	AUC[PR]: 0.105608
Epoch evaluation duration: 88.8437349796
Epoch duration: 104.719801188

Epoch 29/200
Epoch training duration: 14.9711849689
Train	AUC[ROC]: 0.995021	AUC[PR]: 0.236435
Val	AUC[ROC]: 0.929999	AUC[PR]: 0.117917
Epoch evaluation duration: 92.67273283
Epoch duration: 107.643917799

Epoch 30/200
Epoch training duration: 15.6477620602
Train	AUC[ROC]: 0.995115	AUC[PR]: 0.220282
Val	AUC[ROC]: 0.925703	AUC[PR]: 0.100027
Epoch evaluation duration: 91.5465509892
Epoch duration: 107.194313049

Epoch 31/200
Epoch training duration: 15.4237120152
Train	AUC[ROC]: 0.995241	AUC[PR]: 0.239747
Val	AUC[ROC]: 0.933839	AUC[PR]: 0.101988
Epoch evaluation duration: 80.2565159798
Epoch duration: 95.6802279949

Epoch 32/200
Epoch training duration: 15.5065200329
Train	AUC[ROC]: 0.995111	AUC[PR]: 0.234886
Val	AUC[ROC]: 0.933589	AUC[PR]: 0.102545
Epoch evaluation duration: 78.6458029747
Epoch duration: 94.1523230076

Epoch 33/200
Epoch training duration: 15.4237511158
Train	AUC[ROC]: 0.995449	AUC[PR]: 0.236820
Val	AUC[ROC]: 0.928580	AUC[PR]: 0.102117
Epoch evaluation duration: 101.617281914
Epoch duration: 117.04103303

Epoch 34/200
Epoch training duration: 15.4321269989
Train	AUC[ROC]: 0.995534	AUC[PR]: 0.228415
Val	AUC[ROC]: 0.926659	AUC[PR]: 0.096187
Epoch evaluation duration: 81.1336791515
Epoch duration: 96.5658061504

Epoch 35/200
Epoch training duration: 15.7965798378
Train	AUC[ROC]: 0.995755	AUC[PR]: 0.244617
Val	AUC[ROC]: 0.926519	AUC[PR]: 0.101402
Epoch evaluation duration: 87.7953600883
Epoch duration: 103.591939926

Epoch 36/200
Epoch training duration: 14.9201760292
Train	AUC[ROC]: 0.996114	AUC[PR]: 0.244528
Val	AUC[ROC]: 0.938331	AUC[PR]: 0.106118
Epoch evaluation duration: 98.1410019398
Epoch duration: 113.061177969

Epoch 37/200
Epoch training duration: 15.5005788803
Train	AUC[ROC]: 0.995871	AUC[PR]: 0.228963
Val	AUC[ROC]: 0.934425	AUC[PR]: 0.105535
Epoch evaluation duration: 78.2160480022
Epoch duration: 93.7166268826

Epoch 38/200
Epoch training duration: 14.8737990856
Train	AUC[ROC]: 0.996092	AUC[PR]: 0.251784
Val	AUC[ROC]: 0.943347	AUC[PR]: 0.121388
Epoch evaluation duration: 90.7436130047
Epoch duration: 105.61741209

Epoch 39/200
Epoch training duration: 15.3448610306
Train	AUC[ROC]: 0.996256	AUC[PR]: 0.254218
Val	AUC[ROC]: 0.931452	AUC[PR]: 0.122552
Epoch evaluation duration: 104.787781954
Epoch duration: 120.132642984

Epoch 40/200
Epoch training duration: 15.0896401405
Train	AUC[ROC]: 0.996269	AUC[PR]: 0.252065
Val	AUC[ROC]: 0.935199	AUC[PR]: 0.114219
Epoch evaluation duration: 105.108689785
Epoch duration: 120.198329926

Epoch 41/200
Epoch training duration: 15.3171041012
Train	AUC[ROC]: 0.996116	AUC[PR]: 0.245696
Val	AUC[ROC]: 0.933947	AUC[PR]: 0.095495
Epoch evaluation duration: 86.5020051003
Epoch duration: 101.819109201

Epoch 42/200
Epoch training duration: 15.2275929451
Train	AUC[ROC]: 0.996264	AUC[PR]: 0.244169
Val	AUC[ROC]: 0.929933	AUC[PR]: 0.106524
Epoch evaluation duration: 101.872670889
Epoch duration: 117.100263834

Epoch 43/200
Epoch training duration: 15.1675629616
Train	AUC[ROC]: 0.996350	AUC[PR]: 0.252235
Val	AUC[ROC]: 0.931920	AUC[PR]: 0.104046
Epoch evaluation duration: 104.544344187
Epoch duration: 119.711907148

Epoch 44/200
Epoch training duration: 15.4104318619
Train	AUC[ROC]: 0.996469	AUC[PR]: 0.258886
Val	AUC[ROC]: 0.932138	AUC[PR]: 0.112076
Epoch evaluation duration: 95.4548251629
Epoch duration: 110.865257025

Epoch 45/200
Epoch training duration: 14.994645834
Train	AUC[ROC]: 0.996476	AUC[PR]: 0.246026
Val	AUC[ROC]: 0.938344	AUC[PR]: 0.113705
Epoch evaluation duration: 92.3377101421
Epoch duration: 107.332355976

Epoch 46/200
Epoch training duration: 15.4457628727
Train	AUC[ROC]: 0.996489	AUC[PR]: 0.245667
Val	AUC[ROC]: 0.939541	AUC[PR]: 0.109086
Epoch evaluation duration: 84.7017641068
Epoch duration: 100.147526979

Epoch 47/200
Epoch training duration: 15.304872036
Train	AUC[ROC]: 0.996504	AUC[PR]: 0.248242
Val	AUC[ROC]: 0.942501	AUC[PR]: 0.113644
Epoch evaluation duration: 99.3418858051
Epoch duration: 114.646757841

Epoch 48/200
Epoch training duration: 15.1243810654
Train	AUC[ROC]: 0.996605	AUC[PR]: 0.251986
Val	AUC[ROC]: 0.941285	AUC[PR]: 0.117465
Epoch evaluation duration: 95.5710661411
Epoch duration: 110.695447206

Epoch 49/200
Epoch training duration: 15.5650458336
Train	AUC[ROC]: 0.996509	AUC[PR]: 0.249118
Val	AUC[ROC]: 0.936572	AUC[PR]: 0.111027
Epoch evaluation duration: 93.4976201057
Epoch duration: 109.062665939

Epoch 50/200
Epoch training duration: 14.9648828506
Train	AUC[ROC]: 0.996497	AUC[PR]: 0.245150
Val	AUC[ROC]: 0.938353	AUC[PR]: 0.097453
Epoch evaluation duration: 89.4780511856
Epoch duration: 104.442934036

Epoch 51/200
Epoch training duration: 15.0870718956
Train	AUC[ROC]: 0.996734	AUC[PR]: 0.264791
Val	AUC[ROC]: 0.940258	AUC[PR]: 0.127961
Epoch evaluation duration: 97.9363279343
Epoch duration: 113.02339983

Epoch 52/200
Epoch training duration: 15.364369154
Train	AUC[ROC]: 0.996740	AUC[PR]: 0.246405
Val	AUC[ROC]: 0.935923	AUC[PR]: 0.108981
Epoch evaluation duration: 76.4456059933
Epoch duration: 91.8099751472

Epoch 53/200
Epoch training duration: 15.4076018333
Train	AUC[ROC]: 0.996756	AUC[PR]: 0.247703
Val	AUC[ROC]: 0.940567	AUC[PR]: 0.105349
Epoch evaluation duration: 103.723747015
Epoch duration: 119.131348848

Epoch 54/200
Epoch training duration: 15.6969931126
Train	AUC[ROC]: 0.996797	AUC[PR]: 0.255202
Val	AUC[ROC]: 0.937803	AUC[PR]: 0.107171
Epoch evaluation duration: 100.949028015
Epoch duration: 116.646021128

Epoch 55/200
Epoch training duration: 15.1671910286
Train	AUC[ROC]: 0.996790	AUC[PR]: 0.250369
Val	AUC[ROC]: 0.947966	AUC[PR]: 0.113240
Epoch evaluation duration: 99.956651926
Epoch duration: 115.123842955

Epoch 56/200
Epoch training duration: 15.571764946
Train	AUC[ROC]: 0.996998	AUC[PR]: 0.266257
Val	AUC[ROC]: 0.942237	AUC[PR]: 0.122131
Epoch evaluation duration: 96.6942961216
Epoch duration: 112.266061068

Epoch 57/200
Epoch training duration: 15.3240568638
Train	AUC[ROC]: 0.996891	AUC[PR]: 0.255232
Val	AUC[ROC]: 0.933309	AUC[PR]: 0.112107
Epoch evaluation duration: 89.5852901936
Epoch duration: 104.909347057

Epoch 58/200
Epoch training duration: 15.6097588539
Train	AUC[ROC]: 0.997050	AUC[PR]: 0.259030
Val	AUC[ROC]: 0.938846	AUC[PR]: 0.116026
Epoch evaluation duration: 76.0858790874
Epoch duration: 91.6956379414

Epoch 59/200
Epoch training duration: 14.9956288338
Train	AUC[ROC]: 0.996975	AUC[PR]: 0.262398
Val	AUC[ROC]: 0.946634	AUC[PR]: 0.127702
Epoch evaluation duration: 78.3533580303
Epoch duration: 93.3489868641

Epoch 60/200
Epoch training duration: 15.4874479771
Train	AUC[ROC]: 0.997005	AUC[PR]: 0.256795
Val	AUC[ROC]: 0.943914	AUC[PR]: 0.116314
Epoch evaluation duration: 79.5548000336
Epoch duration: 95.0422480106

Epoch 61/200
Epoch training duration: 15.2089180946
Train	AUC[ROC]: 0.997043	AUC[PR]: 0.259931
Val	AUC[ROC]: 0.942737	AUC[PR]: 0.107757
Epoch evaluation duration: 95.1006779671
Epoch duration: 110.309596062

Epoch 62/200
Epoch training duration: 14.9895091057
Train	AUC[ROC]: 0.997071	AUC[PR]: 0.258740
Val	AUC[ROC]: 0.941566	AUC[PR]: 0.109797
Epoch evaluation duration: 73.7724759579
Epoch duration: 88.7619850636

Epoch 63/200
Epoch training duration: 14.7681219578
Train	AUC[ROC]: 0.997089	AUC[PR]: 0.263902
Val	AUC[ROC]: 0.942928	AUC[PR]: 0.124855
Epoch evaluation duration: 83.7375230789
Epoch duration: 98.5056450367

Epoch 64/200
Epoch training duration: 15.1130549908
Train	AUC[ROC]: 0.996987	AUC[PR]: 0.260060
Val	AUC[ROC]: 0.943700	AUC[PR]: 0.123210
Epoch evaluation duration: 81.9880149364
Epoch duration: 97.1010699272

Epoch 65/200
Epoch training duration: 15.7549180984
Train	AUC[ROC]: 0.997066	AUC[PR]: 0.260621
Val	AUC[ROC]: 0.945458	AUC[PR]: 0.114084
Epoch evaluation duration: 85.4636089802
Epoch duration: 101.218527079

Epoch 66/200
Epoch training duration: 14.7190959454
Train	AUC[ROC]: 0.996964	AUC[PR]: 0.259344
Val	AUC[ROC]: 0.937297	AUC[PR]: 0.112843
Epoch evaluation duration: 90.3539738655
Epoch duration: 105.073069811

Epoch 67/200
Epoch training duration: 15.6447250843
Train	AUC[ROC]: 0.997130	AUC[PR]: 0.265943
Val	AUC[ROC]: 0.946288	AUC[PR]: 0.114889
Epoch evaluation duration: 92.7899799347
Epoch duration: 108.434705019

Epoch 68/200
Epoch training duration: 15.7562191486
Train	AUC[ROC]: 0.996957	AUC[PR]: 0.256054
Val	AUC[ROC]: 0.938454	AUC[PR]: 0.117269
Epoch evaluation duration: 100.969197035
Epoch duration: 116.725416183

Epoch 69/200
Epoch training duration: 15.2387468815
Train	AUC[ROC]: 0.997154	AUC[PR]: 0.279135
Val	AUC[ROC]: 0.941928	AUC[PR]: 0.132128
Epoch evaluation duration: 92.8159239292
Epoch duration: 108.054670811

Epoch 70/200
Epoch training duration: 15.5842261314
Train	AUC[ROC]: 0.997136	AUC[PR]: 0.258428
Val	AUC[ROC]: 0.944651	AUC[PR]: 0.111569
Epoch evaluation duration: 98.6882488728
Epoch duration: 114.272475004

Epoch 71/200
Epoch training duration: 15.4723620415
Train	AUC[ROC]: 0.997284	AUC[PR]: 0.270437
Val	AUC[ROC]: 0.942840	AUC[PR]: 0.120213
Epoch evaluation duration: 86.1643829346
Epoch duration: 101.636744976

Epoch 72/200
Epoch training duration: 15.5946400166
Train	AUC[ROC]: 0.997109	AUC[PR]: 0.260513
Val	AUC[ROC]: 0.939904	AUC[PR]: 0.114698
Epoch evaluation duration: 86.9176630974
Epoch duration: 102.512303114

Epoch 73/200
Epoch training duration: 15.777807951
Train	AUC[ROC]: 0.997182	AUC[PR]: 0.261922
Val	AUC[ROC]: 0.946051	AUC[PR]: 0.115524
Epoch evaluation duration: 90.1631410122
Epoch duration: 105.940948963

Epoch 74/200
Epoch training duration: 15.9172580242
Train	AUC[ROC]: 0.997211	AUC[PR]: 0.259229
Val	AUC[ROC]: 0.948194	AUC[PR]: 0.109251
Epoch evaluation duration: 90.9847331047
Epoch duration: 106.901991129

Epoch 75/200
Epoch training duration: 14.9075088501
Train	AUC[ROC]: 0.997255	AUC[PR]: 0.267826
Val	AUC[ROC]: 0.939101	AUC[PR]: 0.122282
Epoch evaluation duration: 92.3491740227
Epoch duration: 107.256682873

Epoch 76/200
Epoch training duration: 15.2682421207
Train	AUC[ROC]: 0.997238	AUC[PR]: 0.268748
Val	AUC[ROC]: 0.941206	AUC[PR]: 0.124576
Epoch evaluation duration: 77.7838377953
Epoch duration: 93.052079916

Epoch 77/200
Epoch training duration: 15.3496100903
Train	AUC[ROC]: 0.997193	AUC[PR]: 0.261393
Val	AUC[ROC]: 0.937940	AUC[PR]: 0.111188
Epoch evaluation duration: 90.5361700058
Epoch duration: 105.885780096

Epoch 78/200
Epoch training duration: 14.9054551125
Train	AUC[ROC]: 0.997358	AUC[PR]: 0.271765
Val	AUC[ROC]: 0.949558	AUC[PR]: 0.125890
Epoch evaluation duration: 89.8943729401
Epoch duration: 104.799828053

Epoch 79/200
Epoch training duration: 15.4928388596
Train	AUC[ROC]: 0.997429	AUC[PR]: 0.272943
Val	AUC[ROC]: 0.945576	AUC[PR]: 0.125289
Epoch evaluation duration: 91.402121067
Epoch duration: 106.894959927

Epoch 80/200
Epoch training duration: 15.7117340565
Train	AUC[ROC]: 0.997442	AUC[PR]: 0.279319
Val	AUC[ROC]: 0.937722	AUC[PR]: 0.115086
Epoch evaluation duration: 90.6040229797
Epoch duration: 106.315757036

Epoch 81/200
Epoch training duration: 15.7347180843
Train	AUC[ROC]: 0.997338	AUC[PR]: 0.278482
Val	AUC[ROC]: 0.938869	AUC[PR]: 0.117688
Epoch evaluation duration: 84.4125809669
Epoch duration: 100.147299051

Epoch 82/200
Epoch training duration: 15.4106128216
Train	AUC[ROC]: 0.997409	AUC[PR]: 0.272752
Val	AUC[ROC]: 0.948076	AUC[PR]: 0.117109
Epoch evaluation duration: 82.317027092
Epoch duration: 97.7276399136

Epoch 83/200
Epoch training duration: 15.1696820259
Train	AUC[ROC]: 0.997360	AUC[PR]: 0.269876
Val	AUC[ROC]: 0.942584	AUC[PR]: 0.121736
Epoch evaluation duration: 72.7936201096
Epoch duration: 87.9633021355

Epoch 84/200
Epoch training duration: 15.0322799683
Train	AUC[ROC]: 0.997359	AUC[PR]: 0.261385
Val	AUC[ROC]: 0.949452	AUC[PR]: 0.120953
Epoch evaluation duration: 87.7491688728
Epoch duration: 102.781448841

Epoch 85/200
Epoch training duration: 15.4624431133
Train	AUC[ROC]: 0.997409	AUC[PR]: 0.273882
Val	AUC[ROC]: 0.944994	AUC[PR]: 0.118459
Epoch evaluation duration: 75.6414959431
Epoch duration: 91.1039390564

Epoch 86/200
Epoch training duration: 14.9747641087
Train	AUC[ROC]: 0.997391	AUC[PR]: 0.274386
Val	AUC[ROC]: 0.951649	AUC[PR]: 0.112792
Epoch evaluation duration: 78.8555698395
Epoch duration: 93.8303339481

Epoch 87/200
Epoch training duration: 14.8674809933
Train	AUC[ROC]: 0.997479	AUC[PR]: 0.280187
Val	AUC[ROC]: 0.950767	AUC[PR]: 0.134329
Epoch evaluation duration: 79.6118431091
Epoch duration: 94.4793241024

Epoch 88/200
Epoch training duration: 14.8391499519
Train	AUC[ROC]: 0.997418	AUC[PR]: 0.270059
Val	AUC[ROC]: 0.944991	AUC[PR]: 0.118240
Epoch evaluation duration: 95.2296950817
Epoch duration: 110.068845034

Epoch 89/200
Epoch training duration: 15.2680678368
Train	AUC[ROC]: 0.997448	AUC[PR]: 0.275909
Val	AUC[ROC]: 0.948074	AUC[PR]: 0.134564
Epoch evaluation duration: 83.0138881207
Epoch duration: 98.2819559574

Epoch 90/200
Epoch training duration: 15.6674940586
Train	AUC[ROC]: 0.997479	AUC[PR]: 0.273953
Val	AUC[ROC]: 0.952478	AUC[PR]: 0.121592
Epoch evaluation duration: 91.3622219563
Epoch duration: 107.029716015

Epoch 91/200
Epoch training duration: 15.3012619019
Train	AUC[ROC]: 0.997533	AUC[PR]: 0.277126
Val	AUC[ROC]: 0.951617	AUC[PR]: 0.128495
Epoch evaluation duration: 88.345457077
Epoch duration: 103.646718979

Epoch 92/200
Epoch training duration: 14.6672918797
Train	AUC[ROC]: 0.997531	AUC[PR]: 0.275775
Val	AUC[ROC]: 0.954177	AUC[PR]: 0.125415
Epoch evaluation duration: 92.0968110561
Epoch duration: 106.764102936

Epoch 93/200
Epoch training duration: 15.3162801266
Train	AUC[ROC]: 0.997514	AUC[PR]: 0.278792
Val	AUC[ROC]: 0.952399	AUC[PR]: 0.130370
Epoch evaluation duration: 79.7592759132
Epoch duration: 95.0755560398

Epoch 94/200
Epoch training duration: 16.4008219242
Train	AUC[ROC]: 0.997467	AUC[PR]: 0.278617
Val	AUC[ROC]: 0.952227	AUC[PR]: 0.129618
Epoch evaluation duration: 96.891479969
Epoch duration: 113.292301893

Epoch 95/200
Epoch training duration: 15.4296011925
Train	AUC[ROC]: 0.997488	AUC[PR]: 0.273712
Val	AUC[ROC]: 0.948142	AUC[PR]: 0.124689
Epoch evaluation duration: 80.937541008
Epoch duration: 96.3671422005

Epoch 96/200
Epoch training duration: 14.9668049812
Train	AUC[ROC]: 0.997445	AUC[PR]: 0.264332
Val	AUC[ROC]: 0.950881	AUC[PR]: 0.114837
Epoch evaluation duration: 90.8171949387
Epoch duration: 105.78399992

Epoch 97/200
Epoch training duration: 14.8646850586
Train	AUC[ROC]: 0.997497	AUC[PR]: 0.273253
Val	AUC[ROC]: 0.949945	AUC[PR]: 0.129044
Epoch evaluation duration: 83.0920259953
Epoch duration: 97.9567110538

Epoch 98/200
Epoch training duration: 15.1790390015
Train	AUC[ROC]: 0.997510	AUC[PR]: 0.279889
Val	AUC[ROC]: 0.955050	AUC[PR]: 0.131485
Epoch evaluation duration: 112.294703007
Epoch duration: 127.473742008

Epoch 99/200
Epoch training duration: 15.039798975
Train	AUC[ROC]: 0.997515	AUC[PR]: 0.279123
Val	AUC[ROC]: 0.957332	AUC[PR]: 0.130949
Epoch evaluation duration: 93.2756278515
Epoch duration: 108.315426826

Epoch 100/200
Epoch training duration: 16.1423389912
Train	AUC[ROC]: 0.997481	AUC[PR]: 0.284403
Val	AUC[ROC]: 0.953556	AUC[PR]: 0.127586
Epoch evaluation duration: 100.633584976
Epoch duration: 116.775923967

Epoch 101/200
Epoch training duration: 15.3292582035
Train	AUC[ROC]: 0.997483	AUC[PR]: 0.261891
Val	AUC[ROC]: 0.950725	AUC[PR]: 0.116918
Epoch evaluation duration: 97.1568229198
Epoch duration: 112.486081123

Epoch 102/200
Epoch training duration: 15.6934909821
Train	AUC[ROC]: 0.997514	AUC[PR]: 0.274710
Val	AUC[ROC]: 0.953314	AUC[PR]: 0.126533
Epoch evaluation duration: 105.29201293
Epoch duration: 120.985503912

Epoch 103/200
Epoch training duration: 15.3223471642
Train	AUC[ROC]: 0.997600	AUC[PR]: 0.273525
Val	AUC[ROC]: 0.950138	AUC[PR]: 0.127839
Epoch evaluation duration: 80.8527398109
Epoch duration: 96.1750869751

Epoch 104/200
Epoch training duration: 15.3811399937
Train	AUC[ROC]: 0.997616	AUC[PR]: 0.283177
Val	AUC[ROC]: 0.943456	AUC[PR]: 0.129016
Epoch evaluation duration: 92.6347820759
Epoch duration: 108.01592207

Epoch 105/200
Epoch training duration: 15.320045948
Train	AUC[ROC]: 0.997669	AUC[PR]: 0.282707
Val	AUC[ROC]: 0.951737	AUC[PR]: 0.137520
Epoch evaluation duration: 84.3529770374
Epoch duration: 99.6730229855

Epoch 106/200
Epoch training duration: 15.490530014
Train	AUC[ROC]: 0.997590	AUC[PR]: 0.282505
Val	AUC[ROC]: 0.955508	AUC[PR]: 0.131536
Epoch evaluation duration: 81.4423339367
Epoch duration: 96.9328639507

Epoch 107/200
Epoch training duration: 14.5607461929
Train	AUC[ROC]: 0.997622	AUC[PR]: 0.278905
Val	AUC[ROC]: 0.950972	AUC[PR]: 0.121870
Epoch evaluation duration: 96.1352119446
Epoch duration: 110.695958138

Epoch 108/200
Epoch training duration: 15.1631889343
Train	AUC[ROC]: 0.997591	AUC[PR]: 0.288879
Val	AUC[ROC]: 0.948622	AUC[PR]: 0.126446
Epoch evaluation duration: 96.5067191124
Epoch duration: 111.669908047

Epoch 109/200
Epoch training duration: 15.7940509319
Train	AUC[ROC]: 0.997563	AUC[PR]: 0.269006
Val	AUC[ROC]: 0.956830	AUC[PR]: 0.115638
Epoch evaluation duration: 109.798736095
Epoch duration: 125.592787027

Epoch 110/200
Epoch training duration: 15.1341028214
Train	AUC[ROC]: 0.997652	AUC[PR]: 0.285824
Val	AUC[ROC]: 0.953552	AUC[PR]: 0.128386
Epoch evaluation duration: 94.9615969658
Epoch duration: 110.095699787

Epoch 111/200
Epoch training duration: 15.5985450745
Train	AUC[ROC]: 0.997617	AUC[PR]: 0.275047
Val	AUC[ROC]: 0.949199	AUC[PR]: 0.121791
Epoch evaluation duration: 75.095690012
Epoch duration: 90.6942350864

Epoch 112/200
Epoch training duration: 15.4802720547
Train	AUC[ROC]: 0.997666	AUC[PR]: 0.277490
Val	AUC[ROC]: 0.954020	AUC[PR]: 0.123903
Epoch evaluation duration: 63.4674859047
Epoch duration: 78.9477579594

Epoch 113/200
Epoch training duration: 14.7095899582
Train	AUC[ROC]: 0.997699	AUC[PR]: 0.282490
Val	AUC[ROC]: 0.953891	AUC[PR]: 0.130598
Epoch evaluation duration: 59.8901441097
Epoch duration: 74.5997340679

Epoch 114/200
Epoch training duration: 14.8354020119
Train	AUC[ROC]: 0.997725	AUC[PR]: 0.290781
Val	AUC[ROC]: 0.955787	AUC[PR]: 0.136504
Epoch evaluation duration: 80.8893020153
Epoch duration: 95.7247040272

Epoch 115/200
Epoch training duration: 15.3026878834
Train	AUC[ROC]: 0.997703	AUC[PR]: 0.288790
Val	AUC[ROC]: 0.956281	AUC[PR]: 0.130102
Epoch evaluation duration: 79.319519043
Epoch duration: 94.6222069263

Epoch 116/200
Epoch training duration: 15.4295721054
Train	AUC[ROC]: 0.997698	AUC[PR]: 0.284515
Val	AUC[ROC]: 0.957512	AUC[PR]: 0.135673
Epoch evaluation duration: 84.6503078938
Epoch duration: 100.079879999

Epoch 117/200
Epoch training duration: 15.2671310902
Train	AUC[ROC]: 0.997630	AUC[PR]: 0.279118
Val	AUC[ROC]: 0.949707	AUC[PR]: 0.120800
Epoch evaluation duration: 81.1622829437
Epoch duration: 96.4294140339

Epoch 118/200
Epoch training duration: 15.1903350353
Train	AUC[ROC]: 0.997780	AUC[PR]: 0.281952
Val	AUC[ROC]: 0.958402	AUC[PR]: 0.134853
Epoch evaluation duration: 81.4467279911
Epoch duration: 96.6370630264

Epoch 119/200
Epoch training duration: 15.156799078
Train	AUC[ROC]: 0.997694	AUC[PR]: 0.268541
Val	AUC[ROC]: 0.954865	AUC[PR]: 0.131610
Epoch evaluation duration: 78.3826899529
Epoch duration: 93.5394890308

Epoch 120/200
Epoch training duration: 15.4712479115
Train	AUC[ROC]: 0.997610	AUC[PR]: 0.272664
Val	AUC[ROC]: 0.946298	AUC[PR]: 0.122226
Epoch evaluation duration: 83.5889201164
Epoch duration: 99.0601680279

Epoch 121/200
Epoch training duration: 15.2565579414
Train	AUC[ROC]: 0.997640	AUC[PR]: 0.274339
Val	AUC[ROC]: 0.951537	AUC[PR]: 0.124664
Epoch evaluation duration: 79.628139019
Epoch duration: 94.8846969604

Epoch 122/200
Epoch training duration: 14.9091410637
Train	AUC[ROC]: 0.997742	AUC[PR]: 0.286294
Val	AUC[ROC]: 0.953490	AUC[PR]: 0.122309
Epoch evaluation duration: 73.020829916
Epoch duration: 87.9299709797

Epoch 123/200
Epoch training duration: 15.0402040482
Train	AUC[ROC]: 0.997579	AUC[PR]: 0.275197
Val	AUC[ROC]: 0.948251	AUC[PR]: 0.121871
Epoch evaluation duration: 94.8030018806
Epoch duration: 109.843205929

Epoch 124/200
Epoch training duration: 14.4982359409
Train	AUC[ROC]: 0.997687	AUC[PR]: 0.283700
Val	AUC[ROC]: 0.957810	AUC[PR]: 0.121654
Epoch evaluation duration: 88.7037351131
Epoch duration: 103.201971054

Epoch 125/200
Epoch training duration: 14.4241149426
Train	AUC[ROC]: 0.997783	AUC[PR]: 0.289863
Val	AUC[ROC]: 0.955868	AUC[PR]: 0.131709
Epoch evaluation duration: 79.1327660084
Epoch duration: 93.5568809509

Epoch 126/200
Epoch training duration: 14.7567720413
Train	AUC[ROC]: 0.997711	AUC[PR]: 0.280771
Val	AUC[ROC]: 0.953421	AUC[PR]: 0.123221
Epoch evaluation duration: 85.2368619442
Epoch duration: 99.9936339855

Epoch 127/200
Epoch training duration: 14.5058951378
Train	AUC[ROC]: 0.997770	AUC[PR]: 0.286020
Val	AUC[ROC]: 0.957404	AUC[PR]: 0.130182
Epoch evaluation duration: 81.2444219589
Epoch duration: 95.7503170967

Epoch 128/200
Epoch training duration: 14.6740469933
Train	AUC[ROC]: 0.997680	AUC[PR]: 0.284567
Val	AUC[ROC]: 0.950315	AUC[PR]: 0.120713
Epoch evaluation duration: 73.1546988487
Epoch duration: 87.828745842

Epoch 129/200
Epoch training duration: 14.9776291847
Train	AUC[ROC]: 0.997598	AUC[PR]: 0.275586
Val	AUC[ROC]: 0.959425	AUC[PR]: 0.121725
Epoch evaluation duration: 78.1124248505
Epoch duration: 93.0900540352

Epoch 130/200
Epoch training duration: 14.6456880569
Train	AUC[ROC]: 0.997582	AUC[PR]: 0.275946
Val	AUC[ROC]: 0.954960	AUC[PR]: 0.116018
Epoch evaluation duration: 96.5704810619
Epoch duration: 111.216169119

Epoch 131/200
Epoch training duration: 14.9291520119
Train	AUC[ROC]: 0.997769	AUC[PR]: 0.296724
Val	AUC[ROC]: 0.955614	AUC[PR]: 0.125830
Epoch evaluation duration: 84.4881448746
Epoch duration: 99.4172968864

Epoch 132/200
Epoch training duration: 15.2615129948
Train	AUC[ROC]: 0.997710	AUC[PR]: 0.287456
Val	AUC[ROC]: 0.953196	AUC[PR]: 0.119845
Epoch evaluation duration: 93.1452679634
Epoch duration: 108.406780958

Epoch 133/200
Epoch training duration: 15.7811582088
Train	AUC[ROC]: 0.997706	AUC[PR]: 0.289246
Val	AUC[ROC]: 0.959084	AUC[PR]: 0.124908
Epoch evaluation duration: 87.2050318718
Epoch duration: 102.986190081

Epoch 134/200
Epoch training duration: 14.7002761364
Train	AUC[ROC]: 0.997785	AUC[PR]: 0.291203
Val	AUC[ROC]: 0.957099	AUC[PR]: 0.131392
Epoch evaluation duration: 98.2304799557
Epoch duration: 112.930756092

Epoch 135/200
Epoch training duration: 15.1514949799
Train	AUC[ROC]: 0.997772	AUC[PR]: 0.283619
Val	AUC[ROC]: 0.956880	AUC[PR]: 0.127254
Epoch evaluation duration: 79.9065039158
Epoch duration: 95.0579988956

Epoch 136/200
Epoch training duration: 14.9441809654
Train	AUC[ROC]: 0.997786	AUC[PR]: 0.284670
Val	AUC[ROC]: 0.962342	AUC[PR]: 0.128088
Epoch evaluation duration: 85.4689261913
Epoch duration: 100.413107157

Epoch 137/200
Epoch training duration: 14.8517308235
Train	AUC[ROC]: 0.997842	AUC[PR]: 0.289151
Val	AUC[ROC]: 0.960340	AUC[PR]: 0.129726
Epoch evaluation duration: 86.4720580578
Epoch duration: 101.323788881

Epoch 138/200
Epoch training duration: 15.4818351269
Train	AUC[ROC]: 0.997693	AUC[PR]: 0.281044
Val	AUC[ROC]: 0.955401	AUC[PR]: 0.117606
Epoch evaluation duration: 89.401709795
Epoch duration: 104.883544922

Epoch 139/200
Epoch training duration: 14.9098269939
Train	AUC[ROC]: 0.997718	AUC[PR]: 0.280934
Val	AUC[ROC]: 0.952510	AUC[PR]: 0.115598
Epoch evaluation duration: 75.0178852081
Epoch duration: 89.9277122021

Epoch 140/200
Epoch training duration: 15.117005825
Train	AUC[ROC]: 0.997762	AUC[PR]: 0.287157
Val	AUC[ROC]: 0.960970	AUC[PR]: 0.137592
Epoch evaluation duration: 89.6767270565
Epoch duration: 104.793732882

Epoch 141/200
Epoch training duration: 14.9231851101
Train	AUC[ROC]: 0.997762	AUC[PR]: 0.290683
Val	AUC[ROC]: 0.956106	AUC[PR]: 0.130876
Epoch evaluation duration: 97.4117348194
Epoch duration: 112.33491993

Epoch 142/200
Epoch training duration: 15.0832111835
Train	AUC[ROC]: 0.997661	AUC[PR]: 0.282136
Val	AUC[ROC]: 0.959662	AUC[PR]: 0.123165
Epoch evaluation duration: 86.9072029591
Epoch duration: 101.990414143

Epoch 143/200
Epoch training duration: 14.9183650017
Train	AUC[ROC]: 0.997690	AUC[PR]: 0.282998
Val	AUC[ROC]: 0.962460	AUC[PR]: 0.133643
Epoch evaluation duration: 98.0047478676
Epoch duration: 112.923112869

Epoch 144/200
Epoch training duration: 15.1072421074
Train	AUC[ROC]: 0.997777	AUC[PR]: 0.288050
Val	AUC[ROC]: 0.956670	AUC[PR]: 0.132061
Epoch evaluation duration: 91.0667719841
Epoch duration: 106.174014091

Epoch 145/200
Epoch training duration: 15.1444220543
Train	AUC[ROC]: 0.997835	AUC[PR]: 0.291878
Val	AUC[ROC]: 0.958758	AUC[PR]: 0.130946
Epoch evaluation duration: 92.1432688236
Epoch duration: 107.287690878

Epoch 146/200
Epoch training duration: 16.0350542068
Train	AUC[ROC]: 0.997727	AUC[PR]: 0.282185
Val	AUC[ROC]: 0.957408	AUC[PR]: 0.114741
Epoch evaluation duration: 84.596585989
Epoch duration: 100.631640196

Epoch 147/200
Epoch training duration: 14.4940509796
Train	AUC[ROC]: 0.997749	AUC[PR]: 0.285809
Val	AUC[ROC]: 0.955299	AUC[PR]: 0.123966
Epoch evaluation duration: 91.3423149586
Epoch duration: 105.836365938

Epoch 148/200
Epoch training duration: 15.1190729141
Train	AUC[ROC]: 0.997804	AUC[PR]: 0.286855
Val	AUC[ROC]: 0.960965	AUC[PR]: 0.124218
Epoch evaluation duration: 85.9885730743
Epoch duration: 101.107645988

Epoch 149/200
Epoch training duration: 15.0990400314
Train	AUC[ROC]: 0.997853	AUC[PR]: 0.295490
Val	AUC[ROC]: 0.957626	AUC[PR]: 0.128907
Epoch evaluation duration: 92.5050740242
Epoch duration: 107.604114056

Epoch 150/200
Epoch training duration: 14.7867138386
Train	AUC[ROC]: 0.997764	AUC[PR]: 0.288502
Val	AUC[ROC]: 0.953428	AUC[PR]: 0.126685
Epoch evaluation duration: 80.2430241108
Epoch duration: 95.0297379494

Epoch 151/200
Epoch training duration: 14.6627409458
Train	AUC[ROC]: 0.997861	AUC[PR]: 0.291158
Val	AUC[ROC]: 0.957589	AUC[PR]: 0.122140
Epoch evaluation duration: 84.0702619553
Epoch duration: 98.7330029011

Epoch 152/200
Epoch training duration: 14.7975139618
Train	AUC[ROC]: 0.997875	AUC[PR]: 0.292599
Val	AUC[ROC]: 0.960407	AUC[PR]: 0.129044
Epoch evaluation duration: 98.1115310192
Epoch duration: 112.909044981

Epoch 153/200
Epoch training duration: 15.4197311401
Train	AUC[ROC]: 0.997737	AUC[PR]: 0.281050
Val	AUC[ROC]: 0.960958	AUC[PR]: 0.112991
Epoch evaluation duration: 85.8228678703
Epoch duration: 101.24259901

Epoch 154/200
Epoch training duration: 14.8125591278
Train	AUC[ROC]: 0.997775	AUC[PR]: 0.284144
Val	AUC[ROC]: 0.956070	AUC[PR]: 0.124257
Epoch evaluation duration: 82.3973679543
Epoch duration: 97.2099270821

Epoch 155/200
Epoch training duration: 14.5640289783
Train	AUC[ROC]: 0.997810	AUC[PR]: 0.289364
Val	AUC[ROC]: 0.954677	AUC[PR]: 0.126582
Epoch evaluation duration: 89.0527739525
Epoch duration: 103.616802931

Epoch 156/200
Epoch training duration: 14.6114971638
Train	AUC[ROC]: 0.997832	AUC[PR]: 0.291309
Val	AUC[ROC]: 0.955683	AUC[PR]: 0.125549
Epoch evaluation duration: 87.7858819962
Epoch duration: 102.39737916

Epoch 157/200
Epoch training duration: 15.1309309006
Train	AUC[ROC]: 0.997792	AUC[PR]: 0.284030
Val	AUC[ROC]: 0.957490	AUC[PR]: 0.111653
Epoch evaluation duration: 86.8257861137
Epoch duration: 101.956717014

Epoch 158/200
Epoch training duration: 14.8665139675
Train	AUC[ROC]: 0.997695	AUC[PR]: 0.281334
Val	AUC[ROC]: 0.958507	AUC[PR]: 0.114511
Epoch evaluation duration: 72.6966648102
Epoch duration: 87.5631787777

Epoch 159/200
Epoch training duration: 14.9024860859
Train	AUC[ROC]: 0.997759	AUC[PR]: 0.291994
Val	AUC[ROC]: 0.960027	AUC[PR]: 0.123586
Epoch evaluation duration: 84.5552449226
Epoch duration: 99.4577310085

Epoch 160/200
Epoch training duration: 15.2566502094
Train	AUC[ROC]: 0.997782	AUC[PR]: 0.288959
Val	AUC[ROC]: 0.963040	AUC[PR]: 0.124287
Epoch evaluation duration: 86.5920279026
Epoch duration: 101.848678112

Epoch 161/200
Epoch training duration: 15.2679820061
Train	AUC[ROC]: 0.997826	AUC[PR]: 0.290246
Val	AUC[ROC]: 0.958085	AUC[PR]: 0.112939
Epoch evaluation duration: 99.9536259174
Epoch duration: 115.221607924

Epoch 162/200
Epoch training duration: 14.8921871185
Train	AUC[ROC]: 0.997768	AUC[PR]: 0.284559
Val	AUC[ROC]: 0.958927	AUC[PR]: 0.121846
Epoch evaluation duration: 113.673502922
Epoch duration: 128.565690041

Epoch 163/200
Epoch training duration: 14.867344141
Train	AUC[ROC]: 0.997819	AUC[PR]: 0.291841
Val	AUC[ROC]: 0.952282	AUC[PR]: 0.120565
Epoch evaluation duration: 88.883248806
Epoch duration: 103.750592947

Epoch 164/200
Epoch training duration: 14.3619401455
Train	AUC[ROC]: 0.997868	AUC[PR]: 0.294839
Val	AUC[ROC]: 0.956690	AUC[PR]: 0.123334
Epoch evaluation duration: 75.7123179436
Epoch duration: 90.0742580891

Epoch 165/200
Epoch training duration: 14.9910409451
Train	AUC[ROC]: 0.997860	AUC[PR]: 0.293220
Val	AUC[ROC]: 0.956730	AUC[PR]: 0.128378
Epoch evaluation duration: 69.4839680195
Epoch duration: 84.4750089645

Epoch 166/200
Epoch training duration: 14.7577409744
Train	AUC[ROC]: 0.997766	AUC[PR]: 0.283541
Val	AUC[ROC]: 0.962890	AUC[PR]: 0.123109
Epoch evaluation duration: 101.446459055
Epoch duration: 116.204200029

Epoch 167/200
Epoch training duration: 15.3498969078
Train	AUC[ROC]: 0.997773	AUC[PR]: 0.283660
Val	AUC[ROC]: 0.960000	AUC[PR]: 0.119353
Epoch evaluation duration: 95.8197300434
Epoch duration: 111.169626951

Epoch 168/200
Epoch training duration: 14.8541691303
Train	AUC[ROC]: 0.997818	AUC[PR]: 0.286762
Val	AUC[ROC]: 0.958409	AUC[PR]: 0.121192
Epoch evaluation duration: 96.9265348911
Epoch duration: 111.780704021

Epoch 169/200
Epoch training duration: 14.9927139282
Train	AUC[ROC]: 0.997859	AUC[PR]: 0.293848
Val	AUC[ROC]: 0.962850	AUC[PR]: 0.126986
Epoch evaluation duration: 87.4001591206
Epoch duration: 102.392873049

Epoch 170/200
Epoch training duration: 14.9911830425
Train	AUC[ROC]: 0.997903	AUC[PR]: 0.300727
Val	AUC[ROC]: 0.961695	AUC[PR]: 0.124434
Epoch evaluation duration: 69.6351518631
Epoch duration: 84.6263349056

Epoch 171/200
Epoch training duration: 14.8798589706
Train	AUC[ROC]: 0.997818	AUC[PR]: 0.285229
Val	AUC[ROC]: 0.960229	AUC[PR]: 0.119813
Epoch evaluation duration: 85.3638219833
Epoch duration: 100.243680954

Epoch 172/200
Epoch training duration: 15.2576560974
Train	AUC[ROC]: 0.997892	AUC[PR]: 0.294316
Val	AUC[ROC]: 0.961967	AUC[PR]: 0.123983
Epoch evaluation duration: 83.9645500183
Epoch duration: 99.2222061157

Epoch 173/200
Epoch training duration: 16.389234066
Train	AUC[ROC]: 0.997876	AUC[PR]: 0.292846
Val	AUC[ROC]: 0.957632	AUC[PR]: 0.124130
Epoch evaluation duration: 83.6935329437
Epoch duration: 100.08276701

Epoch 174/200
Epoch training duration: 14.4766099453
Train	AUC[ROC]: 0.997935	AUC[PR]: 0.297713
Val	AUC[ROC]: 0.952862	AUC[PR]: 0.128817
Epoch evaluation duration: 103.437309027
Epoch duration: 117.913918972

Epoch 175/200
Epoch training duration: 14.5708389282
Train	AUC[ROC]: 0.997920	AUC[PR]: 0.297473
Val	AUC[ROC]: 0.954154	AUC[PR]: 0.128724
Epoch evaluation duration: 91.0342111588
Epoch duration: 105.605050087

Epoch 176/200
Epoch training duration: 14.8870389462
Train	AUC[ROC]: 0.997855	AUC[PR]: 0.286439
Val	AUC[ROC]: 0.961533	AUC[PR]: 0.118821
Epoch evaluation duration: 92.9999189377
Epoch duration: 107.886957884

Epoch 177/200
Epoch training duration: 14.8733460903
Train	AUC[ROC]: 0.997803	AUC[PR]: 0.287267
Val	AUC[ROC]: 0.957229	AUC[PR]: 0.118332
Epoch evaluation duration: 89.9717199802
Epoch duration: 104.845066071

Epoch 178/200
Epoch training duration: 15.3000040054
Train	AUC[ROC]: 0.997873	AUC[PR]: 0.294359
Val	AUC[ROC]: 0.960742	AUC[PR]: 0.118826
Epoch evaluation duration: 110.177934885
Epoch duration: 125.47793889

Epoch 179/200
Epoch training duration: 15.1404411793
Train	AUC[ROC]: 0.997831	AUC[PR]: 0.290097
Val	AUC[ROC]: 0.949729	AUC[PR]: 0.115872
Epoch evaluation duration: 84.1248128414
Epoch duration: 99.2652540207

Epoch 180/200
Epoch training duration: 14.8258190155
Train	AUC[ROC]: 0.997842	AUC[PR]: 0.290277
Val	AUC[ROC]: 0.956211	AUC[PR]: 0.123053
Epoch evaluation duration: 91.1929011345
Epoch duration: 106.01872015

Epoch 181/200
Epoch training duration: 15.3648099899
Train	AUC[ROC]: 0.997860	AUC[PR]: 0.290297
Val	AUC[ROC]: 0.961439	AUC[PR]: 0.123032
Epoch evaluation duration: 98.5538108349
Epoch duration: 113.918620825

Epoch 182/200
Epoch training duration: 15.1292011738
Train	AUC[ROC]: 0.997893	AUC[PR]: 0.295321
Val	AUC[ROC]: 0.958136	AUC[PR]: 0.127015
Epoch evaluation duration: 106.349502802
Epoch duration: 121.478703976

Epoch 183/200
Epoch training duration: 15.7874920368
Train	AUC[ROC]: 0.997874	AUC[PR]: 0.288683
Val	AUC[ROC]: 0.958489	AUC[PR]: 0.114690
Epoch evaluation duration: 113.829971075
Epoch duration: 129.617463112

Epoch 184/200
Epoch training duration: 14.9885859489
Train	AUC[ROC]: 0.997920	AUC[PR]: 0.296362
Val	AUC[ROC]: 0.958193	AUC[PR]: 0.118618
Epoch evaluation duration: 88.024985075
Epoch duration: 103.013571024

Epoch 185/200
Epoch training duration: 15.4072349072
Train	AUC[ROC]: 0.997927	AUC[PR]: 0.296805
Val	AUC[ROC]: 0.958775	AUC[PR]: 0.125487
Epoch evaluation duration: 95.2599551678
Epoch duration: 110.667190075

Epoch 186/200
Epoch training duration: 15.1982588768
Train	AUC[ROC]: 0.997886	AUC[PR]: 0.294630
Val	AUC[ROC]: 0.958739	AUC[PR]: 0.126349
Epoch evaluation duration: 84.9825730324
Epoch duration: 100.180831909

Epoch 187/200
Epoch training duration: 14.419809103
Train	AUC[ROC]: 0.997914	AUC[PR]: 0.296151
Val	AUC[ROC]: 0.960595	AUC[PR]: 0.118551
Epoch evaluation duration: 89.8076858521
Epoch duration: 104.227494955

Epoch 188/200
Epoch training duration: 14.7272360325
Train	AUC[ROC]: 0.997869	AUC[PR]: 0.292949
Val	AUC[ROC]: 0.953122	AUC[PR]: 0.119415
Epoch evaluation duration: 81.8504331112
Epoch duration: 96.5776691437

Epoch 189/200
Epoch training duration: 15.2552700043
Train	AUC[ROC]: 0.997902	AUC[PR]: 0.297519
Val	AUC[ROC]: 0.960752	AUC[PR]: 0.126553
Epoch evaluation duration: 89.3669679165
Epoch duration: 104.622237921

Epoch 190/200
Epoch training duration: 14.921380043
Train	AUC[ROC]: 0.997905	AUC[PR]: 0.287956
Val	AUC[ROC]: 0.953794	AUC[PR]: 0.123080
Epoch evaluation duration: 84.0432019234
Epoch duration: 98.9645819664

Epoch 191/200
Epoch training duration: 14.5874249935
Train	AUC[ROC]: 0.997892	AUC[PR]: 0.292653
Val	AUC[ROC]: 0.958729	AUC[PR]: 0.120898
Epoch evaluation duration: 74.7501831055
Epoch duration: 89.337608099

Epoch 192/200
Epoch training duration: 15.038105011
Train	AUC[ROC]: 0.997914	AUC[PR]: 0.295204
Val	AUC[ROC]: 0.959580	AUC[PR]: 0.128383
Epoch evaluation duration: 94.9338510036
Epoch duration: 109.971956015

Epoch 193/200
Epoch training duration: 15.4766209126
Train	AUC[ROC]: 0.997870	AUC[PR]: 0.294289
Val	AUC[ROC]: 0.961500	AUC[PR]: 0.125656
Epoch evaluation duration: 74.5936648846
Epoch duration: 90.0702857971

Epoch 194/200
Epoch training duration: 14.974145174
Train	AUC[ROC]: 0.997887	AUC[PR]: 0.295215
Val	AUC[ROC]: 0.953874	AUC[PR]: 0.116889
Epoch evaluation duration: 93.4372529984
Epoch duration: 108.411398172

Epoch 195/200
Epoch training duration: 14.1128869057
Train	AUC[ROC]: 0.997910	AUC[PR]: 0.298793
Val	AUC[ROC]: 0.959183	AUC[PR]: 0.126785
Epoch evaluation duration: 84.0614380836
Epoch duration: 98.1743249893

Epoch 196/200
Epoch training duration: 15.1858179569
Train	AUC[ROC]: 0.997921	AUC[PR]: 0.289308
Val	AUC[ROC]: 0.956805	AUC[PR]: 0.120542
Epoch evaluation duration: 89.7655580044
Epoch duration: 104.951375961

Epoch 197/200
Epoch training duration: 14.3211019039
Train	AUC[ROC]: 0.997990	AUC[PR]: 0.301289
Val	AUC[ROC]: 0.959959	AUC[PR]: 0.126847
Epoch evaluation duration: 75.1797840595
Epoch duration: 89.5008859634

Epoch 198/200
Epoch training duration: 14.8297429085
Train	AUC[ROC]: 0.997908	AUC[PR]: 0.288294
Val	AUC[ROC]: 0.958963	AUC[PR]: 0.119024
Epoch evaluation duration: 104.284640074
Epoch duration: 119.114382982

Epoch 199/200
Epoch training duration: 14.1781051159
Train	AUC[ROC]: 0.997933	AUC[PR]: 0.290346
Val	AUC[ROC]: 0.960837	AUC[PR]: 0.128438
Epoch evaluation duration: 87.0468540192
Epoch duration: 101.224959135

Epoch 200/200
Epoch training duration: 14.74137187
Train	AUC[ROC]: 0.997943	AUC[PR]: 0.292997
Val	AUC[ROC]: 0.956247	AUC[PR]: 0.119912
Epoch evaluation duration: 79.2215371132
Epoch duration: 93.9629089832

train precision: 0.288958645445
train roc: 0.997781739141
train hit: 442.0 out of 444.0

val precision: 0.12428691954
val roc: 0.963040273375
val hit: 37.0 out of 55.0

test precision: 0.0625363119862
test roc: 0.89692581041
test hit: 24.0 out of 55.0

ratio: 0.02, EF: 27.2727272727,	active: 55.0
ratio: 0.02, NEF: 0.545454545455
ratio: 0.01, EF: 43.6363636364,	active: 55.0
ratio: 0.01, NEF: 0.436363636364
ratio: 0.0015, EF: 96.9696969697,	active: 55.0
ratio: 0.0015, NEF: 0.145454545455
ratio: 0.001, EF: 72.7272727273,	active: 55.0
ratio: 0.001, NEF: 0.0952380952381

