label_name_list  [u'PriA-SSB AS Activity', u'PriA-SSB AS % inhibition (Primary Median)']
train files  ['../datasets/keck_pria/fold_0.csv' '../datasets/keck_pria/fold_1.csv'
 '../datasets/keck_pria/fold_4.csv' '../datasets/keck_pria/fold_5.csv'
 '../datasets/keck_pria/fold_6.csv' '../datasets/keck_pria/fold_7.csv']
val files  ['../datasets/keck_pria/fold_2.csv']
test files  ['../datasets/keck_pria/fold_3.csv']
done data preparation
Sample Weight	 [2.56375000e+04 1.70916667e+04 6.74671053e+03 ... 2.11199440e+01
 2.11199440e+01 2.09012718e+01]
Epoch 1/200
Epoch training duration: 14.8454461098
Train	AUC[ROC]: 0.859069	AUC[PR]: 0.056241
Val	AUC[ROC]: 0.832648	AUC[PR]: 0.059103
Epoch evaluation duration: 76.7699868679
Epoch duration: 91.6154329777

Epoch 2/200
Epoch training duration: 11.3101420403
Train	AUC[ROC]: 0.866211	AUC[PR]: 0.071338
Val	AUC[ROC]: 0.836759	AUC[PR]: 0.088212
Epoch evaluation duration: 69.9471740723
Epoch duration: 81.2573161125

Epoch 3/200
Epoch training duration: 11.4702310562
Train	AUC[ROC]: 0.870853	AUC[PR]: 0.076828
Val	AUC[ROC]: 0.832263	AUC[PR]: 0.093417
Epoch evaluation duration: 71.061439991
Epoch duration: 82.5316710472

Epoch 4/200
Epoch training duration: 12.0072329044
Train	AUC[ROC]: 0.875737	AUC[PR]: 0.073743
Val	AUC[ROC]: 0.825930	AUC[PR]: 0.093063
Epoch evaluation duration: 68.1129519939
Epoch duration: 80.1201848984

Epoch 5/200
Epoch training duration: 11.5652050972
Train	AUC[ROC]: 0.885241	AUC[PR]: 0.076340
Val	AUC[ROC]: 0.825776	AUC[PR]: 0.093786
Epoch evaluation duration: 68.5334248543
Epoch duration: 80.0986299515

Epoch 6/200
Epoch training duration: 11.3006520271
Train	AUC[ROC]: 0.894858	AUC[PR]: 0.073159
Val	AUC[ROC]: 0.826731	AUC[PR]: 0.080734
Epoch evaluation duration: 71.7051520348
Epoch duration: 83.0058040619

Epoch 7/200
Epoch training duration: 13.1550040245
Train	AUC[ROC]: 0.906708	AUC[PR]: 0.080318
Val	AUC[ROC]: 0.831005	AUC[PR]: 0.084800
Epoch evaluation duration: 82.9469649792
Epoch duration: 96.1019690037

Epoch 8/200
Epoch training duration: 13.3691170216
Train	AUC[ROC]: 0.919022	AUC[PR]: 0.089245
Val	AUC[ROC]: 0.836650	AUC[PR]: 0.086676
Epoch evaluation duration: 82.0628070831
Epoch duration: 95.4319241047

Epoch 9/200
Epoch training duration: 13.4615550041
Train	AUC[ROC]: 0.928923	AUC[PR]: 0.098807
Val	AUC[ROC]: 0.839037	AUC[PR]: 0.094762
Epoch evaluation duration: 82.0891737938
Epoch duration: 95.5507287979

Epoch 10/200
Epoch training duration: 13.1055381298
Train	AUC[ROC]: 0.937420	AUC[PR]: 0.102589
Val	AUC[ROC]: 0.839317	AUC[PR]: 0.095157
Epoch evaluation duration: 81.8550300598
Epoch duration: 94.9605681896

Epoch 11/200
Epoch training duration: 13.295953989
Train	AUC[ROC]: 0.945385	AUC[PR]: 0.120059
Val	AUC[ROC]: 0.841773	AUC[PR]: 0.106316
Epoch evaluation duration: 82.4426259995
Epoch duration: 95.7385799885

Epoch 12/200
Epoch training duration: 13.2026269436
Train	AUC[ROC]: 0.951134	AUC[PR]: 0.121100
Val	AUC[ROC]: 0.841698	AUC[PR]: 0.106494
Epoch evaluation duration: 82.5438609123
Epoch duration: 95.7464878559

Epoch 13/200
Epoch training duration: 13.3147530556
Train	AUC[ROC]: 0.956586	AUC[PR]: 0.131409
Val	AUC[ROC]: 0.841194	AUC[PR]: 0.102883
Epoch evaluation duration: 82.5202410221
Epoch duration: 95.8349940777

Epoch 14/200
Epoch training duration: 13.1224889755
Train	AUC[ROC]: 0.961872	AUC[PR]: 0.144568
Val	AUC[ROC]: 0.845487	AUC[PR]: 0.107639
Epoch evaluation duration: 81.4753320217
Epoch duration: 94.5978209972

Epoch 15/200
Epoch training duration: 13.6043639183
Train	AUC[ROC]: 0.964863	AUC[PR]: 0.154340
Val	AUC[ROC]: 0.842637	AUC[PR]: 0.113194
Epoch evaluation duration: 81.9333770275
Epoch duration: 95.5377409458

Epoch 16/200
Epoch training duration: 13.3427569866
Train	AUC[ROC]: 0.968536	AUC[PR]: 0.158099
Val	AUC[ROC]: 0.845927	AUC[PR]: 0.103848
Epoch evaluation duration: 82.8647279739
Epoch duration: 96.2074849606

Epoch 17/200
Epoch training duration: 13.1856741905
Train	AUC[ROC]: 0.971780	AUC[PR]: 0.166853
Val	AUC[ROC]: 0.844823	AUC[PR]: 0.115919
Epoch evaluation duration: 82.3701758385
Epoch duration: 95.555850029

Epoch 18/200
Epoch training duration: 13.1319720745
Train	AUC[ROC]: 0.974780	AUC[PR]: 0.183723
Val	AUC[ROC]: 0.848662	AUC[PR]: 0.108598
Epoch evaluation duration: 81.8702869415
Epoch duration: 95.002259016

Epoch 19/200
Epoch training duration: 13.091012001
Train	AUC[ROC]: 0.977136	AUC[PR]: 0.177401
Val	AUC[ROC]: 0.846883	AUC[PR]: 0.118017
Epoch evaluation duration: 82.1474859715
Epoch duration: 95.2384979725

Epoch 20/200
Epoch training duration: 13.455643177
Train	AUC[ROC]: 0.979281	AUC[PR]: 0.184806
Val	AUC[ROC]: 0.847001	AUC[PR]: 0.102396
Epoch evaluation duration: 82.5083079338
Epoch duration: 95.9639511108

Epoch 21/200
Epoch training duration: 13.4215679169
Train	AUC[ROC]: 0.981703	AUC[PR]: 0.190247
Val	AUC[ROC]: 0.846087	AUC[PR]: 0.112719
Epoch evaluation duration: 82.0415279865
Epoch duration: 95.4630959034

Epoch 22/200
Epoch training duration: 13.0163650513
Train	AUC[ROC]: 0.983666	AUC[PR]: 0.189322
Val	AUC[ROC]: 0.850318	AUC[PR]: 0.101440
Epoch evaluation duration: 82.4034759998
Epoch duration: 95.4198410511

Epoch 23/200
Epoch training duration: 13.0073950291
Train	AUC[ROC]: 0.985274	AUC[PR]: 0.208381
Val	AUC[ROC]: 0.846292	AUC[PR]: 0.126630
Epoch evaluation duration: 81.7899708748
Epoch duration: 94.7973659039

Epoch 24/200
Epoch training duration: 13.4241840839
Train	AUC[ROC]: 0.986723	AUC[PR]: 0.197473
Val	AUC[ROC]: 0.848707	AUC[PR]: 0.099609
Epoch evaluation duration: 81.33522892
Epoch duration: 94.7594130039

Epoch 25/200
Epoch training duration: 13.4457371235
Train	AUC[ROC]: 0.988439	AUC[PR]: 0.213738
Val	AUC[ROC]: 0.849147	AUC[PR]: 0.105667
Epoch evaluation duration: 81.4557209015
Epoch duration: 94.901458025

Epoch 26/200
Epoch training duration: 13.2998671532
Train	AUC[ROC]: 0.989082	AUC[PR]: 0.195466
Val	AUC[ROC]: 0.846023	AUC[PR]: 0.102297
Epoch evaluation duration: 81.7036569118
Epoch duration: 95.003524065

Epoch 27/200
Epoch training duration: 13.455477953
Train	AUC[ROC]: 0.991187	AUC[PR]: 0.240535
Val	AUC[ROC]: 0.848989	AUC[PR]: 0.113988
Epoch evaluation duration: 82.0977330208
Epoch duration: 95.5532109737

Epoch 28/200
Epoch training duration: 13.0178329945
Train	AUC[ROC]: 0.991681	AUC[PR]: 0.217234
Val	AUC[ROC]: 0.853302	AUC[PR]: 0.113895
Epoch evaluation duration: 82.1511600018
Epoch duration: 95.1689929962

Epoch 29/200
Epoch training duration: 12.8949999809
Train	AUC[ROC]: 0.992036	AUC[PR]: 0.231034
Val	AUC[ROC]: 0.850634	AUC[PR]: 0.118445
Epoch evaluation duration: 82.0315771103
Epoch duration: 94.9265770912

Epoch 30/200
Epoch training duration: 13.1785449982
Train	AUC[ROC]: 0.992604	AUC[PR]: 0.214176
Val	AUC[ROC]: 0.854412	AUC[PR]: 0.098931
Epoch evaluation duration: 83.4446849823
Epoch duration: 96.6232299805

Epoch 31/200
Epoch training duration: 13.1892280579
Train	AUC[ROC]: 0.993334	AUC[PR]: 0.228994
Val	AUC[ROC]: 0.852896	AUC[PR]: 0.111498
Epoch evaluation duration: 81.7863287926
Epoch duration: 94.9755568504

Epoch 32/200
Epoch training duration: 13.0813190937
Train	AUC[ROC]: 0.993939	AUC[PR]: 0.235179
Val	AUC[ROC]: 0.858527	AUC[PR]: 0.115351
Epoch evaluation duration: 74.2573020458
Epoch duration: 87.3386211395

Epoch 33/200
Epoch training duration: 11.4766168594
Train	AUC[ROC]: 0.994265	AUC[PR]: 0.247460
Val	AUC[ROC]: 0.855138	AUC[PR]: 0.115442
Epoch evaluation duration: 72.2047131062
Epoch duration: 83.6813299656

Epoch 34/200
Epoch training duration: 13.4230439663
Train	AUC[ROC]: 0.994478	AUC[PR]: 0.233716
Val	AUC[ROC]: 0.859414	AUC[PR]: 0.110932
Epoch evaluation duration: 82.3126039505
Epoch duration: 95.7356479168

Epoch 35/200
Epoch training duration: 13.1837542057
Train	AUC[ROC]: 0.994962	AUC[PR]: 0.239299
Val	AUC[ROC]: 0.856741	AUC[PR]: 0.103040
Epoch evaluation duration: 82.2468488216
Epoch duration: 95.4306030273

Epoch 36/200
Epoch training duration: 13.1096830368
Train	AUC[ROC]: 0.995110	AUC[PR]: 0.234236
Val	AUC[ROC]: 0.854102	AUC[PR]: 0.117981
Epoch evaluation duration: 81.9644241333
Epoch duration: 95.0741071701

Epoch 37/200
Epoch training duration: 13.1558218002
Train	AUC[ROC]: 0.995157	AUC[PR]: 0.249796
Val	AUC[ROC]: 0.858088	AUC[PR]: 0.103069
Epoch evaluation duration: 83.0103690624
Epoch duration: 96.1661908627

Epoch 38/200
Epoch training duration: 13.0287640095
Train	AUC[ROC]: 0.995600	AUC[PR]: 0.255050
Val	AUC[ROC]: 0.862635	AUC[PR]: 0.130644
Epoch evaluation duration: 81.3254210949
Epoch duration: 94.3541851044

Epoch 39/200
Epoch training duration: 13.3828539848
Train	AUC[ROC]: 0.995610	AUC[PR]: 0.252482
Val	AUC[ROC]: 0.857190	AUC[PR]: 0.111776
Epoch evaluation duration: 81.6515059471
Epoch duration: 95.0343599319

Epoch 40/200
Epoch training duration: 13.2730910778
Train	AUC[ROC]: 0.995782	AUC[PR]: 0.253431
Val	AUC[ROC]: 0.865079	AUC[PR]: 0.108710
Epoch evaluation duration: 82.3622670174
Epoch duration: 95.6353580952

Epoch 41/200
Epoch training duration: 13.5407299995
Train	AUC[ROC]: 0.995920	AUC[PR]: 0.258632
Val	AUC[ROC]: 0.861771	AUC[PR]: 0.119777
Epoch evaluation duration: 82.2036089897
Epoch duration: 95.7443389893

Epoch 42/200
Epoch training duration: 13.3455169201
Train	AUC[ROC]: 0.996025	AUC[PR]: 0.249042
Val	AUC[ROC]: 0.864049	AUC[PR]: 0.114218
Epoch evaluation duration: 82.6436460018
Epoch duration: 95.9891629219

Epoch 43/200
Epoch training duration: 13.1884479523
Train	AUC[ROC]: 0.996138	AUC[PR]: 0.256843
Val	AUC[ROC]: 0.872797	AUC[PR]: 0.113284
Epoch evaluation duration: 82.7250521183
Epoch duration: 95.9135000706

Epoch 44/200
Epoch training duration: 13.1914479733
Train	AUC[ROC]: 0.996293	AUC[PR]: 0.258333
Val	AUC[ROC]: 0.868174	AUC[PR]: 0.120485
Epoch evaluation duration: 82.4215369225
Epoch duration: 95.6129848957

Epoch 45/200
Epoch training duration: 13.4425499439
Train	AUC[ROC]: 0.996156	AUC[PR]: 0.257540
Val	AUC[ROC]: 0.872207	AUC[PR]: 0.117004
Epoch evaluation duration: 82.0839161873
Epoch duration: 95.5264661312

Epoch 46/200
Epoch training duration: 12.9508528709
Train	AUC[ROC]: 0.996538	AUC[PR]: 0.271407
Val	AUC[ROC]: 0.876379	AUC[PR]: 0.123921
Epoch evaluation duration: 82.9276070595
Epoch duration: 95.8784599304

Epoch 47/200
Epoch training duration: 13.0799050331
Train	AUC[ROC]: 0.996524	AUC[PR]: 0.261915
Val	AUC[ROC]: 0.874062	AUC[PR]: 0.113890
Epoch evaluation duration: 83.6323618889
Epoch duration: 96.712266922

Epoch 48/200
Epoch training duration: 13.3363370895
Train	AUC[ROC]: 0.996616	AUC[PR]: 0.262788
Val	AUC[ROC]: 0.876116	AUC[PR]: 0.120299
Epoch evaluation duration: 82.7330849171
Epoch duration: 96.0694220066

Epoch 49/200
Epoch training duration: 13.2242259979
Train	AUC[ROC]: 0.996421	AUC[PR]: 0.246814
Val	AUC[ROC]: 0.877044	AUC[PR]: 0.116080
Epoch evaluation duration: 82.0505521297
Epoch duration: 95.2747781277

Epoch 50/200
Epoch training duration: 13.2582519054
Train	AUC[ROC]: 0.996688	AUC[PR]: 0.258677
Val	AUC[ROC]: 0.877352	AUC[PR]: 0.115866
Epoch evaluation duration: 82.2626490593
Epoch duration: 95.5209009647

Epoch 51/200
Epoch training duration: 13.4043810368
Train	AUC[ROC]: 0.996797	AUC[PR]: 0.271556
Val	AUC[ROC]: 0.884145	AUC[PR]: 0.123170
Epoch evaluation duration: 82.0000679493
Epoch duration: 95.4044489861

Epoch 52/200
Epoch training duration: 13.4244480133
Train	AUC[ROC]: 0.996799	AUC[PR]: 0.267225
Val	AUC[ROC]: 0.878434	AUC[PR]: 0.123624
Epoch evaluation duration: 82.7425749302
Epoch duration: 96.1670229435

Epoch 53/200
Epoch training duration: 13.1853508949
Train	AUC[ROC]: 0.996840	AUC[PR]: 0.269166
Val	AUC[ROC]: 0.880840	AUC[PR]: 0.126887
Epoch evaluation duration: 82.2903721333
Epoch duration: 95.4757230282

Epoch 54/200
Epoch training duration: 13.2718279362
Train	AUC[ROC]: 0.996979	AUC[PR]: 0.276503
Val	AUC[ROC]: 0.883362	AUC[PR]: 0.132496
Epoch evaluation duration: 82.7676200867
Epoch duration: 96.0394480228

Epoch 55/200
Epoch training duration: 13.0635709763
Train	AUC[ROC]: 0.996851	AUC[PR]: 0.264136
Val	AUC[ROC]: 0.882459	AUC[PR]: 0.121575
Epoch evaluation duration: 82.5848829746
Epoch duration: 95.6484539509

Epoch 56/200
Epoch training duration: 13.1706380844
Train	AUC[ROC]: 0.997007	AUC[PR]: 0.269821
Val	AUC[ROC]: 0.887004	AUC[PR]: 0.128299
Epoch evaluation duration: 83.2953159809
Epoch duration: 96.4659540653

Epoch 57/200
Epoch training duration: 12.9968268871
Train	AUC[ROC]: 0.996986	AUC[PR]: 0.262003
Val	AUC[ROC]: 0.891006	AUC[PR]: 0.118725
Epoch evaluation duration: 82.3111081123
Epoch duration: 95.3079349995

Epoch 58/200
Epoch training duration: 13.7536289692
Train	AUC[ROC]: 0.997096	AUC[PR]: 0.270291
Val	AUC[ROC]: 0.884144	AUC[PR]: 0.120779
Epoch evaluation duration: 81.7333269119
Epoch duration: 95.4869558811

Epoch 59/200
Epoch training duration: 13.057746172
Train	AUC[ROC]: 0.996941	AUC[PR]: 0.272960
Val	AUC[ROC]: 0.887293	AUC[PR]: 0.122531
Epoch evaluation duration: 81.8615899086
Epoch duration: 94.9193360806

Epoch 60/200
Epoch training duration: 13.2758800983
Train	AUC[ROC]: 0.997057	AUC[PR]: 0.271198
Val	AUC[ROC]: 0.888441	AUC[PR]: 0.114452
Epoch evaluation duration: 82.7257328033
Epoch duration: 96.0016129017

Epoch 61/200
Epoch training duration: 13.3890740871
Train	AUC[ROC]: 0.997213	AUC[PR]: 0.276878
Val	AUC[ROC]: 0.890122	AUC[PR]: 0.135488
Epoch evaluation duration: 82.4083099365
Epoch duration: 95.7973840237

Epoch 62/200
Epoch training duration: 13.3087921143
Train	AUC[ROC]: 0.997198	AUC[PR]: 0.271365
Val	AUC[ROC]: 0.892502	AUC[PR]: 0.123429
Epoch evaluation duration: 82.3783569336
Epoch duration: 95.6871490479

Epoch 63/200
Epoch training duration: 13.272413969
Train	AUC[ROC]: 0.997279	AUC[PR]: 0.277408
Val	AUC[ROC]: 0.892927	AUC[PR]: 0.120107
Epoch evaluation duration: 81.4492230415
Epoch duration: 94.7216370106

Epoch 64/200
Epoch training duration: 13.3284950256
Train	AUC[ROC]: 0.997320	AUC[PR]: 0.279154
Val	AUC[ROC]: 0.894296	AUC[PR]: 0.129323
Epoch evaluation duration: 81.5536119938
Epoch duration: 94.8821070194

Epoch 65/200
Epoch training duration: 13.1241838932
Train	AUC[ROC]: 0.997231	AUC[PR]: 0.266827
Val	AUC[ROC]: 0.890201	AUC[PR]: 0.114731
Epoch evaluation duration: 82.0563950539
Epoch duration: 95.1805789471

Epoch 66/200
Epoch training duration: 13.086014986
Train	AUC[ROC]: 0.997368	AUC[PR]: 0.284072
Val	AUC[ROC]: 0.897681	AUC[PR]: 0.123109
Epoch evaluation duration: 82.4774610996
Epoch duration: 95.5634760857

Epoch 67/200
Epoch training duration: 13.1830439568
Train	AUC[ROC]: 0.997272	AUC[PR]: 0.271381
Val	AUC[ROC]: 0.892619	AUC[PR]: 0.122425
Epoch evaluation duration: 82.3438510895
Epoch duration: 95.5268950462

Epoch 68/200
Epoch training duration: 13.2394938469
Train	AUC[ROC]: 0.997405	AUC[PR]: 0.282520
Val	AUC[ROC]: 0.899873	AUC[PR]: 0.131371
Epoch evaluation duration: 83.1715950966
Epoch duration: 96.4110889435

Epoch 69/200
Epoch training duration: 13.2305779457
Train	AUC[ROC]: 0.997412	AUC[PR]: 0.279199
Val	AUC[ROC]: 0.901189	AUC[PR]: 0.132072
Epoch evaluation duration: 82.3253819942
Epoch duration: 95.55595994

Epoch 70/200
Epoch training duration: 13.6074440479
Train	AUC[ROC]: 0.997400	AUC[PR]: 0.284561
Val	AUC[ROC]: 0.902391	AUC[PR]: 0.119626
Epoch evaluation duration: 81.7061560154
Epoch duration: 95.3136000633

Epoch 71/200
Epoch training duration: 13.338176012
Train	AUC[ROC]: 0.997352	AUC[PR]: 0.275779
Val	AUC[ROC]: 0.901372	AUC[PR]: 0.142721
Epoch evaluation duration: 82.6852588654
Epoch duration: 96.0234348774

Epoch 72/200
Epoch training duration: 13.4242031574
Train	AUC[ROC]: 0.997389	AUC[PR]: 0.273051
Val	AUC[ROC]: 0.899211	AUC[PR]: 0.123719
Epoch evaluation duration: 82.187912941
Epoch duration: 95.6121160984

Epoch 73/200
Epoch training duration: 13.2509138584
Train	AUC[ROC]: 0.997448	AUC[PR]: 0.288379
Val	AUC[ROC]: 0.902935	AUC[PR]: 0.120088
Epoch evaluation duration: 83.9194431305
Epoch duration: 97.1703569889

Epoch 74/200
Epoch training duration: 13.4689729214
Train	AUC[ROC]: 0.997451	AUC[PR]: 0.278977
Val	AUC[ROC]: 0.901196	AUC[PR]: 0.125656
Epoch evaluation duration: 81.8647680283
Epoch duration: 95.3337409496

Epoch 75/200
Epoch training duration: 13.1935081482
Train	AUC[ROC]: 0.997454	AUC[PR]: 0.281900
Val	AUC[ROC]: 0.904454	AUC[PR]: 0.121644
Epoch evaluation duration: 81.5056138039
Epoch duration: 94.6991219521

Epoch 76/200
Epoch training duration: 13.2379710674
Train	AUC[ROC]: 0.997419	AUC[PR]: 0.285110
Val	AUC[ROC]: 0.902603	AUC[PR]: 0.126493
Epoch evaluation duration: 82.0683009624
Epoch duration: 95.3062720299

Epoch 77/200
Epoch training duration: 13.569945097
Train	AUC[ROC]: 0.997528	AUC[PR]: 0.289681
Val	AUC[ROC]: 0.901739	AUC[PR]: 0.134473
Epoch evaluation duration: 81.6379508972
Epoch duration: 95.2078959942

Epoch 78/200
Epoch training duration: 13.013833046
Train	AUC[ROC]: 0.997454	AUC[PR]: 0.278952
Val	AUC[ROC]: 0.904679	AUC[PR]: 0.119590
Epoch evaluation duration: 82.4486401081
Epoch duration: 95.4624731541

Epoch 79/200
Epoch training duration: 13.1418659687
Train	AUC[ROC]: 0.997514	AUC[PR]: 0.285428
Val	AUC[ROC]: 0.898892	AUC[PR]: 0.125823
Epoch evaluation duration: 82.0794999599
Epoch duration: 95.2213659286

Epoch 80/200
Epoch training duration: 13.0296180248
Train	AUC[ROC]: 0.997486	AUC[PR]: 0.276781
Val	AUC[ROC]: 0.904687	AUC[PR]: 0.151957
Epoch evaluation duration: 81.8027079105
Epoch duration: 94.8323259354

Epoch 81/200
Epoch training duration: 13.2136030197
Train	AUC[ROC]: 0.997538	AUC[PR]: 0.283840
Val	AUC[ROC]: 0.896355	AUC[PR]: 0.128413
Epoch evaluation duration: 81.977684021
Epoch duration: 95.1912870407

Epoch 82/200
Epoch training duration: 13.195442915
Train	AUC[ROC]: 0.997581	AUC[PR]: 0.285219
Val	AUC[ROC]: 0.905136	AUC[PR]: 0.156972
Epoch evaluation duration: 82.7912690639
Epoch duration: 95.9867119789

Epoch 83/200
Epoch training duration: 13.3533380032
Train	AUC[ROC]: 0.997586	AUC[PR]: 0.292038
Val	AUC[ROC]: 0.905910	AUC[PR]: 0.128729
Epoch evaluation duration: 82.2377889156
Epoch duration: 95.5911269188

Epoch 84/200
Epoch training duration: 13.2408771515
Train	AUC[ROC]: 0.997596	AUC[PR]: 0.289098
Val	AUC[ROC]: 0.904433	AUC[PR]: 0.132176
Epoch evaluation duration: 82.3456509113
Epoch duration: 95.5865280628

Epoch 85/200
Epoch training duration: 13.2097229958
Train	AUC[ROC]: 0.997642	AUC[PR]: 0.284496
Val	AUC[ROC]: 0.908628	AUC[PR]: 0.134953
Epoch evaluation duration: 72.6516261101
Epoch duration: 85.8613491058

Epoch 86/200
Epoch training duration: 11.4528808594
Train	AUC[ROC]: 0.997658	AUC[PR]: 0.296755
Val	AUC[ROC]: 0.906224	AUC[PR]: 0.136570
Epoch evaluation duration: 74.6428720951
Epoch duration: 86.0957529545

Epoch 87/200
Epoch training duration: 13.5673110485
Train	AUC[ROC]: 0.997565	AUC[PR]: 0.282551
Val	AUC[ROC]: 0.904488	AUC[PR]: 0.120343
Epoch evaluation duration: 81.7533628941
Epoch duration: 95.3206739426

Epoch 88/200
Epoch training duration: 13.8354840279
Train	AUC[ROC]: 0.997653	AUC[PR]: 0.292046
Val	AUC[ROC]: 0.907141	AUC[PR]: 0.136588
Epoch evaluation duration: 81.8223040104
Epoch duration: 95.6577880383

Epoch 89/200
Epoch training duration: 13.2563788891
Train	AUC[ROC]: 0.997727	AUC[PR]: 0.296128
Val	AUC[ROC]: 0.908832	AUC[PR]: 0.146368
Epoch evaluation duration: 82.7794511318
Epoch duration: 96.0358300209

Epoch 90/200
Epoch training duration: 13.1240880489
Train	AUC[ROC]: 0.997585	AUC[PR]: 0.286520
Val	AUC[ROC]: 0.903614	AUC[PR]: 0.120593
Epoch evaluation duration: 82.40269804
Epoch duration: 95.5267860889

Epoch 91/200
Epoch training duration: 13.0238559246
Train	AUC[ROC]: 0.997707	AUC[PR]: 0.293780
Val	AUC[ROC]: 0.903201	AUC[PR]: 0.133546
Epoch evaluation duration: 83.0810160637
Epoch duration: 96.1048719883

Epoch 92/200
Epoch training duration: 13.1730828285
Train	AUC[ROC]: 0.997681	AUC[PR]: 0.289518
Val	AUC[ROC]: 0.909311	AUC[PR]: 0.136042
Epoch evaluation duration: 82.6596050262
Epoch duration: 95.8326878548

Epoch 93/200
Epoch training duration: 13.4353370667
Train	AUC[ROC]: 0.997643	AUC[PR]: 0.282221
Val	AUC[ROC]: 0.899599	AUC[PR]: 0.121779
Epoch evaluation duration: 82.0733830929
Epoch duration: 95.5087201595

Epoch 94/200
Epoch training duration: 12.9377579689
Train	AUC[ROC]: 0.997644	AUC[PR]: 0.282598
Val	AUC[ROC]: 0.903741	AUC[PR]: 0.121752
Epoch evaluation duration: 82.3508708477
Epoch duration: 95.2886288166

Epoch 95/200
Epoch training duration: 13.5935649872
Train	AUC[ROC]: 0.997698	AUC[PR]: 0.285669
Val	AUC[ROC]: 0.901433	AUC[PR]: 0.124379
Epoch evaluation duration: 81.6820421219
Epoch duration: 95.2756071091

Epoch 96/200
Epoch training duration: 13.265887022
Train	AUC[ROC]: 0.997744	AUC[PR]: 0.290200
Val	AUC[ROC]: 0.905470	AUC[PR]: 0.130928
Epoch evaluation duration: 82.4715878963
Epoch duration: 95.7374749184

Epoch 97/200
Epoch training duration: 13.0181820393
Train	AUC[ROC]: 0.997786	AUC[PR]: 0.294867
Val	AUC[ROC]: 0.908904	AUC[PR]: 0.138624
Epoch evaluation duration: 82.4116721153
Epoch duration: 95.4298541546

Epoch 98/200
Epoch training duration: 13.2659637928
Train	AUC[ROC]: 0.997725	AUC[PR]: 0.292677
Val	AUC[ROC]: 0.913612	AUC[PR]: 0.136783
Epoch evaluation duration: 82.6390001774
Epoch duration: 95.9049639702

Epoch 99/200
Epoch training duration: 13.0111238956
Train	AUC[ROC]: 0.997743	AUC[PR]: 0.289406
Val	AUC[ROC]: 0.912108	AUC[PR]: 0.132824
Epoch evaluation duration: 82.1399171352
Epoch duration: 95.1510410309

Epoch 100/200
Epoch training duration: 13.5593259335
Train	AUC[ROC]: 0.997713	AUC[PR]: 0.287209
Val	AUC[ROC]: 0.909823	AUC[PR]: 0.125163
Epoch evaluation duration: 82.5081679821
Epoch duration: 96.0674939156

Epoch 101/200
Epoch training duration: 13.4162480831
Train	AUC[ROC]: 0.997808	AUC[PR]: 0.298366
Val	AUC[ROC]: 0.914997	AUC[PR]: 0.134802
Epoch evaluation duration: 82.4463348389
Epoch duration: 95.862582922

Epoch 102/200
Epoch training duration: 13.164121151
Train	AUC[ROC]: 0.997719	AUC[PR]: 0.285237
Val	AUC[ROC]: 0.912501	AUC[PR]: 0.128375
Epoch evaluation duration: 82.5222527981
Epoch duration: 95.6863739491

Epoch 103/200
Epoch training duration: 13.4266340733
Train	AUC[ROC]: 0.997730	AUC[PR]: 0.294760
Val	AUC[ROC]: 0.915081	AUC[PR]: 0.122202
Epoch evaluation duration: 82.4979510307
Epoch duration: 95.924585104

Epoch 104/200
Epoch training duration: 13.234910965
Train	AUC[ROC]: 0.997755	AUC[PR]: 0.288093
Val	AUC[ROC]: 0.915000	AUC[PR]: 0.125765
Epoch evaluation duration: 82.7364821434
Epoch duration: 95.9713931084

Epoch 105/200
Epoch training duration: 13.2836949825
Train	AUC[ROC]: 0.997806	AUC[PR]: 0.298271
Val	AUC[ROC]: 0.913728	AUC[PR]: 0.131374
Epoch evaluation duration: 81.8891739845
Epoch duration: 95.1728689671

Epoch 106/200
Epoch training duration: 13.0189599991
Train	AUC[ROC]: 0.997713	AUC[PR]: 0.288215
Val	AUC[ROC]: 0.912899	AUC[PR]: 0.137832
Epoch evaluation duration: 82.7868700027
Epoch duration: 95.8058300018

Epoch 107/200
Epoch training duration: 13.5857768059
Train	AUC[ROC]: 0.997763	AUC[PR]: 0.284328
Val	AUC[ROC]: 0.905669	AUC[PR]: 0.121047
Epoch evaluation duration: 81.884552002
Epoch duration: 95.4703288078

Epoch 108/200
Epoch training duration: 13.5435922146
Train	AUC[ROC]: 0.997791	AUC[PR]: 0.291838
Val	AUC[ROC]: 0.914788	AUC[PR]: 0.135465
Epoch evaluation duration: 82.7576739788
Epoch duration: 96.3012661934

Epoch 109/200
Epoch training duration: 13.1544218063
Train	AUC[ROC]: 0.997765	AUC[PR]: 0.287142
Val	AUC[ROC]: 0.911249	AUC[PR]: 0.142131
Epoch evaluation duration: 82.8183531761
Epoch duration: 95.9727749825

Epoch 110/200
Epoch training duration: 12.9504699707
Train	AUC[ROC]: 0.997788	AUC[PR]: 0.293218
Val	AUC[ROC]: 0.910744	AUC[PR]: 0.135120
Epoch evaluation duration: 81.7868859768
Epoch duration: 94.7373559475

Epoch 111/200
Epoch training duration: 13.1160740852
Train	AUC[ROC]: 0.997771	AUC[PR]: 0.289438
Val	AUC[ROC]: 0.916077	AUC[PR]: 0.131625
Epoch evaluation duration: 82.7879068851
Epoch duration: 95.9039809704

Epoch 112/200
Epoch training duration: 13.0706589222
Train	AUC[ROC]: 0.997769	AUC[PR]: 0.286572
Val	AUC[ROC]: 0.913819	AUC[PR]: 0.128442
Epoch evaluation duration: 81.9765410423
Epoch duration: 95.0471999645

Epoch 113/200
Epoch training duration: 13.2124559879
Train	AUC[ROC]: 0.997835	AUC[PR]: 0.287956
Val	AUC[ROC]: 0.914470	AUC[PR]: 0.131149
Epoch evaluation duration: 82.777919054
Epoch duration: 95.990375042

Epoch 114/200
Epoch training duration: 13.2057290077
Train	AUC[ROC]: 0.997829	AUC[PR]: 0.295179
Val	AUC[ROC]: 0.917192	AUC[PR]: 0.132686
Epoch evaluation duration: 82.079818964
Epoch duration: 95.2855479717

Epoch 115/200
Epoch training duration: 13.2566850185
Train	AUC[ROC]: 0.997792	AUC[PR]: 0.284635
Val	AUC[ROC]: 0.914105	AUC[PR]: 0.131860
Epoch evaluation duration: 82.5948839188
Epoch duration: 95.8515689373

Epoch 116/200
Epoch training duration: 13.0376210213
Train	AUC[ROC]: 0.997874	AUC[PR]: 0.288789
Val	AUC[ROC]: 0.915430	AUC[PR]: 0.137781
Epoch evaluation duration: 82.2738649845
Epoch duration: 95.3114860058

Epoch 117/200
Epoch training duration: 13.4207351208
Train	AUC[ROC]: 0.997843	AUC[PR]: 0.297706
Val	AUC[ROC]: 0.919848	AUC[PR]: 0.141208
Epoch evaluation duration: 82.8844399452
Epoch duration: 96.305175066

Epoch 118/200
Epoch training duration: 13.2078530788
Train	AUC[ROC]: 0.997840	AUC[PR]: 0.297071
Val	AUC[ROC]: 0.920117	AUC[PR]: 0.139380
Epoch evaluation duration: 82.4505660534
Epoch duration: 95.6584191322

Epoch 119/200
Epoch training duration: 13.4776859283
Train	AUC[ROC]: 0.997797	AUC[PR]: 0.285888
Val	AUC[ROC]: 0.915508	AUC[PR]: 0.136670
Epoch evaluation duration: 81.7956600189
Epoch duration: 95.2733459473

Epoch 120/200
Epoch training duration: 13.3641459942
Train	AUC[ROC]: 0.997861	AUC[PR]: 0.299097
Val	AUC[ROC]: 0.918501	AUC[PR]: 0.141228
Epoch evaluation duration: 82.404542923
Epoch duration: 95.7686889172

Epoch 121/200
Epoch training duration: 13.0166389942
Train	AUC[ROC]: 0.997848	AUC[PR]: 0.298175
Val	AUC[ROC]: 0.911172	AUC[PR]: 0.142498
Epoch evaluation duration: 82.8594670296
Epoch duration: 95.8761060238

Epoch 122/200
Epoch training duration: 13.2761890888
Train	AUC[ROC]: 0.997836	AUC[PR]: 0.297230
Val	AUC[ROC]: 0.907937	AUC[PR]: 0.130645
Epoch evaluation duration: 82.0651829243
Epoch duration: 95.3413720131

Epoch 123/200
Epoch training duration: 13.0790779591
Train	AUC[ROC]: 0.997851	AUC[PR]: 0.297955
Val	AUC[ROC]: 0.913612	AUC[PR]: 0.133465
Epoch evaluation duration: 82.6804490089
Epoch duration: 95.759526968

Epoch 124/200
Epoch training duration: 13.1147799492
Train	AUC[ROC]: 0.997789	AUC[PR]: 0.290069
Val	AUC[ROC]: 0.912554	AUC[PR]: 0.125351
Epoch evaluation duration: 81.5981450081
Epoch duration: 94.7129249573

Epoch 125/200
Epoch training duration: 13.2870590687
Train	AUC[ROC]: 0.997816	AUC[PR]: 0.291999
Val	AUC[ROC]: 0.918636	AUC[PR]: 0.132123
Epoch evaluation duration: 80.9972290993
Epoch duration: 94.284288168

Epoch 126/200
Epoch training duration: 13.4960098267
Train	AUC[ROC]: 0.997901	AUC[PR]: 0.296652
Val	AUC[ROC]: 0.919451	AUC[PR]: 0.140752
Epoch evaluation duration: 83.0275909901
Epoch duration: 96.5236008167

Epoch 127/200
Epoch training duration: 13.4948911667
Train	AUC[ROC]: 0.997853	AUC[PR]: 0.297196
Val	AUC[ROC]: 0.914708	AUC[PR]: 0.129855
Epoch evaluation duration: 82.2835268974
Epoch duration: 95.7784180641

Epoch 128/200
Epoch training duration: 13.1984000206
Train	AUC[ROC]: 0.997916	AUC[PR]: 0.302287
Val	AUC[ROC]: 0.917167	AUC[PR]: 0.148052
Epoch evaluation duration: 81.7562720776
Epoch duration: 94.9546720982

Epoch 129/200
Epoch training duration: 13.3034508228
Train	AUC[ROC]: 0.997909	AUC[PR]: 0.297906
Val	AUC[ROC]: 0.914454	AUC[PR]: 0.142940
Epoch evaluation duration: 81.8781991005
Epoch duration: 95.1816499233

Epoch 130/200
Epoch training duration: 13.1798698902
Train	AUC[ROC]: 0.997855	AUC[PR]: 0.292011
Val	AUC[ROC]: 0.915299	AUC[PR]: 0.138100
Epoch evaluation duration: 82.0103831291
Epoch duration: 95.1902530193

Epoch 131/200
Epoch training duration: 13.0663559437
Train	AUC[ROC]: 0.997934	AUC[PR]: 0.298481
Val	AUC[ROC]: 0.917525	AUC[PR]: 0.144384
Epoch evaluation duration: 81.9008979797
Epoch duration: 94.9672539234

Epoch 132/200
Epoch training duration: 13.4650771618
Train	AUC[ROC]: 0.997920	AUC[PR]: 0.298967
Val	AUC[ROC]: 0.917207	AUC[PR]: 0.142425
Epoch evaluation duration: 81.7234818935
Epoch duration: 95.1885590553

Epoch 133/200
Epoch training duration: 13.2869410515
Train	AUC[ROC]: 0.997923	AUC[PR]: 0.298379
Val	AUC[ROC]: 0.913810	AUC[PR]: 0.143377
Epoch evaluation duration: 82.0637068748
Epoch duration: 95.3506479263

Epoch 134/200
Epoch training duration: 13.1765561104
Train	AUC[ROC]: 0.997891	AUC[PR]: 0.296399
Val	AUC[ROC]: 0.917350	AUC[PR]: 0.144803
Epoch evaluation duration: 81.386674881
Epoch duration: 94.5632309914

Epoch 135/200
Epoch training duration: 13.0793690681
Train	AUC[ROC]: 0.997920	AUC[PR]: 0.294424
Val	AUC[ROC]: 0.915259	AUC[PR]: 0.133666
Epoch evaluation duration: 82.1311519146
Epoch duration: 95.2105209827

Epoch 136/200
Epoch training duration: 13.1950421333
Train	AUC[ROC]: 0.997982	AUC[PR]: 0.303673
Val	AUC[ROC]: 0.913658	AUC[PR]: 0.142070
Epoch evaluation duration: 81.5028810501
Epoch duration: 94.6979231834

Epoch 137/200
Epoch training duration: 13.4087610245
Train	AUC[ROC]: 0.997927	AUC[PR]: 0.291476
Val	AUC[ROC]: 0.915261	AUC[PR]: 0.143457
Epoch evaluation duration: 82.1593368053
Epoch duration: 95.5680978298

Epoch 138/200
Epoch training duration: 13.4572150707
Train	AUC[ROC]: 0.997990	AUC[PR]: 0.300806
Val	AUC[ROC]: 0.917321	AUC[PR]: 0.146702
Epoch evaluation duration: 81.9839861393
Epoch duration: 95.44120121

Epoch 139/200
Epoch training duration: 13.0447349548
Train	AUC[ROC]: 0.997997	AUC[PR]: 0.308578
Val	AUC[ROC]: 0.922939	AUC[PR]: 0.164782
Epoch evaluation duration: 83.0247979164
Epoch duration: 96.0695328712

Epoch 140/200
Epoch training duration: 12.9185039997
Train	AUC[ROC]: 0.997913	AUC[PR]: 0.297169
Val	AUC[ROC]: 0.915202	AUC[PR]: 0.142905
Epoch evaluation duration: 81.9679729939
Epoch duration: 94.8864769936

Epoch 141/200
Epoch training duration: 13.1180241108
Train	AUC[ROC]: 0.997938	AUC[PR]: 0.297975
Val	AUC[ROC]: 0.909757	AUC[PR]: 0.145510
Epoch evaluation duration: 81.9939107895
Epoch duration: 95.1119349003

Epoch 142/200
Epoch training duration: 13.1199350357
Train	AUC[ROC]: 0.997959	AUC[PR]: 0.298234
Val	AUC[ROC]: 0.922484	AUC[PR]: 0.147883
Epoch evaluation duration: 82.1317560673
Epoch duration: 95.251691103

Epoch 143/200
Epoch training duration: 13.1244709492
Train	AUC[ROC]: 0.997938	AUC[PR]: 0.292500
Val	AUC[ROC]: 0.917173	AUC[PR]: 0.137225
Epoch evaluation duration: 82.5389780998
Epoch duration: 95.663449049

Epoch 144/200
Epoch training duration: 13.1191110611
Train	AUC[ROC]: 0.997983	AUC[PR]: 0.301378
Val	AUC[ROC]: 0.915317	AUC[PR]: 0.143585
Epoch evaluation duration: 82.2146458626
Epoch duration: 95.3337569237

Epoch 145/200
Epoch training duration: 13.2381279469
Train	AUC[ROC]: 0.998011	AUC[PR]: 0.299716
Val	AUC[ROC]: 0.923530	AUC[PR]: 0.156684
Epoch evaluation duration: 81.8312880993
Epoch duration: 95.0694160461

Epoch 146/200
Epoch training duration: 13.4614470005
Train	AUC[ROC]: 0.997946	AUC[PR]: 0.292969
Val	AUC[ROC]: 0.916518	AUC[PR]: 0.137933
Epoch evaluation duration: 81.2222959995
Epoch duration: 94.683743

Epoch 147/200
Epoch training duration: 13.410159111
Train	AUC[ROC]: 0.998006	AUC[PR]: 0.306288
Val	AUC[ROC]: 0.918604	AUC[PR]: 0.143224
Epoch evaluation duration: 81.7758708
Epoch duration: 95.186029911

Epoch 148/200
Epoch training duration: 13.3026731014
Train	AUC[ROC]: 0.997953	AUC[PR]: 0.292669
Val	AUC[ROC]: 0.913625	AUC[PR]: 0.138801
Epoch evaluation duration: 82.8526508808
Epoch duration: 96.1553239822

Epoch 149/200
Epoch training duration: 13.2185060978
Train	AUC[ROC]: 0.997984	AUC[PR]: 0.300972
Val	AUC[ROC]: 0.917989	AUC[PR]: 0.155268
Epoch evaluation duration: 82.3157999516
Epoch duration: 95.5343060493

Epoch 150/200
Epoch training duration: 13.1000699997
Train	AUC[ROC]: 0.997939	AUC[PR]: 0.296577
Val	AUC[ROC]: 0.916761	AUC[PR]: 0.151041
Epoch evaluation duration: 82.1351101398
Epoch duration: 95.2351801395

Epoch 151/200
Epoch training duration: 13.4834527969
Train	AUC[ROC]: 0.998008	AUC[PR]: 0.301861
Val	AUC[ROC]: 0.920564	AUC[PR]: 0.150590
Epoch evaluation duration: 82.3391571045
Epoch duration: 95.8226099014

Epoch 152/200
Epoch training duration: 13.2623019218
Train	AUC[ROC]: 0.997976	AUC[PR]: 0.302362
Val	AUC[ROC]: 0.920033	AUC[PR]: 0.150018
Epoch evaluation duration: 82.7607541084
Epoch duration: 96.0230560303

Epoch 153/200
Epoch training duration: 13.4579319954
Train	AUC[ROC]: 0.997979	AUC[PR]: 0.295932
Val	AUC[ROC]: 0.920909	AUC[PR]: 0.148229
Epoch evaluation duration: 82.0404429436
Epoch duration: 95.498374939

Epoch 154/200
Epoch training duration: 13.1822490692
Train	AUC[ROC]: 0.997999	AUC[PR]: 0.300207
Val	AUC[ROC]: 0.920984	AUC[PR]: 0.142418
Epoch evaluation duration: 81.9190840721
Epoch duration: 95.1013331413

Epoch 155/200
Epoch training duration: 13.3497588634
Train	AUC[ROC]: 0.998005	AUC[PR]: 0.296816
Val	AUC[ROC]: 0.916284	AUC[PR]: 0.139411
Epoch evaluation duration: 82.0492210388
Epoch duration: 95.3989799023

Epoch 156/200
Epoch training duration: 13.3616690636
Train	AUC[ROC]: 0.997955	AUC[PR]: 0.302557
Val	AUC[ROC]: 0.915666	AUC[PR]: 0.132576
Epoch evaluation duration: 81.4276058674
Epoch duration: 94.789274931

Epoch 157/200
Epoch training duration: 13.5747971535
Train	AUC[ROC]: 0.997948	AUC[PR]: 0.294828
Val	AUC[ROC]: 0.915350	AUC[PR]: 0.139237
Epoch evaluation duration: 82.2410349846
Epoch duration: 95.8158321381

Epoch 158/200
Epoch training duration: 13.3031148911
Train	AUC[ROC]: 0.997920	AUC[PR]: 0.297751
Val	AUC[ROC]: 0.924717	AUC[PR]: 0.146305
Epoch evaluation duration: 82.2115240097
Epoch duration: 95.5146389008

Epoch 159/200
Epoch training duration: 13.0906710625
Train	AUC[ROC]: 0.997990	AUC[PR]: 0.304320
Val	AUC[ROC]: 0.922794	AUC[PR]: 0.146835
Epoch evaluation duration: 82.2445368767
Epoch duration: 95.3352079391

Epoch 160/200
Epoch training duration: 13.2342071533
Train	AUC[ROC]: 0.997978	AUC[PR]: 0.299602
Val	AUC[ROC]: 0.918119	AUC[PR]: 0.141090
Epoch evaluation duration: 81.7466309071
Epoch duration: 94.9808380604

Epoch 161/200
Epoch training duration: 13.15823102
Train	AUC[ROC]: 0.997983	AUC[PR]: 0.295274
Val	AUC[ROC]: 0.919036	AUC[PR]: 0.143677
Epoch evaluation duration: 81.8579499722
Epoch duration: 95.0161809921

Epoch 162/200
Epoch training duration: 13.1164729595
Train	AUC[ROC]: 0.997914	AUC[PR]: 0.290456
Val	AUC[ROC]: 0.918440	AUC[PR]: 0.132606
Epoch evaluation duration: 81.6811070442
Epoch duration: 94.7975800037

Epoch 163/200
Epoch training duration: 13.4020109177
Train	AUC[ROC]: 0.998021	AUC[PR]: 0.309166
Val	AUC[ROC]: 0.922919	AUC[PR]: 0.155041
Epoch evaluation duration: 81.2382621765
Epoch duration: 94.6402730942

Epoch 164/200
Epoch training duration: 13.2825639248
Train	AUC[ROC]: 0.998004	AUC[PR]: 0.299731
Val	AUC[ROC]: 0.921578	AUC[PR]: 0.141821
Epoch evaluation duration: 81.7564880848
Epoch duration: 95.0390520096

Epoch 165/200
Epoch training duration: 13.6286258698
Train	AUC[ROC]: 0.998040	AUC[PR]: 0.309844
Val	AUC[ROC]: 0.919846	AUC[PR]: 0.144644
Epoch evaluation duration: 81.6557481289
Epoch duration: 95.2843739986

Epoch 166/200
Epoch training duration: 13.6824150085
Train	AUC[ROC]: 0.997995	AUC[PR]: 0.292321
Val	AUC[ROC]: 0.925088	AUC[PR]: 0.132116
Epoch evaluation duration: 82.0507018566
Epoch duration: 95.7331168652

Epoch 167/200
Epoch training duration: 13.3412351608
Train	AUC[ROC]: 0.998025	AUC[PR]: 0.302452
Val	AUC[ROC]: 0.920133	AUC[PR]: 0.147053
Epoch evaluation duration: 81.3720979691
Epoch duration: 94.7133331299

Epoch 168/200
Epoch training duration: 12.9996118546
Train	AUC[ROC]: 0.997980	AUC[PR]: 0.292233
Val	AUC[ROC]: 0.921199	AUC[PR]: 0.146321
Epoch evaluation duration: 81.9410440922
Epoch duration: 94.9406559467

Epoch 169/200
Epoch training duration: 13.3635389805
Train	AUC[ROC]: 0.998053	AUC[PR]: 0.304450
Val	AUC[ROC]: 0.923473	AUC[PR]: 0.133462
Epoch evaluation duration: 81.9964060783
Epoch duration: 95.3599450588

Epoch 170/200
Epoch training duration: 13.1138539314
Train	AUC[ROC]: 0.998033	AUC[PR]: 0.298401
Val	AUC[ROC]: 0.916953	AUC[PR]: 0.150687
Epoch evaluation duration: 81.9188609123
Epoch duration: 95.0327148438

Epoch 171/200
Epoch training duration: 13.0031220913
Train	AUC[ROC]: 0.998010	AUC[PR]: 0.295116
Val	AUC[ROC]: 0.922676	AUC[PR]: 0.147059
Epoch evaluation duration: 81.9680199623
Epoch duration: 94.9711420536

Epoch 172/200
Epoch training duration: 13.2471671104
Train	AUC[ROC]: 0.998087	AUC[PR]: 0.306118
Val	AUC[ROC]: 0.920743	AUC[PR]: 0.158863
Epoch evaluation duration: 82.3232369423
Epoch duration: 95.5704040527

Epoch 173/200
Epoch training duration: 13.0189709663
Train	AUC[ROC]: 0.998036	AUC[PR]: 0.302026
Val	AUC[ROC]: 0.922549	AUC[PR]: 0.140480
Epoch evaluation duration: 82.1080300808
Epoch duration: 95.1270010471

Epoch 174/200
Epoch training duration: 13.1470420361
Train	AUC[ROC]: 0.998022	AUC[PR]: 0.299167
Val	AUC[ROC]: 0.919386	AUC[PR]: 0.154443
Epoch evaluation duration: 81.5869019032
Epoch duration: 94.7339439392

Epoch 175/200
Epoch training duration: 13.5720999241
Train	AUC[ROC]: 0.998020	AUC[PR]: 0.301936
Val	AUC[ROC]: 0.919434	AUC[PR]: 0.143891
Epoch evaluation duration: 84.7983851433
Epoch duration: 98.3704850674

Epoch 176/200
Epoch training duration: 13.5643689632
Train	AUC[ROC]: 0.998035	AUC[PR]: 0.296702
Val	AUC[ROC]: 0.920543	AUC[PR]: 0.145582
Epoch evaluation duration: 86.1325879097
Epoch duration: 99.6969568729

Epoch 177/200
Epoch training duration: 13.9189770222
Train	AUC[ROC]: 0.998017	AUC[PR]: 0.304906
Val	AUC[ROC]: 0.918616	AUC[PR]: 0.139324
Epoch evaluation duration: 85.967083931
Epoch duration: 99.8860609531

Epoch 178/200
Epoch training duration: 13.5861132145
Train	AUC[ROC]: 0.998033	AUC[PR]: 0.299246
Val	AUC[ROC]: 0.923912	AUC[PR]: 0.149934
Epoch evaluation duration: 86.1819138527
Epoch duration: 99.7680270672

Epoch 179/200
Epoch training duration: 13.6759550571
Train	AUC[ROC]: 0.998014	AUC[PR]: 0.301670
Val	AUC[ROC]: 0.919389	AUC[PR]: 0.152771
Epoch evaluation duration: 87.6222438812
Epoch duration: 101.298198938

Epoch 180/200
Epoch training duration: 13.8007311821
Train	AUC[ROC]: 0.997960	AUC[PR]: 0.290506
Val	AUC[ROC]: 0.916209	AUC[PR]: 0.141902
Epoch evaluation duration: 86.1154558659
Epoch duration: 99.916187048

Epoch 181/200
Epoch training duration: 13.780547142
Train	AUC[ROC]: 0.998026	AUC[PR]: 0.303345
Val	AUC[ROC]: 0.920201	AUC[PR]: 0.138968
Epoch evaluation duration: 86.162378788
Epoch duration: 99.94292593

Epoch 182/200
Epoch training duration: 13.6987831593
Train	AUC[ROC]: 0.998047	AUC[PR]: 0.301758
Val	AUC[ROC]: 0.918038	AUC[PR]: 0.139408
Epoch evaluation duration: 85.7017400265
Epoch duration: 99.4005231857

Epoch 183/200
Epoch training duration: 13.9885969162
Train	AUC[ROC]: 0.998051	AUC[PR]: 0.299880
Val	AUC[ROC]: 0.918912	AUC[PR]: 0.137722
Epoch evaluation duration: 85.7096810341
Epoch duration: 99.6982779503

Epoch 184/200
Epoch training duration: 13.8889389038
Train	AUC[ROC]: 0.998022	AUC[PR]: 0.296628
Val	AUC[ROC]: 0.922065	AUC[PR]: 0.139035
Epoch evaluation duration: 85.7102820873
Epoch duration: 99.5992209911

Epoch 185/200
Epoch training duration: 13.616204977
Train	AUC[ROC]: 0.998090	AUC[PR]: 0.308044
Val	AUC[ROC]: 0.916767	AUC[PR]: 0.142384
Epoch evaluation duration: 85.8003129959
Epoch duration: 99.4165179729

Epoch 186/200
Epoch training duration: 13.5496649742
Train	AUC[ROC]: 0.998054	AUC[PR]: 0.303979
Val	AUC[ROC]: 0.919022	AUC[PR]: 0.141907
Epoch evaluation duration: 85.9394540787
Epoch duration: 99.4891190529

Epoch 187/200
Epoch training duration: 13.5236289501
Train	AUC[ROC]: 0.998135	AUC[PR]: 0.318485
Val	AUC[ROC]: 0.923084	AUC[PR]: 0.163796
Epoch evaluation duration: 86.1243109703
Epoch duration: 99.6479399204

Epoch 188/200
Epoch training duration: 13.4621300697
Train	AUC[ROC]: 0.998079	AUC[PR]: 0.306253
Val	AUC[ROC]: 0.922135	AUC[PR]: 0.143556
Epoch evaluation duration: 85.6874969006
Epoch duration: 99.1496269703

Epoch 189/200
Epoch training duration: 13.7650010586
Train	AUC[ROC]: 0.998043	AUC[PR]: 0.302598
Val	AUC[ROC]: 0.920879	AUC[PR]: 0.145720
Epoch evaluation duration: 86.8257160187
Epoch duration: 100.590717077

Epoch 190/200
Epoch training duration: 13.6745159626
Train	AUC[ROC]: 0.998045	AUC[PR]: 0.301759
Val	AUC[ROC]: 0.916321	AUC[PR]: 0.151002
Epoch evaluation duration: 85.8319950104
Epoch duration: 99.506510973

Epoch 191/200
Epoch training duration: 13.7157320976
Train	AUC[ROC]: 0.998066	AUC[PR]: 0.303426
Val	AUC[ROC]: 0.928156	AUC[PR]: 0.135989
Epoch evaluation duration: 86.2709038258
Epoch duration: 99.9866359234

Epoch 192/200
Epoch training duration: 13.4391140938
Train	AUC[ROC]: 0.997955	AUC[PR]: 0.287371
Val	AUC[ROC]: 0.912010	AUC[PR]: 0.125224
Epoch evaluation duration: 80.5183589458
Epoch duration: 93.9574730396

Epoch 193/200
Epoch training duration: 13.026252985
Train	AUC[ROC]: 0.998095	AUC[PR]: 0.306389
Val	AUC[ROC]: 0.922547	AUC[PR]: 0.150585
Epoch evaluation duration: 82.3500330448
Epoch duration: 95.3762860298

Epoch 194/200
Epoch training duration: 13.158714056
Train	AUC[ROC]: 0.998009	AUC[PR]: 0.298893
Val	AUC[ROC]: 0.924672	AUC[PR]: 0.144894
Epoch evaluation duration: 81.6607429981
Epoch duration: 94.8194570541

Epoch 195/200
Epoch training duration: 13.1734399796
Train	AUC[ROC]: 0.998042	AUC[PR]: 0.298885
Val	AUC[ROC]: 0.921845	AUC[PR]: 0.141623
Epoch evaluation duration: 82.1405749321
Epoch duration: 95.3140149117

Epoch 196/200
Epoch training duration: 13.2597911358
Train	AUC[ROC]: 0.998050	AUC[PR]: 0.303025
Val	AUC[ROC]: 0.923270	AUC[PR]: 0.150417
Epoch evaluation duration: 81.6406269073
Epoch duration: 94.9004180431

Epoch 197/200
Epoch training duration: 13.1756839752
Train	AUC[ROC]: 0.998070	AUC[PR]: 0.298177
Val	AUC[ROC]: 0.921378	AUC[PR]: 0.145984
Epoch evaluation duration: 81.8639161587
Epoch duration: 95.0396001339

Epoch 198/200
Epoch training duration: 13.6689639091
Train	AUC[ROC]: 0.998026	AUC[PR]: 0.303596
Val	AUC[ROC]: 0.917691	AUC[PR]: 0.143057
Epoch evaluation duration: 80.7030589581
Epoch duration: 94.3720228672

Epoch 199/200
Epoch training duration: 13.2337589264
Train	AUC[ROC]: 0.998046	AUC[PR]: 0.301359
Val	AUC[ROC]: 0.921291	AUC[PR]: 0.149026
Epoch evaluation duration: 82.4419231415
Epoch duration: 95.6756820679

Epoch 200/200
Epoch training duration: 13.1262979507
Train	AUC[ROC]: 0.998112	AUC[PR]: 0.308417
Val	AUC[ROC]: 0.927207	AUC[PR]: 0.143276
Epoch evaluation duration: 81.5148639679
Epoch duration: 94.6411619186

train precision: 0.303426332758
train roc: 0.99806624278
train hit: 332.0 out of 332.0

val precision: 0.135988883704
val roc: 0.928156389427
val hit: 34.0 out of 56.0

test precision: 0.0834434343858
test roc: 0.919656246443
test hit: 28.0 out of 56.0

ratio: 0.02, EF: 30.3571428571,	active: 56.0
ratio: 0.02, NEF: 0.607142857143
ratio: 0.01, EF: 50.0,	active: 56.0
ratio: 0.01, NEF: 0.5
ratio: 0.0015, EF: 107.142857143,	active: 56.0
ratio: 0.0015, NEF: 0.160714285714
ratio: 0.001, EF: 107.142857143,	active: 56.0
ratio: 0.001, NEF: 0.142857142857

