label_name_list  [u'PriA-SSB AS Activity', u'PriA-SSB AS % inhibition (Primary Median)']
train files  ['../datasets/keck_pria/fold_0.csv' '../datasets/keck_pria/fold_1.csv'
 '../datasets/keck_pria/fold_2.csv' '../datasets/keck_pria/fold_3.csv'
 '../datasets/keck_pria/fold_4.csv' '../datasets/keck_pria/fold_5.csv'
 '../datasets/keck_pria/fold_6.csv' '../datasets/keck_pria/fold_7.csv']
val files  ['../datasets/keck_pria/fold_8.csv']
test files  ['../datasets/keck_pria/fold_9.csv']
done data preparation
Sample Weight	 [20108.58823529 16278.38095238  6836.92       ...    20.99533227
    20.99533227    20.99275362]
Epoch 1/1000
Epoch training duration: 17.9767119884
Train	AUC[ROC]: 0.894009	AUC[PR]: 0.060495
Val	AUC[ROC]: 0.857426	AUC[PR]: 0.048494
Epoch evaluation duration: 109.076081038
Epoch duration: 127.052793026

Epoch 2/1000
Epoch training duration: 18.0372838974
Train	AUC[ROC]: 0.927594	AUC[PR]: 0.058711
Val	AUC[ROC]: 0.842044	AUC[PR]: 0.026289
Epoch evaluation duration: 109.224930048
Epoch duration: 127.262213945

Epoch 3/1000
Epoch training duration: 18.0453979969
Train	AUC[ROC]: 0.974973	AUC[PR]: 0.123963
Val	AUC[ROC]: 0.909318	AUC[PR]: 0.049584
Epoch evaluation duration: 110.048474073
Epoch duration: 128.09387207

Epoch 4/1000
Epoch training duration: 18.0506310463
Train	AUC[ROC]: 0.987340	AUC[PR]: 0.162982
Val	AUC[ROC]: 0.918407	AUC[PR]: 0.078549
Epoch evaluation duration: 109.145217896
Epoch duration: 127.195848942

Epoch 5/1000
Epoch training duration: 18.2708969116
Train	AUC[ROC]: 0.990057	AUC[PR]: 0.186224
Val	AUC[ROC]: 0.904660	AUC[PR]: 0.082541
Epoch evaluation duration: 109.671183109
Epoch duration: 127.942080021

Epoch 6/1000
Epoch training duration: 18.1602900028
Train	AUC[ROC]: 0.994057	AUC[PR]: 0.196373
Val	AUC[ROC]: 0.937773	AUC[PR]: 0.080375
Epoch evaluation duration: 109.590076923
Epoch duration: 127.750366926

Epoch 7/1000
Epoch training duration: 18.2179031372
Train	AUC[ROC]: 0.994466	AUC[PR]: 0.183290
Val	AUC[ROC]: 0.924186	AUC[PR]: 0.074500
Epoch evaluation duration: 108.881885052
Epoch duration: 127.099788189

Epoch 8/1000
Epoch training duration: 18.5095579624
Train	AUC[ROC]: 0.994737	AUC[PR]: 0.193395
Val	AUC[ROC]: 0.939042	AUC[PR]: 0.071657
Epoch evaluation duration: 108.391923904
Epoch duration: 126.901481867

Epoch 9/1000
Epoch training duration: 18.7251329422
Train	AUC[ROC]: 0.994480	AUC[PR]: 0.211529
Val	AUC[ROC]: 0.921311	AUC[PR]: 0.086942
Epoch evaluation duration: 110.095501184
Epoch duration: 128.820634127

Epoch 10/1000
Epoch training duration: 17.9226419926
Train	AUC[ROC]: 0.995603	AUC[PR]: 0.212772
Val	AUC[ROC]: 0.942201	AUC[PR]: 0.096737
Epoch evaluation duration: 109.896158934
Epoch duration: 127.818800926

Epoch 11/1000
Epoch training duration: 18.4180588722
Train	AUC[ROC]: 0.995894	AUC[PR]: 0.224094
Val	AUC[ROC]: 0.949451	AUC[PR]: 0.094362
Epoch evaluation duration: 109.148550034
Epoch duration: 127.566608906

Epoch 12/1000
Epoch training duration: 18.0838651657
Train	AUC[ROC]: 0.995775	AUC[PR]: 0.204442
Val	AUC[ROC]: 0.940068	AUC[PR]: 0.071984
Epoch evaluation duration: 109.164144993
Epoch duration: 127.248010159

Epoch 13/1000
Epoch training duration: 18.1280419827
Train	AUC[ROC]: 0.994996	AUC[PR]: 0.206284
Val	AUC[ROC]: 0.916892	AUC[PR]: 0.066647
Epoch evaluation duration: 109.58671093
Epoch duration: 127.714752913

Epoch 14/1000
Epoch training duration: 17.7208590508
Train	AUC[ROC]: 0.994867	AUC[PR]: 0.195781
Val	AUC[ROC]: 0.922701	AUC[PR]: 0.078243
Epoch evaluation duration: 108.897735834
Epoch duration: 126.618594885

Epoch 15/1000
Epoch training duration: 18.4205751419
Train	AUC[ROC]: 0.995581	AUC[PR]: 0.179529
Val	AUC[ROC]: 0.942642	AUC[PR]: 0.078749
Epoch evaluation duration: 109.159502983
Epoch duration: 127.580078125

Epoch 16/1000
Epoch training duration: 18.1849060059
Train	AUC[ROC]: 0.996183	AUC[PR]: 0.220571
Val	AUC[ROC]: 0.932611	AUC[PR]: 0.083101
Epoch evaluation duration: 109.388095856
Epoch duration: 127.573001862

Epoch 17/1000
Epoch training duration: 18.2100110054
Train	AUC[ROC]: 0.996520	AUC[PR]: 0.231704
Val	AUC[ROC]: 0.945791	AUC[PR]: 0.079564
Epoch evaluation duration: 109.562661171
Epoch duration: 127.772672176

Epoch 18/1000
Epoch training duration: 18.0942659378
Train	AUC[ROC]: 0.996550	AUC[PR]: 0.221532
Val	AUC[ROC]: 0.935107	AUC[PR]: 0.071781
Epoch evaluation duration: 108.995410919
Epoch duration: 127.089676857

Epoch 19/1000
Epoch training duration: 19.1067490578
Train	AUC[ROC]: 0.996954	AUC[PR]: 0.237503
Val	AUC[ROC]: 0.935535	AUC[PR]: 0.121611
Epoch evaluation duration: 109.36370492
Epoch duration: 128.470453978

Epoch 20/1000
Epoch training duration: 17.9923632145
Train	AUC[ROC]: 0.996490	AUC[PR]: 0.227110
Val	AUC[ROC]: 0.937200	AUC[PR]: 0.097286
Epoch evaluation duration: 110.091012955
Epoch duration: 128.083376169

Epoch 21/1000
Epoch training duration: 18.1849858761
Train	AUC[ROC]: 0.996863	AUC[PR]: 0.249358
Val	AUC[ROC]: 0.925715	AUC[PR]: 0.094701
Epoch evaluation duration: 109.228129148
Epoch duration: 127.413115025

Epoch 22/1000
Epoch training duration: 17.7163798809
Train	AUC[ROC]: 0.996972	AUC[PR]: 0.244086
Val	AUC[ROC]: 0.948099	AUC[PR]: 0.101656
Epoch evaluation duration: 108.88715601
Epoch duration: 126.603535891

Epoch 23/1000
Epoch training duration: 18.256911993
Train	AUC[ROC]: 0.996553	AUC[PR]: 0.257281
Val	AUC[ROC]: 0.943756	AUC[PR]: 0.107485
Epoch evaluation duration: 109.304744959
Epoch duration: 127.561656952

Epoch 24/1000
Epoch training duration: 18.1524200439
Train	AUC[ROC]: 0.997070	AUC[PR]: 0.249994
Val	AUC[ROC]: 0.941950	AUC[PR]: 0.104978
Epoch evaluation duration: 109.068339109
Epoch duration: 127.220759153

Epoch 25/1000
Epoch training duration: 18.8101158142
Train	AUC[ROC]: 0.996428	AUC[PR]: 0.218361
Val	AUC[ROC]: 0.940199	AUC[PR]: 0.111690
Epoch evaluation duration: 108.57231617
Epoch duration: 127.382431984

Epoch 26/1000
Epoch training duration: 18.5864908695
Train	AUC[ROC]: 0.996453	AUC[PR]: 0.237087
Val	AUC[ROC]: 0.935352	AUC[PR]: 0.101274
Epoch evaluation duration: 109.308423996
Epoch duration: 127.894914865

Epoch 27/1000
Epoch training duration: 18.0134589672
Train	AUC[ROC]: 0.996657	AUC[PR]: 0.226077
Val	AUC[ROC]: 0.936840	AUC[PR]: 0.107065
Epoch evaluation duration: 109.622652054
Epoch duration: 127.636111021

Epoch 28/1000
Epoch training duration: 17.9413731098
Train	AUC[ROC]: 0.987866	AUC[PR]: 0.152940
Val	AUC[ROC]: 0.927988	AUC[PR]: 0.049728
Epoch evaluation duration: 110.395800829
Epoch duration: 128.337173939

Epoch 29/1000
Epoch training duration: 17.8936510086
Train	AUC[ROC]: 0.993954	AUC[PR]: 0.156151
Val	AUC[ROC]: 0.961278	AUC[PR]: 0.070099
Epoch evaluation duration: 109.201846123
Epoch duration: 127.095497131

Epoch 30/1000
Epoch training duration: 18.0646290779
Train	AUC[ROC]: 0.995601	AUC[PR]: 0.197709
Val	AUC[ROC]: 0.955895	AUC[PR]: 0.100310
Epoch evaluation duration: 109.738977909
Epoch duration: 127.803606987

Epoch 31/1000
Epoch training duration: 18.0889260769
Train	AUC[ROC]: 0.996503	AUC[PR]: 0.224440
Val	AUC[ROC]: 0.960825	AUC[PR]: 0.109969
Epoch evaluation duration: 109.948328018
Epoch duration: 128.037254095

Epoch 32/1000
Epoch training duration: 18.6952559948
Train	AUC[ROC]: 0.996812	AUC[PR]: 0.228357
Val	AUC[ROC]: 0.965068	AUC[PR]: 0.092989
Epoch evaluation duration: 108.869704962
Epoch duration: 127.564960957

Epoch 33/1000
Epoch training duration: 18.648485899
Train	AUC[ROC]: 0.996769	AUC[PR]: 0.205046
Val	AUC[ROC]: 0.966609	AUC[PR]: 0.096718
Epoch evaluation duration: 108.829775095
Epoch duration: 127.478260994

Epoch 34/1000
Epoch training duration: 18.4703240395
Train	AUC[ROC]: 0.997276	AUC[PR]: 0.247303
Val	AUC[ROC]: 0.967100	AUC[PR]: 0.113810
Epoch evaluation duration: 110.11853981
Epoch duration: 128.58886385

Epoch 35/1000
Epoch training duration: 17.9418160915
Train	AUC[ROC]: 0.997251	AUC[PR]: 0.233251
Val	AUC[ROC]: 0.974893	AUC[PR]: 0.111175
Epoch evaluation duration: 102.627242088
Epoch duration: 120.56905818

Epoch 36/1000
Epoch training duration: 15.9417378902
Train	AUC[ROC]: 0.997351	AUC[PR]: 0.250766
Val	AUC[ROC]: 0.965704	AUC[PR]: 0.107278
Epoch evaluation duration: 101.854320049
Epoch duration: 117.79605794

Epoch 37/1000
Epoch training duration: 18.189852953
Train	AUC[ROC]: 0.997430	AUC[PR]: 0.253700
Val	AUC[ROC]: 0.960522	AUC[PR]: 0.104131
Epoch evaluation duration: 108.883106947
Epoch duration: 127.0729599

Epoch 38/1000
Epoch training duration: 17.8795001507
Train	AUC[ROC]: 0.997522	AUC[PR]: 0.261374
Val	AUC[ROC]: 0.962529	AUC[PR]: 0.112436
Epoch evaluation duration: 109.772365808
Epoch duration: 127.651865959

Epoch 39/1000
Epoch training duration: 18.2725100517
Train	AUC[ROC]: 0.997579	AUC[PR]: 0.263850
Val	AUC[ROC]: 0.959860	AUC[PR]: 0.108462
Epoch evaluation duration: 109.001121044
Epoch duration: 127.273631096

Epoch 40/1000
Epoch training duration: 18.0345489979
Train	AUC[ROC]: 0.997551	AUC[PR]: 0.254882
Val	AUC[ROC]: 0.957180	AUC[PR]: 0.104680
Epoch evaluation duration: 109.177000046
Epoch duration: 127.211549044

Epoch 41/1000
Epoch training duration: 17.9086699486
Train	AUC[ROC]: 0.997584	AUC[PR]: 0.262359
Val	AUC[ROC]: 0.954265	AUC[PR]: 0.099173
Epoch evaluation duration: 109.62095809
Epoch duration: 127.529628038

Epoch 42/1000
Epoch training duration: 17.8343129158
Train	AUC[ROC]: 0.997574	AUC[PR]: 0.262433
Val	AUC[ROC]: 0.960371	AUC[PR]: 0.106349
Epoch evaluation duration: 109.409585953
Epoch duration: 127.243898869

Epoch 43/1000
Epoch training duration: 18.5737240314
Train	AUC[ROC]: 0.997533	AUC[PR]: 0.258005
Val	AUC[ROC]: 0.956473	AUC[PR]: 0.099030
Epoch evaluation duration: 108.898528099
Epoch duration: 127.472252131

Epoch 44/1000
Epoch training duration: 18.0804040432
Train	AUC[ROC]: 0.997563	AUC[PR]: 0.264486
Val	AUC[ROC]: 0.954060	AUC[PR]: 0.091744
Epoch evaluation duration: 108.780345917
Epoch duration: 126.86074996

Epoch 45/1000
Epoch training duration: 18.2665929794
Train	AUC[ROC]: 0.997475	AUC[PR]: 0.251581
Val	AUC[ROC]: 0.965487	AUC[PR]: 0.101055
Epoch evaluation duration: 109.75612998
Epoch duration: 128.02272296

Epoch 46/1000
Epoch training duration: 18.0346190929
Train	AUC[ROC]: 0.997415	AUC[PR]: 0.254996
Val	AUC[ROC]: 0.961901	AUC[PR]: 0.090104
Epoch evaluation duration: 109.613204956
Epoch duration: 127.647824049

Epoch 47/1000
Epoch training duration: 18.2099208832
Train	AUC[ROC]: 0.997552	AUC[PR]: 0.268447
Val	AUC[ROC]: 0.932575	AUC[PR]: 0.102388
Epoch evaluation duration: 108.917276144
Epoch duration: 127.127197027

Epoch 48/1000
Epoch training duration: 18.1568100452
Train	AUC[ROC]: 0.997636	AUC[PR]: 0.274930
Val	AUC[ROC]: 0.959399	AUC[PR]: 0.106377
Epoch evaluation duration: 110.56001687
Epoch duration: 128.716826916

Epoch 49/1000
Epoch training duration: 17.8663539886
Train	AUC[ROC]: 0.997561	AUC[PR]: 0.264561
Val	AUC[ROC]: 0.945853	AUC[PR]: 0.097829
Epoch evaluation duration: 109.312958002
Epoch duration: 127.179311991

Epoch 50/1000
Epoch training duration: 18.4406170845
Train	AUC[ROC]: 0.997546	AUC[PR]: 0.256682
Val	AUC[ROC]: 0.943841	AUC[PR]: 0.085870
Epoch evaluation duration: 109.0025599
Epoch duration: 127.443176985

Epoch 51/1000
Epoch training duration: 18.2321720123
Train	AUC[ROC]: 0.997449	AUC[PR]: 0.236365
Val	AUC[ROC]: 0.950548	AUC[PR]: 0.085706
Epoch evaluation duration: 109.338729143
Epoch duration: 127.570901155

Epoch 52/1000
Epoch training duration: 18.6257658005
Train	AUC[ROC]: 0.997604	AUC[PR]: 0.253308
Val	AUC[ROC]: 0.959458	AUC[PR]: 0.105340
Epoch evaluation duration: 108.848117113
Epoch duration: 127.473882914

Epoch 53/1000
Epoch training duration: 18.3796989918
Train	AUC[ROC]: 0.997513	AUC[PR]: 0.242065
Val	AUC[ROC]: 0.944447	AUC[PR]: 0.094669
Epoch evaluation duration: 109.244675875
Epoch duration: 127.624374866

Epoch 54/1000
Epoch training duration: 18.5330200195
Train	AUC[ROC]: 0.997646	AUC[PR]: 0.254724
Val	AUC[ROC]: 0.949941	AUC[PR]: 0.110328
Epoch evaluation duration: 108.977910995
Epoch duration: 127.510931015

Epoch 55/1000
Epoch training duration: 17.9950211048
Train	AUC[ROC]: 0.997539	AUC[PR]: 0.261351
Val	AUC[ROC]: 0.939368	AUC[PR]: 0.102961
Epoch evaluation duration: 109.688426971
Epoch duration: 127.683448076

Epoch 56/1000
Epoch training duration: 18.1485030651
Train	AUC[ROC]: 0.997858	AUC[PR]: 0.277523
Val	AUC[ROC]: 0.947285	AUC[PR]: 0.115916
Epoch evaluation duration: 109.722151041
Epoch duration: 127.870654106

Epoch 57/1000
Epoch training duration: 18.0238838196
Train	AUC[ROC]: 0.997871	AUC[PR]: 0.274373
Val	AUC[ROC]: 0.937169	AUC[PR]: 0.099005
Epoch evaluation duration: 107.425318003
Epoch duration: 125.449201822

Epoch 58/1000
Epoch training duration: 17.5603811741
Train	AUC[ROC]: 0.997814	AUC[PR]: 0.268674
Val	AUC[ROC]: 0.942011	AUC[PR]: 0.111713
Epoch evaluation duration: 107.054469824
Epoch duration: 124.614850998

Epoch 59/1000
Epoch training duration: 17.4841330051
Train	AUC[ROC]: 0.997863	AUC[PR]: 0.279593
Val	AUC[ROC]: 0.950259	AUC[PR]: 0.118286
Epoch evaluation duration: 106.316438198
Epoch duration: 123.800571203

Epoch 60/1000
Epoch training duration: 17.9535648823
Train	AUC[ROC]: 0.997794	AUC[PR]: 0.269670
Val	AUC[ROC]: 0.943669	AUC[PR]: 0.112323
Epoch evaluation duration: 105.637386084
Epoch duration: 123.590950966

Epoch 61/1000
Epoch training duration: 17.6978299618
Train	AUC[ROC]: 0.997808	AUC[PR]: 0.268332
Val	AUC[ROC]: 0.934595	AUC[PR]: 0.102893
Epoch evaluation duration: 105.950619936
Epoch duration: 123.648449898

Epoch 62/1000
Epoch training duration: 17.5105059147
Train	AUC[ROC]: 0.997891	AUC[PR]: 0.278239
Val	AUC[ROC]: 0.945801	AUC[PR]: 0.103994
Epoch evaluation duration: 106.595621109
Epoch duration: 124.106127024

Epoch 63/1000
Epoch training duration: 17.1712460518
Train	AUC[ROC]: 0.997835	AUC[PR]: 0.277093
Val	AUC[ROC]: 0.949129	AUC[PR]: 0.098042
Epoch evaluation duration: 106.537101984
Epoch duration: 123.708348036

Epoch 64/1000
Epoch training duration: 17.603399992
Train	AUC[ROC]: 0.997823	AUC[PR]: 0.281536
Val	AUC[ROC]: 0.942766	AUC[PR]: 0.101481
Epoch evaluation duration: 105.828710079
Epoch duration: 123.432110071

Epoch 65/1000
Epoch training duration: 17.8260149956
Train	AUC[ROC]: 0.997908	AUC[PR]: 0.283982
Val	AUC[ROC]: 0.939722	AUC[PR]: 0.096680
Epoch evaluation duration: 105.247298002
Epoch duration: 123.073312998

Epoch 66/1000
Epoch training duration: 17.5407559872
Train	AUC[ROC]: 0.997953	AUC[PR]: 0.282380
Val	AUC[ROC]: 0.943164	AUC[PR]: 0.091656
Epoch evaluation duration: 106.121361971
Epoch duration: 123.662117958

Epoch 67/1000
Epoch training duration: 17.6420369148
Train	AUC[ROC]: 0.997938	AUC[PR]: 0.283556
Val	AUC[ROC]: 0.950225	AUC[PR]: 0.110559
Epoch evaluation duration: 106.048728943
Epoch duration: 123.690765858

Epoch 68/1000
Epoch training duration: 17.5580410957
Train	AUC[ROC]: 0.997803	AUC[PR]: 0.278171
Val	AUC[ROC]: 0.944358	AUC[PR]: 0.102523
Epoch evaluation duration: 107.521517992
Epoch duration: 125.079559088

Epoch 69/1000
Epoch training duration: 17.5989830494
Train	AUC[ROC]: 0.997933	AUC[PR]: 0.284641
Val	AUC[ROC]: 0.949715	AUC[PR]: 0.093909
Epoch evaluation duration: 106.955379963
Epoch duration: 124.554363012

Epoch 70/1000
Epoch training duration: 17.3178598881
Train	AUC[ROC]: 0.997932	AUC[PR]: 0.283005
Val	AUC[ROC]: 0.949499	AUC[PR]: 0.099692
Epoch evaluation duration: 106.005616188
Epoch duration: 123.323476076

Epoch 71/1000
Epoch training duration: 17.0086758137
Train	AUC[ROC]: 0.997796	AUC[PR]: 0.279955
Val	AUC[ROC]: 0.956338	AUC[PR]: 0.102209
Epoch evaluation duration: 108.522322178
Epoch duration: 125.530997992

Epoch 72/1000
Epoch training duration: 18.1052958965
Train	AUC[ROC]: 0.997833	AUC[PR]: 0.274960
Val	AUC[ROC]: 0.949993	AUC[PR]: 0.108960
Epoch evaluation duration: 108.759313107
Epoch duration: 126.864609003

Epoch 73/1000
Epoch training duration: 18.4544849396
Train	AUC[ROC]: 0.997893	AUC[PR]: 0.280135
Val	AUC[ROC]: 0.945629	AUC[PR]: 0.096570
Epoch evaluation duration: 109.92551899
Epoch duration: 128.380003929

Epoch 74/1000
Epoch training duration: 17.8633110523
Train	AUC[ROC]: 0.997990	AUC[PR]: 0.287752
Val	AUC[ROC]: 0.949577	AUC[PR]: 0.103636
Epoch evaluation duration: 109.385020018
Epoch duration: 127.24833107

Epoch 75/1000
Epoch training duration: 18.449187994
Train	AUC[ROC]: 0.997997	AUC[PR]: 0.289504
Val	AUC[ROC]: 0.953559	AUC[PR]: 0.102953
Epoch evaluation duration: 109.219946861
Epoch duration: 127.669134855

Epoch 76/1000
Epoch training duration: 18.1010260582
Train	AUC[ROC]: 0.998026	AUC[PR]: 0.288215
Val	AUC[ROC]: 0.950013	AUC[PR]: 0.116498
Epoch evaluation duration: 109.047950029
Epoch duration: 127.148976088

Epoch 77/1000
Epoch training duration: 18.1630220413
Train	AUC[ROC]: 0.998037	AUC[PR]: 0.292464
Val	AUC[ROC]: 0.950259	AUC[PR]: 0.101589
Epoch evaluation duration: 109.459261894
Epoch duration: 127.622283936

Epoch 78/1000
Epoch training duration: 18.2730419636
Train	AUC[ROC]: 0.998049	AUC[PR]: 0.293474
Val	AUC[ROC]: 0.946731	AUC[PR]: 0.100743
Epoch evaluation duration: 110.150465965
Epoch duration: 128.423507929

Epoch 79/1000
Epoch training duration: 18.7286610603
Train	AUC[ROC]: 0.998068	AUC[PR]: 0.294644
Val	AUC[ROC]: 0.954412	AUC[PR]: 0.098436
Epoch evaluation duration: 109.050909042
Epoch duration: 127.779570103

Epoch 80/1000
Epoch training duration: 18.4149808884
Train	AUC[ROC]: 0.997996	AUC[PR]: 0.284617
Val	AUC[ROC]: 0.944995	AUC[PR]: 0.106216
Epoch evaluation duration: 98.2809610367
Epoch duration: 116.695941925

Epoch 81/1000
Epoch training duration: 15.2645771503
Train	AUC[ROC]: 0.997938	AUC[PR]: 0.281345
Val	AUC[ROC]: 0.945849	AUC[PR]: 0.086526
Epoch evaluation duration: 106.295037985
Epoch duration: 121.559615135

Epoch 82/1000
Epoch training duration: 18.15731287
Train	AUC[ROC]: 0.997946	AUC[PR]: 0.288651
Val	AUC[ROC]: 0.949183	AUC[PR]: 0.097262
Epoch evaluation duration: 109.184513092
Epoch duration: 127.341825962

Epoch 83/1000
Epoch training duration: 18.089564085
Train	AUC[ROC]: 0.998000	AUC[PR]: 0.288929
Val	AUC[ROC]: 0.934448	AUC[PR]: 0.094635
Epoch evaluation duration: 103.14801383
Epoch duration: 121.237577915

Epoch 84/1000
Epoch training duration: 16.013805151
Train	AUC[ROC]: 0.997986	AUC[PR]: 0.285134
Val	AUC[ROC]: 0.936734	AUC[PR]: 0.084620
Epoch evaluation duration: 97.4046089649
Epoch duration: 113.418414116

Epoch 85/1000
Epoch training duration: 18.2035310268
Train	AUC[ROC]: 0.997990	AUC[PR]: 0.286530
Val	AUC[ROC]: 0.940651	AUC[PR]: 0.103561
Epoch evaluation duration: 109.09018302
Epoch duration: 127.293714046

Epoch 86/1000
Epoch training duration: 18.0863089561
Train	AUC[ROC]: 0.997984	AUC[PR]: 0.284323
Val	AUC[ROC]: 0.945558	AUC[PR]: 0.093682
Epoch evaluation duration: 109.231834888
Epoch duration: 127.318143845

Epoch 87/1000
Epoch training duration: 17.9127130508
Train	AUC[ROC]: 0.998048	AUC[PR]: 0.295863
Val	AUC[ROC]: 0.944413	AUC[PR]: 0.092901
Epoch evaluation duration: 110.151659966
Epoch duration: 128.064373016

Epoch 88/1000
Epoch training duration: 18.1888830662
Train	AUC[ROC]: 0.998077	AUC[PR]: 0.295569
Val	AUC[ROC]: 0.951423	AUC[PR]: 0.103221
Epoch evaluation duration: 109.150701046
Epoch duration: 127.339584112

Epoch 89/1000
Epoch training duration: 18.7605109215
Train	AUC[ROC]: 0.997995	AUC[PR]: 0.290634
Val	AUC[ROC]: 0.947051	AUC[PR]: 0.082712
Epoch evaluation duration: 110.332273006
Epoch duration: 129.092783928

Epoch 90/1000
Epoch training duration: 19.0912721157
Train	AUC[ROC]: 0.998005	AUC[PR]: 0.283566
Val	AUC[ROC]: 0.950514	AUC[PR]: 0.091008
Epoch evaluation duration: 109.272996902
Epoch duration: 128.364269018

Epoch 91/1000
Epoch training duration: 18.2873690128
Train	AUC[ROC]: 0.997941	AUC[PR]: 0.280712
Val	AUC[ROC]: 0.950730	AUC[PR]: 0.089130
Epoch evaluation duration: 108.857522011
Epoch duration: 127.144891024

Epoch 92/1000
Epoch training duration: 18.3689320087
Train	AUC[ROC]: 0.998055	AUC[PR]: 0.289626
Val	AUC[ROC]: 0.948213	AUC[PR]: 0.093266
Epoch evaluation duration: 109.056969881
Epoch duration: 127.42590189

Epoch 93/1000
Epoch training duration: 17.8798429966
Train	AUC[ROC]: 0.997995	AUC[PR]: 0.291909
Val	AUC[ROC]: 0.940719	AUC[PR]: 0.083766
Epoch evaluation duration: 109.496433973
Epoch duration: 127.37627697

Epoch 94/1000
Epoch training duration: 17.8625121117
Train	AUC[ROC]: 0.998006	AUC[PR]: 0.283272
Val	AUC[ROC]: 0.949486	AUC[PR]: 0.085790
Epoch evaluation duration: 110.138282061
Epoch duration: 128.000794172

Epoch 95/1000
Epoch training duration: 18.0295598507
Train	AUC[ROC]: 0.998027	AUC[PR]: 0.290147
Val	AUC[ROC]: 0.948612	AUC[PR]: 0.089321
Epoch evaluation duration: 109.273591995
Epoch duration: 127.303151846

Epoch 96/1000
Epoch training duration: 18.0926821232
Train	AUC[ROC]: 0.998083	AUC[PR]: 0.292032
Val	AUC[ROC]: 0.946408	AUC[PR]: 0.098069
Epoch evaluation duration: 109.111615896
Epoch duration: 127.204298019

Epoch 97/1000
Epoch training duration: 18.1259491444
Train	AUC[ROC]: 0.998070	AUC[PR]: 0.291413
Val	AUC[ROC]: 0.948905	AUC[PR]: 0.103492
Epoch evaluation duration: 109.686928988
Epoch duration: 127.812878132

Epoch 98/1000
Epoch training duration: 18.1009778976
Train	AUC[ROC]: 0.998057	AUC[PR]: 0.293258
Val	AUC[ROC]: 0.944878	AUC[PR]: 0.094855
Epoch evaluation duration: 109.581423998
Epoch duration: 127.682401896

Epoch 99/1000
Epoch training duration: 18.4072740078
Train	AUC[ROC]: 0.998062	AUC[PR]: 0.295255
Val	AUC[ROC]: 0.952828	AUC[PR]: 0.096682
Epoch evaluation duration: 109.404851913
Epoch duration: 127.812125921

Epoch 100/1000
Epoch training duration: 18.3330872059
Train	AUC[ROC]: 0.998089	AUC[PR]: 0.296852
Val	AUC[ROC]: 0.949406	AUC[PR]: 0.100346
Epoch evaluation duration: 109.564701796
Epoch duration: 127.897789001

Epoch 101/1000
Epoch training duration: 17.7938361168
Train	AUC[ROC]: 0.998045	AUC[PR]: 0.291638
Val	AUC[ROC]: 0.955347	AUC[PR]: 0.096442
Epoch evaluation duration: 109.753787041
Epoch duration: 127.547623158

Epoch 102/1000
Epoch training duration: 17.9088568687
Train	AUC[ROC]: 0.998169	AUC[PR]: 0.305630
Val	AUC[ROC]: 0.950470	AUC[PR]: 0.091469
Epoch evaluation duration: 109.360254049
Epoch duration: 127.269110918

Epoch 103/1000
Epoch training duration: 18.2052061558
Train	AUC[ROC]: 0.998087	AUC[PR]: 0.296301
Val	AUC[ROC]: 0.949983	AUC[PR]: 0.103074
Epoch evaluation duration: 109.454623938
Epoch duration: 127.659830093

Epoch 104/1000
Epoch training duration: 18.0158908367
Train	AUC[ROC]: 0.998067	AUC[PR]: 0.295393
Val	AUC[ROC]: 0.950299	AUC[PR]: 0.097013
Epoch evaluation duration: 105.004719019
Epoch duration: 123.020609856

Epoch 105/1000
Epoch training duration: 15.8996391296
Train	AUC[ROC]: 0.998156	AUC[PR]: 0.297572
Val	AUC[ROC]: 0.951109	AUC[PR]: 0.097079
Epoch evaluation duration: 96.7576429844
Epoch duration: 112.657282114

Epoch 106/1000
Epoch training duration: 18.2560799122
Train	AUC[ROC]: 0.998125	AUC[PR]: 0.297875
Val	AUC[ROC]: 0.944949	AUC[PR]: 0.101326
Epoch evaluation duration: 109.19493413
Epoch duration: 127.451014042

Epoch 107/1000
Epoch training duration: 17.6482620239
Train	AUC[ROC]: 0.998135	AUC[PR]: 0.296951
Val	AUC[ROC]: 0.946761	AUC[PR]: 0.103392
Epoch evaluation duration: 109.31093502
Epoch duration: 126.959197044

Epoch 108/1000
Epoch training duration: 18.4887418747
Train	AUC[ROC]: 0.998140	AUC[PR]: 0.300191
Val	AUC[ROC]: 0.947173	AUC[PR]: 0.100003
Epoch evaluation duration: 111.166682005
Epoch duration: 129.65542388

Epoch 109/1000
Epoch training duration: 17.9807770252
Train	AUC[ROC]: 0.998165	AUC[PR]: 0.302077
Val	AUC[ROC]: 0.946569	AUC[PR]: 0.094333
Epoch evaluation duration: 109.544559002
Epoch duration: 127.525336027

Epoch 110/1000
Epoch training duration: 18.2355098724
Train	AUC[ROC]: 0.998153	AUC[PR]: 0.299704
Val	AUC[ROC]: 0.950066	AUC[PR]: 0.097537
Epoch evaluation duration: 109.051364183
Epoch duration: 127.286874056

Epoch 111/1000
Epoch training duration: 18.4419438839
Train	AUC[ROC]: 0.998150	AUC[PR]: 0.300789
Val	AUC[ROC]: 0.945155	AUC[PR]: 0.092356
Epoch evaluation duration: 109.838479042
Epoch duration: 128.280422926

Epoch 112/1000
Epoch training duration: 18.2442040443
Train	AUC[ROC]: 0.998146	AUC[PR]: 0.302661
Val	AUC[ROC]: 0.941531	AUC[PR]: 0.096723
Epoch evaluation duration: 109.806905985
Epoch duration: 128.051110029

Epoch 113/1000
Epoch training duration: 17.8287608624
Train	AUC[ROC]: 0.998156	AUC[PR]: 0.303138
Val	AUC[ROC]: 0.932412	AUC[PR]: 0.095176
Epoch evaluation duration: 109.009222031
Epoch duration: 126.837982893

Epoch 114/1000
Epoch training duration: 18.1629841328
Train	AUC[ROC]: 0.998105	AUC[PR]: 0.299164
Val	AUC[ROC]: 0.944944	AUC[PR]: 0.096291
Epoch evaluation duration: 109.120715857
Epoch duration: 127.283699989

Epoch 115/1000
Epoch training duration: 17.8719921112
Train	AUC[ROC]: 0.998120	AUC[PR]: 0.301464
Val	AUC[ROC]: 0.955468	AUC[PR]: 0.095095
Epoch evaluation duration: 109.82842207
Epoch duration: 127.700414181

Epoch 116/1000
Epoch training duration: 18.4767189026
Train	AUC[ROC]: 0.998131	AUC[PR]: 0.303155
Val	AUC[ROC]: 0.954364	AUC[PR]: 0.095186
Epoch evaluation duration: 109.175173998
Epoch duration: 127.6518929

Epoch 117/1000
Epoch training duration: 18.0305891037
Train	AUC[ROC]: 0.998117	AUC[PR]: 0.298183
Val	AUC[ROC]: 0.951791	AUC[PR]: 0.084084
Epoch evaluation duration: 109.3537848
Epoch duration: 127.384373903

Epoch 118/1000
Epoch training duration: 18.0441122055
Train	AUC[ROC]: 0.998133	AUC[PR]: 0.304677
Val	AUC[ROC]: 0.953708	AUC[PR]: 0.089870
Epoch evaluation duration: 109.805832863
Epoch duration: 127.849945068

Epoch 119/1000
Epoch training duration: 18.4803619385
Train	AUC[ROC]: 0.998159	AUC[PR]: 0.303767
Val	AUC[ROC]: 0.953294	AUC[PR]: 0.089548
Epoch evaluation duration: 109.296512127
Epoch duration: 127.776874065

Epoch 120/1000
Epoch training duration: 18.3223829269
Train	AUC[ROC]: 0.998130	AUC[PR]: 0.300276
Val	AUC[ROC]: 0.955096	AUC[PR]: 0.097362
Epoch evaluation duration: 109.546739101
Epoch duration: 127.869122028

Epoch 121/1000
Epoch training duration: 18.2874009609
Train	AUC[ROC]: 0.998180	AUC[PR]: 0.305409
Val	AUC[ROC]: 0.949409	AUC[PR]: 0.086110
Epoch evaluation duration: 109.229820967
Epoch duration: 127.517221928

Epoch 122/1000
Epoch training duration: 17.809139967
Train	AUC[ROC]: 0.998129	AUC[PR]: 0.297605
Val	AUC[ROC]: 0.952030	AUC[PR]: 0.102568
Epoch evaluation duration: 109.631179094
Epoch duration: 127.440319061

Epoch 123/1000
Epoch training duration: 18.5156178474
Train	AUC[ROC]: 0.998132	AUC[PR]: 0.299704
Val	AUC[ROC]: 0.948937	AUC[PR]: 0.092622
Epoch evaluation duration: 109.440927029
Epoch duration: 127.956544876

Epoch 124/1000
Epoch training duration: 18.4466311932
Train	AUC[ROC]: 0.998161	AUC[PR]: 0.301567
Val	AUC[ROC]: 0.945522	AUC[PR]: 0.099881
Epoch evaluation duration: 109.930188894
Epoch duration: 128.376820087

Epoch 125/1000
Epoch training duration: 18.3569500446
Train	AUC[ROC]: 0.998190	AUC[PR]: 0.305293
Val	AUC[ROC]: 0.944638	AUC[PR]: 0.090872
Epoch evaluation duration: 109.855680943
Epoch duration: 128.212630987

Epoch 126/1000
Epoch training duration: 17.8254621029
Train	AUC[ROC]: 0.998183	AUC[PR]: 0.302290
Val	AUC[ROC]: 0.953409	AUC[PR]: 0.093090
Epoch evaluation duration: 109.100850821
Epoch duration: 126.926312923

Epoch 127/1000
Epoch training duration: 18.3488850594
Train	AUC[ROC]: 0.998176	AUC[PR]: 0.299243
Val	AUC[ROC]: 0.951881	AUC[PR]: 0.104402
Epoch evaluation duration: 108.879609108
Epoch duration: 127.228494167

Epoch 128/1000
Epoch training duration: 18.3016109467
Train	AUC[ROC]: 0.998134	AUC[PR]: 0.303741
Val	AUC[ROC]: 0.947760	AUC[PR]: 0.091391
Epoch evaluation duration: 110.401311874
Epoch duration: 128.702922821

Epoch 129/1000
Epoch training duration: 18.0873789787
Train	AUC[ROC]: 0.998172	AUC[PR]: 0.302413
Val	AUC[ROC]: 0.949996	AUC[PR]: 0.095017
Epoch evaluation duration: 110.213670015
Epoch duration: 128.301048994

Epoch 130/1000
Epoch training duration: 18.0259010792
Train	AUC[ROC]: 0.998200	AUC[PR]: 0.304543
Val	AUC[ROC]: 0.946173	AUC[PR]: 0.095896
Epoch evaluation duration: 108.487409115
Epoch duration: 126.513310194

Epoch 131/1000
Epoch training duration: 18.3592019081
Train	AUC[ROC]: 0.998223	AUC[PR]: 0.310117
Val	AUC[ROC]: 0.955907	AUC[PR]: 0.105588
Epoch evaluation duration: 109.320044994
Epoch duration: 127.679246902

Epoch 132/1000
Epoch training duration: 18.2825689316
Train	AUC[ROC]: 0.998211	AUC[PR]: 0.306610
Val	AUC[ROC]: 0.949392	AUC[PR]: 0.099195
Epoch evaluation duration: 109.860836029
Epoch duration: 128.143404961

Epoch 133/1000
Epoch training duration: 18.1882359982
Train	AUC[ROC]: 0.998210	AUC[PR]: 0.305961
Val	AUC[ROC]: 0.940428	AUC[PR]: 0.093059
Epoch evaluation duration: 109.575379133
Epoch duration: 127.763615131

Epoch 134/1000
Epoch training duration: 18.0359759331
Train	AUC[ROC]: 0.998176	AUC[PR]: 0.301332
Val	AUC[ROC]: 0.940339	AUC[PR]: 0.087254
Epoch evaluation duration: 109.418281078
Epoch duration: 127.454257011

Epoch 135/1000
Epoch training duration: 17.9168078899
Train	AUC[ROC]: 0.998181	AUC[PR]: 0.304033
Val	AUC[ROC]: 0.941960	AUC[PR]: 0.107395
Epoch evaluation duration: 109.041062117
Epoch duration: 126.957870007

Epoch 136/1000
Epoch training duration: 18.1734848022
Train	AUC[ROC]: 0.998202	AUC[PR]: 0.307971
Val	AUC[ROC]: 0.943507	AUC[PR]: 0.107443
Epoch evaluation duration: 110.112258196
Epoch duration: 128.285742998

Epoch 137/1000
Epoch training duration: 18.9071269035
Train	AUC[ROC]: 0.998186	AUC[PR]: 0.303644
Val	AUC[ROC]: 0.952269	AUC[PR]: 0.098645
Epoch evaluation duration: 109.23251009
Epoch duration: 128.139636993

Epoch 138/1000
Epoch training duration: 18.2241668701
Train	AUC[ROC]: 0.998205	AUC[PR]: 0.308496
Val	AUC[ROC]: 0.953490	AUC[PR]: 0.093625
Epoch evaluation duration: 110.639168024
Epoch duration: 128.863334894

Epoch 139/1000
Epoch training duration: 18.0620770454
Train	AUC[ROC]: 0.998222	AUC[PR]: 0.311391
Val	AUC[ROC]: 0.942410	AUC[PR]: 0.094324
Epoch evaluation duration: 109.852956057
Epoch duration: 127.915033102

Epoch 140/1000
Epoch training duration: 18.1813077927
Train	AUC[ROC]: 0.998192	AUC[PR]: 0.308484
Val	AUC[ROC]: 0.946319	AUC[PR]: 0.091610
Epoch evaluation duration: 109.3655231
Epoch duration: 127.546830893

Epoch 141/1000
Epoch training duration: 18.0700500011
Train	AUC[ROC]: 0.998186	AUC[PR]: 0.310257
Val	AUC[ROC]: 0.937616	AUC[PR]: 0.092098
Epoch evaluation duration: 109.186738014
Epoch duration: 127.256788015

Epoch 142/1000
Epoch training duration: 18.189218998
Train	AUC[ROC]: 0.998193	AUC[PR]: 0.308272
Val	AUC[ROC]: 0.949085	AUC[PR]: 0.095171
Epoch evaluation duration: 108.524064064
Epoch duration: 126.713283062

Epoch 143/1000
Epoch training duration: 18.2761378288
Train	AUC[ROC]: 0.998230	AUC[PR]: 0.311956
Val	AUC[ROC]: 0.943400	AUC[PR]: 0.088181
Epoch evaluation duration: 110.165416002
Epoch duration: 128.441553831

Epoch 144/1000
Epoch training duration: 18.5116710663
Train	AUC[ROC]: 0.998182	AUC[PR]: 0.307611
Val	AUC[ROC]: 0.942713	AUC[PR]: 0.095947
Epoch evaluation duration: 109.859884024
Epoch duration: 128.37155509

Epoch 145/1000
Epoch training duration: 18.1460049152
Train	AUC[ROC]: 0.998214	AUC[PR]: 0.311489
Val	AUC[ROC]: 0.940005	AUC[PR]: 0.096643
Epoch evaluation duration: 108.870540142
Epoch duration: 127.016545057

Epoch 146/1000
Epoch training duration: 18.3498730659
Train	AUC[ROC]: 0.998168	AUC[PR]: 0.305433
Val	AUC[ROC]: 0.947159	AUC[PR]: 0.102634
Epoch evaluation duration: 109.882385969
Epoch duration: 128.232259035

Epoch 147/1000
Epoch training duration: 17.9148008823
Train	AUC[ROC]: 0.998195	AUC[PR]: 0.307799
Val	AUC[ROC]: 0.955776	AUC[PR]: 0.093875
Epoch evaluation duration: 110.034436941
Epoch duration: 127.949237823

Epoch 148/1000
Epoch training duration: 18.6155080795
Train	AUC[ROC]: 0.998168	AUC[PR]: 0.304281
Val	AUC[ROC]: 0.942414	AUC[PR]: 0.091845
Epoch evaluation duration: 110.466486931
Epoch duration: 129.08199501

Epoch 149/1000
Epoch training duration: 18.0320961475
Train	AUC[ROC]: 0.998213	AUC[PR]: 0.309099
Val	AUC[ROC]: 0.941177	AUC[PR]: 0.093510
Epoch evaluation duration: 109.384765863
Epoch duration: 127.416862011

Epoch 150/1000
Epoch training duration: 18.1881670952
Train	AUC[ROC]: 0.998201	AUC[PR]: 0.305649
Val	AUC[ROC]: 0.944100	AUC[PR]: 0.091809
Epoch evaluation duration: 109.869291067
Epoch duration: 128.057458162

Epoch 151/1000
Epoch training duration: 18.1698718071
Train	AUC[ROC]: 0.998230	AUC[PR]: 0.310702
Val	AUC[ROC]: 0.935814	AUC[PR]: 0.092971
Epoch evaluation duration: 109.486363173
Epoch duration: 127.65623498

Epoch 152/1000
Epoch training duration: 18.2716720104
Train	AUC[ROC]: 0.998229	AUC[PR]: 0.308110
Val	AUC[ROC]: 0.942149	AUC[PR]: 0.089638
Epoch evaluation duration: 108.838197947
Epoch duration: 127.109869957

Epoch 153/1000
Epoch training duration: 18.2987370491
Train	AUC[ROC]: 0.998203	AUC[PR]: 0.306411
Val	AUC[ROC]: 0.938764	AUC[PR]: 0.087896
Epoch evaluation duration: 110.267998934
Epoch duration: 128.566735983

Epoch 154/1000
Epoch training duration: 17.9267690182
Train	AUC[ROC]: 0.998223	AUC[PR]: 0.314547
Val	AUC[ROC]: 0.948650	AUC[PR]: 0.092083
Epoch evaluation duration: 109.939676046
Epoch duration: 127.866445065

Epoch 155/1000
Epoch training duration: 18.2528469563
Train	AUC[ROC]: 0.998154	AUC[PR]: 0.297098
Val	AUC[ROC]: 0.941065	AUC[PR]: 0.088574
Epoch evaluation duration: 109.360923052
Epoch duration: 127.613770008

Epoch 156/1000
Epoch training duration: 18.4244940281
Train	AUC[ROC]: 0.998199	AUC[PR]: 0.307604
Val	AUC[ROC]: 0.947846	AUC[PR]: 0.091953
Epoch evaluation duration: 108.776965857
Epoch duration: 127.201459885

Epoch 157/1000
Epoch training duration: 18.5257329941
Train	AUC[ROC]: 0.998183	AUC[PR]: 0.305728
Val	AUC[ROC]: 0.939507	AUC[PR]: 0.092051
Epoch evaluation duration: 110.482377052
Epoch duration: 129.008110046

Epoch 158/1000
Epoch training duration: 18.2677741051
Train	AUC[ROC]: 0.998214	AUC[PR]: 0.309017
Val	AUC[ROC]: 0.943226	AUC[PR]: 0.091190
Epoch evaluation duration: 109.678596973
Epoch duration: 127.946371078

Epoch 159/1000
Epoch training duration: 18.213231802
Train	AUC[ROC]: 0.998216	AUC[PR]: 0.308442
Val	AUC[ROC]: 0.946467	AUC[PR]: 0.085293
Epoch evaluation duration: 108.994904041
Epoch duration: 127.208135843

Epoch 160/1000
Epoch training duration: 17.9994840622
Train	AUC[ROC]: 0.998227	AUC[PR]: 0.311461
Val	AUC[ROC]: 0.945210	AUC[PR]: 0.094556
Epoch evaluation duration: 109.691334963
Epoch duration: 127.690819025

Epoch 161/1000
Epoch training duration: 18.1412701607
Train	AUC[ROC]: 0.998230	AUC[PR]: 0.313130
Val	AUC[ROC]: 0.940060	AUC[PR]: 0.094062
Epoch evaluation duration: 109.378681898
Epoch duration: 127.519952059

Epoch 162/1000
Epoch training duration: 18.3275239468
Train	AUC[ROC]: 0.998220	AUC[PR]: 0.315508
Val	AUC[ROC]: 0.940832	AUC[PR]: 0.097607
Epoch evaluation duration: 109.003347158
Epoch duration: 127.330871105

Epoch 163/1000
Epoch training duration: 18.4318499565
Train	AUC[ROC]: 0.998196	AUC[PR]: 0.312892
Val	AUC[ROC]: 0.943280	AUC[PR]: 0.095969
Epoch evaluation duration: 109.332146883
Epoch duration: 127.76399684

Epoch 164/1000
Epoch training duration: 17.9431071281
Train	AUC[ROC]: 0.998212	AUC[PR]: 0.306479
Val	AUC[ROC]: 0.949735	AUC[PR]: 0.096123
Epoch evaluation duration: 109.761775017
Epoch duration: 127.704882145

Epoch 165/1000
Epoch training duration: 18.6421349049
Train	AUC[ROC]: 0.998201	AUC[PR]: 0.310327
Val	AUC[ROC]: 0.942292	AUC[PR]: 0.092407
Epoch evaluation duration: 109.321175098
Epoch duration: 127.963310003

Epoch 166/1000
Epoch training duration: 17.9151887894
Train	AUC[ROC]: 0.998204	AUC[PR]: 0.307968
Val	AUC[ROC]: 0.933959	AUC[PR]: 0.095662
Epoch evaluation duration: 108.60861516
Epoch duration: 126.523803949

Epoch 167/1000
Epoch training duration: 18.3250589371
Train	AUC[ROC]: 0.998215	AUC[PR]: 0.314182
Val	AUC[ROC]: 0.931267	AUC[PR]: 0.093272
Epoch evaluation duration: 109.928182125
Epoch duration: 128.253241062

Epoch 168/1000
Epoch training duration: 18.585862875
Train	AUC[ROC]: 0.998224	AUC[PR]: 0.312936
Val	AUC[ROC]: 0.935167	AUC[PR]: 0.096191
Epoch evaluation duration: 109.162846088
Epoch duration: 127.748708963

Epoch 169/1000
Epoch training duration: 18.2552659512
Train	AUC[ROC]: 0.998219	AUC[PR]: 0.311443
Val	AUC[ROC]: 0.936896	AUC[PR]: 0.097189
Epoch evaluation duration: 108.572216988
Epoch duration: 126.827482939

Epoch 170/1000
Epoch training duration: 18.2198479176
Train	AUC[ROC]: 0.998217	AUC[PR]: 0.311380
Val	AUC[ROC]: 0.939728	AUC[PR]: 0.094336
Epoch evaluation duration: 108.573529005
Epoch duration: 126.793376923

Epoch 171/1000
Epoch training duration: 18.3893229961
Train	AUC[ROC]: 0.998220	AUC[PR]: 0.309851
Val	AUC[ROC]: 0.939587	AUC[PR]: 0.093606
Epoch evaluation duration: 109.287023067
Epoch duration: 127.676346064

Epoch 172/1000
Epoch training duration: 18.206733942
Train	AUC[ROC]: 0.998244	AUC[PR]: 0.313677
Val	AUC[ROC]: 0.936737	AUC[PR]: 0.092896
Epoch evaluation duration: 97.4100010395
Epoch duration: 115.616734982

Epoch 173/1000
Epoch training duration: 16.5309650898
Train	AUC[ROC]: 0.998217	AUC[PR]: 0.309003
Val	AUC[ROC]: 0.936413	AUC[PR]: 0.086321
Epoch evaluation duration: 94.220569849
Epoch duration: 110.751534939

Epoch 174/1000
Epoch training duration: 16.1006190777
Train	AUC[ROC]: 0.998221	AUC[PR]: 0.313386
Val	AUC[ROC]: 0.931784	AUC[PR]: 0.090455
Epoch evaluation duration: 93.8560199738
Epoch duration: 109.956639051

Epoch 175/1000
Epoch training duration: 15.749653101
Train	AUC[ROC]: 0.998233	AUC[PR]: 0.311962
Val	AUC[ROC]: 0.933303	AUC[PR]: 0.088709
Epoch evaluation duration: 92.2298519611
Epoch duration: 107.979505062

Epoch 176/1000
Epoch training duration: 15.847671032
Train	AUC[ROC]: 0.998226	AUC[PR]: 0.309320
Val	AUC[ROC]: 0.936664	AUC[PR]: 0.079686
Epoch evaluation duration: 108.609026909
Epoch duration: 124.456697941

Epoch 177/1000
Epoch training duration: 18.2446219921
Train	AUC[ROC]: 0.998219	AUC[PR]: 0.306269
Val	AUC[ROC]: 0.935881	AUC[PR]: 0.081236
Epoch evaluation duration: 109.603913069
Epoch duration: 127.848535061

Epoch 178/1000
Epoch training duration: 18.4175989628
Train	AUC[ROC]: 0.998202	AUC[PR]: 0.309373
Val	AUC[ROC]: 0.928793	AUC[PR]: 0.092274
Epoch evaluation duration: 109.915359974
Epoch duration: 128.332958937

Epoch 179/1000
Epoch training duration: 18.4593961239
Train	AUC[ROC]: 0.998219	AUC[PR]: 0.307732
Val	AUC[ROC]: 0.942289	AUC[PR]: 0.089302
Epoch evaluation duration: 109.642813921
Epoch duration: 128.102210045

Epoch 180/1000
Epoch training duration: 18.2697489262
Train	AUC[ROC]: 0.998229	AUC[PR]: 0.309619
Val	AUC[ROC]: 0.937944	AUC[PR]: 0.094358
Epoch evaluation duration: 108.690983057
Epoch duration: 126.960731983

Epoch 181/1000
Epoch training duration: 18.4088110924
Train	AUC[ROC]: 0.998221	AUC[PR]: 0.306917
Val	AUC[ROC]: 0.939450	AUC[PR]: 0.091084
Epoch evaluation duration: 108.955781937
Epoch duration: 127.364593029

Epoch 182/1000
Epoch training duration: 17.8044588566
Train	AUC[ROC]: 0.998252	AUC[PR]: 0.311105
Val	AUC[ROC]: 0.935661	AUC[PR]: 0.086015
Epoch evaluation duration: 109.271529198
Epoch duration: 127.075988054

Epoch 183/1000
Epoch training duration: 18.1704180241
Train	AUC[ROC]: 0.998221	AUC[PR]: 0.306138
Val	AUC[ROC]: 0.933775	AUC[PR]: 0.087448
Epoch evaluation duration: 108.815376997
Epoch duration: 126.985795021

Epoch 184/1000
Epoch training duration: 17.9502599239
Train	AUC[ROC]: 0.998219	AUC[PR]: 0.308968
Val	AUC[ROC]: 0.937085	AUC[PR]: 0.088866
Epoch evaluation duration: 108.557244062
Epoch duration: 126.507503986

Epoch 185/1000
Epoch training duration: 18.3496568203
Train	AUC[ROC]: 0.998191	AUC[PR]: 0.304225
Val	AUC[ROC]: 0.933673	AUC[PR]: 0.085227
Epoch evaluation duration: 109.97905612
Epoch duration: 128.32871294

Epoch 186/1000
Epoch training duration: 18.1797189713
Train	AUC[ROC]: 0.998210	AUC[PR]: 0.307385
Val	AUC[ROC]: 0.939480	AUC[PR]: 0.086709
Epoch evaluation duration: 108.833105087
Epoch duration: 127.012824059

Epoch 187/1000
Epoch training duration: 18.5816719532
Train	AUC[ROC]: 0.998254	AUC[PR]: 0.317306
Val	AUC[ROC]: 0.936408	AUC[PR]: 0.090763
Epoch evaluation duration: 109.450222969
Epoch duration: 128.031894922

Epoch 188/1000
Epoch training duration: 17.9047670364
Train	AUC[ROC]: 0.998241	AUC[PR]: 0.317094
Val	AUC[ROC]: 0.931458	AUC[PR]: 0.087388
Epoch evaluation duration: 110.40555501
Epoch duration: 128.310322046

Epoch 189/1000
Epoch training duration: 18.0976648331
Train	AUC[ROC]: 0.998252	AUC[PR]: 0.313864
Val	AUC[ROC]: 0.933280	AUC[PR]: 0.096847
Epoch evaluation duration: 110.028846025
Epoch duration: 128.126510859

Epoch 190/1000
Epoch training duration: 18.1850759983
Train	AUC[ROC]: 0.998215	AUC[PR]: 0.309381
Val	AUC[ROC]: 0.932482	AUC[PR]: 0.088118
Epoch evaluation duration: 108.803802013
Epoch duration: 126.988878012

Epoch 191/1000
Epoch training duration: 18.454280138
Train	AUC[ROC]: 0.998233	AUC[PR]: 0.306680
Val	AUC[ROC]: 0.934621	AUC[PR]: 0.094121
Epoch evaluation duration: 109.329283953
Epoch duration: 127.783564091

Epoch 192/1000
Epoch training duration: 18.2088630199
Train	AUC[ROC]: 0.998246	AUC[PR]: 0.316781
Val	AUC[ROC]: 0.922464	AUC[PR]: 0.092325
Epoch evaluation duration: 109.771596909
Epoch duration: 127.980459929

Epoch 193/1000
Epoch training duration: 18.0711269379
Train	AUC[ROC]: 0.998243	AUC[PR]: 0.313797
Val	AUC[ROC]: 0.923925	AUC[PR]: 0.084683
Epoch evaluation duration: 109.109594107
Epoch duration: 127.180721045

Epoch 194/1000
Epoch training duration: 18.1144559383
Train	AUC[ROC]: 0.998234	AUC[PR]: 0.314072
Val	AUC[ROC]: 0.926001	AUC[PR]: 0.087109
Epoch evaluation duration: 109.471552134
Epoch duration: 127.586008072

Epoch 195/1000
Epoch training duration: 18.4090600014
Train	AUC[ROC]: 0.998247	AUC[PR]: 0.312716
Val	AUC[ROC]: 0.925718	AUC[PR]: 0.092020
Epoch evaluation duration: 108.930280924
Epoch duration: 127.339340925

Epoch 196/1000
Epoch training duration: 18.0495460033
Train	AUC[ROC]: 0.998246	AUC[PR]: 0.316574
Val	AUC[ROC]: 0.918744	AUC[PR]: 0.079730
Epoch evaluation duration: 110.170365095
Epoch duration: 128.219911098

Epoch 197/1000
Epoch training duration: 17.9851558208
Train	AUC[ROC]: 0.998222	AUC[PR]: 0.309576
Val	AUC[ROC]: 0.921838	AUC[PR]: 0.081125
Epoch evaluation duration: 109.034877062
Epoch duration: 127.020032883

Epoch 198/1000
Epoch training duration: 18.5197730064
Train	AUC[ROC]: 0.998219	AUC[PR]: 0.311916
Val	AUC[ROC]: 0.924292	AUC[PR]: 0.089391
Epoch evaluation duration: 109.304567099
Epoch duration: 127.824340105

Epoch 199/1000
Epoch training duration: 18.3328769207
Train	AUC[ROC]: 0.998239	AUC[PR]: 0.313765
Val	AUC[ROC]: 0.929510	AUC[PR]: 0.091944
Epoch evaluation duration: 109.915267944
Epoch duration: 128.248144865

Epoch 200/1000
Epoch training duration: 18.1598451138
Train	AUC[ROC]: 0.998248	AUC[PR]: 0.314632
Val	AUC[ROC]: 0.929254	AUC[PR]: 0.092641
Epoch evaluation duration: 109.367285967
Epoch duration: 127.527131081

Epoch 201/1000
Epoch training duration: 17.9362180233
Train	AUC[ROC]: 0.998250	AUC[PR]: 0.312673
Val	AUC[ROC]: 0.935769	AUC[PR]: 0.090494
Epoch evaluation duration: 109.215532064
Epoch duration: 127.151750088

Epoch 202/1000
Epoch training duration: 18.3652858734
Train	AUC[ROC]: 0.998232	AUC[PR]: 0.315903
Val	AUC[ROC]: 0.934733	AUC[PR]: 0.096060
Epoch evaluation duration: 109.092518091
Epoch duration: 127.457803965

Epoch 203/1000
Epoch training duration: 18.3312819004
Train	AUC[ROC]: 0.998260	AUC[PR]: 0.317651
Val	AUC[ROC]: 0.932218	AUC[PR]: 0.094602
Epoch evaluation duration: 109.578763962
Epoch duration: 127.910045862

Epoch 204/1000
Epoch training duration: 18.4269561768
Train	AUC[ROC]: 0.998255	AUC[PR]: 0.317355
Val	AUC[ROC]: 0.926729	AUC[PR]: 0.098002
Epoch evaluation duration: 108.987520933
Epoch duration: 127.41447711

Epoch 205/1000
Epoch training duration: 18.3320538998
Train	AUC[ROC]: 0.998245	AUC[PR]: 0.310135
Val	AUC[ROC]: 0.930218	AUC[PR]: 0.096020
Epoch evaluation duration: 109.090857983
Epoch duration: 127.422911882

Epoch 206/1000
Epoch training duration: 18.4638981819
Train	AUC[ROC]: 0.998243	AUC[PR]: 0.312128
Val	AUC[ROC]: 0.925963	AUC[PR]: 0.090202
Epoch evaluation duration: 109.526674986
Epoch duration: 127.990573168

Epoch 207/1000
Epoch training duration: 18.2381119728
Train	AUC[ROC]: 0.998252	AUC[PR]: 0.317485
Val	AUC[ROC]: 0.936632	AUC[PR]: 0.097030
Epoch evaluation duration: 109.171741962
Epoch duration: 127.409853935

Epoch 208/1000
Epoch training duration: 18.854665041
Train	AUC[ROC]: 0.998243	AUC[PR]: 0.314013
Val	AUC[ROC]: 0.931813	AUC[PR]: 0.095911
Epoch evaluation duration: 109.780032873
Epoch duration: 128.634697914

Epoch 209/1000
Epoch training duration: 18.1176700592
Train	AUC[ROC]: 0.998228	AUC[PR]: 0.311775
Val	AUC[ROC]: 0.938603	AUC[PR]: 0.094510
Epoch evaluation duration: 109.479434967
Epoch duration: 127.597105026

Epoch 210/1000
Epoch training duration: 17.9066739082
Train	AUC[ROC]: 0.998219	AUC[PR]: 0.310895
Val	AUC[ROC]: 0.937772	AUC[PR]: 0.089746
Epoch evaluation duration: 109.704954147
Epoch duration: 127.611628056

Epoch 211/1000
Epoch training duration: 18.7638549805
Train	AUC[ROC]: 0.998268	AUC[PR]: 0.318947
Val	AUC[ROC]: 0.940269	AUC[PR]: 0.093840
Epoch evaluation duration: 109.337816954
Epoch duration: 128.101671934

Epoch 212/1000
Epoch training duration: 18.0373411179
Train	AUC[ROC]: 0.998258	AUC[PR]: 0.316952
Val	AUC[ROC]: 0.938920	AUC[PR]: 0.085831
Epoch evaluation duration: 108.819068909
Epoch duration: 126.856410027

Epoch 213/1000
Epoch training duration: 18.0733590126
Train	AUC[ROC]: 0.998253	AUC[PR]: 0.311597
Val	AUC[ROC]: 0.943212	AUC[PR]: 0.089586
Epoch evaluation duration: 109.925539017
Epoch duration: 127.998898029

Epoch 214/1000
Epoch training duration: 17.475440979
Train	AUC[ROC]: 0.998267	AUC[PR]: 0.316122
Val	AUC[ROC]: 0.934115	AUC[PR]: 0.085049
Epoch evaluation duration: 108.930038929
Epoch duration: 126.405479908

Epoch 215/1000
Epoch training duration: 18.2777020931
Train	AUC[ROC]: 0.998255	AUC[PR]: 0.315052
Val	AUC[ROC]: 0.937112	AUC[PR]: 0.085515
Epoch evaluation duration: 109.473524094
Epoch duration: 127.751226187

Epoch 216/1000
Epoch training duration: 18.3293418884
Train	AUC[ROC]: 0.998270	AUC[PR]: 0.320554
Val	AUC[ROC]: 0.936128	AUC[PR]: 0.101573
Epoch evaluation duration: 108.872677088
Epoch duration: 127.202018976

Epoch 217/1000
Epoch training duration: 17.984318018
Train	AUC[ROC]: 0.998241	AUC[PR]: 0.312719
Val	AUC[ROC]: 0.940369	AUC[PR]: 0.091141
Epoch evaluation duration: 110.23888278
Epoch duration: 128.223200798

Epoch 218/1000
Epoch training duration: 18.7099041939
Train	AUC[ROC]: 0.998227	AUC[PR]: 0.313514
Val	AUC[ROC]: 0.937053	AUC[PR]: 0.089216
Epoch evaluation duration: 109.006446838
Epoch duration: 127.716351032

Epoch 219/1000
Epoch training duration: 18.5030210018
Train	AUC[ROC]: 0.998266	AUC[PR]: 0.319451
Val	AUC[ROC]: 0.937312	AUC[PR]: 0.089178
Epoch evaluation duration: 108.572091103
Epoch duration: 127.075112104

Epoch 220/1000
Epoch training duration: 18.3824439049
Train	AUC[ROC]: 0.998247	AUC[PR]: 0.312043
Val	AUC[ROC]: 0.938459	AUC[PR]: 0.089901
Epoch evaluation duration: 109.135923147
Epoch duration: 127.518367052

Epoch 221/1000
Epoch training duration: 17.8048808575
Train	AUC[ROC]: 0.998284	AUC[PR]: 0.318011
Val	AUC[ROC]: 0.939699	AUC[PR]: 0.087819
Epoch evaluation duration: 109.200299978
Epoch duration: 127.005180836

Epoch 222/1000
Epoch training duration: 17.922134161
Train	AUC[ROC]: 0.998245	AUC[PR]: 0.311823
Val	AUC[ROC]: 0.936189	AUC[PR]: 0.078361
Epoch evaluation duration: 108.769721031
Epoch duration: 126.691855192

Epoch 223/1000
Epoch training duration: 18.2832269669
Train	AUC[ROC]: 0.998266	AUC[PR]: 0.316361
Val	AUC[ROC]: 0.948709	AUC[PR]: 0.096625
Epoch evaluation duration: 108.874361038
Epoch duration: 127.157588005

Epoch 224/1000
Epoch training duration: 17.9800889492
Train	AUC[ROC]: 0.998224	AUC[PR]: 0.307549
Val	AUC[ROC]: 0.930837	AUC[PR]: 0.082073
Epoch evaluation duration: 109.930994034
Epoch duration: 127.911082983

Epoch 225/1000
Epoch training duration: 18.6119740009
Train	AUC[ROC]: 0.998255	AUC[PR]: 0.313581
Val	AUC[ROC]: 0.929992	AUC[PR]: 0.083539
Epoch evaluation duration: 109.441231012
Epoch duration: 128.053205013

Epoch 226/1000
Epoch training duration: 17.9709069729
Train	AUC[ROC]: 0.998290	AUC[PR]: 0.321652
Val	AUC[ROC]: 0.935766	AUC[PR]: 0.092757
Epoch evaluation duration: 109.567672014
Epoch duration: 127.538578987

Epoch 227/1000
Epoch training duration: 18.2196648121
Train	AUC[ROC]: 0.998250	AUC[PR]: 0.311214
Val	AUC[ROC]: 0.929475	AUC[PR]: 0.086896
Epoch evaluation duration: 110.936480045
Epoch duration: 129.156144857

Epoch 228/1000
Epoch training duration: 18.3093550205
Train	AUC[ROC]: 0.998276	AUC[PR]: 0.320381
Val	AUC[ROC]: 0.926239	AUC[PR]: 0.085972
Epoch evaluation duration: 109.273767948
Epoch duration: 127.583122969

Epoch 229/1000
Epoch training duration: 18.0750541687
Train	AUC[ROC]: 0.998239	AUC[PR]: 0.316622
Val	AUC[ROC]: 0.937468	AUC[PR]: 0.094633
Epoch evaluation duration: 109.371069908
Epoch duration: 127.446124077

Epoch 230/1000
Epoch training duration: 18.0897729397
Train	AUC[ROC]: 0.998255	AUC[PR]: 0.319254
Val	AUC[ROC]: 0.925513	AUC[PR]: 0.087435
Epoch evaluation duration: 109.321086168
Epoch duration: 127.410859108

Epoch 231/1000
Epoch training duration: 18.3897287846
Train	AUC[ROC]: 0.998254	AUC[PR]: 0.318731
Val	AUC[ROC]: 0.932172	AUC[PR]: 0.093159
Epoch evaluation duration: 110.274165154
Epoch duration: 128.663893938

Epoch 232/1000
Epoch training duration: 18.5358009338
Train	AUC[ROC]: 0.998277	AUC[PR]: 0.317573
Val	AUC[ROC]: 0.925703	AUC[PR]: 0.087960
Epoch evaluation duration: 108.849642992
Epoch duration: 127.385443926

Epoch 233/1000
Epoch training duration: 18.3656630516
Train	AUC[ROC]: 0.998250	AUC[PR]: 0.313598
Val	AUC[ROC]: 0.918832	AUC[PR]: 0.083051
Epoch evaluation duration: 109.05548501
Epoch duration: 127.421148062

Epoch 234/1000
Epoch training duration: 18.1615099907
Train	AUC[ROC]: 0.998244	AUC[PR]: 0.315171
Val	AUC[ROC]: 0.927923	AUC[PR]: 0.085801
Epoch evaluation duration: 109.672602892
Epoch duration: 127.834112883

Epoch 235/1000
Epoch training duration: 17.8833329678
Train	AUC[ROC]: 0.998251	AUC[PR]: 0.313951
Val	AUC[ROC]: 0.932557	AUC[PR]: 0.095900
Epoch evaluation duration: 109.415932178
Epoch duration: 127.299265146

Epoch 236/1000
Epoch training duration: 18.4741079807
Train	AUC[ROC]: 0.998240	AUC[PR]: 0.315339
Val	AUC[ROC]: 0.934676	AUC[PR]: 0.085261
Epoch evaluation duration: 109.188062906
Epoch duration: 127.662170887

train precision: 0.233251000768
train roc: 0.997250549813
train hit: 428.0 out of 444.0

val precision: 0.111175027178
val roc: 0.974893053141
val hit: 35.0 out of 55.0

test precision: 0.0534242219866
test roc: 0.88130773426
test hit: 24.0 out of 55.0

ratio: 0.02, EF: 28.1818181818,	active: 55.0
ratio: 0.02, NEF: 0.563636363636
ratio: 0.01, EF: 43.6363636364,	active: 55.0
ratio: 0.01, NEF: 0.436363636364
ratio: 0.0015, EF: 60.6060606061,	active: 55.0
ratio: 0.0015, NEF: 0.0909090909091
ratio: 0.001, EF: 36.3636363636,	active: 55.0
ratio: 0.001, NEF: 0.047619047619

