label_name_list  [u'PriA-SSB AS Activity', u'PriA-SSB AS % inhibition (Primary Median)']
train files  ['../datasets/keck_pria/fold_0.csv' '../datasets/keck_pria/fold_1.csv'
 '../datasets/keck_pria/fold_2.csv' '../datasets/keck_pria/fold_3.csv'
 '../datasets/keck_pria/fold_4.csv' '../datasets/keck_pria/fold_5.csv']
val files  ['../datasets/keck_pria/fold_6.csv']
test files  ['../datasets/keck_pria/fold_7.csv']
done data preparation
Sample Weight	 [18313.5        15081.70588235  6574.07692308 ...    21.20669975
    20.92629775    21.61249262]
Epoch 1/200
Epoch training duration: 12.419547081
Train	AUC[ROC]: 0.844260	AUC[PR]: 0.037368
Val	AUC[ROC]: 0.819708	AUC[PR]: 0.030403
Epoch evaluation duration: 80.9201319218
Epoch duration: 93.3396790028

Epoch 2/200
Epoch training duration: 12.1979510784
Train	AUC[ROC]: 0.855563	AUC[PR]: 0.042067
Val	AUC[ROC]: 0.841153	AUC[PR]: 0.035260
Epoch evaluation duration: 81.0596129894
Epoch duration: 93.2575640678

Epoch 3/200
Epoch training duration: 12.2000069618
Train	AUC[ROC]: 0.865432	AUC[PR]: 0.056526
Val	AUC[ROC]: 0.848766	AUC[PR]: 0.047187
Epoch evaluation duration: 80.6536388397
Epoch duration: 92.8536458015

Epoch 4/200
Epoch training duration: 12.3969972134
Train	AUC[ROC]: 0.889180	AUC[PR]: 0.068118
Val	AUC[ROC]: 0.850105	AUC[PR]: 0.051815
Epoch evaluation duration: 80.3565068245
Epoch duration: 92.7535040379

Epoch 5/200
Epoch training duration: 12.2581930161
Train	AUC[ROC]: 0.907992	AUC[PR]: 0.069940
Val	AUC[ROC]: 0.855693	AUC[PR]: 0.048873
Epoch evaluation duration: 80.5185029507
Epoch duration: 92.7766959667

Epoch 6/200
Epoch training duration: 12.5157740116
Train	AUC[ROC]: 0.921019	AUC[PR]: 0.075705
Val	AUC[ROC]: 0.856406	AUC[PR]: 0.047259
Epoch evaluation duration: 80.2636950016
Epoch duration: 92.7794690132

Epoch 7/200
Epoch training duration: 12.1624310017
Train	AUC[ROC]: 0.931185	AUC[PR]: 0.092152
Val	AUC[ROC]: 0.860606	AUC[PR]: 0.053276
Epoch evaluation duration: 80.698251009
Epoch duration: 92.8606820107

Epoch 8/200
Epoch training duration: 12.0277490616
Train	AUC[ROC]: 0.945673	AUC[PR]: 0.095302
Val	AUC[ROC]: 0.865188	AUC[PR]: 0.052599
Epoch evaluation duration: 80.5694770813
Epoch duration: 92.5972261429

Epoch 9/200
Epoch training duration: 12.1335120201
Train	AUC[ROC]: 0.953387	AUC[PR]: 0.115151
Val	AUC[ROC]: 0.870179	AUC[PR]: 0.048929
Epoch evaluation duration: 80.6103179455
Epoch duration: 92.7438299656

Epoch 10/200
Epoch training duration: 12.2224018574
Train	AUC[ROC]: 0.964378	AUC[PR]: 0.143665
Val	AUC[ROC]: 0.885915	AUC[PR]: 0.065764
Epoch evaluation duration: 80.5574250221
Epoch duration: 92.7798268795

Epoch 11/200
Epoch training duration: 12.1670811176
Train	AUC[ROC]: 0.970187	AUC[PR]: 0.144099
Val	AUC[ROC]: 0.881970	AUC[PR]: 0.059597
Epoch evaluation duration: 79.6694829464
Epoch duration: 91.836564064

Epoch 12/200
Epoch training duration: 12.2921350002
Train	AUC[ROC]: 0.975853	AUC[PR]: 0.171568
Val	AUC[ROC]: 0.882949	AUC[PR]: 0.074487
Epoch evaluation duration: 80.6971559525
Epoch duration: 92.9892909527

Epoch 13/200
Epoch training duration: 12.4963881969
Train	AUC[ROC]: 0.980145	AUC[PR]: 0.178837
Val	AUC[ROC]: 0.889487	AUC[PR]: 0.074543
Epoch evaluation duration: 80.1711277962
Epoch duration: 92.6675159931

Epoch 14/200
Epoch training duration: 12.2816040516
Train	AUC[ROC]: 0.982545	AUC[PR]: 0.195554
Val	AUC[ROC]: 0.890202	AUC[PR]: 0.083047
Epoch evaluation duration: 80.9550549984
Epoch duration: 93.23665905

Epoch 15/200
Epoch training duration: 12.1799860001
Train	AUC[ROC]: 0.984522	AUC[PR]: 0.185526
Val	AUC[ROC]: 0.890745	AUC[PR]: 0.073452
Epoch evaluation duration: 80.7714869976
Epoch duration: 92.9514729977

Epoch 16/200
Epoch training duration: 12.2580740452
Train	AUC[ROC]: 0.988645	AUC[PR]: 0.221708
Val	AUC[ROC]: 0.897617	AUC[PR]: 0.096549
Epoch evaluation duration: 79.9789979458
Epoch duration: 92.237071991

Epoch 17/200
Epoch training duration: 12.6516530514
Train	AUC[ROC]: 0.989006	AUC[PR]: 0.213237
Val	AUC[ROC]: 0.895070	AUC[PR]: 0.075685
Epoch evaluation duration: 80.39219594
Epoch duration: 93.0438489914

Epoch 18/200
Epoch training duration: 12.0435681343
Train	AUC[ROC]: 0.989917	AUC[PR]: 0.194681
Val	AUC[ROC]: 0.894575	AUC[PR]: 0.080216
Epoch evaluation duration: 80.5347259045
Epoch duration: 92.5782940388

Epoch 19/200
Epoch training duration: 12.137319088
Train	AUC[ROC]: 0.991003	AUC[PR]: 0.215790
Val	AUC[ROC]: 0.897086	AUC[PR]: 0.077565
Epoch evaluation duration: 80.7543170452
Epoch duration: 92.8916361332

Epoch 20/200
Epoch training duration: 12.25710392
Train	AUC[ROC]: 0.991994	AUC[PR]: 0.212597
Val	AUC[ROC]: 0.898454	AUC[PR]: 0.086867
Epoch evaluation duration: 80.1694600582
Epoch duration: 92.4265639782

Epoch 21/200
Epoch training duration: 12.3401648998
Train	AUC[ROC]: 0.991567	AUC[PR]: 0.220000
Val	AUC[ROC]: 0.885580	AUC[PR]: 0.085618
Epoch evaluation duration: 81.335545063
Epoch duration: 93.6757099628

Epoch 22/200
Epoch training duration: 12.0487749577
Train	AUC[ROC]: 0.993731	AUC[PR]: 0.225150
Val	AUC[ROC]: 0.901632	AUC[PR]: 0.094730
Epoch evaluation duration: 80.3318989277
Epoch duration: 92.3806738853

Epoch 23/200
Epoch training duration: 12.4065511227
Train	AUC[ROC]: 0.993756	AUC[PR]: 0.250659
Val	AUC[ROC]: 0.908009	AUC[PR]: 0.104501
Epoch evaluation duration: 80.906047821
Epoch duration: 93.3125989437

Epoch 24/200
Epoch training duration: 12.0667331219
Train	AUC[ROC]: 0.994511	AUC[PR]: 0.232591
Val	AUC[ROC]: 0.900347	AUC[PR]: 0.089649
Epoch evaluation duration: 81.1794159412
Epoch duration: 93.2461490631

Epoch 25/200
Epoch training duration: 11.9219250679
Train	AUC[ROC]: 0.993911	AUC[PR]: 0.211808
Val	AUC[ROC]: 0.902811	AUC[PR]: 0.087727
Epoch evaluation duration: 80.390048027
Epoch duration: 92.3119730949

Epoch 26/200
Epoch training duration: 11.8719229698
Train	AUC[ROC]: 0.994807	AUC[PR]: 0.234090
Val	AUC[ROC]: 0.906701	AUC[PR]: 0.092509
Epoch evaluation duration: 80.4907701015
Epoch duration: 92.3626930714

Epoch 27/200
Epoch training duration: 12.2034919262
Train	AUC[ROC]: 0.994703	AUC[PR]: 0.239112
Val	AUC[ROC]: 0.902352	AUC[PR]: 0.095110
Epoch evaluation duration: 80.3328309059
Epoch duration: 92.5363228321

Epoch 28/200
Epoch training duration: 12.4012060165
Train	AUC[ROC]: 0.995239	AUC[PR]: 0.257525
Val	AUC[ROC]: 0.908672	AUC[PR]: 0.102156
Epoch evaluation duration: 81.1482899189
Epoch duration: 93.5494959354

Epoch 29/200
Epoch training duration: 12.2278101444
Train	AUC[ROC]: 0.995339	AUC[PR]: 0.244768
Val	AUC[ROC]: 0.911565	AUC[PR]: 0.091662
Epoch evaluation duration: 80.1380000114
Epoch duration: 92.3658101559

Epoch 30/200
Epoch training duration: 12.154031992
Train	AUC[ROC]: 0.995553	AUC[PR]: 0.248142
Val	AUC[ROC]: 0.902284	AUC[PR]: 0.094268
Epoch evaluation duration: 80.4470899105
Epoch duration: 92.6011219025

Epoch 31/200
Epoch training duration: 12.4739849567
Train	AUC[ROC]: 0.995259	AUC[PR]: 0.236923
Val	AUC[ROC]: 0.912080	AUC[PR]: 0.092134
Epoch evaluation duration: 80.1969940662
Epoch duration: 92.670979023

Epoch 32/200
Epoch training duration: 12.0246319771
Train	AUC[ROC]: 0.995420	AUC[PR]: 0.243601
Val	AUC[ROC]: 0.910076	AUC[PR]: 0.093957
Epoch evaluation duration: 80.8015291691
Epoch duration: 92.8261611462

Epoch 33/200
Epoch training duration: 12.1232569218
Train	AUC[ROC]: 0.995840	AUC[PR]: 0.256164
Val	AUC[ROC]: 0.913005	AUC[PR]: 0.102271
Epoch evaluation duration: 80.1889328957
Epoch duration: 92.3121898174

Epoch 34/200
Epoch training duration: 12.1368479729
Train	AUC[ROC]: 0.995689	AUC[PR]: 0.236503
Val	AUC[ROC]: 0.905359	AUC[PR]: 0.098054
Epoch evaluation duration: 80.8233439922
Epoch duration: 92.9601919651

Epoch 35/200
Epoch training duration: 12.2707982063
Train	AUC[ROC]: 0.996066	AUC[PR]: 0.258685
Val	AUC[ROC]: 0.911207	AUC[PR]: 0.096717
Epoch evaluation duration: 79.9484260082
Epoch duration: 92.2192242146

Epoch 36/200
Epoch training duration: 12.3886289597
Train	AUC[ROC]: 0.996220	AUC[PR]: 0.259189
Val	AUC[ROC]: 0.916752	AUC[PR]: 0.100482
Epoch evaluation duration: 80.9591579437
Epoch duration: 93.3477869034

Epoch 37/200
Epoch training duration: 12.3288729191
Train	AUC[ROC]: 0.996293	AUC[PR]: 0.248673
Val	AUC[ROC]: 0.908853	AUC[PR]: 0.097841
Epoch evaluation duration: 80.124943018
Epoch duration: 92.453815937

Epoch 38/200
Epoch training duration: 12.0420060158
Train	AUC[ROC]: 0.996364	AUC[PR]: 0.257659
Val	AUC[ROC]: 0.911008	AUC[PR]: 0.101878
Epoch evaluation duration: 80.2106649876
Epoch duration: 92.2526710033

Epoch 39/200
Epoch training duration: 12.2768189907
Train	AUC[ROC]: 0.996480	AUC[PR]: 0.259043
Val	AUC[ROC]: 0.913307	AUC[PR]: 0.100429
Epoch evaluation duration: 80.1648590565
Epoch duration: 92.4416780472

Epoch 40/200
Epoch training duration: 12.2917249203
Train	AUC[ROC]: 0.996358	AUC[PR]: 0.253964
Val	AUC[ROC]: 0.911926	AUC[PR]: 0.098595
Epoch evaluation duration: 79.439136982
Epoch duration: 91.7308619022

Epoch 41/200
Epoch training duration: 12.0469009876
Train	AUC[ROC]: 0.996467	AUC[PR]: 0.261026
Val	AUC[ROC]: 0.919605	AUC[PR]: 0.111318
Epoch evaluation duration: 80.110681057
Epoch duration: 92.1575820446

Epoch 42/200
Epoch training duration: 12.7454891205
Train	AUC[ROC]: 0.996348	AUC[PR]: 0.264296
Val	AUC[ROC]: 0.919511	AUC[PR]: 0.107288
Epoch evaluation duration: 80.3295128345
Epoch duration: 93.075001955

Epoch 43/200
Epoch training duration: 12.3212430477
Train	AUC[ROC]: 0.996526	AUC[PR]: 0.273638
Val	AUC[ROC]: 0.918717	AUC[PR]: 0.113672
Epoch evaluation duration: 80.1564950943
Epoch duration: 92.477738142

Epoch 44/200
Epoch training duration: 12.3719220161
Train	AUC[ROC]: 0.996547	AUC[PR]: 0.257315
Val	AUC[ROC]: 0.921899	AUC[PR]: 0.112952
Epoch evaluation duration: 79.7612450123
Epoch duration: 92.1331670284

Epoch 45/200
Epoch training duration: 12.1395139694
Train	AUC[ROC]: 0.996613	AUC[PR]: 0.259007
Val	AUC[ROC]: 0.912230	AUC[PR]: 0.111500
Epoch evaluation duration: 80.7476379871
Epoch duration: 92.8871519566

Epoch 46/200
Epoch training duration: 12.0559830666
Train	AUC[ROC]: 0.996731	AUC[PR]: 0.257338
Val	AUC[ROC]: 0.919613	AUC[PR]: 0.109662
Epoch evaluation duration: 79.888406992
Epoch duration: 91.9443900585

Epoch 47/200
Epoch training duration: 12.1506779194
Train	AUC[ROC]: 0.996737	AUC[PR]: 0.266023
Val	AUC[ROC]: 0.917853	AUC[PR]: 0.109806
Epoch evaluation duration: 80.571434021
Epoch duration: 92.7221119404

Epoch 48/200
Epoch training duration: 12.2937340736
Train	AUC[ROC]: 0.996697	AUC[PR]: 0.261639
Val	AUC[ROC]: 0.918318	AUC[PR]: 0.101458
Epoch evaluation duration: 80.3232119083
Epoch duration: 92.616945982

Epoch 49/200
Epoch training duration: 12.2573509216
Train	AUC[ROC]: 0.996858	AUC[PR]: 0.264829
Val	AUC[ROC]: 0.919776	AUC[PR]: 0.116787
Epoch evaluation duration: 79.2411000729
Epoch duration: 91.4984509945

Epoch 50/200
Epoch training duration: 12.1441540718
Train	AUC[ROC]: 0.996877	AUC[PR]: 0.287312
Val	AUC[ROC]: 0.918863	AUC[PR]: 0.112597
Epoch evaluation duration: 79.6376149654
Epoch duration: 91.7817690372

Epoch 51/200
Epoch training duration: 11.9454638958
Train	AUC[ROC]: 0.996884	AUC[PR]: 0.261004
Val	AUC[ROC]: 0.913877	AUC[PR]: 0.103934
Epoch evaluation duration: 80.2455279827
Epoch duration: 92.1909918785

Epoch 52/200
Epoch training duration: 12.1064050198
Train	AUC[ROC]: 0.996769	AUC[PR]: 0.273821
Val	AUC[ROC]: 0.916302	AUC[PR]: 0.114916
Epoch evaluation duration: 80.2000501156
Epoch duration: 92.3064551353

Epoch 53/200
Epoch training duration: 12.2384679317
Train	AUC[ROC]: 0.996835	AUC[PR]: 0.254836
Val	AUC[ROC]: 0.917220	AUC[PR]: 0.105205
Epoch evaluation duration: 80.5764970779
Epoch duration: 92.8149650097

Epoch 54/200
Epoch training duration: 12.4233520031
Train	AUC[ROC]: 0.996968	AUC[PR]: 0.269718
Val	AUC[ROC]: 0.918502	AUC[PR]: 0.105737
Epoch evaluation duration: 79.8154649734
Epoch duration: 92.2388169765

Epoch 55/200
Epoch training duration: 12.303951025
Train	AUC[ROC]: 0.997043	AUC[PR]: 0.268297
Val	AUC[ROC]: 0.914227	AUC[PR]: 0.106395
Epoch evaluation duration: 81.0169229507
Epoch duration: 93.3208739758

Epoch 56/200
Epoch training duration: 11.7517199516
Train	AUC[ROC]: 0.996969	AUC[PR]: 0.272844
Val	AUC[ROC]: 0.920846	AUC[PR]: 0.107341
Epoch evaluation duration: 80.5817661285
Epoch duration: 92.3334860802

Epoch 57/200
Epoch training duration: 12.0327908993
Train	AUC[ROC]: 0.997028	AUC[PR]: 0.266303
Val	AUC[ROC]: 0.916433	AUC[PR]: 0.108234
Epoch evaluation duration: 80.2692329884
Epoch duration: 92.3020238876

Epoch 58/200
Epoch training duration: 11.8059949875
Train	AUC[ROC]: 0.997163	AUC[PR]: 0.292052
Val	AUC[ROC]: 0.921940	AUC[PR]: 0.119589
Epoch evaluation duration: 80.4176580906
Epoch duration: 92.2236530781

Epoch 59/200
Epoch training duration: 12.3494229317
Train	AUC[ROC]: 0.997129	AUC[PR]: 0.284689
Val	AUC[ROC]: 0.922567	AUC[PR]: 0.114335
Epoch evaluation duration: 80.0872330666
Epoch duration: 92.4366559982

Epoch 60/200
Epoch training duration: 12.2748420238
Train	AUC[ROC]: 0.997091	AUC[PR]: 0.269380
Val	AUC[ROC]: 0.916912	AUC[PR]: 0.111766
Epoch evaluation duration: 80.1480808258
Epoch duration: 92.4229228497

Epoch 61/200
Epoch training duration: 12.1729860306
Train	AUC[ROC]: 0.997206	AUC[PR]: 0.283608
Val	AUC[ROC]: 0.922254	AUC[PR]: 0.111398
Epoch evaluation duration: 80.0567109585
Epoch duration: 92.2296969891

Epoch 62/200
Epoch training duration: 12.0539021492
Train	AUC[ROC]: 0.997186	AUC[PR]: 0.278871
Val	AUC[ROC]: 0.920418	AUC[PR]: 0.114504
Epoch evaluation duration: 80.0915749073
Epoch duration: 92.1454770565

Epoch 63/200
Epoch training duration: 11.9560861588
Train	AUC[ROC]: 0.997076	AUC[PR]: 0.273188
Val	AUC[ROC]: 0.920738	AUC[PR]: 0.112264
Epoch evaluation duration: 80.0005998611
Epoch duration: 91.9566860199

Epoch 64/200
Epoch training duration: 11.9376580715
Train	AUC[ROC]: 0.997201	AUC[PR]: 0.271803
Val	AUC[ROC]: 0.922251	AUC[PR]: 0.108115
Epoch evaluation duration: 81.3764460087
Epoch duration: 93.3141040802

Epoch 65/200
Epoch training duration: 12.1266229153
Train	AUC[ROC]: 0.997186	AUC[PR]: 0.271713
Val	AUC[ROC]: 0.926659	AUC[PR]: 0.105379
Epoch evaluation duration: 80.2964200974
Epoch duration: 92.4230430126

Epoch 66/200
Epoch training duration: 12.0756828785
Train	AUC[ROC]: 0.997287	AUC[PR]: 0.277495
Val	AUC[ROC]: 0.923061	AUC[PR]: 0.110483
Epoch evaluation duration: 80.2846269608
Epoch duration: 92.3603098392

Epoch 67/200
Epoch training duration: 12.3858950138
Train	AUC[ROC]: 0.997200	AUC[PR]: 0.269436
Val	AUC[ROC]: 0.922115	AUC[PR]: 0.112958
Epoch evaluation duration: 80.4945321083
Epoch duration: 92.8804271221

Epoch 68/200
Epoch training duration: 12.3239848614
Train	AUC[ROC]: 0.997099	AUC[PR]: 0.266970
Val	AUC[ROC]: 0.921014	AUC[PR]: 0.107321
Epoch evaluation duration: 80.5492260456
Epoch duration: 92.873210907

Epoch 69/200
Epoch training duration: 12.0006511211
Train	AUC[ROC]: 0.997303	AUC[PR]: 0.273609
Val	AUC[ROC]: 0.923697	AUC[PR]: 0.113472
Epoch evaluation duration: 80.9719760418
Epoch duration: 92.9726271629

Epoch 70/200
Epoch training duration: 12.2036759853
Train	AUC[ROC]: 0.997150	AUC[PR]: 0.269796
Val	AUC[ROC]: 0.910934	AUC[PR]: 0.113053
Epoch evaluation duration: 79.6951169968
Epoch duration: 91.8987929821

Epoch 71/200
Epoch training duration: 12.5785470009
Train	AUC[ROC]: 0.997260	AUC[PR]: 0.276020
Val	AUC[ROC]: 0.921046	AUC[PR]: 0.111125
Epoch evaluation duration: 80.1842648983
Epoch duration: 92.7628118992

Epoch 72/200
Epoch training duration: 12.1045689583
Train	AUC[ROC]: 0.997294	AUC[PR]: 0.275734
Val	AUC[ROC]: 0.921677	AUC[PR]: 0.111297
Epoch evaluation duration: 80.1030600071
Epoch duration: 92.2076289654

Epoch 73/200
Epoch training duration: 12.1863460541
Train	AUC[ROC]: 0.997297	AUC[PR]: 0.278044
Val	AUC[ROC]: 0.930852	AUC[PR]: 0.125620
Epoch evaluation duration: 80.4746930599
Epoch duration: 92.661039114

Epoch 74/200
Epoch training duration: 12.5082089901
Train	AUC[ROC]: 0.997355	AUC[PR]: 0.272133
Val	AUC[ROC]: 0.922065	AUC[PR]: 0.102197
Epoch evaluation duration: 79.9246280193
Epoch duration: 92.4328370094

Epoch 75/200
Epoch training duration: 12.0249488354
Train	AUC[ROC]: 0.997406	AUC[PR]: 0.288782
Val	AUC[ROC]: 0.925861	AUC[PR]: 0.119067
Epoch evaluation duration: 80.0638811588
Epoch duration: 92.0888299942

Epoch 76/200
Epoch training duration: 12.5483968258
Train	AUC[ROC]: 0.997486	AUC[PR]: 0.283327
Val	AUC[ROC]: 0.920502	AUC[PR]: 0.117858
Epoch evaluation duration: 79.902837038
Epoch duration: 92.4512338638

Epoch 77/200
Epoch training duration: 12.0549490452
Train	AUC[ROC]: 0.997425	AUC[PR]: 0.279759
Val	AUC[ROC]: 0.925768	AUC[PR]: 0.112608
Epoch evaluation duration: 80.3782970905
Epoch duration: 92.4332461357

Epoch 78/200
Epoch training duration: 12.1068170071
Train	AUC[ROC]: 0.997412	AUC[PR]: 0.272914
Val	AUC[ROC]: 0.916962	AUC[PR]: 0.104353
Epoch evaluation duration: 79.666203022
Epoch duration: 91.7730200291

Epoch 79/200
Epoch training duration: 12.1968169212
Train	AUC[ROC]: 0.997413	AUC[PR]: 0.277923
Val	AUC[ROC]: 0.921956	AUC[PR]: 0.119734
Epoch evaluation duration: 80.3917338848
Epoch duration: 92.588550806

Epoch 80/200
Epoch training duration: 12.2663660049
Train	AUC[ROC]: 0.997431	AUC[PR]: 0.283399
Val	AUC[ROC]: 0.922803	AUC[PR]: 0.109808
Epoch evaluation duration: 79.9334700108
Epoch duration: 92.1998360157

Epoch 81/200
Epoch training duration: 12.1674721241
Train	AUC[ROC]: 0.997462	AUC[PR]: 0.278117
Val	AUC[ROC]: 0.921323	AUC[PR]: 0.104253
Epoch evaluation duration: 79.8285989761
Epoch duration: 91.9960711002

Epoch 82/200
Epoch training duration: 12.2263710499
Train	AUC[ROC]: 0.997471	AUC[PR]: 0.285688
Val	AUC[ROC]: 0.925430	AUC[PR]: 0.113538
Epoch evaluation duration: 80.3437559605
Epoch duration: 92.5701270103

Epoch 83/200
Epoch training duration: 12.034029007
Train	AUC[ROC]: 0.997415	AUC[PR]: 0.266347
Val	AUC[ROC]: 0.923361	AUC[PR]: 0.116391
Epoch evaluation duration: 80.515848875
Epoch duration: 92.549877882

Epoch 84/200
Epoch training duration: 11.8678081036
Train	AUC[ROC]: 0.997515	AUC[PR]: 0.295426
Val	AUC[ROC]: 0.927213	AUC[PR]: 0.116929
Epoch evaluation duration: 79.7764520645
Epoch duration: 91.6442601681

Epoch 85/200
Epoch training duration: 12.2426478863
Train	AUC[ROC]: 0.997313	AUC[PR]: 0.269365
Val	AUC[ROC]: 0.913897	AUC[PR]: 0.112052
Epoch evaluation duration: 80.2058360577
Epoch duration: 92.4484839439

Epoch 86/200
Epoch training duration: 12.1112840176
Train	AUC[ROC]: 0.997413	AUC[PR]: 0.294978
Val	AUC[ROC]: 0.921460	AUC[PR]: 0.116270
Epoch evaluation duration: 80.0515298843
Epoch duration: 92.1628139019

Epoch 87/200
Epoch training duration: 12.2623159885
Train	AUC[ROC]: 0.997355	AUC[PR]: 0.279448
Val	AUC[ROC]: 0.925914	AUC[PR]: 0.105586
Epoch evaluation duration: 80.1068980694
Epoch duration: 92.3692140579

Epoch 88/200
Epoch training duration: 12.2393279076
Train	AUC[ROC]: 0.997551	AUC[PR]: 0.293492
Val	AUC[ROC]: 0.922223	AUC[PR]: 0.117430
Epoch evaluation duration: 79.8756902218
Epoch duration: 92.1150181293

Epoch 89/200
Epoch training duration: 12.1010580063
Train	AUC[ROC]: 0.997480	AUC[PR]: 0.288252
Val	AUC[ROC]: 0.926206	AUC[PR]: 0.116223
Epoch evaluation duration: 80.7700150013
Epoch duration: 92.8710730076

Epoch 90/200
Epoch training duration: 11.9596538544
Train	AUC[ROC]: 0.997551	AUC[PR]: 0.291878
Val	AUC[ROC]: 0.928941	AUC[PR]: 0.113326
Epoch evaluation duration: 80.4789600372
Epoch duration: 92.4386138916

Epoch 91/200
Epoch training duration: 12.1082220078
Train	AUC[ROC]: 0.997360	AUC[PR]: 0.279631
Val	AUC[ROC]: 0.927775	AUC[PR]: 0.116134
Epoch evaluation duration: 79.7606899738
Epoch duration: 91.8689119816

Epoch 92/200
Epoch training duration: 12.4587650299
Train	AUC[ROC]: 0.997568	AUC[PR]: 0.297349
Val	AUC[ROC]: 0.923602	AUC[PR]: 0.118916
Epoch evaluation duration: 83.0449008942
Epoch duration: 95.5036659241

Epoch 93/200
Epoch training duration: 12.4306201935
Train	AUC[ROC]: 0.997502	AUC[PR]: 0.285427
Val	AUC[ROC]: 0.927476	AUC[PR]: 0.116398
Epoch evaluation duration: 84.9191398621
Epoch duration: 97.3497600555

Epoch 94/200
Epoch training duration: 12.5141630173
Train	AUC[ROC]: 0.997578	AUC[PR]: 0.291843
Val	AUC[ROC]: 0.924846	AUC[PR]: 0.122997
Epoch evaluation duration: 85.0136599541
Epoch duration: 97.5278229713

Epoch 95/200
Epoch training duration: 12.6085309982
Train	AUC[ROC]: 0.997409	AUC[PR]: 0.283165
Val	AUC[ROC]: 0.924073	AUC[PR]: 0.105774
Epoch evaluation duration: 84.8212471008
Epoch duration: 97.4297780991

Epoch 96/200
Epoch training duration: 12.532212019
Train	AUC[ROC]: 0.997500	AUC[PR]: 0.288033
Val	AUC[ROC]: 0.920628	AUC[PR]: 0.119821
Epoch evaluation duration: 86.4621248245
Epoch duration: 98.9943368435

Epoch 97/200
Epoch training duration: 12.4074351788
Train	AUC[ROC]: 0.997344	AUC[PR]: 0.278357
Val	AUC[ROC]: 0.921204	AUC[PR]: 0.115494
Epoch evaluation duration: 85.0076630116
Epoch duration: 97.4150981903

Epoch 98/200
Epoch training duration: 12.4947400093
Train	AUC[ROC]: 0.997505	AUC[PR]: 0.283549
Val	AUC[ROC]: 0.925741	AUC[PR]: 0.111953
Epoch evaluation duration: 84.5001900196
Epoch duration: 96.9949300289

Epoch 99/200
Epoch training duration: 13.0297729969
Train	AUC[ROC]: 0.997577	AUC[PR]: 0.290141
Val	AUC[ROC]: 0.928587	AUC[PR]: 0.115669
Epoch evaluation duration: 84.4152588844
Epoch duration: 97.4450318813

Epoch 100/200
Epoch training duration: 12.4112710953
Train	AUC[ROC]: 0.997584	AUC[PR]: 0.286978
Val	AUC[ROC]: 0.924605	AUC[PR]: 0.118170
Epoch evaluation duration: 84.7098839283
Epoch duration: 97.1211550236

Epoch 101/200
Epoch training duration: 12.7264199257
Train	AUC[ROC]: 0.997577	AUC[PR]: 0.285890
Val	AUC[ROC]: 0.928015	AUC[PR]: 0.113890
Epoch evaluation duration: 84.5739810467
Epoch duration: 97.3004009724

Epoch 102/200
Epoch training duration: 12.4912500381
Train	AUC[ROC]: 0.997519	AUC[PR]: 0.287025
Val	AUC[ROC]: 0.919079	AUC[PR]: 0.116435
Epoch evaluation duration: 84.5966579914
Epoch duration: 97.0879080296

Epoch 103/200
Epoch training duration: 12.5481228828
Train	AUC[ROC]: 0.997609	AUC[PR]: 0.288889
Val	AUC[ROC]: 0.926563	AUC[PR]: 0.118140
Epoch evaluation duration: 83.9548389912
Epoch duration: 96.502961874

Epoch 104/200
Epoch training duration: 12.7750351429
Train	AUC[ROC]: 0.997605	AUC[PR]: 0.296065
Val	AUC[ROC]: 0.928643	AUC[PR]: 0.118103
Epoch evaluation duration: 84.057256937
Epoch duration: 96.8322920799

Epoch 105/200
Epoch training duration: 12.4708919525
Train	AUC[ROC]: 0.997617	AUC[PR]: 0.289721
Val	AUC[ROC]: 0.930848	AUC[PR]: 0.115954
Epoch evaluation duration: 84.0815742016
Epoch duration: 96.5524661541

Epoch 106/200
Epoch training duration: 13.2348799706
Train	AUC[ROC]: 0.997676	AUC[PR]: 0.287844
Val	AUC[ROC]: 0.928014	AUC[PR]: 0.120647
Epoch evaluation duration: 84.3016939163
Epoch duration: 97.5365738869

Epoch 107/200
Epoch training duration: 12.577819109
Train	AUC[ROC]: 0.997641	AUC[PR]: 0.300192
Val	AUC[ROC]: 0.931692	AUC[PR]: 0.115962
Epoch evaluation duration: 84.1995739937
Epoch duration: 96.7773931026

Epoch 108/200
Epoch training duration: 12.5258278847
Train	AUC[ROC]: 0.997562	AUC[PR]: 0.276625
Val	AUC[ROC]: 0.922481	AUC[PR]: 0.115506
Epoch evaluation duration: 84.2422890663
Epoch duration: 96.768116951

Epoch 109/200
Epoch training duration: 12.6962339878
Train	AUC[ROC]: 0.997625	AUC[PR]: 0.286193
Val	AUC[ROC]: 0.929567	AUC[PR]: 0.119463
Epoch evaluation duration: 81.6479349136
Epoch duration: 94.3441689014

Epoch 110/200
Epoch training duration: 12.1330599785
Train	AUC[ROC]: 0.997671	AUC[PR]: 0.291280
Val	AUC[ROC]: 0.929133	AUC[PR]: 0.119861
Epoch evaluation duration: 79.7851159573
Epoch duration: 91.9181759357

Epoch 111/200
Epoch training duration: 12.2071940899
Train	AUC[ROC]: 0.997636	AUC[PR]: 0.285210
Val	AUC[ROC]: 0.929179	AUC[PR]: 0.122889
Epoch evaluation duration: 80.2223451138
Epoch duration: 92.4295392036

Epoch 112/200
Epoch training duration: 12.4327428341
Train	AUC[ROC]: 0.997670	AUC[PR]: 0.298170
Val	AUC[ROC]: 0.928468	AUC[PR]: 0.126199
Epoch evaluation duration: 80.1719830036
Epoch duration: 92.6047258377

Epoch 113/200
Epoch training duration: 12.2621431351
Train	AUC[ROC]: 0.997706	AUC[PR]: 0.290633
Val	AUC[ROC]: 0.928513	AUC[PR]: 0.116645
Epoch evaluation duration: 79.6438510418
Epoch duration: 91.9059941769

Epoch 114/200
Epoch training duration: 12.3344228268
Train	AUC[ROC]: 0.997620	AUC[PR]: 0.287579
Val	AUC[ROC]: 0.925364	AUC[PR]: 0.115792
Epoch evaluation duration: 80.295071125
Epoch duration: 92.6294939518

Epoch 115/200
Epoch training duration: 12.0941748619
Train	AUC[ROC]: 0.997672	AUC[PR]: 0.288138
Val	AUC[ROC]: 0.926854	AUC[PR]: 0.116121
Epoch evaluation duration: 80.112128973
Epoch duration: 92.2063038349

Epoch 116/200
Epoch training duration: 11.8966569901
Train	AUC[ROC]: 0.997675	AUC[PR]: 0.291013
Val	AUC[ROC]: 0.934386	AUC[PR]: 0.118527
Epoch evaluation duration: 79.8738181591
Epoch duration: 91.7704751492

Epoch 117/200
Epoch training duration: 12.192481041
Train	AUC[ROC]: 0.997679	AUC[PR]: 0.296029
Val	AUC[ROC]: 0.929835	AUC[PR]: 0.114237
Epoch evaluation duration: 79.8637628555
Epoch duration: 92.0562438965

Epoch 118/200
Epoch training duration: 11.8160991669
Train	AUC[ROC]: 0.997591	AUC[PR]: 0.280748
Val	AUC[ROC]: 0.925505	AUC[PR]: 0.114815
Epoch evaluation duration: 80.2962207794
Epoch duration: 92.1123199463

Epoch 119/200
Epoch training duration: 12.2547540665
Train	AUC[ROC]: 0.997689	AUC[PR]: 0.298082
Val	AUC[ROC]: 0.933865	AUC[PR]: 0.128724
Epoch evaluation duration: 69.7354040146
Epoch duration: 81.9901580811

Epoch 120/200
Epoch training duration: 10.1652290821
Train	AUC[ROC]: 0.997706	AUC[PR]: 0.299549
Val	AUC[ROC]: 0.926630	AUC[PR]: 0.119950
Epoch evaluation duration: 74.2615170479
Epoch duration: 84.42674613

Epoch 121/200
Epoch training duration: 12.2268099785
Train	AUC[ROC]: 0.997772	AUC[PR]: 0.302162
Val	AUC[ROC]: 0.930895	AUC[PR]: 0.127782
Epoch evaluation duration: 79.4395809174
Epoch duration: 91.6663908958

Epoch 122/200
Epoch training duration: 12.1078579426
Train	AUC[ROC]: 0.997628	AUC[PR]: 0.283424
Val	AUC[ROC]: 0.926802	AUC[PR]: 0.112647
Epoch evaluation duration: 79.9896540642
Epoch duration: 92.0975120068

Epoch 123/200
Epoch training duration: 12.5234649181
Train	AUC[ROC]: 0.997645	AUC[PR]: 0.283517
Val	AUC[ROC]: 0.925756	AUC[PR]: 0.121182
Epoch evaluation duration: 80.8662061691
Epoch duration: 93.3896710873

Epoch 124/200
Epoch training duration: 12.2723798752
Train	AUC[ROC]: 0.997673	AUC[PR]: 0.292106
Val	AUC[ROC]: 0.927582	AUC[PR]: 0.114552
Epoch evaluation duration: 80.1799690723
Epoch duration: 92.4523489475

Epoch 125/200
Epoch training duration: 12.142179966
Train	AUC[ROC]: 0.997719	AUC[PR]: 0.293614
Val	AUC[ROC]: 0.930082	AUC[PR]: 0.116231
Epoch evaluation duration: 80.3435299397
Epoch duration: 92.4857099056

Epoch 126/200
Epoch training duration: 11.7805459499
Train	AUC[ROC]: 0.997745	AUC[PR]: 0.297315
Val	AUC[ROC]: 0.927366	AUC[PR]: 0.123052
Epoch evaluation duration: 79.8363292217
Epoch duration: 91.6168751717

Epoch 127/200
Epoch training duration: 12.4130988121
Train	AUC[ROC]: 0.997707	AUC[PR]: 0.296204
Val	AUC[ROC]: 0.924530	AUC[PR]: 0.116678
Epoch evaluation duration: 80.2921831608
Epoch duration: 92.7052819729

Epoch 128/200
Epoch training duration: 11.9001908302
Train	AUC[ROC]: 0.997601	AUC[PR]: 0.281390
Val	AUC[ROC]: 0.920648	AUC[PR]: 0.110814
Epoch evaluation duration: 80.1832401752
Epoch duration: 92.0834310055

Epoch 129/200
Epoch training duration: 12.022605896
Train	AUC[ROC]: 0.997721	AUC[PR]: 0.293438
Val	AUC[ROC]: 0.929728	AUC[PR]: 0.111281
Epoch evaluation duration: 80.1414399147
Epoch duration: 92.1640458107

Epoch 130/200
Epoch training duration: 12.1839020252
Train	AUC[ROC]: 0.997770	AUC[PR]: 0.302987
Val	AUC[ROC]: 0.934724	AUC[PR]: 0.123219
Epoch evaluation duration: 80.4375510216
Epoch duration: 92.6214530468

Epoch 131/200
Epoch training duration: 12.0421869755
Train	AUC[ROC]: 0.997650	AUC[PR]: 0.290430
Val	AUC[ROC]: 0.923299	AUC[PR]: 0.111025
Epoch evaluation duration: 80.0095281601
Epoch duration: 92.0517151356

Epoch 132/200
Epoch training duration: 11.9080028534
Train	AUC[ROC]: 0.997780	AUC[PR]: 0.311195
Val	AUC[ROC]: 0.929312	AUC[PR]: 0.125203
Epoch evaluation duration: 81.0935921669
Epoch duration: 93.0015950203

Epoch 133/200
Epoch training duration: 11.9933869839
Train	AUC[ROC]: 0.997687	AUC[PR]: 0.283317
Val	AUC[ROC]: 0.930308	AUC[PR]: 0.117658
Epoch evaluation duration: 81.1139099598
Epoch duration: 93.1072969437

Epoch 134/200
Epoch training duration: 12.1626310349
Train	AUC[ROC]: 0.997766	AUC[PR]: 0.301598
Val	AUC[ROC]: 0.931076	AUC[PR]: 0.127897
Epoch evaluation duration: 81.1882178783
Epoch duration: 93.3508489132

Epoch 135/200
Epoch training duration: 11.9820380211
Train	AUC[ROC]: 0.997700	AUC[PR]: 0.290909
Val	AUC[ROC]: 0.926961	AUC[PR]: 0.119060
Epoch evaluation duration: 80.1325669289
Epoch duration: 92.11460495

Epoch 136/200
Epoch training duration: 12.3297071457
Train	AUC[ROC]: 0.997736	AUC[PR]: 0.293136
Val	AUC[ROC]: 0.922279	AUC[PR]: 0.118932
Epoch evaluation duration: 81.1137089729
Epoch duration: 93.4434161186

Epoch 137/200
Epoch training duration: 12.3037960529
Train	AUC[ROC]: 0.997755	AUC[PR]: 0.289218
Val	AUC[ROC]: 0.929448	AUC[PR]: 0.111259
Epoch evaluation duration: 79.8992238045
Epoch duration: 92.2030198574

Epoch 138/200
Epoch training duration: 12.3844721317
Train	AUC[ROC]: 0.997773	AUC[PR]: 0.295780
Val	AUC[ROC]: 0.925743	AUC[PR]: 0.114361
Epoch evaluation duration: 79.8995649815
Epoch duration: 92.2840371132

Epoch 139/200
Epoch training duration: 12.0293779373
Train	AUC[ROC]: 0.997765	AUC[PR]: 0.292968
Val	AUC[ROC]: 0.932255	AUC[PR]: 0.116173
Epoch evaluation duration: 81.0717070103
Epoch duration: 93.1010849476

Epoch 140/200
Epoch training duration: 12.032818079
Train	AUC[ROC]: 0.997844	AUC[PR]: 0.302530
Val	AUC[ROC]: 0.930589	AUC[PR]: 0.123042
Epoch evaluation duration: 80.0418159962
Epoch duration: 92.0746340752

Epoch 141/200
Epoch training duration: 12.0371780396
Train	AUC[ROC]: 0.997744	AUC[PR]: 0.291514
Val	AUC[ROC]: 0.926827	AUC[PR]: 0.112217
Epoch evaluation duration: 80.3869068623
Epoch duration: 92.4240849018

Epoch 142/200
Epoch training duration: 12.196242094
Train	AUC[ROC]: 0.997813	AUC[PR]: 0.301929
Val	AUC[ROC]: 0.932668	AUC[PR]: 0.127857
Epoch evaluation duration: 79.5299899578
Epoch duration: 91.7262320518

Epoch 143/200
Epoch training duration: 12.6563940048
Train	AUC[ROC]: 0.997768	AUC[PR]: 0.295228
Val	AUC[ROC]: 0.928014	AUC[PR]: 0.120724
Epoch evaluation duration: 67.8059520721
Epoch duration: 80.462346077

Epoch 144/200
Epoch training duration: 10.264770031
Train	AUC[ROC]: 0.997798	AUC[PR]: 0.298602
Val	AUC[ROC]: 0.928344	AUC[PR]: 0.120649
Epoch evaluation duration: 76.0377027988
Epoch duration: 86.3024728298

Epoch 145/200
Epoch training duration: 12.3955202103
Train	AUC[ROC]: 0.997748	AUC[PR]: 0.291095
Val	AUC[ROC]: 0.930918	AUC[PR]: 0.124370
Epoch evaluation duration: 80.1539030075
Epoch duration: 92.5494232178

Epoch 146/200
Epoch training duration: 12.5607619286
Train	AUC[ROC]: 0.997794	AUC[PR]: 0.294117
Val	AUC[ROC]: 0.928921	AUC[PR]: 0.118062
Epoch evaluation duration: 80.352560997
Epoch duration: 92.9133229256

Epoch 147/200
Epoch training duration: 12.4135739803
Train	AUC[ROC]: 0.997709	AUC[PR]: 0.286847
Val	AUC[ROC]: 0.924952	AUC[PR]: 0.115177
Epoch evaluation duration: 79.6900799274
Epoch duration: 92.1036539078

Epoch 148/200
Epoch training duration: 12.1639909744
Train	AUC[ROC]: 0.997795	AUC[PR]: 0.289756
Val	AUC[ROC]: 0.927874	AUC[PR]: 0.119701
Epoch evaluation duration: 79.8696410656
Epoch duration: 92.03363204

Epoch 149/200
Epoch training duration: 12.0406141281
Train	AUC[ROC]: 0.997808	AUC[PR]: 0.289735
Val	AUC[ROC]: 0.923491	AUC[PR]: 0.121370
Epoch evaluation duration: 80.7849168777
Epoch duration: 92.8255310059

Epoch 150/200
Epoch training duration: 12.244022131
Train	AUC[ROC]: 0.997809	AUC[PR]: 0.297896
Val	AUC[ROC]: 0.927183	AUC[PR]: 0.120437
Epoch evaluation duration: 81.9726119041
Epoch duration: 94.2166340351

Epoch 151/200
Epoch training duration: 12.0098819733
Train	AUC[ROC]: 0.997808	AUC[PR]: 0.293682
Val	AUC[ROC]: 0.917298	AUC[PR]: 0.113140
Epoch evaluation duration: 80.9484579563
Epoch duration: 92.9583399296

Epoch 152/200
Epoch training duration: 11.8680551052
Train	AUC[ROC]: 0.997822	AUC[PR]: 0.286803
Val	AUC[ROC]: 0.921297	AUC[PR]: 0.119845
Epoch evaluation duration: 78.9968049526
Epoch duration: 90.8648600578

Epoch 153/200
Epoch training duration: 12.9106550217
Train	AUC[ROC]: 0.997881	AUC[PR]: 0.308073
Val	AUC[ROC]: 0.933226	AUC[PR]: 0.127117
Epoch evaluation duration: 79.9735589027
Epoch duration: 92.8842139244

Epoch 154/200
Epoch training duration: 11.9676070213
Train	AUC[ROC]: 0.997753	AUC[PR]: 0.287201
Val	AUC[ROC]: 0.924477	AUC[PR]: 0.109170
Epoch evaluation duration: 80.6665370464
Epoch duration: 92.6341440678

Epoch 155/200
Epoch training duration: 11.9706759453
Train	AUC[ROC]: 0.997860	AUC[PR]: 0.302329
Val	AUC[ROC]: 0.926638	AUC[PR]: 0.131092
Epoch evaluation duration: 80.1563639641
Epoch duration: 92.1270399094

Epoch 156/200
Epoch training duration: 12.0533890724
Train	AUC[ROC]: 0.997842	AUC[PR]: 0.294490
Val	AUC[ROC]: 0.925606	AUC[PR]: 0.120514
Epoch evaluation duration: 79.7482581139
Epoch duration: 91.8016471863

Epoch 157/200
Epoch training duration: 12.2929987907
Train	AUC[ROC]: 0.997821	AUC[PR]: 0.299104
Val	AUC[ROC]: 0.921371	AUC[PR]: 0.119490
Epoch evaluation duration: 80.7376871109
Epoch duration: 93.0306859016

Epoch 158/200
Epoch training duration: 12.2669780254
Train	AUC[ROC]: 0.997722	AUC[PR]: 0.282772
Val	AUC[ROC]: 0.919558	AUC[PR]: 0.104658
Epoch evaluation duration: 80.2216749191
Epoch duration: 92.4886529446

Epoch 159/200
Epoch training duration: 12.3929901123
Train	AUC[ROC]: 0.997874	AUC[PR]: 0.300450
Val	AUC[ROC]: 0.927980	AUC[PR]: 0.129960
Epoch evaluation duration: 79.9469130039
Epoch duration: 92.3399031162

Epoch 160/200
Epoch training duration: 12.2631008625
Train	AUC[ROC]: 0.997786	AUC[PR]: 0.289130
Val	AUC[ROC]: 0.922818	AUC[PR]: 0.114073
Epoch evaluation duration: 80.8670711517
Epoch duration: 93.1301720142

Epoch 161/200
Epoch training duration: 12.1682908535
Train	AUC[ROC]: 0.997789	AUC[PR]: 0.295513
Val	AUC[ROC]: 0.924580	AUC[PR]: 0.123960
Epoch evaluation duration: 79.437923193
Epoch duration: 91.6062140465

Epoch 162/200
Epoch training duration: 12.1563959122
Train	AUC[ROC]: 0.997919	AUC[PR]: 0.303908
Val	AUC[ROC]: 0.929879	AUC[PR]: 0.122459
Epoch evaluation duration: 80.8572349548
Epoch duration: 93.013630867

Epoch 163/200
Epoch training duration: 12.1339170933
Train	AUC[ROC]: 0.997811	AUC[PR]: 0.288765
Val	AUC[ROC]: 0.926169	AUC[PR]: 0.119158
Epoch evaluation duration: 79.8445038795
Epoch duration: 91.9784209728

Epoch 164/200
Epoch training duration: 12.2260279655
Train	AUC[ROC]: 0.997825	AUC[PR]: 0.293713
Val	AUC[ROC]: 0.923685	AUC[PR]: 0.119665
Epoch evaluation duration: 81.1060321331
Epoch duration: 93.3320600986

Epoch 165/200
Epoch training duration: 12.2390928268
Train	AUC[ROC]: 0.997855	AUC[PR]: 0.297037
Val	AUC[ROC]: 0.921669	AUC[PR]: 0.117775
Epoch evaluation duration: 80.6499361992
Epoch duration: 92.889029026

Epoch 166/200
Epoch training duration: 12.6091179848
Train	AUC[ROC]: 0.997800	AUC[PR]: 0.288202
Val	AUC[ROC]: 0.923027	AUC[PR]: 0.116398
Epoch evaluation duration: 80.4332380295
Epoch duration: 93.0423560143

Epoch 167/200
Epoch training duration: 12.4102988243
Train	AUC[ROC]: 0.997868	AUC[PR]: 0.301533
Val	AUC[ROC]: 0.929327	AUC[PR]: 0.125261
Epoch evaluation duration: 80.3819270134
Epoch duration: 92.7922258377

Epoch 168/200
Epoch training duration: 12.0943861008
Train	AUC[ROC]: 0.997848	AUC[PR]: 0.292241
Val	AUC[ROC]: 0.925164	AUC[PR]: 0.115656
Epoch evaluation duration: 80.2356450558
Epoch duration: 92.3300311565

Epoch 169/200
Epoch training duration: 12.2842237949
Train	AUC[ROC]: 0.997831	AUC[PR]: 0.297995
Val	AUC[ROC]: 0.925756	AUC[PR]: 0.116097
Epoch evaluation duration: 80.2685301304
Epoch duration: 92.5527539253

Epoch 170/200
Epoch training duration: 12.1276628971
Train	AUC[ROC]: 0.997848	AUC[PR]: 0.293379
Val	AUC[ROC]: 0.923728	AUC[PR]: 0.121435
Epoch evaluation duration: 80.2585420609
Epoch duration: 92.386204958

Epoch 171/200
Epoch training duration: 12.041435957
Train	AUC[ROC]: 0.997902	AUC[PR]: 0.303066
Val	AUC[ROC]: 0.926367	AUC[PR]: 0.127831
Epoch evaluation duration: 79.817471981
Epoch duration: 91.858907938

Epoch 172/200
Epoch training duration: 12.2953879833
Train	AUC[ROC]: 0.997907	AUC[PR]: 0.297934
Val	AUC[ROC]: 0.929356	AUC[PR]: 0.116210
Epoch evaluation duration: 80.7814831734
Epoch duration: 93.0768711567

Epoch 173/200
Epoch training duration: 12.0795249939
Train	AUC[ROC]: 0.997876	AUC[PR]: 0.296052
Val	AUC[ROC]: 0.926964	AUC[PR]: 0.126201
Epoch evaluation duration: 80.4791679382
Epoch duration: 92.5586929321

Epoch 174/200
Epoch training duration: 12.2211210728
Train	AUC[ROC]: 0.997891	AUC[PR]: 0.302698
Val	AUC[ROC]: 0.922601	AUC[PR]: 0.120928
Epoch evaluation duration: 79.9816508293
Epoch duration: 92.2027719021

Epoch 175/200
Epoch training duration: 11.9268140793
Train	AUC[ROC]: 0.997830	AUC[PR]: 0.294116
Val	AUC[ROC]: 0.919288	AUC[PR]: 0.114124
Epoch evaluation duration: 81.0596110821
Epoch duration: 92.9864251614

Epoch 176/200
Epoch training duration: 12.0203180313
Train	AUC[ROC]: 0.997896	AUC[PR]: 0.306342
Val	AUC[ROC]: 0.931988	AUC[PR]: 0.126637
Epoch evaluation duration: 80.5106978416
Epoch duration: 92.531015873

Epoch 177/200
Epoch training duration: 12.0503401756
Train	AUC[ROC]: 0.997892	AUC[PR]: 0.298088
Val	AUC[ROC]: 0.925694	AUC[PR]: 0.116686
Epoch evaluation duration: 81.4560608864
Epoch duration: 93.506401062

Epoch 178/200
Epoch training duration: 12.1375410557
Train	AUC[ROC]: 0.997841	AUC[PR]: 0.297325
Val	AUC[ROC]: 0.929059	AUC[PR]: 0.122343
Epoch evaluation duration: 80.4197449684
Epoch duration: 92.5572860241

Epoch 179/200
Epoch training duration: 12.0962810516
Train	AUC[ROC]: 0.997917	AUC[PR]: 0.300266
Val	AUC[ROC]: 0.925877	AUC[PR]: 0.119407
Epoch evaluation duration: 79.7308089733
Epoch duration: 91.8270900249

Epoch 180/200
Epoch training duration: 12.5236709118
Train	AUC[ROC]: 0.997863	AUC[PR]: 0.289123
Val	AUC[ROC]: 0.926777	AUC[PR]: 0.119315
Epoch evaluation duration: 80.6351549625
Epoch duration: 93.1588258743

Epoch 181/200
Epoch training duration: 12.1078360081
Train	AUC[ROC]: 0.997914	AUC[PR]: 0.300991
Val	AUC[ROC]: 0.929917	AUC[PR]: 0.115862
Epoch evaluation duration: 80.818734169
Epoch duration: 92.9265701771

train precision: 0.3029872701
train roc: 0.997770495602
train hit: 330.0 out of 334.0

val precision: 0.123219229795
val roc: 0.934723544762
val hit: 29.0 out of 55.0

test precision: 0.162574507287
test roc: 0.942042471964
test hit: 35.0 out of 55.0

ratio: 0.02, EF: 34.5454545455,	active: 55.0
ratio: 0.02, NEF: 0.690909090909
ratio: 0.01, EF: 63.6363636364,	active: 55.0
ratio: 0.01, NEF: 0.636363636364
ratio: 0.0015, EF: 169.696969697,	active: 55.0
ratio: 0.0015, NEF: 0.254545454545
ratio: 0.001, EF: 236.363636364,	active: 55.0
ratio: 0.001, NEF: 0.309523809524

