label_name_list  [u'PriA-SSB AS Activity', u'PriA-SSB AS % inhibition (Primary Median)']
train files  ['../datasets/keck_pria/fold_0.csv' '../datasets/keck_pria/fold_1.csv'
 '../datasets/keck_pria/fold_2.csv' '../datasets/keck_pria/fold_3.csv'
 '../datasets/keck_pria/fold_6.csv' '../datasets/keck_pria/fold_7.csv']
val files  ['../datasets/keck_pria/fold_4.csv']
test files  ['../datasets/keck_pria/fold_5.csv']
done data preparation
Sample Weight	 [17092.46666667 12819.35        6104.45238095 ...    20.86822399
    20.86822399    21.05675099]
Epoch 1/1000
Epoch training duration: 16.3230159283
Train	AUC[ROC]: 0.842177	AUC[PR]: 0.027433
Val	AUC[ROC]: 0.757593	AUC[PR]: 0.017841
Epoch evaluation duration: 146.258476973
Epoch duration: 162.581492901

Epoch 2/1000
Epoch training duration: 19.6601879597
Train	AUC[ROC]: 0.855110	AUC[PR]: 0.037027
Val	AUC[ROC]: 0.776090	AUC[PR]: 0.024031
Epoch evaluation duration: 146.054089069
Epoch duration: 165.714277029

Epoch 3/1000
Epoch training duration: 17.1623389721
Train	AUC[ROC]: 0.859131	AUC[PR]: 0.039974
Val	AUC[ROC]: 0.786608	AUC[PR]: 0.025116
Epoch evaluation duration: 143.624086142
Epoch duration: 160.786425114

Epoch 4/1000
Epoch training duration: 18.5370588303
Train	AUC[ROC]: 0.864928	AUC[PR]: 0.049349
Val	AUC[ROC]: 0.796576	AUC[PR]: 0.031622
Epoch evaluation duration: 168.188964128
Epoch duration: 186.726022959

Epoch 5/1000
Epoch training duration: 20.592954874
Train	AUC[ROC]: 0.867481	AUC[PR]: 0.059050
Val	AUC[ROC]: 0.800360	AUC[PR]: 0.042224
Epoch evaluation duration: 170.620540142
Epoch duration: 191.213495016

Epoch 6/1000
Epoch training duration: 18.4786708355
Train	AUC[ROC]: 0.868808	AUC[PR]: 0.059656
Val	AUC[ROC]: 0.796296	AUC[PR]: 0.047996
Epoch evaluation duration: 147.948199987
Epoch duration: 166.426870823

Epoch 7/1000
Epoch training duration: 17.1359751225
Train	AUC[ROC]: 0.874567	AUC[PR]: 0.060967
Val	AUC[ROC]: 0.796191	AUC[PR]: 0.053200
Epoch evaluation duration: 151.775285006
Epoch duration: 168.911260128

Epoch 8/1000
Epoch training duration: 18.0581569672
Train	AUC[ROC]: 0.883012	AUC[PR]: 0.063839
Val	AUC[ROC]: 0.798810	AUC[PR]: 0.055107
Epoch evaluation duration: 149.016592026
Epoch duration: 167.074748993

Epoch 9/1000
Epoch training duration: 19.1147279739
Train	AUC[ROC]: 0.890145	AUC[PR]: 0.067692
Val	AUC[ROC]: 0.800548	AUC[PR]: 0.053426
Epoch evaluation duration: 153.750204086
Epoch duration: 172.86493206

Epoch 10/1000
Epoch training duration: 16.7911589146
Train	AUC[ROC]: 0.899771	AUC[PR]: 0.072310
Val	AUC[ROC]: 0.805056	AUC[PR]: 0.053016
Epoch evaluation duration: 149.707103968
Epoch duration: 166.498262882

Epoch 11/1000
Epoch training duration: 17.0574121475
Train	AUC[ROC]: 0.904924	AUC[PR]: 0.076703
Val	AUC[ROC]: 0.804787	AUC[PR]: 0.054461
Epoch evaluation duration: 150.158191919
Epoch duration: 167.215604067

Epoch 12/1000
Epoch training duration: 18.2347650528
Train	AUC[ROC]: 0.909316	AUC[PR]: 0.080445
Val	AUC[ROC]: 0.803641	AUC[PR]: 0.051061
Epoch evaluation duration: 149.544467926
Epoch duration: 167.779232979

Epoch 13/1000
Epoch training duration: 17.3222229481
Train	AUC[ROC]: 0.916360	AUC[PR]: 0.083366
Val	AUC[ROC]: 0.803885	AUC[PR]: 0.048572
Epoch evaluation duration: 147.963889122
Epoch duration: 165.28611207

Epoch 14/1000
Epoch training duration: 17.6369969845
Train	AUC[ROC]: 0.919516	AUC[PR]: 0.081565
Val	AUC[ROC]: 0.800435	AUC[PR]: 0.045342
Epoch evaluation duration: 149.366328001
Epoch duration: 167.003324986

Epoch 15/1000
Epoch training duration: 19.6593799591
Train	AUC[ROC]: 0.923996	AUC[PR]: 0.083025
Val	AUC[ROC]: 0.801272	AUC[PR]: 0.042399
Epoch evaluation duration: 148.616756916
Epoch duration: 168.276136875

Epoch 16/1000
Epoch training duration: 18.5693240166
Train	AUC[ROC]: 0.929527	AUC[PR]: 0.092178
Val	AUC[ROC]: 0.800662	AUC[PR]: 0.041006
Epoch evaluation duration: 152.603271961
Epoch duration: 171.172595978

Epoch 17/1000
Epoch training duration: 17.9387700558
Train	AUC[ROC]: 0.934780	AUC[PR]: 0.104336
Val	AUC[ROC]: 0.803713	AUC[PR]: 0.041488
Epoch evaluation duration: 155.439595938
Epoch duration: 173.378365993

Epoch 18/1000
Epoch training duration: 17.2240571976
Train	AUC[ROC]: 0.938317	AUC[PR]: 0.111185
Val	AUC[ROC]: 0.802176	AUC[PR]: 0.040940
Epoch evaluation duration: 148.915443897
Epoch duration: 166.139501095

Epoch 19/1000
Epoch training duration: 18.6795730591
Train	AUC[ROC]: 0.942765	AUC[PR]: 0.117461
Val	AUC[ROC]: 0.802750	AUC[PR]: 0.038603
Epoch evaluation duration: 147.580950022
Epoch duration: 166.260523081

Epoch 20/1000
Epoch training duration: 17.3603348732
Train	AUC[ROC]: 0.945936	AUC[PR]: 0.124445
Val	AUC[ROC]: 0.804485	AUC[PR]: 0.040000
Epoch evaluation duration: 148.055443048
Epoch duration: 165.415777922

Epoch 21/1000
Epoch training duration: 17.2758491039
Train	AUC[ROC]: 0.950873	AUC[PR]: 0.133128
Val	AUC[ROC]: 0.806528	AUC[PR]: 0.040038
Epoch evaluation duration: 147.645621777
Epoch duration: 164.921470881

Epoch 22/1000
Epoch training duration: 17.7474741936
Train	AUC[ROC]: 0.952895	AUC[PR]: 0.128731
Val	AUC[ROC]: 0.808184	AUC[PR]: 0.036328
Epoch evaluation duration: 159.388733864
Epoch duration: 177.136208057

Epoch 23/1000
Epoch training duration: 17.8813920021
Train	AUC[ROC]: 0.957134	AUC[PR]: 0.148737
Val	AUC[ROC]: 0.810711	AUC[PR]: 0.039003
Epoch evaluation duration: 149.194365025
Epoch duration: 167.075757027

Epoch 24/1000
Epoch training duration: 18.0347249508
Train	AUC[ROC]: 0.960044	AUC[PR]: 0.152101
Val	AUC[ROC]: 0.811411	AUC[PR]: 0.038305
Epoch evaluation duration: 156.758862972
Epoch duration: 174.793587923

Epoch 25/1000
Epoch training duration: 18.20829916
Train	AUC[ROC]: 0.961585	AUC[PR]: 0.152975
Val	AUC[ROC]: 0.805989	AUC[PR]: 0.038379
Epoch evaluation duration: 148.83215785
Epoch duration: 167.04045701

Epoch 26/1000
Epoch training duration: 18.3462951183
Train	AUC[ROC]: 0.965342	AUC[PR]: 0.163867
Val	AUC[ROC]: 0.812917	AUC[PR]: 0.041681
Epoch evaluation duration: 148.975595951
Epoch duration: 167.321891069

Epoch 27/1000
Epoch training duration: 17.2681500912
Train	AUC[ROC]: 0.968558	AUC[PR]: 0.162433
Val	AUC[ROC]: 0.819243	AUC[PR]: 0.040655
Epoch evaluation duration: 149.914160967
Epoch duration: 167.182311058

Epoch 28/1000
Epoch training duration: 17.6133060455
Train	AUC[ROC]: 0.968834	AUC[PR]: 0.165579
Val	AUC[ROC]: 0.817976	AUC[PR]: 0.039661
Epoch evaluation duration: 163.104786873
Epoch duration: 180.718092918

Epoch 29/1000
Epoch training duration: 19.0697619915
Train	AUC[ROC]: 0.971119	AUC[PR]: 0.180714
Val	AUC[ROC]: 0.816413	AUC[PR]: 0.043700
Epoch evaluation duration: 143.041456938
Epoch duration: 162.111218929

Epoch 30/1000
Epoch training duration: 17.1984791756
Train	AUC[ROC]: 0.974262	AUC[PR]: 0.200505
Val	AUC[ROC]: 0.817498	AUC[PR]: 0.049457
Epoch evaluation duration: 141.439291
Epoch duration: 158.637770176

Epoch 31/1000
Epoch training duration: 16.5041718483
Train	AUC[ROC]: 0.976220	AUC[PR]: 0.186406
Val	AUC[ROC]: 0.821833	AUC[PR]: 0.043278
Epoch evaluation duration: 159.619315147
Epoch duration: 176.123486996

Epoch 32/1000
Epoch training duration: 18.1187899113
Train	AUC[ROC]: 0.978373	AUC[PR]: 0.201716
Val	AUC[ROC]: 0.826417	AUC[PR]: 0.046381
Epoch evaluation duration: 158.595709085
Epoch duration: 176.714498997

Epoch 33/1000
Epoch training duration: 18.6047928333
Train	AUC[ROC]: 0.978553	AUC[PR]: 0.188466
Val	AUC[ROC]: 0.822425	AUC[PR]: 0.045581
Epoch evaluation duration: 159.298962116
Epoch duration: 177.90375495

Epoch 34/1000
Epoch training duration: 17.6222689152
Train	AUC[ROC]: 0.980440	AUC[PR]: 0.194319
Val	AUC[ROC]: 0.826521	AUC[PR]: 0.042580
Epoch evaluation duration: 157.383197069
Epoch duration: 175.005465984

Epoch 35/1000
Epoch training duration: 20.9075601101
Train	AUC[ROC]: 0.981897	AUC[PR]: 0.206822
Val	AUC[ROC]: 0.828891	AUC[PR]: 0.046126
Epoch evaluation duration: 173.683538914
Epoch duration: 194.591099024

Epoch 36/1000
Epoch training duration: 21.5602231026
Train	AUC[ROC]: 0.982758	AUC[PR]: 0.200833
Val	AUC[ROC]: 0.828671	AUC[PR]: 0.045486
Epoch evaluation duration: 179.006138802
Epoch duration: 200.566361904

Epoch 37/1000
Epoch training duration: 21.4568371773
Train	AUC[ROC]: 0.984204	AUC[PR]: 0.209110
Val	AUC[ROC]: 0.829488	AUC[PR]: 0.051950
Epoch evaluation duration: 177.624053001
Epoch duration: 199.080890179

Epoch 38/1000
Epoch training duration: 21.3269619942
Train	AUC[ROC]: 0.984731	AUC[PR]: 0.216394
Val	AUC[ROC]: 0.826480	AUC[PR]: 0.048942
Epoch evaluation duration: 186.89812994
Epoch duration: 208.225091934

Epoch 39/1000
Epoch training duration: 21.4210720062
Train	AUC[ROC]: 0.986340	AUC[PR]: 0.219350
Val	AUC[ROC]: 0.828902	AUC[PR]: 0.053432
Epoch evaluation duration: 180.594122887
Epoch duration: 202.015194893

Epoch 40/1000
Epoch training duration: 21.5335981846
Train	AUC[ROC]: 0.987334	AUC[PR]: 0.215397
Val	AUC[ROC]: 0.828170	AUC[PR]: 0.055206
Epoch evaluation duration: 177.441191912
Epoch duration: 198.974790096

Epoch 41/1000
Epoch training duration: 20.29332304
Train	AUC[ROC]: 0.988412	AUC[PR]: 0.219844
Val	AUC[ROC]: 0.834331	AUC[PR]: 0.052407
Epoch evaluation duration: 177.067787886
Epoch duration: 197.361110926

Epoch 42/1000
Epoch training duration: 19.9736180305
Train	AUC[ROC]: 0.988877	AUC[PR]: 0.227586
Val	AUC[ROC]: 0.833788	AUC[PR]: 0.057940
Epoch evaluation duration: 179.860368013
Epoch duration: 199.833986044

Epoch 43/1000
Epoch training duration: 19.7120199203
Train	AUC[ROC]: 0.989067	AUC[PR]: 0.231686
Val	AUC[ROC]: 0.830209	AUC[PR]: 0.058680
Epoch evaluation duration: 175.605138063
Epoch duration: 195.317157984

Epoch 44/1000
Epoch training duration: 20.1797220707
Train	AUC[ROC]: 0.990119	AUC[PR]: 0.234746
Val	AUC[ROC]: 0.834573	AUC[PR]: 0.061197
Epoch evaluation duration: 181.383579969
Epoch duration: 201.56330204

Epoch 45/1000
Epoch training duration: 19.8765459061
Train	AUC[ROC]: 0.990307	AUC[PR]: 0.232140
Val	AUC[ROC]: 0.837156	AUC[PR]: 0.055916
Epoch evaluation duration: 176.70531106
Epoch duration: 196.581856966

Epoch 46/1000
Epoch training duration: 20.6719219685
Train	AUC[ROC]: 0.990836	AUC[PR]: 0.240479
Val	AUC[ROC]: 0.835452	AUC[PR]: 0.061970
Epoch evaluation duration: 179.256066084
Epoch duration: 199.927988052

Epoch 47/1000
Epoch training duration: 21.1817650795
Train	AUC[ROC]: 0.990941	AUC[PR]: 0.233841
Val	AUC[ROC]: 0.839832	AUC[PR]: 0.060402
Epoch evaluation duration: 178.770708799
Epoch duration: 199.952473879

Epoch 48/1000
Epoch training duration: 21.4587850571
Train	AUC[ROC]: 0.991193	AUC[PR]: 0.233975
Val	AUC[ROC]: 0.837150	AUC[PR]: 0.058839
Epoch evaluation duration: 179.347566128
Epoch duration: 200.806351185

Epoch 49/1000
Epoch training duration: 20.3875358105
Train	AUC[ROC]: 0.991763	AUC[PR]: 0.241019
Val	AUC[ROC]: 0.836980	AUC[PR]: 0.059481
Epoch evaluation duration: 179.538482189
Epoch duration: 199.926018

Epoch 50/1000
Epoch training duration: 19.5002298355
Train	AUC[ROC]: 0.992361	AUC[PR]: 0.236615
Val	AUC[ROC]: 0.839726	AUC[PR]: 0.060514
Epoch evaluation duration: 178.294744015
Epoch duration: 197.79497385

Epoch 51/1000
Epoch training duration: 22.1313061714
Train	AUC[ROC]: 0.992482	AUC[PR]: 0.227311
Val	AUC[ROC]: 0.838439	AUC[PR]: 0.054048
Epoch evaluation duration: 182.925547838
Epoch duration: 205.05685401

Epoch 52/1000
Epoch training duration: 20.408839941
Train	AUC[ROC]: 0.992281	AUC[PR]: 0.223282
Val	AUC[ROC]: 0.836006	AUC[PR]: 0.054612
Epoch evaluation duration: 177.922635078
Epoch duration: 198.331475019

Epoch 53/1000
Epoch training duration: 19.7978060246
Train	AUC[ROC]: 0.992959	AUC[PR]: 0.238268
Val	AUC[ROC]: 0.837586	AUC[PR]: 0.059323
Epoch evaluation duration: 179.268529892
Epoch duration: 199.066335917

Epoch 54/1000
Epoch training duration: 20.1582159996
Train	AUC[ROC]: 0.993014	AUC[PR]: 0.240601
Val	AUC[ROC]: 0.837814	AUC[PR]: 0.060900
Epoch evaluation duration: 174.286018133
Epoch duration: 194.444234133

Epoch 55/1000
Epoch training duration: 19.8357450962
Train	AUC[ROC]: 0.993432	AUC[PR]: 0.238911
Val	AUC[ROC]: 0.841945	AUC[PR]: 0.058302
Epoch evaluation duration: 178.229402781
Epoch duration: 198.065147877

Epoch 56/1000
Epoch training duration: 20.9845399857
Train	AUC[ROC]: 0.993782	AUC[PR]: 0.248069
Val	AUC[ROC]: 0.841338	AUC[PR]: 0.063260
Epoch evaluation duration: 175.857179165
Epoch duration: 196.841719151

Epoch 57/1000
Epoch training duration: 21.2814178467
Train	AUC[ROC]: 0.993934	AUC[PR]: 0.239804
Val	AUC[ROC]: 0.843855	AUC[PR]: 0.064413
Epoch evaluation duration: 183.845703125
Epoch duration: 205.127120972

Epoch 58/1000
Epoch training duration: 20.7168588638
Train	AUC[ROC]: 0.994158	AUC[PR]: 0.243981
Val	AUC[ROC]: 0.838456	AUC[PR]: 0.060731
Epoch evaluation duration: 175.007975101
Epoch duration: 195.724833965

Epoch 59/1000
Epoch training duration: 19.4263300896
Train	AUC[ROC]: 0.994312	AUC[PR]: 0.241266
Val	AUC[ROC]: 0.844601	AUC[PR]: 0.062484
Epoch evaluation duration: 178.650013924
Epoch duration: 198.076344013

Epoch 60/1000
Epoch training duration: 20.1421620846
Train	AUC[ROC]: 0.994265	AUC[PR]: 0.241348
Val	AUC[ROC]: 0.842083	AUC[PR]: 0.060680
Epoch evaluation duration: 178.807214022
Epoch duration: 198.949376106

Epoch 61/1000
Epoch training duration: 20.301322937
Train	AUC[ROC]: 0.994363	AUC[PR]: 0.247761
Val	AUC[ROC]: 0.837849	AUC[PR]: 0.062587
Epoch evaluation duration: 177.800974846
Epoch duration: 198.102297783

Epoch 62/1000
Epoch training duration: 20.1175320148
Train	AUC[ROC]: 0.994680	AUC[PR]: 0.251917
Val	AUC[ROC]: 0.841640	AUC[PR]: 0.063768
Epoch evaluation duration: 176.727365017
Epoch duration: 196.844897032

Epoch 63/1000
Epoch training duration: 19.5335130692
Train	AUC[ROC]: 0.994777	AUC[PR]: 0.251528
Val	AUC[ROC]: 0.838638	AUC[PR]: 0.060207
Epoch evaluation duration: 180.666305065
Epoch duration: 200.199818134

Epoch 64/1000
Epoch training duration: 20.7925179005
Train	AUC[ROC]: 0.994856	AUC[PR]: 0.244808
Val	AUC[ROC]: 0.843030	AUC[PR]: 0.064313
Epoch evaluation duration: 175.179682016
Epoch duration: 195.972199917

Epoch 65/1000
Epoch training duration: 20.668628931
Train	AUC[ROC]: 0.995193	AUC[PR]: 0.253015
Val	AUC[ROC]: 0.839467	AUC[PR]: 0.065607
Epoch evaluation duration: 178.2666502
Epoch duration: 198.935279131

Epoch 66/1000
Epoch training duration: 20.9965069294
Train	AUC[ROC]: 0.995132	AUC[PR]: 0.254542
Val	AUC[ROC]: 0.840119	AUC[PR]: 0.060642
Epoch evaluation duration: 185.581158876
Epoch duration: 206.577665806

Epoch 67/1000
Epoch training duration: 21.4085350037
Train	AUC[ROC]: 0.995236	AUC[PR]: 0.242224
Val	AUC[ROC]: 0.841996	AUC[PR]: 0.056986
Epoch evaluation duration: 177.899869204
Epoch duration: 199.308404207

Epoch 68/1000
Epoch training duration: 21.2864849567
Train	AUC[ROC]: 0.995280	AUC[PR]: 0.256967
Val	AUC[ROC]: 0.843887	AUC[PR]: 0.065076
Epoch evaluation duration: 179.173569918
Epoch duration: 200.460054874

Epoch 69/1000
Epoch training duration: 19.6962609291
Train	AUC[ROC]: 0.995440	AUC[PR]: 0.259574
Val	AUC[ROC]: 0.845857	AUC[PR]: 0.066263
Epoch evaluation duration: 178.451331139
Epoch duration: 198.147592068

Epoch 70/1000
Epoch training duration: 22.3294239044
Train	AUC[ROC]: 0.995475	AUC[PR]: 0.258459
Val	AUC[ROC]: 0.843080	AUC[PR]: 0.064399
Epoch evaluation duration: 180.282951117
Epoch duration: 202.612375021

Epoch 71/1000
Epoch training duration: 18.8938009739
Train	AUC[ROC]: 0.995606	AUC[PR]: 0.264250
Val	AUC[ROC]: 0.843954	AUC[PR]: 0.068522
Epoch evaluation duration: 174.332373857
Epoch duration: 193.226174831

Epoch 72/1000
Epoch training duration: 20.0949151516
Train	AUC[ROC]: 0.995701	AUC[PR]: 0.255711
Val	AUC[ROC]: 0.845335	AUC[PR]: 0.064779
Epoch evaluation duration: 178.794150829
Epoch duration: 198.889065981

Epoch 73/1000
Epoch training duration: 21.157033205
Train	AUC[ROC]: 0.995715	AUC[PR]: 0.257765
Val	AUC[ROC]: 0.842040	AUC[PR]: 0.064868
Epoch evaluation duration: 173.483129025
Epoch duration: 194.64016223

Epoch 74/1000
Epoch training duration: 20.648608923
Train	AUC[ROC]: 0.995710	AUC[PR]: 0.253315
Val	AUC[ROC]: 0.845686	AUC[PR]: 0.061631
Epoch evaluation duration: 177.955193996
Epoch duration: 198.603802919

Epoch 75/1000
Epoch training duration: 20.7126259804
Train	AUC[ROC]: 0.995860	AUC[PR]: 0.262130
Val	AUC[ROC]: 0.848055	AUC[PR]: 0.069227
Epoch evaluation duration: 176.935230017
Epoch duration: 197.647855997

Epoch 76/1000
Epoch training duration: 19.7455949783
Train	AUC[ROC]: 0.995682	AUC[PR]: 0.251315
Val	AUC[ROC]: 0.839552	AUC[PR]: 0.060907
Epoch evaluation duration: 159.230074883
Epoch duration: 178.975669861

Epoch 77/1000
Epoch training duration: 16.8453061581
Train	AUC[ROC]: 0.995724	AUC[PR]: 0.255330
Val	AUC[ROC]: 0.844250	AUC[PR]: 0.064002
Epoch evaluation duration: 120.677073002
Epoch duration: 137.52237916

Epoch 78/1000
Epoch training duration: 13.6626329422
Train	AUC[ROC]: 0.996075	AUC[PR]: 0.264094
Val	AUC[ROC]: 0.848329	AUC[PR]: 0.072305
Epoch evaluation duration: 105.574645996
Epoch duration: 119.237278938

Epoch 79/1000
Epoch training duration: 14.2806050777
Train	AUC[ROC]: 0.996055	AUC[PR]: 0.261233
Val	AUC[ROC]: 0.848578	AUC[PR]: 0.065070
Epoch evaluation duration: 114.618592024
Epoch duration: 128.899197102

Epoch 80/1000
Epoch training duration: 13.6925728321
Train	AUC[ROC]: 0.996079	AUC[PR]: 0.267096
Val	AUC[ROC]: 0.846405	AUC[PR]: 0.070153
Epoch evaluation duration: 103.727955103
Epoch duration: 117.420527935

Epoch 81/1000
Epoch training duration: 13.0767838955
Train	AUC[ROC]: 0.996122	AUC[PR]: 0.263805
Val	AUC[ROC]: 0.847008	AUC[PR]: 0.069351
Epoch evaluation duration: 104.699923992
Epoch duration: 117.776707888

Epoch 82/1000
Epoch training duration: 14.4008359909
Train	AUC[ROC]: 0.996062	AUC[PR]: 0.258191
Val	AUC[ROC]: 0.847866	AUC[PR]: 0.065348
Epoch evaluation duration: 114.770140171
Epoch duration: 129.170976162

Epoch 83/1000
Epoch training duration: 13.7634849548
Train	AUC[ROC]: 0.996075	AUC[PR]: 0.256271
Val	AUC[ROC]: 0.848814	AUC[PR]: 0.060436
Epoch evaluation duration: 111.994839907
Epoch duration: 125.758324862

Epoch 84/1000
Epoch training duration: 14.6566460133
Train	AUC[ROC]: 0.996266	AUC[PR]: 0.263917
Val	AUC[ROC]: 0.852074	AUC[PR]: 0.069547
Epoch evaluation duration: 124.762556076
Epoch duration: 139.419202089

Epoch 85/1000
Epoch training duration: 14.2208750248
Train	AUC[ROC]: 0.996298	AUC[PR]: 0.268082
Val	AUC[ROC]: 0.849187	AUC[PR]: 0.061715
Epoch evaluation duration: 121.410967827
Epoch duration: 135.631842852

Epoch 86/1000
Epoch training duration: 13.6923160553
Train	AUC[ROC]: 0.996297	AUC[PR]: 0.265314
Val	AUC[ROC]: 0.848616	AUC[PR]: 0.065813
Epoch evaluation duration: 119.131121159
Epoch duration: 132.823437214

Epoch 87/1000
Epoch training duration: 14.6403129101
Train	AUC[ROC]: 0.996429	AUC[PR]: 0.265094
Val	AUC[ROC]: 0.844865	AUC[PR]: 0.065112
Epoch evaluation duration: 114.661144018
Epoch duration: 129.301456928

Epoch 88/1000
Epoch training duration: 13.9689230919
Train	AUC[ROC]: 0.996489	AUC[PR]: 0.283846
Val	AUC[ROC]: 0.850083	AUC[PR]: 0.073945
Epoch evaluation duration: 117.27916193
Epoch duration: 131.248085022

Epoch 89/1000
Epoch training duration: 14.4947299957
Train	AUC[ROC]: 0.996393	AUC[PR]: 0.275741
Val	AUC[ROC]: 0.848911	AUC[PR]: 0.066728
Epoch evaluation duration: 118.321457863
Epoch duration: 132.816187859

Epoch 90/1000
Epoch training duration: 21.7245881557
Train	AUC[ROC]: 0.996408	AUC[PR]: 0.269625
Val	AUC[ROC]: 0.845336	AUC[PR]: 0.066018
Epoch evaluation duration: 210.184051991
Epoch duration: 231.908640146

Epoch 91/1000
Epoch training duration: 19.2761778831
Train	AUC[ROC]: 0.996521	AUC[PR]: 0.277884
Val	AUC[ROC]: 0.850719	AUC[PR]: 0.071813
Epoch evaluation duration: 171.496572018
Epoch duration: 190.772749901

Epoch 92/1000
Epoch training duration: 20.7313921452
Train	AUC[ROC]: 0.996566	AUC[PR]: 0.283098
Val	AUC[ROC]: 0.849093	AUC[PR]: 0.064164
Epoch evaluation duration: 171.378399849
Epoch duration: 192.109791994

Epoch 93/1000
Epoch training duration: 20.4058411121
Train	AUC[ROC]: 0.996443	AUC[PR]: 0.271046
Val	AUC[ROC]: 0.842071	AUC[PR]: 0.063646
Epoch evaluation duration: 181.094310045
Epoch duration: 201.500151157

Epoch 94/1000
Epoch training duration: 19.5028729439
Train	AUC[ROC]: 0.996473	AUC[PR]: 0.272783
Val	AUC[ROC]: 0.841928	AUC[PR]: 0.069127
Epoch evaluation duration: 170.270207882
Epoch duration: 189.773080826

Epoch 95/1000
Epoch training duration: 19.1063690186
Train	AUC[ROC]: 0.996593	AUC[PR]: 0.277838
Val	AUC[ROC]: 0.848557	AUC[PR]: 0.066802
Epoch evaluation duration: 174.739082098
Epoch duration: 193.845451117

Epoch 96/1000
Epoch training duration: 20.6983499527
Train	AUC[ROC]: 0.996562	AUC[PR]: 0.277136
Val	AUC[ROC]: 0.846533	AUC[PR]: 0.069603
Epoch evaluation duration: 169.4123981
Epoch duration: 190.110748053

Epoch 97/1000
Epoch training duration: 20.5310959816
Train	AUC[ROC]: 0.996602	AUC[PR]: 0.270604
Val	AUC[ROC]: 0.848296	AUC[PR]: 0.067208
Epoch evaluation duration: 169.393996954
Epoch duration: 189.925092936

Epoch 98/1000
Epoch training duration: 19.7444150448
Train	AUC[ROC]: 0.996716	AUC[PR]: 0.281322
Val	AUC[ROC]: 0.853282	AUC[PR]: 0.071911
Epoch evaluation duration: 171.830986023
Epoch duration: 191.575401068

Epoch 99/1000
Epoch training duration: 19.5692949295
Train	AUC[ROC]: 0.996669	AUC[PR]: 0.271178
Val	AUC[ROC]: 0.848111	AUC[PR]: 0.067848
Epoch evaluation duration: 175.100179911
Epoch duration: 194.66947484

Epoch 100/1000
Epoch training duration: 20.2215800285
Train	AUC[ROC]: 0.996803	AUC[PR]: 0.280990
Val	AUC[ROC]: 0.844722	AUC[PR]: 0.070786
Epoch evaluation duration: 176.987390041
Epoch duration: 197.20897007

Epoch 101/1000
Epoch training duration: 20.4260799885
Train	AUC[ROC]: 0.996754	AUC[PR]: 0.271364
Val	AUC[ROC]: 0.847641	AUC[PR]: 0.067738
Epoch evaluation duration: 175.126333952
Epoch duration: 195.55241394

Epoch 102/1000
Epoch training duration: 20.2297170162
Train	AUC[ROC]: 0.996830	AUC[PR]: 0.272183
Val	AUC[ROC]: 0.845651	AUC[PR]: 0.070303
Epoch evaluation duration: 176.718877077
Epoch duration: 196.948594093

Epoch 103/1000
Epoch training duration: 18.7269899845
Train	AUC[ROC]: 0.996725	AUC[PR]: 0.265639
Val	AUC[ROC]: 0.846111	AUC[PR]: 0.063395
Epoch evaluation duration: 173.459491968
Epoch duration: 192.186481953

Epoch 104/1000
Epoch training duration: 19.0901789665
Train	AUC[ROC]: 0.996640	AUC[PR]: 0.268539
Val	AUC[ROC]: 0.849024	AUC[PR]: 0.069301
Epoch evaluation duration: 169.134506941
Epoch duration: 188.224685907

Epoch 105/1000
Epoch training duration: 19.9821050167
Train	AUC[ROC]: 0.996776	AUC[PR]: 0.265223
Val	AUC[ROC]: 0.846115	AUC[PR]: 0.065914
Epoch evaluation duration: 172.89734602
Epoch duration: 192.879451036

Epoch 106/1000
Epoch training duration: 19.0160460472
Train	AUC[ROC]: 0.996800	AUC[PR]: 0.276396
Val	AUC[ROC]: 0.849878	AUC[PR]: 0.069577
Epoch evaluation duration: 175.836335897
Epoch duration: 194.852381945

Epoch 107/1000
Epoch training duration: 18.5624492168
Train	AUC[ROC]: 0.996916	AUC[PR]: 0.273937
Val	AUC[ROC]: 0.847987	AUC[PR]: 0.067623
Epoch evaluation duration: 173.744270802
Epoch duration: 192.306720018

Epoch 108/1000
Epoch training duration: 18.6832580566
Train	AUC[ROC]: 0.996935	AUC[PR]: 0.279025
Val	AUC[ROC]: 0.849365	AUC[PR]: 0.071934
Epoch evaluation duration: 170.69193697
Epoch duration: 189.375195026

Epoch 109/1000
Epoch training duration: 19.7496621609
Train	AUC[ROC]: 0.996817	AUC[PR]: 0.270559
Val	AUC[ROC]: 0.850350	AUC[PR]: 0.063358
Epoch evaluation duration: 166.664279938
Epoch duration: 186.413942099

Epoch 110/1000
Epoch training duration: 19.1936659813
Train	AUC[ROC]: 0.996866	AUC[PR]: 0.274394
Val	AUC[ROC]: 0.847023	AUC[PR]: 0.064969
Epoch evaluation duration: 171.473675966
Epoch duration: 190.667341948

Epoch 111/1000
Epoch training duration: 18.5735280514
Train	AUC[ROC]: 0.996910	AUC[PR]: 0.277192
Val	AUC[ROC]: 0.853485	AUC[PR]: 0.066554
Epoch evaluation duration: 174.593278885
Epoch duration: 193.166806936

Epoch 112/1000
Epoch training duration: 20.0431771278
Train	AUC[ROC]: 0.997002	AUC[PR]: 0.289713
Val	AUC[ROC]: 0.842194	AUC[PR]: 0.071373
Epoch evaluation duration: 172.937370062
Epoch duration: 192.98054719

Epoch 113/1000
Epoch training duration: 20.3749849796
Train	AUC[ROC]: 0.996984	AUC[PR]: 0.275186
Val	AUC[ROC]: 0.843360	AUC[PR]: 0.065621
Epoch evaluation duration: 177.087252855
Epoch duration: 197.462237835

Epoch 114/1000
Epoch training duration: 20.9316899776
Train	AUC[ROC]: 0.997003	AUC[PR]: 0.280220
Val	AUC[ROC]: 0.844764	AUC[PR]: 0.062906
Epoch evaluation duration: 170.16406703
Epoch duration: 191.095757008

Epoch 115/1000
Epoch training duration: 19.1689181328
Train	AUC[ROC]: 0.997040	AUC[PR]: 0.280815
Val	AUC[ROC]: 0.849655	AUC[PR]: 0.066262
Epoch evaluation duration: 176.307098866
Epoch duration: 195.476016998

Epoch 116/1000
Epoch training duration: 19.1686229706
Train	AUC[ROC]: 0.996951	AUC[PR]: 0.278208
Val	AUC[ROC]: 0.854001	AUC[PR]: 0.067926
Epoch evaluation duration: 210.842710972
Epoch duration: 230.011333942

Epoch 117/1000
Epoch training duration: 26.831788063
Train	AUC[ROC]: 0.997050	AUC[PR]: 0.281366
Val	AUC[ROC]: 0.851296	AUC[PR]: 0.072140
Epoch evaluation duration: 186.600998163
Epoch duration: 213.432786226

Epoch 118/1000
Epoch training duration: 21.4478008747
Train	AUC[ROC]: 0.996897	AUC[PR]: 0.280642
Val	AUC[ROC]: 0.855674	AUC[PR]: 0.072049
Epoch evaluation duration: 172.286466122
Epoch duration: 193.734266996

Epoch 119/1000
Epoch training duration: 19.1232688427
Train	AUC[ROC]: 0.997107	AUC[PR]: 0.285691
Val	AUC[ROC]: 0.850144	AUC[PR]: 0.069784
Epoch evaluation duration: 177.958848
Epoch duration: 197.082116842

Epoch 120/1000
Epoch training duration: 19.5840771198
Train	AUC[ROC]: 0.996977	AUC[PR]: 0.273272
Val	AUC[ROC]: 0.847043	AUC[PR]: 0.062470
Epoch evaluation duration: 173.332082987
Epoch duration: 192.916160107

Epoch 121/1000
Epoch training duration: 19.2438600063
Train	AUC[ROC]: 0.997100	AUC[PR]: 0.283331
Val	AUC[ROC]: 0.847837	AUC[PR]: 0.067162
Epoch evaluation duration: 167.570863008
Epoch duration: 186.814723015

Epoch 122/1000
Epoch training duration: 20.4780118465
Train	AUC[ROC]: 0.997172	AUC[PR]: 0.295079
Val	AUC[ROC]: 0.854088	AUC[PR]: 0.076880
Epoch evaluation duration: 169.314567089
Epoch duration: 189.792578936

Epoch 123/1000
Epoch training duration: 19.8438370228
Train	AUC[ROC]: 0.997104	AUC[PR]: 0.284165
Val	AUC[ROC]: 0.846449	AUC[PR]: 0.068485
Epoch evaluation duration: 171.681904078
Epoch duration: 191.5257411

Epoch 124/1000
Epoch training duration: 20.4220089912
Train	AUC[ROC]: 0.997101	AUC[PR]: 0.283989
Val	AUC[ROC]: 0.844851	AUC[PR]: 0.070191
Epoch evaluation duration: 171.382087946
Epoch duration: 191.804096937

Epoch 125/1000
Epoch training duration: 18.7596809864
Train	AUC[ROC]: 0.997129	AUC[PR]: 0.284728
Val	AUC[ROC]: 0.847506	AUC[PR]: 0.070965
Epoch evaluation duration: 166.410876036
Epoch duration: 185.170557022

Epoch 126/1000
Epoch training duration: 20.7398529053
Train	AUC[ROC]: 0.997012	AUC[PR]: 0.282067
Val	AUC[ROC]: 0.845365	AUC[PR]: 0.068222
Epoch evaluation duration: 174.662876129
Epoch duration: 195.402729034

Epoch 127/1000
Epoch training duration: 18.8880259991
Train	AUC[ROC]: 0.997165	AUC[PR]: 0.288186
Val	AUC[ROC]: 0.847102	AUC[PR]: 0.073631
Epoch evaluation duration: 171.862921953
Epoch duration: 190.750947952

Epoch 128/1000
Epoch training duration: 19.8742740154
Train	AUC[ROC]: 0.997107	AUC[PR]: 0.281948
Val	AUC[ROC]: 0.845914	AUC[PR]: 0.065934
Epoch evaluation duration: 169.588543892
Epoch duration: 189.462817907

Epoch 129/1000
Epoch training duration: 21.0479459763
Train	AUC[ROC]: 0.997204	AUC[PR]: 0.294345
Val	AUC[ROC]: 0.845532	AUC[PR]: 0.077630
Epoch evaluation duration: 169.643144131
Epoch duration: 190.691090107

Epoch 130/1000
Epoch training duration: 19.6538779736
Train	AUC[ROC]: 0.997072	AUC[PR]: 0.281765
Val	AUC[ROC]: 0.847970	AUC[PR]: 0.071067
Epoch evaluation duration: 170.622174978
Epoch duration: 190.276052952

Epoch 131/1000
Epoch training duration: 18.9295790195
Train	AUC[ROC]: 0.997164	AUC[PR]: 0.294032
Val	AUC[ROC]: 0.848336	AUC[PR]: 0.070329
Epoch evaluation duration: 170.880512953
Epoch duration: 189.810091972

Epoch 132/1000
Epoch training duration: 19.9395599365
Train	AUC[ROC]: 0.997148	AUC[PR]: 0.291974
Val	AUC[ROC]: 0.849236	AUC[PR]: 0.072755
Epoch evaluation duration: 173.073946953
Epoch duration: 193.013506889

Epoch 133/1000
Epoch training duration: 21.106385231
Train	AUC[ROC]: 0.997256	AUC[PR]: 0.294404
Val	AUC[ROC]: 0.845432	AUC[PR]: 0.072540
Epoch evaluation duration: 173.828104973
Epoch duration: 194.934490204

Epoch 134/1000
Epoch training duration: 21.0751619339
Train	AUC[ROC]: 0.997191	AUC[PR]: 0.294059
Val	AUC[ROC]: 0.842601	AUC[PR]: 0.075517
Epoch evaluation duration: 170.031210899
Epoch duration: 191.106372833

Epoch 135/1000
Epoch training duration: 20.2482461929
Train	AUC[ROC]: 0.997164	AUC[PR]: 0.283914
Val	AUC[ROC]: 0.844966	AUC[PR]: 0.069138
Epoch evaluation duration: 168.463951826
Epoch duration: 188.712198019

Epoch 136/1000
Epoch training duration: 19.5701200962
Train	AUC[ROC]: 0.997130	AUC[PR]: 0.286545
Val	AUC[ROC]: 0.849348	AUC[PR]: 0.069477
Epoch evaluation duration: 167.904008865
Epoch duration: 187.474128962

Epoch 137/1000
Epoch training duration: 19.9099931717
Train	AUC[ROC]: 0.997211	AUC[PR]: 0.290582
Val	AUC[ROC]: 0.843115	AUC[PR]: 0.075045
Epoch evaluation duration: 175.171360016
Epoch duration: 195.081353188

Epoch 138/1000
Epoch training duration: 18.4215769768
Train	AUC[ROC]: 0.997246	AUC[PR]: 0.289706
Val	AUC[ROC]: 0.844648	AUC[PR]: 0.072910
Epoch evaluation duration: 174.541049957
Epoch duration: 192.962626934

Epoch 139/1000
Epoch training duration: 20.8721570969
Train	AUC[ROC]: 0.997311	AUC[PR]: 0.290174
Val	AUC[ROC]: 0.848362	AUC[PR]: 0.071533
Epoch evaluation duration: 177.035167933
Epoch duration: 197.907325029

Epoch 140/1000
Epoch training duration: 19.8307859898
Train	AUC[ROC]: 0.997301	AUC[PR]: 0.292166
Val	AUC[ROC]: 0.843397	AUC[PR]: 0.076229
Epoch evaluation duration: 168.557405949
Epoch duration: 188.388191938

Epoch 141/1000
Epoch training duration: 20.5636959076
Train	AUC[ROC]: 0.997239	AUC[PR]: 0.276585
Val	AUC[ROC]: 0.845157	AUC[PR]: 0.065821
Epoch evaluation duration: 172.841912031
Epoch duration: 193.405607939

Epoch 142/1000
Epoch training duration: 20.6177511215
Train	AUC[ROC]: 0.997310	AUC[PR]: 0.292364
Val	AUC[ROC]: 0.848917	AUC[PR]: 0.074140
Epoch evaluation duration: 174.300098896
Epoch duration: 194.917850018

Epoch 143/1000
Epoch training duration: 18.530766964
Train	AUC[ROC]: 0.997360	AUC[PR]: 0.289319
Val	AUC[ROC]: 0.846368	AUC[PR]: 0.074431
Epoch evaluation duration: 240.332746983
Epoch duration: 258.863513947

Epoch 144/1000
Epoch training duration: 20.2892651558
Train	AUC[ROC]: 0.997373	AUC[PR]: 0.294060
Val	AUC[ROC]: 0.846828	AUC[PR]: 0.071804
Epoch evaluation duration: 174.011878014
Epoch duration: 194.301143169

Epoch 145/1000
Epoch training duration: 20.0868189335
Train	AUC[ROC]: 0.997413	AUC[PR]: 0.297503
Val	AUC[ROC]: 0.847932	AUC[PR]: 0.075472
Epoch evaluation duration: 176.191941977
Epoch duration: 196.27876091

Epoch 146/1000
Epoch training duration: 20.4203960896
Train	AUC[ROC]: 0.997400	AUC[PR]: 0.293845
Val	AUC[ROC]: 0.848496	AUC[PR]: 0.075277
Epoch evaluation duration: 172.583010912
Epoch duration: 193.003407001

Epoch 147/1000
Epoch training duration: 19.8870770931
Train	AUC[ROC]: 0.997352	AUC[PR]: 0.286454
Val	AUC[ROC]: 0.843032	AUC[PR]: 0.069782
Epoch evaluation duration: 169.583091021
Epoch duration: 189.470168114

Epoch 148/1000
Epoch training duration: 19.3482058048
Train	AUC[ROC]: 0.997443	AUC[PR]: 0.300778
Val	AUC[ROC]: 0.847879	AUC[PR]: 0.079652
Epoch evaluation duration: 172.454657078
Epoch duration: 191.802862883

Epoch 149/1000
Epoch training duration: 19.6192409992
Train	AUC[ROC]: 0.997343	AUC[PR]: 0.290457
Val	AUC[ROC]: 0.844719	AUC[PR]: 0.074260
Epoch evaluation duration: 170.494591951
Epoch duration: 190.113832951

Epoch 150/1000
Epoch training duration: 20.1116390228
Train	AUC[ROC]: 0.997294	AUC[PR]: 0.280172
Val	AUC[ROC]: 0.848554	AUC[PR]: 0.069981
Epoch evaluation duration: 172.02720809
Epoch duration: 192.138847113

Epoch 151/1000
Epoch training duration: 19.2500669956
Train	AUC[ROC]: 0.997307	AUC[PR]: 0.290008
Val	AUC[ROC]: 0.845173	AUC[PR]: 0.072078
Epoch evaluation duration: 173.542974949
Epoch duration: 192.793041945

Epoch 152/1000
Epoch training duration: 20.6587970257
Train	AUC[ROC]: 0.997403	AUC[PR]: 0.294251
Val	AUC[ROC]: 0.848213	AUC[PR]: 0.071100
Epoch evaluation duration: 174.621794939
Epoch duration: 195.280591965

Epoch 153/1000
Epoch training duration: 19.2669539452
Train	AUC[ROC]: 0.997316	AUC[PR]: 0.284980
Val	AUC[ROC]: 0.846090	AUC[PR]: 0.071860
Epoch evaluation duration: 173.42944622
Epoch duration: 192.696400166

Epoch 154/1000
Epoch training duration: 20.0836009979
Train	AUC[ROC]: 0.997389	AUC[PR]: 0.286073
Val	AUC[ROC]: 0.842923	AUC[PR]: 0.071808
Epoch evaluation duration: 169.155807972
Epoch duration: 189.23940897

Epoch 155/1000
Epoch training duration: 20.3802428246
Train	AUC[ROC]: 0.997420	AUC[PR]: 0.288362
Val	AUC[ROC]: 0.847248	AUC[PR]: 0.075023
Epoch evaluation duration: 172.512427092
Epoch duration: 192.892669916

Epoch 156/1000
Epoch training duration: 19.3271319866
Train	AUC[ROC]: 0.997388	AUC[PR]: 0.292599
Val	AUC[ROC]: 0.847712	AUC[PR]: 0.074768
Epoch evaluation duration: 176.31694293
Epoch duration: 195.644074917

Epoch 157/1000
Epoch training duration: 19.2558100224
Train	AUC[ROC]: 0.997434	AUC[PR]: 0.296717
Val	AUC[ROC]: 0.851371	AUC[PR]: 0.072334
Epoch evaluation duration: 172.657485962
Epoch duration: 191.913295984

Epoch 158/1000
Epoch training duration: 19.9582910538
Train	AUC[ROC]: 0.997343	AUC[PR]: 0.289699
Val	AUC[ROC]: 0.851699	AUC[PR]: 0.072139
Epoch evaluation duration: 175.92650795
Epoch duration: 195.884799004

Epoch 159/1000
Epoch training duration: 22.0720381737
Train	AUC[ROC]: 0.997418	AUC[PR]: 0.296606
Val	AUC[ROC]: 0.845878	AUC[PR]: 0.077109
Epoch evaluation duration: 172.222548008
Epoch duration: 194.294586182

Epoch 160/1000
Epoch training duration: 21.1095628738
Train	AUC[ROC]: 0.997443	AUC[PR]: 0.294839
Val	AUC[ROC]: 0.850129	AUC[PR]: 0.071903
Epoch evaluation duration: 169.727971077
Epoch duration: 190.837533951

Epoch 161/1000
Epoch training duration: 19.6648230553
Train	AUC[ROC]: 0.997470	AUC[PR]: 0.298743
Val	AUC[ROC]: 0.848708	AUC[PR]: 0.071079
Epoch evaluation duration: 169.490016937
Epoch duration: 189.154839993

Epoch 162/1000
Epoch training duration: 20.5705270767
Train	AUC[ROC]: 0.997434	AUC[PR]: 0.298409
Val	AUC[ROC]: 0.848854	AUC[PR]: 0.073071
Epoch evaluation duration: 171.62356782
Epoch duration: 192.194094896

Epoch 163/1000
Epoch training duration: 19.7926800251
Train	AUC[ROC]: 0.997491	AUC[PR]: 0.297387
Val	AUC[ROC]: 0.850382	AUC[PR]: 0.075007
Epoch evaluation duration: 171.24485898
Epoch duration: 191.037539005

Epoch 164/1000
Epoch training duration: 19.8273611069
Train	AUC[ROC]: 0.997506	AUC[PR]: 0.299979
Val	AUC[ROC]: 0.847223	AUC[PR]: 0.075762
Epoch evaluation duration: 171.097780943
Epoch duration: 190.92514205

Epoch 165/1000
Epoch training duration: 19.7730970383
Train	AUC[ROC]: 0.997437	AUC[PR]: 0.293216
Val	AUC[ROC]: 0.842654	AUC[PR]: 0.070873
Epoch evaluation duration: 171.006798029
Epoch duration: 190.779895067

Epoch 166/1000
Epoch training duration: 19.9314539433
Train	AUC[ROC]: 0.997461	AUC[PR]: 0.294653
Val	AUC[ROC]: 0.848281	AUC[PR]: 0.067799
Epoch evaluation duration: 172.102715015
Epoch duration: 192.034168959

Epoch 167/1000
Epoch training duration: 20.0550351143
Train	AUC[ROC]: 0.997497	AUC[PR]: 0.297678
Val	AUC[ROC]: 0.848113	AUC[PR]: 0.069360
Epoch evaluation duration: 172.889827967
Epoch duration: 192.944863081

Epoch 168/1000
Epoch training duration: 19.0497829914
Train	AUC[ROC]: 0.997474	AUC[PR]: 0.292182
Val	AUC[ROC]: 0.844756	AUC[PR]: 0.070522
Epoch evaluation duration: 174.714530945
Epoch duration: 193.764313936

Epoch 169/1000
Epoch training duration: 21.5872728825
Train	AUC[ROC]: 0.997519	AUC[PR]: 0.298387
Val	AUC[ROC]: 0.850455	AUC[PR]: 0.075647
Epoch evaluation duration: 191.47726202
Epoch duration: 213.064534903

Epoch 170/1000
Epoch training duration: 28.1383271217
Train	AUC[ROC]: 0.997525	AUC[PR]: 0.294511
Val	AUC[ROC]: 0.849023	AUC[PR]: 0.076099
Epoch evaluation duration: 198.045908928
Epoch duration: 226.18423605

Epoch 171/1000
Epoch training duration: 20.0878491402
Train	AUC[ROC]: 0.997548	AUC[PR]: 0.298979
Val	AUC[ROC]: 0.849639	AUC[PR]: 0.074048
Epoch evaluation duration: 173.808862925
Epoch duration: 193.896712065

Epoch 172/1000
Epoch training duration: 19.8072450161
Train	AUC[ROC]: 0.997565	AUC[PR]: 0.301804
Val	AUC[ROC]: 0.846960	AUC[PR]: 0.078543
Epoch evaluation duration: 173.50848484
Epoch duration: 193.315729856

Epoch 173/1000
Epoch training duration: 18.7514271736
Train	AUC[ROC]: 0.997620	AUC[PR]: 0.305765
Val	AUC[ROC]: 0.852289	AUC[PR]: 0.079429
Epoch evaluation duration: 179.470310926
Epoch duration: 198.2217381

Epoch 174/1000
Epoch training duration: 18.8772120476
Train	AUC[ROC]: 0.997587	AUC[PR]: 0.304363
Val	AUC[ROC]: 0.846167	AUC[PR]: 0.073725
Epoch evaluation duration: 171.963046074
Epoch duration: 190.840258121

Epoch 175/1000
Epoch training duration: 20.4288289547
Train	AUC[ROC]: 0.997577	AUC[PR]: 0.304596
Val	AUC[ROC]: 0.846354	AUC[PR]: 0.079255
Epoch evaluation duration: 173.262845993
Epoch duration: 193.691674948

Epoch 176/1000
Epoch training duration: 20.003880024
Train	AUC[ROC]: 0.997553	AUC[PR]: 0.296073
Val	AUC[ROC]: 0.841961	AUC[PR]: 0.071117
Epoch evaluation duration: 171.888065815
Epoch duration: 191.891945839

Epoch 177/1000
Epoch training duration: 19.0659711361
Train	AUC[ROC]: 0.997558	AUC[PR]: 0.299988
Val	AUC[ROC]: 0.847461	AUC[PR]: 0.075874
Epoch evaluation duration: 176.632122993
Epoch duration: 195.69809413

Epoch 178/1000
Epoch training duration: 19.4174890518
Train	AUC[ROC]: 0.997557	AUC[PR]: 0.301754
Val	AUC[ROC]: 0.848207	AUC[PR]: 0.071729
Epoch evaluation duration: 177.453445911
Epoch duration: 196.870934963

Epoch 179/1000
Epoch training duration: 19.3453390598
Train	AUC[ROC]: 0.997547	AUC[PR]: 0.300421
Val	AUC[ROC]: 0.848608	AUC[PR]: 0.071589
Epoch evaluation duration: 173.629513025
Epoch duration: 192.974852085

Epoch 180/1000
Epoch training duration: 20.2541279793
Train	AUC[ROC]: 0.997591	AUC[PR]: 0.304754
Val	AUC[ROC]: 0.849744	AUC[PR]: 0.074359
Epoch evaluation duration: 176.825355053
Epoch duration: 197.079483032

Epoch 181/1000
Epoch training duration: 20.6906518936
Train	AUC[ROC]: 0.997563	AUC[PR]: 0.302467
Val	AUC[ROC]: 0.841091	AUC[PR]: 0.075817
Epoch evaluation duration: 178.205605984
Epoch duration: 198.896257877

Epoch 182/1000
Epoch training duration: 22.3440220356
Train	AUC[ROC]: 0.997622	AUC[PR]: 0.307254
Val	AUC[ROC]: 0.847928	AUC[PR]: 0.074641
Epoch evaluation duration: 173.319305897
Epoch duration: 195.663327932

Epoch 183/1000
Epoch training duration: 18.7071311474
Train	AUC[ROC]: 0.997573	AUC[PR]: 0.302106
Val	AUC[ROC]: 0.845665	AUC[PR]: 0.074937
Epoch evaluation duration: 168.696467876
Epoch duration: 187.403599024

Epoch 184/1000
Epoch training duration: 19.2451291084
Train	AUC[ROC]: 0.997581	AUC[PR]: 0.299300
Val	AUC[ROC]: 0.843873	AUC[PR]: 0.075989
Epoch evaluation duration: 174.099679947
Epoch duration: 193.344809055

Epoch 185/1000
Epoch training duration: 21.5002501011
Train	AUC[ROC]: 0.997557	AUC[PR]: 0.298403
Val	AUC[ROC]: 0.848373	AUC[PR]: 0.073488
Epoch evaluation duration: 169.922115803
Epoch duration: 191.422365904

Epoch 186/1000
Epoch training duration: 19.1513659954
Train	AUC[ROC]: 0.997561	AUC[PR]: 0.294343
Val	AUC[ROC]: 0.839581	AUC[PR]: 0.071583
Epoch evaluation duration: 171.719407082
Epoch duration: 190.870773077

Epoch 187/1000
Epoch training duration: 19.0451200008
Train	AUC[ROC]: 0.997640	AUC[PR]: 0.305024
Val	AUC[ROC]: 0.846317	AUC[PR]: 0.073808
Epoch evaluation duration: 179.201724052
Epoch duration: 198.246844053

Epoch 188/1000
Epoch training duration: 20.4463899136
Train	AUC[ROC]: 0.997623	AUC[PR]: 0.298940
Val	AUC[ROC]: 0.844224	AUC[PR]: 0.073927
Epoch evaluation duration: 173.297444105
Epoch duration: 193.743834019

Epoch 189/1000
Epoch training duration: 20.0259039402
Train	AUC[ROC]: 0.997612	AUC[PR]: 0.298725
Val	AUC[ROC]: 0.846406	AUC[PR]: 0.076417
Epoch evaluation duration: 173.224930048
Epoch duration: 193.250833988

Epoch 190/1000
Epoch training duration: 20.0018968582
Train	AUC[ROC]: 0.997560	AUC[PR]: 0.294578
Val	AUC[ROC]: 0.838562	AUC[PR]: 0.070834
Epoch evaluation duration: 174.182262182
Epoch duration: 194.18415904

Epoch 191/1000
Epoch training duration: 19.2550330162
Train	AUC[ROC]: 0.997580	AUC[PR]: 0.300015
Val	AUC[ROC]: 0.847925	AUC[PR]: 0.072533
Epoch evaluation duration: 170.018847942
Epoch duration: 189.273880959

Epoch 192/1000
Epoch training duration: 19.1131310463
Train	AUC[ROC]: 0.997636	AUC[PR]: 0.299061
Val	AUC[ROC]: 0.843722	AUC[PR]: 0.073255
Epoch evaluation duration: 171.194065809
Epoch duration: 190.307196856

Epoch 193/1000
Epoch training duration: 20.2366230488
Train	AUC[ROC]: 0.997605	AUC[PR]: 0.298784
Val	AUC[ROC]: 0.845512	AUC[PR]: 0.074344
Epoch evaluation duration: 168.724456072
Epoch duration: 188.961079121

Epoch 194/1000
Epoch training duration: 19.4025440216
Train	AUC[ROC]: 0.997653	AUC[PR]: 0.297802
Val	AUC[ROC]: 0.835958	AUC[PR]: 0.073070
Epoch evaluation duration: 173.108691931
Epoch duration: 192.511235952

Epoch 195/1000
Epoch training duration: 18.5766971111
Train	AUC[ROC]: 0.997658	AUC[PR]: 0.298199
Val	AUC[ROC]: 0.845799	AUC[PR]: 0.072288
Epoch evaluation duration: 177.828423977
Epoch duration: 196.405121088

Epoch 196/1000
Epoch training duration: 18.5300579071
Train	AUC[ROC]: 0.997631	AUC[PR]: 0.301085
Val	AUC[ROC]: 0.839200	AUC[PR]: 0.072406
Epoch evaluation duration: 231.934011936
Epoch duration: 250.464069843

Epoch 197/1000
Epoch training duration: 20.2737460136
Train	AUC[ROC]: 0.997589	AUC[PR]: 0.296772
Val	AUC[ROC]: 0.845131	AUC[PR]: 0.069967
Epoch evaluation duration: 172.628026009
Epoch duration: 192.901772022

Epoch 198/1000
Epoch training duration: 20.5524420738
Train	AUC[ROC]: 0.997648	AUC[PR]: 0.304462
Val	AUC[ROC]: 0.848621	AUC[PR]: 0.074921
Epoch evaluation duration: 172.19512105
Epoch duration: 192.747563124

Epoch 199/1000
Epoch training duration: 18.9466819763
Train	AUC[ROC]: 0.997627	AUC[PR]: 0.298874
Val	AUC[ROC]: 0.849895	AUC[PR]: 0.074204
Epoch evaluation duration: 171.331223011
Epoch duration: 190.277904987

Epoch 200/1000
Epoch training duration: 18.9014260769
Train	AUC[ROC]: 0.997626	AUC[PR]: 0.297740
Val	AUC[ROC]: 0.846505	AUC[PR]: 0.074045
Epoch evaluation duration: 168.699921846
Epoch duration: 187.601347923

Epoch 201/1000
Epoch training duration: 20.0775430202
Train	AUC[ROC]: 0.997634	AUC[PR]: 0.300775
Val	AUC[ROC]: 0.841017	AUC[PR]: 0.072265
Epoch evaluation duration: 176.395467043
Epoch duration: 196.473010063

Epoch 202/1000
Epoch training duration: 19.1876690388
Train	AUC[ROC]: 0.997650	AUC[PR]: 0.307483
Val	AUC[ROC]: 0.844097	AUC[PR]: 0.075668
Epoch evaluation duration: 169.309113979
Epoch duration: 188.496783018

Epoch 203/1000
Epoch training duration: 20.4573118687
Train	AUC[ROC]: 0.997699	AUC[PR]: 0.305860
Val	AUC[ROC]: 0.846060	AUC[PR]: 0.074187
Epoch evaluation duration: 172.480142117
Epoch duration: 192.937453985

Epoch 204/1000
Epoch training duration: 19.3467409611
Train	AUC[ROC]: 0.997650	AUC[PR]: 0.302431
Val	AUC[ROC]: 0.849130	AUC[PR]: 0.074599
Epoch evaluation duration: 176.161757946
Epoch duration: 195.508498907

Epoch 205/1000
Epoch training duration: 19.9358329773
Train	AUC[ROC]: 0.997650	AUC[PR]: 0.303162
Val	AUC[ROC]: 0.843885	AUC[PR]: 0.077907
Epoch evaluation duration: 169.194121122
Epoch duration: 189.1299541

Epoch 206/1000
Epoch training duration: 19.8668720722
Train	AUC[ROC]: 0.997661	AUC[PR]: 0.304848
Val	AUC[ROC]: 0.847371	AUC[PR]: 0.073188
Epoch evaluation duration: 167.391709805
Epoch duration: 187.258581877

Epoch 207/1000
Epoch training duration: 18.2024130821
Train	AUC[ROC]: 0.997685	AUC[PR]: 0.304338
Val	AUC[ROC]: 0.843148	AUC[PR]: 0.077280
Epoch evaluation duration: 174.685472012
Epoch duration: 192.887885094

Epoch 208/1000
Epoch training duration: 19.4073328972
Train	AUC[ROC]: 0.997676	AUC[PR]: 0.303411
Val	AUC[ROC]: 0.845741	AUC[PR]: 0.073280
Epoch evaluation duration: 172.968405008
Epoch duration: 192.375737906

Epoch 209/1000
Epoch training duration: 21.0638961792
Train	AUC[ROC]: 0.997710	AUC[PR]: 0.305629
Val	AUC[ROC]: 0.849469	AUC[PR]: 0.074001
Epoch evaluation duration: 169.46845293
Epoch duration: 190.53234911

Epoch 210/1000
Epoch training duration: 20.6137549877
Train	AUC[ROC]: 0.997721	AUC[PR]: 0.303705
Val	AUC[ROC]: 0.844044	AUC[PR]: 0.069816
Epoch evaluation duration: 174.590631962
Epoch duration: 195.20438695

Epoch 211/1000
Epoch training duration: 19.2938389778
Train	AUC[ROC]: 0.997704	AUC[PR]: 0.304964
Val	AUC[ROC]: 0.841517	AUC[PR]: 0.074587
Epoch evaluation duration: 172.017016172
Epoch duration: 191.31085515

Epoch 212/1000
Epoch training duration: 19.7310698032
Train	AUC[ROC]: 0.997702	AUC[PR]: 0.301997
Val	AUC[ROC]: 0.845064	AUC[PR]: 0.072267
Epoch evaluation duration: 170.157960176
Epoch duration: 189.88902998

Epoch 213/1000
Epoch training duration: 20.5768108368
Train	AUC[ROC]: 0.997743	AUC[PR]: 0.295464
Val	AUC[ROC]: 0.843237	AUC[PR]: 0.072768
Epoch evaluation duration: 169.070737123
Epoch duration: 189.64754796

Epoch 214/1000
Epoch training duration: 19.0021898746
Train	AUC[ROC]: 0.997712	AUC[PR]: 0.301886
Val	AUC[ROC]: 0.845973	AUC[PR]: 0.077005
Epoch evaluation duration: 177.126070976
Epoch duration: 196.128260851

Epoch 215/1000
Epoch training duration: 18.7717530727
Train	AUC[ROC]: 0.997761	AUC[PR]: 0.301813
Val	AUC[ROC]: 0.840266	AUC[PR]: 0.075252
Epoch evaluation duration: 172.745404005
Epoch duration: 191.517157078

Epoch 216/1000
Epoch training duration: 19.197947979
Train	AUC[ROC]: 0.997656	AUC[PR]: 0.291551
Val	AUC[ROC]: 0.842665	AUC[PR]: 0.068700
Epoch evaluation duration: 173.857594013
Epoch duration: 193.055541992

Epoch 217/1000
Epoch training duration: 20.2461690903
Train	AUC[ROC]: 0.997707	AUC[PR]: 0.302144
Val	AUC[ROC]: 0.846281	AUC[PR]: 0.072466
Epoch evaluation duration: 167.542938948
Epoch duration: 187.789108038

Epoch 218/1000
Epoch training duration: 19.0214269161
Train	AUC[ROC]: 0.997771	AUC[PR]: 0.305788
Val	AUC[ROC]: 0.843098	AUC[PR]: 0.072778
Epoch evaluation duration: 170.485907078
Epoch duration: 189.507333994

Epoch 219/1000
Epoch training duration: 19.4955589771
Train	AUC[ROC]: 0.997778	AUC[PR]: 0.303351
Val	AUC[ROC]: 0.844735	AUC[PR]: 0.074086
Epoch evaluation duration: 173.510589123
Epoch duration: 193.0061481

Epoch 220/1000
Epoch training duration: 20.1665868759
Train	AUC[ROC]: 0.997737	AUC[PR]: 0.301472
Val	AUC[ROC]: 0.842547	AUC[PR]: 0.072872
Epoch evaluation duration: 179.714390993
Epoch duration: 199.880977869

Epoch 221/1000
Epoch training duration: 20.2857680321
Train	AUC[ROC]: 0.997804	AUC[PR]: 0.309365
Val	AUC[ROC]: 0.843817	AUC[PR]: 0.080342
Epoch evaluation duration: 175.46803689
Epoch duration: 195.753804922

Epoch 222/1000
Epoch training duration: 19.9675459862
Train	AUC[ROC]: 0.997722	AUC[PR]: 0.298261
Val	AUC[ROC]: 0.848852	AUC[PR]: 0.071861
Epoch evaluation duration: 186.413875103
Epoch duration: 206.381421089

Epoch 223/1000
Epoch training duration: 27.5942909718
Train	AUC[ROC]: 0.997753	AUC[PR]: 0.303014
Val	AUC[ROC]: 0.848223	AUC[PR]: 0.075141
Epoch evaluation duration: 208.364078999
Epoch duration: 235.95836997

Epoch 224/1000
Epoch training duration: 18.9656369686
Train	AUC[ROC]: 0.997765	AUC[PR]: 0.299994
Val	AUC[ROC]: 0.847014	AUC[PR]: 0.076458
Epoch evaluation duration: 169.653201103
Epoch duration: 188.618838072

Epoch 225/1000
Epoch training duration: 19.9878220558
Train	AUC[ROC]: 0.997790	AUC[PR]: 0.306501
Val	AUC[ROC]: 0.847613	AUC[PR]: 0.075178
Epoch evaluation duration: 178.22932601
Epoch duration: 198.217148066

Epoch 226/1000
Epoch training duration: 19.8350789547
Train	AUC[ROC]: 0.997785	AUC[PR]: 0.306589
Val	AUC[ROC]: 0.846833	AUC[PR]: 0.074513
Epoch evaluation duration: 171.546206951
Epoch duration: 191.381285906

Epoch 227/1000
Epoch training duration: 19.6729650497
Train	AUC[ROC]: 0.997791	AUC[PR]: 0.304870
Val	AUC[ROC]: 0.844595	AUC[PR]: 0.075038
Epoch evaluation duration: 175.486079931
Epoch duration: 195.159044981

Epoch 228/1000
Epoch training duration: 20.4555020332
Train	AUC[ROC]: 0.997812	AUC[PR]: 0.310427
Val	AUC[ROC]: 0.846395	AUC[PR]: 0.077036
Epoch evaluation duration: 172.150573015
Epoch duration: 192.606075048

Epoch 229/1000
Epoch training duration: 19.5708119869
Train	AUC[ROC]: 0.997785	AUC[PR]: 0.304807
Val	AUC[ROC]: 0.848105	AUC[PR]: 0.075706
Epoch evaluation duration: 176.176721096
Epoch duration: 195.747533083

Epoch 230/1000
Epoch training duration: 21.4365389347
Train	AUC[ROC]: 0.997794	AUC[PR]: 0.304069
Val	AUC[ROC]: 0.847258	AUC[PR]: 0.074299
Epoch evaluation duration: 175.924772024
Epoch duration: 197.361310959

Epoch 231/1000
Epoch training duration: 20.2106759548
Train	AUC[ROC]: 0.997799	AUC[PR]: 0.305591
Val	AUC[ROC]: 0.848575	AUC[PR]: 0.075098
Epoch evaluation duration: 171.842885017
Epoch duration: 192.053560972

Epoch 232/1000
Epoch training duration: 20.9405789375
Train	AUC[ROC]: 0.997778	AUC[PR]: 0.306763
Val	AUC[ROC]: 0.845060	AUC[PR]: 0.076924
Epoch evaluation duration: 171.065253973
Epoch duration: 192.005832911

Epoch 233/1000
Epoch training duration: 18.9022140503
Train	AUC[ROC]: 0.997762	AUC[PR]: 0.305207
Val	AUC[ROC]: 0.846637	AUC[PR]: 0.075854
Epoch evaluation duration: 168.169934988
Epoch duration: 187.072149038

Epoch 234/1000
Epoch training duration: 20.6929659843
Train	AUC[ROC]: 0.997766	AUC[PR]: 0.303113
Val	AUC[ROC]: 0.852591	AUC[PR]: 0.077520
Epoch evaluation duration: 169.689204931
Epoch duration: 190.382170916

Epoch 235/1000
Epoch training duration: 19.4355549812
Train	AUC[ROC]: 0.997799	AUC[PR]: 0.307260
Val	AUC[ROC]: 0.848183	AUC[PR]: 0.078871
Epoch evaluation duration: 175.795233011
Epoch duration: 195.230787992

Epoch 236/1000
Epoch training duration: 20.4766302109
Train	AUC[ROC]: 0.997741	AUC[PR]: 0.301295
Val	AUC[ROC]: 0.844730	AUC[PR]: 0.074750
Epoch evaluation duration: 182.063025951
Epoch duration: 202.539656162

Epoch 237/1000
Epoch training duration: 20.119882822
Train	AUC[ROC]: 0.997773	AUC[PR]: 0.304900
Val	AUC[ROC]: 0.838747	AUC[PR]: 0.077181
Epoch evaluation duration: 170.009744167
Epoch duration: 190.129626989

Epoch 238/1000
Epoch training duration: 20.9698300362
Train	AUC[ROC]: 0.997807	AUC[PR]: 0.309790
Val	AUC[ROC]: 0.846784	AUC[PR]: 0.079923
Epoch evaluation duration: 176.375738859
Epoch duration: 197.345568895

Epoch 239/1000
Epoch training duration: 19.881855011
Train	AUC[ROC]: 0.997795	AUC[PR]: 0.301265
Val	AUC[ROC]: 0.841985	AUC[PR]: 0.076888
Epoch evaluation duration: 169.726521969
Epoch duration: 189.60837698

Epoch 240/1000
Epoch training duration: 19.6298730373
Train	AUC[ROC]: 0.997823	AUC[PR]: 0.305165
Val	AUC[ROC]: 0.843040	AUC[PR]: 0.077599
Epoch evaluation duration: 168.858443975
Epoch duration: 188.488317013

Epoch 241/1000
Epoch training duration: 19.5351519585
Train	AUC[ROC]: 0.997845	AUC[PR]: 0.309543
Val	AUC[ROC]: 0.845174	AUC[PR]: 0.077047
Epoch evaluation duration: 171.507642031
Epoch duration: 191.042793989

Epoch 242/1000
Epoch training duration: 19.202860117
Train	AUC[ROC]: 0.997782	AUC[PR]: 0.304739
Val	AUC[ROC]: 0.849589	AUC[PR]: 0.076552
Epoch evaluation duration: 178.073279858
Epoch duration: 197.276139975

Epoch 243/1000
Epoch training duration: 20.5255980492
Train	AUC[ROC]: 0.997832	AUC[PR]: 0.307041
Val	AUC[ROC]: 0.845799	AUC[PR]: 0.076516
Epoch evaluation duration: 172.620713949
Epoch duration: 193.146311998

Epoch 244/1000
Epoch training duration: 18.978041172
Train	AUC[ROC]: 0.997796	AUC[PR]: 0.303320
Val	AUC[ROC]: 0.845168	AUC[PR]: 0.075137
Epoch evaluation duration: 173.074599028
Epoch duration: 192.0526402

Epoch 245/1000
Epoch training duration: 18.5458948612
Train	AUC[ROC]: 0.997794	AUC[PR]: 0.301830
Val	AUC[ROC]: 0.846969	AUC[PR]: 0.074440
Epoch evaluation duration: 176.433889151
Epoch duration: 194.979784012

Epoch 246/1000
Epoch training duration: 20.9186367989
Train	AUC[ROC]: 0.997808	AUC[PR]: 0.305895
Val	AUC[ROC]: 0.851127	AUC[PR]: 0.075540
Epoch evaluation duration: 172.722292185
Epoch duration: 193.640928984

Epoch 247/1000
Epoch training duration: 19.9313848019
Train	AUC[ROC]: 0.997794	AUC[PR]: 0.304755
Val	AUC[ROC]: 0.850556	AUC[PR]: 0.073813
Epoch evaluation duration: 169.746574163
Epoch duration: 189.677958965

Epoch 248/1000
Epoch training duration: 20.823540926
Train	AUC[ROC]: 0.997777	AUC[PR]: 0.303926
Val	AUC[ROC]: 0.848348	AUC[PR]: 0.077774
Epoch evaluation duration: 175.728779078
Epoch duration: 196.552320004

Epoch 249/1000
Epoch training duration: 20.807970047
Train	AUC[ROC]: 0.997761	AUC[PR]: 0.302340
Val	AUC[ROC]: 0.846724	AUC[PR]: 0.075354
Epoch evaluation duration: 234.930883884
Epoch duration: 255.738853931

Epoch 250/1000
Epoch training duration: 19.8754060268
Train	AUC[ROC]: 0.997781	AUC[PR]: 0.299532
Val	AUC[ROC]: 0.846295	AUC[PR]: 0.070838
Epoch evaluation duration: 173.127701044
Epoch duration: 193.003107071

Epoch 251/1000
Epoch training duration: 19.7342560291
Train	AUC[ROC]: 0.997786	AUC[PR]: 0.297968
Val	AUC[ROC]: 0.841901	AUC[PR]: 0.072134
Epoch evaluation duration: 179.627620935
Epoch duration: 199.361876965

Epoch 252/1000
Epoch training duration: 19.7077720165
Train	AUC[ROC]: 0.997806	AUC[PR]: 0.304409
Val	AUC[ROC]: 0.850733	AUC[PR]: 0.077171
Epoch evaluation duration: 174.833652973
Epoch duration: 194.54142499

Epoch 253/1000
Epoch training duration: 19.5072510242
Train	AUC[ROC]: 0.997848	AUC[PR]: 0.308213
Val	AUC[ROC]: 0.848956	AUC[PR]: 0.080017
Epoch evaluation duration: 171.787420988
Epoch duration: 191.294672012

Epoch 254/1000
Epoch training duration: 20.6113069057
Train	AUC[ROC]: 0.997785	AUC[PR]: 0.298513
Val	AUC[ROC]: 0.842853	AUC[PR]: 0.076326
Epoch evaluation duration: 178.901744127
Epoch duration: 199.513051033

Epoch 255/1000
Epoch training duration: 20.5890300274
Train	AUC[ROC]: 0.997877	AUC[PR]: 0.310750
Val	AUC[ROC]: 0.843329	AUC[PR]: 0.081150
Epoch evaluation duration: 174.534689903
Epoch duration: 195.123719931

Epoch 256/1000
Epoch training duration: 18.8255770206
Train	AUC[ROC]: 0.997830	AUC[PR]: 0.304015
Val	AUC[ROC]: 0.846535	AUC[PR]: 0.077378
Epoch evaluation duration: 177.947787046
Epoch duration: 196.773364067

Epoch 257/1000
Epoch training duration: 19.7899880409
Train	AUC[ROC]: 0.997864	AUC[PR]: 0.310870
Val	AUC[ROC]: 0.848642	AUC[PR]: 0.080075
Epoch evaluation duration: 173.272168875
Epoch duration: 193.062156916

Epoch 258/1000
Epoch training duration: 20.2123970985
Train	AUC[ROC]: 0.997836	AUC[PR]: 0.305393
Val	AUC[ROC]: 0.842944	AUC[PR]: 0.077516
Epoch evaluation duration: 172.75037384
Epoch duration: 192.962770939

Epoch 259/1000
Epoch training duration: 20.6611890793
Train	AUC[ROC]: 0.997850	AUC[PR]: 0.305024
Val	AUC[ROC]: 0.845083	AUC[PR]: 0.074425
Epoch evaluation duration: 172.1239779
Epoch duration: 192.785166979

Epoch 260/1000
Epoch training duration: 18.3943860531
Train	AUC[ROC]: 0.997851	AUC[PR]: 0.308944
Val	AUC[ROC]: 0.845649	AUC[PR]: 0.078559
Epoch evaluation duration: 167.554952145
Epoch duration: 185.949338198

Epoch 261/1000
Epoch training duration: 18.6102089882
Train	AUC[ROC]: 0.997848	AUC[PR]: 0.311026
Val	AUC[ROC]: 0.847916	AUC[PR]: 0.076725
Epoch evaluation duration: 174.377169847
Epoch duration: 192.987378836

Epoch 262/1000
Epoch training duration: 19.8581249714
Train	AUC[ROC]: 0.997882	AUC[PR]: 0.313680
Val	AUC[ROC]: 0.847372	AUC[PR]: 0.076423
Epoch evaluation duration: 173.198274136
Epoch duration: 193.056399107

Epoch 263/1000
Epoch training duration: 21.3965799809
Train	AUC[ROC]: 0.997842	AUC[PR]: 0.308355
Val	AUC[ROC]: 0.844983	AUC[PR]: 0.075525
Epoch evaluation duration: 174.296108961
Epoch duration: 195.692688942

Epoch 264/1000
Epoch training duration: 19.084800005
Train	AUC[ROC]: 0.997840	AUC[PR]: 0.305379
Val	AUC[ROC]: 0.849308	AUC[PR]: 0.074928
Epoch evaluation duration: 173.691102982
Epoch duration: 192.775902987

Epoch 265/1000
Epoch training duration: 18.7990911007
Train	AUC[ROC]: 0.997865	AUC[PR]: 0.311222
Val	AUC[ROC]: 0.850394	AUC[PR]: 0.074333
Epoch evaluation duration: 167.961213827
Epoch duration: 186.760304928

Epoch 266/1000
Epoch training duration: 20.0411200523
Train	AUC[ROC]: 0.997822	AUC[PR]: 0.302712
Val	AUC[ROC]: 0.834305	AUC[PR]: 0.071808
Epoch evaluation duration: 176.926324129
Epoch duration: 196.967444181

Epoch 267/1000
Epoch training duration: 20.7886128426
Train	AUC[ROC]: 0.997844	AUC[PR]: 0.307713
Val	AUC[ROC]: 0.843601	AUC[PR]: 0.076061
Epoch evaluation duration: 174.470942974
Epoch duration: 195.259555817

Epoch 268/1000
Epoch training duration: 19.6293570995
Train	AUC[ROC]: 0.997798	AUC[PR]: 0.299631
Val	AUC[ROC]: 0.845287	AUC[PR]: 0.070124
Epoch evaluation duration: 180.621767998
Epoch duration: 200.251125097

Epoch 269/1000
Epoch training duration: 19.2455210686
Train	AUC[ROC]: 0.997833	AUC[PR]: 0.309290
Val	AUC[ROC]: 0.846835	AUC[PR]: 0.079103
Epoch evaluation duration: 171.516824961
Epoch duration: 190.762346029

Epoch 270/1000
Epoch training duration: 19.4027380943
Train	AUC[ROC]: 0.997850	AUC[PR]: 0.308503
Val	AUC[ROC]: 0.852009	AUC[PR]: 0.075252
Epoch evaluation duration: 171.853932858
Epoch duration: 191.256670952

Epoch 271/1000
Epoch training duration: 20.2241809368
Train	AUC[ROC]: 0.997823	AUC[PR]: 0.308338
Val	AUC[ROC]: 0.848945	AUC[PR]: 0.076785
Epoch evaluation duration: 169.167004108
Epoch duration: 189.391185045

Epoch 272/1000
Epoch training duration: 18.5582180023
Train	AUC[ROC]: 0.997837	AUC[PR]: 0.305475
Val	AUC[ROC]: 0.845375	AUC[PR]: 0.078689
Epoch evaluation duration: 170.818548918
Epoch duration: 189.37676692

Epoch 273/1000
Epoch training duration: 20.2685501575
Train	AUC[ROC]: 0.997851	AUC[PR]: 0.309717
Val	AUC[ROC]: 0.849270	AUC[PR]: 0.076598
Epoch evaluation duration: 174.041627884
Epoch duration: 194.310178041

Epoch 274/1000
Epoch training duration: 19.324352026
Train	AUC[ROC]: 0.997862	AUC[PR]: 0.307176
Val	AUC[ROC]: 0.849249	AUC[PR]: 0.073409
Epoch evaluation duration: 178.131839991
Epoch duration: 197.456192017

Epoch 275/1000
Epoch training duration: 21.6106579304
Train	AUC[ROC]: 0.997857	AUC[PR]: 0.310678
Val	AUC[ROC]: 0.851648	AUC[PR]: 0.077544
Epoch evaluation duration: 208.233671188
Epoch duration: 229.844329119

Epoch 276/1000
Epoch training duration: 25.8759498596
Train	AUC[ROC]: 0.997879	AUC[PR]: 0.312622
Val	AUC[ROC]: 0.852841	AUC[PR]: 0.079243
Epoch evaluation duration: 186.359141111
Epoch duration: 212.235090971

Epoch 277/1000
Epoch training duration: 20.7646389008
Train	AUC[ROC]: 0.997859	AUC[PR]: 0.312287
Val	AUC[ROC]: 0.845567	AUC[PR]: 0.077639
Epoch evaluation duration: 149.959430933
Epoch duration: 170.724069834

Epoch 278/1000
Epoch training duration: 18.399900198
Train	AUC[ROC]: 0.997833	AUC[PR]: 0.309085
Val	AUC[ROC]: 0.845179	AUC[PR]: 0.075950
Epoch evaluation duration: 170.913885832
Epoch duration: 189.31378603

Epoch 279/1000
Epoch training duration: 19.2129919529
Train	AUC[ROC]: 0.997880	AUC[PR]: 0.311858
Val	AUC[ROC]: 0.846549	AUC[PR]: 0.077502
Epoch evaluation duration: 170.340209007
Epoch duration: 189.55320096

Epoch 280/1000
Epoch training duration: 18.9721181393
Train	AUC[ROC]: 0.997847	AUC[PR]: 0.310022
Val	AUC[ROC]: 0.845827	AUC[PR]: 0.076455
Epoch evaluation duration: 172.369094849
Epoch duration: 191.341212988

Epoch 281/1000
Epoch training duration: 18.0984201431
Train	AUC[ROC]: 0.997888	AUC[PR]: 0.310092
Val	AUC[ROC]: 0.843470	AUC[PR]: 0.076771
Epoch evaluation duration: 174.335186005
Epoch duration: 192.433606148

Epoch 282/1000
Epoch training duration: 20.4563610554
Train	AUC[ROC]: 0.997895	AUC[PR]: 0.316780
Val	AUC[ROC]: 0.844505	AUC[PR]: 0.080561
Epoch evaluation duration: 176.996841908
Epoch duration: 197.453202963

Epoch 283/1000
Epoch training duration: 20.109030962
Train	AUC[ROC]: 0.997848	AUC[PR]: 0.309352
Val	AUC[ROC]: 0.844703	AUC[PR]: 0.078958
Epoch evaluation duration: 173.601604939
Epoch duration: 193.7106359

Epoch 284/1000
Epoch training duration: 18.9994490147
Train	AUC[ROC]: 0.997823	AUC[PR]: 0.300537
Val	AUC[ROC]: 0.846518	AUC[PR]: 0.075391
Epoch evaluation duration: 178.724193096
Epoch duration: 197.723642111

Epoch 285/1000
Epoch training duration: 19.3914539814
Train	AUC[ROC]: 0.997871	AUC[PR]: 0.303655
Val	AUC[ROC]: 0.849509	AUC[PR]: 0.080865
Epoch evaluation duration: 175.604408979
Epoch duration: 194.995862961

Epoch 286/1000
Epoch training duration: 18.547604084
Train	AUC[ROC]: 0.997904	AUC[PR]: 0.316195
Val	AUC[ROC]: 0.849243	AUC[PR]: 0.079728
Epoch evaluation duration: 177.94204998
Epoch duration: 196.489654064

Epoch 287/1000
Epoch training duration: 20.2134099007
Train	AUC[ROC]: 0.997891	AUC[PR]: 0.309709
Val	AUC[ROC]: 0.844318	AUC[PR]: 0.077772
Epoch evaluation duration: 175.496654987
Epoch duration: 195.710064888

Epoch 288/1000
Epoch training duration: 21.5799720287
Train	AUC[ROC]: 0.997893	AUC[PR]: 0.308195
Val	AUC[ROC]: 0.852336	AUC[PR]: 0.075378
Epoch evaluation duration: 173.830899954
Epoch duration: 195.410871983

Epoch 289/1000
Epoch training duration: 18.7282881737
Train	AUC[ROC]: 0.997928	AUC[PR]: 0.311701
Val	AUC[ROC]: 0.853446	AUC[PR]: 0.078029
Epoch evaluation duration: 171.772501945
Epoch duration: 190.500790119

Epoch 290/1000
Epoch training duration: 19.2651150227
Train	AUC[ROC]: 0.997923	AUC[PR]: 0.313938
Val	AUC[ROC]: 0.845959	AUC[PR]: 0.080816
Epoch evaluation duration: 175.579821825
Epoch duration: 194.844936848

Epoch 291/1000
Epoch training duration: 21.9057841301
Train	AUC[ROC]: 0.997860	AUC[PR]: 0.302409
Val	AUC[ROC]: 0.848117	AUC[PR]: 0.075457
Epoch evaluation duration: 172.577315092
Epoch duration: 194.483099222

Epoch 292/1000
Epoch training duration: 19.9240169525
Train	AUC[ROC]: 0.997903	AUC[PR]: 0.310931
Val	AUC[ROC]: 0.851821	AUC[PR]: 0.078781
Epoch evaluation duration: 171.935184002
Epoch duration: 191.859200954

Epoch 293/1000
Epoch training duration: 19.9426078796
Train	AUC[ROC]: 0.997886	AUC[PR]: 0.310136
Val	AUC[ROC]: 0.850833	AUC[PR]: 0.075171
Epoch evaluation duration: 168.327505112
Epoch duration: 188.270112991

Epoch 294/1000
Epoch training duration: 19.5977339745
Train	AUC[ROC]: 0.997911	AUC[PR]: 0.314136
Val	AUC[ROC]: 0.851249	AUC[PR]: 0.080141
Epoch evaluation duration: 174.295537949
Epoch duration: 193.893271923

Epoch 295/1000
Epoch training duration: 18.7073140144
Train	AUC[ROC]: 0.997899	AUC[PR]: 0.311530
Val	AUC[ROC]: 0.846859	AUC[PR]: 0.076629
Epoch evaluation duration: 170.580603123
Epoch duration: 189.287917137

Epoch 296/1000
Epoch training duration: 19.5291678905
Train	AUC[ROC]: 0.997915	AUC[PR]: 0.313081
Val	AUC[ROC]: 0.849656	AUC[PR]: 0.079672
Epoch evaluation duration: 170.547558069
Epoch duration: 190.07672596

Epoch 297/1000
Epoch training duration: 20.0071008205
Train	AUC[ROC]: 0.997911	AUC[PR]: 0.311475
Val	AUC[ROC]: 0.854038	AUC[PR]: 0.078794
Epoch evaluation duration: 168.253134012
Epoch duration: 188.260234833

Epoch 298/1000
Epoch training duration: 19.2435591221
Train	AUC[ROC]: 0.997967	AUC[PR]: 0.319170
Val	AUC[ROC]: 0.847757	AUC[PR]: 0.081113
Epoch evaluation duration: 170.233061075
Epoch duration: 189.476620197

Epoch 299/1000
Epoch training duration: 20.2752828598
Train	AUC[ROC]: 0.997944	AUC[PR]: 0.315511
Val	AUC[ROC]: 0.848835	AUC[PR]: 0.081515
Epoch evaluation duration: 175.598267078
Epoch duration: 195.873549938

Epoch 300/1000
Epoch training duration: 21.0510759354
Train	AUC[ROC]: 0.997884	AUC[PR]: 0.304409
Val	AUC[ROC]: 0.844932	AUC[PR]: 0.073180
Epoch evaluation duration: 176.255399942
Epoch duration: 197.306475878

Epoch 301/1000
Epoch training duration: 20.7507381439
Train	AUC[ROC]: 0.997954	AUC[PR]: 0.312658
Val	AUC[ROC]: 0.843749	AUC[PR]: 0.080595
Epoch evaluation duration: 173.119051933
Epoch duration: 193.869790077

Epoch 302/1000
Epoch training duration: 20.7578520775
Train	AUC[ROC]: 0.997940	AUC[PR]: 0.313359
Val	AUC[ROC]: 0.841842	AUC[PR]: 0.081042
Epoch evaluation duration: 228.638424873
Epoch duration: 249.396276951

Epoch 303/1000
Epoch training duration: 18.5574851036
Train	AUC[ROC]: 0.997905	AUC[PR]: 0.313022
Val	AUC[ROC]: 0.842865	AUC[PR]: 0.079553
Epoch evaluation duration: 175.260912895
Epoch duration: 193.818397999

Epoch 304/1000
Epoch training duration: 19.9556691647
Train	AUC[ROC]: 0.997906	AUC[PR]: 0.312578
Val	AUC[ROC]: 0.848176	AUC[PR]: 0.078987
Epoch evaluation duration: 172.424816847
Epoch duration: 192.380486012

Epoch 305/1000
Epoch training duration: 20.2652699947
Train	AUC[ROC]: 0.997908	AUC[PR]: 0.309934
Val	AUC[ROC]: 0.844163	AUC[PR]: 0.079553
Epoch evaluation duration: 170.753684044
Epoch duration: 191.018954039

Epoch 306/1000
Epoch training duration: 19.4197220802
Train	AUC[ROC]: 0.997938	AUC[PR]: 0.311254
Val	AUC[ROC]: 0.843458	AUC[PR]: 0.077526
Epoch evaluation duration: 172.903173923
Epoch duration: 192.322896004

Epoch 307/1000
Epoch training duration: 21.9974300861
Train	AUC[ROC]: 0.997917	AUC[PR]: 0.312982
Val	AUC[ROC]: 0.841803	AUC[PR]: 0.078032
Epoch evaluation duration: 171.328841925
Epoch duration: 193.326272011

Epoch 308/1000
Epoch training duration: 18.9817969799
Train	AUC[ROC]: 0.997890	AUC[PR]: 0.310096
Val	AUC[ROC]: 0.850211	AUC[PR]: 0.080408
Epoch evaluation duration: 174.069101095
Epoch duration: 193.050898075

Epoch 309/1000
Epoch training duration: 22.0435378551
Train	AUC[ROC]: 0.997892	AUC[PR]: 0.310812
Val	AUC[ROC]: 0.848562	AUC[PR]: 0.080959
Epoch evaluation duration: 173.147583961
Epoch duration: 195.191121817

Epoch 310/1000
Epoch training duration: 19.6303851604
Train	AUC[ROC]: 0.997863	AUC[PR]: 0.308077
Val	AUC[ROC]: 0.846375	AUC[PR]: 0.081177
Epoch evaluation duration: 176.38396883
Epoch duration: 196.014353991

Epoch 311/1000
Epoch training duration: 19.8266501427
Train	AUC[ROC]: 0.997911	AUC[PR]: 0.311401
Val	AUC[ROC]: 0.847683	AUC[PR]: 0.082204
Epoch evaluation duration: 182.565026999
Epoch duration: 202.391677141

Epoch 312/1000
Epoch training duration: 18.9677278996
Train	AUC[ROC]: 0.997917	AUC[PR]: 0.312211
Val	AUC[ROC]: 0.845313	AUC[PR]: 0.077293
Epoch evaluation duration: 172.54412818
Epoch duration: 191.511856079

Epoch 313/1000
Epoch training duration: 18.5763719082
Train	AUC[ROC]: 0.997936	AUC[PR]: 0.311045
Val	AUC[ROC]: 0.847293	AUC[PR]: 0.078200
Epoch evaluation duration: 178.479305983
Epoch duration: 197.055677891

Epoch 314/1000
Epoch training duration: 19.7284429073
Train	AUC[ROC]: 0.997923	AUC[PR]: 0.310593
Val	AUC[ROC]: 0.848896	AUC[PR]: 0.079467
Epoch evaluation duration: 170.260676146
Epoch duration: 189.989119053

Epoch 315/1000
Epoch training duration: 21.373431921
Train	AUC[ROC]: 0.997945	AUC[PR]: 0.312941
Val	AUC[ROC]: 0.849511	AUC[PR]: 0.082916
Epoch evaluation duration: 178.182977915
Epoch duration: 199.556409836

Epoch 316/1000
Epoch training duration: 19.1991209984
Train	AUC[ROC]: 0.997962	AUC[PR]: 0.309033
Val	AUC[ROC]: 0.847791	AUC[PR]: 0.078112
Epoch evaluation duration: 174.889931202
Epoch duration: 194.0890522

Epoch 317/1000
Epoch training duration: 19.1987268925
Train	AUC[ROC]: 0.997970	AUC[PR]: 0.313929
Val	AUC[ROC]: 0.851471	AUC[PR]: 0.081958
Epoch evaluation duration: 176.205694914
Epoch duration: 195.404421806

Epoch 318/1000
Epoch training duration: 18.2279751301
Train	AUC[ROC]: 0.997960	AUC[PR]: 0.315731
Val	AUC[ROC]: 0.850191	AUC[PR]: 0.082474
Epoch evaluation duration: 173.771768093
Epoch duration: 191.999743223

Epoch 319/1000
Epoch training duration: 19.4847099781
Train	AUC[ROC]: 0.997926	AUC[PR]: 0.308393
Val	AUC[ROC]: 0.847839	AUC[PR]: 0.080758
Epoch evaluation duration: 172.878798962
Epoch duration: 192.36350894

train precision: 0.28064243642
train roc: 0.99689672336
train hit: 306.0 out of 334.0

val precision: 0.0720486007994
val roc: 0.85567406934
val hit: 27.0 out of 55.0

test precision: 0.176002497432
test roc: 0.914494241757
test hit: 33.0 out of 55.0

ratio: 0.02, EF: 34.5454545455,	active: 55.0
ratio: 0.02, NEF: 0.690909090909
ratio: 0.01, EF: 60.0,	active: 55.0
ratio: 0.01, NEF: 0.6
ratio: 0.0015, EF: 169.696969697,	active: 55.0
ratio: 0.0015, NEF: 0.254545454545
ratio: 0.001, EF: 200.0,	active: 55.0
ratio: 0.001, NEF: 0.261904761905

