label_name_list  [u'PriA-SSB AS Activity', u'PriA-SSB AS % inhibition (Primary Median)']
train files  ['../datasets/keck_pria/fold_2.csv' '../datasets/keck_pria/fold_3.csv'
 '../datasets/keck_pria/fold_4.csv' '../datasets/keck_pria/fold_5.csv'
 '../datasets/keck_pria/fold_6.csv' '../datasets/keck_pria/fold_7.csv']
val files  ['../datasets/keck_pria/fold_0.csv']
test files  ['../datasets/keck_pria/fold_1.csv']
done data preparation
Sample Weight	 [2.84874444e+04 4.27311667e+04 2.05109600e+03 ... 2.10861913e+01
 2.10861913e+01 2.09210118e+01]
Epoch 1/200
Epoch training duration: 11.3122389317
Train	AUC[ROC]: 0.855822	AUC[PR]: 0.031972
Val	AUC[ROC]: 0.814877	AUC[PR]: 0.027560
Epoch evaluation duration: 82.8841669559
Epoch duration: 94.1964058876

Epoch 2/200
Epoch training duration: 10.4443049431
Train	AUC[ROC]: 0.859650	AUC[PR]: 0.035419
Val	AUC[ROC]: 0.819038	AUC[PR]: 0.031122
Epoch evaluation duration: 86.912209034
Epoch duration: 97.3565139771

Epoch 3/200
Epoch training duration: 12.3572161198
Train	AUC[ROC]: 0.873634	AUC[PR]: 0.047251
Val	AUC[ROC]: 0.829234	AUC[PR]: 0.041141
Epoch evaluation duration: 88.4398930073
Epoch duration: 100.797109127

Epoch 4/200
Epoch training duration: 11.8018519878
Train	AUC[ROC]: 0.889008	AUC[PR]: 0.051728
Val	AUC[ROC]: 0.841300	AUC[PR]: 0.047037
Epoch evaluation duration: 85.7918739319
Epoch duration: 97.5937259197

Epoch 5/200
Epoch training duration: 13.098156929
Train	AUC[ROC]: 0.902190	AUC[PR]: 0.049463
Val	AUC[ROC]: 0.852212	AUC[PR]: 0.042460
Epoch evaluation duration: 90.4908490181
Epoch duration: 103.589005947

Epoch 6/200
Epoch training duration: 12.0996170044
Train	AUC[ROC]: 0.924631	AUC[PR]: 0.074805
Val	AUC[ROC]: 0.869862	AUC[PR]: 0.060592
Epoch evaluation duration: 85.2956171036
Epoch duration: 97.395234108

Epoch 7/200
Epoch training duration: 13.4640169144
Train	AUC[ROC]: 0.933152	AUC[PR]: 0.074236
Val	AUC[ROC]: 0.876406	AUC[PR]: 0.065292
Epoch evaluation duration: 86.0728490353
Epoch duration: 99.5368659496

Epoch 8/200
Epoch training duration: 13.0263359547
Train	AUC[ROC]: 0.944478	AUC[PR]: 0.095015
Val	AUC[ROC]: 0.881084	AUC[PR]: 0.077340
Epoch evaluation duration: 85.7869400978
Epoch duration: 98.8132760525

Epoch 9/200
Epoch training duration: 12.9013240337
Train	AUC[ROC]: 0.953793	AUC[PR]: 0.093991
Val	AUC[ROC]: 0.897396	AUC[PR]: 0.064049
Epoch evaluation duration: 83.9639098644
Epoch duration: 96.8652338982

Epoch 10/200
Epoch training duration: 11.5319240093
Train	AUC[ROC]: 0.963314	AUC[PR]: 0.123478
Val	AUC[ROC]: 0.899447	AUC[PR]: 0.074465
Epoch evaluation duration: 86.7555000782
Epoch duration: 98.2874240875

Epoch 11/200
Epoch training duration: 12.2073669434
Train	AUC[ROC]: 0.968712	AUC[PR]: 0.125147
Val	AUC[ROC]: 0.905315	AUC[PR]: 0.084524
Epoch evaluation duration: 89.8117699623
Epoch duration: 102.019136906

Epoch 12/200
Epoch training duration: 13.8112580776
Train	AUC[ROC]: 0.973074	AUC[PR]: 0.140044
Val	AUC[ROC]: 0.906409	AUC[PR]: 0.095260
Epoch evaluation duration: 85.4841279984
Epoch duration: 99.295386076

Epoch 13/200
Epoch training duration: 12.3794050217
Train	AUC[ROC]: 0.979810	AUC[PR]: 0.172474
Val	AUC[ROC]: 0.919618	AUC[PR]: 0.100003
Epoch evaluation duration: 88.1670658588
Epoch duration: 100.546470881

Epoch 14/200
Epoch training duration: 11.5855071545
Train	AUC[ROC]: 0.982183	AUC[PR]: 0.164855
Val	AUC[ROC]: 0.917277	AUC[PR]: 0.093935
Epoch evaluation duration: 89.2611939907
Epoch duration: 100.846701145

Epoch 15/200
Epoch training duration: 8.42280197144
Train	AUC[ROC]: 0.983496	AUC[PR]: 0.171898
Val	AUC[ROC]: 0.915479	AUC[PR]: 0.096855
Epoch evaluation duration: 76.2354080677
Epoch duration: 84.6582100391

Epoch 16/200
Epoch training duration: 10.7340838909
Train	AUC[ROC]: 0.986456	AUC[PR]: 0.176353
Val	AUC[ROC]: 0.919637	AUC[PR]: 0.095613
Epoch evaluation duration: 77.5207309723
Epoch duration: 88.2548148632

Epoch 17/200
Epoch training duration: 10.8452889919
Train	AUC[ROC]: 0.987434	AUC[PR]: 0.177045
Val	AUC[ROC]: 0.924690	AUC[PR]: 0.088521
Epoch evaluation duration: 77.9808809757
Epoch duration: 88.8261699677

Epoch 18/200
Epoch training duration: 11.5184731483
Train	AUC[ROC]: 0.988126	AUC[PR]: 0.181539
Val	AUC[ROC]: 0.932456	AUC[PR]: 0.106648
Epoch evaluation duration: 81.1202838421
Epoch duration: 92.6387569904

Epoch 19/200
Epoch training duration: 11.0686271191
Train	AUC[ROC]: 0.989585	AUC[PR]: 0.189238
Val	AUC[ROC]: 0.923507	AUC[PR]: 0.091996
Epoch evaluation duration: 78.0810899734
Epoch duration: 89.1497170925

Epoch 20/200
Epoch training duration: 10.7760770321
Train	AUC[ROC]: 0.991056	AUC[PR]: 0.207643
Val	AUC[ROC]: 0.936311	AUC[PR]: 0.123897
Epoch evaluation duration: 78.7499039173
Epoch duration: 89.5259809494

Epoch 21/200
Epoch training duration: 10.214728117
Train	AUC[ROC]: 0.991345	AUC[PR]: 0.191350
Val	AUC[ROC]: 0.932246	AUC[PR]: 0.100469
Epoch evaluation duration: 75.9786508083
Epoch duration: 86.1933789253

Epoch 22/200
Epoch training duration: 10.9872460365
Train	AUC[ROC]: 0.992308	AUC[PR]: 0.209000
Val	AUC[ROC]: 0.935540	AUC[PR]: 0.110127
Epoch evaluation duration: 77.7566730976
Epoch duration: 88.7439191341

Epoch 23/200
Epoch training duration: 11.0692689419
Train	AUC[ROC]: 0.992938	AUC[PR]: 0.210793
Val	AUC[ROC]: 0.935600	AUC[PR]: 0.120036
Epoch evaluation duration: 80.410255909
Epoch duration: 91.4795248508

Epoch 24/200
Epoch training duration: 10.3010032177
Train	AUC[ROC]: 0.993420	AUC[PR]: 0.215106
Val	AUC[ROC]: 0.938153	AUC[PR]: 0.126359
Epoch evaluation duration: 78.8265500069
Epoch duration: 89.1275532246

Epoch 25/200
Epoch training duration: 10.3944919109
Train	AUC[ROC]: 0.993531	AUC[PR]: 0.213892
Val	AUC[ROC]: 0.938490	AUC[PR]: 0.112868
Epoch evaluation duration: 81.8945930004
Epoch duration: 92.2890849113

Epoch 26/200
Epoch training duration: 10.3869180679
Train	AUC[ROC]: 0.993991	AUC[PR]: 0.215484
Val	AUC[ROC]: 0.943339	AUC[PR]: 0.102611
Epoch evaluation duration: 75.4964468479
Epoch duration: 85.8833649158

Epoch 27/200
Epoch training duration: 11.0528790951
Train	AUC[ROC]: 0.994437	AUC[PR]: 0.221769
Val	AUC[ROC]: 0.942598	AUC[PR]: 0.118280
Epoch evaluation duration: 79.3838980198
Epoch duration: 90.4367771149

Epoch 28/200
Epoch training duration: 10.3186528683
Train	AUC[ROC]: 0.994174	AUC[PR]: 0.217136
Val	AUC[ROC]: 0.939808	AUC[PR]: 0.102876
Epoch evaluation duration: 77.6584701538
Epoch duration: 87.9771230221

Epoch 29/200
Epoch training duration: 10.6704528332
Train	AUC[ROC]: 0.994463	AUC[PR]: 0.217711
Val	AUC[ROC]: 0.941072	AUC[PR]: 0.110306
Epoch evaluation duration: 78.5267820358
Epoch duration: 89.197234869

Epoch 30/200
Epoch training duration: 10.6374161243
Train	AUC[ROC]: 0.994795	AUC[PR]: 0.232594
Val	AUC[ROC]: 0.945857	AUC[PR]: 0.125629
Epoch evaluation duration: 77.6827168465
Epoch duration: 88.3201329708

Epoch 31/200
Epoch training duration: 11.6391639709
Train	AUC[ROC]: 0.995308	AUC[PR]: 0.242327
Val	AUC[ROC]: 0.947611	AUC[PR]: 0.128068
Epoch evaluation duration: 76.4177942276
Epoch duration: 88.0569581985

Epoch 32/200
Epoch training duration: 10.4111778736
Train	AUC[ROC]: 0.995580	AUC[PR]: 0.234928
Val	AUC[ROC]: 0.943178	AUC[PR]: 0.122923
Epoch evaluation duration: 78.5224180222
Epoch duration: 88.9335958958

Epoch 33/200
Epoch training duration: 10.7765250206
Train	AUC[ROC]: 0.995363	AUC[PR]: 0.237837
Val	AUC[ROC]: 0.946142	AUC[PR]: 0.121195
Epoch evaluation duration: 78.9130308628
Epoch duration: 89.6895558834

Epoch 34/200
Epoch training duration: 10.7540872097
Train	AUC[ROC]: 0.995125	AUC[PR]: 0.228008
Val	AUC[ROC]: 0.944627	AUC[PR]: 0.098548
Epoch evaluation duration: 77.4844069481
Epoch duration: 88.2384941578

Epoch 35/200
Epoch training duration: 10.9204380512
Train	AUC[ROC]: 0.995383	AUC[PR]: 0.233288
Val	AUC[ROC]: 0.944650	AUC[PR]: 0.120250
Epoch evaluation duration: 76.3266558647
Epoch duration: 87.2470939159

Epoch 36/200
Epoch training duration: 10.5669920444
Train	AUC[ROC]: 0.995402	AUC[PR]: 0.227637
Val	AUC[ROC]: 0.946134	AUC[PR]: 0.098268
Epoch evaluation duration: 78.7749669552
Epoch duration: 89.3419589996

Epoch 37/200
Epoch training duration: 10.4172289371
Train	AUC[ROC]: 0.995904	AUC[PR]: 0.250161
Val	AUC[ROC]: 0.952643	AUC[PR]: 0.143302
Epoch evaluation duration: 78.2664539814
Epoch duration: 88.6836829185

Epoch 38/200
Epoch training duration: 11.2677640915
Train	AUC[ROC]: 0.995820	AUC[PR]: 0.235147
Val	AUC[ROC]: 0.946157	AUC[PR]: 0.118060
Epoch evaluation duration: 76.0068349838
Epoch duration: 87.2745990753

Epoch 39/200
Epoch training duration: 11.6789009571
Train	AUC[ROC]: 0.995681	AUC[PR]: 0.224825
Val	AUC[ROC]: 0.953222	AUC[PR]: 0.099690
Epoch evaluation duration: 76.8072919846
Epoch duration: 88.4861929417

Epoch 40/200
Epoch training duration: 12.3057940006
Train	AUC[ROC]: 0.995940	AUC[PR]: 0.242336
Val	AUC[ROC]: 0.950391	AUC[PR]: 0.125348
Epoch evaluation duration: 77.8224170208
Epoch duration: 90.1282110214

Epoch 41/200
Epoch training duration: 11.9642341137
Train	AUC[ROC]: 0.995917	AUC[PR]: 0.239181
Val	AUC[ROC]: 0.949511	AUC[PR]: 0.109705
Epoch evaluation duration: 78.6935369968
Epoch duration: 90.6577711105

Epoch 42/200
Epoch training duration: 10.5026528835
Train	AUC[ROC]: 0.995936	AUC[PR]: 0.228363
Val	AUC[ROC]: 0.948943	AUC[PR]: 0.098768
Epoch evaluation duration: 80.7162101269
Epoch duration: 91.2188630104

Epoch 43/200
Epoch training duration: 10.3130919933
Train	AUC[ROC]: 0.996301	AUC[PR]: 0.236572
Val	AUC[ROC]: 0.955757	AUC[PR]: 0.104108
Epoch evaluation duration: 80.2908799648
Epoch duration: 90.6039719582

Epoch 44/200
Epoch training duration: 11.6092629433
Train	AUC[ROC]: 0.996189	AUC[PR]: 0.238825
Val	AUC[ROC]: 0.949442	AUC[PR]: 0.125569
Epoch evaluation duration: 76.1985919476
Epoch duration: 87.8078548908

Epoch 45/200
Epoch training duration: 10.5747151375
Train	AUC[ROC]: 0.996397	AUC[PR]: 0.245779
Val	AUC[ROC]: 0.949918	AUC[PR]: 0.111672
Epoch evaluation duration: 78.5738639832
Epoch duration: 89.1485791206

Epoch 46/200
Epoch training duration: 11.4760189056
Train	AUC[ROC]: 0.996492	AUC[PR]: 0.258133
Val	AUC[ROC]: 0.948736	AUC[PR]: 0.124658
Epoch evaluation duration: 79.801607132
Epoch duration: 91.2776260376

Epoch 47/200
Epoch training duration: 11.3707389832
Train	AUC[ROC]: 0.996449	AUC[PR]: 0.252601
Val	AUC[ROC]: 0.949691	AUC[PR]: 0.132090
Epoch evaluation duration: 81.2535910606
Epoch duration: 92.6243300438

Epoch 48/200
Epoch training duration: 11.3171799183
Train	AUC[ROC]: 0.996523	AUC[PR]: 0.248935
Val	AUC[ROC]: 0.954556	AUC[PR]: 0.110484
Epoch evaluation duration: 77.1044559479
Epoch duration: 88.4216358662

Epoch 49/200
Epoch training duration: 10.6613891125
Train	AUC[ROC]: 0.996658	AUC[PR]: 0.252685
Val	AUC[ROC]: 0.953764	AUC[PR]: 0.121900
Epoch evaluation duration: 78.0341179371
Epoch duration: 88.6955070496

Epoch 50/200
Epoch training duration: 10.6999130249
Train	AUC[ROC]: 0.996704	AUC[PR]: 0.258923
Val	AUC[ROC]: 0.948230	AUC[PR]: 0.141918
Epoch evaluation duration: 78.2542760372
Epoch duration: 88.9541890621

Epoch 51/200
Epoch training duration: 10.684887886
Train	AUC[ROC]: 0.996453	AUC[PR]: 0.246973
Val	AUC[ROC]: 0.948282	AUC[PR]: 0.113167
Epoch evaluation duration: 77.8838739395
Epoch duration: 88.5687618256

Epoch 52/200
Epoch training duration: 11.171033144
Train	AUC[ROC]: 0.996453	AUC[PR]: 0.250152
Val	AUC[ROC]: 0.952403	AUC[PR]: 0.140858
Epoch evaluation duration: 77.5974628925
Epoch duration: 88.7684960365

Epoch 53/200
Epoch training duration: 11.0440499783
Train	AUC[ROC]: 0.996634	AUC[PR]: 0.248837
Val	AUC[ROC]: 0.951248	AUC[PR]: 0.118684
Epoch evaluation duration: 78.6898992062
Epoch duration: 89.7339491844

Epoch 54/200
Epoch training duration: 12.6541218758
Train	AUC[ROC]: 0.996836	AUC[PR]: 0.257637
Val	AUC[ROC]: 0.955902	AUC[PR]: 0.137365
Epoch evaluation duration: 78.9664258957
Epoch duration: 91.6205477715

Epoch 55/200
Epoch training duration: 11.3082911968
Train	AUC[ROC]: 0.996465	AUC[PR]: 0.258139
Val	AUC[ROC]: 0.950610	AUC[PR]: 0.120098
Epoch evaluation duration: 77.9644470215
Epoch duration: 89.2727382183

Epoch 56/200
Epoch training duration: 11.6080839634
Train	AUC[ROC]: 0.996641	AUC[PR]: 0.239389
Val	AUC[ROC]: 0.959686	AUC[PR]: 0.113860
Epoch evaluation duration: 79.058975935
Epoch duration: 90.6670598984

Epoch 57/200
Epoch training duration: 11.579969883
Train	AUC[ROC]: 0.996862	AUC[PR]: 0.257887
Val	AUC[ROC]: 0.947873	AUC[PR]: 0.151034
Epoch evaluation duration: 78.9340281487
Epoch duration: 90.5139980316

Epoch 58/200
Epoch training duration: 10.8391358852
Train	AUC[ROC]: 0.996939	AUC[PR]: 0.259111
Val	AUC[ROC]: 0.958392	AUC[PR]: 0.122657
Epoch evaluation duration: 78.5563700199
Epoch duration: 89.3955059052

Epoch 59/200
Epoch training duration: 11.1273961067
Train	AUC[ROC]: 0.996861	AUC[PR]: 0.253481
Val	AUC[ROC]: 0.951246	AUC[PR]: 0.122627
Epoch evaluation duration: 79.3566980362
Epoch duration: 90.4840941429

Epoch 60/200
Epoch training duration: 10.9333460331
Train	AUC[ROC]: 0.996993	AUC[PR]: 0.264745
Val	AUC[ROC]: 0.953180	AUC[PR]: 0.136280
Epoch evaluation duration: 78.3784868717
Epoch duration: 89.3118329048

Epoch 61/200
Epoch training duration: 10.4509189129
Train	AUC[ROC]: 0.996913	AUC[PR]: 0.264036
Val	AUC[ROC]: 0.954444	AUC[PR]: 0.138577
Epoch evaluation duration: 76.9176001549
Epoch duration: 87.3685190678

Epoch 62/200
Epoch training duration: 11.1101469994
Train	AUC[ROC]: 0.996894	AUC[PR]: 0.239576
Val	AUC[ROC]: 0.954102	AUC[PR]: 0.104983
Epoch evaluation duration: 77.9508149624
Epoch duration: 89.0609619617

Epoch 63/200
Epoch training duration: 10.9019649029
Train	AUC[ROC]: 0.996742	AUC[PR]: 0.251143
Val	AUC[ROC]: 0.949573	AUC[PR]: 0.121491
Epoch evaluation duration: 78.2669579983
Epoch duration: 89.1689229012

Epoch 64/200
Epoch training duration: 11.0118510723
Train	AUC[ROC]: 0.997001	AUC[PR]: 0.256702
Val	AUC[ROC]: 0.955400	AUC[PR]: 0.122456
Epoch evaluation duration: 83.9566700459
Epoch duration: 94.9685211182

Epoch 65/200
Epoch training duration: 11.1001439095
Train	AUC[ROC]: 0.996902	AUC[PR]: 0.257408
Val	AUC[ROC]: 0.951290	AUC[PR]: 0.125779
Epoch evaluation duration: 78.0866210461
Epoch duration: 89.1867649555

Epoch 66/200
Epoch training duration: 11.0338909626
Train	AUC[ROC]: 0.997097	AUC[PR]: 0.260459
Val	AUC[ROC]: 0.954452	AUC[PR]: 0.124819
Epoch evaluation duration: 76.6793849468
Epoch duration: 87.7132759094

Epoch 67/200
Epoch training duration: 11.2604641914
Train	AUC[ROC]: 0.997046	AUC[PR]: 0.257773
Val	AUC[ROC]: 0.955022	AUC[PR]: 0.113097
Epoch evaluation duration: 78.6172199249
Epoch duration: 89.8776841164

Epoch 68/200
Epoch training duration: 11.5129880905
Train	AUC[ROC]: 0.997134	AUC[PR]: 0.268223
Val	AUC[ROC]: 0.950305	AUC[PR]: 0.128807
Epoch evaluation duration: 78.4824118614
Epoch duration: 89.9953999519

Epoch 69/200
Epoch training duration: 10.3849539757
Train	AUC[ROC]: 0.997072	AUC[PR]: 0.258068
Val	AUC[ROC]: 0.949425	AUC[PR]: 0.125375
Epoch evaluation duration: 77.3131051064
Epoch duration: 87.698059082

Epoch 70/200
Epoch training duration: 11.207597971
Train	AUC[ROC]: 0.997055	AUC[PR]: 0.260094
Val	AUC[ROC]: 0.951134	AUC[PR]: 0.115460
Epoch evaluation duration: 77.3896689415
Epoch duration: 88.5972669125

Epoch 71/200
Epoch training duration: 11.6761529446
Train	AUC[ROC]: 0.997161	AUC[PR]: 0.268689
Val	AUC[ROC]: 0.948862	AUC[PR]: 0.141639
Epoch evaluation duration: 78.1844701767
Epoch duration: 89.8606231213

Epoch 72/200
Epoch training duration: 10.9358170033
Train	AUC[ROC]: 0.997151	AUC[PR]: 0.258324
Val	AUC[ROC]: 0.955413	AUC[PR]: 0.116807
Epoch evaluation duration: 76.7662088871
Epoch duration: 87.7020258904

Epoch 73/200
Epoch training duration: 10.1630740166
Train	AUC[ROC]: 0.997161	AUC[PR]: 0.262605
Val	AUC[ROC]: 0.951037	AUC[PR]: 0.137385
Epoch evaluation duration: 79.0019180775
Epoch duration: 89.164992094

Epoch 74/200
Epoch training duration: 11.3831539154
Train	AUC[ROC]: 0.997207	AUC[PR]: 0.260929
Val	AUC[ROC]: 0.959975	AUC[PR]: 0.115004
Epoch evaluation duration: 78.8205559254
Epoch duration: 90.2037098408

Epoch 75/200
Epoch training duration: 10.7946150303
Train	AUC[ROC]: 0.997232	AUC[PR]: 0.264657
Val	AUC[ROC]: 0.951635	AUC[PR]: 0.138180
Epoch evaluation duration: 76.5819871426
Epoch duration: 87.3766021729

Epoch 76/200
Epoch training duration: 10.1241998672
Train	AUC[ROC]: 0.997266	AUC[PR]: 0.266059
Val	AUC[ROC]: 0.961200	AUC[PR]: 0.135058
Epoch evaluation duration: 75.8381409645
Epoch duration: 85.9623408318

Epoch 77/200
Epoch training duration: 10.9074940681
Train	AUC[ROC]: 0.997212	AUC[PR]: 0.266028
Val	AUC[ROC]: 0.948193	AUC[PR]: 0.140075
Epoch evaluation duration: 75.3547611237
Epoch duration: 86.2622551918

Epoch 78/200
Epoch training duration: 12.0538249016
Train	AUC[ROC]: 0.997186	AUC[PR]: 0.264508
Val	AUC[ROC]: 0.958823	AUC[PR]: 0.122769
Epoch evaluation duration: 76.9514980316
Epoch duration: 89.0053229332

Epoch 79/200
Epoch training duration: 10.8014309406
Train	AUC[ROC]: 0.997215	AUC[PR]: 0.256408
Val	AUC[ROC]: 0.951584	AUC[PR]: 0.126724
Epoch evaluation duration: 77.1017501354
Epoch duration: 87.903181076

Epoch 80/200
Epoch training duration: 10.9381608963
Train	AUC[ROC]: 0.997285	AUC[PR]: 0.270496
Val	AUC[ROC]: 0.954378	AUC[PR]: 0.129418
Epoch evaluation duration: 76.9189178944
Epoch duration: 87.8570787907

Epoch 81/200
Epoch training duration: 10.4932920933
Train	AUC[ROC]: 0.997341	AUC[PR]: 0.270342
Val	AUC[ROC]: 0.953570	AUC[PR]: 0.133539
Epoch evaluation duration: 77.2571370602
Epoch duration: 87.7504291534

Epoch 82/200
Epoch training duration: 10.6665158272
Train	AUC[ROC]: 0.997293	AUC[PR]: 0.263485
Val	AUC[ROC]: 0.951468	AUC[PR]: 0.115849
Epoch evaluation duration: 78.9062252045
Epoch duration: 89.5727410316

Epoch 83/200
Epoch training duration: 10.7949149609
Train	AUC[ROC]: 0.997283	AUC[PR]: 0.267896
Val	AUC[ROC]: 0.953338	AUC[PR]: 0.128214
Epoch evaluation duration: 79.7248728275
Epoch duration: 90.5197877884

Epoch 84/200
Epoch training duration: 10.8039851189
Train	AUC[ROC]: 0.997266	AUC[PR]: 0.259067
Val	AUC[ROC]: 0.952714	AUC[PR]: 0.126189
Epoch evaluation duration: 77.1079859734
Epoch duration: 87.9119710922

Epoch 85/200
Epoch training duration: 10.8047909737
Train	AUC[ROC]: 0.997254	AUC[PR]: 0.258487
Val	AUC[ROC]: 0.951970	AUC[PR]: 0.122258
Epoch evaluation duration: 78.443554163
Epoch duration: 89.2483451366

Epoch 86/200
Epoch training duration: 10.4246349335
Train	AUC[ROC]: 0.997239	AUC[PR]: 0.263505
Val	AUC[ROC]: 0.959790	AUC[PR]: 0.126323
Epoch evaluation duration: 76.4960758686
Epoch duration: 86.9207108021

Epoch 87/200
Epoch training duration: 10.5690691471
Train	AUC[ROC]: 0.997319	AUC[PR]: 0.262307
Val	AUC[ROC]: 0.950006	AUC[PR]: 0.130882
Epoch evaluation duration: 77.8631238937
Epoch duration: 88.4321930408

Epoch 88/200
Epoch training duration: 10.7455749512
Train	AUC[ROC]: 0.997358	AUC[PR]: 0.271542
Val	AUC[ROC]: 0.957436	AUC[PR]: 0.127080
Epoch evaluation duration: 76.9217991829
Epoch duration: 87.6673741341

Epoch 89/200
Epoch training duration: 11.3973197937
Train	AUC[ROC]: 0.997464	AUC[PR]: 0.272787
Val	AUC[ROC]: 0.953368	AUC[PR]: 0.135795
Epoch evaluation duration: 78.2857861519
Epoch duration: 89.6831059456

Epoch 90/200
Epoch training duration: 10.8856639862
Train	AUC[ROC]: 0.997424	AUC[PR]: 0.275205
Val	AUC[ROC]: 0.956621	AUC[PR]: 0.138350
Epoch evaluation duration: 76.8014419079
Epoch duration: 87.6871058941

Epoch 91/200
Epoch training duration: 11.2645270824
Train	AUC[ROC]: 0.997362	AUC[PR]: 0.265189
Val	AUC[ROC]: 0.951901	AUC[PR]: 0.125045
Epoch evaluation duration: 76.6410660744
Epoch duration: 87.9055931568

Epoch 92/200
Epoch training duration: 11.0856678486
Train	AUC[ROC]: 0.997374	AUC[PR]: 0.269787
Val	AUC[ROC]: 0.956778	AUC[PR]: 0.140294
Epoch evaluation duration: 77.0601191521
Epoch duration: 88.1457870007

Epoch 93/200
Epoch training duration: 11.0643928051
Train	AUC[ROC]: 0.997352	AUC[PR]: 0.255072
Val	AUC[ROC]: 0.949830	AUC[PR]: 0.120573
Epoch evaluation duration: 79.2028331757
Epoch duration: 90.2672259808

Epoch 94/200
Epoch training duration: 11.1097860336
Train	AUC[ROC]: 0.997420	AUC[PR]: 0.274535
Val	AUC[ROC]: 0.960476	AUC[PR]: 0.136511
Epoch evaluation duration: 76.1314599514
Epoch duration: 87.241245985

Epoch 95/200
Epoch training duration: 11.1129858494
Train	AUC[ROC]: 0.997444	AUC[PR]: 0.269472
Val	AUC[ROC]: 0.952096	AUC[PR]: 0.134269
Epoch evaluation duration: 76.6156771183
Epoch duration: 87.7286629677

Epoch 96/200
Epoch training duration: 10.8924078941
Train	AUC[ROC]: 0.997453	AUC[PR]: 0.275943
Val	AUC[ROC]: 0.956031	AUC[PR]: 0.134188
Epoch evaluation duration: 82.9213881493
Epoch duration: 93.8137960434

Epoch 97/200
Epoch training duration: 11.410284996
Train	AUC[ROC]: 0.997455	AUC[PR]: 0.270581
Val	AUC[ROC]: 0.951767	AUC[PR]: 0.133161
Epoch evaluation duration: 77.7028169632
Epoch duration: 89.1131019592

Epoch 98/200
Epoch training duration: 11.2303009033
Train	AUC[ROC]: 0.997499	AUC[PR]: 0.271716
Val	AUC[ROC]: 0.952944	AUC[PR]: 0.134788
Epoch evaluation duration: 75.4845640659
Epoch duration: 86.7148649693

Epoch 99/200
Epoch training duration: 10.5397949219
Train	AUC[ROC]: 0.997554	AUC[PR]: 0.273487
Val	AUC[ROC]: 0.954569	AUC[PR]: 0.127303
Epoch evaluation duration: 77.9745180607
Epoch duration: 88.5143129826

Epoch 100/200
Epoch training duration: 10.8791539669
Train	AUC[ROC]: 0.997440	AUC[PR]: 0.266452
Val	AUC[ROC]: 0.955579	AUC[PR]: 0.128433
Epoch evaluation duration: 79.6537771225
Epoch duration: 90.5329310894

Epoch 101/200
Epoch training duration: 10.6046259403
Train	AUC[ROC]: 0.997570	AUC[PR]: 0.285402
Val	AUC[ROC]: 0.951626	AUC[PR]: 0.151746
Epoch evaluation duration: 79.5580899715
Epoch duration: 90.1627159119

Epoch 102/200
Epoch training duration: 10.7064099312
Train	AUC[ROC]: 0.997422	AUC[PR]: 0.257742
Val	AUC[ROC]: 0.951359	AUC[PR]: 0.115338
Epoch evaluation duration: 75.7131791115
Epoch duration: 86.4195890427

Epoch 103/200
Epoch training duration: 11.135933876
Train	AUC[ROC]: 0.997474	AUC[PR]: 0.271054
Val	AUC[ROC]: 0.959764	AUC[PR]: 0.139103
Epoch evaluation duration: 77.6822481155
Epoch duration: 88.8181819916

Epoch 104/200
Epoch training duration: 11.2029728889
Train	AUC[ROC]: 0.997436	AUC[PR]: 0.268214
Val	AUC[ROC]: 0.954493	AUC[PR]: 0.138261
Epoch evaluation duration: 76.5851531029
Epoch duration: 87.7881259918

Epoch 105/200
Epoch training duration: 10.9921739101
Train	AUC[ROC]: 0.997503	AUC[PR]: 0.269124
Val	AUC[ROC]: 0.960553	AUC[PR]: 0.129447
Epoch evaluation duration: 79.6261360645
Epoch duration: 90.6183099747

Epoch 106/200
Epoch training duration: 10.8366971016
Train	AUC[ROC]: 0.997464	AUC[PR]: 0.264081
Val	AUC[ROC]: 0.951970	AUC[PR]: 0.139381
Epoch evaluation duration: 78.2749099731
Epoch duration: 89.1116070747

Epoch 107/200
Epoch training duration: 11.4519209862
Train	AUC[ROC]: 0.997468	AUC[PR]: 0.273679
Val	AUC[ROC]: 0.954451	AUC[PR]: 0.136486
Epoch evaluation duration: 77.6438350677
Epoch duration: 89.0957560539

Epoch 108/200
Epoch training duration: 10.8437838554
Train	AUC[ROC]: 0.997391	AUC[PR]: 0.255072
Val	AUC[ROC]: 0.955552	AUC[PR]: 0.117098
Epoch evaluation duration: 78.2065639496
Epoch duration: 89.050347805

Epoch 109/200
Epoch training duration: 10.5261440277
Train	AUC[ROC]: 0.997463	AUC[PR]: 0.268795
Val	AUC[ROC]: 0.956834	AUC[PR]: 0.126164
Epoch evaluation duration: 77.8249621391
Epoch duration: 88.3511061668

Epoch 110/200
Epoch training duration: 10.4678099155
Train	AUC[ROC]: 0.997500	AUC[PR]: 0.274063
Val	AUC[ROC]: 0.950974	AUC[PR]: 0.137452
Epoch evaluation duration: 79.6448318958
Epoch duration: 90.1126418114

Epoch 111/200
Epoch training duration: 10.5327341557
Train	AUC[ROC]: 0.997505	AUC[PR]: 0.264573
Val	AUC[ROC]: 0.953096	AUC[PR]: 0.122076
Epoch evaluation duration: 75.3618988991
Epoch duration: 85.8946330547

Epoch 112/200
Epoch training duration: 12.6362240314
Train	AUC[ROC]: 0.997491	AUC[PR]: 0.265053
Val	AUC[ROC]: 0.958440	AUC[PR]: 0.129490
Epoch evaluation duration: 76.5255610943
Epoch duration: 89.1617851257

Epoch 113/200
Epoch training duration: 10.7105870247
Train	AUC[ROC]: 0.997473	AUC[PR]: 0.271726
Val	AUC[ROC]: 0.951734	AUC[PR]: 0.125048
Epoch evaluation duration: 77.6083679199
Epoch duration: 88.3189549446

Epoch 114/200
Epoch training duration: 10.5402829647
Train	AUC[ROC]: 0.997586	AUC[PR]: 0.274402
Val	AUC[ROC]: 0.955835	AUC[PR]: 0.135890
Epoch evaluation duration: 79.688847065
Epoch duration: 90.2291300297

Epoch 115/200
Epoch training duration: 10.8811860085
Train	AUC[ROC]: 0.997485	AUC[PR]: 0.269337
Val	AUC[ROC]: 0.955313	AUC[PR]: 0.125612
Epoch evaluation duration: 76.1100189686
Epoch duration: 86.991204977

Epoch 116/200
Epoch training duration: 11.3730020523
Train	AUC[ROC]: 0.997599	AUC[PR]: 0.279296
Val	AUC[ROC]: 0.952950	AUC[PR]: 0.141268
Epoch evaluation duration: 76.3974268436
Epoch duration: 87.770428896

Epoch 117/200
Epoch training duration: 10.6957540512
Train	AUC[ROC]: 0.997452	AUC[PR]: 0.272564
Val	AUC[ROC]: 0.954274	AUC[PR]: 0.123211
Epoch evaluation duration: 78.7152090073
Epoch duration: 89.4109630585

Epoch 118/200
Epoch training duration: 10.683259964
Train	AUC[ROC]: 0.997542	AUC[PR]: 0.275467
Val	AUC[ROC]: 0.954373	AUC[PR]: 0.128453
Epoch evaluation duration: 77.9730911255
Epoch duration: 88.6563510895

Epoch 119/200
Epoch training duration: 10.9552030563
Train	AUC[ROC]: 0.997552	AUC[PR]: 0.277431
Val	AUC[ROC]: 0.947528	AUC[PR]: 0.142934
Epoch evaluation duration: 76.1557798386
Epoch duration: 87.1109828949

Epoch 120/200
Epoch training duration: 11.7961471081
Train	AUC[ROC]: 0.997626	AUC[PR]: 0.277917
Val	AUC[ROC]: 0.957052	AUC[PR]: 0.141014
Epoch evaluation duration: 75.9349899292
Epoch duration: 87.7311370373

Epoch 121/200
Epoch training duration: 11.4251959324
Train	AUC[ROC]: 0.997578	AUC[PR]: 0.275284
Val	AUC[ROC]: 0.951824	AUC[PR]: 0.138487
Epoch evaluation duration: 75.6715121269
Epoch duration: 87.0967080593

Epoch 122/200
Epoch training duration: 10.4457659721
Train	AUC[ROC]: 0.997517	AUC[PR]: 0.273495
Val	AUC[ROC]: 0.957096	AUC[PR]: 0.134220
Epoch evaluation duration: 78.4942450523
Epoch duration: 88.9400110245

Epoch 123/200
Epoch training duration: 10.9811928272
Train	AUC[ROC]: 0.997626	AUC[PR]: 0.285357
Val	AUC[ROC]: 0.952487	AUC[PR]: 0.135497
Epoch evaluation duration: 75.1488571167
Epoch duration: 86.1300499439

Epoch 124/200
Epoch training duration: 11.2399539948
Train	AUC[ROC]: 0.997570	AUC[PR]: 0.276759
Val	AUC[ROC]: 0.956784	AUC[PR]: 0.134905
Epoch evaluation duration: 79.3845639229
Epoch duration: 90.6245179176

Epoch 125/200
Epoch training duration: 12.3586289883
Train	AUC[ROC]: 0.997582	AUC[PR]: 0.270523
Val	AUC[ROC]: 0.952428	AUC[PR]: 0.130175
Epoch evaluation duration: 77.8222231865
Epoch duration: 90.1808521748

Epoch 126/200
Epoch training duration: 10.4909420013
Train	AUC[ROC]: 0.997512	AUC[PR]: 0.277737
Val	AUC[ROC]: 0.953982	AUC[PR]: 0.140870
Epoch evaluation duration: 78.2292149067
Epoch duration: 88.720156908

Epoch 127/200
Epoch training duration: 10.5898020267
Train	AUC[ROC]: 0.997563	AUC[PR]: 0.275857
Val	AUC[ROC]: 0.949457	AUC[PR]: 0.147574
Epoch evaluation duration: 74.8634400368
Epoch duration: 85.4532420635

train precision: 0.266059475302
train roc: 0.997265665344
train hit: 318.0 out of 332.0

val precision: 0.135057680409
val roc: 0.961200374275
val hit: 30.0 out of 56.0

test precision: 0.127735204436
test roc: 0.942510996994
test hit: 34.0 out of 56.0

ratio: 0.02, EF: 35.7142857143,	active: 56.0
ratio: 0.02, NEF: 0.714285714286
ratio: 0.01, EF: 60.7142857143,	active: 56.0
ratio: 0.01, NEF: 0.607142857143
ratio: 0.0015, EF: 142.857142857,	active: 56.0
ratio: 0.0015, NEF: 0.214285714286
ratio: 0.001, EF: 160.714285714,	active: 56.0
ratio: 0.001, NEF: 0.214285714286

