label_name_list  [u'PriA-SSB AS Activity', u'PriA-SSB AS % inhibition (Primary Median)']
train files  ['../datasets/keck_pria/fold_0.csv' '../datasets/keck_pria/fold_1.csv'
 '../datasets/keck_pria/fold_2.csv' '../datasets/keck_pria/fold_3.csv'
 '../datasets/keck_pria/fold_4.csv' '../datasets/keck_pria/fold_5.csv'
 '../datasets/keck_pria/fold_6.csv' '../datasets/keck_pria/fold_7.csv']
val files  ['../datasets/keck_pria/fold_8.csv']
test files  ['../datasets/keck_pria/fold_9.csv']
done data preparation
Sample Weight	 [20108.58823529 16278.38095238  6836.92       ...    20.99533227
    20.99533227    20.99275362]
Epoch 1/1000
Epoch training duration: 8.04110717773
Train	AUC[ROC]: 0.894704	AUC[PR]: 0.066160
Val	AUC[ROC]: 0.865434	AUC[PR]: 0.022459
Epoch evaluation duration: 37.653031826
Epoch duration: 45.6941390038

Epoch 2/1000
Epoch training duration: 8.50826716423
Train	AUC[ROC]: 0.900359	AUC[PR]: 0.079283
Val	AUC[ROC]: 0.882683	AUC[PR]: 0.036418
Epoch evaluation duration: 38.7670929432
Epoch duration: 47.2753601074

Epoch 3/1000
Epoch training duration: 9.33665108681
Train	AUC[ROC]: 0.941627	AUC[PR]: 0.126848
Val	AUC[ROC]: 0.915244	AUC[PR]: 0.073049
Epoch evaluation duration: 39.5723078251
Epoch duration: 48.9089589119

Epoch 4/1000
Epoch training duration: 8.94931602478
Train	AUC[ROC]: 0.929865	AUC[PR]: 0.055341
Val	AUC[ROC]: 0.866879	AUC[PR]: 0.025988
Epoch evaluation duration: 39.0309650898
Epoch duration: 47.9802811146

Epoch 5/1000
Epoch training duration: 9.00782394409
Train	AUC[ROC]: 0.975448	AUC[PR]: 0.156927
Val	AUC[ROC]: 0.930942	AUC[PR]: 0.079471
Epoch evaluation duration: 39.9586589336
Epoch duration: 48.9664828777

Epoch 6/1000
Epoch training duration: 9.26172614098
Train	AUC[ROC]: 0.981107	AUC[PR]: 0.136151
Val	AUC[ROC]: 0.932229	AUC[PR]: 0.056556
Epoch evaluation duration: 38.5750079155
Epoch duration: 47.8367340565

Epoch 7/1000
Epoch training duration: 8.675812006
Train	AUC[ROC]: 0.983910	AUC[PR]: 0.162150
Val	AUC[ROC]: 0.920808	AUC[PR]: 0.096586
Epoch evaluation duration: 39.3477189541
Epoch duration: 48.0235309601

Epoch 8/1000
Epoch training duration: 8.72134804726
Train	AUC[ROC]: 0.981911	AUC[PR]: 0.162283
Val	AUC[ROC]: 0.914194	AUC[PR]: 0.067096
Epoch evaluation duration: 41.9952421188
Epoch duration: 50.7165901661

Epoch 9/1000
Epoch training duration: 9.38749194145
Train	AUC[ROC]: 0.987927	AUC[PR]: 0.153742
Val	AUC[ROC]: 0.905927	AUC[PR]: 0.063304
Epoch evaluation duration: 38.7386078835
Epoch duration: 48.1260998249

Epoch 10/1000
Epoch training duration: 8.73927497864
Train	AUC[ROC]: 0.990487	AUC[PR]: 0.191524
Val	AUC[ROC]: 0.915970	AUC[PR]: 0.099208
Epoch evaluation duration: 37.9080681801
Epoch duration: 46.6473431587

Epoch 11/1000
Epoch training duration: 8.96000099182
Train	AUC[ROC]: 0.991926	AUC[PR]: 0.175361
Val	AUC[ROC]: 0.918732	AUC[PR]: 0.086805
Epoch evaluation duration: 38.9321858883
Epoch duration: 47.8921868801

Epoch 12/1000
Epoch training duration: 9.38870310783
Train	AUC[ROC]: 0.993248	AUC[PR]: 0.180101
Val	AUC[ROC]: 0.921045	AUC[PR]: 0.071315
Epoch evaluation duration: 39.3094668388
Epoch duration: 48.6981699467

Epoch 13/1000
Epoch training duration: 8.56025099754
Train	AUC[ROC]: 0.994421	AUC[PR]: 0.210309
Val	AUC[ROC]: 0.926606	AUC[PR]: 0.111737
Epoch evaluation duration: 39.9293460846
Epoch duration: 48.4895970821

Epoch 14/1000
Epoch training duration: 9.20222711563
Train	AUC[ROC]: 0.993583	AUC[PR]: 0.198219
Val	AUC[ROC]: 0.919460	AUC[PR]: 0.071256
Epoch evaluation duration: 39.2347528934
Epoch duration: 48.4369800091

Epoch 15/1000
Epoch training duration: 8.81698298454
Train	AUC[ROC]: 0.994339	AUC[PR]: 0.197177
Val	AUC[ROC]: 0.922864	AUC[PR]: 0.080148
Epoch evaluation duration: 40.1330990791
Epoch duration: 48.9500820637

Epoch 16/1000
Epoch training duration: 8.85510802269
Train	AUC[ROC]: 0.994716	AUC[PR]: 0.191128
Val	AUC[ROC]: 0.916616	AUC[PR]: 0.081792
Epoch evaluation duration: 38.3933990002
Epoch duration: 47.2485070229

Epoch 17/1000
Epoch training duration: 9.48863887787
Train	AUC[ROC]: 0.995126	AUC[PR]: 0.210764
Val	AUC[ROC]: 0.918414	AUC[PR]: 0.086984
Epoch evaluation duration: 38.5670850277
Epoch duration: 48.0557239056

Epoch 18/1000
Epoch training duration: 9.07523703575
Train	AUC[ROC]: 0.995278	AUC[PR]: 0.216832
Val	AUC[ROC]: 0.928039	AUC[PR]: 0.088563
Epoch evaluation duration: 38.6813218594
Epoch duration: 47.7565588951

Epoch 19/1000
Epoch training duration: 8.99254608154
Train	AUC[ROC]: 0.995719	AUC[PR]: 0.248554
Val	AUC[ROC]: 0.925084	AUC[PR]: 0.104916
Epoch evaluation duration: 39.8436479568
Epoch duration: 48.8361940384

Epoch 20/1000
Epoch training duration: 8.8659350872
Train	AUC[ROC]: 0.994772	AUC[PR]: 0.229921
Val	AUC[ROC]: 0.923911	AUC[PR]: 0.109391
Epoch evaluation duration: 37.9609680176
Epoch duration: 46.8269031048

Epoch 21/1000
Epoch training duration: 8.85310196877
Train	AUC[ROC]: 0.995046	AUC[PR]: 0.189486
Val	AUC[ROC]: 0.921148	AUC[PR]: 0.066059
Epoch evaluation duration: 38.3215100765
Epoch duration: 47.1746120453

Epoch 22/1000
Epoch training duration: 8.77279996872
Train	AUC[ROC]: 0.993282	AUC[PR]: 0.231133
Val	AUC[ROC]: 0.934798	AUC[PR]: 0.096833
Epoch evaluation duration: 38.611027956
Epoch duration: 47.3838279247

Epoch 23/1000
Epoch training duration: 8.62685608864
Train	AUC[ROC]: 0.995998	AUC[PR]: 0.232241
Val	AUC[ROC]: 0.919525	AUC[PR]: 0.089055
Epoch evaluation duration: 39.364841938
Epoch duration: 47.9916980267

Epoch 24/1000
Epoch training duration: 8.71900296211
Train	AUC[ROC]: 0.994984	AUC[PR]: 0.227346
Val	AUC[ROC]: 0.918709	AUC[PR]: 0.064308
Epoch evaluation duration: 38.9922220707
Epoch duration: 47.7112250328

Epoch 25/1000
Epoch training duration: 8.72640895844
Train	AUC[ROC]: 0.995575	AUC[PR]: 0.215944
Val	AUC[ROC]: 0.924762	AUC[PR]: 0.080190
Epoch evaluation duration: 40.0723268986
Epoch duration: 48.798735857

Epoch 26/1000
Epoch training duration: 8.69788599014
Train	AUC[ROC]: 0.995685	AUC[PR]: 0.213059
Val	AUC[ROC]: 0.912760	AUC[PR]: 0.075678
Epoch evaluation duration: 40.3010931015
Epoch duration: 48.9989790916

Epoch 27/1000
Epoch training duration: 9.17279100418
Train	AUC[ROC]: 0.995701	AUC[PR]: 0.223509
Val	AUC[ROC]: 0.938074	AUC[PR]: 0.093753
Epoch evaluation duration: 39.5065019131
Epoch duration: 48.6792929173

Epoch 28/1000
Epoch training duration: 9.07014894485
Train	AUC[ROC]: 0.996149	AUC[PR]: 0.220887
Val	AUC[ROC]: 0.923060	AUC[PR]: 0.080207
Epoch evaluation duration: 38.678399086
Epoch duration: 47.7485480309

Epoch 29/1000
Epoch training duration: 9.02112412453
Train	AUC[ROC]: 0.995642	AUC[PR]: 0.229829
Val	AUC[ROC]: 0.916354	AUC[PR]: 0.071886
Epoch evaluation duration: 39.7614319324
Epoch duration: 48.782556057

Epoch 30/1000
Epoch training duration: 8.9169690609
Train	AUC[ROC]: 0.996086	AUC[PR]: 0.223266
Val	AUC[ROC]: 0.923331	AUC[PR]: 0.086498
Epoch evaluation duration: 39.691421032
Epoch duration: 48.6083900928

Epoch 31/1000
Epoch training duration: 8.90285491943
Train	AUC[ROC]: 0.996344	AUC[PR]: 0.248681
Val	AUC[ROC]: 0.915637	AUC[PR]: 0.080060
Epoch evaluation duration: 38.8350138664
Epoch duration: 47.7378687859

Epoch 32/1000
Epoch training duration: 8.92499709129
Train	AUC[ROC]: 0.996420	AUC[PR]: 0.234041
Val	AUC[ROC]: 0.929870	AUC[PR]: 0.089171
Epoch evaluation duration: 37.720895052
Epoch duration: 46.6458921432

Epoch 33/1000
Epoch training duration: 8.60271692276
Train	AUC[ROC]: 0.996202	AUC[PR]: 0.226965
Val	AUC[ROC]: 0.928178	AUC[PR]: 0.080134
Epoch evaluation duration: 40.2434999943
Epoch duration: 48.846216917

Epoch 34/1000
Epoch training duration: 9.66253709793
Train	AUC[ROC]: 0.996647	AUC[PR]: 0.253657
Val	AUC[ROC]: 0.923619	AUC[PR]: 0.090874
Epoch evaluation duration: 38.4648640156
Epoch duration: 48.1274011135

Epoch 35/1000
Epoch training duration: 8.30866193771
Train	AUC[ROC]: 0.995219	AUC[PR]: 0.185430
Val	AUC[ROC]: 0.911852	AUC[PR]: 0.063357
Epoch evaluation duration: 39.1570169926
Epoch duration: 47.4656789303

Epoch 36/1000
Epoch training duration: 8.81746101379
Train	AUC[ROC]: 0.996735	AUC[PR]: 0.258078
Val	AUC[ROC]: 0.923661	AUC[PR]: 0.105599
Epoch evaluation duration: 37.601995945
Epoch duration: 46.4194569588

Epoch 37/1000
Epoch training duration: 9.23767900467
Train	AUC[ROC]: 0.996193	AUC[PR]: 0.219317
Val	AUC[ROC]: 0.939399	AUC[PR]: 0.088535
Epoch evaluation duration: 39.9555780888
Epoch duration: 49.1932570934

Epoch 38/1000
Epoch training duration: 8.94080090523
Train	AUC[ROC]: 0.996581	AUC[PR]: 0.250588
Val	AUC[ROC]: 0.936274	AUC[PR]: 0.098255
Epoch evaluation duration: 38.8088281155
Epoch duration: 47.7496290207

Epoch 39/1000
Epoch training duration: 9.17411494255
Train	AUC[ROC]: 0.996478	AUC[PR]: 0.249581
Val	AUC[ROC]: 0.926338	AUC[PR]: 0.102136
Epoch evaluation duration: 38.2214429379
Epoch duration: 47.3955578804

Epoch 40/1000
Epoch training duration: 8.43873214722
Train	AUC[ROC]: 0.996906	AUC[PR]: 0.251704
Val	AUC[ROC]: 0.938181	AUC[PR]: 0.093177
Epoch evaluation duration: 39.1175708771
Epoch duration: 47.5563030243

Epoch 41/1000
Epoch training duration: 8.38911700249
Train	AUC[ROC]: 0.996875	AUC[PR]: 0.266965
Val	AUC[ROC]: 0.936294	AUC[PR]: 0.091606
Epoch evaluation duration: 37.238462925
Epoch duration: 45.6275799274

Epoch 42/1000
Epoch training duration: 8.71808004379
Train	AUC[ROC]: 0.996949	AUC[PR]: 0.247178
Val	AUC[ROC]: 0.936005	AUC[PR]: 0.100265
Epoch evaluation duration: 39.041353941
Epoch duration: 47.7594339848

Epoch 43/1000
Epoch training duration: 8.67300605774
Train	AUC[ROC]: 0.997013	AUC[PR]: 0.263747
Val	AUC[ROC]: 0.917114	AUC[PR]: 0.093704
Epoch evaluation duration: 38.5267450809
Epoch duration: 47.1997511387

Epoch 44/1000
Epoch training duration: 8.62603998184
Train	AUC[ROC]: 0.996676	AUC[PR]: 0.227207
Val	AUC[ROC]: 0.941242	AUC[PR]: 0.088113
Epoch evaluation duration: 37.480932951
Epoch duration: 46.1069729328

Epoch 45/1000
Epoch training duration: 9.27143502235
Train	AUC[ROC]: 0.996977	AUC[PR]: 0.261762
Val	AUC[ROC]: 0.945351	AUC[PR]: 0.113141
Epoch evaluation duration: 38.5026109219
Epoch duration: 47.7740459442

Epoch 46/1000
Epoch training duration: 9.08002209663
Train	AUC[ROC]: 0.996511	AUC[PR]: 0.233530
Val	AUC[ROC]: 0.929837	AUC[PR]: 0.082093
Epoch evaluation duration: 40.675276041
Epoch duration: 49.7552981377

Epoch 47/1000
Epoch training duration: 8.74990391731
Train	AUC[ROC]: 0.996950	AUC[PR]: 0.248997
Val	AUC[ROC]: 0.946434	AUC[PR]: 0.088333
Epoch evaluation duration: 38.2859909534
Epoch duration: 47.0358948708

Epoch 48/1000
Epoch training duration: 8.59282803535
Train	AUC[ROC]: 0.997337	AUC[PR]: 0.276330
Val	AUC[ROC]: 0.927274	AUC[PR]: 0.102638
Epoch evaluation duration: 37.65396595
Epoch duration: 46.2467939854

Epoch 49/1000
Epoch training duration: 9.14807105064
Train	AUC[ROC]: 0.996664	AUC[PR]: 0.237073
Val	AUC[ROC]: 0.923811	AUC[PR]: 0.087359
Epoch evaluation duration: 37.4960050583
Epoch duration: 46.6440761089

Epoch 50/1000
Epoch training duration: 8.61147093773
Train	AUC[ROC]: 0.997140	AUC[PR]: 0.252079
Val	AUC[ROC]: 0.937167	AUC[PR]: 0.101295
Epoch evaluation duration: 37.7681391239
Epoch duration: 46.3796100616

Epoch 51/1000
Epoch training duration: 8.85707497597
Train	AUC[ROC]: 0.996756	AUC[PR]: 0.237004
Val	AUC[ROC]: 0.938362	AUC[PR]: 0.078663
Epoch evaluation duration: 38.604557991
Epoch duration: 47.461632967

Epoch 52/1000
Epoch training duration: 9.5410990715
Train	AUC[ROC]: 0.997077	AUC[PR]: 0.261469
Val	AUC[ROC]: 0.930740	AUC[PR]: 0.099346
Epoch evaluation duration: 41.3844599724
Epoch duration: 50.9255590439

Epoch 53/1000
Epoch training duration: 9.09111690521
Train	AUC[ROC]: 0.997154	AUC[PR]: 0.255735
Val	AUC[ROC]: 0.939441	AUC[PR]: 0.077267
Epoch evaluation duration: 39.6964099407
Epoch duration: 48.7875268459

Epoch 54/1000
Epoch training duration: 8.71529102325
Train	AUC[ROC]: 0.996970	AUC[PR]: 0.264801
Val	AUC[ROC]: 0.942461	AUC[PR]: 0.104395
Epoch evaluation duration: 37.772454977
Epoch duration: 46.4877460003

Epoch 55/1000
Epoch training duration: 8.8949739933
Train	AUC[ROC]: 0.997258	AUC[PR]: 0.254620
Val	AUC[ROC]: 0.937371	AUC[PR]: 0.094717
Epoch evaluation duration: 38.0691800117
Epoch duration: 46.9641540051

Epoch 56/1000
Epoch training duration: 8.85201096535
Train	AUC[ROC]: 0.997291	AUC[PR]: 0.269902
Val	AUC[ROC]: 0.932035	AUC[PR]: 0.100986
Epoch evaluation duration: 40.0651700497
Epoch duration: 48.917181015

Epoch 57/1000
Epoch training duration: 9.06131100655
Train	AUC[ROC]: 0.997192	AUC[PR]: 0.261249
Val	AUC[ROC]: 0.936384	AUC[PR]: 0.101813
Epoch evaluation duration: 39.5230550766
Epoch duration: 48.5843660831

Epoch 58/1000
Epoch training duration: 8.76253199577
Train	AUC[ROC]: 0.997341	AUC[PR]: 0.269399
Val	AUC[ROC]: 0.941385	AUC[PR]: 0.098681
Epoch evaluation duration: 39.0840139389
Epoch duration: 47.8465459347

Epoch 59/1000
Epoch training duration: 8.78369498253
Train	AUC[ROC]: 0.997259	AUC[PR]: 0.288927
Val	AUC[ROC]: 0.946466	AUC[PR]: 0.119016
Epoch evaluation duration: 38.978718996
Epoch duration: 47.7624139786

Epoch 60/1000
Epoch training duration: 8.7168841362
Train	AUC[ROC]: 0.997141	AUC[PR]: 0.252742
Val	AUC[ROC]: 0.950744	AUC[PR]: 0.098487
Epoch evaluation duration: 39.707118988
Epoch duration: 48.4240031242

Epoch 61/1000
Epoch training duration: 8.71227192879
Train	AUC[ROC]: 0.997346	AUC[PR]: 0.269419
Val	AUC[ROC]: 0.942033	AUC[PR]: 0.100050
Epoch evaluation duration: 37.2918360233
Epoch duration: 46.0041079521

Epoch 62/1000
Epoch training duration: 9.07571101189
Train	AUC[ROC]: 0.997332	AUC[PR]: 0.273577
Val	AUC[ROC]: 0.940302	AUC[PR]: 0.096317
Epoch evaluation duration: 37.1123528481
Epoch duration: 46.1880638599

Epoch 63/1000
Epoch training duration: 8.82210302353
Train	AUC[ROC]: 0.997386	AUC[PR]: 0.261451
Val	AUC[ROC]: 0.942875	AUC[PR]: 0.097056
Epoch evaluation duration: 40.0397641659
Epoch duration: 48.8618671894

Epoch 64/1000
Epoch training duration: 8.95845794678
Train	AUC[ROC]: 0.997244	AUC[PR]: 0.253900
Val	AUC[ROC]: 0.940433	AUC[PR]: 0.101458
Epoch evaluation duration: 39.3506140709
Epoch duration: 48.3090720177

Epoch 65/1000
Epoch training duration: 9.02726387978
Train	AUC[ROC]: 0.997278	AUC[PR]: 0.251421
Val	AUC[ROC]: 0.941493	AUC[PR]: 0.088637
Epoch evaluation duration: 40.329144001
Epoch duration: 49.3564078808

Epoch 66/1000
Epoch training duration: 8.75125408173
Train	AUC[ROC]: 0.997283	AUC[PR]: 0.272790
Val	AUC[ROC]: 0.932833	AUC[PR]: 0.087219
Epoch evaluation duration: 39.0058448315
Epoch duration: 47.7570989132

Epoch 67/1000
Epoch training duration: 9.06929302216
Train	AUC[ROC]: 0.997427	AUC[PR]: 0.281705
Val	AUC[ROC]: 0.945361	AUC[PR]: 0.124478
Epoch evaluation duration: 38.5434000492
Epoch duration: 47.6126930714

Epoch 68/1000
Epoch training duration: 8.98021697998
Train	AUC[ROC]: 0.997312	AUC[PR]: 0.260573
Val	AUC[ROC]: 0.945842	AUC[PR]: 0.093866
Epoch evaluation duration: 39.3373351097
Epoch duration: 48.3175520897

Epoch 69/1000
Epoch training duration: 9.10530495644
Train	AUC[ROC]: 0.997383	AUC[PR]: 0.267424
Val	AUC[ROC]: 0.937182	AUC[PR]: 0.095767
Epoch evaluation duration: 38.9489650726
Epoch duration: 48.0542700291

Epoch 70/1000
Epoch training duration: 8.47469782829
Train	AUC[ROC]: 0.997561	AUC[PR]: 0.285625
Val	AUC[ROC]: 0.947011	AUC[PR]: 0.105357
Epoch evaluation duration: 39.1866981983
Epoch duration: 47.6613960266

Epoch 71/1000
Epoch training duration: 8.22546982765
Train	AUC[ROC]: 0.997386	AUC[PR]: 0.272641
Val	AUC[ROC]: 0.948538	AUC[PR]: 0.089555
Epoch evaluation duration: 41.5782539845
Epoch duration: 49.8037238121

Epoch 72/1000
Epoch training duration: 8.79630208015
Train	AUC[ROC]: 0.997170	AUC[PR]: 0.264219
Val	AUC[ROC]: 0.939528	AUC[PR]: 0.089699
Epoch evaluation duration: 38.9803540707
Epoch duration: 47.7766561508

Epoch 73/1000
Epoch training duration: 8.84847784042
Train	AUC[ROC]: 0.996930	AUC[PR]: 0.255908
Val	AUC[ROC]: 0.931263	AUC[PR]: 0.079975
Epoch evaluation duration: 38.1387991905
Epoch duration: 46.9872770309

Epoch 74/1000
Epoch training duration: 8.72351789474
Train	AUC[ROC]: 0.997431	AUC[PR]: 0.271244
Val	AUC[ROC]: 0.950149	AUC[PR]: 0.096304
Epoch evaluation duration: 37.6955089569
Epoch duration: 46.4190268517

Epoch 75/1000
Epoch training duration: 8.67704296112
Train	AUC[ROC]: 0.997296	AUC[PR]: 0.268975
Val	AUC[ROC]: 0.939100	AUC[PR]: 0.098012
Epoch evaluation duration: 38.3672060966
Epoch duration: 47.0442490578

Epoch 76/1000
Epoch training duration: 8.16325688362
Train	AUC[ROC]: 0.997442	AUC[PR]: 0.273295
Val	AUC[ROC]: 0.949256	AUC[PR]: 0.100578
Epoch evaluation duration: 36.8770291805
Epoch duration: 45.0402860641

Epoch 77/1000
Epoch training duration: 8.89528894424
Train	AUC[ROC]: 0.997534	AUC[PR]: 0.276133
Val	AUC[ROC]: 0.940312	AUC[PR]: 0.100649
Epoch evaluation duration: 37.429653883
Epoch duration: 46.3249428272

Epoch 78/1000
Epoch training duration: 8.21206212044
Train	AUC[ROC]: 0.997478	AUC[PR]: 0.286569
Val	AUC[ROC]: 0.952802	AUC[PR]: 0.111876
Epoch evaluation duration: 37.2193858624
Epoch duration: 45.4314479828

Epoch 79/1000
Epoch training duration: 8.61403417587
Train	AUC[ROC]: 0.997502	AUC[PR]: 0.268610
Val	AUC[ROC]: 0.945357	AUC[PR]: 0.102004
Epoch evaluation duration: 38.0541579723
Epoch duration: 46.6681921482

Epoch 80/1000
Epoch training duration: 9.11378002167
Train	AUC[ROC]: 0.997507	AUC[PR]: 0.269109
Val	AUC[ROC]: 0.939809	AUC[PR]: 0.099077
Epoch evaluation duration: 37.9854140282
Epoch duration: 47.0991940498

Epoch 81/1000
Epoch training duration: 8.94568395615
Train	AUC[ROC]: 0.997509	AUC[PR]: 0.277886
Val	AUC[ROC]: 0.944038	AUC[PR]: 0.099469
Epoch evaluation duration: 39.6728079319
Epoch duration: 48.618491888

Epoch 82/1000
Epoch training duration: 9.22399091721
Train	AUC[ROC]: 0.997598	AUC[PR]: 0.279197
Val	AUC[ROC]: 0.943437	AUC[PR]: 0.104713
Epoch evaluation duration: 37.3211591244
Epoch duration: 46.5451500416

Epoch 83/1000
Epoch training duration: 9.11365294456
Train	AUC[ROC]: 0.997619	AUC[PR]: 0.269301
Val	AUC[ROC]: 0.946730	AUC[PR]: 0.109907
Epoch evaluation duration: 36.3518900871
Epoch duration: 45.4655430317

Epoch 84/1000
Epoch training duration: 8.30945801735
Train	AUC[ROC]: 0.997532	AUC[PR]: 0.283531
Val	AUC[ROC]: 0.948493	AUC[PR]: 0.097084
Epoch evaluation duration: 38.3748378754
Epoch duration: 46.6842958927

Epoch 85/1000
Epoch training duration: 8.72653102875
Train	AUC[ROC]: 0.997415	AUC[PR]: 0.262324
Val	AUC[ROC]: 0.941403	AUC[PR]: 0.090205
Epoch evaluation duration: 36.9674520493
Epoch duration: 45.693983078

Epoch 86/1000
Epoch training duration: 8.59034895897
Train	AUC[ROC]: 0.997411	AUC[PR]: 0.281440
Val	AUC[ROC]: 0.940759	AUC[PR]: 0.087081
Epoch evaluation duration: 38.3352041245
Epoch duration: 46.9255530834

Epoch 87/1000
Epoch training duration: 8.66204786301
Train	AUC[ROC]: 0.997672	AUC[PR]: 0.277340
Val	AUC[ROC]: 0.951440	AUC[PR]: 0.098454
Epoch evaluation duration: 36.9005360603
Epoch duration: 45.5625839233

Epoch 88/1000
Epoch training duration: 8.56042098999
Train	AUC[ROC]: 0.997701	AUC[PR]: 0.286579
Val	AUC[ROC]: 0.950420	AUC[PR]: 0.100500
Epoch evaluation duration: 37.3984839916
Epoch duration: 45.9589049816

Epoch 89/1000
Epoch training duration: 8.27381396294
Train	AUC[ROC]: 0.997703	AUC[PR]: 0.273128
Val	AUC[ROC]: 0.946169	AUC[PR]: 0.089684
Epoch evaluation duration: 36.752393961
Epoch duration: 45.0262079239

Epoch 90/1000
Epoch training duration: 8.46749401093
Train	AUC[ROC]: 0.997504	AUC[PR]: 0.274787
Val	AUC[ROC]: 0.939806	AUC[PR]: 0.088709
Epoch evaluation duration: 35.1374330521
Epoch duration: 43.604927063

Epoch 91/1000
Epoch training duration: 8.29366803169
Train	AUC[ROC]: 0.997654	AUC[PR]: 0.288606
Val	AUC[ROC]: 0.950492	AUC[PR]: 0.104481
Epoch evaluation duration: 35.2308349609
Epoch duration: 43.5245029926

Epoch 92/1000
Epoch training duration: 9.08066511154
Train	AUC[ROC]: 0.997686	AUC[PR]: 0.294884
Val	AUC[ROC]: 0.955603	AUC[PR]: 0.107298
Epoch evaluation duration: 36.5292048454
Epoch duration: 45.609869957

Epoch 93/1000
Epoch training duration: 8.13147807121
Train	AUC[ROC]: 0.997595	AUC[PR]: 0.282884
Val	AUC[ROC]: 0.955272	AUC[PR]: 0.096674
Epoch evaluation duration: 36.6997680664
Epoch duration: 44.8312461376

Epoch 94/1000
Epoch training duration: 8.21987390518
Train	AUC[ROC]: 0.997588	AUC[PR]: 0.282730
Val	AUC[ROC]: 0.951065	AUC[PR]: 0.093112
Epoch evaluation duration: 38.916875124
Epoch duration: 47.1367490292

Epoch 95/1000
Epoch training duration: 8.91548991203
Train	AUC[ROC]: 0.997717	AUC[PR]: 0.279512
Val	AUC[ROC]: 0.946529	AUC[PR]: 0.098183
Epoch evaluation duration: 36.961386919
Epoch duration: 45.8768768311

Epoch 96/1000
Epoch training duration: 8.30589199066
Train	AUC[ROC]: 0.997700	AUC[PR]: 0.288663
Val	AUC[ROC]: 0.945245	AUC[PR]: 0.102246
Epoch evaluation duration: 36.9583749771
Epoch duration: 45.2642669678

Epoch 97/1000
Epoch training duration: 8.83010601997
Train	AUC[ROC]: 0.997767	AUC[PR]: 0.295039
Val	AUC[ROC]: 0.951178	AUC[PR]: 0.107865
Epoch evaluation duration: 39.9053649902
Epoch duration: 48.7354710102

Epoch 98/1000
Epoch training duration: 9.02410912514
Train	AUC[ROC]: 0.997744	AUC[PR]: 0.298013
Val	AUC[ROC]: 0.946510	AUC[PR]: 0.107349
Epoch evaluation duration: 37.1869549751
Epoch duration: 46.2110641003

Epoch 99/1000
Epoch training duration: 8.23564100266
Train	AUC[ROC]: 0.997688	AUC[PR]: 0.289837
Val	AUC[ROC]: 0.946474	AUC[PR]: 0.099718
Epoch evaluation duration: 38.7129170895
Epoch duration: 46.9485580921

Epoch 100/1000
Epoch training duration: 8.61662983894
Train	AUC[ROC]: 0.997674	AUC[PR]: 0.284106
Val	AUC[ROC]: 0.949897	AUC[PR]: 0.112147
Epoch evaluation duration: 38.5067501068
Epoch duration: 47.1233799458

Epoch 101/1000
Epoch training duration: 8.34976887703
Train	AUC[ROC]: 0.997745	AUC[PR]: 0.284309
Val	AUC[ROC]: 0.952788	AUC[PR]: 0.104790
Epoch evaluation duration: 36.92988801
Epoch duration: 45.2796568871

Epoch 102/1000
Epoch training duration: 8.39915704727
Train	AUC[ROC]: 0.997707	AUC[PR]: 0.291244
Val	AUC[ROC]: 0.952647	AUC[PR]: 0.106219
Epoch evaluation duration: 36.2825751305
Epoch duration: 44.6817321777

Epoch 103/1000
Epoch training duration: 8.49856877327
Train	AUC[ROC]: 0.997619	AUC[PR]: 0.283797
Val	AUC[ROC]: 0.950585	AUC[PR]: 0.098916
Epoch evaluation duration: 36.9547810555
Epoch duration: 45.4533498287

Epoch 104/1000
Epoch training duration: 8.36826896667
Train	AUC[ROC]: 0.997337	AUC[PR]: 0.284824
Val	AUC[ROC]: 0.942312	AUC[PR]: 0.102309
Epoch evaluation duration: 35.5393621922
Epoch duration: 43.9076311588

Epoch 105/1000
Epoch training duration: 8.05361485481
Train	AUC[ROC]: 0.997655	AUC[PR]: 0.281275
Val	AUC[ROC]: 0.947161	AUC[PR]: 0.091968
Epoch evaluation duration: 36.6286389828
Epoch duration: 44.6822538376

Epoch 106/1000
Epoch training duration: 8.18084096909
Train	AUC[ROC]: 0.997735	AUC[PR]: 0.285413
Val	AUC[ROC]: 0.949841	AUC[PR]: 0.112739
Epoch evaluation duration: 37.7605280876
Epoch duration: 45.9413690567

Epoch 107/1000
Epoch training duration: 8.77715706825
Train	AUC[ROC]: 0.997750	AUC[PR]: 0.283871
Val	AUC[ROC]: 0.938553	AUC[PR]: 0.097238
Epoch evaluation duration: 37.7507748604
Epoch duration: 46.5279319286

Epoch 108/1000
Epoch training duration: 8.20118713379
Train	AUC[ROC]: 0.997766	AUC[PR]: 0.289068
Val	AUC[ROC]: 0.950336	AUC[PR]: 0.102058
Epoch evaluation duration: 36.1387958527
Epoch duration: 44.3399829865

Epoch 109/1000
Epoch training duration: 9.20972800255
Train	AUC[ROC]: 0.997759	AUC[PR]: 0.276265
Val	AUC[ROC]: 0.950405	AUC[PR]: 0.097345
Epoch evaluation duration: 37.5098450184
Epoch duration: 46.7195730209

Epoch 110/1000
Epoch training duration: 8.22208499908
Train	AUC[ROC]: 0.997854	AUC[PR]: 0.303382
Val	AUC[ROC]: 0.947532	AUC[PR]: 0.109317
Epoch evaluation duration: 37.5325570107
Epoch duration: 45.7546420097

Epoch 111/1000
Epoch training duration: 8.87057614326
Train	AUC[ROC]: 0.997741	AUC[PR]: 0.277728
Val	AUC[ROC]: 0.941784	AUC[PR]: 0.090909
Epoch evaluation duration: 35.1223609447
Epoch duration: 43.992937088

Epoch 112/1000
Epoch training duration: 9.29859685898
Train	AUC[ROC]: 0.997833	AUC[PR]: 0.294771
Val	AUC[ROC]: 0.951376	AUC[PR]: 0.105776
Epoch evaluation duration: 37.8805341721
Epoch duration: 47.179131031

Epoch 113/1000
Epoch training duration: 8.79311800003
Train	AUC[ROC]: 0.997785	AUC[PR]: 0.289680
Val	AUC[ROC]: 0.940475	AUC[PR]: 0.110059
Epoch evaluation duration: 37.6425750256
Epoch duration: 46.4356930256

Epoch 114/1000
Epoch training duration: 8.38784885406
Train	AUC[ROC]: 0.997712	AUC[PR]: 0.276510
Val	AUC[ROC]: 0.941325	AUC[PR]: 0.089617
Epoch evaluation duration: 38.3190319538
Epoch duration: 46.7068808079

Epoch 115/1000
Epoch training duration: 8.3846590519
Train	AUC[ROC]: 0.997738	AUC[PR]: 0.285358
Val	AUC[ROC]: 0.947052	AUC[PR]: 0.114152
Epoch evaluation duration: 35.1999781132
Epoch duration: 43.5846371651

Epoch 116/1000
Epoch training duration: 8.91695594788
Train	AUC[ROC]: 0.997849	AUC[PR]: 0.301599
Val	AUC[ROC]: 0.950252	AUC[PR]: 0.106106
Epoch evaluation duration: 38.2769160271
Epoch duration: 47.1938719749

Epoch 117/1000
Epoch training duration: 8.76751804352
Train	AUC[ROC]: 0.997873	AUC[PR]: 0.290446
Val	AUC[ROC]: 0.945249	AUC[PR]: 0.098881
Epoch evaluation duration: 40.2057008743
Epoch duration: 48.9732189178

Epoch 118/1000
Epoch training duration: 8.80441713333
Train	AUC[ROC]: 0.997871	AUC[PR]: 0.295957
Val	AUC[ROC]: 0.954551	AUC[PR]: 0.103243
Epoch evaluation duration: 37.9443259239
Epoch duration: 46.7487430573

Epoch 119/1000
Epoch training duration: 8.78056788445
Train	AUC[ROC]: 0.997859	AUC[PR]: 0.298310
Val	AUC[ROC]: 0.947771	AUC[PR]: 0.100209
Epoch evaluation duration: 38.7879860401
Epoch duration: 47.5685539246

Epoch 120/1000
Epoch training duration: 9.24108195305
Train	AUC[ROC]: 0.997827	AUC[PR]: 0.291274
Val	AUC[ROC]: 0.946955	AUC[PR]: 0.095297
Epoch evaluation duration: 38.8058490753
Epoch duration: 48.0469310284

Epoch 121/1000
Epoch training duration: 8.8153181076
Train	AUC[ROC]: 0.997842	AUC[PR]: 0.289566
Val	AUC[ROC]: 0.939017	AUC[PR]: 0.099320
Epoch evaluation duration: 38.0198059082
Epoch duration: 46.8351240158

Epoch 122/1000
Epoch training duration: 9.27755498886
Train	AUC[ROC]: 0.997844	AUC[PR]: 0.293888
Val	AUC[ROC]: 0.952304	AUC[PR]: 0.106616
Epoch evaluation duration: 39.1495170593
Epoch duration: 48.4270720482

Epoch 123/1000
Epoch training duration: 9.2421400547
Train	AUC[ROC]: 0.997722	AUC[PR]: 0.288249
Val	AUC[ROC]: 0.935595	AUC[PR]: 0.090008
Epoch evaluation duration: 38.9070940018
Epoch duration: 48.1492340565

Epoch 124/1000
Epoch training duration: 8.96081089973
Train	AUC[ROC]: 0.997688	AUC[PR]: 0.290608
Val	AUC[ROC]: 0.939552	AUC[PR]: 0.097093
Epoch evaluation duration: 37.1282069683
Epoch duration: 46.089017868

Epoch 125/1000
Epoch training duration: 8.49920892715
Train	AUC[ROC]: 0.997848	AUC[PR]: 0.292699
Val	AUC[ROC]: 0.942553	AUC[PR]: 0.094155
Epoch evaluation duration: 39.1193180084
Epoch duration: 47.6185269356

Epoch 126/1000
Epoch training duration: 8.43260121346
Train	AUC[ROC]: 0.997829	AUC[PR]: 0.293388
Val	AUC[ROC]: 0.949590	AUC[PR]: 0.108051
Epoch evaluation duration: 36.6898858547
Epoch duration: 45.1224870682

Epoch 127/1000
Epoch training duration: 9.19490098953
Train	AUC[ROC]: 0.997844	AUC[PR]: 0.289828
Val	AUC[ROC]: 0.946172	AUC[PR]: 0.099185
Epoch evaluation duration: 38.2048590183
Epoch duration: 47.3997600079

Epoch 128/1000
Epoch training duration: 8.99175095558
Train	AUC[ROC]: 0.997763	AUC[PR]: 0.288673
Val	AUC[ROC]: 0.945973	AUC[PR]: 0.105258
Epoch evaluation duration: 36.5977180004
Epoch duration: 45.589468956

Epoch 129/1000
Epoch training duration: 9.28913402557
Train	AUC[ROC]: 0.997767	AUC[PR]: 0.281042
Val	AUC[ROC]: 0.947660	AUC[PR]: 0.096655
Epoch evaluation duration: 36.8661019802
Epoch duration: 46.1552360058

Epoch 130/1000
Epoch training duration: 9.21214914322
Train	AUC[ROC]: 0.997563	AUC[PR]: 0.284987
Val	AUC[ROC]: 0.953719	AUC[PR]: 0.106925
Epoch evaluation duration: 37.7382829189
Epoch duration: 46.9504320621

Epoch 131/1000
Epoch training duration: 8.8599550724
Train	AUC[ROC]: 0.997828	AUC[PR]: 0.276012
Val	AUC[ROC]: 0.946861	AUC[PR]: 0.092105
Epoch evaluation duration: 38.2381248474
Epoch duration: 47.0980799198

Epoch 132/1000
Epoch training duration: 9.2127790451
Train	AUC[ROC]: 0.997816	AUC[PR]: 0.280157
Val	AUC[ROC]: 0.949186	AUC[PR]: 0.095310
Epoch evaluation duration: 38.1036040783
Epoch duration: 47.3163831234

Epoch 133/1000
Epoch training duration: 8.67707204819
Train	AUC[ROC]: 0.997851	AUC[PR]: 0.288718
Val	AUC[ROC]: 0.948428	AUC[PR]: 0.096096
Epoch evaluation duration: 36.4954509735
Epoch duration: 45.1725230217

Epoch 134/1000
Epoch training duration: 8.31879901886
Train	AUC[ROC]: 0.997836	AUC[PR]: 0.286257
Val	AUC[ROC]: 0.947291	AUC[PR]: 0.101502
Epoch evaluation duration: 38.0156078339
Epoch duration: 46.3344068527

Epoch 135/1000
Epoch training duration: 8.8896780014
Train	AUC[ROC]: 0.997829	AUC[PR]: 0.291495
Val	AUC[ROC]: 0.942531	AUC[PR]: 0.095324
Epoch evaluation duration: 39.3982560635
Epoch duration: 48.2879340649

Epoch 136/1000
Epoch training duration: 7.93743300438
Train	AUC[ROC]: 0.997891	AUC[PR]: 0.292102
Val	AUC[ROC]: 0.950607	AUC[PR]: 0.103500
Epoch evaluation duration: 38.4274020195
Epoch duration: 46.3648350239

Epoch 137/1000
Epoch training duration: 7.90331411362
Train	AUC[ROC]: 0.997819	AUC[PR]: 0.284569
Val	AUC[ROC]: 0.943227	AUC[PR]: 0.092297
Epoch evaluation duration: 36.8582479954
Epoch duration: 44.761562109

Epoch 138/1000
Epoch training duration: 7.34140086174
Train	AUC[ROC]: 0.997924	AUC[PR]: 0.288903
Val	AUC[ROC]: 0.949109	AUC[PR]: 0.106718
Epoch evaluation duration: 36.1688530445
Epoch duration: 43.5102539062

Epoch 139/1000
Epoch training duration: 8.01301598549
Train	AUC[ROC]: 0.997882	AUC[PR]: 0.296235
Val	AUC[ROC]: 0.952867	AUC[PR]: 0.095414
Epoch evaluation duration: 37.1019999981
Epoch duration: 45.1150159836

Epoch 140/1000
Epoch training duration: 7.38442397118
Train	AUC[ROC]: 0.997890	AUC[PR]: 0.292178
Val	AUC[ROC]: 0.952914	AUC[PR]: 0.103549
Epoch evaluation duration: 36.3338820934
Epoch duration: 43.7183060646

Epoch 141/1000
Epoch training duration: 7.36377692223
Train	AUC[ROC]: 0.997873	AUC[PR]: 0.289515
Val	AUC[ROC]: 0.940105	AUC[PR]: 0.085428
Epoch evaluation duration: 35.7985191345
Epoch duration: 43.1622960567

Epoch 142/1000
Epoch training duration: 7.41209793091
Train	AUC[ROC]: 0.997917	AUC[PR]: 0.297722
Val	AUC[ROC]: 0.949674	AUC[PR]: 0.100870
Epoch evaluation duration: 36.9625139236
Epoch duration: 44.3746118546

Epoch 143/1000
Epoch training duration: 7.07774496078
Train	AUC[ROC]: 0.997820	AUC[PR]: 0.281772
Val	AUC[ROC]: 0.940979	AUC[PR]: 0.091259
Epoch evaluation duration: 37.7521181107
Epoch duration: 44.8298630714

Epoch 144/1000
Epoch training duration: 7.07659196854
Train	AUC[ROC]: 0.997826	AUC[PR]: 0.283236
Val	AUC[ROC]: 0.947189	AUC[PR]: 0.098994
Epoch evaluation duration: 36.7285530567
Epoch duration: 43.8051450253

Epoch 145/1000
Epoch training duration: 7.3577568531
Train	AUC[ROC]: 0.997967	AUC[PR]: 0.302569
Val	AUC[ROC]: 0.946766	AUC[PR]: 0.115441
Epoch evaluation duration: 37.3402061462
Epoch duration: 44.6979629993

Epoch 146/1000
Epoch training duration: 7.36060094833
Train	AUC[ROC]: 0.997861	AUC[PR]: 0.285677
Val	AUC[ROC]: 0.943080	AUC[PR]: 0.087943
Epoch evaluation duration: 37.4067249298
Epoch duration: 44.7673258781

Epoch 147/1000
Epoch training duration: 7.99564814568
Train	AUC[ROC]: 0.997858	AUC[PR]: 0.284138
Val	AUC[ROC]: 0.952892	AUC[PR]: 0.105761
Epoch evaluation duration: 39.0025188923
Epoch duration: 46.998167038

Epoch 148/1000
Epoch training duration: 7.73813605309
Train	AUC[ROC]: 0.997846	AUC[PR]: 0.292734
Val	AUC[ROC]: 0.950958	AUC[PR]: 0.108324
Epoch evaluation duration: 37.616230011
Epoch duration: 45.3543660641

Epoch 149/1000
Epoch training duration: 7.3283829689
Train	AUC[ROC]: 0.997850	AUC[PR]: 0.280299
Val	AUC[ROC]: 0.946109	AUC[PR]: 0.085411
Epoch evaluation duration: 36.4089510441
Epoch duration: 43.737334013

Epoch 150/1000
Epoch training duration: 7.40819883347
Train	AUC[ROC]: 0.997909	AUC[PR]: 0.283138
Val	AUC[ROC]: 0.943751	AUC[PR]: 0.097903
Epoch evaluation duration: 36.5776751041
Epoch duration: 43.9858739376

Epoch 151/1000
Epoch training duration: 7.14848089218
Train	AUC[ROC]: 0.997876	AUC[PR]: 0.287852
Val	AUC[ROC]: 0.952392	AUC[PR]: 0.108402
Epoch evaluation duration: 37.9131801128
Epoch duration: 45.061661005

Epoch 152/1000
Epoch training duration: 7.09010410309
Train	AUC[ROC]: 0.997895	AUC[PR]: 0.285249
Val	AUC[ROC]: 0.950499	AUC[PR]: 0.088837
Epoch evaluation duration: 36.8947107792
Epoch duration: 43.9848148823

Epoch 153/1000
Epoch training duration: 7.24345302582
Train	AUC[ROC]: 0.997932	AUC[PR]: 0.293168
Val	AUC[ROC]: 0.947835	AUC[PR]: 0.103380
Epoch evaluation duration: 36.7446711063
Epoch duration: 43.9881241322

Epoch 154/1000
Epoch training duration: 7.55353999138
Train	AUC[ROC]: 0.997983	AUC[PR]: 0.293500
Val	AUC[ROC]: 0.948185	AUC[PR]: 0.101363
Epoch evaluation duration: 36.820182085
Epoch duration: 44.3737220764

Epoch 155/1000
Epoch training duration: 6.9894618988
Train	AUC[ROC]: 0.997866	AUC[PR]: 0.288892
Val	AUC[ROC]: 0.946643	AUC[PR]: 0.096885
Epoch evaluation duration: 36.6809110641
Epoch duration: 43.670372963

Epoch 156/1000
Epoch training duration: 7.36104989052
Train	AUC[ROC]: 0.997841	AUC[PR]: 0.286202
Val	AUC[ROC]: 0.949319	AUC[PR]: 0.093280
Epoch evaluation duration: 36.707875967
Epoch duration: 44.0689258575

Epoch 157/1000
Epoch training duration: 7.68430900574
Train	AUC[ROC]: 0.997969	AUC[PR]: 0.294058
Val	AUC[ROC]: 0.947373	AUC[PR]: 0.100060
Epoch evaluation duration: 37.0902650356
Epoch duration: 44.7745740414

Epoch 158/1000
Epoch training duration: 7.22420501709
Train	AUC[ROC]: 0.997903	AUC[PR]: 0.284866
Val	AUC[ROC]: 0.949148	AUC[PR]: 0.091872
Epoch evaluation duration: 37.793035984
Epoch duration: 45.0172410011

Epoch 159/1000
Epoch training duration: 6.99226808548
Train	AUC[ROC]: 0.997947	AUC[PR]: 0.293689
Val	AUC[ROC]: 0.954357	AUC[PR]: 0.104465
Epoch evaluation duration: 37.3073170185
Epoch duration: 44.299585104

Epoch 160/1000
Epoch training duration: 7.24905586243
Train	AUC[ROC]: 0.997897	AUC[PR]: 0.287415
Val	AUC[ROC]: 0.944910	AUC[PR]: 0.099795
Epoch evaluation duration: 37.3009259701
Epoch duration: 44.5499818325

Epoch 161/1000
Epoch training duration: 7.46583008766
Train	AUC[ROC]: 0.997910	AUC[PR]: 0.288807
Val	AUC[ROC]: 0.947509	AUC[PR]: 0.094699
Epoch evaluation duration: 37.8598239422
Epoch duration: 45.3256540298

Epoch 162/1000
Epoch training duration: 6.87227416039
Train	AUC[ROC]: 0.998027	AUC[PR]: 0.301797
Val	AUC[ROC]: 0.948077	AUC[PR]: 0.104762
Epoch evaluation duration: 36.6844549179
Epoch duration: 43.5567290783

Epoch 163/1000
Epoch training duration: 7.45871591568
Train	AUC[ROC]: 0.998003	AUC[PR]: 0.293448
Val	AUC[ROC]: 0.954467	AUC[PR]: 0.092454
Epoch evaluation duration: 37.6226000786
Epoch duration: 45.0813159943

Epoch 164/1000
Epoch training duration: 7.90787410736
Train	AUC[ROC]: 0.998019	AUC[PR]: 0.302422
Val	AUC[ROC]: 0.951539	AUC[PR]: 0.106190
Epoch evaluation duration: 38.1472578049
Epoch duration: 46.0551319122

Epoch 165/1000
Epoch training duration: 7.5352640152
Train	AUC[ROC]: 0.997919	AUC[PR]: 0.298457
Val	AUC[ROC]: 0.947610	AUC[PR]: 0.095698
Epoch evaluation duration: 37.4743740559
Epoch duration: 45.0096380711

Epoch 166/1000
Epoch training duration: 7.4764380455
Train	AUC[ROC]: 0.997968	AUC[PR]: 0.291601
Val	AUC[ROC]: 0.951469	AUC[PR]: 0.093643
Epoch evaluation duration: 38.1197059155
Epoch duration: 45.596143961

Epoch 167/1000
Epoch training duration: 7.5899040699
Train	AUC[ROC]: 0.997960	AUC[PR]: 0.301116
Val	AUC[ROC]: 0.944657	AUC[PR]: 0.100888
Epoch evaluation duration: 37.2317240238
Epoch duration: 44.8216280937

Epoch 168/1000
Epoch training duration: 7.4327750206
Train	AUC[ROC]: 0.998006	AUC[PR]: 0.295628
Val	AUC[ROC]: 0.953397	AUC[PR]: 0.105542
Epoch evaluation duration: 36.4410889149
Epoch duration: 43.8738639355

Epoch 169/1000
Epoch training duration: 7.31608891487
Train	AUC[ROC]: 0.998001	AUC[PR]: 0.298937
Val	AUC[ROC]: 0.949350	AUC[PR]: 0.109210
Epoch evaluation duration: 37.5550231934
Epoch duration: 44.8711121082

Epoch 170/1000
Epoch training duration: 7.06606698036
Train	AUC[ROC]: 0.997943	AUC[PR]: 0.301750
Val	AUC[ROC]: 0.956683	AUC[PR]: 0.107005
Epoch evaluation duration: 37.8026499748
Epoch duration: 44.8687169552

Epoch 171/1000
Epoch training duration: 7.17750501633
Train	AUC[ROC]: 0.997910	AUC[PR]: 0.295833
Val	AUC[ROC]: 0.954240	AUC[PR]: 0.101695
Epoch evaluation duration: 36.7970738411
Epoch duration: 43.9745788574

Epoch 172/1000
Epoch training duration: 7.48127913475
Train	AUC[ROC]: 0.997928	AUC[PR]: 0.290766
Val	AUC[ROC]: 0.950961	AUC[PR]: 0.098237
Epoch evaluation duration: 36.0596079826
Epoch duration: 43.5408871174

Epoch 173/1000
Epoch training duration: 7.17714309692
Train	AUC[ROC]: 0.997963	AUC[PR]: 0.294361
Val	AUC[ROC]: 0.949317	AUC[PR]: 0.098014
Epoch evaluation duration: 36.9953188896
Epoch duration: 44.1724619865

Epoch 174/1000
Epoch training duration: 7.09595799446
Train	AUC[ROC]: 0.997966	AUC[PR]: 0.296944
Val	AUC[ROC]: 0.947340	AUC[PR]: 0.094945
Epoch evaluation duration: 36.9310150146
Epoch duration: 44.0269730091

Epoch 175/1000
Epoch training duration: 7.40718698502
Train	AUC[ROC]: 0.997779	AUC[PR]: 0.296913
Val	AUC[ROC]: 0.953485	AUC[PR]: 0.101911
Epoch evaluation duration: 37.6342360973
Epoch duration: 45.0414230824

Epoch 176/1000
Epoch training duration: 7.65541100502
Train	AUC[ROC]: 0.997999	AUC[PR]: 0.301091
Val	AUC[ROC]: 0.944818	AUC[PR]: 0.112634
Epoch evaluation duration: 36.9805648327
Epoch duration: 44.6359758377

Epoch 177/1000
Epoch training duration: 7.37923502922
Train	AUC[ROC]: 0.997878	AUC[PR]: 0.290405
Val	AUC[ROC]: 0.945583	AUC[PR]: 0.090321
Epoch evaluation duration: 38.3414590359
Epoch duration: 45.7206940651

Epoch 178/1000
Epoch training duration: 7.69169712067
Train	AUC[ROC]: 0.997948	AUC[PR]: 0.298724
Val	AUC[ROC]: 0.945623	AUC[PR]: 0.101351
Epoch evaluation duration: 36.0523359776
Epoch duration: 43.7440330982

Epoch 179/1000
Epoch training duration: 7.90590786934
Train	AUC[ROC]: 0.997974	AUC[PR]: 0.293836
Val	AUC[ROC]: 0.939659	AUC[PR]: 0.095532
Epoch evaluation duration: 37.8617870808
Epoch duration: 45.7676949501

Epoch 180/1000
Epoch training duration: 7.6334528923
Train	AUC[ROC]: 0.997995	AUC[PR]: 0.301285
Val	AUC[ROC]: 0.940846	AUC[PR]: 0.101720
Epoch evaluation duration: 37.2648100853
Epoch duration: 44.8982629776

Epoch 181/1000
Epoch training duration: 7.39902591705
Train	AUC[ROC]: 0.997982	AUC[PR]: 0.305525
Val	AUC[ROC]: 0.946143	AUC[PR]: 0.102481
Epoch evaluation duration: 37.1249301434
Epoch duration: 44.5239560604

Epoch 182/1000
Epoch training duration: 7.62922787666
Train	AUC[ROC]: 0.997949	AUC[PR]: 0.292004
Val	AUC[ROC]: 0.941705	AUC[PR]: 0.093067
Epoch evaluation duration: 36.1439771652
Epoch duration: 43.7732050419

Epoch 183/1000
Epoch training duration: 7.1507768631
Train	AUC[ROC]: 0.997964	AUC[PR]: 0.296351
Val	AUC[ROC]: 0.951008	AUC[PR]: 0.103668
Epoch evaluation duration: 37.4653279781
Epoch duration: 44.6161048412

Epoch 184/1000
Epoch training duration: 8.03875803947
Train	AUC[ROC]: 0.997989	AUC[PR]: 0.291397
Val	AUC[ROC]: 0.950200	AUC[PR]: 0.099169
Epoch evaluation duration: 37.6032760143
Epoch duration: 45.6420340538

Epoch 185/1000
Epoch training duration: 7.58056902885
Train	AUC[ROC]: 0.998019	AUC[PR]: 0.298017
Val	AUC[ROC]: 0.950384	AUC[PR]: 0.109375
Epoch evaluation duration: 36.7716970444
Epoch duration: 44.3522660732

Epoch 186/1000
Epoch training duration: 7.48891282082
Train	AUC[ROC]: 0.998000	AUC[PR]: 0.290386
Val	AUC[ROC]: 0.945663	AUC[PR]: 0.094398
Epoch evaluation duration: 36.8811230659
Epoch duration: 44.3700358868

Epoch 187/1000
Epoch training duration: 7.57500600815
Train	AUC[ROC]: 0.997947	AUC[PR]: 0.288373
Val	AUC[ROC]: 0.944082	AUC[PR]: 0.092903
Epoch evaluation duration: 37.656085968
Epoch duration: 45.2310919762

Epoch 188/1000
Epoch training duration: 8.07607507706
Train	AUC[ROC]: 0.997920	AUC[PR]: 0.295810
Val	AUC[ROC]: 0.949516	AUC[PR]: 0.106281
Epoch evaluation duration: 37.426543951
Epoch duration: 45.5026190281

Epoch 189/1000
Epoch training duration: 7.23516893387
Train	AUC[ROC]: 0.998000	AUC[PR]: 0.296548
Val	AUC[ROC]: 0.950715	AUC[PR]: 0.104644
Epoch evaluation duration: 36.9130601883
Epoch duration: 44.1482291222

Epoch 190/1000
Epoch training duration: 8.18236494064
Train	AUC[ROC]: 0.998084	AUC[PR]: 0.307731
Val	AUC[ROC]: 0.949876	AUC[PR]: 0.099779
Epoch evaluation duration: 38.4724218845
Epoch duration: 46.6547868252

Epoch 191/1000
Epoch training duration: 7.74443912506
Train	AUC[ROC]: 0.997958	AUC[PR]: 0.296153
Val	AUC[ROC]: 0.945352	AUC[PR]: 0.090215
Epoch evaluation duration: 36.2954668999
Epoch duration: 44.0399060249

Epoch 192/1000
Epoch training duration: 7.16319394112
Train	AUC[ROC]: 0.997917	AUC[PR]: 0.292796
Val	AUC[ROC]: 0.945407	AUC[PR]: 0.090619
Epoch evaluation duration: 36.2548401356
Epoch duration: 43.4180340767

Epoch 193/1000
Epoch training duration: 7.03730988503
Train	AUC[ROC]: 0.998021	AUC[PR]: 0.297171
Val	AUC[ROC]: 0.948021	AUC[PR]: 0.097003
Epoch evaluation duration: 37.5482141972
Epoch duration: 44.5855240822

Epoch 194/1000
Epoch training duration: 7.36326384544
Train	AUC[ROC]: 0.997971	AUC[PR]: 0.294755
Val	AUC[ROC]: 0.947187	AUC[PR]: 0.092344
Epoch evaluation duration: 36.4637310505
Epoch duration: 43.8269948959

Epoch 195/1000
Epoch training duration: 7.26045799255
Train	AUC[ROC]: 0.997984	AUC[PR]: 0.292508
Val	AUC[ROC]: 0.950636	AUC[PR]: 0.101029
Epoch evaluation duration: 37.1573109627
Epoch duration: 44.4177689552

Epoch 196/1000
Epoch training duration: 7.05974793434
Train	AUC[ROC]: 0.998061	AUC[PR]: 0.301188
Val	AUC[ROC]: 0.955269	AUC[PR]: 0.098763
Epoch evaluation duration: 37.2077162266
Epoch duration: 44.2674641609

Epoch 197/1000
Epoch training duration: 6.92471385002
Train	AUC[ROC]: 0.998067	AUC[PR]: 0.301199
Val	AUC[ROC]: 0.953438	AUC[PR]: 0.102541
Epoch evaluation duration: 37.5797700882
Epoch duration: 44.5044839382

Epoch 198/1000
Epoch training duration: 7.26932287216
Train	AUC[ROC]: 0.997991	AUC[PR]: 0.295953
Val	AUC[ROC]: 0.939623	AUC[PR]: 0.097435
Epoch evaluation duration: 37.4488971233
Epoch duration: 44.7182199955

Epoch 199/1000
Epoch training duration: 7.05574297905
Train	AUC[ROC]: 0.998078	AUC[PR]: 0.302148
Val	AUC[ROC]: 0.947645	AUC[PR]: 0.104724
Epoch evaluation duration: 37.5706560612
Epoch duration: 44.6263990402

Epoch 200/1000
Epoch training duration: 7.72841382027
Train	AUC[ROC]: 0.998046	AUC[PR]: 0.294975
Val	AUC[ROC]: 0.949748	AUC[PR]: 0.095314
Epoch evaluation duration: 37.9639320374
Epoch duration: 45.6923458576

Epoch 201/1000
Epoch training duration: 7.45065498352
Train	AUC[ROC]: 0.998031	AUC[PR]: 0.297974
Val	AUC[ROC]: 0.945269	AUC[PR]: 0.104611
Epoch evaluation duration: 37.5221230984
Epoch duration: 44.9727780819

Epoch 202/1000
Epoch training duration: 6.96886205673
Train	AUC[ROC]: 0.998012	AUC[PR]: 0.294525
Val	AUC[ROC]: 0.954448	AUC[PR]: 0.091720
Epoch evaluation duration: 37.3323478699
Epoch duration: 44.3012099266

Epoch 203/1000
Epoch training duration: 6.90953302383
Train	AUC[ROC]: 0.997987	AUC[PR]: 0.294817
Val	AUC[ROC]: 0.949251	AUC[PR]: 0.101574
Epoch evaluation duration: 37.0863080025
Epoch duration: 43.9958410263

Epoch 204/1000
Epoch training duration: 7.96235895157
Train	AUC[ROC]: 0.998043	AUC[PR]: 0.308899
Val	AUC[ROC]: 0.950626	AUC[PR]: 0.097533
Epoch evaluation duration: 37.6196160316
Epoch duration: 45.5819749832

Epoch 205/1000
Epoch training duration: 7.33577108383
Train	AUC[ROC]: 0.998070	AUC[PR]: 0.300394
Val	AUC[ROC]: 0.950051	AUC[PR]: 0.104612
Epoch evaluation duration: 37.4083330631
Epoch duration: 44.744104147

Epoch 206/1000
Epoch training duration: 7.03258895874
Train	AUC[ROC]: 0.997979	AUC[PR]: 0.293656
Val	AUC[ROC]: 0.951703	AUC[PR]: 0.097883
Epoch evaluation duration: 37.0153028965
Epoch duration: 44.0478918552

Epoch 207/1000
Epoch training duration: 7.28720092773
Train	AUC[ROC]: 0.998082	AUC[PR]: 0.300540
Val	AUC[ROC]: 0.948949	AUC[PR]: 0.100180
Epoch evaluation duration: 37.0546090603
Epoch duration: 44.341809988

Epoch 208/1000
Epoch training duration: 7.34513306618
Train	AUC[ROC]: 0.997960	AUC[PR]: 0.295484
Val	AUC[ROC]: 0.950905	AUC[PR]: 0.093822
Epoch evaluation duration: 36.878964901
Epoch duration: 44.2240979671

Epoch 209/1000
Epoch training duration: 7.11684417725
Train	AUC[ROC]: 0.998065	AUC[PR]: 0.297960
Val	AUC[ROC]: 0.953078	AUC[PR]: 0.100492
Epoch evaluation duration: 36.164233923
Epoch duration: 43.2810781002

Epoch 210/1000
Epoch training duration: 7.13757491112
Train	AUC[ROC]: 0.998023	AUC[PR]: 0.296995
Val	AUC[ROC]: 0.948720	AUC[PR]: 0.094019
Epoch evaluation duration: 36.4829130173
Epoch duration: 43.6204879284

Epoch 211/1000
Epoch training duration: 7.32066893578
Train	AUC[ROC]: 0.998044	AUC[PR]: 0.298070
Val	AUC[ROC]: 0.952489	AUC[PR]: 0.088621
Epoch evaluation duration: 36.8451390266
Epoch duration: 44.1658079624

Epoch 212/1000
Epoch training duration: 7.28376412392
Train	AUC[ROC]: 0.998098	AUC[PR]: 0.300376
Val	AUC[ROC]: 0.944023	AUC[PR]: 0.100243
Epoch evaluation duration: 35.8135609627
Epoch duration: 43.0973250866

Epoch 213/1000
Epoch training duration: 6.90131402016
Train	AUC[ROC]: 0.998013	AUC[PR]: 0.295756
Val	AUC[ROC]: 0.946102	AUC[PR]: 0.099048
Epoch evaluation duration: 37.3042109013
Epoch duration: 44.2055249214

Epoch 214/1000
Epoch training duration: 7.39131307602
Train	AUC[ROC]: 0.998048	AUC[PR]: 0.298353
Val	AUC[ROC]: 0.946232	AUC[PR]: 0.090951
Epoch evaluation duration: 38.060270071
Epoch duration: 45.451583147

Epoch 215/1000
Epoch training duration: 7.49889087677
Train	AUC[ROC]: 0.998044	AUC[PR]: 0.300570
Val	AUC[ROC]: 0.950206	AUC[PR]: 0.097849
Epoch evaluation duration: 37.0775091648
Epoch duration: 44.5764000416

Epoch 216/1000
Epoch training duration: 7.07361698151
Train	AUC[ROC]: 0.998096	AUC[PR]: 0.307730
Val	AUC[ROC]: 0.949904	AUC[PR]: 0.108418
Epoch evaluation duration: 37.3864610195
Epoch duration: 44.460078001

Epoch 217/1000
Epoch training duration: 7.49882984161
Train	AUC[ROC]: 0.998049	AUC[PR]: 0.302961
Val	AUC[ROC]: 0.950213	AUC[PR]: 0.098997
Epoch evaluation duration: 37.8223390579
Epoch duration: 45.3211688995

Epoch 218/1000
Epoch training duration: 7.76338887215
Train	AUC[ROC]: 0.998094	AUC[PR]: 0.296732
Val	AUC[ROC]: 0.952496	AUC[PR]: 0.098943
Epoch evaluation duration: 36.7740821838
Epoch duration: 44.537471056

Epoch 219/1000
Epoch training duration: 7.38041901588
Train	AUC[ROC]: 0.998020	AUC[PR]: 0.291245
Val	AUC[ROC]: 0.949608	AUC[PR]: 0.098258
Epoch evaluation duration: 37.0005090237
Epoch duration: 44.3809280396

Epoch 220/1000
Epoch training duration: 6.89349198341
Train	AUC[ROC]: 0.998051	AUC[PR]: 0.305354
Val	AUC[ROC]: 0.950092	AUC[PR]: 0.094412
Epoch evaluation duration: 36.9653768539
Epoch duration: 43.8588688374

Epoch 221/1000
Epoch training duration: 7.21670508385
Train	AUC[ROC]: 0.998084	AUC[PR]: 0.301234
Val	AUC[ROC]: 0.950732	AUC[PR]: 0.097203
Epoch evaluation duration: 38.2168989182
Epoch duration: 45.433604002

Epoch 222/1000
Epoch training duration: 7.53671813011
Train	AUC[ROC]: 0.998039	AUC[PR]: 0.299388
Val	AUC[ROC]: 0.953472	AUC[PR]: 0.095490
Epoch evaluation duration: 36.8522379398
Epoch duration: 44.3889560699

Epoch 223/1000
Epoch training duration: 7.44472789764
Train	AUC[ROC]: 0.998055	AUC[PR]: 0.300406
Val	AUC[ROC]: 0.954485	AUC[PR]: 0.096473
Epoch evaluation duration: 36.0261349678
Epoch duration: 43.4708628654

Epoch 224/1000
Epoch training duration: 7.35248112679
Train	AUC[ROC]: 0.998044	AUC[PR]: 0.302962
Val	AUC[ROC]: 0.951778	AUC[PR]: 0.107874
Epoch evaluation duration: 36.4918889999
Epoch duration: 43.8443701267

Epoch 225/1000
Epoch training duration: 8.10702490807
Train	AUC[ROC]: 0.998084	AUC[PR]: 0.307213
Val	AUC[ROC]: 0.949667	AUC[PR]: 0.096674
Epoch evaluation duration: 37.1860561371
Epoch duration: 45.2930810452

Epoch 226/1000
Epoch training duration: 7.41447782516
Train	AUC[ROC]: 0.998100	AUC[PR]: 0.301066
Val	AUC[ROC]: 0.950424	AUC[PR]: 0.106645
Epoch evaluation duration: 38.4762880802
Epoch duration: 45.8907659054

Epoch 227/1000
Epoch training duration: 7.98514604568
Train	AUC[ROC]: 0.998020	AUC[PR]: 0.287887
Val	AUC[ROC]: 0.950756	AUC[PR]: 0.088578
Epoch evaluation duration: 37.938450098
Epoch duration: 45.9235961437

Epoch 228/1000
Epoch training duration: 7.8064968586
Train	AUC[ROC]: 0.997949	AUC[PR]: 0.286746
Val	AUC[ROC]: 0.941633	AUC[PR]: 0.081363
Epoch evaluation duration: 37.1242930889
Epoch duration: 44.9307899475

Epoch 229/1000
Epoch training duration: 7.31065487862
Train	AUC[ROC]: 0.998027	AUC[PR]: 0.292537
Val	AUC[ROC]: 0.947435	AUC[PR]: 0.093166
Epoch evaluation duration: 37.6326801777
Epoch duration: 44.9433350563

Epoch 230/1000
Epoch training duration: 7.07346892357
Train	AUC[ROC]: 0.998108	AUC[PR]: 0.306290
Val	AUC[ROC]: 0.954423	AUC[PR]: 0.101888
Epoch evaluation duration: 37.027479887
Epoch duration: 44.1009488106

Epoch 231/1000
Epoch training duration: 6.97627401352
Train	AUC[ROC]: 0.998021	AUC[PR]: 0.297261
Val	AUC[ROC]: 0.948884	AUC[PR]: 0.089665
Epoch evaluation duration: 36.7802369595
Epoch duration: 43.756510973

Epoch 232/1000
Epoch training duration: 7.34433412552
Train	AUC[ROC]: 0.998017	AUC[PR]: 0.299913
Val	AUC[ROC]: 0.949534	AUC[PR]: 0.100078
Epoch evaluation duration: 36.5469100475
Epoch duration: 43.891244173

Epoch 233/1000
Epoch training duration: 7.50079894066
Train	AUC[ROC]: 0.998044	AUC[PR]: 0.303242
Val	AUC[ROC]: 0.947972	AUC[PR]: 0.092095
Epoch evaluation duration: 36.9556109905
Epoch duration: 44.4564099312

Epoch 234/1000
Epoch training duration: 7.01399993896
Train	AUC[ROC]: 0.998086	AUC[PR]: 0.299160
Val	AUC[ROC]: 0.949872	AUC[PR]: 0.093072
Epoch evaluation duration: 36.7223680019
Epoch duration: 43.7363679409

Epoch 235/1000
Epoch training duration: 7.17465806007
Train	AUC[ROC]: 0.998075	AUC[PR]: 0.307432
Val	AUC[ROC]: 0.942865	AUC[PR]: 0.098618
Epoch evaluation duration: 36.5088119507
Epoch duration: 43.6834700108

Epoch 236/1000
Epoch training duration: 7.45066595078
Train	AUC[ROC]: 0.998014	AUC[PR]: 0.293242
Val	AUC[ROC]: 0.951371	AUC[PR]: 0.096899
Epoch evaluation duration: 37.9344410896
Epoch duration: 45.3851070404

Epoch 237/1000
Epoch training duration: 8.03029894829
Train	AUC[ROC]: 0.998069	AUC[PR]: 0.307371
Val	AUC[ROC]: 0.950282	AUC[PR]: 0.105802
Epoch evaluation duration: 37.1044261456
Epoch duration: 45.1347250938

Epoch 238/1000
Epoch training duration: 7.74378085136
Train	AUC[ROC]: 0.998028	AUC[PR]: 0.301995
Val	AUC[ROC]: 0.944779	AUC[PR]: 0.097396
Epoch evaluation duration: 37.8868801594
Epoch duration: 45.6306610107

Epoch 239/1000
Epoch training duration: 7.66150689125
Train	AUC[ROC]: 0.998052	AUC[PR]: 0.292901
Val	AUC[ROC]: 0.948147	AUC[PR]: 0.102844
Epoch evaluation duration: 36.0717389584
Epoch duration: 43.7332458496

Epoch 240/1000
Epoch training duration: 7.47756814957
Train	AUC[ROC]: 0.997951	AUC[PR]: 0.289485
Val	AUC[ROC]: 0.951441	AUC[PR]: 0.093637
Epoch evaluation duration: 36.7302160263
Epoch duration: 44.2077841759

Epoch 241/1000
Epoch training duration: 7.39117693901
Train	AUC[ROC]: 0.998107	AUC[PR]: 0.305197
Val	AUC[ROC]: 0.944480	AUC[PR]: 0.113978
Epoch evaluation duration: 37.3828279972
Epoch duration: 44.7740049362

Epoch 242/1000
Epoch training duration: 7.77677798271
Train	AUC[ROC]: 0.998083	AUC[PR]: 0.295017
Val	AUC[ROC]: 0.950300	AUC[PR]: 0.097954
Epoch evaluation duration: 37.7664449215
Epoch duration: 45.5432229042

Epoch 243/1000
Epoch training duration: 7.85638213158
Train	AUC[ROC]: 0.998064	AUC[PR]: 0.295627
Val	AUC[ROC]: 0.949805	AUC[PR]: 0.088396
Epoch evaluation duration: 38.2222619057
Epoch duration: 46.0786440372

Epoch 244/1000
Epoch training duration: 8.21786808968
Train	AUC[ROC]: 0.998123	AUC[PR]: 0.304002
Val	AUC[ROC]: 0.946469	AUC[PR]: 0.094735
Epoch evaluation duration: 37.2596487999
Epoch duration: 45.4775168896

Epoch 245/1000
Epoch training duration: 7.74742603302
Train	AUC[ROC]: 0.998076	AUC[PR]: 0.300870
Val	AUC[ROC]: 0.956750	AUC[PR]: 0.088758
Epoch evaluation duration: 38.4594881535
Epoch duration: 46.2069141865

Epoch 246/1000
Epoch training duration: 7.70951581001
Train	AUC[ROC]: 0.998113	AUC[PR]: 0.304048
Val	AUC[ROC]: 0.952959	AUC[PR]: 0.095201
Epoch evaluation duration: 37.5095210075
Epoch duration: 45.2190368176

Epoch 247/1000
Epoch training duration: 7.98263907433
Train	AUC[ROC]: 0.998094	AUC[PR]: 0.303757
Val	AUC[ROC]: 0.953119	AUC[PR]: 0.093907
Epoch evaluation duration: 38.3892359734
Epoch duration: 46.3718750477

Epoch 248/1000
Epoch training duration: 7.9515440464
Train	AUC[ROC]: 0.998077	AUC[PR]: 0.303296
Val	AUC[ROC]: 0.952644	AUC[PR]: 0.098379
Epoch evaluation duration: 38.1528120041
Epoch duration: 46.1043560505

Epoch 249/1000
Epoch training duration: 7.67159795761
Train	AUC[ROC]: 0.998124	AUC[PR]: 0.304150
Val	AUC[ROC]: 0.944287	AUC[PR]: 0.095436
Epoch evaluation duration: 38.2769811153
Epoch duration: 45.948579073

Epoch 250/1000
Epoch training duration: 7.81199383736
Train	AUC[ROC]: 0.998088	AUC[PR]: 0.301540
Val	AUC[ROC]: 0.947878	AUC[PR]: 0.095597
Epoch evaluation duration: 36.9893491268
Epoch duration: 44.8013429642

Epoch 251/1000
Epoch training duration: 8.18871188164
Train	AUC[ROC]: 0.998065	AUC[PR]: 0.306039
Val	AUC[ROC]: 0.944547	AUC[PR]: 0.086339
Epoch evaluation duration: 39.4812669754
Epoch duration: 47.669978857

Epoch 252/1000
Epoch training duration: 7.69838404655
Train	AUC[ROC]: 0.998059	AUC[PR]: 0.297184
Val	AUC[ROC]: 0.947664	AUC[PR]: 0.093626
Epoch evaluation duration: 38.0162191391
Epoch duration: 45.7146031857

Epoch 253/1000
Epoch training duration: 7.78966784477
Train	AUC[ROC]: 0.998141	AUC[PR]: 0.314033
Val	AUC[ROC]: 0.946984	AUC[PR]: 0.120812
Epoch evaluation duration: 37.048099041
Epoch duration: 44.8377668858

Epoch 254/1000
Epoch training duration: 7.385420084
Train	AUC[ROC]: 0.998137	AUC[PR]: 0.309004
Val	AUC[ROC]: 0.948667	AUC[PR]: 0.100493
Epoch evaluation duration: 37.1750018597
Epoch duration: 44.5604219437

Epoch 255/1000
Epoch training duration: 7.05374217033
Train	AUC[ROC]: 0.998122	AUC[PR]: 0.305586
Val	AUC[ROC]: 0.952280	AUC[PR]: 0.096648
Epoch evaluation duration: 36.1631758213
Epoch duration: 43.2169179916

Epoch 256/1000
Epoch training duration: 7.0192232132
Train	AUC[ROC]: 0.998139	AUC[PR]: 0.307341
Val	AUC[ROC]: 0.950604	AUC[PR]: 0.106218
Epoch evaluation duration: 37.1803820133
Epoch duration: 44.1996052265

Epoch 257/1000
Epoch training duration: 7.35127687454
Train	AUC[ROC]: 0.998080	AUC[PR]: 0.307264
Val	AUC[ROC]: 0.947081	AUC[PR]: 0.097951
Epoch evaluation duration: 36.5923321247
Epoch duration: 43.9436089993

Epoch 258/1000
Epoch training duration: 7.15692996979
Train	AUC[ROC]: 0.998083	AUC[PR]: 0.293552
Val	AUC[ROC]: 0.946057	AUC[PR]: 0.086442
Epoch evaluation duration: 36.5572400093
Epoch duration: 43.7141699791

Epoch 259/1000
Epoch training duration: 6.94408488274
Train	AUC[ROC]: 0.998126	AUC[PR]: 0.309715
Val	AUC[ROC]: 0.946208	AUC[PR]: 0.103215
Epoch evaluation duration: 36.8893709183
Epoch duration: 43.833455801

Epoch 260/1000
Epoch training duration: 7.28595209122
Train	AUC[ROC]: 0.998126	AUC[PR]: 0.301856
Val	AUC[ROC]: 0.949351	AUC[PR]: 0.098286
Epoch evaluation duration: 36.9530670643
Epoch duration: 44.2390191555

Epoch 261/1000
Epoch training duration: 7.6231238842
Train	AUC[ROC]: 0.998091	AUC[PR]: 0.303831
Val	AUC[ROC]: 0.949529	AUC[PR]: 0.090031
Epoch evaluation duration: 37.4929339886
Epoch duration: 45.1160578728

Epoch 262/1000
Epoch training duration: 7.1253900528
Train	AUC[ROC]: 0.998145	AUC[PR]: 0.308366
Val	AUC[ROC]: 0.948059	AUC[PR]: 0.099600
Epoch evaluation duration: 36.2626810074
Epoch duration: 43.3880710602

Epoch 263/1000
Epoch training duration: 7.0595600605
Train	AUC[ROC]: 0.998126	AUC[PR]: 0.307050
Val	AUC[ROC]: 0.943944	AUC[PR]: 0.100175
Epoch evaluation duration: 36.8956840038
Epoch duration: 43.9552440643

Epoch 264/1000
Epoch training duration: 7.40207004547
Train	AUC[ROC]: 0.998094	AUC[PR]: 0.305048
Val	AUC[ROC]: 0.943140	AUC[PR]: 0.092963
Epoch evaluation duration: 39.2061088085
Epoch duration: 46.608178854

Epoch 265/1000
Epoch training duration: 7.83252000809
Train	AUC[ROC]: 0.998091	AUC[PR]: 0.303653
Val	AUC[ROC]: 0.947401	AUC[PR]: 0.102784
Epoch evaluation duration: 38.7545871735
Epoch duration: 46.5871071815

Epoch 266/1000
Epoch training duration: 7.79650902748
Train	AUC[ROC]: 0.998097	AUC[PR]: 0.306231
Val	AUC[ROC]: 0.945117	AUC[PR]: 0.096881
Epoch evaluation duration: 37.657435894
Epoch duration: 45.4539449215

Epoch 267/1000
Epoch training duration: 9.34401798248
Train	AUC[ROC]: 0.998126	AUC[PR]: 0.308122
Val	AUC[ROC]: 0.945498	AUC[PR]: 0.101367
Epoch evaluation duration: 37.7443420887
Epoch duration: 47.0883600712

Epoch 268/1000
Epoch training duration: 8.61820888519
Train	AUC[ROC]: 0.998109	AUC[PR]: 0.306570
Val	AUC[ROC]: 0.945181	AUC[PR]: 0.102721
Epoch evaluation duration: 36.2099189758
Epoch duration: 44.828127861

Epoch 269/1000
Epoch training duration: 8.69291305542
Train	AUC[ROC]: 0.998133	AUC[PR]: 0.301036
Val	AUC[ROC]: 0.946135	AUC[PR]: 0.094219
Epoch evaluation duration: 36.8359749317
Epoch duration: 45.5288879871

Epoch 270/1000
Epoch training duration: 8.47887301445
Train	AUC[ROC]: 0.998109	AUC[PR]: 0.308380
Val	AUC[ROC]: 0.948933	AUC[PR]: 0.096055
Epoch evaluation duration: 36.4997820854
Epoch duration: 44.9786550999

Epoch 271/1000
Epoch training duration: 8.63725590706
Train	AUC[ROC]: 0.998135	AUC[PR]: 0.306564
Val	AUC[ROC]: 0.945190	AUC[PR]: 0.091353
Epoch evaluation duration: 35.3992910385
Epoch duration: 44.0365469456

Epoch 272/1000
Epoch training duration: 7.94089007378
Train	AUC[ROC]: 0.998116	AUC[PR]: 0.306055
Val	AUC[ROC]: 0.942996	AUC[PR]: 0.092806
Epoch evaluation duration: 34.2276630402
Epoch duration: 42.1685531139

Epoch 273/1000
Epoch training duration: 9.09366393089
Train	AUC[ROC]: 0.998149	AUC[PR]: 0.307370
Val	AUC[ROC]: 0.949532	AUC[PR]: 0.094113
Epoch evaluation duration: 36.8333210945
Epoch duration: 45.9269850254

Epoch 274/1000
Epoch training duration: 8.89186787605
Train	AUC[ROC]: 0.998144	AUC[PR]: 0.310008
Val	AUC[ROC]: 0.944207	AUC[PR]: 0.097194
Epoch evaluation duration: 37.3841500282
Epoch duration: 46.2760179043

Epoch 275/1000
Epoch training duration: 8.49815607071
Train	AUC[ROC]: 0.998094	AUC[PR]: 0.305584
Val	AUC[ROC]: 0.949431	AUC[PR]: 0.092160
Epoch evaluation duration: 39.168555975
Epoch duration: 47.6667120457

Epoch 276/1000
Epoch training duration: 9.03907203674
Train	AUC[ROC]: 0.998163	AUC[PR]: 0.303803
Val	AUC[ROC]: 0.942464	AUC[PR]: 0.090321
Epoch evaluation duration: 35.6084468365
Epoch duration: 44.6475188732

Epoch 277/1000
Epoch training duration: 8.46768307686
Train	AUC[ROC]: 0.998136	AUC[PR]: 0.303511
Val	AUC[ROC]: 0.951171	AUC[PR]: 0.092955
Epoch evaluation duration: 38.0383350849
Epoch duration: 46.5060181618

Epoch 278/1000
Epoch training duration: 8.7696428299
Train	AUC[ROC]: 0.998124	AUC[PR]: 0.306111
Val	AUC[ROC]: 0.946648	AUC[PR]: 0.098970
Epoch evaluation duration: 36.3220171928
Epoch duration: 45.0916600227

Epoch 279/1000
Epoch training duration: 8.91365790367
Train	AUC[ROC]: 0.998130	AUC[PR]: 0.304200
Val	AUC[ROC]: 0.948542	AUC[PR]: 0.097228
Epoch evaluation duration: 37.4858729839
Epoch duration: 46.3995308876

Epoch 280/1000
Epoch training duration: 8.33200192451
Train	AUC[ROC]: 0.998127	AUC[PR]: 0.309555
Val	AUC[ROC]: 0.945743	AUC[PR]: 0.097611
Epoch evaluation duration: 38.2047441006
Epoch duration: 46.5367460251

Epoch 281/1000
Epoch training duration: 8.96279287338
Train	AUC[ROC]: 0.998073	AUC[PR]: 0.299675
Val	AUC[ROC]: 0.943476	AUC[PR]: 0.088694
Epoch evaluation duration: 37.1011450291
Epoch duration: 46.0639379025

Epoch 282/1000
Epoch training duration: 8.84319210052
Train	AUC[ROC]: 0.998126	AUC[PR]: 0.303145
Val	AUC[ROC]: 0.944031	AUC[PR]: 0.093352
Epoch evaluation duration: 38.9662029743
Epoch duration: 47.8093950748

Epoch 283/1000
Epoch training duration: 8.62442207336
Train	AUC[ROC]: 0.998031	AUC[PR]: 0.300349
Val	AUC[ROC]: 0.948292	AUC[PR]: 0.092402
Epoch evaluation duration: 39.5444250107
Epoch duration: 48.168847084

Epoch 284/1000
Epoch training duration: 8.60440397263
Train	AUC[ROC]: 0.998121	AUC[PR]: 0.304411
Val	AUC[ROC]: 0.947697	AUC[PR]: 0.090481
Epoch evaluation duration: 36.4869480133
Epoch duration: 45.0913519859

Epoch 285/1000
Epoch training duration: 8.31232595444
Train	AUC[ROC]: 0.998184	AUC[PR]: 0.310649
Val	AUC[ROC]: 0.952812	AUC[PR]: 0.100118
Epoch evaluation duration: 35.7983958721
Epoch duration: 44.1107218266

Epoch 286/1000
Epoch training duration: 8.83054018021
Train	AUC[ROC]: 0.998153	AUC[PR]: 0.316852
Val	AUC[ROC]: 0.945561	AUC[PR]: 0.097513
Epoch evaluation duration: 38.675139904
Epoch duration: 47.5056800842

Epoch 287/1000
Epoch training duration: 8.93469905853
Train	AUC[ROC]: 0.998088	AUC[PR]: 0.298116
Val	AUC[ROC]: 0.954011	AUC[PR]: 0.102494
Epoch evaluation duration: 38.860503912
Epoch duration: 47.7952029705

Epoch 288/1000
Epoch training duration: 8.66637301445
Train	AUC[ROC]: 0.998113	AUC[PR]: 0.306630
Val	AUC[ROC]: 0.942425	AUC[PR]: 0.098125
Epoch evaluation duration: 37.3393359184
Epoch duration: 46.0057089329

Epoch 289/1000
Epoch training duration: 8.50904107094
Train	AUC[ROC]: 0.998081	AUC[PR]: 0.304364
Val	AUC[ROC]: 0.952155	AUC[PR]: 0.100483
Epoch evaluation duration: 36.5910019875
Epoch duration: 45.1000430584

Epoch 290/1000
Epoch training duration: 8.5775179863
Train	AUC[ROC]: 0.998166	AUC[PR]: 0.310132
Val	AUC[ROC]: 0.945073	AUC[PR]: 0.104200
Epoch evaluation duration: 37.2336380482
Epoch duration: 45.8111560345

Epoch 291/1000
Epoch training duration: 8.72144603729
Train	AUC[ROC]: 0.998138	AUC[PR]: 0.309895
Val	AUC[ROC]: 0.946934	AUC[PR]: 0.100466
Epoch evaluation duration: 38.0009520054
Epoch duration: 46.7223980427

Epoch 292/1000
Epoch training duration: 8.88853406906
Train	AUC[ROC]: 0.998146	AUC[PR]: 0.306001
Val	AUC[ROC]: 0.940892	AUC[PR]: 0.096825
Epoch evaluation duration: 35.8626499176
Epoch duration: 44.7511839867

Epoch 293/1000
Epoch training duration: 8.92194509506
Train	AUC[ROC]: 0.998192	AUC[PR]: 0.323011
Val	AUC[ROC]: 0.946647	AUC[PR]: 0.105901
Epoch evaluation duration: 38.7330348492
Epoch duration: 47.6549799442

Epoch 294/1000
Epoch training duration: 8.75543498993
Train	AUC[ROC]: 0.998071	AUC[PR]: 0.297122
Val	AUC[ROC]: 0.942005	AUC[PR]: 0.096759
Epoch evaluation duration: 38.4047231674
Epoch duration: 47.1601581573

Epoch 295/1000
Epoch training duration: 8.16728281975
Train	AUC[ROC]: 0.998180	AUC[PR]: 0.311808
Val	AUC[ROC]: 0.950930	AUC[PR]: 0.099088
Epoch evaluation duration: 36.9203929901
Epoch duration: 45.0876758099

Epoch 296/1000
Epoch training duration: 9.00293707848
Train	AUC[ROC]: 0.998162	AUC[PR]: 0.311076
Val	AUC[ROC]: 0.941951	AUC[PR]: 0.098527
Epoch evaluation duration: 39.1086080074
Epoch duration: 48.1115450859

Epoch 297/1000
Epoch training duration: 8.65647792816
Train	AUC[ROC]: 0.998079	AUC[PR]: 0.296306
Val	AUC[ROC]: 0.950310	AUC[PR]: 0.095504
Epoch evaluation duration: 38.7554180622
Epoch duration: 47.4118959904

Epoch 298/1000
Epoch training duration: 9.09126996994
Train	AUC[ROC]: 0.998149	AUC[PR]: 0.307140
Val	AUC[ROC]: 0.946018	AUC[PR]: 0.090626
Epoch evaluation duration: 38.8416740894
Epoch duration: 47.9329440594

Epoch 299/1000
Epoch training duration: 8.77012395859
Train	AUC[ROC]: 0.998140	AUC[PR]: 0.311294
Val	AUC[ROC]: 0.945542	AUC[PR]: 0.102927
Epoch evaluation duration: 36.8778040409
Epoch duration: 45.6479279995

Epoch 300/1000
Epoch training duration: 8.51524591446
Train	AUC[ROC]: 0.998126	AUC[PR]: 0.308451
Val	AUC[ROC]: 0.945175	AUC[PR]: 0.096142
Epoch evaluation duration: 37.7166800499
Epoch duration: 46.2319259644

Epoch 301/1000
Epoch training duration: 8.69422197342
Train	AUC[ROC]: 0.998183	AUC[PR]: 0.311171
Val	AUC[ROC]: 0.946973	AUC[PR]: 0.106010
Epoch evaluation duration: 36.214566946
Epoch duration: 44.9087889194

Epoch 302/1000
Epoch training duration: 8.08658909798
Train	AUC[ROC]: 0.998215	AUC[PR]: 0.316908
Val	AUC[ROC]: 0.949390	AUC[PR]: 0.104337
Epoch evaluation duration: 36.931055069
Epoch duration: 45.0176441669

Epoch 303/1000
Epoch training duration: 9.16055178642
Train	AUC[ROC]: 0.998124	AUC[PR]: 0.305546
Val	AUC[ROC]: 0.944703	AUC[PR]: 0.090516
Epoch evaluation duration: 39.9446310997
Epoch duration: 49.1051828861

Epoch 304/1000
Epoch training duration: 8.8232729435
Train	AUC[ROC]: 0.998132	AUC[PR]: 0.304168
Val	AUC[ROC]: 0.946405	AUC[PR]: 0.096550
Epoch evaluation duration: 38.2971889973
Epoch duration: 47.1204619408

Epoch 305/1000
Epoch training duration: 8.50312709808
Train	AUC[ROC]: 0.998091	AUC[PR]: 0.297695
Val	AUC[ROC]: 0.946146	AUC[PR]: 0.095177
Epoch evaluation duration: 38.9634540081
Epoch duration: 47.4665811062

Epoch 306/1000
Epoch training duration: 8.80476498604
Train	AUC[ROC]: 0.998175	AUC[PR]: 0.313933
Val	AUC[ROC]: 0.949277	AUC[PR]: 0.093145
Epoch evaluation duration: 39.2914059162
Epoch duration: 48.0961709023

Epoch 307/1000
Epoch training duration: 8.42454910278
Train	AUC[ROC]: 0.998185	AUC[PR]: 0.316442
Val	AUC[ROC]: 0.944403	AUC[PR]: 0.109640
Epoch evaluation duration: 38.2531869411
Epoch duration: 46.6777360439

Epoch 308/1000
Epoch training duration: 8.50294589996
Train	AUC[ROC]: 0.998166	AUC[PR]: 0.309021
Val	AUC[ROC]: 0.942818	AUC[PR]: 0.090185
Epoch evaluation duration: 37.6891992092
Epoch duration: 46.1921451092

Epoch 309/1000
Epoch training duration: 8.43922901154
Train	AUC[ROC]: 0.998209	AUC[PR]: 0.316989
Val	AUC[ROC]: 0.949551	AUC[PR]: 0.115014
Epoch evaluation duration: 38.4165949821
Epoch duration: 46.8558239937

Epoch 310/1000
Epoch training duration: 8.97500395775
Train	AUC[ROC]: 0.998167	AUC[PR]: 0.310313
Val	AUC[ROC]: 0.942650	AUC[PR]: 0.099559
Epoch evaluation duration: 38.2604329586
Epoch duration: 47.2354369164

Epoch 311/1000
Epoch training duration: 8.6913599968
Train	AUC[ROC]: 0.998139	AUC[PR]: 0.302663
Val	AUC[ROC]: 0.942725	AUC[PR]: 0.083947
Epoch evaluation duration: 37.3639650345
Epoch duration: 46.0553250313

Epoch 312/1000
Epoch training duration: 8.42432403564
Train	AUC[ROC]: 0.998199	AUC[PR]: 0.315169
Val	AUC[ROC]: 0.944188	AUC[PR]: 0.101424
Epoch evaluation duration: 39.3743259907
Epoch duration: 47.7986500263

Epoch 313/1000
Epoch training duration: 8.63942193985
Train	AUC[ROC]: 0.998162	AUC[PR]: 0.306458
Val	AUC[ROC]: 0.947921	AUC[PR]: 0.102322
Epoch evaluation duration: 39.2084000111
Epoch duration: 47.8478219509

Epoch 314/1000
Epoch training duration: 8.8734099865
Train	AUC[ROC]: 0.998171	AUC[PR]: 0.308085
Val	AUC[ROC]: 0.943693	AUC[PR]: 0.094934
Epoch evaluation duration: 36.6608769894
Epoch duration: 45.5342869759

Epoch 315/1000
Epoch training duration: 8.85307192802
Train	AUC[ROC]: 0.998139	AUC[PR]: 0.315608
Val	AUC[ROC]: 0.951512	AUC[PR]: 0.100532
Epoch evaluation duration: 36.8241159916
Epoch duration: 45.6771879196

Epoch 316/1000
Epoch training duration: 8.3932390213
Train	AUC[ROC]: 0.998185	AUC[PR]: 0.305107
Val	AUC[ROC]: 0.945564	AUC[PR]: 0.093055
Epoch evaluation duration: 37.5960280895
Epoch duration: 45.9892671108

Epoch 317/1000
Epoch training duration: 8.69890499115
Train	AUC[ROC]: 0.998147	AUC[PR]: 0.305543
Val	AUC[ROC]: 0.944428	AUC[PR]: 0.088492
Epoch evaluation duration: 36.8948700428
Epoch duration: 45.593775034

Epoch 318/1000
Epoch training duration: 8.60536885262
Train	AUC[ROC]: 0.998109	AUC[PR]: 0.304209
Val	AUC[ROC]: 0.945464	AUC[PR]: 0.101357
Epoch evaluation duration: 38.2289581299
Epoch duration: 46.8343269825

Epoch 319/1000
Epoch training duration: 8.58428192139
Train	AUC[ROC]: 0.998143	AUC[PR]: 0.305317
Val	AUC[ROC]: 0.946472	AUC[PR]: 0.101397
Epoch evaluation duration: 40.0850000381
Epoch duration: 48.6692819595

Epoch 320/1000
Epoch training duration: 8.82055807114
Train	AUC[ROC]: 0.998146	AUC[PR]: 0.303239
Val	AUC[ROC]: 0.946527	AUC[PR]: 0.092737
Epoch evaluation duration: 40.3536398411
Epoch duration: 49.1741979122

Epoch 321/1000
Epoch training duration: 8.86056399345
Train	AUC[ROC]: 0.998187	AUC[PR]: 0.307500
Val	AUC[ROC]: 0.946676	AUC[PR]: 0.097052
Epoch evaluation duration: 36.9583411217
Epoch duration: 45.8189051151

Epoch 322/1000
Epoch training duration: 8.58852601051
Train	AUC[ROC]: 0.998108	AUC[PR]: 0.303439
Val	AUC[ROC]: 0.949282	AUC[PR]: 0.088281
Epoch evaluation duration: 38.6517930031
Epoch duration: 47.2403190136

Epoch 323/1000
Epoch training duration: 8.93207788467
Train	AUC[ROC]: 0.998188	AUC[PR]: 0.308349
Val	AUC[ROC]: 0.946778	AUC[PR]: 0.090856
Epoch evaluation duration: 37.3182871342
Epoch duration: 46.2503650188

Epoch 324/1000
Epoch training duration: 9.07071590424
Train	AUC[ROC]: 0.998130	AUC[PR]: 0.301893
Val	AUC[ROC]: 0.950671	AUC[PR]: 0.083037
Epoch evaluation duration: 37.4996290207
Epoch duration: 46.5703449249

Epoch 325/1000
Epoch training duration: 8.84731292725
Train	AUC[ROC]: 0.998204	AUC[PR]: 0.311299
Val	AUC[ROC]: 0.949131	AUC[PR]: 0.096691
Epoch evaluation duration: 37.1822981834
Epoch duration: 46.0296111107

Epoch 326/1000
Epoch training duration: 8.80769991875
Train	AUC[ROC]: 0.998113	AUC[PR]: 0.306218
Val	AUC[ROC]: 0.941518	AUC[PR]: 0.087557
Epoch evaluation duration: 37.2696909904
Epoch duration: 46.0773909092

Epoch 327/1000
Epoch training duration: 9.12101006508
Train	AUC[ROC]: 0.998079	AUC[PR]: 0.295171
Val	AUC[ROC]: 0.945522	AUC[PR]: 0.083997
Epoch evaluation duration: 37.9264419079
Epoch duration: 47.047451973

Epoch 328/1000
Epoch training duration: 8.65699291229
Train	AUC[ROC]: 0.998158	AUC[PR]: 0.307826
Val	AUC[ROC]: 0.946202	AUC[PR]: 0.097174
Epoch evaluation duration: 38.3770329952
Epoch duration: 47.0340259075

Epoch 329/1000
Epoch training duration: 9.59526014328
Train	AUC[ROC]: 0.998154	AUC[PR]: 0.310543
Val	AUC[ROC]: 0.945697	AUC[PR]: 0.094535
Epoch evaluation duration: 38.6059789658
Epoch duration: 48.201239109

Epoch 330/1000
Epoch training duration: 8.62970900536
Train	AUC[ROC]: 0.998197	AUC[PR]: 0.310176
Val	AUC[ROC]: 0.949870	AUC[PR]: 0.093784
Epoch evaluation duration: 36.922672987
Epoch duration: 45.5523819923

Epoch 331/1000
Epoch training duration: 8.45327305794
Train	AUC[ROC]: 0.998137	AUC[PR]: 0.298566
Val	AUC[ROC]: 0.948304	AUC[PR]: 0.094106
Epoch evaluation duration: 36.6859779358
Epoch duration: 45.1392509937

Epoch 332/1000
Epoch training duration: 9.04569292068
Train	AUC[ROC]: 0.998224	AUC[PR]: 0.317716
Val	AUC[ROC]: 0.949706	AUC[PR]: 0.094514
Epoch evaluation duration: 37.2997920513
Epoch duration: 46.345484972

Epoch 333/1000
Epoch training duration: 8.08203697205
Train	AUC[ROC]: 0.998216	AUC[PR]: 0.313311
Val	AUC[ROC]: 0.949336	AUC[PR]: 0.098586
Epoch evaluation duration: 36.8210740089
Epoch duration: 44.903110981

Epoch 334/1000
Epoch training duration: 8.39595508575
Train	AUC[ROC]: 0.998130	AUC[PR]: 0.305094
Val	AUC[ROC]: 0.946172	AUC[PR]: 0.089222
Epoch evaluation duration: 36.4811000824
Epoch duration: 44.8770551682

Epoch 335/1000
Epoch training duration: 9.01968193054
Train	AUC[ROC]: 0.998177	AUC[PR]: 0.309189
Val	AUC[ROC]: 0.952515	AUC[PR]: 0.095518
Epoch evaluation duration: 38.7462239265
Epoch duration: 47.7659058571

Epoch 336/1000
Epoch training duration: 8.58843493462
Train	AUC[ROC]: 0.998152	AUC[PR]: 0.308613
Val	AUC[ROC]: 0.947227	AUC[PR]: 0.098735
Epoch evaluation duration: 36.7142550945
Epoch duration: 45.3026900291

Epoch 337/1000
Epoch training duration: 9.17532396317
Train	AUC[ROC]: 0.998178	AUC[PR]: 0.308149
Val	AUC[ROC]: 0.949905	AUC[PR]: 0.094895
Epoch evaluation duration: 38.6935839653
Epoch duration: 47.8689079285

Epoch 338/1000
Epoch training duration: 9.13164615631
Train	AUC[ROC]: 0.998199	AUC[PR]: 0.311017
Val	AUC[ROC]: 0.946353	AUC[PR]: 0.092146
Epoch evaluation duration: 35.8664929867
Epoch duration: 44.998139143

Epoch 339/1000
Epoch training duration: 8.70335388184
Train	AUC[ROC]: 0.998170	AUC[PR]: 0.304286
Val	AUC[ROC]: 0.941414	AUC[PR]: 0.089832
Epoch evaluation duration: 36.4322259426
Epoch duration: 45.1355798244

Epoch 340/1000
Epoch training duration: 8.83852219582
Train	AUC[ROC]: 0.998192	AUC[PR]: 0.311490
Val	AUC[ROC]: 0.952441	AUC[PR]: 0.091557
Epoch evaluation duration: 38.1097939014
Epoch duration: 46.9483160973

Epoch 341/1000
Epoch training duration: 8.32411909103
Train	AUC[ROC]: 0.998117	AUC[PR]: 0.300463
Val	AUC[ROC]: 0.943285	AUC[PR]: 0.083990
Epoch evaluation duration: 36.8284490108
Epoch duration: 45.1525681019

Epoch 342/1000
Epoch training duration: 8.91319298744
Train	AUC[ROC]: 0.998171	AUC[PR]: 0.314315
Val	AUC[ROC]: 0.940160	AUC[PR]: 0.087951
Epoch evaluation duration: 38.8118829727
Epoch duration: 47.7250759602

Epoch 343/1000
Epoch training duration: 9.1963300705
Train	AUC[ROC]: 0.998179	AUC[PR]: 0.309926
Val	AUC[ROC]: 0.948959	AUC[PR]: 0.092915
Epoch evaluation duration: 39.4002048969
Epoch duration: 48.5965349674

Epoch 344/1000
Epoch training duration: 8.65413689613
Train	AUC[ROC]: 0.998155	AUC[PR]: 0.312784
Val	AUC[ROC]: 0.941407	AUC[PR]: 0.086916
Epoch evaluation duration: 37.0954802036
Epoch duration: 45.7496170998

Epoch 345/1000
Epoch training duration: 8.9261097908
Train	AUC[ROC]: 0.998150	AUC[PR]: 0.305164
Val	AUC[ROC]: 0.942391	AUC[PR]: 0.086029
Epoch evaluation duration: 36.7728431225
Epoch duration: 45.6989529133

Epoch 346/1000
Epoch training duration: 8.05951499939
Train	AUC[ROC]: 0.998178	AUC[PR]: 0.308432
Val	AUC[ROC]: 0.946316	AUC[PR]: 0.084529
Epoch evaluation duration: 37.4330558777
Epoch duration: 45.4925708771

Epoch 347/1000
Epoch training duration: 8.92140221596
Train	AUC[ROC]: 0.998193	AUC[PR]: 0.313003
Val	AUC[ROC]: 0.944022	AUC[PR]: 0.092661
Epoch evaluation duration: 37.9467039108
Epoch duration: 46.8681061268

Epoch 348/1000
Epoch training duration: 9.6729888916
Train	AUC[ROC]: 0.998189	AUC[PR]: 0.310041
Val	AUC[ROC]: 0.945104	AUC[PR]: 0.089079
Epoch evaluation duration: 38.2974250317
Epoch duration: 47.9704139233

Epoch 349/1000
Epoch training duration: 8.56147909164
Train	AUC[ROC]: 0.998155	AUC[PR]: 0.314909
Val	AUC[ROC]: 0.943608	AUC[PR]: 0.090672
Epoch evaluation duration: 37.4894790649
Epoch duration: 46.0509581566

Epoch 350/1000
Epoch training duration: 9.11625695229
Train	AUC[ROC]: 0.998165	AUC[PR]: 0.303540
Val	AUC[ROC]: 0.947674	AUC[PR]: 0.084064
Epoch evaluation duration: 37.248595953
Epoch duration: 46.3648529053

Epoch 351/1000
Epoch training duration: 8.95063209534
Train	AUC[ROC]: 0.998187	AUC[PR]: 0.310833
Val	AUC[ROC]: 0.944423	AUC[PR]: 0.090182
Epoch evaluation duration: 38.340187788
Epoch duration: 47.2908198833

Epoch 352/1000
Epoch training duration: 8.43790817261
Train	AUC[ROC]: 0.998172	AUC[PR]: 0.307806
Val	AUC[ROC]: 0.944729	AUC[PR]: 0.096173
Epoch evaluation duration: 36.3618218899
Epoch duration: 44.7997300625

Epoch 353/1000
Epoch training duration: 8.4417719841
Train	AUC[ROC]: 0.998140	AUC[PR]: 0.302835
Val	AUC[ROC]: 0.938143	AUC[PR]: 0.085197
Epoch evaluation duration: 36.8882751465
Epoch duration: 45.3300471306

Epoch 354/1000
Epoch training duration: 8.30757379532
Train	AUC[ROC]: 0.998184	AUC[PR]: 0.310727
Val	AUC[ROC]: 0.942935	AUC[PR]: 0.090365
Epoch evaluation duration: 36.4175522327
Epoch duration: 44.7251260281

Epoch 355/1000
Epoch training duration: 8.37765288353
Train	AUC[ROC]: 0.998168	AUC[PR]: 0.306019
Val	AUC[ROC]: 0.948494	AUC[PR]: 0.095613
Epoch evaluation duration: 35.9385020733
Epoch duration: 44.3161549568

Epoch 356/1000
Epoch training duration: 8.58729887009
Train	AUC[ROC]: 0.998123	AUC[PR]: 0.310028
Val	AUC[ROC]: 0.941743	AUC[PR]: 0.081715
Epoch evaluation duration: 36.0126440525
Epoch duration: 44.5999429226

Epoch 357/1000
Epoch training duration: 8.55173993111
Train	AUC[ROC]: 0.998135	AUC[PR]: 0.305677
Val	AUC[ROC]: 0.945383	AUC[PR]: 0.091809
Epoch evaluation duration: 36.8171310425
Epoch duration: 45.3688709736

Epoch 358/1000
Epoch training duration: 8.37348294258
Train	AUC[ROC]: 0.998193	AUC[PR]: 0.314295
Val	AUC[ROC]: 0.946611	AUC[PR]: 0.091623
Epoch evaluation duration: 35.8160920143
Epoch duration: 44.1895749569

Epoch 359/1000
Epoch training duration: 8.64473795891
Train	AUC[ROC]: 0.998135	AUC[PR]: 0.317740
Val	AUC[ROC]: 0.949363	AUC[PR]: 0.102704
Epoch evaluation duration: 36.1536400318
Epoch duration: 44.7983779907

Epoch 360/1000
Epoch training duration: 8.40859103203
Train	AUC[ROC]: 0.998195	AUC[PR]: 0.306305
Val	AUC[ROC]: 0.949242	AUC[PR]: 0.096775
Epoch evaluation duration: 36.4616720676
Epoch duration: 44.8702630997

Epoch 361/1000
Epoch training duration: 8.82135796547
Train	AUC[ROC]: 0.998203	AUC[PR]: 0.316014
Val	AUC[ROC]: 0.945814	AUC[PR]: 0.092597
Epoch evaluation duration: 37.9101769924
Epoch duration: 46.7315349579

Epoch 362/1000
Epoch training duration: 8.6830830574
Train	AUC[ROC]: 0.998160	AUC[PR]: 0.307732
Val	AUC[ROC]: 0.945486	AUC[PR]: 0.095311
Epoch evaluation duration: 36.8334310055
Epoch duration: 45.5165140629

Epoch 363/1000
Epoch training duration: 8.2902469635
Train	AUC[ROC]: 0.998169	AUC[PR]: 0.309930
Val	AUC[ROC]: 0.946086	AUC[PR]: 0.091058
Epoch evaluation duration: 36.9053759575
Epoch duration: 45.195622921

Epoch 364/1000
Epoch training duration: 8.65005993843
Train	AUC[ROC]: 0.998204	AUC[PR]: 0.313470
Val	AUC[ROC]: 0.946339	AUC[PR]: 0.100476
Epoch evaluation duration: 36.8733751774
Epoch duration: 45.5234351158

Epoch 365/1000
Epoch training duration: 8.22827982903
Train	AUC[ROC]: 0.998153	AUC[PR]: 0.308573
Val	AUC[ROC]: 0.944482	AUC[PR]: 0.087512
Epoch evaluation duration: 37.0495960712
Epoch duration: 45.2778759003

Epoch 366/1000
Epoch training duration: 8.6490790844
Train	AUC[ROC]: 0.998170	AUC[PR]: 0.310065
Val	AUC[ROC]: 0.945995	AUC[PR]: 0.097361
Epoch evaluation duration: 35.3423769474
Epoch duration: 43.9914560318

Epoch 367/1000
Epoch training duration: 8.34505009651
Train	AUC[ROC]: 0.998138	AUC[PR]: 0.306952
Val	AUC[ROC]: 0.946248	AUC[PR]: 0.093145
Epoch evaluation duration: 36.7522637844
Epoch duration: 45.0973138809

Epoch 368/1000
Epoch training duration: 8.56111001968
Train	AUC[ROC]: 0.998147	AUC[PR]: 0.307537
Val	AUC[ROC]: 0.942336	AUC[PR]: 0.092583
Epoch evaluation duration: 34.907544136
Epoch duration: 43.4686541557

Epoch 369/1000
Epoch training duration: 7.76330304146
Train	AUC[ROC]: 0.998134	AUC[PR]: 0.302859
Val	AUC[ROC]: 0.944141	AUC[PR]: 0.089068
Epoch evaluation duration: 34.7422959805
Epoch duration: 42.5055990219

Epoch 370/1000
Epoch training duration: 8.210283041
Train	AUC[ROC]: 0.998221	AUC[PR]: 0.309744
Val	AUC[ROC]: 0.944839	AUC[PR]: 0.091384
Epoch evaluation duration: 35.0634689331
Epoch duration: 43.2737519741

Epoch 371/1000
Epoch training duration: 8.76785588264
Train	AUC[ROC]: 0.998111	AUC[PR]: 0.305171
Val	AUC[ROC]: 0.943420	AUC[PR]: 0.087639
Epoch evaluation duration: 35.8558850288
Epoch duration: 44.6237409115

Epoch 372/1000
Epoch training duration: 8.73432898521
Train	AUC[ROC]: 0.998125	AUC[PR]: 0.299939
Val	AUC[ROC]: 0.939522	AUC[PR]: 0.082470
Epoch evaluation duration: 35.0553460121
Epoch duration: 43.7896749973

Epoch 373/1000
Epoch training duration: 8.01452898979
Train	AUC[ROC]: 0.998175	AUC[PR]: 0.306016
Val	AUC[ROC]: 0.946746	AUC[PR]: 0.089176
Epoch evaluation duration: 35.2832939625
Epoch duration: 43.2978229523

Epoch 374/1000
Epoch training duration: 8.31664919853
Train	AUC[ROC]: 0.998234	AUC[PR]: 0.313757
Val	AUC[ROC]: 0.946359	AUC[PR]: 0.092117
Epoch evaluation duration: 36.8631179333
Epoch duration: 45.1797671318

Epoch 375/1000
Epoch training duration: 9.23268985748
Train	AUC[ROC]: 0.998177	AUC[PR]: 0.310135
Val	AUC[ROC]: 0.943177	AUC[PR]: 0.094467
Epoch evaluation duration: 37.7345740795
Epoch duration: 46.967263937

Epoch 376/1000
Epoch training duration: 8.66323494911
Train	AUC[ROC]: 0.997985	AUC[PR]: 0.300884
Val	AUC[ROC]: 0.947837	AUC[PR]: 0.084262
Epoch evaluation duration: 36.8373520374
Epoch duration: 45.5005869865

Epoch 377/1000
Epoch training duration: 8.41759705544
Train	AUC[ROC]: 0.998131	AUC[PR]: 0.300235
Val	AUC[ROC]: 0.935792	AUC[PR]: 0.084104
Epoch evaluation duration: 36.7182459831
Epoch duration: 45.1358430386

Epoch 378/1000
Epoch training duration: 8.57180404663
Train	AUC[ROC]: 0.998149	AUC[PR]: 0.311295
Val	AUC[ROC]: 0.945653	AUC[PR]: 0.094845
Epoch evaluation duration: 36.1641349792
Epoch duration: 44.7359390259

Epoch 379/1000
Epoch training duration: 8.1717069149
Train	AUC[ROC]: 0.998176	AUC[PR]: 0.310016
Val	AUC[ROC]: 0.946368	AUC[PR]: 0.089622
Epoch evaluation duration: 35.8144340515
Epoch duration: 43.9861409664

Epoch 380/1000
Epoch training duration: 8.1265001297
Train	AUC[ROC]: 0.998183	AUC[PR]: 0.307116
Val	AUC[ROC]: 0.946716	AUC[PR]: 0.084475
Epoch evaluation duration: 36.2420909405
Epoch duration: 44.3685910702

Epoch 381/1000
Epoch training duration: 7.58938384056
Train	AUC[ROC]: 0.998188	AUC[PR]: 0.312530
Val	AUC[ROC]: 0.949141	AUC[PR]: 0.089747
Epoch evaluation duration: 36.3269660473
Epoch duration: 43.9163498878

Epoch 382/1000
Epoch training duration: 9.08998394012
Train	AUC[ROC]: 0.998093	AUC[PR]: 0.306010
Val	AUC[ROC]: 0.943482	AUC[PR]: 0.093812
Epoch evaluation duration: 36.4805700779
Epoch duration: 45.570554018

Epoch 383/1000
Epoch training duration: 8.56298613548
Train	AUC[ROC]: 0.998128	AUC[PR]: 0.300260
Val	AUC[ROC]: 0.945529	AUC[PR]: 0.090307
Epoch evaluation duration: 36.6631848812
Epoch duration: 45.2261710167

Epoch 384/1000
Epoch training duration: 8.49406099319
Train	AUC[ROC]: 0.998093	AUC[PR]: 0.300786
Val	AUC[ROC]: 0.941363	AUC[PR]: 0.091604
Epoch evaluation duration: 35.3948669434
Epoch duration: 43.8889279366

Epoch 385/1000
Epoch training duration: 8.34182906151
Train	AUC[ROC]: 0.998190	AUC[PR]: 0.309145
Val	AUC[ROC]: 0.944927	AUC[PR]: 0.091803
Epoch evaluation duration: 34.7988231182
Epoch duration: 43.1406521797

Epoch 386/1000
Epoch training duration: 7.64775490761
Train	AUC[ROC]: 0.998192	AUC[PR]: 0.314890
Val	AUC[ROC]: 0.941683	AUC[PR]: 0.087328
Epoch evaluation duration: 34.594547987
Epoch duration: 42.2423028946

Epoch 387/1000
Epoch training duration: 7.1632540226
Train	AUC[ROC]: 0.998183	AUC[PR]: 0.305756
Val	AUC[ROC]: 0.943428	AUC[PR]: 0.089407
Epoch evaluation duration: 34.6702139378
Epoch duration: 41.8334679604

Epoch 388/1000
Epoch training duration: 7.90176296234
Train	AUC[ROC]: 0.998187	AUC[PR]: 0.313770
Val	AUC[ROC]: 0.942563	AUC[PR]: 0.088932
Epoch evaluation duration: 37.7160320282
Epoch duration: 45.6177949905

Epoch 389/1000
Epoch training duration: 8.53769207001
Train	AUC[ROC]: 0.998196	AUC[PR]: 0.308797
Val	AUC[ROC]: 0.944296	AUC[PR]: 0.092403
Epoch evaluation duration: 37.3380680084
Epoch duration: 45.8757600784

Epoch 390/1000
Epoch training duration: 8.84532403946
Train	AUC[ROC]: 0.998252	AUC[PR]: 0.319992
Val	AUC[ROC]: 0.941477	AUC[PR]: 0.107866
Epoch evaluation duration: 35.1522488594
Epoch duration: 43.9975728989

Epoch 391/1000
Epoch training duration: 8.65297603607
Train	AUC[ROC]: 0.998178	AUC[PR]: 0.312858
Val	AUC[ROC]: 0.942181	AUC[PR]: 0.089935
Epoch evaluation duration: 34.6116919518
Epoch duration: 43.2646679878

Epoch 392/1000
Epoch training duration: 7.9972410202
Train	AUC[ROC]: 0.998188	AUC[PR]: 0.311760
Val	AUC[ROC]: 0.940840	AUC[PR]: 0.095623
Epoch evaluation duration: 36.7734491825
Epoch duration: 44.7706902027

Epoch 393/1000
Epoch training duration: 8.51019477844
Train	AUC[ROC]: 0.998174	AUC[PR]: 0.304855
Val	AUC[ROC]: 0.944051	AUC[PR]: 0.086233
Epoch evaluation duration: 36.0281441212
Epoch duration: 44.5383388996

Epoch 394/1000
Epoch training duration: 8.93931889534
Train	AUC[ROC]: 0.998248	AUC[PR]: 0.321625
Val	AUC[ROC]: 0.945842	AUC[PR]: 0.095755
Epoch evaluation duration: 36.155310154
Epoch duration: 45.0946290493

Epoch 395/1000
Epoch training duration: 8.37497091293
Train	AUC[ROC]: 0.998215	AUC[PR]: 0.311185
Val	AUC[ROC]: 0.943399	AUC[PR]: 0.100937
Epoch evaluation duration: 37.1196129322
Epoch duration: 45.4945838451

Epoch 396/1000
Epoch training duration: 8.15782499313
Train	AUC[ROC]: 0.998230	AUC[PR]: 0.315821
Val	AUC[ROC]: 0.940218	AUC[PR]: 0.087342
Epoch evaluation duration: 36.2728271484
Epoch duration: 44.4306521416

Epoch 397/1000
Epoch training duration: 8.79773783684
Train	AUC[ROC]: 0.998215	AUC[PR]: 0.308308
Val	AUC[ROC]: 0.940391	AUC[PR]: 0.091815
Epoch evaluation duration: 36.5059270859
Epoch duration: 45.3036649227

Epoch 398/1000
Epoch training duration: 8.30284905434
Train	AUC[ROC]: 0.998259	AUC[PR]: 0.315530
Val	AUC[ROC]: 0.942435	AUC[PR]: 0.091447
Epoch evaluation duration: 36.7185149193
Epoch duration: 45.0213639736

Epoch 399/1000
Epoch training duration: 8.5117521286
Train	AUC[ROC]: 0.998113	AUC[PR]: 0.299846
Val	AUC[ROC]: 0.941528	AUC[PR]: 0.081559
Epoch evaluation duration: 35.8589758873
Epoch duration: 44.3707280159

Epoch 400/1000
Epoch training duration: 8.36211514473
Train	AUC[ROC]: 0.998233	AUC[PR]: 0.319143
Val	AUC[ROC]: 0.939877	AUC[PR]: 0.095135
Epoch evaluation duration: 36.1377139091
Epoch duration: 44.4998290539

Epoch 401/1000
Epoch training duration: 8.11421108246
Train	AUC[ROC]: 0.998165	AUC[PR]: 0.306877
Val	AUC[ROC]: 0.933970	AUC[PR]: 0.089465
Epoch evaluation duration: 36.4434850216
Epoch duration: 44.557696104

Epoch 402/1000
Epoch training duration: 9.10584783554
Train	AUC[ROC]: 0.998149	AUC[PR]: 0.302529
Val	AUC[ROC]: 0.939309	AUC[PR]: 0.086515
Epoch evaluation duration: 37.1941270828
Epoch duration: 46.2999749184

Epoch 403/1000
Epoch training duration: 8.5053050518
Train	AUC[ROC]: 0.998170	AUC[PR]: 0.311699
Val	AUC[ROC]: 0.941733	AUC[PR]: 0.087024
Epoch evaluation duration: 35.7560589314
Epoch duration: 44.2613639832

Epoch 404/1000
Epoch training duration: 8.23321199417
Train	AUC[ROC]: 0.998204	AUC[PR]: 0.311735
Val	AUC[ROC]: 0.939082	AUC[PR]: 0.086529
Epoch evaluation duration: 36.7367429733
Epoch duration: 44.9699549675

Epoch 405/1000
Epoch training duration: 9.25179600716
Train	AUC[ROC]: 0.998244	AUC[PR]: 0.318652
Val	AUC[ROC]: 0.942474	AUC[PR]: 0.099932
Epoch evaluation duration: 36.7268879414
Epoch duration: 45.9786839485

Epoch 406/1000
Epoch training duration: 8.7626490593
Train	AUC[ROC]: 0.998225	AUC[PR]: 0.311365
Val	AUC[ROC]: 0.939688	AUC[PR]: 0.088405
Epoch evaluation duration: 36.06159091
Epoch duration: 44.8242399693

Epoch 407/1000
Epoch training duration: 8.50667119026
Train	AUC[ROC]: 0.998190	AUC[PR]: 0.312492
Val	AUC[ROC]: 0.938350	AUC[PR]: 0.085576
Epoch evaluation duration: 35.3582558632
Epoch duration: 43.8649270535

Epoch 408/1000
Epoch training duration: 8.07761502266
Train	AUC[ROC]: 0.998227	AUC[PR]: 0.313468
Val	AUC[ROC]: 0.946664	AUC[PR]: 0.088405
Epoch evaluation duration: 35.7919440269
Epoch duration: 43.8695590496

Epoch 409/1000
Epoch training duration: 7.79258990288
Train	AUC[ROC]: 0.998225	AUC[PR]: 0.312057
Val	AUC[ROC]: 0.940656	AUC[PR]: 0.090686
Epoch evaluation duration: 34.441986084
Epoch duration: 42.2345759869

Epoch 410/1000
Epoch training duration: 7.87849497795
Train	AUC[ROC]: 0.998163	AUC[PR]: 0.306342
Val	AUC[ROC]: 0.936649	AUC[PR]: 0.086215
Epoch evaluation duration: 35.2686579227
Epoch duration: 43.1471529007

Epoch 411/1000
Epoch training duration: 8.53346514702
Train	AUC[ROC]: 0.998210	AUC[PR]: 0.310713
Val	AUC[ROC]: 0.945649	AUC[PR]: 0.089595
Epoch evaluation duration: 36.2382950783
Epoch duration: 44.7717602253

Epoch 412/1000
Epoch training duration: 8.24597382545
Train	AUC[ROC]: 0.998170	AUC[PR]: 0.303141
Val	AUC[ROC]: 0.942584	AUC[PR]: 0.088120
Epoch evaluation duration: 35.4268290997
Epoch duration: 43.6728029251

Epoch 413/1000
Epoch training duration: 8.22690200806
Train	AUC[ROC]: 0.998194	AUC[PR]: 0.310495
Val	AUC[ROC]: 0.938340	AUC[PR]: 0.090427
Epoch evaluation duration: 34.8044989109
Epoch duration: 43.031400919

Epoch 414/1000
Epoch training duration: 8.10865902901
Train	AUC[ROC]: 0.998182	AUC[PR]: 0.310206
Val	AUC[ROC]: 0.939644	AUC[PR]: 0.084278
Epoch evaluation duration: 33.4142849445
Epoch duration: 41.5229439735

Epoch 415/1000
Epoch training duration: 8.10098314285
Train	AUC[ROC]: 0.998193	AUC[PR]: 0.308172
Val	AUC[ROC]: 0.940608	AUC[PR]: 0.083967
Epoch evaluation duration: 36.3398149014
Epoch duration: 44.4407980442

Epoch 416/1000
Epoch training duration: 8.43655705452
Train	AUC[ROC]: 0.998187	AUC[PR]: 0.308238
Val	AUC[ROC]: 0.941956	AUC[PR]: 0.086994
Epoch evaluation duration: 37.0510110855
Epoch duration: 45.48756814

Epoch 417/1000
Epoch training duration: 8.80167794228
Train	AUC[ROC]: 0.998175	AUC[PR]: 0.306141
Val	AUC[ROC]: 0.942748	AUC[PR]: 0.081623
Epoch evaluation duration: 36.3760700226
Epoch duration: 45.1777479649

Epoch 418/1000
Epoch training duration: 8.38646292686
Train	AUC[ROC]: 0.998202	AUC[PR]: 0.307469
Val	AUC[ROC]: 0.946905	AUC[PR]: 0.095176
Epoch evaluation duration: 34.9208779335
Epoch duration: 43.3073408604

Epoch 419/1000
Epoch training duration: 7.85188698769
Train	AUC[ROC]: 0.998190	AUC[PR]: 0.303730
Val	AUC[ROC]: 0.942531	AUC[PR]: 0.092154
Epoch evaluation duration: 33.7462360859
Epoch duration: 41.5981230736

Epoch 420/1000
Epoch training duration: 7.37447786331
Train	AUC[ROC]: 0.998219	AUC[PR]: 0.309983
Val	AUC[ROC]: 0.944132	AUC[PR]: 0.093136
Epoch evaluation duration: 35.0007681847
Epoch duration: 42.375246048

Epoch 421/1000
Epoch training duration: 7.09287500381
Train	AUC[ROC]: 0.998183	AUC[PR]: 0.309877
Val	AUC[ROC]: 0.943491	AUC[PR]: 0.089510
Epoch evaluation duration: 34.3939599991
Epoch duration: 41.4868350029

Epoch 422/1000
Epoch training duration: 7.47068285942
Train	AUC[ROC]: 0.998209	AUC[PR]: 0.316222
Val	AUC[ROC]: 0.944294	AUC[PR]: 0.096390
Epoch evaluation duration: 37.4282031059
Epoch duration: 44.8988859653

Epoch 423/1000
Epoch training duration: 8.99587392807
Train	AUC[ROC]: 0.998178	AUC[PR]: 0.304991
Val	AUC[ROC]: 0.943910	AUC[PR]: 0.084130
Epoch evaluation duration: 37.9088931084
Epoch duration: 46.9047670364

Epoch 424/1000
Epoch training duration: 8.73664402962
Train	AUC[ROC]: 0.998219	AUC[PR]: 0.308821
Val	AUC[ROC]: 0.943118	AUC[PR]: 0.097389
Epoch evaluation duration: 36.4188659191
Epoch duration: 45.1555099487

Epoch 425/1000
Epoch training duration: 8.61920809746
Train	AUC[ROC]: 0.998077	AUC[PR]: 0.298133
Val	AUC[ROC]: 0.935784	AUC[PR]: 0.076011
Epoch evaluation duration: 34.9778199196
Epoch duration: 43.597028017

Epoch 426/1000
Epoch training duration: 8.08090591431
Train	AUC[ROC]: 0.998217	AUC[PR]: 0.314505
Val	AUC[ROC]: 0.937876	AUC[PR]: 0.088342
Epoch evaluation duration: 35.6747851372
Epoch duration: 43.7556910515

Epoch 427/1000
Epoch training duration: 8.45638489723
Train	AUC[ROC]: 0.998208	AUC[PR]: 0.318591
Val	AUC[ROC]: 0.949369	AUC[PR]: 0.095980
Epoch evaluation duration: 35.4444570541
Epoch duration: 43.9008419514

Epoch 428/1000
Epoch training duration: 9.2604329586
Train	AUC[ROC]: 0.998218	AUC[PR]: 0.314710
Val	AUC[ROC]: 0.938555	AUC[PR]: 0.090320
Epoch evaluation duration: 36.6058549881
Epoch duration: 45.8662879467

Epoch 429/1000
Epoch training duration: 8.91962194443
Train	AUC[ROC]: 0.998177	AUC[PR]: 0.308334
Val	AUC[ROC]: 0.943471	AUC[PR]: 0.084140
Epoch evaluation duration: 39.1849620342
Epoch duration: 48.1045839787

Epoch 430/1000
Epoch training duration: 8.46489596367
Train	AUC[ROC]: 0.998197	AUC[PR]: 0.310349
Val	AUC[ROC]: 0.942030	AUC[PR]: 0.084536
Epoch evaluation duration: 37.4193031788
Epoch duration: 45.8841991425

Epoch 431/1000
Epoch training duration: 8.4075858593
Train	AUC[ROC]: 0.998208	AUC[PR]: 0.312179
Val	AUC[ROC]: 0.943861	AUC[PR]: 0.087116
Epoch evaluation duration: 36.109306097
Epoch duration: 44.5168919563

Epoch 432/1000
Epoch training duration: 8.59699082375
Train	AUC[ROC]: 0.998180	AUC[PR]: 0.307815
Val	AUC[ROC]: 0.943805	AUC[PR]: 0.085037
Epoch evaluation duration: 37.7163472176
Epoch duration: 46.3133380413

Epoch 433/1000
Epoch training duration: 8.7475028038
Train	AUC[ROC]: 0.998220	AUC[PR]: 0.317407
Val	AUC[ROC]: 0.939949	AUC[PR]: 0.088515
Epoch evaluation duration: 34.0879421234
Epoch duration: 42.8354449272

Epoch 434/1000
Epoch training duration: 8.02690505981
Train	AUC[ROC]: 0.998225	AUC[PR]: 0.319049
Val	AUC[ROC]: 0.945339	AUC[PR]: 0.085985
Epoch evaluation duration: 35.8784198761
Epoch duration: 43.9053249359

Epoch 435/1000
Epoch training duration: 7.92537713051
Train	AUC[ROC]: 0.998227	AUC[PR]: 0.318467
Val	AUC[ROC]: 0.941708	AUC[PR]: 0.086740
Epoch evaluation duration: 35.9785180092
Epoch duration: 43.9038951397

Epoch 436/1000
Epoch training duration: 8.64498400688
Train	AUC[ROC]: 0.998221	AUC[PR]: 0.310785
Val	AUC[ROC]: 0.942502	AUC[PR]: 0.083336
Epoch evaluation duration: 37.6877818108
Epoch duration: 46.3327658176

Epoch 437/1000
Epoch training duration: 8.49270701408
Train	AUC[ROC]: 0.998198	AUC[PR]: 0.305491
Val	AUC[ROC]: 0.940218	AUC[PR]: 0.082731
Epoch evaluation duration: 36.2628030777
Epoch duration: 44.7555100918

Epoch 438/1000
Epoch training duration: 8.38041090965
Train	AUC[ROC]: 0.998219	AUC[PR]: 0.316197
Val	AUC[ROC]: 0.942459	AUC[PR]: 0.091111
Epoch evaluation duration: 35.2312030792
Epoch duration: 43.6116139889

Epoch 439/1000
Epoch training duration: 8.2127699852
Train	AUC[ROC]: 0.998222	AUC[PR]: 0.309522
Val	AUC[ROC]: 0.944618	AUC[PR]: 0.091000
Epoch evaluation duration: 37.8103640079
Epoch duration: 46.0231339931

Epoch 440/1000
Epoch training duration: 8.66336297989
Train	AUC[ROC]: 0.998237	AUC[PR]: 0.315953
Val	AUC[ROC]: 0.938435	AUC[PR]: 0.090877
Epoch evaluation duration: 35.6952300072
Epoch duration: 44.3585929871

Epoch 441/1000
Epoch training duration: 8.89056611061
Train	AUC[ROC]: 0.998223	AUC[PR]: 0.317401
Val	AUC[ROC]: 0.942494	AUC[PR]: 0.092966
Epoch evaluation duration: 37.5567657948
Epoch duration: 46.4473319054

Epoch 442/1000
Epoch training duration: 8.79542517662
Train	AUC[ROC]: 0.998157	AUC[PR]: 0.302095
Val	AUC[ROC]: 0.939839	AUC[PR]: 0.088393
Epoch evaluation duration: 37.5825929642
Epoch duration: 46.3780181408

Epoch 443/1000
Epoch training duration: 8.94548606873
Train	AUC[ROC]: 0.998217	AUC[PR]: 0.313829
Val	AUC[ROC]: 0.942107	AUC[PR]: 0.084808
Epoch evaluation duration: 36.7763838768
Epoch duration: 45.7218699455

Epoch 444/1000
Epoch training duration: 9.01412510872
Train	AUC[ROC]: 0.998235	AUC[PR]: 0.310682
Val	AUC[ROC]: 0.949708	AUC[PR]: 0.095632
Epoch evaluation duration: 36.1095268726
Epoch duration: 45.1236519814

Epoch 445/1000
Epoch training duration: 9.10724306107
Train	AUC[ROC]: 0.998184	AUC[PR]: 0.307797
Val	AUC[ROC]: 0.948127	AUC[PR]: 0.082341
Epoch evaluation duration: 37.0687439442
Epoch duration: 46.1759870052

Epoch 446/1000
Epoch training duration: 8.58301210403
Train	AUC[ROC]: 0.998202	AUC[PR]: 0.310944
Val	AUC[ROC]: 0.943350	AUC[PR]: 0.083192
Epoch evaluation duration: 37.3223228455
Epoch duration: 45.9053349495

train precision: 0.300870445795
train roc: 0.998076476354
train hit: 444.0 out of 444.0

val precision: 0.0887582991614
val roc: 0.956749582439
val hit: 31.0 out of 55.0

test precision: 0.0649342455748
test roc: 0.883949449501
test hit: 24.0 out of 55.0

ratio: 0.02, EF: 25.4545454545,	active: 55.0
ratio: 0.02, NEF: 0.509090909091
ratio: 0.01, EF: 43.6363636364,	active: 55.0
ratio: 0.01, NEF: 0.436363636364
ratio: 0.0015, EF: 60.6060606061,	active: 55.0
ratio: 0.0015, NEF: 0.0909090909091
ratio: 0.001, EF: 90.9090909091,	active: 55.0
ratio: 0.001, NEF: 0.119047619048

